[
  {
    "query": "with ss as (\n select i_item_id,sum(ss_ext_sales_price) total_sales\n from\n \tstore_sales,\n \tdate_dim,\n         customer_address,\n         item\n where i_item_id in (select\n     i_item_id\nfrom item\nwhere i_color in ('beige','salmon','yellow'))\n and     ss_item_sk              = i_item_sk\n and     ss_sold_date_sk         = d_date_sk\n and     d_year                  = 2001\n and     d_moy                   = 5\n and     ss_addr_sk              = ca_address_sk\n and     ca_gmt_offset           = -7 \n group by i_item_id),\n cs as (\n select i_item_id,sum(cs_ext_sales_price) total_sales\n from\n \tcatalog_sales,\n \tdate_dim,\n         customer_address,\n         item\n where\n         i_item_id               in (select\n  i_item_id\nfrom item\nwhere i_color in ('beige','salmon','yellow'))\n and     cs_item_sk              = i_item_sk\n and     cs_sold_date_sk         = d_date_sk\n and     d_year                  = 2001\n and     d_moy                   = 5\n and     cs_bill_addr_sk         = ca_address_sk\n and     ca_gmt_offset           = -7 \n group by i_item_id),\n ws as (\n select i_item_id,sum(ws_ext_sales_price) total_sales\n from\n \tweb_sales,\n \tdate_dim,\n         customer_address,\n         item\n where\n         i_item_id               in (select\n  i_item_id\nfrom item\nwhere i_color in ('beige','salmon','yellow'))\n and     ws_item_sk              = i_item_sk\n and     ws_sold_date_sk         = d_date_sk\n and     d_year                  = 2001\n and     d_moy                   = 5\n and     ws_bill_addr_sk         = ca_address_sk\n and     ca_gmt_offset           = -7\n group by i_item_id)\n  select  i_item_id ,sum(total_sales) total_sales\n from  (select * from ss \n        union all\n        select * from cs \n        union all\n        select * from ws) tmp1\n group by i_item_id\n order by total_sales,\n          i_item_id\n limit 100;\n\n-- end query 40 in stream 1 using template query56.tpl\n",
    "indexes": "customer_address.ca_gmt_offset",
    "wo plan est": {
      "Node Type": "Limit",
      "Parallel Aware": false,
      "Async Capable": false,
      "Startup Cost": 1445461.5,
      "Total Cost": 1445461.75,
      "Plan Rows": 100,
      "Plan Width": 49,
      "Plans": [
        {
          "Node Type": "Sort",
          "Parent Relationship": "Outer",
          "Parallel Aware": false,
          "Async Capable": false,
          "Startup Cost": 1445461.5,
          "Total Cost": 1445462.0,
          "Plan Rows": 200,
          "Plan Width": 49,
          "Sort Key": [
            "(sum((sum(store_sales.ss_ext_sales_price))))",
            "item.i_item_id"
          ],
          "Plans": [
            {
              "Node Type": "Aggregate",
              "Strategy": "Sorted",
              "Partial Mode": "Simple",
              "Parent Relationship": "Outer",
              "Parallel Aware": false,
              "Async Capable": false,
              "Startup Cost": 1445365.0,
              "Total Cost": 1445453.86,
              "Plan Rows": 200,
              "Plan Width": 49,
              "Group Key": [
                "item.i_item_id"
              ],
              "Plans": [
                {
                  "Node Type": "Merge Append",
                  "Parent Relationship": "Outer",
                  "Parallel Aware": false,
                  "Async Capable": false,
                  "Startup Cost": 1445365.0,
                  "Total Cost": 1445450.15,
                  "Plan Rows": 241,
                  "Plan Width": 49,
                  "Sort Key": [
                    "item.i_item_id"
                  ],
                  "Subplans Removed": 0,
                  "Plans": [
                    {
                      "Node Type": "Aggregate",
                      "Strategy": "Sorted",
                      "Partial Mode": "Finalize",
                      "Parent Relationship": "Member",
                      "Parallel Aware": false,
                      "Async Capable": false,
                      "Startup Cost": 708085.33,
                      "Total Cost": 708129.17,
                      "Plan Rows": 133,
                      "Plan Width": 49,
                      "Group Key": [
                        "item.i_item_id"
                      ],
                      "Plans": [
                        {
                          "Node Type": "Gather Merge",
                          "Parent Relationship": "Outer",
                          "Parallel Aware": false,
                          "Async Capable": false,
                          "Startup Cost": 708085.33,
                          "Total Cost": 708126.68,
                          "Plan Rows": 110,
                          "Plan Width": 49,
                          "Workers Planned": 2,
                          "Plans": [
                            {
                              "Node Type": "Aggregate",
                              "Strategy": "Sorted",
                              "Partial Mode": "Partial",
                              "Parent Relationship": "Outer",
                              "Parallel Aware": false,
                              "Async Capable": false,
                              "Startup Cost": 707085.31,
                              "Total Cost": 707113.96,
                              "Plan Rows": 55,
                              "Plan Width": 49,
                              "Group Key": [
                                "item.i_item_id"
                              ],
                              "Plans": [
                                {
                                  "Node Type": "Merge Join",
                                  "Parent Relationship": "Outer",
                                  "Parallel Aware": false,
                                  "Async Capable": false,
                                  "Join Type": "Semi",
                                  "Startup Cost": 707085.31,
                                  "Total Cost": 707113.0,
                                  "Plan Rows": 55,
                                  "Plan Width": 23,
                                  "Inner Unique": false,
                                  "Merge Cond": "(item.i_item_id = item_1.i_item_id)",
                                  "Plans": [
                                    {
                                      "Node Type": "Sort",
                                      "Parent Relationship": "Outer",
                                      "Parallel Aware": false,
                                      "Async Capable": false,
                                      "Startup Cost": 698417.1,
                                      "Total Cost": 698418.37,
                                      "Plan Rows": 508,
                                      "Plan Width": 23,
                                      "Sort Key": [
                                        "item.i_item_id"
                                      ],
                                      "Plans": [
                                        {
                                          "Node Type": "Hash Join",
                                          "Parent Relationship": "Outer",
                                          "Parallel Aware": true,
                                          "Async Capable": false,
                                          "Join Type": "Inner",
                                          "Startup Cost": 690843.77,
                                          "Total Cost": 698394.27,
                                          "Plan Rows": 508,
                                          "Plan Width": 23,
                                          "Inner Unique": false,
                                          "Hash Cond": "(item.i_item_sk = store_sales.ss_item_sk)",
                                          "Plans": [
                                            {
                                              "Node Type": "Seq Scan",
                                              "Parent Relationship": "Outer",
                                              "Parallel Aware": true,
                                              "Async Capable": false,
                                              "Relation Name": "item",
                                              "Alias": "item",
                                              "Startup Cost": 0.0,
                                              "Total Cost": 7389.0,
                                              "Plan Rows": 42500,
                                              "Plan Width": 21,
                                              "parent": 9,
                                              "ID": 10
                                            },
                                            {
                                              "Node Type": "Hash",
                                              "Parent Relationship": "Inner",
                                              "Parallel Aware": true,
                                              "Async Capable": false,
                                              "Startup Cost": 690837.42,
                                              "Total Cost": 690837.42,
                                              "Plan Rows": 508,
                                              "Plan Width": 10,
                                              "Plans": [
                                                {
                                                  "Node Type": "Hash Join",
                                                  "Parent Relationship": "Outer",
                                                  "Parallel Aware": true,
                                                  "Async Capable": false,
                                                  "Join Type": "Inner",
                                                  "Startup Cost": 684055.5,
                                                  "Total Cost": 690837.42,
                                                  "Plan Rows": 508,
                                                  "Plan Width": 10,
                                                  "Inner Unique": false,
                                                  "Hash Cond": "(customer_address.ca_address_sk = store_sales.ss_addr_sk)",
                                                  "Plans": [
                                                    {
                                                      "Node Type": "Seq Scan",
                                                      "Parent Relationship": "Outer",
                                                      "Parallel Aware": true,
                                                      "Async Capable": false,
                                                      "Relation Name": "customer_address",
                                                      "Alias": "customer_address",
                                                      "Startup Cost": 0.0,
                                                      "Total Cost": 6737.08,
                                                      "Plan Rows": 11392,
                                                      "Plan Width": 4,
                                                      "Filter": "(ca_gmt_offset = '-7'::numeric)",
                                                      "parent": 12,
                                                      "ID": 13
                                                    },
                                                    {
                                                      "Node Type": "Hash",
                                                      "Parent Relationship": "Inner",
                                                      "Parallel Aware": true,
                                                      "Async Capable": false,
                                                      "Startup Cost": 683994.75,
                                                      "Total Cost": 683994.75,
                                                      "Plan Rows": 4860,
                                                      "Plan Width": 14,
                                                      "Plans": [
                                                        {
                                                          "Node Type": "Hash Join",
                                                          "Parent Relationship": "Outer",
                                                          "Parallel Aware": true,
                                                          "Async Capable": false,
                                                          "Join Type": "Inner",
                                                          "Startup Cost": 2049.78,
                                                          "Total Cost": 683994.75,
                                                          "Plan Rows": 4860,
                                                          "Plan Width": 14,
                                                          "Inner Unique": false,
                                                          "Hash Cond": "(store_sales.ss_sold_date_sk = date_dim.d_date_sk)",
                                                          "Plans": [
                                                            {
                                                              "Node Type": "Seq Scan",
                                                              "Parent Relationship": "Outer",
                                                              "Parallel Aware": true,
                                                              "Async Capable": false,
                                                              "Relation Name": "store_sales",
                                                              "Alias": "store_sales",
                                                              "Startup Cost": 0.0,
                                                              "Total Cost": 636914.37,
                                                              "Plan Rows": 12000637,
                                                              "Plan Width": 18,
                                                              "parent": 15,
                                                              "ID": 16
                                                            },
                                                            {
                                                              "Node Type": "Hash",
                                                              "Parent Relationship": "Inner",
                                                              "Parallel Aware": true,
                                                              "Async Capable": false,
                                                              "Startup Cost": 2049.55,
                                                              "Total Cost": 2049.55,
                                                              "Plan Rows": 18,
                                                              "Plan Width": 4,
                                                              "Plans": [
                                                                {
                                                                  "Node Type": "Seq Scan",
                                                                  "Parent Relationship": "Outer",
                                                                  "Parallel Aware": true,
                                                                  "Async Capable": false,
                                                                  "Relation Name": "date_dim",
                                                                  "Alias": "date_dim",
                                                                  "Startup Cost": 0.0,
                                                                  "Total Cost": 2049.55,
                                                                  "Plan Rows": 18,
                                                                  "Plan Width": 4,
                                                                  "Filter": "((d_year = 2001) AND (d_moy = 5))",
                                                                  "parent": 17,
                                                                  "ID": 18
                                                                }
                                                              ],
                                                              "parent": 15,
                                                              "ID": 17,
                                                              "left": 18
                                                            }
                                                          ],
                                                          "parent": 14,
                                                          "ID": 15,
                                                          "left": 16,
                                                          "right": 17
                                                        }
                                                      ],
                                                      "parent": 12,
                                                      "ID": 14,
                                                      "left": 15
                                                    }
                                                  ],
                                                  "parent": 11,
                                                  "ID": 12,
                                                  "left": 13,
                                                  "right": 14
                                                }
                                              ],
                                              "parent": 9,
                                              "ID": 11,
                                              "left": 12
                                            }
                                          ],
                                          "parent": 8,
                                          "ID": 9,
                                          "left": 10,
                                          "right": 11
                                        }
                                      ],
                                      "parent": 7,
                                      "ID": 8,
                                      "left": 9
                                    },
                                    {
                                      "Node Type": "Sort",
                                      "Parent Relationship": "Inner",
                                      "Parallel Aware": false,
                                      "Async Capable": false,
                                      "Startup Cost": 8668.21,
                                      "Total Cost": 8680.51,
                                      "Plan Rows": 4920,
                                      "Plan Width": 17,
                                      "Sort Key": [
                                        "item_1.i_item_id"
                                      ],
                                      "Plans": [
                                        {
                                          "Node Type": "Seq Scan",
                                          "Parent Relationship": "Outer",
                                          "Parallel Aware": false,
                                          "Async Capable": false,
                                          "Relation Name": "item",
                                          "Alias": "item_1",
                                          "Startup Cost": 0.0,
                                          "Total Cost": 8366.5,
                                          "Plan Rows": 4920,
                                          "Plan Width": 17,
                                          "Filter": "(i_color = ANY ('{beige,salmon,yellow}'::bpchar[]))",
                                          "parent": 19,
                                          "ID": 20
                                        }
                                      ],
                                      "parent": 7,
                                      "ID": 19,
                                      "left": 20
                                    }
                                  ],
                                  "parent": 6,
                                  "ID": 7,
                                  "left": 8,
                                  "right": 19
                                }
                              ],
                              "parent": 5,
                              "ID": 6,
                              "left": 7
                            }
                          ],
                          "parent": 4,
                          "ID": 5,
                          "left": 6
                        }
                      ],
                      "parent": 3,
                      "ID": 4,
                      "left": 5
                    },
                    {
                      "Node Type": "Aggregate",
                      "Strategy": "Sorted",
                      "Partial Mode": "Finalize",
                      "Parent Relationship": "Member",
                      "Parallel Aware": false,
                      "Async Capable": false,
                      "Startup Cost": 482370.83,
                      "Total Cost": 482405.91,
                      "Plan Rows": 72,
                      "Plan Width": 49,
                      "Group Key": [
                        "item_2.i_item_id"
                      ],
                      "Plans": [
                        {
                          "Node Type": "Gather Merge",
                          "Parent Relationship": "Outer",
                          "Parallel Aware": false,
                          "Async Capable": false,
                          "Startup Cost": 482370.83,
                          "Total Cost": 482404.56,
                          "Plan Rows": 60,
                          "Plan Width": 49,
                          "Workers Planned": 2,
                          "Plans": [
                            {
                              "Node Type": "Aggregate",
                              "Strategy": "Sorted",
                              "Partial Mode": "Partial",
                              "Parent Relationship": "Outer",
                              "Parallel Aware": false,
                              "Async Capable": false,
                              "Startup Cost": 481370.81,
                              "Total Cost": 481397.61,
                              "Plan Rows": 30,
                              "Plan Width": 49,
                              "Group Key": [
                                "item_2.i_item_id"
                              ],
                              "Plans": [
                                {
                                  "Node Type": "Merge Join",
                                  "Parent Relationship": "Outer",
                                  "Parallel Aware": false,
                                  "Async Capable": false,
                                  "Join Type": "Semi",
                                  "Startup Cost": 481370.81,
                                  "Total Cost": 481397.09,
                                  "Plan Rows": 30,
                                  "Plan Width": 23,
                                  "Inner Unique": false,
                                  "Merge Cond": "(item_2.i_item_id = item_3.i_item_id)",
                                  "Plans": [
                                    {
                                      "Node Type": "Sort",
                                      "Parent Relationship": "Outer",
                                      "Parallel Aware": false,
                                      "Async Capable": false,
                                      "Startup Cost": 472702.61,
                                      "Total Cost": 472703.29,
                                      "Plan Rows": 275,
                                      "Plan Width": 23,
                                      "Sort Key": [
                                        "item_2.i_item_id"
                                      ],
                                      "Plans": [
                                        {
                                          "Node Type": "Hash Join",
                                          "Parent Relationship": "Outer",
                                          "Parallel Aware": true,
                                          "Async Capable": false,
                                          "Join Type": "Inner",
                                          "Startup Cost": 465141.94,
                                          "Total Cost": 472691.46,
                                          "Plan Rows": 275,
                                          "Plan Width": 23,
                                          "Inner Unique": false,
                                          "Hash Cond": "(item_2.i_item_sk = catalog_sales.cs_item_sk)",
                                          "Plans": [
                                            {
                                              "Node Type": "Seq Scan",
                                              "Parent Relationship": "Outer",
                                              "Parallel Aware": true,
                                              "Async Capable": false,
                                              "Relation Name": "item",
                                              "Alias": "item_2",
                                              "Startup Cost": 0.0,
                                              "Total Cost": 7389.0,
                                              "Plan Rows": 42500,
                                              "Plan Width": 21,
                                              "parent": 26,
                                              "ID": 27
                                            },
                                            {
                                              "Node Type": "Hash",
                                              "Parent Relationship": "Inner",
                                              "Parallel Aware": true,
                                              "Async Capable": false,
                                              "Startup Cost": 465138.5,
                                              "Total Cost": 465138.5,
                                              "Plan Rows": 275,
                                              "Plan Width": 10,
                                              "Plans": [
                                                {
                                                  "Node Type": "Hash Join",
                                                  "Parent Relationship": "Outer",
                                                  "Parallel Aware": true,
                                                  "Async Capable": false,
                                                  "Join Type": "Inner",
                                                  "Startup Cost": 458286.35,
                                                  "Total Cost": 465138.5,
                                                  "Plan Rows": 275,
                                                  "Plan Width": 10,
                                                  "Inner Unique": false,
                                                  "Hash Cond": "(customer_address_1.ca_address_sk = catalog_sales.cs_bill_addr_sk)",
                                                  "Plans": [
                                                    {
                                                      "Node Type": "Seq Scan",
                                                      "Parent Relationship": "Outer",
                                                      "Parallel Aware": true,
                                                      "Async Capable": false,
                                                      "Relation Name": "customer_address",
                                                      "Alias": "customer_address_1",
                                                      "Startup Cost": 0.0,
                                                      "Total Cost": 6737.08,
                                                      "Plan Rows": 11392,
                                                      "Plan Width": 4,
                                                      "Filter": "(ca_gmt_offset = '-7'::numeric)",
                                                      "parent": 29,
                                                      "ID": 30
                                                    },
                                                    {
                                                      "Node Type": "Hash",
                                                      "Parent Relationship": "Inner",
                                                      "Parallel Aware": true,
                                                      "Async Capable": false,
                                                      "Startup Cost": 458254.7,
                                                      "Total Cost": 458254.7,
                                                      "Plan Rows": 2532,
                                                      "Plan Width": 14,
                                                      "Plans": [
                                                        {
                                                          "Node Type": "Hash Join",
                                                          "Parent Relationship": "Outer",
                                                          "Parallel Aware": true,
                                                          "Async Capable": false,
                                                          "Join Type": "Inner",
                                                          "Startup Cost": 2049.78,
                                                          "Total Cost": 458254.7,
                                                          "Plan Rows": 2532,
                                                          "Plan Width": 14,
                                                          "Inner Unique": false,
                                                          "Hash Cond": "(catalog_sales.cs_sold_date_sk = date_dim_1.d_date_sk)",
                                                          "Plans": [
                                                            {
                                                              "Node Type": "Seq Scan",
                                                              "Parent Relationship": "Outer",
                                                              "Parallel Aware": true,
                                                              "Async Capable": false,
                                                              "Relation Name": "catalog_sales",
                                                              "Alias": "catalog_sales",
                                                              "Startup Cost": 0.0,
                                                              "Total Cost": 433688.25,
                                                              "Plan Rows": 6000525,
                                                              "Plan Width": 18,
                                                              "parent": 32,
                                                              "ID": 33
                                                            },
                                                            {
                                                              "Node Type": "Hash",
                                                              "Parent Relationship": "Inner",
                                                              "Parallel Aware": true,
                                                              "Async Capable": false,
                                                              "Startup Cost": 2049.55,
                                                              "Total Cost": 2049.55,
                                                              "Plan Rows": 18,
                                                              "Plan Width": 4,
                                                              "Plans": [
                                                                {
                                                                  "Node Type": "Seq Scan",
                                                                  "Parent Relationship": "Outer",
                                                                  "Parallel Aware": true,
                                                                  "Async Capable": false,
                                                                  "Relation Name": "date_dim",
                                                                  "Alias": "date_dim_1",
                                                                  "Startup Cost": 0.0,
                                                                  "Total Cost": 2049.55,
                                                                  "Plan Rows": 18,
                                                                  "Plan Width": 4,
                                                                  "Filter": "((d_year = 2001) AND (d_moy = 5))",
                                                                  "parent": 34,
                                                                  "ID": 35
                                                                }
                                                              ],
                                                              "parent": 32,
                                                              "ID": 34,
                                                              "left": 35
                                                            }
                                                          ],
                                                          "parent": 31,
                                                          "ID": 32,
                                                          "left": 33,
                                                          "right": 34
                                                        }
                                                      ],
                                                      "parent": 29,
                                                      "ID": 31,
                                                      "left": 32
                                                    }
                                                  ],
                                                  "parent": 28,
                                                  "ID": 29,
                                                  "left": 30,
                                                  "right": 31
                                                }
                                              ],
                                              "parent": 26,
                                              "ID": 28,
                                              "left": 29
                                            }
                                          ],
                                          "parent": 25,
                                          "ID": 26,
                                          "left": 27,
                                          "right": 28
                                        }
                                      ],
                                      "parent": 24,
                                      "ID": 25,
                                      "left": 26
                                    },
                                    {
                                      "Node Type": "Sort",
                                      "Parent Relationship": "Inner",
                                      "Parallel Aware": false,
                                      "Async Capable": false,
                                      "Startup Cost": 8668.21,
                                      "Total Cost": 8680.51,
                                      "Plan Rows": 4920,
                                      "Plan Width": 17,
                                      "Sort Key": [
                                        "item_3.i_item_id"
                                      ],
                                      "Plans": [
                                        {
                                          "Node Type": "Seq Scan",
                                          "Parent Relationship": "Outer",
                                          "Parallel Aware": false,
                                          "Async Capable": false,
                                          "Relation Name": "item",
                                          "Alias": "item_3",
                                          "Startup Cost": 0.0,
                                          "Total Cost": 8366.5,
                                          "Plan Rows": 4920,
                                          "Plan Width": 17,
                                          "Filter": "(i_color = ANY ('{beige,salmon,yellow}'::bpchar[]))",
                                          "parent": 36,
                                          "ID": 37
                                        }
                                      ],
                                      "parent": 24,
                                      "ID": 36,
                                      "left": 37
                                    }
                                  ],
                                  "parent": 23,
                                  "ID": 24,
                                  "left": 25,
                                  "right": 36
                                }
                              ],
                              "parent": 22,
                              "ID": 23,
                              "left": 24
                            }
                          ],
                          "parent": 21,
                          "ID": 22,
                          "left": 23
                        }
                      ],
                      "parent": 3,
                      "ID": 21,
                      "left": 22
                    },
                    {
                      "Node Type": "Aggregate",
                      "Strategy": "Sorted",
                      "Partial Mode": "Simple",
                      "Parent Relationship": "Member",
                      "Parallel Aware": false,
                      "Async Capable": false,
                      "Startup Cost": 254908.81,
                      "Total Cost": 254909.53,
                      "Plan Rows": 36,
                      "Plan Width": 49,
                      "Group Key": [
                        "item_4.i_item_id"
                      ],
                      "Plans": [
                        {
                          "Node Type": "Sort",
                          "Parent Relationship": "Outer",
                          "Parallel Aware": false,
                          "Async Capable": false,
                          "Startup Cost": 254908.81,
                          "Total Cost": 254908.9,
                          "Plan Rows": 36,
                          "Plan Width": 23,
                          "Sort Key": [
                            "item_4.i_item_id"
                          ],
                          "Plans": [
                            {
                              "Node Type": "Hash Join",
                              "Parent Relationship": "Outer",
                              "Parallel Aware": false,
                              "Async Capable": false,
                              "Join Type": "Semi",
                              "Startup Cost": 247324.2,
                              "Total Cost": 254907.88,
                              "Plan Rows": 36,
                              "Plan Width": 23,
                              "Inner Unique": false,
                              "Hash Cond": "(item_4.i_item_id = item_5.i_item_id)",
                              "Plans": [
                                {
                                  "Node Type": "Gather",
                                  "Parent Relationship": "Outer",
                                  "Parallel Aware": false,
                                  "Async Capable": false,
                                  "Startup Cost": 238896.2,
                                  "Total Cost": 246478.56,
                                  "Plan Rows": 334,
                                  "Plan Width": 23,
                                  "Workers Planned": 2,
                                  "Single Copy": false,
                                  "Plans": [
                                    {
                                      "Node Type": "Hash Join",
                                      "Parent Relationship": "Outer",
                                      "Parallel Aware": true,
                                      "Async Capable": false,
                                      "Join Type": "Inner",
                                      "Startup Cost": 237896.2,
                                      "Total Cost": 245445.16,
                                      "Plan Rows": 139,
                                      "Plan Width": 23,
                                      "Inner Unique": false,
                                      "Hash Cond": "(item_4.i_item_sk = web_sales.ws_item_sk)",
                                      "Plans": [
                                        {
                                          "Node Type": "Seq Scan",
                                          "Parent Relationship": "Outer",
                                          "Parallel Aware": true,
                                          "Async Capable": false,
                                          "Relation Name": "item",
                                          "Alias": "item_4",
                                          "Startup Cost": 0.0,
                                          "Total Cost": 7389.0,
                                          "Plan Rows": 42500,
                                          "Plan Width": 21,
                                          "parent": 42,
                                          "ID": 43
                                        },
                                        {
                                          "Node Type": "Hash",
                                          "Parent Relationship": "Inner",
                                          "Parallel Aware": true,
                                          "Async Capable": false,
                                          "Startup Cost": 237894.46,
                                          "Total Cost": 237894.46,
                                          "Plan Rows": 139,
                                          "Plan Width": 10,
                                          "Plans": [
                                            {
                                              "Node Type": "Hash Join",
                                              "Parent Relationship": "Outer",
                                              "Parallel Aware": true,
                                              "Async Capable": false,
                                              "Join Type": "Inner",
                                              "Startup Cost": 231057.12,
                                              "Total Cost": 237894.46,
                                              "Plan Rows": 139,
                                              "Plan Width": 10,
                                              "Inner Unique": false,
                                              "Hash Cond": "(customer_address_2.ca_address_sk = web_sales.ws_bill_addr_sk)",
                                              "Plans": [
                                                {
                                                  "Node Type": "Seq Scan",
                                                  "Parent Relationship": "Outer",
                                                  "Parallel Aware": true,
                                                  "Async Capable": false,
                                                  "Relation Name": "customer_address",
                                                  "Alias": "customer_address_2",
                                                  "Startup Cost": 0.0,
                                                  "Total Cost": 6737.08,
                                                  "Plan Rows": 11392,
                                                  "Plan Width": 4,
                                                  "Filter": "(ca_gmt_offset = '-7'::numeric)",
                                                  "parent": 45,
                                                  "ID": 46
                                                },
                                                {
                                                  "Node Type": "Hash",
                                                  "Parent Relationship": "Inner",
                                                  "Parallel Aware": true,
                                                  "Async Capable": false,
                                                  "Startup Cost": 231041.22,
                                                  "Total Cost": 231041.22,
                                                  "Plan Rows": 1272,
                                                  "Plan Width": 14,
                                                  "Plans": [
                                                    {
                                                      "Node Type": "Hash Join",
                                                      "Parent Relationship": "Outer",
                                                      "Parallel Aware": true,
                                                      "Async Capable": false,
                                                      "Join Type": "Inner",
                                                      "Startup Cost": 2049.78,
                                                      "Total Cost": 231041.22,
                                                      "Plan Rows": 1272,
                                                      "Plan Width": 14,
                                                      "Inner Unique": false,
                                                      "Hash Cond": "(web_sales.ws_sold_date_sk = date_dim_2.d_date_sk)",
                                                      "Plans": [
                                                        {
                                                          "Node Type": "Seq Scan",
                                                          "Parent Relationship": "Outer",
                                                          "Parallel Aware": true,
                                                          "Async Capable": false,
                                                          "Relation Name": "web_sales",
                                                          "Alias": "web_sales",
                                                          "Startup Cost": 0.0,
                                                          "Total Cost": 217737.86,
                                                          "Plan Rows": 2998986,
                                                          "Plan Width": 18,
                                                          "parent": 48,
                                                          "ID": 49
                                                        },
                                                        {
                                                          "Node Type": "Hash",
                                                          "Parent Relationship": "Inner",
                                                          "Parallel Aware": true,
                                                          "Async Capable": false,
                                                          "Startup Cost": 2049.55,
                                                          "Total Cost": 2049.55,
                                                          "Plan Rows": 18,
                                                          "Plan Width": 4,
                                                          "Plans": [
                                                            {
                                                              "Node Type": "Seq Scan",
                                                              "Parent Relationship": "Outer",
                                                              "Parallel Aware": true,
                                                              "Async Capable": false,
                                                              "Relation Name": "date_dim",
                                                              "Alias": "date_dim_2",
                                                              "Startup Cost": 0.0,
                                                              "Total Cost": 2049.55,
                                                              "Plan Rows": 18,
                                                              "Plan Width": 4,
                                                              "Filter": "((d_year = 2001) AND (d_moy = 5))",
                                                              "parent": 50,
                                                              "ID": 51
                                                            }
                                                          ],
                                                          "parent": 48,
                                                          "ID": 50,
                                                          "left": 51
                                                        }
                                                      ],
                                                      "parent": 47,
                                                      "ID": 48,
                                                      "left": 49,
                                                      "right": 50
                                                    }
                                                  ],
                                                  "parent": 45,
                                                  "ID": 47,
                                                  "left": 48
                                                }
                                              ],
                                              "parent": 44,
                                              "ID": 45,
                                              "left": 46,
                                              "right": 47
                                            }
                                          ],
                                          "parent": 42,
                                          "ID": 44,
                                          "left": 45
                                        }
                                      ],
                                      "parent": 41,
                                      "ID": 42,
                                      "left": 43,
                                      "right": 44
                                    }
                                  ],
                                  "parent": 40,
                                  "ID": 41,
                                  "left": 42
                                },
                                {
                                  "Node Type": "Hash",
                                  "Parent Relationship": "Inner",
                                  "Parallel Aware": false,
                                  "Async Capable": false,
                                  "Startup Cost": 8366.5,
                                  "Total Cost": 8366.5,
                                  "Plan Rows": 4920,
                                  "Plan Width": 17,
                                  "Plans": [
                                    {
                                      "Node Type": "Seq Scan",
                                      "Parent Relationship": "Outer",
                                      "Parallel Aware": false,
                                      "Async Capable": false,
                                      "Relation Name": "item",
                                      "Alias": "item_5",
                                      "Startup Cost": 0.0,
                                      "Total Cost": 8366.5,
                                      "Plan Rows": 4920,
                                      "Plan Width": 17,
                                      "Filter": "(i_color = ANY ('{beige,salmon,yellow}'::bpchar[]))",
                                      "parent": 52,
                                      "ID": 53
                                    }
                                  ],
                                  "parent": 40,
                                  "ID": 52,
                                  "left": 53
                                }
                              ],
                              "parent": 39,
                              "ID": 40,
                              "left": 41,
                              "right": 52
                            }
                          ],
                          "parent": 38,
                          "ID": 39,
                          "left": 40
                        }
                      ],
                      "parent": 3,
                      "ID": 38,
                      "left": 39
                    }
                  ],
                  "parent": 2,
                  "ID": 3,
                  "left": 4,
                  "right": 21
                }
              ],
              "parent": 1,
              "ID": 2,
              "left": 3
            }
          ],
          "parent": 0,
          "ID": 1,
          "left": 2
        }
      ],
      "parent": null,
      "ID": 0,
      "left": 1
    },
    "feat": {
      "utility": 0.013345392374222286,
      "query_shape": [
        [
          "Seq Scan",
          "Hash Join",
          "Sort",
          "Merge Join",
          "Aggregate",
          "Gather Merge",
          "Merge Append"
        ],
        [
          "Seq Scan",
          "Hash Join",
          "Hash",
          "Sort",
          "Merge Join",
          "Aggregate",
          "Gather Merge",
          "Merge Append"
        ],
        [
          "Seq Scan",
          "Hash Join",
          "Hash",
          "Sort",
          "Merge Join",
          "Aggregate",
          "Gather Merge",
          "Merge Append"
        ],
        [
          "Seq Scan",
          "Hash",
          "Hash Join",
          "Sort",
          "Merge Join",
          "Aggregate",
          "Gather Merge",
          "Merge Append"
        ],
        [
          "Seq Scan",
          "Sort",
          "Merge Join",
          "Aggregate",
          "Gather Merge",
          "Merge Append"
        ],
        [
          "Seq Scan",
          "Hash Join",
          "Sort",
          "Merge Join",
          "Aggregate",
          "Gather Merge",
          "Merge Append"
        ],
        [
          "Seq Scan",
          "Hash Join",
          "Hash",
          "Sort",
          "Merge Join",
          "Aggregate",
          "Gather Merge",
          "Merge Append"
        ],
        [
          "Seq Scan",
          "Hash Join",
          "Hash",
          "Sort",
          "Merge Join",
          "Aggregate",
          "Gather Merge",
          "Merge Append"
        ],
        [
          "Seq Scan",
          "Hash",
          "Hash Join",
          "Sort",
          "Merge Join",
          "Aggregate",
          "Gather Merge",
          "Merge Append"
        ],
        [
          "Seq Scan",
          "Sort",
          "Merge Join",
          "Aggregate",
          "Gather Merge",
          "Merge Append"
        ],
        [
          "Seq Scan",
          "Hash Join",
          "Gather",
          "Sort",
          "Aggregate",
          "Merge Append"
        ],
        [
          "Seq Scan",
          "Hash Join",
          "Hash",
          "Gather",
          "Sort",
          "Aggregate",
          "Merge Append"
        ],
        [
          "Seq Scan",
          "Hash Join",
          "Hash",
          "Gather",
          "Sort",
          "Aggregate",
          "Merge Append"
        ],
        [
          "Seq Scan",
          "Hash",
          "Hash Join",
          "Gather",
          "Sort",
          "Aggregate",
          "Merge Append"
        ],
        [
          "Seq Scan",
          "Hash",
          "Hash Join",
          "Sort",
          "Aggregate",
          "Merge Append"
        ]
      ],
      "index_shape": [
        "selection"
      ],
      "physical_operator": {
        "Seq Scan": [
          0.04556800000000005,
          0.04556800000000005,
          0.04556800000000005
        ]
      }
    }
  },
  {
    "query": "with ss as (\n select i_item_id,sum(ss_ext_sales_price) total_sales\n from\n \tstore_sales,\n \tdate_dim,\n         customer_address,\n         item\n where i_item_id in (select\n     i_item_id\nfrom item\nwhere i_color in ('beige','salmon','yellow'))\n and     ss_item_sk              = i_item_sk\n and     ss_sold_date_sk         = d_date_sk\n and     d_year                  = 2001\n and     d_moy                   = 5\n and     ss_addr_sk              = ca_address_sk\n and     ca_gmt_offset           = -7 \n group by i_item_id),\n cs as (\n select i_item_id,sum(cs_ext_sales_price) total_sales\n from\n \tcatalog_sales,\n \tdate_dim,\n         customer_address,\n         item\n where\n         i_item_id               in (select\n  i_item_id\nfrom item\nwhere i_color in ('beige','salmon','yellow'))\n and     cs_item_sk              = i_item_sk\n and     cs_sold_date_sk         = d_date_sk\n and     d_year                  = 2001\n and     d_moy                   = 5\n and     cs_bill_addr_sk         = ca_address_sk\n and     ca_gmt_offset           = -7 \n group by i_item_id),\n ws as (\n select i_item_id,sum(ws_ext_sales_price) total_sales\n from\n \tweb_sales,\n \tdate_dim,\n         customer_address,\n         item\n where\n         i_item_id               in (select\n  i_item_id\nfrom item\nwhere i_color in ('beige','salmon','yellow'))\n and     ws_item_sk              = i_item_sk\n and     ws_sold_date_sk         = d_date_sk\n and     d_year                  = 2001\n and     d_moy                   = 5\n and     ws_bill_addr_sk         = ca_address_sk\n and     ca_gmt_offset           = -7\n group by i_item_id)\n  select  i_item_id ,sum(total_sales) total_sales\n from  (select * from ss \n        union all\n        select * from cs \n        union all\n        select * from ws) tmp1\n group by i_item_id\n order by total_sales,\n          i_item_id\n limit 100;\n\n-- end query 40 in stream 1 using template query56.tpl\n",
    "indexes": "customer_address.ca_address_sk",
    "wo plan est": {
      "Node Type": "Limit",
      "Parallel Aware": false,
      "Async Capable": false,
      "Startup Cost": 1445461.5,
      "Total Cost": 1445461.75,
      "Plan Rows": 100,
      "Plan Width": 49,
      "Plans": [
        {
          "Node Type": "Sort",
          "Parent Relationship": "Outer",
          "Parallel Aware": false,
          "Async Capable": false,
          "Startup Cost": 1445461.5,
          "Total Cost": 1445462.0,
          "Plan Rows": 200,
          "Plan Width": 49,
          "Sort Key": [
            "(sum((sum(store_sales.ss_ext_sales_price))))",
            "item.i_item_id"
          ],
          "Plans": [
            {
              "Node Type": "Aggregate",
              "Strategy": "Sorted",
              "Partial Mode": "Simple",
              "Parent Relationship": "Outer",
              "Parallel Aware": false,
              "Async Capable": false,
              "Startup Cost": 1445365.0,
              "Total Cost": 1445453.86,
              "Plan Rows": 200,
              "Plan Width": 49,
              "Group Key": [
                "item.i_item_id"
              ],
              "Plans": [
                {
                  "Node Type": "Merge Append",
                  "Parent Relationship": "Outer",
                  "Parallel Aware": false,
                  "Async Capable": false,
                  "Startup Cost": 1445365.0,
                  "Total Cost": 1445450.15,
                  "Plan Rows": 241,
                  "Plan Width": 49,
                  "Sort Key": [
                    "item.i_item_id"
                  ],
                  "Subplans Removed": 0,
                  "Plans": [
                    {
                      "Node Type": "Aggregate",
                      "Strategy": "Sorted",
                      "Partial Mode": "Finalize",
                      "Parent Relationship": "Member",
                      "Parallel Aware": false,
                      "Async Capable": false,
                      "Startup Cost": 708085.33,
                      "Total Cost": 708129.17,
                      "Plan Rows": 133,
                      "Plan Width": 49,
                      "Group Key": [
                        "item.i_item_id"
                      ],
                      "Plans": [
                        {
                          "Node Type": "Gather Merge",
                          "Parent Relationship": "Outer",
                          "Parallel Aware": false,
                          "Async Capable": false,
                          "Startup Cost": 708085.33,
                          "Total Cost": 708126.68,
                          "Plan Rows": 110,
                          "Plan Width": 49,
                          "Workers Planned": 2,
                          "Plans": [
                            {
                              "Node Type": "Aggregate",
                              "Strategy": "Sorted",
                              "Partial Mode": "Partial",
                              "Parent Relationship": "Outer",
                              "Parallel Aware": false,
                              "Async Capable": false,
                              "Startup Cost": 707085.31,
                              "Total Cost": 707113.96,
                              "Plan Rows": 55,
                              "Plan Width": 49,
                              "Group Key": [
                                "item.i_item_id"
                              ],
                              "Plans": [
                                {
                                  "Node Type": "Merge Join",
                                  "Parent Relationship": "Outer",
                                  "Parallel Aware": false,
                                  "Async Capable": false,
                                  "Join Type": "Semi",
                                  "Startup Cost": 707085.31,
                                  "Total Cost": 707113.0,
                                  "Plan Rows": 55,
                                  "Plan Width": 23,
                                  "Inner Unique": false,
                                  "Merge Cond": "(item.i_item_id = item_1.i_item_id)",
                                  "Plans": [
                                    {
                                      "Node Type": "Sort",
                                      "Parent Relationship": "Outer",
                                      "Parallel Aware": false,
                                      "Async Capable": false,
                                      "Startup Cost": 698417.1,
                                      "Total Cost": 698418.37,
                                      "Plan Rows": 508,
                                      "Plan Width": 23,
                                      "Sort Key": [
                                        "item.i_item_id"
                                      ],
                                      "Plans": [
                                        {
                                          "Node Type": "Hash Join",
                                          "Parent Relationship": "Outer",
                                          "Parallel Aware": true,
                                          "Async Capable": false,
                                          "Join Type": "Inner",
                                          "Startup Cost": 690843.77,
                                          "Total Cost": 698394.27,
                                          "Plan Rows": 508,
                                          "Plan Width": 23,
                                          "Inner Unique": false,
                                          "Hash Cond": "(item.i_item_sk = store_sales.ss_item_sk)",
                                          "Plans": [
                                            {
                                              "Node Type": "Seq Scan",
                                              "Parent Relationship": "Outer",
                                              "Parallel Aware": true,
                                              "Async Capable": false,
                                              "Relation Name": "item",
                                              "Alias": "item",
                                              "Startup Cost": 0.0,
                                              "Total Cost": 7389.0,
                                              "Plan Rows": 42500,
                                              "Plan Width": 21,
                                              "parent": 9,
                                              "ID": 10
                                            },
                                            {
                                              "Node Type": "Hash",
                                              "Parent Relationship": "Inner",
                                              "Parallel Aware": true,
                                              "Async Capable": false,
                                              "Startup Cost": 690837.42,
                                              "Total Cost": 690837.42,
                                              "Plan Rows": 508,
                                              "Plan Width": 10,
                                              "Plans": [
                                                {
                                                  "Node Type": "Hash Join",
                                                  "Parent Relationship": "Outer",
                                                  "Parallel Aware": true,
                                                  "Async Capable": false,
                                                  "Join Type": "Inner",
                                                  "Startup Cost": 684055.5,
                                                  "Total Cost": 690837.42,
                                                  "Plan Rows": 508,
                                                  "Plan Width": 10,
                                                  "Inner Unique": false,
                                                  "Hash Cond": "(customer_address.ca_address_sk = store_sales.ss_addr_sk)",
                                                  "Plans": [
                                                    {
                                                      "Node Type": "Seq Scan",
                                                      "Parent Relationship": "Outer",
                                                      "Parallel Aware": true,
                                                      "Async Capable": false,
                                                      "Relation Name": "customer_address",
                                                      "Alias": "customer_address",
                                                      "Startup Cost": 0.0,
                                                      "Total Cost": 6737.08,
                                                      "Plan Rows": 11392,
                                                      "Plan Width": 4,
                                                      "Filter": "(ca_gmt_offset = '-7'::numeric)",
                                                      "parent": 12,
                                                      "ID": 13
                                                    },
                                                    {
                                                      "Node Type": "Hash",
                                                      "Parent Relationship": "Inner",
                                                      "Parallel Aware": true,
                                                      "Async Capable": false,
                                                      "Startup Cost": 683994.75,
                                                      "Total Cost": 683994.75,
                                                      "Plan Rows": 4860,
                                                      "Plan Width": 14,
                                                      "Plans": [
                                                        {
                                                          "Node Type": "Hash Join",
                                                          "Parent Relationship": "Outer",
                                                          "Parallel Aware": true,
                                                          "Async Capable": false,
                                                          "Join Type": "Inner",
                                                          "Startup Cost": 2049.78,
                                                          "Total Cost": 683994.75,
                                                          "Plan Rows": 4860,
                                                          "Plan Width": 14,
                                                          "Inner Unique": false,
                                                          "Hash Cond": "(store_sales.ss_sold_date_sk = date_dim.d_date_sk)",
                                                          "Plans": [
                                                            {
                                                              "Node Type": "Seq Scan",
                                                              "Parent Relationship": "Outer",
                                                              "Parallel Aware": true,
                                                              "Async Capable": false,
                                                              "Relation Name": "store_sales",
                                                              "Alias": "store_sales",
                                                              "Startup Cost": 0.0,
                                                              "Total Cost": 636914.37,
                                                              "Plan Rows": 12000637,
                                                              "Plan Width": 18,
                                                              "parent": 15,
                                                              "ID": 16
                                                            },
                                                            {
                                                              "Node Type": "Hash",
                                                              "Parent Relationship": "Inner",
                                                              "Parallel Aware": true,
                                                              "Async Capable": false,
                                                              "Startup Cost": 2049.55,
                                                              "Total Cost": 2049.55,
                                                              "Plan Rows": 18,
                                                              "Plan Width": 4,
                                                              "Plans": [
                                                                {
                                                                  "Node Type": "Seq Scan",
                                                                  "Parent Relationship": "Outer",
                                                                  "Parallel Aware": true,
                                                                  "Async Capable": false,
                                                                  "Relation Name": "date_dim",
                                                                  "Alias": "date_dim",
                                                                  "Startup Cost": 0.0,
                                                                  "Total Cost": 2049.55,
                                                                  "Plan Rows": 18,
                                                                  "Plan Width": 4,
                                                                  "Filter": "((d_year = 2001) AND (d_moy = 5))",
                                                                  "parent": 17,
                                                                  "ID": 18
                                                                }
                                                              ],
                                                              "parent": 15,
                                                              "ID": 17,
                                                              "left": 18
                                                            }
                                                          ],
                                                          "parent": 14,
                                                          "ID": 15,
                                                          "left": 16,
                                                          "right": 17
                                                        }
                                                      ],
                                                      "parent": 12,
                                                      "ID": 14,
                                                      "left": 15
                                                    }
                                                  ],
                                                  "parent": 11,
                                                  "ID": 12,
                                                  "left": 13,
                                                  "right": 14
                                                }
                                              ],
                                              "parent": 9,
                                              "ID": 11,
                                              "left": 12
                                            }
                                          ],
                                          "parent": 8,
                                          "ID": 9,
                                          "left": 10,
                                          "right": 11
                                        }
                                      ],
                                      "parent": 7,
                                      "ID": 8,
                                      "left": 9
                                    },
                                    {
                                      "Node Type": "Sort",
                                      "Parent Relationship": "Inner",
                                      "Parallel Aware": false,
                                      "Async Capable": false,
                                      "Startup Cost": 8668.21,
                                      "Total Cost": 8680.51,
                                      "Plan Rows": 4920,
                                      "Plan Width": 17,
                                      "Sort Key": [
                                        "item_1.i_item_id"
                                      ],
                                      "Plans": [
                                        {
                                          "Node Type": "Seq Scan",
                                          "Parent Relationship": "Outer",
                                          "Parallel Aware": false,
                                          "Async Capable": false,
                                          "Relation Name": "item",
                                          "Alias": "item_1",
                                          "Startup Cost": 0.0,
                                          "Total Cost": 8366.5,
                                          "Plan Rows": 4920,
                                          "Plan Width": 17,
                                          "Filter": "(i_color = ANY ('{beige,salmon,yellow}'::bpchar[]))",
                                          "parent": 19,
                                          "ID": 20
                                        }
                                      ],
                                      "parent": 7,
                                      "ID": 19,
                                      "left": 20
                                    }
                                  ],
                                  "parent": 6,
                                  "ID": 7,
                                  "left": 8,
                                  "right": 19
                                }
                              ],
                              "parent": 5,
                              "ID": 6,
                              "left": 7
                            }
                          ],
                          "parent": 4,
                          "ID": 5,
                          "left": 6
                        }
                      ],
                      "parent": 3,
                      "ID": 4,
                      "left": 5
                    },
                    {
                      "Node Type": "Aggregate",
                      "Strategy": "Sorted",
                      "Partial Mode": "Finalize",
                      "Parent Relationship": "Member",
                      "Parallel Aware": false,
                      "Async Capable": false,
                      "Startup Cost": 482370.83,
                      "Total Cost": 482405.91,
                      "Plan Rows": 72,
                      "Plan Width": 49,
                      "Group Key": [
                        "item_2.i_item_id"
                      ],
                      "Plans": [
                        {
                          "Node Type": "Gather Merge",
                          "Parent Relationship": "Outer",
                          "Parallel Aware": false,
                          "Async Capable": false,
                          "Startup Cost": 482370.83,
                          "Total Cost": 482404.56,
                          "Plan Rows": 60,
                          "Plan Width": 49,
                          "Workers Planned": 2,
                          "Plans": [
                            {
                              "Node Type": "Aggregate",
                              "Strategy": "Sorted",
                              "Partial Mode": "Partial",
                              "Parent Relationship": "Outer",
                              "Parallel Aware": false,
                              "Async Capable": false,
                              "Startup Cost": 481370.81,
                              "Total Cost": 481397.61,
                              "Plan Rows": 30,
                              "Plan Width": 49,
                              "Group Key": [
                                "item_2.i_item_id"
                              ],
                              "Plans": [
                                {
                                  "Node Type": "Merge Join",
                                  "Parent Relationship": "Outer",
                                  "Parallel Aware": false,
                                  "Async Capable": false,
                                  "Join Type": "Semi",
                                  "Startup Cost": 481370.81,
                                  "Total Cost": 481397.09,
                                  "Plan Rows": 30,
                                  "Plan Width": 23,
                                  "Inner Unique": false,
                                  "Merge Cond": "(item_2.i_item_id = item_3.i_item_id)",
                                  "Plans": [
                                    {
                                      "Node Type": "Sort",
                                      "Parent Relationship": "Outer",
                                      "Parallel Aware": false,
                                      "Async Capable": false,
                                      "Startup Cost": 472702.61,
                                      "Total Cost": 472703.29,
                                      "Plan Rows": 275,
                                      "Plan Width": 23,
                                      "Sort Key": [
                                        "item_2.i_item_id"
                                      ],
                                      "Plans": [
                                        {
                                          "Node Type": "Hash Join",
                                          "Parent Relationship": "Outer",
                                          "Parallel Aware": true,
                                          "Async Capable": false,
                                          "Join Type": "Inner",
                                          "Startup Cost": 465141.94,
                                          "Total Cost": 472691.46,
                                          "Plan Rows": 275,
                                          "Plan Width": 23,
                                          "Inner Unique": false,
                                          "Hash Cond": "(item_2.i_item_sk = catalog_sales.cs_item_sk)",
                                          "Plans": [
                                            {
                                              "Node Type": "Seq Scan",
                                              "Parent Relationship": "Outer",
                                              "Parallel Aware": true,
                                              "Async Capable": false,
                                              "Relation Name": "item",
                                              "Alias": "item_2",
                                              "Startup Cost": 0.0,
                                              "Total Cost": 7389.0,
                                              "Plan Rows": 42500,
                                              "Plan Width": 21,
                                              "parent": 26,
                                              "ID": 27
                                            },
                                            {
                                              "Node Type": "Hash",
                                              "Parent Relationship": "Inner",
                                              "Parallel Aware": true,
                                              "Async Capable": false,
                                              "Startup Cost": 465138.5,
                                              "Total Cost": 465138.5,
                                              "Plan Rows": 275,
                                              "Plan Width": 10,
                                              "Plans": [
                                                {
                                                  "Node Type": "Hash Join",
                                                  "Parent Relationship": "Outer",
                                                  "Parallel Aware": true,
                                                  "Async Capable": false,
                                                  "Join Type": "Inner",
                                                  "Startup Cost": 458286.35,
                                                  "Total Cost": 465138.5,
                                                  "Plan Rows": 275,
                                                  "Plan Width": 10,
                                                  "Inner Unique": false,
                                                  "Hash Cond": "(customer_address_1.ca_address_sk = catalog_sales.cs_bill_addr_sk)",
                                                  "Plans": [
                                                    {
                                                      "Node Type": "Seq Scan",
                                                      "Parent Relationship": "Outer",
                                                      "Parallel Aware": true,
                                                      "Async Capable": false,
                                                      "Relation Name": "customer_address",
                                                      "Alias": "customer_address_1",
                                                      "Startup Cost": 0.0,
                                                      "Total Cost": 6737.08,
                                                      "Plan Rows": 11392,
                                                      "Plan Width": 4,
                                                      "Filter": "(ca_gmt_offset = '-7'::numeric)",
                                                      "parent": 29,
                                                      "ID": 30
                                                    },
                                                    {
                                                      "Node Type": "Hash",
                                                      "Parent Relationship": "Inner",
                                                      "Parallel Aware": true,
                                                      "Async Capable": false,
                                                      "Startup Cost": 458254.7,
                                                      "Total Cost": 458254.7,
                                                      "Plan Rows": 2532,
                                                      "Plan Width": 14,
                                                      "Plans": [
                                                        {
                                                          "Node Type": "Hash Join",
                                                          "Parent Relationship": "Outer",
                                                          "Parallel Aware": true,
                                                          "Async Capable": false,
                                                          "Join Type": "Inner",
                                                          "Startup Cost": 2049.78,
                                                          "Total Cost": 458254.7,
                                                          "Plan Rows": 2532,
                                                          "Plan Width": 14,
                                                          "Inner Unique": false,
                                                          "Hash Cond": "(catalog_sales.cs_sold_date_sk = date_dim_1.d_date_sk)",
                                                          "Plans": [
                                                            {
                                                              "Node Type": "Seq Scan",
                                                              "Parent Relationship": "Outer",
                                                              "Parallel Aware": true,
                                                              "Async Capable": false,
                                                              "Relation Name": "catalog_sales",
                                                              "Alias": "catalog_sales",
                                                              "Startup Cost": 0.0,
                                                              "Total Cost": 433688.25,
                                                              "Plan Rows": 6000525,
                                                              "Plan Width": 18,
                                                              "parent": 32,
                                                              "ID": 33
                                                            },
                                                            {
                                                              "Node Type": "Hash",
                                                              "Parent Relationship": "Inner",
                                                              "Parallel Aware": true,
                                                              "Async Capable": false,
                                                              "Startup Cost": 2049.55,
                                                              "Total Cost": 2049.55,
                                                              "Plan Rows": 18,
                                                              "Plan Width": 4,
                                                              "Plans": [
                                                                {
                                                                  "Node Type": "Seq Scan",
                                                                  "Parent Relationship": "Outer",
                                                                  "Parallel Aware": true,
                                                                  "Async Capable": false,
                                                                  "Relation Name": "date_dim",
                                                                  "Alias": "date_dim_1",
                                                                  "Startup Cost": 0.0,
                                                                  "Total Cost": 2049.55,
                                                                  "Plan Rows": 18,
                                                                  "Plan Width": 4,
                                                                  "Filter": "((d_year = 2001) AND (d_moy = 5))",
                                                                  "parent": 34,
                                                                  "ID": 35
                                                                }
                                                              ],
                                                              "parent": 32,
                                                              "ID": 34,
                                                              "left": 35
                                                            }
                                                          ],
                                                          "parent": 31,
                                                          "ID": 32,
                                                          "left": 33,
                                                          "right": 34
                                                        }
                                                      ],
                                                      "parent": 29,
                                                      "ID": 31,
                                                      "left": 32
                                                    }
                                                  ],
                                                  "parent": 28,
                                                  "ID": 29,
                                                  "left": 30,
                                                  "right": 31
                                                }
                                              ],
                                              "parent": 26,
                                              "ID": 28,
                                              "left": 29
                                            }
                                          ],
                                          "parent": 25,
                                          "ID": 26,
                                          "left": 27,
                                          "right": 28
                                        }
                                      ],
                                      "parent": 24,
                                      "ID": 25,
                                      "left": 26
                                    },
                                    {
                                      "Node Type": "Sort",
                                      "Parent Relationship": "Inner",
                                      "Parallel Aware": false,
                                      "Async Capable": false,
                                      "Startup Cost": 8668.21,
                                      "Total Cost": 8680.51,
                                      "Plan Rows": 4920,
                                      "Plan Width": 17,
                                      "Sort Key": [
                                        "item_3.i_item_id"
                                      ],
                                      "Plans": [
                                        {
                                          "Node Type": "Seq Scan",
                                          "Parent Relationship": "Outer",
                                          "Parallel Aware": false,
                                          "Async Capable": false,
                                          "Relation Name": "item",
                                          "Alias": "item_3",
                                          "Startup Cost": 0.0,
                                          "Total Cost": 8366.5,
                                          "Plan Rows": 4920,
                                          "Plan Width": 17,
                                          "Filter": "(i_color = ANY ('{beige,salmon,yellow}'::bpchar[]))",
                                          "parent": 36,
                                          "ID": 37
                                        }
                                      ],
                                      "parent": 24,
                                      "ID": 36,
                                      "left": 37
                                    }
                                  ],
                                  "parent": 23,
                                  "ID": 24,
                                  "left": 25,
                                  "right": 36
                                }
                              ],
                              "parent": 22,
                              "ID": 23,
                              "left": 24
                            }
                          ],
                          "parent": 21,
                          "ID": 22,
                          "left": 23
                        }
                      ],
                      "parent": 3,
                      "ID": 21,
                      "left": 22
                    },
                    {
                      "Node Type": "Aggregate",
                      "Strategy": "Sorted",
                      "Partial Mode": "Simple",
                      "Parent Relationship": "Member",
                      "Parallel Aware": false,
                      "Async Capable": false,
                      "Startup Cost": 254908.81,
                      "Total Cost": 254909.53,
                      "Plan Rows": 36,
                      "Plan Width": 49,
                      "Group Key": [
                        "item_4.i_item_id"
                      ],
                      "Plans": [
                        {
                          "Node Type": "Sort",
                          "Parent Relationship": "Outer",
                          "Parallel Aware": false,
                          "Async Capable": false,
                          "Startup Cost": 254908.81,
                          "Total Cost": 254908.9,
                          "Plan Rows": 36,
                          "Plan Width": 23,
                          "Sort Key": [
                            "item_4.i_item_id"
                          ],
                          "Plans": [
                            {
                              "Node Type": "Hash Join",
                              "Parent Relationship": "Outer",
                              "Parallel Aware": false,
                              "Async Capable": false,
                              "Join Type": "Semi",
                              "Startup Cost": 247324.2,
                              "Total Cost": 254907.88,
                              "Plan Rows": 36,
                              "Plan Width": 23,
                              "Inner Unique": false,
                              "Hash Cond": "(item_4.i_item_id = item_5.i_item_id)",
                              "Plans": [
                                {
                                  "Node Type": "Gather",
                                  "Parent Relationship": "Outer",
                                  "Parallel Aware": false,
                                  "Async Capable": false,
                                  "Startup Cost": 238896.2,
                                  "Total Cost": 246478.56,
                                  "Plan Rows": 334,
                                  "Plan Width": 23,
                                  "Workers Planned": 2,
                                  "Single Copy": false,
                                  "Plans": [
                                    {
                                      "Node Type": "Hash Join",
                                      "Parent Relationship": "Outer",
                                      "Parallel Aware": true,
                                      "Async Capable": false,
                                      "Join Type": "Inner",
                                      "Startup Cost": 237896.2,
                                      "Total Cost": 245445.16,
                                      "Plan Rows": 139,
                                      "Plan Width": 23,
                                      "Inner Unique": false,
                                      "Hash Cond": "(item_4.i_item_sk = web_sales.ws_item_sk)",
                                      "Plans": [
                                        {
                                          "Node Type": "Seq Scan",
                                          "Parent Relationship": "Outer",
                                          "Parallel Aware": true,
                                          "Async Capable": false,
                                          "Relation Name": "item",
                                          "Alias": "item_4",
                                          "Startup Cost": 0.0,
                                          "Total Cost": 7389.0,
                                          "Plan Rows": 42500,
                                          "Plan Width": 21,
                                          "parent": 42,
                                          "ID": 43
                                        },
                                        {
                                          "Node Type": "Hash",
                                          "Parent Relationship": "Inner",
                                          "Parallel Aware": true,
                                          "Async Capable": false,
                                          "Startup Cost": 237894.46,
                                          "Total Cost": 237894.46,
                                          "Plan Rows": 139,
                                          "Plan Width": 10,
                                          "Plans": [
                                            {
                                              "Node Type": "Hash Join",
                                              "Parent Relationship": "Outer",
                                              "Parallel Aware": true,
                                              "Async Capable": false,
                                              "Join Type": "Inner",
                                              "Startup Cost": 231057.12,
                                              "Total Cost": 237894.46,
                                              "Plan Rows": 139,
                                              "Plan Width": 10,
                                              "Inner Unique": false,
                                              "Hash Cond": "(customer_address_2.ca_address_sk = web_sales.ws_bill_addr_sk)",
                                              "Plans": [
                                                {
                                                  "Node Type": "Seq Scan",
                                                  "Parent Relationship": "Outer",
                                                  "Parallel Aware": true,
                                                  "Async Capable": false,
                                                  "Relation Name": "customer_address",
                                                  "Alias": "customer_address_2",
                                                  "Startup Cost": 0.0,
                                                  "Total Cost": 6737.08,
                                                  "Plan Rows": 11392,
                                                  "Plan Width": 4,
                                                  "Filter": "(ca_gmt_offset = '-7'::numeric)",
                                                  "parent": 45,
                                                  "ID": 46
                                                },
                                                {
                                                  "Node Type": "Hash",
                                                  "Parent Relationship": "Inner",
                                                  "Parallel Aware": true,
                                                  "Async Capable": false,
                                                  "Startup Cost": 231041.22,
                                                  "Total Cost": 231041.22,
                                                  "Plan Rows": 1272,
                                                  "Plan Width": 14,
                                                  "Plans": [
                                                    {
                                                      "Node Type": "Hash Join",
                                                      "Parent Relationship": "Outer",
                                                      "Parallel Aware": true,
                                                      "Async Capable": false,
                                                      "Join Type": "Inner",
                                                      "Startup Cost": 2049.78,
                                                      "Total Cost": 231041.22,
                                                      "Plan Rows": 1272,
                                                      "Plan Width": 14,
                                                      "Inner Unique": false,
                                                      "Hash Cond": "(web_sales.ws_sold_date_sk = date_dim_2.d_date_sk)",
                                                      "Plans": [
                                                        {
                                                          "Node Type": "Seq Scan",
                                                          "Parent Relationship": "Outer",
                                                          "Parallel Aware": true,
                                                          "Async Capable": false,
                                                          "Relation Name": "web_sales",
                                                          "Alias": "web_sales",
                                                          "Startup Cost": 0.0,
                                                          "Total Cost": 217737.86,
                                                          "Plan Rows": 2998986,
                                                          "Plan Width": 18,
                                                          "parent": 48,
                                                          "ID": 49
                                                        },
                                                        {
                                                          "Node Type": "Hash",
                                                          "Parent Relationship": "Inner",
                                                          "Parallel Aware": true,
                                                          "Async Capable": false,
                                                          "Startup Cost": 2049.55,
                                                          "Total Cost": 2049.55,
                                                          "Plan Rows": 18,
                                                          "Plan Width": 4,
                                                          "Plans": [
                                                            {
                                                              "Node Type": "Seq Scan",
                                                              "Parent Relationship": "Outer",
                                                              "Parallel Aware": true,
                                                              "Async Capable": false,
                                                              "Relation Name": "date_dim",
                                                              "Alias": "date_dim_2",
                                                              "Startup Cost": 0.0,
                                                              "Total Cost": 2049.55,
                                                              "Plan Rows": 18,
                                                              "Plan Width": 4,
                                                              "Filter": "((d_year = 2001) AND (d_moy = 5))",
                                                              "parent": 50,
                                                              "ID": 51
                                                            }
                                                          ],
                                                          "parent": 48,
                                                          "ID": 50,
                                                          "left": 51
                                                        }
                                                      ],
                                                      "parent": 47,
                                                      "ID": 48,
                                                      "left": 49,
                                                      "right": 50
                                                    }
                                                  ],
                                                  "parent": 45,
                                                  "ID": 47,
                                                  "left": 48
                                                }
                                              ],
                                              "parent": 44,
                                              "ID": 45,
                                              "left": 46,
                                              "right": 47
                                            }
                                          ],
                                          "parent": 42,
                                          "ID": 44,
                                          "left": 45
                                        }
                                      ],
                                      "parent": 41,
                                      "ID": 42,
                                      "left": 43,
                                      "right": 44
                                    }
                                  ],
                                  "parent": 40,
                                  "ID": 41,
                                  "left": 42
                                },
                                {
                                  "Node Type": "Hash",
                                  "Parent Relationship": "Inner",
                                  "Parallel Aware": false,
                                  "Async Capable": false,
                                  "Startup Cost": 8366.5,
                                  "Total Cost": 8366.5,
                                  "Plan Rows": 4920,
                                  "Plan Width": 17,
                                  "Plans": [
                                    {
                                      "Node Type": "Seq Scan",
                                      "Parent Relationship": "Outer",
                                      "Parallel Aware": false,
                                      "Async Capable": false,
                                      "Relation Name": "item",
                                      "Alias": "item_5",
                                      "Startup Cost": 0.0,
                                      "Total Cost": 8366.5,
                                      "Plan Rows": 4920,
                                      "Plan Width": 17,
                                      "Filter": "(i_color = ANY ('{beige,salmon,yellow}'::bpchar[]))",
                                      "parent": 52,
                                      "ID": 53
                                    }
                                  ],
                                  "parent": 40,
                                  "ID": 52,
                                  "left": 53
                                }
                              ],
                              "parent": 39,
                              "ID": 40,
                              "left": 41,
                              "right": 52
                            }
                          ],
                          "parent": 38,
                          "ID": 39,
                          "left": 40
                        }
                      ],
                      "parent": 3,
                      "ID": 38,
                      "left": 39
                    }
                  ],
                  "parent": 2,
                  "ID": 3,
                  "left": 4,
                  "right": 21
                }
              ],
              "parent": 1,
              "ID": 2,
              "left": 3
            }
          ],
          "parent": 0,
          "ID": 1,
          "left": 2
        }
      ],
      "parent": null,
      "ID": 0,
      "left": 1
    },
    "feat": {
      "utility": 0.017311015956519803,
      "query_shape": [
        [
          "Seq Scan",
          "Hash Join",
          "Sort",
          "Merge Join",
          "Aggregate",
          "Gather Merge",
          "Merge Append"
        ],
        [
          "Seq Scan",
          "Hash Join",
          "Hash",
          "Sort",
          "Merge Join",
          "Aggregate",
          "Gather Merge",
          "Merge Append"
        ],
        [
          "Seq Scan",
          "Hash Join",
          "Hash",
          "Sort",
          "Merge Join",
          "Aggregate",
          "Gather Merge",
          "Merge Append"
        ],
        [
          "Seq Scan",
          "Hash",
          "Hash Join",
          "Sort",
          "Merge Join",
          "Aggregate",
          "Gather Merge",
          "Merge Append"
        ],
        [
          "Seq Scan",
          "Sort",
          "Merge Join",
          "Aggregate",
          "Gather Merge",
          "Merge Append"
        ],
        [
          "Seq Scan",
          "Hash Join",
          "Sort",
          "Merge Join",
          "Aggregate",
          "Gather Merge",
          "Merge Append"
        ],
        [
          "Seq Scan",
          "Hash Join",
          "Hash",
          "Sort",
          "Merge Join",
          "Aggregate",
          "Gather Merge",
          "Merge Append"
        ],
        [
          "Seq Scan",
          "Hash Join",
          "Hash",
          "Sort",
          "Merge Join",
          "Aggregate",
          "Gather Merge",
          "Merge Append"
        ],
        [
          "Seq Scan",
          "Hash",
          "Hash Join",
          "Sort",
          "Merge Join",
          "Aggregate",
          "Gather Merge",
          "Merge Append"
        ],
        [
          "Seq Scan",
          "Sort",
          "Merge Join",
          "Aggregate",
          "Gather Merge",
          "Merge Append"
        ],
        [
          "Seq Scan",
          "Hash Join",
          "Gather",
          "Sort",
          "Aggregate",
          "Merge Append"
        ],
        [
          "Seq Scan",
          "Hash Join",
          "Hash",
          "Gather",
          "Sort",
          "Aggregate",
          "Merge Append"
        ],
        [
          "Seq Scan",
          "Hash Join",
          "Hash",
          "Gather",
          "Sort",
          "Aggregate",
          "Merge Append"
        ],
        [
          "Seq Scan",
          "Hash",
          "Hash Join",
          "Gather",
          "Sort",
          "Aggregate",
          "Merge Append"
        ],
        [
          "Seq Scan",
          "Hash",
          "Hash Join",
          "Sort",
          "Aggregate",
          "Merge Append"
        ]
      ],
      "index_shape": [
        "join"
      ],
      "physical_operator": {
        "Hash Join": [
          0.003029100853606503,
          0.0030876958074417785,
          0.0030971615306645663
        ]
      }
    }
  },
  {
    "query": "with ss as (\n select i_item_id,sum(ss_ext_sales_price) total_sales\n from\n \tstore_sales,\n \tdate_dim,\n         customer_address,\n         item\n where i_item_id in (select\n     i_item_id\nfrom item\nwhere i_color in ('beige','salmon','yellow'))\n and     ss_item_sk              = i_item_sk\n and     ss_sold_date_sk         = d_date_sk\n and     d_year                  = 2001\n and     d_moy                   = 5\n and     ss_addr_sk              = ca_address_sk\n and     ca_gmt_offset           = -7 \n group by i_item_id),\n cs as (\n select i_item_id,sum(cs_ext_sales_price) total_sales\n from\n \tcatalog_sales,\n \tdate_dim,\n         customer_address,\n         item\n where\n         i_item_id               in (select\n  i_item_id\nfrom item\nwhere i_color in ('beige','salmon','yellow'))\n and     cs_item_sk              = i_item_sk\n and     cs_sold_date_sk         = d_date_sk\n and     d_year                  = 2001\n and     d_moy                   = 5\n and     cs_bill_addr_sk         = ca_address_sk\n and     ca_gmt_offset           = -7 \n group by i_item_id),\n ws as (\n select i_item_id,sum(ws_ext_sales_price) total_sales\n from\n \tweb_sales,\n \tdate_dim,\n         customer_address,\n         item\n where\n         i_item_id               in (select\n  i_item_id\nfrom item\nwhere i_color in ('beige','salmon','yellow'))\n and     ws_item_sk              = i_item_sk\n and     ws_sold_date_sk         = d_date_sk\n and     d_year                  = 2001\n and     d_moy                   = 5\n and     ws_bill_addr_sk         = ca_address_sk\n and     ca_gmt_offset           = -7\n group by i_item_id)\n  select  i_item_id ,sum(total_sales) total_sales\n from  (select * from ss \n        union all\n        select * from cs \n        union all\n        select * from ws) tmp1\n group by i_item_id\n order by total_sales,\n          i_item_id\n limit 100;\n\n-- end query 40 in stream 1 using template query56.tpl\n",
    "indexes": "date_dim.d_year",
    "wo plan est": {
      "Node Type": "Limit",
      "Parallel Aware": false,
      "Async Capable": false,
      "Startup Cost": 1445461.5,
      "Total Cost": 1445461.75,
      "Plan Rows": 100,
      "Plan Width": 49,
      "Plans": [
        {
          "Node Type": "Sort",
          "Parent Relationship": "Outer",
          "Parallel Aware": false,
          "Async Capable": false,
          "Startup Cost": 1445461.5,
          "Total Cost": 1445462.0,
          "Plan Rows": 200,
          "Plan Width": 49,
          "Sort Key": [
            "(sum((sum(store_sales.ss_ext_sales_price))))",
            "item.i_item_id"
          ],
          "Plans": [
            {
              "Node Type": "Aggregate",
              "Strategy": "Sorted",
              "Partial Mode": "Simple",
              "Parent Relationship": "Outer",
              "Parallel Aware": false,
              "Async Capable": false,
              "Startup Cost": 1445365.0,
              "Total Cost": 1445453.86,
              "Plan Rows": 200,
              "Plan Width": 49,
              "Group Key": [
                "item.i_item_id"
              ],
              "Plans": [
                {
                  "Node Type": "Merge Append",
                  "Parent Relationship": "Outer",
                  "Parallel Aware": false,
                  "Async Capable": false,
                  "Startup Cost": 1445365.0,
                  "Total Cost": 1445450.15,
                  "Plan Rows": 241,
                  "Plan Width": 49,
                  "Sort Key": [
                    "item.i_item_id"
                  ],
                  "Subplans Removed": 0,
                  "Plans": [
                    {
                      "Node Type": "Aggregate",
                      "Strategy": "Sorted",
                      "Partial Mode": "Finalize",
                      "Parent Relationship": "Member",
                      "Parallel Aware": false,
                      "Async Capable": false,
                      "Startup Cost": 708085.33,
                      "Total Cost": 708129.17,
                      "Plan Rows": 133,
                      "Plan Width": 49,
                      "Group Key": [
                        "item.i_item_id"
                      ],
                      "Plans": [
                        {
                          "Node Type": "Gather Merge",
                          "Parent Relationship": "Outer",
                          "Parallel Aware": false,
                          "Async Capable": false,
                          "Startup Cost": 708085.33,
                          "Total Cost": 708126.68,
                          "Plan Rows": 110,
                          "Plan Width": 49,
                          "Workers Planned": 2,
                          "Plans": [
                            {
                              "Node Type": "Aggregate",
                              "Strategy": "Sorted",
                              "Partial Mode": "Partial",
                              "Parent Relationship": "Outer",
                              "Parallel Aware": false,
                              "Async Capable": false,
                              "Startup Cost": 707085.31,
                              "Total Cost": 707113.96,
                              "Plan Rows": 55,
                              "Plan Width": 49,
                              "Group Key": [
                                "item.i_item_id"
                              ],
                              "Plans": [
                                {
                                  "Node Type": "Merge Join",
                                  "Parent Relationship": "Outer",
                                  "Parallel Aware": false,
                                  "Async Capable": false,
                                  "Join Type": "Semi",
                                  "Startup Cost": 707085.31,
                                  "Total Cost": 707113.0,
                                  "Plan Rows": 55,
                                  "Plan Width": 23,
                                  "Inner Unique": false,
                                  "Merge Cond": "(item.i_item_id = item_1.i_item_id)",
                                  "Plans": [
                                    {
                                      "Node Type": "Sort",
                                      "Parent Relationship": "Outer",
                                      "Parallel Aware": false,
                                      "Async Capable": false,
                                      "Startup Cost": 698417.1,
                                      "Total Cost": 698418.37,
                                      "Plan Rows": 508,
                                      "Plan Width": 23,
                                      "Sort Key": [
                                        "item.i_item_id"
                                      ],
                                      "Plans": [
                                        {
                                          "Node Type": "Hash Join",
                                          "Parent Relationship": "Outer",
                                          "Parallel Aware": true,
                                          "Async Capable": false,
                                          "Join Type": "Inner",
                                          "Startup Cost": 690843.77,
                                          "Total Cost": 698394.27,
                                          "Plan Rows": 508,
                                          "Plan Width": 23,
                                          "Inner Unique": false,
                                          "Hash Cond": "(item.i_item_sk = store_sales.ss_item_sk)",
                                          "Plans": [
                                            {
                                              "Node Type": "Seq Scan",
                                              "Parent Relationship": "Outer",
                                              "Parallel Aware": true,
                                              "Async Capable": false,
                                              "Relation Name": "item",
                                              "Alias": "item",
                                              "Startup Cost": 0.0,
                                              "Total Cost": 7389.0,
                                              "Plan Rows": 42500,
                                              "Plan Width": 21,
                                              "parent": 9,
                                              "ID": 10
                                            },
                                            {
                                              "Node Type": "Hash",
                                              "Parent Relationship": "Inner",
                                              "Parallel Aware": true,
                                              "Async Capable": false,
                                              "Startup Cost": 690837.42,
                                              "Total Cost": 690837.42,
                                              "Plan Rows": 508,
                                              "Plan Width": 10,
                                              "Plans": [
                                                {
                                                  "Node Type": "Hash Join",
                                                  "Parent Relationship": "Outer",
                                                  "Parallel Aware": true,
                                                  "Async Capable": false,
                                                  "Join Type": "Inner",
                                                  "Startup Cost": 684055.5,
                                                  "Total Cost": 690837.42,
                                                  "Plan Rows": 508,
                                                  "Plan Width": 10,
                                                  "Inner Unique": false,
                                                  "Hash Cond": "(customer_address.ca_address_sk = store_sales.ss_addr_sk)",
                                                  "Plans": [
                                                    {
                                                      "Node Type": "Seq Scan",
                                                      "Parent Relationship": "Outer",
                                                      "Parallel Aware": true,
                                                      "Async Capable": false,
                                                      "Relation Name": "customer_address",
                                                      "Alias": "customer_address",
                                                      "Startup Cost": 0.0,
                                                      "Total Cost": 6737.08,
                                                      "Plan Rows": 11392,
                                                      "Plan Width": 4,
                                                      "Filter": "(ca_gmt_offset = '-7'::numeric)",
                                                      "parent": 12,
                                                      "ID": 13
                                                    },
                                                    {
                                                      "Node Type": "Hash",
                                                      "Parent Relationship": "Inner",
                                                      "Parallel Aware": true,
                                                      "Async Capable": false,
                                                      "Startup Cost": 683994.75,
                                                      "Total Cost": 683994.75,
                                                      "Plan Rows": 4860,
                                                      "Plan Width": 14,
                                                      "Plans": [
                                                        {
                                                          "Node Type": "Hash Join",
                                                          "Parent Relationship": "Outer",
                                                          "Parallel Aware": true,
                                                          "Async Capable": false,
                                                          "Join Type": "Inner",
                                                          "Startup Cost": 2049.78,
                                                          "Total Cost": 683994.75,
                                                          "Plan Rows": 4860,
                                                          "Plan Width": 14,
                                                          "Inner Unique": false,
                                                          "Hash Cond": "(store_sales.ss_sold_date_sk = date_dim.d_date_sk)",
                                                          "Plans": [
                                                            {
                                                              "Node Type": "Seq Scan",
                                                              "Parent Relationship": "Outer",
                                                              "Parallel Aware": true,
                                                              "Async Capable": false,
                                                              "Relation Name": "store_sales",
                                                              "Alias": "store_sales",
                                                              "Startup Cost": 0.0,
                                                              "Total Cost": 636914.37,
                                                              "Plan Rows": 12000637,
                                                              "Plan Width": 18,
                                                              "parent": 15,
                                                              "ID": 16
                                                            },
                                                            {
                                                              "Node Type": "Hash",
                                                              "Parent Relationship": "Inner",
                                                              "Parallel Aware": true,
                                                              "Async Capable": false,
                                                              "Startup Cost": 2049.55,
                                                              "Total Cost": 2049.55,
                                                              "Plan Rows": 18,
                                                              "Plan Width": 4,
                                                              "Plans": [
                                                                {
                                                                  "Node Type": "Seq Scan",
                                                                  "Parent Relationship": "Outer",
                                                                  "Parallel Aware": true,
                                                                  "Async Capable": false,
                                                                  "Relation Name": "date_dim",
                                                                  "Alias": "date_dim",
                                                                  "Startup Cost": 0.0,
                                                                  "Total Cost": 2049.55,
                                                                  "Plan Rows": 18,
                                                                  "Plan Width": 4,
                                                                  "Filter": "((d_year = 2001) AND (d_moy = 5))",
                                                                  "parent": 17,
                                                                  "ID": 18
                                                                }
                                                              ],
                                                              "parent": 15,
                                                              "ID": 17,
                                                              "left": 18
                                                            }
                                                          ],
                                                          "parent": 14,
                                                          "ID": 15,
                                                          "left": 16,
                                                          "right": 17
                                                        }
                                                      ],
                                                      "parent": 12,
                                                      "ID": 14,
                                                      "left": 15
                                                    }
                                                  ],
                                                  "parent": 11,
                                                  "ID": 12,
                                                  "left": 13,
                                                  "right": 14
                                                }
                                              ],
                                              "parent": 9,
                                              "ID": 11,
                                              "left": 12
                                            }
                                          ],
                                          "parent": 8,
                                          "ID": 9,
                                          "left": 10,
                                          "right": 11
                                        }
                                      ],
                                      "parent": 7,
                                      "ID": 8,
                                      "left": 9
                                    },
                                    {
                                      "Node Type": "Sort",
                                      "Parent Relationship": "Inner",
                                      "Parallel Aware": false,
                                      "Async Capable": false,
                                      "Startup Cost": 8668.21,
                                      "Total Cost": 8680.51,
                                      "Plan Rows": 4920,
                                      "Plan Width": 17,
                                      "Sort Key": [
                                        "item_1.i_item_id"
                                      ],
                                      "Plans": [
                                        {
                                          "Node Type": "Seq Scan",
                                          "Parent Relationship": "Outer",
                                          "Parallel Aware": false,
                                          "Async Capable": false,
                                          "Relation Name": "item",
                                          "Alias": "item_1",
                                          "Startup Cost": 0.0,
                                          "Total Cost": 8366.5,
                                          "Plan Rows": 4920,
                                          "Plan Width": 17,
                                          "Filter": "(i_color = ANY ('{beige,salmon,yellow}'::bpchar[]))",
                                          "parent": 19,
                                          "ID": 20
                                        }
                                      ],
                                      "parent": 7,
                                      "ID": 19,
                                      "left": 20
                                    }
                                  ],
                                  "parent": 6,
                                  "ID": 7,
                                  "left": 8,
                                  "right": 19
                                }
                              ],
                              "parent": 5,
                              "ID": 6,
                              "left": 7
                            }
                          ],
                          "parent": 4,
                          "ID": 5,
                          "left": 6
                        }
                      ],
                      "parent": 3,
                      "ID": 4,
                      "left": 5
                    },
                    {
                      "Node Type": "Aggregate",
                      "Strategy": "Sorted",
                      "Partial Mode": "Finalize",
                      "Parent Relationship": "Member",
                      "Parallel Aware": false,
                      "Async Capable": false,
                      "Startup Cost": 482370.83,
                      "Total Cost": 482405.91,
                      "Plan Rows": 72,
                      "Plan Width": 49,
                      "Group Key": [
                        "item_2.i_item_id"
                      ],
                      "Plans": [
                        {
                          "Node Type": "Gather Merge",
                          "Parent Relationship": "Outer",
                          "Parallel Aware": false,
                          "Async Capable": false,
                          "Startup Cost": 482370.83,
                          "Total Cost": 482404.56,
                          "Plan Rows": 60,
                          "Plan Width": 49,
                          "Workers Planned": 2,
                          "Plans": [
                            {
                              "Node Type": "Aggregate",
                              "Strategy": "Sorted",
                              "Partial Mode": "Partial",
                              "Parent Relationship": "Outer",
                              "Parallel Aware": false,
                              "Async Capable": false,
                              "Startup Cost": 481370.81,
                              "Total Cost": 481397.61,
                              "Plan Rows": 30,
                              "Plan Width": 49,
                              "Group Key": [
                                "item_2.i_item_id"
                              ],
                              "Plans": [
                                {
                                  "Node Type": "Merge Join",
                                  "Parent Relationship": "Outer",
                                  "Parallel Aware": false,
                                  "Async Capable": false,
                                  "Join Type": "Semi",
                                  "Startup Cost": 481370.81,
                                  "Total Cost": 481397.09,
                                  "Plan Rows": 30,
                                  "Plan Width": 23,
                                  "Inner Unique": false,
                                  "Merge Cond": "(item_2.i_item_id = item_3.i_item_id)",
                                  "Plans": [
                                    {
                                      "Node Type": "Sort",
                                      "Parent Relationship": "Outer",
                                      "Parallel Aware": false,
                                      "Async Capable": false,
                                      "Startup Cost": 472702.61,
                                      "Total Cost": 472703.29,
                                      "Plan Rows": 275,
                                      "Plan Width": 23,
                                      "Sort Key": [
                                        "item_2.i_item_id"
                                      ],
                                      "Plans": [
                                        {
                                          "Node Type": "Hash Join",
                                          "Parent Relationship": "Outer",
                                          "Parallel Aware": true,
                                          "Async Capable": false,
                                          "Join Type": "Inner",
                                          "Startup Cost": 465141.94,
                                          "Total Cost": 472691.46,
                                          "Plan Rows": 275,
                                          "Plan Width": 23,
                                          "Inner Unique": false,
                                          "Hash Cond": "(item_2.i_item_sk = catalog_sales.cs_item_sk)",
                                          "Plans": [
                                            {
                                              "Node Type": "Seq Scan",
                                              "Parent Relationship": "Outer",
                                              "Parallel Aware": true,
                                              "Async Capable": false,
                                              "Relation Name": "item",
                                              "Alias": "item_2",
                                              "Startup Cost": 0.0,
                                              "Total Cost": 7389.0,
                                              "Plan Rows": 42500,
                                              "Plan Width": 21,
                                              "parent": 26,
                                              "ID": 27
                                            },
                                            {
                                              "Node Type": "Hash",
                                              "Parent Relationship": "Inner",
                                              "Parallel Aware": true,
                                              "Async Capable": false,
                                              "Startup Cost": 465138.5,
                                              "Total Cost": 465138.5,
                                              "Plan Rows": 275,
                                              "Plan Width": 10,
                                              "Plans": [
                                                {
                                                  "Node Type": "Hash Join",
                                                  "Parent Relationship": "Outer",
                                                  "Parallel Aware": true,
                                                  "Async Capable": false,
                                                  "Join Type": "Inner",
                                                  "Startup Cost": 458286.35,
                                                  "Total Cost": 465138.5,
                                                  "Plan Rows": 275,
                                                  "Plan Width": 10,
                                                  "Inner Unique": false,
                                                  "Hash Cond": "(customer_address_1.ca_address_sk = catalog_sales.cs_bill_addr_sk)",
                                                  "Plans": [
                                                    {
                                                      "Node Type": "Seq Scan",
                                                      "Parent Relationship": "Outer",
                                                      "Parallel Aware": true,
                                                      "Async Capable": false,
                                                      "Relation Name": "customer_address",
                                                      "Alias": "customer_address_1",
                                                      "Startup Cost": 0.0,
                                                      "Total Cost": 6737.08,
                                                      "Plan Rows": 11392,
                                                      "Plan Width": 4,
                                                      "Filter": "(ca_gmt_offset = '-7'::numeric)",
                                                      "parent": 29,
                                                      "ID": 30
                                                    },
                                                    {
                                                      "Node Type": "Hash",
                                                      "Parent Relationship": "Inner",
                                                      "Parallel Aware": true,
                                                      "Async Capable": false,
                                                      "Startup Cost": 458254.7,
                                                      "Total Cost": 458254.7,
                                                      "Plan Rows": 2532,
                                                      "Plan Width": 14,
                                                      "Plans": [
                                                        {
                                                          "Node Type": "Hash Join",
                                                          "Parent Relationship": "Outer",
                                                          "Parallel Aware": true,
                                                          "Async Capable": false,
                                                          "Join Type": "Inner",
                                                          "Startup Cost": 2049.78,
                                                          "Total Cost": 458254.7,
                                                          "Plan Rows": 2532,
                                                          "Plan Width": 14,
                                                          "Inner Unique": false,
                                                          "Hash Cond": "(catalog_sales.cs_sold_date_sk = date_dim_1.d_date_sk)",
                                                          "Plans": [
                                                            {
                                                              "Node Type": "Seq Scan",
                                                              "Parent Relationship": "Outer",
                                                              "Parallel Aware": true,
                                                              "Async Capable": false,
                                                              "Relation Name": "catalog_sales",
                                                              "Alias": "catalog_sales",
                                                              "Startup Cost": 0.0,
                                                              "Total Cost": 433688.25,
                                                              "Plan Rows": 6000525,
                                                              "Plan Width": 18,
                                                              "parent": 32,
                                                              "ID": 33
                                                            },
                                                            {
                                                              "Node Type": "Hash",
                                                              "Parent Relationship": "Inner",
                                                              "Parallel Aware": true,
                                                              "Async Capable": false,
                                                              "Startup Cost": 2049.55,
                                                              "Total Cost": 2049.55,
                                                              "Plan Rows": 18,
                                                              "Plan Width": 4,
                                                              "Plans": [
                                                                {
                                                                  "Node Type": "Seq Scan",
                                                                  "Parent Relationship": "Outer",
                                                                  "Parallel Aware": true,
                                                                  "Async Capable": false,
                                                                  "Relation Name": "date_dim",
                                                                  "Alias": "date_dim_1",
                                                                  "Startup Cost": 0.0,
                                                                  "Total Cost": 2049.55,
                                                                  "Plan Rows": 18,
                                                                  "Plan Width": 4,
                                                                  "Filter": "((d_year = 2001) AND (d_moy = 5))",
                                                                  "parent": 34,
                                                                  "ID": 35
                                                                }
                                                              ],
                                                              "parent": 32,
                                                              "ID": 34,
                                                              "left": 35
                                                            }
                                                          ],
                                                          "parent": 31,
                                                          "ID": 32,
                                                          "left": 33,
                                                          "right": 34
                                                        }
                                                      ],
                                                      "parent": 29,
                                                      "ID": 31,
                                                      "left": 32
                                                    }
                                                  ],
                                                  "parent": 28,
                                                  "ID": 29,
                                                  "left": 30,
                                                  "right": 31
                                                }
                                              ],
                                              "parent": 26,
                                              "ID": 28,
                                              "left": 29
                                            }
                                          ],
                                          "parent": 25,
                                          "ID": 26,
                                          "left": 27,
                                          "right": 28
                                        }
                                      ],
                                      "parent": 24,
                                      "ID": 25,
                                      "left": 26
                                    },
                                    {
                                      "Node Type": "Sort",
                                      "Parent Relationship": "Inner",
                                      "Parallel Aware": false,
                                      "Async Capable": false,
                                      "Startup Cost": 8668.21,
                                      "Total Cost": 8680.51,
                                      "Plan Rows": 4920,
                                      "Plan Width": 17,
                                      "Sort Key": [
                                        "item_3.i_item_id"
                                      ],
                                      "Plans": [
                                        {
                                          "Node Type": "Seq Scan",
                                          "Parent Relationship": "Outer",
                                          "Parallel Aware": false,
                                          "Async Capable": false,
                                          "Relation Name": "item",
                                          "Alias": "item_3",
                                          "Startup Cost": 0.0,
                                          "Total Cost": 8366.5,
                                          "Plan Rows": 4920,
                                          "Plan Width": 17,
                                          "Filter": "(i_color = ANY ('{beige,salmon,yellow}'::bpchar[]))",
                                          "parent": 36,
                                          "ID": 37
                                        }
                                      ],
                                      "parent": 24,
                                      "ID": 36,
                                      "left": 37
                                    }
                                  ],
                                  "parent": 23,
                                  "ID": 24,
                                  "left": 25,
                                  "right": 36
                                }
                              ],
                              "parent": 22,
                              "ID": 23,
                              "left": 24
                            }
                          ],
                          "parent": 21,
                          "ID": 22,
                          "left": 23
                        }
                      ],
                      "parent": 3,
                      "ID": 21,
                      "left": 22
                    },
                    {
                      "Node Type": "Aggregate",
                      "Strategy": "Sorted",
                      "Partial Mode": "Simple",
                      "Parent Relationship": "Member",
                      "Parallel Aware": false,
                      "Async Capable": false,
                      "Startup Cost": 254908.81,
                      "Total Cost": 254909.53,
                      "Plan Rows": 36,
                      "Plan Width": 49,
                      "Group Key": [
                        "item_4.i_item_id"
                      ],
                      "Plans": [
                        {
                          "Node Type": "Sort",
                          "Parent Relationship": "Outer",
                          "Parallel Aware": false,
                          "Async Capable": false,
                          "Startup Cost": 254908.81,
                          "Total Cost": 254908.9,
                          "Plan Rows": 36,
                          "Plan Width": 23,
                          "Sort Key": [
                            "item_4.i_item_id"
                          ],
                          "Plans": [
                            {
                              "Node Type": "Hash Join",
                              "Parent Relationship": "Outer",
                              "Parallel Aware": false,
                              "Async Capable": false,
                              "Join Type": "Semi",
                              "Startup Cost": 247324.2,
                              "Total Cost": 254907.88,
                              "Plan Rows": 36,
                              "Plan Width": 23,
                              "Inner Unique": false,
                              "Hash Cond": "(item_4.i_item_id = item_5.i_item_id)",
                              "Plans": [
                                {
                                  "Node Type": "Gather",
                                  "Parent Relationship": "Outer",
                                  "Parallel Aware": false,
                                  "Async Capable": false,
                                  "Startup Cost": 238896.2,
                                  "Total Cost": 246478.56,
                                  "Plan Rows": 334,
                                  "Plan Width": 23,
                                  "Workers Planned": 2,
                                  "Single Copy": false,
                                  "Plans": [
                                    {
                                      "Node Type": "Hash Join",
                                      "Parent Relationship": "Outer",
                                      "Parallel Aware": true,
                                      "Async Capable": false,
                                      "Join Type": "Inner",
                                      "Startup Cost": 237896.2,
                                      "Total Cost": 245445.16,
                                      "Plan Rows": 139,
                                      "Plan Width": 23,
                                      "Inner Unique": false,
                                      "Hash Cond": "(item_4.i_item_sk = web_sales.ws_item_sk)",
                                      "Plans": [
                                        {
                                          "Node Type": "Seq Scan",
                                          "Parent Relationship": "Outer",
                                          "Parallel Aware": true,
                                          "Async Capable": false,
                                          "Relation Name": "item",
                                          "Alias": "item_4",
                                          "Startup Cost": 0.0,
                                          "Total Cost": 7389.0,
                                          "Plan Rows": 42500,
                                          "Plan Width": 21,
                                          "parent": 42,
                                          "ID": 43
                                        },
                                        {
                                          "Node Type": "Hash",
                                          "Parent Relationship": "Inner",
                                          "Parallel Aware": true,
                                          "Async Capable": false,
                                          "Startup Cost": 237894.46,
                                          "Total Cost": 237894.46,
                                          "Plan Rows": 139,
                                          "Plan Width": 10,
                                          "Plans": [
                                            {
                                              "Node Type": "Hash Join",
                                              "Parent Relationship": "Outer",
                                              "Parallel Aware": true,
                                              "Async Capable": false,
                                              "Join Type": "Inner",
                                              "Startup Cost": 231057.12,
                                              "Total Cost": 237894.46,
                                              "Plan Rows": 139,
                                              "Plan Width": 10,
                                              "Inner Unique": false,
                                              "Hash Cond": "(customer_address_2.ca_address_sk = web_sales.ws_bill_addr_sk)",
                                              "Plans": [
                                                {
                                                  "Node Type": "Seq Scan",
                                                  "Parent Relationship": "Outer",
                                                  "Parallel Aware": true,
                                                  "Async Capable": false,
                                                  "Relation Name": "customer_address",
                                                  "Alias": "customer_address_2",
                                                  "Startup Cost": 0.0,
                                                  "Total Cost": 6737.08,
                                                  "Plan Rows": 11392,
                                                  "Plan Width": 4,
                                                  "Filter": "(ca_gmt_offset = '-7'::numeric)",
                                                  "parent": 45,
                                                  "ID": 46
                                                },
                                                {
                                                  "Node Type": "Hash",
                                                  "Parent Relationship": "Inner",
                                                  "Parallel Aware": true,
                                                  "Async Capable": false,
                                                  "Startup Cost": 231041.22,
                                                  "Total Cost": 231041.22,
                                                  "Plan Rows": 1272,
                                                  "Plan Width": 14,
                                                  "Plans": [
                                                    {
                                                      "Node Type": "Hash Join",
                                                      "Parent Relationship": "Outer",
                                                      "Parallel Aware": true,
                                                      "Async Capable": false,
                                                      "Join Type": "Inner",
                                                      "Startup Cost": 2049.78,
                                                      "Total Cost": 231041.22,
                                                      "Plan Rows": 1272,
                                                      "Plan Width": 14,
                                                      "Inner Unique": false,
                                                      "Hash Cond": "(web_sales.ws_sold_date_sk = date_dim_2.d_date_sk)",
                                                      "Plans": [
                                                        {
                                                          "Node Type": "Seq Scan",
                                                          "Parent Relationship": "Outer",
                                                          "Parallel Aware": true,
                                                          "Async Capable": false,
                                                          "Relation Name": "web_sales",
                                                          "Alias": "web_sales",
                                                          "Startup Cost": 0.0,
                                                          "Total Cost": 217737.86,
                                                          "Plan Rows": 2998986,
                                                          "Plan Width": 18,
                                                          "parent": 48,
                                                          "ID": 49
                                                        },
                                                        {
                                                          "Node Type": "Hash",
                                                          "Parent Relationship": "Inner",
                                                          "Parallel Aware": true,
                                                          "Async Capable": false,
                                                          "Startup Cost": 2049.55,
                                                          "Total Cost": 2049.55,
                                                          "Plan Rows": 18,
                                                          "Plan Width": 4,
                                                          "Plans": [
                                                            {
                                                              "Node Type": "Seq Scan",
                                                              "Parent Relationship": "Outer",
                                                              "Parallel Aware": true,
                                                              "Async Capable": false,
                                                              "Relation Name": "date_dim",
                                                              "Alias": "date_dim_2",
                                                              "Startup Cost": 0.0,
                                                              "Total Cost": 2049.55,
                                                              "Plan Rows": 18,
                                                              "Plan Width": 4,
                                                              "Filter": "((d_year = 2001) AND (d_moy = 5))",
                                                              "parent": 50,
                                                              "ID": 51
                                                            }
                                                          ],
                                                          "parent": 48,
                                                          "ID": 50,
                                                          "left": 51
                                                        }
                                                      ],
                                                      "parent": 47,
                                                      "ID": 48,
                                                      "left": 49,
                                                      "right": 50
                                                    }
                                                  ],
                                                  "parent": 45,
                                                  "ID": 47,
                                                  "left": 48
                                                }
                                              ],
                                              "parent": 44,
                                              "ID": 45,
                                              "left": 46,
                                              "right": 47
                                            }
                                          ],
                                          "parent": 42,
                                          "ID": 44,
                                          "left": 45
                                        }
                                      ],
                                      "parent": 41,
                                      "ID": 42,
                                      "left": 43,
                                      "right": 44
                                    }
                                  ],
                                  "parent": 40,
                                  "ID": 41,
                                  "left": 42
                                },
                                {
                                  "Node Type": "Hash",
                                  "Parent Relationship": "Inner",
                                  "Parallel Aware": false,
                                  "Async Capable": false,
                                  "Startup Cost": 8366.5,
                                  "Total Cost": 8366.5,
                                  "Plan Rows": 4920,
                                  "Plan Width": 17,
                                  "Plans": [
                                    {
                                      "Node Type": "Seq Scan",
                                      "Parent Relationship": "Outer",
                                      "Parallel Aware": false,
                                      "Async Capable": false,
                                      "Relation Name": "item",
                                      "Alias": "item_5",
                                      "Startup Cost": 0.0,
                                      "Total Cost": 8366.5,
                                      "Plan Rows": 4920,
                                      "Plan Width": 17,
                                      "Filter": "(i_color = ANY ('{beige,salmon,yellow}'::bpchar[]))",
                                      "parent": 52,
                                      "ID": 53
                                    }
                                  ],
                                  "parent": 40,
                                  "ID": 52,
                                  "left": 53
                                }
                              ],
                              "parent": 39,
                              "ID": 40,
                              "left": 41,
                              "right": 52
                            }
                          ],
                          "parent": 38,
                          "ID": 39,
                          "left": 40
                        }
                      ],
                      "parent": 3,
                      "ID": 38,
                      "left": 39
                    }
                  ],
                  "parent": 2,
                  "ID": 3,
                  "left": 4,
                  "right": 21
                }
              ],
              "parent": 1,
              "ID": 2,
              "left": 3
            }
          ],
          "parent": 0,
          "ID": 1,
          "left": 2
        }
      ],
      "parent": null,
      "ID": 0,
      "left": 1
    },
    "feat": {
      "utility": 0.004252713647730743,
      "query_shape": [
        [
          "Seq Scan",
          "Hash Join",
          "Sort",
          "Merge Join",
          "Aggregate",
          "Gather Merge",
          "Merge Append"
        ],
        [
          "Seq Scan",
          "Hash Join",
          "Hash",
          "Sort",
          "Merge Join",
          "Aggregate",
          "Gather Merge",
          "Merge Append"
        ],
        [
          "Seq Scan",
          "Hash Join",
          "Hash",
          "Sort",
          "Merge Join",
          "Aggregate",
          "Gather Merge",
          "Merge Append"
        ],
        [
          "Seq Scan",
          "Hash",
          "Hash Join",
          "Sort",
          "Merge Join",
          "Aggregate",
          "Gather Merge",
          "Merge Append"
        ],
        [
          "Seq Scan",
          "Sort",
          "Merge Join",
          "Aggregate",
          "Gather Merge",
          "Merge Append"
        ],
        [
          "Seq Scan",
          "Hash Join",
          "Sort",
          "Merge Join",
          "Aggregate",
          "Gather Merge",
          "Merge Append"
        ],
        [
          "Seq Scan",
          "Hash Join",
          "Hash",
          "Sort",
          "Merge Join",
          "Aggregate",
          "Gather Merge",
          "Merge Append"
        ],
        [
          "Seq Scan",
          "Hash Join",
          "Hash",
          "Sort",
          "Merge Join",
          "Aggregate",
          "Gather Merge",
          "Merge Append"
        ],
        [
          "Seq Scan",
          "Hash",
          "Hash Join",
          "Sort",
          "Merge Join",
          "Aggregate",
          "Gather Merge",
          "Merge Append"
        ],
        [
          "Seq Scan",
          "Sort",
          "Merge Join",
          "Aggregate",
          "Gather Merge",
          "Merge Append"
        ],
        [
          "Seq Scan",
          "Hash Join",
          "Gather",
          "Sort",
          "Aggregate",
          "Merge Append"
        ],
        [
          "Seq Scan",
          "Hash Join",
          "Hash",
          "Gather",
          "Sort",
          "Aggregate",
          "Merge Append"
        ],
        [
          "Seq Scan",
          "Hash Join",
          "Hash",
          "Gather",
          "Sort",
          "Aggregate",
          "Merge Append"
        ],
        [
          "Seq Scan",
          "Hash",
          "Hash Join",
          "Gather",
          "Sort",
          "Aggregate",
          "Merge Append"
        ],
        [
          "Seq Scan",
          "Hash",
          "Hash Join",
          "Sort",
          "Aggregate",
          "Merge Append"
        ]
      ],
      "index_shape": [
        "selection"
      ],
      "physical_operator": {
        "Seq Scan": [
          0.0002464099440101508,
          0.0002464099440101508,
          0.0002464099440101508
        ]
      }
    }
  },
  {
    "query": "with ss as (\n select i_item_id,sum(ss_ext_sales_price) total_sales\n from\n \tstore_sales,\n \tdate_dim,\n         customer_address,\n         item\n where i_item_id in (select\n     i_item_id\nfrom item\nwhere i_color in ('beige','salmon','yellow'))\n and     ss_item_sk              = i_item_sk\n and     ss_sold_date_sk         = d_date_sk\n and     d_year                  = 2001\n and     d_moy                   = 5\n and     ss_addr_sk              = ca_address_sk\n and     ca_gmt_offset           = -7 \n group by i_item_id),\n cs as (\n select i_item_id,sum(cs_ext_sales_price) total_sales\n from\n \tcatalog_sales,\n \tdate_dim,\n         customer_address,\n         item\n where\n         i_item_id               in (select\n  i_item_id\nfrom item\nwhere i_color in ('beige','salmon','yellow'))\n and     cs_item_sk              = i_item_sk\n and     cs_sold_date_sk         = d_date_sk\n and     d_year                  = 2001\n and     d_moy                   = 5\n and     cs_bill_addr_sk         = ca_address_sk\n and     ca_gmt_offset           = -7 \n group by i_item_id),\n ws as (\n select i_item_id,sum(ws_ext_sales_price) total_sales\n from\n \tweb_sales,\n \tdate_dim,\n         customer_address,\n         item\n where\n         i_item_id               in (select\n  i_item_id\nfrom item\nwhere i_color in ('beige','salmon','yellow'))\n and     ws_item_sk              = i_item_sk\n and     ws_sold_date_sk         = d_date_sk\n and     d_year                  = 2001\n and     d_moy                   = 5\n and     ws_bill_addr_sk         = ca_address_sk\n and     ca_gmt_offset           = -7\n group by i_item_id)\n  select  i_item_id ,sum(total_sales) total_sales\n from  (select * from ss \n        union all\n        select * from cs \n        union all\n        select * from ws) tmp1\n group by i_item_id\n order by total_sales,\n          i_item_id\n limit 100;\n\n-- end query 40 in stream 1 using template query56.tpl\n",
    "indexes": "date_dim.d_moy",
    "wo plan est": {
      "Node Type": "Limit",
      "Parallel Aware": false,
      "Async Capable": false,
      "Startup Cost": 1445461.5,
      "Total Cost": 1445461.75,
      "Plan Rows": 100,
      "Plan Width": 49,
      "Plans": [
        {
          "Node Type": "Sort",
          "Parent Relationship": "Outer",
          "Parallel Aware": false,
          "Async Capable": false,
          "Startup Cost": 1445461.5,
          "Total Cost": 1445462.0,
          "Plan Rows": 200,
          "Plan Width": 49,
          "Sort Key": [
            "(sum((sum(store_sales.ss_ext_sales_price))))",
            "item.i_item_id"
          ],
          "Plans": [
            {
              "Node Type": "Aggregate",
              "Strategy": "Sorted",
              "Partial Mode": "Simple",
              "Parent Relationship": "Outer",
              "Parallel Aware": false,
              "Async Capable": false,
              "Startup Cost": 1445365.0,
              "Total Cost": 1445453.86,
              "Plan Rows": 200,
              "Plan Width": 49,
              "Group Key": [
                "item.i_item_id"
              ],
              "Plans": [
                {
                  "Node Type": "Merge Append",
                  "Parent Relationship": "Outer",
                  "Parallel Aware": false,
                  "Async Capable": false,
                  "Startup Cost": 1445365.0,
                  "Total Cost": 1445450.15,
                  "Plan Rows": 241,
                  "Plan Width": 49,
                  "Sort Key": [
                    "item.i_item_id"
                  ],
                  "Subplans Removed": 0,
                  "Plans": [
                    {
                      "Node Type": "Aggregate",
                      "Strategy": "Sorted",
                      "Partial Mode": "Finalize",
                      "Parent Relationship": "Member",
                      "Parallel Aware": false,
                      "Async Capable": false,
                      "Startup Cost": 708085.33,
                      "Total Cost": 708129.17,
                      "Plan Rows": 133,
                      "Plan Width": 49,
                      "Group Key": [
                        "item.i_item_id"
                      ],
                      "Plans": [
                        {
                          "Node Type": "Gather Merge",
                          "Parent Relationship": "Outer",
                          "Parallel Aware": false,
                          "Async Capable": false,
                          "Startup Cost": 708085.33,
                          "Total Cost": 708126.68,
                          "Plan Rows": 110,
                          "Plan Width": 49,
                          "Workers Planned": 2,
                          "Plans": [
                            {
                              "Node Type": "Aggregate",
                              "Strategy": "Sorted",
                              "Partial Mode": "Partial",
                              "Parent Relationship": "Outer",
                              "Parallel Aware": false,
                              "Async Capable": false,
                              "Startup Cost": 707085.31,
                              "Total Cost": 707113.96,
                              "Plan Rows": 55,
                              "Plan Width": 49,
                              "Group Key": [
                                "item.i_item_id"
                              ],
                              "Plans": [
                                {
                                  "Node Type": "Merge Join",
                                  "Parent Relationship": "Outer",
                                  "Parallel Aware": false,
                                  "Async Capable": false,
                                  "Join Type": "Semi",
                                  "Startup Cost": 707085.31,
                                  "Total Cost": 707113.0,
                                  "Plan Rows": 55,
                                  "Plan Width": 23,
                                  "Inner Unique": false,
                                  "Merge Cond": "(item.i_item_id = item_1.i_item_id)",
                                  "Plans": [
                                    {
                                      "Node Type": "Sort",
                                      "Parent Relationship": "Outer",
                                      "Parallel Aware": false,
                                      "Async Capable": false,
                                      "Startup Cost": 698417.1,
                                      "Total Cost": 698418.37,
                                      "Plan Rows": 508,
                                      "Plan Width": 23,
                                      "Sort Key": [
                                        "item.i_item_id"
                                      ],
                                      "Plans": [
                                        {
                                          "Node Type": "Hash Join",
                                          "Parent Relationship": "Outer",
                                          "Parallel Aware": true,
                                          "Async Capable": false,
                                          "Join Type": "Inner",
                                          "Startup Cost": 690843.77,
                                          "Total Cost": 698394.27,
                                          "Plan Rows": 508,
                                          "Plan Width": 23,
                                          "Inner Unique": false,
                                          "Hash Cond": "(item.i_item_sk = store_sales.ss_item_sk)",
                                          "Plans": [
                                            {
                                              "Node Type": "Seq Scan",
                                              "Parent Relationship": "Outer",
                                              "Parallel Aware": true,
                                              "Async Capable": false,
                                              "Relation Name": "item",
                                              "Alias": "item",
                                              "Startup Cost": 0.0,
                                              "Total Cost": 7389.0,
                                              "Plan Rows": 42500,
                                              "Plan Width": 21,
                                              "parent": 9,
                                              "ID": 10
                                            },
                                            {
                                              "Node Type": "Hash",
                                              "Parent Relationship": "Inner",
                                              "Parallel Aware": true,
                                              "Async Capable": false,
                                              "Startup Cost": 690837.42,
                                              "Total Cost": 690837.42,
                                              "Plan Rows": 508,
                                              "Plan Width": 10,
                                              "Plans": [
                                                {
                                                  "Node Type": "Hash Join",
                                                  "Parent Relationship": "Outer",
                                                  "Parallel Aware": true,
                                                  "Async Capable": false,
                                                  "Join Type": "Inner",
                                                  "Startup Cost": 684055.5,
                                                  "Total Cost": 690837.42,
                                                  "Plan Rows": 508,
                                                  "Plan Width": 10,
                                                  "Inner Unique": false,
                                                  "Hash Cond": "(customer_address.ca_address_sk = store_sales.ss_addr_sk)",
                                                  "Plans": [
                                                    {
                                                      "Node Type": "Seq Scan",
                                                      "Parent Relationship": "Outer",
                                                      "Parallel Aware": true,
                                                      "Async Capable": false,
                                                      "Relation Name": "customer_address",
                                                      "Alias": "customer_address",
                                                      "Startup Cost": 0.0,
                                                      "Total Cost": 6737.08,
                                                      "Plan Rows": 11392,
                                                      "Plan Width": 4,
                                                      "Filter": "(ca_gmt_offset = '-7'::numeric)",
                                                      "parent": 12,
                                                      "ID": 13
                                                    },
                                                    {
                                                      "Node Type": "Hash",
                                                      "Parent Relationship": "Inner",
                                                      "Parallel Aware": true,
                                                      "Async Capable": false,
                                                      "Startup Cost": 683994.75,
                                                      "Total Cost": 683994.75,
                                                      "Plan Rows": 4860,
                                                      "Plan Width": 14,
                                                      "Plans": [
                                                        {
                                                          "Node Type": "Hash Join",
                                                          "Parent Relationship": "Outer",
                                                          "Parallel Aware": true,
                                                          "Async Capable": false,
                                                          "Join Type": "Inner",
                                                          "Startup Cost": 2049.78,
                                                          "Total Cost": 683994.75,
                                                          "Plan Rows": 4860,
                                                          "Plan Width": 14,
                                                          "Inner Unique": false,
                                                          "Hash Cond": "(store_sales.ss_sold_date_sk = date_dim.d_date_sk)",
                                                          "Plans": [
                                                            {
                                                              "Node Type": "Seq Scan",
                                                              "Parent Relationship": "Outer",
                                                              "Parallel Aware": true,
                                                              "Async Capable": false,
                                                              "Relation Name": "store_sales",
                                                              "Alias": "store_sales",
                                                              "Startup Cost": 0.0,
                                                              "Total Cost": 636914.37,
                                                              "Plan Rows": 12000637,
                                                              "Plan Width": 18,
                                                              "parent": 15,
                                                              "ID": 16
                                                            },
                                                            {
                                                              "Node Type": "Hash",
                                                              "Parent Relationship": "Inner",
                                                              "Parallel Aware": true,
                                                              "Async Capable": false,
                                                              "Startup Cost": 2049.55,
                                                              "Total Cost": 2049.55,
                                                              "Plan Rows": 18,
                                                              "Plan Width": 4,
                                                              "Plans": [
                                                                {
                                                                  "Node Type": "Seq Scan",
                                                                  "Parent Relationship": "Outer",
                                                                  "Parallel Aware": true,
                                                                  "Async Capable": false,
                                                                  "Relation Name": "date_dim",
                                                                  "Alias": "date_dim",
                                                                  "Startup Cost": 0.0,
                                                                  "Total Cost": 2049.55,
                                                                  "Plan Rows": 18,
                                                                  "Plan Width": 4,
                                                                  "Filter": "((d_year = 2001) AND (d_moy = 5))",
                                                                  "parent": 17,
                                                                  "ID": 18
                                                                }
                                                              ],
                                                              "parent": 15,
                                                              "ID": 17,
                                                              "left": 18
                                                            }
                                                          ],
                                                          "parent": 14,
                                                          "ID": 15,
                                                          "left": 16,
                                                          "right": 17
                                                        }
                                                      ],
                                                      "parent": 12,
                                                      "ID": 14,
                                                      "left": 15
                                                    }
                                                  ],
                                                  "parent": 11,
                                                  "ID": 12,
                                                  "left": 13,
                                                  "right": 14
                                                }
                                              ],
                                              "parent": 9,
                                              "ID": 11,
                                              "left": 12
                                            }
                                          ],
                                          "parent": 8,
                                          "ID": 9,
                                          "left": 10,
                                          "right": 11
                                        }
                                      ],
                                      "parent": 7,
                                      "ID": 8,
                                      "left": 9
                                    },
                                    {
                                      "Node Type": "Sort",
                                      "Parent Relationship": "Inner",
                                      "Parallel Aware": false,
                                      "Async Capable": false,
                                      "Startup Cost": 8668.21,
                                      "Total Cost": 8680.51,
                                      "Plan Rows": 4920,
                                      "Plan Width": 17,
                                      "Sort Key": [
                                        "item_1.i_item_id"
                                      ],
                                      "Plans": [
                                        {
                                          "Node Type": "Seq Scan",
                                          "Parent Relationship": "Outer",
                                          "Parallel Aware": false,
                                          "Async Capable": false,
                                          "Relation Name": "item",
                                          "Alias": "item_1",
                                          "Startup Cost": 0.0,
                                          "Total Cost": 8366.5,
                                          "Plan Rows": 4920,
                                          "Plan Width": 17,
                                          "Filter": "(i_color = ANY ('{beige,salmon,yellow}'::bpchar[]))",
                                          "parent": 19,
                                          "ID": 20
                                        }
                                      ],
                                      "parent": 7,
                                      "ID": 19,
                                      "left": 20
                                    }
                                  ],
                                  "parent": 6,
                                  "ID": 7,
                                  "left": 8,
                                  "right": 19
                                }
                              ],
                              "parent": 5,
                              "ID": 6,
                              "left": 7
                            }
                          ],
                          "parent": 4,
                          "ID": 5,
                          "left": 6
                        }
                      ],
                      "parent": 3,
                      "ID": 4,
                      "left": 5
                    },
                    {
                      "Node Type": "Aggregate",
                      "Strategy": "Sorted",
                      "Partial Mode": "Finalize",
                      "Parent Relationship": "Member",
                      "Parallel Aware": false,
                      "Async Capable": false,
                      "Startup Cost": 482370.83,
                      "Total Cost": 482405.91,
                      "Plan Rows": 72,
                      "Plan Width": 49,
                      "Group Key": [
                        "item_2.i_item_id"
                      ],
                      "Plans": [
                        {
                          "Node Type": "Gather Merge",
                          "Parent Relationship": "Outer",
                          "Parallel Aware": false,
                          "Async Capable": false,
                          "Startup Cost": 482370.83,
                          "Total Cost": 482404.56,
                          "Plan Rows": 60,
                          "Plan Width": 49,
                          "Workers Planned": 2,
                          "Plans": [
                            {
                              "Node Type": "Aggregate",
                              "Strategy": "Sorted",
                              "Partial Mode": "Partial",
                              "Parent Relationship": "Outer",
                              "Parallel Aware": false,
                              "Async Capable": false,
                              "Startup Cost": 481370.81,
                              "Total Cost": 481397.61,
                              "Plan Rows": 30,
                              "Plan Width": 49,
                              "Group Key": [
                                "item_2.i_item_id"
                              ],
                              "Plans": [
                                {
                                  "Node Type": "Merge Join",
                                  "Parent Relationship": "Outer",
                                  "Parallel Aware": false,
                                  "Async Capable": false,
                                  "Join Type": "Semi",
                                  "Startup Cost": 481370.81,
                                  "Total Cost": 481397.09,
                                  "Plan Rows": 30,
                                  "Plan Width": 23,
                                  "Inner Unique": false,
                                  "Merge Cond": "(item_2.i_item_id = item_3.i_item_id)",
                                  "Plans": [
                                    {
                                      "Node Type": "Sort",
                                      "Parent Relationship": "Outer",
                                      "Parallel Aware": false,
                                      "Async Capable": false,
                                      "Startup Cost": 472702.61,
                                      "Total Cost": 472703.29,
                                      "Plan Rows": 275,
                                      "Plan Width": 23,
                                      "Sort Key": [
                                        "item_2.i_item_id"
                                      ],
                                      "Plans": [
                                        {
                                          "Node Type": "Hash Join",
                                          "Parent Relationship": "Outer",
                                          "Parallel Aware": true,
                                          "Async Capable": false,
                                          "Join Type": "Inner",
                                          "Startup Cost": 465141.94,
                                          "Total Cost": 472691.46,
                                          "Plan Rows": 275,
                                          "Plan Width": 23,
                                          "Inner Unique": false,
                                          "Hash Cond": "(item_2.i_item_sk = catalog_sales.cs_item_sk)",
                                          "Plans": [
                                            {
                                              "Node Type": "Seq Scan",
                                              "Parent Relationship": "Outer",
                                              "Parallel Aware": true,
                                              "Async Capable": false,
                                              "Relation Name": "item",
                                              "Alias": "item_2",
                                              "Startup Cost": 0.0,
                                              "Total Cost": 7389.0,
                                              "Plan Rows": 42500,
                                              "Plan Width": 21,
                                              "parent": 26,
                                              "ID": 27
                                            },
                                            {
                                              "Node Type": "Hash",
                                              "Parent Relationship": "Inner",
                                              "Parallel Aware": true,
                                              "Async Capable": false,
                                              "Startup Cost": 465138.5,
                                              "Total Cost": 465138.5,
                                              "Plan Rows": 275,
                                              "Plan Width": 10,
                                              "Plans": [
                                                {
                                                  "Node Type": "Hash Join",
                                                  "Parent Relationship": "Outer",
                                                  "Parallel Aware": true,
                                                  "Async Capable": false,
                                                  "Join Type": "Inner",
                                                  "Startup Cost": 458286.35,
                                                  "Total Cost": 465138.5,
                                                  "Plan Rows": 275,
                                                  "Plan Width": 10,
                                                  "Inner Unique": false,
                                                  "Hash Cond": "(customer_address_1.ca_address_sk = catalog_sales.cs_bill_addr_sk)",
                                                  "Plans": [
                                                    {
                                                      "Node Type": "Seq Scan",
                                                      "Parent Relationship": "Outer",
                                                      "Parallel Aware": true,
                                                      "Async Capable": false,
                                                      "Relation Name": "customer_address",
                                                      "Alias": "customer_address_1",
                                                      "Startup Cost": 0.0,
                                                      "Total Cost": 6737.08,
                                                      "Plan Rows": 11392,
                                                      "Plan Width": 4,
                                                      "Filter": "(ca_gmt_offset = '-7'::numeric)",
                                                      "parent": 29,
                                                      "ID": 30
                                                    },
                                                    {
                                                      "Node Type": "Hash",
                                                      "Parent Relationship": "Inner",
                                                      "Parallel Aware": true,
                                                      "Async Capable": false,
                                                      "Startup Cost": 458254.7,
                                                      "Total Cost": 458254.7,
                                                      "Plan Rows": 2532,
                                                      "Plan Width": 14,
                                                      "Plans": [
                                                        {
                                                          "Node Type": "Hash Join",
                                                          "Parent Relationship": "Outer",
                                                          "Parallel Aware": true,
                                                          "Async Capable": false,
                                                          "Join Type": "Inner",
                                                          "Startup Cost": 2049.78,
                                                          "Total Cost": 458254.7,
                                                          "Plan Rows": 2532,
                                                          "Plan Width": 14,
                                                          "Inner Unique": false,
                                                          "Hash Cond": "(catalog_sales.cs_sold_date_sk = date_dim_1.d_date_sk)",
                                                          "Plans": [
                                                            {
                                                              "Node Type": "Seq Scan",
                                                              "Parent Relationship": "Outer",
                                                              "Parallel Aware": true,
                                                              "Async Capable": false,
                                                              "Relation Name": "catalog_sales",
                                                              "Alias": "catalog_sales",
                                                              "Startup Cost": 0.0,
                                                              "Total Cost": 433688.25,
                                                              "Plan Rows": 6000525,
                                                              "Plan Width": 18,
                                                              "parent": 32,
                                                              "ID": 33
                                                            },
                                                            {
                                                              "Node Type": "Hash",
                                                              "Parent Relationship": "Inner",
                                                              "Parallel Aware": true,
                                                              "Async Capable": false,
                                                              "Startup Cost": 2049.55,
                                                              "Total Cost": 2049.55,
                                                              "Plan Rows": 18,
                                                              "Plan Width": 4,
                                                              "Plans": [
                                                                {
                                                                  "Node Type": "Seq Scan",
                                                                  "Parent Relationship": "Outer",
                                                                  "Parallel Aware": true,
                                                                  "Async Capable": false,
                                                                  "Relation Name": "date_dim",
                                                                  "Alias": "date_dim_1",
                                                                  "Startup Cost": 0.0,
                                                                  "Total Cost": 2049.55,
                                                                  "Plan Rows": 18,
                                                                  "Plan Width": 4,
                                                                  "Filter": "((d_year = 2001) AND (d_moy = 5))",
                                                                  "parent": 34,
                                                                  "ID": 35
                                                                }
                                                              ],
                                                              "parent": 32,
                                                              "ID": 34,
                                                              "left": 35
                                                            }
                                                          ],
                                                          "parent": 31,
                                                          "ID": 32,
                                                          "left": 33,
                                                          "right": 34
                                                        }
                                                      ],
                                                      "parent": 29,
                                                      "ID": 31,
                                                      "left": 32
                                                    }
                                                  ],
                                                  "parent": 28,
                                                  "ID": 29,
                                                  "left": 30,
                                                  "right": 31
                                                }
                                              ],
                                              "parent": 26,
                                              "ID": 28,
                                              "left": 29
                                            }
                                          ],
                                          "parent": 25,
                                          "ID": 26,
                                          "left": 27,
                                          "right": 28
                                        }
                                      ],
                                      "parent": 24,
                                      "ID": 25,
                                      "left": 26
                                    },
                                    {
                                      "Node Type": "Sort",
                                      "Parent Relationship": "Inner",
                                      "Parallel Aware": false,
                                      "Async Capable": false,
                                      "Startup Cost": 8668.21,
                                      "Total Cost": 8680.51,
                                      "Plan Rows": 4920,
                                      "Plan Width": 17,
                                      "Sort Key": [
                                        "item_3.i_item_id"
                                      ],
                                      "Plans": [
                                        {
                                          "Node Type": "Seq Scan",
                                          "Parent Relationship": "Outer",
                                          "Parallel Aware": false,
                                          "Async Capable": false,
                                          "Relation Name": "item",
                                          "Alias": "item_3",
                                          "Startup Cost": 0.0,
                                          "Total Cost": 8366.5,
                                          "Plan Rows": 4920,
                                          "Plan Width": 17,
                                          "Filter": "(i_color = ANY ('{beige,salmon,yellow}'::bpchar[]))",
                                          "parent": 36,
                                          "ID": 37
                                        }
                                      ],
                                      "parent": 24,
                                      "ID": 36,
                                      "left": 37
                                    }
                                  ],
                                  "parent": 23,
                                  "ID": 24,
                                  "left": 25,
                                  "right": 36
                                }
                              ],
                              "parent": 22,
                              "ID": 23,
                              "left": 24
                            }
                          ],
                          "parent": 21,
                          "ID": 22,
                          "left": 23
                        }
                      ],
                      "parent": 3,
                      "ID": 21,
                      "left": 22
                    },
                    {
                      "Node Type": "Aggregate",
                      "Strategy": "Sorted",
                      "Partial Mode": "Simple",
                      "Parent Relationship": "Member",
                      "Parallel Aware": false,
                      "Async Capable": false,
                      "Startup Cost": 254908.81,
                      "Total Cost": 254909.53,
                      "Plan Rows": 36,
                      "Plan Width": 49,
                      "Group Key": [
                        "item_4.i_item_id"
                      ],
                      "Plans": [
                        {
                          "Node Type": "Sort",
                          "Parent Relationship": "Outer",
                          "Parallel Aware": false,
                          "Async Capable": false,
                          "Startup Cost": 254908.81,
                          "Total Cost": 254908.9,
                          "Plan Rows": 36,
                          "Plan Width": 23,
                          "Sort Key": [
                            "item_4.i_item_id"
                          ],
                          "Plans": [
                            {
                              "Node Type": "Hash Join",
                              "Parent Relationship": "Outer",
                              "Parallel Aware": false,
                              "Async Capable": false,
                              "Join Type": "Semi",
                              "Startup Cost": 247324.2,
                              "Total Cost": 254907.88,
                              "Plan Rows": 36,
                              "Plan Width": 23,
                              "Inner Unique": false,
                              "Hash Cond": "(item_4.i_item_id = item_5.i_item_id)",
                              "Plans": [
                                {
                                  "Node Type": "Gather",
                                  "Parent Relationship": "Outer",
                                  "Parallel Aware": false,
                                  "Async Capable": false,
                                  "Startup Cost": 238896.2,
                                  "Total Cost": 246478.56,
                                  "Plan Rows": 334,
                                  "Plan Width": 23,
                                  "Workers Planned": 2,
                                  "Single Copy": false,
                                  "Plans": [
                                    {
                                      "Node Type": "Hash Join",
                                      "Parent Relationship": "Outer",
                                      "Parallel Aware": true,
                                      "Async Capable": false,
                                      "Join Type": "Inner",
                                      "Startup Cost": 237896.2,
                                      "Total Cost": 245445.16,
                                      "Plan Rows": 139,
                                      "Plan Width": 23,
                                      "Inner Unique": false,
                                      "Hash Cond": "(item_4.i_item_sk = web_sales.ws_item_sk)",
                                      "Plans": [
                                        {
                                          "Node Type": "Seq Scan",
                                          "Parent Relationship": "Outer",
                                          "Parallel Aware": true,
                                          "Async Capable": false,
                                          "Relation Name": "item",
                                          "Alias": "item_4",
                                          "Startup Cost": 0.0,
                                          "Total Cost": 7389.0,
                                          "Plan Rows": 42500,
                                          "Plan Width": 21,
                                          "parent": 42,
                                          "ID": 43
                                        },
                                        {
                                          "Node Type": "Hash",
                                          "Parent Relationship": "Inner",
                                          "Parallel Aware": true,
                                          "Async Capable": false,
                                          "Startup Cost": 237894.46,
                                          "Total Cost": 237894.46,
                                          "Plan Rows": 139,
                                          "Plan Width": 10,
                                          "Plans": [
                                            {
                                              "Node Type": "Hash Join",
                                              "Parent Relationship": "Outer",
                                              "Parallel Aware": true,
                                              "Async Capable": false,
                                              "Join Type": "Inner",
                                              "Startup Cost": 231057.12,
                                              "Total Cost": 237894.46,
                                              "Plan Rows": 139,
                                              "Plan Width": 10,
                                              "Inner Unique": false,
                                              "Hash Cond": "(customer_address_2.ca_address_sk = web_sales.ws_bill_addr_sk)",
                                              "Plans": [
                                                {
                                                  "Node Type": "Seq Scan",
                                                  "Parent Relationship": "Outer",
                                                  "Parallel Aware": true,
                                                  "Async Capable": false,
                                                  "Relation Name": "customer_address",
                                                  "Alias": "customer_address_2",
                                                  "Startup Cost": 0.0,
                                                  "Total Cost": 6737.08,
                                                  "Plan Rows": 11392,
                                                  "Plan Width": 4,
                                                  "Filter": "(ca_gmt_offset = '-7'::numeric)",
                                                  "parent": 45,
                                                  "ID": 46
                                                },
                                                {
                                                  "Node Type": "Hash",
                                                  "Parent Relationship": "Inner",
                                                  "Parallel Aware": true,
                                                  "Async Capable": false,
                                                  "Startup Cost": 231041.22,
                                                  "Total Cost": 231041.22,
                                                  "Plan Rows": 1272,
                                                  "Plan Width": 14,
                                                  "Plans": [
                                                    {
                                                      "Node Type": "Hash Join",
                                                      "Parent Relationship": "Outer",
                                                      "Parallel Aware": true,
                                                      "Async Capable": false,
                                                      "Join Type": "Inner",
                                                      "Startup Cost": 2049.78,
                                                      "Total Cost": 231041.22,
                                                      "Plan Rows": 1272,
                                                      "Plan Width": 14,
                                                      "Inner Unique": false,
                                                      "Hash Cond": "(web_sales.ws_sold_date_sk = date_dim_2.d_date_sk)",
                                                      "Plans": [
                                                        {
                                                          "Node Type": "Seq Scan",
                                                          "Parent Relationship": "Outer",
                                                          "Parallel Aware": true,
                                                          "Async Capable": false,
                                                          "Relation Name": "web_sales",
                                                          "Alias": "web_sales",
                                                          "Startup Cost": 0.0,
                                                          "Total Cost": 217737.86,
                                                          "Plan Rows": 2998986,
                                                          "Plan Width": 18,
                                                          "parent": 48,
                                                          "ID": 49
                                                        },
                                                        {
                                                          "Node Type": "Hash",
                                                          "Parent Relationship": "Inner",
                                                          "Parallel Aware": true,
                                                          "Async Capable": false,
                                                          "Startup Cost": 2049.55,
                                                          "Total Cost": 2049.55,
                                                          "Plan Rows": 18,
                                                          "Plan Width": 4,
                                                          "Plans": [
                                                            {
                                                              "Node Type": "Seq Scan",
                                                              "Parent Relationship": "Outer",
                                                              "Parallel Aware": true,
                                                              "Async Capable": false,
                                                              "Relation Name": "date_dim",
                                                              "Alias": "date_dim_2",
                                                              "Startup Cost": 0.0,
                                                              "Total Cost": 2049.55,
                                                              "Plan Rows": 18,
                                                              "Plan Width": 4,
                                                              "Filter": "((d_year = 2001) AND (d_moy = 5))",
                                                              "parent": 50,
                                                              "ID": 51
                                                            }
                                                          ],
                                                          "parent": 48,
                                                          "ID": 50,
                                                          "left": 51
                                                        }
                                                      ],
                                                      "parent": 47,
                                                      "ID": 48,
                                                      "left": 49,
                                                      "right": 50
                                                    }
                                                  ],
                                                  "parent": 45,
                                                  "ID": 47,
                                                  "left": 48
                                                }
                                              ],
                                              "parent": 44,
                                              "ID": 45,
                                              "left": 46,
                                              "right": 47
                                            }
                                          ],
                                          "parent": 42,
                                          "ID": 44,
                                          "left": 45
                                        }
                                      ],
                                      "parent": 41,
                                      "ID": 42,
                                      "left": 43,
                                      "right": 44
                                    }
                                  ],
                                  "parent": 40,
                                  "ID": 41,
                                  "left": 42
                                },
                                {
                                  "Node Type": "Hash",
                                  "Parent Relationship": "Inner",
                                  "Parallel Aware": false,
                                  "Async Capable": false,
                                  "Startup Cost": 8366.5,
                                  "Total Cost": 8366.5,
                                  "Plan Rows": 4920,
                                  "Plan Width": 17,
                                  "Plans": [
                                    {
                                      "Node Type": "Seq Scan",
                                      "Parent Relationship": "Outer",
                                      "Parallel Aware": false,
                                      "Async Capable": false,
                                      "Relation Name": "item",
                                      "Alias": "item_5",
                                      "Startup Cost": 0.0,
                                      "Total Cost": 8366.5,
                                      "Plan Rows": 4920,
                                      "Plan Width": 17,
                                      "Filter": "(i_color = ANY ('{beige,salmon,yellow}'::bpchar[]))",
                                      "parent": 52,
                                      "ID": 53
                                    }
                                  ],
                                  "parent": 40,
                                  "ID": 52,
                                  "left": 53
                                }
                              ],
                              "parent": 39,
                              "ID": 40,
                              "left": 41,
                              "right": 52
                            }
                          ],
                          "parent": 38,
                          "ID": 39,
                          "left": 40
                        }
                      ],
                      "parent": 3,
                      "ID": 38,
                      "left": 39
                    }
                  ],
                  "parent": 2,
                  "ID": 3,
                  "left": 4,
                  "right": 21
                }
              ],
              "parent": 1,
              "ID": 2,
              "left": 3
            }
          ],
          "parent": 0,
          "ID": 1,
          "left": 2
        }
      ],
      "parent": null,
      "ID": 0,
      "left": 1
    },
    "feat": {
      "utility": 0.004252713647730743,
      "query_shape": [
        [
          "Seq Scan",
          "Hash Join",
          "Sort",
          "Merge Join",
          "Aggregate",
          "Gather Merge",
          "Merge Append"
        ],
        [
          "Seq Scan",
          "Hash Join",
          "Hash",
          "Sort",
          "Merge Join",
          "Aggregate",
          "Gather Merge",
          "Merge Append"
        ],
        [
          "Seq Scan",
          "Hash Join",
          "Hash",
          "Sort",
          "Merge Join",
          "Aggregate",
          "Gather Merge",
          "Merge Append"
        ],
        [
          "Seq Scan",
          "Hash",
          "Hash Join",
          "Sort",
          "Merge Join",
          "Aggregate",
          "Gather Merge",
          "Merge Append"
        ],
        [
          "Seq Scan",
          "Sort",
          "Merge Join",
          "Aggregate",
          "Gather Merge",
          "Merge Append"
        ],
        [
          "Seq Scan",
          "Hash Join",
          "Sort",
          "Merge Join",
          "Aggregate",
          "Gather Merge",
          "Merge Append"
        ],
        [
          "Seq Scan",
          "Hash Join",
          "Hash",
          "Sort",
          "Merge Join",
          "Aggregate",
          "Gather Merge",
          "Merge Append"
        ],
        [
          "Seq Scan",
          "Hash Join",
          "Hash",
          "Sort",
          "Merge Join",
          "Aggregate",
          "Gather Merge",
          "Merge Append"
        ],
        [
          "Seq Scan",
          "Hash",
          "Hash Join",
          "Sort",
          "Merge Join",
          "Aggregate",
          "Gather Merge",
          "Merge Append"
        ],
        [
          "Seq Scan",
          "Sort",
          "Merge Join",
          "Aggregate",
          "Gather Merge",
          "Merge Append"
        ],
        [
          "Seq Scan",
          "Hash Join",
          "Gather",
          "Sort",
          "Aggregate",
          "Merge Append"
        ],
        [
          "Seq Scan",
          "Hash Join",
          "Hash",
          "Gather",
          "Sort",
          "Aggregate",
          "Merge Append"
        ],
        [
          "Seq Scan",
          "Hash Join",
          "Hash",
          "Gather",
          "Sort",
          "Aggregate",
          "Merge Append"
        ],
        [
          "Seq Scan",
          "Hash",
          "Hash Join",
          "Gather",
          "Sort",
          "Aggregate",
          "Merge Append"
        ],
        [
          "Seq Scan",
          "Hash",
          "Hash Join",
          "Sort",
          "Aggregate",
          "Merge Append"
        ]
      ],
      "index_shape": [
        "selection"
      ],
      "physical_operator": {
        "Seq Scan": [
          0.0002464099440101508,
          0.0002464099440101508,
          0.0002464099440101508
        ]
      }
    }
  },
  {
    "query": "with ss as (\n select i_item_id,sum(ss_ext_sales_price) total_sales\n from\n \tstore_sales,\n \tdate_dim,\n         customer_address,\n         item\n where i_item_id in (select\n     i_item_id\nfrom item\nwhere i_color in ('beige','salmon','yellow'))\n and     ss_item_sk              = i_item_sk\n and     ss_sold_date_sk         = d_date_sk\n and     d_year                  = 2001\n and     d_moy                   = 5\n and     ss_addr_sk              = ca_address_sk\n and     ca_gmt_offset           = -7 \n group by i_item_id),\n cs as (\n select i_item_id,sum(cs_ext_sales_price) total_sales\n from\n \tcatalog_sales,\n \tdate_dim,\n         customer_address,\n         item\n where\n         i_item_id               in (select\n  i_item_id\nfrom item\nwhere i_color in ('beige','salmon','yellow'))\n and     cs_item_sk              = i_item_sk\n and     cs_sold_date_sk         = d_date_sk\n and     d_year                  = 2001\n and     d_moy                   = 5\n and     cs_bill_addr_sk         = ca_address_sk\n and     ca_gmt_offset           = -7 \n group by i_item_id),\n ws as (\n select i_item_id,sum(ws_ext_sales_price) total_sales\n from\n \tweb_sales,\n \tdate_dim,\n         customer_address,\n         item\n where\n         i_item_id               in (select\n  i_item_id\nfrom item\nwhere i_color in ('beige','salmon','yellow'))\n and     ws_item_sk              = i_item_sk\n and     ws_sold_date_sk         = d_date_sk\n and     d_year                  = 2001\n and     d_moy                   = 5\n and     ws_bill_addr_sk         = ca_address_sk\n and     ca_gmt_offset           = -7\n group by i_item_id)\n  select  i_item_id ,sum(total_sales) total_sales\n from  (select * from ss \n        union all\n        select * from cs \n        union all\n        select * from ws) tmp1\n group by i_item_id\n order by total_sales,\n          i_item_id\n limit 100;\n\n-- end query 40 in stream 1 using template query56.tpl\n",
    "indexes": "date_dim.d_date_sk",
    "wo plan est": {
      "Node Type": "Limit",
      "Parallel Aware": false,
      "Async Capable": false,
      "Startup Cost": 1445461.5,
      "Total Cost": 1445461.75,
      "Plan Rows": 100,
      "Plan Width": 49,
      "Plans": [
        {
          "Node Type": "Sort",
          "Parent Relationship": "Outer",
          "Parallel Aware": false,
          "Async Capable": false,
          "Startup Cost": 1445461.5,
          "Total Cost": 1445462.0,
          "Plan Rows": 200,
          "Plan Width": 49,
          "Sort Key": [
            "(sum((sum(store_sales.ss_ext_sales_price))))",
            "item.i_item_id"
          ],
          "Plans": [
            {
              "Node Type": "Aggregate",
              "Strategy": "Sorted",
              "Partial Mode": "Simple",
              "Parent Relationship": "Outer",
              "Parallel Aware": false,
              "Async Capable": false,
              "Startup Cost": 1445365.0,
              "Total Cost": 1445453.86,
              "Plan Rows": 200,
              "Plan Width": 49,
              "Group Key": [
                "item.i_item_id"
              ],
              "Plans": [
                {
                  "Node Type": "Merge Append",
                  "Parent Relationship": "Outer",
                  "Parallel Aware": false,
                  "Async Capable": false,
                  "Startup Cost": 1445365.0,
                  "Total Cost": 1445450.15,
                  "Plan Rows": 241,
                  "Plan Width": 49,
                  "Sort Key": [
                    "item.i_item_id"
                  ],
                  "Subplans Removed": 0,
                  "Plans": [
                    {
                      "Node Type": "Aggregate",
                      "Strategy": "Sorted",
                      "Partial Mode": "Finalize",
                      "Parent Relationship": "Member",
                      "Parallel Aware": false,
                      "Async Capable": false,
                      "Startup Cost": 708085.33,
                      "Total Cost": 708129.17,
                      "Plan Rows": 133,
                      "Plan Width": 49,
                      "Group Key": [
                        "item.i_item_id"
                      ],
                      "Plans": [
                        {
                          "Node Type": "Gather Merge",
                          "Parent Relationship": "Outer",
                          "Parallel Aware": false,
                          "Async Capable": false,
                          "Startup Cost": 708085.33,
                          "Total Cost": 708126.68,
                          "Plan Rows": 110,
                          "Plan Width": 49,
                          "Workers Planned": 2,
                          "Plans": [
                            {
                              "Node Type": "Aggregate",
                              "Strategy": "Sorted",
                              "Partial Mode": "Partial",
                              "Parent Relationship": "Outer",
                              "Parallel Aware": false,
                              "Async Capable": false,
                              "Startup Cost": 707085.31,
                              "Total Cost": 707113.96,
                              "Plan Rows": 55,
                              "Plan Width": 49,
                              "Group Key": [
                                "item.i_item_id"
                              ],
                              "Plans": [
                                {
                                  "Node Type": "Merge Join",
                                  "Parent Relationship": "Outer",
                                  "Parallel Aware": false,
                                  "Async Capable": false,
                                  "Join Type": "Semi",
                                  "Startup Cost": 707085.31,
                                  "Total Cost": 707113.0,
                                  "Plan Rows": 55,
                                  "Plan Width": 23,
                                  "Inner Unique": false,
                                  "Merge Cond": "(item.i_item_id = item_1.i_item_id)",
                                  "Plans": [
                                    {
                                      "Node Type": "Sort",
                                      "Parent Relationship": "Outer",
                                      "Parallel Aware": false,
                                      "Async Capable": false,
                                      "Startup Cost": 698417.1,
                                      "Total Cost": 698418.37,
                                      "Plan Rows": 508,
                                      "Plan Width": 23,
                                      "Sort Key": [
                                        "item.i_item_id"
                                      ],
                                      "Plans": [
                                        {
                                          "Node Type": "Hash Join",
                                          "Parent Relationship": "Outer",
                                          "Parallel Aware": true,
                                          "Async Capable": false,
                                          "Join Type": "Inner",
                                          "Startup Cost": 690843.77,
                                          "Total Cost": 698394.27,
                                          "Plan Rows": 508,
                                          "Plan Width": 23,
                                          "Inner Unique": false,
                                          "Hash Cond": "(item.i_item_sk = store_sales.ss_item_sk)",
                                          "Plans": [
                                            {
                                              "Node Type": "Seq Scan",
                                              "Parent Relationship": "Outer",
                                              "Parallel Aware": true,
                                              "Async Capable": false,
                                              "Relation Name": "item",
                                              "Alias": "item",
                                              "Startup Cost": 0.0,
                                              "Total Cost": 7389.0,
                                              "Plan Rows": 42500,
                                              "Plan Width": 21,
                                              "parent": 9,
                                              "ID": 10
                                            },
                                            {
                                              "Node Type": "Hash",
                                              "Parent Relationship": "Inner",
                                              "Parallel Aware": true,
                                              "Async Capable": false,
                                              "Startup Cost": 690837.42,
                                              "Total Cost": 690837.42,
                                              "Plan Rows": 508,
                                              "Plan Width": 10,
                                              "Plans": [
                                                {
                                                  "Node Type": "Hash Join",
                                                  "Parent Relationship": "Outer",
                                                  "Parallel Aware": true,
                                                  "Async Capable": false,
                                                  "Join Type": "Inner",
                                                  "Startup Cost": 684055.5,
                                                  "Total Cost": 690837.42,
                                                  "Plan Rows": 508,
                                                  "Plan Width": 10,
                                                  "Inner Unique": false,
                                                  "Hash Cond": "(customer_address.ca_address_sk = store_sales.ss_addr_sk)",
                                                  "Plans": [
                                                    {
                                                      "Node Type": "Seq Scan",
                                                      "Parent Relationship": "Outer",
                                                      "Parallel Aware": true,
                                                      "Async Capable": false,
                                                      "Relation Name": "customer_address",
                                                      "Alias": "customer_address",
                                                      "Startup Cost": 0.0,
                                                      "Total Cost": 6737.08,
                                                      "Plan Rows": 11392,
                                                      "Plan Width": 4,
                                                      "Filter": "(ca_gmt_offset = '-7'::numeric)",
                                                      "parent": 12,
                                                      "ID": 13
                                                    },
                                                    {
                                                      "Node Type": "Hash",
                                                      "Parent Relationship": "Inner",
                                                      "Parallel Aware": true,
                                                      "Async Capable": false,
                                                      "Startup Cost": 683994.75,
                                                      "Total Cost": 683994.75,
                                                      "Plan Rows": 4860,
                                                      "Plan Width": 14,
                                                      "Plans": [
                                                        {
                                                          "Node Type": "Hash Join",
                                                          "Parent Relationship": "Outer",
                                                          "Parallel Aware": true,
                                                          "Async Capable": false,
                                                          "Join Type": "Inner",
                                                          "Startup Cost": 2049.78,
                                                          "Total Cost": 683994.75,
                                                          "Plan Rows": 4860,
                                                          "Plan Width": 14,
                                                          "Inner Unique": false,
                                                          "Hash Cond": "(store_sales.ss_sold_date_sk = date_dim.d_date_sk)",
                                                          "Plans": [
                                                            {
                                                              "Node Type": "Seq Scan",
                                                              "Parent Relationship": "Outer",
                                                              "Parallel Aware": true,
                                                              "Async Capable": false,
                                                              "Relation Name": "store_sales",
                                                              "Alias": "store_sales",
                                                              "Startup Cost": 0.0,
                                                              "Total Cost": 636914.37,
                                                              "Plan Rows": 12000637,
                                                              "Plan Width": 18,
                                                              "parent": 15,
                                                              "ID": 16
                                                            },
                                                            {
                                                              "Node Type": "Hash",
                                                              "Parent Relationship": "Inner",
                                                              "Parallel Aware": true,
                                                              "Async Capable": false,
                                                              "Startup Cost": 2049.55,
                                                              "Total Cost": 2049.55,
                                                              "Plan Rows": 18,
                                                              "Plan Width": 4,
                                                              "Plans": [
                                                                {
                                                                  "Node Type": "Seq Scan",
                                                                  "Parent Relationship": "Outer",
                                                                  "Parallel Aware": true,
                                                                  "Async Capable": false,
                                                                  "Relation Name": "date_dim",
                                                                  "Alias": "date_dim",
                                                                  "Startup Cost": 0.0,
                                                                  "Total Cost": 2049.55,
                                                                  "Plan Rows": 18,
                                                                  "Plan Width": 4,
                                                                  "Filter": "((d_year = 2001) AND (d_moy = 5))",
                                                                  "parent": 17,
                                                                  "ID": 18
                                                                }
                                                              ],
                                                              "parent": 15,
                                                              "ID": 17,
                                                              "left": 18
                                                            }
                                                          ],
                                                          "parent": 14,
                                                          "ID": 15,
                                                          "left": 16,
                                                          "right": 17
                                                        }
                                                      ],
                                                      "parent": 12,
                                                      "ID": 14,
                                                      "left": 15
                                                    }
                                                  ],
                                                  "parent": 11,
                                                  "ID": 12,
                                                  "left": 13,
                                                  "right": 14
                                                }
                                              ],
                                              "parent": 9,
                                              "ID": 11,
                                              "left": 12
                                            }
                                          ],
                                          "parent": 8,
                                          "ID": 9,
                                          "left": 10,
                                          "right": 11
                                        }
                                      ],
                                      "parent": 7,
                                      "ID": 8,
                                      "left": 9
                                    },
                                    {
                                      "Node Type": "Sort",
                                      "Parent Relationship": "Inner",
                                      "Parallel Aware": false,
                                      "Async Capable": false,
                                      "Startup Cost": 8668.21,
                                      "Total Cost": 8680.51,
                                      "Plan Rows": 4920,
                                      "Plan Width": 17,
                                      "Sort Key": [
                                        "item_1.i_item_id"
                                      ],
                                      "Plans": [
                                        {
                                          "Node Type": "Seq Scan",
                                          "Parent Relationship": "Outer",
                                          "Parallel Aware": false,
                                          "Async Capable": false,
                                          "Relation Name": "item",
                                          "Alias": "item_1",
                                          "Startup Cost": 0.0,
                                          "Total Cost": 8366.5,
                                          "Plan Rows": 4920,
                                          "Plan Width": 17,
                                          "Filter": "(i_color = ANY ('{beige,salmon,yellow}'::bpchar[]))",
                                          "parent": 19,
                                          "ID": 20
                                        }
                                      ],
                                      "parent": 7,
                                      "ID": 19,
                                      "left": 20
                                    }
                                  ],
                                  "parent": 6,
                                  "ID": 7,
                                  "left": 8,
                                  "right": 19
                                }
                              ],
                              "parent": 5,
                              "ID": 6,
                              "left": 7
                            }
                          ],
                          "parent": 4,
                          "ID": 5,
                          "left": 6
                        }
                      ],
                      "parent": 3,
                      "ID": 4,
                      "left": 5
                    },
                    {
                      "Node Type": "Aggregate",
                      "Strategy": "Sorted",
                      "Partial Mode": "Finalize",
                      "Parent Relationship": "Member",
                      "Parallel Aware": false,
                      "Async Capable": false,
                      "Startup Cost": 482370.83,
                      "Total Cost": 482405.91,
                      "Plan Rows": 72,
                      "Plan Width": 49,
                      "Group Key": [
                        "item_2.i_item_id"
                      ],
                      "Plans": [
                        {
                          "Node Type": "Gather Merge",
                          "Parent Relationship": "Outer",
                          "Parallel Aware": false,
                          "Async Capable": false,
                          "Startup Cost": 482370.83,
                          "Total Cost": 482404.56,
                          "Plan Rows": 60,
                          "Plan Width": 49,
                          "Workers Planned": 2,
                          "Plans": [
                            {
                              "Node Type": "Aggregate",
                              "Strategy": "Sorted",
                              "Partial Mode": "Partial",
                              "Parent Relationship": "Outer",
                              "Parallel Aware": false,
                              "Async Capable": false,
                              "Startup Cost": 481370.81,
                              "Total Cost": 481397.61,
                              "Plan Rows": 30,
                              "Plan Width": 49,
                              "Group Key": [
                                "item_2.i_item_id"
                              ],
                              "Plans": [
                                {
                                  "Node Type": "Merge Join",
                                  "Parent Relationship": "Outer",
                                  "Parallel Aware": false,
                                  "Async Capable": false,
                                  "Join Type": "Semi",
                                  "Startup Cost": 481370.81,
                                  "Total Cost": 481397.09,
                                  "Plan Rows": 30,
                                  "Plan Width": 23,
                                  "Inner Unique": false,
                                  "Merge Cond": "(item_2.i_item_id = item_3.i_item_id)",
                                  "Plans": [
                                    {
                                      "Node Type": "Sort",
                                      "Parent Relationship": "Outer",
                                      "Parallel Aware": false,
                                      "Async Capable": false,
                                      "Startup Cost": 472702.61,
                                      "Total Cost": 472703.29,
                                      "Plan Rows": 275,
                                      "Plan Width": 23,
                                      "Sort Key": [
                                        "item_2.i_item_id"
                                      ],
                                      "Plans": [
                                        {
                                          "Node Type": "Hash Join",
                                          "Parent Relationship": "Outer",
                                          "Parallel Aware": true,
                                          "Async Capable": false,
                                          "Join Type": "Inner",
                                          "Startup Cost": 465141.94,
                                          "Total Cost": 472691.46,
                                          "Plan Rows": 275,
                                          "Plan Width": 23,
                                          "Inner Unique": false,
                                          "Hash Cond": "(item_2.i_item_sk = catalog_sales.cs_item_sk)",
                                          "Plans": [
                                            {
                                              "Node Type": "Seq Scan",
                                              "Parent Relationship": "Outer",
                                              "Parallel Aware": true,
                                              "Async Capable": false,
                                              "Relation Name": "item",
                                              "Alias": "item_2",
                                              "Startup Cost": 0.0,
                                              "Total Cost": 7389.0,
                                              "Plan Rows": 42500,
                                              "Plan Width": 21,
                                              "parent": 26,
                                              "ID": 27
                                            },
                                            {
                                              "Node Type": "Hash",
                                              "Parent Relationship": "Inner",
                                              "Parallel Aware": true,
                                              "Async Capable": false,
                                              "Startup Cost": 465138.5,
                                              "Total Cost": 465138.5,
                                              "Plan Rows": 275,
                                              "Plan Width": 10,
                                              "Plans": [
                                                {
                                                  "Node Type": "Hash Join",
                                                  "Parent Relationship": "Outer",
                                                  "Parallel Aware": true,
                                                  "Async Capable": false,
                                                  "Join Type": "Inner",
                                                  "Startup Cost": 458286.35,
                                                  "Total Cost": 465138.5,
                                                  "Plan Rows": 275,
                                                  "Plan Width": 10,
                                                  "Inner Unique": false,
                                                  "Hash Cond": "(customer_address_1.ca_address_sk = catalog_sales.cs_bill_addr_sk)",
                                                  "Plans": [
                                                    {
                                                      "Node Type": "Seq Scan",
                                                      "Parent Relationship": "Outer",
                                                      "Parallel Aware": true,
                                                      "Async Capable": false,
                                                      "Relation Name": "customer_address",
                                                      "Alias": "customer_address_1",
                                                      "Startup Cost": 0.0,
                                                      "Total Cost": 6737.08,
                                                      "Plan Rows": 11392,
                                                      "Plan Width": 4,
                                                      "Filter": "(ca_gmt_offset = '-7'::numeric)",
                                                      "parent": 29,
                                                      "ID": 30
                                                    },
                                                    {
                                                      "Node Type": "Hash",
                                                      "Parent Relationship": "Inner",
                                                      "Parallel Aware": true,
                                                      "Async Capable": false,
                                                      "Startup Cost": 458254.7,
                                                      "Total Cost": 458254.7,
                                                      "Plan Rows": 2532,
                                                      "Plan Width": 14,
                                                      "Plans": [
                                                        {
                                                          "Node Type": "Hash Join",
                                                          "Parent Relationship": "Outer",
                                                          "Parallel Aware": true,
                                                          "Async Capable": false,
                                                          "Join Type": "Inner",
                                                          "Startup Cost": 2049.78,
                                                          "Total Cost": 458254.7,
                                                          "Plan Rows": 2532,
                                                          "Plan Width": 14,
                                                          "Inner Unique": false,
                                                          "Hash Cond": "(catalog_sales.cs_sold_date_sk = date_dim_1.d_date_sk)",
                                                          "Plans": [
                                                            {
                                                              "Node Type": "Seq Scan",
                                                              "Parent Relationship": "Outer",
                                                              "Parallel Aware": true,
                                                              "Async Capable": false,
                                                              "Relation Name": "catalog_sales",
                                                              "Alias": "catalog_sales",
                                                              "Startup Cost": 0.0,
                                                              "Total Cost": 433688.25,
                                                              "Plan Rows": 6000525,
                                                              "Plan Width": 18,
                                                              "parent": 32,
                                                              "ID": 33
                                                            },
                                                            {
                                                              "Node Type": "Hash",
                                                              "Parent Relationship": "Inner",
                                                              "Parallel Aware": true,
                                                              "Async Capable": false,
                                                              "Startup Cost": 2049.55,
                                                              "Total Cost": 2049.55,
                                                              "Plan Rows": 18,
                                                              "Plan Width": 4,
                                                              "Plans": [
                                                                {
                                                                  "Node Type": "Seq Scan",
                                                                  "Parent Relationship": "Outer",
                                                                  "Parallel Aware": true,
                                                                  "Async Capable": false,
                                                                  "Relation Name": "date_dim",
                                                                  "Alias": "date_dim_1",
                                                                  "Startup Cost": 0.0,
                                                                  "Total Cost": 2049.55,
                                                                  "Plan Rows": 18,
                                                                  "Plan Width": 4,
                                                                  "Filter": "((d_year = 2001) AND (d_moy = 5))",
                                                                  "parent": 34,
                                                                  "ID": 35
                                                                }
                                                              ],
                                                              "parent": 32,
                                                              "ID": 34,
                                                              "left": 35
                                                            }
                                                          ],
                                                          "parent": 31,
                                                          "ID": 32,
                                                          "left": 33,
                                                          "right": 34
                                                        }
                                                      ],
                                                      "parent": 29,
                                                      "ID": 31,
                                                      "left": 32
                                                    }
                                                  ],
                                                  "parent": 28,
                                                  "ID": 29,
                                                  "left": 30,
                                                  "right": 31
                                                }
                                              ],
                                              "parent": 26,
                                              "ID": 28,
                                              "left": 29
                                            }
                                          ],
                                          "parent": 25,
                                          "ID": 26,
                                          "left": 27,
                                          "right": 28
                                        }
                                      ],
                                      "parent": 24,
                                      "ID": 25,
                                      "left": 26
                                    },
                                    {
                                      "Node Type": "Sort",
                                      "Parent Relationship": "Inner",
                                      "Parallel Aware": false,
                                      "Async Capable": false,
                                      "Startup Cost": 8668.21,
                                      "Total Cost": 8680.51,
                                      "Plan Rows": 4920,
                                      "Plan Width": 17,
                                      "Sort Key": [
                                        "item_3.i_item_id"
                                      ],
                                      "Plans": [
                                        {
                                          "Node Type": "Seq Scan",
                                          "Parent Relationship": "Outer",
                                          "Parallel Aware": false,
                                          "Async Capable": false,
                                          "Relation Name": "item",
                                          "Alias": "item_3",
                                          "Startup Cost": 0.0,
                                          "Total Cost": 8366.5,
                                          "Plan Rows": 4920,
                                          "Plan Width": 17,
                                          "Filter": "(i_color = ANY ('{beige,salmon,yellow}'::bpchar[]))",
                                          "parent": 36,
                                          "ID": 37
                                        }
                                      ],
                                      "parent": 24,
                                      "ID": 36,
                                      "left": 37
                                    }
                                  ],
                                  "parent": 23,
                                  "ID": 24,
                                  "left": 25,
                                  "right": 36
                                }
                              ],
                              "parent": 22,
                              "ID": 23,
                              "left": 24
                            }
                          ],
                          "parent": 21,
                          "ID": 22,
                          "left": 23
                        }
                      ],
                      "parent": 3,
                      "ID": 21,
                      "left": 22
                    },
                    {
                      "Node Type": "Aggregate",
                      "Strategy": "Sorted",
                      "Partial Mode": "Simple",
                      "Parent Relationship": "Member",
                      "Parallel Aware": false,
                      "Async Capable": false,
                      "Startup Cost": 254908.81,
                      "Total Cost": 254909.53,
                      "Plan Rows": 36,
                      "Plan Width": 49,
                      "Group Key": [
                        "item_4.i_item_id"
                      ],
                      "Plans": [
                        {
                          "Node Type": "Sort",
                          "Parent Relationship": "Outer",
                          "Parallel Aware": false,
                          "Async Capable": false,
                          "Startup Cost": 254908.81,
                          "Total Cost": 254908.9,
                          "Plan Rows": 36,
                          "Plan Width": 23,
                          "Sort Key": [
                            "item_4.i_item_id"
                          ],
                          "Plans": [
                            {
                              "Node Type": "Hash Join",
                              "Parent Relationship": "Outer",
                              "Parallel Aware": false,
                              "Async Capable": false,
                              "Join Type": "Semi",
                              "Startup Cost": 247324.2,
                              "Total Cost": 254907.88,
                              "Plan Rows": 36,
                              "Plan Width": 23,
                              "Inner Unique": false,
                              "Hash Cond": "(item_4.i_item_id = item_5.i_item_id)",
                              "Plans": [
                                {
                                  "Node Type": "Gather",
                                  "Parent Relationship": "Outer",
                                  "Parallel Aware": false,
                                  "Async Capable": false,
                                  "Startup Cost": 238896.2,
                                  "Total Cost": 246478.56,
                                  "Plan Rows": 334,
                                  "Plan Width": 23,
                                  "Workers Planned": 2,
                                  "Single Copy": false,
                                  "Plans": [
                                    {
                                      "Node Type": "Hash Join",
                                      "Parent Relationship": "Outer",
                                      "Parallel Aware": true,
                                      "Async Capable": false,
                                      "Join Type": "Inner",
                                      "Startup Cost": 237896.2,
                                      "Total Cost": 245445.16,
                                      "Plan Rows": 139,
                                      "Plan Width": 23,
                                      "Inner Unique": false,
                                      "Hash Cond": "(item_4.i_item_sk = web_sales.ws_item_sk)",
                                      "Plans": [
                                        {
                                          "Node Type": "Seq Scan",
                                          "Parent Relationship": "Outer",
                                          "Parallel Aware": true,
                                          "Async Capable": false,
                                          "Relation Name": "item",
                                          "Alias": "item_4",
                                          "Startup Cost": 0.0,
                                          "Total Cost": 7389.0,
                                          "Plan Rows": 42500,
                                          "Plan Width": 21,
                                          "parent": 42,
                                          "ID": 43
                                        },
                                        {
                                          "Node Type": "Hash",
                                          "Parent Relationship": "Inner",
                                          "Parallel Aware": true,
                                          "Async Capable": false,
                                          "Startup Cost": 237894.46,
                                          "Total Cost": 237894.46,
                                          "Plan Rows": 139,
                                          "Plan Width": 10,
                                          "Plans": [
                                            {
                                              "Node Type": "Hash Join",
                                              "Parent Relationship": "Outer",
                                              "Parallel Aware": true,
                                              "Async Capable": false,
                                              "Join Type": "Inner",
                                              "Startup Cost": 231057.12,
                                              "Total Cost": 237894.46,
                                              "Plan Rows": 139,
                                              "Plan Width": 10,
                                              "Inner Unique": false,
                                              "Hash Cond": "(customer_address_2.ca_address_sk = web_sales.ws_bill_addr_sk)",
                                              "Plans": [
                                                {
                                                  "Node Type": "Seq Scan",
                                                  "Parent Relationship": "Outer",
                                                  "Parallel Aware": true,
                                                  "Async Capable": false,
                                                  "Relation Name": "customer_address",
                                                  "Alias": "customer_address_2",
                                                  "Startup Cost": 0.0,
                                                  "Total Cost": 6737.08,
                                                  "Plan Rows": 11392,
                                                  "Plan Width": 4,
                                                  "Filter": "(ca_gmt_offset = '-7'::numeric)",
                                                  "parent": 45,
                                                  "ID": 46
                                                },
                                                {
                                                  "Node Type": "Hash",
                                                  "Parent Relationship": "Inner",
                                                  "Parallel Aware": true,
                                                  "Async Capable": false,
                                                  "Startup Cost": 231041.22,
                                                  "Total Cost": 231041.22,
                                                  "Plan Rows": 1272,
                                                  "Plan Width": 14,
                                                  "Plans": [
                                                    {
                                                      "Node Type": "Hash Join",
                                                      "Parent Relationship": "Outer",
                                                      "Parallel Aware": true,
                                                      "Async Capable": false,
                                                      "Join Type": "Inner",
                                                      "Startup Cost": 2049.78,
                                                      "Total Cost": 231041.22,
                                                      "Plan Rows": 1272,
                                                      "Plan Width": 14,
                                                      "Inner Unique": false,
                                                      "Hash Cond": "(web_sales.ws_sold_date_sk = date_dim_2.d_date_sk)",
                                                      "Plans": [
                                                        {
                                                          "Node Type": "Seq Scan",
                                                          "Parent Relationship": "Outer",
                                                          "Parallel Aware": true,
                                                          "Async Capable": false,
                                                          "Relation Name": "web_sales",
                                                          "Alias": "web_sales",
                                                          "Startup Cost": 0.0,
                                                          "Total Cost": 217737.86,
                                                          "Plan Rows": 2998986,
                                                          "Plan Width": 18,
                                                          "parent": 48,
                                                          "ID": 49
                                                        },
                                                        {
                                                          "Node Type": "Hash",
                                                          "Parent Relationship": "Inner",
                                                          "Parallel Aware": true,
                                                          "Async Capable": false,
                                                          "Startup Cost": 2049.55,
                                                          "Total Cost": 2049.55,
                                                          "Plan Rows": 18,
                                                          "Plan Width": 4,
                                                          "Plans": [
                                                            {
                                                              "Node Type": "Seq Scan",
                                                              "Parent Relationship": "Outer",
                                                              "Parallel Aware": true,
                                                              "Async Capable": false,
                                                              "Relation Name": "date_dim",
                                                              "Alias": "date_dim_2",
                                                              "Startup Cost": 0.0,
                                                              "Total Cost": 2049.55,
                                                              "Plan Rows": 18,
                                                              "Plan Width": 4,
                                                              "Filter": "((d_year = 2001) AND (d_moy = 5))",
                                                              "parent": 50,
                                                              "ID": 51
                                                            }
                                                          ],
                                                          "parent": 48,
                                                          "ID": 50,
                                                          "left": 51
                                                        }
                                                      ],
                                                      "parent": 47,
                                                      "ID": 48,
                                                      "left": 49,
                                                      "right": 50
                                                    }
                                                  ],
                                                  "parent": 45,
                                                  "ID": 47,
                                                  "left": 48
                                                }
                                              ],
                                              "parent": 44,
                                              "ID": 45,
                                              "left": 46,
                                              "right": 47
                                            }
                                          ],
                                          "parent": 42,
                                          "ID": 44,
                                          "left": 45
                                        }
                                      ],
                                      "parent": 41,
                                      "ID": 42,
                                      "left": 43,
                                      "right": 44
                                    }
                                  ],
                                  "parent": 40,
                                  "ID": 41,
                                  "left": 42
                                },
                                {
                                  "Node Type": "Hash",
                                  "Parent Relationship": "Inner",
                                  "Parallel Aware": false,
                                  "Async Capable": false,
                                  "Startup Cost": 8366.5,
                                  "Total Cost": 8366.5,
                                  "Plan Rows": 4920,
                                  "Plan Width": 17,
                                  "Plans": [
                                    {
                                      "Node Type": "Seq Scan",
                                      "Parent Relationship": "Outer",
                                      "Parallel Aware": false,
                                      "Async Capable": false,
                                      "Relation Name": "item",
                                      "Alias": "item_5",
                                      "Startup Cost": 0.0,
                                      "Total Cost": 8366.5,
                                      "Plan Rows": 4920,
                                      "Plan Width": 17,
                                      "Filter": "(i_color = ANY ('{beige,salmon,yellow}'::bpchar[]))",
                                      "parent": 52,
                                      "ID": 53
                                    }
                                  ],
                                  "parent": 40,
                                  "ID": 52,
                                  "left": 53
                                }
                              ],
                              "parent": 39,
                              "ID": 40,
                              "left": 41,
                              "right": 52
                            }
                          ],
                          "parent": 38,
                          "ID": 39,
                          "left": 40
                        }
                      ],
                      "parent": 3,
                      "ID": 38,
                      "left": 39
                    }
                  ],
                  "parent": 2,
                  "ID": 3,
                  "left": 4,
                  "right": 21
                }
              ],
              "parent": 1,
              "ID": 2,
              "left": 3
            }
          ],
          "parent": 0,
          "ID": 1,
          "left": 2
        }
      ],
      "parent": null,
      "ID": 0,
      "left": 1
    },
    "feat": {
      "utility": 0.01728077134996985,
      "query_shape": [
        [
          "Seq Scan",
          "Hash Join",
          "Sort",
          "Merge Join",
          "Aggregate",
          "Gather Merge",
          "Merge Append"
        ],
        [
          "Seq Scan",
          "Hash Join",
          "Hash",
          "Sort",
          "Merge Join",
          "Aggregate",
          "Gather Merge",
          "Merge Append"
        ],
        [
          "Seq Scan",
          "Hash Join",
          "Hash",
          "Sort",
          "Merge Join",
          "Aggregate",
          "Gather Merge",
          "Merge Append"
        ],
        [
          "Seq Scan",
          "Hash",
          "Hash Join",
          "Sort",
          "Merge Join",
          "Aggregate",
          "Gather Merge",
          "Merge Append"
        ],
        [
          "Seq Scan",
          "Sort",
          "Merge Join",
          "Aggregate",
          "Gather Merge",
          "Merge Append"
        ],
        [
          "Seq Scan",
          "Hash Join",
          "Sort",
          "Merge Join",
          "Aggregate",
          "Gather Merge",
          "Merge Append"
        ],
        [
          "Seq Scan",
          "Hash Join",
          "Hash",
          "Sort",
          "Merge Join",
          "Aggregate",
          "Gather Merge",
          "Merge Append"
        ],
        [
          "Seq Scan",
          "Hash Join",
          "Hash",
          "Sort",
          "Merge Join",
          "Aggregate",
          "Gather Merge",
          "Merge Append"
        ],
        [
          "Seq Scan",
          "Hash",
          "Hash Join",
          "Sort",
          "Merge Join",
          "Aggregate",
          "Gather Merge",
          "Merge Append"
        ],
        [
          "Seq Scan",
          "Sort",
          "Merge Join",
          "Aggregate",
          "Gather Merge",
          "Merge Append"
        ],
        [
          "Seq Scan",
          "Hash Join",
          "Gather",
          "Sort",
          "Aggregate",
          "Merge Append"
        ],
        [
          "Seq Scan",
          "Hash Join",
          "Hash",
          "Gather",
          "Sort",
          "Aggregate",
          "Merge Append"
        ],
        [
          "Seq Scan",
          "Hash Join",
          "Hash",
          "Gather",
          "Sort",
          "Aggregate",
          "Merge Append"
        ],
        [
          "Seq Scan",
          "Hash",
          "Hash Join",
          "Gather",
          "Sort",
          "Aggregate",
          "Merge Append"
        ],
        [
          "Seq Scan",
          "Hash",
          "Hash Join",
          "Sort",
          "Aggregate",
          "Merge Append"
        ]
      ],
      "index_shape": [
        "join"
      ],
      "physical_operator": {
        "Hash Join": [
          0.004743290597085323,
          0.004841734527525892,
          0.004854227026553673
        ]
      }
    }
  },
  {
    "query": "with ss as (\n select i_item_id,sum(ss_ext_sales_price) total_sales\n from\n \tstore_sales,\n \tdate_dim,\n         customer_address,\n         item\n where i_item_id in (select\n     i_item_id\nfrom item\nwhere i_color in ('beige','salmon','yellow'))\n and     ss_item_sk              = i_item_sk\n and     ss_sold_date_sk         = d_date_sk\n and     d_year                  = 2001\n and     d_moy                   = 5\n and     ss_addr_sk              = ca_address_sk\n and     ca_gmt_offset           = -7 \n group by i_item_id),\n cs as (\n select i_item_id,sum(cs_ext_sales_price) total_sales\n from\n \tcatalog_sales,\n \tdate_dim,\n         customer_address,\n         item\n where\n         i_item_id               in (select\n  i_item_id\nfrom item\nwhere i_color in ('beige','salmon','yellow'))\n and     cs_item_sk              = i_item_sk\n and     cs_sold_date_sk         = d_date_sk\n and     d_year                  = 2001\n and     d_moy                   = 5\n and     cs_bill_addr_sk         = ca_address_sk\n and     ca_gmt_offset           = -7 \n group by i_item_id),\n ws as (\n select i_item_id,sum(ws_ext_sales_price) total_sales\n from\n \tweb_sales,\n \tdate_dim,\n         customer_address,\n         item\n where\n         i_item_id               in (select\n  i_item_id\nfrom item\nwhere i_color in ('beige','salmon','yellow'))\n and     ws_item_sk              = i_item_sk\n and     ws_sold_date_sk         = d_date_sk\n and     d_year                  = 2001\n and     d_moy                   = 5\n and     ws_bill_addr_sk         = ca_address_sk\n and     ca_gmt_offset           = -7\n group by i_item_id)\n  select  i_item_id ,sum(total_sales) total_sales\n from  (select * from ss \n        union all\n        select * from cs \n        union all\n        select * from ws) tmp1\n group by i_item_id\n order by total_sales,\n          i_item_id\n limit 100;\n\n-- end query 40 in stream 1 using template query56.tpl\n",
    "indexes": "date_dim.d_date",
    "wo plan est": {
      "Node Type": "Limit",
      "Parallel Aware": false,
      "Async Capable": false,
      "Startup Cost": 1445461.5,
      "Total Cost": 1445461.75,
      "Plan Rows": 100,
      "Plan Width": 49,
      "Plans": [
        {
          "Node Type": "Sort",
          "Parent Relationship": "Outer",
          "Parallel Aware": false,
          "Async Capable": false,
          "Startup Cost": 1445461.5,
          "Total Cost": 1445462.0,
          "Plan Rows": 200,
          "Plan Width": 49,
          "Sort Key": [
            "(sum((sum(store_sales.ss_ext_sales_price))))",
            "item.i_item_id"
          ],
          "Plans": [
            {
              "Node Type": "Aggregate",
              "Strategy": "Sorted",
              "Partial Mode": "Simple",
              "Parent Relationship": "Outer",
              "Parallel Aware": false,
              "Async Capable": false,
              "Startup Cost": 1445365.0,
              "Total Cost": 1445453.86,
              "Plan Rows": 200,
              "Plan Width": 49,
              "Group Key": [
                "item.i_item_id"
              ],
              "Plans": [
                {
                  "Node Type": "Merge Append",
                  "Parent Relationship": "Outer",
                  "Parallel Aware": false,
                  "Async Capable": false,
                  "Startup Cost": 1445365.0,
                  "Total Cost": 1445450.15,
                  "Plan Rows": 241,
                  "Plan Width": 49,
                  "Sort Key": [
                    "item.i_item_id"
                  ],
                  "Subplans Removed": 0,
                  "Plans": [
                    {
                      "Node Type": "Aggregate",
                      "Strategy": "Sorted",
                      "Partial Mode": "Finalize",
                      "Parent Relationship": "Member",
                      "Parallel Aware": false,
                      "Async Capable": false,
                      "Startup Cost": 708085.33,
                      "Total Cost": 708129.17,
                      "Plan Rows": 133,
                      "Plan Width": 49,
                      "Group Key": [
                        "item.i_item_id"
                      ],
                      "Plans": [
                        {
                          "Node Type": "Gather Merge",
                          "Parent Relationship": "Outer",
                          "Parallel Aware": false,
                          "Async Capable": false,
                          "Startup Cost": 708085.33,
                          "Total Cost": 708126.68,
                          "Plan Rows": 110,
                          "Plan Width": 49,
                          "Workers Planned": 2,
                          "Plans": [
                            {
                              "Node Type": "Aggregate",
                              "Strategy": "Sorted",
                              "Partial Mode": "Partial",
                              "Parent Relationship": "Outer",
                              "Parallel Aware": false,
                              "Async Capable": false,
                              "Startup Cost": 707085.31,
                              "Total Cost": 707113.96,
                              "Plan Rows": 55,
                              "Plan Width": 49,
                              "Group Key": [
                                "item.i_item_id"
                              ],
                              "Plans": [
                                {
                                  "Node Type": "Merge Join",
                                  "Parent Relationship": "Outer",
                                  "Parallel Aware": false,
                                  "Async Capable": false,
                                  "Join Type": "Semi",
                                  "Startup Cost": 707085.31,
                                  "Total Cost": 707113.0,
                                  "Plan Rows": 55,
                                  "Plan Width": 23,
                                  "Inner Unique": false,
                                  "Merge Cond": "(item.i_item_id = item_1.i_item_id)",
                                  "Plans": [
                                    {
                                      "Node Type": "Sort",
                                      "Parent Relationship": "Outer",
                                      "Parallel Aware": false,
                                      "Async Capable": false,
                                      "Startup Cost": 698417.1,
                                      "Total Cost": 698418.37,
                                      "Plan Rows": 508,
                                      "Plan Width": 23,
                                      "Sort Key": [
                                        "item.i_item_id"
                                      ],
                                      "Plans": [
                                        {
                                          "Node Type": "Hash Join",
                                          "Parent Relationship": "Outer",
                                          "Parallel Aware": true,
                                          "Async Capable": false,
                                          "Join Type": "Inner",
                                          "Startup Cost": 690843.77,
                                          "Total Cost": 698394.27,
                                          "Plan Rows": 508,
                                          "Plan Width": 23,
                                          "Inner Unique": false,
                                          "Hash Cond": "(item.i_item_sk = store_sales.ss_item_sk)",
                                          "Plans": [
                                            {
                                              "Node Type": "Seq Scan",
                                              "Parent Relationship": "Outer",
                                              "Parallel Aware": true,
                                              "Async Capable": false,
                                              "Relation Name": "item",
                                              "Alias": "item",
                                              "Startup Cost": 0.0,
                                              "Total Cost": 7389.0,
                                              "Plan Rows": 42500,
                                              "Plan Width": 21,
                                              "parent": 9,
                                              "ID": 10
                                            },
                                            {
                                              "Node Type": "Hash",
                                              "Parent Relationship": "Inner",
                                              "Parallel Aware": true,
                                              "Async Capable": false,
                                              "Startup Cost": 690837.42,
                                              "Total Cost": 690837.42,
                                              "Plan Rows": 508,
                                              "Plan Width": 10,
                                              "Plans": [
                                                {
                                                  "Node Type": "Hash Join",
                                                  "Parent Relationship": "Outer",
                                                  "Parallel Aware": true,
                                                  "Async Capable": false,
                                                  "Join Type": "Inner",
                                                  "Startup Cost": 684055.5,
                                                  "Total Cost": 690837.42,
                                                  "Plan Rows": 508,
                                                  "Plan Width": 10,
                                                  "Inner Unique": false,
                                                  "Hash Cond": "(customer_address.ca_address_sk = store_sales.ss_addr_sk)",
                                                  "Plans": [
                                                    {
                                                      "Node Type": "Seq Scan",
                                                      "Parent Relationship": "Outer",
                                                      "Parallel Aware": true,
                                                      "Async Capable": false,
                                                      "Relation Name": "customer_address",
                                                      "Alias": "customer_address",
                                                      "Startup Cost": 0.0,
                                                      "Total Cost": 6737.08,
                                                      "Plan Rows": 11392,
                                                      "Plan Width": 4,
                                                      "Filter": "(ca_gmt_offset = '-7'::numeric)",
                                                      "parent": 12,
                                                      "ID": 13
                                                    },
                                                    {
                                                      "Node Type": "Hash",
                                                      "Parent Relationship": "Inner",
                                                      "Parallel Aware": true,
                                                      "Async Capable": false,
                                                      "Startup Cost": 683994.75,
                                                      "Total Cost": 683994.75,
                                                      "Plan Rows": 4860,
                                                      "Plan Width": 14,
                                                      "Plans": [
                                                        {
                                                          "Node Type": "Hash Join",
                                                          "Parent Relationship": "Outer",
                                                          "Parallel Aware": true,
                                                          "Async Capable": false,
                                                          "Join Type": "Inner",
                                                          "Startup Cost": 2049.78,
                                                          "Total Cost": 683994.75,
                                                          "Plan Rows": 4860,
                                                          "Plan Width": 14,
                                                          "Inner Unique": false,
                                                          "Hash Cond": "(store_sales.ss_sold_date_sk = date_dim.d_date_sk)",
                                                          "Plans": [
                                                            {
                                                              "Node Type": "Seq Scan",
                                                              "Parent Relationship": "Outer",
                                                              "Parallel Aware": true,
                                                              "Async Capable": false,
                                                              "Relation Name": "store_sales",
                                                              "Alias": "store_sales",
                                                              "Startup Cost": 0.0,
                                                              "Total Cost": 636914.37,
                                                              "Plan Rows": 12000637,
                                                              "Plan Width": 18,
                                                              "parent": 15,
                                                              "ID": 16
                                                            },
                                                            {
                                                              "Node Type": "Hash",
                                                              "Parent Relationship": "Inner",
                                                              "Parallel Aware": true,
                                                              "Async Capable": false,
                                                              "Startup Cost": 2049.55,
                                                              "Total Cost": 2049.55,
                                                              "Plan Rows": 18,
                                                              "Plan Width": 4,
                                                              "Plans": [
                                                                {
                                                                  "Node Type": "Seq Scan",
                                                                  "Parent Relationship": "Outer",
                                                                  "Parallel Aware": true,
                                                                  "Async Capable": false,
                                                                  "Relation Name": "date_dim",
                                                                  "Alias": "date_dim",
                                                                  "Startup Cost": 0.0,
                                                                  "Total Cost": 2049.55,
                                                                  "Plan Rows": 18,
                                                                  "Plan Width": 4,
                                                                  "Filter": "((d_year = 2001) AND (d_moy = 5))",
                                                                  "parent": 17,
                                                                  "ID": 18
                                                                }
                                                              ],
                                                              "parent": 15,
                                                              "ID": 17,
                                                              "left": 18
                                                            }
                                                          ],
                                                          "parent": 14,
                                                          "ID": 15,
                                                          "left": 16,
                                                          "right": 17
                                                        }
                                                      ],
                                                      "parent": 12,
                                                      "ID": 14,
                                                      "left": 15
                                                    }
                                                  ],
                                                  "parent": 11,
                                                  "ID": 12,
                                                  "left": 13,
                                                  "right": 14
                                                }
                                              ],
                                              "parent": 9,
                                              "ID": 11,
                                              "left": 12
                                            }
                                          ],
                                          "parent": 8,
                                          "ID": 9,
                                          "left": 10,
                                          "right": 11
                                        }
                                      ],
                                      "parent": 7,
                                      "ID": 8,
                                      "left": 9
                                    },
                                    {
                                      "Node Type": "Sort",
                                      "Parent Relationship": "Inner",
                                      "Parallel Aware": false,
                                      "Async Capable": false,
                                      "Startup Cost": 8668.21,
                                      "Total Cost": 8680.51,
                                      "Plan Rows": 4920,
                                      "Plan Width": 17,
                                      "Sort Key": [
                                        "item_1.i_item_id"
                                      ],
                                      "Plans": [
                                        {
                                          "Node Type": "Seq Scan",
                                          "Parent Relationship": "Outer",
                                          "Parallel Aware": false,
                                          "Async Capable": false,
                                          "Relation Name": "item",
                                          "Alias": "item_1",
                                          "Startup Cost": 0.0,
                                          "Total Cost": 8366.5,
                                          "Plan Rows": 4920,
                                          "Plan Width": 17,
                                          "Filter": "(i_color = ANY ('{beige,salmon,yellow}'::bpchar[]))",
                                          "parent": 19,
                                          "ID": 20
                                        }
                                      ],
                                      "parent": 7,
                                      "ID": 19,
                                      "left": 20
                                    }
                                  ],
                                  "parent": 6,
                                  "ID": 7,
                                  "left": 8,
                                  "right": 19
                                }
                              ],
                              "parent": 5,
                              "ID": 6,
                              "left": 7
                            }
                          ],
                          "parent": 4,
                          "ID": 5,
                          "left": 6
                        }
                      ],
                      "parent": 3,
                      "ID": 4,
                      "left": 5
                    },
                    {
                      "Node Type": "Aggregate",
                      "Strategy": "Sorted",
                      "Partial Mode": "Finalize",
                      "Parent Relationship": "Member",
                      "Parallel Aware": false,
                      "Async Capable": false,
                      "Startup Cost": 482370.83,
                      "Total Cost": 482405.91,
                      "Plan Rows": 72,
                      "Plan Width": 49,
                      "Group Key": [
                        "item_2.i_item_id"
                      ],
                      "Plans": [
                        {
                          "Node Type": "Gather Merge",
                          "Parent Relationship": "Outer",
                          "Parallel Aware": false,
                          "Async Capable": false,
                          "Startup Cost": 482370.83,
                          "Total Cost": 482404.56,
                          "Plan Rows": 60,
                          "Plan Width": 49,
                          "Workers Planned": 2,
                          "Plans": [
                            {
                              "Node Type": "Aggregate",
                              "Strategy": "Sorted",
                              "Partial Mode": "Partial",
                              "Parent Relationship": "Outer",
                              "Parallel Aware": false,
                              "Async Capable": false,
                              "Startup Cost": 481370.81,
                              "Total Cost": 481397.61,
                              "Plan Rows": 30,
                              "Plan Width": 49,
                              "Group Key": [
                                "item_2.i_item_id"
                              ],
                              "Plans": [
                                {
                                  "Node Type": "Merge Join",
                                  "Parent Relationship": "Outer",
                                  "Parallel Aware": false,
                                  "Async Capable": false,
                                  "Join Type": "Semi",
                                  "Startup Cost": 481370.81,
                                  "Total Cost": 481397.09,
                                  "Plan Rows": 30,
                                  "Plan Width": 23,
                                  "Inner Unique": false,
                                  "Merge Cond": "(item_2.i_item_id = item_3.i_item_id)",
                                  "Plans": [
                                    {
                                      "Node Type": "Sort",
                                      "Parent Relationship": "Outer",
                                      "Parallel Aware": false,
                                      "Async Capable": false,
                                      "Startup Cost": 472702.61,
                                      "Total Cost": 472703.29,
                                      "Plan Rows": 275,
                                      "Plan Width": 23,
                                      "Sort Key": [
                                        "item_2.i_item_id"
                                      ],
                                      "Plans": [
                                        {
                                          "Node Type": "Hash Join",
                                          "Parent Relationship": "Outer",
                                          "Parallel Aware": true,
                                          "Async Capable": false,
                                          "Join Type": "Inner",
                                          "Startup Cost": 465141.94,
                                          "Total Cost": 472691.46,
                                          "Plan Rows": 275,
                                          "Plan Width": 23,
                                          "Inner Unique": false,
                                          "Hash Cond": "(item_2.i_item_sk = catalog_sales.cs_item_sk)",
                                          "Plans": [
                                            {
                                              "Node Type": "Seq Scan",
                                              "Parent Relationship": "Outer",
                                              "Parallel Aware": true,
                                              "Async Capable": false,
                                              "Relation Name": "item",
                                              "Alias": "item_2",
                                              "Startup Cost": 0.0,
                                              "Total Cost": 7389.0,
                                              "Plan Rows": 42500,
                                              "Plan Width": 21,
                                              "parent": 26,
                                              "ID": 27
                                            },
                                            {
                                              "Node Type": "Hash",
                                              "Parent Relationship": "Inner",
                                              "Parallel Aware": true,
                                              "Async Capable": false,
                                              "Startup Cost": 465138.5,
                                              "Total Cost": 465138.5,
                                              "Plan Rows": 275,
                                              "Plan Width": 10,
                                              "Plans": [
                                                {
                                                  "Node Type": "Hash Join",
                                                  "Parent Relationship": "Outer",
                                                  "Parallel Aware": true,
                                                  "Async Capable": false,
                                                  "Join Type": "Inner",
                                                  "Startup Cost": 458286.35,
                                                  "Total Cost": 465138.5,
                                                  "Plan Rows": 275,
                                                  "Plan Width": 10,
                                                  "Inner Unique": false,
                                                  "Hash Cond": "(customer_address_1.ca_address_sk = catalog_sales.cs_bill_addr_sk)",
                                                  "Plans": [
                                                    {
                                                      "Node Type": "Seq Scan",
                                                      "Parent Relationship": "Outer",
                                                      "Parallel Aware": true,
                                                      "Async Capable": false,
                                                      "Relation Name": "customer_address",
                                                      "Alias": "customer_address_1",
                                                      "Startup Cost": 0.0,
                                                      "Total Cost": 6737.08,
                                                      "Plan Rows": 11392,
                                                      "Plan Width": 4,
                                                      "Filter": "(ca_gmt_offset = '-7'::numeric)",
                                                      "parent": 29,
                                                      "ID": 30
                                                    },
                                                    {
                                                      "Node Type": "Hash",
                                                      "Parent Relationship": "Inner",
                                                      "Parallel Aware": true,
                                                      "Async Capable": false,
                                                      "Startup Cost": 458254.7,
                                                      "Total Cost": 458254.7,
                                                      "Plan Rows": 2532,
                                                      "Plan Width": 14,
                                                      "Plans": [
                                                        {
                                                          "Node Type": "Hash Join",
                                                          "Parent Relationship": "Outer",
                                                          "Parallel Aware": true,
                                                          "Async Capable": false,
                                                          "Join Type": "Inner",
                                                          "Startup Cost": 2049.78,
                                                          "Total Cost": 458254.7,
                                                          "Plan Rows": 2532,
                                                          "Plan Width": 14,
                                                          "Inner Unique": false,
                                                          "Hash Cond": "(catalog_sales.cs_sold_date_sk = date_dim_1.d_date_sk)",
                                                          "Plans": [
                                                            {
                                                              "Node Type": "Seq Scan",
                                                              "Parent Relationship": "Outer",
                                                              "Parallel Aware": true,
                                                              "Async Capable": false,
                                                              "Relation Name": "catalog_sales",
                                                              "Alias": "catalog_sales",
                                                              "Startup Cost": 0.0,
                                                              "Total Cost": 433688.25,
                                                              "Plan Rows": 6000525,
                                                              "Plan Width": 18,
                                                              "parent": 32,
                                                              "ID": 33
                                                            },
                                                            {
                                                              "Node Type": "Hash",
                                                              "Parent Relationship": "Inner",
                                                              "Parallel Aware": true,
                                                              "Async Capable": false,
                                                              "Startup Cost": 2049.55,
                                                              "Total Cost": 2049.55,
                                                              "Plan Rows": 18,
                                                              "Plan Width": 4,
                                                              "Plans": [
                                                                {
                                                                  "Node Type": "Seq Scan",
                                                                  "Parent Relationship": "Outer",
                                                                  "Parallel Aware": true,
                                                                  "Async Capable": false,
                                                                  "Relation Name": "date_dim",
                                                                  "Alias": "date_dim_1",
                                                                  "Startup Cost": 0.0,
                                                                  "Total Cost": 2049.55,
                                                                  "Plan Rows": 18,
                                                                  "Plan Width": 4,
                                                                  "Filter": "((d_year = 2001) AND (d_moy = 5))",
                                                                  "parent": 34,
                                                                  "ID": 35
                                                                }
                                                              ],
                                                              "parent": 32,
                                                              "ID": 34,
                                                              "left": 35
                                                            }
                                                          ],
                                                          "parent": 31,
                                                          "ID": 32,
                                                          "left": 33,
                                                          "right": 34
                                                        }
                                                      ],
                                                      "parent": 29,
                                                      "ID": 31,
                                                      "left": 32
                                                    }
                                                  ],
                                                  "parent": 28,
                                                  "ID": 29,
                                                  "left": 30,
                                                  "right": 31
                                                }
                                              ],
                                              "parent": 26,
                                              "ID": 28,
                                              "left": 29
                                            }
                                          ],
                                          "parent": 25,
                                          "ID": 26,
                                          "left": 27,
                                          "right": 28
                                        }
                                      ],
                                      "parent": 24,
                                      "ID": 25,
                                      "left": 26
                                    },
                                    {
                                      "Node Type": "Sort",
                                      "Parent Relationship": "Inner",
                                      "Parallel Aware": false,
                                      "Async Capable": false,
                                      "Startup Cost": 8668.21,
                                      "Total Cost": 8680.51,
                                      "Plan Rows": 4920,
                                      "Plan Width": 17,
                                      "Sort Key": [
                                        "item_3.i_item_id"
                                      ],
                                      "Plans": [
                                        {
                                          "Node Type": "Seq Scan",
                                          "Parent Relationship": "Outer",
                                          "Parallel Aware": false,
                                          "Async Capable": false,
                                          "Relation Name": "item",
                                          "Alias": "item_3",
                                          "Startup Cost": 0.0,
                                          "Total Cost": 8366.5,
                                          "Plan Rows": 4920,
                                          "Plan Width": 17,
                                          "Filter": "(i_color = ANY ('{beige,salmon,yellow}'::bpchar[]))",
                                          "parent": 36,
                                          "ID": 37
                                        }
                                      ],
                                      "parent": 24,
                                      "ID": 36,
                                      "left": 37
                                    }
                                  ],
                                  "parent": 23,
                                  "ID": 24,
                                  "left": 25,
                                  "right": 36
                                }
                              ],
                              "parent": 22,
                              "ID": 23,
                              "left": 24
                            }
                          ],
                          "parent": 21,
                          "ID": 22,
                          "left": 23
                        }
                      ],
                      "parent": 3,
                      "ID": 21,
                      "left": 22
                    },
                    {
                      "Node Type": "Aggregate",
                      "Strategy": "Sorted",
                      "Partial Mode": "Simple",
                      "Parent Relationship": "Member",
                      "Parallel Aware": false,
                      "Async Capable": false,
                      "Startup Cost": 254908.81,
                      "Total Cost": 254909.53,
                      "Plan Rows": 36,
                      "Plan Width": 49,
                      "Group Key": [
                        "item_4.i_item_id"
                      ],
                      "Plans": [
                        {
                          "Node Type": "Sort",
                          "Parent Relationship": "Outer",
                          "Parallel Aware": false,
                          "Async Capable": false,
                          "Startup Cost": 254908.81,
                          "Total Cost": 254908.9,
                          "Plan Rows": 36,
                          "Plan Width": 23,
                          "Sort Key": [
                            "item_4.i_item_id"
                          ],
                          "Plans": [
                            {
                              "Node Type": "Hash Join",
                              "Parent Relationship": "Outer",
                              "Parallel Aware": false,
                              "Async Capable": false,
                              "Join Type": "Semi",
                              "Startup Cost": 247324.2,
                              "Total Cost": 254907.88,
                              "Plan Rows": 36,
                              "Plan Width": 23,
                              "Inner Unique": false,
                              "Hash Cond": "(item_4.i_item_id = item_5.i_item_id)",
                              "Plans": [
                                {
                                  "Node Type": "Gather",
                                  "Parent Relationship": "Outer",
                                  "Parallel Aware": false,
                                  "Async Capable": false,
                                  "Startup Cost": 238896.2,
                                  "Total Cost": 246478.56,
                                  "Plan Rows": 334,
                                  "Plan Width": 23,
                                  "Workers Planned": 2,
                                  "Single Copy": false,
                                  "Plans": [
                                    {
                                      "Node Type": "Hash Join",
                                      "Parent Relationship": "Outer",
                                      "Parallel Aware": true,
                                      "Async Capable": false,
                                      "Join Type": "Inner",
                                      "Startup Cost": 237896.2,
                                      "Total Cost": 245445.16,
                                      "Plan Rows": 139,
                                      "Plan Width": 23,
                                      "Inner Unique": false,
                                      "Hash Cond": "(item_4.i_item_sk = web_sales.ws_item_sk)",
                                      "Plans": [
                                        {
                                          "Node Type": "Seq Scan",
                                          "Parent Relationship": "Outer",
                                          "Parallel Aware": true,
                                          "Async Capable": false,
                                          "Relation Name": "item",
                                          "Alias": "item_4",
                                          "Startup Cost": 0.0,
                                          "Total Cost": 7389.0,
                                          "Plan Rows": 42500,
                                          "Plan Width": 21,
                                          "parent": 42,
                                          "ID": 43
                                        },
                                        {
                                          "Node Type": "Hash",
                                          "Parent Relationship": "Inner",
                                          "Parallel Aware": true,
                                          "Async Capable": false,
                                          "Startup Cost": 237894.46,
                                          "Total Cost": 237894.46,
                                          "Plan Rows": 139,
                                          "Plan Width": 10,
                                          "Plans": [
                                            {
                                              "Node Type": "Hash Join",
                                              "Parent Relationship": "Outer",
                                              "Parallel Aware": true,
                                              "Async Capable": false,
                                              "Join Type": "Inner",
                                              "Startup Cost": 231057.12,
                                              "Total Cost": 237894.46,
                                              "Plan Rows": 139,
                                              "Plan Width": 10,
                                              "Inner Unique": false,
                                              "Hash Cond": "(customer_address_2.ca_address_sk = web_sales.ws_bill_addr_sk)",
                                              "Plans": [
                                                {
                                                  "Node Type": "Seq Scan",
                                                  "Parent Relationship": "Outer",
                                                  "Parallel Aware": true,
                                                  "Async Capable": false,
                                                  "Relation Name": "customer_address",
                                                  "Alias": "customer_address_2",
                                                  "Startup Cost": 0.0,
                                                  "Total Cost": 6737.08,
                                                  "Plan Rows": 11392,
                                                  "Plan Width": 4,
                                                  "Filter": "(ca_gmt_offset = '-7'::numeric)",
                                                  "parent": 45,
                                                  "ID": 46
                                                },
                                                {
                                                  "Node Type": "Hash",
                                                  "Parent Relationship": "Inner",
                                                  "Parallel Aware": true,
                                                  "Async Capable": false,
                                                  "Startup Cost": 231041.22,
                                                  "Total Cost": 231041.22,
                                                  "Plan Rows": 1272,
                                                  "Plan Width": 14,
                                                  "Plans": [
                                                    {
                                                      "Node Type": "Hash Join",
                                                      "Parent Relationship": "Outer",
                                                      "Parallel Aware": true,
                                                      "Async Capable": false,
                                                      "Join Type": "Inner",
                                                      "Startup Cost": 2049.78,
                                                      "Total Cost": 231041.22,
                                                      "Plan Rows": 1272,
                                                      "Plan Width": 14,
                                                      "Inner Unique": false,
                                                      "Hash Cond": "(web_sales.ws_sold_date_sk = date_dim_2.d_date_sk)",
                                                      "Plans": [
                                                        {
                                                          "Node Type": "Seq Scan",
                                                          "Parent Relationship": "Outer",
                                                          "Parallel Aware": true,
                                                          "Async Capable": false,
                                                          "Relation Name": "web_sales",
                                                          "Alias": "web_sales",
                                                          "Startup Cost": 0.0,
                                                          "Total Cost": 217737.86,
                                                          "Plan Rows": 2998986,
                                                          "Plan Width": 18,
                                                          "parent": 48,
                                                          "ID": 49
                                                        },
                                                        {
                                                          "Node Type": "Hash",
                                                          "Parent Relationship": "Inner",
                                                          "Parallel Aware": true,
                                                          "Async Capable": false,
                                                          "Startup Cost": 2049.55,
                                                          "Total Cost": 2049.55,
                                                          "Plan Rows": 18,
                                                          "Plan Width": 4,
                                                          "Plans": [
                                                            {
                                                              "Node Type": "Seq Scan",
                                                              "Parent Relationship": "Outer",
                                                              "Parallel Aware": true,
                                                              "Async Capable": false,
                                                              "Relation Name": "date_dim",
                                                              "Alias": "date_dim_2",
                                                              "Startup Cost": 0.0,
                                                              "Total Cost": 2049.55,
                                                              "Plan Rows": 18,
                                                              "Plan Width": 4,
                                                              "Filter": "((d_year = 2001) AND (d_moy = 5))",
                                                              "parent": 50,
                                                              "ID": 51
                                                            }
                                                          ],
                                                          "parent": 48,
                                                          "ID": 50,
                                                          "left": 51
                                                        }
                                                      ],
                                                      "parent": 47,
                                                      "ID": 48,
                                                      "left": 49,
                                                      "right": 50
                                                    }
                                                  ],
                                                  "parent": 45,
                                                  "ID": 47,
                                                  "left": 48
                                                }
                                              ],
                                              "parent": 44,
                                              "ID": 45,
                                              "left": 46,
                                              "right": 47
                                            }
                                          ],
                                          "parent": 42,
                                          "ID": 44,
                                          "left": 45
                                        }
                                      ],
                                      "parent": 41,
                                      "ID": 42,
                                      "left": 43,
                                      "right": 44
                                    }
                                  ],
                                  "parent": 40,
                                  "ID": 41,
                                  "left": 42
                                },
                                {
                                  "Node Type": "Hash",
                                  "Parent Relationship": "Inner",
                                  "Parallel Aware": false,
                                  "Async Capable": false,
                                  "Startup Cost": 8366.5,
                                  "Total Cost": 8366.5,
                                  "Plan Rows": 4920,
                                  "Plan Width": 17,
                                  "Plans": [
                                    {
                                      "Node Type": "Seq Scan",
                                      "Parent Relationship": "Outer",
                                      "Parallel Aware": false,
                                      "Async Capable": false,
                                      "Relation Name": "item",
                                      "Alias": "item_5",
                                      "Startup Cost": 0.0,
                                      "Total Cost": 8366.5,
                                      "Plan Rows": 4920,
                                      "Plan Width": 17,
                                      "Filter": "(i_color = ANY ('{beige,salmon,yellow}'::bpchar[]))",
                                      "parent": 52,
                                      "ID": 53
                                    }
                                  ],
                                  "parent": 40,
                                  "ID": 52,
                                  "left": 53
                                }
                              ],
                              "parent": 39,
                              "ID": 40,
                              "left": 41,
                              "right": 52
                            }
                          ],
                          "parent": 38,
                          "ID": 39,
                          "left": 40
                        }
                      ],
                      "parent": 3,
                      "ID": 38,
                      "left": 39
                    }
                  ],
                  "parent": 2,
                  "ID": 3,
                  "left": 4,
                  "right": 21
                }
              ],
              "parent": 1,
              "ID": 2,
              "left": 3
            }
          ],
          "parent": 0,
          "ID": 1,
          "left": 2
        }
      ],
      "parent": null,
      "ID": 0,
      "left": 1
    },
    "feat": {
      "utility": 0.01728077134996985,
      "query_shape": [
        [
          "Seq Scan",
          "Hash Join",
          "Sort",
          "Merge Join",
          "Aggregate",
          "Gather Merge",
          "Merge Append"
        ],
        [
          "Seq Scan",
          "Hash Join",
          "Hash",
          "Sort",
          "Merge Join",
          "Aggregate",
          "Gather Merge",
          "Merge Append"
        ],
        [
          "Seq Scan",
          "Hash Join",
          "Hash",
          "Sort",
          "Merge Join",
          "Aggregate",
          "Gather Merge",
          "Merge Append"
        ],
        [
          "Seq Scan",
          "Hash",
          "Hash Join",
          "Sort",
          "Merge Join",
          "Aggregate",
          "Gather Merge",
          "Merge Append"
        ],
        [
          "Seq Scan",
          "Sort",
          "Merge Join",
          "Aggregate",
          "Gather Merge",
          "Merge Append"
        ],
        [
          "Seq Scan",
          "Hash Join",
          "Sort",
          "Merge Join",
          "Aggregate",
          "Gather Merge",
          "Merge Append"
        ],
        [
          "Seq Scan",
          "Hash Join",
          "Hash",
          "Sort",
          "Merge Join",
          "Aggregate",
          "Gather Merge",
          "Merge Append"
        ],
        [
          "Seq Scan",
          "Hash Join",
          "Hash",
          "Sort",
          "Merge Join",
          "Aggregate",
          "Gather Merge",
          "Merge Append"
        ],
        [
          "Seq Scan",
          "Hash",
          "Hash Join",
          "Sort",
          "Merge Join",
          "Aggregate",
          "Gather Merge",
          "Merge Append"
        ],
        [
          "Seq Scan",
          "Sort",
          "Merge Join",
          "Aggregate",
          "Gather Merge",
          "Merge Append"
        ],
        [
          "Seq Scan",
          "Hash Join",
          "Gather",
          "Sort",
          "Aggregate",
          "Merge Append"
        ],
        [
          "Seq Scan",
          "Hash Join",
          "Hash",
          "Gather",
          "Sort",
          "Aggregate",
          "Merge Append"
        ],
        [
          "Seq Scan",
          "Hash Join",
          "Hash",
          "Gather",
          "Sort",
          "Aggregate",
          "Merge Append"
        ],
        [
          "Seq Scan",
          "Hash",
          "Hash Join",
          "Gather",
          "Sort",
          "Aggregate",
          "Merge Append"
        ],
        [
          "Seq Scan",
          "Hash",
          "Hash Join",
          "Sort",
          "Aggregate",
          "Merge Append"
        ]
      ],
      "index_shape": [
        "join"
      ],
      "physical_operator": {
        "Hash Join": [
          0.004743290597085323,
          0.004841734527525892,
          0.004854227026553673
        ]
      }
    }
  },
  {
    "query": "with ss as (\n select i_item_id,sum(ss_ext_sales_price) total_sales\n from\n \tstore_sales,\n \tdate_dim,\n         customer_address,\n         item\n where i_item_id in (select\n     i_item_id\nfrom item\nwhere i_color in ('beige','salmon','yellow'))\n and     ss_item_sk              = i_item_sk\n and     ss_sold_date_sk         = d_date_sk\n and     d_year                  = 2001\n and     d_moy                   = 5\n and     ss_addr_sk              = ca_address_sk\n and     ca_gmt_offset           = -7 \n group by i_item_id),\n cs as (\n select i_item_id,sum(cs_ext_sales_price) total_sales\n from\n \tcatalog_sales,\n \tdate_dim,\n         customer_address,\n         item\n where\n         i_item_id               in (select\n  i_item_id\nfrom item\nwhere i_color in ('beige','salmon','yellow'))\n and     cs_item_sk              = i_item_sk\n and     cs_sold_date_sk         = d_date_sk\n and     d_year                  = 2001\n and     d_moy                   = 5\n and     cs_bill_addr_sk         = ca_address_sk\n and     ca_gmt_offset           = -7 \n group by i_item_id),\n ws as (\n select i_item_id,sum(ws_ext_sales_price) total_sales\n from\n \tweb_sales,\n \tdate_dim,\n         customer_address,\n         item\n where\n         i_item_id               in (select\n  i_item_id\nfrom item\nwhere i_color in ('beige','salmon','yellow'))\n and     ws_item_sk              = i_item_sk\n and     ws_sold_date_sk         = d_date_sk\n and     d_year                  = 2001\n and     d_moy                   = 5\n and     ws_bill_addr_sk         = ca_address_sk\n and     ca_gmt_offset           = -7\n group by i_item_id)\n  select  i_item_id ,sum(total_sales) total_sales\n from  (select * from ss \n        union all\n        select * from cs \n        union all\n        select * from ws) tmp1\n group by i_item_id\n order by total_sales,\n          i_item_id\n limit 100;\n\n-- end query 40 in stream 1 using template query56.tpl\n",
    "indexes": "item.i_item_sk",
    "wo plan est": {
      "Node Type": "Limit",
      "Parallel Aware": false,
      "Async Capable": false,
      "Startup Cost": 1445461.5,
      "Total Cost": 1445461.75,
      "Plan Rows": 100,
      "Plan Width": 49,
      "Plans": [
        {
          "Node Type": "Sort",
          "Parent Relationship": "Outer",
          "Parallel Aware": false,
          "Async Capable": false,
          "Startup Cost": 1445461.5,
          "Total Cost": 1445462.0,
          "Plan Rows": 200,
          "Plan Width": 49,
          "Sort Key": [
            "(sum((sum(store_sales.ss_ext_sales_price))))",
            "item.i_item_id"
          ],
          "Plans": [
            {
              "Node Type": "Aggregate",
              "Strategy": "Sorted",
              "Partial Mode": "Simple",
              "Parent Relationship": "Outer",
              "Parallel Aware": false,
              "Async Capable": false,
              "Startup Cost": 1445365.0,
              "Total Cost": 1445453.86,
              "Plan Rows": 200,
              "Plan Width": 49,
              "Group Key": [
                "item.i_item_id"
              ],
              "Plans": [
                {
                  "Node Type": "Merge Append",
                  "Parent Relationship": "Outer",
                  "Parallel Aware": false,
                  "Async Capable": false,
                  "Startup Cost": 1445365.0,
                  "Total Cost": 1445450.15,
                  "Plan Rows": 241,
                  "Plan Width": 49,
                  "Sort Key": [
                    "item.i_item_id"
                  ],
                  "Subplans Removed": 0,
                  "Plans": [
                    {
                      "Node Type": "Aggregate",
                      "Strategy": "Sorted",
                      "Partial Mode": "Finalize",
                      "Parent Relationship": "Member",
                      "Parallel Aware": false,
                      "Async Capable": false,
                      "Startup Cost": 708085.33,
                      "Total Cost": 708129.17,
                      "Plan Rows": 133,
                      "Plan Width": 49,
                      "Group Key": [
                        "item.i_item_id"
                      ],
                      "Plans": [
                        {
                          "Node Type": "Gather Merge",
                          "Parent Relationship": "Outer",
                          "Parallel Aware": false,
                          "Async Capable": false,
                          "Startup Cost": 708085.33,
                          "Total Cost": 708126.68,
                          "Plan Rows": 110,
                          "Plan Width": 49,
                          "Workers Planned": 2,
                          "Plans": [
                            {
                              "Node Type": "Aggregate",
                              "Strategy": "Sorted",
                              "Partial Mode": "Partial",
                              "Parent Relationship": "Outer",
                              "Parallel Aware": false,
                              "Async Capable": false,
                              "Startup Cost": 707085.31,
                              "Total Cost": 707113.96,
                              "Plan Rows": 55,
                              "Plan Width": 49,
                              "Group Key": [
                                "item.i_item_id"
                              ],
                              "Plans": [
                                {
                                  "Node Type": "Merge Join",
                                  "Parent Relationship": "Outer",
                                  "Parallel Aware": false,
                                  "Async Capable": false,
                                  "Join Type": "Semi",
                                  "Startup Cost": 707085.31,
                                  "Total Cost": 707113.0,
                                  "Plan Rows": 55,
                                  "Plan Width": 23,
                                  "Inner Unique": false,
                                  "Merge Cond": "(item.i_item_id = item_1.i_item_id)",
                                  "Plans": [
                                    {
                                      "Node Type": "Sort",
                                      "Parent Relationship": "Outer",
                                      "Parallel Aware": false,
                                      "Async Capable": false,
                                      "Startup Cost": 698417.1,
                                      "Total Cost": 698418.37,
                                      "Plan Rows": 508,
                                      "Plan Width": 23,
                                      "Sort Key": [
                                        "item.i_item_id"
                                      ],
                                      "Plans": [
                                        {
                                          "Node Type": "Hash Join",
                                          "Parent Relationship": "Outer",
                                          "Parallel Aware": true,
                                          "Async Capable": false,
                                          "Join Type": "Inner",
                                          "Startup Cost": 690843.77,
                                          "Total Cost": 698394.27,
                                          "Plan Rows": 508,
                                          "Plan Width": 23,
                                          "Inner Unique": false,
                                          "Hash Cond": "(item.i_item_sk = store_sales.ss_item_sk)",
                                          "Plans": [
                                            {
                                              "Node Type": "Seq Scan",
                                              "Parent Relationship": "Outer",
                                              "Parallel Aware": true,
                                              "Async Capable": false,
                                              "Relation Name": "item",
                                              "Alias": "item",
                                              "Startup Cost": 0.0,
                                              "Total Cost": 7389.0,
                                              "Plan Rows": 42500,
                                              "Plan Width": 21,
                                              "parent": 9,
                                              "ID": 10
                                            },
                                            {
                                              "Node Type": "Hash",
                                              "Parent Relationship": "Inner",
                                              "Parallel Aware": true,
                                              "Async Capable": false,
                                              "Startup Cost": 690837.42,
                                              "Total Cost": 690837.42,
                                              "Plan Rows": 508,
                                              "Plan Width": 10,
                                              "Plans": [
                                                {
                                                  "Node Type": "Hash Join",
                                                  "Parent Relationship": "Outer",
                                                  "Parallel Aware": true,
                                                  "Async Capable": false,
                                                  "Join Type": "Inner",
                                                  "Startup Cost": 684055.5,
                                                  "Total Cost": 690837.42,
                                                  "Plan Rows": 508,
                                                  "Plan Width": 10,
                                                  "Inner Unique": false,
                                                  "Hash Cond": "(customer_address.ca_address_sk = store_sales.ss_addr_sk)",
                                                  "Plans": [
                                                    {
                                                      "Node Type": "Seq Scan",
                                                      "Parent Relationship": "Outer",
                                                      "Parallel Aware": true,
                                                      "Async Capable": false,
                                                      "Relation Name": "customer_address",
                                                      "Alias": "customer_address",
                                                      "Startup Cost": 0.0,
                                                      "Total Cost": 6737.08,
                                                      "Plan Rows": 11392,
                                                      "Plan Width": 4,
                                                      "Filter": "(ca_gmt_offset = '-7'::numeric)",
                                                      "parent": 12,
                                                      "ID": 13
                                                    },
                                                    {
                                                      "Node Type": "Hash",
                                                      "Parent Relationship": "Inner",
                                                      "Parallel Aware": true,
                                                      "Async Capable": false,
                                                      "Startup Cost": 683994.75,
                                                      "Total Cost": 683994.75,
                                                      "Plan Rows": 4860,
                                                      "Plan Width": 14,
                                                      "Plans": [
                                                        {
                                                          "Node Type": "Hash Join",
                                                          "Parent Relationship": "Outer",
                                                          "Parallel Aware": true,
                                                          "Async Capable": false,
                                                          "Join Type": "Inner",
                                                          "Startup Cost": 2049.78,
                                                          "Total Cost": 683994.75,
                                                          "Plan Rows": 4860,
                                                          "Plan Width": 14,
                                                          "Inner Unique": false,
                                                          "Hash Cond": "(store_sales.ss_sold_date_sk = date_dim.d_date_sk)",
                                                          "Plans": [
                                                            {
                                                              "Node Type": "Seq Scan",
                                                              "Parent Relationship": "Outer",
                                                              "Parallel Aware": true,
                                                              "Async Capable": false,
                                                              "Relation Name": "store_sales",
                                                              "Alias": "store_sales",
                                                              "Startup Cost": 0.0,
                                                              "Total Cost": 636914.37,
                                                              "Plan Rows": 12000637,
                                                              "Plan Width": 18,
                                                              "parent": 15,
                                                              "ID": 16
                                                            },
                                                            {
                                                              "Node Type": "Hash",
                                                              "Parent Relationship": "Inner",
                                                              "Parallel Aware": true,
                                                              "Async Capable": false,
                                                              "Startup Cost": 2049.55,
                                                              "Total Cost": 2049.55,
                                                              "Plan Rows": 18,
                                                              "Plan Width": 4,
                                                              "Plans": [
                                                                {
                                                                  "Node Type": "Seq Scan",
                                                                  "Parent Relationship": "Outer",
                                                                  "Parallel Aware": true,
                                                                  "Async Capable": false,
                                                                  "Relation Name": "date_dim",
                                                                  "Alias": "date_dim",
                                                                  "Startup Cost": 0.0,
                                                                  "Total Cost": 2049.55,
                                                                  "Plan Rows": 18,
                                                                  "Plan Width": 4,
                                                                  "Filter": "((d_year = 2001) AND (d_moy = 5))",
                                                                  "parent": 17,
                                                                  "ID": 18
                                                                }
                                                              ],
                                                              "parent": 15,
                                                              "ID": 17,
                                                              "left": 18
                                                            }
                                                          ],
                                                          "parent": 14,
                                                          "ID": 15,
                                                          "left": 16,
                                                          "right": 17
                                                        }
                                                      ],
                                                      "parent": 12,
                                                      "ID": 14,
                                                      "left": 15
                                                    }
                                                  ],
                                                  "parent": 11,
                                                  "ID": 12,
                                                  "left": 13,
                                                  "right": 14
                                                }
                                              ],
                                              "parent": 9,
                                              "ID": 11,
                                              "left": 12
                                            }
                                          ],
                                          "parent": 8,
                                          "ID": 9,
                                          "left": 10,
                                          "right": 11
                                        }
                                      ],
                                      "parent": 7,
                                      "ID": 8,
                                      "left": 9
                                    },
                                    {
                                      "Node Type": "Sort",
                                      "Parent Relationship": "Inner",
                                      "Parallel Aware": false,
                                      "Async Capable": false,
                                      "Startup Cost": 8668.21,
                                      "Total Cost": 8680.51,
                                      "Plan Rows": 4920,
                                      "Plan Width": 17,
                                      "Sort Key": [
                                        "item_1.i_item_id"
                                      ],
                                      "Plans": [
                                        {
                                          "Node Type": "Seq Scan",
                                          "Parent Relationship": "Outer",
                                          "Parallel Aware": false,
                                          "Async Capable": false,
                                          "Relation Name": "item",
                                          "Alias": "item_1",
                                          "Startup Cost": 0.0,
                                          "Total Cost": 8366.5,
                                          "Plan Rows": 4920,
                                          "Plan Width": 17,
                                          "Filter": "(i_color = ANY ('{beige,salmon,yellow}'::bpchar[]))",
                                          "parent": 19,
                                          "ID": 20
                                        }
                                      ],
                                      "parent": 7,
                                      "ID": 19,
                                      "left": 20
                                    }
                                  ],
                                  "parent": 6,
                                  "ID": 7,
                                  "left": 8,
                                  "right": 19
                                }
                              ],
                              "parent": 5,
                              "ID": 6,
                              "left": 7
                            }
                          ],
                          "parent": 4,
                          "ID": 5,
                          "left": 6
                        }
                      ],
                      "parent": 3,
                      "ID": 4,
                      "left": 5
                    },
                    {
                      "Node Type": "Aggregate",
                      "Strategy": "Sorted",
                      "Partial Mode": "Finalize",
                      "Parent Relationship": "Member",
                      "Parallel Aware": false,
                      "Async Capable": false,
                      "Startup Cost": 482370.83,
                      "Total Cost": 482405.91,
                      "Plan Rows": 72,
                      "Plan Width": 49,
                      "Group Key": [
                        "item_2.i_item_id"
                      ],
                      "Plans": [
                        {
                          "Node Type": "Gather Merge",
                          "Parent Relationship": "Outer",
                          "Parallel Aware": false,
                          "Async Capable": false,
                          "Startup Cost": 482370.83,
                          "Total Cost": 482404.56,
                          "Plan Rows": 60,
                          "Plan Width": 49,
                          "Workers Planned": 2,
                          "Plans": [
                            {
                              "Node Type": "Aggregate",
                              "Strategy": "Sorted",
                              "Partial Mode": "Partial",
                              "Parent Relationship": "Outer",
                              "Parallel Aware": false,
                              "Async Capable": false,
                              "Startup Cost": 481370.81,
                              "Total Cost": 481397.61,
                              "Plan Rows": 30,
                              "Plan Width": 49,
                              "Group Key": [
                                "item_2.i_item_id"
                              ],
                              "Plans": [
                                {
                                  "Node Type": "Merge Join",
                                  "Parent Relationship": "Outer",
                                  "Parallel Aware": false,
                                  "Async Capable": false,
                                  "Join Type": "Semi",
                                  "Startup Cost": 481370.81,
                                  "Total Cost": 481397.09,
                                  "Plan Rows": 30,
                                  "Plan Width": 23,
                                  "Inner Unique": false,
                                  "Merge Cond": "(item_2.i_item_id = item_3.i_item_id)",
                                  "Plans": [
                                    {
                                      "Node Type": "Sort",
                                      "Parent Relationship": "Outer",
                                      "Parallel Aware": false,
                                      "Async Capable": false,
                                      "Startup Cost": 472702.61,
                                      "Total Cost": 472703.29,
                                      "Plan Rows": 275,
                                      "Plan Width": 23,
                                      "Sort Key": [
                                        "item_2.i_item_id"
                                      ],
                                      "Plans": [
                                        {
                                          "Node Type": "Hash Join",
                                          "Parent Relationship": "Outer",
                                          "Parallel Aware": true,
                                          "Async Capable": false,
                                          "Join Type": "Inner",
                                          "Startup Cost": 465141.94,
                                          "Total Cost": 472691.46,
                                          "Plan Rows": 275,
                                          "Plan Width": 23,
                                          "Inner Unique": false,
                                          "Hash Cond": "(item_2.i_item_sk = catalog_sales.cs_item_sk)",
                                          "Plans": [
                                            {
                                              "Node Type": "Seq Scan",
                                              "Parent Relationship": "Outer",
                                              "Parallel Aware": true,
                                              "Async Capable": false,
                                              "Relation Name": "item",
                                              "Alias": "item_2",
                                              "Startup Cost": 0.0,
                                              "Total Cost": 7389.0,
                                              "Plan Rows": 42500,
                                              "Plan Width": 21,
                                              "parent": 26,
                                              "ID": 27
                                            },
                                            {
                                              "Node Type": "Hash",
                                              "Parent Relationship": "Inner",
                                              "Parallel Aware": true,
                                              "Async Capable": false,
                                              "Startup Cost": 465138.5,
                                              "Total Cost": 465138.5,
                                              "Plan Rows": 275,
                                              "Plan Width": 10,
                                              "Plans": [
                                                {
                                                  "Node Type": "Hash Join",
                                                  "Parent Relationship": "Outer",
                                                  "Parallel Aware": true,
                                                  "Async Capable": false,
                                                  "Join Type": "Inner",
                                                  "Startup Cost": 458286.35,
                                                  "Total Cost": 465138.5,
                                                  "Plan Rows": 275,
                                                  "Plan Width": 10,
                                                  "Inner Unique": false,
                                                  "Hash Cond": "(customer_address_1.ca_address_sk = catalog_sales.cs_bill_addr_sk)",
                                                  "Plans": [
                                                    {
                                                      "Node Type": "Seq Scan",
                                                      "Parent Relationship": "Outer",
                                                      "Parallel Aware": true,
                                                      "Async Capable": false,
                                                      "Relation Name": "customer_address",
                                                      "Alias": "customer_address_1",
                                                      "Startup Cost": 0.0,
                                                      "Total Cost": 6737.08,
                                                      "Plan Rows": 11392,
                                                      "Plan Width": 4,
                                                      "Filter": "(ca_gmt_offset = '-7'::numeric)",
                                                      "parent": 29,
                                                      "ID": 30
                                                    },
                                                    {
                                                      "Node Type": "Hash",
                                                      "Parent Relationship": "Inner",
                                                      "Parallel Aware": true,
                                                      "Async Capable": false,
                                                      "Startup Cost": 458254.7,
                                                      "Total Cost": 458254.7,
                                                      "Plan Rows": 2532,
                                                      "Plan Width": 14,
                                                      "Plans": [
                                                        {
                                                          "Node Type": "Hash Join",
                                                          "Parent Relationship": "Outer",
                                                          "Parallel Aware": true,
                                                          "Async Capable": false,
                                                          "Join Type": "Inner",
                                                          "Startup Cost": 2049.78,
                                                          "Total Cost": 458254.7,
                                                          "Plan Rows": 2532,
                                                          "Plan Width": 14,
                                                          "Inner Unique": false,
                                                          "Hash Cond": "(catalog_sales.cs_sold_date_sk = date_dim_1.d_date_sk)",
                                                          "Plans": [
                                                            {
                                                              "Node Type": "Seq Scan",
                                                              "Parent Relationship": "Outer",
                                                              "Parallel Aware": true,
                                                              "Async Capable": false,
                                                              "Relation Name": "catalog_sales",
                                                              "Alias": "catalog_sales",
                                                              "Startup Cost": 0.0,
                                                              "Total Cost": 433688.25,
                                                              "Plan Rows": 6000525,
                                                              "Plan Width": 18,
                                                              "parent": 32,
                                                              "ID": 33
                                                            },
                                                            {
                                                              "Node Type": "Hash",
                                                              "Parent Relationship": "Inner",
                                                              "Parallel Aware": true,
                                                              "Async Capable": false,
                                                              "Startup Cost": 2049.55,
                                                              "Total Cost": 2049.55,
                                                              "Plan Rows": 18,
                                                              "Plan Width": 4,
                                                              "Plans": [
                                                                {
                                                                  "Node Type": "Seq Scan",
                                                                  "Parent Relationship": "Outer",
                                                                  "Parallel Aware": true,
                                                                  "Async Capable": false,
                                                                  "Relation Name": "date_dim",
                                                                  "Alias": "date_dim_1",
                                                                  "Startup Cost": 0.0,
                                                                  "Total Cost": 2049.55,
                                                                  "Plan Rows": 18,
                                                                  "Plan Width": 4,
                                                                  "Filter": "((d_year = 2001) AND (d_moy = 5))",
                                                                  "parent": 34,
                                                                  "ID": 35
                                                                }
                                                              ],
                                                              "parent": 32,
                                                              "ID": 34,
                                                              "left": 35
                                                            }
                                                          ],
                                                          "parent": 31,
                                                          "ID": 32,
                                                          "left": 33,
                                                          "right": 34
                                                        }
                                                      ],
                                                      "parent": 29,
                                                      "ID": 31,
                                                      "left": 32
                                                    }
                                                  ],
                                                  "parent": 28,
                                                  "ID": 29,
                                                  "left": 30,
                                                  "right": 31
                                                }
                                              ],
                                              "parent": 26,
                                              "ID": 28,
                                              "left": 29
                                            }
                                          ],
                                          "parent": 25,
                                          "ID": 26,
                                          "left": 27,
                                          "right": 28
                                        }
                                      ],
                                      "parent": 24,
                                      "ID": 25,
                                      "left": 26
                                    },
                                    {
                                      "Node Type": "Sort",
                                      "Parent Relationship": "Inner",
                                      "Parallel Aware": false,
                                      "Async Capable": false,
                                      "Startup Cost": 8668.21,
                                      "Total Cost": 8680.51,
                                      "Plan Rows": 4920,
                                      "Plan Width": 17,
                                      "Sort Key": [
                                        "item_3.i_item_id"
                                      ],
                                      "Plans": [
                                        {
                                          "Node Type": "Seq Scan",
                                          "Parent Relationship": "Outer",
                                          "Parallel Aware": false,
                                          "Async Capable": false,
                                          "Relation Name": "item",
                                          "Alias": "item_3",
                                          "Startup Cost": 0.0,
                                          "Total Cost": 8366.5,
                                          "Plan Rows": 4920,
                                          "Plan Width": 17,
                                          "Filter": "(i_color = ANY ('{beige,salmon,yellow}'::bpchar[]))",
                                          "parent": 36,
                                          "ID": 37
                                        }
                                      ],
                                      "parent": 24,
                                      "ID": 36,
                                      "left": 37
                                    }
                                  ],
                                  "parent": 23,
                                  "ID": 24,
                                  "left": 25,
                                  "right": 36
                                }
                              ],
                              "parent": 22,
                              "ID": 23,
                              "left": 24
                            }
                          ],
                          "parent": 21,
                          "ID": 22,
                          "left": 23
                        }
                      ],
                      "parent": 3,
                      "ID": 21,
                      "left": 22
                    },
                    {
                      "Node Type": "Aggregate",
                      "Strategy": "Sorted",
                      "Partial Mode": "Simple",
                      "Parent Relationship": "Member",
                      "Parallel Aware": false,
                      "Async Capable": false,
                      "Startup Cost": 254908.81,
                      "Total Cost": 254909.53,
                      "Plan Rows": 36,
                      "Plan Width": 49,
                      "Group Key": [
                        "item_4.i_item_id"
                      ],
                      "Plans": [
                        {
                          "Node Type": "Sort",
                          "Parent Relationship": "Outer",
                          "Parallel Aware": false,
                          "Async Capable": false,
                          "Startup Cost": 254908.81,
                          "Total Cost": 254908.9,
                          "Plan Rows": 36,
                          "Plan Width": 23,
                          "Sort Key": [
                            "item_4.i_item_id"
                          ],
                          "Plans": [
                            {
                              "Node Type": "Hash Join",
                              "Parent Relationship": "Outer",
                              "Parallel Aware": false,
                              "Async Capable": false,
                              "Join Type": "Semi",
                              "Startup Cost": 247324.2,
                              "Total Cost": 254907.88,
                              "Plan Rows": 36,
                              "Plan Width": 23,
                              "Inner Unique": false,
                              "Hash Cond": "(item_4.i_item_id = item_5.i_item_id)",
                              "Plans": [
                                {
                                  "Node Type": "Gather",
                                  "Parent Relationship": "Outer",
                                  "Parallel Aware": false,
                                  "Async Capable": false,
                                  "Startup Cost": 238896.2,
                                  "Total Cost": 246478.56,
                                  "Plan Rows": 334,
                                  "Plan Width": 23,
                                  "Workers Planned": 2,
                                  "Single Copy": false,
                                  "Plans": [
                                    {
                                      "Node Type": "Hash Join",
                                      "Parent Relationship": "Outer",
                                      "Parallel Aware": true,
                                      "Async Capable": false,
                                      "Join Type": "Inner",
                                      "Startup Cost": 237896.2,
                                      "Total Cost": 245445.16,
                                      "Plan Rows": 139,
                                      "Plan Width": 23,
                                      "Inner Unique": false,
                                      "Hash Cond": "(item_4.i_item_sk = web_sales.ws_item_sk)",
                                      "Plans": [
                                        {
                                          "Node Type": "Seq Scan",
                                          "Parent Relationship": "Outer",
                                          "Parallel Aware": true,
                                          "Async Capable": false,
                                          "Relation Name": "item",
                                          "Alias": "item_4",
                                          "Startup Cost": 0.0,
                                          "Total Cost": 7389.0,
                                          "Plan Rows": 42500,
                                          "Plan Width": 21,
                                          "parent": 42,
                                          "ID": 43
                                        },
                                        {
                                          "Node Type": "Hash",
                                          "Parent Relationship": "Inner",
                                          "Parallel Aware": true,
                                          "Async Capable": false,
                                          "Startup Cost": 237894.46,
                                          "Total Cost": 237894.46,
                                          "Plan Rows": 139,
                                          "Plan Width": 10,
                                          "Plans": [
                                            {
                                              "Node Type": "Hash Join",
                                              "Parent Relationship": "Outer",
                                              "Parallel Aware": true,
                                              "Async Capable": false,
                                              "Join Type": "Inner",
                                              "Startup Cost": 231057.12,
                                              "Total Cost": 237894.46,
                                              "Plan Rows": 139,
                                              "Plan Width": 10,
                                              "Inner Unique": false,
                                              "Hash Cond": "(customer_address_2.ca_address_sk = web_sales.ws_bill_addr_sk)",
                                              "Plans": [
                                                {
                                                  "Node Type": "Seq Scan",
                                                  "Parent Relationship": "Outer",
                                                  "Parallel Aware": true,
                                                  "Async Capable": false,
                                                  "Relation Name": "customer_address",
                                                  "Alias": "customer_address_2",
                                                  "Startup Cost": 0.0,
                                                  "Total Cost": 6737.08,
                                                  "Plan Rows": 11392,
                                                  "Plan Width": 4,
                                                  "Filter": "(ca_gmt_offset = '-7'::numeric)",
                                                  "parent": 45,
                                                  "ID": 46
                                                },
                                                {
                                                  "Node Type": "Hash",
                                                  "Parent Relationship": "Inner",
                                                  "Parallel Aware": true,
                                                  "Async Capable": false,
                                                  "Startup Cost": 231041.22,
                                                  "Total Cost": 231041.22,
                                                  "Plan Rows": 1272,
                                                  "Plan Width": 14,
                                                  "Plans": [
                                                    {
                                                      "Node Type": "Hash Join",
                                                      "Parent Relationship": "Outer",
                                                      "Parallel Aware": true,
                                                      "Async Capable": false,
                                                      "Join Type": "Inner",
                                                      "Startup Cost": 2049.78,
                                                      "Total Cost": 231041.22,
                                                      "Plan Rows": 1272,
                                                      "Plan Width": 14,
                                                      "Inner Unique": false,
                                                      "Hash Cond": "(web_sales.ws_sold_date_sk = date_dim_2.d_date_sk)",
                                                      "Plans": [
                                                        {
                                                          "Node Type": "Seq Scan",
                                                          "Parent Relationship": "Outer",
                                                          "Parallel Aware": true,
                                                          "Async Capable": false,
                                                          "Relation Name": "web_sales",
                                                          "Alias": "web_sales",
                                                          "Startup Cost": 0.0,
                                                          "Total Cost": 217737.86,
                                                          "Plan Rows": 2998986,
                                                          "Plan Width": 18,
                                                          "parent": 48,
                                                          "ID": 49
                                                        },
                                                        {
                                                          "Node Type": "Hash",
                                                          "Parent Relationship": "Inner",
                                                          "Parallel Aware": true,
                                                          "Async Capable": false,
                                                          "Startup Cost": 2049.55,
                                                          "Total Cost": 2049.55,
                                                          "Plan Rows": 18,
                                                          "Plan Width": 4,
                                                          "Plans": [
                                                            {
                                                              "Node Type": "Seq Scan",
                                                              "Parent Relationship": "Outer",
                                                              "Parallel Aware": true,
                                                              "Async Capable": false,
                                                              "Relation Name": "date_dim",
                                                              "Alias": "date_dim_2",
                                                              "Startup Cost": 0.0,
                                                              "Total Cost": 2049.55,
                                                              "Plan Rows": 18,
                                                              "Plan Width": 4,
                                                              "Filter": "((d_year = 2001) AND (d_moy = 5))",
                                                              "parent": 50,
                                                              "ID": 51
                                                            }
                                                          ],
                                                          "parent": 48,
                                                          "ID": 50,
                                                          "left": 51
                                                        }
                                                      ],
                                                      "parent": 47,
                                                      "ID": 48,
                                                      "left": 49,
                                                      "right": 50
                                                    }
                                                  ],
                                                  "parent": 45,
                                                  "ID": 47,
                                                  "left": 48
                                                }
                                              ],
                                              "parent": 44,
                                              "ID": 45,
                                              "left": 46,
                                              "right": 47
                                            }
                                          ],
                                          "parent": 42,
                                          "ID": 44,
                                          "left": 45
                                        }
                                      ],
                                      "parent": 41,
                                      "ID": 42,
                                      "left": 43,
                                      "right": 44
                                    }
                                  ],
                                  "parent": 40,
                                  "ID": 41,
                                  "left": 42
                                },
                                {
                                  "Node Type": "Hash",
                                  "Parent Relationship": "Inner",
                                  "Parallel Aware": false,
                                  "Async Capable": false,
                                  "Startup Cost": 8366.5,
                                  "Total Cost": 8366.5,
                                  "Plan Rows": 4920,
                                  "Plan Width": 17,
                                  "Plans": [
                                    {
                                      "Node Type": "Seq Scan",
                                      "Parent Relationship": "Outer",
                                      "Parallel Aware": false,
                                      "Async Capable": false,
                                      "Relation Name": "item",
                                      "Alias": "item_5",
                                      "Startup Cost": 0.0,
                                      "Total Cost": 8366.5,
                                      "Plan Rows": 4920,
                                      "Plan Width": 17,
                                      "Filter": "(i_color = ANY ('{beige,salmon,yellow}'::bpchar[]))",
                                      "parent": 52,
                                      "ID": 53
                                    }
                                  ],
                                  "parent": 40,
                                  "ID": 52,
                                  "left": 53
                                }
                              ],
                              "parent": 39,
                              "ID": 40,
                              "left": 41,
                              "right": 52
                            }
                          ],
                          "parent": 38,
                          "ID": 39,
                          "left": 40
                        }
                      ],
                      "parent": 3,
                      "ID": 38,
                      "left": 39
                    }
                  ],
                  "parent": 2,
                  "ID": 3,
                  "left": 4,
                  "right": 21
                }
              ],
              "parent": 1,
              "ID": 2,
              "left": 3
            }
          ],
          "parent": 0,
          "ID": 1,
          "left": 2
        }
      ],
      "parent": null,
      "ID": 0,
      "left": 1
    },
    "feat": {
      "utility": 0.017280117956485538,
      "query_shape": [
        [
          "Seq Scan",
          "Hash Join",
          "Sort",
          "Merge Join",
          "Aggregate",
          "Gather Merge",
          "Merge Append"
        ],
        [
          "Seq Scan",
          "Hash Join",
          "Hash",
          "Sort",
          "Merge Join",
          "Aggregate",
          "Gather Merge",
          "Merge Append"
        ],
        [
          "Seq Scan",
          "Hash Join",
          "Hash",
          "Sort",
          "Merge Join",
          "Aggregate",
          "Gather Merge",
          "Merge Append"
        ],
        [
          "Seq Scan",
          "Hash",
          "Hash Join",
          "Sort",
          "Merge Join",
          "Aggregate",
          "Gather Merge",
          "Merge Append"
        ],
        [
          "Seq Scan",
          "Sort",
          "Merge Join",
          "Aggregate",
          "Gather Merge",
          "Merge Append"
        ],
        [
          "Seq Scan",
          "Hash Join",
          "Sort",
          "Merge Join",
          "Aggregate",
          "Gather Merge",
          "Merge Append"
        ],
        [
          "Seq Scan",
          "Hash Join",
          "Hash",
          "Sort",
          "Merge Join",
          "Aggregate",
          "Gather Merge",
          "Merge Append"
        ],
        [
          "Seq Scan",
          "Hash Join",
          "Hash",
          "Sort",
          "Merge Join",
          "Aggregate",
          "Gather Merge",
          "Merge Append"
        ],
        [
          "Seq Scan",
          "Hash",
          "Hash Join",
          "Sort",
          "Merge Join",
          "Aggregate",
          "Gather Merge",
          "Merge Append"
        ],
        [
          "Seq Scan",
          "Sort",
          "Merge Join",
          "Aggregate",
          "Gather Merge",
          "Merge Append"
        ],
        [
          "Seq Scan",
          "Hash Join",
          "Gather",
          "Sort",
          "Aggregate",
          "Merge Append"
        ],
        [
          "Seq Scan",
          "Hash Join",
          "Hash",
          "Gather",
          "Sort",
          "Aggregate",
          "Merge Append"
        ],
        [
          "Seq Scan",
          "Hash Join",
          "Hash",
          "Gather",
          "Sort",
          "Aggregate",
          "Merge Append"
        ],
        [
          "Seq Scan",
          "Hash",
          "Hash Join",
          "Gather",
          "Sort",
          "Aggregate",
          "Merge Append"
        ],
        [
          "Seq Scan",
          "Hash",
          "Hash Join",
          "Sort",
          "Aggregate",
          "Merge Append"
        ]
      ],
      "index_shape": [
        "join"
      ],
      "physical_operator": {
        "Hash Join": [
          0.00485071250072666,
          0.00485071250072666,
          0.00485071250072666
        ]
      }
    }
  },
  {
    "query": "with ss as (\n select i_item_id,sum(ss_ext_sales_price) total_sales\n from\n \tstore_sales,\n \tdate_dim,\n         customer_address,\n         item\n where i_item_id in (select\n     i_item_id\nfrom item\nwhere i_color in ('beige','salmon','yellow'))\n and     ss_item_sk              = i_item_sk\n and     ss_sold_date_sk         = d_date_sk\n and     d_year                  = 2001\n and     d_moy                   = 5\n and     ss_addr_sk              = ca_address_sk\n and     ca_gmt_offset           = -7 \n group by i_item_id),\n cs as (\n select i_item_id,sum(cs_ext_sales_price) total_sales\n from\n \tcatalog_sales,\n \tdate_dim,\n         customer_address,\n         item\n where\n         i_item_id               in (select\n  i_item_id\nfrom item\nwhere i_color in ('beige','salmon','yellow'))\n and     cs_item_sk              = i_item_sk\n and     cs_sold_date_sk         = d_date_sk\n and     d_year                  = 2001\n and     d_moy                   = 5\n and     cs_bill_addr_sk         = ca_address_sk\n and     ca_gmt_offset           = -7 \n group by i_item_id),\n ws as (\n select i_item_id,sum(ws_ext_sales_price) total_sales\n from\n \tweb_sales,\n \tdate_dim,\n         customer_address,\n         item\n where\n         i_item_id               in (select\n  i_item_id\nfrom item\nwhere i_color in ('beige','salmon','yellow'))\n and     ws_item_sk              = i_item_sk\n and     ws_sold_date_sk         = d_date_sk\n and     d_year                  = 2001\n and     d_moy                   = 5\n and     ws_bill_addr_sk         = ca_address_sk\n and     ca_gmt_offset           = -7\n group by i_item_id)\n  select  i_item_id ,sum(total_sales) total_sales\n from  (select * from ss \n        union all\n        select * from cs \n        union all\n        select * from ws) tmp1\n group by i_item_id\n order by total_sales,\n          i_item_id\n limit 100;\n\n-- end query 40 in stream 1 using template query56.tpl\n",
    "indexes": "item.i_item_id",
    "wo plan est": {
      "Node Type": "Limit",
      "Parallel Aware": false,
      "Async Capable": false,
      "Startup Cost": 1445461.5,
      "Total Cost": 1445461.75,
      "Plan Rows": 100,
      "Plan Width": 49,
      "Plans": [
        {
          "Node Type": "Sort",
          "Parent Relationship": "Outer",
          "Parallel Aware": false,
          "Async Capable": false,
          "Startup Cost": 1445461.5,
          "Total Cost": 1445462.0,
          "Plan Rows": 200,
          "Plan Width": 49,
          "Sort Key": [
            "(sum((sum(store_sales.ss_ext_sales_price))))",
            "item.i_item_id"
          ],
          "Plans": [
            {
              "Node Type": "Aggregate",
              "Strategy": "Sorted",
              "Partial Mode": "Simple",
              "Parent Relationship": "Outer",
              "Parallel Aware": false,
              "Async Capable": false,
              "Startup Cost": 1445365.0,
              "Total Cost": 1445453.86,
              "Plan Rows": 200,
              "Plan Width": 49,
              "Group Key": [
                "item.i_item_id"
              ],
              "Plans": [
                {
                  "Node Type": "Merge Append",
                  "Parent Relationship": "Outer",
                  "Parallel Aware": false,
                  "Async Capable": false,
                  "Startup Cost": 1445365.0,
                  "Total Cost": 1445450.15,
                  "Plan Rows": 241,
                  "Plan Width": 49,
                  "Sort Key": [
                    "item.i_item_id"
                  ],
                  "Subplans Removed": 0,
                  "Plans": [
                    {
                      "Node Type": "Aggregate",
                      "Strategy": "Sorted",
                      "Partial Mode": "Finalize",
                      "Parent Relationship": "Member",
                      "Parallel Aware": false,
                      "Async Capable": false,
                      "Startup Cost": 708085.33,
                      "Total Cost": 708129.17,
                      "Plan Rows": 133,
                      "Plan Width": 49,
                      "Group Key": [
                        "item.i_item_id"
                      ],
                      "Plans": [
                        {
                          "Node Type": "Gather Merge",
                          "Parent Relationship": "Outer",
                          "Parallel Aware": false,
                          "Async Capable": false,
                          "Startup Cost": 708085.33,
                          "Total Cost": 708126.68,
                          "Plan Rows": 110,
                          "Plan Width": 49,
                          "Workers Planned": 2,
                          "Plans": [
                            {
                              "Node Type": "Aggregate",
                              "Strategy": "Sorted",
                              "Partial Mode": "Partial",
                              "Parent Relationship": "Outer",
                              "Parallel Aware": false,
                              "Async Capable": false,
                              "Startup Cost": 707085.31,
                              "Total Cost": 707113.96,
                              "Plan Rows": 55,
                              "Plan Width": 49,
                              "Group Key": [
                                "item.i_item_id"
                              ],
                              "Plans": [
                                {
                                  "Node Type": "Merge Join",
                                  "Parent Relationship": "Outer",
                                  "Parallel Aware": false,
                                  "Async Capable": false,
                                  "Join Type": "Semi",
                                  "Startup Cost": 707085.31,
                                  "Total Cost": 707113.0,
                                  "Plan Rows": 55,
                                  "Plan Width": 23,
                                  "Inner Unique": false,
                                  "Merge Cond": "(item.i_item_id = item_1.i_item_id)",
                                  "Plans": [
                                    {
                                      "Node Type": "Sort",
                                      "Parent Relationship": "Outer",
                                      "Parallel Aware": false,
                                      "Async Capable": false,
                                      "Startup Cost": 698417.1,
                                      "Total Cost": 698418.37,
                                      "Plan Rows": 508,
                                      "Plan Width": 23,
                                      "Sort Key": [
                                        "item.i_item_id"
                                      ],
                                      "Plans": [
                                        {
                                          "Node Type": "Hash Join",
                                          "Parent Relationship": "Outer",
                                          "Parallel Aware": true,
                                          "Async Capable": false,
                                          "Join Type": "Inner",
                                          "Startup Cost": 690843.77,
                                          "Total Cost": 698394.27,
                                          "Plan Rows": 508,
                                          "Plan Width": 23,
                                          "Inner Unique": false,
                                          "Hash Cond": "(item.i_item_sk = store_sales.ss_item_sk)",
                                          "Plans": [
                                            {
                                              "Node Type": "Seq Scan",
                                              "Parent Relationship": "Outer",
                                              "Parallel Aware": true,
                                              "Async Capable": false,
                                              "Relation Name": "item",
                                              "Alias": "item",
                                              "Startup Cost": 0.0,
                                              "Total Cost": 7389.0,
                                              "Plan Rows": 42500,
                                              "Plan Width": 21,
                                              "parent": 9,
                                              "ID": 10
                                            },
                                            {
                                              "Node Type": "Hash",
                                              "Parent Relationship": "Inner",
                                              "Parallel Aware": true,
                                              "Async Capable": false,
                                              "Startup Cost": 690837.42,
                                              "Total Cost": 690837.42,
                                              "Plan Rows": 508,
                                              "Plan Width": 10,
                                              "Plans": [
                                                {
                                                  "Node Type": "Hash Join",
                                                  "Parent Relationship": "Outer",
                                                  "Parallel Aware": true,
                                                  "Async Capable": false,
                                                  "Join Type": "Inner",
                                                  "Startup Cost": 684055.5,
                                                  "Total Cost": 690837.42,
                                                  "Plan Rows": 508,
                                                  "Plan Width": 10,
                                                  "Inner Unique": false,
                                                  "Hash Cond": "(customer_address.ca_address_sk = store_sales.ss_addr_sk)",
                                                  "Plans": [
                                                    {
                                                      "Node Type": "Seq Scan",
                                                      "Parent Relationship": "Outer",
                                                      "Parallel Aware": true,
                                                      "Async Capable": false,
                                                      "Relation Name": "customer_address",
                                                      "Alias": "customer_address",
                                                      "Startup Cost": 0.0,
                                                      "Total Cost": 6737.08,
                                                      "Plan Rows": 11392,
                                                      "Plan Width": 4,
                                                      "Filter": "(ca_gmt_offset = '-7'::numeric)",
                                                      "parent": 12,
                                                      "ID": 13
                                                    },
                                                    {
                                                      "Node Type": "Hash",
                                                      "Parent Relationship": "Inner",
                                                      "Parallel Aware": true,
                                                      "Async Capable": false,
                                                      "Startup Cost": 683994.75,
                                                      "Total Cost": 683994.75,
                                                      "Plan Rows": 4860,
                                                      "Plan Width": 14,
                                                      "Plans": [
                                                        {
                                                          "Node Type": "Hash Join",
                                                          "Parent Relationship": "Outer",
                                                          "Parallel Aware": true,
                                                          "Async Capable": false,
                                                          "Join Type": "Inner",
                                                          "Startup Cost": 2049.78,
                                                          "Total Cost": 683994.75,
                                                          "Plan Rows": 4860,
                                                          "Plan Width": 14,
                                                          "Inner Unique": false,
                                                          "Hash Cond": "(store_sales.ss_sold_date_sk = date_dim.d_date_sk)",
                                                          "Plans": [
                                                            {
                                                              "Node Type": "Seq Scan",
                                                              "Parent Relationship": "Outer",
                                                              "Parallel Aware": true,
                                                              "Async Capable": false,
                                                              "Relation Name": "store_sales",
                                                              "Alias": "store_sales",
                                                              "Startup Cost": 0.0,
                                                              "Total Cost": 636914.37,
                                                              "Plan Rows": 12000637,
                                                              "Plan Width": 18,
                                                              "parent": 15,
                                                              "ID": 16
                                                            },
                                                            {
                                                              "Node Type": "Hash",
                                                              "Parent Relationship": "Inner",
                                                              "Parallel Aware": true,
                                                              "Async Capable": false,
                                                              "Startup Cost": 2049.55,
                                                              "Total Cost": 2049.55,
                                                              "Plan Rows": 18,
                                                              "Plan Width": 4,
                                                              "Plans": [
                                                                {
                                                                  "Node Type": "Seq Scan",
                                                                  "Parent Relationship": "Outer",
                                                                  "Parallel Aware": true,
                                                                  "Async Capable": false,
                                                                  "Relation Name": "date_dim",
                                                                  "Alias": "date_dim",
                                                                  "Startup Cost": 0.0,
                                                                  "Total Cost": 2049.55,
                                                                  "Plan Rows": 18,
                                                                  "Plan Width": 4,
                                                                  "Filter": "((d_year = 2001) AND (d_moy = 5))",
                                                                  "parent": 17,
                                                                  "ID": 18
                                                                }
                                                              ],
                                                              "parent": 15,
                                                              "ID": 17,
                                                              "left": 18
                                                            }
                                                          ],
                                                          "parent": 14,
                                                          "ID": 15,
                                                          "left": 16,
                                                          "right": 17
                                                        }
                                                      ],
                                                      "parent": 12,
                                                      "ID": 14,
                                                      "left": 15
                                                    }
                                                  ],
                                                  "parent": 11,
                                                  "ID": 12,
                                                  "left": 13,
                                                  "right": 14
                                                }
                                              ],
                                              "parent": 9,
                                              "ID": 11,
                                              "left": 12
                                            }
                                          ],
                                          "parent": 8,
                                          "ID": 9,
                                          "left": 10,
                                          "right": 11
                                        }
                                      ],
                                      "parent": 7,
                                      "ID": 8,
                                      "left": 9
                                    },
                                    {
                                      "Node Type": "Sort",
                                      "Parent Relationship": "Inner",
                                      "Parallel Aware": false,
                                      "Async Capable": false,
                                      "Startup Cost": 8668.21,
                                      "Total Cost": 8680.51,
                                      "Plan Rows": 4920,
                                      "Plan Width": 17,
                                      "Sort Key": [
                                        "item_1.i_item_id"
                                      ],
                                      "Plans": [
                                        {
                                          "Node Type": "Seq Scan",
                                          "Parent Relationship": "Outer",
                                          "Parallel Aware": false,
                                          "Async Capable": false,
                                          "Relation Name": "item",
                                          "Alias": "item_1",
                                          "Startup Cost": 0.0,
                                          "Total Cost": 8366.5,
                                          "Plan Rows": 4920,
                                          "Plan Width": 17,
                                          "Filter": "(i_color = ANY ('{beige,salmon,yellow}'::bpchar[]))",
                                          "parent": 19,
                                          "ID": 20
                                        }
                                      ],
                                      "parent": 7,
                                      "ID": 19,
                                      "left": 20
                                    }
                                  ],
                                  "parent": 6,
                                  "ID": 7,
                                  "left": 8,
                                  "right": 19
                                }
                              ],
                              "parent": 5,
                              "ID": 6,
                              "left": 7
                            }
                          ],
                          "parent": 4,
                          "ID": 5,
                          "left": 6
                        }
                      ],
                      "parent": 3,
                      "ID": 4,
                      "left": 5
                    },
                    {
                      "Node Type": "Aggregate",
                      "Strategy": "Sorted",
                      "Partial Mode": "Finalize",
                      "Parent Relationship": "Member",
                      "Parallel Aware": false,
                      "Async Capable": false,
                      "Startup Cost": 482370.83,
                      "Total Cost": 482405.91,
                      "Plan Rows": 72,
                      "Plan Width": 49,
                      "Group Key": [
                        "item_2.i_item_id"
                      ],
                      "Plans": [
                        {
                          "Node Type": "Gather Merge",
                          "Parent Relationship": "Outer",
                          "Parallel Aware": false,
                          "Async Capable": false,
                          "Startup Cost": 482370.83,
                          "Total Cost": 482404.56,
                          "Plan Rows": 60,
                          "Plan Width": 49,
                          "Workers Planned": 2,
                          "Plans": [
                            {
                              "Node Type": "Aggregate",
                              "Strategy": "Sorted",
                              "Partial Mode": "Partial",
                              "Parent Relationship": "Outer",
                              "Parallel Aware": false,
                              "Async Capable": false,
                              "Startup Cost": 481370.81,
                              "Total Cost": 481397.61,
                              "Plan Rows": 30,
                              "Plan Width": 49,
                              "Group Key": [
                                "item_2.i_item_id"
                              ],
                              "Plans": [
                                {
                                  "Node Type": "Merge Join",
                                  "Parent Relationship": "Outer",
                                  "Parallel Aware": false,
                                  "Async Capable": false,
                                  "Join Type": "Semi",
                                  "Startup Cost": 481370.81,
                                  "Total Cost": 481397.09,
                                  "Plan Rows": 30,
                                  "Plan Width": 23,
                                  "Inner Unique": false,
                                  "Merge Cond": "(item_2.i_item_id = item_3.i_item_id)",
                                  "Plans": [
                                    {
                                      "Node Type": "Sort",
                                      "Parent Relationship": "Outer",
                                      "Parallel Aware": false,
                                      "Async Capable": false,
                                      "Startup Cost": 472702.61,
                                      "Total Cost": 472703.29,
                                      "Plan Rows": 275,
                                      "Plan Width": 23,
                                      "Sort Key": [
                                        "item_2.i_item_id"
                                      ],
                                      "Plans": [
                                        {
                                          "Node Type": "Hash Join",
                                          "Parent Relationship": "Outer",
                                          "Parallel Aware": true,
                                          "Async Capable": false,
                                          "Join Type": "Inner",
                                          "Startup Cost": 465141.94,
                                          "Total Cost": 472691.46,
                                          "Plan Rows": 275,
                                          "Plan Width": 23,
                                          "Inner Unique": false,
                                          "Hash Cond": "(item_2.i_item_sk = catalog_sales.cs_item_sk)",
                                          "Plans": [
                                            {
                                              "Node Type": "Seq Scan",
                                              "Parent Relationship": "Outer",
                                              "Parallel Aware": true,
                                              "Async Capable": false,
                                              "Relation Name": "item",
                                              "Alias": "item_2",
                                              "Startup Cost": 0.0,
                                              "Total Cost": 7389.0,
                                              "Plan Rows": 42500,
                                              "Plan Width": 21,
                                              "parent": 26,
                                              "ID": 27
                                            },
                                            {
                                              "Node Type": "Hash",
                                              "Parent Relationship": "Inner",
                                              "Parallel Aware": true,
                                              "Async Capable": false,
                                              "Startup Cost": 465138.5,
                                              "Total Cost": 465138.5,
                                              "Plan Rows": 275,
                                              "Plan Width": 10,
                                              "Plans": [
                                                {
                                                  "Node Type": "Hash Join",
                                                  "Parent Relationship": "Outer",
                                                  "Parallel Aware": true,
                                                  "Async Capable": false,
                                                  "Join Type": "Inner",
                                                  "Startup Cost": 458286.35,
                                                  "Total Cost": 465138.5,
                                                  "Plan Rows": 275,
                                                  "Plan Width": 10,
                                                  "Inner Unique": false,
                                                  "Hash Cond": "(customer_address_1.ca_address_sk = catalog_sales.cs_bill_addr_sk)",
                                                  "Plans": [
                                                    {
                                                      "Node Type": "Seq Scan",
                                                      "Parent Relationship": "Outer",
                                                      "Parallel Aware": true,
                                                      "Async Capable": false,
                                                      "Relation Name": "customer_address",
                                                      "Alias": "customer_address_1",
                                                      "Startup Cost": 0.0,
                                                      "Total Cost": 6737.08,
                                                      "Plan Rows": 11392,
                                                      "Plan Width": 4,
                                                      "Filter": "(ca_gmt_offset = '-7'::numeric)",
                                                      "parent": 29,
                                                      "ID": 30
                                                    },
                                                    {
                                                      "Node Type": "Hash",
                                                      "Parent Relationship": "Inner",
                                                      "Parallel Aware": true,
                                                      "Async Capable": false,
                                                      "Startup Cost": 458254.7,
                                                      "Total Cost": 458254.7,
                                                      "Plan Rows": 2532,
                                                      "Plan Width": 14,
                                                      "Plans": [
                                                        {
                                                          "Node Type": "Hash Join",
                                                          "Parent Relationship": "Outer",
                                                          "Parallel Aware": true,
                                                          "Async Capable": false,
                                                          "Join Type": "Inner",
                                                          "Startup Cost": 2049.78,
                                                          "Total Cost": 458254.7,
                                                          "Plan Rows": 2532,
                                                          "Plan Width": 14,
                                                          "Inner Unique": false,
                                                          "Hash Cond": "(catalog_sales.cs_sold_date_sk = date_dim_1.d_date_sk)",
                                                          "Plans": [
                                                            {
                                                              "Node Type": "Seq Scan",
                                                              "Parent Relationship": "Outer",
                                                              "Parallel Aware": true,
                                                              "Async Capable": false,
                                                              "Relation Name": "catalog_sales",
                                                              "Alias": "catalog_sales",
                                                              "Startup Cost": 0.0,
                                                              "Total Cost": 433688.25,
                                                              "Plan Rows": 6000525,
                                                              "Plan Width": 18,
                                                              "parent": 32,
                                                              "ID": 33
                                                            },
                                                            {
                                                              "Node Type": "Hash",
                                                              "Parent Relationship": "Inner",
                                                              "Parallel Aware": true,
                                                              "Async Capable": false,
                                                              "Startup Cost": 2049.55,
                                                              "Total Cost": 2049.55,
                                                              "Plan Rows": 18,
                                                              "Plan Width": 4,
                                                              "Plans": [
                                                                {
                                                                  "Node Type": "Seq Scan",
                                                                  "Parent Relationship": "Outer",
                                                                  "Parallel Aware": true,
                                                                  "Async Capable": false,
                                                                  "Relation Name": "date_dim",
                                                                  "Alias": "date_dim_1",
                                                                  "Startup Cost": 0.0,
                                                                  "Total Cost": 2049.55,
                                                                  "Plan Rows": 18,
                                                                  "Plan Width": 4,
                                                                  "Filter": "((d_year = 2001) AND (d_moy = 5))",
                                                                  "parent": 34,
                                                                  "ID": 35
                                                                }
                                                              ],
                                                              "parent": 32,
                                                              "ID": 34,
                                                              "left": 35
                                                            }
                                                          ],
                                                          "parent": 31,
                                                          "ID": 32,
                                                          "left": 33,
                                                          "right": 34
                                                        }
                                                      ],
                                                      "parent": 29,
                                                      "ID": 31,
                                                      "left": 32
                                                    }
                                                  ],
                                                  "parent": 28,
                                                  "ID": 29,
                                                  "left": 30,
                                                  "right": 31
                                                }
                                              ],
                                              "parent": 26,
                                              "ID": 28,
                                              "left": 29
                                            }
                                          ],
                                          "parent": 25,
                                          "ID": 26,
                                          "left": 27,
                                          "right": 28
                                        }
                                      ],
                                      "parent": 24,
                                      "ID": 25,
                                      "left": 26
                                    },
                                    {
                                      "Node Type": "Sort",
                                      "Parent Relationship": "Inner",
                                      "Parallel Aware": false,
                                      "Async Capable": false,
                                      "Startup Cost": 8668.21,
                                      "Total Cost": 8680.51,
                                      "Plan Rows": 4920,
                                      "Plan Width": 17,
                                      "Sort Key": [
                                        "item_3.i_item_id"
                                      ],
                                      "Plans": [
                                        {
                                          "Node Type": "Seq Scan",
                                          "Parent Relationship": "Outer",
                                          "Parallel Aware": false,
                                          "Async Capable": false,
                                          "Relation Name": "item",
                                          "Alias": "item_3",
                                          "Startup Cost": 0.0,
                                          "Total Cost": 8366.5,
                                          "Plan Rows": 4920,
                                          "Plan Width": 17,
                                          "Filter": "(i_color = ANY ('{beige,salmon,yellow}'::bpchar[]))",
                                          "parent": 36,
                                          "ID": 37
                                        }
                                      ],
                                      "parent": 24,
                                      "ID": 36,
                                      "left": 37
                                    }
                                  ],
                                  "parent": 23,
                                  "ID": 24,
                                  "left": 25,
                                  "right": 36
                                }
                              ],
                              "parent": 22,
                              "ID": 23,
                              "left": 24
                            }
                          ],
                          "parent": 21,
                          "ID": 22,
                          "left": 23
                        }
                      ],
                      "parent": 3,
                      "ID": 21,
                      "left": 22
                    },
                    {
                      "Node Type": "Aggregate",
                      "Strategy": "Sorted",
                      "Partial Mode": "Simple",
                      "Parent Relationship": "Member",
                      "Parallel Aware": false,
                      "Async Capable": false,
                      "Startup Cost": 254908.81,
                      "Total Cost": 254909.53,
                      "Plan Rows": 36,
                      "Plan Width": 49,
                      "Group Key": [
                        "item_4.i_item_id"
                      ],
                      "Plans": [
                        {
                          "Node Type": "Sort",
                          "Parent Relationship": "Outer",
                          "Parallel Aware": false,
                          "Async Capable": false,
                          "Startup Cost": 254908.81,
                          "Total Cost": 254908.9,
                          "Plan Rows": 36,
                          "Plan Width": 23,
                          "Sort Key": [
                            "item_4.i_item_id"
                          ],
                          "Plans": [
                            {
                              "Node Type": "Hash Join",
                              "Parent Relationship": "Outer",
                              "Parallel Aware": false,
                              "Async Capable": false,
                              "Join Type": "Semi",
                              "Startup Cost": 247324.2,
                              "Total Cost": 254907.88,
                              "Plan Rows": 36,
                              "Plan Width": 23,
                              "Inner Unique": false,
                              "Hash Cond": "(item_4.i_item_id = item_5.i_item_id)",
                              "Plans": [
                                {
                                  "Node Type": "Gather",
                                  "Parent Relationship": "Outer",
                                  "Parallel Aware": false,
                                  "Async Capable": false,
                                  "Startup Cost": 238896.2,
                                  "Total Cost": 246478.56,
                                  "Plan Rows": 334,
                                  "Plan Width": 23,
                                  "Workers Planned": 2,
                                  "Single Copy": false,
                                  "Plans": [
                                    {
                                      "Node Type": "Hash Join",
                                      "Parent Relationship": "Outer",
                                      "Parallel Aware": true,
                                      "Async Capable": false,
                                      "Join Type": "Inner",
                                      "Startup Cost": 237896.2,
                                      "Total Cost": 245445.16,
                                      "Plan Rows": 139,
                                      "Plan Width": 23,
                                      "Inner Unique": false,
                                      "Hash Cond": "(item_4.i_item_sk = web_sales.ws_item_sk)",
                                      "Plans": [
                                        {
                                          "Node Type": "Seq Scan",
                                          "Parent Relationship": "Outer",
                                          "Parallel Aware": true,
                                          "Async Capable": false,
                                          "Relation Name": "item",
                                          "Alias": "item_4",
                                          "Startup Cost": 0.0,
                                          "Total Cost": 7389.0,
                                          "Plan Rows": 42500,
                                          "Plan Width": 21,
                                          "parent": 42,
                                          "ID": 43
                                        },
                                        {
                                          "Node Type": "Hash",
                                          "Parent Relationship": "Inner",
                                          "Parallel Aware": true,
                                          "Async Capable": false,
                                          "Startup Cost": 237894.46,
                                          "Total Cost": 237894.46,
                                          "Plan Rows": 139,
                                          "Plan Width": 10,
                                          "Plans": [
                                            {
                                              "Node Type": "Hash Join",
                                              "Parent Relationship": "Outer",
                                              "Parallel Aware": true,
                                              "Async Capable": false,
                                              "Join Type": "Inner",
                                              "Startup Cost": 231057.12,
                                              "Total Cost": 237894.46,
                                              "Plan Rows": 139,
                                              "Plan Width": 10,
                                              "Inner Unique": false,
                                              "Hash Cond": "(customer_address_2.ca_address_sk = web_sales.ws_bill_addr_sk)",
                                              "Plans": [
                                                {
                                                  "Node Type": "Seq Scan",
                                                  "Parent Relationship": "Outer",
                                                  "Parallel Aware": true,
                                                  "Async Capable": false,
                                                  "Relation Name": "customer_address",
                                                  "Alias": "customer_address_2",
                                                  "Startup Cost": 0.0,
                                                  "Total Cost": 6737.08,
                                                  "Plan Rows": 11392,
                                                  "Plan Width": 4,
                                                  "Filter": "(ca_gmt_offset = '-7'::numeric)",
                                                  "parent": 45,
                                                  "ID": 46
                                                },
                                                {
                                                  "Node Type": "Hash",
                                                  "Parent Relationship": "Inner",
                                                  "Parallel Aware": true,
                                                  "Async Capable": false,
                                                  "Startup Cost": 231041.22,
                                                  "Total Cost": 231041.22,
                                                  "Plan Rows": 1272,
                                                  "Plan Width": 14,
                                                  "Plans": [
                                                    {
                                                      "Node Type": "Hash Join",
                                                      "Parent Relationship": "Outer",
                                                      "Parallel Aware": true,
                                                      "Async Capable": false,
                                                      "Join Type": "Inner",
                                                      "Startup Cost": 2049.78,
                                                      "Total Cost": 231041.22,
                                                      "Plan Rows": 1272,
                                                      "Plan Width": 14,
                                                      "Inner Unique": false,
                                                      "Hash Cond": "(web_sales.ws_sold_date_sk = date_dim_2.d_date_sk)",
                                                      "Plans": [
                                                        {
                                                          "Node Type": "Seq Scan",
                                                          "Parent Relationship": "Outer",
                                                          "Parallel Aware": true,
                                                          "Async Capable": false,
                                                          "Relation Name": "web_sales",
                                                          "Alias": "web_sales",
                                                          "Startup Cost": 0.0,
                                                          "Total Cost": 217737.86,
                                                          "Plan Rows": 2998986,
                                                          "Plan Width": 18,
                                                          "parent": 48,
                                                          "ID": 49
                                                        },
                                                        {
                                                          "Node Type": "Hash",
                                                          "Parent Relationship": "Inner",
                                                          "Parallel Aware": true,
                                                          "Async Capable": false,
                                                          "Startup Cost": 2049.55,
                                                          "Total Cost": 2049.55,
                                                          "Plan Rows": 18,
                                                          "Plan Width": 4,
                                                          "Plans": [
                                                            {
                                                              "Node Type": "Seq Scan",
                                                              "Parent Relationship": "Outer",
                                                              "Parallel Aware": true,
                                                              "Async Capable": false,
                                                              "Relation Name": "date_dim",
                                                              "Alias": "date_dim_2",
                                                              "Startup Cost": 0.0,
                                                              "Total Cost": 2049.55,
                                                              "Plan Rows": 18,
                                                              "Plan Width": 4,
                                                              "Filter": "((d_year = 2001) AND (d_moy = 5))",
                                                              "parent": 50,
                                                              "ID": 51
                                                            }
                                                          ],
                                                          "parent": 48,
                                                          "ID": 50,
                                                          "left": 51
                                                        }
                                                      ],
                                                      "parent": 47,
                                                      "ID": 48,
                                                      "left": 49,
                                                      "right": 50
                                                    }
                                                  ],
                                                  "parent": 45,
                                                  "ID": 47,
                                                  "left": 48
                                                }
                                              ],
                                              "parent": 44,
                                              "ID": 45,
                                              "left": 46,
                                              "right": 47
                                            }
                                          ],
                                          "parent": 42,
                                          "ID": 44,
                                          "left": 45
                                        }
                                      ],
                                      "parent": 41,
                                      "ID": 42,
                                      "left": 43,
                                      "right": 44
                                    }
                                  ],
                                  "parent": 40,
                                  "ID": 41,
                                  "left": 42
                                },
                                {
                                  "Node Type": "Hash",
                                  "Parent Relationship": "Inner",
                                  "Parallel Aware": false,
                                  "Async Capable": false,
                                  "Startup Cost": 8366.5,
                                  "Total Cost": 8366.5,
                                  "Plan Rows": 4920,
                                  "Plan Width": 17,
                                  "Plans": [
                                    {
                                      "Node Type": "Seq Scan",
                                      "Parent Relationship": "Outer",
                                      "Parallel Aware": false,
                                      "Async Capable": false,
                                      "Relation Name": "item",
                                      "Alias": "item_5",
                                      "Startup Cost": 0.0,
                                      "Total Cost": 8366.5,
                                      "Plan Rows": 4920,
                                      "Plan Width": 17,
                                      "Filter": "(i_color = ANY ('{beige,salmon,yellow}'::bpchar[]))",
                                      "parent": 52,
                                      "ID": 53
                                    }
                                  ],
                                  "parent": 40,
                                  "ID": 52,
                                  "left": 53
                                }
                              ],
                              "parent": 39,
                              "ID": 40,
                              "left": 41,
                              "right": 52
                            }
                          ],
                          "parent": 38,
                          "ID": 39,
                          "left": 40
                        }
                      ],
                      "parent": 3,
                      "ID": 38,
                      "left": 39
                    }
                  ],
                  "parent": 2,
                  "ID": 3,
                  "left": 4,
                  "right": 21
                }
              ],
              "parent": 1,
              "ID": 2,
              "left": 3
            }
          ],
          "parent": 0,
          "ID": 1,
          "left": 2
        }
      ],
      "parent": null,
      "ID": 0,
      "left": 1
    },
    "feat": {
      "utility": 0.01728284861877521,
      "query_shape": [
        [
          "Seq Scan",
          "Hash Join",
          "Sort",
          "Merge Join",
          "Aggregate",
          "Gather Merge",
          "Merge Append"
        ],
        [
          "Seq Scan",
          "Hash Join",
          "Hash",
          "Sort",
          "Merge Join",
          "Aggregate",
          "Gather Merge",
          "Merge Append"
        ],
        [
          "Seq Scan",
          "Hash Join",
          "Hash",
          "Sort",
          "Merge Join",
          "Aggregate",
          "Gather Merge",
          "Merge Append"
        ],
        [
          "Seq Scan",
          "Hash",
          "Hash Join",
          "Sort",
          "Merge Join",
          "Aggregate",
          "Gather Merge",
          "Merge Append"
        ],
        [
          "Seq Scan",
          "Sort",
          "Merge Join",
          "Aggregate",
          "Gather Merge",
          "Merge Append"
        ],
        [
          "Seq Scan",
          "Hash Join",
          "Sort",
          "Merge Join",
          "Aggregate",
          "Gather Merge",
          "Merge Append"
        ],
        [
          "Seq Scan",
          "Hash Join",
          "Hash",
          "Sort",
          "Merge Join",
          "Aggregate",
          "Gather Merge",
          "Merge Append"
        ],
        [
          "Seq Scan",
          "Hash Join",
          "Hash",
          "Sort",
          "Merge Join",
          "Aggregate",
          "Gather Merge",
          "Merge Append"
        ],
        [
          "Seq Scan",
          "Hash",
          "Hash Join",
          "Sort",
          "Merge Join",
          "Aggregate",
          "Gather Merge",
          "Merge Append"
        ],
        [
          "Seq Scan",
          "Sort",
          "Merge Join",
          "Aggregate",
          "Gather Merge",
          "Merge Append"
        ],
        [
          "Seq Scan",
          "Hash Join",
          "Gather",
          "Sort",
          "Aggregate",
          "Merge Append"
        ],
        [
          "Seq Scan",
          "Hash Join",
          "Hash",
          "Gather",
          "Sort",
          "Aggregate",
          "Merge Append"
        ],
        [
          "Seq Scan",
          "Hash Join",
          "Hash",
          "Gather",
          "Sort",
          "Aggregate",
          "Merge Append"
        ],
        [
          "Seq Scan",
          "Hash",
          "Hash Join",
          "Gather",
          "Sort",
          "Aggregate",
          "Merge Append"
        ],
        [
          "Seq Scan",
          "Hash",
          "Hash Join",
          "Sort",
          "Aggregate",
          "Merge Append"
        ]
      ],
      "index_shape": [
        "join"
      ],
      "physical_operator": {
        "Merge Join": [
          0.004691016248336941,
          0.004708816093480111
        ],
        "Hash Join": [
          0.004680534659928237
        ],
        "Sort": [
          "[0. 0. 0. 0. 0. 0. 0. 0. 0. 0. 0. 0. 0. 0. 0. 0. 0. 0. 0. 0. 0. 0. 0. 0.\n 0. 0. 0. 0. 0. 0. 0. 0. 0. 0. 0. 0. 0. 0. 0. 0. 0. 0. 0. 0. 0. 0. 0. 0.\n 0. 0. 0.]",
          "[0. 0. 0. 0. 0. 0. 0. 0. 0. 0. 0. 0. 0. 0. 0. 0. 0. 0. 0. 0. 0. 0. 0. 0.\n 0. 0. 0. 0. 0. 0. 0. 0. 0. 0. 0. 0. 0. 0. 0. 0. 0. 0. 0. 0. 0. 0. 0. 0.\n 0. 0. 0.]",
          "[0. 0. 0. 0. 0. 0. 0. 0. 0. 0. 0. 0. 0. 0. 0. 0. 0. 0. 0. 0. 0. 0. 0. 0.\n 0. 0. 0. 0. 0. 0. 0. 0. 0. 0. 0. 0. 0. 0. 0. 0. 0. 0. 0. 0. 0. 0. 0. 0.\n 0. 0. 0.]",
          "[0. 0. 0. 0. 0. 0. 0. 0. 0. 0. 0. 0. 0. 0. 0. 0. 0. 0. 0. 0. 0. 0. 0. 0.\n 0. 0. 0. 0. 0. 0. 0. 0. 0. 0. 0. 0. 0. 0. 0. 0. 0. 0. 0. 0. 0. 0. 0. 0.\n 0. 0. 0.]",
          "[0. 0. 0. 0. 0. 0. 0. 0. 0. 0. 0. 0. 0. 0. 0. 0. 0. 0. 0. 0. 0. 0. 0. 0.\n 0. 0. 0. 0. 0. 0. 0. 0. 0. 0. 0. 0. 0. 0. 0. 0. 0. 0. 0. 0. 0. 0. 0. 0.\n 0. 0. 0.]",
          "[0. 0. 0. 0. 0. 0. 0. 0. 0. 0. 0. 0. 0. 0. 0. 0. 0. 0. 0. 0. 0. 0. 0. 0.\n 0. 0. 0. 0. 0. 0. 0. 0. 0. 0. 0. 0. 0. 0. 0. 0. 0. 0. 0. 0. 0. 0. 0. 0.\n 0. 0. 0.]"
        ],
        "Aggregate": [
          "[0. 0. 0. 0. 0. 0. 0. 0. 0. 0. 0. 0. 0. 0. 0. 0. 0. 0. 0. 0. 0. 0. 0. 0.\n 0. 0. 0. 0. 0. 0. 0. 0. 0. 0. 0. 0. 0. 0. 0. 0. 0. 0. 0. 0. 0. 0. 0. 0.\n 0. 0. 0.]",
          "[0. 0. 0. 0. 0. 0. 0. 0. 0. 0. 0. 0. 0. 0. 0. 0. 0. 0. 0. 0. 0. 0. 0. 0.\n 0. 0. 0. 0. 0. 0. 0. 0. 0. 0. 0. 0. 0. 0. 0. 0. 0. 0. 0. 0. 0. 0. 0. 0.\n 0. 0. 0.]",
          "[0. 0. 0. 0. 0. 0. 0. 0. 0. 0. 0. 0. 0. 0. 0. 0. 0. 0. 0. 0. 0. 0. 0. 0.\n 0. 0. 0. 0. 0. 0. 0. 0. 0. 0. 0. 0. 0. 0. 0. 0. 0. 0. 0. 0. 0. 0. 0. 0.\n 0. 0. 0.]",
          "[0. 0. 0. 0. 0. 0. 0. 0. 0. 0. 0. 0. 0. 0. 0. 0. 0. 0. 0. 0. 0. 0. 0. 0.\n 0. 0. 0. 0. 0. 0. 0. 0. 0. 0. 0. 0. 0. 0. 0. 0. 0. 0. 0. 0. 0. 0. 0. 0.\n 0. 0. 0.]",
          "[0. 0. 0. 0. 0. 0. 0. 0. 0. 0. 0. 0. 0. 0. 0. 0. 0. 0. 0. 0. 0. 0. 0. 0.\n 0. 0. 0. 0. 0. 0. 0. 0. 0. 0. 0. 0. 0. 0. 0. 0. 0. 0. 0. 0. 0. 0. 0. 0.\n 0. 0. 0.]",
          "[0. 0. 0. 0. 0. 0. 0. 0. 0. 0. 0. 0. 0. 0. 0. 0. 0. 0. 0. 0. 0. 0. 0. 0.\n 0. 0. 0. 0. 0. 0. 0. 0. 0. 0. 0. 0. 0. 0. 0. 0. 0. 0. 0. 0. 0. 0. 0. 0.\n 0. 0. 0.]"
        ]
      }
    }
  },
  {
    "query": "with ss as (\n select i_item_id,sum(ss_ext_sales_price) total_sales\n from\n \tstore_sales,\n \tdate_dim,\n         customer_address,\n         item\n where i_item_id in (select\n     i_item_id\nfrom item\nwhere i_color in ('beige','salmon','yellow'))\n and     ss_item_sk              = i_item_sk\n and     ss_sold_date_sk         = d_date_sk\n and     d_year                  = 2001\n and     d_moy                   = 5\n and     ss_addr_sk              = ca_address_sk\n and     ca_gmt_offset           = -7 \n group by i_item_id),\n cs as (\n select i_item_id,sum(cs_ext_sales_price) total_sales\n from\n \tcatalog_sales,\n \tdate_dim,\n         customer_address,\n         item\n where\n         i_item_id               in (select\n  i_item_id\nfrom item\nwhere i_color in ('beige','salmon','yellow'))\n and     cs_item_sk              = i_item_sk\n and     cs_sold_date_sk         = d_date_sk\n and     d_year                  = 2001\n and     d_moy                   = 5\n and     cs_bill_addr_sk         = ca_address_sk\n and     ca_gmt_offset           = -7 \n group by i_item_id),\n ws as (\n select i_item_id,sum(ws_ext_sales_price) total_sales\n from\n \tweb_sales,\n \tdate_dim,\n         customer_address,\n         item\n where\n         i_item_id               in (select\n  i_item_id\nfrom item\nwhere i_color in ('beige','salmon','yellow'))\n and     ws_item_sk              = i_item_sk\n and     ws_sold_date_sk         = d_date_sk\n and     d_year                  = 2001\n and     d_moy                   = 5\n and     ws_bill_addr_sk         = ca_address_sk\n and     ca_gmt_offset           = -7\n group by i_item_id)\n  select  i_item_id ,sum(total_sales) total_sales\n from  (select * from ss \n        union all\n        select * from cs \n        union all\n        select * from ws) tmp1\n group by i_item_id\n order by total_sales,\n          i_item_id\n limit 100;\n\n-- end query 40 in stream 1 using template query56.tpl\n",
    "indexes": "item.i_color",
    "wo plan est": {
      "Node Type": "Limit",
      "Parallel Aware": false,
      "Async Capable": false,
      "Startup Cost": 1445461.5,
      "Total Cost": 1445461.75,
      "Plan Rows": 100,
      "Plan Width": 49,
      "Plans": [
        {
          "Node Type": "Sort",
          "Parent Relationship": "Outer",
          "Parallel Aware": false,
          "Async Capable": false,
          "Startup Cost": 1445461.5,
          "Total Cost": 1445462.0,
          "Plan Rows": 200,
          "Plan Width": 49,
          "Sort Key": [
            "(sum((sum(store_sales.ss_ext_sales_price))))",
            "item.i_item_id"
          ],
          "Plans": [
            {
              "Node Type": "Aggregate",
              "Strategy": "Sorted",
              "Partial Mode": "Simple",
              "Parent Relationship": "Outer",
              "Parallel Aware": false,
              "Async Capable": false,
              "Startup Cost": 1445365.0,
              "Total Cost": 1445453.86,
              "Plan Rows": 200,
              "Plan Width": 49,
              "Group Key": [
                "item.i_item_id"
              ],
              "Plans": [
                {
                  "Node Type": "Merge Append",
                  "Parent Relationship": "Outer",
                  "Parallel Aware": false,
                  "Async Capable": false,
                  "Startup Cost": 1445365.0,
                  "Total Cost": 1445450.15,
                  "Plan Rows": 241,
                  "Plan Width": 49,
                  "Sort Key": [
                    "item.i_item_id"
                  ],
                  "Subplans Removed": 0,
                  "Plans": [
                    {
                      "Node Type": "Aggregate",
                      "Strategy": "Sorted",
                      "Partial Mode": "Finalize",
                      "Parent Relationship": "Member",
                      "Parallel Aware": false,
                      "Async Capable": false,
                      "Startup Cost": 708085.33,
                      "Total Cost": 708129.17,
                      "Plan Rows": 133,
                      "Plan Width": 49,
                      "Group Key": [
                        "item.i_item_id"
                      ],
                      "Plans": [
                        {
                          "Node Type": "Gather Merge",
                          "Parent Relationship": "Outer",
                          "Parallel Aware": false,
                          "Async Capable": false,
                          "Startup Cost": 708085.33,
                          "Total Cost": 708126.68,
                          "Plan Rows": 110,
                          "Plan Width": 49,
                          "Workers Planned": 2,
                          "Plans": [
                            {
                              "Node Type": "Aggregate",
                              "Strategy": "Sorted",
                              "Partial Mode": "Partial",
                              "Parent Relationship": "Outer",
                              "Parallel Aware": false,
                              "Async Capable": false,
                              "Startup Cost": 707085.31,
                              "Total Cost": 707113.96,
                              "Plan Rows": 55,
                              "Plan Width": 49,
                              "Group Key": [
                                "item.i_item_id"
                              ],
                              "Plans": [
                                {
                                  "Node Type": "Merge Join",
                                  "Parent Relationship": "Outer",
                                  "Parallel Aware": false,
                                  "Async Capable": false,
                                  "Join Type": "Semi",
                                  "Startup Cost": 707085.31,
                                  "Total Cost": 707113.0,
                                  "Plan Rows": 55,
                                  "Plan Width": 23,
                                  "Inner Unique": false,
                                  "Merge Cond": "(item.i_item_id = item_1.i_item_id)",
                                  "Plans": [
                                    {
                                      "Node Type": "Sort",
                                      "Parent Relationship": "Outer",
                                      "Parallel Aware": false,
                                      "Async Capable": false,
                                      "Startup Cost": 698417.1,
                                      "Total Cost": 698418.37,
                                      "Plan Rows": 508,
                                      "Plan Width": 23,
                                      "Sort Key": [
                                        "item.i_item_id"
                                      ],
                                      "Plans": [
                                        {
                                          "Node Type": "Hash Join",
                                          "Parent Relationship": "Outer",
                                          "Parallel Aware": true,
                                          "Async Capable": false,
                                          "Join Type": "Inner",
                                          "Startup Cost": 690843.77,
                                          "Total Cost": 698394.27,
                                          "Plan Rows": 508,
                                          "Plan Width": 23,
                                          "Inner Unique": false,
                                          "Hash Cond": "(item.i_item_sk = store_sales.ss_item_sk)",
                                          "Plans": [
                                            {
                                              "Node Type": "Seq Scan",
                                              "Parent Relationship": "Outer",
                                              "Parallel Aware": true,
                                              "Async Capable": false,
                                              "Relation Name": "item",
                                              "Alias": "item",
                                              "Startup Cost": 0.0,
                                              "Total Cost": 7389.0,
                                              "Plan Rows": 42500,
                                              "Plan Width": 21,
                                              "parent": 9,
                                              "ID": 10
                                            },
                                            {
                                              "Node Type": "Hash",
                                              "Parent Relationship": "Inner",
                                              "Parallel Aware": true,
                                              "Async Capable": false,
                                              "Startup Cost": 690837.42,
                                              "Total Cost": 690837.42,
                                              "Plan Rows": 508,
                                              "Plan Width": 10,
                                              "Plans": [
                                                {
                                                  "Node Type": "Hash Join",
                                                  "Parent Relationship": "Outer",
                                                  "Parallel Aware": true,
                                                  "Async Capable": false,
                                                  "Join Type": "Inner",
                                                  "Startup Cost": 684055.5,
                                                  "Total Cost": 690837.42,
                                                  "Plan Rows": 508,
                                                  "Plan Width": 10,
                                                  "Inner Unique": false,
                                                  "Hash Cond": "(customer_address.ca_address_sk = store_sales.ss_addr_sk)",
                                                  "Plans": [
                                                    {
                                                      "Node Type": "Seq Scan",
                                                      "Parent Relationship": "Outer",
                                                      "Parallel Aware": true,
                                                      "Async Capable": false,
                                                      "Relation Name": "customer_address",
                                                      "Alias": "customer_address",
                                                      "Startup Cost": 0.0,
                                                      "Total Cost": 6737.08,
                                                      "Plan Rows": 11392,
                                                      "Plan Width": 4,
                                                      "Filter": "(ca_gmt_offset = '-7'::numeric)",
                                                      "parent": 12,
                                                      "ID": 13
                                                    },
                                                    {
                                                      "Node Type": "Hash",
                                                      "Parent Relationship": "Inner",
                                                      "Parallel Aware": true,
                                                      "Async Capable": false,
                                                      "Startup Cost": 683994.75,
                                                      "Total Cost": 683994.75,
                                                      "Plan Rows": 4860,
                                                      "Plan Width": 14,
                                                      "Plans": [
                                                        {
                                                          "Node Type": "Hash Join",
                                                          "Parent Relationship": "Outer",
                                                          "Parallel Aware": true,
                                                          "Async Capable": false,
                                                          "Join Type": "Inner",
                                                          "Startup Cost": 2049.78,
                                                          "Total Cost": 683994.75,
                                                          "Plan Rows": 4860,
                                                          "Plan Width": 14,
                                                          "Inner Unique": false,
                                                          "Hash Cond": "(store_sales.ss_sold_date_sk = date_dim.d_date_sk)",
                                                          "Plans": [
                                                            {
                                                              "Node Type": "Seq Scan",
                                                              "Parent Relationship": "Outer",
                                                              "Parallel Aware": true,
                                                              "Async Capable": false,
                                                              "Relation Name": "store_sales",
                                                              "Alias": "store_sales",
                                                              "Startup Cost": 0.0,
                                                              "Total Cost": 636914.37,
                                                              "Plan Rows": 12000637,
                                                              "Plan Width": 18,
                                                              "parent": 15,
                                                              "ID": 16
                                                            },
                                                            {
                                                              "Node Type": "Hash",
                                                              "Parent Relationship": "Inner",
                                                              "Parallel Aware": true,
                                                              "Async Capable": false,
                                                              "Startup Cost": 2049.55,
                                                              "Total Cost": 2049.55,
                                                              "Plan Rows": 18,
                                                              "Plan Width": 4,
                                                              "Plans": [
                                                                {
                                                                  "Node Type": "Seq Scan",
                                                                  "Parent Relationship": "Outer",
                                                                  "Parallel Aware": true,
                                                                  "Async Capable": false,
                                                                  "Relation Name": "date_dim",
                                                                  "Alias": "date_dim",
                                                                  "Startup Cost": 0.0,
                                                                  "Total Cost": 2049.55,
                                                                  "Plan Rows": 18,
                                                                  "Plan Width": 4,
                                                                  "Filter": "((d_year = 2001) AND (d_moy = 5))",
                                                                  "parent": 17,
                                                                  "ID": 18
                                                                }
                                                              ],
                                                              "parent": 15,
                                                              "ID": 17,
                                                              "left": 18
                                                            }
                                                          ],
                                                          "parent": 14,
                                                          "ID": 15,
                                                          "left": 16,
                                                          "right": 17
                                                        }
                                                      ],
                                                      "parent": 12,
                                                      "ID": 14,
                                                      "left": 15
                                                    }
                                                  ],
                                                  "parent": 11,
                                                  "ID": 12,
                                                  "left": 13,
                                                  "right": 14
                                                }
                                              ],
                                              "parent": 9,
                                              "ID": 11,
                                              "left": 12
                                            }
                                          ],
                                          "parent": 8,
                                          "ID": 9,
                                          "left": 10,
                                          "right": 11
                                        }
                                      ],
                                      "parent": 7,
                                      "ID": 8,
                                      "left": 9
                                    },
                                    {
                                      "Node Type": "Sort",
                                      "Parent Relationship": "Inner",
                                      "Parallel Aware": false,
                                      "Async Capable": false,
                                      "Startup Cost": 8668.21,
                                      "Total Cost": 8680.51,
                                      "Plan Rows": 4920,
                                      "Plan Width": 17,
                                      "Sort Key": [
                                        "item_1.i_item_id"
                                      ],
                                      "Plans": [
                                        {
                                          "Node Type": "Seq Scan",
                                          "Parent Relationship": "Outer",
                                          "Parallel Aware": false,
                                          "Async Capable": false,
                                          "Relation Name": "item",
                                          "Alias": "item_1",
                                          "Startup Cost": 0.0,
                                          "Total Cost": 8366.5,
                                          "Plan Rows": 4920,
                                          "Plan Width": 17,
                                          "Filter": "(i_color = ANY ('{beige,salmon,yellow}'::bpchar[]))",
                                          "parent": 19,
                                          "ID": 20
                                        }
                                      ],
                                      "parent": 7,
                                      "ID": 19,
                                      "left": 20
                                    }
                                  ],
                                  "parent": 6,
                                  "ID": 7,
                                  "left": 8,
                                  "right": 19
                                }
                              ],
                              "parent": 5,
                              "ID": 6,
                              "left": 7
                            }
                          ],
                          "parent": 4,
                          "ID": 5,
                          "left": 6
                        }
                      ],
                      "parent": 3,
                      "ID": 4,
                      "left": 5
                    },
                    {
                      "Node Type": "Aggregate",
                      "Strategy": "Sorted",
                      "Partial Mode": "Finalize",
                      "Parent Relationship": "Member",
                      "Parallel Aware": false,
                      "Async Capable": false,
                      "Startup Cost": 482370.83,
                      "Total Cost": 482405.91,
                      "Plan Rows": 72,
                      "Plan Width": 49,
                      "Group Key": [
                        "item_2.i_item_id"
                      ],
                      "Plans": [
                        {
                          "Node Type": "Gather Merge",
                          "Parent Relationship": "Outer",
                          "Parallel Aware": false,
                          "Async Capable": false,
                          "Startup Cost": 482370.83,
                          "Total Cost": 482404.56,
                          "Plan Rows": 60,
                          "Plan Width": 49,
                          "Workers Planned": 2,
                          "Plans": [
                            {
                              "Node Type": "Aggregate",
                              "Strategy": "Sorted",
                              "Partial Mode": "Partial",
                              "Parent Relationship": "Outer",
                              "Parallel Aware": false,
                              "Async Capable": false,
                              "Startup Cost": 481370.81,
                              "Total Cost": 481397.61,
                              "Plan Rows": 30,
                              "Plan Width": 49,
                              "Group Key": [
                                "item_2.i_item_id"
                              ],
                              "Plans": [
                                {
                                  "Node Type": "Merge Join",
                                  "Parent Relationship": "Outer",
                                  "Parallel Aware": false,
                                  "Async Capable": false,
                                  "Join Type": "Semi",
                                  "Startup Cost": 481370.81,
                                  "Total Cost": 481397.09,
                                  "Plan Rows": 30,
                                  "Plan Width": 23,
                                  "Inner Unique": false,
                                  "Merge Cond": "(item_2.i_item_id = item_3.i_item_id)",
                                  "Plans": [
                                    {
                                      "Node Type": "Sort",
                                      "Parent Relationship": "Outer",
                                      "Parallel Aware": false,
                                      "Async Capable": false,
                                      "Startup Cost": 472702.61,
                                      "Total Cost": 472703.29,
                                      "Plan Rows": 275,
                                      "Plan Width": 23,
                                      "Sort Key": [
                                        "item_2.i_item_id"
                                      ],
                                      "Plans": [
                                        {
                                          "Node Type": "Hash Join",
                                          "Parent Relationship": "Outer",
                                          "Parallel Aware": true,
                                          "Async Capable": false,
                                          "Join Type": "Inner",
                                          "Startup Cost": 465141.94,
                                          "Total Cost": 472691.46,
                                          "Plan Rows": 275,
                                          "Plan Width": 23,
                                          "Inner Unique": false,
                                          "Hash Cond": "(item_2.i_item_sk = catalog_sales.cs_item_sk)",
                                          "Plans": [
                                            {
                                              "Node Type": "Seq Scan",
                                              "Parent Relationship": "Outer",
                                              "Parallel Aware": true,
                                              "Async Capable": false,
                                              "Relation Name": "item",
                                              "Alias": "item_2",
                                              "Startup Cost": 0.0,
                                              "Total Cost": 7389.0,
                                              "Plan Rows": 42500,
                                              "Plan Width": 21,
                                              "parent": 26,
                                              "ID": 27
                                            },
                                            {
                                              "Node Type": "Hash",
                                              "Parent Relationship": "Inner",
                                              "Parallel Aware": true,
                                              "Async Capable": false,
                                              "Startup Cost": 465138.5,
                                              "Total Cost": 465138.5,
                                              "Plan Rows": 275,
                                              "Plan Width": 10,
                                              "Plans": [
                                                {
                                                  "Node Type": "Hash Join",
                                                  "Parent Relationship": "Outer",
                                                  "Parallel Aware": true,
                                                  "Async Capable": false,
                                                  "Join Type": "Inner",
                                                  "Startup Cost": 458286.35,
                                                  "Total Cost": 465138.5,
                                                  "Plan Rows": 275,
                                                  "Plan Width": 10,
                                                  "Inner Unique": false,
                                                  "Hash Cond": "(customer_address_1.ca_address_sk = catalog_sales.cs_bill_addr_sk)",
                                                  "Plans": [
                                                    {
                                                      "Node Type": "Seq Scan",
                                                      "Parent Relationship": "Outer",
                                                      "Parallel Aware": true,
                                                      "Async Capable": false,
                                                      "Relation Name": "customer_address",
                                                      "Alias": "customer_address_1",
                                                      "Startup Cost": 0.0,
                                                      "Total Cost": 6737.08,
                                                      "Plan Rows": 11392,
                                                      "Plan Width": 4,
                                                      "Filter": "(ca_gmt_offset = '-7'::numeric)",
                                                      "parent": 29,
                                                      "ID": 30
                                                    },
                                                    {
                                                      "Node Type": "Hash",
                                                      "Parent Relationship": "Inner",
                                                      "Parallel Aware": true,
                                                      "Async Capable": false,
                                                      "Startup Cost": 458254.7,
                                                      "Total Cost": 458254.7,
                                                      "Plan Rows": 2532,
                                                      "Plan Width": 14,
                                                      "Plans": [
                                                        {
                                                          "Node Type": "Hash Join",
                                                          "Parent Relationship": "Outer",
                                                          "Parallel Aware": true,
                                                          "Async Capable": false,
                                                          "Join Type": "Inner",
                                                          "Startup Cost": 2049.78,
                                                          "Total Cost": 458254.7,
                                                          "Plan Rows": 2532,
                                                          "Plan Width": 14,
                                                          "Inner Unique": false,
                                                          "Hash Cond": "(catalog_sales.cs_sold_date_sk = date_dim_1.d_date_sk)",
                                                          "Plans": [
                                                            {
                                                              "Node Type": "Seq Scan",
                                                              "Parent Relationship": "Outer",
                                                              "Parallel Aware": true,
                                                              "Async Capable": false,
                                                              "Relation Name": "catalog_sales",
                                                              "Alias": "catalog_sales",
                                                              "Startup Cost": 0.0,
                                                              "Total Cost": 433688.25,
                                                              "Plan Rows": 6000525,
                                                              "Plan Width": 18,
                                                              "parent": 32,
                                                              "ID": 33
                                                            },
                                                            {
                                                              "Node Type": "Hash",
                                                              "Parent Relationship": "Inner",
                                                              "Parallel Aware": true,
                                                              "Async Capable": false,
                                                              "Startup Cost": 2049.55,
                                                              "Total Cost": 2049.55,
                                                              "Plan Rows": 18,
                                                              "Plan Width": 4,
                                                              "Plans": [
                                                                {
                                                                  "Node Type": "Seq Scan",
                                                                  "Parent Relationship": "Outer",
                                                                  "Parallel Aware": true,
                                                                  "Async Capable": false,
                                                                  "Relation Name": "date_dim",
                                                                  "Alias": "date_dim_1",
                                                                  "Startup Cost": 0.0,
                                                                  "Total Cost": 2049.55,
                                                                  "Plan Rows": 18,
                                                                  "Plan Width": 4,
                                                                  "Filter": "((d_year = 2001) AND (d_moy = 5))",
                                                                  "parent": 34,
                                                                  "ID": 35
                                                                }
                                                              ],
                                                              "parent": 32,
                                                              "ID": 34,
                                                              "left": 35
                                                            }
                                                          ],
                                                          "parent": 31,
                                                          "ID": 32,
                                                          "left": 33,
                                                          "right": 34
                                                        }
                                                      ],
                                                      "parent": 29,
                                                      "ID": 31,
                                                      "left": 32
                                                    }
                                                  ],
                                                  "parent": 28,
                                                  "ID": 29,
                                                  "left": 30,
                                                  "right": 31
                                                }
                                              ],
                                              "parent": 26,
                                              "ID": 28,
                                              "left": 29
                                            }
                                          ],
                                          "parent": 25,
                                          "ID": 26,
                                          "left": 27,
                                          "right": 28
                                        }
                                      ],
                                      "parent": 24,
                                      "ID": 25,
                                      "left": 26
                                    },
                                    {
                                      "Node Type": "Sort",
                                      "Parent Relationship": "Inner",
                                      "Parallel Aware": false,
                                      "Async Capable": false,
                                      "Startup Cost": 8668.21,
                                      "Total Cost": 8680.51,
                                      "Plan Rows": 4920,
                                      "Plan Width": 17,
                                      "Sort Key": [
                                        "item_3.i_item_id"
                                      ],
                                      "Plans": [
                                        {
                                          "Node Type": "Seq Scan",
                                          "Parent Relationship": "Outer",
                                          "Parallel Aware": false,
                                          "Async Capable": false,
                                          "Relation Name": "item",
                                          "Alias": "item_3",
                                          "Startup Cost": 0.0,
                                          "Total Cost": 8366.5,
                                          "Plan Rows": 4920,
                                          "Plan Width": 17,
                                          "Filter": "(i_color = ANY ('{beige,salmon,yellow}'::bpchar[]))",
                                          "parent": 36,
                                          "ID": 37
                                        }
                                      ],
                                      "parent": 24,
                                      "ID": 36,
                                      "left": 37
                                    }
                                  ],
                                  "parent": 23,
                                  "ID": 24,
                                  "left": 25,
                                  "right": 36
                                }
                              ],
                              "parent": 22,
                              "ID": 23,
                              "left": 24
                            }
                          ],
                          "parent": 21,
                          "ID": 22,
                          "left": 23
                        }
                      ],
                      "parent": 3,
                      "ID": 21,
                      "left": 22
                    },
                    {
                      "Node Type": "Aggregate",
                      "Strategy": "Sorted",
                      "Partial Mode": "Simple",
                      "Parent Relationship": "Member",
                      "Parallel Aware": false,
                      "Async Capable": false,
                      "Startup Cost": 254908.81,
                      "Total Cost": 254909.53,
                      "Plan Rows": 36,
                      "Plan Width": 49,
                      "Group Key": [
                        "item_4.i_item_id"
                      ],
                      "Plans": [
                        {
                          "Node Type": "Sort",
                          "Parent Relationship": "Outer",
                          "Parallel Aware": false,
                          "Async Capable": false,
                          "Startup Cost": 254908.81,
                          "Total Cost": 254908.9,
                          "Plan Rows": 36,
                          "Plan Width": 23,
                          "Sort Key": [
                            "item_4.i_item_id"
                          ],
                          "Plans": [
                            {
                              "Node Type": "Hash Join",
                              "Parent Relationship": "Outer",
                              "Parallel Aware": false,
                              "Async Capable": false,
                              "Join Type": "Semi",
                              "Startup Cost": 247324.2,
                              "Total Cost": 254907.88,
                              "Plan Rows": 36,
                              "Plan Width": 23,
                              "Inner Unique": false,
                              "Hash Cond": "(item_4.i_item_id = item_5.i_item_id)",
                              "Plans": [
                                {
                                  "Node Type": "Gather",
                                  "Parent Relationship": "Outer",
                                  "Parallel Aware": false,
                                  "Async Capable": false,
                                  "Startup Cost": 238896.2,
                                  "Total Cost": 246478.56,
                                  "Plan Rows": 334,
                                  "Plan Width": 23,
                                  "Workers Planned": 2,
                                  "Single Copy": false,
                                  "Plans": [
                                    {
                                      "Node Type": "Hash Join",
                                      "Parent Relationship": "Outer",
                                      "Parallel Aware": true,
                                      "Async Capable": false,
                                      "Join Type": "Inner",
                                      "Startup Cost": 237896.2,
                                      "Total Cost": 245445.16,
                                      "Plan Rows": 139,
                                      "Plan Width": 23,
                                      "Inner Unique": false,
                                      "Hash Cond": "(item_4.i_item_sk = web_sales.ws_item_sk)",
                                      "Plans": [
                                        {
                                          "Node Type": "Seq Scan",
                                          "Parent Relationship": "Outer",
                                          "Parallel Aware": true,
                                          "Async Capable": false,
                                          "Relation Name": "item",
                                          "Alias": "item_4",
                                          "Startup Cost": 0.0,
                                          "Total Cost": 7389.0,
                                          "Plan Rows": 42500,
                                          "Plan Width": 21,
                                          "parent": 42,
                                          "ID": 43
                                        },
                                        {
                                          "Node Type": "Hash",
                                          "Parent Relationship": "Inner",
                                          "Parallel Aware": true,
                                          "Async Capable": false,
                                          "Startup Cost": 237894.46,
                                          "Total Cost": 237894.46,
                                          "Plan Rows": 139,
                                          "Plan Width": 10,
                                          "Plans": [
                                            {
                                              "Node Type": "Hash Join",
                                              "Parent Relationship": "Outer",
                                              "Parallel Aware": true,
                                              "Async Capable": false,
                                              "Join Type": "Inner",
                                              "Startup Cost": 231057.12,
                                              "Total Cost": 237894.46,
                                              "Plan Rows": 139,
                                              "Plan Width": 10,
                                              "Inner Unique": false,
                                              "Hash Cond": "(customer_address_2.ca_address_sk = web_sales.ws_bill_addr_sk)",
                                              "Plans": [
                                                {
                                                  "Node Type": "Seq Scan",
                                                  "Parent Relationship": "Outer",
                                                  "Parallel Aware": true,
                                                  "Async Capable": false,
                                                  "Relation Name": "customer_address",
                                                  "Alias": "customer_address_2",
                                                  "Startup Cost": 0.0,
                                                  "Total Cost": 6737.08,
                                                  "Plan Rows": 11392,
                                                  "Plan Width": 4,
                                                  "Filter": "(ca_gmt_offset = '-7'::numeric)",
                                                  "parent": 45,
                                                  "ID": 46
                                                },
                                                {
                                                  "Node Type": "Hash",
                                                  "Parent Relationship": "Inner",
                                                  "Parallel Aware": true,
                                                  "Async Capable": false,
                                                  "Startup Cost": 231041.22,
                                                  "Total Cost": 231041.22,
                                                  "Plan Rows": 1272,
                                                  "Plan Width": 14,
                                                  "Plans": [
                                                    {
                                                      "Node Type": "Hash Join",
                                                      "Parent Relationship": "Outer",
                                                      "Parallel Aware": true,
                                                      "Async Capable": false,
                                                      "Join Type": "Inner",
                                                      "Startup Cost": 2049.78,
                                                      "Total Cost": 231041.22,
                                                      "Plan Rows": 1272,
                                                      "Plan Width": 14,
                                                      "Inner Unique": false,
                                                      "Hash Cond": "(web_sales.ws_sold_date_sk = date_dim_2.d_date_sk)",
                                                      "Plans": [
                                                        {
                                                          "Node Type": "Seq Scan",
                                                          "Parent Relationship": "Outer",
                                                          "Parallel Aware": true,
                                                          "Async Capable": false,
                                                          "Relation Name": "web_sales",
                                                          "Alias": "web_sales",
                                                          "Startup Cost": 0.0,
                                                          "Total Cost": 217737.86,
                                                          "Plan Rows": 2998986,
                                                          "Plan Width": 18,
                                                          "parent": 48,
                                                          "ID": 49
                                                        },
                                                        {
                                                          "Node Type": "Hash",
                                                          "Parent Relationship": "Inner",
                                                          "Parallel Aware": true,
                                                          "Async Capable": false,
                                                          "Startup Cost": 2049.55,
                                                          "Total Cost": 2049.55,
                                                          "Plan Rows": 18,
                                                          "Plan Width": 4,
                                                          "Plans": [
                                                            {
                                                              "Node Type": "Seq Scan",
                                                              "Parent Relationship": "Outer",
                                                              "Parallel Aware": true,
                                                              "Async Capable": false,
                                                              "Relation Name": "date_dim",
                                                              "Alias": "date_dim_2",
                                                              "Startup Cost": 0.0,
                                                              "Total Cost": 2049.55,
                                                              "Plan Rows": 18,
                                                              "Plan Width": 4,
                                                              "Filter": "((d_year = 2001) AND (d_moy = 5))",
                                                              "parent": 50,
                                                              "ID": 51
                                                            }
                                                          ],
                                                          "parent": 48,
                                                          "ID": 50,
                                                          "left": 51
                                                        }
                                                      ],
                                                      "parent": 47,
                                                      "ID": 48,
                                                      "left": 49,
                                                      "right": 50
                                                    }
                                                  ],
                                                  "parent": 45,
                                                  "ID": 47,
                                                  "left": 48
                                                }
                                              ],
                                              "parent": 44,
                                              "ID": 45,
                                              "left": 46,
                                              "right": 47
                                            }
                                          ],
                                          "parent": 42,
                                          "ID": 44,
                                          "left": 45
                                        }
                                      ],
                                      "parent": 41,
                                      "ID": 42,
                                      "left": 43,
                                      "right": 44
                                    }
                                  ],
                                  "parent": 40,
                                  "ID": 41,
                                  "left": 42
                                },
                                {
                                  "Node Type": "Hash",
                                  "Parent Relationship": "Inner",
                                  "Parallel Aware": false,
                                  "Async Capable": false,
                                  "Startup Cost": 8366.5,
                                  "Total Cost": 8366.5,
                                  "Plan Rows": 4920,
                                  "Plan Width": 17,
                                  "Plans": [
                                    {
                                      "Node Type": "Seq Scan",
                                      "Parent Relationship": "Outer",
                                      "Parallel Aware": false,
                                      "Async Capable": false,
                                      "Relation Name": "item",
                                      "Alias": "item_5",
                                      "Startup Cost": 0.0,
                                      "Total Cost": 8366.5,
                                      "Plan Rows": 4920,
                                      "Plan Width": 17,
                                      "Filter": "(i_color = ANY ('{beige,salmon,yellow}'::bpchar[]))",
                                      "parent": 52,
                                      "ID": 53
                                    }
                                  ],
                                  "parent": 40,
                                  "ID": 52,
                                  "left": 53
                                }
                              ],
                              "parent": 39,
                              "ID": 40,
                              "left": 41,
                              "right": 52
                            }
                          ],
                          "parent": 38,
                          "ID": 39,
                          "left": 40
                        }
                      ],
                      "parent": 3,
                      "ID": 38,
                      "left": 39
                    }
                  ],
                  "parent": 2,
                  "ID": 3,
                  "left": 4,
                  "right": 21
                }
              ],
              "parent": 1,
              "ID": 2,
              "left": 3
            }
          ],
          "parent": 0,
          "ID": 1,
          "left": 2
        }
      ],
      "parent": null,
      "ID": 0,
      "left": 1
    },
    "feat": {
      "utility": 0.01652677300889776,
      "query_shape": [
        [
          "Seq Scan",
          "Hash Join",
          "Sort",
          "Merge Join",
          "Aggregate",
          "Gather Merge",
          "Merge Append"
        ],
        [
          "Seq Scan",
          "Hash Join",
          "Hash",
          "Sort",
          "Merge Join",
          "Aggregate",
          "Gather Merge",
          "Merge Append"
        ],
        [
          "Seq Scan",
          "Hash Join",
          "Hash",
          "Sort",
          "Merge Join",
          "Aggregate",
          "Gather Merge",
          "Merge Append"
        ],
        [
          "Seq Scan",
          "Hash",
          "Hash Join",
          "Sort",
          "Merge Join",
          "Aggregate",
          "Gather Merge",
          "Merge Append"
        ],
        [
          "Seq Scan",
          "Sort",
          "Merge Join",
          "Aggregate",
          "Gather Merge",
          "Merge Append"
        ],
        [
          "Seq Scan",
          "Hash Join",
          "Sort",
          "Merge Join",
          "Aggregate",
          "Gather Merge",
          "Merge Append"
        ],
        [
          "Seq Scan",
          "Hash Join",
          "Hash",
          "Sort",
          "Merge Join",
          "Aggregate",
          "Gather Merge",
          "Merge Append"
        ],
        [
          "Seq Scan",
          "Hash Join",
          "Hash",
          "Sort",
          "Merge Join",
          "Aggregate",
          "Gather Merge",
          "Merge Append"
        ],
        [
          "Seq Scan",
          "Hash",
          "Hash Join",
          "Sort",
          "Merge Join",
          "Aggregate",
          "Gather Merge",
          "Merge Append"
        ],
        [
          "Seq Scan",
          "Sort",
          "Merge Join",
          "Aggregate",
          "Gather Merge",
          "Merge Append"
        ],
        [
          "Seq Scan",
          "Hash Join",
          "Gather",
          "Sort",
          "Aggregate",
          "Merge Append"
        ],
        [
          "Seq Scan",
          "Hash Join",
          "Hash",
          "Gather",
          "Sort",
          "Aggregate",
          "Merge Append"
        ],
        [
          "Seq Scan",
          "Hash Join",
          "Hash",
          "Gather",
          "Sort",
          "Aggregate",
          "Merge Append"
        ],
        [
          "Seq Scan",
          "Hash",
          "Hash Join",
          "Gather",
          "Sort",
          "Aggregate",
          "Merge Append"
        ],
        [
          "Seq Scan",
          "Hash",
          "Hash Join",
          "Sort",
          "Aggregate",
          "Merge Append"
        ]
      ],
      "index_shape": [
        "selection"
      ],
      "physical_operator": {
        "Seq Scan": [
          0.04823529411764704,
          0.04823529411764704,
          0.04823529411764704
        ]
      }
    }
  },
  {
    "query": "with ss as (\n select i_item_id,sum(ss_ext_sales_price) total_sales\n from\n \tstore_sales,\n \tdate_dim,\n         customer_address,\n         item\n where i_item_id in (select\n     i_item_id\nfrom item\nwhere i_color in ('beige','salmon','yellow'))\n and     ss_item_sk              = i_item_sk\n and     ss_sold_date_sk         = d_date_sk\n and     d_year                  = 2001\n and     d_moy                   = 5\n and     ss_addr_sk              = ca_address_sk\n and     ca_gmt_offset           = -7 \n group by i_item_id),\n cs as (\n select i_item_id,sum(cs_ext_sales_price) total_sales\n from\n \tcatalog_sales,\n \tdate_dim,\n         customer_address,\n         item\n where\n         i_item_id               in (select\n  i_item_id\nfrom item\nwhere i_color in ('beige','salmon','yellow'))\n and     cs_item_sk              = i_item_sk\n and     cs_sold_date_sk         = d_date_sk\n and     d_year                  = 2001\n and     d_moy                   = 5\n and     cs_bill_addr_sk         = ca_address_sk\n and     ca_gmt_offset           = -7 \n group by i_item_id),\n ws as (\n select i_item_id,sum(ws_ext_sales_price) total_sales\n from\n \tweb_sales,\n \tdate_dim,\n         customer_address,\n         item\n where\n         i_item_id               in (select\n  i_item_id\nfrom item\nwhere i_color in ('beige','salmon','yellow'))\n and     ws_item_sk              = i_item_sk\n and     ws_sold_date_sk         = d_date_sk\n and     d_year                  = 2001\n and     d_moy                   = 5\n and     ws_bill_addr_sk         = ca_address_sk\n and     ca_gmt_offset           = -7\n group by i_item_id)\n  select  i_item_id ,sum(total_sales) total_sales\n from  (select * from ss \n        union all\n        select * from cs \n        union all\n        select * from ws) tmp1\n group by i_item_id\n order by total_sales,\n          i_item_id\n limit 100;\n\n-- end query 40 in stream 1 using template query56.tpl\n",
    "indexes": "catalog_sales.cs_sold_date_sk",
    "wo plan est": {
      "Node Type": "Limit",
      "Parallel Aware": false,
      "Async Capable": false,
      "Startup Cost": 1445461.5,
      "Total Cost": 1445461.75,
      "Plan Rows": 100,
      "Plan Width": 49,
      "Plans": [
        {
          "Node Type": "Sort",
          "Parent Relationship": "Outer",
          "Parallel Aware": false,
          "Async Capable": false,
          "Startup Cost": 1445461.5,
          "Total Cost": 1445462.0,
          "Plan Rows": 200,
          "Plan Width": 49,
          "Sort Key": [
            "(sum((sum(store_sales.ss_ext_sales_price))))",
            "item.i_item_id"
          ],
          "Plans": [
            {
              "Node Type": "Aggregate",
              "Strategy": "Sorted",
              "Partial Mode": "Simple",
              "Parent Relationship": "Outer",
              "Parallel Aware": false,
              "Async Capable": false,
              "Startup Cost": 1445365.0,
              "Total Cost": 1445453.86,
              "Plan Rows": 200,
              "Plan Width": 49,
              "Group Key": [
                "item.i_item_id"
              ],
              "Plans": [
                {
                  "Node Type": "Merge Append",
                  "Parent Relationship": "Outer",
                  "Parallel Aware": false,
                  "Async Capable": false,
                  "Startup Cost": 1445365.0,
                  "Total Cost": 1445450.15,
                  "Plan Rows": 241,
                  "Plan Width": 49,
                  "Sort Key": [
                    "item.i_item_id"
                  ],
                  "Subplans Removed": 0,
                  "Plans": [
                    {
                      "Node Type": "Aggregate",
                      "Strategy": "Sorted",
                      "Partial Mode": "Finalize",
                      "Parent Relationship": "Member",
                      "Parallel Aware": false,
                      "Async Capable": false,
                      "Startup Cost": 708085.33,
                      "Total Cost": 708129.17,
                      "Plan Rows": 133,
                      "Plan Width": 49,
                      "Group Key": [
                        "item.i_item_id"
                      ],
                      "Plans": [
                        {
                          "Node Type": "Gather Merge",
                          "Parent Relationship": "Outer",
                          "Parallel Aware": false,
                          "Async Capable": false,
                          "Startup Cost": 708085.33,
                          "Total Cost": 708126.68,
                          "Plan Rows": 110,
                          "Plan Width": 49,
                          "Workers Planned": 2,
                          "Plans": [
                            {
                              "Node Type": "Aggregate",
                              "Strategy": "Sorted",
                              "Partial Mode": "Partial",
                              "Parent Relationship": "Outer",
                              "Parallel Aware": false,
                              "Async Capable": false,
                              "Startup Cost": 707085.31,
                              "Total Cost": 707113.96,
                              "Plan Rows": 55,
                              "Plan Width": 49,
                              "Group Key": [
                                "item.i_item_id"
                              ],
                              "Plans": [
                                {
                                  "Node Type": "Merge Join",
                                  "Parent Relationship": "Outer",
                                  "Parallel Aware": false,
                                  "Async Capable": false,
                                  "Join Type": "Semi",
                                  "Startup Cost": 707085.31,
                                  "Total Cost": 707113.0,
                                  "Plan Rows": 55,
                                  "Plan Width": 23,
                                  "Inner Unique": false,
                                  "Merge Cond": "(item.i_item_id = item_1.i_item_id)",
                                  "Plans": [
                                    {
                                      "Node Type": "Sort",
                                      "Parent Relationship": "Outer",
                                      "Parallel Aware": false,
                                      "Async Capable": false,
                                      "Startup Cost": 698417.1,
                                      "Total Cost": 698418.37,
                                      "Plan Rows": 508,
                                      "Plan Width": 23,
                                      "Sort Key": [
                                        "item.i_item_id"
                                      ],
                                      "Plans": [
                                        {
                                          "Node Type": "Hash Join",
                                          "Parent Relationship": "Outer",
                                          "Parallel Aware": true,
                                          "Async Capable": false,
                                          "Join Type": "Inner",
                                          "Startup Cost": 690843.77,
                                          "Total Cost": 698394.27,
                                          "Plan Rows": 508,
                                          "Plan Width": 23,
                                          "Inner Unique": false,
                                          "Hash Cond": "(item.i_item_sk = store_sales.ss_item_sk)",
                                          "Plans": [
                                            {
                                              "Node Type": "Seq Scan",
                                              "Parent Relationship": "Outer",
                                              "Parallel Aware": true,
                                              "Async Capable": false,
                                              "Relation Name": "item",
                                              "Alias": "item",
                                              "Startup Cost": 0.0,
                                              "Total Cost": 7389.0,
                                              "Plan Rows": 42500,
                                              "Plan Width": 21,
                                              "parent": 9,
                                              "ID": 10
                                            },
                                            {
                                              "Node Type": "Hash",
                                              "Parent Relationship": "Inner",
                                              "Parallel Aware": true,
                                              "Async Capable": false,
                                              "Startup Cost": 690837.42,
                                              "Total Cost": 690837.42,
                                              "Plan Rows": 508,
                                              "Plan Width": 10,
                                              "Plans": [
                                                {
                                                  "Node Type": "Hash Join",
                                                  "Parent Relationship": "Outer",
                                                  "Parallel Aware": true,
                                                  "Async Capable": false,
                                                  "Join Type": "Inner",
                                                  "Startup Cost": 684055.5,
                                                  "Total Cost": 690837.42,
                                                  "Plan Rows": 508,
                                                  "Plan Width": 10,
                                                  "Inner Unique": false,
                                                  "Hash Cond": "(customer_address.ca_address_sk = store_sales.ss_addr_sk)",
                                                  "Plans": [
                                                    {
                                                      "Node Type": "Seq Scan",
                                                      "Parent Relationship": "Outer",
                                                      "Parallel Aware": true,
                                                      "Async Capable": false,
                                                      "Relation Name": "customer_address",
                                                      "Alias": "customer_address",
                                                      "Startup Cost": 0.0,
                                                      "Total Cost": 6737.08,
                                                      "Plan Rows": 11392,
                                                      "Plan Width": 4,
                                                      "Filter": "(ca_gmt_offset = '-7'::numeric)",
                                                      "parent": 12,
                                                      "ID": 13
                                                    },
                                                    {
                                                      "Node Type": "Hash",
                                                      "Parent Relationship": "Inner",
                                                      "Parallel Aware": true,
                                                      "Async Capable": false,
                                                      "Startup Cost": 683994.75,
                                                      "Total Cost": 683994.75,
                                                      "Plan Rows": 4860,
                                                      "Plan Width": 14,
                                                      "Plans": [
                                                        {
                                                          "Node Type": "Hash Join",
                                                          "Parent Relationship": "Outer",
                                                          "Parallel Aware": true,
                                                          "Async Capable": false,
                                                          "Join Type": "Inner",
                                                          "Startup Cost": 2049.78,
                                                          "Total Cost": 683994.75,
                                                          "Plan Rows": 4860,
                                                          "Plan Width": 14,
                                                          "Inner Unique": false,
                                                          "Hash Cond": "(store_sales.ss_sold_date_sk = date_dim.d_date_sk)",
                                                          "Plans": [
                                                            {
                                                              "Node Type": "Seq Scan",
                                                              "Parent Relationship": "Outer",
                                                              "Parallel Aware": true,
                                                              "Async Capable": false,
                                                              "Relation Name": "store_sales",
                                                              "Alias": "store_sales",
                                                              "Startup Cost": 0.0,
                                                              "Total Cost": 636914.37,
                                                              "Plan Rows": 12000637,
                                                              "Plan Width": 18,
                                                              "parent": 15,
                                                              "ID": 16
                                                            },
                                                            {
                                                              "Node Type": "Hash",
                                                              "Parent Relationship": "Inner",
                                                              "Parallel Aware": true,
                                                              "Async Capable": false,
                                                              "Startup Cost": 2049.55,
                                                              "Total Cost": 2049.55,
                                                              "Plan Rows": 18,
                                                              "Plan Width": 4,
                                                              "Plans": [
                                                                {
                                                                  "Node Type": "Seq Scan",
                                                                  "Parent Relationship": "Outer",
                                                                  "Parallel Aware": true,
                                                                  "Async Capable": false,
                                                                  "Relation Name": "date_dim",
                                                                  "Alias": "date_dim",
                                                                  "Startup Cost": 0.0,
                                                                  "Total Cost": 2049.55,
                                                                  "Plan Rows": 18,
                                                                  "Plan Width": 4,
                                                                  "Filter": "((d_year = 2001) AND (d_moy = 5))",
                                                                  "parent": 17,
                                                                  "ID": 18
                                                                }
                                                              ],
                                                              "parent": 15,
                                                              "ID": 17,
                                                              "left": 18
                                                            }
                                                          ],
                                                          "parent": 14,
                                                          "ID": 15,
                                                          "left": 16,
                                                          "right": 17
                                                        }
                                                      ],
                                                      "parent": 12,
                                                      "ID": 14,
                                                      "left": 15
                                                    }
                                                  ],
                                                  "parent": 11,
                                                  "ID": 12,
                                                  "left": 13,
                                                  "right": 14
                                                }
                                              ],
                                              "parent": 9,
                                              "ID": 11,
                                              "left": 12
                                            }
                                          ],
                                          "parent": 8,
                                          "ID": 9,
                                          "left": 10,
                                          "right": 11
                                        }
                                      ],
                                      "parent": 7,
                                      "ID": 8,
                                      "left": 9
                                    },
                                    {
                                      "Node Type": "Sort",
                                      "Parent Relationship": "Inner",
                                      "Parallel Aware": false,
                                      "Async Capable": false,
                                      "Startup Cost": 8668.21,
                                      "Total Cost": 8680.51,
                                      "Plan Rows": 4920,
                                      "Plan Width": 17,
                                      "Sort Key": [
                                        "item_1.i_item_id"
                                      ],
                                      "Plans": [
                                        {
                                          "Node Type": "Seq Scan",
                                          "Parent Relationship": "Outer",
                                          "Parallel Aware": false,
                                          "Async Capable": false,
                                          "Relation Name": "item",
                                          "Alias": "item_1",
                                          "Startup Cost": 0.0,
                                          "Total Cost": 8366.5,
                                          "Plan Rows": 4920,
                                          "Plan Width": 17,
                                          "Filter": "(i_color = ANY ('{beige,salmon,yellow}'::bpchar[]))",
                                          "parent": 19,
                                          "ID": 20
                                        }
                                      ],
                                      "parent": 7,
                                      "ID": 19,
                                      "left": 20
                                    }
                                  ],
                                  "parent": 6,
                                  "ID": 7,
                                  "left": 8,
                                  "right": 19
                                }
                              ],
                              "parent": 5,
                              "ID": 6,
                              "left": 7
                            }
                          ],
                          "parent": 4,
                          "ID": 5,
                          "left": 6
                        }
                      ],
                      "parent": 3,
                      "ID": 4,
                      "left": 5
                    },
                    {
                      "Node Type": "Aggregate",
                      "Strategy": "Sorted",
                      "Partial Mode": "Finalize",
                      "Parent Relationship": "Member",
                      "Parallel Aware": false,
                      "Async Capable": false,
                      "Startup Cost": 482370.83,
                      "Total Cost": 482405.91,
                      "Plan Rows": 72,
                      "Plan Width": 49,
                      "Group Key": [
                        "item_2.i_item_id"
                      ],
                      "Plans": [
                        {
                          "Node Type": "Gather Merge",
                          "Parent Relationship": "Outer",
                          "Parallel Aware": false,
                          "Async Capable": false,
                          "Startup Cost": 482370.83,
                          "Total Cost": 482404.56,
                          "Plan Rows": 60,
                          "Plan Width": 49,
                          "Workers Planned": 2,
                          "Plans": [
                            {
                              "Node Type": "Aggregate",
                              "Strategy": "Sorted",
                              "Partial Mode": "Partial",
                              "Parent Relationship": "Outer",
                              "Parallel Aware": false,
                              "Async Capable": false,
                              "Startup Cost": 481370.81,
                              "Total Cost": 481397.61,
                              "Plan Rows": 30,
                              "Plan Width": 49,
                              "Group Key": [
                                "item_2.i_item_id"
                              ],
                              "Plans": [
                                {
                                  "Node Type": "Merge Join",
                                  "Parent Relationship": "Outer",
                                  "Parallel Aware": false,
                                  "Async Capable": false,
                                  "Join Type": "Semi",
                                  "Startup Cost": 481370.81,
                                  "Total Cost": 481397.09,
                                  "Plan Rows": 30,
                                  "Plan Width": 23,
                                  "Inner Unique": false,
                                  "Merge Cond": "(item_2.i_item_id = item_3.i_item_id)",
                                  "Plans": [
                                    {
                                      "Node Type": "Sort",
                                      "Parent Relationship": "Outer",
                                      "Parallel Aware": false,
                                      "Async Capable": false,
                                      "Startup Cost": 472702.61,
                                      "Total Cost": 472703.29,
                                      "Plan Rows": 275,
                                      "Plan Width": 23,
                                      "Sort Key": [
                                        "item_2.i_item_id"
                                      ],
                                      "Plans": [
                                        {
                                          "Node Type": "Hash Join",
                                          "Parent Relationship": "Outer",
                                          "Parallel Aware": true,
                                          "Async Capable": false,
                                          "Join Type": "Inner",
                                          "Startup Cost": 465141.94,
                                          "Total Cost": 472691.46,
                                          "Plan Rows": 275,
                                          "Plan Width": 23,
                                          "Inner Unique": false,
                                          "Hash Cond": "(item_2.i_item_sk = catalog_sales.cs_item_sk)",
                                          "Plans": [
                                            {
                                              "Node Type": "Seq Scan",
                                              "Parent Relationship": "Outer",
                                              "Parallel Aware": true,
                                              "Async Capable": false,
                                              "Relation Name": "item",
                                              "Alias": "item_2",
                                              "Startup Cost": 0.0,
                                              "Total Cost": 7389.0,
                                              "Plan Rows": 42500,
                                              "Plan Width": 21,
                                              "parent": 26,
                                              "ID": 27
                                            },
                                            {
                                              "Node Type": "Hash",
                                              "Parent Relationship": "Inner",
                                              "Parallel Aware": true,
                                              "Async Capable": false,
                                              "Startup Cost": 465138.5,
                                              "Total Cost": 465138.5,
                                              "Plan Rows": 275,
                                              "Plan Width": 10,
                                              "Plans": [
                                                {
                                                  "Node Type": "Hash Join",
                                                  "Parent Relationship": "Outer",
                                                  "Parallel Aware": true,
                                                  "Async Capable": false,
                                                  "Join Type": "Inner",
                                                  "Startup Cost": 458286.35,
                                                  "Total Cost": 465138.5,
                                                  "Plan Rows": 275,
                                                  "Plan Width": 10,
                                                  "Inner Unique": false,
                                                  "Hash Cond": "(customer_address_1.ca_address_sk = catalog_sales.cs_bill_addr_sk)",
                                                  "Plans": [
                                                    {
                                                      "Node Type": "Seq Scan",
                                                      "Parent Relationship": "Outer",
                                                      "Parallel Aware": true,
                                                      "Async Capable": false,
                                                      "Relation Name": "customer_address",
                                                      "Alias": "customer_address_1",
                                                      "Startup Cost": 0.0,
                                                      "Total Cost": 6737.08,
                                                      "Plan Rows": 11392,
                                                      "Plan Width": 4,
                                                      "Filter": "(ca_gmt_offset = '-7'::numeric)",
                                                      "parent": 29,
                                                      "ID": 30
                                                    },
                                                    {
                                                      "Node Type": "Hash",
                                                      "Parent Relationship": "Inner",
                                                      "Parallel Aware": true,
                                                      "Async Capable": false,
                                                      "Startup Cost": 458254.7,
                                                      "Total Cost": 458254.7,
                                                      "Plan Rows": 2532,
                                                      "Plan Width": 14,
                                                      "Plans": [
                                                        {
                                                          "Node Type": "Hash Join",
                                                          "Parent Relationship": "Outer",
                                                          "Parallel Aware": true,
                                                          "Async Capable": false,
                                                          "Join Type": "Inner",
                                                          "Startup Cost": 2049.78,
                                                          "Total Cost": 458254.7,
                                                          "Plan Rows": 2532,
                                                          "Plan Width": 14,
                                                          "Inner Unique": false,
                                                          "Hash Cond": "(catalog_sales.cs_sold_date_sk = date_dim_1.d_date_sk)",
                                                          "Plans": [
                                                            {
                                                              "Node Type": "Seq Scan",
                                                              "Parent Relationship": "Outer",
                                                              "Parallel Aware": true,
                                                              "Async Capable": false,
                                                              "Relation Name": "catalog_sales",
                                                              "Alias": "catalog_sales",
                                                              "Startup Cost": 0.0,
                                                              "Total Cost": 433688.25,
                                                              "Plan Rows": 6000525,
                                                              "Plan Width": 18,
                                                              "parent": 32,
                                                              "ID": 33
                                                            },
                                                            {
                                                              "Node Type": "Hash",
                                                              "Parent Relationship": "Inner",
                                                              "Parallel Aware": true,
                                                              "Async Capable": false,
                                                              "Startup Cost": 2049.55,
                                                              "Total Cost": 2049.55,
                                                              "Plan Rows": 18,
                                                              "Plan Width": 4,
                                                              "Plans": [
                                                                {
                                                                  "Node Type": "Seq Scan",
                                                                  "Parent Relationship": "Outer",
                                                                  "Parallel Aware": true,
                                                                  "Async Capable": false,
                                                                  "Relation Name": "date_dim",
                                                                  "Alias": "date_dim_1",
                                                                  "Startup Cost": 0.0,
                                                                  "Total Cost": 2049.55,
                                                                  "Plan Rows": 18,
                                                                  "Plan Width": 4,
                                                                  "Filter": "((d_year = 2001) AND (d_moy = 5))",
                                                                  "parent": 34,
                                                                  "ID": 35
                                                                }
                                                              ],
                                                              "parent": 32,
                                                              "ID": 34,
                                                              "left": 35
                                                            }
                                                          ],
                                                          "parent": 31,
                                                          "ID": 32,
                                                          "left": 33,
                                                          "right": 34
                                                        }
                                                      ],
                                                      "parent": 29,
                                                      "ID": 31,
                                                      "left": 32
                                                    }
                                                  ],
                                                  "parent": 28,
                                                  "ID": 29,
                                                  "left": 30,
                                                  "right": 31
                                                }
                                              ],
                                              "parent": 26,
                                              "ID": 28,
                                              "left": 29
                                            }
                                          ],
                                          "parent": 25,
                                          "ID": 26,
                                          "left": 27,
                                          "right": 28
                                        }
                                      ],
                                      "parent": 24,
                                      "ID": 25,
                                      "left": 26
                                    },
                                    {
                                      "Node Type": "Sort",
                                      "Parent Relationship": "Inner",
                                      "Parallel Aware": false,
                                      "Async Capable": false,
                                      "Startup Cost": 8668.21,
                                      "Total Cost": 8680.51,
                                      "Plan Rows": 4920,
                                      "Plan Width": 17,
                                      "Sort Key": [
                                        "item_3.i_item_id"
                                      ],
                                      "Plans": [
                                        {
                                          "Node Type": "Seq Scan",
                                          "Parent Relationship": "Outer",
                                          "Parallel Aware": false,
                                          "Async Capable": false,
                                          "Relation Name": "item",
                                          "Alias": "item_3",
                                          "Startup Cost": 0.0,
                                          "Total Cost": 8366.5,
                                          "Plan Rows": 4920,
                                          "Plan Width": 17,
                                          "Filter": "(i_color = ANY ('{beige,salmon,yellow}'::bpchar[]))",
                                          "parent": 36,
                                          "ID": 37
                                        }
                                      ],
                                      "parent": 24,
                                      "ID": 36,
                                      "left": 37
                                    }
                                  ],
                                  "parent": 23,
                                  "ID": 24,
                                  "left": 25,
                                  "right": 36
                                }
                              ],
                              "parent": 22,
                              "ID": 23,
                              "left": 24
                            }
                          ],
                          "parent": 21,
                          "ID": 22,
                          "left": 23
                        }
                      ],
                      "parent": 3,
                      "ID": 21,
                      "left": 22
                    },
                    {
                      "Node Type": "Aggregate",
                      "Strategy": "Sorted",
                      "Partial Mode": "Simple",
                      "Parent Relationship": "Member",
                      "Parallel Aware": false,
                      "Async Capable": false,
                      "Startup Cost": 254908.81,
                      "Total Cost": 254909.53,
                      "Plan Rows": 36,
                      "Plan Width": 49,
                      "Group Key": [
                        "item_4.i_item_id"
                      ],
                      "Plans": [
                        {
                          "Node Type": "Sort",
                          "Parent Relationship": "Outer",
                          "Parallel Aware": false,
                          "Async Capable": false,
                          "Startup Cost": 254908.81,
                          "Total Cost": 254908.9,
                          "Plan Rows": 36,
                          "Plan Width": 23,
                          "Sort Key": [
                            "item_4.i_item_id"
                          ],
                          "Plans": [
                            {
                              "Node Type": "Hash Join",
                              "Parent Relationship": "Outer",
                              "Parallel Aware": false,
                              "Async Capable": false,
                              "Join Type": "Semi",
                              "Startup Cost": 247324.2,
                              "Total Cost": 254907.88,
                              "Plan Rows": 36,
                              "Plan Width": 23,
                              "Inner Unique": false,
                              "Hash Cond": "(item_4.i_item_id = item_5.i_item_id)",
                              "Plans": [
                                {
                                  "Node Type": "Gather",
                                  "Parent Relationship": "Outer",
                                  "Parallel Aware": false,
                                  "Async Capable": false,
                                  "Startup Cost": 238896.2,
                                  "Total Cost": 246478.56,
                                  "Plan Rows": 334,
                                  "Plan Width": 23,
                                  "Workers Planned": 2,
                                  "Single Copy": false,
                                  "Plans": [
                                    {
                                      "Node Type": "Hash Join",
                                      "Parent Relationship": "Outer",
                                      "Parallel Aware": true,
                                      "Async Capable": false,
                                      "Join Type": "Inner",
                                      "Startup Cost": 237896.2,
                                      "Total Cost": 245445.16,
                                      "Plan Rows": 139,
                                      "Plan Width": 23,
                                      "Inner Unique": false,
                                      "Hash Cond": "(item_4.i_item_sk = web_sales.ws_item_sk)",
                                      "Plans": [
                                        {
                                          "Node Type": "Seq Scan",
                                          "Parent Relationship": "Outer",
                                          "Parallel Aware": true,
                                          "Async Capable": false,
                                          "Relation Name": "item",
                                          "Alias": "item_4",
                                          "Startup Cost": 0.0,
                                          "Total Cost": 7389.0,
                                          "Plan Rows": 42500,
                                          "Plan Width": 21,
                                          "parent": 42,
                                          "ID": 43
                                        },
                                        {
                                          "Node Type": "Hash",
                                          "Parent Relationship": "Inner",
                                          "Parallel Aware": true,
                                          "Async Capable": false,
                                          "Startup Cost": 237894.46,
                                          "Total Cost": 237894.46,
                                          "Plan Rows": 139,
                                          "Plan Width": 10,
                                          "Plans": [
                                            {
                                              "Node Type": "Hash Join",
                                              "Parent Relationship": "Outer",
                                              "Parallel Aware": true,
                                              "Async Capable": false,
                                              "Join Type": "Inner",
                                              "Startup Cost": 231057.12,
                                              "Total Cost": 237894.46,
                                              "Plan Rows": 139,
                                              "Plan Width": 10,
                                              "Inner Unique": false,
                                              "Hash Cond": "(customer_address_2.ca_address_sk = web_sales.ws_bill_addr_sk)",
                                              "Plans": [
                                                {
                                                  "Node Type": "Seq Scan",
                                                  "Parent Relationship": "Outer",
                                                  "Parallel Aware": true,
                                                  "Async Capable": false,
                                                  "Relation Name": "customer_address",
                                                  "Alias": "customer_address_2",
                                                  "Startup Cost": 0.0,
                                                  "Total Cost": 6737.08,
                                                  "Plan Rows": 11392,
                                                  "Plan Width": 4,
                                                  "Filter": "(ca_gmt_offset = '-7'::numeric)",
                                                  "parent": 45,
                                                  "ID": 46
                                                },
                                                {
                                                  "Node Type": "Hash",
                                                  "Parent Relationship": "Inner",
                                                  "Parallel Aware": true,
                                                  "Async Capable": false,
                                                  "Startup Cost": 231041.22,
                                                  "Total Cost": 231041.22,
                                                  "Plan Rows": 1272,
                                                  "Plan Width": 14,
                                                  "Plans": [
                                                    {
                                                      "Node Type": "Hash Join",
                                                      "Parent Relationship": "Outer",
                                                      "Parallel Aware": true,
                                                      "Async Capable": false,
                                                      "Join Type": "Inner",
                                                      "Startup Cost": 2049.78,
                                                      "Total Cost": 231041.22,
                                                      "Plan Rows": 1272,
                                                      "Plan Width": 14,
                                                      "Inner Unique": false,
                                                      "Hash Cond": "(web_sales.ws_sold_date_sk = date_dim_2.d_date_sk)",
                                                      "Plans": [
                                                        {
                                                          "Node Type": "Seq Scan",
                                                          "Parent Relationship": "Outer",
                                                          "Parallel Aware": true,
                                                          "Async Capable": false,
                                                          "Relation Name": "web_sales",
                                                          "Alias": "web_sales",
                                                          "Startup Cost": 0.0,
                                                          "Total Cost": 217737.86,
                                                          "Plan Rows": 2998986,
                                                          "Plan Width": 18,
                                                          "parent": 48,
                                                          "ID": 49
                                                        },
                                                        {
                                                          "Node Type": "Hash",
                                                          "Parent Relationship": "Inner",
                                                          "Parallel Aware": true,
                                                          "Async Capable": false,
                                                          "Startup Cost": 2049.55,
                                                          "Total Cost": 2049.55,
                                                          "Plan Rows": 18,
                                                          "Plan Width": 4,
                                                          "Plans": [
                                                            {
                                                              "Node Type": "Seq Scan",
                                                              "Parent Relationship": "Outer",
                                                              "Parallel Aware": true,
                                                              "Async Capable": false,
                                                              "Relation Name": "date_dim",
                                                              "Alias": "date_dim_2",
                                                              "Startup Cost": 0.0,
                                                              "Total Cost": 2049.55,
                                                              "Plan Rows": 18,
                                                              "Plan Width": 4,
                                                              "Filter": "((d_year = 2001) AND (d_moy = 5))",
                                                              "parent": 50,
                                                              "ID": 51
                                                            }
                                                          ],
                                                          "parent": 48,
                                                          "ID": 50,
                                                          "left": 51
                                                        }
                                                      ],
                                                      "parent": 47,
                                                      "ID": 48,
                                                      "left": 49,
                                                      "right": 50
                                                    }
                                                  ],
                                                  "parent": 45,
                                                  "ID": 47,
                                                  "left": 48
                                                }
                                              ],
                                              "parent": 44,
                                              "ID": 45,
                                              "left": 46,
                                              "right": 47
                                            }
                                          ],
                                          "parent": 42,
                                          "ID": 44,
                                          "left": 45
                                        }
                                      ],
                                      "parent": 41,
                                      "ID": 42,
                                      "left": 43,
                                      "right": 44
                                    }
                                  ],
                                  "parent": 40,
                                  "ID": 41,
                                  "left": 42
                                },
                                {
                                  "Node Type": "Hash",
                                  "Parent Relationship": "Inner",
                                  "Parallel Aware": false,
                                  "Async Capable": false,
                                  "Startup Cost": 8366.5,
                                  "Total Cost": 8366.5,
                                  "Plan Rows": 4920,
                                  "Plan Width": 17,
                                  "Plans": [
                                    {
                                      "Node Type": "Seq Scan",
                                      "Parent Relationship": "Outer",
                                      "Parallel Aware": false,
                                      "Async Capable": false,
                                      "Relation Name": "item",
                                      "Alias": "item_5",
                                      "Startup Cost": 0.0,
                                      "Total Cost": 8366.5,
                                      "Plan Rows": 4920,
                                      "Plan Width": 17,
                                      "Filter": "(i_color = ANY ('{beige,salmon,yellow}'::bpchar[]))",
                                      "parent": 52,
                                      "ID": 53
                                    }
                                  ],
                                  "parent": 40,
                                  "ID": 52,
                                  "left": 53
                                }
                              ],
                              "parent": 39,
                              "ID": 40,
                              "left": 41,
                              "right": 52
                            }
                          ],
                          "parent": 38,
                          "ID": 39,
                          "left": 40
                        }
                      ],
                      "parent": 3,
                      "ID": 38,
                      "left": 39
                    }
                  ],
                  "parent": 2,
                  "ID": 3,
                  "left": 4,
                  "right": 21
                }
              ],
              "parent": 1,
              "ID": 2,
              "left": 3
            }
          ],
          "parent": 0,
          "ID": 1,
          "left": 2
        }
      ],
      "parent": null,
      "ID": 0,
      "left": 1
    },
    "feat": {
      "utility": 0.005760091284377089,
      "query_shape": [
        [
          "Seq Scan",
          "Hash Join",
          "Sort",
          "Merge Join",
          "Aggregate",
          "Gather Merge",
          "Merge Append"
        ],
        [
          "Seq Scan",
          "Hash Join",
          "Hash",
          "Sort",
          "Merge Join",
          "Aggregate",
          "Gather Merge",
          "Merge Append"
        ],
        [
          "Seq Scan",
          "Hash Join",
          "Hash",
          "Sort",
          "Merge Join",
          "Aggregate",
          "Gather Merge",
          "Merge Append"
        ],
        [
          "Seq Scan",
          "Hash",
          "Hash Join",
          "Sort",
          "Merge Join",
          "Aggregate",
          "Gather Merge",
          "Merge Append"
        ],
        [
          "Seq Scan",
          "Sort",
          "Merge Join",
          "Aggregate",
          "Gather Merge",
          "Merge Append"
        ],
        [
          "Seq Scan",
          "Hash Join",
          "Sort",
          "Merge Join",
          "Aggregate",
          "Gather Merge",
          "Merge Append"
        ],
        [
          "Seq Scan",
          "Hash Join",
          "Hash",
          "Sort",
          "Merge Join",
          "Aggregate",
          "Gather Merge",
          "Merge Append"
        ],
        [
          "Seq Scan",
          "Hash Join",
          "Hash",
          "Sort",
          "Merge Join",
          "Aggregate",
          "Gather Merge",
          "Merge Append"
        ],
        [
          "Seq Scan",
          "Hash",
          "Hash Join",
          "Sort",
          "Merge Join",
          "Aggregate",
          "Gather Merge",
          "Merge Append"
        ],
        [
          "Seq Scan",
          "Sort",
          "Merge Join",
          "Aggregate",
          "Gather Merge",
          "Merge Append"
        ],
        [
          "Seq Scan",
          "Hash Join",
          "Gather",
          "Sort",
          "Aggregate",
          "Merge Append"
        ],
        [
          "Seq Scan",
          "Hash Join",
          "Hash",
          "Gather",
          "Sort",
          "Aggregate",
          "Merge Append"
        ],
        [
          "Seq Scan",
          "Hash Join",
          "Hash",
          "Gather",
          "Sort",
          "Aggregate",
          "Merge Append"
        ],
        [
          "Seq Scan",
          "Hash",
          "Hash Join",
          "Gather",
          "Sort",
          "Aggregate",
          "Merge Append"
        ],
        [
          "Seq Scan",
          "Hash",
          "Hash Join",
          "Sort",
          "Aggregate",
          "Merge Append"
        ]
      ],
      "index_shape": [
        "join"
      ],
      "physical_operator": {
        "Hash Join": [
          0.004841734527525892
        ]
      }
    }
  },
  {
    "query": "with ss as (\n select i_item_id,sum(ss_ext_sales_price) total_sales\n from\n \tstore_sales,\n \tdate_dim,\n         customer_address,\n         item\n where i_item_id in (select\n     i_item_id\nfrom item\nwhere i_color in ('beige','salmon','yellow'))\n and     ss_item_sk              = i_item_sk\n and     ss_sold_date_sk         = d_date_sk\n and     d_year                  = 2001\n and     d_moy                   = 5\n and     ss_addr_sk              = ca_address_sk\n and     ca_gmt_offset           = -7 \n group by i_item_id),\n cs as (\n select i_item_id,sum(cs_ext_sales_price) total_sales\n from\n \tcatalog_sales,\n \tdate_dim,\n         customer_address,\n         item\n where\n         i_item_id               in (select\n  i_item_id\nfrom item\nwhere i_color in ('beige','salmon','yellow'))\n and     cs_item_sk              = i_item_sk\n and     cs_sold_date_sk         = d_date_sk\n and     d_year                  = 2001\n and     d_moy                   = 5\n and     cs_bill_addr_sk         = ca_address_sk\n and     ca_gmt_offset           = -7 \n group by i_item_id),\n ws as (\n select i_item_id,sum(ws_ext_sales_price) total_sales\n from\n \tweb_sales,\n \tdate_dim,\n         customer_address,\n         item\n where\n         i_item_id               in (select\n  i_item_id\nfrom item\nwhere i_color in ('beige','salmon','yellow'))\n and     ws_item_sk              = i_item_sk\n and     ws_sold_date_sk         = d_date_sk\n and     d_year                  = 2001\n and     d_moy                   = 5\n and     ws_bill_addr_sk         = ca_address_sk\n and     ca_gmt_offset           = -7\n group by i_item_id)\n  select  i_item_id ,sum(total_sales) total_sales\n from  (select * from ss \n        union all\n        select * from cs \n        union all\n        select * from ws) tmp1\n group by i_item_id\n order by total_sales,\n          i_item_id\n limit 100;\n\n-- end query 40 in stream 1 using template query56.tpl\n",
    "indexes": "catalog_sales.cs_bill_addr_sk",
    "wo plan est": {
      "Node Type": "Limit",
      "Parallel Aware": false,
      "Async Capable": false,
      "Startup Cost": 1445461.5,
      "Total Cost": 1445461.75,
      "Plan Rows": 100,
      "Plan Width": 49,
      "Plans": [
        {
          "Node Type": "Sort",
          "Parent Relationship": "Outer",
          "Parallel Aware": false,
          "Async Capable": false,
          "Startup Cost": 1445461.5,
          "Total Cost": 1445462.0,
          "Plan Rows": 200,
          "Plan Width": 49,
          "Sort Key": [
            "(sum((sum(store_sales.ss_ext_sales_price))))",
            "item.i_item_id"
          ],
          "Plans": [
            {
              "Node Type": "Aggregate",
              "Strategy": "Sorted",
              "Partial Mode": "Simple",
              "Parent Relationship": "Outer",
              "Parallel Aware": false,
              "Async Capable": false,
              "Startup Cost": 1445365.0,
              "Total Cost": 1445453.86,
              "Plan Rows": 200,
              "Plan Width": 49,
              "Group Key": [
                "item.i_item_id"
              ],
              "Plans": [
                {
                  "Node Type": "Merge Append",
                  "Parent Relationship": "Outer",
                  "Parallel Aware": false,
                  "Async Capable": false,
                  "Startup Cost": 1445365.0,
                  "Total Cost": 1445450.15,
                  "Plan Rows": 241,
                  "Plan Width": 49,
                  "Sort Key": [
                    "item.i_item_id"
                  ],
                  "Subplans Removed": 0,
                  "Plans": [
                    {
                      "Node Type": "Aggregate",
                      "Strategy": "Sorted",
                      "Partial Mode": "Finalize",
                      "Parent Relationship": "Member",
                      "Parallel Aware": false,
                      "Async Capable": false,
                      "Startup Cost": 708085.33,
                      "Total Cost": 708129.17,
                      "Plan Rows": 133,
                      "Plan Width": 49,
                      "Group Key": [
                        "item.i_item_id"
                      ],
                      "Plans": [
                        {
                          "Node Type": "Gather Merge",
                          "Parent Relationship": "Outer",
                          "Parallel Aware": false,
                          "Async Capable": false,
                          "Startup Cost": 708085.33,
                          "Total Cost": 708126.68,
                          "Plan Rows": 110,
                          "Plan Width": 49,
                          "Workers Planned": 2,
                          "Plans": [
                            {
                              "Node Type": "Aggregate",
                              "Strategy": "Sorted",
                              "Partial Mode": "Partial",
                              "Parent Relationship": "Outer",
                              "Parallel Aware": false,
                              "Async Capable": false,
                              "Startup Cost": 707085.31,
                              "Total Cost": 707113.96,
                              "Plan Rows": 55,
                              "Plan Width": 49,
                              "Group Key": [
                                "item.i_item_id"
                              ],
                              "Plans": [
                                {
                                  "Node Type": "Merge Join",
                                  "Parent Relationship": "Outer",
                                  "Parallel Aware": false,
                                  "Async Capable": false,
                                  "Join Type": "Semi",
                                  "Startup Cost": 707085.31,
                                  "Total Cost": 707113.0,
                                  "Plan Rows": 55,
                                  "Plan Width": 23,
                                  "Inner Unique": false,
                                  "Merge Cond": "(item.i_item_id = item_1.i_item_id)",
                                  "Plans": [
                                    {
                                      "Node Type": "Sort",
                                      "Parent Relationship": "Outer",
                                      "Parallel Aware": false,
                                      "Async Capable": false,
                                      "Startup Cost": 698417.1,
                                      "Total Cost": 698418.37,
                                      "Plan Rows": 508,
                                      "Plan Width": 23,
                                      "Sort Key": [
                                        "item.i_item_id"
                                      ],
                                      "Plans": [
                                        {
                                          "Node Type": "Hash Join",
                                          "Parent Relationship": "Outer",
                                          "Parallel Aware": true,
                                          "Async Capable": false,
                                          "Join Type": "Inner",
                                          "Startup Cost": 690843.77,
                                          "Total Cost": 698394.27,
                                          "Plan Rows": 508,
                                          "Plan Width": 23,
                                          "Inner Unique": false,
                                          "Hash Cond": "(item.i_item_sk = store_sales.ss_item_sk)",
                                          "Plans": [
                                            {
                                              "Node Type": "Seq Scan",
                                              "Parent Relationship": "Outer",
                                              "Parallel Aware": true,
                                              "Async Capable": false,
                                              "Relation Name": "item",
                                              "Alias": "item",
                                              "Startup Cost": 0.0,
                                              "Total Cost": 7389.0,
                                              "Plan Rows": 42500,
                                              "Plan Width": 21,
                                              "parent": 9,
                                              "ID": 10
                                            },
                                            {
                                              "Node Type": "Hash",
                                              "Parent Relationship": "Inner",
                                              "Parallel Aware": true,
                                              "Async Capable": false,
                                              "Startup Cost": 690837.42,
                                              "Total Cost": 690837.42,
                                              "Plan Rows": 508,
                                              "Plan Width": 10,
                                              "Plans": [
                                                {
                                                  "Node Type": "Hash Join",
                                                  "Parent Relationship": "Outer",
                                                  "Parallel Aware": true,
                                                  "Async Capable": false,
                                                  "Join Type": "Inner",
                                                  "Startup Cost": 684055.5,
                                                  "Total Cost": 690837.42,
                                                  "Plan Rows": 508,
                                                  "Plan Width": 10,
                                                  "Inner Unique": false,
                                                  "Hash Cond": "(customer_address.ca_address_sk = store_sales.ss_addr_sk)",
                                                  "Plans": [
                                                    {
                                                      "Node Type": "Seq Scan",
                                                      "Parent Relationship": "Outer",
                                                      "Parallel Aware": true,
                                                      "Async Capable": false,
                                                      "Relation Name": "customer_address",
                                                      "Alias": "customer_address",
                                                      "Startup Cost": 0.0,
                                                      "Total Cost": 6737.08,
                                                      "Plan Rows": 11392,
                                                      "Plan Width": 4,
                                                      "Filter": "(ca_gmt_offset = '-7'::numeric)",
                                                      "parent": 12,
                                                      "ID": 13
                                                    },
                                                    {
                                                      "Node Type": "Hash",
                                                      "Parent Relationship": "Inner",
                                                      "Parallel Aware": true,
                                                      "Async Capable": false,
                                                      "Startup Cost": 683994.75,
                                                      "Total Cost": 683994.75,
                                                      "Plan Rows": 4860,
                                                      "Plan Width": 14,
                                                      "Plans": [
                                                        {
                                                          "Node Type": "Hash Join",
                                                          "Parent Relationship": "Outer",
                                                          "Parallel Aware": true,
                                                          "Async Capable": false,
                                                          "Join Type": "Inner",
                                                          "Startup Cost": 2049.78,
                                                          "Total Cost": 683994.75,
                                                          "Plan Rows": 4860,
                                                          "Plan Width": 14,
                                                          "Inner Unique": false,
                                                          "Hash Cond": "(store_sales.ss_sold_date_sk = date_dim.d_date_sk)",
                                                          "Plans": [
                                                            {
                                                              "Node Type": "Seq Scan",
                                                              "Parent Relationship": "Outer",
                                                              "Parallel Aware": true,
                                                              "Async Capable": false,
                                                              "Relation Name": "store_sales",
                                                              "Alias": "store_sales",
                                                              "Startup Cost": 0.0,
                                                              "Total Cost": 636914.37,
                                                              "Plan Rows": 12000637,
                                                              "Plan Width": 18,
                                                              "parent": 15,
                                                              "ID": 16
                                                            },
                                                            {
                                                              "Node Type": "Hash",
                                                              "Parent Relationship": "Inner",
                                                              "Parallel Aware": true,
                                                              "Async Capable": false,
                                                              "Startup Cost": 2049.55,
                                                              "Total Cost": 2049.55,
                                                              "Plan Rows": 18,
                                                              "Plan Width": 4,
                                                              "Plans": [
                                                                {
                                                                  "Node Type": "Seq Scan",
                                                                  "Parent Relationship": "Outer",
                                                                  "Parallel Aware": true,
                                                                  "Async Capable": false,
                                                                  "Relation Name": "date_dim",
                                                                  "Alias": "date_dim",
                                                                  "Startup Cost": 0.0,
                                                                  "Total Cost": 2049.55,
                                                                  "Plan Rows": 18,
                                                                  "Plan Width": 4,
                                                                  "Filter": "((d_year = 2001) AND (d_moy = 5))",
                                                                  "parent": 17,
                                                                  "ID": 18
                                                                }
                                                              ],
                                                              "parent": 15,
                                                              "ID": 17,
                                                              "left": 18
                                                            }
                                                          ],
                                                          "parent": 14,
                                                          "ID": 15,
                                                          "left": 16,
                                                          "right": 17
                                                        }
                                                      ],
                                                      "parent": 12,
                                                      "ID": 14,
                                                      "left": 15
                                                    }
                                                  ],
                                                  "parent": 11,
                                                  "ID": 12,
                                                  "left": 13,
                                                  "right": 14
                                                }
                                              ],
                                              "parent": 9,
                                              "ID": 11,
                                              "left": 12
                                            }
                                          ],
                                          "parent": 8,
                                          "ID": 9,
                                          "left": 10,
                                          "right": 11
                                        }
                                      ],
                                      "parent": 7,
                                      "ID": 8,
                                      "left": 9
                                    },
                                    {
                                      "Node Type": "Sort",
                                      "Parent Relationship": "Inner",
                                      "Parallel Aware": false,
                                      "Async Capable": false,
                                      "Startup Cost": 8668.21,
                                      "Total Cost": 8680.51,
                                      "Plan Rows": 4920,
                                      "Plan Width": 17,
                                      "Sort Key": [
                                        "item_1.i_item_id"
                                      ],
                                      "Plans": [
                                        {
                                          "Node Type": "Seq Scan",
                                          "Parent Relationship": "Outer",
                                          "Parallel Aware": false,
                                          "Async Capable": false,
                                          "Relation Name": "item",
                                          "Alias": "item_1",
                                          "Startup Cost": 0.0,
                                          "Total Cost": 8366.5,
                                          "Plan Rows": 4920,
                                          "Plan Width": 17,
                                          "Filter": "(i_color = ANY ('{beige,salmon,yellow}'::bpchar[]))",
                                          "parent": 19,
                                          "ID": 20
                                        }
                                      ],
                                      "parent": 7,
                                      "ID": 19,
                                      "left": 20
                                    }
                                  ],
                                  "parent": 6,
                                  "ID": 7,
                                  "left": 8,
                                  "right": 19
                                }
                              ],
                              "parent": 5,
                              "ID": 6,
                              "left": 7
                            }
                          ],
                          "parent": 4,
                          "ID": 5,
                          "left": 6
                        }
                      ],
                      "parent": 3,
                      "ID": 4,
                      "left": 5
                    },
                    {
                      "Node Type": "Aggregate",
                      "Strategy": "Sorted",
                      "Partial Mode": "Finalize",
                      "Parent Relationship": "Member",
                      "Parallel Aware": false,
                      "Async Capable": false,
                      "Startup Cost": 482370.83,
                      "Total Cost": 482405.91,
                      "Plan Rows": 72,
                      "Plan Width": 49,
                      "Group Key": [
                        "item_2.i_item_id"
                      ],
                      "Plans": [
                        {
                          "Node Type": "Gather Merge",
                          "Parent Relationship": "Outer",
                          "Parallel Aware": false,
                          "Async Capable": false,
                          "Startup Cost": 482370.83,
                          "Total Cost": 482404.56,
                          "Plan Rows": 60,
                          "Plan Width": 49,
                          "Workers Planned": 2,
                          "Plans": [
                            {
                              "Node Type": "Aggregate",
                              "Strategy": "Sorted",
                              "Partial Mode": "Partial",
                              "Parent Relationship": "Outer",
                              "Parallel Aware": false,
                              "Async Capable": false,
                              "Startup Cost": 481370.81,
                              "Total Cost": 481397.61,
                              "Plan Rows": 30,
                              "Plan Width": 49,
                              "Group Key": [
                                "item_2.i_item_id"
                              ],
                              "Plans": [
                                {
                                  "Node Type": "Merge Join",
                                  "Parent Relationship": "Outer",
                                  "Parallel Aware": false,
                                  "Async Capable": false,
                                  "Join Type": "Semi",
                                  "Startup Cost": 481370.81,
                                  "Total Cost": 481397.09,
                                  "Plan Rows": 30,
                                  "Plan Width": 23,
                                  "Inner Unique": false,
                                  "Merge Cond": "(item_2.i_item_id = item_3.i_item_id)",
                                  "Plans": [
                                    {
                                      "Node Type": "Sort",
                                      "Parent Relationship": "Outer",
                                      "Parallel Aware": false,
                                      "Async Capable": false,
                                      "Startup Cost": 472702.61,
                                      "Total Cost": 472703.29,
                                      "Plan Rows": 275,
                                      "Plan Width": 23,
                                      "Sort Key": [
                                        "item_2.i_item_id"
                                      ],
                                      "Plans": [
                                        {
                                          "Node Type": "Hash Join",
                                          "Parent Relationship": "Outer",
                                          "Parallel Aware": true,
                                          "Async Capable": false,
                                          "Join Type": "Inner",
                                          "Startup Cost": 465141.94,
                                          "Total Cost": 472691.46,
                                          "Plan Rows": 275,
                                          "Plan Width": 23,
                                          "Inner Unique": false,
                                          "Hash Cond": "(item_2.i_item_sk = catalog_sales.cs_item_sk)",
                                          "Plans": [
                                            {
                                              "Node Type": "Seq Scan",
                                              "Parent Relationship": "Outer",
                                              "Parallel Aware": true,
                                              "Async Capable": false,
                                              "Relation Name": "item",
                                              "Alias": "item_2",
                                              "Startup Cost": 0.0,
                                              "Total Cost": 7389.0,
                                              "Plan Rows": 42500,
                                              "Plan Width": 21,
                                              "parent": 26,
                                              "ID": 27
                                            },
                                            {
                                              "Node Type": "Hash",
                                              "Parent Relationship": "Inner",
                                              "Parallel Aware": true,
                                              "Async Capable": false,
                                              "Startup Cost": 465138.5,
                                              "Total Cost": 465138.5,
                                              "Plan Rows": 275,
                                              "Plan Width": 10,
                                              "Plans": [
                                                {
                                                  "Node Type": "Hash Join",
                                                  "Parent Relationship": "Outer",
                                                  "Parallel Aware": true,
                                                  "Async Capable": false,
                                                  "Join Type": "Inner",
                                                  "Startup Cost": 458286.35,
                                                  "Total Cost": 465138.5,
                                                  "Plan Rows": 275,
                                                  "Plan Width": 10,
                                                  "Inner Unique": false,
                                                  "Hash Cond": "(customer_address_1.ca_address_sk = catalog_sales.cs_bill_addr_sk)",
                                                  "Plans": [
                                                    {
                                                      "Node Type": "Seq Scan",
                                                      "Parent Relationship": "Outer",
                                                      "Parallel Aware": true,
                                                      "Async Capable": false,
                                                      "Relation Name": "customer_address",
                                                      "Alias": "customer_address_1",
                                                      "Startup Cost": 0.0,
                                                      "Total Cost": 6737.08,
                                                      "Plan Rows": 11392,
                                                      "Plan Width": 4,
                                                      "Filter": "(ca_gmt_offset = '-7'::numeric)",
                                                      "parent": 29,
                                                      "ID": 30
                                                    },
                                                    {
                                                      "Node Type": "Hash",
                                                      "Parent Relationship": "Inner",
                                                      "Parallel Aware": true,
                                                      "Async Capable": false,
                                                      "Startup Cost": 458254.7,
                                                      "Total Cost": 458254.7,
                                                      "Plan Rows": 2532,
                                                      "Plan Width": 14,
                                                      "Plans": [
                                                        {
                                                          "Node Type": "Hash Join",
                                                          "Parent Relationship": "Outer",
                                                          "Parallel Aware": true,
                                                          "Async Capable": false,
                                                          "Join Type": "Inner",
                                                          "Startup Cost": 2049.78,
                                                          "Total Cost": 458254.7,
                                                          "Plan Rows": 2532,
                                                          "Plan Width": 14,
                                                          "Inner Unique": false,
                                                          "Hash Cond": "(catalog_sales.cs_sold_date_sk = date_dim_1.d_date_sk)",
                                                          "Plans": [
                                                            {
                                                              "Node Type": "Seq Scan",
                                                              "Parent Relationship": "Outer",
                                                              "Parallel Aware": true,
                                                              "Async Capable": false,
                                                              "Relation Name": "catalog_sales",
                                                              "Alias": "catalog_sales",
                                                              "Startup Cost": 0.0,
                                                              "Total Cost": 433688.25,
                                                              "Plan Rows": 6000525,
                                                              "Plan Width": 18,
                                                              "parent": 32,
                                                              "ID": 33
                                                            },
                                                            {
                                                              "Node Type": "Hash",
                                                              "Parent Relationship": "Inner",
                                                              "Parallel Aware": true,
                                                              "Async Capable": false,
                                                              "Startup Cost": 2049.55,
                                                              "Total Cost": 2049.55,
                                                              "Plan Rows": 18,
                                                              "Plan Width": 4,
                                                              "Plans": [
                                                                {
                                                                  "Node Type": "Seq Scan",
                                                                  "Parent Relationship": "Outer",
                                                                  "Parallel Aware": true,
                                                                  "Async Capable": false,
                                                                  "Relation Name": "date_dim",
                                                                  "Alias": "date_dim_1",
                                                                  "Startup Cost": 0.0,
                                                                  "Total Cost": 2049.55,
                                                                  "Plan Rows": 18,
                                                                  "Plan Width": 4,
                                                                  "Filter": "((d_year = 2001) AND (d_moy = 5))",
                                                                  "parent": 34,
                                                                  "ID": 35
                                                                }
                                                              ],
                                                              "parent": 32,
                                                              "ID": 34,
                                                              "left": 35
                                                            }
                                                          ],
                                                          "parent": 31,
                                                          "ID": 32,
                                                          "left": 33,
                                                          "right": 34
                                                        }
                                                      ],
                                                      "parent": 29,
                                                      "ID": 31,
                                                      "left": 32
                                                    }
                                                  ],
                                                  "parent": 28,
                                                  "ID": 29,
                                                  "left": 30,
                                                  "right": 31
                                                }
                                              ],
                                              "parent": 26,
                                              "ID": 28,
                                              "left": 29
                                            }
                                          ],
                                          "parent": 25,
                                          "ID": 26,
                                          "left": 27,
                                          "right": 28
                                        }
                                      ],
                                      "parent": 24,
                                      "ID": 25,
                                      "left": 26
                                    },
                                    {
                                      "Node Type": "Sort",
                                      "Parent Relationship": "Inner",
                                      "Parallel Aware": false,
                                      "Async Capable": false,
                                      "Startup Cost": 8668.21,
                                      "Total Cost": 8680.51,
                                      "Plan Rows": 4920,
                                      "Plan Width": 17,
                                      "Sort Key": [
                                        "item_3.i_item_id"
                                      ],
                                      "Plans": [
                                        {
                                          "Node Type": "Seq Scan",
                                          "Parent Relationship": "Outer",
                                          "Parallel Aware": false,
                                          "Async Capable": false,
                                          "Relation Name": "item",
                                          "Alias": "item_3",
                                          "Startup Cost": 0.0,
                                          "Total Cost": 8366.5,
                                          "Plan Rows": 4920,
                                          "Plan Width": 17,
                                          "Filter": "(i_color = ANY ('{beige,salmon,yellow}'::bpchar[]))",
                                          "parent": 36,
                                          "ID": 37
                                        }
                                      ],
                                      "parent": 24,
                                      "ID": 36,
                                      "left": 37
                                    }
                                  ],
                                  "parent": 23,
                                  "ID": 24,
                                  "left": 25,
                                  "right": 36
                                }
                              ],
                              "parent": 22,
                              "ID": 23,
                              "left": 24
                            }
                          ],
                          "parent": 21,
                          "ID": 22,
                          "left": 23
                        }
                      ],
                      "parent": 3,
                      "ID": 21,
                      "left": 22
                    },
                    {
                      "Node Type": "Aggregate",
                      "Strategy": "Sorted",
                      "Partial Mode": "Simple",
                      "Parent Relationship": "Member",
                      "Parallel Aware": false,
                      "Async Capable": false,
                      "Startup Cost": 254908.81,
                      "Total Cost": 254909.53,
                      "Plan Rows": 36,
                      "Plan Width": 49,
                      "Group Key": [
                        "item_4.i_item_id"
                      ],
                      "Plans": [
                        {
                          "Node Type": "Sort",
                          "Parent Relationship": "Outer",
                          "Parallel Aware": false,
                          "Async Capable": false,
                          "Startup Cost": 254908.81,
                          "Total Cost": 254908.9,
                          "Plan Rows": 36,
                          "Plan Width": 23,
                          "Sort Key": [
                            "item_4.i_item_id"
                          ],
                          "Plans": [
                            {
                              "Node Type": "Hash Join",
                              "Parent Relationship": "Outer",
                              "Parallel Aware": false,
                              "Async Capable": false,
                              "Join Type": "Semi",
                              "Startup Cost": 247324.2,
                              "Total Cost": 254907.88,
                              "Plan Rows": 36,
                              "Plan Width": 23,
                              "Inner Unique": false,
                              "Hash Cond": "(item_4.i_item_id = item_5.i_item_id)",
                              "Plans": [
                                {
                                  "Node Type": "Gather",
                                  "Parent Relationship": "Outer",
                                  "Parallel Aware": false,
                                  "Async Capable": false,
                                  "Startup Cost": 238896.2,
                                  "Total Cost": 246478.56,
                                  "Plan Rows": 334,
                                  "Plan Width": 23,
                                  "Workers Planned": 2,
                                  "Single Copy": false,
                                  "Plans": [
                                    {
                                      "Node Type": "Hash Join",
                                      "Parent Relationship": "Outer",
                                      "Parallel Aware": true,
                                      "Async Capable": false,
                                      "Join Type": "Inner",
                                      "Startup Cost": 237896.2,
                                      "Total Cost": 245445.16,
                                      "Plan Rows": 139,
                                      "Plan Width": 23,
                                      "Inner Unique": false,
                                      "Hash Cond": "(item_4.i_item_sk = web_sales.ws_item_sk)",
                                      "Plans": [
                                        {
                                          "Node Type": "Seq Scan",
                                          "Parent Relationship": "Outer",
                                          "Parallel Aware": true,
                                          "Async Capable": false,
                                          "Relation Name": "item",
                                          "Alias": "item_4",
                                          "Startup Cost": 0.0,
                                          "Total Cost": 7389.0,
                                          "Plan Rows": 42500,
                                          "Plan Width": 21,
                                          "parent": 42,
                                          "ID": 43
                                        },
                                        {
                                          "Node Type": "Hash",
                                          "Parent Relationship": "Inner",
                                          "Parallel Aware": true,
                                          "Async Capable": false,
                                          "Startup Cost": 237894.46,
                                          "Total Cost": 237894.46,
                                          "Plan Rows": 139,
                                          "Plan Width": 10,
                                          "Plans": [
                                            {
                                              "Node Type": "Hash Join",
                                              "Parent Relationship": "Outer",
                                              "Parallel Aware": true,
                                              "Async Capable": false,
                                              "Join Type": "Inner",
                                              "Startup Cost": 231057.12,
                                              "Total Cost": 237894.46,
                                              "Plan Rows": 139,
                                              "Plan Width": 10,
                                              "Inner Unique": false,
                                              "Hash Cond": "(customer_address_2.ca_address_sk = web_sales.ws_bill_addr_sk)",
                                              "Plans": [
                                                {
                                                  "Node Type": "Seq Scan",
                                                  "Parent Relationship": "Outer",
                                                  "Parallel Aware": true,
                                                  "Async Capable": false,
                                                  "Relation Name": "customer_address",
                                                  "Alias": "customer_address_2",
                                                  "Startup Cost": 0.0,
                                                  "Total Cost": 6737.08,
                                                  "Plan Rows": 11392,
                                                  "Plan Width": 4,
                                                  "Filter": "(ca_gmt_offset = '-7'::numeric)",
                                                  "parent": 45,
                                                  "ID": 46
                                                },
                                                {
                                                  "Node Type": "Hash",
                                                  "Parent Relationship": "Inner",
                                                  "Parallel Aware": true,
                                                  "Async Capable": false,
                                                  "Startup Cost": 231041.22,
                                                  "Total Cost": 231041.22,
                                                  "Plan Rows": 1272,
                                                  "Plan Width": 14,
                                                  "Plans": [
                                                    {
                                                      "Node Type": "Hash Join",
                                                      "Parent Relationship": "Outer",
                                                      "Parallel Aware": true,
                                                      "Async Capable": false,
                                                      "Join Type": "Inner",
                                                      "Startup Cost": 2049.78,
                                                      "Total Cost": 231041.22,
                                                      "Plan Rows": 1272,
                                                      "Plan Width": 14,
                                                      "Inner Unique": false,
                                                      "Hash Cond": "(web_sales.ws_sold_date_sk = date_dim_2.d_date_sk)",
                                                      "Plans": [
                                                        {
                                                          "Node Type": "Seq Scan",
                                                          "Parent Relationship": "Outer",
                                                          "Parallel Aware": true,
                                                          "Async Capable": false,
                                                          "Relation Name": "web_sales",
                                                          "Alias": "web_sales",
                                                          "Startup Cost": 0.0,
                                                          "Total Cost": 217737.86,
                                                          "Plan Rows": 2998986,
                                                          "Plan Width": 18,
                                                          "parent": 48,
                                                          "ID": 49
                                                        },
                                                        {
                                                          "Node Type": "Hash",
                                                          "Parent Relationship": "Inner",
                                                          "Parallel Aware": true,
                                                          "Async Capable": false,
                                                          "Startup Cost": 2049.55,
                                                          "Total Cost": 2049.55,
                                                          "Plan Rows": 18,
                                                          "Plan Width": 4,
                                                          "Plans": [
                                                            {
                                                              "Node Type": "Seq Scan",
                                                              "Parent Relationship": "Outer",
                                                              "Parallel Aware": true,
                                                              "Async Capable": false,
                                                              "Relation Name": "date_dim",
                                                              "Alias": "date_dim_2",
                                                              "Startup Cost": 0.0,
                                                              "Total Cost": 2049.55,
                                                              "Plan Rows": 18,
                                                              "Plan Width": 4,
                                                              "Filter": "((d_year = 2001) AND (d_moy = 5))",
                                                              "parent": 50,
                                                              "ID": 51
                                                            }
                                                          ],
                                                          "parent": 48,
                                                          "ID": 50,
                                                          "left": 51
                                                        }
                                                      ],
                                                      "parent": 47,
                                                      "ID": 48,
                                                      "left": 49,
                                                      "right": 50
                                                    }
                                                  ],
                                                  "parent": 45,
                                                  "ID": 47,
                                                  "left": 48
                                                }
                                              ],
                                              "parent": 44,
                                              "ID": 45,
                                              "left": 46,
                                              "right": 47
                                            }
                                          ],
                                          "parent": 42,
                                          "ID": 44,
                                          "left": 45
                                        }
                                      ],
                                      "parent": 41,
                                      "ID": 42,
                                      "left": 43,
                                      "right": 44
                                    }
                                  ],
                                  "parent": 40,
                                  "ID": 41,
                                  "left": 42
                                },
                                {
                                  "Node Type": "Hash",
                                  "Parent Relationship": "Inner",
                                  "Parallel Aware": false,
                                  "Async Capable": false,
                                  "Startup Cost": 8366.5,
                                  "Total Cost": 8366.5,
                                  "Plan Rows": 4920,
                                  "Plan Width": 17,
                                  "Plans": [
                                    {
                                      "Node Type": "Seq Scan",
                                      "Parent Relationship": "Outer",
                                      "Parallel Aware": false,
                                      "Async Capable": false,
                                      "Relation Name": "item",
                                      "Alias": "item_5",
                                      "Startup Cost": 0.0,
                                      "Total Cost": 8366.5,
                                      "Plan Rows": 4920,
                                      "Plan Width": 17,
                                      "Filter": "(i_color = ANY ('{beige,salmon,yellow}'::bpchar[]))",
                                      "parent": 52,
                                      "ID": 53
                                    }
                                  ],
                                  "parent": 40,
                                  "ID": 52,
                                  "left": 53
                                }
                              ],
                              "parent": 39,
                              "ID": 40,
                              "left": 41,
                              "right": 52
                            }
                          ],
                          "parent": 38,
                          "ID": 39,
                          "left": 40
                        }
                      ],
                      "parent": 3,
                      "ID": 38,
                      "left": 39
                    }
                  ],
                  "parent": 2,
                  "ID": 3,
                  "left": 4,
                  "right": 21
                }
              ],
              "parent": 1,
              "ID": 2,
              "left": 3
            }
          ],
          "parent": 0,
          "ID": 1,
          "left": 2
        }
      ],
      "parent": null,
      "ID": 0,
      "left": 1
    },
    "feat": {
      "utility": 0.005770243863614544,
      "query_shape": [
        [
          "Seq Scan",
          "Hash Join",
          "Sort",
          "Merge Join",
          "Aggregate",
          "Gather Merge",
          "Merge Append"
        ],
        [
          "Seq Scan",
          "Hash Join",
          "Hash",
          "Sort",
          "Merge Join",
          "Aggregate",
          "Gather Merge",
          "Merge Append"
        ],
        [
          "Seq Scan",
          "Hash Join",
          "Hash",
          "Sort",
          "Merge Join",
          "Aggregate",
          "Gather Merge",
          "Merge Append"
        ],
        [
          "Seq Scan",
          "Hash",
          "Hash Join",
          "Sort",
          "Merge Join",
          "Aggregate",
          "Gather Merge",
          "Merge Append"
        ],
        [
          "Seq Scan",
          "Sort",
          "Merge Join",
          "Aggregate",
          "Gather Merge",
          "Merge Append"
        ],
        [
          "Seq Scan",
          "Hash Join",
          "Sort",
          "Merge Join",
          "Aggregate",
          "Gather Merge",
          "Merge Append"
        ],
        [
          "Seq Scan",
          "Hash Join",
          "Hash",
          "Sort",
          "Merge Join",
          "Aggregate",
          "Gather Merge",
          "Merge Append"
        ],
        [
          "Seq Scan",
          "Hash Join",
          "Hash",
          "Sort",
          "Merge Join",
          "Aggregate",
          "Gather Merge",
          "Merge Append"
        ],
        [
          "Seq Scan",
          "Hash",
          "Hash Join",
          "Sort",
          "Merge Join",
          "Aggregate",
          "Gather Merge",
          "Merge Append"
        ],
        [
          "Seq Scan",
          "Sort",
          "Merge Join",
          "Aggregate",
          "Gather Merge",
          "Merge Append"
        ],
        [
          "Seq Scan",
          "Hash Join",
          "Gather",
          "Sort",
          "Aggregate",
          "Merge Append"
        ],
        [
          "Seq Scan",
          "Hash Join",
          "Hash",
          "Gather",
          "Sort",
          "Aggregate",
          "Merge Append"
        ],
        [
          "Seq Scan",
          "Hash Join",
          "Hash",
          "Gather",
          "Sort",
          "Aggregate",
          "Merge Append"
        ],
        [
          "Seq Scan",
          "Hash",
          "Hash Join",
          "Gather",
          "Sort",
          "Aggregate",
          "Merge Append"
        ],
        [
          "Seq Scan",
          "Hash",
          "Hash Join",
          "Sort",
          "Aggregate",
          "Merge Append"
        ]
      ],
      "index_shape": [
        "join"
      ],
      "physical_operator": {
        "Hash Join": [
          0.0030876958074417785
        ]
      }
    }
  },
  {
    "query": "with ss as (\n select i_item_id,sum(ss_ext_sales_price) total_sales\n from\n \tstore_sales,\n \tdate_dim,\n         customer_address,\n         item\n where i_item_id in (select\n     i_item_id\nfrom item\nwhere i_color in ('beige','salmon','yellow'))\n and     ss_item_sk              = i_item_sk\n and     ss_sold_date_sk         = d_date_sk\n and     d_year                  = 2001\n and     d_moy                   = 5\n and     ss_addr_sk              = ca_address_sk\n and     ca_gmt_offset           = -7 \n group by i_item_id),\n cs as (\n select i_item_id,sum(cs_ext_sales_price) total_sales\n from\n \tcatalog_sales,\n \tdate_dim,\n         customer_address,\n         item\n where\n         i_item_id               in (select\n  i_item_id\nfrom item\nwhere i_color in ('beige','salmon','yellow'))\n and     cs_item_sk              = i_item_sk\n and     cs_sold_date_sk         = d_date_sk\n and     d_year                  = 2001\n and     d_moy                   = 5\n and     cs_bill_addr_sk         = ca_address_sk\n and     ca_gmt_offset           = -7 \n group by i_item_id),\n ws as (\n select i_item_id,sum(ws_ext_sales_price) total_sales\n from\n \tweb_sales,\n \tdate_dim,\n         customer_address,\n         item\n where\n         i_item_id               in (select\n  i_item_id\nfrom item\nwhere i_color in ('beige','salmon','yellow'))\n and     ws_item_sk              = i_item_sk\n and     ws_sold_date_sk         = d_date_sk\n and     d_year                  = 2001\n and     d_moy                   = 5\n and     ws_bill_addr_sk         = ca_address_sk\n and     ca_gmt_offset           = -7\n group by i_item_id)\n  select  i_item_id ,sum(total_sales) total_sales\n from  (select * from ss \n        union all\n        select * from cs \n        union all\n        select * from ws) tmp1\n group by i_item_id\n order by total_sales,\n          i_item_id\n limit 100;\n\n-- end query 40 in stream 1 using template query56.tpl\n",
    "indexes": "catalog_sales.cs_item_sk",
    "wo plan est": {
      "Node Type": "Limit",
      "Parallel Aware": false,
      "Async Capable": false,
      "Startup Cost": 1445461.5,
      "Total Cost": 1445461.75,
      "Plan Rows": 100,
      "Plan Width": 49,
      "Plans": [
        {
          "Node Type": "Sort",
          "Parent Relationship": "Outer",
          "Parallel Aware": false,
          "Async Capable": false,
          "Startup Cost": 1445461.5,
          "Total Cost": 1445462.0,
          "Plan Rows": 200,
          "Plan Width": 49,
          "Sort Key": [
            "(sum((sum(store_sales.ss_ext_sales_price))))",
            "item.i_item_id"
          ],
          "Plans": [
            {
              "Node Type": "Aggregate",
              "Strategy": "Sorted",
              "Partial Mode": "Simple",
              "Parent Relationship": "Outer",
              "Parallel Aware": false,
              "Async Capable": false,
              "Startup Cost": 1445365.0,
              "Total Cost": 1445453.86,
              "Plan Rows": 200,
              "Plan Width": 49,
              "Group Key": [
                "item.i_item_id"
              ],
              "Plans": [
                {
                  "Node Type": "Merge Append",
                  "Parent Relationship": "Outer",
                  "Parallel Aware": false,
                  "Async Capable": false,
                  "Startup Cost": 1445365.0,
                  "Total Cost": 1445450.15,
                  "Plan Rows": 241,
                  "Plan Width": 49,
                  "Sort Key": [
                    "item.i_item_id"
                  ],
                  "Subplans Removed": 0,
                  "Plans": [
                    {
                      "Node Type": "Aggregate",
                      "Strategy": "Sorted",
                      "Partial Mode": "Finalize",
                      "Parent Relationship": "Member",
                      "Parallel Aware": false,
                      "Async Capable": false,
                      "Startup Cost": 708085.33,
                      "Total Cost": 708129.17,
                      "Plan Rows": 133,
                      "Plan Width": 49,
                      "Group Key": [
                        "item.i_item_id"
                      ],
                      "Plans": [
                        {
                          "Node Type": "Gather Merge",
                          "Parent Relationship": "Outer",
                          "Parallel Aware": false,
                          "Async Capable": false,
                          "Startup Cost": 708085.33,
                          "Total Cost": 708126.68,
                          "Plan Rows": 110,
                          "Plan Width": 49,
                          "Workers Planned": 2,
                          "Plans": [
                            {
                              "Node Type": "Aggregate",
                              "Strategy": "Sorted",
                              "Partial Mode": "Partial",
                              "Parent Relationship": "Outer",
                              "Parallel Aware": false,
                              "Async Capable": false,
                              "Startup Cost": 707085.31,
                              "Total Cost": 707113.96,
                              "Plan Rows": 55,
                              "Plan Width": 49,
                              "Group Key": [
                                "item.i_item_id"
                              ],
                              "Plans": [
                                {
                                  "Node Type": "Merge Join",
                                  "Parent Relationship": "Outer",
                                  "Parallel Aware": false,
                                  "Async Capable": false,
                                  "Join Type": "Semi",
                                  "Startup Cost": 707085.31,
                                  "Total Cost": 707113.0,
                                  "Plan Rows": 55,
                                  "Plan Width": 23,
                                  "Inner Unique": false,
                                  "Merge Cond": "(item.i_item_id = item_1.i_item_id)",
                                  "Plans": [
                                    {
                                      "Node Type": "Sort",
                                      "Parent Relationship": "Outer",
                                      "Parallel Aware": false,
                                      "Async Capable": false,
                                      "Startup Cost": 698417.1,
                                      "Total Cost": 698418.37,
                                      "Plan Rows": 508,
                                      "Plan Width": 23,
                                      "Sort Key": [
                                        "item.i_item_id"
                                      ],
                                      "Plans": [
                                        {
                                          "Node Type": "Hash Join",
                                          "Parent Relationship": "Outer",
                                          "Parallel Aware": true,
                                          "Async Capable": false,
                                          "Join Type": "Inner",
                                          "Startup Cost": 690843.77,
                                          "Total Cost": 698394.27,
                                          "Plan Rows": 508,
                                          "Plan Width": 23,
                                          "Inner Unique": false,
                                          "Hash Cond": "(item.i_item_sk = store_sales.ss_item_sk)",
                                          "Plans": [
                                            {
                                              "Node Type": "Seq Scan",
                                              "Parent Relationship": "Outer",
                                              "Parallel Aware": true,
                                              "Async Capable": false,
                                              "Relation Name": "item",
                                              "Alias": "item",
                                              "Startup Cost": 0.0,
                                              "Total Cost": 7389.0,
                                              "Plan Rows": 42500,
                                              "Plan Width": 21,
                                              "parent": 9,
                                              "ID": 10
                                            },
                                            {
                                              "Node Type": "Hash",
                                              "Parent Relationship": "Inner",
                                              "Parallel Aware": true,
                                              "Async Capable": false,
                                              "Startup Cost": 690837.42,
                                              "Total Cost": 690837.42,
                                              "Plan Rows": 508,
                                              "Plan Width": 10,
                                              "Plans": [
                                                {
                                                  "Node Type": "Hash Join",
                                                  "Parent Relationship": "Outer",
                                                  "Parallel Aware": true,
                                                  "Async Capable": false,
                                                  "Join Type": "Inner",
                                                  "Startup Cost": 684055.5,
                                                  "Total Cost": 690837.42,
                                                  "Plan Rows": 508,
                                                  "Plan Width": 10,
                                                  "Inner Unique": false,
                                                  "Hash Cond": "(customer_address.ca_address_sk = store_sales.ss_addr_sk)",
                                                  "Plans": [
                                                    {
                                                      "Node Type": "Seq Scan",
                                                      "Parent Relationship": "Outer",
                                                      "Parallel Aware": true,
                                                      "Async Capable": false,
                                                      "Relation Name": "customer_address",
                                                      "Alias": "customer_address",
                                                      "Startup Cost": 0.0,
                                                      "Total Cost": 6737.08,
                                                      "Plan Rows": 11392,
                                                      "Plan Width": 4,
                                                      "Filter": "(ca_gmt_offset = '-7'::numeric)",
                                                      "parent": 12,
                                                      "ID": 13
                                                    },
                                                    {
                                                      "Node Type": "Hash",
                                                      "Parent Relationship": "Inner",
                                                      "Parallel Aware": true,
                                                      "Async Capable": false,
                                                      "Startup Cost": 683994.75,
                                                      "Total Cost": 683994.75,
                                                      "Plan Rows": 4860,
                                                      "Plan Width": 14,
                                                      "Plans": [
                                                        {
                                                          "Node Type": "Hash Join",
                                                          "Parent Relationship": "Outer",
                                                          "Parallel Aware": true,
                                                          "Async Capable": false,
                                                          "Join Type": "Inner",
                                                          "Startup Cost": 2049.78,
                                                          "Total Cost": 683994.75,
                                                          "Plan Rows": 4860,
                                                          "Plan Width": 14,
                                                          "Inner Unique": false,
                                                          "Hash Cond": "(store_sales.ss_sold_date_sk = date_dim.d_date_sk)",
                                                          "Plans": [
                                                            {
                                                              "Node Type": "Seq Scan",
                                                              "Parent Relationship": "Outer",
                                                              "Parallel Aware": true,
                                                              "Async Capable": false,
                                                              "Relation Name": "store_sales",
                                                              "Alias": "store_sales",
                                                              "Startup Cost": 0.0,
                                                              "Total Cost": 636914.37,
                                                              "Plan Rows": 12000637,
                                                              "Plan Width": 18,
                                                              "parent": 15,
                                                              "ID": 16
                                                            },
                                                            {
                                                              "Node Type": "Hash",
                                                              "Parent Relationship": "Inner",
                                                              "Parallel Aware": true,
                                                              "Async Capable": false,
                                                              "Startup Cost": 2049.55,
                                                              "Total Cost": 2049.55,
                                                              "Plan Rows": 18,
                                                              "Plan Width": 4,
                                                              "Plans": [
                                                                {
                                                                  "Node Type": "Seq Scan",
                                                                  "Parent Relationship": "Outer",
                                                                  "Parallel Aware": true,
                                                                  "Async Capable": false,
                                                                  "Relation Name": "date_dim",
                                                                  "Alias": "date_dim",
                                                                  "Startup Cost": 0.0,
                                                                  "Total Cost": 2049.55,
                                                                  "Plan Rows": 18,
                                                                  "Plan Width": 4,
                                                                  "Filter": "((d_year = 2001) AND (d_moy = 5))",
                                                                  "parent": 17,
                                                                  "ID": 18
                                                                }
                                                              ],
                                                              "parent": 15,
                                                              "ID": 17,
                                                              "left": 18
                                                            }
                                                          ],
                                                          "parent": 14,
                                                          "ID": 15,
                                                          "left": 16,
                                                          "right": 17
                                                        }
                                                      ],
                                                      "parent": 12,
                                                      "ID": 14,
                                                      "left": 15
                                                    }
                                                  ],
                                                  "parent": 11,
                                                  "ID": 12,
                                                  "left": 13,
                                                  "right": 14
                                                }
                                              ],
                                              "parent": 9,
                                              "ID": 11,
                                              "left": 12
                                            }
                                          ],
                                          "parent": 8,
                                          "ID": 9,
                                          "left": 10,
                                          "right": 11
                                        }
                                      ],
                                      "parent": 7,
                                      "ID": 8,
                                      "left": 9
                                    },
                                    {
                                      "Node Type": "Sort",
                                      "Parent Relationship": "Inner",
                                      "Parallel Aware": false,
                                      "Async Capable": false,
                                      "Startup Cost": 8668.21,
                                      "Total Cost": 8680.51,
                                      "Plan Rows": 4920,
                                      "Plan Width": 17,
                                      "Sort Key": [
                                        "item_1.i_item_id"
                                      ],
                                      "Plans": [
                                        {
                                          "Node Type": "Seq Scan",
                                          "Parent Relationship": "Outer",
                                          "Parallel Aware": false,
                                          "Async Capable": false,
                                          "Relation Name": "item",
                                          "Alias": "item_1",
                                          "Startup Cost": 0.0,
                                          "Total Cost": 8366.5,
                                          "Plan Rows": 4920,
                                          "Plan Width": 17,
                                          "Filter": "(i_color = ANY ('{beige,salmon,yellow}'::bpchar[]))",
                                          "parent": 19,
                                          "ID": 20
                                        }
                                      ],
                                      "parent": 7,
                                      "ID": 19,
                                      "left": 20
                                    }
                                  ],
                                  "parent": 6,
                                  "ID": 7,
                                  "left": 8,
                                  "right": 19
                                }
                              ],
                              "parent": 5,
                              "ID": 6,
                              "left": 7
                            }
                          ],
                          "parent": 4,
                          "ID": 5,
                          "left": 6
                        }
                      ],
                      "parent": 3,
                      "ID": 4,
                      "left": 5
                    },
                    {
                      "Node Type": "Aggregate",
                      "Strategy": "Sorted",
                      "Partial Mode": "Finalize",
                      "Parent Relationship": "Member",
                      "Parallel Aware": false,
                      "Async Capable": false,
                      "Startup Cost": 482370.83,
                      "Total Cost": 482405.91,
                      "Plan Rows": 72,
                      "Plan Width": 49,
                      "Group Key": [
                        "item_2.i_item_id"
                      ],
                      "Plans": [
                        {
                          "Node Type": "Gather Merge",
                          "Parent Relationship": "Outer",
                          "Parallel Aware": false,
                          "Async Capable": false,
                          "Startup Cost": 482370.83,
                          "Total Cost": 482404.56,
                          "Plan Rows": 60,
                          "Plan Width": 49,
                          "Workers Planned": 2,
                          "Plans": [
                            {
                              "Node Type": "Aggregate",
                              "Strategy": "Sorted",
                              "Partial Mode": "Partial",
                              "Parent Relationship": "Outer",
                              "Parallel Aware": false,
                              "Async Capable": false,
                              "Startup Cost": 481370.81,
                              "Total Cost": 481397.61,
                              "Plan Rows": 30,
                              "Plan Width": 49,
                              "Group Key": [
                                "item_2.i_item_id"
                              ],
                              "Plans": [
                                {
                                  "Node Type": "Merge Join",
                                  "Parent Relationship": "Outer",
                                  "Parallel Aware": false,
                                  "Async Capable": false,
                                  "Join Type": "Semi",
                                  "Startup Cost": 481370.81,
                                  "Total Cost": 481397.09,
                                  "Plan Rows": 30,
                                  "Plan Width": 23,
                                  "Inner Unique": false,
                                  "Merge Cond": "(item_2.i_item_id = item_3.i_item_id)",
                                  "Plans": [
                                    {
                                      "Node Type": "Sort",
                                      "Parent Relationship": "Outer",
                                      "Parallel Aware": false,
                                      "Async Capable": false,
                                      "Startup Cost": 472702.61,
                                      "Total Cost": 472703.29,
                                      "Plan Rows": 275,
                                      "Plan Width": 23,
                                      "Sort Key": [
                                        "item_2.i_item_id"
                                      ],
                                      "Plans": [
                                        {
                                          "Node Type": "Hash Join",
                                          "Parent Relationship": "Outer",
                                          "Parallel Aware": true,
                                          "Async Capable": false,
                                          "Join Type": "Inner",
                                          "Startup Cost": 465141.94,
                                          "Total Cost": 472691.46,
                                          "Plan Rows": 275,
                                          "Plan Width": 23,
                                          "Inner Unique": false,
                                          "Hash Cond": "(item_2.i_item_sk = catalog_sales.cs_item_sk)",
                                          "Plans": [
                                            {
                                              "Node Type": "Seq Scan",
                                              "Parent Relationship": "Outer",
                                              "Parallel Aware": true,
                                              "Async Capable": false,
                                              "Relation Name": "item",
                                              "Alias": "item_2",
                                              "Startup Cost": 0.0,
                                              "Total Cost": 7389.0,
                                              "Plan Rows": 42500,
                                              "Plan Width": 21,
                                              "parent": 26,
                                              "ID": 27
                                            },
                                            {
                                              "Node Type": "Hash",
                                              "Parent Relationship": "Inner",
                                              "Parallel Aware": true,
                                              "Async Capable": false,
                                              "Startup Cost": 465138.5,
                                              "Total Cost": 465138.5,
                                              "Plan Rows": 275,
                                              "Plan Width": 10,
                                              "Plans": [
                                                {
                                                  "Node Type": "Hash Join",
                                                  "Parent Relationship": "Outer",
                                                  "Parallel Aware": true,
                                                  "Async Capable": false,
                                                  "Join Type": "Inner",
                                                  "Startup Cost": 458286.35,
                                                  "Total Cost": 465138.5,
                                                  "Plan Rows": 275,
                                                  "Plan Width": 10,
                                                  "Inner Unique": false,
                                                  "Hash Cond": "(customer_address_1.ca_address_sk = catalog_sales.cs_bill_addr_sk)",
                                                  "Plans": [
                                                    {
                                                      "Node Type": "Seq Scan",
                                                      "Parent Relationship": "Outer",
                                                      "Parallel Aware": true,
                                                      "Async Capable": false,
                                                      "Relation Name": "customer_address",
                                                      "Alias": "customer_address_1",
                                                      "Startup Cost": 0.0,
                                                      "Total Cost": 6737.08,
                                                      "Plan Rows": 11392,
                                                      "Plan Width": 4,
                                                      "Filter": "(ca_gmt_offset = '-7'::numeric)",
                                                      "parent": 29,
                                                      "ID": 30
                                                    },
                                                    {
                                                      "Node Type": "Hash",
                                                      "Parent Relationship": "Inner",
                                                      "Parallel Aware": true,
                                                      "Async Capable": false,
                                                      "Startup Cost": 458254.7,
                                                      "Total Cost": 458254.7,
                                                      "Plan Rows": 2532,
                                                      "Plan Width": 14,
                                                      "Plans": [
                                                        {
                                                          "Node Type": "Hash Join",
                                                          "Parent Relationship": "Outer",
                                                          "Parallel Aware": true,
                                                          "Async Capable": false,
                                                          "Join Type": "Inner",
                                                          "Startup Cost": 2049.78,
                                                          "Total Cost": 458254.7,
                                                          "Plan Rows": 2532,
                                                          "Plan Width": 14,
                                                          "Inner Unique": false,
                                                          "Hash Cond": "(catalog_sales.cs_sold_date_sk = date_dim_1.d_date_sk)",
                                                          "Plans": [
                                                            {
                                                              "Node Type": "Seq Scan",
                                                              "Parent Relationship": "Outer",
                                                              "Parallel Aware": true,
                                                              "Async Capable": false,
                                                              "Relation Name": "catalog_sales",
                                                              "Alias": "catalog_sales",
                                                              "Startup Cost": 0.0,
                                                              "Total Cost": 433688.25,
                                                              "Plan Rows": 6000525,
                                                              "Plan Width": 18,
                                                              "parent": 32,
                                                              "ID": 33
                                                            },
                                                            {
                                                              "Node Type": "Hash",
                                                              "Parent Relationship": "Inner",
                                                              "Parallel Aware": true,
                                                              "Async Capable": false,
                                                              "Startup Cost": 2049.55,
                                                              "Total Cost": 2049.55,
                                                              "Plan Rows": 18,
                                                              "Plan Width": 4,
                                                              "Plans": [
                                                                {
                                                                  "Node Type": "Seq Scan",
                                                                  "Parent Relationship": "Outer",
                                                                  "Parallel Aware": true,
                                                                  "Async Capable": false,
                                                                  "Relation Name": "date_dim",
                                                                  "Alias": "date_dim_1",
                                                                  "Startup Cost": 0.0,
                                                                  "Total Cost": 2049.55,
                                                                  "Plan Rows": 18,
                                                                  "Plan Width": 4,
                                                                  "Filter": "((d_year = 2001) AND (d_moy = 5))",
                                                                  "parent": 34,
                                                                  "ID": 35
                                                                }
                                                              ],
                                                              "parent": 32,
                                                              "ID": 34,
                                                              "left": 35
                                                            }
                                                          ],
                                                          "parent": 31,
                                                          "ID": 32,
                                                          "left": 33,
                                                          "right": 34
                                                        }
                                                      ],
                                                      "parent": 29,
                                                      "ID": 31,
                                                      "left": 32
                                                    }
                                                  ],
                                                  "parent": 28,
                                                  "ID": 29,
                                                  "left": 30,
                                                  "right": 31
                                                }
                                              ],
                                              "parent": 26,
                                              "ID": 28,
                                              "left": 29
                                            }
                                          ],
                                          "parent": 25,
                                          "ID": 26,
                                          "left": 27,
                                          "right": 28
                                        }
                                      ],
                                      "parent": 24,
                                      "ID": 25,
                                      "left": 26
                                    },
                                    {
                                      "Node Type": "Sort",
                                      "Parent Relationship": "Inner",
                                      "Parallel Aware": false,
                                      "Async Capable": false,
                                      "Startup Cost": 8668.21,
                                      "Total Cost": 8680.51,
                                      "Plan Rows": 4920,
                                      "Plan Width": 17,
                                      "Sort Key": [
                                        "item_3.i_item_id"
                                      ],
                                      "Plans": [
                                        {
                                          "Node Type": "Seq Scan",
                                          "Parent Relationship": "Outer",
                                          "Parallel Aware": false,
                                          "Async Capable": false,
                                          "Relation Name": "item",
                                          "Alias": "item_3",
                                          "Startup Cost": 0.0,
                                          "Total Cost": 8366.5,
                                          "Plan Rows": 4920,
                                          "Plan Width": 17,
                                          "Filter": "(i_color = ANY ('{beige,salmon,yellow}'::bpchar[]))",
                                          "parent": 36,
                                          "ID": 37
                                        }
                                      ],
                                      "parent": 24,
                                      "ID": 36,
                                      "left": 37
                                    }
                                  ],
                                  "parent": 23,
                                  "ID": 24,
                                  "left": 25,
                                  "right": 36
                                }
                              ],
                              "parent": 22,
                              "ID": 23,
                              "left": 24
                            }
                          ],
                          "parent": 21,
                          "ID": 22,
                          "left": 23
                        }
                      ],
                      "parent": 3,
                      "ID": 21,
                      "left": 22
                    },
                    {
                      "Node Type": "Aggregate",
                      "Strategy": "Sorted",
                      "Partial Mode": "Simple",
                      "Parent Relationship": "Member",
                      "Parallel Aware": false,
                      "Async Capable": false,
                      "Startup Cost": 254908.81,
                      "Total Cost": 254909.53,
                      "Plan Rows": 36,
                      "Plan Width": 49,
                      "Group Key": [
                        "item_4.i_item_id"
                      ],
                      "Plans": [
                        {
                          "Node Type": "Sort",
                          "Parent Relationship": "Outer",
                          "Parallel Aware": false,
                          "Async Capable": false,
                          "Startup Cost": 254908.81,
                          "Total Cost": 254908.9,
                          "Plan Rows": 36,
                          "Plan Width": 23,
                          "Sort Key": [
                            "item_4.i_item_id"
                          ],
                          "Plans": [
                            {
                              "Node Type": "Hash Join",
                              "Parent Relationship": "Outer",
                              "Parallel Aware": false,
                              "Async Capable": false,
                              "Join Type": "Semi",
                              "Startup Cost": 247324.2,
                              "Total Cost": 254907.88,
                              "Plan Rows": 36,
                              "Plan Width": 23,
                              "Inner Unique": false,
                              "Hash Cond": "(item_4.i_item_id = item_5.i_item_id)",
                              "Plans": [
                                {
                                  "Node Type": "Gather",
                                  "Parent Relationship": "Outer",
                                  "Parallel Aware": false,
                                  "Async Capable": false,
                                  "Startup Cost": 238896.2,
                                  "Total Cost": 246478.56,
                                  "Plan Rows": 334,
                                  "Plan Width": 23,
                                  "Workers Planned": 2,
                                  "Single Copy": false,
                                  "Plans": [
                                    {
                                      "Node Type": "Hash Join",
                                      "Parent Relationship": "Outer",
                                      "Parallel Aware": true,
                                      "Async Capable": false,
                                      "Join Type": "Inner",
                                      "Startup Cost": 237896.2,
                                      "Total Cost": 245445.16,
                                      "Plan Rows": 139,
                                      "Plan Width": 23,
                                      "Inner Unique": false,
                                      "Hash Cond": "(item_4.i_item_sk = web_sales.ws_item_sk)",
                                      "Plans": [
                                        {
                                          "Node Type": "Seq Scan",
                                          "Parent Relationship": "Outer",
                                          "Parallel Aware": true,
                                          "Async Capable": false,
                                          "Relation Name": "item",
                                          "Alias": "item_4",
                                          "Startup Cost": 0.0,
                                          "Total Cost": 7389.0,
                                          "Plan Rows": 42500,
                                          "Plan Width": 21,
                                          "parent": 42,
                                          "ID": 43
                                        },
                                        {
                                          "Node Type": "Hash",
                                          "Parent Relationship": "Inner",
                                          "Parallel Aware": true,
                                          "Async Capable": false,
                                          "Startup Cost": 237894.46,
                                          "Total Cost": 237894.46,
                                          "Plan Rows": 139,
                                          "Plan Width": 10,
                                          "Plans": [
                                            {
                                              "Node Type": "Hash Join",
                                              "Parent Relationship": "Outer",
                                              "Parallel Aware": true,
                                              "Async Capable": false,
                                              "Join Type": "Inner",
                                              "Startup Cost": 231057.12,
                                              "Total Cost": 237894.46,
                                              "Plan Rows": 139,
                                              "Plan Width": 10,
                                              "Inner Unique": false,
                                              "Hash Cond": "(customer_address_2.ca_address_sk = web_sales.ws_bill_addr_sk)",
                                              "Plans": [
                                                {
                                                  "Node Type": "Seq Scan",
                                                  "Parent Relationship": "Outer",
                                                  "Parallel Aware": true,
                                                  "Async Capable": false,
                                                  "Relation Name": "customer_address",
                                                  "Alias": "customer_address_2",
                                                  "Startup Cost": 0.0,
                                                  "Total Cost": 6737.08,
                                                  "Plan Rows": 11392,
                                                  "Plan Width": 4,
                                                  "Filter": "(ca_gmt_offset = '-7'::numeric)",
                                                  "parent": 45,
                                                  "ID": 46
                                                },
                                                {
                                                  "Node Type": "Hash",
                                                  "Parent Relationship": "Inner",
                                                  "Parallel Aware": true,
                                                  "Async Capable": false,
                                                  "Startup Cost": 231041.22,
                                                  "Total Cost": 231041.22,
                                                  "Plan Rows": 1272,
                                                  "Plan Width": 14,
                                                  "Plans": [
                                                    {
                                                      "Node Type": "Hash Join",
                                                      "Parent Relationship": "Outer",
                                                      "Parallel Aware": true,
                                                      "Async Capable": false,
                                                      "Join Type": "Inner",
                                                      "Startup Cost": 2049.78,
                                                      "Total Cost": 231041.22,
                                                      "Plan Rows": 1272,
                                                      "Plan Width": 14,
                                                      "Inner Unique": false,
                                                      "Hash Cond": "(web_sales.ws_sold_date_sk = date_dim_2.d_date_sk)",
                                                      "Plans": [
                                                        {
                                                          "Node Type": "Seq Scan",
                                                          "Parent Relationship": "Outer",
                                                          "Parallel Aware": true,
                                                          "Async Capable": false,
                                                          "Relation Name": "web_sales",
                                                          "Alias": "web_sales",
                                                          "Startup Cost": 0.0,
                                                          "Total Cost": 217737.86,
                                                          "Plan Rows": 2998986,
                                                          "Plan Width": 18,
                                                          "parent": 48,
                                                          "ID": 49
                                                        },
                                                        {
                                                          "Node Type": "Hash",
                                                          "Parent Relationship": "Inner",
                                                          "Parallel Aware": true,
                                                          "Async Capable": false,
                                                          "Startup Cost": 2049.55,
                                                          "Total Cost": 2049.55,
                                                          "Plan Rows": 18,
                                                          "Plan Width": 4,
                                                          "Plans": [
                                                            {
                                                              "Node Type": "Seq Scan",
                                                              "Parent Relationship": "Outer",
                                                              "Parallel Aware": true,
                                                              "Async Capable": false,
                                                              "Relation Name": "date_dim",
                                                              "Alias": "date_dim_2",
                                                              "Startup Cost": 0.0,
                                                              "Total Cost": 2049.55,
                                                              "Plan Rows": 18,
                                                              "Plan Width": 4,
                                                              "Filter": "((d_year = 2001) AND (d_moy = 5))",
                                                              "parent": 50,
                                                              "ID": 51
                                                            }
                                                          ],
                                                          "parent": 48,
                                                          "ID": 50,
                                                          "left": 51
                                                        }
                                                      ],
                                                      "parent": 47,
                                                      "ID": 48,
                                                      "left": 49,
                                                      "right": 50
                                                    }
                                                  ],
                                                  "parent": 45,
                                                  "ID": 47,
                                                  "left": 48
                                                }
                                              ],
                                              "parent": 44,
                                              "ID": 45,
                                              "left": 46,
                                              "right": 47
                                            }
                                          ],
                                          "parent": 42,
                                          "ID": 44,
                                          "left": 45
                                        }
                                      ],
                                      "parent": 41,
                                      "ID": 42,
                                      "left": 43,
                                      "right": 44
                                    }
                                  ],
                                  "parent": 40,
                                  "ID": 41,
                                  "left": 42
                                },
                                {
                                  "Node Type": "Hash",
                                  "Parent Relationship": "Inner",
                                  "Parallel Aware": false,
                                  "Async Capable": false,
                                  "Startup Cost": 8366.5,
                                  "Total Cost": 8366.5,
                                  "Plan Rows": 4920,
                                  "Plan Width": 17,
                                  "Plans": [
                                    {
                                      "Node Type": "Seq Scan",
                                      "Parent Relationship": "Outer",
                                      "Parallel Aware": false,
                                      "Async Capable": false,
                                      "Relation Name": "item",
                                      "Alias": "item_5",
                                      "Startup Cost": 0.0,
                                      "Total Cost": 8366.5,
                                      "Plan Rows": 4920,
                                      "Plan Width": 17,
                                      "Filter": "(i_color = ANY ('{beige,salmon,yellow}'::bpchar[]))",
                                      "parent": 52,
                                      "ID": 53
                                    }
                                  ],
                                  "parent": 40,
                                  "ID": 52,
                                  "left": 53
                                }
                              ],
                              "parent": 39,
                              "ID": 40,
                              "left": 41,
                              "right": 52
                            }
                          ],
                          "parent": 38,
                          "ID": 39,
                          "left": 40
                        }
                      ],
                      "parent": 3,
                      "ID": 38,
                      "left": 39
                    }
                  ],
                  "parent": 2,
                  "ID": 3,
                  "left": 4,
                  "right": 21
                }
              ],
              "parent": 1,
              "ID": 2,
              "left": 3
            }
          ],
          "parent": 0,
          "ID": 1,
          "left": 2
        }
      ],
      "parent": null,
      "ID": 0,
      "left": 1
    },
    "feat": {
      "utility": 0.005760039318828513,
      "query_shape": [
        [
          "Seq Scan",
          "Hash Join",
          "Sort",
          "Merge Join",
          "Aggregate",
          "Gather Merge",
          "Merge Append"
        ],
        [
          "Seq Scan",
          "Hash Join",
          "Hash",
          "Sort",
          "Merge Join",
          "Aggregate",
          "Gather Merge",
          "Merge Append"
        ],
        [
          "Seq Scan",
          "Hash Join",
          "Hash",
          "Sort",
          "Merge Join",
          "Aggregate",
          "Gather Merge",
          "Merge Append"
        ],
        [
          "Seq Scan",
          "Hash",
          "Hash Join",
          "Sort",
          "Merge Join",
          "Aggregate",
          "Gather Merge",
          "Merge Append"
        ],
        [
          "Seq Scan",
          "Sort",
          "Merge Join",
          "Aggregate",
          "Gather Merge",
          "Merge Append"
        ],
        [
          "Seq Scan",
          "Hash Join",
          "Sort",
          "Merge Join",
          "Aggregate",
          "Gather Merge",
          "Merge Append"
        ],
        [
          "Seq Scan",
          "Hash Join",
          "Hash",
          "Sort",
          "Merge Join",
          "Aggregate",
          "Gather Merge",
          "Merge Append"
        ],
        [
          "Seq Scan",
          "Hash Join",
          "Hash",
          "Sort",
          "Merge Join",
          "Aggregate",
          "Gather Merge",
          "Merge Append"
        ],
        [
          "Seq Scan",
          "Hash",
          "Hash Join",
          "Sort",
          "Merge Join",
          "Aggregate",
          "Gather Merge",
          "Merge Append"
        ],
        [
          "Seq Scan",
          "Sort",
          "Merge Join",
          "Aggregate",
          "Gather Merge",
          "Merge Append"
        ],
        [
          "Seq Scan",
          "Hash Join",
          "Gather",
          "Sort",
          "Aggregate",
          "Merge Append"
        ],
        [
          "Seq Scan",
          "Hash Join",
          "Hash",
          "Gather",
          "Sort",
          "Aggregate",
          "Merge Append"
        ],
        [
          "Seq Scan",
          "Hash Join",
          "Hash",
          "Gather",
          "Sort",
          "Aggregate",
          "Merge Append"
        ],
        [
          "Seq Scan",
          "Hash",
          "Hash Join",
          "Gather",
          "Sort",
          "Aggregate",
          "Merge Append"
        ],
        [
          "Seq Scan",
          "Hash",
          "Hash Join",
          "Sort",
          "Aggregate",
          "Merge Append"
        ]
      ],
      "index_shape": [
        "join"
      ],
      "physical_operator": {
        "Hash Join": [
          0.00485071250072666
        ]
      }
    }
  },
  {
    "query": "with ss as (\n select i_item_id,sum(ss_ext_sales_price) total_sales\n from\n \tstore_sales,\n \tdate_dim,\n         customer_address,\n         item\n where i_item_id in (select\n     i_item_id\nfrom item\nwhere i_color in ('beige','salmon','yellow'))\n and     ss_item_sk              = i_item_sk\n and     ss_sold_date_sk         = d_date_sk\n and     d_year                  = 2001\n and     d_moy                   = 5\n and     ss_addr_sk              = ca_address_sk\n and     ca_gmt_offset           = -7 \n group by i_item_id),\n cs as (\n select i_item_id,sum(cs_ext_sales_price) total_sales\n from\n \tcatalog_sales,\n \tdate_dim,\n         customer_address,\n         item\n where\n         i_item_id               in (select\n  i_item_id\nfrom item\nwhere i_color in ('beige','salmon','yellow'))\n and     cs_item_sk              = i_item_sk\n and     cs_sold_date_sk         = d_date_sk\n and     d_year                  = 2001\n and     d_moy                   = 5\n and     cs_bill_addr_sk         = ca_address_sk\n and     ca_gmt_offset           = -7 \n group by i_item_id),\n ws as (\n select i_item_id,sum(ws_ext_sales_price) total_sales\n from\n \tweb_sales,\n \tdate_dim,\n         customer_address,\n         item\n where\n         i_item_id               in (select\n  i_item_id\nfrom item\nwhere i_color in ('beige','salmon','yellow'))\n and     ws_item_sk              = i_item_sk\n and     ws_sold_date_sk         = d_date_sk\n and     d_year                  = 2001\n and     d_moy                   = 5\n and     ws_bill_addr_sk         = ca_address_sk\n and     ca_gmt_offset           = -7\n group by i_item_id)\n  select  i_item_id ,sum(total_sales) total_sales\n from  (select * from ss \n        union all\n        select * from cs \n        union all\n        select * from ws) tmp1\n group by i_item_id\n order by total_sales,\n          i_item_id\n limit 100;\n\n-- end query 40 in stream 1 using template query56.tpl\n",
    "indexes": "catalog_sales.cs_ext_sales_price",
    "wo plan est": {
      "Node Type": "Limit",
      "Parallel Aware": false,
      "Async Capable": false,
      "Startup Cost": 1445461.5,
      "Total Cost": 1445461.75,
      "Plan Rows": 100,
      "Plan Width": 49,
      "Plans": [
        {
          "Node Type": "Sort",
          "Parent Relationship": "Outer",
          "Parallel Aware": false,
          "Async Capable": false,
          "Startup Cost": 1445461.5,
          "Total Cost": 1445462.0,
          "Plan Rows": 200,
          "Plan Width": 49,
          "Sort Key": [
            "(sum((sum(store_sales.ss_ext_sales_price))))",
            "item.i_item_id"
          ],
          "Plans": [
            {
              "Node Type": "Aggregate",
              "Strategy": "Sorted",
              "Partial Mode": "Simple",
              "Parent Relationship": "Outer",
              "Parallel Aware": false,
              "Async Capable": false,
              "Startup Cost": 1445365.0,
              "Total Cost": 1445453.86,
              "Plan Rows": 200,
              "Plan Width": 49,
              "Group Key": [
                "item.i_item_id"
              ],
              "Plans": [
                {
                  "Node Type": "Merge Append",
                  "Parent Relationship": "Outer",
                  "Parallel Aware": false,
                  "Async Capable": false,
                  "Startup Cost": 1445365.0,
                  "Total Cost": 1445450.15,
                  "Plan Rows": 241,
                  "Plan Width": 49,
                  "Sort Key": [
                    "item.i_item_id"
                  ],
                  "Subplans Removed": 0,
                  "Plans": [
                    {
                      "Node Type": "Aggregate",
                      "Strategy": "Sorted",
                      "Partial Mode": "Finalize",
                      "Parent Relationship": "Member",
                      "Parallel Aware": false,
                      "Async Capable": false,
                      "Startup Cost": 708085.33,
                      "Total Cost": 708129.17,
                      "Plan Rows": 133,
                      "Plan Width": 49,
                      "Group Key": [
                        "item.i_item_id"
                      ],
                      "Plans": [
                        {
                          "Node Type": "Gather Merge",
                          "Parent Relationship": "Outer",
                          "Parallel Aware": false,
                          "Async Capable": false,
                          "Startup Cost": 708085.33,
                          "Total Cost": 708126.68,
                          "Plan Rows": 110,
                          "Plan Width": 49,
                          "Workers Planned": 2,
                          "Plans": [
                            {
                              "Node Type": "Aggregate",
                              "Strategy": "Sorted",
                              "Partial Mode": "Partial",
                              "Parent Relationship": "Outer",
                              "Parallel Aware": false,
                              "Async Capable": false,
                              "Startup Cost": 707085.31,
                              "Total Cost": 707113.96,
                              "Plan Rows": 55,
                              "Plan Width": 49,
                              "Group Key": [
                                "item.i_item_id"
                              ],
                              "Plans": [
                                {
                                  "Node Type": "Merge Join",
                                  "Parent Relationship": "Outer",
                                  "Parallel Aware": false,
                                  "Async Capable": false,
                                  "Join Type": "Semi",
                                  "Startup Cost": 707085.31,
                                  "Total Cost": 707113.0,
                                  "Plan Rows": 55,
                                  "Plan Width": 23,
                                  "Inner Unique": false,
                                  "Merge Cond": "(item.i_item_id = item_1.i_item_id)",
                                  "Plans": [
                                    {
                                      "Node Type": "Sort",
                                      "Parent Relationship": "Outer",
                                      "Parallel Aware": false,
                                      "Async Capable": false,
                                      "Startup Cost": 698417.1,
                                      "Total Cost": 698418.37,
                                      "Plan Rows": 508,
                                      "Plan Width": 23,
                                      "Sort Key": [
                                        "item.i_item_id"
                                      ],
                                      "Plans": [
                                        {
                                          "Node Type": "Hash Join",
                                          "Parent Relationship": "Outer",
                                          "Parallel Aware": true,
                                          "Async Capable": false,
                                          "Join Type": "Inner",
                                          "Startup Cost": 690843.77,
                                          "Total Cost": 698394.27,
                                          "Plan Rows": 508,
                                          "Plan Width": 23,
                                          "Inner Unique": false,
                                          "Hash Cond": "(item.i_item_sk = store_sales.ss_item_sk)",
                                          "Plans": [
                                            {
                                              "Node Type": "Seq Scan",
                                              "Parent Relationship": "Outer",
                                              "Parallel Aware": true,
                                              "Async Capable": false,
                                              "Relation Name": "item",
                                              "Alias": "item",
                                              "Startup Cost": 0.0,
                                              "Total Cost": 7389.0,
                                              "Plan Rows": 42500,
                                              "Plan Width": 21,
                                              "parent": 9,
                                              "ID": 10
                                            },
                                            {
                                              "Node Type": "Hash",
                                              "Parent Relationship": "Inner",
                                              "Parallel Aware": true,
                                              "Async Capable": false,
                                              "Startup Cost": 690837.42,
                                              "Total Cost": 690837.42,
                                              "Plan Rows": 508,
                                              "Plan Width": 10,
                                              "Plans": [
                                                {
                                                  "Node Type": "Hash Join",
                                                  "Parent Relationship": "Outer",
                                                  "Parallel Aware": true,
                                                  "Async Capable": false,
                                                  "Join Type": "Inner",
                                                  "Startup Cost": 684055.5,
                                                  "Total Cost": 690837.42,
                                                  "Plan Rows": 508,
                                                  "Plan Width": 10,
                                                  "Inner Unique": false,
                                                  "Hash Cond": "(customer_address.ca_address_sk = store_sales.ss_addr_sk)",
                                                  "Plans": [
                                                    {
                                                      "Node Type": "Seq Scan",
                                                      "Parent Relationship": "Outer",
                                                      "Parallel Aware": true,
                                                      "Async Capable": false,
                                                      "Relation Name": "customer_address",
                                                      "Alias": "customer_address",
                                                      "Startup Cost": 0.0,
                                                      "Total Cost": 6737.08,
                                                      "Plan Rows": 11392,
                                                      "Plan Width": 4,
                                                      "Filter": "(ca_gmt_offset = '-7'::numeric)",
                                                      "parent": 12,
                                                      "ID": 13
                                                    },
                                                    {
                                                      "Node Type": "Hash",
                                                      "Parent Relationship": "Inner",
                                                      "Parallel Aware": true,
                                                      "Async Capable": false,
                                                      "Startup Cost": 683994.75,
                                                      "Total Cost": 683994.75,
                                                      "Plan Rows": 4860,
                                                      "Plan Width": 14,
                                                      "Plans": [
                                                        {
                                                          "Node Type": "Hash Join",
                                                          "Parent Relationship": "Outer",
                                                          "Parallel Aware": true,
                                                          "Async Capable": false,
                                                          "Join Type": "Inner",
                                                          "Startup Cost": 2049.78,
                                                          "Total Cost": 683994.75,
                                                          "Plan Rows": 4860,
                                                          "Plan Width": 14,
                                                          "Inner Unique": false,
                                                          "Hash Cond": "(store_sales.ss_sold_date_sk = date_dim.d_date_sk)",
                                                          "Plans": [
                                                            {
                                                              "Node Type": "Seq Scan",
                                                              "Parent Relationship": "Outer",
                                                              "Parallel Aware": true,
                                                              "Async Capable": false,
                                                              "Relation Name": "store_sales",
                                                              "Alias": "store_sales",
                                                              "Startup Cost": 0.0,
                                                              "Total Cost": 636914.37,
                                                              "Plan Rows": 12000637,
                                                              "Plan Width": 18,
                                                              "parent": 15,
                                                              "ID": 16
                                                            },
                                                            {
                                                              "Node Type": "Hash",
                                                              "Parent Relationship": "Inner",
                                                              "Parallel Aware": true,
                                                              "Async Capable": false,
                                                              "Startup Cost": 2049.55,
                                                              "Total Cost": 2049.55,
                                                              "Plan Rows": 18,
                                                              "Plan Width": 4,
                                                              "Plans": [
                                                                {
                                                                  "Node Type": "Seq Scan",
                                                                  "Parent Relationship": "Outer",
                                                                  "Parallel Aware": true,
                                                                  "Async Capable": false,
                                                                  "Relation Name": "date_dim",
                                                                  "Alias": "date_dim",
                                                                  "Startup Cost": 0.0,
                                                                  "Total Cost": 2049.55,
                                                                  "Plan Rows": 18,
                                                                  "Plan Width": 4,
                                                                  "Filter": "((d_year = 2001) AND (d_moy = 5))",
                                                                  "parent": 17,
                                                                  "ID": 18
                                                                }
                                                              ],
                                                              "parent": 15,
                                                              "ID": 17,
                                                              "left": 18
                                                            }
                                                          ],
                                                          "parent": 14,
                                                          "ID": 15,
                                                          "left": 16,
                                                          "right": 17
                                                        }
                                                      ],
                                                      "parent": 12,
                                                      "ID": 14,
                                                      "left": 15
                                                    }
                                                  ],
                                                  "parent": 11,
                                                  "ID": 12,
                                                  "left": 13,
                                                  "right": 14
                                                }
                                              ],
                                              "parent": 9,
                                              "ID": 11,
                                              "left": 12
                                            }
                                          ],
                                          "parent": 8,
                                          "ID": 9,
                                          "left": 10,
                                          "right": 11
                                        }
                                      ],
                                      "parent": 7,
                                      "ID": 8,
                                      "left": 9
                                    },
                                    {
                                      "Node Type": "Sort",
                                      "Parent Relationship": "Inner",
                                      "Parallel Aware": false,
                                      "Async Capable": false,
                                      "Startup Cost": 8668.21,
                                      "Total Cost": 8680.51,
                                      "Plan Rows": 4920,
                                      "Plan Width": 17,
                                      "Sort Key": [
                                        "item_1.i_item_id"
                                      ],
                                      "Plans": [
                                        {
                                          "Node Type": "Seq Scan",
                                          "Parent Relationship": "Outer",
                                          "Parallel Aware": false,
                                          "Async Capable": false,
                                          "Relation Name": "item",
                                          "Alias": "item_1",
                                          "Startup Cost": 0.0,
                                          "Total Cost": 8366.5,
                                          "Plan Rows": 4920,
                                          "Plan Width": 17,
                                          "Filter": "(i_color = ANY ('{beige,salmon,yellow}'::bpchar[]))",
                                          "parent": 19,
                                          "ID": 20
                                        }
                                      ],
                                      "parent": 7,
                                      "ID": 19,
                                      "left": 20
                                    }
                                  ],
                                  "parent": 6,
                                  "ID": 7,
                                  "left": 8,
                                  "right": 19
                                }
                              ],
                              "parent": 5,
                              "ID": 6,
                              "left": 7
                            }
                          ],
                          "parent": 4,
                          "ID": 5,
                          "left": 6
                        }
                      ],
                      "parent": 3,
                      "ID": 4,
                      "left": 5
                    },
                    {
                      "Node Type": "Aggregate",
                      "Strategy": "Sorted",
                      "Partial Mode": "Finalize",
                      "Parent Relationship": "Member",
                      "Parallel Aware": false,
                      "Async Capable": false,
                      "Startup Cost": 482370.83,
                      "Total Cost": 482405.91,
                      "Plan Rows": 72,
                      "Plan Width": 49,
                      "Group Key": [
                        "item_2.i_item_id"
                      ],
                      "Plans": [
                        {
                          "Node Type": "Gather Merge",
                          "Parent Relationship": "Outer",
                          "Parallel Aware": false,
                          "Async Capable": false,
                          "Startup Cost": 482370.83,
                          "Total Cost": 482404.56,
                          "Plan Rows": 60,
                          "Plan Width": 49,
                          "Workers Planned": 2,
                          "Plans": [
                            {
                              "Node Type": "Aggregate",
                              "Strategy": "Sorted",
                              "Partial Mode": "Partial",
                              "Parent Relationship": "Outer",
                              "Parallel Aware": false,
                              "Async Capable": false,
                              "Startup Cost": 481370.81,
                              "Total Cost": 481397.61,
                              "Plan Rows": 30,
                              "Plan Width": 49,
                              "Group Key": [
                                "item_2.i_item_id"
                              ],
                              "Plans": [
                                {
                                  "Node Type": "Merge Join",
                                  "Parent Relationship": "Outer",
                                  "Parallel Aware": false,
                                  "Async Capable": false,
                                  "Join Type": "Semi",
                                  "Startup Cost": 481370.81,
                                  "Total Cost": 481397.09,
                                  "Plan Rows": 30,
                                  "Plan Width": 23,
                                  "Inner Unique": false,
                                  "Merge Cond": "(item_2.i_item_id = item_3.i_item_id)",
                                  "Plans": [
                                    {
                                      "Node Type": "Sort",
                                      "Parent Relationship": "Outer",
                                      "Parallel Aware": false,
                                      "Async Capable": false,
                                      "Startup Cost": 472702.61,
                                      "Total Cost": 472703.29,
                                      "Plan Rows": 275,
                                      "Plan Width": 23,
                                      "Sort Key": [
                                        "item_2.i_item_id"
                                      ],
                                      "Plans": [
                                        {
                                          "Node Type": "Hash Join",
                                          "Parent Relationship": "Outer",
                                          "Parallel Aware": true,
                                          "Async Capable": false,
                                          "Join Type": "Inner",
                                          "Startup Cost": 465141.94,
                                          "Total Cost": 472691.46,
                                          "Plan Rows": 275,
                                          "Plan Width": 23,
                                          "Inner Unique": false,
                                          "Hash Cond": "(item_2.i_item_sk = catalog_sales.cs_item_sk)",
                                          "Plans": [
                                            {
                                              "Node Type": "Seq Scan",
                                              "Parent Relationship": "Outer",
                                              "Parallel Aware": true,
                                              "Async Capable": false,
                                              "Relation Name": "item",
                                              "Alias": "item_2",
                                              "Startup Cost": 0.0,
                                              "Total Cost": 7389.0,
                                              "Plan Rows": 42500,
                                              "Plan Width": 21,
                                              "parent": 26,
                                              "ID": 27
                                            },
                                            {
                                              "Node Type": "Hash",
                                              "Parent Relationship": "Inner",
                                              "Parallel Aware": true,
                                              "Async Capable": false,
                                              "Startup Cost": 465138.5,
                                              "Total Cost": 465138.5,
                                              "Plan Rows": 275,
                                              "Plan Width": 10,
                                              "Plans": [
                                                {
                                                  "Node Type": "Hash Join",
                                                  "Parent Relationship": "Outer",
                                                  "Parallel Aware": true,
                                                  "Async Capable": false,
                                                  "Join Type": "Inner",
                                                  "Startup Cost": 458286.35,
                                                  "Total Cost": 465138.5,
                                                  "Plan Rows": 275,
                                                  "Plan Width": 10,
                                                  "Inner Unique": false,
                                                  "Hash Cond": "(customer_address_1.ca_address_sk = catalog_sales.cs_bill_addr_sk)",
                                                  "Plans": [
                                                    {
                                                      "Node Type": "Seq Scan",
                                                      "Parent Relationship": "Outer",
                                                      "Parallel Aware": true,
                                                      "Async Capable": false,
                                                      "Relation Name": "customer_address",
                                                      "Alias": "customer_address_1",
                                                      "Startup Cost": 0.0,
                                                      "Total Cost": 6737.08,
                                                      "Plan Rows": 11392,
                                                      "Plan Width": 4,
                                                      "Filter": "(ca_gmt_offset = '-7'::numeric)",
                                                      "parent": 29,
                                                      "ID": 30
                                                    },
                                                    {
                                                      "Node Type": "Hash",
                                                      "Parent Relationship": "Inner",
                                                      "Parallel Aware": true,
                                                      "Async Capable": false,
                                                      "Startup Cost": 458254.7,
                                                      "Total Cost": 458254.7,
                                                      "Plan Rows": 2532,
                                                      "Plan Width": 14,
                                                      "Plans": [
                                                        {
                                                          "Node Type": "Hash Join",
                                                          "Parent Relationship": "Outer",
                                                          "Parallel Aware": true,
                                                          "Async Capable": false,
                                                          "Join Type": "Inner",
                                                          "Startup Cost": 2049.78,
                                                          "Total Cost": 458254.7,
                                                          "Plan Rows": 2532,
                                                          "Plan Width": 14,
                                                          "Inner Unique": false,
                                                          "Hash Cond": "(catalog_sales.cs_sold_date_sk = date_dim_1.d_date_sk)",
                                                          "Plans": [
                                                            {
                                                              "Node Type": "Seq Scan",
                                                              "Parent Relationship": "Outer",
                                                              "Parallel Aware": true,
                                                              "Async Capable": false,
                                                              "Relation Name": "catalog_sales",
                                                              "Alias": "catalog_sales",
                                                              "Startup Cost": 0.0,
                                                              "Total Cost": 433688.25,
                                                              "Plan Rows": 6000525,
                                                              "Plan Width": 18,
                                                              "parent": 32,
                                                              "ID": 33
                                                            },
                                                            {
                                                              "Node Type": "Hash",
                                                              "Parent Relationship": "Inner",
                                                              "Parallel Aware": true,
                                                              "Async Capable": false,
                                                              "Startup Cost": 2049.55,
                                                              "Total Cost": 2049.55,
                                                              "Plan Rows": 18,
                                                              "Plan Width": 4,
                                                              "Plans": [
                                                                {
                                                                  "Node Type": "Seq Scan",
                                                                  "Parent Relationship": "Outer",
                                                                  "Parallel Aware": true,
                                                                  "Async Capable": false,
                                                                  "Relation Name": "date_dim",
                                                                  "Alias": "date_dim_1",
                                                                  "Startup Cost": 0.0,
                                                                  "Total Cost": 2049.55,
                                                                  "Plan Rows": 18,
                                                                  "Plan Width": 4,
                                                                  "Filter": "((d_year = 2001) AND (d_moy = 5))",
                                                                  "parent": 34,
                                                                  "ID": 35
                                                                }
                                                              ],
                                                              "parent": 32,
                                                              "ID": 34,
                                                              "left": 35
                                                            }
                                                          ],
                                                          "parent": 31,
                                                          "ID": 32,
                                                          "left": 33,
                                                          "right": 34
                                                        }
                                                      ],
                                                      "parent": 29,
                                                      "ID": 31,
                                                      "left": 32
                                                    }
                                                  ],
                                                  "parent": 28,
                                                  "ID": 29,
                                                  "left": 30,
                                                  "right": 31
                                                }
                                              ],
                                              "parent": 26,
                                              "ID": 28,
                                              "left": 29
                                            }
                                          ],
                                          "parent": 25,
                                          "ID": 26,
                                          "left": 27,
                                          "right": 28
                                        }
                                      ],
                                      "parent": 24,
                                      "ID": 25,
                                      "left": 26
                                    },
                                    {
                                      "Node Type": "Sort",
                                      "Parent Relationship": "Inner",
                                      "Parallel Aware": false,
                                      "Async Capable": false,
                                      "Startup Cost": 8668.21,
                                      "Total Cost": 8680.51,
                                      "Plan Rows": 4920,
                                      "Plan Width": 17,
                                      "Sort Key": [
                                        "item_3.i_item_id"
                                      ],
                                      "Plans": [
                                        {
                                          "Node Type": "Seq Scan",
                                          "Parent Relationship": "Outer",
                                          "Parallel Aware": false,
                                          "Async Capable": false,
                                          "Relation Name": "item",
                                          "Alias": "item_3",
                                          "Startup Cost": 0.0,
                                          "Total Cost": 8366.5,
                                          "Plan Rows": 4920,
                                          "Plan Width": 17,
                                          "Filter": "(i_color = ANY ('{beige,salmon,yellow}'::bpchar[]))",
                                          "parent": 36,
                                          "ID": 37
                                        }
                                      ],
                                      "parent": 24,
                                      "ID": 36,
                                      "left": 37
                                    }
                                  ],
                                  "parent": 23,
                                  "ID": 24,
                                  "left": 25,
                                  "right": 36
                                }
                              ],
                              "parent": 22,
                              "ID": 23,
                              "left": 24
                            }
                          ],
                          "parent": 21,
                          "ID": 22,
                          "left": 23
                        }
                      ],
                      "parent": 3,
                      "ID": 21,
                      "left": 22
                    },
                    {
                      "Node Type": "Aggregate",
                      "Strategy": "Sorted",
                      "Partial Mode": "Simple",
                      "Parent Relationship": "Member",
                      "Parallel Aware": false,
                      "Async Capable": false,
                      "Startup Cost": 254908.81,
                      "Total Cost": 254909.53,
                      "Plan Rows": 36,
                      "Plan Width": 49,
                      "Group Key": [
                        "item_4.i_item_id"
                      ],
                      "Plans": [
                        {
                          "Node Type": "Sort",
                          "Parent Relationship": "Outer",
                          "Parallel Aware": false,
                          "Async Capable": false,
                          "Startup Cost": 254908.81,
                          "Total Cost": 254908.9,
                          "Plan Rows": 36,
                          "Plan Width": 23,
                          "Sort Key": [
                            "item_4.i_item_id"
                          ],
                          "Plans": [
                            {
                              "Node Type": "Hash Join",
                              "Parent Relationship": "Outer",
                              "Parallel Aware": false,
                              "Async Capable": false,
                              "Join Type": "Semi",
                              "Startup Cost": 247324.2,
                              "Total Cost": 254907.88,
                              "Plan Rows": 36,
                              "Plan Width": 23,
                              "Inner Unique": false,
                              "Hash Cond": "(item_4.i_item_id = item_5.i_item_id)",
                              "Plans": [
                                {
                                  "Node Type": "Gather",
                                  "Parent Relationship": "Outer",
                                  "Parallel Aware": false,
                                  "Async Capable": false,
                                  "Startup Cost": 238896.2,
                                  "Total Cost": 246478.56,
                                  "Plan Rows": 334,
                                  "Plan Width": 23,
                                  "Workers Planned": 2,
                                  "Single Copy": false,
                                  "Plans": [
                                    {
                                      "Node Type": "Hash Join",
                                      "Parent Relationship": "Outer",
                                      "Parallel Aware": true,
                                      "Async Capable": false,
                                      "Join Type": "Inner",
                                      "Startup Cost": 237896.2,
                                      "Total Cost": 245445.16,
                                      "Plan Rows": 139,
                                      "Plan Width": 23,
                                      "Inner Unique": false,
                                      "Hash Cond": "(item_4.i_item_sk = web_sales.ws_item_sk)",
                                      "Plans": [
                                        {
                                          "Node Type": "Seq Scan",
                                          "Parent Relationship": "Outer",
                                          "Parallel Aware": true,
                                          "Async Capable": false,
                                          "Relation Name": "item",
                                          "Alias": "item_4",
                                          "Startup Cost": 0.0,
                                          "Total Cost": 7389.0,
                                          "Plan Rows": 42500,
                                          "Plan Width": 21,
                                          "parent": 42,
                                          "ID": 43
                                        },
                                        {
                                          "Node Type": "Hash",
                                          "Parent Relationship": "Inner",
                                          "Parallel Aware": true,
                                          "Async Capable": false,
                                          "Startup Cost": 237894.46,
                                          "Total Cost": 237894.46,
                                          "Plan Rows": 139,
                                          "Plan Width": 10,
                                          "Plans": [
                                            {
                                              "Node Type": "Hash Join",
                                              "Parent Relationship": "Outer",
                                              "Parallel Aware": true,
                                              "Async Capable": false,
                                              "Join Type": "Inner",
                                              "Startup Cost": 231057.12,
                                              "Total Cost": 237894.46,
                                              "Plan Rows": 139,
                                              "Plan Width": 10,
                                              "Inner Unique": false,
                                              "Hash Cond": "(customer_address_2.ca_address_sk = web_sales.ws_bill_addr_sk)",
                                              "Plans": [
                                                {
                                                  "Node Type": "Seq Scan",
                                                  "Parent Relationship": "Outer",
                                                  "Parallel Aware": true,
                                                  "Async Capable": false,
                                                  "Relation Name": "customer_address",
                                                  "Alias": "customer_address_2",
                                                  "Startup Cost": 0.0,
                                                  "Total Cost": 6737.08,
                                                  "Plan Rows": 11392,
                                                  "Plan Width": 4,
                                                  "Filter": "(ca_gmt_offset = '-7'::numeric)",
                                                  "parent": 45,
                                                  "ID": 46
                                                },
                                                {
                                                  "Node Type": "Hash",
                                                  "Parent Relationship": "Inner",
                                                  "Parallel Aware": true,
                                                  "Async Capable": false,
                                                  "Startup Cost": 231041.22,
                                                  "Total Cost": 231041.22,
                                                  "Plan Rows": 1272,
                                                  "Plan Width": 14,
                                                  "Plans": [
                                                    {
                                                      "Node Type": "Hash Join",
                                                      "Parent Relationship": "Outer",
                                                      "Parallel Aware": true,
                                                      "Async Capable": false,
                                                      "Join Type": "Inner",
                                                      "Startup Cost": 2049.78,
                                                      "Total Cost": 231041.22,
                                                      "Plan Rows": 1272,
                                                      "Plan Width": 14,
                                                      "Inner Unique": false,
                                                      "Hash Cond": "(web_sales.ws_sold_date_sk = date_dim_2.d_date_sk)",
                                                      "Plans": [
                                                        {
                                                          "Node Type": "Seq Scan",
                                                          "Parent Relationship": "Outer",
                                                          "Parallel Aware": true,
                                                          "Async Capable": false,
                                                          "Relation Name": "web_sales",
                                                          "Alias": "web_sales",
                                                          "Startup Cost": 0.0,
                                                          "Total Cost": 217737.86,
                                                          "Plan Rows": 2998986,
                                                          "Plan Width": 18,
                                                          "parent": 48,
                                                          "ID": 49
                                                        },
                                                        {
                                                          "Node Type": "Hash",
                                                          "Parent Relationship": "Inner",
                                                          "Parallel Aware": true,
                                                          "Async Capable": false,
                                                          "Startup Cost": 2049.55,
                                                          "Total Cost": 2049.55,
                                                          "Plan Rows": 18,
                                                          "Plan Width": 4,
                                                          "Plans": [
                                                            {
                                                              "Node Type": "Seq Scan",
                                                              "Parent Relationship": "Outer",
                                                              "Parallel Aware": true,
                                                              "Async Capable": false,
                                                              "Relation Name": "date_dim",
                                                              "Alias": "date_dim_2",
                                                              "Startup Cost": 0.0,
                                                              "Total Cost": 2049.55,
                                                              "Plan Rows": 18,
                                                              "Plan Width": 4,
                                                              "Filter": "((d_year = 2001) AND (d_moy = 5))",
                                                              "parent": 50,
                                                              "ID": 51
                                                            }
                                                          ],
                                                          "parent": 48,
                                                          "ID": 50,
                                                          "left": 51
                                                        }
                                                      ],
                                                      "parent": 47,
                                                      "ID": 48,
                                                      "left": 49,
                                                      "right": 50
                                                    }
                                                  ],
                                                  "parent": 45,
                                                  "ID": 47,
                                                  "left": 48
                                                }
                                              ],
                                              "parent": 44,
                                              "ID": 45,
                                              "left": 46,
                                              "right": 47
                                            }
                                          ],
                                          "parent": 42,
                                          "ID": 44,
                                          "left": 45
                                        }
                                      ],
                                      "parent": 41,
                                      "ID": 42,
                                      "left": 43,
                                      "right": 44
                                    }
                                  ],
                                  "parent": 40,
                                  "ID": 41,
                                  "left": 42
                                },
                                {
                                  "Node Type": "Hash",
                                  "Parent Relationship": "Inner",
                                  "Parallel Aware": false,
                                  "Async Capable": false,
                                  "Startup Cost": 8366.5,
                                  "Total Cost": 8366.5,
                                  "Plan Rows": 4920,
                                  "Plan Width": 17,
                                  "Plans": [
                                    {
                                      "Node Type": "Seq Scan",
                                      "Parent Relationship": "Outer",
                                      "Parallel Aware": false,
                                      "Async Capable": false,
                                      "Relation Name": "item",
                                      "Alias": "item_5",
                                      "Startup Cost": 0.0,
                                      "Total Cost": 8366.5,
                                      "Plan Rows": 4920,
                                      "Plan Width": 17,
                                      "Filter": "(i_color = ANY ('{beige,salmon,yellow}'::bpchar[]))",
                                      "parent": 52,
                                      "ID": 53
                                    }
                                  ],
                                  "parent": 40,
                                  "ID": 52,
                                  "left": 53
                                }
                              ],
                              "parent": 39,
                              "ID": 40,
                              "left": 41,
                              "right": 52
                            }
                          ],
                          "parent": 38,
                          "ID": 39,
                          "left": 40
                        }
                      ],
                      "parent": 3,
                      "ID": 38,
                      "left": 39
                    }
                  ],
                  "parent": 2,
                  "ID": 3,
                  "left": 4,
                  "right": 21
                }
              ],
              "parent": 1,
              "ID": 2,
              "left": 3
            }
          ],
          "parent": 0,
          "ID": 1,
          "left": 2
        }
      ],
      "parent": null,
      "ID": 0,
      "left": 1
    },
    "feat": {
      "utility": 0.0,
      "query_shape": [
        [
          "Seq Scan",
          "Hash Join",
          "Sort",
          "Merge Join",
          "Aggregate",
          "Gather Merge",
          "Merge Append"
        ],
        [
          "Seq Scan",
          "Hash Join",
          "Hash",
          "Sort",
          "Merge Join",
          "Aggregate",
          "Gather Merge",
          "Merge Append"
        ],
        [
          "Seq Scan",
          "Hash Join",
          "Hash",
          "Sort",
          "Merge Join",
          "Aggregate",
          "Gather Merge",
          "Merge Append"
        ],
        [
          "Seq Scan",
          "Hash",
          "Hash Join",
          "Sort",
          "Merge Join",
          "Aggregate",
          "Gather Merge",
          "Merge Append"
        ],
        [
          "Seq Scan",
          "Sort",
          "Merge Join",
          "Aggregate",
          "Gather Merge",
          "Merge Append"
        ],
        [
          "Seq Scan",
          "Hash Join",
          "Sort",
          "Merge Join",
          "Aggregate",
          "Gather Merge",
          "Merge Append"
        ],
        [
          "Seq Scan",
          "Hash Join",
          "Hash",
          "Sort",
          "Merge Join",
          "Aggregate",
          "Gather Merge",
          "Merge Append"
        ],
        [
          "Seq Scan",
          "Hash Join",
          "Hash",
          "Sort",
          "Merge Join",
          "Aggregate",
          "Gather Merge",
          "Merge Append"
        ],
        [
          "Seq Scan",
          "Hash",
          "Hash Join",
          "Sort",
          "Merge Join",
          "Aggregate",
          "Gather Merge",
          "Merge Append"
        ],
        [
          "Seq Scan",
          "Sort",
          "Merge Join",
          "Aggregate",
          "Gather Merge",
          "Merge Append"
        ],
        [
          "Seq Scan",
          "Hash Join",
          "Gather",
          "Sort",
          "Aggregate",
          "Merge Append"
        ],
        [
          "Seq Scan",
          "Hash Join",
          "Hash",
          "Gather",
          "Sort",
          "Aggregate",
          "Merge Append"
        ],
        [
          "Seq Scan",
          "Hash Join",
          "Hash",
          "Gather",
          "Sort",
          "Aggregate",
          "Merge Append"
        ],
        [
          "Seq Scan",
          "Hash",
          "Hash Join",
          "Gather",
          "Sort",
          "Aggregate",
          "Merge Append"
        ],
        [
          "Seq Scan",
          "Hash",
          "Hash Join",
          "Sort",
          "Aggregate",
          "Merge Append"
        ]
      ],
      "index_shape": [],
      "physical_operator": {}
    }
  },
  {
    "query": "with ss as (\n select i_item_id,sum(ss_ext_sales_price) total_sales\n from\n \tstore_sales,\n \tdate_dim,\n         customer_address,\n         item\n where i_item_id in (select\n     i_item_id\nfrom item\nwhere i_color in ('beige','salmon','yellow'))\n and     ss_item_sk              = i_item_sk\n and     ss_sold_date_sk         = d_date_sk\n and     d_year                  = 2001\n and     d_moy                   = 5\n and     ss_addr_sk              = ca_address_sk\n and     ca_gmt_offset           = -7 \n group by i_item_id),\n cs as (\n select i_item_id,sum(cs_ext_sales_price) total_sales\n from\n \tcatalog_sales,\n \tdate_dim,\n         customer_address,\n         item\n where\n         i_item_id               in (select\n  i_item_id\nfrom item\nwhere i_color in ('beige','salmon','yellow'))\n and     cs_item_sk              = i_item_sk\n and     cs_sold_date_sk         = d_date_sk\n and     d_year                  = 2001\n and     d_moy                   = 5\n and     cs_bill_addr_sk         = ca_address_sk\n and     ca_gmt_offset           = -7 \n group by i_item_id),\n ws as (\n select i_item_id,sum(ws_ext_sales_price) total_sales\n from\n \tweb_sales,\n \tdate_dim,\n         customer_address,\n         item\n where\n         i_item_id               in (select\n  i_item_id\nfrom item\nwhere i_color in ('beige','salmon','yellow'))\n and     ws_item_sk              = i_item_sk\n and     ws_sold_date_sk         = d_date_sk\n and     d_year                  = 2001\n and     d_moy                   = 5\n and     ws_bill_addr_sk         = ca_address_sk\n and     ca_gmt_offset           = -7\n group by i_item_id)\n  select  i_item_id ,sum(total_sales) total_sales\n from  (select * from ss \n        union all\n        select * from cs \n        union all\n        select * from ws) tmp1\n group by i_item_id\n order by total_sales,\n          i_item_id\n limit 100;\n\n-- end query 40 in stream 1 using template query56.tpl\n",
    "indexes": "store_sales.ss_sold_date_sk",
    "wo plan est": {
      "Node Type": "Limit",
      "Parallel Aware": false,
      "Async Capable": false,
      "Startup Cost": 1445461.5,
      "Total Cost": 1445461.75,
      "Plan Rows": 100,
      "Plan Width": 49,
      "Plans": [
        {
          "Node Type": "Sort",
          "Parent Relationship": "Outer",
          "Parallel Aware": false,
          "Async Capable": false,
          "Startup Cost": 1445461.5,
          "Total Cost": 1445462.0,
          "Plan Rows": 200,
          "Plan Width": 49,
          "Sort Key": [
            "(sum((sum(store_sales.ss_ext_sales_price))))",
            "item.i_item_id"
          ],
          "Plans": [
            {
              "Node Type": "Aggregate",
              "Strategy": "Sorted",
              "Partial Mode": "Simple",
              "Parent Relationship": "Outer",
              "Parallel Aware": false,
              "Async Capable": false,
              "Startup Cost": 1445365.0,
              "Total Cost": 1445453.86,
              "Plan Rows": 200,
              "Plan Width": 49,
              "Group Key": [
                "item.i_item_id"
              ],
              "Plans": [
                {
                  "Node Type": "Merge Append",
                  "Parent Relationship": "Outer",
                  "Parallel Aware": false,
                  "Async Capable": false,
                  "Startup Cost": 1445365.0,
                  "Total Cost": 1445450.15,
                  "Plan Rows": 241,
                  "Plan Width": 49,
                  "Sort Key": [
                    "item.i_item_id"
                  ],
                  "Subplans Removed": 0,
                  "Plans": [
                    {
                      "Node Type": "Aggregate",
                      "Strategy": "Sorted",
                      "Partial Mode": "Finalize",
                      "Parent Relationship": "Member",
                      "Parallel Aware": false,
                      "Async Capable": false,
                      "Startup Cost": 708085.33,
                      "Total Cost": 708129.17,
                      "Plan Rows": 133,
                      "Plan Width": 49,
                      "Group Key": [
                        "item.i_item_id"
                      ],
                      "Plans": [
                        {
                          "Node Type": "Gather Merge",
                          "Parent Relationship": "Outer",
                          "Parallel Aware": false,
                          "Async Capable": false,
                          "Startup Cost": 708085.33,
                          "Total Cost": 708126.68,
                          "Plan Rows": 110,
                          "Plan Width": 49,
                          "Workers Planned": 2,
                          "Plans": [
                            {
                              "Node Type": "Aggregate",
                              "Strategy": "Sorted",
                              "Partial Mode": "Partial",
                              "Parent Relationship": "Outer",
                              "Parallel Aware": false,
                              "Async Capable": false,
                              "Startup Cost": 707085.31,
                              "Total Cost": 707113.96,
                              "Plan Rows": 55,
                              "Plan Width": 49,
                              "Group Key": [
                                "item.i_item_id"
                              ],
                              "Plans": [
                                {
                                  "Node Type": "Merge Join",
                                  "Parent Relationship": "Outer",
                                  "Parallel Aware": false,
                                  "Async Capable": false,
                                  "Join Type": "Semi",
                                  "Startup Cost": 707085.31,
                                  "Total Cost": 707113.0,
                                  "Plan Rows": 55,
                                  "Plan Width": 23,
                                  "Inner Unique": false,
                                  "Merge Cond": "(item.i_item_id = item_1.i_item_id)",
                                  "Plans": [
                                    {
                                      "Node Type": "Sort",
                                      "Parent Relationship": "Outer",
                                      "Parallel Aware": false,
                                      "Async Capable": false,
                                      "Startup Cost": 698417.1,
                                      "Total Cost": 698418.37,
                                      "Plan Rows": 508,
                                      "Plan Width": 23,
                                      "Sort Key": [
                                        "item.i_item_id"
                                      ],
                                      "Plans": [
                                        {
                                          "Node Type": "Hash Join",
                                          "Parent Relationship": "Outer",
                                          "Parallel Aware": true,
                                          "Async Capable": false,
                                          "Join Type": "Inner",
                                          "Startup Cost": 690843.77,
                                          "Total Cost": 698394.27,
                                          "Plan Rows": 508,
                                          "Plan Width": 23,
                                          "Inner Unique": false,
                                          "Hash Cond": "(item.i_item_sk = store_sales.ss_item_sk)",
                                          "Plans": [
                                            {
                                              "Node Type": "Seq Scan",
                                              "Parent Relationship": "Outer",
                                              "Parallel Aware": true,
                                              "Async Capable": false,
                                              "Relation Name": "item",
                                              "Alias": "item",
                                              "Startup Cost": 0.0,
                                              "Total Cost": 7389.0,
                                              "Plan Rows": 42500,
                                              "Plan Width": 21,
                                              "parent": 9,
                                              "ID": 10
                                            },
                                            {
                                              "Node Type": "Hash",
                                              "Parent Relationship": "Inner",
                                              "Parallel Aware": true,
                                              "Async Capable": false,
                                              "Startup Cost": 690837.42,
                                              "Total Cost": 690837.42,
                                              "Plan Rows": 508,
                                              "Plan Width": 10,
                                              "Plans": [
                                                {
                                                  "Node Type": "Hash Join",
                                                  "Parent Relationship": "Outer",
                                                  "Parallel Aware": true,
                                                  "Async Capable": false,
                                                  "Join Type": "Inner",
                                                  "Startup Cost": 684055.5,
                                                  "Total Cost": 690837.42,
                                                  "Plan Rows": 508,
                                                  "Plan Width": 10,
                                                  "Inner Unique": false,
                                                  "Hash Cond": "(customer_address.ca_address_sk = store_sales.ss_addr_sk)",
                                                  "Plans": [
                                                    {
                                                      "Node Type": "Seq Scan",
                                                      "Parent Relationship": "Outer",
                                                      "Parallel Aware": true,
                                                      "Async Capable": false,
                                                      "Relation Name": "customer_address",
                                                      "Alias": "customer_address",
                                                      "Startup Cost": 0.0,
                                                      "Total Cost": 6737.08,
                                                      "Plan Rows": 11392,
                                                      "Plan Width": 4,
                                                      "Filter": "(ca_gmt_offset = '-7'::numeric)",
                                                      "parent": 12,
                                                      "ID": 13
                                                    },
                                                    {
                                                      "Node Type": "Hash",
                                                      "Parent Relationship": "Inner",
                                                      "Parallel Aware": true,
                                                      "Async Capable": false,
                                                      "Startup Cost": 683994.75,
                                                      "Total Cost": 683994.75,
                                                      "Plan Rows": 4860,
                                                      "Plan Width": 14,
                                                      "Plans": [
                                                        {
                                                          "Node Type": "Hash Join",
                                                          "Parent Relationship": "Outer",
                                                          "Parallel Aware": true,
                                                          "Async Capable": false,
                                                          "Join Type": "Inner",
                                                          "Startup Cost": 2049.78,
                                                          "Total Cost": 683994.75,
                                                          "Plan Rows": 4860,
                                                          "Plan Width": 14,
                                                          "Inner Unique": false,
                                                          "Hash Cond": "(store_sales.ss_sold_date_sk = date_dim.d_date_sk)",
                                                          "Plans": [
                                                            {
                                                              "Node Type": "Seq Scan",
                                                              "Parent Relationship": "Outer",
                                                              "Parallel Aware": true,
                                                              "Async Capable": false,
                                                              "Relation Name": "store_sales",
                                                              "Alias": "store_sales",
                                                              "Startup Cost": 0.0,
                                                              "Total Cost": 636914.37,
                                                              "Plan Rows": 12000637,
                                                              "Plan Width": 18,
                                                              "parent": 15,
                                                              "ID": 16
                                                            },
                                                            {
                                                              "Node Type": "Hash",
                                                              "Parent Relationship": "Inner",
                                                              "Parallel Aware": true,
                                                              "Async Capable": false,
                                                              "Startup Cost": 2049.55,
                                                              "Total Cost": 2049.55,
                                                              "Plan Rows": 18,
                                                              "Plan Width": 4,
                                                              "Plans": [
                                                                {
                                                                  "Node Type": "Seq Scan",
                                                                  "Parent Relationship": "Outer",
                                                                  "Parallel Aware": true,
                                                                  "Async Capable": false,
                                                                  "Relation Name": "date_dim",
                                                                  "Alias": "date_dim",
                                                                  "Startup Cost": 0.0,
                                                                  "Total Cost": 2049.55,
                                                                  "Plan Rows": 18,
                                                                  "Plan Width": 4,
                                                                  "Filter": "((d_year = 2001) AND (d_moy = 5))",
                                                                  "parent": 17,
                                                                  "ID": 18
                                                                }
                                                              ],
                                                              "parent": 15,
                                                              "ID": 17,
                                                              "left": 18
                                                            }
                                                          ],
                                                          "parent": 14,
                                                          "ID": 15,
                                                          "left": 16,
                                                          "right": 17
                                                        }
                                                      ],
                                                      "parent": 12,
                                                      "ID": 14,
                                                      "left": 15
                                                    }
                                                  ],
                                                  "parent": 11,
                                                  "ID": 12,
                                                  "left": 13,
                                                  "right": 14
                                                }
                                              ],
                                              "parent": 9,
                                              "ID": 11,
                                              "left": 12
                                            }
                                          ],
                                          "parent": 8,
                                          "ID": 9,
                                          "left": 10,
                                          "right": 11
                                        }
                                      ],
                                      "parent": 7,
                                      "ID": 8,
                                      "left": 9
                                    },
                                    {
                                      "Node Type": "Sort",
                                      "Parent Relationship": "Inner",
                                      "Parallel Aware": false,
                                      "Async Capable": false,
                                      "Startup Cost": 8668.21,
                                      "Total Cost": 8680.51,
                                      "Plan Rows": 4920,
                                      "Plan Width": 17,
                                      "Sort Key": [
                                        "item_1.i_item_id"
                                      ],
                                      "Plans": [
                                        {
                                          "Node Type": "Seq Scan",
                                          "Parent Relationship": "Outer",
                                          "Parallel Aware": false,
                                          "Async Capable": false,
                                          "Relation Name": "item",
                                          "Alias": "item_1",
                                          "Startup Cost": 0.0,
                                          "Total Cost": 8366.5,
                                          "Plan Rows": 4920,
                                          "Plan Width": 17,
                                          "Filter": "(i_color = ANY ('{beige,salmon,yellow}'::bpchar[]))",
                                          "parent": 19,
                                          "ID": 20
                                        }
                                      ],
                                      "parent": 7,
                                      "ID": 19,
                                      "left": 20
                                    }
                                  ],
                                  "parent": 6,
                                  "ID": 7,
                                  "left": 8,
                                  "right": 19
                                }
                              ],
                              "parent": 5,
                              "ID": 6,
                              "left": 7
                            }
                          ],
                          "parent": 4,
                          "ID": 5,
                          "left": 6
                        }
                      ],
                      "parent": 3,
                      "ID": 4,
                      "left": 5
                    },
                    {
                      "Node Type": "Aggregate",
                      "Strategy": "Sorted",
                      "Partial Mode": "Finalize",
                      "Parent Relationship": "Member",
                      "Parallel Aware": false,
                      "Async Capable": false,
                      "Startup Cost": 482370.83,
                      "Total Cost": 482405.91,
                      "Plan Rows": 72,
                      "Plan Width": 49,
                      "Group Key": [
                        "item_2.i_item_id"
                      ],
                      "Plans": [
                        {
                          "Node Type": "Gather Merge",
                          "Parent Relationship": "Outer",
                          "Parallel Aware": false,
                          "Async Capable": false,
                          "Startup Cost": 482370.83,
                          "Total Cost": 482404.56,
                          "Plan Rows": 60,
                          "Plan Width": 49,
                          "Workers Planned": 2,
                          "Plans": [
                            {
                              "Node Type": "Aggregate",
                              "Strategy": "Sorted",
                              "Partial Mode": "Partial",
                              "Parent Relationship": "Outer",
                              "Parallel Aware": false,
                              "Async Capable": false,
                              "Startup Cost": 481370.81,
                              "Total Cost": 481397.61,
                              "Plan Rows": 30,
                              "Plan Width": 49,
                              "Group Key": [
                                "item_2.i_item_id"
                              ],
                              "Plans": [
                                {
                                  "Node Type": "Merge Join",
                                  "Parent Relationship": "Outer",
                                  "Parallel Aware": false,
                                  "Async Capable": false,
                                  "Join Type": "Semi",
                                  "Startup Cost": 481370.81,
                                  "Total Cost": 481397.09,
                                  "Plan Rows": 30,
                                  "Plan Width": 23,
                                  "Inner Unique": false,
                                  "Merge Cond": "(item_2.i_item_id = item_3.i_item_id)",
                                  "Plans": [
                                    {
                                      "Node Type": "Sort",
                                      "Parent Relationship": "Outer",
                                      "Parallel Aware": false,
                                      "Async Capable": false,
                                      "Startup Cost": 472702.61,
                                      "Total Cost": 472703.29,
                                      "Plan Rows": 275,
                                      "Plan Width": 23,
                                      "Sort Key": [
                                        "item_2.i_item_id"
                                      ],
                                      "Plans": [
                                        {
                                          "Node Type": "Hash Join",
                                          "Parent Relationship": "Outer",
                                          "Parallel Aware": true,
                                          "Async Capable": false,
                                          "Join Type": "Inner",
                                          "Startup Cost": 465141.94,
                                          "Total Cost": 472691.46,
                                          "Plan Rows": 275,
                                          "Plan Width": 23,
                                          "Inner Unique": false,
                                          "Hash Cond": "(item_2.i_item_sk = catalog_sales.cs_item_sk)",
                                          "Plans": [
                                            {
                                              "Node Type": "Seq Scan",
                                              "Parent Relationship": "Outer",
                                              "Parallel Aware": true,
                                              "Async Capable": false,
                                              "Relation Name": "item",
                                              "Alias": "item_2",
                                              "Startup Cost": 0.0,
                                              "Total Cost": 7389.0,
                                              "Plan Rows": 42500,
                                              "Plan Width": 21,
                                              "parent": 26,
                                              "ID": 27
                                            },
                                            {
                                              "Node Type": "Hash",
                                              "Parent Relationship": "Inner",
                                              "Parallel Aware": true,
                                              "Async Capable": false,
                                              "Startup Cost": 465138.5,
                                              "Total Cost": 465138.5,
                                              "Plan Rows": 275,
                                              "Plan Width": 10,
                                              "Plans": [
                                                {
                                                  "Node Type": "Hash Join",
                                                  "Parent Relationship": "Outer",
                                                  "Parallel Aware": true,
                                                  "Async Capable": false,
                                                  "Join Type": "Inner",
                                                  "Startup Cost": 458286.35,
                                                  "Total Cost": 465138.5,
                                                  "Plan Rows": 275,
                                                  "Plan Width": 10,
                                                  "Inner Unique": false,
                                                  "Hash Cond": "(customer_address_1.ca_address_sk = catalog_sales.cs_bill_addr_sk)",
                                                  "Plans": [
                                                    {
                                                      "Node Type": "Seq Scan",
                                                      "Parent Relationship": "Outer",
                                                      "Parallel Aware": true,
                                                      "Async Capable": false,
                                                      "Relation Name": "customer_address",
                                                      "Alias": "customer_address_1",
                                                      "Startup Cost": 0.0,
                                                      "Total Cost": 6737.08,
                                                      "Plan Rows": 11392,
                                                      "Plan Width": 4,
                                                      "Filter": "(ca_gmt_offset = '-7'::numeric)",
                                                      "parent": 29,
                                                      "ID": 30
                                                    },
                                                    {
                                                      "Node Type": "Hash",
                                                      "Parent Relationship": "Inner",
                                                      "Parallel Aware": true,
                                                      "Async Capable": false,
                                                      "Startup Cost": 458254.7,
                                                      "Total Cost": 458254.7,
                                                      "Plan Rows": 2532,
                                                      "Plan Width": 14,
                                                      "Plans": [
                                                        {
                                                          "Node Type": "Hash Join",
                                                          "Parent Relationship": "Outer",
                                                          "Parallel Aware": true,
                                                          "Async Capable": false,
                                                          "Join Type": "Inner",
                                                          "Startup Cost": 2049.78,
                                                          "Total Cost": 458254.7,
                                                          "Plan Rows": 2532,
                                                          "Plan Width": 14,
                                                          "Inner Unique": false,
                                                          "Hash Cond": "(catalog_sales.cs_sold_date_sk = date_dim_1.d_date_sk)",
                                                          "Plans": [
                                                            {
                                                              "Node Type": "Seq Scan",
                                                              "Parent Relationship": "Outer",
                                                              "Parallel Aware": true,
                                                              "Async Capable": false,
                                                              "Relation Name": "catalog_sales",
                                                              "Alias": "catalog_sales",
                                                              "Startup Cost": 0.0,
                                                              "Total Cost": 433688.25,
                                                              "Plan Rows": 6000525,
                                                              "Plan Width": 18,
                                                              "parent": 32,
                                                              "ID": 33
                                                            },
                                                            {
                                                              "Node Type": "Hash",
                                                              "Parent Relationship": "Inner",
                                                              "Parallel Aware": true,
                                                              "Async Capable": false,
                                                              "Startup Cost": 2049.55,
                                                              "Total Cost": 2049.55,
                                                              "Plan Rows": 18,
                                                              "Plan Width": 4,
                                                              "Plans": [
                                                                {
                                                                  "Node Type": "Seq Scan",
                                                                  "Parent Relationship": "Outer",
                                                                  "Parallel Aware": true,
                                                                  "Async Capable": false,
                                                                  "Relation Name": "date_dim",
                                                                  "Alias": "date_dim_1",
                                                                  "Startup Cost": 0.0,
                                                                  "Total Cost": 2049.55,
                                                                  "Plan Rows": 18,
                                                                  "Plan Width": 4,
                                                                  "Filter": "((d_year = 2001) AND (d_moy = 5))",
                                                                  "parent": 34,
                                                                  "ID": 35
                                                                }
                                                              ],
                                                              "parent": 32,
                                                              "ID": 34,
                                                              "left": 35
                                                            }
                                                          ],
                                                          "parent": 31,
                                                          "ID": 32,
                                                          "left": 33,
                                                          "right": 34
                                                        }
                                                      ],
                                                      "parent": 29,
                                                      "ID": 31,
                                                      "left": 32
                                                    }
                                                  ],
                                                  "parent": 28,
                                                  "ID": 29,
                                                  "left": 30,
                                                  "right": 31
                                                }
                                              ],
                                              "parent": 26,
                                              "ID": 28,
                                              "left": 29
                                            }
                                          ],
                                          "parent": 25,
                                          "ID": 26,
                                          "left": 27,
                                          "right": 28
                                        }
                                      ],
                                      "parent": 24,
                                      "ID": 25,
                                      "left": 26
                                    },
                                    {
                                      "Node Type": "Sort",
                                      "Parent Relationship": "Inner",
                                      "Parallel Aware": false,
                                      "Async Capable": false,
                                      "Startup Cost": 8668.21,
                                      "Total Cost": 8680.51,
                                      "Plan Rows": 4920,
                                      "Plan Width": 17,
                                      "Sort Key": [
                                        "item_3.i_item_id"
                                      ],
                                      "Plans": [
                                        {
                                          "Node Type": "Seq Scan",
                                          "Parent Relationship": "Outer",
                                          "Parallel Aware": false,
                                          "Async Capable": false,
                                          "Relation Name": "item",
                                          "Alias": "item_3",
                                          "Startup Cost": 0.0,
                                          "Total Cost": 8366.5,
                                          "Plan Rows": 4920,
                                          "Plan Width": 17,
                                          "Filter": "(i_color = ANY ('{beige,salmon,yellow}'::bpchar[]))",
                                          "parent": 36,
                                          "ID": 37
                                        }
                                      ],
                                      "parent": 24,
                                      "ID": 36,
                                      "left": 37
                                    }
                                  ],
                                  "parent": 23,
                                  "ID": 24,
                                  "left": 25,
                                  "right": 36
                                }
                              ],
                              "parent": 22,
                              "ID": 23,
                              "left": 24
                            }
                          ],
                          "parent": 21,
                          "ID": 22,
                          "left": 23
                        }
                      ],
                      "parent": 3,
                      "ID": 21,
                      "left": 22
                    },
                    {
                      "Node Type": "Aggregate",
                      "Strategy": "Sorted",
                      "Partial Mode": "Simple",
                      "Parent Relationship": "Member",
                      "Parallel Aware": false,
                      "Async Capable": false,
                      "Startup Cost": 254908.81,
                      "Total Cost": 254909.53,
                      "Plan Rows": 36,
                      "Plan Width": 49,
                      "Group Key": [
                        "item_4.i_item_id"
                      ],
                      "Plans": [
                        {
                          "Node Type": "Sort",
                          "Parent Relationship": "Outer",
                          "Parallel Aware": false,
                          "Async Capable": false,
                          "Startup Cost": 254908.81,
                          "Total Cost": 254908.9,
                          "Plan Rows": 36,
                          "Plan Width": 23,
                          "Sort Key": [
                            "item_4.i_item_id"
                          ],
                          "Plans": [
                            {
                              "Node Type": "Hash Join",
                              "Parent Relationship": "Outer",
                              "Parallel Aware": false,
                              "Async Capable": false,
                              "Join Type": "Semi",
                              "Startup Cost": 247324.2,
                              "Total Cost": 254907.88,
                              "Plan Rows": 36,
                              "Plan Width": 23,
                              "Inner Unique": false,
                              "Hash Cond": "(item_4.i_item_id = item_5.i_item_id)",
                              "Plans": [
                                {
                                  "Node Type": "Gather",
                                  "Parent Relationship": "Outer",
                                  "Parallel Aware": false,
                                  "Async Capable": false,
                                  "Startup Cost": 238896.2,
                                  "Total Cost": 246478.56,
                                  "Plan Rows": 334,
                                  "Plan Width": 23,
                                  "Workers Planned": 2,
                                  "Single Copy": false,
                                  "Plans": [
                                    {
                                      "Node Type": "Hash Join",
                                      "Parent Relationship": "Outer",
                                      "Parallel Aware": true,
                                      "Async Capable": false,
                                      "Join Type": "Inner",
                                      "Startup Cost": 237896.2,
                                      "Total Cost": 245445.16,
                                      "Plan Rows": 139,
                                      "Plan Width": 23,
                                      "Inner Unique": false,
                                      "Hash Cond": "(item_4.i_item_sk = web_sales.ws_item_sk)",
                                      "Plans": [
                                        {
                                          "Node Type": "Seq Scan",
                                          "Parent Relationship": "Outer",
                                          "Parallel Aware": true,
                                          "Async Capable": false,
                                          "Relation Name": "item",
                                          "Alias": "item_4",
                                          "Startup Cost": 0.0,
                                          "Total Cost": 7389.0,
                                          "Plan Rows": 42500,
                                          "Plan Width": 21,
                                          "parent": 42,
                                          "ID": 43
                                        },
                                        {
                                          "Node Type": "Hash",
                                          "Parent Relationship": "Inner",
                                          "Parallel Aware": true,
                                          "Async Capable": false,
                                          "Startup Cost": 237894.46,
                                          "Total Cost": 237894.46,
                                          "Plan Rows": 139,
                                          "Plan Width": 10,
                                          "Plans": [
                                            {
                                              "Node Type": "Hash Join",
                                              "Parent Relationship": "Outer",
                                              "Parallel Aware": true,
                                              "Async Capable": false,
                                              "Join Type": "Inner",
                                              "Startup Cost": 231057.12,
                                              "Total Cost": 237894.46,
                                              "Plan Rows": 139,
                                              "Plan Width": 10,
                                              "Inner Unique": false,
                                              "Hash Cond": "(customer_address_2.ca_address_sk = web_sales.ws_bill_addr_sk)",
                                              "Plans": [
                                                {
                                                  "Node Type": "Seq Scan",
                                                  "Parent Relationship": "Outer",
                                                  "Parallel Aware": true,
                                                  "Async Capable": false,
                                                  "Relation Name": "customer_address",
                                                  "Alias": "customer_address_2",
                                                  "Startup Cost": 0.0,
                                                  "Total Cost": 6737.08,
                                                  "Plan Rows": 11392,
                                                  "Plan Width": 4,
                                                  "Filter": "(ca_gmt_offset = '-7'::numeric)",
                                                  "parent": 45,
                                                  "ID": 46
                                                },
                                                {
                                                  "Node Type": "Hash",
                                                  "Parent Relationship": "Inner",
                                                  "Parallel Aware": true,
                                                  "Async Capable": false,
                                                  "Startup Cost": 231041.22,
                                                  "Total Cost": 231041.22,
                                                  "Plan Rows": 1272,
                                                  "Plan Width": 14,
                                                  "Plans": [
                                                    {
                                                      "Node Type": "Hash Join",
                                                      "Parent Relationship": "Outer",
                                                      "Parallel Aware": true,
                                                      "Async Capable": false,
                                                      "Join Type": "Inner",
                                                      "Startup Cost": 2049.78,
                                                      "Total Cost": 231041.22,
                                                      "Plan Rows": 1272,
                                                      "Plan Width": 14,
                                                      "Inner Unique": false,
                                                      "Hash Cond": "(web_sales.ws_sold_date_sk = date_dim_2.d_date_sk)",
                                                      "Plans": [
                                                        {
                                                          "Node Type": "Seq Scan",
                                                          "Parent Relationship": "Outer",
                                                          "Parallel Aware": true,
                                                          "Async Capable": false,
                                                          "Relation Name": "web_sales",
                                                          "Alias": "web_sales",
                                                          "Startup Cost": 0.0,
                                                          "Total Cost": 217737.86,
                                                          "Plan Rows": 2998986,
                                                          "Plan Width": 18,
                                                          "parent": 48,
                                                          "ID": 49
                                                        },
                                                        {
                                                          "Node Type": "Hash",
                                                          "Parent Relationship": "Inner",
                                                          "Parallel Aware": true,
                                                          "Async Capable": false,
                                                          "Startup Cost": 2049.55,
                                                          "Total Cost": 2049.55,
                                                          "Plan Rows": 18,
                                                          "Plan Width": 4,
                                                          "Plans": [
                                                            {
                                                              "Node Type": "Seq Scan",
                                                              "Parent Relationship": "Outer",
                                                              "Parallel Aware": true,
                                                              "Async Capable": false,
                                                              "Relation Name": "date_dim",
                                                              "Alias": "date_dim_2",
                                                              "Startup Cost": 0.0,
                                                              "Total Cost": 2049.55,
                                                              "Plan Rows": 18,
                                                              "Plan Width": 4,
                                                              "Filter": "((d_year = 2001) AND (d_moy = 5))",
                                                              "parent": 50,
                                                              "ID": 51
                                                            }
                                                          ],
                                                          "parent": 48,
                                                          "ID": 50,
                                                          "left": 51
                                                        }
                                                      ],
                                                      "parent": 47,
                                                      "ID": 48,
                                                      "left": 49,
                                                      "right": 50
                                                    }
                                                  ],
                                                  "parent": 45,
                                                  "ID": 47,
                                                  "left": 48
                                                }
                                              ],
                                              "parent": 44,
                                              "ID": 45,
                                              "left": 46,
                                              "right": 47
                                            }
                                          ],
                                          "parent": 42,
                                          "ID": 44,
                                          "left": 45
                                        }
                                      ],
                                      "parent": 41,
                                      "ID": 42,
                                      "left": 43,
                                      "right": 44
                                    }
                                  ],
                                  "parent": 40,
                                  "ID": 41,
                                  "left": 42
                                },
                                {
                                  "Node Type": "Hash",
                                  "Parent Relationship": "Inner",
                                  "Parallel Aware": false,
                                  "Async Capable": false,
                                  "Startup Cost": 8366.5,
                                  "Total Cost": 8366.5,
                                  "Plan Rows": 4920,
                                  "Plan Width": 17,
                                  "Plans": [
                                    {
                                      "Node Type": "Seq Scan",
                                      "Parent Relationship": "Outer",
                                      "Parallel Aware": false,
                                      "Async Capable": false,
                                      "Relation Name": "item",
                                      "Alias": "item_5",
                                      "Startup Cost": 0.0,
                                      "Total Cost": 8366.5,
                                      "Plan Rows": 4920,
                                      "Plan Width": 17,
                                      "Filter": "(i_color = ANY ('{beige,salmon,yellow}'::bpchar[]))",
                                      "parent": 52,
                                      "ID": 53
                                    }
                                  ],
                                  "parent": 40,
                                  "ID": 52,
                                  "left": 53
                                }
                              ],
                              "parent": 39,
                              "ID": 40,
                              "left": 41,
                              "right": 52
                            }
                          ],
                          "parent": 38,
                          "ID": 39,
                          "left": 40
                        }
                      ],
                      "parent": 3,
                      "ID": 38,
                      "left": 39
                    }
                  ],
                  "parent": 2,
                  "ID": 3,
                  "left": 4,
                  "right": 21
                }
              ],
              "parent": 1,
              "ID": 2,
              "left": 3
            }
          ],
          "parent": 0,
          "ID": 1,
          "left": 2
        }
      ],
      "parent": null,
      "ID": 0,
      "left": 1
    },
    "feat": {
      "utility": 0.005760661089246731,
      "query_shape": [
        [
          "Seq Scan",
          "Hash Join",
          "Sort",
          "Merge Join",
          "Aggregate",
          "Gather Merge",
          "Merge Append"
        ],
        [
          "Seq Scan",
          "Hash Join",
          "Hash",
          "Sort",
          "Merge Join",
          "Aggregate",
          "Gather Merge",
          "Merge Append"
        ],
        [
          "Seq Scan",
          "Hash Join",
          "Hash",
          "Sort",
          "Merge Join",
          "Aggregate",
          "Gather Merge",
          "Merge Append"
        ],
        [
          "Seq Scan",
          "Hash",
          "Hash Join",
          "Sort",
          "Merge Join",
          "Aggregate",
          "Gather Merge",
          "Merge Append"
        ],
        [
          "Seq Scan",
          "Sort",
          "Merge Join",
          "Aggregate",
          "Gather Merge",
          "Merge Append"
        ],
        [
          "Seq Scan",
          "Hash Join",
          "Sort",
          "Merge Join",
          "Aggregate",
          "Gather Merge",
          "Merge Append"
        ],
        [
          "Seq Scan",
          "Hash Join",
          "Hash",
          "Sort",
          "Merge Join",
          "Aggregate",
          "Gather Merge",
          "Merge Append"
        ],
        [
          "Seq Scan",
          "Hash Join",
          "Hash",
          "Sort",
          "Merge Join",
          "Aggregate",
          "Gather Merge",
          "Merge Append"
        ],
        [
          "Seq Scan",
          "Hash",
          "Hash Join",
          "Sort",
          "Merge Join",
          "Aggregate",
          "Gather Merge",
          "Merge Append"
        ],
        [
          "Seq Scan",
          "Sort",
          "Merge Join",
          "Aggregate",
          "Gather Merge",
          "Merge Append"
        ],
        [
          "Seq Scan",
          "Hash Join",
          "Gather",
          "Sort",
          "Aggregate",
          "Merge Append"
        ],
        [
          "Seq Scan",
          "Hash Join",
          "Hash",
          "Gather",
          "Sort",
          "Aggregate",
          "Merge Append"
        ],
        [
          "Seq Scan",
          "Hash Join",
          "Hash",
          "Gather",
          "Sort",
          "Aggregate",
          "Merge Append"
        ],
        [
          "Seq Scan",
          "Hash",
          "Hash Join",
          "Gather",
          "Sort",
          "Aggregate",
          "Merge Append"
        ],
        [
          "Seq Scan",
          "Hash",
          "Hash Join",
          "Sort",
          "Aggregate",
          "Merge Append"
        ]
      ],
      "index_shape": [
        "join"
      ],
      "physical_operator": {
        "Hash Join": [
          0.004743290597085323
        ]
      }
    }
  },
  {
    "query": "with ss as (\n select i_item_id,sum(ss_ext_sales_price) total_sales\n from\n \tstore_sales,\n \tdate_dim,\n         customer_address,\n         item\n where i_item_id in (select\n     i_item_id\nfrom item\nwhere i_color in ('beige','salmon','yellow'))\n and     ss_item_sk              = i_item_sk\n and     ss_sold_date_sk         = d_date_sk\n and     d_year                  = 2001\n and     d_moy                   = 5\n and     ss_addr_sk              = ca_address_sk\n and     ca_gmt_offset           = -7 \n group by i_item_id),\n cs as (\n select i_item_id,sum(cs_ext_sales_price) total_sales\n from\n \tcatalog_sales,\n \tdate_dim,\n         customer_address,\n         item\n where\n         i_item_id               in (select\n  i_item_id\nfrom item\nwhere i_color in ('beige','salmon','yellow'))\n and     cs_item_sk              = i_item_sk\n and     cs_sold_date_sk         = d_date_sk\n and     d_year                  = 2001\n and     d_moy                   = 5\n and     cs_bill_addr_sk         = ca_address_sk\n and     ca_gmt_offset           = -7 \n group by i_item_id),\n ws as (\n select i_item_id,sum(ws_ext_sales_price) total_sales\n from\n \tweb_sales,\n \tdate_dim,\n         customer_address,\n         item\n where\n         i_item_id               in (select\n  i_item_id\nfrom item\nwhere i_color in ('beige','salmon','yellow'))\n and     ws_item_sk              = i_item_sk\n and     ws_sold_date_sk         = d_date_sk\n and     d_year                  = 2001\n and     d_moy                   = 5\n and     ws_bill_addr_sk         = ca_address_sk\n and     ca_gmt_offset           = -7\n group by i_item_id)\n  select  i_item_id ,sum(total_sales) total_sales\n from  (select * from ss \n        union all\n        select * from cs \n        union all\n        select * from ws) tmp1\n group by i_item_id\n order by total_sales,\n          i_item_id\n limit 100;\n\n-- end query 40 in stream 1 using template query56.tpl\n",
    "indexes": "store_sales.ss_item_sk",
    "wo plan est": {
      "Node Type": "Limit",
      "Parallel Aware": false,
      "Async Capable": false,
      "Startup Cost": 1445461.5,
      "Total Cost": 1445461.75,
      "Plan Rows": 100,
      "Plan Width": 49,
      "Plans": [
        {
          "Node Type": "Sort",
          "Parent Relationship": "Outer",
          "Parallel Aware": false,
          "Async Capable": false,
          "Startup Cost": 1445461.5,
          "Total Cost": 1445462.0,
          "Plan Rows": 200,
          "Plan Width": 49,
          "Sort Key": [
            "(sum((sum(store_sales.ss_ext_sales_price))))",
            "item.i_item_id"
          ],
          "Plans": [
            {
              "Node Type": "Aggregate",
              "Strategy": "Sorted",
              "Partial Mode": "Simple",
              "Parent Relationship": "Outer",
              "Parallel Aware": false,
              "Async Capable": false,
              "Startup Cost": 1445365.0,
              "Total Cost": 1445453.86,
              "Plan Rows": 200,
              "Plan Width": 49,
              "Group Key": [
                "item.i_item_id"
              ],
              "Plans": [
                {
                  "Node Type": "Merge Append",
                  "Parent Relationship": "Outer",
                  "Parallel Aware": false,
                  "Async Capable": false,
                  "Startup Cost": 1445365.0,
                  "Total Cost": 1445450.15,
                  "Plan Rows": 241,
                  "Plan Width": 49,
                  "Sort Key": [
                    "item.i_item_id"
                  ],
                  "Subplans Removed": 0,
                  "Plans": [
                    {
                      "Node Type": "Aggregate",
                      "Strategy": "Sorted",
                      "Partial Mode": "Finalize",
                      "Parent Relationship": "Member",
                      "Parallel Aware": false,
                      "Async Capable": false,
                      "Startup Cost": 708085.33,
                      "Total Cost": 708129.17,
                      "Plan Rows": 133,
                      "Plan Width": 49,
                      "Group Key": [
                        "item.i_item_id"
                      ],
                      "Plans": [
                        {
                          "Node Type": "Gather Merge",
                          "Parent Relationship": "Outer",
                          "Parallel Aware": false,
                          "Async Capable": false,
                          "Startup Cost": 708085.33,
                          "Total Cost": 708126.68,
                          "Plan Rows": 110,
                          "Plan Width": 49,
                          "Workers Planned": 2,
                          "Plans": [
                            {
                              "Node Type": "Aggregate",
                              "Strategy": "Sorted",
                              "Partial Mode": "Partial",
                              "Parent Relationship": "Outer",
                              "Parallel Aware": false,
                              "Async Capable": false,
                              "Startup Cost": 707085.31,
                              "Total Cost": 707113.96,
                              "Plan Rows": 55,
                              "Plan Width": 49,
                              "Group Key": [
                                "item.i_item_id"
                              ],
                              "Plans": [
                                {
                                  "Node Type": "Merge Join",
                                  "Parent Relationship": "Outer",
                                  "Parallel Aware": false,
                                  "Async Capable": false,
                                  "Join Type": "Semi",
                                  "Startup Cost": 707085.31,
                                  "Total Cost": 707113.0,
                                  "Plan Rows": 55,
                                  "Plan Width": 23,
                                  "Inner Unique": false,
                                  "Merge Cond": "(item.i_item_id = item_1.i_item_id)",
                                  "Plans": [
                                    {
                                      "Node Type": "Sort",
                                      "Parent Relationship": "Outer",
                                      "Parallel Aware": false,
                                      "Async Capable": false,
                                      "Startup Cost": 698417.1,
                                      "Total Cost": 698418.37,
                                      "Plan Rows": 508,
                                      "Plan Width": 23,
                                      "Sort Key": [
                                        "item.i_item_id"
                                      ],
                                      "Plans": [
                                        {
                                          "Node Type": "Hash Join",
                                          "Parent Relationship": "Outer",
                                          "Parallel Aware": true,
                                          "Async Capable": false,
                                          "Join Type": "Inner",
                                          "Startup Cost": 690843.77,
                                          "Total Cost": 698394.27,
                                          "Plan Rows": 508,
                                          "Plan Width": 23,
                                          "Inner Unique": false,
                                          "Hash Cond": "(item.i_item_sk = store_sales.ss_item_sk)",
                                          "Plans": [
                                            {
                                              "Node Type": "Seq Scan",
                                              "Parent Relationship": "Outer",
                                              "Parallel Aware": true,
                                              "Async Capable": false,
                                              "Relation Name": "item",
                                              "Alias": "item",
                                              "Startup Cost": 0.0,
                                              "Total Cost": 7389.0,
                                              "Plan Rows": 42500,
                                              "Plan Width": 21,
                                              "parent": 9,
                                              "ID": 10
                                            },
                                            {
                                              "Node Type": "Hash",
                                              "Parent Relationship": "Inner",
                                              "Parallel Aware": true,
                                              "Async Capable": false,
                                              "Startup Cost": 690837.42,
                                              "Total Cost": 690837.42,
                                              "Plan Rows": 508,
                                              "Plan Width": 10,
                                              "Plans": [
                                                {
                                                  "Node Type": "Hash Join",
                                                  "Parent Relationship": "Outer",
                                                  "Parallel Aware": true,
                                                  "Async Capable": false,
                                                  "Join Type": "Inner",
                                                  "Startup Cost": 684055.5,
                                                  "Total Cost": 690837.42,
                                                  "Plan Rows": 508,
                                                  "Plan Width": 10,
                                                  "Inner Unique": false,
                                                  "Hash Cond": "(customer_address.ca_address_sk = store_sales.ss_addr_sk)",
                                                  "Plans": [
                                                    {
                                                      "Node Type": "Seq Scan",
                                                      "Parent Relationship": "Outer",
                                                      "Parallel Aware": true,
                                                      "Async Capable": false,
                                                      "Relation Name": "customer_address",
                                                      "Alias": "customer_address",
                                                      "Startup Cost": 0.0,
                                                      "Total Cost": 6737.08,
                                                      "Plan Rows": 11392,
                                                      "Plan Width": 4,
                                                      "Filter": "(ca_gmt_offset = '-7'::numeric)",
                                                      "parent": 12,
                                                      "ID": 13
                                                    },
                                                    {
                                                      "Node Type": "Hash",
                                                      "Parent Relationship": "Inner",
                                                      "Parallel Aware": true,
                                                      "Async Capable": false,
                                                      "Startup Cost": 683994.75,
                                                      "Total Cost": 683994.75,
                                                      "Plan Rows": 4860,
                                                      "Plan Width": 14,
                                                      "Plans": [
                                                        {
                                                          "Node Type": "Hash Join",
                                                          "Parent Relationship": "Outer",
                                                          "Parallel Aware": true,
                                                          "Async Capable": false,
                                                          "Join Type": "Inner",
                                                          "Startup Cost": 2049.78,
                                                          "Total Cost": 683994.75,
                                                          "Plan Rows": 4860,
                                                          "Plan Width": 14,
                                                          "Inner Unique": false,
                                                          "Hash Cond": "(store_sales.ss_sold_date_sk = date_dim.d_date_sk)",
                                                          "Plans": [
                                                            {
                                                              "Node Type": "Seq Scan",
                                                              "Parent Relationship": "Outer",
                                                              "Parallel Aware": true,
                                                              "Async Capable": false,
                                                              "Relation Name": "store_sales",
                                                              "Alias": "store_sales",
                                                              "Startup Cost": 0.0,
                                                              "Total Cost": 636914.37,
                                                              "Plan Rows": 12000637,
                                                              "Plan Width": 18,
                                                              "parent": 15,
                                                              "ID": 16
                                                            },
                                                            {
                                                              "Node Type": "Hash",
                                                              "Parent Relationship": "Inner",
                                                              "Parallel Aware": true,
                                                              "Async Capable": false,
                                                              "Startup Cost": 2049.55,
                                                              "Total Cost": 2049.55,
                                                              "Plan Rows": 18,
                                                              "Plan Width": 4,
                                                              "Plans": [
                                                                {
                                                                  "Node Type": "Seq Scan",
                                                                  "Parent Relationship": "Outer",
                                                                  "Parallel Aware": true,
                                                                  "Async Capable": false,
                                                                  "Relation Name": "date_dim",
                                                                  "Alias": "date_dim",
                                                                  "Startup Cost": 0.0,
                                                                  "Total Cost": 2049.55,
                                                                  "Plan Rows": 18,
                                                                  "Plan Width": 4,
                                                                  "Filter": "((d_year = 2001) AND (d_moy = 5))",
                                                                  "parent": 17,
                                                                  "ID": 18
                                                                }
                                                              ],
                                                              "parent": 15,
                                                              "ID": 17,
                                                              "left": 18
                                                            }
                                                          ],
                                                          "parent": 14,
                                                          "ID": 15,
                                                          "left": 16,
                                                          "right": 17
                                                        }
                                                      ],
                                                      "parent": 12,
                                                      "ID": 14,
                                                      "left": 15
                                                    }
                                                  ],
                                                  "parent": 11,
                                                  "ID": 12,
                                                  "left": 13,
                                                  "right": 14
                                                }
                                              ],
                                              "parent": 9,
                                              "ID": 11,
                                              "left": 12
                                            }
                                          ],
                                          "parent": 8,
                                          "ID": 9,
                                          "left": 10,
                                          "right": 11
                                        }
                                      ],
                                      "parent": 7,
                                      "ID": 8,
                                      "left": 9
                                    },
                                    {
                                      "Node Type": "Sort",
                                      "Parent Relationship": "Inner",
                                      "Parallel Aware": false,
                                      "Async Capable": false,
                                      "Startup Cost": 8668.21,
                                      "Total Cost": 8680.51,
                                      "Plan Rows": 4920,
                                      "Plan Width": 17,
                                      "Sort Key": [
                                        "item_1.i_item_id"
                                      ],
                                      "Plans": [
                                        {
                                          "Node Type": "Seq Scan",
                                          "Parent Relationship": "Outer",
                                          "Parallel Aware": false,
                                          "Async Capable": false,
                                          "Relation Name": "item",
                                          "Alias": "item_1",
                                          "Startup Cost": 0.0,
                                          "Total Cost": 8366.5,
                                          "Plan Rows": 4920,
                                          "Plan Width": 17,
                                          "Filter": "(i_color = ANY ('{beige,salmon,yellow}'::bpchar[]))",
                                          "parent": 19,
                                          "ID": 20
                                        }
                                      ],
                                      "parent": 7,
                                      "ID": 19,
                                      "left": 20
                                    }
                                  ],
                                  "parent": 6,
                                  "ID": 7,
                                  "left": 8,
                                  "right": 19
                                }
                              ],
                              "parent": 5,
                              "ID": 6,
                              "left": 7
                            }
                          ],
                          "parent": 4,
                          "ID": 5,
                          "left": 6
                        }
                      ],
                      "parent": 3,
                      "ID": 4,
                      "left": 5
                    },
                    {
                      "Node Type": "Aggregate",
                      "Strategy": "Sorted",
                      "Partial Mode": "Finalize",
                      "Parent Relationship": "Member",
                      "Parallel Aware": false,
                      "Async Capable": false,
                      "Startup Cost": 482370.83,
                      "Total Cost": 482405.91,
                      "Plan Rows": 72,
                      "Plan Width": 49,
                      "Group Key": [
                        "item_2.i_item_id"
                      ],
                      "Plans": [
                        {
                          "Node Type": "Gather Merge",
                          "Parent Relationship": "Outer",
                          "Parallel Aware": false,
                          "Async Capable": false,
                          "Startup Cost": 482370.83,
                          "Total Cost": 482404.56,
                          "Plan Rows": 60,
                          "Plan Width": 49,
                          "Workers Planned": 2,
                          "Plans": [
                            {
                              "Node Type": "Aggregate",
                              "Strategy": "Sorted",
                              "Partial Mode": "Partial",
                              "Parent Relationship": "Outer",
                              "Parallel Aware": false,
                              "Async Capable": false,
                              "Startup Cost": 481370.81,
                              "Total Cost": 481397.61,
                              "Plan Rows": 30,
                              "Plan Width": 49,
                              "Group Key": [
                                "item_2.i_item_id"
                              ],
                              "Plans": [
                                {
                                  "Node Type": "Merge Join",
                                  "Parent Relationship": "Outer",
                                  "Parallel Aware": false,
                                  "Async Capable": false,
                                  "Join Type": "Semi",
                                  "Startup Cost": 481370.81,
                                  "Total Cost": 481397.09,
                                  "Plan Rows": 30,
                                  "Plan Width": 23,
                                  "Inner Unique": false,
                                  "Merge Cond": "(item_2.i_item_id = item_3.i_item_id)",
                                  "Plans": [
                                    {
                                      "Node Type": "Sort",
                                      "Parent Relationship": "Outer",
                                      "Parallel Aware": false,
                                      "Async Capable": false,
                                      "Startup Cost": 472702.61,
                                      "Total Cost": 472703.29,
                                      "Plan Rows": 275,
                                      "Plan Width": 23,
                                      "Sort Key": [
                                        "item_2.i_item_id"
                                      ],
                                      "Plans": [
                                        {
                                          "Node Type": "Hash Join",
                                          "Parent Relationship": "Outer",
                                          "Parallel Aware": true,
                                          "Async Capable": false,
                                          "Join Type": "Inner",
                                          "Startup Cost": 465141.94,
                                          "Total Cost": 472691.46,
                                          "Plan Rows": 275,
                                          "Plan Width": 23,
                                          "Inner Unique": false,
                                          "Hash Cond": "(item_2.i_item_sk = catalog_sales.cs_item_sk)",
                                          "Plans": [
                                            {
                                              "Node Type": "Seq Scan",
                                              "Parent Relationship": "Outer",
                                              "Parallel Aware": true,
                                              "Async Capable": false,
                                              "Relation Name": "item",
                                              "Alias": "item_2",
                                              "Startup Cost": 0.0,
                                              "Total Cost": 7389.0,
                                              "Plan Rows": 42500,
                                              "Plan Width": 21,
                                              "parent": 26,
                                              "ID": 27
                                            },
                                            {
                                              "Node Type": "Hash",
                                              "Parent Relationship": "Inner",
                                              "Parallel Aware": true,
                                              "Async Capable": false,
                                              "Startup Cost": 465138.5,
                                              "Total Cost": 465138.5,
                                              "Plan Rows": 275,
                                              "Plan Width": 10,
                                              "Plans": [
                                                {
                                                  "Node Type": "Hash Join",
                                                  "Parent Relationship": "Outer",
                                                  "Parallel Aware": true,
                                                  "Async Capable": false,
                                                  "Join Type": "Inner",
                                                  "Startup Cost": 458286.35,
                                                  "Total Cost": 465138.5,
                                                  "Plan Rows": 275,
                                                  "Plan Width": 10,
                                                  "Inner Unique": false,
                                                  "Hash Cond": "(customer_address_1.ca_address_sk = catalog_sales.cs_bill_addr_sk)",
                                                  "Plans": [
                                                    {
                                                      "Node Type": "Seq Scan",
                                                      "Parent Relationship": "Outer",
                                                      "Parallel Aware": true,
                                                      "Async Capable": false,
                                                      "Relation Name": "customer_address",
                                                      "Alias": "customer_address_1",
                                                      "Startup Cost": 0.0,
                                                      "Total Cost": 6737.08,
                                                      "Plan Rows": 11392,
                                                      "Plan Width": 4,
                                                      "Filter": "(ca_gmt_offset = '-7'::numeric)",
                                                      "parent": 29,
                                                      "ID": 30
                                                    },
                                                    {
                                                      "Node Type": "Hash",
                                                      "Parent Relationship": "Inner",
                                                      "Parallel Aware": true,
                                                      "Async Capable": false,
                                                      "Startup Cost": 458254.7,
                                                      "Total Cost": 458254.7,
                                                      "Plan Rows": 2532,
                                                      "Plan Width": 14,
                                                      "Plans": [
                                                        {
                                                          "Node Type": "Hash Join",
                                                          "Parent Relationship": "Outer",
                                                          "Parallel Aware": true,
                                                          "Async Capable": false,
                                                          "Join Type": "Inner",
                                                          "Startup Cost": 2049.78,
                                                          "Total Cost": 458254.7,
                                                          "Plan Rows": 2532,
                                                          "Plan Width": 14,
                                                          "Inner Unique": false,
                                                          "Hash Cond": "(catalog_sales.cs_sold_date_sk = date_dim_1.d_date_sk)",
                                                          "Plans": [
                                                            {
                                                              "Node Type": "Seq Scan",
                                                              "Parent Relationship": "Outer",
                                                              "Parallel Aware": true,
                                                              "Async Capable": false,
                                                              "Relation Name": "catalog_sales",
                                                              "Alias": "catalog_sales",
                                                              "Startup Cost": 0.0,
                                                              "Total Cost": 433688.25,
                                                              "Plan Rows": 6000525,
                                                              "Plan Width": 18,
                                                              "parent": 32,
                                                              "ID": 33
                                                            },
                                                            {
                                                              "Node Type": "Hash",
                                                              "Parent Relationship": "Inner",
                                                              "Parallel Aware": true,
                                                              "Async Capable": false,
                                                              "Startup Cost": 2049.55,
                                                              "Total Cost": 2049.55,
                                                              "Plan Rows": 18,
                                                              "Plan Width": 4,
                                                              "Plans": [
                                                                {
                                                                  "Node Type": "Seq Scan",
                                                                  "Parent Relationship": "Outer",
                                                                  "Parallel Aware": true,
                                                                  "Async Capable": false,
                                                                  "Relation Name": "date_dim",
                                                                  "Alias": "date_dim_1",
                                                                  "Startup Cost": 0.0,
                                                                  "Total Cost": 2049.55,
                                                                  "Plan Rows": 18,
                                                                  "Plan Width": 4,
                                                                  "Filter": "((d_year = 2001) AND (d_moy = 5))",
                                                                  "parent": 34,
                                                                  "ID": 35
                                                                }
                                                              ],
                                                              "parent": 32,
                                                              "ID": 34,
                                                              "left": 35
                                                            }
                                                          ],
                                                          "parent": 31,
                                                          "ID": 32,
                                                          "left": 33,
                                                          "right": 34
                                                        }
                                                      ],
                                                      "parent": 29,
                                                      "ID": 31,
                                                      "left": 32
                                                    }
                                                  ],
                                                  "parent": 28,
                                                  "ID": 29,
                                                  "left": 30,
                                                  "right": 31
                                                }
                                              ],
                                              "parent": 26,
                                              "ID": 28,
                                              "left": 29
                                            }
                                          ],
                                          "parent": 25,
                                          "ID": 26,
                                          "left": 27,
                                          "right": 28
                                        }
                                      ],
                                      "parent": 24,
                                      "ID": 25,
                                      "left": 26
                                    },
                                    {
                                      "Node Type": "Sort",
                                      "Parent Relationship": "Inner",
                                      "Parallel Aware": false,
                                      "Async Capable": false,
                                      "Startup Cost": 8668.21,
                                      "Total Cost": 8680.51,
                                      "Plan Rows": 4920,
                                      "Plan Width": 17,
                                      "Sort Key": [
                                        "item_3.i_item_id"
                                      ],
                                      "Plans": [
                                        {
                                          "Node Type": "Seq Scan",
                                          "Parent Relationship": "Outer",
                                          "Parallel Aware": false,
                                          "Async Capable": false,
                                          "Relation Name": "item",
                                          "Alias": "item_3",
                                          "Startup Cost": 0.0,
                                          "Total Cost": 8366.5,
                                          "Plan Rows": 4920,
                                          "Plan Width": 17,
                                          "Filter": "(i_color = ANY ('{beige,salmon,yellow}'::bpchar[]))",
                                          "parent": 36,
                                          "ID": 37
                                        }
                                      ],
                                      "parent": 24,
                                      "ID": 36,
                                      "left": 37
                                    }
                                  ],
                                  "parent": 23,
                                  "ID": 24,
                                  "left": 25,
                                  "right": 36
                                }
                              ],
                              "parent": 22,
                              "ID": 23,
                              "left": 24
                            }
                          ],
                          "parent": 21,
                          "ID": 22,
                          "left": 23
                        }
                      ],
                      "parent": 3,
                      "ID": 21,
                      "left": 22
                    },
                    {
                      "Node Type": "Aggregate",
                      "Strategy": "Sorted",
                      "Partial Mode": "Simple",
                      "Parent Relationship": "Member",
                      "Parallel Aware": false,
                      "Async Capable": false,
                      "Startup Cost": 254908.81,
                      "Total Cost": 254909.53,
                      "Plan Rows": 36,
                      "Plan Width": 49,
                      "Group Key": [
                        "item_4.i_item_id"
                      ],
                      "Plans": [
                        {
                          "Node Type": "Sort",
                          "Parent Relationship": "Outer",
                          "Parallel Aware": false,
                          "Async Capable": false,
                          "Startup Cost": 254908.81,
                          "Total Cost": 254908.9,
                          "Plan Rows": 36,
                          "Plan Width": 23,
                          "Sort Key": [
                            "item_4.i_item_id"
                          ],
                          "Plans": [
                            {
                              "Node Type": "Hash Join",
                              "Parent Relationship": "Outer",
                              "Parallel Aware": false,
                              "Async Capable": false,
                              "Join Type": "Semi",
                              "Startup Cost": 247324.2,
                              "Total Cost": 254907.88,
                              "Plan Rows": 36,
                              "Plan Width": 23,
                              "Inner Unique": false,
                              "Hash Cond": "(item_4.i_item_id = item_5.i_item_id)",
                              "Plans": [
                                {
                                  "Node Type": "Gather",
                                  "Parent Relationship": "Outer",
                                  "Parallel Aware": false,
                                  "Async Capable": false,
                                  "Startup Cost": 238896.2,
                                  "Total Cost": 246478.56,
                                  "Plan Rows": 334,
                                  "Plan Width": 23,
                                  "Workers Planned": 2,
                                  "Single Copy": false,
                                  "Plans": [
                                    {
                                      "Node Type": "Hash Join",
                                      "Parent Relationship": "Outer",
                                      "Parallel Aware": true,
                                      "Async Capable": false,
                                      "Join Type": "Inner",
                                      "Startup Cost": 237896.2,
                                      "Total Cost": 245445.16,
                                      "Plan Rows": 139,
                                      "Plan Width": 23,
                                      "Inner Unique": false,
                                      "Hash Cond": "(item_4.i_item_sk = web_sales.ws_item_sk)",
                                      "Plans": [
                                        {
                                          "Node Type": "Seq Scan",
                                          "Parent Relationship": "Outer",
                                          "Parallel Aware": true,
                                          "Async Capable": false,
                                          "Relation Name": "item",
                                          "Alias": "item_4",
                                          "Startup Cost": 0.0,
                                          "Total Cost": 7389.0,
                                          "Plan Rows": 42500,
                                          "Plan Width": 21,
                                          "parent": 42,
                                          "ID": 43
                                        },
                                        {
                                          "Node Type": "Hash",
                                          "Parent Relationship": "Inner",
                                          "Parallel Aware": true,
                                          "Async Capable": false,
                                          "Startup Cost": 237894.46,
                                          "Total Cost": 237894.46,
                                          "Plan Rows": 139,
                                          "Plan Width": 10,
                                          "Plans": [
                                            {
                                              "Node Type": "Hash Join",
                                              "Parent Relationship": "Outer",
                                              "Parallel Aware": true,
                                              "Async Capable": false,
                                              "Join Type": "Inner",
                                              "Startup Cost": 231057.12,
                                              "Total Cost": 237894.46,
                                              "Plan Rows": 139,
                                              "Plan Width": 10,
                                              "Inner Unique": false,
                                              "Hash Cond": "(customer_address_2.ca_address_sk = web_sales.ws_bill_addr_sk)",
                                              "Plans": [
                                                {
                                                  "Node Type": "Seq Scan",
                                                  "Parent Relationship": "Outer",
                                                  "Parallel Aware": true,
                                                  "Async Capable": false,
                                                  "Relation Name": "customer_address",
                                                  "Alias": "customer_address_2",
                                                  "Startup Cost": 0.0,
                                                  "Total Cost": 6737.08,
                                                  "Plan Rows": 11392,
                                                  "Plan Width": 4,
                                                  "Filter": "(ca_gmt_offset = '-7'::numeric)",
                                                  "parent": 45,
                                                  "ID": 46
                                                },
                                                {
                                                  "Node Type": "Hash",
                                                  "Parent Relationship": "Inner",
                                                  "Parallel Aware": true,
                                                  "Async Capable": false,
                                                  "Startup Cost": 231041.22,
                                                  "Total Cost": 231041.22,
                                                  "Plan Rows": 1272,
                                                  "Plan Width": 14,
                                                  "Plans": [
                                                    {
                                                      "Node Type": "Hash Join",
                                                      "Parent Relationship": "Outer",
                                                      "Parallel Aware": true,
                                                      "Async Capable": false,
                                                      "Join Type": "Inner",
                                                      "Startup Cost": 2049.78,
                                                      "Total Cost": 231041.22,
                                                      "Plan Rows": 1272,
                                                      "Plan Width": 14,
                                                      "Inner Unique": false,
                                                      "Hash Cond": "(web_sales.ws_sold_date_sk = date_dim_2.d_date_sk)",
                                                      "Plans": [
                                                        {
                                                          "Node Type": "Seq Scan",
                                                          "Parent Relationship": "Outer",
                                                          "Parallel Aware": true,
                                                          "Async Capable": false,
                                                          "Relation Name": "web_sales",
                                                          "Alias": "web_sales",
                                                          "Startup Cost": 0.0,
                                                          "Total Cost": 217737.86,
                                                          "Plan Rows": 2998986,
                                                          "Plan Width": 18,
                                                          "parent": 48,
                                                          "ID": 49
                                                        },
                                                        {
                                                          "Node Type": "Hash",
                                                          "Parent Relationship": "Inner",
                                                          "Parallel Aware": true,
                                                          "Async Capable": false,
                                                          "Startup Cost": 2049.55,
                                                          "Total Cost": 2049.55,
                                                          "Plan Rows": 18,
                                                          "Plan Width": 4,
                                                          "Plans": [
                                                            {
                                                              "Node Type": "Seq Scan",
                                                              "Parent Relationship": "Outer",
                                                              "Parallel Aware": true,
                                                              "Async Capable": false,
                                                              "Relation Name": "date_dim",
                                                              "Alias": "date_dim_2",
                                                              "Startup Cost": 0.0,
                                                              "Total Cost": 2049.55,
                                                              "Plan Rows": 18,
                                                              "Plan Width": 4,
                                                              "Filter": "((d_year = 2001) AND (d_moy = 5))",
                                                              "parent": 50,
                                                              "ID": 51
                                                            }
                                                          ],
                                                          "parent": 48,
                                                          "ID": 50,
                                                          "left": 51
                                                        }
                                                      ],
                                                      "parent": 47,
                                                      "ID": 48,
                                                      "left": 49,
                                                      "right": 50
                                                    }
                                                  ],
                                                  "parent": 45,
                                                  "ID": 47,
                                                  "left": 48
                                                }
                                              ],
                                              "parent": 44,
                                              "ID": 45,
                                              "left": 46,
                                              "right": 47
                                            }
                                          ],
                                          "parent": 42,
                                          "ID": 44,
                                          "left": 45
                                        }
                                      ],
                                      "parent": 41,
                                      "ID": 42,
                                      "left": 43,
                                      "right": 44
                                    }
                                  ],
                                  "parent": 40,
                                  "ID": 41,
                                  "left": 42
                                },
                                {
                                  "Node Type": "Hash",
                                  "Parent Relationship": "Inner",
                                  "Parallel Aware": false,
                                  "Async Capable": false,
                                  "Startup Cost": 8366.5,
                                  "Total Cost": 8366.5,
                                  "Plan Rows": 4920,
                                  "Plan Width": 17,
                                  "Plans": [
                                    {
                                      "Node Type": "Seq Scan",
                                      "Parent Relationship": "Outer",
                                      "Parallel Aware": false,
                                      "Async Capable": false,
                                      "Relation Name": "item",
                                      "Alias": "item_5",
                                      "Startup Cost": 0.0,
                                      "Total Cost": 8366.5,
                                      "Plan Rows": 4920,
                                      "Plan Width": 17,
                                      "Filter": "(i_color = ANY ('{beige,salmon,yellow}'::bpchar[]))",
                                      "parent": 52,
                                      "ID": 53
                                    }
                                  ],
                                  "parent": 40,
                                  "ID": 52,
                                  "left": 53
                                }
                              ],
                              "parent": 39,
                              "ID": 40,
                              "left": 41,
                              "right": 52
                            }
                          ],
                          "parent": 38,
                          "ID": 39,
                          "left": 40
                        }
                      ],
                      "parent": 3,
                      "ID": 38,
                      "left": 39
                    }
                  ],
                  "parent": 2,
                  "ID": 3,
                  "left": 4,
                  "right": 21
                }
              ],
              "parent": 1,
              "ID": 2,
              "left": 3
            }
          ],
          "parent": 0,
          "ID": 1,
          "left": 2
        }
      ],
      "parent": null,
      "ID": 0,
      "left": 1
    },
    "feat": {
      "utility": 0.005760039318828513,
      "query_shape": [
        [
          "Seq Scan",
          "Hash Join",
          "Sort",
          "Merge Join",
          "Aggregate",
          "Gather Merge",
          "Merge Append"
        ],
        [
          "Seq Scan",
          "Hash Join",
          "Hash",
          "Sort",
          "Merge Join",
          "Aggregate",
          "Gather Merge",
          "Merge Append"
        ],
        [
          "Seq Scan",
          "Hash Join",
          "Hash",
          "Sort",
          "Merge Join",
          "Aggregate",
          "Gather Merge",
          "Merge Append"
        ],
        [
          "Seq Scan",
          "Hash",
          "Hash Join",
          "Sort",
          "Merge Join",
          "Aggregate",
          "Gather Merge",
          "Merge Append"
        ],
        [
          "Seq Scan",
          "Sort",
          "Merge Join",
          "Aggregate",
          "Gather Merge",
          "Merge Append"
        ],
        [
          "Seq Scan",
          "Hash Join",
          "Sort",
          "Merge Join",
          "Aggregate",
          "Gather Merge",
          "Merge Append"
        ],
        [
          "Seq Scan",
          "Hash Join",
          "Hash",
          "Sort",
          "Merge Join",
          "Aggregate",
          "Gather Merge",
          "Merge Append"
        ],
        [
          "Seq Scan",
          "Hash Join",
          "Hash",
          "Sort",
          "Merge Join",
          "Aggregate",
          "Gather Merge",
          "Merge Append"
        ],
        [
          "Seq Scan",
          "Hash",
          "Hash Join",
          "Sort",
          "Merge Join",
          "Aggregate",
          "Gather Merge",
          "Merge Append"
        ],
        [
          "Seq Scan",
          "Sort",
          "Merge Join",
          "Aggregate",
          "Gather Merge",
          "Merge Append"
        ],
        [
          "Seq Scan",
          "Hash Join",
          "Gather",
          "Sort",
          "Aggregate",
          "Merge Append"
        ],
        [
          "Seq Scan",
          "Hash Join",
          "Hash",
          "Gather",
          "Sort",
          "Aggregate",
          "Merge Append"
        ],
        [
          "Seq Scan",
          "Hash Join",
          "Hash",
          "Gather",
          "Sort",
          "Aggregate",
          "Merge Append"
        ],
        [
          "Seq Scan",
          "Hash",
          "Hash Join",
          "Gather",
          "Sort",
          "Aggregate",
          "Merge Append"
        ],
        [
          "Seq Scan",
          "Hash",
          "Hash Join",
          "Sort",
          "Aggregate",
          "Merge Append"
        ]
      ],
      "index_shape": [
        "join"
      ],
      "physical_operator": {
        "Hash Join": [
          0.00485071250072666
        ]
      }
    }
  },
  {
    "query": "with ss as (\n select i_item_id,sum(ss_ext_sales_price) total_sales\n from\n \tstore_sales,\n \tdate_dim,\n         customer_address,\n         item\n where i_item_id in (select\n     i_item_id\nfrom item\nwhere i_color in ('beige','salmon','yellow'))\n and     ss_item_sk              = i_item_sk\n and     ss_sold_date_sk         = d_date_sk\n and     d_year                  = 2001\n and     d_moy                   = 5\n and     ss_addr_sk              = ca_address_sk\n and     ca_gmt_offset           = -7 \n group by i_item_id),\n cs as (\n select i_item_id,sum(cs_ext_sales_price) total_sales\n from\n \tcatalog_sales,\n \tdate_dim,\n         customer_address,\n         item\n where\n         i_item_id               in (select\n  i_item_id\nfrom item\nwhere i_color in ('beige','salmon','yellow'))\n and     cs_item_sk              = i_item_sk\n and     cs_sold_date_sk         = d_date_sk\n and     d_year                  = 2001\n and     d_moy                   = 5\n and     cs_bill_addr_sk         = ca_address_sk\n and     ca_gmt_offset           = -7 \n group by i_item_id),\n ws as (\n select i_item_id,sum(ws_ext_sales_price) total_sales\n from\n \tweb_sales,\n \tdate_dim,\n         customer_address,\n         item\n where\n         i_item_id               in (select\n  i_item_id\nfrom item\nwhere i_color in ('beige','salmon','yellow'))\n and     ws_item_sk              = i_item_sk\n and     ws_sold_date_sk         = d_date_sk\n and     d_year                  = 2001\n and     d_moy                   = 5\n and     ws_bill_addr_sk         = ca_address_sk\n and     ca_gmt_offset           = -7\n group by i_item_id)\n  select  i_item_id ,sum(total_sales) total_sales\n from  (select * from ss \n        union all\n        select * from cs \n        union all\n        select * from ws) tmp1\n group by i_item_id\n order by total_sales,\n          i_item_id\n limit 100;\n\n-- end query 40 in stream 1 using template query56.tpl\n",
    "indexes": "store_sales.ss_addr_sk",
    "wo plan est": {
      "Node Type": "Limit",
      "Parallel Aware": false,
      "Async Capable": false,
      "Startup Cost": 1445461.5,
      "Total Cost": 1445461.75,
      "Plan Rows": 100,
      "Plan Width": 49,
      "Plans": [
        {
          "Node Type": "Sort",
          "Parent Relationship": "Outer",
          "Parallel Aware": false,
          "Async Capable": false,
          "Startup Cost": 1445461.5,
          "Total Cost": 1445462.0,
          "Plan Rows": 200,
          "Plan Width": 49,
          "Sort Key": [
            "(sum((sum(store_sales.ss_ext_sales_price))))",
            "item.i_item_id"
          ],
          "Plans": [
            {
              "Node Type": "Aggregate",
              "Strategy": "Sorted",
              "Partial Mode": "Simple",
              "Parent Relationship": "Outer",
              "Parallel Aware": false,
              "Async Capable": false,
              "Startup Cost": 1445365.0,
              "Total Cost": 1445453.86,
              "Plan Rows": 200,
              "Plan Width": 49,
              "Group Key": [
                "item.i_item_id"
              ],
              "Plans": [
                {
                  "Node Type": "Merge Append",
                  "Parent Relationship": "Outer",
                  "Parallel Aware": false,
                  "Async Capable": false,
                  "Startup Cost": 1445365.0,
                  "Total Cost": 1445450.15,
                  "Plan Rows": 241,
                  "Plan Width": 49,
                  "Sort Key": [
                    "item.i_item_id"
                  ],
                  "Subplans Removed": 0,
                  "Plans": [
                    {
                      "Node Type": "Aggregate",
                      "Strategy": "Sorted",
                      "Partial Mode": "Finalize",
                      "Parent Relationship": "Member",
                      "Parallel Aware": false,
                      "Async Capable": false,
                      "Startup Cost": 708085.33,
                      "Total Cost": 708129.17,
                      "Plan Rows": 133,
                      "Plan Width": 49,
                      "Group Key": [
                        "item.i_item_id"
                      ],
                      "Plans": [
                        {
                          "Node Type": "Gather Merge",
                          "Parent Relationship": "Outer",
                          "Parallel Aware": false,
                          "Async Capable": false,
                          "Startup Cost": 708085.33,
                          "Total Cost": 708126.68,
                          "Plan Rows": 110,
                          "Plan Width": 49,
                          "Workers Planned": 2,
                          "Plans": [
                            {
                              "Node Type": "Aggregate",
                              "Strategy": "Sorted",
                              "Partial Mode": "Partial",
                              "Parent Relationship": "Outer",
                              "Parallel Aware": false,
                              "Async Capable": false,
                              "Startup Cost": 707085.31,
                              "Total Cost": 707113.96,
                              "Plan Rows": 55,
                              "Plan Width": 49,
                              "Group Key": [
                                "item.i_item_id"
                              ],
                              "Plans": [
                                {
                                  "Node Type": "Merge Join",
                                  "Parent Relationship": "Outer",
                                  "Parallel Aware": false,
                                  "Async Capable": false,
                                  "Join Type": "Semi",
                                  "Startup Cost": 707085.31,
                                  "Total Cost": 707113.0,
                                  "Plan Rows": 55,
                                  "Plan Width": 23,
                                  "Inner Unique": false,
                                  "Merge Cond": "(item.i_item_id = item_1.i_item_id)",
                                  "Plans": [
                                    {
                                      "Node Type": "Sort",
                                      "Parent Relationship": "Outer",
                                      "Parallel Aware": false,
                                      "Async Capable": false,
                                      "Startup Cost": 698417.1,
                                      "Total Cost": 698418.37,
                                      "Plan Rows": 508,
                                      "Plan Width": 23,
                                      "Sort Key": [
                                        "item.i_item_id"
                                      ],
                                      "Plans": [
                                        {
                                          "Node Type": "Hash Join",
                                          "Parent Relationship": "Outer",
                                          "Parallel Aware": true,
                                          "Async Capable": false,
                                          "Join Type": "Inner",
                                          "Startup Cost": 690843.77,
                                          "Total Cost": 698394.27,
                                          "Plan Rows": 508,
                                          "Plan Width": 23,
                                          "Inner Unique": false,
                                          "Hash Cond": "(item.i_item_sk = store_sales.ss_item_sk)",
                                          "Plans": [
                                            {
                                              "Node Type": "Seq Scan",
                                              "Parent Relationship": "Outer",
                                              "Parallel Aware": true,
                                              "Async Capable": false,
                                              "Relation Name": "item",
                                              "Alias": "item",
                                              "Startup Cost": 0.0,
                                              "Total Cost": 7389.0,
                                              "Plan Rows": 42500,
                                              "Plan Width": 21,
                                              "parent": 9,
                                              "ID": 10
                                            },
                                            {
                                              "Node Type": "Hash",
                                              "Parent Relationship": "Inner",
                                              "Parallel Aware": true,
                                              "Async Capable": false,
                                              "Startup Cost": 690837.42,
                                              "Total Cost": 690837.42,
                                              "Plan Rows": 508,
                                              "Plan Width": 10,
                                              "Plans": [
                                                {
                                                  "Node Type": "Hash Join",
                                                  "Parent Relationship": "Outer",
                                                  "Parallel Aware": true,
                                                  "Async Capable": false,
                                                  "Join Type": "Inner",
                                                  "Startup Cost": 684055.5,
                                                  "Total Cost": 690837.42,
                                                  "Plan Rows": 508,
                                                  "Plan Width": 10,
                                                  "Inner Unique": false,
                                                  "Hash Cond": "(customer_address.ca_address_sk = store_sales.ss_addr_sk)",
                                                  "Plans": [
                                                    {
                                                      "Node Type": "Seq Scan",
                                                      "Parent Relationship": "Outer",
                                                      "Parallel Aware": true,
                                                      "Async Capable": false,
                                                      "Relation Name": "customer_address",
                                                      "Alias": "customer_address",
                                                      "Startup Cost": 0.0,
                                                      "Total Cost": 6737.08,
                                                      "Plan Rows": 11392,
                                                      "Plan Width": 4,
                                                      "Filter": "(ca_gmt_offset = '-7'::numeric)",
                                                      "parent": 12,
                                                      "ID": 13
                                                    },
                                                    {
                                                      "Node Type": "Hash",
                                                      "Parent Relationship": "Inner",
                                                      "Parallel Aware": true,
                                                      "Async Capable": false,
                                                      "Startup Cost": 683994.75,
                                                      "Total Cost": 683994.75,
                                                      "Plan Rows": 4860,
                                                      "Plan Width": 14,
                                                      "Plans": [
                                                        {
                                                          "Node Type": "Hash Join",
                                                          "Parent Relationship": "Outer",
                                                          "Parallel Aware": true,
                                                          "Async Capable": false,
                                                          "Join Type": "Inner",
                                                          "Startup Cost": 2049.78,
                                                          "Total Cost": 683994.75,
                                                          "Plan Rows": 4860,
                                                          "Plan Width": 14,
                                                          "Inner Unique": false,
                                                          "Hash Cond": "(store_sales.ss_sold_date_sk = date_dim.d_date_sk)",
                                                          "Plans": [
                                                            {
                                                              "Node Type": "Seq Scan",
                                                              "Parent Relationship": "Outer",
                                                              "Parallel Aware": true,
                                                              "Async Capable": false,
                                                              "Relation Name": "store_sales",
                                                              "Alias": "store_sales",
                                                              "Startup Cost": 0.0,
                                                              "Total Cost": 636914.37,
                                                              "Plan Rows": 12000637,
                                                              "Plan Width": 18,
                                                              "parent": 15,
                                                              "ID": 16
                                                            },
                                                            {
                                                              "Node Type": "Hash",
                                                              "Parent Relationship": "Inner",
                                                              "Parallel Aware": true,
                                                              "Async Capable": false,
                                                              "Startup Cost": 2049.55,
                                                              "Total Cost": 2049.55,
                                                              "Plan Rows": 18,
                                                              "Plan Width": 4,
                                                              "Plans": [
                                                                {
                                                                  "Node Type": "Seq Scan",
                                                                  "Parent Relationship": "Outer",
                                                                  "Parallel Aware": true,
                                                                  "Async Capable": false,
                                                                  "Relation Name": "date_dim",
                                                                  "Alias": "date_dim",
                                                                  "Startup Cost": 0.0,
                                                                  "Total Cost": 2049.55,
                                                                  "Plan Rows": 18,
                                                                  "Plan Width": 4,
                                                                  "Filter": "((d_year = 2001) AND (d_moy = 5))",
                                                                  "parent": 17,
                                                                  "ID": 18
                                                                }
                                                              ],
                                                              "parent": 15,
                                                              "ID": 17,
                                                              "left": 18
                                                            }
                                                          ],
                                                          "parent": 14,
                                                          "ID": 15,
                                                          "left": 16,
                                                          "right": 17
                                                        }
                                                      ],
                                                      "parent": 12,
                                                      "ID": 14,
                                                      "left": 15
                                                    }
                                                  ],
                                                  "parent": 11,
                                                  "ID": 12,
                                                  "left": 13,
                                                  "right": 14
                                                }
                                              ],
                                              "parent": 9,
                                              "ID": 11,
                                              "left": 12
                                            }
                                          ],
                                          "parent": 8,
                                          "ID": 9,
                                          "left": 10,
                                          "right": 11
                                        }
                                      ],
                                      "parent": 7,
                                      "ID": 8,
                                      "left": 9
                                    },
                                    {
                                      "Node Type": "Sort",
                                      "Parent Relationship": "Inner",
                                      "Parallel Aware": false,
                                      "Async Capable": false,
                                      "Startup Cost": 8668.21,
                                      "Total Cost": 8680.51,
                                      "Plan Rows": 4920,
                                      "Plan Width": 17,
                                      "Sort Key": [
                                        "item_1.i_item_id"
                                      ],
                                      "Plans": [
                                        {
                                          "Node Type": "Seq Scan",
                                          "Parent Relationship": "Outer",
                                          "Parallel Aware": false,
                                          "Async Capable": false,
                                          "Relation Name": "item",
                                          "Alias": "item_1",
                                          "Startup Cost": 0.0,
                                          "Total Cost": 8366.5,
                                          "Plan Rows": 4920,
                                          "Plan Width": 17,
                                          "Filter": "(i_color = ANY ('{beige,salmon,yellow}'::bpchar[]))",
                                          "parent": 19,
                                          "ID": 20
                                        }
                                      ],
                                      "parent": 7,
                                      "ID": 19,
                                      "left": 20
                                    }
                                  ],
                                  "parent": 6,
                                  "ID": 7,
                                  "left": 8,
                                  "right": 19
                                }
                              ],
                              "parent": 5,
                              "ID": 6,
                              "left": 7
                            }
                          ],
                          "parent": 4,
                          "ID": 5,
                          "left": 6
                        }
                      ],
                      "parent": 3,
                      "ID": 4,
                      "left": 5
                    },
                    {
                      "Node Type": "Aggregate",
                      "Strategy": "Sorted",
                      "Partial Mode": "Finalize",
                      "Parent Relationship": "Member",
                      "Parallel Aware": false,
                      "Async Capable": false,
                      "Startup Cost": 482370.83,
                      "Total Cost": 482405.91,
                      "Plan Rows": 72,
                      "Plan Width": 49,
                      "Group Key": [
                        "item_2.i_item_id"
                      ],
                      "Plans": [
                        {
                          "Node Type": "Gather Merge",
                          "Parent Relationship": "Outer",
                          "Parallel Aware": false,
                          "Async Capable": false,
                          "Startup Cost": 482370.83,
                          "Total Cost": 482404.56,
                          "Plan Rows": 60,
                          "Plan Width": 49,
                          "Workers Planned": 2,
                          "Plans": [
                            {
                              "Node Type": "Aggregate",
                              "Strategy": "Sorted",
                              "Partial Mode": "Partial",
                              "Parent Relationship": "Outer",
                              "Parallel Aware": false,
                              "Async Capable": false,
                              "Startup Cost": 481370.81,
                              "Total Cost": 481397.61,
                              "Plan Rows": 30,
                              "Plan Width": 49,
                              "Group Key": [
                                "item_2.i_item_id"
                              ],
                              "Plans": [
                                {
                                  "Node Type": "Merge Join",
                                  "Parent Relationship": "Outer",
                                  "Parallel Aware": false,
                                  "Async Capable": false,
                                  "Join Type": "Semi",
                                  "Startup Cost": 481370.81,
                                  "Total Cost": 481397.09,
                                  "Plan Rows": 30,
                                  "Plan Width": 23,
                                  "Inner Unique": false,
                                  "Merge Cond": "(item_2.i_item_id = item_3.i_item_id)",
                                  "Plans": [
                                    {
                                      "Node Type": "Sort",
                                      "Parent Relationship": "Outer",
                                      "Parallel Aware": false,
                                      "Async Capable": false,
                                      "Startup Cost": 472702.61,
                                      "Total Cost": 472703.29,
                                      "Plan Rows": 275,
                                      "Plan Width": 23,
                                      "Sort Key": [
                                        "item_2.i_item_id"
                                      ],
                                      "Plans": [
                                        {
                                          "Node Type": "Hash Join",
                                          "Parent Relationship": "Outer",
                                          "Parallel Aware": true,
                                          "Async Capable": false,
                                          "Join Type": "Inner",
                                          "Startup Cost": 465141.94,
                                          "Total Cost": 472691.46,
                                          "Plan Rows": 275,
                                          "Plan Width": 23,
                                          "Inner Unique": false,
                                          "Hash Cond": "(item_2.i_item_sk = catalog_sales.cs_item_sk)",
                                          "Plans": [
                                            {
                                              "Node Type": "Seq Scan",
                                              "Parent Relationship": "Outer",
                                              "Parallel Aware": true,
                                              "Async Capable": false,
                                              "Relation Name": "item",
                                              "Alias": "item_2",
                                              "Startup Cost": 0.0,
                                              "Total Cost": 7389.0,
                                              "Plan Rows": 42500,
                                              "Plan Width": 21,
                                              "parent": 26,
                                              "ID": 27
                                            },
                                            {
                                              "Node Type": "Hash",
                                              "Parent Relationship": "Inner",
                                              "Parallel Aware": true,
                                              "Async Capable": false,
                                              "Startup Cost": 465138.5,
                                              "Total Cost": 465138.5,
                                              "Plan Rows": 275,
                                              "Plan Width": 10,
                                              "Plans": [
                                                {
                                                  "Node Type": "Hash Join",
                                                  "Parent Relationship": "Outer",
                                                  "Parallel Aware": true,
                                                  "Async Capable": false,
                                                  "Join Type": "Inner",
                                                  "Startup Cost": 458286.35,
                                                  "Total Cost": 465138.5,
                                                  "Plan Rows": 275,
                                                  "Plan Width": 10,
                                                  "Inner Unique": false,
                                                  "Hash Cond": "(customer_address_1.ca_address_sk = catalog_sales.cs_bill_addr_sk)",
                                                  "Plans": [
                                                    {
                                                      "Node Type": "Seq Scan",
                                                      "Parent Relationship": "Outer",
                                                      "Parallel Aware": true,
                                                      "Async Capable": false,
                                                      "Relation Name": "customer_address",
                                                      "Alias": "customer_address_1",
                                                      "Startup Cost": 0.0,
                                                      "Total Cost": 6737.08,
                                                      "Plan Rows": 11392,
                                                      "Plan Width": 4,
                                                      "Filter": "(ca_gmt_offset = '-7'::numeric)",
                                                      "parent": 29,
                                                      "ID": 30
                                                    },
                                                    {
                                                      "Node Type": "Hash",
                                                      "Parent Relationship": "Inner",
                                                      "Parallel Aware": true,
                                                      "Async Capable": false,
                                                      "Startup Cost": 458254.7,
                                                      "Total Cost": 458254.7,
                                                      "Plan Rows": 2532,
                                                      "Plan Width": 14,
                                                      "Plans": [
                                                        {
                                                          "Node Type": "Hash Join",
                                                          "Parent Relationship": "Outer",
                                                          "Parallel Aware": true,
                                                          "Async Capable": false,
                                                          "Join Type": "Inner",
                                                          "Startup Cost": 2049.78,
                                                          "Total Cost": 458254.7,
                                                          "Plan Rows": 2532,
                                                          "Plan Width": 14,
                                                          "Inner Unique": false,
                                                          "Hash Cond": "(catalog_sales.cs_sold_date_sk = date_dim_1.d_date_sk)",
                                                          "Plans": [
                                                            {
                                                              "Node Type": "Seq Scan",
                                                              "Parent Relationship": "Outer",
                                                              "Parallel Aware": true,
                                                              "Async Capable": false,
                                                              "Relation Name": "catalog_sales",
                                                              "Alias": "catalog_sales",
                                                              "Startup Cost": 0.0,
                                                              "Total Cost": 433688.25,
                                                              "Plan Rows": 6000525,
                                                              "Plan Width": 18,
                                                              "parent": 32,
                                                              "ID": 33
                                                            },
                                                            {
                                                              "Node Type": "Hash",
                                                              "Parent Relationship": "Inner",
                                                              "Parallel Aware": true,
                                                              "Async Capable": false,
                                                              "Startup Cost": 2049.55,
                                                              "Total Cost": 2049.55,
                                                              "Plan Rows": 18,
                                                              "Plan Width": 4,
                                                              "Plans": [
                                                                {
                                                                  "Node Type": "Seq Scan",
                                                                  "Parent Relationship": "Outer",
                                                                  "Parallel Aware": true,
                                                                  "Async Capable": false,
                                                                  "Relation Name": "date_dim",
                                                                  "Alias": "date_dim_1",
                                                                  "Startup Cost": 0.0,
                                                                  "Total Cost": 2049.55,
                                                                  "Plan Rows": 18,
                                                                  "Plan Width": 4,
                                                                  "Filter": "((d_year = 2001) AND (d_moy = 5))",
                                                                  "parent": 34,
                                                                  "ID": 35
                                                                }
                                                              ],
                                                              "parent": 32,
                                                              "ID": 34,
                                                              "left": 35
                                                            }
                                                          ],
                                                          "parent": 31,
                                                          "ID": 32,
                                                          "left": 33,
                                                          "right": 34
                                                        }
                                                      ],
                                                      "parent": 29,
                                                      "ID": 31,
                                                      "left": 32
                                                    }
                                                  ],
                                                  "parent": 28,
                                                  "ID": 29,
                                                  "left": 30,
                                                  "right": 31
                                                }
                                              ],
                                              "parent": 26,
                                              "ID": 28,
                                              "left": 29
                                            }
                                          ],
                                          "parent": 25,
                                          "ID": 26,
                                          "left": 27,
                                          "right": 28
                                        }
                                      ],
                                      "parent": 24,
                                      "ID": 25,
                                      "left": 26
                                    },
                                    {
                                      "Node Type": "Sort",
                                      "Parent Relationship": "Inner",
                                      "Parallel Aware": false,
                                      "Async Capable": false,
                                      "Startup Cost": 8668.21,
                                      "Total Cost": 8680.51,
                                      "Plan Rows": 4920,
                                      "Plan Width": 17,
                                      "Sort Key": [
                                        "item_3.i_item_id"
                                      ],
                                      "Plans": [
                                        {
                                          "Node Type": "Seq Scan",
                                          "Parent Relationship": "Outer",
                                          "Parallel Aware": false,
                                          "Async Capable": false,
                                          "Relation Name": "item",
                                          "Alias": "item_3",
                                          "Startup Cost": 0.0,
                                          "Total Cost": 8366.5,
                                          "Plan Rows": 4920,
                                          "Plan Width": 17,
                                          "Filter": "(i_color = ANY ('{beige,salmon,yellow}'::bpchar[]))",
                                          "parent": 36,
                                          "ID": 37
                                        }
                                      ],
                                      "parent": 24,
                                      "ID": 36,
                                      "left": 37
                                    }
                                  ],
                                  "parent": 23,
                                  "ID": 24,
                                  "left": 25,
                                  "right": 36
                                }
                              ],
                              "parent": 22,
                              "ID": 23,
                              "left": 24
                            }
                          ],
                          "parent": 21,
                          "ID": 22,
                          "left": 23
                        }
                      ],
                      "parent": 3,
                      "ID": 21,
                      "left": 22
                    },
                    {
                      "Node Type": "Aggregate",
                      "Strategy": "Sorted",
                      "Partial Mode": "Simple",
                      "Parent Relationship": "Member",
                      "Parallel Aware": false,
                      "Async Capable": false,
                      "Startup Cost": 254908.81,
                      "Total Cost": 254909.53,
                      "Plan Rows": 36,
                      "Plan Width": 49,
                      "Group Key": [
                        "item_4.i_item_id"
                      ],
                      "Plans": [
                        {
                          "Node Type": "Sort",
                          "Parent Relationship": "Outer",
                          "Parallel Aware": false,
                          "Async Capable": false,
                          "Startup Cost": 254908.81,
                          "Total Cost": 254908.9,
                          "Plan Rows": 36,
                          "Plan Width": 23,
                          "Sort Key": [
                            "item_4.i_item_id"
                          ],
                          "Plans": [
                            {
                              "Node Type": "Hash Join",
                              "Parent Relationship": "Outer",
                              "Parallel Aware": false,
                              "Async Capable": false,
                              "Join Type": "Semi",
                              "Startup Cost": 247324.2,
                              "Total Cost": 254907.88,
                              "Plan Rows": 36,
                              "Plan Width": 23,
                              "Inner Unique": false,
                              "Hash Cond": "(item_4.i_item_id = item_5.i_item_id)",
                              "Plans": [
                                {
                                  "Node Type": "Gather",
                                  "Parent Relationship": "Outer",
                                  "Parallel Aware": false,
                                  "Async Capable": false,
                                  "Startup Cost": 238896.2,
                                  "Total Cost": 246478.56,
                                  "Plan Rows": 334,
                                  "Plan Width": 23,
                                  "Workers Planned": 2,
                                  "Single Copy": false,
                                  "Plans": [
                                    {
                                      "Node Type": "Hash Join",
                                      "Parent Relationship": "Outer",
                                      "Parallel Aware": true,
                                      "Async Capable": false,
                                      "Join Type": "Inner",
                                      "Startup Cost": 237896.2,
                                      "Total Cost": 245445.16,
                                      "Plan Rows": 139,
                                      "Plan Width": 23,
                                      "Inner Unique": false,
                                      "Hash Cond": "(item_4.i_item_sk = web_sales.ws_item_sk)",
                                      "Plans": [
                                        {
                                          "Node Type": "Seq Scan",
                                          "Parent Relationship": "Outer",
                                          "Parallel Aware": true,
                                          "Async Capable": false,
                                          "Relation Name": "item",
                                          "Alias": "item_4",
                                          "Startup Cost": 0.0,
                                          "Total Cost": 7389.0,
                                          "Plan Rows": 42500,
                                          "Plan Width": 21,
                                          "parent": 42,
                                          "ID": 43
                                        },
                                        {
                                          "Node Type": "Hash",
                                          "Parent Relationship": "Inner",
                                          "Parallel Aware": true,
                                          "Async Capable": false,
                                          "Startup Cost": 237894.46,
                                          "Total Cost": 237894.46,
                                          "Plan Rows": 139,
                                          "Plan Width": 10,
                                          "Plans": [
                                            {
                                              "Node Type": "Hash Join",
                                              "Parent Relationship": "Outer",
                                              "Parallel Aware": true,
                                              "Async Capable": false,
                                              "Join Type": "Inner",
                                              "Startup Cost": 231057.12,
                                              "Total Cost": 237894.46,
                                              "Plan Rows": 139,
                                              "Plan Width": 10,
                                              "Inner Unique": false,
                                              "Hash Cond": "(customer_address_2.ca_address_sk = web_sales.ws_bill_addr_sk)",
                                              "Plans": [
                                                {
                                                  "Node Type": "Seq Scan",
                                                  "Parent Relationship": "Outer",
                                                  "Parallel Aware": true,
                                                  "Async Capable": false,
                                                  "Relation Name": "customer_address",
                                                  "Alias": "customer_address_2",
                                                  "Startup Cost": 0.0,
                                                  "Total Cost": 6737.08,
                                                  "Plan Rows": 11392,
                                                  "Plan Width": 4,
                                                  "Filter": "(ca_gmt_offset = '-7'::numeric)",
                                                  "parent": 45,
                                                  "ID": 46
                                                },
                                                {
                                                  "Node Type": "Hash",
                                                  "Parent Relationship": "Inner",
                                                  "Parallel Aware": true,
                                                  "Async Capable": false,
                                                  "Startup Cost": 231041.22,
                                                  "Total Cost": 231041.22,
                                                  "Plan Rows": 1272,
                                                  "Plan Width": 14,
                                                  "Plans": [
                                                    {
                                                      "Node Type": "Hash Join",
                                                      "Parent Relationship": "Outer",
                                                      "Parallel Aware": true,
                                                      "Async Capable": false,
                                                      "Join Type": "Inner",
                                                      "Startup Cost": 2049.78,
                                                      "Total Cost": 231041.22,
                                                      "Plan Rows": 1272,
                                                      "Plan Width": 14,
                                                      "Inner Unique": false,
                                                      "Hash Cond": "(web_sales.ws_sold_date_sk = date_dim_2.d_date_sk)",
                                                      "Plans": [
                                                        {
                                                          "Node Type": "Seq Scan",
                                                          "Parent Relationship": "Outer",
                                                          "Parallel Aware": true,
                                                          "Async Capable": false,
                                                          "Relation Name": "web_sales",
                                                          "Alias": "web_sales",
                                                          "Startup Cost": 0.0,
                                                          "Total Cost": 217737.86,
                                                          "Plan Rows": 2998986,
                                                          "Plan Width": 18,
                                                          "parent": 48,
                                                          "ID": 49
                                                        },
                                                        {
                                                          "Node Type": "Hash",
                                                          "Parent Relationship": "Inner",
                                                          "Parallel Aware": true,
                                                          "Async Capable": false,
                                                          "Startup Cost": 2049.55,
                                                          "Total Cost": 2049.55,
                                                          "Plan Rows": 18,
                                                          "Plan Width": 4,
                                                          "Plans": [
                                                            {
                                                              "Node Type": "Seq Scan",
                                                              "Parent Relationship": "Outer",
                                                              "Parallel Aware": true,
                                                              "Async Capable": false,
                                                              "Relation Name": "date_dim",
                                                              "Alias": "date_dim_2",
                                                              "Startup Cost": 0.0,
                                                              "Total Cost": 2049.55,
                                                              "Plan Rows": 18,
                                                              "Plan Width": 4,
                                                              "Filter": "((d_year = 2001) AND (d_moy = 5))",
                                                              "parent": 50,
                                                              "ID": 51
                                                            }
                                                          ],
                                                          "parent": 48,
                                                          "ID": 50,
                                                          "left": 51
                                                        }
                                                      ],
                                                      "parent": 47,
                                                      "ID": 48,
                                                      "left": 49,
                                                      "right": 50
                                                    }
                                                  ],
                                                  "parent": 45,
                                                  "ID": 47,
                                                  "left": 48
                                                }
                                              ],
                                              "parent": 44,
                                              "ID": 45,
                                              "left": 46,
                                              "right": 47
                                            }
                                          ],
                                          "parent": 42,
                                          "ID": 44,
                                          "left": 45
                                        }
                                      ],
                                      "parent": 41,
                                      "ID": 42,
                                      "left": 43,
                                      "right": 44
                                    }
                                  ],
                                  "parent": 40,
                                  "ID": 41,
                                  "left": 42
                                },
                                {
                                  "Node Type": "Hash",
                                  "Parent Relationship": "Inner",
                                  "Parallel Aware": false,
                                  "Async Capable": false,
                                  "Startup Cost": 8366.5,
                                  "Total Cost": 8366.5,
                                  "Plan Rows": 4920,
                                  "Plan Width": 17,
                                  "Plans": [
                                    {
                                      "Node Type": "Seq Scan",
                                      "Parent Relationship": "Outer",
                                      "Parallel Aware": false,
                                      "Async Capable": false,
                                      "Relation Name": "item",
                                      "Alias": "item_5",
                                      "Startup Cost": 0.0,
                                      "Total Cost": 8366.5,
                                      "Plan Rows": 4920,
                                      "Plan Width": 17,
                                      "Filter": "(i_color = ANY ('{beige,salmon,yellow}'::bpchar[]))",
                                      "parent": 52,
                                      "ID": 53
                                    }
                                  ],
                                  "parent": 40,
                                  "ID": 52,
                                  "left": 53
                                }
                              ],
                              "parent": 39,
                              "ID": 40,
                              "left": 41,
                              "right": 52
                            }
                          ],
                          "parent": 38,
                          "ID": 39,
                          "left": 40
                        }
                      ],
                      "parent": 3,
                      "ID": 38,
                      "left": 39
                    }
                  ],
                  "parent": 2,
                  "ID": 3,
                  "left": 4,
                  "right": 21
                }
              ],
              "parent": 1,
              "ID": 2,
              "left": 3
            }
          ],
          "parent": 0,
          "ID": 1,
          "left": 2
        }
      ],
      "parent": null,
      "ID": 0,
      "left": 1
    },
    "feat": {
      "utility": 0.005770583017992902,
      "query_shape": [
        [
          "Seq Scan",
          "Hash Join",
          "Sort",
          "Merge Join",
          "Aggregate",
          "Gather Merge",
          "Merge Append"
        ],
        [
          "Seq Scan",
          "Hash Join",
          "Hash",
          "Sort",
          "Merge Join",
          "Aggregate",
          "Gather Merge",
          "Merge Append"
        ],
        [
          "Seq Scan",
          "Hash Join",
          "Hash",
          "Sort",
          "Merge Join",
          "Aggregate",
          "Gather Merge",
          "Merge Append"
        ],
        [
          "Seq Scan",
          "Hash",
          "Hash Join",
          "Sort",
          "Merge Join",
          "Aggregate",
          "Gather Merge",
          "Merge Append"
        ],
        [
          "Seq Scan",
          "Sort",
          "Merge Join",
          "Aggregate",
          "Gather Merge",
          "Merge Append"
        ],
        [
          "Seq Scan",
          "Hash Join",
          "Sort",
          "Merge Join",
          "Aggregate",
          "Gather Merge",
          "Merge Append"
        ],
        [
          "Seq Scan",
          "Hash Join",
          "Hash",
          "Sort",
          "Merge Join",
          "Aggregate",
          "Gather Merge",
          "Merge Append"
        ],
        [
          "Seq Scan",
          "Hash Join",
          "Hash",
          "Sort",
          "Merge Join",
          "Aggregate",
          "Gather Merge",
          "Merge Append"
        ],
        [
          "Seq Scan",
          "Hash",
          "Hash Join",
          "Sort",
          "Merge Join",
          "Aggregate",
          "Gather Merge",
          "Merge Append"
        ],
        [
          "Seq Scan",
          "Sort",
          "Merge Join",
          "Aggregate",
          "Gather Merge",
          "Merge Append"
        ],
        [
          "Seq Scan",
          "Hash Join",
          "Gather",
          "Sort",
          "Aggregate",
          "Merge Append"
        ],
        [
          "Seq Scan",
          "Hash Join",
          "Hash",
          "Gather",
          "Sort",
          "Aggregate",
          "Merge Append"
        ],
        [
          "Seq Scan",
          "Hash Join",
          "Hash",
          "Gather",
          "Sort",
          "Aggregate",
          "Merge Append"
        ],
        [
          "Seq Scan",
          "Hash",
          "Hash Join",
          "Gather",
          "Sort",
          "Aggregate",
          "Merge Append"
        ],
        [
          "Seq Scan",
          "Hash",
          "Hash Join",
          "Sort",
          "Aggregate",
          "Merge Append"
        ]
      ],
      "index_shape": [
        "join"
      ],
      "physical_operator": {
        "Hash Join": [
          0.003029100853606503
        ]
      }
    }
  },
  {
    "query": "with ss as (\n select i_item_id,sum(ss_ext_sales_price) total_sales\n from\n \tstore_sales,\n \tdate_dim,\n         customer_address,\n         item\n where i_item_id in (select\n     i_item_id\nfrom item\nwhere i_color in ('beige','salmon','yellow'))\n and     ss_item_sk              = i_item_sk\n and     ss_sold_date_sk         = d_date_sk\n and     d_year                  = 2001\n and     d_moy                   = 5\n and     ss_addr_sk              = ca_address_sk\n and     ca_gmt_offset           = -7 \n group by i_item_id),\n cs as (\n select i_item_id,sum(cs_ext_sales_price) total_sales\n from\n \tcatalog_sales,\n \tdate_dim,\n         customer_address,\n         item\n where\n         i_item_id               in (select\n  i_item_id\nfrom item\nwhere i_color in ('beige','salmon','yellow'))\n and     cs_item_sk              = i_item_sk\n and     cs_sold_date_sk         = d_date_sk\n and     d_year                  = 2001\n and     d_moy                   = 5\n and     cs_bill_addr_sk         = ca_address_sk\n and     ca_gmt_offset           = -7 \n group by i_item_id),\n ws as (\n select i_item_id,sum(ws_ext_sales_price) total_sales\n from\n \tweb_sales,\n \tdate_dim,\n         customer_address,\n         item\n where\n         i_item_id               in (select\n  i_item_id\nfrom item\nwhere i_color in ('beige','salmon','yellow'))\n and     ws_item_sk              = i_item_sk\n and     ws_sold_date_sk         = d_date_sk\n and     d_year                  = 2001\n and     d_moy                   = 5\n and     ws_bill_addr_sk         = ca_address_sk\n and     ca_gmt_offset           = -7\n group by i_item_id)\n  select  i_item_id ,sum(total_sales) total_sales\n from  (select * from ss \n        union all\n        select * from cs \n        union all\n        select * from ws) tmp1\n group by i_item_id\n order by total_sales,\n          i_item_id\n limit 100;\n\n-- end query 40 in stream 1 using template query56.tpl\n",
    "indexes": "store_sales.ss_ext_sales_price",
    "wo plan est": {
      "Node Type": "Limit",
      "Parallel Aware": false,
      "Async Capable": false,
      "Startup Cost": 1445461.5,
      "Total Cost": 1445461.75,
      "Plan Rows": 100,
      "Plan Width": 49,
      "Plans": [
        {
          "Node Type": "Sort",
          "Parent Relationship": "Outer",
          "Parallel Aware": false,
          "Async Capable": false,
          "Startup Cost": 1445461.5,
          "Total Cost": 1445462.0,
          "Plan Rows": 200,
          "Plan Width": 49,
          "Sort Key": [
            "(sum((sum(store_sales.ss_ext_sales_price))))",
            "item.i_item_id"
          ],
          "Plans": [
            {
              "Node Type": "Aggregate",
              "Strategy": "Sorted",
              "Partial Mode": "Simple",
              "Parent Relationship": "Outer",
              "Parallel Aware": false,
              "Async Capable": false,
              "Startup Cost": 1445365.0,
              "Total Cost": 1445453.86,
              "Plan Rows": 200,
              "Plan Width": 49,
              "Group Key": [
                "item.i_item_id"
              ],
              "Plans": [
                {
                  "Node Type": "Merge Append",
                  "Parent Relationship": "Outer",
                  "Parallel Aware": false,
                  "Async Capable": false,
                  "Startup Cost": 1445365.0,
                  "Total Cost": 1445450.15,
                  "Plan Rows": 241,
                  "Plan Width": 49,
                  "Sort Key": [
                    "item.i_item_id"
                  ],
                  "Subplans Removed": 0,
                  "Plans": [
                    {
                      "Node Type": "Aggregate",
                      "Strategy": "Sorted",
                      "Partial Mode": "Finalize",
                      "Parent Relationship": "Member",
                      "Parallel Aware": false,
                      "Async Capable": false,
                      "Startup Cost": 708085.33,
                      "Total Cost": 708129.17,
                      "Plan Rows": 133,
                      "Plan Width": 49,
                      "Group Key": [
                        "item.i_item_id"
                      ],
                      "Plans": [
                        {
                          "Node Type": "Gather Merge",
                          "Parent Relationship": "Outer",
                          "Parallel Aware": false,
                          "Async Capable": false,
                          "Startup Cost": 708085.33,
                          "Total Cost": 708126.68,
                          "Plan Rows": 110,
                          "Plan Width": 49,
                          "Workers Planned": 2,
                          "Plans": [
                            {
                              "Node Type": "Aggregate",
                              "Strategy": "Sorted",
                              "Partial Mode": "Partial",
                              "Parent Relationship": "Outer",
                              "Parallel Aware": false,
                              "Async Capable": false,
                              "Startup Cost": 707085.31,
                              "Total Cost": 707113.96,
                              "Plan Rows": 55,
                              "Plan Width": 49,
                              "Group Key": [
                                "item.i_item_id"
                              ],
                              "Plans": [
                                {
                                  "Node Type": "Merge Join",
                                  "Parent Relationship": "Outer",
                                  "Parallel Aware": false,
                                  "Async Capable": false,
                                  "Join Type": "Semi",
                                  "Startup Cost": 707085.31,
                                  "Total Cost": 707113.0,
                                  "Plan Rows": 55,
                                  "Plan Width": 23,
                                  "Inner Unique": false,
                                  "Merge Cond": "(item.i_item_id = item_1.i_item_id)",
                                  "Plans": [
                                    {
                                      "Node Type": "Sort",
                                      "Parent Relationship": "Outer",
                                      "Parallel Aware": false,
                                      "Async Capable": false,
                                      "Startup Cost": 698417.1,
                                      "Total Cost": 698418.37,
                                      "Plan Rows": 508,
                                      "Plan Width": 23,
                                      "Sort Key": [
                                        "item.i_item_id"
                                      ],
                                      "Plans": [
                                        {
                                          "Node Type": "Hash Join",
                                          "Parent Relationship": "Outer",
                                          "Parallel Aware": true,
                                          "Async Capable": false,
                                          "Join Type": "Inner",
                                          "Startup Cost": 690843.77,
                                          "Total Cost": 698394.27,
                                          "Plan Rows": 508,
                                          "Plan Width": 23,
                                          "Inner Unique": false,
                                          "Hash Cond": "(item.i_item_sk = store_sales.ss_item_sk)",
                                          "Plans": [
                                            {
                                              "Node Type": "Seq Scan",
                                              "Parent Relationship": "Outer",
                                              "Parallel Aware": true,
                                              "Async Capable": false,
                                              "Relation Name": "item",
                                              "Alias": "item",
                                              "Startup Cost": 0.0,
                                              "Total Cost": 7389.0,
                                              "Plan Rows": 42500,
                                              "Plan Width": 21,
                                              "parent": 9,
                                              "ID": 10
                                            },
                                            {
                                              "Node Type": "Hash",
                                              "Parent Relationship": "Inner",
                                              "Parallel Aware": true,
                                              "Async Capable": false,
                                              "Startup Cost": 690837.42,
                                              "Total Cost": 690837.42,
                                              "Plan Rows": 508,
                                              "Plan Width": 10,
                                              "Plans": [
                                                {
                                                  "Node Type": "Hash Join",
                                                  "Parent Relationship": "Outer",
                                                  "Parallel Aware": true,
                                                  "Async Capable": false,
                                                  "Join Type": "Inner",
                                                  "Startup Cost": 684055.5,
                                                  "Total Cost": 690837.42,
                                                  "Plan Rows": 508,
                                                  "Plan Width": 10,
                                                  "Inner Unique": false,
                                                  "Hash Cond": "(customer_address.ca_address_sk = store_sales.ss_addr_sk)",
                                                  "Plans": [
                                                    {
                                                      "Node Type": "Seq Scan",
                                                      "Parent Relationship": "Outer",
                                                      "Parallel Aware": true,
                                                      "Async Capable": false,
                                                      "Relation Name": "customer_address",
                                                      "Alias": "customer_address",
                                                      "Startup Cost": 0.0,
                                                      "Total Cost": 6737.08,
                                                      "Plan Rows": 11392,
                                                      "Plan Width": 4,
                                                      "Filter": "(ca_gmt_offset = '-7'::numeric)",
                                                      "parent": 12,
                                                      "ID": 13
                                                    },
                                                    {
                                                      "Node Type": "Hash",
                                                      "Parent Relationship": "Inner",
                                                      "Parallel Aware": true,
                                                      "Async Capable": false,
                                                      "Startup Cost": 683994.75,
                                                      "Total Cost": 683994.75,
                                                      "Plan Rows": 4860,
                                                      "Plan Width": 14,
                                                      "Plans": [
                                                        {
                                                          "Node Type": "Hash Join",
                                                          "Parent Relationship": "Outer",
                                                          "Parallel Aware": true,
                                                          "Async Capable": false,
                                                          "Join Type": "Inner",
                                                          "Startup Cost": 2049.78,
                                                          "Total Cost": 683994.75,
                                                          "Plan Rows": 4860,
                                                          "Plan Width": 14,
                                                          "Inner Unique": false,
                                                          "Hash Cond": "(store_sales.ss_sold_date_sk = date_dim.d_date_sk)",
                                                          "Plans": [
                                                            {
                                                              "Node Type": "Seq Scan",
                                                              "Parent Relationship": "Outer",
                                                              "Parallel Aware": true,
                                                              "Async Capable": false,
                                                              "Relation Name": "store_sales",
                                                              "Alias": "store_sales",
                                                              "Startup Cost": 0.0,
                                                              "Total Cost": 636914.37,
                                                              "Plan Rows": 12000637,
                                                              "Plan Width": 18,
                                                              "parent": 15,
                                                              "ID": 16
                                                            },
                                                            {
                                                              "Node Type": "Hash",
                                                              "Parent Relationship": "Inner",
                                                              "Parallel Aware": true,
                                                              "Async Capable": false,
                                                              "Startup Cost": 2049.55,
                                                              "Total Cost": 2049.55,
                                                              "Plan Rows": 18,
                                                              "Plan Width": 4,
                                                              "Plans": [
                                                                {
                                                                  "Node Type": "Seq Scan",
                                                                  "Parent Relationship": "Outer",
                                                                  "Parallel Aware": true,
                                                                  "Async Capable": false,
                                                                  "Relation Name": "date_dim",
                                                                  "Alias": "date_dim",
                                                                  "Startup Cost": 0.0,
                                                                  "Total Cost": 2049.55,
                                                                  "Plan Rows": 18,
                                                                  "Plan Width": 4,
                                                                  "Filter": "((d_year = 2001) AND (d_moy = 5))",
                                                                  "parent": 17,
                                                                  "ID": 18
                                                                }
                                                              ],
                                                              "parent": 15,
                                                              "ID": 17,
                                                              "left": 18
                                                            }
                                                          ],
                                                          "parent": 14,
                                                          "ID": 15,
                                                          "left": 16,
                                                          "right": 17
                                                        }
                                                      ],
                                                      "parent": 12,
                                                      "ID": 14,
                                                      "left": 15
                                                    }
                                                  ],
                                                  "parent": 11,
                                                  "ID": 12,
                                                  "left": 13,
                                                  "right": 14
                                                }
                                              ],
                                              "parent": 9,
                                              "ID": 11,
                                              "left": 12
                                            }
                                          ],
                                          "parent": 8,
                                          "ID": 9,
                                          "left": 10,
                                          "right": 11
                                        }
                                      ],
                                      "parent": 7,
                                      "ID": 8,
                                      "left": 9
                                    },
                                    {
                                      "Node Type": "Sort",
                                      "Parent Relationship": "Inner",
                                      "Parallel Aware": false,
                                      "Async Capable": false,
                                      "Startup Cost": 8668.21,
                                      "Total Cost": 8680.51,
                                      "Plan Rows": 4920,
                                      "Plan Width": 17,
                                      "Sort Key": [
                                        "item_1.i_item_id"
                                      ],
                                      "Plans": [
                                        {
                                          "Node Type": "Seq Scan",
                                          "Parent Relationship": "Outer",
                                          "Parallel Aware": false,
                                          "Async Capable": false,
                                          "Relation Name": "item",
                                          "Alias": "item_1",
                                          "Startup Cost": 0.0,
                                          "Total Cost": 8366.5,
                                          "Plan Rows": 4920,
                                          "Plan Width": 17,
                                          "Filter": "(i_color = ANY ('{beige,salmon,yellow}'::bpchar[]))",
                                          "parent": 19,
                                          "ID": 20
                                        }
                                      ],
                                      "parent": 7,
                                      "ID": 19,
                                      "left": 20
                                    }
                                  ],
                                  "parent": 6,
                                  "ID": 7,
                                  "left": 8,
                                  "right": 19
                                }
                              ],
                              "parent": 5,
                              "ID": 6,
                              "left": 7
                            }
                          ],
                          "parent": 4,
                          "ID": 5,
                          "left": 6
                        }
                      ],
                      "parent": 3,
                      "ID": 4,
                      "left": 5
                    },
                    {
                      "Node Type": "Aggregate",
                      "Strategy": "Sorted",
                      "Partial Mode": "Finalize",
                      "Parent Relationship": "Member",
                      "Parallel Aware": false,
                      "Async Capable": false,
                      "Startup Cost": 482370.83,
                      "Total Cost": 482405.91,
                      "Plan Rows": 72,
                      "Plan Width": 49,
                      "Group Key": [
                        "item_2.i_item_id"
                      ],
                      "Plans": [
                        {
                          "Node Type": "Gather Merge",
                          "Parent Relationship": "Outer",
                          "Parallel Aware": false,
                          "Async Capable": false,
                          "Startup Cost": 482370.83,
                          "Total Cost": 482404.56,
                          "Plan Rows": 60,
                          "Plan Width": 49,
                          "Workers Planned": 2,
                          "Plans": [
                            {
                              "Node Type": "Aggregate",
                              "Strategy": "Sorted",
                              "Partial Mode": "Partial",
                              "Parent Relationship": "Outer",
                              "Parallel Aware": false,
                              "Async Capable": false,
                              "Startup Cost": 481370.81,
                              "Total Cost": 481397.61,
                              "Plan Rows": 30,
                              "Plan Width": 49,
                              "Group Key": [
                                "item_2.i_item_id"
                              ],
                              "Plans": [
                                {
                                  "Node Type": "Merge Join",
                                  "Parent Relationship": "Outer",
                                  "Parallel Aware": false,
                                  "Async Capable": false,
                                  "Join Type": "Semi",
                                  "Startup Cost": 481370.81,
                                  "Total Cost": 481397.09,
                                  "Plan Rows": 30,
                                  "Plan Width": 23,
                                  "Inner Unique": false,
                                  "Merge Cond": "(item_2.i_item_id = item_3.i_item_id)",
                                  "Plans": [
                                    {
                                      "Node Type": "Sort",
                                      "Parent Relationship": "Outer",
                                      "Parallel Aware": false,
                                      "Async Capable": false,
                                      "Startup Cost": 472702.61,
                                      "Total Cost": 472703.29,
                                      "Plan Rows": 275,
                                      "Plan Width": 23,
                                      "Sort Key": [
                                        "item_2.i_item_id"
                                      ],
                                      "Plans": [
                                        {
                                          "Node Type": "Hash Join",
                                          "Parent Relationship": "Outer",
                                          "Parallel Aware": true,
                                          "Async Capable": false,
                                          "Join Type": "Inner",
                                          "Startup Cost": 465141.94,
                                          "Total Cost": 472691.46,
                                          "Plan Rows": 275,
                                          "Plan Width": 23,
                                          "Inner Unique": false,
                                          "Hash Cond": "(item_2.i_item_sk = catalog_sales.cs_item_sk)",
                                          "Plans": [
                                            {
                                              "Node Type": "Seq Scan",
                                              "Parent Relationship": "Outer",
                                              "Parallel Aware": true,
                                              "Async Capable": false,
                                              "Relation Name": "item",
                                              "Alias": "item_2",
                                              "Startup Cost": 0.0,
                                              "Total Cost": 7389.0,
                                              "Plan Rows": 42500,
                                              "Plan Width": 21,
                                              "parent": 26,
                                              "ID": 27
                                            },
                                            {
                                              "Node Type": "Hash",
                                              "Parent Relationship": "Inner",
                                              "Parallel Aware": true,
                                              "Async Capable": false,
                                              "Startup Cost": 465138.5,
                                              "Total Cost": 465138.5,
                                              "Plan Rows": 275,
                                              "Plan Width": 10,
                                              "Plans": [
                                                {
                                                  "Node Type": "Hash Join",
                                                  "Parent Relationship": "Outer",
                                                  "Parallel Aware": true,
                                                  "Async Capable": false,
                                                  "Join Type": "Inner",
                                                  "Startup Cost": 458286.35,
                                                  "Total Cost": 465138.5,
                                                  "Plan Rows": 275,
                                                  "Plan Width": 10,
                                                  "Inner Unique": false,
                                                  "Hash Cond": "(customer_address_1.ca_address_sk = catalog_sales.cs_bill_addr_sk)",
                                                  "Plans": [
                                                    {
                                                      "Node Type": "Seq Scan",
                                                      "Parent Relationship": "Outer",
                                                      "Parallel Aware": true,
                                                      "Async Capable": false,
                                                      "Relation Name": "customer_address",
                                                      "Alias": "customer_address_1",
                                                      "Startup Cost": 0.0,
                                                      "Total Cost": 6737.08,
                                                      "Plan Rows": 11392,
                                                      "Plan Width": 4,
                                                      "Filter": "(ca_gmt_offset = '-7'::numeric)",
                                                      "parent": 29,
                                                      "ID": 30
                                                    },
                                                    {
                                                      "Node Type": "Hash",
                                                      "Parent Relationship": "Inner",
                                                      "Parallel Aware": true,
                                                      "Async Capable": false,
                                                      "Startup Cost": 458254.7,
                                                      "Total Cost": 458254.7,
                                                      "Plan Rows": 2532,
                                                      "Plan Width": 14,
                                                      "Plans": [
                                                        {
                                                          "Node Type": "Hash Join",
                                                          "Parent Relationship": "Outer",
                                                          "Parallel Aware": true,
                                                          "Async Capable": false,
                                                          "Join Type": "Inner",
                                                          "Startup Cost": 2049.78,
                                                          "Total Cost": 458254.7,
                                                          "Plan Rows": 2532,
                                                          "Plan Width": 14,
                                                          "Inner Unique": false,
                                                          "Hash Cond": "(catalog_sales.cs_sold_date_sk = date_dim_1.d_date_sk)",
                                                          "Plans": [
                                                            {
                                                              "Node Type": "Seq Scan",
                                                              "Parent Relationship": "Outer",
                                                              "Parallel Aware": true,
                                                              "Async Capable": false,
                                                              "Relation Name": "catalog_sales",
                                                              "Alias": "catalog_sales",
                                                              "Startup Cost": 0.0,
                                                              "Total Cost": 433688.25,
                                                              "Plan Rows": 6000525,
                                                              "Plan Width": 18,
                                                              "parent": 32,
                                                              "ID": 33
                                                            },
                                                            {
                                                              "Node Type": "Hash",
                                                              "Parent Relationship": "Inner",
                                                              "Parallel Aware": true,
                                                              "Async Capable": false,
                                                              "Startup Cost": 2049.55,
                                                              "Total Cost": 2049.55,
                                                              "Plan Rows": 18,
                                                              "Plan Width": 4,
                                                              "Plans": [
                                                                {
                                                                  "Node Type": "Seq Scan",
                                                                  "Parent Relationship": "Outer",
                                                                  "Parallel Aware": true,
                                                                  "Async Capable": false,
                                                                  "Relation Name": "date_dim",
                                                                  "Alias": "date_dim_1",
                                                                  "Startup Cost": 0.0,
                                                                  "Total Cost": 2049.55,
                                                                  "Plan Rows": 18,
                                                                  "Plan Width": 4,
                                                                  "Filter": "((d_year = 2001) AND (d_moy = 5))",
                                                                  "parent": 34,
                                                                  "ID": 35
                                                                }
                                                              ],
                                                              "parent": 32,
                                                              "ID": 34,
                                                              "left": 35
                                                            }
                                                          ],
                                                          "parent": 31,
                                                          "ID": 32,
                                                          "left": 33,
                                                          "right": 34
                                                        }
                                                      ],
                                                      "parent": 29,
                                                      "ID": 31,
                                                      "left": 32
                                                    }
                                                  ],
                                                  "parent": 28,
                                                  "ID": 29,
                                                  "left": 30,
                                                  "right": 31
                                                }
                                              ],
                                              "parent": 26,
                                              "ID": 28,
                                              "left": 29
                                            }
                                          ],
                                          "parent": 25,
                                          "ID": 26,
                                          "left": 27,
                                          "right": 28
                                        }
                                      ],
                                      "parent": 24,
                                      "ID": 25,
                                      "left": 26
                                    },
                                    {
                                      "Node Type": "Sort",
                                      "Parent Relationship": "Inner",
                                      "Parallel Aware": false,
                                      "Async Capable": false,
                                      "Startup Cost": 8668.21,
                                      "Total Cost": 8680.51,
                                      "Plan Rows": 4920,
                                      "Plan Width": 17,
                                      "Sort Key": [
                                        "item_3.i_item_id"
                                      ],
                                      "Plans": [
                                        {
                                          "Node Type": "Seq Scan",
                                          "Parent Relationship": "Outer",
                                          "Parallel Aware": false,
                                          "Async Capable": false,
                                          "Relation Name": "item",
                                          "Alias": "item_3",
                                          "Startup Cost": 0.0,
                                          "Total Cost": 8366.5,
                                          "Plan Rows": 4920,
                                          "Plan Width": 17,
                                          "Filter": "(i_color = ANY ('{beige,salmon,yellow}'::bpchar[]))",
                                          "parent": 36,
                                          "ID": 37
                                        }
                                      ],
                                      "parent": 24,
                                      "ID": 36,
                                      "left": 37
                                    }
                                  ],
                                  "parent": 23,
                                  "ID": 24,
                                  "left": 25,
                                  "right": 36
                                }
                              ],
                              "parent": 22,
                              "ID": 23,
                              "left": 24
                            }
                          ],
                          "parent": 21,
                          "ID": 22,
                          "left": 23
                        }
                      ],
                      "parent": 3,
                      "ID": 21,
                      "left": 22
                    },
                    {
                      "Node Type": "Aggregate",
                      "Strategy": "Sorted",
                      "Partial Mode": "Simple",
                      "Parent Relationship": "Member",
                      "Parallel Aware": false,
                      "Async Capable": false,
                      "Startup Cost": 254908.81,
                      "Total Cost": 254909.53,
                      "Plan Rows": 36,
                      "Plan Width": 49,
                      "Group Key": [
                        "item_4.i_item_id"
                      ],
                      "Plans": [
                        {
                          "Node Type": "Sort",
                          "Parent Relationship": "Outer",
                          "Parallel Aware": false,
                          "Async Capable": false,
                          "Startup Cost": 254908.81,
                          "Total Cost": 254908.9,
                          "Plan Rows": 36,
                          "Plan Width": 23,
                          "Sort Key": [
                            "item_4.i_item_id"
                          ],
                          "Plans": [
                            {
                              "Node Type": "Hash Join",
                              "Parent Relationship": "Outer",
                              "Parallel Aware": false,
                              "Async Capable": false,
                              "Join Type": "Semi",
                              "Startup Cost": 247324.2,
                              "Total Cost": 254907.88,
                              "Plan Rows": 36,
                              "Plan Width": 23,
                              "Inner Unique": false,
                              "Hash Cond": "(item_4.i_item_id = item_5.i_item_id)",
                              "Plans": [
                                {
                                  "Node Type": "Gather",
                                  "Parent Relationship": "Outer",
                                  "Parallel Aware": false,
                                  "Async Capable": false,
                                  "Startup Cost": 238896.2,
                                  "Total Cost": 246478.56,
                                  "Plan Rows": 334,
                                  "Plan Width": 23,
                                  "Workers Planned": 2,
                                  "Single Copy": false,
                                  "Plans": [
                                    {
                                      "Node Type": "Hash Join",
                                      "Parent Relationship": "Outer",
                                      "Parallel Aware": true,
                                      "Async Capable": false,
                                      "Join Type": "Inner",
                                      "Startup Cost": 237896.2,
                                      "Total Cost": 245445.16,
                                      "Plan Rows": 139,
                                      "Plan Width": 23,
                                      "Inner Unique": false,
                                      "Hash Cond": "(item_4.i_item_sk = web_sales.ws_item_sk)",
                                      "Plans": [
                                        {
                                          "Node Type": "Seq Scan",
                                          "Parent Relationship": "Outer",
                                          "Parallel Aware": true,
                                          "Async Capable": false,
                                          "Relation Name": "item",
                                          "Alias": "item_4",
                                          "Startup Cost": 0.0,
                                          "Total Cost": 7389.0,
                                          "Plan Rows": 42500,
                                          "Plan Width": 21,
                                          "parent": 42,
                                          "ID": 43
                                        },
                                        {
                                          "Node Type": "Hash",
                                          "Parent Relationship": "Inner",
                                          "Parallel Aware": true,
                                          "Async Capable": false,
                                          "Startup Cost": 237894.46,
                                          "Total Cost": 237894.46,
                                          "Plan Rows": 139,
                                          "Plan Width": 10,
                                          "Plans": [
                                            {
                                              "Node Type": "Hash Join",
                                              "Parent Relationship": "Outer",
                                              "Parallel Aware": true,
                                              "Async Capable": false,
                                              "Join Type": "Inner",
                                              "Startup Cost": 231057.12,
                                              "Total Cost": 237894.46,
                                              "Plan Rows": 139,
                                              "Plan Width": 10,
                                              "Inner Unique": false,
                                              "Hash Cond": "(customer_address_2.ca_address_sk = web_sales.ws_bill_addr_sk)",
                                              "Plans": [
                                                {
                                                  "Node Type": "Seq Scan",
                                                  "Parent Relationship": "Outer",
                                                  "Parallel Aware": true,
                                                  "Async Capable": false,
                                                  "Relation Name": "customer_address",
                                                  "Alias": "customer_address_2",
                                                  "Startup Cost": 0.0,
                                                  "Total Cost": 6737.08,
                                                  "Plan Rows": 11392,
                                                  "Plan Width": 4,
                                                  "Filter": "(ca_gmt_offset = '-7'::numeric)",
                                                  "parent": 45,
                                                  "ID": 46
                                                },
                                                {
                                                  "Node Type": "Hash",
                                                  "Parent Relationship": "Inner",
                                                  "Parallel Aware": true,
                                                  "Async Capable": false,
                                                  "Startup Cost": 231041.22,
                                                  "Total Cost": 231041.22,
                                                  "Plan Rows": 1272,
                                                  "Plan Width": 14,
                                                  "Plans": [
                                                    {
                                                      "Node Type": "Hash Join",
                                                      "Parent Relationship": "Outer",
                                                      "Parallel Aware": true,
                                                      "Async Capable": false,
                                                      "Join Type": "Inner",
                                                      "Startup Cost": 2049.78,
                                                      "Total Cost": 231041.22,
                                                      "Plan Rows": 1272,
                                                      "Plan Width": 14,
                                                      "Inner Unique": false,
                                                      "Hash Cond": "(web_sales.ws_sold_date_sk = date_dim_2.d_date_sk)",
                                                      "Plans": [
                                                        {
                                                          "Node Type": "Seq Scan",
                                                          "Parent Relationship": "Outer",
                                                          "Parallel Aware": true,
                                                          "Async Capable": false,
                                                          "Relation Name": "web_sales",
                                                          "Alias": "web_sales",
                                                          "Startup Cost": 0.0,
                                                          "Total Cost": 217737.86,
                                                          "Plan Rows": 2998986,
                                                          "Plan Width": 18,
                                                          "parent": 48,
                                                          "ID": 49
                                                        },
                                                        {
                                                          "Node Type": "Hash",
                                                          "Parent Relationship": "Inner",
                                                          "Parallel Aware": true,
                                                          "Async Capable": false,
                                                          "Startup Cost": 2049.55,
                                                          "Total Cost": 2049.55,
                                                          "Plan Rows": 18,
                                                          "Plan Width": 4,
                                                          "Plans": [
                                                            {
                                                              "Node Type": "Seq Scan",
                                                              "Parent Relationship": "Outer",
                                                              "Parallel Aware": true,
                                                              "Async Capable": false,
                                                              "Relation Name": "date_dim",
                                                              "Alias": "date_dim_2",
                                                              "Startup Cost": 0.0,
                                                              "Total Cost": 2049.55,
                                                              "Plan Rows": 18,
                                                              "Plan Width": 4,
                                                              "Filter": "((d_year = 2001) AND (d_moy = 5))",
                                                              "parent": 50,
                                                              "ID": 51
                                                            }
                                                          ],
                                                          "parent": 48,
                                                          "ID": 50,
                                                          "left": 51
                                                        }
                                                      ],
                                                      "parent": 47,
                                                      "ID": 48,
                                                      "left": 49,
                                                      "right": 50
                                                    }
                                                  ],
                                                  "parent": 45,
                                                  "ID": 47,
                                                  "left": 48
                                                }
                                              ],
                                              "parent": 44,
                                              "ID": 45,
                                              "left": 46,
                                              "right": 47
                                            }
                                          ],
                                          "parent": 42,
                                          "ID": 44,
                                          "left": 45
                                        }
                                      ],
                                      "parent": 41,
                                      "ID": 42,
                                      "left": 43,
                                      "right": 44
                                    }
                                  ],
                                  "parent": 40,
                                  "ID": 41,
                                  "left": 42
                                },
                                {
                                  "Node Type": "Hash",
                                  "Parent Relationship": "Inner",
                                  "Parallel Aware": false,
                                  "Async Capable": false,
                                  "Startup Cost": 8366.5,
                                  "Total Cost": 8366.5,
                                  "Plan Rows": 4920,
                                  "Plan Width": 17,
                                  "Plans": [
                                    {
                                      "Node Type": "Seq Scan",
                                      "Parent Relationship": "Outer",
                                      "Parallel Aware": false,
                                      "Async Capable": false,
                                      "Relation Name": "item",
                                      "Alias": "item_5",
                                      "Startup Cost": 0.0,
                                      "Total Cost": 8366.5,
                                      "Plan Rows": 4920,
                                      "Plan Width": 17,
                                      "Filter": "(i_color = ANY ('{beige,salmon,yellow}'::bpchar[]))",
                                      "parent": 52,
                                      "ID": 53
                                    }
                                  ],
                                  "parent": 40,
                                  "ID": 52,
                                  "left": 53
                                }
                              ],
                              "parent": 39,
                              "ID": 40,
                              "left": 41,
                              "right": 52
                            }
                          ],
                          "parent": 38,
                          "ID": 39,
                          "left": 40
                        }
                      ],
                      "parent": 3,
                      "ID": 38,
                      "left": 39
                    }
                  ],
                  "parent": 2,
                  "ID": 3,
                  "left": 4,
                  "right": 21
                }
              ],
              "parent": 1,
              "ID": 2,
              "left": 3
            }
          ],
          "parent": 0,
          "ID": 1,
          "left": 2
        }
      ],
      "parent": null,
      "ID": 0,
      "left": 1
    },
    "feat": {
      "utility": 0.0,
      "query_shape": [
        [
          "Seq Scan",
          "Hash Join",
          "Sort",
          "Merge Join",
          "Aggregate",
          "Gather Merge",
          "Merge Append"
        ],
        [
          "Seq Scan",
          "Hash Join",
          "Hash",
          "Sort",
          "Merge Join",
          "Aggregate",
          "Gather Merge",
          "Merge Append"
        ],
        [
          "Seq Scan",
          "Hash Join",
          "Hash",
          "Sort",
          "Merge Join",
          "Aggregate",
          "Gather Merge",
          "Merge Append"
        ],
        [
          "Seq Scan",
          "Hash",
          "Hash Join",
          "Sort",
          "Merge Join",
          "Aggregate",
          "Gather Merge",
          "Merge Append"
        ],
        [
          "Seq Scan",
          "Sort",
          "Merge Join",
          "Aggregate",
          "Gather Merge",
          "Merge Append"
        ],
        [
          "Seq Scan",
          "Hash Join",
          "Sort",
          "Merge Join",
          "Aggregate",
          "Gather Merge",
          "Merge Append"
        ],
        [
          "Seq Scan",
          "Hash Join",
          "Hash",
          "Sort",
          "Merge Join",
          "Aggregate",
          "Gather Merge",
          "Merge Append"
        ],
        [
          "Seq Scan",
          "Hash Join",
          "Hash",
          "Sort",
          "Merge Join",
          "Aggregate",
          "Gather Merge",
          "Merge Append"
        ],
        [
          "Seq Scan",
          "Hash",
          "Hash Join",
          "Sort",
          "Merge Join",
          "Aggregate",
          "Gather Merge",
          "Merge Append"
        ],
        [
          "Seq Scan",
          "Sort",
          "Merge Join",
          "Aggregate",
          "Gather Merge",
          "Merge Append"
        ],
        [
          "Seq Scan",
          "Hash Join",
          "Gather",
          "Sort",
          "Aggregate",
          "Merge Append"
        ],
        [
          "Seq Scan",
          "Hash Join",
          "Hash",
          "Gather",
          "Sort",
          "Aggregate",
          "Merge Append"
        ],
        [
          "Seq Scan",
          "Hash Join",
          "Hash",
          "Gather",
          "Sort",
          "Aggregate",
          "Merge Append"
        ],
        [
          "Seq Scan",
          "Hash",
          "Hash Join",
          "Gather",
          "Sort",
          "Aggregate",
          "Merge Append"
        ],
        [
          "Seq Scan",
          "Hash",
          "Hash Join",
          "Sort",
          "Aggregate",
          "Merge Append"
        ]
      ],
      "index_shape": [
        "order-by"
      ],
      "physical_operator": {
        "Sort": [
          "[0.0000000e+00 8.4400000e+00 2.4240000e+01 4.1420000e+01 6.0240000e+01\n 8.0840000e+01 1.0340000e+02 1.2826000e+02 1.5540000e+02 1.8480000e+02\n 2.1648000e+02 2.5050000e+02 2.8692000e+02 3.2589000e+02 3.6750000e+02\n 4.1178000e+02 4.5907000e+02 5.0928000e+02 5.6253000e+02 6.1920000e+02\n 6.7925000e+02 7.4292000e+02 8.1069000e+02 8.8260000e+02 9.5897000e+02\n 1.0400000e+03 1.1262500e+03 1.2175800e+03 1.3154400e+03 1.4196000e+03\n 1.5306600e+03 1.6495800e+03 1.7771100e+03 1.9142200e+03 2.0608500e+03\n 2.2194200e+03 2.3910800e+03 2.5773300e+03 2.7802400e+03 3.0025600e+03\n 3.2476800e+03 3.5208900e+03 3.8278800e+03 4.1760500e+03 4.5770000e+03\n 5.0488000e+03 5.6174592e+03 6.3379500e+03 7.3200000e+03 8.8974900e+03\n 1.9562400e+04]"
        ]
      }
    }
  },
  {
    "query": "with ss as (\n select i_item_id,sum(ss_ext_sales_price) total_sales\n from\n \tstore_sales,\n \tdate_dim,\n         customer_address,\n         item\n where i_item_id in (select\n     i_item_id\nfrom item\nwhere i_color in ('beige','salmon','yellow'))\n and     ss_item_sk              = i_item_sk\n and     ss_sold_date_sk         = d_date_sk\n and     d_year                  = 2001\n and     d_moy                   = 5\n and     ss_addr_sk              = ca_address_sk\n and     ca_gmt_offset           = -7 \n group by i_item_id),\n cs as (\n select i_item_id,sum(cs_ext_sales_price) total_sales\n from\n \tcatalog_sales,\n \tdate_dim,\n         customer_address,\n         item\n where\n         i_item_id               in (select\n  i_item_id\nfrom item\nwhere i_color in ('beige','salmon','yellow'))\n and     cs_item_sk              = i_item_sk\n and     cs_sold_date_sk         = d_date_sk\n and     d_year                  = 2001\n and     d_moy                   = 5\n and     cs_bill_addr_sk         = ca_address_sk\n and     ca_gmt_offset           = -7 \n group by i_item_id),\n ws as (\n select i_item_id,sum(ws_ext_sales_price) total_sales\n from\n \tweb_sales,\n \tdate_dim,\n         customer_address,\n         item\n where\n         i_item_id               in (select\n  i_item_id\nfrom item\nwhere i_color in ('beige','salmon','yellow'))\n and     ws_item_sk              = i_item_sk\n and     ws_sold_date_sk         = d_date_sk\n and     d_year                  = 2001\n and     d_moy                   = 5\n and     ws_bill_addr_sk         = ca_address_sk\n and     ca_gmt_offset           = -7\n group by i_item_id)\n  select  i_item_id ,sum(total_sales) total_sales\n from  (select * from ss \n        union all\n        select * from cs \n        union all\n        select * from ws) tmp1\n group by i_item_id\n order by total_sales,\n          i_item_id\n limit 100;\n\n-- end query 40 in stream 1 using template query56.tpl\n",
    "indexes": "web_sales.ws_sold_date_sk",
    "wo plan est": {
      "Node Type": "Limit",
      "Parallel Aware": false,
      "Async Capable": false,
      "Startup Cost": 1445461.5,
      "Total Cost": 1445461.75,
      "Plan Rows": 100,
      "Plan Width": 49,
      "Plans": [
        {
          "Node Type": "Sort",
          "Parent Relationship": "Outer",
          "Parallel Aware": false,
          "Async Capable": false,
          "Startup Cost": 1445461.5,
          "Total Cost": 1445462.0,
          "Plan Rows": 200,
          "Plan Width": 49,
          "Sort Key": [
            "(sum((sum(store_sales.ss_ext_sales_price))))",
            "item.i_item_id"
          ],
          "Plans": [
            {
              "Node Type": "Aggregate",
              "Strategy": "Sorted",
              "Partial Mode": "Simple",
              "Parent Relationship": "Outer",
              "Parallel Aware": false,
              "Async Capable": false,
              "Startup Cost": 1445365.0,
              "Total Cost": 1445453.86,
              "Plan Rows": 200,
              "Plan Width": 49,
              "Group Key": [
                "item.i_item_id"
              ],
              "Plans": [
                {
                  "Node Type": "Merge Append",
                  "Parent Relationship": "Outer",
                  "Parallel Aware": false,
                  "Async Capable": false,
                  "Startup Cost": 1445365.0,
                  "Total Cost": 1445450.15,
                  "Plan Rows": 241,
                  "Plan Width": 49,
                  "Sort Key": [
                    "item.i_item_id"
                  ],
                  "Subplans Removed": 0,
                  "Plans": [
                    {
                      "Node Type": "Aggregate",
                      "Strategy": "Sorted",
                      "Partial Mode": "Finalize",
                      "Parent Relationship": "Member",
                      "Parallel Aware": false,
                      "Async Capable": false,
                      "Startup Cost": 708085.33,
                      "Total Cost": 708129.17,
                      "Plan Rows": 133,
                      "Plan Width": 49,
                      "Group Key": [
                        "item.i_item_id"
                      ],
                      "Plans": [
                        {
                          "Node Type": "Gather Merge",
                          "Parent Relationship": "Outer",
                          "Parallel Aware": false,
                          "Async Capable": false,
                          "Startup Cost": 708085.33,
                          "Total Cost": 708126.68,
                          "Plan Rows": 110,
                          "Plan Width": 49,
                          "Workers Planned": 2,
                          "Plans": [
                            {
                              "Node Type": "Aggregate",
                              "Strategy": "Sorted",
                              "Partial Mode": "Partial",
                              "Parent Relationship": "Outer",
                              "Parallel Aware": false,
                              "Async Capable": false,
                              "Startup Cost": 707085.31,
                              "Total Cost": 707113.96,
                              "Plan Rows": 55,
                              "Plan Width": 49,
                              "Group Key": [
                                "item.i_item_id"
                              ],
                              "Plans": [
                                {
                                  "Node Type": "Merge Join",
                                  "Parent Relationship": "Outer",
                                  "Parallel Aware": false,
                                  "Async Capable": false,
                                  "Join Type": "Semi",
                                  "Startup Cost": 707085.31,
                                  "Total Cost": 707113.0,
                                  "Plan Rows": 55,
                                  "Plan Width": 23,
                                  "Inner Unique": false,
                                  "Merge Cond": "(item.i_item_id = item_1.i_item_id)",
                                  "Plans": [
                                    {
                                      "Node Type": "Sort",
                                      "Parent Relationship": "Outer",
                                      "Parallel Aware": false,
                                      "Async Capable": false,
                                      "Startup Cost": 698417.1,
                                      "Total Cost": 698418.37,
                                      "Plan Rows": 508,
                                      "Plan Width": 23,
                                      "Sort Key": [
                                        "item.i_item_id"
                                      ],
                                      "Plans": [
                                        {
                                          "Node Type": "Hash Join",
                                          "Parent Relationship": "Outer",
                                          "Parallel Aware": true,
                                          "Async Capable": false,
                                          "Join Type": "Inner",
                                          "Startup Cost": 690843.77,
                                          "Total Cost": 698394.27,
                                          "Plan Rows": 508,
                                          "Plan Width": 23,
                                          "Inner Unique": false,
                                          "Hash Cond": "(item.i_item_sk = store_sales.ss_item_sk)",
                                          "Plans": [
                                            {
                                              "Node Type": "Seq Scan",
                                              "Parent Relationship": "Outer",
                                              "Parallel Aware": true,
                                              "Async Capable": false,
                                              "Relation Name": "item",
                                              "Alias": "item",
                                              "Startup Cost": 0.0,
                                              "Total Cost": 7389.0,
                                              "Plan Rows": 42500,
                                              "Plan Width": 21,
                                              "parent": 9,
                                              "ID": 10
                                            },
                                            {
                                              "Node Type": "Hash",
                                              "Parent Relationship": "Inner",
                                              "Parallel Aware": true,
                                              "Async Capable": false,
                                              "Startup Cost": 690837.42,
                                              "Total Cost": 690837.42,
                                              "Plan Rows": 508,
                                              "Plan Width": 10,
                                              "Plans": [
                                                {
                                                  "Node Type": "Hash Join",
                                                  "Parent Relationship": "Outer",
                                                  "Parallel Aware": true,
                                                  "Async Capable": false,
                                                  "Join Type": "Inner",
                                                  "Startup Cost": 684055.5,
                                                  "Total Cost": 690837.42,
                                                  "Plan Rows": 508,
                                                  "Plan Width": 10,
                                                  "Inner Unique": false,
                                                  "Hash Cond": "(customer_address.ca_address_sk = store_sales.ss_addr_sk)",
                                                  "Plans": [
                                                    {
                                                      "Node Type": "Seq Scan",
                                                      "Parent Relationship": "Outer",
                                                      "Parallel Aware": true,
                                                      "Async Capable": false,
                                                      "Relation Name": "customer_address",
                                                      "Alias": "customer_address",
                                                      "Startup Cost": 0.0,
                                                      "Total Cost": 6737.08,
                                                      "Plan Rows": 11392,
                                                      "Plan Width": 4,
                                                      "Filter": "(ca_gmt_offset = '-7'::numeric)",
                                                      "parent": 12,
                                                      "ID": 13
                                                    },
                                                    {
                                                      "Node Type": "Hash",
                                                      "Parent Relationship": "Inner",
                                                      "Parallel Aware": true,
                                                      "Async Capable": false,
                                                      "Startup Cost": 683994.75,
                                                      "Total Cost": 683994.75,
                                                      "Plan Rows": 4860,
                                                      "Plan Width": 14,
                                                      "Plans": [
                                                        {
                                                          "Node Type": "Hash Join",
                                                          "Parent Relationship": "Outer",
                                                          "Parallel Aware": true,
                                                          "Async Capable": false,
                                                          "Join Type": "Inner",
                                                          "Startup Cost": 2049.78,
                                                          "Total Cost": 683994.75,
                                                          "Plan Rows": 4860,
                                                          "Plan Width": 14,
                                                          "Inner Unique": false,
                                                          "Hash Cond": "(store_sales.ss_sold_date_sk = date_dim.d_date_sk)",
                                                          "Plans": [
                                                            {
                                                              "Node Type": "Seq Scan",
                                                              "Parent Relationship": "Outer",
                                                              "Parallel Aware": true,
                                                              "Async Capable": false,
                                                              "Relation Name": "store_sales",
                                                              "Alias": "store_sales",
                                                              "Startup Cost": 0.0,
                                                              "Total Cost": 636914.37,
                                                              "Plan Rows": 12000637,
                                                              "Plan Width": 18,
                                                              "parent": 15,
                                                              "ID": 16
                                                            },
                                                            {
                                                              "Node Type": "Hash",
                                                              "Parent Relationship": "Inner",
                                                              "Parallel Aware": true,
                                                              "Async Capable": false,
                                                              "Startup Cost": 2049.55,
                                                              "Total Cost": 2049.55,
                                                              "Plan Rows": 18,
                                                              "Plan Width": 4,
                                                              "Plans": [
                                                                {
                                                                  "Node Type": "Seq Scan",
                                                                  "Parent Relationship": "Outer",
                                                                  "Parallel Aware": true,
                                                                  "Async Capable": false,
                                                                  "Relation Name": "date_dim",
                                                                  "Alias": "date_dim",
                                                                  "Startup Cost": 0.0,
                                                                  "Total Cost": 2049.55,
                                                                  "Plan Rows": 18,
                                                                  "Plan Width": 4,
                                                                  "Filter": "((d_year = 2001) AND (d_moy = 5))",
                                                                  "parent": 17,
                                                                  "ID": 18
                                                                }
                                                              ],
                                                              "parent": 15,
                                                              "ID": 17,
                                                              "left": 18
                                                            }
                                                          ],
                                                          "parent": 14,
                                                          "ID": 15,
                                                          "left": 16,
                                                          "right": 17
                                                        }
                                                      ],
                                                      "parent": 12,
                                                      "ID": 14,
                                                      "left": 15
                                                    }
                                                  ],
                                                  "parent": 11,
                                                  "ID": 12,
                                                  "left": 13,
                                                  "right": 14
                                                }
                                              ],
                                              "parent": 9,
                                              "ID": 11,
                                              "left": 12
                                            }
                                          ],
                                          "parent": 8,
                                          "ID": 9,
                                          "left": 10,
                                          "right": 11
                                        }
                                      ],
                                      "parent": 7,
                                      "ID": 8,
                                      "left": 9
                                    },
                                    {
                                      "Node Type": "Sort",
                                      "Parent Relationship": "Inner",
                                      "Parallel Aware": false,
                                      "Async Capable": false,
                                      "Startup Cost": 8668.21,
                                      "Total Cost": 8680.51,
                                      "Plan Rows": 4920,
                                      "Plan Width": 17,
                                      "Sort Key": [
                                        "item_1.i_item_id"
                                      ],
                                      "Plans": [
                                        {
                                          "Node Type": "Seq Scan",
                                          "Parent Relationship": "Outer",
                                          "Parallel Aware": false,
                                          "Async Capable": false,
                                          "Relation Name": "item",
                                          "Alias": "item_1",
                                          "Startup Cost": 0.0,
                                          "Total Cost": 8366.5,
                                          "Plan Rows": 4920,
                                          "Plan Width": 17,
                                          "Filter": "(i_color = ANY ('{beige,salmon,yellow}'::bpchar[]))",
                                          "parent": 19,
                                          "ID": 20
                                        }
                                      ],
                                      "parent": 7,
                                      "ID": 19,
                                      "left": 20
                                    }
                                  ],
                                  "parent": 6,
                                  "ID": 7,
                                  "left": 8,
                                  "right": 19
                                }
                              ],
                              "parent": 5,
                              "ID": 6,
                              "left": 7
                            }
                          ],
                          "parent": 4,
                          "ID": 5,
                          "left": 6
                        }
                      ],
                      "parent": 3,
                      "ID": 4,
                      "left": 5
                    },
                    {
                      "Node Type": "Aggregate",
                      "Strategy": "Sorted",
                      "Partial Mode": "Finalize",
                      "Parent Relationship": "Member",
                      "Parallel Aware": false,
                      "Async Capable": false,
                      "Startup Cost": 482370.83,
                      "Total Cost": 482405.91,
                      "Plan Rows": 72,
                      "Plan Width": 49,
                      "Group Key": [
                        "item_2.i_item_id"
                      ],
                      "Plans": [
                        {
                          "Node Type": "Gather Merge",
                          "Parent Relationship": "Outer",
                          "Parallel Aware": false,
                          "Async Capable": false,
                          "Startup Cost": 482370.83,
                          "Total Cost": 482404.56,
                          "Plan Rows": 60,
                          "Plan Width": 49,
                          "Workers Planned": 2,
                          "Plans": [
                            {
                              "Node Type": "Aggregate",
                              "Strategy": "Sorted",
                              "Partial Mode": "Partial",
                              "Parent Relationship": "Outer",
                              "Parallel Aware": false,
                              "Async Capable": false,
                              "Startup Cost": 481370.81,
                              "Total Cost": 481397.61,
                              "Plan Rows": 30,
                              "Plan Width": 49,
                              "Group Key": [
                                "item_2.i_item_id"
                              ],
                              "Plans": [
                                {
                                  "Node Type": "Merge Join",
                                  "Parent Relationship": "Outer",
                                  "Parallel Aware": false,
                                  "Async Capable": false,
                                  "Join Type": "Semi",
                                  "Startup Cost": 481370.81,
                                  "Total Cost": 481397.09,
                                  "Plan Rows": 30,
                                  "Plan Width": 23,
                                  "Inner Unique": false,
                                  "Merge Cond": "(item_2.i_item_id = item_3.i_item_id)",
                                  "Plans": [
                                    {
                                      "Node Type": "Sort",
                                      "Parent Relationship": "Outer",
                                      "Parallel Aware": false,
                                      "Async Capable": false,
                                      "Startup Cost": 472702.61,
                                      "Total Cost": 472703.29,
                                      "Plan Rows": 275,
                                      "Plan Width": 23,
                                      "Sort Key": [
                                        "item_2.i_item_id"
                                      ],
                                      "Plans": [
                                        {
                                          "Node Type": "Hash Join",
                                          "Parent Relationship": "Outer",
                                          "Parallel Aware": true,
                                          "Async Capable": false,
                                          "Join Type": "Inner",
                                          "Startup Cost": 465141.94,
                                          "Total Cost": 472691.46,
                                          "Plan Rows": 275,
                                          "Plan Width": 23,
                                          "Inner Unique": false,
                                          "Hash Cond": "(item_2.i_item_sk = catalog_sales.cs_item_sk)",
                                          "Plans": [
                                            {
                                              "Node Type": "Seq Scan",
                                              "Parent Relationship": "Outer",
                                              "Parallel Aware": true,
                                              "Async Capable": false,
                                              "Relation Name": "item",
                                              "Alias": "item_2",
                                              "Startup Cost": 0.0,
                                              "Total Cost": 7389.0,
                                              "Plan Rows": 42500,
                                              "Plan Width": 21,
                                              "parent": 26,
                                              "ID": 27
                                            },
                                            {
                                              "Node Type": "Hash",
                                              "Parent Relationship": "Inner",
                                              "Parallel Aware": true,
                                              "Async Capable": false,
                                              "Startup Cost": 465138.5,
                                              "Total Cost": 465138.5,
                                              "Plan Rows": 275,
                                              "Plan Width": 10,
                                              "Plans": [
                                                {
                                                  "Node Type": "Hash Join",
                                                  "Parent Relationship": "Outer",
                                                  "Parallel Aware": true,
                                                  "Async Capable": false,
                                                  "Join Type": "Inner",
                                                  "Startup Cost": 458286.35,
                                                  "Total Cost": 465138.5,
                                                  "Plan Rows": 275,
                                                  "Plan Width": 10,
                                                  "Inner Unique": false,
                                                  "Hash Cond": "(customer_address_1.ca_address_sk = catalog_sales.cs_bill_addr_sk)",
                                                  "Plans": [
                                                    {
                                                      "Node Type": "Seq Scan",
                                                      "Parent Relationship": "Outer",
                                                      "Parallel Aware": true,
                                                      "Async Capable": false,
                                                      "Relation Name": "customer_address",
                                                      "Alias": "customer_address_1",
                                                      "Startup Cost": 0.0,
                                                      "Total Cost": 6737.08,
                                                      "Plan Rows": 11392,
                                                      "Plan Width": 4,
                                                      "Filter": "(ca_gmt_offset = '-7'::numeric)",
                                                      "parent": 29,
                                                      "ID": 30
                                                    },
                                                    {
                                                      "Node Type": "Hash",
                                                      "Parent Relationship": "Inner",
                                                      "Parallel Aware": true,
                                                      "Async Capable": false,
                                                      "Startup Cost": 458254.7,
                                                      "Total Cost": 458254.7,
                                                      "Plan Rows": 2532,
                                                      "Plan Width": 14,
                                                      "Plans": [
                                                        {
                                                          "Node Type": "Hash Join",
                                                          "Parent Relationship": "Outer",
                                                          "Parallel Aware": true,
                                                          "Async Capable": false,
                                                          "Join Type": "Inner",
                                                          "Startup Cost": 2049.78,
                                                          "Total Cost": 458254.7,
                                                          "Plan Rows": 2532,
                                                          "Plan Width": 14,
                                                          "Inner Unique": false,
                                                          "Hash Cond": "(catalog_sales.cs_sold_date_sk = date_dim_1.d_date_sk)",
                                                          "Plans": [
                                                            {
                                                              "Node Type": "Seq Scan",
                                                              "Parent Relationship": "Outer",
                                                              "Parallel Aware": true,
                                                              "Async Capable": false,
                                                              "Relation Name": "catalog_sales",
                                                              "Alias": "catalog_sales",
                                                              "Startup Cost": 0.0,
                                                              "Total Cost": 433688.25,
                                                              "Plan Rows": 6000525,
                                                              "Plan Width": 18,
                                                              "parent": 32,
                                                              "ID": 33
                                                            },
                                                            {
                                                              "Node Type": "Hash",
                                                              "Parent Relationship": "Inner",
                                                              "Parallel Aware": true,
                                                              "Async Capable": false,
                                                              "Startup Cost": 2049.55,
                                                              "Total Cost": 2049.55,
                                                              "Plan Rows": 18,
                                                              "Plan Width": 4,
                                                              "Plans": [
                                                                {
                                                                  "Node Type": "Seq Scan",
                                                                  "Parent Relationship": "Outer",
                                                                  "Parallel Aware": true,
                                                                  "Async Capable": false,
                                                                  "Relation Name": "date_dim",
                                                                  "Alias": "date_dim_1",
                                                                  "Startup Cost": 0.0,
                                                                  "Total Cost": 2049.55,
                                                                  "Plan Rows": 18,
                                                                  "Plan Width": 4,
                                                                  "Filter": "((d_year = 2001) AND (d_moy = 5))",
                                                                  "parent": 34,
                                                                  "ID": 35
                                                                }
                                                              ],
                                                              "parent": 32,
                                                              "ID": 34,
                                                              "left": 35
                                                            }
                                                          ],
                                                          "parent": 31,
                                                          "ID": 32,
                                                          "left": 33,
                                                          "right": 34
                                                        }
                                                      ],
                                                      "parent": 29,
                                                      "ID": 31,
                                                      "left": 32
                                                    }
                                                  ],
                                                  "parent": 28,
                                                  "ID": 29,
                                                  "left": 30,
                                                  "right": 31
                                                }
                                              ],
                                              "parent": 26,
                                              "ID": 28,
                                              "left": 29
                                            }
                                          ],
                                          "parent": 25,
                                          "ID": 26,
                                          "left": 27,
                                          "right": 28
                                        }
                                      ],
                                      "parent": 24,
                                      "ID": 25,
                                      "left": 26
                                    },
                                    {
                                      "Node Type": "Sort",
                                      "Parent Relationship": "Inner",
                                      "Parallel Aware": false,
                                      "Async Capable": false,
                                      "Startup Cost": 8668.21,
                                      "Total Cost": 8680.51,
                                      "Plan Rows": 4920,
                                      "Plan Width": 17,
                                      "Sort Key": [
                                        "item_3.i_item_id"
                                      ],
                                      "Plans": [
                                        {
                                          "Node Type": "Seq Scan",
                                          "Parent Relationship": "Outer",
                                          "Parallel Aware": false,
                                          "Async Capable": false,
                                          "Relation Name": "item",
                                          "Alias": "item_3",
                                          "Startup Cost": 0.0,
                                          "Total Cost": 8366.5,
                                          "Plan Rows": 4920,
                                          "Plan Width": 17,
                                          "Filter": "(i_color = ANY ('{beige,salmon,yellow}'::bpchar[]))",
                                          "parent": 36,
                                          "ID": 37
                                        }
                                      ],
                                      "parent": 24,
                                      "ID": 36,
                                      "left": 37
                                    }
                                  ],
                                  "parent": 23,
                                  "ID": 24,
                                  "left": 25,
                                  "right": 36
                                }
                              ],
                              "parent": 22,
                              "ID": 23,
                              "left": 24
                            }
                          ],
                          "parent": 21,
                          "ID": 22,
                          "left": 23
                        }
                      ],
                      "parent": 3,
                      "ID": 21,
                      "left": 22
                    },
                    {
                      "Node Type": "Aggregate",
                      "Strategy": "Sorted",
                      "Partial Mode": "Simple",
                      "Parent Relationship": "Member",
                      "Parallel Aware": false,
                      "Async Capable": false,
                      "Startup Cost": 254908.81,
                      "Total Cost": 254909.53,
                      "Plan Rows": 36,
                      "Plan Width": 49,
                      "Group Key": [
                        "item_4.i_item_id"
                      ],
                      "Plans": [
                        {
                          "Node Type": "Sort",
                          "Parent Relationship": "Outer",
                          "Parallel Aware": false,
                          "Async Capable": false,
                          "Startup Cost": 254908.81,
                          "Total Cost": 254908.9,
                          "Plan Rows": 36,
                          "Plan Width": 23,
                          "Sort Key": [
                            "item_4.i_item_id"
                          ],
                          "Plans": [
                            {
                              "Node Type": "Hash Join",
                              "Parent Relationship": "Outer",
                              "Parallel Aware": false,
                              "Async Capable": false,
                              "Join Type": "Semi",
                              "Startup Cost": 247324.2,
                              "Total Cost": 254907.88,
                              "Plan Rows": 36,
                              "Plan Width": 23,
                              "Inner Unique": false,
                              "Hash Cond": "(item_4.i_item_id = item_5.i_item_id)",
                              "Plans": [
                                {
                                  "Node Type": "Gather",
                                  "Parent Relationship": "Outer",
                                  "Parallel Aware": false,
                                  "Async Capable": false,
                                  "Startup Cost": 238896.2,
                                  "Total Cost": 246478.56,
                                  "Plan Rows": 334,
                                  "Plan Width": 23,
                                  "Workers Planned": 2,
                                  "Single Copy": false,
                                  "Plans": [
                                    {
                                      "Node Type": "Hash Join",
                                      "Parent Relationship": "Outer",
                                      "Parallel Aware": true,
                                      "Async Capable": false,
                                      "Join Type": "Inner",
                                      "Startup Cost": 237896.2,
                                      "Total Cost": 245445.16,
                                      "Plan Rows": 139,
                                      "Plan Width": 23,
                                      "Inner Unique": false,
                                      "Hash Cond": "(item_4.i_item_sk = web_sales.ws_item_sk)",
                                      "Plans": [
                                        {
                                          "Node Type": "Seq Scan",
                                          "Parent Relationship": "Outer",
                                          "Parallel Aware": true,
                                          "Async Capable": false,
                                          "Relation Name": "item",
                                          "Alias": "item_4",
                                          "Startup Cost": 0.0,
                                          "Total Cost": 7389.0,
                                          "Plan Rows": 42500,
                                          "Plan Width": 21,
                                          "parent": 42,
                                          "ID": 43
                                        },
                                        {
                                          "Node Type": "Hash",
                                          "Parent Relationship": "Inner",
                                          "Parallel Aware": true,
                                          "Async Capable": false,
                                          "Startup Cost": 237894.46,
                                          "Total Cost": 237894.46,
                                          "Plan Rows": 139,
                                          "Plan Width": 10,
                                          "Plans": [
                                            {
                                              "Node Type": "Hash Join",
                                              "Parent Relationship": "Outer",
                                              "Parallel Aware": true,
                                              "Async Capable": false,
                                              "Join Type": "Inner",
                                              "Startup Cost": 231057.12,
                                              "Total Cost": 237894.46,
                                              "Plan Rows": 139,
                                              "Plan Width": 10,
                                              "Inner Unique": false,
                                              "Hash Cond": "(customer_address_2.ca_address_sk = web_sales.ws_bill_addr_sk)",
                                              "Plans": [
                                                {
                                                  "Node Type": "Seq Scan",
                                                  "Parent Relationship": "Outer",
                                                  "Parallel Aware": true,
                                                  "Async Capable": false,
                                                  "Relation Name": "customer_address",
                                                  "Alias": "customer_address_2",
                                                  "Startup Cost": 0.0,
                                                  "Total Cost": 6737.08,
                                                  "Plan Rows": 11392,
                                                  "Plan Width": 4,
                                                  "Filter": "(ca_gmt_offset = '-7'::numeric)",
                                                  "parent": 45,
                                                  "ID": 46
                                                },
                                                {
                                                  "Node Type": "Hash",
                                                  "Parent Relationship": "Inner",
                                                  "Parallel Aware": true,
                                                  "Async Capable": false,
                                                  "Startup Cost": 231041.22,
                                                  "Total Cost": 231041.22,
                                                  "Plan Rows": 1272,
                                                  "Plan Width": 14,
                                                  "Plans": [
                                                    {
                                                      "Node Type": "Hash Join",
                                                      "Parent Relationship": "Outer",
                                                      "Parallel Aware": true,
                                                      "Async Capable": false,
                                                      "Join Type": "Inner",
                                                      "Startup Cost": 2049.78,
                                                      "Total Cost": 231041.22,
                                                      "Plan Rows": 1272,
                                                      "Plan Width": 14,
                                                      "Inner Unique": false,
                                                      "Hash Cond": "(web_sales.ws_sold_date_sk = date_dim_2.d_date_sk)",
                                                      "Plans": [
                                                        {
                                                          "Node Type": "Seq Scan",
                                                          "Parent Relationship": "Outer",
                                                          "Parallel Aware": true,
                                                          "Async Capable": false,
                                                          "Relation Name": "web_sales",
                                                          "Alias": "web_sales",
                                                          "Startup Cost": 0.0,
                                                          "Total Cost": 217737.86,
                                                          "Plan Rows": 2998986,
                                                          "Plan Width": 18,
                                                          "parent": 48,
                                                          "ID": 49
                                                        },
                                                        {
                                                          "Node Type": "Hash",
                                                          "Parent Relationship": "Inner",
                                                          "Parallel Aware": true,
                                                          "Async Capable": false,
                                                          "Startup Cost": 2049.55,
                                                          "Total Cost": 2049.55,
                                                          "Plan Rows": 18,
                                                          "Plan Width": 4,
                                                          "Plans": [
                                                            {
                                                              "Node Type": "Seq Scan",
                                                              "Parent Relationship": "Outer",
                                                              "Parallel Aware": true,
                                                              "Async Capable": false,
                                                              "Relation Name": "date_dim",
                                                              "Alias": "date_dim_2",
                                                              "Startup Cost": 0.0,
                                                              "Total Cost": 2049.55,
                                                              "Plan Rows": 18,
                                                              "Plan Width": 4,
                                                              "Filter": "((d_year = 2001) AND (d_moy = 5))",
                                                              "parent": 50,
                                                              "ID": 51
                                                            }
                                                          ],
                                                          "parent": 48,
                                                          "ID": 50,
                                                          "left": 51
                                                        }
                                                      ],
                                                      "parent": 47,
                                                      "ID": 48,
                                                      "left": 49,
                                                      "right": 50
                                                    }
                                                  ],
                                                  "parent": 45,
                                                  "ID": 47,
                                                  "left": 48
                                                }
                                              ],
                                              "parent": 44,
                                              "ID": 45,
                                              "left": 46,
                                              "right": 47
                                            }
                                          ],
                                          "parent": 42,
                                          "ID": 44,
                                          "left": 45
                                        }
                                      ],
                                      "parent": 41,
                                      "ID": 42,
                                      "left": 43,
                                      "right": 44
                                    }
                                  ],
                                  "parent": 40,
                                  "ID": 41,
                                  "left": 42
                                },
                                {
                                  "Node Type": "Hash",
                                  "Parent Relationship": "Inner",
                                  "Parallel Aware": false,
                                  "Async Capable": false,
                                  "Startup Cost": 8366.5,
                                  "Total Cost": 8366.5,
                                  "Plan Rows": 4920,
                                  "Plan Width": 17,
                                  "Plans": [
                                    {
                                      "Node Type": "Seq Scan",
                                      "Parent Relationship": "Outer",
                                      "Parallel Aware": false,
                                      "Async Capable": false,
                                      "Relation Name": "item",
                                      "Alias": "item_5",
                                      "Startup Cost": 0.0,
                                      "Total Cost": 8366.5,
                                      "Plan Rows": 4920,
                                      "Plan Width": 17,
                                      "Filter": "(i_color = ANY ('{beige,salmon,yellow}'::bpchar[]))",
                                      "parent": 52,
                                      "ID": 53
                                    }
                                  ],
                                  "parent": 40,
                                  "ID": 52,
                                  "left": 53
                                }
                              ],
                              "parent": 39,
                              "ID": 40,
                              "left": 41,
                              "right": 52
                            }
                          ],
                          "parent": 38,
                          "ID": 39,
                          "left": 40
                        }
                      ],
                      "parent": 3,
                      "ID": 38,
                      "left": 39
                    }
                  ],
                  "parent": 2,
                  "ID": 3,
                  "left": 4,
                  "right": 21
                }
              ],
              "parent": 1,
              "ID": 2,
              "left": 3
            }
          ],
          "parent": 0,
          "ID": 1,
          "left": 2
        }
      ],
      "parent": null,
      "ID": 0,
      "left": 1
    },
    "feat": {
      "utility": 0.005760018976346028,
      "query_shape": [
        [
          "Seq Scan",
          "Hash Join",
          "Sort",
          "Merge Join",
          "Aggregate",
          "Gather Merge",
          "Merge Append"
        ],
        [
          "Seq Scan",
          "Hash Join",
          "Hash",
          "Sort",
          "Merge Join",
          "Aggregate",
          "Gather Merge",
          "Merge Append"
        ],
        [
          "Seq Scan",
          "Hash Join",
          "Hash",
          "Sort",
          "Merge Join",
          "Aggregate",
          "Gather Merge",
          "Merge Append"
        ],
        [
          "Seq Scan",
          "Hash",
          "Hash Join",
          "Sort",
          "Merge Join",
          "Aggregate",
          "Gather Merge",
          "Merge Append"
        ],
        [
          "Seq Scan",
          "Sort",
          "Merge Join",
          "Aggregate",
          "Gather Merge",
          "Merge Append"
        ],
        [
          "Seq Scan",
          "Hash Join",
          "Sort",
          "Merge Join",
          "Aggregate",
          "Gather Merge",
          "Merge Append"
        ],
        [
          "Seq Scan",
          "Hash Join",
          "Hash",
          "Sort",
          "Merge Join",
          "Aggregate",
          "Gather Merge",
          "Merge Append"
        ],
        [
          "Seq Scan",
          "Hash Join",
          "Hash",
          "Sort",
          "Merge Join",
          "Aggregate",
          "Gather Merge",
          "Merge Append"
        ],
        [
          "Seq Scan",
          "Hash",
          "Hash Join",
          "Sort",
          "Merge Join",
          "Aggregate",
          "Gather Merge",
          "Merge Append"
        ],
        [
          "Seq Scan",
          "Sort",
          "Merge Join",
          "Aggregate",
          "Gather Merge",
          "Merge Append"
        ],
        [
          "Seq Scan",
          "Hash Join",
          "Gather",
          "Sort",
          "Aggregate",
          "Merge Append"
        ],
        [
          "Seq Scan",
          "Hash Join",
          "Hash",
          "Gather",
          "Sort",
          "Aggregate",
          "Merge Append"
        ],
        [
          "Seq Scan",
          "Hash Join",
          "Hash",
          "Gather",
          "Sort",
          "Aggregate",
          "Merge Append"
        ],
        [
          "Seq Scan",
          "Hash",
          "Hash Join",
          "Gather",
          "Sort",
          "Aggregate",
          "Merge Append"
        ],
        [
          "Seq Scan",
          "Hash",
          "Hash Join",
          "Sort",
          "Aggregate",
          "Merge Append"
        ]
      ],
      "index_shape": [
        "join"
      ],
      "physical_operator": {
        "Hash Join": [
          0.004854227026553673
        ]
      }
    }
  },
  {
    "query": "with ss as (\n select i_item_id,sum(ss_ext_sales_price) total_sales\n from\n \tstore_sales,\n \tdate_dim,\n         customer_address,\n         item\n where i_item_id in (select\n     i_item_id\nfrom item\nwhere i_color in ('beige','salmon','yellow'))\n and     ss_item_sk              = i_item_sk\n and     ss_sold_date_sk         = d_date_sk\n and     d_year                  = 2001\n and     d_moy                   = 5\n and     ss_addr_sk              = ca_address_sk\n and     ca_gmt_offset           = -7 \n group by i_item_id),\n cs as (\n select i_item_id,sum(cs_ext_sales_price) total_sales\n from\n \tcatalog_sales,\n \tdate_dim,\n         customer_address,\n         item\n where\n         i_item_id               in (select\n  i_item_id\nfrom item\nwhere i_color in ('beige','salmon','yellow'))\n and     cs_item_sk              = i_item_sk\n and     cs_sold_date_sk         = d_date_sk\n and     d_year                  = 2001\n and     d_moy                   = 5\n and     cs_bill_addr_sk         = ca_address_sk\n and     ca_gmt_offset           = -7 \n group by i_item_id),\n ws as (\n select i_item_id,sum(ws_ext_sales_price) total_sales\n from\n \tweb_sales,\n \tdate_dim,\n         customer_address,\n         item\n where\n         i_item_id               in (select\n  i_item_id\nfrom item\nwhere i_color in ('beige','salmon','yellow'))\n and     ws_item_sk              = i_item_sk\n and     ws_sold_date_sk         = d_date_sk\n and     d_year                  = 2001\n and     d_moy                   = 5\n and     ws_bill_addr_sk         = ca_address_sk\n and     ca_gmt_offset           = -7\n group by i_item_id)\n  select  i_item_id ,sum(total_sales) total_sales\n from  (select * from ss \n        union all\n        select * from cs \n        union all\n        select * from ws) tmp1\n group by i_item_id\n order by total_sales,\n          i_item_id\n limit 100;\n\n-- end query 40 in stream 1 using template query56.tpl\n",
    "indexes": "web_sales.ws_item_sk",
    "wo plan est": {
      "Node Type": "Limit",
      "Parallel Aware": false,
      "Async Capable": false,
      "Startup Cost": 1445461.5,
      "Total Cost": 1445461.75,
      "Plan Rows": 100,
      "Plan Width": 49,
      "Plans": [
        {
          "Node Type": "Sort",
          "Parent Relationship": "Outer",
          "Parallel Aware": false,
          "Async Capable": false,
          "Startup Cost": 1445461.5,
          "Total Cost": 1445462.0,
          "Plan Rows": 200,
          "Plan Width": 49,
          "Sort Key": [
            "(sum((sum(store_sales.ss_ext_sales_price))))",
            "item.i_item_id"
          ],
          "Plans": [
            {
              "Node Type": "Aggregate",
              "Strategy": "Sorted",
              "Partial Mode": "Simple",
              "Parent Relationship": "Outer",
              "Parallel Aware": false,
              "Async Capable": false,
              "Startup Cost": 1445365.0,
              "Total Cost": 1445453.86,
              "Plan Rows": 200,
              "Plan Width": 49,
              "Group Key": [
                "item.i_item_id"
              ],
              "Plans": [
                {
                  "Node Type": "Merge Append",
                  "Parent Relationship": "Outer",
                  "Parallel Aware": false,
                  "Async Capable": false,
                  "Startup Cost": 1445365.0,
                  "Total Cost": 1445450.15,
                  "Plan Rows": 241,
                  "Plan Width": 49,
                  "Sort Key": [
                    "item.i_item_id"
                  ],
                  "Subplans Removed": 0,
                  "Plans": [
                    {
                      "Node Type": "Aggregate",
                      "Strategy": "Sorted",
                      "Partial Mode": "Finalize",
                      "Parent Relationship": "Member",
                      "Parallel Aware": false,
                      "Async Capable": false,
                      "Startup Cost": 708085.33,
                      "Total Cost": 708129.17,
                      "Plan Rows": 133,
                      "Plan Width": 49,
                      "Group Key": [
                        "item.i_item_id"
                      ],
                      "Plans": [
                        {
                          "Node Type": "Gather Merge",
                          "Parent Relationship": "Outer",
                          "Parallel Aware": false,
                          "Async Capable": false,
                          "Startup Cost": 708085.33,
                          "Total Cost": 708126.68,
                          "Plan Rows": 110,
                          "Plan Width": 49,
                          "Workers Planned": 2,
                          "Plans": [
                            {
                              "Node Type": "Aggregate",
                              "Strategy": "Sorted",
                              "Partial Mode": "Partial",
                              "Parent Relationship": "Outer",
                              "Parallel Aware": false,
                              "Async Capable": false,
                              "Startup Cost": 707085.31,
                              "Total Cost": 707113.96,
                              "Plan Rows": 55,
                              "Plan Width": 49,
                              "Group Key": [
                                "item.i_item_id"
                              ],
                              "Plans": [
                                {
                                  "Node Type": "Merge Join",
                                  "Parent Relationship": "Outer",
                                  "Parallel Aware": false,
                                  "Async Capable": false,
                                  "Join Type": "Semi",
                                  "Startup Cost": 707085.31,
                                  "Total Cost": 707113.0,
                                  "Plan Rows": 55,
                                  "Plan Width": 23,
                                  "Inner Unique": false,
                                  "Merge Cond": "(item.i_item_id = item_1.i_item_id)",
                                  "Plans": [
                                    {
                                      "Node Type": "Sort",
                                      "Parent Relationship": "Outer",
                                      "Parallel Aware": false,
                                      "Async Capable": false,
                                      "Startup Cost": 698417.1,
                                      "Total Cost": 698418.37,
                                      "Plan Rows": 508,
                                      "Plan Width": 23,
                                      "Sort Key": [
                                        "item.i_item_id"
                                      ],
                                      "Plans": [
                                        {
                                          "Node Type": "Hash Join",
                                          "Parent Relationship": "Outer",
                                          "Parallel Aware": true,
                                          "Async Capable": false,
                                          "Join Type": "Inner",
                                          "Startup Cost": 690843.77,
                                          "Total Cost": 698394.27,
                                          "Plan Rows": 508,
                                          "Plan Width": 23,
                                          "Inner Unique": false,
                                          "Hash Cond": "(item.i_item_sk = store_sales.ss_item_sk)",
                                          "Plans": [
                                            {
                                              "Node Type": "Seq Scan",
                                              "Parent Relationship": "Outer",
                                              "Parallel Aware": true,
                                              "Async Capable": false,
                                              "Relation Name": "item",
                                              "Alias": "item",
                                              "Startup Cost": 0.0,
                                              "Total Cost": 7389.0,
                                              "Plan Rows": 42500,
                                              "Plan Width": 21,
                                              "parent": 9,
                                              "ID": 10
                                            },
                                            {
                                              "Node Type": "Hash",
                                              "Parent Relationship": "Inner",
                                              "Parallel Aware": true,
                                              "Async Capable": false,
                                              "Startup Cost": 690837.42,
                                              "Total Cost": 690837.42,
                                              "Plan Rows": 508,
                                              "Plan Width": 10,
                                              "Plans": [
                                                {
                                                  "Node Type": "Hash Join",
                                                  "Parent Relationship": "Outer",
                                                  "Parallel Aware": true,
                                                  "Async Capable": false,
                                                  "Join Type": "Inner",
                                                  "Startup Cost": 684055.5,
                                                  "Total Cost": 690837.42,
                                                  "Plan Rows": 508,
                                                  "Plan Width": 10,
                                                  "Inner Unique": false,
                                                  "Hash Cond": "(customer_address.ca_address_sk = store_sales.ss_addr_sk)",
                                                  "Plans": [
                                                    {
                                                      "Node Type": "Seq Scan",
                                                      "Parent Relationship": "Outer",
                                                      "Parallel Aware": true,
                                                      "Async Capable": false,
                                                      "Relation Name": "customer_address",
                                                      "Alias": "customer_address",
                                                      "Startup Cost": 0.0,
                                                      "Total Cost": 6737.08,
                                                      "Plan Rows": 11392,
                                                      "Plan Width": 4,
                                                      "Filter": "(ca_gmt_offset = '-7'::numeric)",
                                                      "parent": 12,
                                                      "ID": 13
                                                    },
                                                    {
                                                      "Node Type": "Hash",
                                                      "Parent Relationship": "Inner",
                                                      "Parallel Aware": true,
                                                      "Async Capable": false,
                                                      "Startup Cost": 683994.75,
                                                      "Total Cost": 683994.75,
                                                      "Plan Rows": 4860,
                                                      "Plan Width": 14,
                                                      "Plans": [
                                                        {
                                                          "Node Type": "Hash Join",
                                                          "Parent Relationship": "Outer",
                                                          "Parallel Aware": true,
                                                          "Async Capable": false,
                                                          "Join Type": "Inner",
                                                          "Startup Cost": 2049.78,
                                                          "Total Cost": 683994.75,
                                                          "Plan Rows": 4860,
                                                          "Plan Width": 14,
                                                          "Inner Unique": false,
                                                          "Hash Cond": "(store_sales.ss_sold_date_sk = date_dim.d_date_sk)",
                                                          "Plans": [
                                                            {
                                                              "Node Type": "Seq Scan",
                                                              "Parent Relationship": "Outer",
                                                              "Parallel Aware": true,
                                                              "Async Capable": false,
                                                              "Relation Name": "store_sales",
                                                              "Alias": "store_sales",
                                                              "Startup Cost": 0.0,
                                                              "Total Cost": 636914.37,
                                                              "Plan Rows": 12000637,
                                                              "Plan Width": 18,
                                                              "parent": 15,
                                                              "ID": 16
                                                            },
                                                            {
                                                              "Node Type": "Hash",
                                                              "Parent Relationship": "Inner",
                                                              "Parallel Aware": true,
                                                              "Async Capable": false,
                                                              "Startup Cost": 2049.55,
                                                              "Total Cost": 2049.55,
                                                              "Plan Rows": 18,
                                                              "Plan Width": 4,
                                                              "Plans": [
                                                                {
                                                                  "Node Type": "Seq Scan",
                                                                  "Parent Relationship": "Outer",
                                                                  "Parallel Aware": true,
                                                                  "Async Capable": false,
                                                                  "Relation Name": "date_dim",
                                                                  "Alias": "date_dim",
                                                                  "Startup Cost": 0.0,
                                                                  "Total Cost": 2049.55,
                                                                  "Plan Rows": 18,
                                                                  "Plan Width": 4,
                                                                  "Filter": "((d_year = 2001) AND (d_moy = 5))",
                                                                  "parent": 17,
                                                                  "ID": 18
                                                                }
                                                              ],
                                                              "parent": 15,
                                                              "ID": 17,
                                                              "left": 18
                                                            }
                                                          ],
                                                          "parent": 14,
                                                          "ID": 15,
                                                          "left": 16,
                                                          "right": 17
                                                        }
                                                      ],
                                                      "parent": 12,
                                                      "ID": 14,
                                                      "left": 15
                                                    }
                                                  ],
                                                  "parent": 11,
                                                  "ID": 12,
                                                  "left": 13,
                                                  "right": 14
                                                }
                                              ],
                                              "parent": 9,
                                              "ID": 11,
                                              "left": 12
                                            }
                                          ],
                                          "parent": 8,
                                          "ID": 9,
                                          "left": 10,
                                          "right": 11
                                        }
                                      ],
                                      "parent": 7,
                                      "ID": 8,
                                      "left": 9
                                    },
                                    {
                                      "Node Type": "Sort",
                                      "Parent Relationship": "Inner",
                                      "Parallel Aware": false,
                                      "Async Capable": false,
                                      "Startup Cost": 8668.21,
                                      "Total Cost": 8680.51,
                                      "Plan Rows": 4920,
                                      "Plan Width": 17,
                                      "Sort Key": [
                                        "item_1.i_item_id"
                                      ],
                                      "Plans": [
                                        {
                                          "Node Type": "Seq Scan",
                                          "Parent Relationship": "Outer",
                                          "Parallel Aware": false,
                                          "Async Capable": false,
                                          "Relation Name": "item",
                                          "Alias": "item_1",
                                          "Startup Cost": 0.0,
                                          "Total Cost": 8366.5,
                                          "Plan Rows": 4920,
                                          "Plan Width": 17,
                                          "Filter": "(i_color = ANY ('{beige,salmon,yellow}'::bpchar[]))",
                                          "parent": 19,
                                          "ID": 20
                                        }
                                      ],
                                      "parent": 7,
                                      "ID": 19,
                                      "left": 20
                                    }
                                  ],
                                  "parent": 6,
                                  "ID": 7,
                                  "left": 8,
                                  "right": 19
                                }
                              ],
                              "parent": 5,
                              "ID": 6,
                              "left": 7
                            }
                          ],
                          "parent": 4,
                          "ID": 5,
                          "left": 6
                        }
                      ],
                      "parent": 3,
                      "ID": 4,
                      "left": 5
                    },
                    {
                      "Node Type": "Aggregate",
                      "Strategy": "Sorted",
                      "Partial Mode": "Finalize",
                      "Parent Relationship": "Member",
                      "Parallel Aware": false,
                      "Async Capable": false,
                      "Startup Cost": 482370.83,
                      "Total Cost": 482405.91,
                      "Plan Rows": 72,
                      "Plan Width": 49,
                      "Group Key": [
                        "item_2.i_item_id"
                      ],
                      "Plans": [
                        {
                          "Node Type": "Gather Merge",
                          "Parent Relationship": "Outer",
                          "Parallel Aware": false,
                          "Async Capable": false,
                          "Startup Cost": 482370.83,
                          "Total Cost": 482404.56,
                          "Plan Rows": 60,
                          "Plan Width": 49,
                          "Workers Planned": 2,
                          "Plans": [
                            {
                              "Node Type": "Aggregate",
                              "Strategy": "Sorted",
                              "Partial Mode": "Partial",
                              "Parent Relationship": "Outer",
                              "Parallel Aware": false,
                              "Async Capable": false,
                              "Startup Cost": 481370.81,
                              "Total Cost": 481397.61,
                              "Plan Rows": 30,
                              "Plan Width": 49,
                              "Group Key": [
                                "item_2.i_item_id"
                              ],
                              "Plans": [
                                {
                                  "Node Type": "Merge Join",
                                  "Parent Relationship": "Outer",
                                  "Parallel Aware": false,
                                  "Async Capable": false,
                                  "Join Type": "Semi",
                                  "Startup Cost": 481370.81,
                                  "Total Cost": 481397.09,
                                  "Plan Rows": 30,
                                  "Plan Width": 23,
                                  "Inner Unique": false,
                                  "Merge Cond": "(item_2.i_item_id = item_3.i_item_id)",
                                  "Plans": [
                                    {
                                      "Node Type": "Sort",
                                      "Parent Relationship": "Outer",
                                      "Parallel Aware": false,
                                      "Async Capable": false,
                                      "Startup Cost": 472702.61,
                                      "Total Cost": 472703.29,
                                      "Plan Rows": 275,
                                      "Plan Width": 23,
                                      "Sort Key": [
                                        "item_2.i_item_id"
                                      ],
                                      "Plans": [
                                        {
                                          "Node Type": "Hash Join",
                                          "Parent Relationship": "Outer",
                                          "Parallel Aware": true,
                                          "Async Capable": false,
                                          "Join Type": "Inner",
                                          "Startup Cost": 465141.94,
                                          "Total Cost": 472691.46,
                                          "Plan Rows": 275,
                                          "Plan Width": 23,
                                          "Inner Unique": false,
                                          "Hash Cond": "(item_2.i_item_sk = catalog_sales.cs_item_sk)",
                                          "Plans": [
                                            {
                                              "Node Type": "Seq Scan",
                                              "Parent Relationship": "Outer",
                                              "Parallel Aware": true,
                                              "Async Capable": false,
                                              "Relation Name": "item",
                                              "Alias": "item_2",
                                              "Startup Cost": 0.0,
                                              "Total Cost": 7389.0,
                                              "Plan Rows": 42500,
                                              "Plan Width": 21,
                                              "parent": 26,
                                              "ID": 27
                                            },
                                            {
                                              "Node Type": "Hash",
                                              "Parent Relationship": "Inner",
                                              "Parallel Aware": true,
                                              "Async Capable": false,
                                              "Startup Cost": 465138.5,
                                              "Total Cost": 465138.5,
                                              "Plan Rows": 275,
                                              "Plan Width": 10,
                                              "Plans": [
                                                {
                                                  "Node Type": "Hash Join",
                                                  "Parent Relationship": "Outer",
                                                  "Parallel Aware": true,
                                                  "Async Capable": false,
                                                  "Join Type": "Inner",
                                                  "Startup Cost": 458286.35,
                                                  "Total Cost": 465138.5,
                                                  "Plan Rows": 275,
                                                  "Plan Width": 10,
                                                  "Inner Unique": false,
                                                  "Hash Cond": "(customer_address_1.ca_address_sk = catalog_sales.cs_bill_addr_sk)",
                                                  "Plans": [
                                                    {
                                                      "Node Type": "Seq Scan",
                                                      "Parent Relationship": "Outer",
                                                      "Parallel Aware": true,
                                                      "Async Capable": false,
                                                      "Relation Name": "customer_address",
                                                      "Alias": "customer_address_1",
                                                      "Startup Cost": 0.0,
                                                      "Total Cost": 6737.08,
                                                      "Plan Rows": 11392,
                                                      "Plan Width": 4,
                                                      "Filter": "(ca_gmt_offset = '-7'::numeric)",
                                                      "parent": 29,
                                                      "ID": 30
                                                    },
                                                    {
                                                      "Node Type": "Hash",
                                                      "Parent Relationship": "Inner",
                                                      "Parallel Aware": true,
                                                      "Async Capable": false,
                                                      "Startup Cost": 458254.7,
                                                      "Total Cost": 458254.7,
                                                      "Plan Rows": 2532,
                                                      "Plan Width": 14,
                                                      "Plans": [
                                                        {
                                                          "Node Type": "Hash Join",
                                                          "Parent Relationship": "Outer",
                                                          "Parallel Aware": true,
                                                          "Async Capable": false,
                                                          "Join Type": "Inner",
                                                          "Startup Cost": 2049.78,
                                                          "Total Cost": 458254.7,
                                                          "Plan Rows": 2532,
                                                          "Plan Width": 14,
                                                          "Inner Unique": false,
                                                          "Hash Cond": "(catalog_sales.cs_sold_date_sk = date_dim_1.d_date_sk)",
                                                          "Plans": [
                                                            {
                                                              "Node Type": "Seq Scan",
                                                              "Parent Relationship": "Outer",
                                                              "Parallel Aware": true,
                                                              "Async Capable": false,
                                                              "Relation Name": "catalog_sales",
                                                              "Alias": "catalog_sales",
                                                              "Startup Cost": 0.0,
                                                              "Total Cost": 433688.25,
                                                              "Plan Rows": 6000525,
                                                              "Plan Width": 18,
                                                              "parent": 32,
                                                              "ID": 33
                                                            },
                                                            {
                                                              "Node Type": "Hash",
                                                              "Parent Relationship": "Inner",
                                                              "Parallel Aware": true,
                                                              "Async Capable": false,
                                                              "Startup Cost": 2049.55,
                                                              "Total Cost": 2049.55,
                                                              "Plan Rows": 18,
                                                              "Plan Width": 4,
                                                              "Plans": [
                                                                {
                                                                  "Node Type": "Seq Scan",
                                                                  "Parent Relationship": "Outer",
                                                                  "Parallel Aware": true,
                                                                  "Async Capable": false,
                                                                  "Relation Name": "date_dim",
                                                                  "Alias": "date_dim_1",
                                                                  "Startup Cost": 0.0,
                                                                  "Total Cost": 2049.55,
                                                                  "Plan Rows": 18,
                                                                  "Plan Width": 4,
                                                                  "Filter": "((d_year = 2001) AND (d_moy = 5))",
                                                                  "parent": 34,
                                                                  "ID": 35
                                                                }
                                                              ],
                                                              "parent": 32,
                                                              "ID": 34,
                                                              "left": 35
                                                            }
                                                          ],
                                                          "parent": 31,
                                                          "ID": 32,
                                                          "left": 33,
                                                          "right": 34
                                                        }
                                                      ],
                                                      "parent": 29,
                                                      "ID": 31,
                                                      "left": 32
                                                    }
                                                  ],
                                                  "parent": 28,
                                                  "ID": 29,
                                                  "left": 30,
                                                  "right": 31
                                                }
                                              ],
                                              "parent": 26,
                                              "ID": 28,
                                              "left": 29
                                            }
                                          ],
                                          "parent": 25,
                                          "ID": 26,
                                          "left": 27,
                                          "right": 28
                                        }
                                      ],
                                      "parent": 24,
                                      "ID": 25,
                                      "left": 26
                                    },
                                    {
                                      "Node Type": "Sort",
                                      "Parent Relationship": "Inner",
                                      "Parallel Aware": false,
                                      "Async Capable": false,
                                      "Startup Cost": 8668.21,
                                      "Total Cost": 8680.51,
                                      "Plan Rows": 4920,
                                      "Plan Width": 17,
                                      "Sort Key": [
                                        "item_3.i_item_id"
                                      ],
                                      "Plans": [
                                        {
                                          "Node Type": "Seq Scan",
                                          "Parent Relationship": "Outer",
                                          "Parallel Aware": false,
                                          "Async Capable": false,
                                          "Relation Name": "item",
                                          "Alias": "item_3",
                                          "Startup Cost": 0.0,
                                          "Total Cost": 8366.5,
                                          "Plan Rows": 4920,
                                          "Plan Width": 17,
                                          "Filter": "(i_color = ANY ('{beige,salmon,yellow}'::bpchar[]))",
                                          "parent": 36,
                                          "ID": 37
                                        }
                                      ],
                                      "parent": 24,
                                      "ID": 36,
                                      "left": 37
                                    }
                                  ],
                                  "parent": 23,
                                  "ID": 24,
                                  "left": 25,
                                  "right": 36
                                }
                              ],
                              "parent": 22,
                              "ID": 23,
                              "left": 24
                            }
                          ],
                          "parent": 21,
                          "ID": 22,
                          "left": 23
                        }
                      ],
                      "parent": 3,
                      "ID": 21,
                      "left": 22
                    },
                    {
                      "Node Type": "Aggregate",
                      "Strategy": "Sorted",
                      "Partial Mode": "Simple",
                      "Parent Relationship": "Member",
                      "Parallel Aware": false,
                      "Async Capable": false,
                      "Startup Cost": 254908.81,
                      "Total Cost": 254909.53,
                      "Plan Rows": 36,
                      "Plan Width": 49,
                      "Group Key": [
                        "item_4.i_item_id"
                      ],
                      "Plans": [
                        {
                          "Node Type": "Sort",
                          "Parent Relationship": "Outer",
                          "Parallel Aware": false,
                          "Async Capable": false,
                          "Startup Cost": 254908.81,
                          "Total Cost": 254908.9,
                          "Plan Rows": 36,
                          "Plan Width": 23,
                          "Sort Key": [
                            "item_4.i_item_id"
                          ],
                          "Plans": [
                            {
                              "Node Type": "Hash Join",
                              "Parent Relationship": "Outer",
                              "Parallel Aware": false,
                              "Async Capable": false,
                              "Join Type": "Semi",
                              "Startup Cost": 247324.2,
                              "Total Cost": 254907.88,
                              "Plan Rows": 36,
                              "Plan Width": 23,
                              "Inner Unique": false,
                              "Hash Cond": "(item_4.i_item_id = item_5.i_item_id)",
                              "Plans": [
                                {
                                  "Node Type": "Gather",
                                  "Parent Relationship": "Outer",
                                  "Parallel Aware": false,
                                  "Async Capable": false,
                                  "Startup Cost": 238896.2,
                                  "Total Cost": 246478.56,
                                  "Plan Rows": 334,
                                  "Plan Width": 23,
                                  "Workers Planned": 2,
                                  "Single Copy": false,
                                  "Plans": [
                                    {
                                      "Node Type": "Hash Join",
                                      "Parent Relationship": "Outer",
                                      "Parallel Aware": true,
                                      "Async Capable": false,
                                      "Join Type": "Inner",
                                      "Startup Cost": 237896.2,
                                      "Total Cost": 245445.16,
                                      "Plan Rows": 139,
                                      "Plan Width": 23,
                                      "Inner Unique": false,
                                      "Hash Cond": "(item_4.i_item_sk = web_sales.ws_item_sk)",
                                      "Plans": [
                                        {
                                          "Node Type": "Seq Scan",
                                          "Parent Relationship": "Outer",
                                          "Parallel Aware": true,
                                          "Async Capable": false,
                                          "Relation Name": "item",
                                          "Alias": "item_4",
                                          "Startup Cost": 0.0,
                                          "Total Cost": 7389.0,
                                          "Plan Rows": 42500,
                                          "Plan Width": 21,
                                          "parent": 42,
                                          "ID": 43
                                        },
                                        {
                                          "Node Type": "Hash",
                                          "Parent Relationship": "Inner",
                                          "Parallel Aware": true,
                                          "Async Capable": false,
                                          "Startup Cost": 237894.46,
                                          "Total Cost": 237894.46,
                                          "Plan Rows": 139,
                                          "Plan Width": 10,
                                          "Plans": [
                                            {
                                              "Node Type": "Hash Join",
                                              "Parent Relationship": "Outer",
                                              "Parallel Aware": true,
                                              "Async Capable": false,
                                              "Join Type": "Inner",
                                              "Startup Cost": 231057.12,
                                              "Total Cost": 237894.46,
                                              "Plan Rows": 139,
                                              "Plan Width": 10,
                                              "Inner Unique": false,
                                              "Hash Cond": "(customer_address_2.ca_address_sk = web_sales.ws_bill_addr_sk)",
                                              "Plans": [
                                                {
                                                  "Node Type": "Seq Scan",
                                                  "Parent Relationship": "Outer",
                                                  "Parallel Aware": true,
                                                  "Async Capable": false,
                                                  "Relation Name": "customer_address",
                                                  "Alias": "customer_address_2",
                                                  "Startup Cost": 0.0,
                                                  "Total Cost": 6737.08,
                                                  "Plan Rows": 11392,
                                                  "Plan Width": 4,
                                                  "Filter": "(ca_gmt_offset = '-7'::numeric)",
                                                  "parent": 45,
                                                  "ID": 46
                                                },
                                                {
                                                  "Node Type": "Hash",
                                                  "Parent Relationship": "Inner",
                                                  "Parallel Aware": true,
                                                  "Async Capable": false,
                                                  "Startup Cost": 231041.22,
                                                  "Total Cost": 231041.22,
                                                  "Plan Rows": 1272,
                                                  "Plan Width": 14,
                                                  "Plans": [
                                                    {
                                                      "Node Type": "Hash Join",
                                                      "Parent Relationship": "Outer",
                                                      "Parallel Aware": true,
                                                      "Async Capable": false,
                                                      "Join Type": "Inner",
                                                      "Startup Cost": 2049.78,
                                                      "Total Cost": 231041.22,
                                                      "Plan Rows": 1272,
                                                      "Plan Width": 14,
                                                      "Inner Unique": false,
                                                      "Hash Cond": "(web_sales.ws_sold_date_sk = date_dim_2.d_date_sk)",
                                                      "Plans": [
                                                        {
                                                          "Node Type": "Seq Scan",
                                                          "Parent Relationship": "Outer",
                                                          "Parallel Aware": true,
                                                          "Async Capable": false,
                                                          "Relation Name": "web_sales",
                                                          "Alias": "web_sales",
                                                          "Startup Cost": 0.0,
                                                          "Total Cost": 217737.86,
                                                          "Plan Rows": 2998986,
                                                          "Plan Width": 18,
                                                          "parent": 48,
                                                          "ID": 49
                                                        },
                                                        {
                                                          "Node Type": "Hash",
                                                          "Parent Relationship": "Inner",
                                                          "Parallel Aware": true,
                                                          "Async Capable": false,
                                                          "Startup Cost": 2049.55,
                                                          "Total Cost": 2049.55,
                                                          "Plan Rows": 18,
                                                          "Plan Width": 4,
                                                          "Plans": [
                                                            {
                                                              "Node Type": "Seq Scan",
                                                              "Parent Relationship": "Outer",
                                                              "Parallel Aware": true,
                                                              "Async Capable": false,
                                                              "Relation Name": "date_dim",
                                                              "Alias": "date_dim_2",
                                                              "Startup Cost": 0.0,
                                                              "Total Cost": 2049.55,
                                                              "Plan Rows": 18,
                                                              "Plan Width": 4,
                                                              "Filter": "((d_year = 2001) AND (d_moy = 5))",
                                                              "parent": 50,
                                                              "ID": 51
                                                            }
                                                          ],
                                                          "parent": 48,
                                                          "ID": 50,
                                                          "left": 51
                                                        }
                                                      ],
                                                      "parent": 47,
                                                      "ID": 48,
                                                      "left": 49,
                                                      "right": 50
                                                    }
                                                  ],
                                                  "parent": 45,
                                                  "ID": 47,
                                                  "left": 48
                                                }
                                              ],
                                              "parent": 44,
                                              "ID": 45,
                                              "left": 46,
                                              "right": 47
                                            }
                                          ],
                                          "parent": 42,
                                          "ID": 44,
                                          "left": 45
                                        }
                                      ],
                                      "parent": 41,
                                      "ID": 42,
                                      "left": 43,
                                      "right": 44
                                    }
                                  ],
                                  "parent": 40,
                                  "ID": 41,
                                  "left": 42
                                },
                                {
                                  "Node Type": "Hash",
                                  "Parent Relationship": "Inner",
                                  "Parallel Aware": false,
                                  "Async Capable": false,
                                  "Startup Cost": 8366.5,
                                  "Total Cost": 8366.5,
                                  "Plan Rows": 4920,
                                  "Plan Width": 17,
                                  "Plans": [
                                    {
                                      "Node Type": "Seq Scan",
                                      "Parent Relationship": "Outer",
                                      "Parallel Aware": false,
                                      "Async Capable": false,
                                      "Relation Name": "item",
                                      "Alias": "item_5",
                                      "Startup Cost": 0.0,
                                      "Total Cost": 8366.5,
                                      "Plan Rows": 4920,
                                      "Plan Width": 17,
                                      "Filter": "(i_color = ANY ('{beige,salmon,yellow}'::bpchar[]))",
                                      "parent": 52,
                                      "ID": 53
                                    }
                                  ],
                                  "parent": 40,
                                  "ID": 52,
                                  "left": 53
                                }
                              ],
                              "parent": 39,
                              "ID": 40,
                              "left": 41,
                              "right": 52
                            }
                          ],
                          "parent": 38,
                          "ID": 39,
                          "left": 40
                        }
                      ],
                      "parent": 3,
                      "ID": 38,
                      "left": 39
                    }
                  ],
                  "parent": 2,
                  "ID": 3,
                  "left": 4,
                  "right": 21
                }
              ],
              "parent": 1,
              "ID": 2,
              "left": 3
            }
          ],
          "parent": 0,
          "ID": 1,
          "left": 2
        }
      ],
      "parent": null,
      "ID": 0,
      "left": 1
    },
    "feat": {
      "utility": 0.005760039318828513,
      "query_shape": [
        [
          "Seq Scan",
          "Hash Join",
          "Sort",
          "Merge Join",
          "Aggregate",
          "Gather Merge",
          "Merge Append"
        ],
        [
          "Seq Scan",
          "Hash Join",
          "Hash",
          "Sort",
          "Merge Join",
          "Aggregate",
          "Gather Merge",
          "Merge Append"
        ],
        [
          "Seq Scan",
          "Hash Join",
          "Hash",
          "Sort",
          "Merge Join",
          "Aggregate",
          "Gather Merge",
          "Merge Append"
        ],
        [
          "Seq Scan",
          "Hash",
          "Hash Join",
          "Sort",
          "Merge Join",
          "Aggregate",
          "Gather Merge",
          "Merge Append"
        ],
        [
          "Seq Scan",
          "Sort",
          "Merge Join",
          "Aggregate",
          "Gather Merge",
          "Merge Append"
        ],
        [
          "Seq Scan",
          "Hash Join",
          "Sort",
          "Merge Join",
          "Aggregate",
          "Gather Merge",
          "Merge Append"
        ],
        [
          "Seq Scan",
          "Hash Join",
          "Hash",
          "Sort",
          "Merge Join",
          "Aggregate",
          "Gather Merge",
          "Merge Append"
        ],
        [
          "Seq Scan",
          "Hash Join",
          "Hash",
          "Sort",
          "Merge Join",
          "Aggregate",
          "Gather Merge",
          "Merge Append"
        ],
        [
          "Seq Scan",
          "Hash",
          "Hash Join",
          "Sort",
          "Merge Join",
          "Aggregate",
          "Gather Merge",
          "Merge Append"
        ],
        [
          "Seq Scan",
          "Sort",
          "Merge Join",
          "Aggregate",
          "Gather Merge",
          "Merge Append"
        ],
        [
          "Seq Scan",
          "Hash Join",
          "Gather",
          "Sort",
          "Aggregate",
          "Merge Append"
        ],
        [
          "Seq Scan",
          "Hash Join",
          "Hash",
          "Gather",
          "Sort",
          "Aggregate",
          "Merge Append"
        ],
        [
          "Seq Scan",
          "Hash Join",
          "Hash",
          "Gather",
          "Sort",
          "Aggregate",
          "Merge Append"
        ],
        [
          "Seq Scan",
          "Hash",
          "Hash Join",
          "Gather",
          "Sort",
          "Aggregate",
          "Merge Append"
        ],
        [
          "Seq Scan",
          "Hash",
          "Hash Join",
          "Sort",
          "Aggregate",
          "Merge Append"
        ]
      ],
      "index_shape": [
        "join"
      ],
      "physical_operator": {
        "Hash Join": [
          0.00485071250072666
        ]
      }
    }
  },
  {
    "query": "with ss as (\n select i_item_id,sum(ss_ext_sales_price) total_sales\n from\n \tstore_sales,\n \tdate_dim,\n         customer_address,\n         item\n where i_item_id in (select\n     i_item_id\nfrom item\nwhere i_color in ('beige','salmon','yellow'))\n and     ss_item_sk              = i_item_sk\n and     ss_sold_date_sk         = d_date_sk\n and     d_year                  = 2001\n and     d_moy                   = 5\n and     ss_addr_sk              = ca_address_sk\n and     ca_gmt_offset           = -7 \n group by i_item_id),\n cs as (\n select i_item_id,sum(cs_ext_sales_price) total_sales\n from\n \tcatalog_sales,\n \tdate_dim,\n         customer_address,\n         item\n where\n         i_item_id               in (select\n  i_item_id\nfrom item\nwhere i_color in ('beige','salmon','yellow'))\n and     cs_item_sk              = i_item_sk\n and     cs_sold_date_sk         = d_date_sk\n and     d_year                  = 2001\n and     d_moy                   = 5\n and     cs_bill_addr_sk         = ca_address_sk\n and     ca_gmt_offset           = -7 \n group by i_item_id),\n ws as (\n select i_item_id,sum(ws_ext_sales_price) total_sales\n from\n \tweb_sales,\n \tdate_dim,\n         customer_address,\n         item\n where\n         i_item_id               in (select\n  i_item_id\nfrom item\nwhere i_color in ('beige','salmon','yellow'))\n and     ws_item_sk              = i_item_sk\n and     ws_sold_date_sk         = d_date_sk\n and     d_year                  = 2001\n and     d_moy                   = 5\n and     ws_bill_addr_sk         = ca_address_sk\n and     ca_gmt_offset           = -7\n group by i_item_id)\n  select  i_item_id ,sum(total_sales) total_sales\n from  (select * from ss \n        union all\n        select * from cs \n        union all\n        select * from ws) tmp1\n group by i_item_id\n order by total_sales,\n          i_item_id\n limit 100;\n\n-- end query 40 in stream 1 using template query56.tpl\n",
    "indexes": "web_sales.ws_bill_addr_sk",
    "wo plan est": {
      "Node Type": "Limit",
      "Parallel Aware": false,
      "Async Capable": false,
      "Startup Cost": 1445461.5,
      "Total Cost": 1445461.75,
      "Plan Rows": 100,
      "Plan Width": 49,
      "Plans": [
        {
          "Node Type": "Sort",
          "Parent Relationship": "Outer",
          "Parallel Aware": false,
          "Async Capable": false,
          "Startup Cost": 1445461.5,
          "Total Cost": 1445462.0,
          "Plan Rows": 200,
          "Plan Width": 49,
          "Sort Key": [
            "(sum((sum(store_sales.ss_ext_sales_price))))",
            "item.i_item_id"
          ],
          "Plans": [
            {
              "Node Type": "Aggregate",
              "Strategy": "Sorted",
              "Partial Mode": "Simple",
              "Parent Relationship": "Outer",
              "Parallel Aware": false,
              "Async Capable": false,
              "Startup Cost": 1445365.0,
              "Total Cost": 1445453.86,
              "Plan Rows": 200,
              "Plan Width": 49,
              "Group Key": [
                "item.i_item_id"
              ],
              "Plans": [
                {
                  "Node Type": "Merge Append",
                  "Parent Relationship": "Outer",
                  "Parallel Aware": false,
                  "Async Capable": false,
                  "Startup Cost": 1445365.0,
                  "Total Cost": 1445450.15,
                  "Plan Rows": 241,
                  "Plan Width": 49,
                  "Sort Key": [
                    "item.i_item_id"
                  ],
                  "Subplans Removed": 0,
                  "Plans": [
                    {
                      "Node Type": "Aggregate",
                      "Strategy": "Sorted",
                      "Partial Mode": "Finalize",
                      "Parent Relationship": "Member",
                      "Parallel Aware": false,
                      "Async Capable": false,
                      "Startup Cost": 708085.33,
                      "Total Cost": 708129.17,
                      "Plan Rows": 133,
                      "Plan Width": 49,
                      "Group Key": [
                        "item.i_item_id"
                      ],
                      "Plans": [
                        {
                          "Node Type": "Gather Merge",
                          "Parent Relationship": "Outer",
                          "Parallel Aware": false,
                          "Async Capable": false,
                          "Startup Cost": 708085.33,
                          "Total Cost": 708126.68,
                          "Plan Rows": 110,
                          "Plan Width": 49,
                          "Workers Planned": 2,
                          "Plans": [
                            {
                              "Node Type": "Aggregate",
                              "Strategy": "Sorted",
                              "Partial Mode": "Partial",
                              "Parent Relationship": "Outer",
                              "Parallel Aware": false,
                              "Async Capable": false,
                              "Startup Cost": 707085.31,
                              "Total Cost": 707113.96,
                              "Plan Rows": 55,
                              "Plan Width": 49,
                              "Group Key": [
                                "item.i_item_id"
                              ],
                              "Plans": [
                                {
                                  "Node Type": "Merge Join",
                                  "Parent Relationship": "Outer",
                                  "Parallel Aware": false,
                                  "Async Capable": false,
                                  "Join Type": "Semi",
                                  "Startup Cost": 707085.31,
                                  "Total Cost": 707113.0,
                                  "Plan Rows": 55,
                                  "Plan Width": 23,
                                  "Inner Unique": false,
                                  "Merge Cond": "(item.i_item_id = item_1.i_item_id)",
                                  "Plans": [
                                    {
                                      "Node Type": "Sort",
                                      "Parent Relationship": "Outer",
                                      "Parallel Aware": false,
                                      "Async Capable": false,
                                      "Startup Cost": 698417.1,
                                      "Total Cost": 698418.37,
                                      "Plan Rows": 508,
                                      "Plan Width": 23,
                                      "Sort Key": [
                                        "item.i_item_id"
                                      ],
                                      "Plans": [
                                        {
                                          "Node Type": "Hash Join",
                                          "Parent Relationship": "Outer",
                                          "Parallel Aware": true,
                                          "Async Capable": false,
                                          "Join Type": "Inner",
                                          "Startup Cost": 690843.77,
                                          "Total Cost": 698394.27,
                                          "Plan Rows": 508,
                                          "Plan Width": 23,
                                          "Inner Unique": false,
                                          "Hash Cond": "(item.i_item_sk = store_sales.ss_item_sk)",
                                          "Plans": [
                                            {
                                              "Node Type": "Seq Scan",
                                              "Parent Relationship": "Outer",
                                              "Parallel Aware": true,
                                              "Async Capable": false,
                                              "Relation Name": "item",
                                              "Alias": "item",
                                              "Startup Cost": 0.0,
                                              "Total Cost": 7389.0,
                                              "Plan Rows": 42500,
                                              "Plan Width": 21,
                                              "parent": 9,
                                              "ID": 10
                                            },
                                            {
                                              "Node Type": "Hash",
                                              "Parent Relationship": "Inner",
                                              "Parallel Aware": true,
                                              "Async Capable": false,
                                              "Startup Cost": 690837.42,
                                              "Total Cost": 690837.42,
                                              "Plan Rows": 508,
                                              "Plan Width": 10,
                                              "Plans": [
                                                {
                                                  "Node Type": "Hash Join",
                                                  "Parent Relationship": "Outer",
                                                  "Parallel Aware": true,
                                                  "Async Capable": false,
                                                  "Join Type": "Inner",
                                                  "Startup Cost": 684055.5,
                                                  "Total Cost": 690837.42,
                                                  "Plan Rows": 508,
                                                  "Plan Width": 10,
                                                  "Inner Unique": false,
                                                  "Hash Cond": "(customer_address.ca_address_sk = store_sales.ss_addr_sk)",
                                                  "Plans": [
                                                    {
                                                      "Node Type": "Seq Scan",
                                                      "Parent Relationship": "Outer",
                                                      "Parallel Aware": true,
                                                      "Async Capable": false,
                                                      "Relation Name": "customer_address",
                                                      "Alias": "customer_address",
                                                      "Startup Cost": 0.0,
                                                      "Total Cost": 6737.08,
                                                      "Plan Rows": 11392,
                                                      "Plan Width": 4,
                                                      "Filter": "(ca_gmt_offset = '-7'::numeric)",
                                                      "parent": 12,
                                                      "ID": 13
                                                    },
                                                    {
                                                      "Node Type": "Hash",
                                                      "Parent Relationship": "Inner",
                                                      "Parallel Aware": true,
                                                      "Async Capable": false,
                                                      "Startup Cost": 683994.75,
                                                      "Total Cost": 683994.75,
                                                      "Plan Rows": 4860,
                                                      "Plan Width": 14,
                                                      "Plans": [
                                                        {
                                                          "Node Type": "Hash Join",
                                                          "Parent Relationship": "Outer",
                                                          "Parallel Aware": true,
                                                          "Async Capable": false,
                                                          "Join Type": "Inner",
                                                          "Startup Cost": 2049.78,
                                                          "Total Cost": 683994.75,
                                                          "Plan Rows": 4860,
                                                          "Plan Width": 14,
                                                          "Inner Unique": false,
                                                          "Hash Cond": "(store_sales.ss_sold_date_sk = date_dim.d_date_sk)",
                                                          "Plans": [
                                                            {
                                                              "Node Type": "Seq Scan",
                                                              "Parent Relationship": "Outer",
                                                              "Parallel Aware": true,
                                                              "Async Capable": false,
                                                              "Relation Name": "store_sales",
                                                              "Alias": "store_sales",
                                                              "Startup Cost": 0.0,
                                                              "Total Cost": 636914.37,
                                                              "Plan Rows": 12000637,
                                                              "Plan Width": 18,
                                                              "parent": 15,
                                                              "ID": 16
                                                            },
                                                            {
                                                              "Node Type": "Hash",
                                                              "Parent Relationship": "Inner",
                                                              "Parallel Aware": true,
                                                              "Async Capable": false,
                                                              "Startup Cost": 2049.55,
                                                              "Total Cost": 2049.55,
                                                              "Plan Rows": 18,
                                                              "Plan Width": 4,
                                                              "Plans": [
                                                                {
                                                                  "Node Type": "Seq Scan",
                                                                  "Parent Relationship": "Outer",
                                                                  "Parallel Aware": true,
                                                                  "Async Capable": false,
                                                                  "Relation Name": "date_dim",
                                                                  "Alias": "date_dim",
                                                                  "Startup Cost": 0.0,
                                                                  "Total Cost": 2049.55,
                                                                  "Plan Rows": 18,
                                                                  "Plan Width": 4,
                                                                  "Filter": "((d_year = 2001) AND (d_moy = 5))",
                                                                  "parent": 17,
                                                                  "ID": 18
                                                                }
                                                              ],
                                                              "parent": 15,
                                                              "ID": 17,
                                                              "left": 18
                                                            }
                                                          ],
                                                          "parent": 14,
                                                          "ID": 15,
                                                          "left": 16,
                                                          "right": 17
                                                        }
                                                      ],
                                                      "parent": 12,
                                                      "ID": 14,
                                                      "left": 15
                                                    }
                                                  ],
                                                  "parent": 11,
                                                  "ID": 12,
                                                  "left": 13,
                                                  "right": 14
                                                }
                                              ],
                                              "parent": 9,
                                              "ID": 11,
                                              "left": 12
                                            }
                                          ],
                                          "parent": 8,
                                          "ID": 9,
                                          "left": 10,
                                          "right": 11
                                        }
                                      ],
                                      "parent": 7,
                                      "ID": 8,
                                      "left": 9
                                    },
                                    {
                                      "Node Type": "Sort",
                                      "Parent Relationship": "Inner",
                                      "Parallel Aware": false,
                                      "Async Capable": false,
                                      "Startup Cost": 8668.21,
                                      "Total Cost": 8680.51,
                                      "Plan Rows": 4920,
                                      "Plan Width": 17,
                                      "Sort Key": [
                                        "item_1.i_item_id"
                                      ],
                                      "Plans": [
                                        {
                                          "Node Type": "Seq Scan",
                                          "Parent Relationship": "Outer",
                                          "Parallel Aware": false,
                                          "Async Capable": false,
                                          "Relation Name": "item",
                                          "Alias": "item_1",
                                          "Startup Cost": 0.0,
                                          "Total Cost": 8366.5,
                                          "Plan Rows": 4920,
                                          "Plan Width": 17,
                                          "Filter": "(i_color = ANY ('{beige,salmon,yellow}'::bpchar[]))",
                                          "parent": 19,
                                          "ID": 20
                                        }
                                      ],
                                      "parent": 7,
                                      "ID": 19,
                                      "left": 20
                                    }
                                  ],
                                  "parent": 6,
                                  "ID": 7,
                                  "left": 8,
                                  "right": 19
                                }
                              ],
                              "parent": 5,
                              "ID": 6,
                              "left": 7
                            }
                          ],
                          "parent": 4,
                          "ID": 5,
                          "left": 6
                        }
                      ],
                      "parent": 3,
                      "ID": 4,
                      "left": 5
                    },
                    {
                      "Node Type": "Aggregate",
                      "Strategy": "Sorted",
                      "Partial Mode": "Finalize",
                      "Parent Relationship": "Member",
                      "Parallel Aware": false,
                      "Async Capable": false,
                      "Startup Cost": 482370.83,
                      "Total Cost": 482405.91,
                      "Plan Rows": 72,
                      "Plan Width": 49,
                      "Group Key": [
                        "item_2.i_item_id"
                      ],
                      "Plans": [
                        {
                          "Node Type": "Gather Merge",
                          "Parent Relationship": "Outer",
                          "Parallel Aware": false,
                          "Async Capable": false,
                          "Startup Cost": 482370.83,
                          "Total Cost": 482404.56,
                          "Plan Rows": 60,
                          "Plan Width": 49,
                          "Workers Planned": 2,
                          "Plans": [
                            {
                              "Node Type": "Aggregate",
                              "Strategy": "Sorted",
                              "Partial Mode": "Partial",
                              "Parent Relationship": "Outer",
                              "Parallel Aware": false,
                              "Async Capable": false,
                              "Startup Cost": 481370.81,
                              "Total Cost": 481397.61,
                              "Plan Rows": 30,
                              "Plan Width": 49,
                              "Group Key": [
                                "item_2.i_item_id"
                              ],
                              "Plans": [
                                {
                                  "Node Type": "Merge Join",
                                  "Parent Relationship": "Outer",
                                  "Parallel Aware": false,
                                  "Async Capable": false,
                                  "Join Type": "Semi",
                                  "Startup Cost": 481370.81,
                                  "Total Cost": 481397.09,
                                  "Plan Rows": 30,
                                  "Plan Width": 23,
                                  "Inner Unique": false,
                                  "Merge Cond": "(item_2.i_item_id = item_3.i_item_id)",
                                  "Plans": [
                                    {
                                      "Node Type": "Sort",
                                      "Parent Relationship": "Outer",
                                      "Parallel Aware": false,
                                      "Async Capable": false,
                                      "Startup Cost": 472702.61,
                                      "Total Cost": 472703.29,
                                      "Plan Rows": 275,
                                      "Plan Width": 23,
                                      "Sort Key": [
                                        "item_2.i_item_id"
                                      ],
                                      "Plans": [
                                        {
                                          "Node Type": "Hash Join",
                                          "Parent Relationship": "Outer",
                                          "Parallel Aware": true,
                                          "Async Capable": false,
                                          "Join Type": "Inner",
                                          "Startup Cost": 465141.94,
                                          "Total Cost": 472691.46,
                                          "Plan Rows": 275,
                                          "Plan Width": 23,
                                          "Inner Unique": false,
                                          "Hash Cond": "(item_2.i_item_sk = catalog_sales.cs_item_sk)",
                                          "Plans": [
                                            {
                                              "Node Type": "Seq Scan",
                                              "Parent Relationship": "Outer",
                                              "Parallel Aware": true,
                                              "Async Capable": false,
                                              "Relation Name": "item",
                                              "Alias": "item_2",
                                              "Startup Cost": 0.0,
                                              "Total Cost": 7389.0,
                                              "Plan Rows": 42500,
                                              "Plan Width": 21,
                                              "parent": 26,
                                              "ID": 27
                                            },
                                            {
                                              "Node Type": "Hash",
                                              "Parent Relationship": "Inner",
                                              "Parallel Aware": true,
                                              "Async Capable": false,
                                              "Startup Cost": 465138.5,
                                              "Total Cost": 465138.5,
                                              "Plan Rows": 275,
                                              "Plan Width": 10,
                                              "Plans": [
                                                {
                                                  "Node Type": "Hash Join",
                                                  "Parent Relationship": "Outer",
                                                  "Parallel Aware": true,
                                                  "Async Capable": false,
                                                  "Join Type": "Inner",
                                                  "Startup Cost": 458286.35,
                                                  "Total Cost": 465138.5,
                                                  "Plan Rows": 275,
                                                  "Plan Width": 10,
                                                  "Inner Unique": false,
                                                  "Hash Cond": "(customer_address_1.ca_address_sk = catalog_sales.cs_bill_addr_sk)",
                                                  "Plans": [
                                                    {
                                                      "Node Type": "Seq Scan",
                                                      "Parent Relationship": "Outer",
                                                      "Parallel Aware": true,
                                                      "Async Capable": false,
                                                      "Relation Name": "customer_address",
                                                      "Alias": "customer_address_1",
                                                      "Startup Cost": 0.0,
                                                      "Total Cost": 6737.08,
                                                      "Plan Rows": 11392,
                                                      "Plan Width": 4,
                                                      "Filter": "(ca_gmt_offset = '-7'::numeric)",
                                                      "parent": 29,
                                                      "ID": 30
                                                    },
                                                    {
                                                      "Node Type": "Hash",
                                                      "Parent Relationship": "Inner",
                                                      "Parallel Aware": true,
                                                      "Async Capable": false,
                                                      "Startup Cost": 458254.7,
                                                      "Total Cost": 458254.7,
                                                      "Plan Rows": 2532,
                                                      "Plan Width": 14,
                                                      "Plans": [
                                                        {
                                                          "Node Type": "Hash Join",
                                                          "Parent Relationship": "Outer",
                                                          "Parallel Aware": true,
                                                          "Async Capable": false,
                                                          "Join Type": "Inner",
                                                          "Startup Cost": 2049.78,
                                                          "Total Cost": 458254.7,
                                                          "Plan Rows": 2532,
                                                          "Plan Width": 14,
                                                          "Inner Unique": false,
                                                          "Hash Cond": "(catalog_sales.cs_sold_date_sk = date_dim_1.d_date_sk)",
                                                          "Plans": [
                                                            {
                                                              "Node Type": "Seq Scan",
                                                              "Parent Relationship": "Outer",
                                                              "Parallel Aware": true,
                                                              "Async Capable": false,
                                                              "Relation Name": "catalog_sales",
                                                              "Alias": "catalog_sales",
                                                              "Startup Cost": 0.0,
                                                              "Total Cost": 433688.25,
                                                              "Plan Rows": 6000525,
                                                              "Plan Width": 18,
                                                              "parent": 32,
                                                              "ID": 33
                                                            },
                                                            {
                                                              "Node Type": "Hash",
                                                              "Parent Relationship": "Inner",
                                                              "Parallel Aware": true,
                                                              "Async Capable": false,
                                                              "Startup Cost": 2049.55,
                                                              "Total Cost": 2049.55,
                                                              "Plan Rows": 18,
                                                              "Plan Width": 4,
                                                              "Plans": [
                                                                {
                                                                  "Node Type": "Seq Scan",
                                                                  "Parent Relationship": "Outer",
                                                                  "Parallel Aware": true,
                                                                  "Async Capable": false,
                                                                  "Relation Name": "date_dim",
                                                                  "Alias": "date_dim_1",
                                                                  "Startup Cost": 0.0,
                                                                  "Total Cost": 2049.55,
                                                                  "Plan Rows": 18,
                                                                  "Plan Width": 4,
                                                                  "Filter": "((d_year = 2001) AND (d_moy = 5))",
                                                                  "parent": 34,
                                                                  "ID": 35
                                                                }
                                                              ],
                                                              "parent": 32,
                                                              "ID": 34,
                                                              "left": 35
                                                            }
                                                          ],
                                                          "parent": 31,
                                                          "ID": 32,
                                                          "left": 33,
                                                          "right": 34
                                                        }
                                                      ],
                                                      "parent": 29,
                                                      "ID": 31,
                                                      "left": 32
                                                    }
                                                  ],
                                                  "parent": 28,
                                                  "ID": 29,
                                                  "left": 30,
                                                  "right": 31
                                                }
                                              ],
                                              "parent": 26,
                                              "ID": 28,
                                              "left": 29
                                            }
                                          ],
                                          "parent": 25,
                                          "ID": 26,
                                          "left": 27,
                                          "right": 28
                                        }
                                      ],
                                      "parent": 24,
                                      "ID": 25,
                                      "left": 26
                                    },
                                    {
                                      "Node Type": "Sort",
                                      "Parent Relationship": "Inner",
                                      "Parallel Aware": false,
                                      "Async Capable": false,
                                      "Startup Cost": 8668.21,
                                      "Total Cost": 8680.51,
                                      "Plan Rows": 4920,
                                      "Plan Width": 17,
                                      "Sort Key": [
                                        "item_3.i_item_id"
                                      ],
                                      "Plans": [
                                        {
                                          "Node Type": "Seq Scan",
                                          "Parent Relationship": "Outer",
                                          "Parallel Aware": false,
                                          "Async Capable": false,
                                          "Relation Name": "item",
                                          "Alias": "item_3",
                                          "Startup Cost": 0.0,
                                          "Total Cost": 8366.5,
                                          "Plan Rows": 4920,
                                          "Plan Width": 17,
                                          "Filter": "(i_color = ANY ('{beige,salmon,yellow}'::bpchar[]))",
                                          "parent": 36,
                                          "ID": 37
                                        }
                                      ],
                                      "parent": 24,
                                      "ID": 36,
                                      "left": 37
                                    }
                                  ],
                                  "parent": 23,
                                  "ID": 24,
                                  "left": 25,
                                  "right": 36
                                }
                              ],
                              "parent": 22,
                              "ID": 23,
                              "left": 24
                            }
                          ],
                          "parent": 21,
                          "ID": 22,
                          "left": 23
                        }
                      ],
                      "parent": 3,
                      "ID": 21,
                      "left": 22
                    },
                    {
                      "Node Type": "Aggregate",
                      "Strategy": "Sorted",
                      "Partial Mode": "Simple",
                      "Parent Relationship": "Member",
                      "Parallel Aware": false,
                      "Async Capable": false,
                      "Startup Cost": 254908.81,
                      "Total Cost": 254909.53,
                      "Plan Rows": 36,
                      "Plan Width": 49,
                      "Group Key": [
                        "item_4.i_item_id"
                      ],
                      "Plans": [
                        {
                          "Node Type": "Sort",
                          "Parent Relationship": "Outer",
                          "Parallel Aware": false,
                          "Async Capable": false,
                          "Startup Cost": 254908.81,
                          "Total Cost": 254908.9,
                          "Plan Rows": 36,
                          "Plan Width": 23,
                          "Sort Key": [
                            "item_4.i_item_id"
                          ],
                          "Plans": [
                            {
                              "Node Type": "Hash Join",
                              "Parent Relationship": "Outer",
                              "Parallel Aware": false,
                              "Async Capable": false,
                              "Join Type": "Semi",
                              "Startup Cost": 247324.2,
                              "Total Cost": 254907.88,
                              "Plan Rows": 36,
                              "Plan Width": 23,
                              "Inner Unique": false,
                              "Hash Cond": "(item_4.i_item_id = item_5.i_item_id)",
                              "Plans": [
                                {
                                  "Node Type": "Gather",
                                  "Parent Relationship": "Outer",
                                  "Parallel Aware": false,
                                  "Async Capable": false,
                                  "Startup Cost": 238896.2,
                                  "Total Cost": 246478.56,
                                  "Plan Rows": 334,
                                  "Plan Width": 23,
                                  "Workers Planned": 2,
                                  "Single Copy": false,
                                  "Plans": [
                                    {
                                      "Node Type": "Hash Join",
                                      "Parent Relationship": "Outer",
                                      "Parallel Aware": true,
                                      "Async Capable": false,
                                      "Join Type": "Inner",
                                      "Startup Cost": 237896.2,
                                      "Total Cost": 245445.16,
                                      "Plan Rows": 139,
                                      "Plan Width": 23,
                                      "Inner Unique": false,
                                      "Hash Cond": "(item_4.i_item_sk = web_sales.ws_item_sk)",
                                      "Plans": [
                                        {
                                          "Node Type": "Seq Scan",
                                          "Parent Relationship": "Outer",
                                          "Parallel Aware": true,
                                          "Async Capable": false,
                                          "Relation Name": "item",
                                          "Alias": "item_4",
                                          "Startup Cost": 0.0,
                                          "Total Cost": 7389.0,
                                          "Plan Rows": 42500,
                                          "Plan Width": 21,
                                          "parent": 42,
                                          "ID": 43
                                        },
                                        {
                                          "Node Type": "Hash",
                                          "Parent Relationship": "Inner",
                                          "Parallel Aware": true,
                                          "Async Capable": false,
                                          "Startup Cost": 237894.46,
                                          "Total Cost": 237894.46,
                                          "Plan Rows": 139,
                                          "Plan Width": 10,
                                          "Plans": [
                                            {
                                              "Node Type": "Hash Join",
                                              "Parent Relationship": "Outer",
                                              "Parallel Aware": true,
                                              "Async Capable": false,
                                              "Join Type": "Inner",
                                              "Startup Cost": 231057.12,
                                              "Total Cost": 237894.46,
                                              "Plan Rows": 139,
                                              "Plan Width": 10,
                                              "Inner Unique": false,
                                              "Hash Cond": "(customer_address_2.ca_address_sk = web_sales.ws_bill_addr_sk)",
                                              "Plans": [
                                                {
                                                  "Node Type": "Seq Scan",
                                                  "Parent Relationship": "Outer",
                                                  "Parallel Aware": true,
                                                  "Async Capable": false,
                                                  "Relation Name": "customer_address",
                                                  "Alias": "customer_address_2",
                                                  "Startup Cost": 0.0,
                                                  "Total Cost": 6737.08,
                                                  "Plan Rows": 11392,
                                                  "Plan Width": 4,
                                                  "Filter": "(ca_gmt_offset = '-7'::numeric)",
                                                  "parent": 45,
                                                  "ID": 46
                                                },
                                                {
                                                  "Node Type": "Hash",
                                                  "Parent Relationship": "Inner",
                                                  "Parallel Aware": true,
                                                  "Async Capable": false,
                                                  "Startup Cost": 231041.22,
                                                  "Total Cost": 231041.22,
                                                  "Plan Rows": 1272,
                                                  "Plan Width": 14,
                                                  "Plans": [
                                                    {
                                                      "Node Type": "Hash Join",
                                                      "Parent Relationship": "Outer",
                                                      "Parallel Aware": true,
                                                      "Async Capable": false,
                                                      "Join Type": "Inner",
                                                      "Startup Cost": 2049.78,
                                                      "Total Cost": 231041.22,
                                                      "Plan Rows": 1272,
                                                      "Plan Width": 14,
                                                      "Inner Unique": false,
                                                      "Hash Cond": "(web_sales.ws_sold_date_sk = date_dim_2.d_date_sk)",
                                                      "Plans": [
                                                        {
                                                          "Node Type": "Seq Scan",
                                                          "Parent Relationship": "Outer",
                                                          "Parallel Aware": true,
                                                          "Async Capable": false,
                                                          "Relation Name": "web_sales",
                                                          "Alias": "web_sales",
                                                          "Startup Cost": 0.0,
                                                          "Total Cost": 217737.86,
                                                          "Plan Rows": 2998986,
                                                          "Plan Width": 18,
                                                          "parent": 48,
                                                          "ID": 49
                                                        },
                                                        {
                                                          "Node Type": "Hash",
                                                          "Parent Relationship": "Inner",
                                                          "Parallel Aware": true,
                                                          "Async Capable": false,
                                                          "Startup Cost": 2049.55,
                                                          "Total Cost": 2049.55,
                                                          "Plan Rows": 18,
                                                          "Plan Width": 4,
                                                          "Plans": [
                                                            {
                                                              "Node Type": "Seq Scan",
                                                              "Parent Relationship": "Outer",
                                                              "Parallel Aware": true,
                                                              "Async Capable": false,
                                                              "Relation Name": "date_dim",
                                                              "Alias": "date_dim_2",
                                                              "Startup Cost": 0.0,
                                                              "Total Cost": 2049.55,
                                                              "Plan Rows": 18,
                                                              "Plan Width": 4,
                                                              "Filter": "((d_year = 2001) AND (d_moy = 5))",
                                                              "parent": 50,
                                                              "ID": 51
                                                            }
                                                          ],
                                                          "parent": 48,
                                                          "ID": 50,
                                                          "left": 51
                                                        }
                                                      ],
                                                      "parent": 47,
                                                      "ID": 48,
                                                      "left": 49,
                                                      "right": 50
                                                    }
                                                  ],
                                                  "parent": 45,
                                                  "ID": 47,
                                                  "left": 48
                                                }
                                              ],
                                              "parent": 44,
                                              "ID": 45,
                                              "left": 46,
                                              "right": 47
                                            }
                                          ],
                                          "parent": 42,
                                          "ID": 44,
                                          "left": 45
                                        }
                                      ],
                                      "parent": 41,
                                      "ID": 42,
                                      "left": 43,
                                      "right": 44
                                    }
                                  ],
                                  "parent": 40,
                                  "ID": 41,
                                  "left": 42
                                },
                                {
                                  "Node Type": "Hash",
                                  "Parent Relationship": "Inner",
                                  "Parallel Aware": false,
                                  "Async Capable": false,
                                  "Startup Cost": 8366.5,
                                  "Total Cost": 8366.5,
                                  "Plan Rows": 4920,
                                  "Plan Width": 17,
                                  "Plans": [
                                    {
                                      "Node Type": "Seq Scan",
                                      "Parent Relationship": "Outer",
                                      "Parallel Aware": false,
                                      "Async Capable": false,
                                      "Relation Name": "item",
                                      "Alias": "item_5",
                                      "Startup Cost": 0.0,
                                      "Total Cost": 8366.5,
                                      "Plan Rows": 4920,
                                      "Plan Width": 17,
                                      "Filter": "(i_color = ANY ('{beige,salmon,yellow}'::bpchar[]))",
                                      "parent": 52,
                                      "ID": 53
                                    }
                                  ],
                                  "parent": 40,
                                  "ID": 52,
                                  "left": 53
                                }
                              ],
                              "parent": 39,
                              "ID": 40,
                              "left": 41,
                              "right": 52
                            }
                          ],
                          "parent": 38,
                          "ID": 39,
                          "left": 40
                        }
                      ],
                      "parent": 3,
                      "ID": 38,
                      "left": 39
                    }
                  ],
                  "parent": 2,
                  "ID": 3,
                  "left": 4,
                  "right": 21
                }
              ],
              "parent": 1,
              "ID": 2,
              "left": 3
            }
          ],
          "parent": 0,
          "ID": 1,
          "left": 2
        }
      ],
      "parent": null,
      "ID": 0,
      "left": 1
    },
    "feat": {
      "utility": 0.005770189074912356,
      "query_shape": [
        [
          "Seq Scan",
          "Hash Join",
          "Sort",
          "Merge Join",
          "Aggregate",
          "Gather Merge",
          "Merge Append"
        ],
        [
          "Seq Scan",
          "Hash Join",
          "Hash",
          "Sort",
          "Merge Join",
          "Aggregate",
          "Gather Merge",
          "Merge Append"
        ],
        [
          "Seq Scan",
          "Hash Join",
          "Hash",
          "Sort",
          "Merge Join",
          "Aggregate",
          "Gather Merge",
          "Merge Append"
        ],
        [
          "Seq Scan",
          "Hash",
          "Hash Join",
          "Sort",
          "Merge Join",
          "Aggregate",
          "Gather Merge",
          "Merge Append"
        ],
        [
          "Seq Scan",
          "Sort",
          "Merge Join",
          "Aggregate",
          "Gather Merge",
          "Merge Append"
        ],
        [
          "Seq Scan",
          "Hash Join",
          "Sort",
          "Merge Join",
          "Aggregate",
          "Gather Merge",
          "Merge Append"
        ],
        [
          "Seq Scan",
          "Hash Join",
          "Hash",
          "Sort",
          "Merge Join",
          "Aggregate",
          "Gather Merge",
          "Merge Append"
        ],
        [
          "Seq Scan",
          "Hash Join",
          "Hash",
          "Sort",
          "Merge Join",
          "Aggregate",
          "Gather Merge",
          "Merge Append"
        ],
        [
          "Seq Scan",
          "Hash",
          "Hash Join",
          "Sort",
          "Merge Join",
          "Aggregate",
          "Gather Merge",
          "Merge Append"
        ],
        [
          "Seq Scan",
          "Sort",
          "Merge Join",
          "Aggregate",
          "Gather Merge",
          "Merge Append"
        ],
        [
          "Seq Scan",
          "Hash Join",
          "Gather",
          "Sort",
          "Aggregate",
          "Merge Append"
        ],
        [
          "Seq Scan",
          "Hash Join",
          "Hash",
          "Gather",
          "Sort",
          "Aggregate",
          "Merge Append"
        ],
        [
          "Seq Scan",
          "Hash Join",
          "Hash",
          "Gather",
          "Sort",
          "Aggregate",
          "Merge Append"
        ],
        [
          "Seq Scan",
          "Hash",
          "Hash Join",
          "Gather",
          "Sort",
          "Aggregate",
          "Merge Append"
        ],
        [
          "Seq Scan",
          "Hash",
          "Hash Join",
          "Sort",
          "Aggregate",
          "Merge Append"
        ]
      ],
      "index_shape": [
        "join"
      ],
      "physical_operator": {
        "Hash Join": [
          0.0030971615306645663
        ]
      }
    }
  },
  {
    "query": "with ss as (\n select i_item_id,sum(ss_ext_sales_price) total_sales\n from\n \tstore_sales,\n \tdate_dim,\n         customer_address,\n         item\n where i_item_id in (select\n     i_item_id\nfrom item\nwhere i_color in ('beige','salmon','yellow'))\n and     ss_item_sk              = i_item_sk\n and     ss_sold_date_sk         = d_date_sk\n and     d_year                  = 2001\n and     d_moy                   = 5\n and     ss_addr_sk              = ca_address_sk\n and     ca_gmt_offset           = -7 \n group by i_item_id),\n cs as (\n select i_item_id,sum(cs_ext_sales_price) total_sales\n from\n \tcatalog_sales,\n \tdate_dim,\n         customer_address,\n         item\n where\n         i_item_id               in (select\n  i_item_id\nfrom item\nwhere i_color in ('beige','salmon','yellow'))\n and     cs_item_sk              = i_item_sk\n and     cs_sold_date_sk         = d_date_sk\n and     d_year                  = 2001\n and     d_moy                   = 5\n and     cs_bill_addr_sk         = ca_address_sk\n and     ca_gmt_offset           = -7 \n group by i_item_id),\n ws as (\n select i_item_id,sum(ws_ext_sales_price) total_sales\n from\n \tweb_sales,\n \tdate_dim,\n         customer_address,\n         item\n where\n         i_item_id               in (select\n  i_item_id\nfrom item\nwhere i_color in ('beige','salmon','yellow'))\n and     ws_item_sk              = i_item_sk\n and     ws_sold_date_sk         = d_date_sk\n and     d_year                  = 2001\n and     d_moy                   = 5\n and     ws_bill_addr_sk         = ca_address_sk\n and     ca_gmt_offset           = -7\n group by i_item_id)\n  select  i_item_id ,sum(total_sales) total_sales\n from  (select * from ss \n        union all\n        select * from cs \n        union all\n        select * from ws) tmp1\n group by i_item_id\n order by total_sales,\n          i_item_id\n limit 100;\n\n-- end query 40 in stream 1 using template query56.tpl\n",
    "indexes": "web_sales.ws_ext_sales_price",
    "wo plan est": {
      "Node Type": "Limit",
      "Parallel Aware": false,
      "Async Capable": false,
      "Startup Cost": 1445461.5,
      "Total Cost": 1445461.75,
      "Plan Rows": 100,
      "Plan Width": 49,
      "Plans": [
        {
          "Node Type": "Sort",
          "Parent Relationship": "Outer",
          "Parallel Aware": false,
          "Async Capable": false,
          "Startup Cost": 1445461.5,
          "Total Cost": 1445462.0,
          "Plan Rows": 200,
          "Plan Width": 49,
          "Sort Key": [
            "(sum((sum(store_sales.ss_ext_sales_price))))",
            "item.i_item_id"
          ],
          "Plans": [
            {
              "Node Type": "Aggregate",
              "Strategy": "Sorted",
              "Partial Mode": "Simple",
              "Parent Relationship": "Outer",
              "Parallel Aware": false,
              "Async Capable": false,
              "Startup Cost": 1445365.0,
              "Total Cost": 1445453.86,
              "Plan Rows": 200,
              "Plan Width": 49,
              "Group Key": [
                "item.i_item_id"
              ],
              "Plans": [
                {
                  "Node Type": "Merge Append",
                  "Parent Relationship": "Outer",
                  "Parallel Aware": false,
                  "Async Capable": false,
                  "Startup Cost": 1445365.0,
                  "Total Cost": 1445450.15,
                  "Plan Rows": 241,
                  "Plan Width": 49,
                  "Sort Key": [
                    "item.i_item_id"
                  ],
                  "Subplans Removed": 0,
                  "Plans": [
                    {
                      "Node Type": "Aggregate",
                      "Strategy": "Sorted",
                      "Partial Mode": "Finalize",
                      "Parent Relationship": "Member",
                      "Parallel Aware": false,
                      "Async Capable": false,
                      "Startup Cost": 708085.33,
                      "Total Cost": 708129.17,
                      "Plan Rows": 133,
                      "Plan Width": 49,
                      "Group Key": [
                        "item.i_item_id"
                      ],
                      "Plans": [
                        {
                          "Node Type": "Gather Merge",
                          "Parent Relationship": "Outer",
                          "Parallel Aware": false,
                          "Async Capable": false,
                          "Startup Cost": 708085.33,
                          "Total Cost": 708126.68,
                          "Plan Rows": 110,
                          "Plan Width": 49,
                          "Workers Planned": 2,
                          "Plans": [
                            {
                              "Node Type": "Aggregate",
                              "Strategy": "Sorted",
                              "Partial Mode": "Partial",
                              "Parent Relationship": "Outer",
                              "Parallel Aware": false,
                              "Async Capable": false,
                              "Startup Cost": 707085.31,
                              "Total Cost": 707113.96,
                              "Plan Rows": 55,
                              "Plan Width": 49,
                              "Group Key": [
                                "item.i_item_id"
                              ],
                              "Plans": [
                                {
                                  "Node Type": "Merge Join",
                                  "Parent Relationship": "Outer",
                                  "Parallel Aware": false,
                                  "Async Capable": false,
                                  "Join Type": "Semi",
                                  "Startup Cost": 707085.31,
                                  "Total Cost": 707113.0,
                                  "Plan Rows": 55,
                                  "Plan Width": 23,
                                  "Inner Unique": false,
                                  "Merge Cond": "(item.i_item_id = item_1.i_item_id)",
                                  "Plans": [
                                    {
                                      "Node Type": "Sort",
                                      "Parent Relationship": "Outer",
                                      "Parallel Aware": false,
                                      "Async Capable": false,
                                      "Startup Cost": 698417.1,
                                      "Total Cost": 698418.37,
                                      "Plan Rows": 508,
                                      "Plan Width": 23,
                                      "Sort Key": [
                                        "item.i_item_id"
                                      ],
                                      "Plans": [
                                        {
                                          "Node Type": "Hash Join",
                                          "Parent Relationship": "Outer",
                                          "Parallel Aware": true,
                                          "Async Capable": false,
                                          "Join Type": "Inner",
                                          "Startup Cost": 690843.77,
                                          "Total Cost": 698394.27,
                                          "Plan Rows": 508,
                                          "Plan Width": 23,
                                          "Inner Unique": false,
                                          "Hash Cond": "(item.i_item_sk = store_sales.ss_item_sk)",
                                          "Plans": [
                                            {
                                              "Node Type": "Seq Scan",
                                              "Parent Relationship": "Outer",
                                              "Parallel Aware": true,
                                              "Async Capable": false,
                                              "Relation Name": "item",
                                              "Alias": "item",
                                              "Startup Cost": 0.0,
                                              "Total Cost": 7389.0,
                                              "Plan Rows": 42500,
                                              "Plan Width": 21,
                                              "parent": 9,
                                              "ID": 10
                                            },
                                            {
                                              "Node Type": "Hash",
                                              "Parent Relationship": "Inner",
                                              "Parallel Aware": true,
                                              "Async Capable": false,
                                              "Startup Cost": 690837.42,
                                              "Total Cost": 690837.42,
                                              "Plan Rows": 508,
                                              "Plan Width": 10,
                                              "Plans": [
                                                {
                                                  "Node Type": "Hash Join",
                                                  "Parent Relationship": "Outer",
                                                  "Parallel Aware": true,
                                                  "Async Capable": false,
                                                  "Join Type": "Inner",
                                                  "Startup Cost": 684055.5,
                                                  "Total Cost": 690837.42,
                                                  "Plan Rows": 508,
                                                  "Plan Width": 10,
                                                  "Inner Unique": false,
                                                  "Hash Cond": "(customer_address.ca_address_sk = store_sales.ss_addr_sk)",
                                                  "Plans": [
                                                    {
                                                      "Node Type": "Seq Scan",
                                                      "Parent Relationship": "Outer",
                                                      "Parallel Aware": true,
                                                      "Async Capable": false,
                                                      "Relation Name": "customer_address",
                                                      "Alias": "customer_address",
                                                      "Startup Cost": 0.0,
                                                      "Total Cost": 6737.08,
                                                      "Plan Rows": 11392,
                                                      "Plan Width": 4,
                                                      "Filter": "(ca_gmt_offset = '-7'::numeric)",
                                                      "parent": 12,
                                                      "ID": 13
                                                    },
                                                    {
                                                      "Node Type": "Hash",
                                                      "Parent Relationship": "Inner",
                                                      "Parallel Aware": true,
                                                      "Async Capable": false,
                                                      "Startup Cost": 683994.75,
                                                      "Total Cost": 683994.75,
                                                      "Plan Rows": 4860,
                                                      "Plan Width": 14,
                                                      "Plans": [
                                                        {
                                                          "Node Type": "Hash Join",
                                                          "Parent Relationship": "Outer",
                                                          "Parallel Aware": true,
                                                          "Async Capable": false,
                                                          "Join Type": "Inner",
                                                          "Startup Cost": 2049.78,
                                                          "Total Cost": 683994.75,
                                                          "Plan Rows": 4860,
                                                          "Plan Width": 14,
                                                          "Inner Unique": false,
                                                          "Hash Cond": "(store_sales.ss_sold_date_sk = date_dim.d_date_sk)",
                                                          "Plans": [
                                                            {
                                                              "Node Type": "Seq Scan",
                                                              "Parent Relationship": "Outer",
                                                              "Parallel Aware": true,
                                                              "Async Capable": false,
                                                              "Relation Name": "store_sales",
                                                              "Alias": "store_sales",
                                                              "Startup Cost": 0.0,
                                                              "Total Cost": 636914.37,
                                                              "Plan Rows": 12000637,
                                                              "Plan Width": 18,
                                                              "parent": 15,
                                                              "ID": 16
                                                            },
                                                            {
                                                              "Node Type": "Hash",
                                                              "Parent Relationship": "Inner",
                                                              "Parallel Aware": true,
                                                              "Async Capable": false,
                                                              "Startup Cost": 2049.55,
                                                              "Total Cost": 2049.55,
                                                              "Plan Rows": 18,
                                                              "Plan Width": 4,
                                                              "Plans": [
                                                                {
                                                                  "Node Type": "Seq Scan",
                                                                  "Parent Relationship": "Outer",
                                                                  "Parallel Aware": true,
                                                                  "Async Capable": false,
                                                                  "Relation Name": "date_dim",
                                                                  "Alias": "date_dim",
                                                                  "Startup Cost": 0.0,
                                                                  "Total Cost": 2049.55,
                                                                  "Plan Rows": 18,
                                                                  "Plan Width": 4,
                                                                  "Filter": "((d_year = 2001) AND (d_moy = 5))",
                                                                  "parent": 17,
                                                                  "ID": 18
                                                                }
                                                              ],
                                                              "parent": 15,
                                                              "ID": 17,
                                                              "left": 18
                                                            }
                                                          ],
                                                          "parent": 14,
                                                          "ID": 15,
                                                          "left": 16,
                                                          "right": 17
                                                        }
                                                      ],
                                                      "parent": 12,
                                                      "ID": 14,
                                                      "left": 15
                                                    }
                                                  ],
                                                  "parent": 11,
                                                  "ID": 12,
                                                  "left": 13,
                                                  "right": 14
                                                }
                                              ],
                                              "parent": 9,
                                              "ID": 11,
                                              "left": 12
                                            }
                                          ],
                                          "parent": 8,
                                          "ID": 9,
                                          "left": 10,
                                          "right": 11
                                        }
                                      ],
                                      "parent": 7,
                                      "ID": 8,
                                      "left": 9
                                    },
                                    {
                                      "Node Type": "Sort",
                                      "Parent Relationship": "Inner",
                                      "Parallel Aware": false,
                                      "Async Capable": false,
                                      "Startup Cost": 8668.21,
                                      "Total Cost": 8680.51,
                                      "Plan Rows": 4920,
                                      "Plan Width": 17,
                                      "Sort Key": [
                                        "item_1.i_item_id"
                                      ],
                                      "Plans": [
                                        {
                                          "Node Type": "Seq Scan",
                                          "Parent Relationship": "Outer",
                                          "Parallel Aware": false,
                                          "Async Capable": false,
                                          "Relation Name": "item",
                                          "Alias": "item_1",
                                          "Startup Cost": 0.0,
                                          "Total Cost": 8366.5,
                                          "Plan Rows": 4920,
                                          "Plan Width": 17,
                                          "Filter": "(i_color = ANY ('{beige,salmon,yellow}'::bpchar[]))",
                                          "parent": 19,
                                          "ID": 20
                                        }
                                      ],
                                      "parent": 7,
                                      "ID": 19,
                                      "left": 20
                                    }
                                  ],
                                  "parent": 6,
                                  "ID": 7,
                                  "left": 8,
                                  "right": 19
                                }
                              ],
                              "parent": 5,
                              "ID": 6,
                              "left": 7
                            }
                          ],
                          "parent": 4,
                          "ID": 5,
                          "left": 6
                        }
                      ],
                      "parent": 3,
                      "ID": 4,
                      "left": 5
                    },
                    {
                      "Node Type": "Aggregate",
                      "Strategy": "Sorted",
                      "Partial Mode": "Finalize",
                      "Parent Relationship": "Member",
                      "Parallel Aware": false,
                      "Async Capable": false,
                      "Startup Cost": 482370.83,
                      "Total Cost": 482405.91,
                      "Plan Rows": 72,
                      "Plan Width": 49,
                      "Group Key": [
                        "item_2.i_item_id"
                      ],
                      "Plans": [
                        {
                          "Node Type": "Gather Merge",
                          "Parent Relationship": "Outer",
                          "Parallel Aware": false,
                          "Async Capable": false,
                          "Startup Cost": 482370.83,
                          "Total Cost": 482404.56,
                          "Plan Rows": 60,
                          "Plan Width": 49,
                          "Workers Planned": 2,
                          "Plans": [
                            {
                              "Node Type": "Aggregate",
                              "Strategy": "Sorted",
                              "Partial Mode": "Partial",
                              "Parent Relationship": "Outer",
                              "Parallel Aware": false,
                              "Async Capable": false,
                              "Startup Cost": 481370.81,
                              "Total Cost": 481397.61,
                              "Plan Rows": 30,
                              "Plan Width": 49,
                              "Group Key": [
                                "item_2.i_item_id"
                              ],
                              "Plans": [
                                {
                                  "Node Type": "Merge Join",
                                  "Parent Relationship": "Outer",
                                  "Parallel Aware": false,
                                  "Async Capable": false,
                                  "Join Type": "Semi",
                                  "Startup Cost": 481370.81,
                                  "Total Cost": 481397.09,
                                  "Plan Rows": 30,
                                  "Plan Width": 23,
                                  "Inner Unique": false,
                                  "Merge Cond": "(item_2.i_item_id = item_3.i_item_id)",
                                  "Plans": [
                                    {
                                      "Node Type": "Sort",
                                      "Parent Relationship": "Outer",
                                      "Parallel Aware": false,
                                      "Async Capable": false,
                                      "Startup Cost": 472702.61,
                                      "Total Cost": 472703.29,
                                      "Plan Rows": 275,
                                      "Plan Width": 23,
                                      "Sort Key": [
                                        "item_2.i_item_id"
                                      ],
                                      "Plans": [
                                        {
                                          "Node Type": "Hash Join",
                                          "Parent Relationship": "Outer",
                                          "Parallel Aware": true,
                                          "Async Capable": false,
                                          "Join Type": "Inner",
                                          "Startup Cost": 465141.94,
                                          "Total Cost": 472691.46,
                                          "Plan Rows": 275,
                                          "Plan Width": 23,
                                          "Inner Unique": false,
                                          "Hash Cond": "(item_2.i_item_sk = catalog_sales.cs_item_sk)",
                                          "Plans": [
                                            {
                                              "Node Type": "Seq Scan",
                                              "Parent Relationship": "Outer",
                                              "Parallel Aware": true,
                                              "Async Capable": false,
                                              "Relation Name": "item",
                                              "Alias": "item_2",
                                              "Startup Cost": 0.0,
                                              "Total Cost": 7389.0,
                                              "Plan Rows": 42500,
                                              "Plan Width": 21,
                                              "parent": 26,
                                              "ID": 27
                                            },
                                            {
                                              "Node Type": "Hash",
                                              "Parent Relationship": "Inner",
                                              "Parallel Aware": true,
                                              "Async Capable": false,
                                              "Startup Cost": 465138.5,
                                              "Total Cost": 465138.5,
                                              "Plan Rows": 275,
                                              "Plan Width": 10,
                                              "Plans": [
                                                {
                                                  "Node Type": "Hash Join",
                                                  "Parent Relationship": "Outer",
                                                  "Parallel Aware": true,
                                                  "Async Capable": false,
                                                  "Join Type": "Inner",
                                                  "Startup Cost": 458286.35,
                                                  "Total Cost": 465138.5,
                                                  "Plan Rows": 275,
                                                  "Plan Width": 10,
                                                  "Inner Unique": false,
                                                  "Hash Cond": "(customer_address_1.ca_address_sk = catalog_sales.cs_bill_addr_sk)",
                                                  "Plans": [
                                                    {
                                                      "Node Type": "Seq Scan",
                                                      "Parent Relationship": "Outer",
                                                      "Parallel Aware": true,
                                                      "Async Capable": false,
                                                      "Relation Name": "customer_address",
                                                      "Alias": "customer_address_1",
                                                      "Startup Cost": 0.0,
                                                      "Total Cost": 6737.08,
                                                      "Plan Rows": 11392,
                                                      "Plan Width": 4,
                                                      "Filter": "(ca_gmt_offset = '-7'::numeric)",
                                                      "parent": 29,
                                                      "ID": 30
                                                    },
                                                    {
                                                      "Node Type": "Hash",
                                                      "Parent Relationship": "Inner",
                                                      "Parallel Aware": true,
                                                      "Async Capable": false,
                                                      "Startup Cost": 458254.7,
                                                      "Total Cost": 458254.7,
                                                      "Plan Rows": 2532,
                                                      "Plan Width": 14,
                                                      "Plans": [
                                                        {
                                                          "Node Type": "Hash Join",
                                                          "Parent Relationship": "Outer",
                                                          "Parallel Aware": true,
                                                          "Async Capable": false,
                                                          "Join Type": "Inner",
                                                          "Startup Cost": 2049.78,
                                                          "Total Cost": 458254.7,
                                                          "Plan Rows": 2532,
                                                          "Plan Width": 14,
                                                          "Inner Unique": false,
                                                          "Hash Cond": "(catalog_sales.cs_sold_date_sk = date_dim_1.d_date_sk)",
                                                          "Plans": [
                                                            {
                                                              "Node Type": "Seq Scan",
                                                              "Parent Relationship": "Outer",
                                                              "Parallel Aware": true,
                                                              "Async Capable": false,
                                                              "Relation Name": "catalog_sales",
                                                              "Alias": "catalog_sales",
                                                              "Startup Cost": 0.0,
                                                              "Total Cost": 433688.25,
                                                              "Plan Rows": 6000525,
                                                              "Plan Width": 18,
                                                              "parent": 32,
                                                              "ID": 33
                                                            },
                                                            {
                                                              "Node Type": "Hash",
                                                              "Parent Relationship": "Inner",
                                                              "Parallel Aware": true,
                                                              "Async Capable": false,
                                                              "Startup Cost": 2049.55,
                                                              "Total Cost": 2049.55,
                                                              "Plan Rows": 18,
                                                              "Plan Width": 4,
                                                              "Plans": [
                                                                {
                                                                  "Node Type": "Seq Scan",
                                                                  "Parent Relationship": "Outer",
                                                                  "Parallel Aware": true,
                                                                  "Async Capable": false,
                                                                  "Relation Name": "date_dim",
                                                                  "Alias": "date_dim_1",
                                                                  "Startup Cost": 0.0,
                                                                  "Total Cost": 2049.55,
                                                                  "Plan Rows": 18,
                                                                  "Plan Width": 4,
                                                                  "Filter": "((d_year = 2001) AND (d_moy = 5))",
                                                                  "parent": 34,
                                                                  "ID": 35
                                                                }
                                                              ],
                                                              "parent": 32,
                                                              "ID": 34,
                                                              "left": 35
                                                            }
                                                          ],
                                                          "parent": 31,
                                                          "ID": 32,
                                                          "left": 33,
                                                          "right": 34
                                                        }
                                                      ],
                                                      "parent": 29,
                                                      "ID": 31,
                                                      "left": 32
                                                    }
                                                  ],
                                                  "parent": 28,
                                                  "ID": 29,
                                                  "left": 30,
                                                  "right": 31
                                                }
                                              ],
                                              "parent": 26,
                                              "ID": 28,
                                              "left": 29
                                            }
                                          ],
                                          "parent": 25,
                                          "ID": 26,
                                          "left": 27,
                                          "right": 28
                                        }
                                      ],
                                      "parent": 24,
                                      "ID": 25,
                                      "left": 26
                                    },
                                    {
                                      "Node Type": "Sort",
                                      "Parent Relationship": "Inner",
                                      "Parallel Aware": false,
                                      "Async Capable": false,
                                      "Startup Cost": 8668.21,
                                      "Total Cost": 8680.51,
                                      "Plan Rows": 4920,
                                      "Plan Width": 17,
                                      "Sort Key": [
                                        "item_3.i_item_id"
                                      ],
                                      "Plans": [
                                        {
                                          "Node Type": "Seq Scan",
                                          "Parent Relationship": "Outer",
                                          "Parallel Aware": false,
                                          "Async Capable": false,
                                          "Relation Name": "item",
                                          "Alias": "item_3",
                                          "Startup Cost": 0.0,
                                          "Total Cost": 8366.5,
                                          "Plan Rows": 4920,
                                          "Plan Width": 17,
                                          "Filter": "(i_color = ANY ('{beige,salmon,yellow}'::bpchar[]))",
                                          "parent": 36,
                                          "ID": 37
                                        }
                                      ],
                                      "parent": 24,
                                      "ID": 36,
                                      "left": 37
                                    }
                                  ],
                                  "parent": 23,
                                  "ID": 24,
                                  "left": 25,
                                  "right": 36
                                }
                              ],
                              "parent": 22,
                              "ID": 23,
                              "left": 24
                            }
                          ],
                          "parent": 21,
                          "ID": 22,
                          "left": 23
                        }
                      ],
                      "parent": 3,
                      "ID": 21,
                      "left": 22
                    },
                    {
                      "Node Type": "Aggregate",
                      "Strategy": "Sorted",
                      "Partial Mode": "Simple",
                      "Parent Relationship": "Member",
                      "Parallel Aware": false,
                      "Async Capable": false,
                      "Startup Cost": 254908.81,
                      "Total Cost": 254909.53,
                      "Plan Rows": 36,
                      "Plan Width": 49,
                      "Group Key": [
                        "item_4.i_item_id"
                      ],
                      "Plans": [
                        {
                          "Node Type": "Sort",
                          "Parent Relationship": "Outer",
                          "Parallel Aware": false,
                          "Async Capable": false,
                          "Startup Cost": 254908.81,
                          "Total Cost": 254908.9,
                          "Plan Rows": 36,
                          "Plan Width": 23,
                          "Sort Key": [
                            "item_4.i_item_id"
                          ],
                          "Plans": [
                            {
                              "Node Type": "Hash Join",
                              "Parent Relationship": "Outer",
                              "Parallel Aware": false,
                              "Async Capable": false,
                              "Join Type": "Semi",
                              "Startup Cost": 247324.2,
                              "Total Cost": 254907.88,
                              "Plan Rows": 36,
                              "Plan Width": 23,
                              "Inner Unique": false,
                              "Hash Cond": "(item_4.i_item_id = item_5.i_item_id)",
                              "Plans": [
                                {
                                  "Node Type": "Gather",
                                  "Parent Relationship": "Outer",
                                  "Parallel Aware": false,
                                  "Async Capable": false,
                                  "Startup Cost": 238896.2,
                                  "Total Cost": 246478.56,
                                  "Plan Rows": 334,
                                  "Plan Width": 23,
                                  "Workers Planned": 2,
                                  "Single Copy": false,
                                  "Plans": [
                                    {
                                      "Node Type": "Hash Join",
                                      "Parent Relationship": "Outer",
                                      "Parallel Aware": true,
                                      "Async Capable": false,
                                      "Join Type": "Inner",
                                      "Startup Cost": 237896.2,
                                      "Total Cost": 245445.16,
                                      "Plan Rows": 139,
                                      "Plan Width": 23,
                                      "Inner Unique": false,
                                      "Hash Cond": "(item_4.i_item_sk = web_sales.ws_item_sk)",
                                      "Plans": [
                                        {
                                          "Node Type": "Seq Scan",
                                          "Parent Relationship": "Outer",
                                          "Parallel Aware": true,
                                          "Async Capable": false,
                                          "Relation Name": "item",
                                          "Alias": "item_4",
                                          "Startup Cost": 0.0,
                                          "Total Cost": 7389.0,
                                          "Plan Rows": 42500,
                                          "Plan Width": 21,
                                          "parent": 42,
                                          "ID": 43
                                        },
                                        {
                                          "Node Type": "Hash",
                                          "Parent Relationship": "Inner",
                                          "Parallel Aware": true,
                                          "Async Capable": false,
                                          "Startup Cost": 237894.46,
                                          "Total Cost": 237894.46,
                                          "Plan Rows": 139,
                                          "Plan Width": 10,
                                          "Plans": [
                                            {
                                              "Node Type": "Hash Join",
                                              "Parent Relationship": "Outer",
                                              "Parallel Aware": true,
                                              "Async Capable": false,
                                              "Join Type": "Inner",
                                              "Startup Cost": 231057.12,
                                              "Total Cost": 237894.46,
                                              "Plan Rows": 139,
                                              "Plan Width": 10,
                                              "Inner Unique": false,
                                              "Hash Cond": "(customer_address_2.ca_address_sk = web_sales.ws_bill_addr_sk)",
                                              "Plans": [
                                                {
                                                  "Node Type": "Seq Scan",
                                                  "Parent Relationship": "Outer",
                                                  "Parallel Aware": true,
                                                  "Async Capable": false,
                                                  "Relation Name": "customer_address",
                                                  "Alias": "customer_address_2",
                                                  "Startup Cost": 0.0,
                                                  "Total Cost": 6737.08,
                                                  "Plan Rows": 11392,
                                                  "Plan Width": 4,
                                                  "Filter": "(ca_gmt_offset = '-7'::numeric)",
                                                  "parent": 45,
                                                  "ID": 46
                                                },
                                                {
                                                  "Node Type": "Hash",
                                                  "Parent Relationship": "Inner",
                                                  "Parallel Aware": true,
                                                  "Async Capable": false,
                                                  "Startup Cost": 231041.22,
                                                  "Total Cost": 231041.22,
                                                  "Plan Rows": 1272,
                                                  "Plan Width": 14,
                                                  "Plans": [
                                                    {
                                                      "Node Type": "Hash Join",
                                                      "Parent Relationship": "Outer",
                                                      "Parallel Aware": true,
                                                      "Async Capable": false,
                                                      "Join Type": "Inner",
                                                      "Startup Cost": 2049.78,
                                                      "Total Cost": 231041.22,
                                                      "Plan Rows": 1272,
                                                      "Plan Width": 14,
                                                      "Inner Unique": false,
                                                      "Hash Cond": "(web_sales.ws_sold_date_sk = date_dim_2.d_date_sk)",
                                                      "Plans": [
                                                        {
                                                          "Node Type": "Seq Scan",
                                                          "Parent Relationship": "Outer",
                                                          "Parallel Aware": true,
                                                          "Async Capable": false,
                                                          "Relation Name": "web_sales",
                                                          "Alias": "web_sales",
                                                          "Startup Cost": 0.0,
                                                          "Total Cost": 217737.86,
                                                          "Plan Rows": 2998986,
                                                          "Plan Width": 18,
                                                          "parent": 48,
                                                          "ID": 49
                                                        },
                                                        {
                                                          "Node Type": "Hash",
                                                          "Parent Relationship": "Inner",
                                                          "Parallel Aware": true,
                                                          "Async Capable": false,
                                                          "Startup Cost": 2049.55,
                                                          "Total Cost": 2049.55,
                                                          "Plan Rows": 18,
                                                          "Plan Width": 4,
                                                          "Plans": [
                                                            {
                                                              "Node Type": "Seq Scan",
                                                              "Parent Relationship": "Outer",
                                                              "Parallel Aware": true,
                                                              "Async Capable": false,
                                                              "Relation Name": "date_dim",
                                                              "Alias": "date_dim_2",
                                                              "Startup Cost": 0.0,
                                                              "Total Cost": 2049.55,
                                                              "Plan Rows": 18,
                                                              "Plan Width": 4,
                                                              "Filter": "((d_year = 2001) AND (d_moy = 5))",
                                                              "parent": 50,
                                                              "ID": 51
                                                            }
                                                          ],
                                                          "parent": 48,
                                                          "ID": 50,
                                                          "left": 51
                                                        }
                                                      ],
                                                      "parent": 47,
                                                      "ID": 48,
                                                      "left": 49,
                                                      "right": 50
                                                    }
                                                  ],
                                                  "parent": 45,
                                                  "ID": 47,
                                                  "left": 48
                                                }
                                              ],
                                              "parent": 44,
                                              "ID": 45,
                                              "left": 46,
                                              "right": 47
                                            }
                                          ],
                                          "parent": 42,
                                          "ID": 44,
                                          "left": 45
                                        }
                                      ],
                                      "parent": 41,
                                      "ID": 42,
                                      "left": 43,
                                      "right": 44
                                    }
                                  ],
                                  "parent": 40,
                                  "ID": 41,
                                  "left": 42
                                },
                                {
                                  "Node Type": "Hash",
                                  "Parent Relationship": "Inner",
                                  "Parallel Aware": false,
                                  "Async Capable": false,
                                  "Startup Cost": 8366.5,
                                  "Total Cost": 8366.5,
                                  "Plan Rows": 4920,
                                  "Plan Width": 17,
                                  "Plans": [
                                    {
                                      "Node Type": "Seq Scan",
                                      "Parent Relationship": "Outer",
                                      "Parallel Aware": false,
                                      "Async Capable": false,
                                      "Relation Name": "item",
                                      "Alias": "item_5",
                                      "Startup Cost": 0.0,
                                      "Total Cost": 8366.5,
                                      "Plan Rows": 4920,
                                      "Plan Width": 17,
                                      "Filter": "(i_color = ANY ('{beige,salmon,yellow}'::bpchar[]))",
                                      "parent": 52,
                                      "ID": 53
                                    }
                                  ],
                                  "parent": 40,
                                  "ID": 52,
                                  "left": 53
                                }
                              ],
                              "parent": 39,
                              "ID": 40,
                              "left": 41,
                              "right": 52
                            }
                          ],
                          "parent": 38,
                          "ID": 39,
                          "left": 40
                        }
                      ],
                      "parent": 3,
                      "ID": 38,
                      "left": 39
                    }
                  ],
                  "parent": 2,
                  "ID": 3,
                  "left": 4,
                  "right": 21
                }
              ],
              "parent": 1,
              "ID": 2,
              "left": 3
            }
          ],
          "parent": 0,
          "ID": 1,
          "left": 2
        }
      ],
      "parent": null,
      "ID": 0,
      "left": 1
    },
    "feat": {
      "utility": 0.0,
      "query_shape": [
        [
          "Seq Scan",
          "Hash Join",
          "Sort",
          "Merge Join",
          "Aggregate",
          "Gather Merge",
          "Merge Append"
        ],
        [
          "Seq Scan",
          "Hash Join",
          "Hash",
          "Sort",
          "Merge Join",
          "Aggregate",
          "Gather Merge",
          "Merge Append"
        ],
        [
          "Seq Scan",
          "Hash Join",
          "Hash",
          "Sort",
          "Merge Join",
          "Aggregate",
          "Gather Merge",
          "Merge Append"
        ],
        [
          "Seq Scan",
          "Hash",
          "Hash Join",
          "Sort",
          "Merge Join",
          "Aggregate",
          "Gather Merge",
          "Merge Append"
        ],
        [
          "Seq Scan",
          "Sort",
          "Merge Join",
          "Aggregate",
          "Gather Merge",
          "Merge Append"
        ],
        [
          "Seq Scan",
          "Hash Join",
          "Sort",
          "Merge Join",
          "Aggregate",
          "Gather Merge",
          "Merge Append"
        ],
        [
          "Seq Scan",
          "Hash Join",
          "Hash",
          "Sort",
          "Merge Join",
          "Aggregate",
          "Gather Merge",
          "Merge Append"
        ],
        [
          "Seq Scan",
          "Hash Join",
          "Hash",
          "Sort",
          "Merge Join",
          "Aggregate",
          "Gather Merge",
          "Merge Append"
        ],
        [
          "Seq Scan",
          "Hash",
          "Hash Join",
          "Sort",
          "Merge Join",
          "Aggregate",
          "Gather Merge",
          "Merge Append"
        ],
        [
          "Seq Scan",
          "Sort",
          "Merge Join",
          "Aggregate",
          "Gather Merge",
          "Merge Append"
        ],
        [
          "Seq Scan",
          "Hash Join",
          "Gather",
          "Sort",
          "Aggregate",
          "Merge Append"
        ],
        [
          "Seq Scan",
          "Hash Join",
          "Hash",
          "Gather",
          "Sort",
          "Aggregate",
          "Merge Append"
        ],
        [
          "Seq Scan",
          "Hash Join",
          "Hash",
          "Gather",
          "Sort",
          "Aggregate",
          "Merge Append"
        ],
        [
          "Seq Scan",
          "Hash",
          "Hash Join",
          "Gather",
          "Sort",
          "Aggregate",
          "Merge Append"
        ],
        [
          "Seq Scan",
          "Hash",
          "Hash Join",
          "Sort",
          "Aggregate",
          "Merge Append"
        ]
      ],
      "index_shape": [],
      "physical_operator": {}
    }
  },
  {
    "query": "with ss as\n (select s_store_sk,\n         sum(ss_ext_sales_price) as sales,\n         sum(ss_net_profit) as profit\n from store_sales,\n      date_dim,\n      store\n where ss_sold_date_sk = d_date_sk\n       and d_date between cast('1999-08-14' as date) \n                  and (cast('1999-08-14' as date) +  interval '30 days') \n       and ss_store_sk = s_store_sk\n group by s_store_sk)\n ,\n sr as\n (select s_store_sk,\n         sum(sr_return_amt) as returns,\n         sum(sr_net_loss) as profit_loss\n from store_returns,\n      date_dim,\n      store\n where sr_returned_date_sk = d_date_sk\n       and d_date between cast('1999-08-14' as date)\n                  and (cast('1999-08-14' as date) +  interval '30 days')\n       and sr_store_sk = s_store_sk\n group by s_store_sk), \n cs as\n (select cs_call_center_sk,\n        sum(cs_ext_sales_price) as sales,\n        sum(cs_net_profit) as profit\n from catalog_sales,\n      date_dim\n where cs_sold_date_sk = d_date_sk\n       and d_date between cast('1999-08-14' as date)\n                  and (cast('1999-08-14' as date) +  interval '30 days')\n group by cs_call_center_sk \n ), \n cr as\n (select cr_call_center_sk,\n         sum(cr_return_amount) as returns,\n         sum(cr_net_loss) as profit_loss\n from catalog_returns,\n      date_dim\n where cr_returned_date_sk = d_date_sk\n       and d_date between cast('1999-08-14' as date)\n                  and (cast('1999-08-14' as date) +  interval '30 days')\n group by cr_call_center_sk\n ), \n ws as\n ( select wp_web_page_sk,\n        sum(ws_ext_sales_price) as sales,\n        sum(ws_net_profit) as profit\n from web_sales,\n      date_dim,\n      web_page\n where ws_sold_date_sk = d_date_sk\n       and d_date between cast('1999-08-14' as date)\n                  and (cast('1999-08-14' as date) +  interval '30 days')\n       and ws_web_page_sk = wp_web_page_sk\n group by wp_web_page_sk), \n wr as\n (select wp_web_page_sk,\n        sum(wr_return_amt) as returns,\n        sum(wr_net_loss) as profit_loss\n from web_returns,\n      date_dim,\n      web_page\n where wr_returned_date_sk = d_date_sk\n       and d_date between cast('1999-08-14' as date)\n                  and (cast('1999-08-14' as date) +  interval '30 days')\n       and wr_web_page_sk = wp_web_page_sk\n group by wp_web_page_sk)\n  select  channel\n        , id\n        , sum(sales) as sales\n        , sum(returns) as returns\n        , sum(profit) as profit\n from \n (select 'store channel' as channel\n        , ss.s_store_sk as id\n        , sales\n        , coalesce(returns, 0) as returns\n        , (profit - coalesce(profit_loss,0)) as profit\n from   ss left join sr\n        on  ss.s_store_sk = sr.s_store_sk\n union all\n select 'catalog channel' as channel\n        , cs_call_center_sk as id\n        , sales\n        , returns\n        , (profit - profit_loss) as profit\n from  cs\n       , cr\n union all\n select 'web channel' as channel\n        , ws.wp_web_page_sk as id\n        , sales\n        , coalesce(returns, 0) as returns\n        , (profit - coalesce(profit_loss,0)) as profit\n from   ws left join wr\n        on  ws.wp_web_page_sk = wr.wp_web_page_sk\n ) x\n group by rollup (channel, id)\n order by channel\n         ,id\n limit 100;\n\n-- end query 58 in stream 0 using template query77.tpl\n",
    "indexes": "store_returns.sr_returned_date_sk",
    "wo plan est": {
      "Node Type": "Limit",
      "Parallel Aware": false,
      "Async Capable": false,
      "Startup Cost": 1505243.45,
      "Total Cost": 1505243.7,
      "Plan Rows": 100,
      "Plan Width": 132,
      "Plans": [
        {
          "Node Type": "Sort",
          "Parent Relationship": "Outer",
          "Parallel Aware": false,
          "Async Capable": false,
          "Startup Cost": 1505243.45,
          "Total Cost": 1505244.45,
          "Plan Rows": 401,
          "Plan Width": 132,
          "Sort Key": [
            "('store channel'::text)",
            "store.s_store_sk"
          ],
          "Plans": [
            {
              "Node Type": "Aggregate",
              "Strategy": "Mixed",
              "Partial Mode": "Simple",
              "Parent Relationship": "Outer",
              "Parallel Aware": false,
              "Async Capable": false,
              "Startup Cost": 752755.06,
              "Total Cost": 1505228.12,
              "Plan Rows": 401,
              "Plan Width": 132,
              "Grouping Sets": [
                {
                  "Hash Keys": [
                    [
                      "('store channel'::text)",
                      "store.s_store_sk"
                    ]
                  ]
                },
                {
                  "Hash Keys": [
                    [
                      "('store channel'::text)"
                    ]
                  ]
                },
                {
                  "Group Keys": [
                    []
                  ]
                }
              ],
              "Planned Partitions": 0,
              "Plans": [
                {
                  "Node Type": "Append",
                  "Parent Relationship": "Outer",
                  "Parallel Aware": false,
                  "Async Capable": false,
                  "Startup Cost": 752755.06,
                  "Total Cost": 1505194.76,
                  "Plan Rows": 878,
                  "Plan Width": 132,
                  "Subplans Removed": 0,
                  "Plans": [
                    {
                      "Node Type": "Merge Join",
                      "Parent Relationship": "Member",
                      "Parallel Aware": false,
                      "Async Capable": false,
                      "Join Type": "Left",
                      "Startup Cost": 752755.06,
                      "Total Cost": 752953.3,
                      "Plan Rows": 102,
                      "Plan Width": 132,
                      "Inner Unique": true,
                      "Merge Cond": "(store.s_store_sk = store_1.s_store_sk)",
                      "Plans": [
                        {
                          "Node Type": "Aggregate",
                          "Strategy": "Sorted",
                          "Partial Mode": "Finalize",
                          "Parent Relationship": "Outer",
                          "Parallel Aware": false,
                          "Async Capable": false,
                          "Startup Cost": 685291.07,
                          "Total Cost": 685443.67,
                          "Plan Rows": 102,
                          "Plan Width": 68,
                          "Group Key": [
                            "store.s_store_sk"
                          ],
                          "Plans": [
                            {
                              "Node Type": "Gather Merge",
                              "Parent Relationship": "Outer",
                              "Parallel Aware": false,
                              "Async Capable": false,
                              "Startup Cost": 685291.07,
                              "Total Cost": 685439.59,
                              "Plan Rows": 204,
                              "Plan Width": 68,
                              "Workers Planned": 2,
                              "Plans": [
                                {
                                  "Node Type": "Aggregate",
                                  "Strategy": "Sorted",
                                  "Partial Mode": "Partial",
                                  "Parent Relationship": "Outer",
                                  "Parallel Aware": false,
                                  "Async Capable": false,
                                  "Startup Cost": 684291.04,
                                  "Total Cost": 684416.02,
                                  "Plan Rows": 102,
                                  "Plan Width": 68,
                                  "Group Key": [
                                    "store.s_store_sk"
                                  ],
                                  "Plans": [
                                    {
                                      "Node Type": "Merge Join",
                                      "Parent Relationship": "Outer",
                                      "Parallel Aware": false,
                                      "Async Capable": false,
                                      "Join Type": "Inner",
                                      "Startup Cost": 684291.04,
                                      "Total Cost": 684380.82,
                                      "Plan Rows": 4489,
                                      "Plan Width": 16,
                                      "Inner Unique": false,
                                      "Merge Cond": "(store_sales.ss_store_sk = store.s_store_sk)",
                                      "Plans": [
                                        {
                                          "Node Type": "Sort",
                                          "Parent Relationship": "Outer",
                                          "Parallel Aware": false,
                                          "Async Capable": false,
                                          "Startup Cost": 684281.62,
                                          "Total Cost": 684293.38,
                                          "Plan Rows": 4703,
                                          "Plan Width": 16,
                                          "Sort Key": [
                                            "store_sales.ss_store_sk"
                                          ],
                                          "Plans": [
                                            {
                                              "Node Type": "Hash Join",
                                              "Parent Relationship": "Outer",
                                              "Parallel Aware": true,
                                              "Async Capable": false,
                                              "Join Type": "Inner",
                                              "Startup Cost": 2049.78,
                                              "Total Cost": 683994.75,
                                              "Plan Rows": 4703,
                                              "Plan Width": 16,
                                              "Inner Unique": false,
                                              "Hash Cond": "(store_sales.ss_sold_date_sk = date_dim.d_date_sk)",
                                              "Plans": [
                                                {
                                                  "Node Type": "Seq Scan",
                                                  "Parent Relationship": "Outer",
                                                  "Parallel Aware": true,
                                                  "Async Capable": false,
                                                  "Relation Name": "store_sales",
                                                  "Alias": "store_sales",
                                                  "Startup Cost": 0.0,
                                                  "Total Cost": 636914.37,
                                                  "Plan Rows": 12000637,
                                                  "Plan Width": 20,
                                                  "parent": 10,
                                                  "ID": 11
                                                },
                                                {
                                                  "Node Type": "Hash",
                                                  "Parent Relationship": "Inner",
                                                  "Parallel Aware": true,
                                                  "Async Capable": false,
                                                  "Startup Cost": 2049.55,
                                                  "Total Cost": 2049.55,
                                                  "Plan Rows": 18,
                                                  "Plan Width": 4,
                                                  "Plans": [
                                                    {
                                                      "Node Type": "Seq Scan",
                                                      "Parent Relationship": "Outer",
                                                      "Parallel Aware": true,
                                                      "Async Capable": false,
                                                      "Relation Name": "date_dim",
                                                      "Alias": "date_dim",
                                                      "Startup Cost": 0.0,
                                                      "Total Cost": 2049.55,
                                                      "Plan Rows": 18,
                                                      "Plan Width": 4,
                                                      "Filter": "((d_date >= '1999-08-14'::date) AND (d_date <= '1999-09-13 00:00:00'::timestamp without time zone))",
                                                      "parent": 12,
                                                      "ID": 13
                                                    }
                                                  ],
                                                  "parent": 10,
                                                  "ID": 12,
                                                  "left": 13
                                                }
                                              ],
                                              "parent": 9,
                                              "ID": 10,
                                              "left": 11,
                                              "right": 12
                                            }
                                          ],
                                          "parent": 8,
                                          "ID": 9,
                                          "left": 10
                                        },
                                        {
                                          "Node Type": "Sort",
                                          "Parent Relationship": "Inner",
                                          "Parallel Aware": false,
                                          "Async Capable": false,
                                          "Startup Cost": 9.42,
                                          "Total Cost": 9.68,
                                          "Plan Rows": 102,
                                          "Plan Width": 4,
                                          "Sort Key": [
                                            "store.s_store_sk"
                                          ],
                                          "Plans": [
                                            {
                                              "Node Type": "Seq Scan",
                                              "Parent Relationship": "Outer",
                                              "Parallel Aware": false,
                                              "Async Capable": false,
                                              "Relation Name": "store",
                                              "Alias": "store",
                                              "Startup Cost": 0.0,
                                              "Total Cost": 6.02,
                                              "Plan Rows": 102,
                                              "Plan Width": 4,
                                              "parent": 14,
                                              "ID": 15
                                            }
                                          ],
                                          "parent": 8,
                                          "ID": 14,
                                          "left": 15
                                        }
                                      ],
                                      "parent": 7,
                                      "ID": 8,
                                      "left": 9,
                                      "right": 14
                                    }
                                  ],
                                  "parent": 6,
                                  "ID": 7,
                                  "left": 8
                                }
                              ],
                              "parent": 5,
                              "ID": 6,
                              "left": 7
                            }
                          ],
                          "parent": 4,
                          "ID": 5,
                          "left": 6
                        },
                        {
                          "Node Type": "Aggregate",
                          "Strategy": "Sorted",
                          "Partial Mode": "Finalize",
                          "Parent Relationship": "Inner",
                          "Parallel Aware": false,
                          "Async Capable": false,
                          "Startup Cost": 67464.0,
                          "Total Cost": 67505.8,
                          "Plan Rows": 102,
                          "Plan Width": 68,
                          "Group Key": [
                            "store_1.s_store_sk"
                          ],
                          "Plans": [
                            {
                              "Node Type": "Gather Merge",
                              "Parent Relationship": "Outer",
                              "Parallel Aware": false,
                              "Async Capable": false,
                              "Startup Cost": 67464.0,
                              "Total Cost": 67501.72,
                              "Plan Rows": 204,
                              "Plan Width": 68,
                              "Workers Planned": 2,
                              "Plans": [
                                {
                                  "Node Type": "Aggregate",
                                  "Strategy": "Sorted",
                                  "Partial Mode": "Partial",
                                  "Parent Relationship": "Outer",
                                  "Parallel Aware": false,
                                  "Async Capable": false,
                                  "Startup Cost": 66463.97,
                                  "Total Cost": 66478.15,
                                  "Plan Rows": 102,
                                  "Plan Width": 68,
                                  "Group Key": [
                                    "store_1.s_store_sk"
                                  ],
                                  "Plans": [
                                    {
                                      "Node Type": "Merge Join",
                                      "Parent Relationship": "Outer",
                                      "Parallel Aware": false,
                                      "Async Capable": false,
                                      "Join Type": "Inner",
                                      "Startup Cost": 66463.97,
                                      "Total Cost": 66473.17,
                                      "Plan Rows": 460,
                                      "Plan Width": 16,
                                      "Inner Unique": false,
                                      "Merge Cond": "(store_returns.sr_store_sk = store_1.s_store_sk)",
                                      "Plans": [
                                        {
                                          "Node Type": "Sort",
                                          "Parent Relationship": "Outer",
                                          "Parallel Aware": false,
                                          "Async Capable": false,
                                          "Startup Cost": 66454.55,
                                          "Total Cost": 66455.74,
                                          "Plan Rows": 476,
                                          "Plan Width": 16,
                                          "Sort Key": [
                                            "store_returns.sr_store_sk"
                                          ],
                                          "Plans": [
                                            {
                                              "Node Type": "Hash Join",
                                              "Parent Relationship": "Outer",
                                              "Parallel Aware": true,
                                              "Async Capable": false,
                                              "Join Type": "Inner",
                                              "Startup Cost": 2049.78,
                                              "Total Cost": 66433.38,
                                              "Plan Rows": 476,
                                              "Plan Width": 16,
                                              "Inner Unique": false,
                                              "Hash Cond": "(store_returns.sr_returned_date_sk = date_dim_1.d_date_sk)",
                                              "Plans": [
                                                {
                                                  "Node Type": "Seq Scan",
                                                  "Parent Relationship": "Outer",
                                                  "Parallel Aware": true,
                                                  "Async Capable": false,
                                                  "Relation Name": "store_returns",
                                                  "Alias": "store_returns",
                                                  "Startup Cost": 0.0,
                                                  "Total Cost": 59887.64,
                                                  "Plan Rows": 1198164,
                                                  "Plan Width": 20,
                                                  "parent": 21,
                                                  "ID": 22
                                                },
                                                {
                                                  "Node Type": "Hash",
                                                  "Parent Relationship": "Inner",
                                                  "Parallel Aware": true,
                                                  "Async Capable": false,
                                                  "Startup Cost": 2049.55,
                                                  "Total Cost": 2049.55,
                                                  "Plan Rows": 18,
                                                  "Plan Width": 4,
                                                  "Plans": [
                                                    {
                                                      "Node Type": "Seq Scan",
                                                      "Parent Relationship": "Outer",
                                                      "Parallel Aware": true,
                                                      "Async Capable": false,
                                                      "Relation Name": "date_dim",
                                                      "Alias": "date_dim_1",
                                                      "Startup Cost": 0.0,
                                                      "Total Cost": 2049.55,
                                                      "Plan Rows": 18,
                                                      "Plan Width": 4,
                                                      "Filter": "((d_date >= '1999-08-14'::date) AND (d_date <= '1999-09-13 00:00:00'::timestamp without time zone))",
                                                      "parent": 23,
                                                      "ID": 24
                                                    }
                                                  ],
                                                  "parent": 21,
                                                  "ID": 23,
                                                  "left": 24
                                                }
                                              ],
                                              "parent": 20,
                                              "ID": 21,
                                              "left": 22,
                                              "right": 23
                                            }
                                          ],
                                          "parent": 19,
                                          "ID": 20,
                                          "left": 21
                                        },
                                        {
                                          "Node Type": "Sort",
                                          "Parent Relationship": "Inner",
                                          "Parallel Aware": false,
                                          "Async Capable": false,
                                          "Startup Cost": 9.42,
                                          "Total Cost": 9.68,
                                          "Plan Rows": 102,
                                          "Plan Width": 4,
                                          "Sort Key": [
                                            "store_1.s_store_sk"
                                          ],
                                          "Plans": [
                                            {
                                              "Node Type": "Seq Scan",
                                              "Parent Relationship": "Outer",
                                              "Parallel Aware": false,
                                              "Async Capable": false,
                                              "Relation Name": "store",
                                              "Alias": "store_1",
                                              "Startup Cost": 0.0,
                                              "Total Cost": 6.02,
                                              "Plan Rows": 102,
                                              "Plan Width": 4,
                                              "parent": 25,
                                              "ID": 26
                                            }
                                          ],
                                          "parent": 19,
                                          "ID": 25,
                                          "left": 26
                                        }
                                      ],
                                      "parent": 18,
                                      "ID": 19,
                                      "left": 20,
                                      "right": 25
                                    }
                                  ],
                                  "parent": 17,
                                  "ID": 18,
                                  "left": 19
                                }
                              ],
                              "parent": 16,
                              "ID": 17,
                              "left": 18
                            }
                          ],
                          "parent": 4,
                          "ID": 16,
                          "left": 17
                        }
                      ],
                      "parent": 3,
                      "ID": 4,
                      "left": 5,
                      "right": 16
                    },
                    {
                      "Node Type": "Nested Loop",
                      "Parent Relationship": "Member",
                      "Parallel Aware": false,
                      "Async Capable": false,
                      "Join Type": "Inner",
                      "Startup Cost": 499452.25,
                      "Total Cost": 499502.11,
                      "Plan Rows": 576,
                      "Plan Width": 132,
                      "Inner Unique": false,
                      "Plans": [
                        {
                          "Node Type": "Aggregate",
                          "Strategy": "Sorted",
                          "Partial Mode": "Finalize",
                          "Parent Relationship": "Outer",
                          "Parallel Aware": false,
                          "Async Capable": false,
                          "Startup Cost": 459392.64,
                          "Total Cost": 459424.0,
                          "Plan Rows": 24,
                          "Plan Width": 68,
                          "Group Key": [
                            "catalog_sales.cs_call_center_sk"
                          ],
                          "Plans": [
                            {
                              "Node Type": "Gather Merge",
                              "Parent Relationship": "Outer",
                              "Parallel Aware": false,
                              "Async Capable": false,
                              "Startup Cost": 459392.64,
                              "Total Cost": 459423.04,
                              "Plan Rows": 48,
                              "Plan Width": 68,
                              "Workers Planned": 2,
                              "Plans": [
                                {
                                  "Node Type": "Aggregate",
                                  "Strategy": "Sorted",
                                  "Partial Mode": "Partial",
                                  "Parent Relationship": "Outer",
                                  "Parallel Aware": false,
                                  "Async Capable": false,
                                  "Startup Cost": 458392.62,
                                  "Total Cost": 458417.48,
                                  "Plan Rows": 24,
                                  "Plan Width": 68,
                                  "Group Key": [
                                    "catalog_sales.cs_call_center_sk"
                                  ],
                                  "Plans": [
                                    {
                                      "Node Type": "Sort",
                                      "Parent Relationship": "Outer",
                                      "Parallel Aware": false,
                                      "Async Capable": false,
                                      "Startup Cost": 458392.62,
                                      "Total Cost": 458398.74,
                                      "Plan Rows": 2450,
                                      "Plan Width": 16,
                                      "Sort Key": [
                                        "catalog_sales.cs_call_center_sk"
                                      ],
                                      "Plans": [
                                        {
                                          "Node Type": "Hash Join",
                                          "Parent Relationship": "Outer",
                                          "Parallel Aware": true,
                                          "Async Capable": false,
                                          "Join Type": "Inner",
                                          "Startup Cost": 2049.78,
                                          "Total Cost": 458254.7,
                                          "Plan Rows": 2450,
                                          "Plan Width": 16,
                                          "Inner Unique": false,
                                          "Hash Cond": "(catalog_sales.cs_sold_date_sk = date_dim_2.d_date_sk)",
                                          "Plans": [
                                            {
                                              "Node Type": "Seq Scan",
                                              "Parent Relationship": "Outer",
                                              "Parallel Aware": true,
                                              "Async Capable": false,
                                              "Relation Name": "catalog_sales",
                                              "Alias": "catalog_sales",
                                              "Startup Cost": 0.0,
                                              "Total Cost": 433688.25,
                                              "Plan Rows": 6000525,
                                              "Plan Width": 20,
                                              "parent": 32,
                                              "ID": 33
                                            },
                                            {
                                              "Node Type": "Hash",
                                              "Parent Relationship": "Inner",
                                              "Parallel Aware": true,
                                              "Async Capable": false,
                                              "Startup Cost": 2049.55,
                                              "Total Cost": 2049.55,
                                              "Plan Rows": 18,
                                              "Plan Width": 4,
                                              "Plans": [
                                                {
                                                  "Node Type": "Seq Scan",
                                                  "Parent Relationship": "Outer",
                                                  "Parallel Aware": true,
                                                  "Async Capable": false,
                                                  "Relation Name": "date_dim",
                                                  "Alias": "date_dim_2",
                                                  "Startup Cost": 0.0,
                                                  "Total Cost": 2049.55,
                                                  "Plan Rows": 18,
                                                  "Plan Width": 4,
                                                  "Filter": "((d_date >= '1999-08-14'::date) AND (d_date <= '1999-09-13 00:00:00'::timestamp without time zone))",
                                                  "parent": 34,
                                                  "ID": 35
                                                }
                                              ],
                                              "parent": 32,
                                              "ID": 34,
                                              "left": 35
                                            }
                                          ],
                                          "parent": 31,
                                          "ID": 32,
                                          "left": 33,
                                          "right": 34
                                        }
                                      ],
                                      "parent": 30,
                                      "ID": 31,
                                      "left": 32
                                    }
                                  ],
                                  "parent": 29,
                                  "ID": 30,
                                  "left": 31
                                }
                              ],
                              "parent": 28,
                              "ID": 29,
                              "left": 30
                            }
                          ],
                          "parent": 27,
                          "ID": 28,
                          "left": 29
                        },
                        {
                          "Node Type": "Materialize",
                          "Parent Relationship": "Inner",
                          "Parallel Aware": false,
                          "Async Capable": false,
                          "Startup Cost": 40059.61,
                          "Total Cost": 40069.29,
                          "Plan Rows": 24,
                          "Plan Width": 64,
                          "Plans": [
                            {
                              "Node Type": "Subquery Scan",
                              "Parent Relationship": "Outer",
                              "Parallel Aware": false,
                              "Async Capable": false,
                              "Alias": "cr",
                              "Startup Cost": 40059.61,
                              "Total Cost": 40069.17,
                              "Plan Rows": 24,
                              "Plan Width": 64,
                              "Plans": [
                                {
                                  "Node Type": "Aggregate",
                                  "Strategy": "Sorted",
                                  "Partial Mode": "Finalize",
                                  "Parent Relationship": "Subquery",
                                  "Parallel Aware": false,
                                  "Async Capable": false,
                                  "Startup Cost": 40059.61,
                                  "Total Cost": 40068.93,
                                  "Plan Rows": 24,
                                  "Plan Width": 68,
                                  "Group Key": [
                                    "catalog_returns.cr_call_center_sk"
                                  ],
                                  "Plans": [
                                    {
                                      "Node Type": "Gather Merge",
                                      "Parent Relationship": "Outer",
                                      "Parallel Aware": false,
                                      "Async Capable": false,
                                      "Startup Cost": 40059.61,
                                      "Total Cost": 40067.97,
                                      "Plan Rows": 48,
                                      "Plan Width": 68,
                                      "Workers Planned": 2,
                                      "Plans": [
                                        {
                                          "Node Type": "Aggregate",
                                          "Strategy": "Sorted",
                                          "Partial Mode": "Partial",
                                          "Parent Relationship": "Outer",
                                          "Parallel Aware": false,
                                          "Async Capable": false,
                                          "Startup Cost": 39059.58,
                                          "Total Cost": 39062.4,
                                          "Plan Rows": 24,
                                          "Plan Width": 68,
                                          "Group Key": [
                                            "catalog_returns.cr_call_center_sk"
                                          ],
                                          "Plans": [
                                            {
                                              "Node Type": "Sort",
                                              "Parent Relationship": "Outer",
                                              "Parallel Aware": false,
                                              "Async Capable": false,
                                              "Startup Cost": 39059.58,
                                              "Total Cost": 39060.2,
                                              "Plan Rows": 246,
                                              "Plan Width": 16,
                                              "Sort Key": [
                                                "catalog_returns.cr_call_center_sk"
                                              ],
                                              "Plans": [
                                                {
                                                  "Node Type": "Hash Join",
                                                  "Parent Relationship": "Outer",
                                                  "Parallel Aware": true,
                                                  "Async Capable": false,
                                                  "Join Type": "Inner",
                                                  "Startup Cost": 2049.78,
                                                  "Total Cost": 39049.82,
                                                  "Plan Rows": 246,
                                                  "Plan Width": 16,
                                                  "Inner Unique": false,
                                                  "Hash Cond": "(catalog_returns.cr_returned_date_sk = date_dim_3.d_date_sk)",
                                                  "Plans": [
                                                    {
                                                      "Node Type": "Seq Scan",
                                                      "Parent Relationship": "Outer",
                                                      "Parallel Aware": true,
                                                      "Async Capable": false,
                                                      "Relation Name": "catalog_returns",
                                                      "Alias": "catalog_returns",
                                                      "Startup Cost": 0.0,
                                                      "Total Cost": 34748.95,
                                                      "Plan Rows": 599895,
                                                      "Plan Width": 20,
                                                      "parent": 42,
                                                      "ID": 43
                                                    },
                                                    {
                                                      "Node Type": "Hash",
                                                      "Parent Relationship": "Inner",
                                                      "Parallel Aware": true,
                                                      "Async Capable": false,
                                                      "Startup Cost": 2049.55,
                                                      "Total Cost": 2049.55,
                                                      "Plan Rows": 18,
                                                      "Plan Width": 4,
                                                      "Plans": [
                                                        {
                                                          "Node Type": "Seq Scan",
                                                          "Parent Relationship": "Outer",
                                                          "Parallel Aware": true,
                                                          "Async Capable": false,
                                                          "Relation Name": "date_dim",
                                                          "Alias": "date_dim_3",
                                                          "Startup Cost": 0.0,
                                                          "Total Cost": 2049.55,
                                                          "Plan Rows": 18,
                                                          "Plan Width": 4,
                                                          "Filter": "((d_date >= '1999-08-14'::date) AND (d_date <= '1999-09-13 00:00:00'::timestamp without time zone))",
                                                          "parent": 44,
                                                          "ID": 45
                                                        }
                                                      ],
                                                      "parent": 42,
                                                      "ID": 44,
                                                      "left": 45
                                                    }
                                                  ],
                                                  "parent": 41,
                                                  "ID": 42,
                                                  "left": 43,
                                                  "right": 44
                                                }
                                              ],
                                              "parent": 40,
                                              "ID": 41,
                                              "left": 42
                                            }
                                          ],
                                          "parent": 39,
                                          "ID": 40,
                                          "left": 41
                                        }
                                      ],
                                      "parent": 38,
                                      "ID": 39,
                                      "left": 40
                                    }
                                  ],
                                  "parent": 37,
                                  "ID": 38,
                                  "left": 39
                                }
                              ],
                              "parent": 36,
                              "ID": 37,
                              "left": 38
                            }
                          ],
                          "parent": 27,
                          "ID": 36,
                          "left": 37
                        }
                      ],
                      "parent": 3,
                      "ID": 27,
                      "left": 28,
                      "right": 36
                    },
                    {
                      "Node Type": "Merge Join",
                      "Parent Relationship": "Member",
                      "Parallel Aware": false,
                      "Async Capable": false,
                      "Join Type": "Left",
                      "Startup Cost": 252590.79,
                      "Total Cost": 252726.18,
                      "Plan Rows": 200,
                      "Plan Width": 132,
                      "Inner Unique": true,
                      "Merge Cond": "(web_page.wp_web_page_sk = web_page_1.wp_web_page_sk)",
                      "Plans": [
                        {
                          "Node Type": "Aggregate",
                          "Strategy": "Sorted",
                          "Partial Mode": "Finalize",
                          "Parent Relationship": "Outer",
                          "Parallel Aware": false,
                          "Async Capable": false,
                          "Startup Cost": 232119.07,
                          "Total Cost": 232210.1,
                          "Plan Rows": 200,
                          "Plan Width": 68,
                          "Group Key": [
                            "web_page.wp_web_page_sk"
                          ],
                          "Plans": [
                            {
                              "Node Type": "Gather Merge",
                              "Parent Relationship": "Outer",
                              "Parallel Aware": false,
                              "Async Capable": false,
                              "Startup Cost": 232119.07,
                              "Total Cost": 232202.1,
                              "Plan Rows": 400,
                              "Plan Width": 68,
                              "Workers Planned": 2,
                              "Plans": [
                                {
                                  "Node Type": "Aggregate",
                                  "Strategy": "Sorted",
                                  "Partial Mode": "Partial",
                                  "Parent Relationship": "Outer",
                                  "Parallel Aware": false,
                                  "Async Capable": false,
                                  "Startup Cost": 231119.05,
                                  "Total Cost": 231155.9,
                                  "Plan Rows": 200,
                                  "Plan Width": 68,
                                  "Group Key": [
                                    "web_page.wp_web_page_sk"
                                  ],
                                  "Plans": [
                                    {
                                      "Node Type": "Merge Join",
                                      "Parent Relationship": "Outer",
                                      "Parallel Aware": false,
                                      "Async Capable": false,
                                      "Join Type": "Inner",
                                      "Startup Cost": 231119.05,
                                      "Total Cost": 231143.67,
                                      "Plan Rows": 1231,
                                      "Plan Width": 16,
                                      "Inner Unique": false,
                                      "Merge Cond": "(web_sales.ws_web_page_sk = web_page.wp_web_page_sk)",
                                      "Plans": [
                                        {
                                          "Node Type": "Sort",
                                          "Parent Relationship": "Outer",
                                          "Parallel Aware": false,
                                          "Async Capable": false,
                                          "Startup Cost": 231104.41,
                                          "Total Cost": 231107.48,
                                          "Plan Rows": 1231,
                                          "Plan Width": 16,
                                          "Sort Key": [
                                            "web_sales.ws_web_page_sk"
                                          ],
                                          "Plans": [
                                            {
                                              "Node Type": "Hash Join",
                                              "Parent Relationship": "Outer",
                                              "Parallel Aware": true,
                                              "Async Capable": false,
                                              "Join Type": "Inner",
                                              "Startup Cost": 2049.78,
                                              "Total Cost": 231041.22,
                                              "Plan Rows": 1231,
                                              "Plan Width": 16,
                                              "Inner Unique": false,
                                              "Hash Cond": "(web_sales.ws_sold_date_sk = date_dim_4.d_date_sk)",
                                              "Plans": [
                                                {
                                                  "Node Type": "Seq Scan",
                                                  "Parent Relationship": "Outer",
                                                  "Parallel Aware": true,
                                                  "Async Capable": false,
                                                  "Relation Name": "web_sales",
                                                  "Alias": "web_sales",
                                                  "Startup Cost": 0.0,
                                                  "Total Cost": 217737.86,
                                                  "Plan Rows": 2998986,
                                                  "Plan Width": 20,
                                                  "parent": 52,
                                                  "ID": 53
                                                },
                                                {
                                                  "Node Type": "Hash",
                                                  "Parent Relationship": "Inner",
                                                  "Parallel Aware": true,
                                                  "Async Capable": false,
                                                  "Startup Cost": 2049.55,
                                                  "Total Cost": 2049.55,
                                                  "Plan Rows": 18,
                                                  "Plan Width": 4,
                                                  "Plans": [
                                                    {
                                                      "Node Type": "Seq Scan",
                                                      "Parent Relationship": "Outer",
                                                      "Parallel Aware": true,
                                                      "Async Capable": false,
                                                      "Relation Name": "date_dim",
                                                      "Alias": "date_dim_4",
                                                      "Startup Cost": 0.0,
                                                      "Total Cost": 2049.55,
                                                      "Plan Rows": 18,
                                                      "Plan Width": 4,
                                                      "Filter": "((d_date >= '1999-08-14'::date) AND (d_date <= '1999-09-13 00:00:00'::timestamp without time zone))",
                                                      "parent": 54,
                                                      "ID": 55
                                                    }
                                                  ],
                                                  "parent": 52,
                                                  "ID": 54,
                                                  "left": 55
                                                }
                                              ],
                                              "parent": 51,
                                              "ID": 52,
                                              "left": 53,
                                              "right": 54
                                            }
                                          ],
                                          "parent": 50,
                                          "ID": 51,
                                          "left": 52
                                        },
                                        {
                                          "Node Type": "Sort",
                                          "Parent Relationship": "Inner",
                                          "Parallel Aware": false,
                                          "Async Capable": false,
                                          "Startup Cost": 14.64,
                                          "Total Cost": 15.14,
                                          "Plan Rows": 200,
                                          "Plan Width": 4,
                                          "Sort Key": [
                                            "web_page.wp_web_page_sk"
                                          ],
                                          "Plans": [
                                            {
                                              "Node Type": "Seq Scan",
                                              "Parent Relationship": "Outer",
                                              "Parallel Aware": false,
                                              "Async Capable": false,
                                              "Relation Name": "web_page",
                                              "Alias": "web_page",
                                              "Startup Cost": 0.0,
                                              "Total Cost": 7.0,
                                              "Plan Rows": 200,
                                              "Plan Width": 4,
                                              "parent": 56,
                                              "ID": 57
                                            }
                                          ],
                                          "parent": 50,
                                          "ID": 56,
                                          "left": 57
                                        }
                                      ],
                                      "parent": 49,
                                      "ID": 50,
                                      "left": 51,
                                      "right": 56
                                    }
                                  ],
                                  "parent": 48,
                                  "ID": 49,
                                  "left": 50
                                }
                              ],
                              "parent": 47,
                              "ID": 48,
                              "left": 49
                            }
                          ],
                          "parent": 46,
                          "ID": 47,
                          "left": 48
                        },
                        {
                          "Node Type": "Aggregate",
                          "Strategy": "Sorted",
                          "Partial Mode": "Finalize",
                          "Parent Relationship": "Inner",
                          "Parallel Aware": false,
                          "Async Capable": false,
                          "Startup Cost": 20471.72,
                          "Total Cost": 20508.59,
                          "Plan Rows": 200,
                          "Plan Width": 68,
                          "Group Key": [
                            "web_page_1.wp_web_page_sk"
                          ],
                          "Plans": [
                            {
                              "Node Type": "Gather Merge",
                              "Parent Relationship": "Outer",
                              "Parallel Aware": false,
                              "Async Capable": false,
                              "Startup Cost": 20471.72,
                              "Total Cost": 20502.79,
                              "Plan Rows": 224,
                              "Plan Width": 68,
                              "Workers Planned": 2,
                              "Plans": [
                                {
                                  "Node Type": "Aggregate",
                                  "Strategy": "Sorted",
                                  "Partial Mode": "Partial",
                                  "Parent Relationship": "Outer",
                                  "Parallel Aware": false,
                                  "Async Capable": false,
                                  "Startup Cost": 19471.69,
                                  "Total Cost": 19476.91,
                                  "Plan Rows": 112,
                                  "Plan Width": 68,
                                  "Group Key": [
                                    "web_page_1.wp_web_page_sk"
                                  ],
                                  "Plans": [
                                    {
                                      "Node Type": "Merge Join",
                                      "Parent Relationship": "Outer",
                                      "Parallel Aware": false,
                                      "Async Capable": false,
                                      "Join Type": "Inner",
                                      "Startup Cost": 19471.69,
                                      "Total Cost": 19474.39,
                                      "Plan Rows": 112,
                                      "Plan Width": 16,
                                      "Inner Unique": false,
                                      "Merge Cond": "(web_returns.wr_web_page_sk = web_page_1.wp_web_page_sk)",
                                      "Plans": [
                                        {
                                          "Node Type": "Sort",
                                          "Parent Relationship": "Outer",
                                          "Parallel Aware": false,
                                          "Async Capable": false,
                                          "Startup Cost": 19457.05,
                                          "Total Cost": 19457.35,
                                          "Plan Rows": 118,
                                          "Plan Width": 16,
                                          "Sort Key": [
                                            "web_returns.wr_web_page_sk"
                                          ],
                                          "Plans": [
                                            {
                                              "Node Type": "Hash Join",
                                              "Parent Relationship": "Outer",
                                              "Parallel Aware": true,
                                              "Async Capable": false,
                                              "Join Type": "Inner",
                                              "Startup Cost": 2049.78,
                                              "Total Cost": 19452.99,
                                              "Plan Rows": 118,
                                              "Plan Width": 16,
                                              "Inner Unique": false,
                                              "Hash Cond": "(web_returns.wr_returned_date_sk = date_dim_5.d_date_sk)",
                                              "Plans": [
                                                {
                                                  "Node Type": "Seq Scan",
                                                  "Parent Relationship": "Outer",
                                                  "Parallel Aware": true,
                                                  "Async Capable": false,
                                                  "Relation Name": "web_returns",
                                                  "Alias": "web_returns",
                                                  "Startup Cost": 0.0,
                                                  "Total Cost": 16278.74,
                                                  "Plan Rows": 299674,
                                                  "Plan Width": 20,
                                                  "parent": 63,
                                                  "ID": 64
                                                },
                                                {
                                                  "Node Type": "Hash",
                                                  "Parent Relationship": "Inner",
                                                  "Parallel Aware": true,
                                                  "Async Capable": false,
                                                  "Startup Cost": 2049.55,
                                                  "Total Cost": 2049.55,
                                                  "Plan Rows": 18,
                                                  "Plan Width": 4,
                                                  "Plans": [
                                                    {
                                                      "Node Type": "Seq Scan",
                                                      "Parent Relationship": "Outer",
                                                      "Parallel Aware": true,
                                                      "Async Capable": false,
                                                      "Relation Name": "date_dim",
                                                      "Alias": "date_dim_5",
                                                      "Startup Cost": 0.0,
                                                      "Total Cost": 2049.55,
                                                      "Plan Rows": 18,
                                                      "Plan Width": 4,
                                                      "Filter": "((d_date >= '1999-08-14'::date) AND (d_date <= '1999-09-13 00:00:00'::timestamp without time zone))",
                                                      "parent": 65,
                                                      "ID": 66
                                                    }
                                                  ],
                                                  "parent": 63,
                                                  "ID": 65,
                                                  "left": 66
                                                }
                                              ],
                                              "parent": 62,
                                              "ID": 63,
                                              "left": 64,
                                              "right": 65
                                            }
                                          ],
                                          "parent": 61,
                                          "ID": 62,
                                          "left": 63
                                        },
                                        {
                                          "Node Type": "Sort",
                                          "Parent Relationship": "Inner",
                                          "Parallel Aware": false,
                                          "Async Capable": false,
                                          "Startup Cost": 14.64,
                                          "Total Cost": 15.14,
                                          "Plan Rows": 200,
                                          "Plan Width": 4,
                                          "Sort Key": [
                                            "web_page_1.wp_web_page_sk"
                                          ],
                                          "Plans": [
                                            {
                                              "Node Type": "Seq Scan",
                                              "Parent Relationship": "Outer",
                                              "Parallel Aware": false,
                                              "Async Capable": false,
                                              "Relation Name": "web_page",
                                              "Alias": "web_page_1",
                                              "Startup Cost": 0.0,
                                              "Total Cost": 7.0,
                                              "Plan Rows": 200,
                                              "Plan Width": 4,
                                              "parent": 67,
                                              "ID": 68
                                            }
                                          ],
                                          "parent": 61,
                                          "ID": 67,
                                          "left": 68
                                        }
                                      ],
                                      "parent": 60,
                                      "ID": 61,
                                      "left": 62,
                                      "right": 67
                                    }
                                  ],
                                  "parent": 59,
                                  "ID": 60,
                                  "left": 61
                                }
                              ],
                              "parent": 58,
                              "ID": 59,
                              "left": 60
                            }
                          ],
                          "parent": 46,
                          "ID": 58,
                          "left": 59
                        }
                      ],
                      "parent": 3,
                      "ID": 46,
                      "left": 47,
                      "right": 58
                    }
                  ],
                  "parent": 2,
                  "ID": 3,
                  "left": 4,
                  "right": 27
                }
              ],
              "parent": 1,
              "ID": 2,
              "left": 3
            }
          ],
          "parent": 0,
          "ID": 1,
          "left": 2
        }
      ],
      "parent": null,
      "ID": 0,
      "left": 1
    },
    "feat": {
      "utility": 4.62856233643788e-06,
      "query_shape": [
        [
          "Seq Scan",
          "Hash Join",
          "Sort",
          "Merge Join",
          "Aggregate",
          "Gather Merge",
          "Append"
        ],
        [
          "Seq Scan",
          "Hash",
          "Hash Join",
          "Sort",
          "Merge Join",
          "Aggregate",
          "Gather Merge",
          "Append"
        ],
        [
          "Seq Scan",
          "Sort",
          "Merge Join",
          "Aggregate",
          "Gather Merge",
          "Append"
        ],
        [
          "Seq Scan",
          "Hash Join",
          "Sort",
          "Merge Join",
          "Aggregate",
          "Gather Merge",
          "Append"
        ],
        [
          "Seq Scan",
          "Hash",
          "Hash Join",
          "Sort",
          "Merge Join",
          "Aggregate",
          "Gather Merge",
          "Append"
        ],
        [
          "Seq Scan",
          "Sort",
          "Merge Join",
          "Aggregate",
          "Gather Merge",
          "Append"
        ],
        [
          "Seq Scan",
          "Hash Join",
          "Sort",
          "Aggregate",
          "Gather Merge",
          "Nested Loop",
          "Append"
        ],
        [
          "Seq Scan",
          "Hash",
          "Hash Join",
          "Sort",
          "Aggregate",
          "Gather Merge",
          "Nested Loop",
          "Append"
        ],
        [
          "Seq Scan",
          "Hash Join",
          "Sort",
          "Aggregate",
          "Gather Merge",
          "Subquery Scan",
          "Materialize",
          "Nested Loop",
          "Append"
        ],
        [
          "Seq Scan",
          "Hash",
          "Hash Join",
          "Sort",
          "Aggregate",
          "Gather Merge",
          "Subquery Scan",
          "Materialize",
          "Nested Loop",
          "Append"
        ],
        [
          "Seq Scan",
          "Hash Join",
          "Sort",
          "Merge Join",
          "Aggregate",
          "Gather Merge",
          "Append"
        ],
        [
          "Seq Scan",
          "Hash",
          "Hash Join",
          "Sort",
          "Merge Join",
          "Aggregate",
          "Gather Merge",
          "Append"
        ],
        [
          "Seq Scan",
          "Sort",
          "Merge Join",
          "Aggregate",
          "Gather Merge",
          "Append"
        ],
        [
          "Seq Scan",
          "Hash Join",
          "Sort",
          "Merge Join",
          "Aggregate",
          "Gather Merge",
          "Append"
        ],
        [
          "Seq Scan",
          "Hash",
          "Hash Join",
          "Sort",
          "Merge Join",
          "Aggregate",
          "Gather Merge",
          "Append"
        ],
        [
          "Seq Scan",
          "Sort",
          "Merge Join",
          "Aggregate",
          "Gather Merge",
          "Append"
        ]
      ],
      "index_shape": [
        "join"
      ],
      "physical_operator": {
        "Hash Join": [
          0.004697957574228613
        ]
      }
    }
  },
  {
    "query": "with ss as\n (select s_store_sk,\n         sum(ss_ext_sales_price) as sales,\n         sum(ss_net_profit) as profit\n from store_sales,\n      date_dim,\n      store\n where ss_sold_date_sk = d_date_sk\n       and d_date between cast('1999-08-14' as date) \n                  and (cast('1999-08-14' as date) +  interval '30 days') \n       and ss_store_sk = s_store_sk\n group by s_store_sk)\n ,\n sr as\n (select s_store_sk,\n         sum(sr_return_amt) as returns,\n         sum(sr_net_loss) as profit_loss\n from store_returns,\n      date_dim,\n      store\n where sr_returned_date_sk = d_date_sk\n       and d_date between cast('1999-08-14' as date)\n                  and (cast('1999-08-14' as date) +  interval '30 days')\n       and sr_store_sk = s_store_sk\n group by s_store_sk), \n cs as\n (select cs_call_center_sk,\n        sum(cs_ext_sales_price) as sales,\n        sum(cs_net_profit) as profit\n from catalog_sales,\n      date_dim\n where cs_sold_date_sk = d_date_sk\n       and d_date between cast('1999-08-14' as date)\n                  and (cast('1999-08-14' as date) +  interval '30 days')\n group by cs_call_center_sk \n ), \n cr as\n (select cr_call_center_sk,\n         sum(cr_return_amount) as returns,\n         sum(cr_net_loss) as profit_loss\n from catalog_returns,\n      date_dim\n where cr_returned_date_sk = d_date_sk\n       and d_date between cast('1999-08-14' as date)\n                  and (cast('1999-08-14' as date) +  interval '30 days')\n group by cr_call_center_sk\n ), \n ws as\n ( select wp_web_page_sk,\n        sum(ws_ext_sales_price) as sales,\n        sum(ws_net_profit) as profit\n from web_sales,\n      date_dim,\n      web_page\n where ws_sold_date_sk = d_date_sk\n       and d_date between cast('1999-08-14' as date)\n                  and (cast('1999-08-14' as date) +  interval '30 days')\n       and ws_web_page_sk = wp_web_page_sk\n group by wp_web_page_sk), \n wr as\n (select wp_web_page_sk,\n        sum(wr_return_amt) as returns,\n        sum(wr_net_loss) as profit_loss\n from web_returns,\n      date_dim,\n      web_page\n where wr_returned_date_sk = d_date_sk\n       and d_date between cast('1999-08-14' as date)\n                  and (cast('1999-08-14' as date) +  interval '30 days')\n       and wr_web_page_sk = wp_web_page_sk\n group by wp_web_page_sk)\n  select  channel\n        , id\n        , sum(sales) as sales\n        , sum(returns) as returns\n        , sum(profit) as profit\n from \n (select 'store channel' as channel\n        , ss.s_store_sk as id\n        , sales\n        , coalesce(returns, 0) as returns\n        , (profit - coalesce(profit_loss,0)) as profit\n from   ss left join sr\n        on  ss.s_store_sk = sr.s_store_sk\n union all\n select 'catalog channel' as channel\n        , cs_call_center_sk as id\n        , sales\n        , returns\n        , (profit - profit_loss) as profit\n from  cs\n       , cr\n union all\n select 'web channel' as channel\n        , ws.wp_web_page_sk as id\n        , sales\n        , coalesce(returns, 0) as returns\n        , (profit - coalesce(profit_loss,0)) as profit\n from   ws left join wr\n        on  ws.wp_web_page_sk = wr.wp_web_page_sk\n ) x\n group by rollup (channel, id)\n order by channel\n         ,id\n limit 100;\n\n-- end query 58 in stream 0 using template query77.tpl\n",
    "indexes": "store_returns.sr_store_sk",
    "wo plan est": {
      "Node Type": "Limit",
      "Parallel Aware": false,
      "Async Capable": false,
      "Startup Cost": 1505243.45,
      "Total Cost": 1505243.7,
      "Plan Rows": 100,
      "Plan Width": 132,
      "Plans": [
        {
          "Node Type": "Sort",
          "Parent Relationship": "Outer",
          "Parallel Aware": false,
          "Async Capable": false,
          "Startup Cost": 1505243.45,
          "Total Cost": 1505244.45,
          "Plan Rows": 401,
          "Plan Width": 132,
          "Sort Key": [
            "('store channel'::text)",
            "store.s_store_sk"
          ],
          "Plans": [
            {
              "Node Type": "Aggregate",
              "Strategy": "Mixed",
              "Partial Mode": "Simple",
              "Parent Relationship": "Outer",
              "Parallel Aware": false,
              "Async Capable": false,
              "Startup Cost": 752755.06,
              "Total Cost": 1505228.12,
              "Plan Rows": 401,
              "Plan Width": 132,
              "Grouping Sets": [
                {
                  "Hash Keys": [
                    [
                      "('store channel'::text)",
                      "store.s_store_sk"
                    ]
                  ]
                },
                {
                  "Hash Keys": [
                    [
                      "('store channel'::text)"
                    ]
                  ]
                },
                {
                  "Group Keys": [
                    []
                  ]
                }
              ],
              "Planned Partitions": 0,
              "Plans": [
                {
                  "Node Type": "Append",
                  "Parent Relationship": "Outer",
                  "Parallel Aware": false,
                  "Async Capable": false,
                  "Startup Cost": 752755.06,
                  "Total Cost": 1505194.76,
                  "Plan Rows": 878,
                  "Plan Width": 132,
                  "Subplans Removed": 0,
                  "Plans": [
                    {
                      "Node Type": "Merge Join",
                      "Parent Relationship": "Member",
                      "Parallel Aware": false,
                      "Async Capable": false,
                      "Join Type": "Left",
                      "Startup Cost": 752755.06,
                      "Total Cost": 752953.3,
                      "Plan Rows": 102,
                      "Plan Width": 132,
                      "Inner Unique": true,
                      "Merge Cond": "(store.s_store_sk = store_1.s_store_sk)",
                      "Plans": [
                        {
                          "Node Type": "Aggregate",
                          "Strategy": "Sorted",
                          "Partial Mode": "Finalize",
                          "Parent Relationship": "Outer",
                          "Parallel Aware": false,
                          "Async Capable": false,
                          "Startup Cost": 685291.07,
                          "Total Cost": 685443.67,
                          "Plan Rows": 102,
                          "Plan Width": 68,
                          "Group Key": [
                            "store.s_store_sk"
                          ],
                          "Plans": [
                            {
                              "Node Type": "Gather Merge",
                              "Parent Relationship": "Outer",
                              "Parallel Aware": false,
                              "Async Capable": false,
                              "Startup Cost": 685291.07,
                              "Total Cost": 685439.59,
                              "Plan Rows": 204,
                              "Plan Width": 68,
                              "Workers Planned": 2,
                              "Plans": [
                                {
                                  "Node Type": "Aggregate",
                                  "Strategy": "Sorted",
                                  "Partial Mode": "Partial",
                                  "Parent Relationship": "Outer",
                                  "Parallel Aware": false,
                                  "Async Capable": false,
                                  "Startup Cost": 684291.04,
                                  "Total Cost": 684416.02,
                                  "Plan Rows": 102,
                                  "Plan Width": 68,
                                  "Group Key": [
                                    "store.s_store_sk"
                                  ],
                                  "Plans": [
                                    {
                                      "Node Type": "Merge Join",
                                      "Parent Relationship": "Outer",
                                      "Parallel Aware": false,
                                      "Async Capable": false,
                                      "Join Type": "Inner",
                                      "Startup Cost": 684291.04,
                                      "Total Cost": 684380.82,
                                      "Plan Rows": 4489,
                                      "Plan Width": 16,
                                      "Inner Unique": false,
                                      "Merge Cond": "(store_sales.ss_store_sk = store.s_store_sk)",
                                      "Plans": [
                                        {
                                          "Node Type": "Sort",
                                          "Parent Relationship": "Outer",
                                          "Parallel Aware": false,
                                          "Async Capable": false,
                                          "Startup Cost": 684281.62,
                                          "Total Cost": 684293.38,
                                          "Plan Rows": 4703,
                                          "Plan Width": 16,
                                          "Sort Key": [
                                            "store_sales.ss_store_sk"
                                          ],
                                          "Plans": [
                                            {
                                              "Node Type": "Hash Join",
                                              "Parent Relationship": "Outer",
                                              "Parallel Aware": true,
                                              "Async Capable": false,
                                              "Join Type": "Inner",
                                              "Startup Cost": 2049.78,
                                              "Total Cost": 683994.75,
                                              "Plan Rows": 4703,
                                              "Plan Width": 16,
                                              "Inner Unique": false,
                                              "Hash Cond": "(store_sales.ss_sold_date_sk = date_dim.d_date_sk)",
                                              "Plans": [
                                                {
                                                  "Node Type": "Seq Scan",
                                                  "Parent Relationship": "Outer",
                                                  "Parallel Aware": true,
                                                  "Async Capable": false,
                                                  "Relation Name": "store_sales",
                                                  "Alias": "store_sales",
                                                  "Startup Cost": 0.0,
                                                  "Total Cost": 636914.37,
                                                  "Plan Rows": 12000637,
                                                  "Plan Width": 20,
                                                  "parent": 10,
                                                  "ID": 11
                                                },
                                                {
                                                  "Node Type": "Hash",
                                                  "Parent Relationship": "Inner",
                                                  "Parallel Aware": true,
                                                  "Async Capable": false,
                                                  "Startup Cost": 2049.55,
                                                  "Total Cost": 2049.55,
                                                  "Plan Rows": 18,
                                                  "Plan Width": 4,
                                                  "Plans": [
                                                    {
                                                      "Node Type": "Seq Scan",
                                                      "Parent Relationship": "Outer",
                                                      "Parallel Aware": true,
                                                      "Async Capable": false,
                                                      "Relation Name": "date_dim",
                                                      "Alias": "date_dim",
                                                      "Startup Cost": 0.0,
                                                      "Total Cost": 2049.55,
                                                      "Plan Rows": 18,
                                                      "Plan Width": 4,
                                                      "Filter": "((d_date >= '1999-08-14'::date) AND (d_date <= '1999-09-13 00:00:00'::timestamp without time zone))",
                                                      "parent": 12,
                                                      "ID": 13
                                                    }
                                                  ],
                                                  "parent": 10,
                                                  "ID": 12,
                                                  "left": 13
                                                }
                                              ],
                                              "parent": 9,
                                              "ID": 10,
                                              "left": 11,
                                              "right": 12
                                            }
                                          ],
                                          "parent": 8,
                                          "ID": 9,
                                          "left": 10
                                        },
                                        {
                                          "Node Type": "Sort",
                                          "Parent Relationship": "Inner",
                                          "Parallel Aware": false,
                                          "Async Capable": false,
                                          "Startup Cost": 9.42,
                                          "Total Cost": 9.68,
                                          "Plan Rows": 102,
                                          "Plan Width": 4,
                                          "Sort Key": [
                                            "store.s_store_sk"
                                          ],
                                          "Plans": [
                                            {
                                              "Node Type": "Seq Scan",
                                              "Parent Relationship": "Outer",
                                              "Parallel Aware": false,
                                              "Async Capable": false,
                                              "Relation Name": "store",
                                              "Alias": "store",
                                              "Startup Cost": 0.0,
                                              "Total Cost": 6.02,
                                              "Plan Rows": 102,
                                              "Plan Width": 4,
                                              "parent": 14,
                                              "ID": 15
                                            }
                                          ],
                                          "parent": 8,
                                          "ID": 14,
                                          "left": 15
                                        }
                                      ],
                                      "parent": 7,
                                      "ID": 8,
                                      "left": 9,
                                      "right": 14
                                    }
                                  ],
                                  "parent": 6,
                                  "ID": 7,
                                  "left": 8
                                }
                              ],
                              "parent": 5,
                              "ID": 6,
                              "left": 7
                            }
                          ],
                          "parent": 4,
                          "ID": 5,
                          "left": 6
                        },
                        {
                          "Node Type": "Aggregate",
                          "Strategy": "Sorted",
                          "Partial Mode": "Finalize",
                          "Parent Relationship": "Inner",
                          "Parallel Aware": false,
                          "Async Capable": false,
                          "Startup Cost": 67464.0,
                          "Total Cost": 67505.8,
                          "Plan Rows": 102,
                          "Plan Width": 68,
                          "Group Key": [
                            "store_1.s_store_sk"
                          ],
                          "Plans": [
                            {
                              "Node Type": "Gather Merge",
                              "Parent Relationship": "Outer",
                              "Parallel Aware": false,
                              "Async Capable": false,
                              "Startup Cost": 67464.0,
                              "Total Cost": 67501.72,
                              "Plan Rows": 204,
                              "Plan Width": 68,
                              "Workers Planned": 2,
                              "Plans": [
                                {
                                  "Node Type": "Aggregate",
                                  "Strategy": "Sorted",
                                  "Partial Mode": "Partial",
                                  "Parent Relationship": "Outer",
                                  "Parallel Aware": false,
                                  "Async Capable": false,
                                  "Startup Cost": 66463.97,
                                  "Total Cost": 66478.15,
                                  "Plan Rows": 102,
                                  "Plan Width": 68,
                                  "Group Key": [
                                    "store_1.s_store_sk"
                                  ],
                                  "Plans": [
                                    {
                                      "Node Type": "Merge Join",
                                      "Parent Relationship": "Outer",
                                      "Parallel Aware": false,
                                      "Async Capable": false,
                                      "Join Type": "Inner",
                                      "Startup Cost": 66463.97,
                                      "Total Cost": 66473.17,
                                      "Plan Rows": 460,
                                      "Plan Width": 16,
                                      "Inner Unique": false,
                                      "Merge Cond": "(store_returns.sr_store_sk = store_1.s_store_sk)",
                                      "Plans": [
                                        {
                                          "Node Type": "Sort",
                                          "Parent Relationship": "Outer",
                                          "Parallel Aware": false,
                                          "Async Capable": false,
                                          "Startup Cost": 66454.55,
                                          "Total Cost": 66455.74,
                                          "Plan Rows": 476,
                                          "Plan Width": 16,
                                          "Sort Key": [
                                            "store_returns.sr_store_sk"
                                          ],
                                          "Plans": [
                                            {
                                              "Node Type": "Hash Join",
                                              "Parent Relationship": "Outer",
                                              "Parallel Aware": true,
                                              "Async Capable": false,
                                              "Join Type": "Inner",
                                              "Startup Cost": 2049.78,
                                              "Total Cost": 66433.38,
                                              "Plan Rows": 476,
                                              "Plan Width": 16,
                                              "Inner Unique": false,
                                              "Hash Cond": "(store_returns.sr_returned_date_sk = date_dim_1.d_date_sk)",
                                              "Plans": [
                                                {
                                                  "Node Type": "Seq Scan",
                                                  "Parent Relationship": "Outer",
                                                  "Parallel Aware": true,
                                                  "Async Capable": false,
                                                  "Relation Name": "store_returns",
                                                  "Alias": "store_returns",
                                                  "Startup Cost": 0.0,
                                                  "Total Cost": 59887.64,
                                                  "Plan Rows": 1198164,
                                                  "Plan Width": 20,
                                                  "parent": 21,
                                                  "ID": 22
                                                },
                                                {
                                                  "Node Type": "Hash",
                                                  "Parent Relationship": "Inner",
                                                  "Parallel Aware": true,
                                                  "Async Capable": false,
                                                  "Startup Cost": 2049.55,
                                                  "Total Cost": 2049.55,
                                                  "Plan Rows": 18,
                                                  "Plan Width": 4,
                                                  "Plans": [
                                                    {
                                                      "Node Type": "Seq Scan",
                                                      "Parent Relationship": "Outer",
                                                      "Parallel Aware": true,
                                                      "Async Capable": false,
                                                      "Relation Name": "date_dim",
                                                      "Alias": "date_dim_1",
                                                      "Startup Cost": 0.0,
                                                      "Total Cost": 2049.55,
                                                      "Plan Rows": 18,
                                                      "Plan Width": 4,
                                                      "Filter": "((d_date >= '1999-08-14'::date) AND (d_date <= '1999-09-13 00:00:00'::timestamp without time zone))",
                                                      "parent": 23,
                                                      "ID": 24
                                                    }
                                                  ],
                                                  "parent": 21,
                                                  "ID": 23,
                                                  "left": 24
                                                }
                                              ],
                                              "parent": 20,
                                              "ID": 21,
                                              "left": 22,
                                              "right": 23
                                            }
                                          ],
                                          "parent": 19,
                                          "ID": 20,
                                          "left": 21
                                        },
                                        {
                                          "Node Type": "Sort",
                                          "Parent Relationship": "Inner",
                                          "Parallel Aware": false,
                                          "Async Capable": false,
                                          "Startup Cost": 9.42,
                                          "Total Cost": 9.68,
                                          "Plan Rows": 102,
                                          "Plan Width": 4,
                                          "Sort Key": [
                                            "store_1.s_store_sk"
                                          ],
                                          "Plans": [
                                            {
                                              "Node Type": "Seq Scan",
                                              "Parent Relationship": "Outer",
                                              "Parallel Aware": false,
                                              "Async Capable": false,
                                              "Relation Name": "store",
                                              "Alias": "store_1",
                                              "Startup Cost": 0.0,
                                              "Total Cost": 6.02,
                                              "Plan Rows": 102,
                                              "Plan Width": 4,
                                              "parent": 25,
                                              "ID": 26
                                            }
                                          ],
                                          "parent": 19,
                                          "ID": 25,
                                          "left": 26
                                        }
                                      ],
                                      "parent": 18,
                                      "ID": 19,
                                      "left": 20,
                                      "right": 25
                                    }
                                  ],
                                  "parent": 17,
                                  "ID": 18,
                                  "left": 19
                                }
                              ],
                              "parent": 16,
                              "ID": 17,
                              "left": 18
                            }
                          ],
                          "parent": 4,
                          "ID": 16,
                          "left": 17
                        }
                      ],
                      "parent": 3,
                      "ID": 4,
                      "left": 5,
                      "right": 16
                    },
                    {
                      "Node Type": "Nested Loop",
                      "Parent Relationship": "Member",
                      "Parallel Aware": false,
                      "Async Capable": false,
                      "Join Type": "Inner",
                      "Startup Cost": 499452.25,
                      "Total Cost": 499502.11,
                      "Plan Rows": 576,
                      "Plan Width": 132,
                      "Inner Unique": false,
                      "Plans": [
                        {
                          "Node Type": "Aggregate",
                          "Strategy": "Sorted",
                          "Partial Mode": "Finalize",
                          "Parent Relationship": "Outer",
                          "Parallel Aware": false,
                          "Async Capable": false,
                          "Startup Cost": 459392.64,
                          "Total Cost": 459424.0,
                          "Plan Rows": 24,
                          "Plan Width": 68,
                          "Group Key": [
                            "catalog_sales.cs_call_center_sk"
                          ],
                          "Plans": [
                            {
                              "Node Type": "Gather Merge",
                              "Parent Relationship": "Outer",
                              "Parallel Aware": false,
                              "Async Capable": false,
                              "Startup Cost": 459392.64,
                              "Total Cost": 459423.04,
                              "Plan Rows": 48,
                              "Plan Width": 68,
                              "Workers Planned": 2,
                              "Plans": [
                                {
                                  "Node Type": "Aggregate",
                                  "Strategy": "Sorted",
                                  "Partial Mode": "Partial",
                                  "Parent Relationship": "Outer",
                                  "Parallel Aware": false,
                                  "Async Capable": false,
                                  "Startup Cost": 458392.62,
                                  "Total Cost": 458417.48,
                                  "Plan Rows": 24,
                                  "Plan Width": 68,
                                  "Group Key": [
                                    "catalog_sales.cs_call_center_sk"
                                  ],
                                  "Plans": [
                                    {
                                      "Node Type": "Sort",
                                      "Parent Relationship": "Outer",
                                      "Parallel Aware": false,
                                      "Async Capable": false,
                                      "Startup Cost": 458392.62,
                                      "Total Cost": 458398.74,
                                      "Plan Rows": 2450,
                                      "Plan Width": 16,
                                      "Sort Key": [
                                        "catalog_sales.cs_call_center_sk"
                                      ],
                                      "Plans": [
                                        {
                                          "Node Type": "Hash Join",
                                          "Parent Relationship": "Outer",
                                          "Parallel Aware": true,
                                          "Async Capable": false,
                                          "Join Type": "Inner",
                                          "Startup Cost": 2049.78,
                                          "Total Cost": 458254.7,
                                          "Plan Rows": 2450,
                                          "Plan Width": 16,
                                          "Inner Unique": false,
                                          "Hash Cond": "(catalog_sales.cs_sold_date_sk = date_dim_2.d_date_sk)",
                                          "Plans": [
                                            {
                                              "Node Type": "Seq Scan",
                                              "Parent Relationship": "Outer",
                                              "Parallel Aware": true,
                                              "Async Capable": false,
                                              "Relation Name": "catalog_sales",
                                              "Alias": "catalog_sales",
                                              "Startup Cost": 0.0,
                                              "Total Cost": 433688.25,
                                              "Plan Rows": 6000525,
                                              "Plan Width": 20,
                                              "parent": 32,
                                              "ID": 33
                                            },
                                            {
                                              "Node Type": "Hash",
                                              "Parent Relationship": "Inner",
                                              "Parallel Aware": true,
                                              "Async Capable": false,
                                              "Startup Cost": 2049.55,
                                              "Total Cost": 2049.55,
                                              "Plan Rows": 18,
                                              "Plan Width": 4,
                                              "Plans": [
                                                {
                                                  "Node Type": "Seq Scan",
                                                  "Parent Relationship": "Outer",
                                                  "Parallel Aware": true,
                                                  "Async Capable": false,
                                                  "Relation Name": "date_dim",
                                                  "Alias": "date_dim_2",
                                                  "Startup Cost": 0.0,
                                                  "Total Cost": 2049.55,
                                                  "Plan Rows": 18,
                                                  "Plan Width": 4,
                                                  "Filter": "((d_date >= '1999-08-14'::date) AND (d_date <= '1999-09-13 00:00:00'::timestamp without time zone))",
                                                  "parent": 34,
                                                  "ID": 35
                                                }
                                              ],
                                              "parent": 32,
                                              "ID": 34,
                                              "left": 35
                                            }
                                          ],
                                          "parent": 31,
                                          "ID": 32,
                                          "left": 33,
                                          "right": 34
                                        }
                                      ],
                                      "parent": 30,
                                      "ID": 31,
                                      "left": 32
                                    }
                                  ],
                                  "parent": 29,
                                  "ID": 30,
                                  "left": 31
                                }
                              ],
                              "parent": 28,
                              "ID": 29,
                              "left": 30
                            }
                          ],
                          "parent": 27,
                          "ID": 28,
                          "left": 29
                        },
                        {
                          "Node Type": "Materialize",
                          "Parent Relationship": "Inner",
                          "Parallel Aware": false,
                          "Async Capable": false,
                          "Startup Cost": 40059.61,
                          "Total Cost": 40069.29,
                          "Plan Rows": 24,
                          "Plan Width": 64,
                          "Plans": [
                            {
                              "Node Type": "Subquery Scan",
                              "Parent Relationship": "Outer",
                              "Parallel Aware": false,
                              "Async Capable": false,
                              "Alias": "cr",
                              "Startup Cost": 40059.61,
                              "Total Cost": 40069.17,
                              "Plan Rows": 24,
                              "Plan Width": 64,
                              "Plans": [
                                {
                                  "Node Type": "Aggregate",
                                  "Strategy": "Sorted",
                                  "Partial Mode": "Finalize",
                                  "Parent Relationship": "Subquery",
                                  "Parallel Aware": false,
                                  "Async Capable": false,
                                  "Startup Cost": 40059.61,
                                  "Total Cost": 40068.93,
                                  "Plan Rows": 24,
                                  "Plan Width": 68,
                                  "Group Key": [
                                    "catalog_returns.cr_call_center_sk"
                                  ],
                                  "Plans": [
                                    {
                                      "Node Type": "Gather Merge",
                                      "Parent Relationship": "Outer",
                                      "Parallel Aware": false,
                                      "Async Capable": false,
                                      "Startup Cost": 40059.61,
                                      "Total Cost": 40067.97,
                                      "Plan Rows": 48,
                                      "Plan Width": 68,
                                      "Workers Planned": 2,
                                      "Plans": [
                                        {
                                          "Node Type": "Aggregate",
                                          "Strategy": "Sorted",
                                          "Partial Mode": "Partial",
                                          "Parent Relationship": "Outer",
                                          "Parallel Aware": false,
                                          "Async Capable": false,
                                          "Startup Cost": 39059.58,
                                          "Total Cost": 39062.4,
                                          "Plan Rows": 24,
                                          "Plan Width": 68,
                                          "Group Key": [
                                            "catalog_returns.cr_call_center_sk"
                                          ],
                                          "Plans": [
                                            {
                                              "Node Type": "Sort",
                                              "Parent Relationship": "Outer",
                                              "Parallel Aware": false,
                                              "Async Capable": false,
                                              "Startup Cost": 39059.58,
                                              "Total Cost": 39060.2,
                                              "Plan Rows": 246,
                                              "Plan Width": 16,
                                              "Sort Key": [
                                                "catalog_returns.cr_call_center_sk"
                                              ],
                                              "Plans": [
                                                {
                                                  "Node Type": "Hash Join",
                                                  "Parent Relationship": "Outer",
                                                  "Parallel Aware": true,
                                                  "Async Capable": false,
                                                  "Join Type": "Inner",
                                                  "Startup Cost": 2049.78,
                                                  "Total Cost": 39049.82,
                                                  "Plan Rows": 246,
                                                  "Plan Width": 16,
                                                  "Inner Unique": false,
                                                  "Hash Cond": "(catalog_returns.cr_returned_date_sk = date_dim_3.d_date_sk)",
                                                  "Plans": [
                                                    {
                                                      "Node Type": "Seq Scan",
                                                      "Parent Relationship": "Outer",
                                                      "Parallel Aware": true,
                                                      "Async Capable": false,
                                                      "Relation Name": "catalog_returns",
                                                      "Alias": "catalog_returns",
                                                      "Startup Cost": 0.0,
                                                      "Total Cost": 34748.95,
                                                      "Plan Rows": 599895,
                                                      "Plan Width": 20,
                                                      "parent": 42,
                                                      "ID": 43
                                                    },
                                                    {
                                                      "Node Type": "Hash",
                                                      "Parent Relationship": "Inner",
                                                      "Parallel Aware": true,
                                                      "Async Capable": false,
                                                      "Startup Cost": 2049.55,
                                                      "Total Cost": 2049.55,
                                                      "Plan Rows": 18,
                                                      "Plan Width": 4,
                                                      "Plans": [
                                                        {
                                                          "Node Type": "Seq Scan",
                                                          "Parent Relationship": "Outer",
                                                          "Parallel Aware": true,
                                                          "Async Capable": false,
                                                          "Relation Name": "date_dim",
                                                          "Alias": "date_dim_3",
                                                          "Startup Cost": 0.0,
                                                          "Total Cost": 2049.55,
                                                          "Plan Rows": 18,
                                                          "Plan Width": 4,
                                                          "Filter": "((d_date >= '1999-08-14'::date) AND (d_date <= '1999-09-13 00:00:00'::timestamp without time zone))",
                                                          "parent": 44,
                                                          "ID": 45
                                                        }
                                                      ],
                                                      "parent": 42,
                                                      "ID": 44,
                                                      "left": 45
                                                    }
                                                  ],
                                                  "parent": 41,
                                                  "ID": 42,
                                                  "left": 43,
                                                  "right": 44
                                                }
                                              ],
                                              "parent": 40,
                                              "ID": 41,
                                              "left": 42
                                            }
                                          ],
                                          "parent": 39,
                                          "ID": 40,
                                          "left": 41
                                        }
                                      ],
                                      "parent": 38,
                                      "ID": 39,
                                      "left": 40
                                    }
                                  ],
                                  "parent": 37,
                                  "ID": 38,
                                  "left": 39
                                }
                              ],
                              "parent": 36,
                              "ID": 37,
                              "left": 38
                            }
                          ],
                          "parent": 27,
                          "ID": 36,
                          "left": 37
                        }
                      ],
                      "parent": 3,
                      "ID": 27,
                      "left": 28,
                      "right": 36
                    },
                    {
                      "Node Type": "Merge Join",
                      "Parent Relationship": "Member",
                      "Parallel Aware": false,
                      "Async Capable": false,
                      "Join Type": "Left",
                      "Startup Cost": 252590.79,
                      "Total Cost": 252726.18,
                      "Plan Rows": 200,
                      "Plan Width": 132,
                      "Inner Unique": true,
                      "Merge Cond": "(web_page.wp_web_page_sk = web_page_1.wp_web_page_sk)",
                      "Plans": [
                        {
                          "Node Type": "Aggregate",
                          "Strategy": "Sorted",
                          "Partial Mode": "Finalize",
                          "Parent Relationship": "Outer",
                          "Parallel Aware": false,
                          "Async Capable": false,
                          "Startup Cost": 232119.07,
                          "Total Cost": 232210.1,
                          "Plan Rows": 200,
                          "Plan Width": 68,
                          "Group Key": [
                            "web_page.wp_web_page_sk"
                          ],
                          "Plans": [
                            {
                              "Node Type": "Gather Merge",
                              "Parent Relationship": "Outer",
                              "Parallel Aware": false,
                              "Async Capable": false,
                              "Startup Cost": 232119.07,
                              "Total Cost": 232202.1,
                              "Plan Rows": 400,
                              "Plan Width": 68,
                              "Workers Planned": 2,
                              "Plans": [
                                {
                                  "Node Type": "Aggregate",
                                  "Strategy": "Sorted",
                                  "Partial Mode": "Partial",
                                  "Parent Relationship": "Outer",
                                  "Parallel Aware": false,
                                  "Async Capable": false,
                                  "Startup Cost": 231119.05,
                                  "Total Cost": 231155.9,
                                  "Plan Rows": 200,
                                  "Plan Width": 68,
                                  "Group Key": [
                                    "web_page.wp_web_page_sk"
                                  ],
                                  "Plans": [
                                    {
                                      "Node Type": "Merge Join",
                                      "Parent Relationship": "Outer",
                                      "Parallel Aware": false,
                                      "Async Capable": false,
                                      "Join Type": "Inner",
                                      "Startup Cost": 231119.05,
                                      "Total Cost": 231143.67,
                                      "Plan Rows": 1231,
                                      "Plan Width": 16,
                                      "Inner Unique": false,
                                      "Merge Cond": "(web_sales.ws_web_page_sk = web_page.wp_web_page_sk)",
                                      "Plans": [
                                        {
                                          "Node Type": "Sort",
                                          "Parent Relationship": "Outer",
                                          "Parallel Aware": false,
                                          "Async Capable": false,
                                          "Startup Cost": 231104.41,
                                          "Total Cost": 231107.48,
                                          "Plan Rows": 1231,
                                          "Plan Width": 16,
                                          "Sort Key": [
                                            "web_sales.ws_web_page_sk"
                                          ],
                                          "Plans": [
                                            {
                                              "Node Type": "Hash Join",
                                              "Parent Relationship": "Outer",
                                              "Parallel Aware": true,
                                              "Async Capable": false,
                                              "Join Type": "Inner",
                                              "Startup Cost": 2049.78,
                                              "Total Cost": 231041.22,
                                              "Plan Rows": 1231,
                                              "Plan Width": 16,
                                              "Inner Unique": false,
                                              "Hash Cond": "(web_sales.ws_sold_date_sk = date_dim_4.d_date_sk)",
                                              "Plans": [
                                                {
                                                  "Node Type": "Seq Scan",
                                                  "Parent Relationship": "Outer",
                                                  "Parallel Aware": true,
                                                  "Async Capable": false,
                                                  "Relation Name": "web_sales",
                                                  "Alias": "web_sales",
                                                  "Startup Cost": 0.0,
                                                  "Total Cost": 217737.86,
                                                  "Plan Rows": 2998986,
                                                  "Plan Width": 20,
                                                  "parent": 52,
                                                  "ID": 53
                                                },
                                                {
                                                  "Node Type": "Hash",
                                                  "Parent Relationship": "Inner",
                                                  "Parallel Aware": true,
                                                  "Async Capable": false,
                                                  "Startup Cost": 2049.55,
                                                  "Total Cost": 2049.55,
                                                  "Plan Rows": 18,
                                                  "Plan Width": 4,
                                                  "Plans": [
                                                    {
                                                      "Node Type": "Seq Scan",
                                                      "Parent Relationship": "Outer",
                                                      "Parallel Aware": true,
                                                      "Async Capable": false,
                                                      "Relation Name": "date_dim",
                                                      "Alias": "date_dim_4",
                                                      "Startup Cost": 0.0,
                                                      "Total Cost": 2049.55,
                                                      "Plan Rows": 18,
                                                      "Plan Width": 4,
                                                      "Filter": "((d_date >= '1999-08-14'::date) AND (d_date <= '1999-09-13 00:00:00'::timestamp without time zone))",
                                                      "parent": 54,
                                                      "ID": 55
                                                    }
                                                  ],
                                                  "parent": 52,
                                                  "ID": 54,
                                                  "left": 55
                                                }
                                              ],
                                              "parent": 51,
                                              "ID": 52,
                                              "left": 53,
                                              "right": 54
                                            }
                                          ],
                                          "parent": 50,
                                          "ID": 51,
                                          "left": 52
                                        },
                                        {
                                          "Node Type": "Sort",
                                          "Parent Relationship": "Inner",
                                          "Parallel Aware": false,
                                          "Async Capable": false,
                                          "Startup Cost": 14.64,
                                          "Total Cost": 15.14,
                                          "Plan Rows": 200,
                                          "Plan Width": 4,
                                          "Sort Key": [
                                            "web_page.wp_web_page_sk"
                                          ],
                                          "Plans": [
                                            {
                                              "Node Type": "Seq Scan",
                                              "Parent Relationship": "Outer",
                                              "Parallel Aware": false,
                                              "Async Capable": false,
                                              "Relation Name": "web_page",
                                              "Alias": "web_page",
                                              "Startup Cost": 0.0,
                                              "Total Cost": 7.0,
                                              "Plan Rows": 200,
                                              "Plan Width": 4,
                                              "parent": 56,
                                              "ID": 57
                                            }
                                          ],
                                          "parent": 50,
                                          "ID": 56,
                                          "left": 57
                                        }
                                      ],
                                      "parent": 49,
                                      "ID": 50,
                                      "left": 51,
                                      "right": 56
                                    }
                                  ],
                                  "parent": 48,
                                  "ID": 49,
                                  "left": 50
                                }
                              ],
                              "parent": 47,
                              "ID": 48,
                              "left": 49
                            }
                          ],
                          "parent": 46,
                          "ID": 47,
                          "left": 48
                        },
                        {
                          "Node Type": "Aggregate",
                          "Strategy": "Sorted",
                          "Partial Mode": "Finalize",
                          "Parent Relationship": "Inner",
                          "Parallel Aware": false,
                          "Async Capable": false,
                          "Startup Cost": 20471.72,
                          "Total Cost": 20508.59,
                          "Plan Rows": 200,
                          "Plan Width": 68,
                          "Group Key": [
                            "web_page_1.wp_web_page_sk"
                          ],
                          "Plans": [
                            {
                              "Node Type": "Gather Merge",
                              "Parent Relationship": "Outer",
                              "Parallel Aware": false,
                              "Async Capable": false,
                              "Startup Cost": 20471.72,
                              "Total Cost": 20502.79,
                              "Plan Rows": 224,
                              "Plan Width": 68,
                              "Workers Planned": 2,
                              "Plans": [
                                {
                                  "Node Type": "Aggregate",
                                  "Strategy": "Sorted",
                                  "Partial Mode": "Partial",
                                  "Parent Relationship": "Outer",
                                  "Parallel Aware": false,
                                  "Async Capable": false,
                                  "Startup Cost": 19471.69,
                                  "Total Cost": 19476.91,
                                  "Plan Rows": 112,
                                  "Plan Width": 68,
                                  "Group Key": [
                                    "web_page_1.wp_web_page_sk"
                                  ],
                                  "Plans": [
                                    {
                                      "Node Type": "Merge Join",
                                      "Parent Relationship": "Outer",
                                      "Parallel Aware": false,
                                      "Async Capable": false,
                                      "Join Type": "Inner",
                                      "Startup Cost": 19471.69,
                                      "Total Cost": 19474.39,
                                      "Plan Rows": 112,
                                      "Plan Width": 16,
                                      "Inner Unique": false,
                                      "Merge Cond": "(web_returns.wr_web_page_sk = web_page_1.wp_web_page_sk)",
                                      "Plans": [
                                        {
                                          "Node Type": "Sort",
                                          "Parent Relationship": "Outer",
                                          "Parallel Aware": false,
                                          "Async Capable": false,
                                          "Startup Cost": 19457.05,
                                          "Total Cost": 19457.35,
                                          "Plan Rows": 118,
                                          "Plan Width": 16,
                                          "Sort Key": [
                                            "web_returns.wr_web_page_sk"
                                          ],
                                          "Plans": [
                                            {
                                              "Node Type": "Hash Join",
                                              "Parent Relationship": "Outer",
                                              "Parallel Aware": true,
                                              "Async Capable": false,
                                              "Join Type": "Inner",
                                              "Startup Cost": 2049.78,
                                              "Total Cost": 19452.99,
                                              "Plan Rows": 118,
                                              "Plan Width": 16,
                                              "Inner Unique": false,
                                              "Hash Cond": "(web_returns.wr_returned_date_sk = date_dim_5.d_date_sk)",
                                              "Plans": [
                                                {
                                                  "Node Type": "Seq Scan",
                                                  "Parent Relationship": "Outer",
                                                  "Parallel Aware": true,
                                                  "Async Capable": false,
                                                  "Relation Name": "web_returns",
                                                  "Alias": "web_returns",
                                                  "Startup Cost": 0.0,
                                                  "Total Cost": 16278.74,
                                                  "Plan Rows": 299674,
                                                  "Plan Width": 20,
                                                  "parent": 63,
                                                  "ID": 64
                                                },
                                                {
                                                  "Node Type": "Hash",
                                                  "Parent Relationship": "Inner",
                                                  "Parallel Aware": true,
                                                  "Async Capable": false,
                                                  "Startup Cost": 2049.55,
                                                  "Total Cost": 2049.55,
                                                  "Plan Rows": 18,
                                                  "Plan Width": 4,
                                                  "Plans": [
                                                    {
                                                      "Node Type": "Seq Scan",
                                                      "Parent Relationship": "Outer",
                                                      "Parallel Aware": true,
                                                      "Async Capable": false,
                                                      "Relation Name": "date_dim",
                                                      "Alias": "date_dim_5",
                                                      "Startup Cost": 0.0,
                                                      "Total Cost": 2049.55,
                                                      "Plan Rows": 18,
                                                      "Plan Width": 4,
                                                      "Filter": "((d_date >= '1999-08-14'::date) AND (d_date <= '1999-09-13 00:00:00'::timestamp without time zone))",
                                                      "parent": 65,
                                                      "ID": 66
                                                    }
                                                  ],
                                                  "parent": 63,
                                                  "ID": 65,
                                                  "left": 66
                                                }
                                              ],
                                              "parent": 62,
                                              "ID": 63,
                                              "left": 64,
                                              "right": 65
                                            }
                                          ],
                                          "parent": 61,
                                          "ID": 62,
                                          "left": 63
                                        },
                                        {
                                          "Node Type": "Sort",
                                          "Parent Relationship": "Inner",
                                          "Parallel Aware": false,
                                          "Async Capable": false,
                                          "Startup Cost": 14.64,
                                          "Total Cost": 15.14,
                                          "Plan Rows": 200,
                                          "Plan Width": 4,
                                          "Sort Key": [
                                            "web_page_1.wp_web_page_sk"
                                          ],
                                          "Plans": [
                                            {
                                              "Node Type": "Seq Scan",
                                              "Parent Relationship": "Outer",
                                              "Parallel Aware": false,
                                              "Async Capable": false,
                                              "Relation Name": "web_page",
                                              "Alias": "web_page_1",
                                              "Startup Cost": 0.0,
                                              "Total Cost": 7.0,
                                              "Plan Rows": 200,
                                              "Plan Width": 4,
                                              "parent": 67,
                                              "ID": 68
                                            }
                                          ],
                                          "parent": 61,
                                          "ID": 67,
                                          "left": 68
                                        }
                                      ],
                                      "parent": 60,
                                      "ID": 61,
                                      "left": 62,
                                      "right": 67
                                    }
                                  ],
                                  "parent": 59,
                                  "ID": 60,
                                  "left": 61
                                }
                              ],
                              "parent": 58,
                              "ID": 59,
                              "left": 60
                            }
                          ],
                          "parent": 46,
                          "ID": 58,
                          "left": 59
                        }
                      ],
                      "parent": 3,
                      "ID": 46,
                      "left": 47,
                      "right": 58
                    }
                  ],
                  "parent": 2,
                  "ID": 3,
                  "left": 4,
                  "right": 27
                }
              ],
              "parent": 1,
              "ID": 2,
              "left": 3
            }
          ],
          "parent": 0,
          "ID": 1,
          "left": 2
        }
      ],
      "parent": null,
      "ID": 0,
      "left": 1
    },
    "feat": {
      "utility": 4.1977555422826335e-06,
      "query_shape": [
        [
          "Seq Scan",
          "Hash Join",
          "Sort",
          "Merge Join",
          "Aggregate",
          "Gather Merge",
          "Append"
        ],
        [
          "Seq Scan",
          "Hash",
          "Hash Join",
          "Sort",
          "Merge Join",
          "Aggregate",
          "Gather Merge",
          "Append"
        ],
        [
          "Seq Scan",
          "Sort",
          "Merge Join",
          "Aggregate",
          "Gather Merge",
          "Append"
        ],
        [
          "Seq Scan",
          "Hash Join",
          "Sort",
          "Merge Join",
          "Aggregate",
          "Gather Merge",
          "Append"
        ],
        [
          "Seq Scan",
          "Hash",
          "Hash Join",
          "Sort",
          "Merge Join",
          "Aggregate",
          "Gather Merge",
          "Append"
        ],
        [
          "Seq Scan",
          "Sort",
          "Merge Join",
          "Aggregate",
          "Gather Merge",
          "Append"
        ],
        [
          "Seq Scan",
          "Hash Join",
          "Sort",
          "Aggregate",
          "Gather Merge",
          "Nested Loop",
          "Append"
        ],
        [
          "Seq Scan",
          "Hash",
          "Hash Join",
          "Sort",
          "Aggregate",
          "Gather Merge",
          "Nested Loop",
          "Append"
        ],
        [
          "Seq Scan",
          "Hash Join",
          "Sort",
          "Aggregate",
          "Gather Merge",
          "Subquery Scan",
          "Materialize",
          "Nested Loop",
          "Append"
        ],
        [
          "Seq Scan",
          "Hash",
          "Hash Join",
          "Sort",
          "Aggregate",
          "Gather Merge",
          "Subquery Scan",
          "Materialize",
          "Nested Loop",
          "Append"
        ],
        [
          "Seq Scan",
          "Hash Join",
          "Sort",
          "Merge Join",
          "Aggregate",
          "Gather Merge",
          "Append"
        ],
        [
          "Seq Scan",
          "Hash",
          "Hash Join",
          "Sort",
          "Merge Join",
          "Aggregate",
          "Gather Merge",
          "Append"
        ],
        [
          "Seq Scan",
          "Sort",
          "Merge Join",
          "Aggregate",
          "Gather Merge",
          "Append"
        ],
        [
          "Seq Scan",
          "Hash Join",
          "Sort",
          "Merge Join",
          "Aggregate",
          "Gather Merge",
          "Append"
        ],
        [
          "Seq Scan",
          "Hash",
          "Hash Join",
          "Sort",
          "Merge Join",
          "Aggregate",
          "Gather Merge",
          "Append"
        ],
        [
          "Seq Scan",
          "Sort",
          "Merge Join",
          "Aggregate",
          "Gather Merge",
          "Append"
        ]
      ],
      "index_shape": [
        "join"
      ],
      "physical_operator": {
        "Merge Join": [
          0.09733641654842608
        ],
        "Sort": [
          "[  1.   2.   4.   7.   8.  10.  13.  14.  16.  19.  20.  22.  25.  26.\n  28.  31.  32.  34.  37.  38.  40.  43.  44.  46.  49.  50.  52.  55.\n  56.  58.  61.  62.  64.  67.  68.  70.  73.  74.  76.  79.  80.  82.\n  85.  86.  88.  91.  92.  94.  97.  98. 100.]"
        ]
      }
    }
  },
  {
    "query": "with ss as\n (select s_store_sk,\n         sum(ss_ext_sales_price) as sales,\n         sum(ss_net_profit) as profit\n from store_sales,\n      date_dim,\n      store\n where ss_sold_date_sk = d_date_sk\n       and d_date between cast('1999-08-14' as date) \n                  and (cast('1999-08-14' as date) +  interval '30 days') \n       and ss_store_sk = s_store_sk\n group by s_store_sk)\n ,\n sr as\n (select s_store_sk,\n         sum(sr_return_amt) as returns,\n         sum(sr_net_loss) as profit_loss\n from store_returns,\n      date_dim,\n      store\n where sr_returned_date_sk = d_date_sk\n       and d_date between cast('1999-08-14' as date)\n                  and (cast('1999-08-14' as date) +  interval '30 days')\n       and sr_store_sk = s_store_sk\n group by s_store_sk), \n cs as\n (select cs_call_center_sk,\n        sum(cs_ext_sales_price) as sales,\n        sum(cs_net_profit) as profit\n from catalog_sales,\n      date_dim\n where cs_sold_date_sk = d_date_sk\n       and d_date between cast('1999-08-14' as date)\n                  and (cast('1999-08-14' as date) +  interval '30 days')\n group by cs_call_center_sk \n ), \n cr as\n (select cr_call_center_sk,\n         sum(cr_return_amount) as returns,\n         sum(cr_net_loss) as profit_loss\n from catalog_returns,\n      date_dim\n where cr_returned_date_sk = d_date_sk\n       and d_date between cast('1999-08-14' as date)\n                  and (cast('1999-08-14' as date) +  interval '30 days')\n group by cr_call_center_sk\n ), \n ws as\n ( select wp_web_page_sk,\n        sum(ws_ext_sales_price) as sales,\n        sum(ws_net_profit) as profit\n from web_sales,\n      date_dim,\n      web_page\n where ws_sold_date_sk = d_date_sk\n       and d_date between cast('1999-08-14' as date)\n                  and (cast('1999-08-14' as date) +  interval '30 days')\n       and ws_web_page_sk = wp_web_page_sk\n group by wp_web_page_sk), \n wr as\n (select wp_web_page_sk,\n        sum(wr_return_amt) as returns,\n        sum(wr_net_loss) as profit_loss\n from web_returns,\n      date_dim,\n      web_page\n where wr_returned_date_sk = d_date_sk\n       and d_date between cast('1999-08-14' as date)\n                  and (cast('1999-08-14' as date) +  interval '30 days')\n       and wr_web_page_sk = wp_web_page_sk\n group by wp_web_page_sk)\n  select  channel\n        , id\n        , sum(sales) as sales\n        , sum(returns) as returns\n        , sum(profit) as profit\n from \n (select 'store channel' as channel\n        , ss.s_store_sk as id\n        , sales\n        , coalesce(returns, 0) as returns\n        , (profit - coalesce(profit_loss,0)) as profit\n from   ss left join sr\n        on  ss.s_store_sk = sr.s_store_sk\n union all\n select 'catalog channel' as channel\n        , cs_call_center_sk as id\n        , sales\n        , returns\n        , (profit - profit_loss) as profit\n from  cs\n       , cr\n union all\n select 'web channel' as channel\n        , ws.wp_web_page_sk as id\n        , sales\n        , coalesce(returns, 0) as returns\n        , (profit - coalesce(profit_loss,0)) as profit\n from   ws left join wr\n        on  ws.wp_web_page_sk = wr.wp_web_page_sk\n ) x\n group by rollup (channel, id)\n order by channel\n         ,id\n limit 100;\n\n-- end query 58 in stream 0 using template query77.tpl\n",
    "indexes": "store_returns.sr_return_amt",
    "wo plan est": {
      "Node Type": "Limit",
      "Parallel Aware": false,
      "Async Capable": false,
      "Startup Cost": 1505243.45,
      "Total Cost": 1505243.7,
      "Plan Rows": 100,
      "Plan Width": 132,
      "Plans": [
        {
          "Node Type": "Sort",
          "Parent Relationship": "Outer",
          "Parallel Aware": false,
          "Async Capable": false,
          "Startup Cost": 1505243.45,
          "Total Cost": 1505244.45,
          "Plan Rows": 401,
          "Plan Width": 132,
          "Sort Key": [
            "('store channel'::text)",
            "store.s_store_sk"
          ],
          "Plans": [
            {
              "Node Type": "Aggregate",
              "Strategy": "Mixed",
              "Partial Mode": "Simple",
              "Parent Relationship": "Outer",
              "Parallel Aware": false,
              "Async Capable": false,
              "Startup Cost": 752755.06,
              "Total Cost": 1505228.12,
              "Plan Rows": 401,
              "Plan Width": 132,
              "Grouping Sets": [
                {
                  "Hash Keys": [
                    [
                      "('store channel'::text)",
                      "store.s_store_sk"
                    ]
                  ]
                },
                {
                  "Hash Keys": [
                    [
                      "('store channel'::text)"
                    ]
                  ]
                },
                {
                  "Group Keys": [
                    []
                  ]
                }
              ],
              "Planned Partitions": 0,
              "Plans": [
                {
                  "Node Type": "Append",
                  "Parent Relationship": "Outer",
                  "Parallel Aware": false,
                  "Async Capable": false,
                  "Startup Cost": 752755.06,
                  "Total Cost": 1505194.76,
                  "Plan Rows": 878,
                  "Plan Width": 132,
                  "Subplans Removed": 0,
                  "Plans": [
                    {
                      "Node Type": "Merge Join",
                      "Parent Relationship": "Member",
                      "Parallel Aware": false,
                      "Async Capable": false,
                      "Join Type": "Left",
                      "Startup Cost": 752755.06,
                      "Total Cost": 752953.3,
                      "Plan Rows": 102,
                      "Plan Width": 132,
                      "Inner Unique": true,
                      "Merge Cond": "(store.s_store_sk = store_1.s_store_sk)",
                      "Plans": [
                        {
                          "Node Type": "Aggregate",
                          "Strategy": "Sorted",
                          "Partial Mode": "Finalize",
                          "Parent Relationship": "Outer",
                          "Parallel Aware": false,
                          "Async Capable": false,
                          "Startup Cost": 685291.07,
                          "Total Cost": 685443.67,
                          "Plan Rows": 102,
                          "Plan Width": 68,
                          "Group Key": [
                            "store.s_store_sk"
                          ],
                          "Plans": [
                            {
                              "Node Type": "Gather Merge",
                              "Parent Relationship": "Outer",
                              "Parallel Aware": false,
                              "Async Capable": false,
                              "Startup Cost": 685291.07,
                              "Total Cost": 685439.59,
                              "Plan Rows": 204,
                              "Plan Width": 68,
                              "Workers Planned": 2,
                              "Plans": [
                                {
                                  "Node Type": "Aggregate",
                                  "Strategy": "Sorted",
                                  "Partial Mode": "Partial",
                                  "Parent Relationship": "Outer",
                                  "Parallel Aware": false,
                                  "Async Capable": false,
                                  "Startup Cost": 684291.04,
                                  "Total Cost": 684416.02,
                                  "Plan Rows": 102,
                                  "Plan Width": 68,
                                  "Group Key": [
                                    "store.s_store_sk"
                                  ],
                                  "Plans": [
                                    {
                                      "Node Type": "Merge Join",
                                      "Parent Relationship": "Outer",
                                      "Parallel Aware": false,
                                      "Async Capable": false,
                                      "Join Type": "Inner",
                                      "Startup Cost": 684291.04,
                                      "Total Cost": 684380.82,
                                      "Plan Rows": 4489,
                                      "Plan Width": 16,
                                      "Inner Unique": false,
                                      "Merge Cond": "(store_sales.ss_store_sk = store.s_store_sk)",
                                      "Plans": [
                                        {
                                          "Node Type": "Sort",
                                          "Parent Relationship": "Outer",
                                          "Parallel Aware": false,
                                          "Async Capable": false,
                                          "Startup Cost": 684281.62,
                                          "Total Cost": 684293.38,
                                          "Plan Rows": 4703,
                                          "Plan Width": 16,
                                          "Sort Key": [
                                            "store_sales.ss_store_sk"
                                          ],
                                          "Plans": [
                                            {
                                              "Node Type": "Hash Join",
                                              "Parent Relationship": "Outer",
                                              "Parallel Aware": true,
                                              "Async Capable": false,
                                              "Join Type": "Inner",
                                              "Startup Cost": 2049.78,
                                              "Total Cost": 683994.75,
                                              "Plan Rows": 4703,
                                              "Plan Width": 16,
                                              "Inner Unique": false,
                                              "Hash Cond": "(store_sales.ss_sold_date_sk = date_dim.d_date_sk)",
                                              "Plans": [
                                                {
                                                  "Node Type": "Seq Scan",
                                                  "Parent Relationship": "Outer",
                                                  "Parallel Aware": true,
                                                  "Async Capable": false,
                                                  "Relation Name": "store_sales",
                                                  "Alias": "store_sales",
                                                  "Startup Cost": 0.0,
                                                  "Total Cost": 636914.37,
                                                  "Plan Rows": 12000637,
                                                  "Plan Width": 20,
                                                  "parent": 10,
                                                  "ID": 11
                                                },
                                                {
                                                  "Node Type": "Hash",
                                                  "Parent Relationship": "Inner",
                                                  "Parallel Aware": true,
                                                  "Async Capable": false,
                                                  "Startup Cost": 2049.55,
                                                  "Total Cost": 2049.55,
                                                  "Plan Rows": 18,
                                                  "Plan Width": 4,
                                                  "Plans": [
                                                    {
                                                      "Node Type": "Seq Scan",
                                                      "Parent Relationship": "Outer",
                                                      "Parallel Aware": true,
                                                      "Async Capable": false,
                                                      "Relation Name": "date_dim",
                                                      "Alias": "date_dim",
                                                      "Startup Cost": 0.0,
                                                      "Total Cost": 2049.55,
                                                      "Plan Rows": 18,
                                                      "Plan Width": 4,
                                                      "Filter": "((d_date >= '1999-08-14'::date) AND (d_date <= '1999-09-13 00:00:00'::timestamp without time zone))",
                                                      "parent": 12,
                                                      "ID": 13
                                                    }
                                                  ],
                                                  "parent": 10,
                                                  "ID": 12,
                                                  "left": 13
                                                }
                                              ],
                                              "parent": 9,
                                              "ID": 10,
                                              "left": 11,
                                              "right": 12
                                            }
                                          ],
                                          "parent": 8,
                                          "ID": 9,
                                          "left": 10
                                        },
                                        {
                                          "Node Type": "Sort",
                                          "Parent Relationship": "Inner",
                                          "Parallel Aware": false,
                                          "Async Capable": false,
                                          "Startup Cost": 9.42,
                                          "Total Cost": 9.68,
                                          "Plan Rows": 102,
                                          "Plan Width": 4,
                                          "Sort Key": [
                                            "store.s_store_sk"
                                          ],
                                          "Plans": [
                                            {
                                              "Node Type": "Seq Scan",
                                              "Parent Relationship": "Outer",
                                              "Parallel Aware": false,
                                              "Async Capable": false,
                                              "Relation Name": "store",
                                              "Alias": "store",
                                              "Startup Cost": 0.0,
                                              "Total Cost": 6.02,
                                              "Plan Rows": 102,
                                              "Plan Width": 4,
                                              "parent": 14,
                                              "ID": 15
                                            }
                                          ],
                                          "parent": 8,
                                          "ID": 14,
                                          "left": 15
                                        }
                                      ],
                                      "parent": 7,
                                      "ID": 8,
                                      "left": 9,
                                      "right": 14
                                    }
                                  ],
                                  "parent": 6,
                                  "ID": 7,
                                  "left": 8
                                }
                              ],
                              "parent": 5,
                              "ID": 6,
                              "left": 7
                            }
                          ],
                          "parent": 4,
                          "ID": 5,
                          "left": 6
                        },
                        {
                          "Node Type": "Aggregate",
                          "Strategy": "Sorted",
                          "Partial Mode": "Finalize",
                          "Parent Relationship": "Inner",
                          "Parallel Aware": false,
                          "Async Capable": false,
                          "Startup Cost": 67464.0,
                          "Total Cost": 67505.8,
                          "Plan Rows": 102,
                          "Plan Width": 68,
                          "Group Key": [
                            "store_1.s_store_sk"
                          ],
                          "Plans": [
                            {
                              "Node Type": "Gather Merge",
                              "Parent Relationship": "Outer",
                              "Parallel Aware": false,
                              "Async Capable": false,
                              "Startup Cost": 67464.0,
                              "Total Cost": 67501.72,
                              "Plan Rows": 204,
                              "Plan Width": 68,
                              "Workers Planned": 2,
                              "Plans": [
                                {
                                  "Node Type": "Aggregate",
                                  "Strategy": "Sorted",
                                  "Partial Mode": "Partial",
                                  "Parent Relationship": "Outer",
                                  "Parallel Aware": false,
                                  "Async Capable": false,
                                  "Startup Cost": 66463.97,
                                  "Total Cost": 66478.15,
                                  "Plan Rows": 102,
                                  "Plan Width": 68,
                                  "Group Key": [
                                    "store_1.s_store_sk"
                                  ],
                                  "Plans": [
                                    {
                                      "Node Type": "Merge Join",
                                      "Parent Relationship": "Outer",
                                      "Parallel Aware": false,
                                      "Async Capable": false,
                                      "Join Type": "Inner",
                                      "Startup Cost": 66463.97,
                                      "Total Cost": 66473.17,
                                      "Plan Rows": 460,
                                      "Plan Width": 16,
                                      "Inner Unique": false,
                                      "Merge Cond": "(store_returns.sr_store_sk = store_1.s_store_sk)",
                                      "Plans": [
                                        {
                                          "Node Type": "Sort",
                                          "Parent Relationship": "Outer",
                                          "Parallel Aware": false,
                                          "Async Capable": false,
                                          "Startup Cost": 66454.55,
                                          "Total Cost": 66455.74,
                                          "Plan Rows": 476,
                                          "Plan Width": 16,
                                          "Sort Key": [
                                            "store_returns.sr_store_sk"
                                          ],
                                          "Plans": [
                                            {
                                              "Node Type": "Hash Join",
                                              "Parent Relationship": "Outer",
                                              "Parallel Aware": true,
                                              "Async Capable": false,
                                              "Join Type": "Inner",
                                              "Startup Cost": 2049.78,
                                              "Total Cost": 66433.38,
                                              "Plan Rows": 476,
                                              "Plan Width": 16,
                                              "Inner Unique": false,
                                              "Hash Cond": "(store_returns.sr_returned_date_sk = date_dim_1.d_date_sk)",
                                              "Plans": [
                                                {
                                                  "Node Type": "Seq Scan",
                                                  "Parent Relationship": "Outer",
                                                  "Parallel Aware": true,
                                                  "Async Capable": false,
                                                  "Relation Name": "store_returns",
                                                  "Alias": "store_returns",
                                                  "Startup Cost": 0.0,
                                                  "Total Cost": 59887.64,
                                                  "Plan Rows": 1198164,
                                                  "Plan Width": 20,
                                                  "parent": 21,
                                                  "ID": 22
                                                },
                                                {
                                                  "Node Type": "Hash",
                                                  "Parent Relationship": "Inner",
                                                  "Parallel Aware": true,
                                                  "Async Capable": false,
                                                  "Startup Cost": 2049.55,
                                                  "Total Cost": 2049.55,
                                                  "Plan Rows": 18,
                                                  "Plan Width": 4,
                                                  "Plans": [
                                                    {
                                                      "Node Type": "Seq Scan",
                                                      "Parent Relationship": "Outer",
                                                      "Parallel Aware": true,
                                                      "Async Capable": false,
                                                      "Relation Name": "date_dim",
                                                      "Alias": "date_dim_1",
                                                      "Startup Cost": 0.0,
                                                      "Total Cost": 2049.55,
                                                      "Plan Rows": 18,
                                                      "Plan Width": 4,
                                                      "Filter": "((d_date >= '1999-08-14'::date) AND (d_date <= '1999-09-13 00:00:00'::timestamp without time zone))",
                                                      "parent": 23,
                                                      "ID": 24
                                                    }
                                                  ],
                                                  "parent": 21,
                                                  "ID": 23,
                                                  "left": 24
                                                }
                                              ],
                                              "parent": 20,
                                              "ID": 21,
                                              "left": 22,
                                              "right": 23
                                            }
                                          ],
                                          "parent": 19,
                                          "ID": 20,
                                          "left": 21
                                        },
                                        {
                                          "Node Type": "Sort",
                                          "Parent Relationship": "Inner",
                                          "Parallel Aware": false,
                                          "Async Capable": false,
                                          "Startup Cost": 9.42,
                                          "Total Cost": 9.68,
                                          "Plan Rows": 102,
                                          "Plan Width": 4,
                                          "Sort Key": [
                                            "store_1.s_store_sk"
                                          ],
                                          "Plans": [
                                            {
                                              "Node Type": "Seq Scan",
                                              "Parent Relationship": "Outer",
                                              "Parallel Aware": false,
                                              "Async Capable": false,
                                              "Relation Name": "store",
                                              "Alias": "store_1",
                                              "Startup Cost": 0.0,
                                              "Total Cost": 6.02,
                                              "Plan Rows": 102,
                                              "Plan Width": 4,
                                              "parent": 25,
                                              "ID": 26
                                            }
                                          ],
                                          "parent": 19,
                                          "ID": 25,
                                          "left": 26
                                        }
                                      ],
                                      "parent": 18,
                                      "ID": 19,
                                      "left": 20,
                                      "right": 25
                                    }
                                  ],
                                  "parent": 17,
                                  "ID": 18,
                                  "left": 19
                                }
                              ],
                              "parent": 16,
                              "ID": 17,
                              "left": 18
                            }
                          ],
                          "parent": 4,
                          "ID": 16,
                          "left": 17
                        }
                      ],
                      "parent": 3,
                      "ID": 4,
                      "left": 5,
                      "right": 16
                    },
                    {
                      "Node Type": "Nested Loop",
                      "Parent Relationship": "Member",
                      "Parallel Aware": false,
                      "Async Capable": false,
                      "Join Type": "Inner",
                      "Startup Cost": 499452.25,
                      "Total Cost": 499502.11,
                      "Plan Rows": 576,
                      "Plan Width": 132,
                      "Inner Unique": false,
                      "Plans": [
                        {
                          "Node Type": "Aggregate",
                          "Strategy": "Sorted",
                          "Partial Mode": "Finalize",
                          "Parent Relationship": "Outer",
                          "Parallel Aware": false,
                          "Async Capable": false,
                          "Startup Cost": 459392.64,
                          "Total Cost": 459424.0,
                          "Plan Rows": 24,
                          "Plan Width": 68,
                          "Group Key": [
                            "catalog_sales.cs_call_center_sk"
                          ],
                          "Plans": [
                            {
                              "Node Type": "Gather Merge",
                              "Parent Relationship": "Outer",
                              "Parallel Aware": false,
                              "Async Capable": false,
                              "Startup Cost": 459392.64,
                              "Total Cost": 459423.04,
                              "Plan Rows": 48,
                              "Plan Width": 68,
                              "Workers Planned": 2,
                              "Plans": [
                                {
                                  "Node Type": "Aggregate",
                                  "Strategy": "Sorted",
                                  "Partial Mode": "Partial",
                                  "Parent Relationship": "Outer",
                                  "Parallel Aware": false,
                                  "Async Capable": false,
                                  "Startup Cost": 458392.62,
                                  "Total Cost": 458417.48,
                                  "Plan Rows": 24,
                                  "Plan Width": 68,
                                  "Group Key": [
                                    "catalog_sales.cs_call_center_sk"
                                  ],
                                  "Plans": [
                                    {
                                      "Node Type": "Sort",
                                      "Parent Relationship": "Outer",
                                      "Parallel Aware": false,
                                      "Async Capable": false,
                                      "Startup Cost": 458392.62,
                                      "Total Cost": 458398.74,
                                      "Plan Rows": 2450,
                                      "Plan Width": 16,
                                      "Sort Key": [
                                        "catalog_sales.cs_call_center_sk"
                                      ],
                                      "Plans": [
                                        {
                                          "Node Type": "Hash Join",
                                          "Parent Relationship": "Outer",
                                          "Parallel Aware": true,
                                          "Async Capable": false,
                                          "Join Type": "Inner",
                                          "Startup Cost": 2049.78,
                                          "Total Cost": 458254.7,
                                          "Plan Rows": 2450,
                                          "Plan Width": 16,
                                          "Inner Unique": false,
                                          "Hash Cond": "(catalog_sales.cs_sold_date_sk = date_dim_2.d_date_sk)",
                                          "Plans": [
                                            {
                                              "Node Type": "Seq Scan",
                                              "Parent Relationship": "Outer",
                                              "Parallel Aware": true,
                                              "Async Capable": false,
                                              "Relation Name": "catalog_sales",
                                              "Alias": "catalog_sales",
                                              "Startup Cost": 0.0,
                                              "Total Cost": 433688.25,
                                              "Plan Rows": 6000525,
                                              "Plan Width": 20,
                                              "parent": 32,
                                              "ID": 33
                                            },
                                            {
                                              "Node Type": "Hash",
                                              "Parent Relationship": "Inner",
                                              "Parallel Aware": true,
                                              "Async Capable": false,
                                              "Startup Cost": 2049.55,
                                              "Total Cost": 2049.55,
                                              "Plan Rows": 18,
                                              "Plan Width": 4,
                                              "Plans": [
                                                {
                                                  "Node Type": "Seq Scan",
                                                  "Parent Relationship": "Outer",
                                                  "Parallel Aware": true,
                                                  "Async Capable": false,
                                                  "Relation Name": "date_dim",
                                                  "Alias": "date_dim_2",
                                                  "Startup Cost": 0.0,
                                                  "Total Cost": 2049.55,
                                                  "Plan Rows": 18,
                                                  "Plan Width": 4,
                                                  "Filter": "((d_date >= '1999-08-14'::date) AND (d_date <= '1999-09-13 00:00:00'::timestamp without time zone))",
                                                  "parent": 34,
                                                  "ID": 35
                                                }
                                              ],
                                              "parent": 32,
                                              "ID": 34,
                                              "left": 35
                                            }
                                          ],
                                          "parent": 31,
                                          "ID": 32,
                                          "left": 33,
                                          "right": 34
                                        }
                                      ],
                                      "parent": 30,
                                      "ID": 31,
                                      "left": 32
                                    }
                                  ],
                                  "parent": 29,
                                  "ID": 30,
                                  "left": 31
                                }
                              ],
                              "parent": 28,
                              "ID": 29,
                              "left": 30
                            }
                          ],
                          "parent": 27,
                          "ID": 28,
                          "left": 29
                        },
                        {
                          "Node Type": "Materialize",
                          "Parent Relationship": "Inner",
                          "Parallel Aware": false,
                          "Async Capable": false,
                          "Startup Cost": 40059.61,
                          "Total Cost": 40069.29,
                          "Plan Rows": 24,
                          "Plan Width": 64,
                          "Plans": [
                            {
                              "Node Type": "Subquery Scan",
                              "Parent Relationship": "Outer",
                              "Parallel Aware": false,
                              "Async Capable": false,
                              "Alias": "cr",
                              "Startup Cost": 40059.61,
                              "Total Cost": 40069.17,
                              "Plan Rows": 24,
                              "Plan Width": 64,
                              "Plans": [
                                {
                                  "Node Type": "Aggregate",
                                  "Strategy": "Sorted",
                                  "Partial Mode": "Finalize",
                                  "Parent Relationship": "Subquery",
                                  "Parallel Aware": false,
                                  "Async Capable": false,
                                  "Startup Cost": 40059.61,
                                  "Total Cost": 40068.93,
                                  "Plan Rows": 24,
                                  "Plan Width": 68,
                                  "Group Key": [
                                    "catalog_returns.cr_call_center_sk"
                                  ],
                                  "Plans": [
                                    {
                                      "Node Type": "Gather Merge",
                                      "Parent Relationship": "Outer",
                                      "Parallel Aware": false,
                                      "Async Capable": false,
                                      "Startup Cost": 40059.61,
                                      "Total Cost": 40067.97,
                                      "Plan Rows": 48,
                                      "Plan Width": 68,
                                      "Workers Planned": 2,
                                      "Plans": [
                                        {
                                          "Node Type": "Aggregate",
                                          "Strategy": "Sorted",
                                          "Partial Mode": "Partial",
                                          "Parent Relationship": "Outer",
                                          "Parallel Aware": false,
                                          "Async Capable": false,
                                          "Startup Cost": 39059.58,
                                          "Total Cost": 39062.4,
                                          "Plan Rows": 24,
                                          "Plan Width": 68,
                                          "Group Key": [
                                            "catalog_returns.cr_call_center_sk"
                                          ],
                                          "Plans": [
                                            {
                                              "Node Type": "Sort",
                                              "Parent Relationship": "Outer",
                                              "Parallel Aware": false,
                                              "Async Capable": false,
                                              "Startup Cost": 39059.58,
                                              "Total Cost": 39060.2,
                                              "Plan Rows": 246,
                                              "Plan Width": 16,
                                              "Sort Key": [
                                                "catalog_returns.cr_call_center_sk"
                                              ],
                                              "Plans": [
                                                {
                                                  "Node Type": "Hash Join",
                                                  "Parent Relationship": "Outer",
                                                  "Parallel Aware": true,
                                                  "Async Capable": false,
                                                  "Join Type": "Inner",
                                                  "Startup Cost": 2049.78,
                                                  "Total Cost": 39049.82,
                                                  "Plan Rows": 246,
                                                  "Plan Width": 16,
                                                  "Inner Unique": false,
                                                  "Hash Cond": "(catalog_returns.cr_returned_date_sk = date_dim_3.d_date_sk)",
                                                  "Plans": [
                                                    {
                                                      "Node Type": "Seq Scan",
                                                      "Parent Relationship": "Outer",
                                                      "Parallel Aware": true,
                                                      "Async Capable": false,
                                                      "Relation Name": "catalog_returns",
                                                      "Alias": "catalog_returns",
                                                      "Startup Cost": 0.0,
                                                      "Total Cost": 34748.95,
                                                      "Plan Rows": 599895,
                                                      "Plan Width": 20,
                                                      "parent": 42,
                                                      "ID": 43
                                                    },
                                                    {
                                                      "Node Type": "Hash",
                                                      "Parent Relationship": "Inner",
                                                      "Parallel Aware": true,
                                                      "Async Capable": false,
                                                      "Startup Cost": 2049.55,
                                                      "Total Cost": 2049.55,
                                                      "Plan Rows": 18,
                                                      "Plan Width": 4,
                                                      "Plans": [
                                                        {
                                                          "Node Type": "Seq Scan",
                                                          "Parent Relationship": "Outer",
                                                          "Parallel Aware": true,
                                                          "Async Capable": false,
                                                          "Relation Name": "date_dim",
                                                          "Alias": "date_dim_3",
                                                          "Startup Cost": 0.0,
                                                          "Total Cost": 2049.55,
                                                          "Plan Rows": 18,
                                                          "Plan Width": 4,
                                                          "Filter": "((d_date >= '1999-08-14'::date) AND (d_date <= '1999-09-13 00:00:00'::timestamp without time zone))",
                                                          "parent": 44,
                                                          "ID": 45
                                                        }
                                                      ],
                                                      "parent": 42,
                                                      "ID": 44,
                                                      "left": 45
                                                    }
                                                  ],
                                                  "parent": 41,
                                                  "ID": 42,
                                                  "left": 43,
                                                  "right": 44
                                                }
                                              ],
                                              "parent": 40,
                                              "ID": 41,
                                              "left": 42
                                            }
                                          ],
                                          "parent": 39,
                                          "ID": 40,
                                          "left": 41
                                        }
                                      ],
                                      "parent": 38,
                                      "ID": 39,
                                      "left": 40
                                    }
                                  ],
                                  "parent": 37,
                                  "ID": 38,
                                  "left": 39
                                }
                              ],
                              "parent": 36,
                              "ID": 37,
                              "left": 38
                            }
                          ],
                          "parent": 27,
                          "ID": 36,
                          "left": 37
                        }
                      ],
                      "parent": 3,
                      "ID": 27,
                      "left": 28,
                      "right": 36
                    },
                    {
                      "Node Type": "Merge Join",
                      "Parent Relationship": "Member",
                      "Parallel Aware": false,
                      "Async Capable": false,
                      "Join Type": "Left",
                      "Startup Cost": 252590.79,
                      "Total Cost": 252726.18,
                      "Plan Rows": 200,
                      "Plan Width": 132,
                      "Inner Unique": true,
                      "Merge Cond": "(web_page.wp_web_page_sk = web_page_1.wp_web_page_sk)",
                      "Plans": [
                        {
                          "Node Type": "Aggregate",
                          "Strategy": "Sorted",
                          "Partial Mode": "Finalize",
                          "Parent Relationship": "Outer",
                          "Parallel Aware": false,
                          "Async Capable": false,
                          "Startup Cost": 232119.07,
                          "Total Cost": 232210.1,
                          "Plan Rows": 200,
                          "Plan Width": 68,
                          "Group Key": [
                            "web_page.wp_web_page_sk"
                          ],
                          "Plans": [
                            {
                              "Node Type": "Gather Merge",
                              "Parent Relationship": "Outer",
                              "Parallel Aware": false,
                              "Async Capable": false,
                              "Startup Cost": 232119.07,
                              "Total Cost": 232202.1,
                              "Plan Rows": 400,
                              "Plan Width": 68,
                              "Workers Planned": 2,
                              "Plans": [
                                {
                                  "Node Type": "Aggregate",
                                  "Strategy": "Sorted",
                                  "Partial Mode": "Partial",
                                  "Parent Relationship": "Outer",
                                  "Parallel Aware": false,
                                  "Async Capable": false,
                                  "Startup Cost": 231119.05,
                                  "Total Cost": 231155.9,
                                  "Plan Rows": 200,
                                  "Plan Width": 68,
                                  "Group Key": [
                                    "web_page.wp_web_page_sk"
                                  ],
                                  "Plans": [
                                    {
                                      "Node Type": "Merge Join",
                                      "Parent Relationship": "Outer",
                                      "Parallel Aware": false,
                                      "Async Capable": false,
                                      "Join Type": "Inner",
                                      "Startup Cost": 231119.05,
                                      "Total Cost": 231143.67,
                                      "Plan Rows": 1231,
                                      "Plan Width": 16,
                                      "Inner Unique": false,
                                      "Merge Cond": "(web_sales.ws_web_page_sk = web_page.wp_web_page_sk)",
                                      "Plans": [
                                        {
                                          "Node Type": "Sort",
                                          "Parent Relationship": "Outer",
                                          "Parallel Aware": false,
                                          "Async Capable": false,
                                          "Startup Cost": 231104.41,
                                          "Total Cost": 231107.48,
                                          "Plan Rows": 1231,
                                          "Plan Width": 16,
                                          "Sort Key": [
                                            "web_sales.ws_web_page_sk"
                                          ],
                                          "Plans": [
                                            {
                                              "Node Type": "Hash Join",
                                              "Parent Relationship": "Outer",
                                              "Parallel Aware": true,
                                              "Async Capable": false,
                                              "Join Type": "Inner",
                                              "Startup Cost": 2049.78,
                                              "Total Cost": 231041.22,
                                              "Plan Rows": 1231,
                                              "Plan Width": 16,
                                              "Inner Unique": false,
                                              "Hash Cond": "(web_sales.ws_sold_date_sk = date_dim_4.d_date_sk)",
                                              "Plans": [
                                                {
                                                  "Node Type": "Seq Scan",
                                                  "Parent Relationship": "Outer",
                                                  "Parallel Aware": true,
                                                  "Async Capable": false,
                                                  "Relation Name": "web_sales",
                                                  "Alias": "web_sales",
                                                  "Startup Cost": 0.0,
                                                  "Total Cost": 217737.86,
                                                  "Plan Rows": 2998986,
                                                  "Plan Width": 20,
                                                  "parent": 52,
                                                  "ID": 53
                                                },
                                                {
                                                  "Node Type": "Hash",
                                                  "Parent Relationship": "Inner",
                                                  "Parallel Aware": true,
                                                  "Async Capable": false,
                                                  "Startup Cost": 2049.55,
                                                  "Total Cost": 2049.55,
                                                  "Plan Rows": 18,
                                                  "Plan Width": 4,
                                                  "Plans": [
                                                    {
                                                      "Node Type": "Seq Scan",
                                                      "Parent Relationship": "Outer",
                                                      "Parallel Aware": true,
                                                      "Async Capable": false,
                                                      "Relation Name": "date_dim",
                                                      "Alias": "date_dim_4",
                                                      "Startup Cost": 0.0,
                                                      "Total Cost": 2049.55,
                                                      "Plan Rows": 18,
                                                      "Plan Width": 4,
                                                      "Filter": "((d_date >= '1999-08-14'::date) AND (d_date <= '1999-09-13 00:00:00'::timestamp without time zone))",
                                                      "parent": 54,
                                                      "ID": 55
                                                    }
                                                  ],
                                                  "parent": 52,
                                                  "ID": 54,
                                                  "left": 55
                                                }
                                              ],
                                              "parent": 51,
                                              "ID": 52,
                                              "left": 53,
                                              "right": 54
                                            }
                                          ],
                                          "parent": 50,
                                          "ID": 51,
                                          "left": 52
                                        },
                                        {
                                          "Node Type": "Sort",
                                          "Parent Relationship": "Inner",
                                          "Parallel Aware": false,
                                          "Async Capable": false,
                                          "Startup Cost": 14.64,
                                          "Total Cost": 15.14,
                                          "Plan Rows": 200,
                                          "Plan Width": 4,
                                          "Sort Key": [
                                            "web_page.wp_web_page_sk"
                                          ],
                                          "Plans": [
                                            {
                                              "Node Type": "Seq Scan",
                                              "Parent Relationship": "Outer",
                                              "Parallel Aware": false,
                                              "Async Capable": false,
                                              "Relation Name": "web_page",
                                              "Alias": "web_page",
                                              "Startup Cost": 0.0,
                                              "Total Cost": 7.0,
                                              "Plan Rows": 200,
                                              "Plan Width": 4,
                                              "parent": 56,
                                              "ID": 57
                                            }
                                          ],
                                          "parent": 50,
                                          "ID": 56,
                                          "left": 57
                                        }
                                      ],
                                      "parent": 49,
                                      "ID": 50,
                                      "left": 51,
                                      "right": 56
                                    }
                                  ],
                                  "parent": 48,
                                  "ID": 49,
                                  "left": 50
                                }
                              ],
                              "parent": 47,
                              "ID": 48,
                              "left": 49
                            }
                          ],
                          "parent": 46,
                          "ID": 47,
                          "left": 48
                        },
                        {
                          "Node Type": "Aggregate",
                          "Strategy": "Sorted",
                          "Partial Mode": "Finalize",
                          "Parent Relationship": "Inner",
                          "Parallel Aware": false,
                          "Async Capable": false,
                          "Startup Cost": 20471.72,
                          "Total Cost": 20508.59,
                          "Plan Rows": 200,
                          "Plan Width": 68,
                          "Group Key": [
                            "web_page_1.wp_web_page_sk"
                          ],
                          "Plans": [
                            {
                              "Node Type": "Gather Merge",
                              "Parent Relationship": "Outer",
                              "Parallel Aware": false,
                              "Async Capable": false,
                              "Startup Cost": 20471.72,
                              "Total Cost": 20502.79,
                              "Plan Rows": 224,
                              "Plan Width": 68,
                              "Workers Planned": 2,
                              "Plans": [
                                {
                                  "Node Type": "Aggregate",
                                  "Strategy": "Sorted",
                                  "Partial Mode": "Partial",
                                  "Parent Relationship": "Outer",
                                  "Parallel Aware": false,
                                  "Async Capable": false,
                                  "Startup Cost": 19471.69,
                                  "Total Cost": 19476.91,
                                  "Plan Rows": 112,
                                  "Plan Width": 68,
                                  "Group Key": [
                                    "web_page_1.wp_web_page_sk"
                                  ],
                                  "Plans": [
                                    {
                                      "Node Type": "Merge Join",
                                      "Parent Relationship": "Outer",
                                      "Parallel Aware": false,
                                      "Async Capable": false,
                                      "Join Type": "Inner",
                                      "Startup Cost": 19471.69,
                                      "Total Cost": 19474.39,
                                      "Plan Rows": 112,
                                      "Plan Width": 16,
                                      "Inner Unique": false,
                                      "Merge Cond": "(web_returns.wr_web_page_sk = web_page_1.wp_web_page_sk)",
                                      "Plans": [
                                        {
                                          "Node Type": "Sort",
                                          "Parent Relationship": "Outer",
                                          "Parallel Aware": false,
                                          "Async Capable": false,
                                          "Startup Cost": 19457.05,
                                          "Total Cost": 19457.35,
                                          "Plan Rows": 118,
                                          "Plan Width": 16,
                                          "Sort Key": [
                                            "web_returns.wr_web_page_sk"
                                          ],
                                          "Plans": [
                                            {
                                              "Node Type": "Hash Join",
                                              "Parent Relationship": "Outer",
                                              "Parallel Aware": true,
                                              "Async Capable": false,
                                              "Join Type": "Inner",
                                              "Startup Cost": 2049.78,
                                              "Total Cost": 19452.99,
                                              "Plan Rows": 118,
                                              "Plan Width": 16,
                                              "Inner Unique": false,
                                              "Hash Cond": "(web_returns.wr_returned_date_sk = date_dim_5.d_date_sk)",
                                              "Plans": [
                                                {
                                                  "Node Type": "Seq Scan",
                                                  "Parent Relationship": "Outer",
                                                  "Parallel Aware": true,
                                                  "Async Capable": false,
                                                  "Relation Name": "web_returns",
                                                  "Alias": "web_returns",
                                                  "Startup Cost": 0.0,
                                                  "Total Cost": 16278.74,
                                                  "Plan Rows": 299674,
                                                  "Plan Width": 20,
                                                  "parent": 63,
                                                  "ID": 64
                                                },
                                                {
                                                  "Node Type": "Hash",
                                                  "Parent Relationship": "Inner",
                                                  "Parallel Aware": true,
                                                  "Async Capable": false,
                                                  "Startup Cost": 2049.55,
                                                  "Total Cost": 2049.55,
                                                  "Plan Rows": 18,
                                                  "Plan Width": 4,
                                                  "Plans": [
                                                    {
                                                      "Node Type": "Seq Scan",
                                                      "Parent Relationship": "Outer",
                                                      "Parallel Aware": true,
                                                      "Async Capable": false,
                                                      "Relation Name": "date_dim",
                                                      "Alias": "date_dim_5",
                                                      "Startup Cost": 0.0,
                                                      "Total Cost": 2049.55,
                                                      "Plan Rows": 18,
                                                      "Plan Width": 4,
                                                      "Filter": "((d_date >= '1999-08-14'::date) AND (d_date <= '1999-09-13 00:00:00'::timestamp without time zone))",
                                                      "parent": 65,
                                                      "ID": 66
                                                    }
                                                  ],
                                                  "parent": 63,
                                                  "ID": 65,
                                                  "left": 66
                                                }
                                              ],
                                              "parent": 62,
                                              "ID": 63,
                                              "left": 64,
                                              "right": 65
                                            }
                                          ],
                                          "parent": 61,
                                          "ID": 62,
                                          "left": 63
                                        },
                                        {
                                          "Node Type": "Sort",
                                          "Parent Relationship": "Inner",
                                          "Parallel Aware": false,
                                          "Async Capable": false,
                                          "Startup Cost": 14.64,
                                          "Total Cost": 15.14,
                                          "Plan Rows": 200,
                                          "Plan Width": 4,
                                          "Sort Key": [
                                            "web_page_1.wp_web_page_sk"
                                          ],
                                          "Plans": [
                                            {
                                              "Node Type": "Seq Scan",
                                              "Parent Relationship": "Outer",
                                              "Parallel Aware": false,
                                              "Async Capable": false,
                                              "Relation Name": "web_page",
                                              "Alias": "web_page_1",
                                              "Startup Cost": 0.0,
                                              "Total Cost": 7.0,
                                              "Plan Rows": 200,
                                              "Plan Width": 4,
                                              "parent": 67,
                                              "ID": 68
                                            }
                                          ],
                                          "parent": 61,
                                          "ID": 67,
                                          "left": 68
                                        }
                                      ],
                                      "parent": 60,
                                      "ID": 61,
                                      "left": 62,
                                      "right": 67
                                    }
                                  ],
                                  "parent": 59,
                                  "ID": 60,
                                  "left": 61
                                }
                              ],
                              "parent": 58,
                              "ID": 59,
                              "left": 60
                            }
                          ],
                          "parent": 46,
                          "ID": 58,
                          "left": 59
                        }
                      ],
                      "parent": 3,
                      "ID": 46,
                      "left": 47,
                      "right": 58
                    }
                  ],
                  "parent": 2,
                  "ID": 3,
                  "left": 4,
                  "right": 27
                }
              ],
              "parent": 1,
              "ID": 2,
              "left": 3
            }
          ],
          "parent": 0,
          "ID": 1,
          "left": 2
        }
      ],
      "parent": null,
      "ID": 0,
      "left": 1
    },
    "feat": {
      "utility": 0.0,
      "query_shape": [
        [
          "Seq Scan",
          "Hash Join",
          "Sort",
          "Merge Join",
          "Aggregate",
          "Gather Merge",
          "Append"
        ],
        [
          "Seq Scan",
          "Hash",
          "Hash Join",
          "Sort",
          "Merge Join",
          "Aggregate",
          "Gather Merge",
          "Append"
        ],
        [
          "Seq Scan",
          "Sort",
          "Merge Join",
          "Aggregate",
          "Gather Merge",
          "Append"
        ],
        [
          "Seq Scan",
          "Hash Join",
          "Sort",
          "Merge Join",
          "Aggregate",
          "Gather Merge",
          "Append"
        ],
        [
          "Seq Scan",
          "Hash",
          "Hash Join",
          "Sort",
          "Merge Join",
          "Aggregate",
          "Gather Merge",
          "Append"
        ],
        [
          "Seq Scan",
          "Sort",
          "Merge Join",
          "Aggregate",
          "Gather Merge",
          "Append"
        ],
        [
          "Seq Scan",
          "Hash Join",
          "Sort",
          "Aggregate",
          "Gather Merge",
          "Nested Loop",
          "Append"
        ],
        [
          "Seq Scan",
          "Hash",
          "Hash Join",
          "Sort",
          "Aggregate",
          "Gather Merge",
          "Nested Loop",
          "Append"
        ],
        [
          "Seq Scan",
          "Hash Join",
          "Sort",
          "Aggregate",
          "Gather Merge",
          "Subquery Scan",
          "Materialize",
          "Nested Loop",
          "Append"
        ],
        [
          "Seq Scan",
          "Hash",
          "Hash Join",
          "Sort",
          "Aggregate",
          "Gather Merge",
          "Subquery Scan",
          "Materialize",
          "Nested Loop",
          "Append"
        ],
        [
          "Seq Scan",
          "Hash Join",
          "Sort",
          "Merge Join",
          "Aggregate",
          "Gather Merge",
          "Append"
        ],
        [
          "Seq Scan",
          "Hash",
          "Hash Join",
          "Sort",
          "Merge Join",
          "Aggregate",
          "Gather Merge",
          "Append"
        ],
        [
          "Seq Scan",
          "Sort",
          "Merge Join",
          "Aggregate",
          "Gather Merge",
          "Append"
        ],
        [
          "Seq Scan",
          "Hash Join",
          "Sort",
          "Merge Join",
          "Aggregate",
          "Gather Merge",
          "Append"
        ],
        [
          "Seq Scan",
          "Hash",
          "Hash Join",
          "Sort",
          "Merge Join",
          "Aggregate",
          "Gather Merge",
          "Append"
        ],
        [
          "Seq Scan",
          "Sort",
          "Merge Join",
          "Aggregate",
          "Gather Merge",
          "Append"
        ]
      ],
      "index_shape": [],
      "physical_operator": {}
    }
  },
  {
    "query": "with ss as\n (select s_store_sk,\n         sum(ss_ext_sales_price) as sales,\n         sum(ss_net_profit) as profit\n from store_sales,\n      date_dim,\n      store\n where ss_sold_date_sk = d_date_sk\n       and d_date between cast('1999-08-14' as date) \n                  and (cast('1999-08-14' as date) +  interval '30 days') \n       and ss_store_sk = s_store_sk\n group by s_store_sk)\n ,\n sr as\n (select s_store_sk,\n         sum(sr_return_amt) as returns,\n         sum(sr_net_loss) as profit_loss\n from store_returns,\n      date_dim,\n      store\n where sr_returned_date_sk = d_date_sk\n       and d_date between cast('1999-08-14' as date)\n                  and (cast('1999-08-14' as date) +  interval '30 days')\n       and sr_store_sk = s_store_sk\n group by s_store_sk), \n cs as\n (select cs_call_center_sk,\n        sum(cs_ext_sales_price) as sales,\n        sum(cs_net_profit) as profit\n from catalog_sales,\n      date_dim\n where cs_sold_date_sk = d_date_sk\n       and d_date between cast('1999-08-14' as date)\n                  and (cast('1999-08-14' as date) +  interval '30 days')\n group by cs_call_center_sk \n ), \n cr as\n (select cr_call_center_sk,\n         sum(cr_return_amount) as returns,\n         sum(cr_net_loss) as profit_loss\n from catalog_returns,\n      date_dim\n where cr_returned_date_sk = d_date_sk\n       and d_date between cast('1999-08-14' as date)\n                  and (cast('1999-08-14' as date) +  interval '30 days')\n group by cr_call_center_sk\n ), \n ws as\n ( select wp_web_page_sk,\n        sum(ws_ext_sales_price) as sales,\n        sum(ws_net_profit) as profit\n from web_sales,\n      date_dim,\n      web_page\n where ws_sold_date_sk = d_date_sk\n       and d_date between cast('1999-08-14' as date)\n                  and (cast('1999-08-14' as date) +  interval '30 days')\n       and ws_web_page_sk = wp_web_page_sk\n group by wp_web_page_sk), \n wr as\n (select wp_web_page_sk,\n        sum(wr_return_amt) as returns,\n        sum(wr_net_loss) as profit_loss\n from web_returns,\n      date_dim,\n      web_page\n where wr_returned_date_sk = d_date_sk\n       and d_date between cast('1999-08-14' as date)\n                  and (cast('1999-08-14' as date) +  interval '30 days')\n       and wr_web_page_sk = wp_web_page_sk\n group by wp_web_page_sk)\n  select  channel\n        , id\n        , sum(sales) as sales\n        , sum(returns) as returns\n        , sum(profit) as profit\n from \n (select 'store channel' as channel\n        , ss.s_store_sk as id\n        , sales\n        , coalesce(returns, 0) as returns\n        , (profit - coalesce(profit_loss,0)) as profit\n from   ss left join sr\n        on  ss.s_store_sk = sr.s_store_sk\n union all\n select 'catalog channel' as channel\n        , cs_call_center_sk as id\n        , sales\n        , returns\n        , (profit - profit_loss) as profit\n from  cs\n       , cr\n union all\n select 'web channel' as channel\n        , ws.wp_web_page_sk as id\n        , sales\n        , coalesce(returns, 0) as returns\n        , (profit - coalesce(profit_loss,0)) as profit\n from   ws left join wr\n        on  ws.wp_web_page_sk = wr.wp_web_page_sk\n ) x\n group by rollup (channel, id)\n order by channel\n         ,id\n limit 100;\n\n-- end query 58 in stream 0 using template query77.tpl\n",
    "indexes": "store_returns.sr_net_loss",
    "wo plan est": {
      "Node Type": "Limit",
      "Parallel Aware": false,
      "Async Capable": false,
      "Startup Cost": 1505243.45,
      "Total Cost": 1505243.7,
      "Plan Rows": 100,
      "Plan Width": 132,
      "Plans": [
        {
          "Node Type": "Sort",
          "Parent Relationship": "Outer",
          "Parallel Aware": false,
          "Async Capable": false,
          "Startup Cost": 1505243.45,
          "Total Cost": 1505244.45,
          "Plan Rows": 401,
          "Plan Width": 132,
          "Sort Key": [
            "('store channel'::text)",
            "store.s_store_sk"
          ],
          "Plans": [
            {
              "Node Type": "Aggregate",
              "Strategy": "Mixed",
              "Partial Mode": "Simple",
              "Parent Relationship": "Outer",
              "Parallel Aware": false,
              "Async Capable": false,
              "Startup Cost": 752755.06,
              "Total Cost": 1505228.12,
              "Plan Rows": 401,
              "Plan Width": 132,
              "Grouping Sets": [
                {
                  "Hash Keys": [
                    [
                      "('store channel'::text)",
                      "store.s_store_sk"
                    ]
                  ]
                },
                {
                  "Hash Keys": [
                    [
                      "('store channel'::text)"
                    ]
                  ]
                },
                {
                  "Group Keys": [
                    []
                  ]
                }
              ],
              "Planned Partitions": 0,
              "Plans": [
                {
                  "Node Type": "Append",
                  "Parent Relationship": "Outer",
                  "Parallel Aware": false,
                  "Async Capable": false,
                  "Startup Cost": 752755.06,
                  "Total Cost": 1505194.76,
                  "Plan Rows": 878,
                  "Plan Width": 132,
                  "Subplans Removed": 0,
                  "Plans": [
                    {
                      "Node Type": "Merge Join",
                      "Parent Relationship": "Member",
                      "Parallel Aware": false,
                      "Async Capable": false,
                      "Join Type": "Left",
                      "Startup Cost": 752755.06,
                      "Total Cost": 752953.3,
                      "Plan Rows": 102,
                      "Plan Width": 132,
                      "Inner Unique": true,
                      "Merge Cond": "(store.s_store_sk = store_1.s_store_sk)",
                      "Plans": [
                        {
                          "Node Type": "Aggregate",
                          "Strategy": "Sorted",
                          "Partial Mode": "Finalize",
                          "Parent Relationship": "Outer",
                          "Parallel Aware": false,
                          "Async Capable": false,
                          "Startup Cost": 685291.07,
                          "Total Cost": 685443.67,
                          "Plan Rows": 102,
                          "Plan Width": 68,
                          "Group Key": [
                            "store.s_store_sk"
                          ],
                          "Plans": [
                            {
                              "Node Type": "Gather Merge",
                              "Parent Relationship": "Outer",
                              "Parallel Aware": false,
                              "Async Capable": false,
                              "Startup Cost": 685291.07,
                              "Total Cost": 685439.59,
                              "Plan Rows": 204,
                              "Plan Width": 68,
                              "Workers Planned": 2,
                              "Plans": [
                                {
                                  "Node Type": "Aggregate",
                                  "Strategy": "Sorted",
                                  "Partial Mode": "Partial",
                                  "Parent Relationship": "Outer",
                                  "Parallel Aware": false,
                                  "Async Capable": false,
                                  "Startup Cost": 684291.04,
                                  "Total Cost": 684416.02,
                                  "Plan Rows": 102,
                                  "Plan Width": 68,
                                  "Group Key": [
                                    "store.s_store_sk"
                                  ],
                                  "Plans": [
                                    {
                                      "Node Type": "Merge Join",
                                      "Parent Relationship": "Outer",
                                      "Parallel Aware": false,
                                      "Async Capable": false,
                                      "Join Type": "Inner",
                                      "Startup Cost": 684291.04,
                                      "Total Cost": 684380.82,
                                      "Plan Rows": 4489,
                                      "Plan Width": 16,
                                      "Inner Unique": false,
                                      "Merge Cond": "(store_sales.ss_store_sk = store.s_store_sk)",
                                      "Plans": [
                                        {
                                          "Node Type": "Sort",
                                          "Parent Relationship": "Outer",
                                          "Parallel Aware": false,
                                          "Async Capable": false,
                                          "Startup Cost": 684281.62,
                                          "Total Cost": 684293.38,
                                          "Plan Rows": 4703,
                                          "Plan Width": 16,
                                          "Sort Key": [
                                            "store_sales.ss_store_sk"
                                          ],
                                          "Plans": [
                                            {
                                              "Node Type": "Hash Join",
                                              "Parent Relationship": "Outer",
                                              "Parallel Aware": true,
                                              "Async Capable": false,
                                              "Join Type": "Inner",
                                              "Startup Cost": 2049.78,
                                              "Total Cost": 683994.75,
                                              "Plan Rows": 4703,
                                              "Plan Width": 16,
                                              "Inner Unique": false,
                                              "Hash Cond": "(store_sales.ss_sold_date_sk = date_dim.d_date_sk)",
                                              "Plans": [
                                                {
                                                  "Node Type": "Seq Scan",
                                                  "Parent Relationship": "Outer",
                                                  "Parallel Aware": true,
                                                  "Async Capable": false,
                                                  "Relation Name": "store_sales",
                                                  "Alias": "store_sales",
                                                  "Startup Cost": 0.0,
                                                  "Total Cost": 636914.37,
                                                  "Plan Rows": 12000637,
                                                  "Plan Width": 20,
                                                  "parent": 10,
                                                  "ID": 11
                                                },
                                                {
                                                  "Node Type": "Hash",
                                                  "Parent Relationship": "Inner",
                                                  "Parallel Aware": true,
                                                  "Async Capable": false,
                                                  "Startup Cost": 2049.55,
                                                  "Total Cost": 2049.55,
                                                  "Plan Rows": 18,
                                                  "Plan Width": 4,
                                                  "Plans": [
                                                    {
                                                      "Node Type": "Seq Scan",
                                                      "Parent Relationship": "Outer",
                                                      "Parallel Aware": true,
                                                      "Async Capable": false,
                                                      "Relation Name": "date_dim",
                                                      "Alias": "date_dim",
                                                      "Startup Cost": 0.0,
                                                      "Total Cost": 2049.55,
                                                      "Plan Rows": 18,
                                                      "Plan Width": 4,
                                                      "Filter": "((d_date >= '1999-08-14'::date) AND (d_date <= '1999-09-13 00:00:00'::timestamp without time zone))",
                                                      "parent": 12,
                                                      "ID": 13
                                                    }
                                                  ],
                                                  "parent": 10,
                                                  "ID": 12,
                                                  "left": 13
                                                }
                                              ],
                                              "parent": 9,
                                              "ID": 10,
                                              "left": 11,
                                              "right": 12
                                            }
                                          ],
                                          "parent": 8,
                                          "ID": 9,
                                          "left": 10
                                        },
                                        {
                                          "Node Type": "Sort",
                                          "Parent Relationship": "Inner",
                                          "Parallel Aware": false,
                                          "Async Capable": false,
                                          "Startup Cost": 9.42,
                                          "Total Cost": 9.68,
                                          "Plan Rows": 102,
                                          "Plan Width": 4,
                                          "Sort Key": [
                                            "store.s_store_sk"
                                          ],
                                          "Plans": [
                                            {
                                              "Node Type": "Seq Scan",
                                              "Parent Relationship": "Outer",
                                              "Parallel Aware": false,
                                              "Async Capable": false,
                                              "Relation Name": "store",
                                              "Alias": "store",
                                              "Startup Cost": 0.0,
                                              "Total Cost": 6.02,
                                              "Plan Rows": 102,
                                              "Plan Width": 4,
                                              "parent": 14,
                                              "ID": 15
                                            }
                                          ],
                                          "parent": 8,
                                          "ID": 14,
                                          "left": 15
                                        }
                                      ],
                                      "parent": 7,
                                      "ID": 8,
                                      "left": 9,
                                      "right": 14
                                    }
                                  ],
                                  "parent": 6,
                                  "ID": 7,
                                  "left": 8
                                }
                              ],
                              "parent": 5,
                              "ID": 6,
                              "left": 7
                            }
                          ],
                          "parent": 4,
                          "ID": 5,
                          "left": 6
                        },
                        {
                          "Node Type": "Aggregate",
                          "Strategy": "Sorted",
                          "Partial Mode": "Finalize",
                          "Parent Relationship": "Inner",
                          "Parallel Aware": false,
                          "Async Capable": false,
                          "Startup Cost": 67464.0,
                          "Total Cost": 67505.8,
                          "Plan Rows": 102,
                          "Plan Width": 68,
                          "Group Key": [
                            "store_1.s_store_sk"
                          ],
                          "Plans": [
                            {
                              "Node Type": "Gather Merge",
                              "Parent Relationship": "Outer",
                              "Parallel Aware": false,
                              "Async Capable": false,
                              "Startup Cost": 67464.0,
                              "Total Cost": 67501.72,
                              "Plan Rows": 204,
                              "Plan Width": 68,
                              "Workers Planned": 2,
                              "Plans": [
                                {
                                  "Node Type": "Aggregate",
                                  "Strategy": "Sorted",
                                  "Partial Mode": "Partial",
                                  "Parent Relationship": "Outer",
                                  "Parallel Aware": false,
                                  "Async Capable": false,
                                  "Startup Cost": 66463.97,
                                  "Total Cost": 66478.15,
                                  "Plan Rows": 102,
                                  "Plan Width": 68,
                                  "Group Key": [
                                    "store_1.s_store_sk"
                                  ],
                                  "Plans": [
                                    {
                                      "Node Type": "Merge Join",
                                      "Parent Relationship": "Outer",
                                      "Parallel Aware": false,
                                      "Async Capable": false,
                                      "Join Type": "Inner",
                                      "Startup Cost": 66463.97,
                                      "Total Cost": 66473.17,
                                      "Plan Rows": 460,
                                      "Plan Width": 16,
                                      "Inner Unique": false,
                                      "Merge Cond": "(store_returns.sr_store_sk = store_1.s_store_sk)",
                                      "Plans": [
                                        {
                                          "Node Type": "Sort",
                                          "Parent Relationship": "Outer",
                                          "Parallel Aware": false,
                                          "Async Capable": false,
                                          "Startup Cost": 66454.55,
                                          "Total Cost": 66455.74,
                                          "Plan Rows": 476,
                                          "Plan Width": 16,
                                          "Sort Key": [
                                            "store_returns.sr_store_sk"
                                          ],
                                          "Plans": [
                                            {
                                              "Node Type": "Hash Join",
                                              "Parent Relationship": "Outer",
                                              "Parallel Aware": true,
                                              "Async Capable": false,
                                              "Join Type": "Inner",
                                              "Startup Cost": 2049.78,
                                              "Total Cost": 66433.38,
                                              "Plan Rows": 476,
                                              "Plan Width": 16,
                                              "Inner Unique": false,
                                              "Hash Cond": "(store_returns.sr_returned_date_sk = date_dim_1.d_date_sk)",
                                              "Plans": [
                                                {
                                                  "Node Type": "Seq Scan",
                                                  "Parent Relationship": "Outer",
                                                  "Parallel Aware": true,
                                                  "Async Capable": false,
                                                  "Relation Name": "store_returns",
                                                  "Alias": "store_returns",
                                                  "Startup Cost": 0.0,
                                                  "Total Cost": 59887.64,
                                                  "Plan Rows": 1198164,
                                                  "Plan Width": 20,
                                                  "parent": 21,
                                                  "ID": 22
                                                },
                                                {
                                                  "Node Type": "Hash",
                                                  "Parent Relationship": "Inner",
                                                  "Parallel Aware": true,
                                                  "Async Capable": false,
                                                  "Startup Cost": 2049.55,
                                                  "Total Cost": 2049.55,
                                                  "Plan Rows": 18,
                                                  "Plan Width": 4,
                                                  "Plans": [
                                                    {
                                                      "Node Type": "Seq Scan",
                                                      "Parent Relationship": "Outer",
                                                      "Parallel Aware": true,
                                                      "Async Capable": false,
                                                      "Relation Name": "date_dim",
                                                      "Alias": "date_dim_1",
                                                      "Startup Cost": 0.0,
                                                      "Total Cost": 2049.55,
                                                      "Plan Rows": 18,
                                                      "Plan Width": 4,
                                                      "Filter": "((d_date >= '1999-08-14'::date) AND (d_date <= '1999-09-13 00:00:00'::timestamp without time zone))",
                                                      "parent": 23,
                                                      "ID": 24
                                                    }
                                                  ],
                                                  "parent": 21,
                                                  "ID": 23,
                                                  "left": 24
                                                }
                                              ],
                                              "parent": 20,
                                              "ID": 21,
                                              "left": 22,
                                              "right": 23
                                            }
                                          ],
                                          "parent": 19,
                                          "ID": 20,
                                          "left": 21
                                        },
                                        {
                                          "Node Type": "Sort",
                                          "Parent Relationship": "Inner",
                                          "Parallel Aware": false,
                                          "Async Capable": false,
                                          "Startup Cost": 9.42,
                                          "Total Cost": 9.68,
                                          "Plan Rows": 102,
                                          "Plan Width": 4,
                                          "Sort Key": [
                                            "store_1.s_store_sk"
                                          ],
                                          "Plans": [
                                            {
                                              "Node Type": "Seq Scan",
                                              "Parent Relationship": "Outer",
                                              "Parallel Aware": false,
                                              "Async Capable": false,
                                              "Relation Name": "store",
                                              "Alias": "store_1",
                                              "Startup Cost": 0.0,
                                              "Total Cost": 6.02,
                                              "Plan Rows": 102,
                                              "Plan Width": 4,
                                              "parent": 25,
                                              "ID": 26
                                            }
                                          ],
                                          "parent": 19,
                                          "ID": 25,
                                          "left": 26
                                        }
                                      ],
                                      "parent": 18,
                                      "ID": 19,
                                      "left": 20,
                                      "right": 25
                                    }
                                  ],
                                  "parent": 17,
                                  "ID": 18,
                                  "left": 19
                                }
                              ],
                              "parent": 16,
                              "ID": 17,
                              "left": 18
                            }
                          ],
                          "parent": 4,
                          "ID": 16,
                          "left": 17
                        }
                      ],
                      "parent": 3,
                      "ID": 4,
                      "left": 5,
                      "right": 16
                    },
                    {
                      "Node Type": "Nested Loop",
                      "Parent Relationship": "Member",
                      "Parallel Aware": false,
                      "Async Capable": false,
                      "Join Type": "Inner",
                      "Startup Cost": 499452.25,
                      "Total Cost": 499502.11,
                      "Plan Rows": 576,
                      "Plan Width": 132,
                      "Inner Unique": false,
                      "Plans": [
                        {
                          "Node Type": "Aggregate",
                          "Strategy": "Sorted",
                          "Partial Mode": "Finalize",
                          "Parent Relationship": "Outer",
                          "Parallel Aware": false,
                          "Async Capable": false,
                          "Startup Cost": 459392.64,
                          "Total Cost": 459424.0,
                          "Plan Rows": 24,
                          "Plan Width": 68,
                          "Group Key": [
                            "catalog_sales.cs_call_center_sk"
                          ],
                          "Plans": [
                            {
                              "Node Type": "Gather Merge",
                              "Parent Relationship": "Outer",
                              "Parallel Aware": false,
                              "Async Capable": false,
                              "Startup Cost": 459392.64,
                              "Total Cost": 459423.04,
                              "Plan Rows": 48,
                              "Plan Width": 68,
                              "Workers Planned": 2,
                              "Plans": [
                                {
                                  "Node Type": "Aggregate",
                                  "Strategy": "Sorted",
                                  "Partial Mode": "Partial",
                                  "Parent Relationship": "Outer",
                                  "Parallel Aware": false,
                                  "Async Capable": false,
                                  "Startup Cost": 458392.62,
                                  "Total Cost": 458417.48,
                                  "Plan Rows": 24,
                                  "Plan Width": 68,
                                  "Group Key": [
                                    "catalog_sales.cs_call_center_sk"
                                  ],
                                  "Plans": [
                                    {
                                      "Node Type": "Sort",
                                      "Parent Relationship": "Outer",
                                      "Parallel Aware": false,
                                      "Async Capable": false,
                                      "Startup Cost": 458392.62,
                                      "Total Cost": 458398.74,
                                      "Plan Rows": 2450,
                                      "Plan Width": 16,
                                      "Sort Key": [
                                        "catalog_sales.cs_call_center_sk"
                                      ],
                                      "Plans": [
                                        {
                                          "Node Type": "Hash Join",
                                          "Parent Relationship": "Outer",
                                          "Parallel Aware": true,
                                          "Async Capable": false,
                                          "Join Type": "Inner",
                                          "Startup Cost": 2049.78,
                                          "Total Cost": 458254.7,
                                          "Plan Rows": 2450,
                                          "Plan Width": 16,
                                          "Inner Unique": false,
                                          "Hash Cond": "(catalog_sales.cs_sold_date_sk = date_dim_2.d_date_sk)",
                                          "Plans": [
                                            {
                                              "Node Type": "Seq Scan",
                                              "Parent Relationship": "Outer",
                                              "Parallel Aware": true,
                                              "Async Capable": false,
                                              "Relation Name": "catalog_sales",
                                              "Alias": "catalog_sales",
                                              "Startup Cost": 0.0,
                                              "Total Cost": 433688.25,
                                              "Plan Rows": 6000525,
                                              "Plan Width": 20,
                                              "parent": 32,
                                              "ID": 33
                                            },
                                            {
                                              "Node Type": "Hash",
                                              "Parent Relationship": "Inner",
                                              "Parallel Aware": true,
                                              "Async Capable": false,
                                              "Startup Cost": 2049.55,
                                              "Total Cost": 2049.55,
                                              "Plan Rows": 18,
                                              "Plan Width": 4,
                                              "Plans": [
                                                {
                                                  "Node Type": "Seq Scan",
                                                  "Parent Relationship": "Outer",
                                                  "Parallel Aware": true,
                                                  "Async Capable": false,
                                                  "Relation Name": "date_dim",
                                                  "Alias": "date_dim_2",
                                                  "Startup Cost": 0.0,
                                                  "Total Cost": 2049.55,
                                                  "Plan Rows": 18,
                                                  "Plan Width": 4,
                                                  "Filter": "((d_date >= '1999-08-14'::date) AND (d_date <= '1999-09-13 00:00:00'::timestamp without time zone))",
                                                  "parent": 34,
                                                  "ID": 35
                                                }
                                              ],
                                              "parent": 32,
                                              "ID": 34,
                                              "left": 35
                                            }
                                          ],
                                          "parent": 31,
                                          "ID": 32,
                                          "left": 33,
                                          "right": 34
                                        }
                                      ],
                                      "parent": 30,
                                      "ID": 31,
                                      "left": 32
                                    }
                                  ],
                                  "parent": 29,
                                  "ID": 30,
                                  "left": 31
                                }
                              ],
                              "parent": 28,
                              "ID": 29,
                              "left": 30
                            }
                          ],
                          "parent": 27,
                          "ID": 28,
                          "left": 29
                        },
                        {
                          "Node Type": "Materialize",
                          "Parent Relationship": "Inner",
                          "Parallel Aware": false,
                          "Async Capable": false,
                          "Startup Cost": 40059.61,
                          "Total Cost": 40069.29,
                          "Plan Rows": 24,
                          "Plan Width": 64,
                          "Plans": [
                            {
                              "Node Type": "Subquery Scan",
                              "Parent Relationship": "Outer",
                              "Parallel Aware": false,
                              "Async Capable": false,
                              "Alias": "cr",
                              "Startup Cost": 40059.61,
                              "Total Cost": 40069.17,
                              "Plan Rows": 24,
                              "Plan Width": 64,
                              "Plans": [
                                {
                                  "Node Type": "Aggregate",
                                  "Strategy": "Sorted",
                                  "Partial Mode": "Finalize",
                                  "Parent Relationship": "Subquery",
                                  "Parallel Aware": false,
                                  "Async Capable": false,
                                  "Startup Cost": 40059.61,
                                  "Total Cost": 40068.93,
                                  "Plan Rows": 24,
                                  "Plan Width": 68,
                                  "Group Key": [
                                    "catalog_returns.cr_call_center_sk"
                                  ],
                                  "Plans": [
                                    {
                                      "Node Type": "Gather Merge",
                                      "Parent Relationship": "Outer",
                                      "Parallel Aware": false,
                                      "Async Capable": false,
                                      "Startup Cost": 40059.61,
                                      "Total Cost": 40067.97,
                                      "Plan Rows": 48,
                                      "Plan Width": 68,
                                      "Workers Planned": 2,
                                      "Plans": [
                                        {
                                          "Node Type": "Aggregate",
                                          "Strategy": "Sorted",
                                          "Partial Mode": "Partial",
                                          "Parent Relationship": "Outer",
                                          "Parallel Aware": false,
                                          "Async Capable": false,
                                          "Startup Cost": 39059.58,
                                          "Total Cost": 39062.4,
                                          "Plan Rows": 24,
                                          "Plan Width": 68,
                                          "Group Key": [
                                            "catalog_returns.cr_call_center_sk"
                                          ],
                                          "Plans": [
                                            {
                                              "Node Type": "Sort",
                                              "Parent Relationship": "Outer",
                                              "Parallel Aware": false,
                                              "Async Capable": false,
                                              "Startup Cost": 39059.58,
                                              "Total Cost": 39060.2,
                                              "Plan Rows": 246,
                                              "Plan Width": 16,
                                              "Sort Key": [
                                                "catalog_returns.cr_call_center_sk"
                                              ],
                                              "Plans": [
                                                {
                                                  "Node Type": "Hash Join",
                                                  "Parent Relationship": "Outer",
                                                  "Parallel Aware": true,
                                                  "Async Capable": false,
                                                  "Join Type": "Inner",
                                                  "Startup Cost": 2049.78,
                                                  "Total Cost": 39049.82,
                                                  "Plan Rows": 246,
                                                  "Plan Width": 16,
                                                  "Inner Unique": false,
                                                  "Hash Cond": "(catalog_returns.cr_returned_date_sk = date_dim_3.d_date_sk)",
                                                  "Plans": [
                                                    {
                                                      "Node Type": "Seq Scan",
                                                      "Parent Relationship": "Outer",
                                                      "Parallel Aware": true,
                                                      "Async Capable": false,
                                                      "Relation Name": "catalog_returns",
                                                      "Alias": "catalog_returns",
                                                      "Startup Cost": 0.0,
                                                      "Total Cost": 34748.95,
                                                      "Plan Rows": 599895,
                                                      "Plan Width": 20,
                                                      "parent": 42,
                                                      "ID": 43
                                                    },
                                                    {
                                                      "Node Type": "Hash",
                                                      "Parent Relationship": "Inner",
                                                      "Parallel Aware": true,
                                                      "Async Capable": false,
                                                      "Startup Cost": 2049.55,
                                                      "Total Cost": 2049.55,
                                                      "Plan Rows": 18,
                                                      "Plan Width": 4,
                                                      "Plans": [
                                                        {
                                                          "Node Type": "Seq Scan",
                                                          "Parent Relationship": "Outer",
                                                          "Parallel Aware": true,
                                                          "Async Capable": false,
                                                          "Relation Name": "date_dim",
                                                          "Alias": "date_dim_3",
                                                          "Startup Cost": 0.0,
                                                          "Total Cost": 2049.55,
                                                          "Plan Rows": 18,
                                                          "Plan Width": 4,
                                                          "Filter": "((d_date >= '1999-08-14'::date) AND (d_date <= '1999-09-13 00:00:00'::timestamp without time zone))",
                                                          "parent": 44,
                                                          "ID": 45
                                                        }
                                                      ],
                                                      "parent": 42,
                                                      "ID": 44,
                                                      "left": 45
                                                    }
                                                  ],
                                                  "parent": 41,
                                                  "ID": 42,
                                                  "left": 43,
                                                  "right": 44
                                                }
                                              ],
                                              "parent": 40,
                                              "ID": 41,
                                              "left": 42
                                            }
                                          ],
                                          "parent": 39,
                                          "ID": 40,
                                          "left": 41
                                        }
                                      ],
                                      "parent": 38,
                                      "ID": 39,
                                      "left": 40
                                    }
                                  ],
                                  "parent": 37,
                                  "ID": 38,
                                  "left": 39
                                }
                              ],
                              "parent": 36,
                              "ID": 37,
                              "left": 38
                            }
                          ],
                          "parent": 27,
                          "ID": 36,
                          "left": 37
                        }
                      ],
                      "parent": 3,
                      "ID": 27,
                      "left": 28,
                      "right": 36
                    },
                    {
                      "Node Type": "Merge Join",
                      "Parent Relationship": "Member",
                      "Parallel Aware": false,
                      "Async Capable": false,
                      "Join Type": "Left",
                      "Startup Cost": 252590.79,
                      "Total Cost": 252726.18,
                      "Plan Rows": 200,
                      "Plan Width": 132,
                      "Inner Unique": true,
                      "Merge Cond": "(web_page.wp_web_page_sk = web_page_1.wp_web_page_sk)",
                      "Plans": [
                        {
                          "Node Type": "Aggregate",
                          "Strategy": "Sorted",
                          "Partial Mode": "Finalize",
                          "Parent Relationship": "Outer",
                          "Parallel Aware": false,
                          "Async Capable": false,
                          "Startup Cost": 232119.07,
                          "Total Cost": 232210.1,
                          "Plan Rows": 200,
                          "Plan Width": 68,
                          "Group Key": [
                            "web_page.wp_web_page_sk"
                          ],
                          "Plans": [
                            {
                              "Node Type": "Gather Merge",
                              "Parent Relationship": "Outer",
                              "Parallel Aware": false,
                              "Async Capable": false,
                              "Startup Cost": 232119.07,
                              "Total Cost": 232202.1,
                              "Plan Rows": 400,
                              "Plan Width": 68,
                              "Workers Planned": 2,
                              "Plans": [
                                {
                                  "Node Type": "Aggregate",
                                  "Strategy": "Sorted",
                                  "Partial Mode": "Partial",
                                  "Parent Relationship": "Outer",
                                  "Parallel Aware": false,
                                  "Async Capable": false,
                                  "Startup Cost": 231119.05,
                                  "Total Cost": 231155.9,
                                  "Plan Rows": 200,
                                  "Plan Width": 68,
                                  "Group Key": [
                                    "web_page.wp_web_page_sk"
                                  ],
                                  "Plans": [
                                    {
                                      "Node Type": "Merge Join",
                                      "Parent Relationship": "Outer",
                                      "Parallel Aware": false,
                                      "Async Capable": false,
                                      "Join Type": "Inner",
                                      "Startup Cost": 231119.05,
                                      "Total Cost": 231143.67,
                                      "Plan Rows": 1231,
                                      "Plan Width": 16,
                                      "Inner Unique": false,
                                      "Merge Cond": "(web_sales.ws_web_page_sk = web_page.wp_web_page_sk)",
                                      "Plans": [
                                        {
                                          "Node Type": "Sort",
                                          "Parent Relationship": "Outer",
                                          "Parallel Aware": false,
                                          "Async Capable": false,
                                          "Startup Cost": 231104.41,
                                          "Total Cost": 231107.48,
                                          "Plan Rows": 1231,
                                          "Plan Width": 16,
                                          "Sort Key": [
                                            "web_sales.ws_web_page_sk"
                                          ],
                                          "Plans": [
                                            {
                                              "Node Type": "Hash Join",
                                              "Parent Relationship": "Outer",
                                              "Parallel Aware": true,
                                              "Async Capable": false,
                                              "Join Type": "Inner",
                                              "Startup Cost": 2049.78,
                                              "Total Cost": 231041.22,
                                              "Plan Rows": 1231,
                                              "Plan Width": 16,
                                              "Inner Unique": false,
                                              "Hash Cond": "(web_sales.ws_sold_date_sk = date_dim_4.d_date_sk)",
                                              "Plans": [
                                                {
                                                  "Node Type": "Seq Scan",
                                                  "Parent Relationship": "Outer",
                                                  "Parallel Aware": true,
                                                  "Async Capable": false,
                                                  "Relation Name": "web_sales",
                                                  "Alias": "web_sales",
                                                  "Startup Cost": 0.0,
                                                  "Total Cost": 217737.86,
                                                  "Plan Rows": 2998986,
                                                  "Plan Width": 20,
                                                  "parent": 52,
                                                  "ID": 53
                                                },
                                                {
                                                  "Node Type": "Hash",
                                                  "Parent Relationship": "Inner",
                                                  "Parallel Aware": true,
                                                  "Async Capable": false,
                                                  "Startup Cost": 2049.55,
                                                  "Total Cost": 2049.55,
                                                  "Plan Rows": 18,
                                                  "Plan Width": 4,
                                                  "Plans": [
                                                    {
                                                      "Node Type": "Seq Scan",
                                                      "Parent Relationship": "Outer",
                                                      "Parallel Aware": true,
                                                      "Async Capable": false,
                                                      "Relation Name": "date_dim",
                                                      "Alias": "date_dim_4",
                                                      "Startup Cost": 0.0,
                                                      "Total Cost": 2049.55,
                                                      "Plan Rows": 18,
                                                      "Plan Width": 4,
                                                      "Filter": "((d_date >= '1999-08-14'::date) AND (d_date <= '1999-09-13 00:00:00'::timestamp without time zone))",
                                                      "parent": 54,
                                                      "ID": 55
                                                    }
                                                  ],
                                                  "parent": 52,
                                                  "ID": 54,
                                                  "left": 55
                                                }
                                              ],
                                              "parent": 51,
                                              "ID": 52,
                                              "left": 53,
                                              "right": 54
                                            }
                                          ],
                                          "parent": 50,
                                          "ID": 51,
                                          "left": 52
                                        },
                                        {
                                          "Node Type": "Sort",
                                          "Parent Relationship": "Inner",
                                          "Parallel Aware": false,
                                          "Async Capable": false,
                                          "Startup Cost": 14.64,
                                          "Total Cost": 15.14,
                                          "Plan Rows": 200,
                                          "Plan Width": 4,
                                          "Sort Key": [
                                            "web_page.wp_web_page_sk"
                                          ],
                                          "Plans": [
                                            {
                                              "Node Type": "Seq Scan",
                                              "Parent Relationship": "Outer",
                                              "Parallel Aware": false,
                                              "Async Capable": false,
                                              "Relation Name": "web_page",
                                              "Alias": "web_page",
                                              "Startup Cost": 0.0,
                                              "Total Cost": 7.0,
                                              "Plan Rows": 200,
                                              "Plan Width": 4,
                                              "parent": 56,
                                              "ID": 57
                                            }
                                          ],
                                          "parent": 50,
                                          "ID": 56,
                                          "left": 57
                                        }
                                      ],
                                      "parent": 49,
                                      "ID": 50,
                                      "left": 51,
                                      "right": 56
                                    }
                                  ],
                                  "parent": 48,
                                  "ID": 49,
                                  "left": 50
                                }
                              ],
                              "parent": 47,
                              "ID": 48,
                              "left": 49
                            }
                          ],
                          "parent": 46,
                          "ID": 47,
                          "left": 48
                        },
                        {
                          "Node Type": "Aggregate",
                          "Strategy": "Sorted",
                          "Partial Mode": "Finalize",
                          "Parent Relationship": "Inner",
                          "Parallel Aware": false,
                          "Async Capable": false,
                          "Startup Cost": 20471.72,
                          "Total Cost": 20508.59,
                          "Plan Rows": 200,
                          "Plan Width": 68,
                          "Group Key": [
                            "web_page_1.wp_web_page_sk"
                          ],
                          "Plans": [
                            {
                              "Node Type": "Gather Merge",
                              "Parent Relationship": "Outer",
                              "Parallel Aware": false,
                              "Async Capable": false,
                              "Startup Cost": 20471.72,
                              "Total Cost": 20502.79,
                              "Plan Rows": 224,
                              "Plan Width": 68,
                              "Workers Planned": 2,
                              "Plans": [
                                {
                                  "Node Type": "Aggregate",
                                  "Strategy": "Sorted",
                                  "Partial Mode": "Partial",
                                  "Parent Relationship": "Outer",
                                  "Parallel Aware": false,
                                  "Async Capable": false,
                                  "Startup Cost": 19471.69,
                                  "Total Cost": 19476.91,
                                  "Plan Rows": 112,
                                  "Plan Width": 68,
                                  "Group Key": [
                                    "web_page_1.wp_web_page_sk"
                                  ],
                                  "Plans": [
                                    {
                                      "Node Type": "Merge Join",
                                      "Parent Relationship": "Outer",
                                      "Parallel Aware": false,
                                      "Async Capable": false,
                                      "Join Type": "Inner",
                                      "Startup Cost": 19471.69,
                                      "Total Cost": 19474.39,
                                      "Plan Rows": 112,
                                      "Plan Width": 16,
                                      "Inner Unique": false,
                                      "Merge Cond": "(web_returns.wr_web_page_sk = web_page_1.wp_web_page_sk)",
                                      "Plans": [
                                        {
                                          "Node Type": "Sort",
                                          "Parent Relationship": "Outer",
                                          "Parallel Aware": false,
                                          "Async Capable": false,
                                          "Startup Cost": 19457.05,
                                          "Total Cost": 19457.35,
                                          "Plan Rows": 118,
                                          "Plan Width": 16,
                                          "Sort Key": [
                                            "web_returns.wr_web_page_sk"
                                          ],
                                          "Plans": [
                                            {
                                              "Node Type": "Hash Join",
                                              "Parent Relationship": "Outer",
                                              "Parallel Aware": true,
                                              "Async Capable": false,
                                              "Join Type": "Inner",
                                              "Startup Cost": 2049.78,
                                              "Total Cost": 19452.99,
                                              "Plan Rows": 118,
                                              "Plan Width": 16,
                                              "Inner Unique": false,
                                              "Hash Cond": "(web_returns.wr_returned_date_sk = date_dim_5.d_date_sk)",
                                              "Plans": [
                                                {
                                                  "Node Type": "Seq Scan",
                                                  "Parent Relationship": "Outer",
                                                  "Parallel Aware": true,
                                                  "Async Capable": false,
                                                  "Relation Name": "web_returns",
                                                  "Alias": "web_returns",
                                                  "Startup Cost": 0.0,
                                                  "Total Cost": 16278.74,
                                                  "Plan Rows": 299674,
                                                  "Plan Width": 20,
                                                  "parent": 63,
                                                  "ID": 64
                                                },
                                                {
                                                  "Node Type": "Hash",
                                                  "Parent Relationship": "Inner",
                                                  "Parallel Aware": true,
                                                  "Async Capable": false,
                                                  "Startup Cost": 2049.55,
                                                  "Total Cost": 2049.55,
                                                  "Plan Rows": 18,
                                                  "Plan Width": 4,
                                                  "Plans": [
                                                    {
                                                      "Node Type": "Seq Scan",
                                                      "Parent Relationship": "Outer",
                                                      "Parallel Aware": true,
                                                      "Async Capable": false,
                                                      "Relation Name": "date_dim",
                                                      "Alias": "date_dim_5",
                                                      "Startup Cost": 0.0,
                                                      "Total Cost": 2049.55,
                                                      "Plan Rows": 18,
                                                      "Plan Width": 4,
                                                      "Filter": "((d_date >= '1999-08-14'::date) AND (d_date <= '1999-09-13 00:00:00'::timestamp without time zone))",
                                                      "parent": 65,
                                                      "ID": 66
                                                    }
                                                  ],
                                                  "parent": 63,
                                                  "ID": 65,
                                                  "left": 66
                                                }
                                              ],
                                              "parent": 62,
                                              "ID": 63,
                                              "left": 64,
                                              "right": 65
                                            }
                                          ],
                                          "parent": 61,
                                          "ID": 62,
                                          "left": 63
                                        },
                                        {
                                          "Node Type": "Sort",
                                          "Parent Relationship": "Inner",
                                          "Parallel Aware": false,
                                          "Async Capable": false,
                                          "Startup Cost": 14.64,
                                          "Total Cost": 15.14,
                                          "Plan Rows": 200,
                                          "Plan Width": 4,
                                          "Sort Key": [
                                            "web_page_1.wp_web_page_sk"
                                          ],
                                          "Plans": [
                                            {
                                              "Node Type": "Seq Scan",
                                              "Parent Relationship": "Outer",
                                              "Parallel Aware": false,
                                              "Async Capable": false,
                                              "Relation Name": "web_page",
                                              "Alias": "web_page_1",
                                              "Startup Cost": 0.0,
                                              "Total Cost": 7.0,
                                              "Plan Rows": 200,
                                              "Plan Width": 4,
                                              "parent": 67,
                                              "ID": 68
                                            }
                                          ],
                                          "parent": 61,
                                          "ID": 67,
                                          "left": 68
                                        }
                                      ],
                                      "parent": 60,
                                      "ID": 61,
                                      "left": 62,
                                      "right": 67
                                    }
                                  ],
                                  "parent": 59,
                                  "ID": 60,
                                  "left": 61
                                }
                              ],
                              "parent": 58,
                              "ID": 59,
                              "left": 60
                            }
                          ],
                          "parent": 46,
                          "ID": 58,
                          "left": 59
                        }
                      ],
                      "parent": 3,
                      "ID": 46,
                      "left": 47,
                      "right": 58
                    }
                  ],
                  "parent": 2,
                  "ID": 3,
                  "left": 4,
                  "right": 27
                }
              ],
              "parent": 1,
              "ID": 2,
              "left": 3
            }
          ],
          "parent": 0,
          "ID": 1,
          "left": 2
        }
      ],
      "parent": null,
      "ID": 0,
      "left": 1
    },
    "feat": {
      "utility": 0.0,
      "query_shape": [
        [
          "Seq Scan",
          "Hash Join",
          "Sort",
          "Merge Join",
          "Aggregate",
          "Gather Merge",
          "Append"
        ],
        [
          "Seq Scan",
          "Hash",
          "Hash Join",
          "Sort",
          "Merge Join",
          "Aggregate",
          "Gather Merge",
          "Append"
        ],
        [
          "Seq Scan",
          "Sort",
          "Merge Join",
          "Aggregate",
          "Gather Merge",
          "Append"
        ],
        [
          "Seq Scan",
          "Hash Join",
          "Sort",
          "Merge Join",
          "Aggregate",
          "Gather Merge",
          "Append"
        ],
        [
          "Seq Scan",
          "Hash",
          "Hash Join",
          "Sort",
          "Merge Join",
          "Aggregate",
          "Gather Merge",
          "Append"
        ],
        [
          "Seq Scan",
          "Sort",
          "Merge Join",
          "Aggregate",
          "Gather Merge",
          "Append"
        ],
        [
          "Seq Scan",
          "Hash Join",
          "Sort",
          "Aggregate",
          "Gather Merge",
          "Nested Loop",
          "Append"
        ],
        [
          "Seq Scan",
          "Hash",
          "Hash Join",
          "Sort",
          "Aggregate",
          "Gather Merge",
          "Nested Loop",
          "Append"
        ],
        [
          "Seq Scan",
          "Hash Join",
          "Sort",
          "Aggregate",
          "Gather Merge",
          "Subquery Scan",
          "Materialize",
          "Nested Loop",
          "Append"
        ],
        [
          "Seq Scan",
          "Hash",
          "Hash Join",
          "Sort",
          "Aggregate",
          "Gather Merge",
          "Subquery Scan",
          "Materialize",
          "Nested Loop",
          "Append"
        ],
        [
          "Seq Scan",
          "Hash Join",
          "Sort",
          "Merge Join",
          "Aggregate",
          "Gather Merge",
          "Append"
        ],
        [
          "Seq Scan",
          "Hash",
          "Hash Join",
          "Sort",
          "Merge Join",
          "Aggregate",
          "Gather Merge",
          "Append"
        ],
        [
          "Seq Scan",
          "Sort",
          "Merge Join",
          "Aggregate",
          "Gather Merge",
          "Append"
        ],
        [
          "Seq Scan",
          "Hash Join",
          "Sort",
          "Merge Join",
          "Aggregate",
          "Gather Merge",
          "Append"
        ],
        [
          "Seq Scan",
          "Hash",
          "Hash Join",
          "Sort",
          "Merge Join",
          "Aggregate",
          "Gather Merge",
          "Append"
        ],
        [
          "Seq Scan",
          "Sort",
          "Merge Join",
          "Aggregate",
          "Gather Merge",
          "Append"
        ]
      ],
      "index_shape": [],
      "physical_operator": {}
    }
  },
  {
    "query": "with ss as\n (select s_store_sk,\n         sum(ss_ext_sales_price) as sales,\n         sum(ss_net_profit) as profit\n from store_sales,\n      date_dim,\n      store\n where ss_sold_date_sk = d_date_sk\n       and d_date between cast('1999-08-14' as date) \n                  and (cast('1999-08-14' as date) +  interval '30 days') \n       and ss_store_sk = s_store_sk\n group by s_store_sk)\n ,\n sr as\n (select s_store_sk,\n         sum(sr_return_amt) as returns,\n         sum(sr_net_loss) as profit_loss\n from store_returns,\n      date_dim,\n      store\n where sr_returned_date_sk = d_date_sk\n       and d_date between cast('1999-08-14' as date)\n                  and (cast('1999-08-14' as date) +  interval '30 days')\n       and sr_store_sk = s_store_sk\n group by s_store_sk), \n cs as\n (select cs_call_center_sk,\n        sum(cs_ext_sales_price) as sales,\n        sum(cs_net_profit) as profit\n from catalog_sales,\n      date_dim\n where cs_sold_date_sk = d_date_sk\n       and d_date between cast('1999-08-14' as date)\n                  and (cast('1999-08-14' as date) +  interval '30 days')\n group by cs_call_center_sk \n ), \n cr as\n (select cr_call_center_sk,\n         sum(cr_return_amount) as returns,\n         sum(cr_net_loss) as profit_loss\n from catalog_returns,\n      date_dim\n where cr_returned_date_sk = d_date_sk\n       and d_date between cast('1999-08-14' as date)\n                  and (cast('1999-08-14' as date) +  interval '30 days')\n group by cr_call_center_sk\n ), \n ws as\n ( select wp_web_page_sk,\n        sum(ws_ext_sales_price) as sales,\n        sum(ws_net_profit) as profit\n from web_sales,\n      date_dim,\n      web_page\n where ws_sold_date_sk = d_date_sk\n       and d_date between cast('1999-08-14' as date)\n                  and (cast('1999-08-14' as date) +  interval '30 days')\n       and ws_web_page_sk = wp_web_page_sk\n group by wp_web_page_sk), \n wr as\n (select wp_web_page_sk,\n        sum(wr_return_amt) as returns,\n        sum(wr_net_loss) as profit_loss\n from web_returns,\n      date_dim,\n      web_page\n where wr_returned_date_sk = d_date_sk\n       and d_date between cast('1999-08-14' as date)\n                  and (cast('1999-08-14' as date) +  interval '30 days')\n       and wr_web_page_sk = wp_web_page_sk\n group by wp_web_page_sk)\n  select  channel\n        , id\n        , sum(sales) as sales\n        , sum(returns) as returns\n        , sum(profit) as profit\n from \n (select 'store channel' as channel\n        , ss.s_store_sk as id\n        , sales\n        , coalesce(returns, 0) as returns\n        , (profit - coalesce(profit_loss,0)) as profit\n from   ss left join sr\n        on  ss.s_store_sk = sr.s_store_sk\n union all\n select 'catalog channel' as channel\n        , cs_call_center_sk as id\n        , sales\n        , returns\n        , (profit - profit_loss) as profit\n from  cs\n       , cr\n union all\n select 'web channel' as channel\n        , ws.wp_web_page_sk as id\n        , sales\n        , coalesce(returns, 0) as returns\n        , (profit - coalesce(profit_loss,0)) as profit\n from   ws left join wr\n        on  ws.wp_web_page_sk = wr.wp_web_page_sk\n ) x\n group by rollup (channel, id)\n order by channel\n         ,id\n limit 100;\n\n-- end query 58 in stream 0 using template query77.tpl\n",
    "indexes": "date_dim.d_date_sk",
    "wo plan est": {
      "Node Type": "Limit",
      "Parallel Aware": false,
      "Async Capable": false,
      "Startup Cost": 1505243.45,
      "Total Cost": 1505243.7,
      "Plan Rows": 100,
      "Plan Width": 132,
      "Plans": [
        {
          "Node Type": "Sort",
          "Parent Relationship": "Outer",
          "Parallel Aware": false,
          "Async Capable": false,
          "Startup Cost": 1505243.45,
          "Total Cost": 1505244.45,
          "Plan Rows": 401,
          "Plan Width": 132,
          "Sort Key": [
            "('store channel'::text)",
            "store.s_store_sk"
          ],
          "Plans": [
            {
              "Node Type": "Aggregate",
              "Strategy": "Mixed",
              "Partial Mode": "Simple",
              "Parent Relationship": "Outer",
              "Parallel Aware": false,
              "Async Capable": false,
              "Startup Cost": 752755.06,
              "Total Cost": 1505228.12,
              "Plan Rows": 401,
              "Plan Width": 132,
              "Grouping Sets": [
                {
                  "Hash Keys": [
                    [
                      "('store channel'::text)",
                      "store.s_store_sk"
                    ]
                  ]
                },
                {
                  "Hash Keys": [
                    [
                      "('store channel'::text)"
                    ]
                  ]
                },
                {
                  "Group Keys": [
                    []
                  ]
                }
              ],
              "Planned Partitions": 0,
              "Plans": [
                {
                  "Node Type": "Append",
                  "Parent Relationship": "Outer",
                  "Parallel Aware": false,
                  "Async Capable": false,
                  "Startup Cost": 752755.06,
                  "Total Cost": 1505194.76,
                  "Plan Rows": 878,
                  "Plan Width": 132,
                  "Subplans Removed": 0,
                  "Plans": [
                    {
                      "Node Type": "Merge Join",
                      "Parent Relationship": "Member",
                      "Parallel Aware": false,
                      "Async Capable": false,
                      "Join Type": "Left",
                      "Startup Cost": 752755.06,
                      "Total Cost": 752953.3,
                      "Plan Rows": 102,
                      "Plan Width": 132,
                      "Inner Unique": true,
                      "Merge Cond": "(store.s_store_sk = store_1.s_store_sk)",
                      "Plans": [
                        {
                          "Node Type": "Aggregate",
                          "Strategy": "Sorted",
                          "Partial Mode": "Finalize",
                          "Parent Relationship": "Outer",
                          "Parallel Aware": false,
                          "Async Capable": false,
                          "Startup Cost": 685291.07,
                          "Total Cost": 685443.67,
                          "Plan Rows": 102,
                          "Plan Width": 68,
                          "Group Key": [
                            "store.s_store_sk"
                          ],
                          "Plans": [
                            {
                              "Node Type": "Gather Merge",
                              "Parent Relationship": "Outer",
                              "Parallel Aware": false,
                              "Async Capable": false,
                              "Startup Cost": 685291.07,
                              "Total Cost": 685439.59,
                              "Plan Rows": 204,
                              "Plan Width": 68,
                              "Workers Planned": 2,
                              "Plans": [
                                {
                                  "Node Type": "Aggregate",
                                  "Strategy": "Sorted",
                                  "Partial Mode": "Partial",
                                  "Parent Relationship": "Outer",
                                  "Parallel Aware": false,
                                  "Async Capable": false,
                                  "Startup Cost": 684291.04,
                                  "Total Cost": 684416.02,
                                  "Plan Rows": 102,
                                  "Plan Width": 68,
                                  "Group Key": [
                                    "store.s_store_sk"
                                  ],
                                  "Plans": [
                                    {
                                      "Node Type": "Merge Join",
                                      "Parent Relationship": "Outer",
                                      "Parallel Aware": false,
                                      "Async Capable": false,
                                      "Join Type": "Inner",
                                      "Startup Cost": 684291.04,
                                      "Total Cost": 684380.82,
                                      "Plan Rows": 4489,
                                      "Plan Width": 16,
                                      "Inner Unique": false,
                                      "Merge Cond": "(store_sales.ss_store_sk = store.s_store_sk)",
                                      "Plans": [
                                        {
                                          "Node Type": "Sort",
                                          "Parent Relationship": "Outer",
                                          "Parallel Aware": false,
                                          "Async Capable": false,
                                          "Startup Cost": 684281.62,
                                          "Total Cost": 684293.38,
                                          "Plan Rows": 4703,
                                          "Plan Width": 16,
                                          "Sort Key": [
                                            "store_sales.ss_store_sk"
                                          ],
                                          "Plans": [
                                            {
                                              "Node Type": "Hash Join",
                                              "Parent Relationship": "Outer",
                                              "Parallel Aware": true,
                                              "Async Capable": false,
                                              "Join Type": "Inner",
                                              "Startup Cost": 2049.78,
                                              "Total Cost": 683994.75,
                                              "Plan Rows": 4703,
                                              "Plan Width": 16,
                                              "Inner Unique": false,
                                              "Hash Cond": "(store_sales.ss_sold_date_sk = date_dim.d_date_sk)",
                                              "Plans": [
                                                {
                                                  "Node Type": "Seq Scan",
                                                  "Parent Relationship": "Outer",
                                                  "Parallel Aware": true,
                                                  "Async Capable": false,
                                                  "Relation Name": "store_sales",
                                                  "Alias": "store_sales",
                                                  "Startup Cost": 0.0,
                                                  "Total Cost": 636914.37,
                                                  "Plan Rows": 12000637,
                                                  "Plan Width": 20,
                                                  "parent": 10,
                                                  "ID": 11
                                                },
                                                {
                                                  "Node Type": "Hash",
                                                  "Parent Relationship": "Inner",
                                                  "Parallel Aware": true,
                                                  "Async Capable": false,
                                                  "Startup Cost": 2049.55,
                                                  "Total Cost": 2049.55,
                                                  "Plan Rows": 18,
                                                  "Plan Width": 4,
                                                  "Plans": [
                                                    {
                                                      "Node Type": "Seq Scan",
                                                      "Parent Relationship": "Outer",
                                                      "Parallel Aware": true,
                                                      "Async Capable": false,
                                                      "Relation Name": "date_dim",
                                                      "Alias": "date_dim",
                                                      "Startup Cost": 0.0,
                                                      "Total Cost": 2049.55,
                                                      "Plan Rows": 18,
                                                      "Plan Width": 4,
                                                      "Filter": "((d_date >= '1999-08-14'::date) AND (d_date <= '1999-09-13 00:00:00'::timestamp without time zone))",
                                                      "parent": 12,
                                                      "ID": 13
                                                    }
                                                  ],
                                                  "parent": 10,
                                                  "ID": 12,
                                                  "left": 13
                                                }
                                              ],
                                              "parent": 9,
                                              "ID": 10,
                                              "left": 11,
                                              "right": 12
                                            }
                                          ],
                                          "parent": 8,
                                          "ID": 9,
                                          "left": 10
                                        },
                                        {
                                          "Node Type": "Sort",
                                          "Parent Relationship": "Inner",
                                          "Parallel Aware": false,
                                          "Async Capable": false,
                                          "Startup Cost": 9.42,
                                          "Total Cost": 9.68,
                                          "Plan Rows": 102,
                                          "Plan Width": 4,
                                          "Sort Key": [
                                            "store.s_store_sk"
                                          ],
                                          "Plans": [
                                            {
                                              "Node Type": "Seq Scan",
                                              "Parent Relationship": "Outer",
                                              "Parallel Aware": false,
                                              "Async Capable": false,
                                              "Relation Name": "store",
                                              "Alias": "store",
                                              "Startup Cost": 0.0,
                                              "Total Cost": 6.02,
                                              "Plan Rows": 102,
                                              "Plan Width": 4,
                                              "parent": 14,
                                              "ID": 15
                                            }
                                          ],
                                          "parent": 8,
                                          "ID": 14,
                                          "left": 15
                                        }
                                      ],
                                      "parent": 7,
                                      "ID": 8,
                                      "left": 9,
                                      "right": 14
                                    }
                                  ],
                                  "parent": 6,
                                  "ID": 7,
                                  "left": 8
                                }
                              ],
                              "parent": 5,
                              "ID": 6,
                              "left": 7
                            }
                          ],
                          "parent": 4,
                          "ID": 5,
                          "left": 6
                        },
                        {
                          "Node Type": "Aggregate",
                          "Strategy": "Sorted",
                          "Partial Mode": "Finalize",
                          "Parent Relationship": "Inner",
                          "Parallel Aware": false,
                          "Async Capable": false,
                          "Startup Cost": 67464.0,
                          "Total Cost": 67505.8,
                          "Plan Rows": 102,
                          "Plan Width": 68,
                          "Group Key": [
                            "store_1.s_store_sk"
                          ],
                          "Plans": [
                            {
                              "Node Type": "Gather Merge",
                              "Parent Relationship": "Outer",
                              "Parallel Aware": false,
                              "Async Capable": false,
                              "Startup Cost": 67464.0,
                              "Total Cost": 67501.72,
                              "Plan Rows": 204,
                              "Plan Width": 68,
                              "Workers Planned": 2,
                              "Plans": [
                                {
                                  "Node Type": "Aggregate",
                                  "Strategy": "Sorted",
                                  "Partial Mode": "Partial",
                                  "Parent Relationship": "Outer",
                                  "Parallel Aware": false,
                                  "Async Capable": false,
                                  "Startup Cost": 66463.97,
                                  "Total Cost": 66478.15,
                                  "Plan Rows": 102,
                                  "Plan Width": 68,
                                  "Group Key": [
                                    "store_1.s_store_sk"
                                  ],
                                  "Plans": [
                                    {
                                      "Node Type": "Merge Join",
                                      "Parent Relationship": "Outer",
                                      "Parallel Aware": false,
                                      "Async Capable": false,
                                      "Join Type": "Inner",
                                      "Startup Cost": 66463.97,
                                      "Total Cost": 66473.17,
                                      "Plan Rows": 460,
                                      "Plan Width": 16,
                                      "Inner Unique": false,
                                      "Merge Cond": "(store_returns.sr_store_sk = store_1.s_store_sk)",
                                      "Plans": [
                                        {
                                          "Node Type": "Sort",
                                          "Parent Relationship": "Outer",
                                          "Parallel Aware": false,
                                          "Async Capable": false,
                                          "Startup Cost": 66454.55,
                                          "Total Cost": 66455.74,
                                          "Plan Rows": 476,
                                          "Plan Width": 16,
                                          "Sort Key": [
                                            "store_returns.sr_store_sk"
                                          ],
                                          "Plans": [
                                            {
                                              "Node Type": "Hash Join",
                                              "Parent Relationship": "Outer",
                                              "Parallel Aware": true,
                                              "Async Capable": false,
                                              "Join Type": "Inner",
                                              "Startup Cost": 2049.78,
                                              "Total Cost": 66433.38,
                                              "Plan Rows": 476,
                                              "Plan Width": 16,
                                              "Inner Unique": false,
                                              "Hash Cond": "(store_returns.sr_returned_date_sk = date_dim_1.d_date_sk)",
                                              "Plans": [
                                                {
                                                  "Node Type": "Seq Scan",
                                                  "Parent Relationship": "Outer",
                                                  "Parallel Aware": true,
                                                  "Async Capable": false,
                                                  "Relation Name": "store_returns",
                                                  "Alias": "store_returns",
                                                  "Startup Cost": 0.0,
                                                  "Total Cost": 59887.64,
                                                  "Plan Rows": 1198164,
                                                  "Plan Width": 20,
                                                  "parent": 21,
                                                  "ID": 22
                                                },
                                                {
                                                  "Node Type": "Hash",
                                                  "Parent Relationship": "Inner",
                                                  "Parallel Aware": true,
                                                  "Async Capable": false,
                                                  "Startup Cost": 2049.55,
                                                  "Total Cost": 2049.55,
                                                  "Plan Rows": 18,
                                                  "Plan Width": 4,
                                                  "Plans": [
                                                    {
                                                      "Node Type": "Seq Scan",
                                                      "Parent Relationship": "Outer",
                                                      "Parallel Aware": true,
                                                      "Async Capable": false,
                                                      "Relation Name": "date_dim",
                                                      "Alias": "date_dim_1",
                                                      "Startup Cost": 0.0,
                                                      "Total Cost": 2049.55,
                                                      "Plan Rows": 18,
                                                      "Plan Width": 4,
                                                      "Filter": "((d_date >= '1999-08-14'::date) AND (d_date <= '1999-09-13 00:00:00'::timestamp without time zone))",
                                                      "parent": 23,
                                                      "ID": 24
                                                    }
                                                  ],
                                                  "parent": 21,
                                                  "ID": 23,
                                                  "left": 24
                                                }
                                              ],
                                              "parent": 20,
                                              "ID": 21,
                                              "left": 22,
                                              "right": 23
                                            }
                                          ],
                                          "parent": 19,
                                          "ID": 20,
                                          "left": 21
                                        },
                                        {
                                          "Node Type": "Sort",
                                          "Parent Relationship": "Inner",
                                          "Parallel Aware": false,
                                          "Async Capable": false,
                                          "Startup Cost": 9.42,
                                          "Total Cost": 9.68,
                                          "Plan Rows": 102,
                                          "Plan Width": 4,
                                          "Sort Key": [
                                            "store_1.s_store_sk"
                                          ],
                                          "Plans": [
                                            {
                                              "Node Type": "Seq Scan",
                                              "Parent Relationship": "Outer",
                                              "Parallel Aware": false,
                                              "Async Capable": false,
                                              "Relation Name": "store",
                                              "Alias": "store_1",
                                              "Startup Cost": 0.0,
                                              "Total Cost": 6.02,
                                              "Plan Rows": 102,
                                              "Plan Width": 4,
                                              "parent": 25,
                                              "ID": 26
                                            }
                                          ],
                                          "parent": 19,
                                          "ID": 25,
                                          "left": 26
                                        }
                                      ],
                                      "parent": 18,
                                      "ID": 19,
                                      "left": 20,
                                      "right": 25
                                    }
                                  ],
                                  "parent": 17,
                                  "ID": 18,
                                  "left": 19
                                }
                              ],
                              "parent": 16,
                              "ID": 17,
                              "left": 18
                            }
                          ],
                          "parent": 4,
                          "ID": 16,
                          "left": 17
                        }
                      ],
                      "parent": 3,
                      "ID": 4,
                      "left": 5,
                      "right": 16
                    },
                    {
                      "Node Type": "Nested Loop",
                      "Parent Relationship": "Member",
                      "Parallel Aware": false,
                      "Async Capable": false,
                      "Join Type": "Inner",
                      "Startup Cost": 499452.25,
                      "Total Cost": 499502.11,
                      "Plan Rows": 576,
                      "Plan Width": 132,
                      "Inner Unique": false,
                      "Plans": [
                        {
                          "Node Type": "Aggregate",
                          "Strategy": "Sorted",
                          "Partial Mode": "Finalize",
                          "Parent Relationship": "Outer",
                          "Parallel Aware": false,
                          "Async Capable": false,
                          "Startup Cost": 459392.64,
                          "Total Cost": 459424.0,
                          "Plan Rows": 24,
                          "Plan Width": 68,
                          "Group Key": [
                            "catalog_sales.cs_call_center_sk"
                          ],
                          "Plans": [
                            {
                              "Node Type": "Gather Merge",
                              "Parent Relationship": "Outer",
                              "Parallel Aware": false,
                              "Async Capable": false,
                              "Startup Cost": 459392.64,
                              "Total Cost": 459423.04,
                              "Plan Rows": 48,
                              "Plan Width": 68,
                              "Workers Planned": 2,
                              "Plans": [
                                {
                                  "Node Type": "Aggregate",
                                  "Strategy": "Sorted",
                                  "Partial Mode": "Partial",
                                  "Parent Relationship": "Outer",
                                  "Parallel Aware": false,
                                  "Async Capable": false,
                                  "Startup Cost": 458392.62,
                                  "Total Cost": 458417.48,
                                  "Plan Rows": 24,
                                  "Plan Width": 68,
                                  "Group Key": [
                                    "catalog_sales.cs_call_center_sk"
                                  ],
                                  "Plans": [
                                    {
                                      "Node Type": "Sort",
                                      "Parent Relationship": "Outer",
                                      "Parallel Aware": false,
                                      "Async Capable": false,
                                      "Startup Cost": 458392.62,
                                      "Total Cost": 458398.74,
                                      "Plan Rows": 2450,
                                      "Plan Width": 16,
                                      "Sort Key": [
                                        "catalog_sales.cs_call_center_sk"
                                      ],
                                      "Plans": [
                                        {
                                          "Node Type": "Hash Join",
                                          "Parent Relationship": "Outer",
                                          "Parallel Aware": true,
                                          "Async Capable": false,
                                          "Join Type": "Inner",
                                          "Startup Cost": 2049.78,
                                          "Total Cost": 458254.7,
                                          "Plan Rows": 2450,
                                          "Plan Width": 16,
                                          "Inner Unique": false,
                                          "Hash Cond": "(catalog_sales.cs_sold_date_sk = date_dim_2.d_date_sk)",
                                          "Plans": [
                                            {
                                              "Node Type": "Seq Scan",
                                              "Parent Relationship": "Outer",
                                              "Parallel Aware": true,
                                              "Async Capable": false,
                                              "Relation Name": "catalog_sales",
                                              "Alias": "catalog_sales",
                                              "Startup Cost": 0.0,
                                              "Total Cost": 433688.25,
                                              "Plan Rows": 6000525,
                                              "Plan Width": 20,
                                              "parent": 32,
                                              "ID": 33
                                            },
                                            {
                                              "Node Type": "Hash",
                                              "Parent Relationship": "Inner",
                                              "Parallel Aware": true,
                                              "Async Capable": false,
                                              "Startup Cost": 2049.55,
                                              "Total Cost": 2049.55,
                                              "Plan Rows": 18,
                                              "Plan Width": 4,
                                              "Plans": [
                                                {
                                                  "Node Type": "Seq Scan",
                                                  "Parent Relationship": "Outer",
                                                  "Parallel Aware": true,
                                                  "Async Capable": false,
                                                  "Relation Name": "date_dim",
                                                  "Alias": "date_dim_2",
                                                  "Startup Cost": 0.0,
                                                  "Total Cost": 2049.55,
                                                  "Plan Rows": 18,
                                                  "Plan Width": 4,
                                                  "Filter": "((d_date >= '1999-08-14'::date) AND (d_date <= '1999-09-13 00:00:00'::timestamp without time zone))",
                                                  "parent": 34,
                                                  "ID": 35
                                                }
                                              ],
                                              "parent": 32,
                                              "ID": 34,
                                              "left": 35
                                            }
                                          ],
                                          "parent": 31,
                                          "ID": 32,
                                          "left": 33,
                                          "right": 34
                                        }
                                      ],
                                      "parent": 30,
                                      "ID": 31,
                                      "left": 32
                                    }
                                  ],
                                  "parent": 29,
                                  "ID": 30,
                                  "left": 31
                                }
                              ],
                              "parent": 28,
                              "ID": 29,
                              "left": 30
                            }
                          ],
                          "parent": 27,
                          "ID": 28,
                          "left": 29
                        },
                        {
                          "Node Type": "Materialize",
                          "Parent Relationship": "Inner",
                          "Parallel Aware": false,
                          "Async Capable": false,
                          "Startup Cost": 40059.61,
                          "Total Cost": 40069.29,
                          "Plan Rows": 24,
                          "Plan Width": 64,
                          "Plans": [
                            {
                              "Node Type": "Subquery Scan",
                              "Parent Relationship": "Outer",
                              "Parallel Aware": false,
                              "Async Capable": false,
                              "Alias": "cr",
                              "Startup Cost": 40059.61,
                              "Total Cost": 40069.17,
                              "Plan Rows": 24,
                              "Plan Width": 64,
                              "Plans": [
                                {
                                  "Node Type": "Aggregate",
                                  "Strategy": "Sorted",
                                  "Partial Mode": "Finalize",
                                  "Parent Relationship": "Subquery",
                                  "Parallel Aware": false,
                                  "Async Capable": false,
                                  "Startup Cost": 40059.61,
                                  "Total Cost": 40068.93,
                                  "Plan Rows": 24,
                                  "Plan Width": 68,
                                  "Group Key": [
                                    "catalog_returns.cr_call_center_sk"
                                  ],
                                  "Plans": [
                                    {
                                      "Node Type": "Gather Merge",
                                      "Parent Relationship": "Outer",
                                      "Parallel Aware": false,
                                      "Async Capable": false,
                                      "Startup Cost": 40059.61,
                                      "Total Cost": 40067.97,
                                      "Plan Rows": 48,
                                      "Plan Width": 68,
                                      "Workers Planned": 2,
                                      "Plans": [
                                        {
                                          "Node Type": "Aggregate",
                                          "Strategy": "Sorted",
                                          "Partial Mode": "Partial",
                                          "Parent Relationship": "Outer",
                                          "Parallel Aware": false,
                                          "Async Capable": false,
                                          "Startup Cost": 39059.58,
                                          "Total Cost": 39062.4,
                                          "Plan Rows": 24,
                                          "Plan Width": 68,
                                          "Group Key": [
                                            "catalog_returns.cr_call_center_sk"
                                          ],
                                          "Plans": [
                                            {
                                              "Node Type": "Sort",
                                              "Parent Relationship": "Outer",
                                              "Parallel Aware": false,
                                              "Async Capable": false,
                                              "Startup Cost": 39059.58,
                                              "Total Cost": 39060.2,
                                              "Plan Rows": 246,
                                              "Plan Width": 16,
                                              "Sort Key": [
                                                "catalog_returns.cr_call_center_sk"
                                              ],
                                              "Plans": [
                                                {
                                                  "Node Type": "Hash Join",
                                                  "Parent Relationship": "Outer",
                                                  "Parallel Aware": true,
                                                  "Async Capable": false,
                                                  "Join Type": "Inner",
                                                  "Startup Cost": 2049.78,
                                                  "Total Cost": 39049.82,
                                                  "Plan Rows": 246,
                                                  "Plan Width": 16,
                                                  "Inner Unique": false,
                                                  "Hash Cond": "(catalog_returns.cr_returned_date_sk = date_dim_3.d_date_sk)",
                                                  "Plans": [
                                                    {
                                                      "Node Type": "Seq Scan",
                                                      "Parent Relationship": "Outer",
                                                      "Parallel Aware": true,
                                                      "Async Capable": false,
                                                      "Relation Name": "catalog_returns",
                                                      "Alias": "catalog_returns",
                                                      "Startup Cost": 0.0,
                                                      "Total Cost": 34748.95,
                                                      "Plan Rows": 599895,
                                                      "Plan Width": 20,
                                                      "parent": 42,
                                                      "ID": 43
                                                    },
                                                    {
                                                      "Node Type": "Hash",
                                                      "Parent Relationship": "Inner",
                                                      "Parallel Aware": true,
                                                      "Async Capable": false,
                                                      "Startup Cost": 2049.55,
                                                      "Total Cost": 2049.55,
                                                      "Plan Rows": 18,
                                                      "Plan Width": 4,
                                                      "Plans": [
                                                        {
                                                          "Node Type": "Seq Scan",
                                                          "Parent Relationship": "Outer",
                                                          "Parallel Aware": true,
                                                          "Async Capable": false,
                                                          "Relation Name": "date_dim",
                                                          "Alias": "date_dim_3",
                                                          "Startup Cost": 0.0,
                                                          "Total Cost": 2049.55,
                                                          "Plan Rows": 18,
                                                          "Plan Width": 4,
                                                          "Filter": "((d_date >= '1999-08-14'::date) AND (d_date <= '1999-09-13 00:00:00'::timestamp without time zone))",
                                                          "parent": 44,
                                                          "ID": 45
                                                        }
                                                      ],
                                                      "parent": 42,
                                                      "ID": 44,
                                                      "left": 45
                                                    }
                                                  ],
                                                  "parent": 41,
                                                  "ID": 42,
                                                  "left": 43,
                                                  "right": 44
                                                }
                                              ],
                                              "parent": 40,
                                              "ID": 41,
                                              "left": 42
                                            }
                                          ],
                                          "parent": 39,
                                          "ID": 40,
                                          "left": 41
                                        }
                                      ],
                                      "parent": 38,
                                      "ID": 39,
                                      "left": 40
                                    }
                                  ],
                                  "parent": 37,
                                  "ID": 38,
                                  "left": 39
                                }
                              ],
                              "parent": 36,
                              "ID": 37,
                              "left": 38
                            }
                          ],
                          "parent": 27,
                          "ID": 36,
                          "left": 37
                        }
                      ],
                      "parent": 3,
                      "ID": 27,
                      "left": 28,
                      "right": 36
                    },
                    {
                      "Node Type": "Merge Join",
                      "Parent Relationship": "Member",
                      "Parallel Aware": false,
                      "Async Capable": false,
                      "Join Type": "Left",
                      "Startup Cost": 252590.79,
                      "Total Cost": 252726.18,
                      "Plan Rows": 200,
                      "Plan Width": 132,
                      "Inner Unique": true,
                      "Merge Cond": "(web_page.wp_web_page_sk = web_page_1.wp_web_page_sk)",
                      "Plans": [
                        {
                          "Node Type": "Aggregate",
                          "Strategy": "Sorted",
                          "Partial Mode": "Finalize",
                          "Parent Relationship": "Outer",
                          "Parallel Aware": false,
                          "Async Capable": false,
                          "Startup Cost": 232119.07,
                          "Total Cost": 232210.1,
                          "Plan Rows": 200,
                          "Plan Width": 68,
                          "Group Key": [
                            "web_page.wp_web_page_sk"
                          ],
                          "Plans": [
                            {
                              "Node Type": "Gather Merge",
                              "Parent Relationship": "Outer",
                              "Parallel Aware": false,
                              "Async Capable": false,
                              "Startup Cost": 232119.07,
                              "Total Cost": 232202.1,
                              "Plan Rows": 400,
                              "Plan Width": 68,
                              "Workers Planned": 2,
                              "Plans": [
                                {
                                  "Node Type": "Aggregate",
                                  "Strategy": "Sorted",
                                  "Partial Mode": "Partial",
                                  "Parent Relationship": "Outer",
                                  "Parallel Aware": false,
                                  "Async Capable": false,
                                  "Startup Cost": 231119.05,
                                  "Total Cost": 231155.9,
                                  "Plan Rows": 200,
                                  "Plan Width": 68,
                                  "Group Key": [
                                    "web_page.wp_web_page_sk"
                                  ],
                                  "Plans": [
                                    {
                                      "Node Type": "Merge Join",
                                      "Parent Relationship": "Outer",
                                      "Parallel Aware": false,
                                      "Async Capable": false,
                                      "Join Type": "Inner",
                                      "Startup Cost": 231119.05,
                                      "Total Cost": 231143.67,
                                      "Plan Rows": 1231,
                                      "Plan Width": 16,
                                      "Inner Unique": false,
                                      "Merge Cond": "(web_sales.ws_web_page_sk = web_page.wp_web_page_sk)",
                                      "Plans": [
                                        {
                                          "Node Type": "Sort",
                                          "Parent Relationship": "Outer",
                                          "Parallel Aware": false,
                                          "Async Capable": false,
                                          "Startup Cost": 231104.41,
                                          "Total Cost": 231107.48,
                                          "Plan Rows": 1231,
                                          "Plan Width": 16,
                                          "Sort Key": [
                                            "web_sales.ws_web_page_sk"
                                          ],
                                          "Plans": [
                                            {
                                              "Node Type": "Hash Join",
                                              "Parent Relationship": "Outer",
                                              "Parallel Aware": true,
                                              "Async Capable": false,
                                              "Join Type": "Inner",
                                              "Startup Cost": 2049.78,
                                              "Total Cost": 231041.22,
                                              "Plan Rows": 1231,
                                              "Plan Width": 16,
                                              "Inner Unique": false,
                                              "Hash Cond": "(web_sales.ws_sold_date_sk = date_dim_4.d_date_sk)",
                                              "Plans": [
                                                {
                                                  "Node Type": "Seq Scan",
                                                  "Parent Relationship": "Outer",
                                                  "Parallel Aware": true,
                                                  "Async Capable": false,
                                                  "Relation Name": "web_sales",
                                                  "Alias": "web_sales",
                                                  "Startup Cost": 0.0,
                                                  "Total Cost": 217737.86,
                                                  "Plan Rows": 2998986,
                                                  "Plan Width": 20,
                                                  "parent": 52,
                                                  "ID": 53
                                                },
                                                {
                                                  "Node Type": "Hash",
                                                  "Parent Relationship": "Inner",
                                                  "Parallel Aware": true,
                                                  "Async Capable": false,
                                                  "Startup Cost": 2049.55,
                                                  "Total Cost": 2049.55,
                                                  "Plan Rows": 18,
                                                  "Plan Width": 4,
                                                  "Plans": [
                                                    {
                                                      "Node Type": "Seq Scan",
                                                      "Parent Relationship": "Outer",
                                                      "Parallel Aware": true,
                                                      "Async Capable": false,
                                                      "Relation Name": "date_dim",
                                                      "Alias": "date_dim_4",
                                                      "Startup Cost": 0.0,
                                                      "Total Cost": 2049.55,
                                                      "Plan Rows": 18,
                                                      "Plan Width": 4,
                                                      "Filter": "((d_date >= '1999-08-14'::date) AND (d_date <= '1999-09-13 00:00:00'::timestamp without time zone))",
                                                      "parent": 54,
                                                      "ID": 55
                                                    }
                                                  ],
                                                  "parent": 52,
                                                  "ID": 54,
                                                  "left": 55
                                                }
                                              ],
                                              "parent": 51,
                                              "ID": 52,
                                              "left": 53,
                                              "right": 54
                                            }
                                          ],
                                          "parent": 50,
                                          "ID": 51,
                                          "left": 52
                                        },
                                        {
                                          "Node Type": "Sort",
                                          "Parent Relationship": "Inner",
                                          "Parallel Aware": false,
                                          "Async Capable": false,
                                          "Startup Cost": 14.64,
                                          "Total Cost": 15.14,
                                          "Plan Rows": 200,
                                          "Plan Width": 4,
                                          "Sort Key": [
                                            "web_page.wp_web_page_sk"
                                          ],
                                          "Plans": [
                                            {
                                              "Node Type": "Seq Scan",
                                              "Parent Relationship": "Outer",
                                              "Parallel Aware": false,
                                              "Async Capable": false,
                                              "Relation Name": "web_page",
                                              "Alias": "web_page",
                                              "Startup Cost": 0.0,
                                              "Total Cost": 7.0,
                                              "Plan Rows": 200,
                                              "Plan Width": 4,
                                              "parent": 56,
                                              "ID": 57
                                            }
                                          ],
                                          "parent": 50,
                                          "ID": 56,
                                          "left": 57
                                        }
                                      ],
                                      "parent": 49,
                                      "ID": 50,
                                      "left": 51,
                                      "right": 56
                                    }
                                  ],
                                  "parent": 48,
                                  "ID": 49,
                                  "left": 50
                                }
                              ],
                              "parent": 47,
                              "ID": 48,
                              "left": 49
                            }
                          ],
                          "parent": 46,
                          "ID": 47,
                          "left": 48
                        },
                        {
                          "Node Type": "Aggregate",
                          "Strategy": "Sorted",
                          "Partial Mode": "Finalize",
                          "Parent Relationship": "Inner",
                          "Parallel Aware": false,
                          "Async Capable": false,
                          "Startup Cost": 20471.72,
                          "Total Cost": 20508.59,
                          "Plan Rows": 200,
                          "Plan Width": 68,
                          "Group Key": [
                            "web_page_1.wp_web_page_sk"
                          ],
                          "Plans": [
                            {
                              "Node Type": "Gather Merge",
                              "Parent Relationship": "Outer",
                              "Parallel Aware": false,
                              "Async Capable": false,
                              "Startup Cost": 20471.72,
                              "Total Cost": 20502.79,
                              "Plan Rows": 224,
                              "Plan Width": 68,
                              "Workers Planned": 2,
                              "Plans": [
                                {
                                  "Node Type": "Aggregate",
                                  "Strategy": "Sorted",
                                  "Partial Mode": "Partial",
                                  "Parent Relationship": "Outer",
                                  "Parallel Aware": false,
                                  "Async Capable": false,
                                  "Startup Cost": 19471.69,
                                  "Total Cost": 19476.91,
                                  "Plan Rows": 112,
                                  "Plan Width": 68,
                                  "Group Key": [
                                    "web_page_1.wp_web_page_sk"
                                  ],
                                  "Plans": [
                                    {
                                      "Node Type": "Merge Join",
                                      "Parent Relationship": "Outer",
                                      "Parallel Aware": false,
                                      "Async Capable": false,
                                      "Join Type": "Inner",
                                      "Startup Cost": 19471.69,
                                      "Total Cost": 19474.39,
                                      "Plan Rows": 112,
                                      "Plan Width": 16,
                                      "Inner Unique": false,
                                      "Merge Cond": "(web_returns.wr_web_page_sk = web_page_1.wp_web_page_sk)",
                                      "Plans": [
                                        {
                                          "Node Type": "Sort",
                                          "Parent Relationship": "Outer",
                                          "Parallel Aware": false,
                                          "Async Capable": false,
                                          "Startup Cost": 19457.05,
                                          "Total Cost": 19457.35,
                                          "Plan Rows": 118,
                                          "Plan Width": 16,
                                          "Sort Key": [
                                            "web_returns.wr_web_page_sk"
                                          ],
                                          "Plans": [
                                            {
                                              "Node Type": "Hash Join",
                                              "Parent Relationship": "Outer",
                                              "Parallel Aware": true,
                                              "Async Capable": false,
                                              "Join Type": "Inner",
                                              "Startup Cost": 2049.78,
                                              "Total Cost": 19452.99,
                                              "Plan Rows": 118,
                                              "Plan Width": 16,
                                              "Inner Unique": false,
                                              "Hash Cond": "(web_returns.wr_returned_date_sk = date_dim_5.d_date_sk)",
                                              "Plans": [
                                                {
                                                  "Node Type": "Seq Scan",
                                                  "Parent Relationship": "Outer",
                                                  "Parallel Aware": true,
                                                  "Async Capable": false,
                                                  "Relation Name": "web_returns",
                                                  "Alias": "web_returns",
                                                  "Startup Cost": 0.0,
                                                  "Total Cost": 16278.74,
                                                  "Plan Rows": 299674,
                                                  "Plan Width": 20,
                                                  "parent": 63,
                                                  "ID": 64
                                                },
                                                {
                                                  "Node Type": "Hash",
                                                  "Parent Relationship": "Inner",
                                                  "Parallel Aware": true,
                                                  "Async Capable": false,
                                                  "Startup Cost": 2049.55,
                                                  "Total Cost": 2049.55,
                                                  "Plan Rows": 18,
                                                  "Plan Width": 4,
                                                  "Plans": [
                                                    {
                                                      "Node Type": "Seq Scan",
                                                      "Parent Relationship": "Outer",
                                                      "Parallel Aware": true,
                                                      "Async Capable": false,
                                                      "Relation Name": "date_dim",
                                                      "Alias": "date_dim_5",
                                                      "Startup Cost": 0.0,
                                                      "Total Cost": 2049.55,
                                                      "Plan Rows": 18,
                                                      "Plan Width": 4,
                                                      "Filter": "((d_date >= '1999-08-14'::date) AND (d_date <= '1999-09-13 00:00:00'::timestamp without time zone))",
                                                      "parent": 65,
                                                      "ID": 66
                                                    }
                                                  ],
                                                  "parent": 63,
                                                  "ID": 65,
                                                  "left": 66
                                                }
                                              ],
                                              "parent": 62,
                                              "ID": 63,
                                              "left": 64,
                                              "right": 65
                                            }
                                          ],
                                          "parent": 61,
                                          "ID": 62,
                                          "left": 63
                                        },
                                        {
                                          "Node Type": "Sort",
                                          "Parent Relationship": "Inner",
                                          "Parallel Aware": false,
                                          "Async Capable": false,
                                          "Startup Cost": 14.64,
                                          "Total Cost": 15.14,
                                          "Plan Rows": 200,
                                          "Plan Width": 4,
                                          "Sort Key": [
                                            "web_page_1.wp_web_page_sk"
                                          ],
                                          "Plans": [
                                            {
                                              "Node Type": "Seq Scan",
                                              "Parent Relationship": "Outer",
                                              "Parallel Aware": false,
                                              "Async Capable": false,
                                              "Relation Name": "web_page",
                                              "Alias": "web_page_1",
                                              "Startup Cost": 0.0,
                                              "Total Cost": 7.0,
                                              "Plan Rows": 200,
                                              "Plan Width": 4,
                                              "parent": 67,
                                              "ID": 68
                                            }
                                          ],
                                          "parent": 61,
                                          "ID": 67,
                                          "left": 68
                                        }
                                      ],
                                      "parent": 60,
                                      "ID": 61,
                                      "left": 62,
                                      "right": 67
                                    }
                                  ],
                                  "parent": 59,
                                  "ID": 60,
                                  "left": 61
                                }
                              ],
                              "parent": 58,
                              "ID": 59,
                              "left": 60
                            }
                          ],
                          "parent": 46,
                          "ID": 58,
                          "left": 59
                        }
                      ],
                      "parent": 3,
                      "ID": 46,
                      "left": 47,
                      "right": 58
                    }
                  ],
                  "parent": 2,
                  "ID": 3,
                  "left": 4,
                  "right": 27
                }
              ],
              "parent": 1,
              "ID": 2,
              "left": 3
            }
          ],
          "parent": 0,
          "ID": 1,
          "left": 2
        }
      ],
      "parent": null,
      "ID": 0,
      "left": 1
    },
    "feat": {
      "utility": 2.7770609193078798e-05,
      "query_shape": [
        [
          "Seq Scan",
          "Hash Join",
          "Sort",
          "Merge Join",
          "Aggregate",
          "Gather Merge",
          "Append"
        ],
        [
          "Seq Scan",
          "Hash",
          "Hash Join",
          "Sort",
          "Merge Join",
          "Aggregate",
          "Gather Merge",
          "Append"
        ],
        [
          "Seq Scan",
          "Sort",
          "Merge Join",
          "Aggregate",
          "Gather Merge",
          "Append"
        ],
        [
          "Seq Scan",
          "Hash Join",
          "Sort",
          "Merge Join",
          "Aggregate",
          "Gather Merge",
          "Append"
        ],
        [
          "Seq Scan",
          "Hash",
          "Hash Join",
          "Sort",
          "Merge Join",
          "Aggregate",
          "Gather Merge",
          "Append"
        ],
        [
          "Seq Scan",
          "Sort",
          "Merge Join",
          "Aggregate",
          "Gather Merge",
          "Append"
        ],
        [
          "Seq Scan",
          "Hash Join",
          "Sort",
          "Aggregate",
          "Gather Merge",
          "Nested Loop",
          "Append"
        ],
        [
          "Seq Scan",
          "Hash",
          "Hash Join",
          "Sort",
          "Aggregate",
          "Gather Merge",
          "Nested Loop",
          "Append"
        ],
        [
          "Seq Scan",
          "Hash Join",
          "Sort",
          "Aggregate",
          "Gather Merge",
          "Subquery Scan",
          "Materialize",
          "Nested Loop",
          "Append"
        ],
        [
          "Seq Scan",
          "Hash",
          "Hash Join",
          "Sort",
          "Aggregate",
          "Gather Merge",
          "Subquery Scan",
          "Materialize",
          "Nested Loop",
          "Append"
        ],
        [
          "Seq Scan",
          "Hash Join",
          "Sort",
          "Merge Join",
          "Aggregate",
          "Gather Merge",
          "Append"
        ],
        [
          "Seq Scan",
          "Hash",
          "Hash Join",
          "Sort",
          "Merge Join",
          "Aggregate",
          "Gather Merge",
          "Append"
        ],
        [
          "Seq Scan",
          "Sort",
          "Merge Join",
          "Aggregate",
          "Gather Merge",
          "Append"
        ],
        [
          "Seq Scan",
          "Hash Join",
          "Sort",
          "Merge Join",
          "Aggregate",
          "Gather Merge",
          "Append"
        ],
        [
          "Seq Scan",
          "Hash",
          "Hash Join",
          "Sort",
          "Merge Join",
          "Aggregate",
          "Gather Merge",
          "Append"
        ],
        [
          "Seq Scan",
          "Sort",
          "Merge Join",
          "Aggregate",
          "Gather Merge",
          "Append"
        ]
      ],
      "index_shape": [
        "join"
      ],
      "physical_operator": {
        "Hash Join": [
          0.004666046765541177,
          0.004697957574228613,
          0.0047626883590205366,
          0.0047730246790248666,
          0.004775353814081747,
          0.004677138373254795
        ]
      }
    }
  },
  {
    "query": "with ss as\n (select s_store_sk,\n         sum(ss_ext_sales_price) as sales,\n         sum(ss_net_profit) as profit\n from store_sales,\n      date_dim,\n      store\n where ss_sold_date_sk = d_date_sk\n       and d_date between cast('1999-08-14' as date) \n                  and (cast('1999-08-14' as date) +  interval '30 days') \n       and ss_store_sk = s_store_sk\n group by s_store_sk)\n ,\n sr as\n (select s_store_sk,\n         sum(sr_return_amt) as returns,\n         sum(sr_net_loss) as profit_loss\n from store_returns,\n      date_dim,\n      store\n where sr_returned_date_sk = d_date_sk\n       and d_date between cast('1999-08-14' as date)\n                  and (cast('1999-08-14' as date) +  interval '30 days')\n       and sr_store_sk = s_store_sk\n group by s_store_sk), \n cs as\n (select cs_call_center_sk,\n        sum(cs_ext_sales_price) as sales,\n        sum(cs_net_profit) as profit\n from catalog_sales,\n      date_dim\n where cs_sold_date_sk = d_date_sk\n       and d_date between cast('1999-08-14' as date)\n                  and (cast('1999-08-14' as date) +  interval '30 days')\n group by cs_call_center_sk \n ), \n cr as\n (select cr_call_center_sk,\n         sum(cr_return_amount) as returns,\n         sum(cr_net_loss) as profit_loss\n from catalog_returns,\n      date_dim\n where cr_returned_date_sk = d_date_sk\n       and d_date between cast('1999-08-14' as date)\n                  and (cast('1999-08-14' as date) +  interval '30 days')\n group by cr_call_center_sk\n ), \n ws as\n ( select wp_web_page_sk,\n        sum(ws_ext_sales_price) as sales,\n        sum(ws_net_profit) as profit\n from web_sales,\n      date_dim,\n      web_page\n where ws_sold_date_sk = d_date_sk\n       and d_date between cast('1999-08-14' as date)\n                  and (cast('1999-08-14' as date) +  interval '30 days')\n       and ws_web_page_sk = wp_web_page_sk\n group by wp_web_page_sk), \n wr as\n (select wp_web_page_sk,\n        sum(wr_return_amt) as returns,\n        sum(wr_net_loss) as profit_loss\n from web_returns,\n      date_dim,\n      web_page\n where wr_returned_date_sk = d_date_sk\n       and d_date between cast('1999-08-14' as date)\n                  and (cast('1999-08-14' as date) +  interval '30 days')\n       and wr_web_page_sk = wp_web_page_sk\n group by wp_web_page_sk)\n  select  channel\n        , id\n        , sum(sales) as sales\n        , sum(returns) as returns\n        , sum(profit) as profit\n from \n (select 'store channel' as channel\n        , ss.s_store_sk as id\n        , sales\n        , coalesce(returns, 0) as returns\n        , (profit - coalesce(profit_loss,0)) as profit\n from   ss left join sr\n        on  ss.s_store_sk = sr.s_store_sk\n union all\n select 'catalog channel' as channel\n        , cs_call_center_sk as id\n        , sales\n        , returns\n        , (profit - profit_loss) as profit\n from  cs\n       , cr\n union all\n select 'web channel' as channel\n        , ws.wp_web_page_sk as id\n        , sales\n        , coalesce(returns, 0) as returns\n        , (profit - coalesce(profit_loss,0)) as profit\n from   ws left join wr\n        on  ws.wp_web_page_sk = wr.wp_web_page_sk\n ) x\n group by rollup (channel, id)\n order by channel\n         ,id\n limit 100;\n\n-- end query 58 in stream 0 using template query77.tpl\n",
    "indexes": "date_dim.d_date",
    "wo plan est": {
      "Node Type": "Limit",
      "Parallel Aware": false,
      "Async Capable": false,
      "Startup Cost": 1505243.45,
      "Total Cost": 1505243.7,
      "Plan Rows": 100,
      "Plan Width": 132,
      "Plans": [
        {
          "Node Type": "Sort",
          "Parent Relationship": "Outer",
          "Parallel Aware": false,
          "Async Capable": false,
          "Startup Cost": 1505243.45,
          "Total Cost": 1505244.45,
          "Plan Rows": 401,
          "Plan Width": 132,
          "Sort Key": [
            "('store channel'::text)",
            "store.s_store_sk"
          ],
          "Plans": [
            {
              "Node Type": "Aggregate",
              "Strategy": "Mixed",
              "Partial Mode": "Simple",
              "Parent Relationship": "Outer",
              "Parallel Aware": false,
              "Async Capable": false,
              "Startup Cost": 752755.06,
              "Total Cost": 1505228.12,
              "Plan Rows": 401,
              "Plan Width": 132,
              "Grouping Sets": [
                {
                  "Hash Keys": [
                    [
                      "('store channel'::text)",
                      "store.s_store_sk"
                    ]
                  ]
                },
                {
                  "Hash Keys": [
                    [
                      "('store channel'::text)"
                    ]
                  ]
                },
                {
                  "Group Keys": [
                    []
                  ]
                }
              ],
              "Planned Partitions": 0,
              "Plans": [
                {
                  "Node Type": "Append",
                  "Parent Relationship": "Outer",
                  "Parallel Aware": false,
                  "Async Capable": false,
                  "Startup Cost": 752755.06,
                  "Total Cost": 1505194.76,
                  "Plan Rows": 878,
                  "Plan Width": 132,
                  "Subplans Removed": 0,
                  "Plans": [
                    {
                      "Node Type": "Merge Join",
                      "Parent Relationship": "Member",
                      "Parallel Aware": false,
                      "Async Capable": false,
                      "Join Type": "Left",
                      "Startup Cost": 752755.06,
                      "Total Cost": 752953.3,
                      "Plan Rows": 102,
                      "Plan Width": 132,
                      "Inner Unique": true,
                      "Merge Cond": "(store.s_store_sk = store_1.s_store_sk)",
                      "Plans": [
                        {
                          "Node Type": "Aggregate",
                          "Strategy": "Sorted",
                          "Partial Mode": "Finalize",
                          "Parent Relationship": "Outer",
                          "Parallel Aware": false,
                          "Async Capable": false,
                          "Startup Cost": 685291.07,
                          "Total Cost": 685443.67,
                          "Plan Rows": 102,
                          "Plan Width": 68,
                          "Group Key": [
                            "store.s_store_sk"
                          ],
                          "Plans": [
                            {
                              "Node Type": "Gather Merge",
                              "Parent Relationship": "Outer",
                              "Parallel Aware": false,
                              "Async Capable": false,
                              "Startup Cost": 685291.07,
                              "Total Cost": 685439.59,
                              "Plan Rows": 204,
                              "Plan Width": 68,
                              "Workers Planned": 2,
                              "Plans": [
                                {
                                  "Node Type": "Aggregate",
                                  "Strategy": "Sorted",
                                  "Partial Mode": "Partial",
                                  "Parent Relationship": "Outer",
                                  "Parallel Aware": false,
                                  "Async Capable": false,
                                  "Startup Cost": 684291.04,
                                  "Total Cost": 684416.02,
                                  "Plan Rows": 102,
                                  "Plan Width": 68,
                                  "Group Key": [
                                    "store.s_store_sk"
                                  ],
                                  "Plans": [
                                    {
                                      "Node Type": "Merge Join",
                                      "Parent Relationship": "Outer",
                                      "Parallel Aware": false,
                                      "Async Capable": false,
                                      "Join Type": "Inner",
                                      "Startup Cost": 684291.04,
                                      "Total Cost": 684380.82,
                                      "Plan Rows": 4489,
                                      "Plan Width": 16,
                                      "Inner Unique": false,
                                      "Merge Cond": "(store_sales.ss_store_sk = store.s_store_sk)",
                                      "Plans": [
                                        {
                                          "Node Type": "Sort",
                                          "Parent Relationship": "Outer",
                                          "Parallel Aware": false,
                                          "Async Capable": false,
                                          "Startup Cost": 684281.62,
                                          "Total Cost": 684293.38,
                                          "Plan Rows": 4703,
                                          "Plan Width": 16,
                                          "Sort Key": [
                                            "store_sales.ss_store_sk"
                                          ],
                                          "Plans": [
                                            {
                                              "Node Type": "Hash Join",
                                              "Parent Relationship": "Outer",
                                              "Parallel Aware": true,
                                              "Async Capable": false,
                                              "Join Type": "Inner",
                                              "Startup Cost": 2049.78,
                                              "Total Cost": 683994.75,
                                              "Plan Rows": 4703,
                                              "Plan Width": 16,
                                              "Inner Unique": false,
                                              "Hash Cond": "(store_sales.ss_sold_date_sk = date_dim.d_date_sk)",
                                              "Plans": [
                                                {
                                                  "Node Type": "Seq Scan",
                                                  "Parent Relationship": "Outer",
                                                  "Parallel Aware": true,
                                                  "Async Capable": false,
                                                  "Relation Name": "store_sales",
                                                  "Alias": "store_sales",
                                                  "Startup Cost": 0.0,
                                                  "Total Cost": 636914.37,
                                                  "Plan Rows": 12000637,
                                                  "Plan Width": 20,
                                                  "parent": 10,
                                                  "ID": 11
                                                },
                                                {
                                                  "Node Type": "Hash",
                                                  "Parent Relationship": "Inner",
                                                  "Parallel Aware": true,
                                                  "Async Capable": false,
                                                  "Startup Cost": 2049.55,
                                                  "Total Cost": 2049.55,
                                                  "Plan Rows": 18,
                                                  "Plan Width": 4,
                                                  "Plans": [
                                                    {
                                                      "Node Type": "Seq Scan",
                                                      "Parent Relationship": "Outer",
                                                      "Parallel Aware": true,
                                                      "Async Capable": false,
                                                      "Relation Name": "date_dim",
                                                      "Alias": "date_dim",
                                                      "Startup Cost": 0.0,
                                                      "Total Cost": 2049.55,
                                                      "Plan Rows": 18,
                                                      "Plan Width": 4,
                                                      "Filter": "((d_date >= '1999-08-14'::date) AND (d_date <= '1999-09-13 00:00:00'::timestamp without time zone))",
                                                      "parent": 12,
                                                      "ID": 13
                                                    }
                                                  ],
                                                  "parent": 10,
                                                  "ID": 12,
                                                  "left": 13
                                                }
                                              ],
                                              "parent": 9,
                                              "ID": 10,
                                              "left": 11,
                                              "right": 12
                                            }
                                          ],
                                          "parent": 8,
                                          "ID": 9,
                                          "left": 10
                                        },
                                        {
                                          "Node Type": "Sort",
                                          "Parent Relationship": "Inner",
                                          "Parallel Aware": false,
                                          "Async Capable": false,
                                          "Startup Cost": 9.42,
                                          "Total Cost": 9.68,
                                          "Plan Rows": 102,
                                          "Plan Width": 4,
                                          "Sort Key": [
                                            "store.s_store_sk"
                                          ],
                                          "Plans": [
                                            {
                                              "Node Type": "Seq Scan",
                                              "Parent Relationship": "Outer",
                                              "Parallel Aware": false,
                                              "Async Capable": false,
                                              "Relation Name": "store",
                                              "Alias": "store",
                                              "Startup Cost": 0.0,
                                              "Total Cost": 6.02,
                                              "Plan Rows": 102,
                                              "Plan Width": 4,
                                              "parent": 14,
                                              "ID": 15
                                            }
                                          ],
                                          "parent": 8,
                                          "ID": 14,
                                          "left": 15
                                        }
                                      ],
                                      "parent": 7,
                                      "ID": 8,
                                      "left": 9,
                                      "right": 14
                                    }
                                  ],
                                  "parent": 6,
                                  "ID": 7,
                                  "left": 8
                                }
                              ],
                              "parent": 5,
                              "ID": 6,
                              "left": 7
                            }
                          ],
                          "parent": 4,
                          "ID": 5,
                          "left": 6
                        },
                        {
                          "Node Type": "Aggregate",
                          "Strategy": "Sorted",
                          "Partial Mode": "Finalize",
                          "Parent Relationship": "Inner",
                          "Parallel Aware": false,
                          "Async Capable": false,
                          "Startup Cost": 67464.0,
                          "Total Cost": 67505.8,
                          "Plan Rows": 102,
                          "Plan Width": 68,
                          "Group Key": [
                            "store_1.s_store_sk"
                          ],
                          "Plans": [
                            {
                              "Node Type": "Gather Merge",
                              "Parent Relationship": "Outer",
                              "Parallel Aware": false,
                              "Async Capable": false,
                              "Startup Cost": 67464.0,
                              "Total Cost": 67501.72,
                              "Plan Rows": 204,
                              "Plan Width": 68,
                              "Workers Planned": 2,
                              "Plans": [
                                {
                                  "Node Type": "Aggregate",
                                  "Strategy": "Sorted",
                                  "Partial Mode": "Partial",
                                  "Parent Relationship": "Outer",
                                  "Parallel Aware": false,
                                  "Async Capable": false,
                                  "Startup Cost": 66463.97,
                                  "Total Cost": 66478.15,
                                  "Plan Rows": 102,
                                  "Plan Width": 68,
                                  "Group Key": [
                                    "store_1.s_store_sk"
                                  ],
                                  "Plans": [
                                    {
                                      "Node Type": "Merge Join",
                                      "Parent Relationship": "Outer",
                                      "Parallel Aware": false,
                                      "Async Capable": false,
                                      "Join Type": "Inner",
                                      "Startup Cost": 66463.97,
                                      "Total Cost": 66473.17,
                                      "Plan Rows": 460,
                                      "Plan Width": 16,
                                      "Inner Unique": false,
                                      "Merge Cond": "(store_returns.sr_store_sk = store_1.s_store_sk)",
                                      "Plans": [
                                        {
                                          "Node Type": "Sort",
                                          "Parent Relationship": "Outer",
                                          "Parallel Aware": false,
                                          "Async Capable": false,
                                          "Startup Cost": 66454.55,
                                          "Total Cost": 66455.74,
                                          "Plan Rows": 476,
                                          "Plan Width": 16,
                                          "Sort Key": [
                                            "store_returns.sr_store_sk"
                                          ],
                                          "Plans": [
                                            {
                                              "Node Type": "Hash Join",
                                              "Parent Relationship": "Outer",
                                              "Parallel Aware": true,
                                              "Async Capable": false,
                                              "Join Type": "Inner",
                                              "Startup Cost": 2049.78,
                                              "Total Cost": 66433.38,
                                              "Plan Rows": 476,
                                              "Plan Width": 16,
                                              "Inner Unique": false,
                                              "Hash Cond": "(store_returns.sr_returned_date_sk = date_dim_1.d_date_sk)",
                                              "Plans": [
                                                {
                                                  "Node Type": "Seq Scan",
                                                  "Parent Relationship": "Outer",
                                                  "Parallel Aware": true,
                                                  "Async Capable": false,
                                                  "Relation Name": "store_returns",
                                                  "Alias": "store_returns",
                                                  "Startup Cost": 0.0,
                                                  "Total Cost": 59887.64,
                                                  "Plan Rows": 1198164,
                                                  "Plan Width": 20,
                                                  "parent": 21,
                                                  "ID": 22
                                                },
                                                {
                                                  "Node Type": "Hash",
                                                  "Parent Relationship": "Inner",
                                                  "Parallel Aware": true,
                                                  "Async Capable": false,
                                                  "Startup Cost": 2049.55,
                                                  "Total Cost": 2049.55,
                                                  "Plan Rows": 18,
                                                  "Plan Width": 4,
                                                  "Plans": [
                                                    {
                                                      "Node Type": "Seq Scan",
                                                      "Parent Relationship": "Outer",
                                                      "Parallel Aware": true,
                                                      "Async Capable": false,
                                                      "Relation Name": "date_dim",
                                                      "Alias": "date_dim_1",
                                                      "Startup Cost": 0.0,
                                                      "Total Cost": 2049.55,
                                                      "Plan Rows": 18,
                                                      "Plan Width": 4,
                                                      "Filter": "((d_date >= '1999-08-14'::date) AND (d_date <= '1999-09-13 00:00:00'::timestamp without time zone))",
                                                      "parent": 23,
                                                      "ID": 24
                                                    }
                                                  ],
                                                  "parent": 21,
                                                  "ID": 23,
                                                  "left": 24
                                                }
                                              ],
                                              "parent": 20,
                                              "ID": 21,
                                              "left": 22,
                                              "right": 23
                                            }
                                          ],
                                          "parent": 19,
                                          "ID": 20,
                                          "left": 21
                                        },
                                        {
                                          "Node Type": "Sort",
                                          "Parent Relationship": "Inner",
                                          "Parallel Aware": false,
                                          "Async Capable": false,
                                          "Startup Cost": 9.42,
                                          "Total Cost": 9.68,
                                          "Plan Rows": 102,
                                          "Plan Width": 4,
                                          "Sort Key": [
                                            "store_1.s_store_sk"
                                          ],
                                          "Plans": [
                                            {
                                              "Node Type": "Seq Scan",
                                              "Parent Relationship": "Outer",
                                              "Parallel Aware": false,
                                              "Async Capable": false,
                                              "Relation Name": "store",
                                              "Alias": "store_1",
                                              "Startup Cost": 0.0,
                                              "Total Cost": 6.02,
                                              "Plan Rows": 102,
                                              "Plan Width": 4,
                                              "parent": 25,
                                              "ID": 26
                                            }
                                          ],
                                          "parent": 19,
                                          "ID": 25,
                                          "left": 26
                                        }
                                      ],
                                      "parent": 18,
                                      "ID": 19,
                                      "left": 20,
                                      "right": 25
                                    }
                                  ],
                                  "parent": 17,
                                  "ID": 18,
                                  "left": 19
                                }
                              ],
                              "parent": 16,
                              "ID": 17,
                              "left": 18
                            }
                          ],
                          "parent": 4,
                          "ID": 16,
                          "left": 17
                        }
                      ],
                      "parent": 3,
                      "ID": 4,
                      "left": 5,
                      "right": 16
                    },
                    {
                      "Node Type": "Nested Loop",
                      "Parent Relationship": "Member",
                      "Parallel Aware": false,
                      "Async Capable": false,
                      "Join Type": "Inner",
                      "Startup Cost": 499452.25,
                      "Total Cost": 499502.11,
                      "Plan Rows": 576,
                      "Plan Width": 132,
                      "Inner Unique": false,
                      "Plans": [
                        {
                          "Node Type": "Aggregate",
                          "Strategy": "Sorted",
                          "Partial Mode": "Finalize",
                          "Parent Relationship": "Outer",
                          "Parallel Aware": false,
                          "Async Capable": false,
                          "Startup Cost": 459392.64,
                          "Total Cost": 459424.0,
                          "Plan Rows": 24,
                          "Plan Width": 68,
                          "Group Key": [
                            "catalog_sales.cs_call_center_sk"
                          ],
                          "Plans": [
                            {
                              "Node Type": "Gather Merge",
                              "Parent Relationship": "Outer",
                              "Parallel Aware": false,
                              "Async Capable": false,
                              "Startup Cost": 459392.64,
                              "Total Cost": 459423.04,
                              "Plan Rows": 48,
                              "Plan Width": 68,
                              "Workers Planned": 2,
                              "Plans": [
                                {
                                  "Node Type": "Aggregate",
                                  "Strategy": "Sorted",
                                  "Partial Mode": "Partial",
                                  "Parent Relationship": "Outer",
                                  "Parallel Aware": false,
                                  "Async Capable": false,
                                  "Startup Cost": 458392.62,
                                  "Total Cost": 458417.48,
                                  "Plan Rows": 24,
                                  "Plan Width": 68,
                                  "Group Key": [
                                    "catalog_sales.cs_call_center_sk"
                                  ],
                                  "Plans": [
                                    {
                                      "Node Type": "Sort",
                                      "Parent Relationship": "Outer",
                                      "Parallel Aware": false,
                                      "Async Capable": false,
                                      "Startup Cost": 458392.62,
                                      "Total Cost": 458398.74,
                                      "Plan Rows": 2450,
                                      "Plan Width": 16,
                                      "Sort Key": [
                                        "catalog_sales.cs_call_center_sk"
                                      ],
                                      "Plans": [
                                        {
                                          "Node Type": "Hash Join",
                                          "Parent Relationship": "Outer",
                                          "Parallel Aware": true,
                                          "Async Capable": false,
                                          "Join Type": "Inner",
                                          "Startup Cost": 2049.78,
                                          "Total Cost": 458254.7,
                                          "Plan Rows": 2450,
                                          "Plan Width": 16,
                                          "Inner Unique": false,
                                          "Hash Cond": "(catalog_sales.cs_sold_date_sk = date_dim_2.d_date_sk)",
                                          "Plans": [
                                            {
                                              "Node Type": "Seq Scan",
                                              "Parent Relationship": "Outer",
                                              "Parallel Aware": true,
                                              "Async Capable": false,
                                              "Relation Name": "catalog_sales",
                                              "Alias": "catalog_sales",
                                              "Startup Cost": 0.0,
                                              "Total Cost": 433688.25,
                                              "Plan Rows": 6000525,
                                              "Plan Width": 20,
                                              "parent": 32,
                                              "ID": 33
                                            },
                                            {
                                              "Node Type": "Hash",
                                              "Parent Relationship": "Inner",
                                              "Parallel Aware": true,
                                              "Async Capable": false,
                                              "Startup Cost": 2049.55,
                                              "Total Cost": 2049.55,
                                              "Plan Rows": 18,
                                              "Plan Width": 4,
                                              "Plans": [
                                                {
                                                  "Node Type": "Seq Scan",
                                                  "Parent Relationship": "Outer",
                                                  "Parallel Aware": true,
                                                  "Async Capable": false,
                                                  "Relation Name": "date_dim",
                                                  "Alias": "date_dim_2",
                                                  "Startup Cost": 0.0,
                                                  "Total Cost": 2049.55,
                                                  "Plan Rows": 18,
                                                  "Plan Width": 4,
                                                  "Filter": "((d_date >= '1999-08-14'::date) AND (d_date <= '1999-09-13 00:00:00'::timestamp without time zone))",
                                                  "parent": 34,
                                                  "ID": 35
                                                }
                                              ],
                                              "parent": 32,
                                              "ID": 34,
                                              "left": 35
                                            }
                                          ],
                                          "parent": 31,
                                          "ID": 32,
                                          "left": 33,
                                          "right": 34
                                        }
                                      ],
                                      "parent": 30,
                                      "ID": 31,
                                      "left": 32
                                    }
                                  ],
                                  "parent": 29,
                                  "ID": 30,
                                  "left": 31
                                }
                              ],
                              "parent": 28,
                              "ID": 29,
                              "left": 30
                            }
                          ],
                          "parent": 27,
                          "ID": 28,
                          "left": 29
                        },
                        {
                          "Node Type": "Materialize",
                          "Parent Relationship": "Inner",
                          "Parallel Aware": false,
                          "Async Capable": false,
                          "Startup Cost": 40059.61,
                          "Total Cost": 40069.29,
                          "Plan Rows": 24,
                          "Plan Width": 64,
                          "Plans": [
                            {
                              "Node Type": "Subquery Scan",
                              "Parent Relationship": "Outer",
                              "Parallel Aware": false,
                              "Async Capable": false,
                              "Alias": "cr",
                              "Startup Cost": 40059.61,
                              "Total Cost": 40069.17,
                              "Plan Rows": 24,
                              "Plan Width": 64,
                              "Plans": [
                                {
                                  "Node Type": "Aggregate",
                                  "Strategy": "Sorted",
                                  "Partial Mode": "Finalize",
                                  "Parent Relationship": "Subquery",
                                  "Parallel Aware": false,
                                  "Async Capable": false,
                                  "Startup Cost": 40059.61,
                                  "Total Cost": 40068.93,
                                  "Plan Rows": 24,
                                  "Plan Width": 68,
                                  "Group Key": [
                                    "catalog_returns.cr_call_center_sk"
                                  ],
                                  "Plans": [
                                    {
                                      "Node Type": "Gather Merge",
                                      "Parent Relationship": "Outer",
                                      "Parallel Aware": false,
                                      "Async Capable": false,
                                      "Startup Cost": 40059.61,
                                      "Total Cost": 40067.97,
                                      "Plan Rows": 48,
                                      "Plan Width": 68,
                                      "Workers Planned": 2,
                                      "Plans": [
                                        {
                                          "Node Type": "Aggregate",
                                          "Strategy": "Sorted",
                                          "Partial Mode": "Partial",
                                          "Parent Relationship": "Outer",
                                          "Parallel Aware": false,
                                          "Async Capable": false,
                                          "Startup Cost": 39059.58,
                                          "Total Cost": 39062.4,
                                          "Plan Rows": 24,
                                          "Plan Width": 68,
                                          "Group Key": [
                                            "catalog_returns.cr_call_center_sk"
                                          ],
                                          "Plans": [
                                            {
                                              "Node Type": "Sort",
                                              "Parent Relationship": "Outer",
                                              "Parallel Aware": false,
                                              "Async Capable": false,
                                              "Startup Cost": 39059.58,
                                              "Total Cost": 39060.2,
                                              "Plan Rows": 246,
                                              "Plan Width": 16,
                                              "Sort Key": [
                                                "catalog_returns.cr_call_center_sk"
                                              ],
                                              "Plans": [
                                                {
                                                  "Node Type": "Hash Join",
                                                  "Parent Relationship": "Outer",
                                                  "Parallel Aware": true,
                                                  "Async Capable": false,
                                                  "Join Type": "Inner",
                                                  "Startup Cost": 2049.78,
                                                  "Total Cost": 39049.82,
                                                  "Plan Rows": 246,
                                                  "Plan Width": 16,
                                                  "Inner Unique": false,
                                                  "Hash Cond": "(catalog_returns.cr_returned_date_sk = date_dim_3.d_date_sk)",
                                                  "Plans": [
                                                    {
                                                      "Node Type": "Seq Scan",
                                                      "Parent Relationship": "Outer",
                                                      "Parallel Aware": true,
                                                      "Async Capable": false,
                                                      "Relation Name": "catalog_returns",
                                                      "Alias": "catalog_returns",
                                                      "Startup Cost": 0.0,
                                                      "Total Cost": 34748.95,
                                                      "Plan Rows": 599895,
                                                      "Plan Width": 20,
                                                      "parent": 42,
                                                      "ID": 43
                                                    },
                                                    {
                                                      "Node Type": "Hash",
                                                      "Parent Relationship": "Inner",
                                                      "Parallel Aware": true,
                                                      "Async Capable": false,
                                                      "Startup Cost": 2049.55,
                                                      "Total Cost": 2049.55,
                                                      "Plan Rows": 18,
                                                      "Plan Width": 4,
                                                      "Plans": [
                                                        {
                                                          "Node Type": "Seq Scan",
                                                          "Parent Relationship": "Outer",
                                                          "Parallel Aware": true,
                                                          "Async Capable": false,
                                                          "Relation Name": "date_dim",
                                                          "Alias": "date_dim_3",
                                                          "Startup Cost": 0.0,
                                                          "Total Cost": 2049.55,
                                                          "Plan Rows": 18,
                                                          "Plan Width": 4,
                                                          "Filter": "((d_date >= '1999-08-14'::date) AND (d_date <= '1999-09-13 00:00:00'::timestamp without time zone))",
                                                          "parent": 44,
                                                          "ID": 45
                                                        }
                                                      ],
                                                      "parent": 42,
                                                      "ID": 44,
                                                      "left": 45
                                                    }
                                                  ],
                                                  "parent": 41,
                                                  "ID": 42,
                                                  "left": 43,
                                                  "right": 44
                                                }
                                              ],
                                              "parent": 40,
                                              "ID": 41,
                                              "left": 42
                                            }
                                          ],
                                          "parent": 39,
                                          "ID": 40,
                                          "left": 41
                                        }
                                      ],
                                      "parent": 38,
                                      "ID": 39,
                                      "left": 40
                                    }
                                  ],
                                  "parent": 37,
                                  "ID": 38,
                                  "left": 39
                                }
                              ],
                              "parent": 36,
                              "ID": 37,
                              "left": 38
                            }
                          ],
                          "parent": 27,
                          "ID": 36,
                          "left": 37
                        }
                      ],
                      "parent": 3,
                      "ID": 27,
                      "left": 28,
                      "right": 36
                    },
                    {
                      "Node Type": "Merge Join",
                      "Parent Relationship": "Member",
                      "Parallel Aware": false,
                      "Async Capable": false,
                      "Join Type": "Left",
                      "Startup Cost": 252590.79,
                      "Total Cost": 252726.18,
                      "Plan Rows": 200,
                      "Plan Width": 132,
                      "Inner Unique": true,
                      "Merge Cond": "(web_page.wp_web_page_sk = web_page_1.wp_web_page_sk)",
                      "Plans": [
                        {
                          "Node Type": "Aggregate",
                          "Strategy": "Sorted",
                          "Partial Mode": "Finalize",
                          "Parent Relationship": "Outer",
                          "Parallel Aware": false,
                          "Async Capable": false,
                          "Startup Cost": 232119.07,
                          "Total Cost": 232210.1,
                          "Plan Rows": 200,
                          "Plan Width": 68,
                          "Group Key": [
                            "web_page.wp_web_page_sk"
                          ],
                          "Plans": [
                            {
                              "Node Type": "Gather Merge",
                              "Parent Relationship": "Outer",
                              "Parallel Aware": false,
                              "Async Capable": false,
                              "Startup Cost": 232119.07,
                              "Total Cost": 232202.1,
                              "Plan Rows": 400,
                              "Plan Width": 68,
                              "Workers Planned": 2,
                              "Plans": [
                                {
                                  "Node Type": "Aggregate",
                                  "Strategy": "Sorted",
                                  "Partial Mode": "Partial",
                                  "Parent Relationship": "Outer",
                                  "Parallel Aware": false,
                                  "Async Capable": false,
                                  "Startup Cost": 231119.05,
                                  "Total Cost": 231155.9,
                                  "Plan Rows": 200,
                                  "Plan Width": 68,
                                  "Group Key": [
                                    "web_page.wp_web_page_sk"
                                  ],
                                  "Plans": [
                                    {
                                      "Node Type": "Merge Join",
                                      "Parent Relationship": "Outer",
                                      "Parallel Aware": false,
                                      "Async Capable": false,
                                      "Join Type": "Inner",
                                      "Startup Cost": 231119.05,
                                      "Total Cost": 231143.67,
                                      "Plan Rows": 1231,
                                      "Plan Width": 16,
                                      "Inner Unique": false,
                                      "Merge Cond": "(web_sales.ws_web_page_sk = web_page.wp_web_page_sk)",
                                      "Plans": [
                                        {
                                          "Node Type": "Sort",
                                          "Parent Relationship": "Outer",
                                          "Parallel Aware": false,
                                          "Async Capable": false,
                                          "Startup Cost": 231104.41,
                                          "Total Cost": 231107.48,
                                          "Plan Rows": 1231,
                                          "Plan Width": 16,
                                          "Sort Key": [
                                            "web_sales.ws_web_page_sk"
                                          ],
                                          "Plans": [
                                            {
                                              "Node Type": "Hash Join",
                                              "Parent Relationship": "Outer",
                                              "Parallel Aware": true,
                                              "Async Capable": false,
                                              "Join Type": "Inner",
                                              "Startup Cost": 2049.78,
                                              "Total Cost": 231041.22,
                                              "Plan Rows": 1231,
                                              "Plan Width": 16,
                                              "Inner Unique": false,
                                              "Hash Cond": "(web_sales.ws_sold_date_sk = date_dim_4.d_date_sk)",
                                              "Plans": [
                                                {
                                                  "Node Type": "Seq Scan",
                                                  "Parent Relationship": "Outer",
                                                  "Parallel Aware": true,
                                                  "Async Capable": false,
                                                  "Relation Name": "web_sales",
                                                  "Alias": "web_sales",
                                                  "Startup Cost": 0.0,
                                                  "Total Cost": 217737.86,
                                                  "Plan Rows": 2998986,
                                                  "Plan Width": 20,
                                                  "parent": 52,
                                                  "ID": 53
                                                },
                                                {
                                                  "Node Type": "Hash",
                                                  "Parent Relationship": "Inner",
                                                  "Parallel Aware": true,
                                                  "Async Capable": false,
                                                  "Startup Cost": 2049.55,
                                                  "Total Cost": 2049.55,
                                                  "Plan Rows": 18,
                                                  "Plan Width": 4,
                                                  "Plans": [
                                                    {
                                                      "Node Type": "Seq Scan",
                                                      "Parent Relationship": "Outer",
                                                      "Parallel Aware": true,
                                                      "Async Capable": false,
                                                      "Relation Name": "date_dim",
                                                      "Alias": "date_dim_4",
                                                      "Startup Cost": 0.0,
                                                      "Total Cost": 2049.55,
                                                      "Plan Rows": 18,
                                                      "Plan Width": 4,
                                                      "Filter": "((d_date >= '1999-08-14'::date) AND (d_date <= '1999-09-13 00:00:00'::timestamp without time zone))",
                                                      "parent": 54,
                                                      "ID": 55
                                                    }
                                                  ],
                                                  "parent": 52,
                                                  "ID": 54,
                                                  "left": 55
                                                }
                                              ],
                                              "parent": 51,
                                              "ID": 52,
                                              "left": 53,
                                              "right": 54
                                            }
                                          ],
                                          "parent": 50,
                                          "ID": 51,
                                          "left": 52
                                        },
                                        {
                                          "Node Type": "Sort",
                                          "Parent Relationship": "Inner",
                                          "Parallel Aware": false,
                                          "Async Capable": false,
                                          "Startup Cost": 14.64,
                                          "Total Cost": 15.14,
                                          "Plan Rows": 200,
                                          "Plan Width": 4,
                                          "Sort Key": [
                                            "web_page.wp_web_page_sk"
                                          ],
                                          "Plans": [
                                            {
                                              "Node Type": "Seq Scan",
                                              "Parent Relationship": "Outer",
                                              "Parallel Aware": false,
                                              "Async Capable": false,
                                              "Relation Name": "web_page",
                                              "Alias": "web_page",
                                              "Startup Cost": 0.0,
                                              "Total Cost": 7.0,
                                              "Plan Rows": 200,
                                              "Plan Width": 4,
                                              "parent": 56,
                                              "ID": 57
                                            }
                                          ],
                                          "parent": 50,
                                          "ID": 56,
                                          "left": 57
                                        }
                                      ],
                                      "parent": 49,
                                      "ID": 50,
                                      "left": 51,
                                      "right": 56
                                    }
                                  ],
                                  "parent": 48,
                                  "ID": 49,
                                  "left": 50
                                }
                              ],
                              "parent": 47,
                              "ID": 48,
                              "left": 49
                            }
                          ],
                          "parent": 46,
                          "ID": 47,
                          "left": 48
                        },
                        {
                          "Node Type": "Aggregate",
                          "Strategy": "Sorted",
                          "Partial Mode": "Finalize",
                          "Parent Relationship": "Inner",
                          "Parallel Aware": false,
                          "Async Capable": false,
                          "Startup Cost": 20471.72,
                          "Total Cost": 20508.59,
                          "Plan Rows": 200,
                          "Plan Width": 68,
                          "Group Key": [
                            "web_page_1.wp_web_page_sk"
                          ],
                          "Plans": [
                            {
                              "Node Type": "Gather Merge",
                              "Parent Relationship": "Outer",
                              "Parallel Aware": false,
                              "Async Capable": false,
                              "Startup Cost": 20471.72,
                              "Total Cost": 20502.79,
                              "Plan Rows": 224,
                              "Plan Width": 68,
                              "Workers Planned": 2,
                              "Plans": [
                                {
                                  "Node Type": "Aggregate",
                                  "Strategy": "Sorted",
                                  "Partial Mode": "Partial",
                                  "Parent Relationship": "Outer",
                                  "Parallel Aware": false,
                                  "Async Capable": false,
                                  "Startup Cost": 19471.69,
                                  "Total Cost": 19476.91,
                                  "Plan Rows": 112,
                                  "Plan Width": 68,
                                  "Group Key": [
                                    "web_page_1.wp_web_page_sk"
                                  ],
                                  "Plans": [
                                    {
                                      "Node Type": "Merge Join",
                                      "Parent Relationship": "Outer",
                                      "Parallel Aware": false,
                                      "Async Capable": false,
                                      "Join Type": "Inner",
                                      "Startup Cost": 19471.69,
                                      "Total Cost": 19474.39,
                                      "Plan Rows": 112,
                                      "Plan Width": 16,
                                      "Inner Unique": false,
                                      "Merge Cond": "(web_returns.wr_web_page_sk = web_page_1.wp_web_page_sk)",
                                      "Plans": [
                                        {
                                          "Node Type": "Sort",
                                          "Parent Relationship": "Outer",
                                          "Parallel Aware": false,
                                          "Async Capable": false,
                                          "Startup Cost": 19457.05,
                                          "Total Cost": 19457.35,
                                          "Plan Rows": 118,
                                          "Plan Width": 16,
                                          "Sort Key": [
                                            "web_returns.wr_web_page_sk"
                                          ],
                                          "Plans": [
                                            {
                                              "Node Type": "Hash Join",
                                              "Parent Relationship": "Outer",
                                              "Parallel Aware": true,
                                              "Async Capable": false,
                                              "Join Type": "Inner",
                                              "Startup Cost": 2049.78,
                                              "Total Cost": 19452.99,
                                              "Plan Rows": 118,
                                              "Plan Width": 16,
                                              "Inner Unique": false,
                                              "Hash Cond": "(web_returns.wr_returned_date_sk = date_dim_5.d_date_sk)",
                                              "Plans": [
                                                {
                                                  "Node Type": "Seq Scan",
                                                  "Parent Relationship": "Outer",
                                                  "Parallel Aware": true,
                                                  "Async Capable": false,
                                                  "Relation Name": "web_returns",
                                                  "Alias": "web_returns",
                                                  "Startup Cost": 0.0,
                                                  "Total Cost": 16278.74,
                                                  "Plan Rows": 299674,
                                                  "Plan Width": 20,
                                                  "parent": 63,
                                                  "ID": 64
                                                },
                                                {
                                                  "Node Type": "Hash",
                                                  "Parent Relationship": "Inner",
                                                  "Parallel Aware": true,
                                                  "Async Capable": false,
                                                  "Startup Cost": 2049.55,
                                                  "Total Cost": 2049.55,
                                                  "Plan Rows": 18,
                                                  "Plan Width": 4,
                                                  "Plans": [
                                                    {
                                                      "Node Type": "Seq Scan",
                                                      "Parent Relationship": "Outer",
                                                      "Parallel Aware": true,
                                                      "Async Capable": false,
                                                      "Relation Name": "date_dim",
                                                      "Alias": "date_dim_5",
                                                      "Startup Cost": 0.0,
                                                      "Total Cost": 2049.55,
                                                      "Plan Rows": 18,
                                                      "Plan Width": 4,
                                                      "Filter": "((d_date >= '1999-08-14'::date) AND (d_date <= '1999-09-13 00:00:00'::timestamp without time zone))",
                                                      "parent": 65,
                                                      "ID": 66
                                                    }
                                                  ],
                                                  "parent": 63,
                                                  "ID": 65,
                                                  "left": 66
                                                }
                                              ],
                                              "parent": 62,
                                              "ID": 63,
                                              "left": 64,
                                              "right": 65
                                            }
                                          ],
                                          "parent": 61,
                                          "ID": 62,
                                          "left": 63
                                        },
                                        {
                                          "Node Type": "Sort",
                                          "Parent Relationship": "Inner",
                                          "Parallel Aware": false,
                                          "Async Capable": false,
                                          "Startup Cost": 14.64,
                                          "Total Cost": 15.14,
                                          "Plan Rows": 200,
                                          "Plan Width": 4,
                                          "Sort Key": [
                                            "web_page_1.wp_web_page_sk"
                                          ],
                                          "Plans": [
                                            {
                                              "Node Type": "Seq Scan",
                                              "Parent Relationship": "Outer",
                                              "Parallel Aware": false,
                                              "Async Capable": false,
                                              "Relation Name": "web_page",
                                              "Alias": "web_page_1",
                                              "Startup Cost": 0.0,
                                              "Total Cost": 7.0,
                                              "Plan Rows": 200,
                                              "Plan Width": 4,
                                              "parent": 67,
                                              "ID": 68
                                            }
                                          ],
                                          "parent": 61,
                                          "ID": 67,
                                          "left": 68
                                        }
                                      ],
                                      "parent": 60,
                                      "ID": 61,
                                      "left": 62,
                                      "right": 67
                                    }
                                  ],
                                  "parent": 59,
                                  "ID": 60,
                                  "left": 61
                                }
                              ],
                              "parent": 58,
                              "ID": 59,
                              "left": 60
                            }
                          ],
                          "parent": 46,
                          "ID": 58,
                          "left": 59
                        }
                      ],
                      "parent": 3,
                      "ID": 46,
                      "left": 47,
                      "right": 58
                    }
                  ],
                  "parent": 2,
                  "ID": 3,
                  "left": 4,
                  "right": 27
                }
              ],
              "parent": 1,
              "ID": 2,
              "left": 3
            }
          ],
          "parent": 0,
          "ID": 1,
          "left": 2
        }
      ],
      "parent": null,
      "ID": 0,
      "left": 1
    },
    "feat": {
      "utility": 0.008195398099011188,
      "query_shape": [
        [
          "Seq Scan",
          "Hash Join",
          "Sort",
          "Merge Join",
          "Aggregate",
          "Gather Merge",
          "Append"
        ],
        [
          "Seq Scan",
          "Hash",
          "Hash Join",
          "Sort",
          "Merge Join",
          "Aggregate",
          "Gather Merge",
          "Append"
        ],
        [
          "Seq Scan",
          "Sort",
          "Merge Join",
          "Aggregate",
          "Gather Merge",
          "Append"
        ],
        [
          "Seq Scan",
          "Hash Join",
          "Sort",
          "Merge Join",
          "Aggregate",
          "Gather Merge",
          "Append"
        ],
        [
          "Seq Scan",
          "Hash",
          "Hash Join",
          "Sort",
          "Merge Join",
          "Aggregate",
          "Gather Merge",
          "Append"
        ],
        [
          "Seq Scan",
          "Sort",
          "Merge Join",
          "Aggregate",
          "Gather Merge",
          "Append"
        ],
        [
          "Seq Scan",
          "Hash Join",
          "Sort",
          "Aggregate",
          "Gather Merge",
          "Nested Loop",
          "Append"
        ],
        [
          "Seq Scan",
          "Hash",
          "Hash Join",
          "Sort",
          "Aggregate",
          "Gather Merge",
          "Nested Loop",
          "Append"
        ],
        [
          "Seq Scan",
          "Hash Join",
          "Sort",
          "Aggregate",
          "Gather Merge",
          "Subquery Scan",
          "Materialize",
          "Nested Loop",
          "Append"
        ],
        [
          "Seq Scan",
          "Hash",
          "Hash Join",
          "Sort",
          "Aggregate",
          "Gather Merge",
          "Subquery Scan",
          "Materialize",
          "Nested Loop",
          "Append"
        ],
        [
          "Seq Scan",
          "Hash Join",
          "Sort",
          "Merge Join",
          "Aggregate",
          "Gather Merge",
          "Append"
        ],
        [
          "Seq Scan",
          "Hash",
          "Hash Join",
          "Sort",
          "Merge Join",
          "Aggregate",
          "Gather Merge",
          "Append"
        ],
        [
          "Seq Scan",
          "Sort",
          "Merge Join",
          "Aggregate",
          "Gather Merge",
          "Append"
        ],
        [
          "Seq Scan",
          "Hash Join",
          "Sort",
          "Merge Join",
          "Aggregate",
          "Gather Merge",
          "Append"
        ],
        [
          "Seq Scan",
          "Hash",
          "Hash Join",
          "Sort",
          "Merge Join",
          "Aggregate",
          "Gather Merge",
          "Append"
        ],
        [
          "Seq Scan",
          "Sort",
          "Merge Join",
          "Aggregate",
          "Gather Merge",
          "Append"
        ]
      ],
      "index_shape": [
        "join"
      ],
      "physical_operator": {
        "Seq Scan": [
          0.0002464099440101508,
          0.0002464099440101508,
          0.0002464099440101508,
          0.0002464099440101508,
          0.0002464099440101508,
          0.0002464099440101508
        ],
        "Hash Join": [
          0.004666046765541177,
          0.004697957574228613,
          0.0047626883590205366,
          0.0047730246790248666,
          0.004775353814081747,
          0.004677138373254795
        ]
      }
    }
  },
  {
    "query": "with ss as\n (select s_store_sk,\n         sum(ss_ext_sales_price) as sales,\n         sum(ss_net_profit) as profit\n from store_sales,\n      date_dim,\n      store\n where ss_sold_date_sk = d_date_sk\n       and d_date between cast('1999-08-14' as date) \n                  and (cast('1999-08-14' as date) +  interval '30 days') \n       and ss_store_sk = s_store_sk\n group by s_store_sk)\n ,\n sr as\n (select s_store_sk,\n         sum(sr_return_amt) as returns,\n         sum(sr_net_loss) as profit_loss\n from store_returns,\n      date_dim,\n      store\n where sr_returned_date_sk = d_date_sk\n       and d_date between cast('1999-08-14' as date)\n                  and (cast('1999-08-14' as date) +  interval '30 days')\n       and sr_store_sk = s_store_sk\n group by s_store_sk), \n cs as\n (select cs_call_center_sk,\n        sum(cs_ext_sales_price) as sales,\n        sum(cs_net_profit) as profit\n from catalog_sales,\n      date_dim\n where cs_sold_date_sk = d_date_sk\n       and d_date between cast('1999-08-14' as date)\n                  and (cast('1999-08-14' as date) +  interval '30 days')\n group by cs_call_center_sk \n ), \n cr as\n (select cr_call_center_sk,\n         sum(cr_return_amount) as returns,\n         sum(cr_net_loss) as profit_loss\n from catalog_returns,\n      date_dim\n where cr_returned_date_sk = d_date_sk\n       and d_date between cast('1999-08-14' as date)\n                  and (cast('1999-08-14' as date) +  interval '30 days')\n group by cr_call_center_sk\n ), \n ws as\n ( select wp_web_page_sk,\n        sum(ws_ext_sales_price) as sales,\n        sum(ws_net_profit) as profit\n from web_sales,\n      date_dim,\n      web_page\n where ws_sold_date_sk = d_date_sk\n       and d_date between cast('1999-08-14' as date)\n                  and (cast('1999-08-14' as date) +  interval '30 days')\n       and ws_web_page_sk = wp_web_page_sk\n group by wp_web_page_sk), \n wr as\n (select wp_web_page_sk,\n        sum(wr_return_amt) as returns,\n        sum(wr_net_loss) as profit_loss\n from web_returns,\n      date_dim,\n      web_page\n where wr_returned_date_sk = d_date_sk\n       and d_date between cast('1999-08-14' as date)\n                  and (cast('1999-08-14' as date) +  interval '30 days')\n       and wr_web_page_sk = wp_web_page_sk\n group by wp_web_page_sk)\n  select  channel\n        , id\n        , sum(sales) as sales\n        , sum(returns) as returns\n        , sum(profit) as profit\n from \n (select 'store channel' as channel\n        , ss.s_store_sk as id\n        , sales\n        , coalesce(returns, 0) as returns\n        , (profit - coalesce(profit_loss,0)) as profit\n from   ss left join sr\n        on  ss.s_store_sk = sr.s_store_sk\n union all\n select 'catalog channel' as channel\n        , cs_call_center_sk as id\n        , sales\n        , returns\n        , (profit - profit_loss) as profit\n from  cs\n       , cr\n union all\n select 'web channel' as channel\n        , ws.wp_web_page_sk as id\n        , sales\n        , coalesce(returns, 0) as returns\n        , (profit - coalesce(profit_loss,0)) as profit\n from   ws left join wr\n        on  ws.wp_web_page_sk = wr.wp_web_page_sk\n ) x\n group by rollup (channel, id)\n order by channel\n         ,id\n limit 100;\n\n-- end query 58 in stream 0 using template query77.tpl\n",
    "indexes": "store.s_store_sk",
    "wo plan est": {
      "Node Type": "Limit",
      "Parallel Aware": false,
      "Async Capable": false,
      "Startup Cost": 1505243.45,
      "Total Cost": 1505243.7,
      "Plan Rows": 100,
      "Plan Width": 132,
      "Plans": [
        {
          "Node Type": "Sort",
          "Parent Relationship": "Outer",
          "Parallel Aware": false,
          "Async Capable": false,
          "Startup Cost": 1505243.45,
          "Total Cost": 1505244.45,
          "Plan Rows": 401,
          "Plan Width": 132,
          "Sort Key": [
            "('store channel'::text)",
            "store.s_store_sk"
          ],
          "Plans": [
            {
              "Node Type": "Aggregate",
              "Strategy": "Mixed",
              "Partial Mode": "Simple",
              "Parent Relationship": "Outer",
              "Parallel Aware": false,
              "Async Capable": false,
              "Startup Cost": 752755.06,
              "Total Cost": 1505228.12,
              "Plan Rows": 401,
              "Plan Width": 132,
              "Grouping Sets": [
                {
                  "Hash Keys": [
                    [
                      "('store channel'::text)",
                      "store.s_store_sk"
                    ]
                  ]
                },
                {
                  "Hash Keys": [
                    [
                      "('store channel'::text)"
                    ]
                  ]
                },
                {
                  "Group Keys": [
                    []
                  ]
                }
              ],
              "Planned Partitions": 0,
              "Plans": [
                {
                  "Node Type": "Append",
                  "Parent Relationship": "Outer",
                  "Parallel Aware": false,
                  "Async Capable": false,
                  "Startup Cost": 752755.06,
                  "Total Cost": 1505194.76,
                  "Plan Rows": 878,
                  "Plan Width": 132,
                  "Subplans Removed": 0,
                  "Plans": [
                    {
                      "Node Type": "Merge Join",
                      "Parent Relationship": "Member",
                      "Parallel Aware": false,
                      "Async Capable": false,
                      "Join Type": "Left",
                      "Startup Cost": 752755.06,
                      "Total Cost": 752953.3,
                      "Plan Rows": 102,
                      "Plan Width": 132,
                      "Inner Unique": true,
                      "Merge Cond": "(store.s_store_sk = store_1.s_store_sk)",
                      "Plans": [
                        {
                          "Node Type": "Aggregate",
                          "Strategy": "Sorted",
                          "Partial Mode": "Finalize",
                          "Parent Relationship": "Outer",
                          "Parallel Aware": false,
                          "Async Capable": false,
                          "Startup Cost": 685291.07,
                          "Total Cost": 685443.67,
                          "Plan Rows": 102,
                          "Plan Width": 68,
                          "Group Key": [
                            "store.s_store_sk"
                          ],
                          "Plans": [
                            {
                              "Node Type": "Gather Merge",
                              "Parent Relationship": "Outer",
                              "Parallel Aware": false,
                              "Async Capable": false,
                              "Startup Cost": 685291.07,
                              "Total Cost": 685439.59,
                              "Plan Rows": 204,
                              "Plan Width": 68,
                              "Workers Planned": 2,
                              "Plans": [
                                {
                                  "Node Type": "Aggregate",
                                  "Strategy": "Sorted",
                                  "Partial Mode": "Partial",
                                  "Parent Relationship": "Outer",
                                  "Parallel Aware": false,
                                  "Async Capable": false,
                                  "Startup Cost": 684291.04,
                                  "Total Cost": 684416.02,
                                  "Plan Rows": 102,
                                  "Plan Width": 68,
                                  "Group Key": [
                                    "store.s_store_sk"
                                  ],
                                  "Plans": [
                                    {
                                      "Node Type": "Merge Join",
                                      "Parent Relationship": "Outer",
                                      "Parallel Aware": false,
                                      "Async Capable": false,
                                      "Join Type": "Inner",
                                      "Startup Cost": 684291.04,
                                      "Total Cost": 684380.82,
                                      "Plan Rows": 4489,
                                      "Plan Width": 16,
                                      "Inner Unique": false,
                                      "Merge Cond": "(store_sales.ss_store_sk = store.s_store_sk)",
                                      "Plans": [
                                        {
                                          "Node Type": "Sort",
                                          "Parent Relationship": "Outer",
                                          "Parallel Aware": false,
                                          "Async Capable": false,
                                          "Startup Cost": 684281.62,
                                          "Total Cost": 684293.38,
                                          "Plan Rows": 4703,
                                          "Plan Width": 16,
                                          "Sort Key": [
                                            "store_sales.ss_store_sk"
                                          ],
                                          "Plans": [
                                            {
                                              "Node Type": "Hash Join",
                                              "Parent Relationship": "Outer",
                                              "Parallel Aware": true,
                                              "Async Capable": false,
                                              "Join Type": "Inner",
                                              "Startup Cost": 2049.78,
                                              "Total Cost": 683994.75,
                                              "Plan Rows": 4703,
                                              "Plan Width": 16,
                                              "Inner Unique": false,
                                              "Hash Cond": "(store_sales.ss_sold_date_sk = date_dim.d_date_sk)",
                                              "Plans": [
                                                {
                                                  "Node Type": "Seq Scan",
                                                  "Parent Relationship": "Outer",
                                                  "Parallel Aware": true,
                                                  "Async Capable": false,
                                                  "Relation Name": "store_sales",
                                                  "Alias": "store_sales",
                                                  "Startup Cost": 0.0,
                                                  "Total Cost": 636914.37,
                                                  "Plan Rows": 12000637,
                                                  "Plan Width": 20,
                                                  "parent": 10,
                                                  "ID": 11
                                                },
                                                {
                                                  "Node Type": "Hash",
                                                  "Parent Relationship": "Inner",
                                                  "Parallel Aware": true,
                                                  "Async Capable": false,
                                                  "Startup Cost": 2049.55,
                                                  "Total Cost": 2049.55,
                                                  "Plan Rows": 18,
                                                  "Plan Width": 4,
                                                  "Plans": [
                                                    {
                                                      "Node Type": "Seq Scan",
                                                      "Parent Relationship": "Outer",
                                                      "Parallel Aware": true,
                                                      "Async Capable": false,
                                                      "Relation Name": "date_dim",
                                                      "Alias": "date_dim",
                                                      "Startup Cost": 0.0,
                                                      "Total Cost": 2049.55,
                                                      "Plan Rows": 18,
                                                      "Plan Width": 4,
                                                      "Filter": "((d_date >= '1999-08-14'::date) AND (d_date <= '1999-09-13 00:00:00'::timestamp without time zone))",
                                                      "parent": 12,
                                                      "ID": 13
                                                    }
                                                  ],
                                                  "parent": 10,
                                                  "ID": 12,
                                                  "left": 13
                                                }
                                              ],
                                              "parent": 9,
                                              "ID": 10,
                                              "left": 11,
                                              "right": 12
                                            }
                                          ],
                                          "parent": 8,
                                          "ID": 9,
                                          "left": 10
                                        },
                                        {
                                          "Node Type": "Sort",
                                          "Parent Relationship": "Inner",
                                          "Parallel Aware": false,
                                          "Async Capable": false,
                                          "Startup Cost": 9.42,
                                          "Total Cost": 9.68,
                                          "Plan Rows": 102,
                                          "Plan Width": 4,
                                          "Sort Key": [
                                            "store.s_store_sk"
                                          ],
                                          "Plans": [
                                            {
                                              "Node Type": "Seq Scan",
                                              "Parent Relationship": "Outer",
                                              "Parallel Aware": false,
                                              "Async Capable": false,
                                              "Relation Name": "store",
                                              "Alias": "store",
                                              "Startup Cost": 0.0,
                                              "Total Cost": 6.02,
                                              "Plan Rows": 102,
                                              "Plan Width": 4,
                                              "parent": 14,
                                              "ID": 15
                                            }
                                          ],
                                          "parent": 8,
                                          "ID": 14,
                                          "left": 15
                                        }
                                      ],
                                      "parent": 7,
                                      "ID": 8,
                                      "left": 9,
                                      "right": 14
                                    }
                                  ],
                                  "parent": 6,
                                  "ID": 7,
                                  "left": 8
                                }
                              ],
                              "parent": 5,
                              "ID": 6,
                              "left": 7
                            }
                          ],
                          "parent": 4,
                          "ID": 5,
                          "left": 6
                        },
                        {
                          "Node Type": "Aggregate",
                          "Strategy": "Sorted",
                          "Partial Mode": "Finalize",
                          "Parent Relationship": "Inner",
                          "Parallel Aware": false,
                          "Async Capable": false,
                          "Startup Cost": 67464.0,
                          "Total Cost": 67505.8,
                          "Plan Rows": 102,
                          "Plan Width": 68,
                          "Group Key": [
                            "store_1.s_store_sk"
                          ],
                          "Plans": [
                            {
                              "Node Type": "Gather Merge",
                              "Parent Relationship": "Outer",
                              "Parallel Aware": false,
                              "Async Capable": false,
                              "Startup Cost": 67464.0,
                              "Total Cost": 67501.72,
                              "Plan Rows": 204,
                              "Plan Width": 68,
                              "Workers Planned": 2,
                              "Plans": [
                                {
                                  "Node Type": "Aggregate",
                                  "Strategy": "Sorted",
                                  "Partial Mode": "Partial",
                                  "Parent Relationship": "Outer",
                                  "Parallel Aware": false,
                                  "Async Capable": false,
                                  "Startup Cost": 66463.97,
                                  "Total Cost": 66478.15,
                                  "Plan Rows": 102,
                                  "Plan Width": 68,
                                  "Group Key": [
                                    "store_1.s_store_sk"
                                  ],
                                  "Plans": [
                                    {
                                      "Node Type": "Merge Join",
                                      "Parent Relationship": "Outer",
                                      "Parallel Aware": false,
                                      "Async Capable": false,
                                      "Join Type": "Inner",
                                      "Startup Cost": 66463.97,
                                      "Total Cost": 66473.17,
                                      "Plan Rows": 460,
                                      "Plan Width": 16,
                                      "Inner Unique": false,
                                      "Merge Cond": "(store_returns.sr_store_sk = store_1.s_store_sk)",
                                      "Plans": [
                                        {
                                          "Node Type": "Sort",
                                          "Parent Relationship": "Outer",
                                          "Parallel Aware": false,
                                          "Async Capable": false,
                                          "Startup Cost": 66454.55,
                                          "Total Cost": 66455.74,
                                          "Plan Rows": 476,
                                          "Plan Width": 16,
                                          "Sort Key": [
                                            "store_returns.sr_store_sk"
                                          ],
                                          "Plans": [
                                            {
                                              "Node Type": "Hash Join",
                                              "Parent Relationship": "Outer",
                                              "Parallel Aware": true,
                                              "Async Capable": false,
                                              "Join Type": "Inner",
                                              "Startup Cost": 2049.78,
                                              "Total Cost": 66433.38,
                                              "Plan Rows": 476,
                                              "Plan Width": 16,
                                              "Inner Unique": false,
                                              "Hash Cond": "(store_returns.sr_returned_date_sk = date_dim_1.d_date_sk)",
                                              "Plans": [
                                                {
                                                  "Node Type": "Seq Scan",
                                                  "Parent Relationship": "Outer",
                                                  "Parallel Aware": true,
                                                  "Async Capable": false,
                                                  "Relation Name": "store_returns",
                                                  "Alias": "store_returns",
                                                  "Startup Cost": 0.0,
                                                  "Total Cost": 59887.64,
                                                  "Plan Rows": 1198164,
                                                  "Plan Width": 20,
                                                  "parent": 21,
                                                  "ID": 22
                                                },
                                                {
                                                  "Node Type": "Hash",
                                                  "Parent Relationship": "Inner",
                                                  "Parallel Aware": true,
                                                  "Async Capable": false,
                                                  "Startup Cost": 2049.55,
                                                  "Total Cost": 2049.55,
                                                  "Plan Rows": 18,
                                                  "Plan Width": 4,
                                                  "Plans": [
                                                    {
                                                      "Node Type": "Seq Scan",
                                                      "Parent Relationship": "Outer",
                                                      "Parallel Aware": true,
                                                      "Async Capable": false,
                                                      "Relation Name": "date_dim",
                                                      "Alias": "date_dim_1",
                                                      "Startup Cost": 0.0,
                                                      "Total Cost": 2049.55,
                                                      "Plan Rows": 18,
                                                      "Plan Width": 4,
                                                      "Filter": "((d_date >= '1999-08-14'::date) AND (d_date <= '1999-09-13 00:00:00'::timestamp without time zone))",
                                                      "parent": 23,
                                                      "ID": 24
                                                    }
                                                  ],
                                                  "parent": 21,
                                                  "ID": 23,
                                                  "left": 24
                                                }
                                              ],
                                              "parent": 20,
                                              "ID": 21,
                                              "left": 22,
                                              "right": 23
                                            }
                                          ],
                                          "parent": 19,
                                          "ID": 20,
                                          "left": 21
                                        },
                                        {
                                          "Node Type": "Sort",
                                          "Parent Relationship": "Inner",
                                          "Parallel Aware": false,
                                          "Async Capable": false,
                                          "Startup Cost": 9.42,
                                          "Total Cost": 9.68,
                                          "Plan Rows": 102,
                                          "Plan Width": 4,
                                          "Sort Key": [
                                            "store_1.s_store_sk"
                                          ],
                                          "Plans": [
                                            {
                                              "Node Type": "Seq Scan",
                                              "Parent Relationship": "Outer",
                                              "Parallel Aware": false,
                                              "Async Capable": false,
                                              "Relation Name": "store",
                                              "Alias": "store_1",
                                              "Startup Cost": 0.0,
                                              "Total Cost": 6.02,
                                              "Plan Rows": 102,
                                              "Plan Width": 4,
                                              "parent": 25,
                                              "ID": 26
                                            }
                                          ],
                                          "parent": 19,
                                          "ID": 25,
                                          "left": 26
                                        }
                                      ],
                                      "parent": 18,
                                      "ID": 19,
                                      "left": 20,
                                      "right": 25
                                    }
                                  ],
                                  "parent": 17,
                                  "ID": 18,
                                  "left": 19
                                }
                              ],
                              "parent": 16,
                              "ID": 17,
                              "left": 18
                            }
                          ],
                          "parent": 4,
                          "ID": 16,
                          "left": 17
                        }
                      ],
                      "parent": 3,
                      "ID": 4,
                      "left": 5,
                      "right": 16
                    },
                    {
                      "Node Type": "Nested Loop",
                      "Parent Relationship": "Member",
                      "Parallel Aware": false,
                      "Async Capable": false,
                      "Join Type": "Inner",
                      "Startup Cost": 499452.25,
                      "Total Cost": 499502.11,
                      "Plan Rows": 576,
                      "Plan Width": 132,
                      "Inner Unique": false,
                      "Plans": [
                        {
                          "Node Type": "Aggregate",
                          "Strategy": "Sorted",
                          "Partial Mode": "Finalize",
                          "Parent Relationship": "Outer",
                          "Parallel Aware": false,
                          "Async Capable": false,
                          "Startup Cost": 459392.64,
                          "Total Cost": 459424.0,
                          "Plan Rows": 24,
                          "Plan Width": 68,
                          "Group Key": [
                            "catalog_sales.cs_call_center_sk"
                          ],
                          "Plans": [
                            {
                              "Node Type": "Gather Merge",
                              "Parent Relationship": "Outer",
                              "Parallel Aware": false,
                              "Async Capable": false,
                              "Startup Cost": 459392.64,
                              "Total Cost": 459423.04,
                              "Plan Rows": 48,
                              "Plan Width": 68,
                              "Workers Planned": 2,
                              "Plans": [
                                {
                                  "Node Type": "Aggregate",
                                  "Strategy": "Sorted",
                                  "Partial Mode": "Partial",
                                  "Parent Relationship": "Outer",
                                  "Parallel Aware": false,
                                  "Async Capable": false,
                                  "Startup Cost": 458392.62,
                                  "Total Cost": 458417.48,
                                  "Plan Rows": 24,
                                  "Plan Width": 68,
                                  "Group Key": [
                                    "catalog_sales.cs_call_center_sk"
                                  ],
                                  "Plans": [
                                    {
                                      "Node Type": "Sort",
                                      "Parent Relationship": "Outer",
                                      "Parallel Aware": false,
                                      "Async Capable": false,
                                      "Startup Cost": 458392.62,
                                      "Total Cost": 458398.74,
                                      "Plan Rows": 2450,
                                      "Plan Width": 16,
                                      "Sort Key": [
                                        "catalog_sales.cs_call_center_sk"
                                      ],
                                      "Plans": [
                                        {
                                          "Node Type": "Hash Join",
                                          "Parent Relationship": "Outer",
                                          "Parallel Aware": true,
                                          "Async Capable": false,
                                          "Join Type": "Inner",
                                          "Startup Cost": 2049.78,
                                          "Total Cost": 458254.7,
                                          "Plan Rows": 2450,
                                          "Plan Width": 16,
                                          "Inner Unique": false,
                                          "Hash Cond": "(catalog_sales.cs_sold_date_sk = date_dim_2.d_date_sk)",
                                          "Plans": [
                                            {
                                              "Node Type": "Seq Scan",
                                              "Parent Relationship": "Outer",
                                              "Parallel Aware": true,
                                              "Async Capable": false,
                                              "Relation Name": "catalog_sales",
                                              "Alias": "catalog_sales",
                                              "Startup Cost": 0.0,
                                              "Total Cost": 433688.25,
                                              "Plan Rows": 6000525,
                                              "Plan Width": 20,
                                              "parent": 32,
                                              "ID": 33
                                            },
                                            {
                                              "Node Type": "Hash",
                                              "Parent Relationship": "Inner",
                                              "Parallel Aware": true,
                                              "Async Capable": false,
                                              "Startup Cost": 2049.55,
                                              "Total Cost": 2049.55,
                                              "Plan Rows": 18,
                                              "Plan Width": 4,
                                              "Plans": [
                                                {
                                                  "Node Type": "Seq Scan",
                                                  "Parent Relationship": "Outer",
                                                  "Parallel Aware": true,
                                                  "Async Capable": false,
                                                  "Relation Name": "date_dim",
                                                  "Alias": "date_dim_2",
                                                  "Startup Cost": 0.0,
                                                  "Total Cost": 2049.55,
                                                  "Plan Rows": 18,
                                                  "Plan Width": 4,
                                                  "Filter": "((d_date >= '1999-08-14'::date) AND (d_date <= '1999-09-13 00:00:00'::timestamp without time zone))",
                                                  "parent": 34,
                                                  "ID": 35
                                                }
                                              ],
                                              "parent": 32,
                                              "ID": 34,
                                              "left": 35
                                            }
                                          ],
                                          "parent": 31,
                                          "ID": 32,
                                          "left": 33,
                                          "right": 34
                                        }
                                      ],
                                      "parent": 30,
                                      "ID": 31,
                                      "left": 32
                                    }
                                  ],
                                  "parent": 29,
                                  "ID": 30,
                                  "left": 31
                                }
                              ],
                              "parent": 28,
                              "ID": 29,
                              "left": 30
                            }
                          ],
                          "parent": 27,
                          "ID": 28,
                          "left": 29
                        },
                        {
                          "Node Type": "Materialize",
                          "Parent Relationship": "Inner",
                          "Parallel Aware": false,
                          "Async Capable": false,
                          "Startup Cost": 40059.61,
                          "Total Cost": 40069.29,
                          "Plan Rows": 24,
                          "Plan Width": 64,
                          "Plans": [
                            {
                              "Node Type": "Subquery Scan",
                              "Parent Relationship": "Outer",
                              "Parallel Aware": false,
                              "Async Capable": false,
                              "Alias": "cr",
                              "Startup Cost": 40059.61,
                              "Total Cost": 40069.17,
                              "Plan Rows": 24,
                              "Plan Width": 64,
                              "Plans": [
                                {
                                  "Node Type": "Aggregate",
                                  "Strategy": "Sorted",
                                  "Partial Mode": "Finalize",
                                  "Parent Relationship": "Subquery",
                                  "Parallel Aware": false,
                                  "Async Capable": false,
                                  "Startup Cost": 40059.61,
                                  "Total Cost": 40068.93,
                                  "Plan Rows": 24,
                                  "Plan Width": 68,
                                  "Group Key": [
                                    "catalog_returns.cr_call_center_sk"
                                  ],
                                  "Plans": [
                                    {
                                      "Node Type": "Gather Merge",
                                      "Parent Relationship": "Outer",
                                      "Parallel Aware": false,
                                      "Async Capable": false,
                                      "Startup Cost": 40059.61,
                                      "Total Cost": 40067.97,
                                      "Plan Rows": 48,
                                      "Plan Width": 68,
                                      "Workers Planned": 2,
                                      "Plans": [
                                        {
                                          "Node Type": "Aggregate",
                                          "Strategy": "Sorted",
                                          "Partial Mode": "Partial",
                                          "Parent Relationship": "Outer",
                                          "Parallel Aware": false,
                                          "Async Capable": false,
                                          "Startup Cost": 39059.58,
                                          "Total Cost": 39062.4,
                                          "Plan Rows": 24,
                                          "Plan Width": 68,
                                          "Group Key": [
                                            "catalog_returns.cr_call_center_sk"
                                          ],
                                          "Plans": [
                                            {
                                              "Node Type": "Sort",
                                              "Parent Relationship": "Outer",
                                              "Parallel Aware": false,
                                              "Async Capable": false,
                                              "Startup Cost": 39059.58,
                                              "Total Cost": 39060.2,
                                              "Plan Rows": 246,
                                              "Plan Width": 16,
                                              "Sort Key": [
                                                "catalog_returns.cr_call_center_sk"
                                              ],
                                              "Plans": [
                                                {
                                                  "Node Type": "Hash Join",
                                                  "Parent Relationship": "Outer",
                                                  "Parallel Aware": true,
                                                  "Async Capable": false,
                                                  "Join Type": "Inner",
                                                  "Startup Cost": 2049.78,
                                                  "Total Cost": 39049.82,
                                                  "Plan Rows": 246,
                                                  "Plan Width": 16,
                                                  "Inner Unique": false,
                                                  "Hash Cond": "(catalog_returns.cr_returned_date_sk = date_dim_3.d_date_sk)",
                                                  "Plans": [
                                                    {
                                                      "Node Type": "Seq Scan",
                                                      "Parent Relationship": "Outer",
                                                      "Parallel Aware": true,
                                                      "Async Capable": false,
                                                      "Relation Name": "catalog_returns",
                                                      "Alias": "catalog_returns",
                                                      "Startup Cost": 0.0,
                                                      "Total Cost": 34748.95,
                                                      "Plan Rows": 599895,
                                                      "Plan Width": 20,
                                                      "parent": 42,
                                                      "ID": 43
                                                    },
                                                    {
                                                      "Node Type": "Hash",
                                                      "Parent Relationship": "Inner",
                                                      "Parallel Aware": true,
                                                      "Async Capable": false,
                                                      "Startup Cost": 2049.55,
                                                      "Total Cost": 2049.55,
                                                      "Plan Rows": 18,
                                                      "Plan Width": 4,
                                                      "Plans": [
                                                        {
                                                          "Node Type": "Seq Scan",
                                                          "Parent Relationship": "Outer",
                                                          "Parallel Aware": true,
                                                          "Async Capable": false,
                                                          "Relation Name": "date_dim",
                                                          "Alias": "date_dim_3",
                                                          "Startup Cost": 0.0,
                                                          "Total Cost": 2049.55,
                                                          "Plan Rows": 18,
                                                          "Plan Width": 4,
                                                          "Filter": "((d_date >= '1999-08-14'::date) AND (d_date <= '1999-09-13 00:00:00'::timestamp without time zone))",
                                                          "parent": 44,
                                                          "ID": 45
                                                        }
                                                      ],
                                                      "parent": 42,
                                                      "ID": 44,
                                                      "left": 45
                                                    }
                                                  ],
                                                  "parent": 41,
                                                  "ID": 42,
                                                  "left": 43,
                                                  "right": 44
                                                }
                                              ],
                                              "parent": 40,
                                              "ID": 41,
                                              "left": 42
                                            }
                                          ],
                                          "parent": 39,
                                          "ID": 40,
                                          "left": 41
                                        }
                                      ],
                                      "parent": 38,
                                      "ID": 39,
                                      "left": 40
                                    }
                                  ],
                                  "parent": 37,
                                  "ID": 38,
                                  "left": 39
                                }
                              ],
                              "parent": 36,
                              "ID": 37,
                              "left": 38
                            }
                          ],
                          "parent": 27,
                          "ID": 36,
                          "left": 37
                        }
                      ],
                      "parent": 3,
                      "ID": 27,
                      "left": 28,
                      "right": 36
                    },
                    {
                      "Node Type": "Merge Join",
                      "Parent Relationship": "Member",
                      "Parallel Aware": false,
                      "Async Capable": false,
                      "Join Type": "Left",
                      "Startup Cost": 252590.79,
                      "Total Cost": 252726.18,
                      "Plan Rows": 200,
                      "Plan Width": 132,
                      "Inner Unique": true,
                      "Merge Cond": "(web_page.wp_web_page_sk = web_page_1.wp_web_page_sk)",
                      "Plans": [
                        {
                          "Node Type": "Aggregate",
                          "Strategy": "Sorted",
                          "Partial Mode": "Finalize",
                          "Parent Relationship": "Outer",
                          "Parallel Aware": false,
                          "Async Capable": false,
                          "Startup Cost": 232119.07,
                          "Total Cost": 232210.1,
                          "Plan Rows": 200,
                          "Plan Width": 68,
                          "Group Key": [
                            "web_page.wp_web_page_sk"
                          ],
                          "Plans": [
                            {
                              "Node Type": "Gather Merge",
                              "Parent Relationship": "Outer",
                              "Parallel Aware": false,
                              "Async Capable": false,
                              "Startup Cost": 232119.07,
                              "Total Cost": 232202.1,
                              "Plan Rows": 400,
                              "Plan Width": 68,
                              "Workers Planned": 2,
                              "Plans": [
                                {
                                  "Node Type": "Aggregate",
                                  "Strategy": "Sorted",
                                  "Partial Mode": "Partial",
                                  "Parent Relationship": "Outer",
                                  "Parallel Aware": false,
                                  "Async Capable": false,
                                  "Startup Cost": 231119.05,
                                  "Total Cost": 231155.9,
                                  "Plan Rows": 200,
                                  "Plan Width": 68,
                                  "Group Key": [
                                    "web_page.wp_web_page_sk"
                                  ],
                                  "Plans": [
                                    {
                                      "Node Type": "Merge Join",
                                      "Parent Relationship": "Outer",
                                      "Parallel Aware": false,
                                      "Async Capable": false,
                                      "Join Type": "Inner",
                                      "Startup Cost": 231119.05,
                                      "Total Cost": 231143.67,
                                      "Plan Rows": 1231,
                                      "Plan Width": 16,
                                      "Inner Unique": false,
                                      "Merge Cond": "(web_sales.ws_web_page_sk = web_page.wp_web_page_sk)",
                                      "Plans": [
                                        {
                                          "Node Type": "Sort",
                                          "Parent Relationship": "Outer",
                                          "Parallel Aware": false,
                                          "Async Capable": false,
                                          "Startup Cost": 231104.41,
                                          "Total Cost": 231107.48,
                                          "Plan Rows": 1231,
                                          "Plan Width": 16,
                                          "Sort Key": [
                                            "web_sales.ws_web_page_sk"
                                          ],
                                          "Plans": [
                                            {
                                              "Node Type": "Hash Join",
                                              "Parent Relationship": "Outer",
                                              "Parallel Aware": true,
                                              "Async Capable": false,
                                              "Join Type": "Inner",
                                              "Startup Cost": 2049.78,
                                              "Total Cost": 231041.22,
                                              "Plan Rows": 1231,
                                              "Plan Width": 16,
                                              "Inner Unique": false,
                                              "Hash Cond": "(web_sales.ws_sold_date_sk = date_dim_4.d_date_sk)",
                                              "Plans": [
                                                {
                                                  "Node Type": "Seq Scan",
                                                  "Parent Relationship": "Outer",
                                                  "Parallel Aware": true,
                                                  "Async Capable": false,
                                                  "Relation Name": "web_sales",
                                                  "Alias": "web_sales",
                                                  "Startup Cost": 0.0,
                                                  "Total Cost": 217737.86,
                                                  "Plan Rows": 2998986,
                                                  "Plan Width": 20,
                                                  "parent": 52,
                                                  "ID": 53
                                                },
                                                {
                                                  "Node Type": "Hash",
                                                  "Parent Relationship": "Inner",
                                                  "Parallel Aware": true,
                                                  "Async Capable": false,
                                                  "Startup Cost": 2049.55,
                                                  "Total Cost": 2049.55,
                                                  "Plan Rows": 18,
                                                  "Plan Width": 4,
                                                  "Plans": [
                                                    {
                                                      "Node Type": "Seq Scan",
                                                      "Parent Relationship": "Outer",
                                                      "Parallel Aware": true,
                                                      "Async Capable": false,
                                                      "Relation Name": "date_dim",
                                                      "Alias": "date_dim_4",
                                                      "Startup Cost": 0.0,
                                                      "Total Cost": 2049.55,
                                                      "Plan Rows": 18,
                                                      "Plan Width": 4,
                                                      "Filter": "((d_date >= '1999-08-14'::date) AND (d_date <= '1999-09-13 00:00:00'::timestamp without time zone))",
                                                      "parent": 54,
                                                      "ID": 55
                                                    }
                                                  ],
                                                  "parent": 52,
                                                  "ID": 54,
                                                  "left": 55
                                                }
                                              ],
                                              "parent": 51,
                                              "ID": 52,
                                              "left": 53,
                                              "right": 54
                                            }
                                          ],
                                          "parent": 50,
                                          "ID": 51,
                                          "left": 52
                                        },
                                        {
                                          "Node Type": "Sort",
                                          "Parent Relationship": "Inner",
                                          "Parallel Aware": false,
                                          "Async Capable": false,
                                          "Startup Cost": 14.64,
                                          "Total Cost": 15.14,
                                          "Plan Rows": 200,
                                          "Plan Width": 4,
                                          "Sort Key": [
                                            "web_page.wp_web_page_sk"
                                          ],
                                          "Plans": [
                                            {
                                              "Node Type": "Seq Scan",
                                              "Parent Relationship": "Outer",
                                              "Parallel Aware": false,
                                              "Async Capable": false,
                                              "Relation Name": "web_page",
                                              "Alias": "web_page",
                                              "Startup Cost": 0.0,
                                              "Total Cost": 7.0,
                                              "Plan Rows": 200,
                                              "Plan Width": 4,
                                              "parent": 56,
                                              "ID": 57
                                            }
                                          ],
                                          "parent": 50,
                                          "ID": 56,
                                          "left": 57
                                        }
                                      ],
                                      "parent": 49,
                                      "ID": 50,
                                      "left": 51,
                                      "right": 56
                                    }
                                  ],
                                  "parent": 48,
                                  "ID": 49,
                                  "left": 50
                                }
                              ],
                              "parent": 47,
                              "ID": 48,
                              "left": 49
                            }
                          ],
                          "parent": 46,
                          "ID": 47,
                          "left": 48
                        },
                        {
                          "Node Type": "Aggregate",
                          "Strategy": "Sorted",
                          "Partial Mode": "Finalize",
                          "Parent Relationship": "Inner",
                          "Parallel Aware": false,
                          "Async Capable": false,
                          "Startup Cost": 20471.72,
                          "Total Cost": 20508.59,
                          "Plan Rows": 200,
                          "Plan Width": 68,
                          "Group Key": [
                            "web_page_1.wp_web_page_sk"
                          ],
                          "Plans": [
                            {
                              "Node Type": "Gather Merge",
                              "Parent Relationship": "Outer",
                              "Parallel Aware": false,
                              "Async Capable": false,
                              "Startup Cost": 20471.72,
                              "Total Cost": 20502.79,
                              "Plan Rows": 224,
                              "Plan Width": 68,
                              "Workers Planned": 2,
                              "Plans": [
                                {
                                  "Node Type": "Aggregate",
                                  "Strategy": "Sorted",
                                  "Partial Mode": "Partial",
                                  "Parent Relationship": "Outer",
                                  "Parallel Aware": false,
                                  "Async Capable": false,
                                  "Startup Cost": 19471.69,
                                  "Total Cost": 19476.91,
                                  "Plan Rows": 112,
                                  "Plan Width": 68,
                                  "Group Key": [
                                    "web_page_1.wp_web_page_sk"
                                  ],
                                  "Plans": [
                                    {
                                      "Node Type": "Merge Join",
                                      "Parent Relationship": "Outer",
                                      "Parallel Aware": false,
                                      "Async Capable": false,
                                      "Join Type": "Inner",
                                      "Startup Cost": 19471.69,
                                      "Total Cost": 19474.39,
                                      "Plan Rows": 112,
                                      "Plan Width": 16,
                                      "Inner Unique": false,
                                      "Merge Cond": "(web_returns.wr_web_page_sk = web_page_1.wp_web_page_sk)",
                                      "Plans": [
                                        {
                                          "Node Type": "Sort",
                                          "Parent Relationship": "Outer",
                                          "Parallel Aware": false,
                                          "Async Capable": false,
                                          "Startup Cost": 19457.05,
                                          "Total Cost": 19457.35,
                                          "Plan Rows": 118,
                                          "Plan Width": 16,
                                          "Sort Key": [
                                            "web_returns.wr_web_page_sk"
                                          ],
                                          "Plans": [
                                            {
                                              "Node Type": "Hash Join",
                                              "Parent Relationship": "Outer",
                                              "Parallel Aware": true,
                                              "Async Capable": false,
                                              "Join Type": "Inner",
                                              "Startup Cost": 2049.78,
                                              "Total Cost": 19452.99,
                                              "Plan Rows": 118,
                                              "Plan Width": 16,
                                              "Inner Unique": false,
                                              "Hash Cond": "(web_returns.wr_returned_date_sk = date_dim_5.d_date_sk)",
                                              "Plans": [
                                                {
                                                  "Node Type": "Seq Scan",
                                                  "Parent Relationship": "Outer",
                                                  "Parallel Aware": true,
                                                  "Async Capable": false,
                                                  "Relation Name": "web_returns",
                                                  "Alias": "web_returns",
                                                  "Startup Cost": 0.0,
                                                  "Total Cost": 16278.74,
                                                  "Plan Rows": 299674,
                                                  "Plan Width": 20,
                                                  "parent": 63,
                                                  "ID": 64
                                                },
                                                {
                                                  "Node Type": "Hash",
                                                  "Parent Relationship": "Inner",
                                                  "Parallel Aware": true,
                                                  "Async Capable": false,
                                                  "Startup Cost": 2049.55,
                                                  "Total Cost": 2049.55,
                                                  "Plan Rows": 18,
                                                  "Plan Width": 4,
                                                  "Plans": [
                                                    {
                                                      "Node Type": "Seq Scan",
                                                      "Parent Relationship": "Outer",
                                                      "Parallel Aware": true,
                                                      "Async Capable": false,
                                                      "Relation Name": "date_dim",
                                                      "Alias": "date_dim_5",
                                                      "Startup Cost": 0.0,
                                                      "Total Cost": 2049.55,
                                                      "Plan Rows": 18,
                                                      "Plan Width": 4,
                                                      "Filter": "((d_date >= '1999-08-14'::date) AND (d_date <= '1999-09-13 00:00:00'::timestamp without time zone))",
                                                      "parent": 65,
                                                      "ID": 66
                                                    }
                                                  ],
                                                  "parent": 63,
                                                  "ID": 65,
                                                  "left": 66
                                                }
                                              ],
                                              "parent": 62,
                                              "ID": 63,
                                              "left": 64,
                                              "right": 65
                                            }
                                          ],
                                          "parent": 61,
                                          "ID": 62,
                                          "left": 63
                                        },
                                        {
                                          "Node Type": "Sort",
                                          "Parent Relationship": "Inner",
                                          "Parallel Aware": false,
                                          "Async Capable": false,
                                          "Startup Cost": 14.64,
                                          "Total Cost": 15.14,
                                          "Plan Rows": 200,
                                          "Plan Width": 4,
                                          "Sort Key": [
                                            "web_page_1.wp_web_page_sk"
                                          ],
                                          "Plans": [
                                            {
                                              "Node Type": "Seq Scan",
                                              "Parent Relationship": "Outer",
                                              "Parallel Aware": false,
                                              "Async Capable": false,
                                              "Relation Name": "web_page",
                                              "Alias": "web_page_1",
                                              "Startup Cost": 0.0,
                                              "Total Cost": 7.0,
                                              "Plan Rows": 200,
                                              "Plan Width": 4,
                                              "parent": 67,
                                              "ID": 68
                                            }
                                          ],
                                          "parent": 61,
                                          "ID": 67,
                                          "left": 68
                                        }
                                      ],
                                      "parent": 60,
                                      "ID": 61,
                                      "left": 62,
                                      "right": 67
                                    }
                                  ],
                                  "parent": 59,
                                  "ID": 60,
                                  "left": 61
                                }
                              ],
                              "parent": 58,
                              "ID": 59,
                              "left": 60
                            }
                          ],
                          "parent": 46,
                          "ID": 58,
                          "left": 59
                        }
                      ],
                      "parent": 3,
                      "ID": 46,
                      "left": 47,
                      "right": 58
                    }
                  ],
                  "parent": 2,
                  "ID": 3,
                  "left": 4,
                  "right": 27
                }
              ],
              "parent": 1,
              "ID": 2,
              "left": 3
            }
          ],
          "parent": 0,
          "ID": 1,
          "left": 2
        }
      ],
      "parent": null,
      "ID": 0,
      "left": 1
    },
    "feat": {
      "utility": 1.2588254781811705e-05,
      "query_shape": [
        [
          "Seq Scan",
          "Hash Join",
          "Sort",
          "Merge Join",
          "Aggregate",
          "Gather Merge",
          "Append"
        ],
        [
          "Seq Scan",
          "Hash",
          "Hash Join",
          "Sort",
          "Merge Join",
          "Aggregate",
          "Gather Merge",
          "Append"
        ],
        [
          "Seq Scan",
          "Sort",
          "Merge Join",
          "Aggregate",
          "Gather Merge",
          "Append"
        ],
        [
          "Seq Scan",
          "Hash Join",
          "Sort",
          "Merge Join",
          "Aggregate",
          "Gather Merge",
          "Append"
        ],
        [
          "Seq Scan",
          "Hash",
          "Hash Join",
          "Sort",
          "Merge Join",
          "Aggregate",
          "Gather Merge",
          "Append"
        ],
        [
          "Seq Scan",
          "Sort",
          "Merge Join",
          "Aggregate",
          "Gather Merge",
          "Append"
        ],
        [
          "Seq Scan",
          "Hash Join",
          "Sort",
          "Aggregate",
          "Gather Merge",
          "Nested Loop",
          "Append"
        ],
        [
          "Seq Scan",
          "Hash",
          "Hash Join",
          "Sort",
          "Aggregate",
          "Gather Merge",
          "Nested Loop",
          "Append"
        ],
        [
          "Seq Scan",
          "Hash Join",
          "Sort",
          "Aggregate",
          "Gather Merge",
          "Subquery Scan",
          "Materialize",
          "Nested Loop",
          "Append"
        ],
        [
          "Seq Scan",
          "Hash",
          "Hash Join",
          "Sort",
          "Aggregate",
          "Gather Merge",
          "Subquery Scan",
          "Materialize",
          "Nested Loop",
          "Append"
        ],
        [
          "Seq Scan",
          "Hash Join",
          "Sort",
          "Merge Join",
          "Aggregate",
          "Gather Merge",
          "Append"
        ],
        [
          "Seq Scan",
          "Hash",
          "Hash Join",
          "Sort",
          "Merge Join",
          "Aggregate",
          "Gather Merge",
          "Append"
        ],
        [
          "Seq Scan",
          "Sort",
          "Merge Join",
          "Aggregate",
          "Gather Merge",
          "Append"
        ],
        [
          "Seq Scan",
          "Hash Join",
          "Sort",
          "Merge Join",
          "Aggregate",
          "Gather Merge",
          "Append"
        ],
        [
          "Seq Scan",
          "Hash",
          "Hash Join",
          "Sort",
          "Merge Join",
          "Aggregate",
          "Gather Merge",
          "Append"
        ],
        [
          "Seq Scan",
          "Sort",
          "Merge Join",
          "Aggregate",
          "Gather Merge",
          "Append"
        ]
      ],
      "index_shape": [
        "join"
      ],
      "physical_operator": {
        "Merge Join": [
          0.09901475429766743,
          0.09673579996577163,
          0.09733641654842608
        ],
        "Sort": [
          "[  1.     3.02   5.04   7.06   9.08  11.1   13.12  15.14  17.16  19.18\n  21.2   23.22  25.24  27.26  29.28  31.3   33.32  35.34  37.36  39.38\n  41.4   43.42  45.44  47.46  49.48  51.5   53.52  55.54  57.56  59.58\n  61.6   63.62  65.64  67.66  69.68  71.7   73.72  75.74  77.76  79.78\n  81.8   83.82  85.84  87.86  89.88  91.9   93.92  95.94  97.96  99.98\n 102.  ]",
          "[  1.     3.02   5.04   7.06   9.08  11.1   13.12  15.14  17.16  19.18\n  21.2   23.22  25.24  27.26  29.28  31.3   33.32  35.34  37.36  39.38\n  41.4   43.42  45.44  47.46  49.48  51.5   53.52  55.54  57.56  59.58\n  61.6   63.62  65.64  67.66  69.68  71.7   73.72  75.74  77.76  79.78\n  81.8   83.82  85.84  87.86  89.88  91.9   93.92  95.94  97.96  99.98\n 102.  ]",
          "[  1.     3.02   5.04   7.06   9.08  11.1   13.12  15.14  17.16  19.18\n  21.2   23.22  25.24  27.26  29.28  31.3   33.32  35.34  37.36  39.38\n  41.4   43.42  45.44  47.46  49.48  51.5   53.52  55.54  57.56  59.58\n  61.6   63.62  65.64  67.66  69.68  71.7   73.72  75.74  77.76  79.78\n  81.8   83.82  85.84  87.86  89.88  91.9   93.92  95.94  97.96  99.98\n 102.  ]",
          "[  1.     3.02   5.04   7.06   9.08  11.1   13.12  15.14  17.16  19.18\n  21.2   23.22  25.24  27.26  29.28  31.3   33.32  35.34  37.36  39.38\n  41.4   43.42  45.44  47.46  49.48  51.5   53.52  55.54  57.56  59.58\n  61.6   63.62  65.64  67.66  69.68  71.7   73.72  75.74  77.76  79.78\n  81.8   83.82  85.84  87.86  89.88  91.9   93.92  95.94  97.96  99.98\n 102.  ]"
        ],
        "Aggregate": [
          "[  1.     3.02   5.04   7.06   9.08  11.1   13.12  15.14  17.16  19.18\n  21.2   23.22  25.24  27.26  29.28  31.3   33.32  35.34  37.36  39.38\n  41.4   43.42  45.44  47.46  49.48  51.5   53.52  55.54  57.56  59.58\n  61.6   63.62  65.64  67.66  69.68  71.7   73.72  75.74  77.76  79.78\n  81.8   83.82  85.84  87.86  89.88  91.9   93.92  95.94  97.96  99.98\n 102.  ]",
          "[  1.     3.02   5.04   7.06   9.08  11.1   13.12  15.14  17.16  19.18\n  21.2   23.22  25.24  27.26  29.28  31.3   33.32  35.34  37.36  39.38\n  41.4   43.42  45.44  47.46  49.48  51.5   53.52  55.54  57.56  59.58\n  61.6   63.62  65.64  67.66  69.68  71.7   73.72  75.74  77.76  79.78\n  81.8   83.82  85.84  87.86  89.88  91.9   93.92  95.94  97.96  99.98\n 102.  ]",
          "[  1.     3.02   5.04   7.06   9.08  11.1   13.12  15.14  17.16  19.18\n  21.2   23.22  25.24  27.26  29.28  31.3   33.32  35.34  37.36  39.38\n  41.4   43.42  45.44  47.46  49.48  51.5   53.52  55.54  57.56  59.58\n  61.6   63.62  65.64  67.66  69.68  71.7   73.72  75.74  77.76  79.78\n  81.8   83.82  85.84  87.86  89.88  91.9   93.92  95.94  97.96  99.98\n 102.  ]",
          "[  1.     3.02   5.04   7.06   9.08  11.1   13.12  15.14  17.16  19.18\n  21.2   23.22  25.24  27.26  29.28  31.3   33.32  35.34  37.36  39.38\n  41.4   43.42  45.44  47.46  49.48  51.5   53.52  55.54  57.56  59.58\n  61.6   63.62  65.64  67.66  69.68  71.7   73.72  75.74  77.76  79.78\n  81.8   83.82  85.84  87.86  89.88  91.9   93.92  95.94  97.96  99.98\n 102.  ]",
          "[  1.     3.02   5.04   7.06   9.08  11.1   13.12  15.14  17.16  19.18\n  21.2   23.22  25.24  27.26  29.28  31.3   33.32  35.34  37.36  39.38\n  41.4   43.42  45.44  47.46  49.48  51.5   53.52  55.54  57.56  59.58\n  61.6   63.62  65.64  67.66  69.68  71.7   73.72  75.74  77.76  79.78\n  81.8   83.82  85.84  87.86  89.88  91.9   93.92  95.94  97.96  99.98\n 102.  ]"
        ]
      }
    }
  },
  {
    "query": "with ss as\n (select s_store_sk,\n         sum(ss_ext_sales_price) as sales,\n         sum(ss_net_profit) as profit\n from store_sales,\n      date_dim,\n      store\n where ss_sold_date_sk = d_date_sk\n       and d_date between cast('1999-08-14' as date) \n                  and (cast('1999-08-14' as date) +  interval '30 days') \n       and ss_store_sk = s_store_sk\n group by s_store_sk)\n ,\n sr as\n (select s_store_sk,\n         sum(sr_return_amt) as returns,\n         sum(sr_net_loss) as profit_loss\n from store_returns,\n      date_dim,\n      store\n where sr_returned_date_sk = d_date_sk\n       and d_date between cast('1999-08-14' as date)\n                  and (cast('1999-08-14' as date) +  interval '30 days')\n       and sr_store_sk = s_store_sk\n group by s_store_sk), \n cs as\n (select cs_call_center_sk,\n        sum(cs_ext_sales_price) as sales,\n        sum(cs_net_profit) as profit\n from catalog_sales,\n      date_dim\n where cs_sold_date_sk = d_date_sk\n       and d_date between cast('1999-08-14' as date)\n                  and (cast('1999-08-14' as date) +  interval '30 days')\n group by cs_call_center_sk \n ), \n cr as\n (select cr_call_center_sk,\n         sum(cr_return_amount) as returns,\n         sum(cr_net_loss) as profit_loss\n from catalog_returns,\n      date_dim\n where cr_returned_date_sk = d_date_sk\n       and d_date between cast('1999-08-14' as date)\n                  and (cast('1999-08-14' as date) +  interval '30 days')\n group by cr_call_center_sk\n ), \n ws as\n ( select wp_web_page_sk,\n        sum(ws_ext_sales_price) as sales,\n        sum(ws_net_profit) as profit\n from web_sales,\n      date_dim,\n      web_page\n where ws_sold_date_sk = d_date_sk\n       and d_date between cast('1999-08-14' as date)\n                  and (cast('1999-08-14' as date) +  interval '30 days')\n       and ws_web_page_sk = wp_web_page_sk\n group by wp_web_page_sk), \n wr as\n (select wp_web_page_sk,\n        sum(wr_return_amt) as returns,\n        sum(wr_net_loss) as profit_loss\n from web_returns,\n      date_dim,\n      web_page\n where wr_returned_date_sk = d_date_sk\n       and d_date between cast('1999-08-14' as date)\n                  and (cast('1999-08-14' as date) +  interval '30 days')\n       and wr_web_page_sk = wp_web_page_sk\n group by wp_web_page_sk)\n  select  channel\n        , id\n        , sum(sales) as sales\n        , sum(returns) as returns\n        , sum(profit) as profit\n from \n (select 'store channel' as channel\n        , ss.s_store_sk as id\n        , sales\n        , coalesce(returns, 0) as returns\n        , (profit - coalesce(profit_loss,0)) as profit\n from   ss left join sr\n        on  ss.s_store_sk = sr.s_store_sk\n union all\n select 'catalog channel' as channel\n        , cs_call_center_sk as id\n        , sales\n        , returns\n        , (profit - profit_loss) as profit\n from  cs\n       , cr\n union all\n select 'web channel' as channel\n        , ws.wp_web_page_sk as id\n        , sales\n        , coalesce(returns, 0) as returns\n        , (profit - coalesce(profit_loss,0)) as profit\n from   ws left join wr\n        on  ws.wp_web_page_sk = wr.wp_web_page_sk\n ) x\n group by rollup (channel, id)\n order by channel\n         ,id\n limit 100;\n\n-- end query 58 in stream 0 using template query77.tpl\n",
    "indexes": "web_page.wp_web_page_sk",
    "wo plan est": {
      "Node Type": "Limit",
      "Parallel Aware": false,
      "Async Capable": false,
      "Startup Cost": 1505243.45,
      "Total Cost": 1505243.7,
      "Plan Rows": 100,
      "Plan Width": 132,
      "Plans": [
        {
          "Node Type": "Sort",
          "Parent Relationship": "Outer",
          "Parallel Aware": false,
          "Async Capable": false,
          "Startup Cost": 1505243.45,
          "Total Cost": 1505244.45,
          "Plan Rows": 401,
          "Plan Width": 132,
          "Sort Key": [
            "('store channel'::text)",
            "store.s_store_sk"
          ],
          "Plans": [
            {
              "Node Type": "Aggregate",
              "Strategy": "Mixed",
              "Partial Mode": "Simple",
              "Parent Relationship": "Outer",
              "Parallel Aware": false,
              "Async Capable": false,
              "Startup Cost": 752755.06,
              "Total Cost": 1505228.12,
              "Plan Rows": 401,
              "Plan Width": 132,
              "Grouping Sets": [
                {
                  "Hash Keys": [
                    [
                      "('store channel'::text)",
                      "store.s_store_sk"
                    ]
                  ]
                },
                {
                  "Hash Keys": [
                    [
                      "('store channel'::text)"
                    ]
                  ]
                },
                {
                  "Group Keys": [
                    []
                  ]
                }
              ],
              "Planned Partitions": 0,
              "Plans": [
                {
                  "Node Type": "Append",
                  "Parent Relationship": "Outer",
                  "Parallel Aware": false,
                  "Async Capable": false,
                  "Startup Cost": 752755.06,
                  "Total Cost": 1505194.76,
                  "Plan Rows": 878,
                  "Plan Width": 132,
                  "Subplans Removed": 0,
                  "Plans": [
                    {
                      "Node Type": "Merge Join",
                      "Parent Relationship": "Member",
                      "Parallel Aware": false,
                      "Async Capable": false,
                      "Join Type": "Left",
                      "Startup Cost": 752755.06,
                      "Total Cost": 752953.3,
                      "Plan Rows": 102,
                      "Plan Width": 132,
                      "Inner Unique": true,
                      "Merge Cond": "(store.s_store_sk = store_1.s_store_sk)",
                      "Plans": [
                        {
                          "Node Type": "Aggregate",
                          "Strategy": "Sorted",
                          "Partial Mode": "Finalize",
                          "Parent Relationship": "Outer",
                          "Parallel Aware": false,
                          "Async Capable": false,
                          "Startup Cost": 685291.07,
                          "Total Cost": 685443.67,
                          "Plan Rows": 102,
                          "Plan Width": 68,
                          "Group Key": [
                            "store.s_store_sk"
                          ],
                          "Plans": [
                            {
                              "Node Type": "Gather Merge",
                              "Parent Relationship": "Outer",
                              "Parallel Aware": false,
                              "Async Capable": false,
                              "Startup Cost": 685291.07,
                              "Total Cost": 685439.59,
                              "Plan Rows": 204,
                              "Plan Width": 68,
                              "Workers Planned": 2,
                              "Plans": [
                                {
                                  "Node Type": "Aggregate",
                                  "Strategy": "Sorted",
                                  "Partial Mode": "Partial",
                                  "Parent Relationship": "Outer",
                                  "Parallel Aware": false,
                                  "Async Capable": false,
                                  "Startup Cost": 684291.04,
                                  "Total Cost": 684416.02,
                                  "Plan Rows": 102,
                                  "Plan Width": 68,
                                  "Group Key": [
                                    "store.s_store_sk"
                                  ],
                                  "Plans": [
                                    {
                                      "Node Type": "Merge Join",
                                      "Parent Relationship": "Outer",
                                      "Parallel Aware": false,
                                      "Async Capable": false,
                                      "Join Type": "Inner",
                                      "Startup Cost": 684291.04,
                                      "Total Cost": 684380.82,
                                      "Plan Rows": 4489,
                                      "Plan Width": 16,
                                      "Inner Unique": false,
                                      "Merge Cond": "(store_sales.ss_store_sk = store.s_store_sk)",
                                      "Plans": [
                                        {
                                          "Node Type": "Sort",
                                          "Parent Relationship": "Outer",
                                          "Parallel Aware": false,
                                          "Async Capable": false,
                                          "Startup Cost": 684281.62,
                                          "Total Cost": 684293.38,
                                          "Plan Rows": 4703,
                                          "Plan Width": 16,
                                          "Sort Key": [
                                            "store_sales.ss_store_sk"
                                          ],
                                          "Plans": [
                                            {
                                              "Node Type": "Hash Join",
                                              "Parent Relationship": "Outer",
                                              "Parallel Aware": true,
                                              "Async Capable": false,
                                              "Join Type": "Inner",
                                              "Startup Cost": 2049.78,
                                              "Total Cost": 683994.75,
                                              "Plan Rows": 4703,
                                              "Plan Width": 16,
                                              "Inner Unique": false,
                                              "Hash Cond": "(store_sales.ss_sold_date_sk = date_dim.d_date_sk)",
                                              "Plans": [
                                                {
                                                  "Node Type": "Seq Scan",
                                                  "Parent Relationship": "Outer",
                                                  "Parallel Aware": true,
                                                  "Async Capable": false,
                                                  "Relation Name": "store_sales",
                                                  "Alias": "store_sales",
                                                  "Startup Cost": 0.0,
                                                  "Total Cost": 636914.37,
                                                  "Plan Rows": 12000637,
                                                  "Plan Width": 20,
                                                  "parent": 10,
                                                  "ID": 11
                                                },
                                                {
                                                  "Node Type": "Hash",
                                                  "Parent Relationship": "Inner",
                                                  "Parallel Aware": true,
                                                  "Async Capable": false,
                                                  "Startup Cost": 2049.55,
                                                  "Total Cost": 2049.55,
                                                  "Plan Rows": 18,
                                                  "Plan Width": 4,
                                                  "Plans": [
                                                    {
                                                      "Node Type": "Seq Scan",
                                                      "Parent Relationship": "Outer",
                                                      "Parallel Aware": true,
                                                      "Async Capable": false,
                                                      "Relation Name": "date_dim",
                                                      "Alias": "date_dim",
                                                      "Startup Cost": 0.0,
                                                      "Total Cost": 2049.55,
                                                      "Plan Rows": 18,
                                                      "Plan Width": 4,
                                                      "Filter": "((d_date >= '1999-08-14'::date) AND (d_date <= '1999-09-13 00:00:00'::timestamp without time zone))",
                                                      "parent": 12,
                                                      "ID": 13
                                                    }
                                                  ],
                                                  "parent": 10,
                                                  "ID": 12,
                                                  "left": 13
                                                }
                                              ],
                                              "parent": 9,
                                              "ID": 10,
                                              "left": 11,
                                              "right": 12
                                            }
                                          ],
                                          "parent": 8,
                                          "ID": 9,
                                          "left": 10
                                        },
                                        {
                                          "Node Type": "Sort",
                                          "Parent Relationship": "Inner",
                                          "Parallel Aware": false,
                                          "Async Capable": false,
                                          "Startup Cost": 9.42,
                                          "Total Cost": 9.68,
                                          "Plan Rows": 102,
                                          "Plan Width": 4,
                                          "Sort Key": [
                                            "store.s_store_sk"
                                          ],
                                          "Plans": [
                                            {
                                              "Node Type": "Seq Scan",
                                              "Parent Relationship": "Outer",
                                              "Parallel Aware": false,
                                              "Async Capable": false,
                                              "Relation Name": "store",
                                              "Alias": "store",
                                              "Startup Cost": 0.0,
                                              "Total Cost": 6.02,
                                              "Plan Rows": 102,
                                              "Plan Width": 4,
                                              "parent": 14,
                                              "ID": 15
                                            }
                                          ],
                                          "parent": 8,
                                          "ID": 14,
                                          "left": 15
                                        }
                                      ],
                                      "parent": 7,
                                      "ID": 8,
                                      "left": 9,
                                      "right": 14
                                    }
                                  ],
                                  "parent": 6,
                                  "ID": 7,
                                  "left": 8
                                }
                              ],
                              "parent": 5,
                              "ID": 6,
                              "left": 7
                            }
                          ],
                          "parent": 4,
                          "ID": 5,
                          "left": 6
                        },
                        {
                          "Node Type": "Aggregate",
                          "Strategy": "Sorted",
                          "Partial Mode": "Finalize",
                          "Parent Relationship": "Inner",
                          "Parallel Aware": false,
                          "Async Capable": false,
                          "Startup Cost": 67464.0,
                          "Total Cost": 67505.8,
                          "Plan Rows": 102,
                          "Plan Width": 68,
                          "Group Key": [
                            "store_1.s_store_sk"
                          ],
                          "Plans": [
                            {
                              "Node Type": "Gather Merge",
                              "Parent Relationship": "Outer",
                              "Parallel Aware": false,
                              "Async Capable": false,
                              "Startup Cost": 67464.0,
                              "Total Cost": 67501.72,
                              "Plan Rows": 204,
                              "Plan Width": 68,
                              "Workers Planned": 2,
                              "Plans": [
                                {
                                  "Node Type": "Aggregate",
                                  "Strategy": "Sorted",
                                  "Partial Mode": "Partial",
                                  "Parent Relationship": "Outer",
                                  "Parallel Aware": false,
                                  "Async Capable": false,
                                  "Startup Cost": 66463.97,
                                  "Total Cost": 66478.15,
                                  "Plan Rows": 102,
                                  "Plan Width": 68,
                                  "Group Key": [
                                    "store_1.s_store_sk"
                                  ],
                                  "Plans": [
                                    {
                                      "Node Type": "Merge Join",
                                      "Parent Relationship": "Outer",
                                      "Parallel Aware": false,
                                      "Async Capable": false,
                                      "Join Type": "Inner",
                                      "Startup Cost": 66463.97,
                                      "Total Cost": 66473.17,
                                      "Plan Rows": 460,
                                      "Plan Width": 16,
                                      "Inner Unique": false,
                                      "Merge Cond": "(store_returns.sr_store_sk = store_1.s_store_sk)",
                                      "Plans": [
                                        {
                                          "Node Type": "Sort",
                                          "Parent Relationship": "Outer",
                                          "Parallel Aware": false,
                                          "Async Capable": false,
                                          "Startup Cost": 66454.55,
                                          "Total Cost": 66455.74,
                                          "Plan Rows": 476,
                                          "Plan Width": 16,
                                          "Sort Key": [
                                            "store_returns.sr_store_sk"
                                          ],
                                          "Plans": [
                                            {
                                              "Node Type": "Hash Join",
                                              "Parent Relationship": "Outer",
                                              "Parallel Aware": true,
                                              "Async Capable": false,
                                              "Join Type": "Inner",
                                              "Startup Cost": 2049.78,
                                              "Total Cost": 66433.38,
                                              "Plan Rows": 476,
                                              "Plan Width": 16,
                                              "Inner Unique": false,
                                              "Hash Cond": "(store_returns.sr_returned_date_sk = date_dim_1.d_date_sk)",
                                              "Plans": [
                                                {
                                                  "Node Type": "Seq Scan",
                                                  "Parent Relationship": "Outer",
                                                  "Parallel Aware": true,
                                                  "Async Capable": false,
                                                  "Relation Name": "store_returns",
                                                  "Alias": "store_returns",
                                                  "Startup Cost": 0.0,
                                                  "Total Cost": 59887.64,
                                                  "Plan Rows": 1198164,
                                                  "Plan Width": 20,
                                                  "parent": 21,
                                                  "ID": 22
                                                },
                                                {
                                                  "Node Type": "Hash",
                                                  "Parent Relationship": "Inner",
                                                  "Parallel Aware": true,
                                                  "Async Capable": false,
                                                  "Startup Cost": 2049.55,
                                                  "Total Cost": 2049.55,
                                                  "Plan Rows": 18,
                                                  "Plan Width": 4,
                                                  "Plans": [
                                                    {
                                                      "Node Type": "Seq Scan",
                                                      "Parent Relationship": "Outer",
                                                      "Parallel Aware": true,
                                                      "Async Capable": false,
                                                      "Relation Name": "date_dim",
                                                      "Alias": "date_dim_1",
                                                      "Startup Cost": 0.0,
                                                      "Total Cost": 2049.55,
                                                      "Plan Rows": 18,
                                                      "Plan Width": 4,
                                                      "Filter": "((d_date >= '1999-08-14'::date) AND (d_date <= '1999-09-13 00:00:00'::timestamp without time zone))",
                                                      "parent": 23,
                                                      "ID": 24
                                                    }
                                                  ],
                                                  "parent": 21,
                                                  "ID": 23,
                                                  "left": 24
                                                }
                                              ],
                                              "parent": 20,
                                              "ID": 21,
                                              "left": 22,
                                              "right": 23
                                            }
                                          ],
                                          "parent": 19,
                                          "ID": 20,
                                          "left": 21
                                        },
                                        {
                                          "Node Type": "Sort",
                                          "Parent Relationship": "Inner",
                                          "Parallel Aware": false,
                                          "Async Capable": false,
                                          "Startup Cost": 9.42,
                                          "Total Cost": 9.68,
                                          "Plan Rows": 102,
                                          "Plan Width": 4,
                                          "Sort Key": [
                                            "store_1.s_store_sk"
                                          ],
                                          "Plans": [
                                            {
                                              "Node Type": "Seq Scan",
                                              "Parent Relationship": "Outer",
                                              "Parallel Aware": false,
                                              "Async Capable": false,
                                              "Relation Name": "store",
                                              "Alias": "store_1",
                                              "Startup Cost": 0.0,
                                              "Total Cost": 6.02,
                                              "Plan Rows": 102,
                                              "Plan Width": 4,
                                              "parent": 25,
                                              "ID": 26
                                            }
                                          ],
                                          "parent": 19,
                                          "ID": 25,
                                          "left": 26
                                        }
                                      ],
                                      "parent": 18,
                                      "ID": 19,
                                      "left": 20,
                                      "right": 25
                                    }
                                  ],
                                  "parent": 17,
                                  "ID": 18,
                                  "left": 19
                                }
                              ],
                              "parent": 16,
                              "ID": 17,
                              "left": 18
                            }
                          ],
                          "parent": 4,
                          "ID": 16,
                          "left": 17
                        }
                      ],
                      "parent": 3,
                      "ID": 4,
                      "left": 5,
                      "right": 16
                    },
                    {
                      "Node Type": "Nested Loop",
                      "Parent Relationship": "Member",
                      "Parallel Aware": false,
                      "Async Capable": false,
                      "Join Type": "Inner",
                      "Startup Cost": 499452.25,
                      "Total Cost": 499502.11,
                      "Plan Rows": 576,
                      "Plan Width": 132,
                      "Inner Unique": false,
                      "Plans": [
                        {
                          "Node Type": "Aggregate",
                          "Strategy": "Sorted",
                          "Partial Mode": "Finalize",
                          "Parent Relationship": "Outer",
                          "Parallel Aware": false,
                          "Async Capable": false,
                          "Startup Cost": 459392.64,
                          "Total Cost": 459424.0,
                          "Plan Rows": 24,
                          "Plan Width": 68,
                          "Group Key": [
                            "catalog_sales.cs_call_center_sk"
                          ],
                          "Plans": [
                            {
                              "Node Type": "Gather Merge",
                              "Parent Relationship": "Outer",
                              "Parallel Aware": false,
                              "Async Capable": false,
                              "Startup Cost": 459392.64,
                              "Total Cost": 459423.04,
                              "Plan Rows": 48,
                              "Plan Width": 68,
                              "Workers Planned": 2,
                              "Plans": [
                                {
                                  "Node Type": "Aggregate",
                                  "Strategy": "Sorted",
                                  "Partial Mode": "Partial",
                                  "Parent Relationship": "Outer",
                                  "Parallel Aware": false,
                                  "Async Capable": false,
                                  "Startup Cost": 458392.62,
                                  "Total Cost": 458417.48,
                                  "Plan Rows": 24,
                                  "Plan Width": 68,
                                  "Group Key": [
                                    "catalog_sales.cs_call_center_sk"
                                  ],
                                  "Plans": [
                                    {
                                      "Node Type": "Sort",
                                      "Parent Relationship": "Outer",
                                      "Parallel Aware": false,
                                      "Async Capable": false,
                                      "Startup Cost": 458392.62,
                                      "Total Cost": 458398.74,
                                      "Plan Rows": 2450,
                                      "Plan Width": 16,
                                      "Sort Key": [
                                        "catalog_sales.cs_call_center_sk"
                                      ],
                                      "Plans": [
                                        {
                                          "Node Type": "Hash Join",
                                          "Parent Relationship": "Outer",
                                          "Parallel Aware": true,
                                          "Async Capable": false,
                                          "Join Type": "Inner",
                                          "Startup Cost": 2049.78,
                                          "Total Cost": 458254.7,
                                          "Plan Rows": 2450,
                                          "Plan Width": 16,
                                          "Inner Unique": false,
                                          "Hash Cond": "(catalog_sales.cs_sold_date_sk = date_dim_2.d_date_sk)",
                                          "Plans": [
                                            {
                                              "Node Type": "Seq Scan",
                                              "Parent Relationship": "Outer",
                                              "Parallel Aware": true,
                                              "Async Capable": false,
                                              "Relation Name": "catalog_sales",
                                              "Alias": "catalog_sales",
                                              "Startup Cost": 0.0,
                                              "Total Cost": 433688.25,
                                              "Plan Rows": 6000525,
                                              "Plan Width": 20,
                                              "parent": 32,
                                              "ID": 33
                                            },
                                            {
                                              "Node Type": "Hash",
                                              "Parent Relationship": "Inner",
                                              "Parallel Aware": true,
                                              "Async Capable": false,
                                              "Startup Cost": 2049.55,
                                              "Total Cost": 2049.55,
                                              "Plan Rows": 18,
                                              "Plan Width": 4,
                                              "Plans": [
                                                {
                                                  "Node Type": "Seq Scan",
                                                  "Parent Relationship": "Outer",
                                                  "Parallel Aware": true,
                                                  "Async Capable": false,
                                                  "Relation Name": "date_dim",
                                                  "Alias": "date_dim_2",
                                                  "Startup Cost": 0.0,
                                                  "Total Cost": 2049.55,
                                                  "Plan Rows": 18,
                                                  "Plan Width": 4,
                                                  "Filter": "((d_date >= '1999-08-14'::date) AND (d_date <= '1999-09-13 00:00:00'::timestamp without time zone))",
                                                  "parent": 34,
                                                  "ID": 35
                                                }
                                              ],
                                              "parent": 32,
                                              "ID": 34,
                                              "left": 35
                                            }
                                          ],
                                          "parent": 31,
                                          "ID": 32,
                                          "left": 33,
                                          "right": 34
                                        }
                                      ],
                                      "parent": 30,
                                      "ID": 31,
                                      "left": 32
                                    }
                                  ],
                                  "parent": 29,
                                  "ID": 30,
                                  "left": 31
                                }
                              ],
                              "parent": 28,
                              "ID": 29,
                              "left": 30
                            }
                          ],
                          "parent": 27,
                          "ID": 28,
                          "left": 29
                        },
                        {
                          "Node Type": "Materialize",
                          "Parent Relationship": "Inner",
                          "Parallel Aware": false,
                          "Async Capable": false,
                          "Startup Cost": 40059.61,
                          "Total Cost": 40069.29,
                          "Plan Rows": 24,
                          "Plan Width": 64,
                          "Plans": [
                            {
                              "Node Type": "Subquery Scan",
                              "Parent Relationship": "Outer",
                              "Parallel Aware": false,
                              "Async Capable": false,
                              "Alias": "cr",
                              "Startup Cost": 40059.61,
                              "Total Cost": 40069.17,
                              "Plan Rows": 24,
                              "Plan Width": 64,
                              "Plans": [
                                {
                                  "Node Type": "Aggregate",
                                  "Strategy": "Sorted",
                                  "Partial Mode": "Finalize",
                                  "Parent Relationship": "Subquery",
                                  "Parallel Aware": false,
                                  "Async Capable": false,
                                  "Startup Cost": 40059.61,
                                  "Total Cost": 40068.93,
                                  "Plan Rows": 24,
                                  "Plan Width": 68,
                                  "Group Key": [
                                    "catalog_returns.cr_call_center_sk"
                                  ],
                                  "Plans": [
                                    {
                                      "Node Type": "Gather Merge",
                                      "Parent Relationship": "Outer",
                                      "Parallel Aware": false,
                                      "Async Capable": false,
                                      "Startup Cost": 40059.61,
                                      "Total Cost": 40067.97,
                                      "Plan Rows": 48,
                                      "Plan Width": 68,
                                      "Workers Planned": 2,
                                      "Plans": [
                                        {
                                          "Node Type": "Aggregate",
                                          "Strategy": "Sorted",
                                          "Partial Mode": "Partial",
                                          "Parent Relationship": "Outer",
                                          "Parallel Aware": false,
                                          "Async Capable": false,
                                          "Startup Cost": 39059.58,
                                          "Total Cost": 39062.4,
                                          "Plan Rows": 24,
                                          "Plan Width": 68,
                                          "Group Key": [
                                            "catalog_returns.cr_call_center_sk"
                                          ],
                                          "Plans": [
                                            {
                                              "Node Type": "Sort",
                                              "Parent Relationship": "Outer",
                                              "Parallel Aware": false,
                                              "Async Capable": false,
                                              "Startup Cost": 39059.58,
                                              "Total Cost": 39060.2,
                                              "Plan Rows": 246,
                                              "Plan Width": 16,
                                              "Sort Key": [
                                                "catalog_returns.cr_call_center_sk"
                                              ],
                                              "Plans": [
                                                {
                                                  "Node Type": "Hash Join",
                                                  "Parent Relationship": "Outer",
                                                  "Parallel Aware": true,
                                                  "Async Capable": false,
                                                  "Join Type": "Inner",
                                                  "Startup Cost": 2049.78,
                                                  "Total Cost": 39049.82,
                                                  "Plan Rows": 246,
                                                  "Plan Width": 16,
                                                  "Inner Unique": false,
                                                  "Hash Cond": "(catalog_returns.cr_returned_date_sk = date_dim_3.d_date_sk)",
                                                  "Plans": [
                                                    {
                                                      "Node Type": "Seq Scan",
                                                      "Parent Relationship": "Outer",
                                                      "Parallel Aware": true,
                                                      "Async Capable": false,
                                                      "Relation Name": "catalog_returns",
                                                      "Alias": "catalog_returns",
                                                      "Startup Cost": 0.0,
                                                      "Total Cost": 34748.95,
                                                      "Plan Rows": 599895,
                                                      "Plan Width": 20,
                                                      "parent": 42,
                                                      "ID": 43
                                                    },
                                                    {
                                                      "Node Type": "Hash",
                                                      "Parent Relationship": "Inner",
                                                      "Parallel Aware": true,
                                                      "Async Capable": false,
                                                      "Startup Cost": 2049.55,
                                                      "Total Cost": 2049.55,
                                                      "Plan Rows": 18,
                                                      "Plan Width": 4,
                                                      "Plans": [
                                                        {
                                                          "Node Type": "Seq Scan",
                                                          "Parent Relationship": "Outer",
                                                          "Parallel Aware": true,
                                                          "Async Capable": false,
                                                          "Relation Name": "date_dim",
                                                          "Alias": "date_dim_3",
                                                          "Startup Cost": 0.0,
                                                          "Total Cost": 2049.55,
                                                          "Plan Rows": 18,
                                                          "Plan Width": 4,
                                                          "Filter": "((d_date >= '1999-08-14'::date) AND (d_date <= '1999-09-13 00:00:00'::timestamp without time zone))",
                                                          "parent": 44,
                                                          "ID": 45
                                                        }
                                                      ],
                                                      "parent": 42,
                                                      "ID": 44,
                                                      "left": 45
                                                    }
                                                  ],
                                                  "parent": 41,
                                                  "ID": 42,
                                                  "left": 43,
                                                  "right": 44
                                                }
                                              ],
                                              "parent": 40,
                                              "ID": 41,
                                              "left": 42
                                            }
                                          ],
                                          "parent": 39,
                                          "ID": 40,
                                          "left": 41
                                        }
                                      ],
                                      "parent": 38,
                                      "ID": 39,
                                      "left": 40
                                    }
                                  ],
                                  "parent": 37,
                                  "ID": 38,
                                  "left": 39
                                }
                              ],
                              "parent": 36,
                              "ID": 37,
                              "left": 38
                            }
                          ],
                          "parent": 27,
                          "ID": 36,
                          "left": 37
                        }
                      ],
                      "parent": 3,
                      "ID": 27,
                      "left": 28,
                      "right": 36
                    },
                    {
                      "Node Type": "Merge Join",
                      "Parent Relationship": "Member",
                      "Parallel Aware": false,
                      "Async Capable": false,
                      "Join Type": "Left",
                      "Startup Cost": 252590.79,
                      "Total Cost": 252726.18,
                      "Plan Rows": 200,
                      "Plan Width": 132,
                      "Inner Unique": true,
                      "Merge Cond": "(web_page.wp_web_page_sk = web_page_1.wp_web_page_sk)",
                      "Plans": [
                        {
                          "Node Type": "Aggregate",
                          "Strategy": "Sorted",
                          "Partial Mode": "Finalize",
                          "Parent Relationship": "Outer",
                          "Parallel Aware": false,
                          "Async Capable": false,
                          "Startup Cost": 232119.07,
                          "Total Cost": 232210.1,
                          "Plan Rows": 200,
                          "Plan Width": 68,
                          "Group Key": [
                            "web_page.wp_web_page_sk"
                          ],
                          "Plans": [
                            {
                              "Node Type": "Gather Merge",
                              "Parent Relationship": "Outer",
                              "Parallel Aware": false,
                              "Async Capable": false,
                              "Startup Cost": 232119.07,
                              "Total Cost": 232202.1,
                              "Plan Rows": 400,
                              "Plan Width": 68,
                              "Workers Planned": 2,
                              "Plans": [
                                {
                                  "Node Type": "Aggregate",
                                  "Strategy": "Sorted",
                                  "Partial Mode": "Partial",
                                  "Parent Relationship": "Outer",
                                  "Parallel Aware": false,
                                  "Async Capable": false,
                                  "Startup Cost": 231119.05,
                                  "Total Cost": 231155.9,
                                  "Plan Rows": 200,
                                  "Plan Width": 68,
                                  "Group Key": [
                                    "web_page.wp_web_page_sk"
                                  ],
                                  "Plans": [
                                    {
                                      "Node Type": "Merge Join",
                                      "Parent Relationship": "Outer",
                                      "Parallel Aware": false,
                                      "Async Capable": false,
                                      "Join Type": "Inner",
                                      "Startup Cost": 231119.05,
                                      "Total Cost": 231143.67,
                                      "Plan Rows": 1231,
                                      "Plan Width": 16,
                                      "Inner Unique": false,
                                      "Merge Cond": "(web_sales.ws_web_page_sk = web_page.wp_web_page_sk)",
                                      "Plans": [
                                        {
                                          "Node Type": "Sort",
                                          "Parent Relationship": "Outer",
                                          "Parallel Aware": false,
                                          "Async Capable": false,
                                          "Startup Cost": 231104.41,
                                          "Total Cost": 231107.48,
                                          "Plan Rows": 1231,
                                          "Plan Width": 16,
                                          "Sort Key": [
                                            "web_sales.ws_web_page_sk"
                                          ],
                                          "Plans": [
                                            {
                                              "Node Type": "Hash Join",
                                              "Parent Relationship": "Outer",
                                              "Parallel Aware": true,
                                              "Async Capable": false,
                                              "Join Type": "Inner",
                                              "Startup Cost": 2049.78,
                                              "Total Cost": 231041.22,
                                              "Plan Rows": 1231,
                                              "Plan Width": 16,
                                              "Inner Unique": false,
                                              "Hash Cond": "(web_sales.ws_sold_date_sk = date_dim_4.d_date_sk)",
                                              "Plans": [
                                                {
                                                  "Node Type": "Seq Scan",
                                                  "Parent Relationship": "Outer",
                                                  "Parallel Aware": true,
                                                  "Async Capable": false,
                                                  "Relation Name": "web_sales",
                                                  "Alias": "web_sales",
                                                  "Startup Cost": 0.0,
                                                  "Total Cost": 217737.86,
                                                  "Plan Rows": 2998986,
                                                  "Plan Width": 20,
                                                  "parent": 52,
                                                  "ID": 53
                                                },
                                                {
                                                  "Node Type": "Hash",
                                                  "Parent Relationship": "Inner",
                                                  "Parallel Aware": true,
                                                  "Async Capable": false,
                                                  "Startup Cost": 2049.55,
                                                  "Total Cost": 2049.55,
                                                  "Plan Rows": 18,
                                                  "Plan Width": 4,
                                                  "Plans": [
                                                    {
                                                      "Node Type": "Seq Scan",
                                                      "Parent Relationship": "Outer",
                                                      "Parallel Aware": true,
                                                      "Async Capable": false,
                                                      "Relation Name": "date_dim",
                                                      "Alias": "date_dim_4",
                                                      "Startup Cost": 0.0,
                                                      "Total Cost": 2049.55,
                                                      "Plan Rows": 18,
                                                      "Plan Width": 4,
                                                      "Filter": "((d_date >= '1999-08-14'::date) AND (d_date <= '1999-09-13 00:00:00'::timestamp without time zone))",
                                                      "parent": 54,
                                                      "ID": 55
                                                    }
                                                  ],
                                                  "parent": 52,
                                                  "ID": 54,
                                                  "left": 55
                                                }
                                              ],
                                              "parent": 51,
                                              "ID": 52,
                                              "left": 53,
                                              "right": 54
                                            }
                                          ],
                                          "parent": 50,
                                          "ID": 51,
                                          "left": 52
                                        },
                                        {
                                          "Node Type": "Sort",
                                          "Parent Relationship": "Inner",
                                          "Parallel Aware": false,
                                          "Async Capable": false,
                                          "Startup Cost": 14.64,
                                          "Total Cost": 15.14,
                                          "Plan Rows": 200,
                                          "Plan Width": 4,
                                          "Sort Key": [
                                            "web_page.wp_web_page_sk"
                                          ],
                                          "Plans": [
                                            {
                                              "Node Type": "Seq Scan",
                                              "Parent Relationship": "Outer",
                                              "Parallel Aware": false,
                                              "Async Capable": false,
                                              "Relation Name": "web_page",
                                              "Alias": "web_page",
                                              "Startup Cost": 0.0,
                                              "Total Cost": 7.0,
                                              "Plan Rows": 200,
                                              "Plan Width": 4,
                                              "parent": 56,
                                              "ID": 57
                                            }
                                          ],
                                          "parent": 50,
                                          "ID": 56,
                                          "left": 57
                                        }
                                      ],
                                      "parent": 49,
                                      "ID": 50,
                                      "left": 51,
                                      "right": 56
                                    }
                                  ],
                                  "parent": 48,
                                  "ID": 49,
                                  "left": 50
                                }
                              ],
                              "parent": 47,
                              "ID": 48,
                              "left": 49
                            }
                          ],
                          "parent": 46,
                          "ID": 47,
                          "left": 48
                        },
                        {
                          "Node Type": "Aggregate",
                          "Strategy": "Sorted",
                          "Partial Mode": "Finalize",
                          "Parent Relationship": "Inner",
                          "Parallel Aware": false,
                          "Async Capable": false,
                          "Startup Cost": 20471.72,
                          "Total Cost": 20508.59,
                          "Plan Rows": 200,
                          "Plan Width": 68,
                          "Group Key": [
                            "web_page_1.wp_web_page_sk"
                          ],
                          "Plans": [
                            {
                              "Node Type": "Gather Merge",
                              "Parent Relationship": "Outer",
                              "Parallel Aware": false,
                              "Async Capable": false,
                              "Startup Cost": 20471.72,
                              "Total Cost": 20502.79,
                              "Plan Rows": 224,
                              "Plan Width": 68,
                              "Workers Planned": 2,
                              "Plans": [
                                {
                                  "Node Type": "Aggregate",
                                  "Strategy": "Sorted",
                                  "Partial Mode": "Partial",
                                  "Parent Relationship": "Outer",
                                  "Parallel Aware": false,
                                  "Async Capable": false,
                                  "Startup Cost": 19471.69,
                                  "Total Cost": 19476.91,
                                  "Plan Rows": 112,
                                  "Plan Width": 68,
                                  "Group Key": [
                                    "web_page_1.wp_web_page_sk"
                                  ],
                                  "Plans": [
                                    {
                                      "Node Type": "Merge Join",
                                      "Parent Relationship": "Outer",
                                      "Parallel Aware": false,
                                      "Async Capable": false,
                                      "Join Type": "Inner",
                                      "Startup Cost": 19471.69,
                                      "Total Cost": 19474.39,
                                      "Plan Rows": 112,
                                      "Plan Width": 16,
                                      "Inner Unique": false,
                                      "Merge Cond": "(web_returns.wr_web_page_sk = web_page_1.wp_web_page_sk)",
                                      "Plans": [
                                        {
                                          "Node Type": "Sort",
                                          "Parent Relationship": "Outer",
                                          "Parallel Aware": false,
                                          "Async Capable": false,
                                          "Startup Cost": 19457.05,
                                          "Total Cost": 19457.35,
                                          "Plan Rows": 118,
                                          "Plan Width": 16,
                                          "Sort Key": [
                                            "web_returns.wr_web_page_sk"
                                          ],
                                          "Plans": [
                                            {
                                              "Node Type": "Hash Join",
                                              "Parent Relationship": "Outer",
                                              "Parallel Aware": true,
                                              "Async Capable": false,
                                              "Join Type": "Inner",
                                              "Startup Cost": 2049.78,
                                              "Total Cost": 19452.99,
                                              "Plan Rows": 118,
                                              "Plan Width": 16,
                                              "Inner Unique": false,
                                              "Hash Cond": "(web_returns.wr_returned_date_sk = date_dim_5.d_date_sk)",
                                              "Plans": [
                                                {
                                                  "Node Type": "Seq Scan",
                                                  "Parent Relationship": "Outer",
                                                  "Parallel Aware": true,
                                                  "Async Capable": false,
                                                  "Relation Name": "web_returns",
                                                  "Alias": "web_returns",
                                                  "Startup Cost": 0.0,
                                                  "Total Cost": 16278.74,
                                                  "Plan Rows": 299674,
                                                  "Plan Width": 20,
                                                  "parent": 63,
                                                  "ID": 64
                                                },
                                                {
                                                  "Node Type": "Hash",
                                                  "Parent Relationship": "Inner",
                                                  "Parallel Aware": true,
                                                  "Async Capable": false,
                                                  "Startup Cost": 2049.55,
                                                  "Total Cost": 2049.55,
                                                  "Plan Rows": 18,
                                                  "Plan Width": 4,
                                                  "Plans": [
                                                    {
                                                      "Node Type": "Seq Scan",
                                                      "Parent Relationship": "Outer",
                                                      "Parallel Aware": true,
                                                      "Async Capable": false,
                                                      "Relation Name": "date_dim",
                                                      "Alias": "date_dim_5",
                                                      "Startup Cost": 0.0,
                                                      "Total Cost": 2049.55,
                                                      "Plan Rows": 18,
                                                      "Plan Width": 4,
                                                      "Filter": "((d_date >= '1999-08-14'::date) AND (d_date <= '1999-09-13 00:00:00'::timestamp without time zone))",
                                                      "parent": 65,
                                                      "ID": 66
                                                    }
                                                  ],
                                                  "parent": 63,
                                                  "ID": 65,
                                                  "left": 66
                                                }
                                              ],
                                              "parent": 62,
                                              "ID": 63,
                                              "left": 64,
                                              "right": 65
                                            }
                                          ],
                                          "parent": 61,
                                          "ID": 62,
                                          "left": 63
                                        },
                                        {
                                          "Node Type": "Sort",
                                          "Parent Relationship": "Inner",
                                          "Parallel Aware": false,
                                          "Async Capable": false,
                                          "Startup Cost": 14.64,
                                          "Total Cost": 15.14,
                                          "Plan Rows": 200,
                                          "Plan Width": 4,
                                          "Sort Key": [
                                            "web_page_1.wp_web_page_sk"
                                          ],
                                          "Plans": [
                                            {
                                              "Node Type": "Seq Scan",
                                              "Parent Relationship": "Outer",
                                              "Parallel Aware": false,
                                              "Async Capable": false,
                                              "Relation Name": "web_page",
                                              "Alias": "web_page_1",
                                              "Startup Cost": 0.0,
                                              "Total Cost": 7.0,
                                              "Plan Rows": 200,
                                              "Plan Width": 4,
                                              "parent": 67,
                                              "ID": 68
                                            }
                                          ],
                                          "parent": 61,
                                          "ID": 67,
                                          "left": 68
                                        }
                                      ],
                                      "parent": 60,
                                      "ID": 61,
                                      "left": 62,
                                      "right": 67
                                    }
                                  ],
                                  "parent": 59,
                                  "ID": 60,
                                  "left": 61
                                }
                              ],
                              "parent": 58,
                              "ID": 59,
                              "left": 60
                            }
                          ],
                          "parent": 46,
                          "ID": 58,
                          "left": 59
                        }
                      ],
                      "parent": 3,
                      "ID": 46,
                      "left": 47,
                      "right": 58
                    }
                  ],
                  "parent": 2,
                  "ID": 3,
                  "left": 4,
                  "right": 27
                }
              ],
              "parent": 1,
              "ID": 2,
              "left": 3
            }
          ],
          "parent": 0,
          "ID": 1,
          "left": 2
        }
      ],
      "parent": null,
      "ID": 0,
      "left": 1
    },
    "feat": {
      "utility": 1.2973197650094673e-05,
      "query_shape": [
        [
          "Seq Scan",
          "Hash Join",
          "Sort",
          "Merge Join",
          "Aggregate",
          "Gather Merge",
          "Append"
        ],
        [
          "Seq Scan",
          "Hash",
          "Hash Join",
          "Sort",
          "Merge Join",
          "Aggregate",
          "Gather Merge",
          "Append"
        ],
        [
          "Seq Scan",
          "Sort",
          "Merge Join",
          "Aggregate",
          "Gather Merge",
          "Append"
        ],
        [
          "Seq Scan",
          "Hash Join",
          "Sort",
          "Merge Join",
          "Aggregate",
          "Gather Merge",
          "Append"
        ],
        [
          "Seq Scan",
          "Hash",
          "Hash Join",
          "Sort",
          "Merge Join",
          "Aggregate",
          "Gather Merge",
          "Append"
        ],
        [
          "Seq Scan",
          "Sort",
          "Merge Join",
          "Aggregate",
          "Gather Merge",
          "Append"
        ],
        [
          "Seq Scan",
          "Hash Join",
          "Sort",
          "Aggregate",
          "Gather Merge",
          "Nested Loop",
          "Append"
        ],
        [
          "Seq Scan",
          "Hash",
          "Hash Join",
          "Sort",
          "Aggregate",
          "Gather Merge",
          "Nested Loop",
          "Append"
        ],
        [
          "Seq Scan",
          "Hash Join",
          "Sort",
          "Aggregate",
          "Gather Merge",
          "Subquery Scan",
          "Materialize",
          "Nested Loop",
          "Append"
        ],
        [
          "Seq Scan",
          "Hash",
          "Hash Join",
          "Sort",
          "Aggregate",
          "Gather Merge",
          "Subquery Scan",
          "Materialize",
          "Nested Loop",
          "Append"
        ],
        [
          "Seq Scan",
          "Hash Join",
          "Sort",
          "Merge Join",
          "Aggregate",
          "Gather Merge",
          "Append"
        ],
        [
          "Seq Scan",
          "Hash",
          "Hash Join",
          "Sort",
          "Merge Join",
          "Aggregate",
          "Gather Merge",
          "Append"
        ],
        [
          "Seq Scan",
          "Sort",
          "Merge Join",
          "Aggregate",
          "Gather Merge",
          "Append"
        ],
        [
          "Seq Scan",
          "Hash Join",
          "Sort",
          "Merge Join",
          "Aggregate",
          "Gather Merge",
          "Append"
        ],
        [
          "Seq Scan",
          "Hash",
          "Hash Join",
          "Sort",
          "Merge Join",
          "Aggregate",
          "Gather Merge",
          "Append"
        ],
        [
          "Seq Scan",
          "Sort",
          "Merge Join",
          "Aggregate",
          "Gather Merge",
          "Append"
        ]
      ],
      "index_shape": [
        "join"
      ],
      "physical_operator": {
        "Merge Join": [
          0.07071067811865475,
          0.07071067811865475,
          0.0688894963827172
        ],
        "Sort": [
          "[  1.     4.98   8.96  12.94  16.92  20.9   24.88  28.86  32.84  36.82\n  40.8   44.78  48.76  52.74  56.72  60.7   64.68  68.66  72.64  76.62\n  80.6   84.58  88.56  92.54  96.52 100.5  104.48 108.46 112.44 116.42\n 120.4  124.38 128.36 132.34 136.32 140.3  144.28 148.26 152.24 156.22\n 160.2  164.18 168.16 172.14 176.12 180.1  184.08 188.06 192.04 196.02\n 200.  ]",
          "[  1.     4.98   8.96  12.94  16.92  20.9   24.88  28.86  32.84  36.82\n  40.8   44.78  48.76  52.74  56.72  60.7   64.68  68.66  72.64  76.62\n  80.6   84.58  88.56  92.54  96.52 100.5  104.48 108.46 112.44 116.42\n 120.4  124.38 128.36 132.34 136.32 140.3  144.28 148.26 152.24 156.22\n 160.2  164.18 168.16 172.14 176.12 180.1  184.08 188.06 192.04 196.02\n 200.  ]"
        ],
        "Aggregate": [
          "[  1.     4.98   8.96  12.94  16.92  20.9   24.88  28.86  32.84  36.82\n  40.8   44.78  48.76  52.74  56.72  60.7   64.68  68.66  72.64  76.62\n  80.6   84.58  88.56  92.54  96.52 100.5  104.48 108.46 112.44 116.42\n 120.4  124.38 128.36 132.34 136.32 140.3  144.28 148.26 152.24 156.22\n 160.2  164.18 168.16 172.14 176.12 180.1  184.08 188.06 192.04 196.02\n 200.  ]",
          "[  1.     4.98   8.96  12.94  16.92  20.9   24.88  28.86  32.84  36.82\n  40.8   44.78  48.76  52.74  56.72  60.7   64.68  68.66  72.64  76.62\n  80.6   84.58  88.56  92.54  96.52 100.5  104.48 108.46 112.44 116.42\n 120.4  124.38 128.36 132.34 136.32 140.3  144.28 148.26 152.24 156.22\n 160.2  164.18 168.16 172.14 176.12 180.1  184.08 188.06 192.04 196.02\n 200.  ]",
          "[  1.     4.98   8.96  12.94  16.92  20.9   24.88  28.86  32.84  36.82\n  40.8   44.78  48.76  52.74  56.72  60.7   64.68  68.66  72.64  76.62\n  80.6   84.58  88.56  92.54  96.52 100.5  104.48 108.46 112.44 116.42\n 120.4  124.38 128.36 132.34 136.32 140.3  144.28 148.26 152.24 156.22\n 160.2  164.18 168.16 172.14 176.12 180.1  184.08 188.06 192.04 196.02\n 200.  ]",
          "[  1.     4.98   8.96  12.94  16.92  20.9   24.88  28.86  32.84  36.82\n  40.8   44.78  48.76  52.74  56.72  60.7   64.68  68.66  72.64  76.62\n  80.6   84.58  88.56  92.54  96.52 100.5  104.48 108.46 112.44 116.42\n 120.4  124.38 128.36 132.34 136.32 140.3  144.28 148.26 152.24 156.22\n 160.2  164.18 168.16 172.14 176.12 180.1  184.08 188.06 192.04 196.02\n 200.  ]"
        ]
      }
    }
  },
  {
    "query": "with ss as\n (select s_store_sk,\n         sum(ss_ext_sales_price) as sales,\n         sum(ss_net_profit) as profit\n from store_sales,\n      date_dim,\n      store\n where ss_sold_date_sk = d_date_sk\n       and d_date between cast('1999-08-14' as date) \n                  and (cast('1999-08-14' as date) +  interval '30 days') \n       and ss_store_sk = s_store_sk\n group by s_store_sk)\n ,\n sr as\n (select s_store_sk,\n         sum(sr_return_amt) as returns,\n         sum(sr_net_loss) as profit_loss\n from store_returns,\n      date_dim,\n      store\n where sr_returned_date_sk = d_date_sk\n       and d_date between cast('1999-08-14' as date)\n                  and (cast('1999-08-14' as date) +  interval '30 days')\n       and sr_store_sk = s_store_sk\n group by s_store_sk), \n cs as\n (select cs_call_center_sk,\n        sum(cs_ext_sales_price) as sales,\n        sum(cs_net_profit) as profit\n from catalog_sales,\n      date_dim\n where cs_sold_date_sk = d_date_sk\n       and d_date between cast('1999-08-14' as date)\n                  and (cast('1999-08-14' as date) +  interval '30 days')\n group by cs_call_center_sk \n ), \n cr as\n (select cr_call_center_sk,\n         sum(cr_return_amount) as returns,\n         sum(cr_net_loss) as profit_loss\n from catalog_returns,\n      date_dim\n where cr_returned_date_sk = d_date_sk\n       and d_date between cast('1999-08-14' as date)\n                  and (cast('1999-08-14' as date) +  interval '30 days')\n group by cr_call_center_sk\n ), \n ws as\n ( select wp_web_page_sk,\n        sum(ws_ext_sales_price) as sales,\n        sum(ws_net_profit) as profit\n from web_sales,\n      date_dim,\n      web_page\n where ws_sold_date_sk = d_date_sk\n       and d_date between cast('1999-08-14' as date)\n                  and (cast('1999-08-14' as date) +  interval '30 days')\n       and ws_web_page_sk = wp_web_page_sk\n group by wp_web_page_sk), \n wr as\n (select wp_web_page_sk,\n        sum(wr_return_amt) as returns,\n        sum(wr_net_loss) as profit_loss\n from web_returns,\n      date_dim,\n      web_page\n where wr_returned_date_sk = d_date_sk\n       and d_date between cast('1999-08-14' as date)\n                  and (cast('1999-08-14' as date) +  interval '30 days')\n       and wr_web_page_sk = wp_web_page_sk\n group by wp_web_page_sk)\n  select  channel\n        , id\n        , sum(sales) as sales\n        , sum(returns) as returns\n        , sum(profit) as profit\n from \n (select 'store channel' as channel\n        , ss.s_store_sk as id\n        , sales\n        , coalesce(returns, 0) as returns\n        , (profit - coalesce(profit_loss,0)) as profit\n from   ss left join sr\n        on  ss.s_store_sk = sr.s_store_sk\n union all\n select 'catalog channel' as channel\n        , cs_call_center_sk as id\n        , sales\n        , returns\n        , (profit - profit_loss) as profit\n from  cs\n       , cr\n union all\n select 'web channel' as channel\n        , ws.wp_web_page_sk as id\n        , sales\n        , coalesce(returns, 0) as returns\n        , (profit - coalesce(profit_loss,0)) as profit\n from   ws left join wr\n        on  ws.wp_web_page_sk = wr.wp_web_page_sk\n ) x\n group by rollup (channel, id)\n order by channel\n         ,id\n limit 100;\n\n-- end query 58 in stream 0 using template query77.tpl\n",
    "indexes": "catalog_returns.cr_returned_date_sk",
    "wo plan est": {
      "Node Type": "Limit",
      "Parallel Aware": false,
      "Async Capable": false,
      "Startup Cost": 1505243.45,
      "Total Cost": 1505243.7,
      "Plan Rows": 100,
      "Plan Width": 132,
      "Plans": [
        {
          "Node Type": "Sort",
          "Parent Relationship": "Outer",
          "Parallel Aware": false,
          "Async Capable": false,
          "Startup Cost": 1505243.45,
          "Total Cost": 1505244.45,
          "Plan Rows": 401,
          "Plan Width": 132,
          "Sort Key": [
            "('store channel'::text)",
            "store.s_store_sk"
          ],
          "Plans": [
            {
              "Node Type": "Aggregate",
              "Strategy": "Mixed",
              "Partial Mode": "Simple",
              "Parent Relationship": "Outer",
              "Parallel Aware": false,
              "Async Capable": false,
              "Startup Cost": 752755.06,
              "Total Cost": 1505228.12,
              "Plan Rows": 401,
              "Plan Width": 132,
              "Grouping Sets": [
                {
                  "Hash Keys": [
                    [
                      "('store channel'::text)",
                      "store.s_store_sk"
                    ]
                  ]
                },
                {
                  "Hash Keys": [
                    [
                      "('store channel'::text)"
                    ]
                  ]
                },
                {
                  "Group Keys": [
                    []
                  ]
                }
              ],
              "Planned Partitions": 0,
              "Plans": [
                {
                  "Node Type": "Append",
                  "Parent Relationship": "Outer",
                  "Parallel Aware": false,
                  "Async Capable": false,
                  "Startup Cost": 752755.06,
                  "Total Cost": 1505194.76,
                  "Plan Rows": 878,
                  "Plan Width": 132,
                  "Subplans Removed": 0,
                  "Plans": [
                    {
                      "Node Type": "Merge Join",
                      "Parent Relationship": "Member",
                      "Parallel Aware": false,
                      "Async Capable": false,
                      "Join Type": "Left",
                      "Startup Cost": 752755.06,
                      "Total Cost": 752953.3,
                      "Plan Rows": 102,
                      "Plan Width": 132,
                      "Inner Unique": true,
                      "Merge Cond": "(store.s_store_sk = store_1.s_store_sk)",
                      "Plans": [
                        {
                          "Node Type": "Aggregate",
                          "Strategy": "Sorted",
                          "Partial Mode": "Finalize",
                          "Parent Relationship": "Outer",
                          "Parallel Aware": false,
                          "Async Capable": false,
                          "Startup Cost": 685291.07,
                          "Total Cost": 685443.67,
                          "Plan Rows": 102,
                          "Plan Width": 68,
                          "Group Key": [
                            "store.s_store_sk"
                          ],
                          "Plans": [
                            {
                              "Node Type": "Gather Merge",
                              "Parent Relationship": "Outer",
                              "Parallel Aware": false,
                              "Async Capable": false,
                              "Startup Cost": 685291.07,
                              "Total Cost": 685439.59,
                              "Plan Rows": 204,
                              "Plan Width": 68,
                              "Workers Planned": 2,
                              "Plans": [
                                {
                                  "Node Type": "Aggregate",
                                  "Strategy": "Sorted",
                                  "Partial Mode": "Partial",
                                  "Parent Relationship": "Outer",
                                  "Parallel Aware": false,
                                  "Async Capable": false,
                                  "Startup Cost": 684291.04,
                                  "Total Cost": 684416.02,
                                  "Plan Rows": 102,
                                  "Plan Width": 68,
                                  "Group Key": [
                                    "store.s_store_sk"
                                  ],
                                  "Plans": [
                                    {
                                      "Node Type": "Merge Join",
                                      "Parent Relationship": "Outer",
                                      "Parallel Aware": false,
                                      "Async Capable": false,
                                      "Join Type": "Inner",
                                      "Startup Cost": 684291.04,
                                      "Total Cost": 684380.82,
                                      "Plan Rows": 4489,
                                      "Plan Width": 16,
                                      "Inner Unique": false,
                                      "Merge Cond": "(store_sales.ss_store_sk = store.s_store_sk)",
                                      "Plans": [
                                        {
                                          "Node Type": "Sort",
                                          "Parent Relationship": "Outer",
                                          "Parallel Aware": false,
                                          "Async Capable": false,
                                          "Startup Cost": 684281.62,
                                          "Total Cost": 684293.38,
                                          "Plan Rows": 4703,
                                          "Plan Width": 16,
                                          "Sort Key": [
                                            "store_sales.ss_store_sk"
                                          ],
                                          "Plans": [
                                            {
                                              "Node Type": "Hash Join",
                                              "Parent Relationship": "Outer",
                                              "Parallel Aware": true,
                                              "Async Capable": false,
                                              "Join Type": "Inner",
                                              "Startup Cost": 2049.78,
                                              "Total Cost": 683994.75,
                                              "Plan Rows": 4703,
                                              "Plan Width": 16,
                                              "Inner Unique": false,
                                              "Hash Cond": "(store_sales.ss_sold_date_sk = date_dim.d_date_sk)",
                                              "Plans": [
                                                {
                                                  "Node Type": "Seq Scan",
                                                  "Parent Relationship": "Outer",
                                                  "Parallel Aware": true,
                                                  "Async Capable": false,
                                                  "Relation Name": "store_sales",
                                                  "Alias": "store_sales",
                                                  "Startup Cost": 0.0,
                                                  "Total Cost": 636914.37,
                                                  "Plan Rows": 12000637,
                                                  "Plan Width": 20,
                                                  "parent": 10,
                                                  "ID": 11
                                                },
                                                {
                                                  "Node Type": "Hash",
                                                  "Parent Relationship": "Inner",
                                                  "Parallel Aware": true,
                                                  "Async Capable": false,
                                                  "Startup Cost": 2049.55,
                                                  "Total Cost": 2049.55,
                                                  "Plan Rows": 18,
                                                  "Plan Width": 4,
                                                  "Plans": [
                                                    {
                                                      "Node Type": "Seq Scan",
                                                      "Parent Relationship": "Outer",
                                                      "Parallel Aware": true,
                                                      "Async Capable": false,
                                                      "Relation Name": "date_dim",
                                                      "Alias": "date_dim",
                                                      "Startup Cost": 0.0,
                                                      "Total Cost": 2049.55,
                                                      "Plan Rows": 18,
                                                      "Plan Width": 4,
                                                      "Filter": "((d_date >= '1999-08-14'::date) AND (d_date <= '1999-09-13 00:00:00'::timestamp without time zone))",
                                                      "parent": 12,
                                                      "ID": 13
                                                    }
                                                  ],
                                                  "parent": 10,
                                                  "ID": 12,
                                                  "left": 13
                                                }
                                              ],
                                              "parent": 9,
                                              "ID": 10,
                                              "left": 11,
                                              "right": 12
                                            }
                                          ],
                                          "parent": 8,
                                          "ID": 9,
                                          "left": 10
                                        },
                                        {
                                          "Node Type": "Sort",
                                          "Parent Relationship": "Inner",
                                          "Parallel Aware": false,
                                          "Async Capable": false,
                                          "Startup Cost": 9.42,
                                          "Total Cost": 9.68,
                                          "Plan Rows": 102,
                                          "Plan Width": 4,
                                          "Sort Key": [
                                            "store.s_store_sk"
                                          ],
                                          "Plans": [
                                            {
                                              "Node Type": "Seq Scan",
                                              "Parent Relationship": "Outer",
                                              "Parallel Aware": false,
                                              "Async Capable": false,
                                              "Relation Name": "store",
                                              "Alias": "store",
                                              "Startup Cost": 0.0,
                                              "Total Cost": 6.02,
                                              "Plan Rows": 102,
                                              "Plan Width": 4,
                                              "parent": 14,
                                              "ID": 15
                                            }
                                          ],
                                          "parent": 8,
                                          "ID": 14,
                                          "left": 15
                                        }
                                      ],
                                      "parent": 7,
                                      "ID": 8,
                                      "left": 9,
                                      "right": 14
                                    }
                                  ],
                                  "parent": 6,
                                  "ID": 7,
                                  "left": 8
                                }
                              ],
                              "parent": 5,
                              "ID": 6,
                              "left": 7
                            }
                          ],
                          "parent": 4,
                          "ID": 5,
                          "left": 6
                        },
                        {
                          "Node Type": "Aggregate",
                          "Strategy": "Sorted",
                          "Partial Mode": "Finalize",
                          "Parent Relationship": "Inner",
                          "Parallel Aware": false,
                          "Async Capable": false,
                          "Startup Cost": 67464.0,
                          "Total Cost": 67505.8,
                          "Plan Rows": 102,
                          "Plan Width": 68,
                          "Group Key": [
                            "store_1.s_store_sk"
                          ],
                          "Plans": [
                            {
                              "Node Type": "Gather Merge",
                              "Parent Relationship": "Outer",
                              "Parallel Aware": false,
                              "Async Capable": false,
                              "Startup Cost": 67464.0,
                              "Total Cost": 67501.72,
                              "Plan Rows": 204,
                              "Plan Width": 68,
                              "Workers Planned": 2,
                              "Plans": [
                                {
                                  "Node Type": "Aggregate",
                                  "Strategy": "Sorted",
                                  "Partial Mode": "Partial",
                                  "Parent Relationship": "Outer",
                                  "Parallel Aware": false,
                                  "Async Capable": false,
                                  "Startup Cost": 66463.97,
                                  "Total Cost": 66478.15,
                                  "Plan Rows": 102,
                                  "Plan Width": 68,
                                  "Group Key": [
                                    "store_1.s_store_sk"
                                  ],
                                  "Plans": [
                                    {
                                      "Node Type": "Merge Join",
                                      "Parent Relationship": "Outer",
                                      "Parallel Aware": false,
                                      "Async Capable": false,
                                      "Join Type": "Inner",
                                      "Startup Cost": 66463.97,
                                      "Total Cost": 66473.17,
                                      "Plan Rows": 460,
                                      "Plan Width": 16,
                                      "Inner Unique": false,
                                      "Merge Cond": "(store_returns.sr_store_sk = store_1.s_store_sk)",
                                      "Plans": [
                                        {
                                          "Node Type": "Sort",
                                          "Parent Relationship": "Outer",
                                          "Parallel Aware": false,
                                          "Async Capable": false,
                                          "Startup Cost": 66454.55,
                                          "Total Cost": 66455.74,
                                          "Plan Rows": 476,
                                          "Plan Width": 16,
                                          "Sort Key": [
                                            "store_returns.sr_store_sk"
                                          ],
                                          "Plans": [
                                            {
                                              "Node Type": "Hash Join",
                                              "Parent Relationship": "Outer",
                                              "Parallel Aware": true,
                                              "Async Capable": false,
                                              "Join Type": "Inner",
                                              "Startup Cost": 2049.78,
                                              "Total Cost": 66433.38,
                                              "Plan Rows": 476,
                                              "Plan Width": 16,
                                              "Inner Unique": false,
                                              "Hash Cond": "(store_returns.sr_returned_date_sk = date_dim_1.d_date_sk)",
                                              "Plans": [
                                                {
                                                  "Node Type": "Seq Scan",
                                                  "Parent Relationship": "Outer",
                                                  "Parallel Aware": true,
                                                  "Async Capable": false,
                                                  "Relation Name": "store_returns",
                                                  "Alias": "store_returns",
                                                  "Startup Cost": 0.0,
                                                  "Total Cost": 59887.64,
                                                  "Plan Rows": 1198164,
                                                  "Plan Width": 20,
                                                  "parent": 21,
                                                  "ID": 22
                                                },
                                                {
                                                  "Node Type": "Hash",
                                                  "Parent Relationship": "Inner",
                                                  "Parallel Aware": true,
                                                  "Async Capable": false,
                                                  "Startup Cost": 2049.55,
                                                  "Total Cost": 2049.55,
                                                  "Plan Rows": 18,
                                                  "Plan Width": 4,
                                                  "Plans": [
                                                    {
                                                      "Node Type": "Seq Scan",
                                                      "Parent Relationship": "Outer",
                                                      "Parallel Aware": true,
                                                      "Async Capable": false,
                                                      "Relation Name": "date_dim",
                                                      "Alias": "date_dim_1",
                                                      "Startup Cost": 0.0,
                                                      "Total Cost": 2049.55,
                                                      "Plan Rows": 18,
                                                      "Plan Width": 4,
                                                      "Filter": "((d_date >= '1999-08-14'::date) AND (d_date <= '1999-09-13 00:00:00'::timestamp without time zone))",
                                                      "parent": 23,
                                                      "ID": 24
                                                    }
                                                  ],
                                                  "parent": 21,
                                                  "ID": 23,
                                                  "left": 24
                                                }
                                              ],
                                              "parent": 20,
                                              "ID": 21,
                                              "left": 22,
                                              "right": 23
                                            }
                                          ],
                                          "parent": 19,
                                          "ID": 20,
                                          "left": 21
                                        },
                                        {
                                          "Node Type": "Sort",
                                          "Parent Relationship": "Inner",
                                          "Parallel Aware": false,
                                          "Async Capable": false,
                                          "Startup Cost": 9.42,
                                          "Total Cost": 9.68,
                                          "Plan Rows": 102,
                                          "Plan Width": 4,
                                          "Sort Key": [
                                            "store_1.s_store_sk"
                                          ],
                                          "Plans": [
                                            {
                                              "Node Type": "Seq Scan",
                                              "Parent Relationship": "Outer",
                                              "Parallel Aware": false,
                                              "Async Capable": false,
                                              "Relation Name": "store",
                                              "Alias": "store_1",
                                              "Startup Cost": 0.0,
                                              "Total Cost": 6.02,
                                              "Plan Rows": 102,
                                              "Plan Width": 4,
                                              "parent": 25,
                                              "ID": 26
                                            }
                                          ],
                                          "parent": 19,
                                          "ID": 25,
                                          "left": 26
                                        }
                                      ],
                                      "parent": 18,
                                      "ID": 19,
                                      "left": 20,
                                      "right": 25
                                    }
                                  ],
                                  "parent": 17,
                                  "ID": 18,
                                  "left": 19
                                }
                              ],
                              "parent": 16,
                              "ID": 17,
                              "left": 18
                            }
                          ],
                          "parent": 4,
                          "ID": 16,
                          "left": 17
                        }
                      ],
                      "parent": 3,
                      "ID": 4,
                      "left": 5,
                      "right": 16
                    },
                    {
                      "Node Type": "Nested Loop",
                      "Parent Relationship": "Member",
                      "Parallel Aware": false,
                      "Async Capable": false,
                      "Join Type": "Inner",
                      "Startup Cost": 499452.25,
                      "Total Cost": 499502.11,
                      "Plan Rows": 576,
                      "Plan Width": 132,
                      "Inner Unique": false,
                      "Plans": [
                        {
                          "Node Type": "Aggregate",
                          "Strategy": "Sorted",
                          "Partial Mode": "Finalize",
                          "Parent Relationship": "Outer",
                          "Parallel Aware": false,
                          "Async Capable": false,
                          "Startup Cost": 459392.64,
                          "Total Cost": 459424.0,
                          "Plan Rows": 24,
                          "Plan Width": 68,
                          "Group Key": [
                            "catalog_sales.cs_call_center_sk"
                          ],
                          "Plans": [
                            {
                              "Node Type": "Gather Merge",
                              "Parent Relationship": "Outer",
                              "Parallel Aware": false,
                              "Async Capable": false,
                              "Startup Cost": 459392.64,
                              "Total Cost": 459423.04,
                              "Plan Rows": 48,
                              "Plan Width": 68,
                              "Workers Planned": 2,
                              "Plans": [
                                {
                                  "Node Type": "Aggregate",
                                  "Strategy": "Sorted",
                                  "Partial Mode": "Partial",
                                  "Parent Relationship": "Outer",
                                  "Parallel Aware": false,
                                  "Async Capable": false,
                                  "Startup Cost": 458392.62,
                                  "Total Cost": 458417.48,
                                  "Plan Rows": 24,
                                  "Plan Width": 68,
                                  "Group Key": [
                                    "catalog_sales.cs_call_center_sk"
                                  ],
                                  "Plans": [
                                    {
                                      "Node Type": "Sort",
                                      "Parent Relationship": "Outer",
                                      "Parallel Aware": false,
                                      "Async Capable": false,
                                      "Startup Cost": 458392.62,
                                      "Total Cost": 458398.74,
                                      "Plan Rows": 2450,
                                      "Plan Width": 16,
                                      "Sort Key": [
                                        "catalog_sales.cs_call_center_sk"
                                      ],
                                      "Plans": [
                                        {
                                          "Node Type": "Hash Join",
                                          "Parent Relationship": "Outer",
                                          "Parallel Aware": true,
                                          "Async Capable": false,
                                          "Join Type": "Inner",
                                          "Startup Cost": 2049.78,
                                          "Total Cost": 458254.7,
                                          "Plan Rows": 2450,
                                          "Plan Width": 16,
                                          "Inner Unique": false,
                                          "Hash Cond": "(catalog_sales.cs_sold_date_sk = date_dim_2.d_date_sk)",
                                          "Plans": [
                                            {
                                              "Node Type": "Seq Scan",
                                              "Parent Relationship": "Outer",
                                              "Parallel Aware": true,
                                              "Async Capable": false,
                                              "Relation Name": "catalog_sales",
                                              "Alias": "catalog_sales",
                                              "Startup Cost": 0.0,
                                              "Total Cost": 433688.25,
                                              "Plan Rows": 6000525,
                                              "Plan Width": 20,
                                              "parent": 32,
                                              "ID": 33
                                            },
                                            {
                                              "Node Type": "Hash",
                                              "Parent Relationship": "Inner",
                                              "Parallel Aware": true,
                                              "Async Capable": false,
                                              "Startup Cost": 2049.55,
                                              "Total Cost": 2049.55,
                                              "Plan Rows": 18,
                                              "Plan Width": 4,
                                              "Plans": [
                                                {
                                                  "Node Type": "Seq Scan",
                                                  "Parent Relationship": "Outer",
                                                  "Parallel Aware": true,
                                                  "Async Capable": false,
                                                  "Relation Name": "date_dim",
                                                  "Alias": "date_dim_2",
                                                  "Startup Cost": 0.0,
                                                  "Total Cost": 2049.55,
                                                  "Plan Rows": 18,
                                                  "Plan Width": 4,
                                                  "Filter": "((d_date >= '1999-08-14'::date) AND (d_date <= '1999-09-13 00:00:00'::timestamp without time zone))",
                                                  "parent": 34,
                                                  "ID": 35
                                                }
                                              ],
                                              "parent": 32,
                                              "ID": 34,
                                              "left": 35
                                            }
                                          ],
                                          "parent": 31,
                                          "ID": 32,
                                          "left": 33,
                                          "right": 34
                                        }
                                      ],
                                      "parent": 30,
                                      "ID": 31,
                                      "left": 32
                                    }
                                  ],
                                  "parent": 29,
                                  "ID": 30,
                                  "left": 31
                                }
                              ],
                              "parent": 28,
                              "ID": 29,
                              "left": 30
                            }
                          ],
                          "parent": 27,
                          "ID": 28,
                          "left": 29
                        },
                        {
                          "Node Type": "Materialize",
                          "Parent Relationship": "Inner",
                          "Parallel Aware": false,
                          "Async Capable": false,
                          "Startup Cost": 40059.61,
                          "Total Cost": 40069.29,
                          "Plan Rows": 24,
                          "Plan Width": 64,
                          "Plans": [
                            {
                              "Node Type": "Subquery Scan",
                              "Parent Relationship": "Outer",
                              "Parallel Aware": false,
                              "Async Capable": false,
                              "Alias": "cr",
                              "Startup Cost": 40059.61,
                              "Total Cost": 40069.17,
                              "Plan Rows": 24,
                              "Plan Width": 64,
                              "Plans": [
                                {
                                  "Node Type": "Aggregate",
                                  "Strategy": "Sorted",
                                  "Partial Mode": "Finalize",
                                  "Parent Relationship": "Subquery",
                                  "Parallel Aware": false,
                                  "Async Capable": false,
                                  "Startup Cost": 40059.61,
                                  "Total Cost": 40068.93,
                                  "Plan Rows": 24,
                                  "Plan Width": 68,
                                  "Group Key": [
                                    "catalog_returns.cr_call_center_sk"
                                  ],
                                  "Plans": [
                                    {
                                      "Node Type": "Gather Merge",
                                      "Parent Relationship": "Outer",
                                      "Parallel Aware": false,
                                      "Async Capable": false,
                                      "Startup Cost": 40059.61,
                                      "Total Cost": 40067.97,
                                      "Plan Rows": 48,
                                      "Plan Width": 68,
                                      "Workers Planned": 2,
                                      "Plans": [
                                        {
                                          "Node Type": "Aggregate",
                                          "Strategy": "Sorted",
                                          "Partial Mode": "Partial",
                                          "Parent Relationship": "Outer",
                                          "Parallel Aware": false,
                                          "Async Capable": false,
                                          "Startup Cost": 39059.58,
                                          "Total Cost": 39062.4,
                                          "Plan Rows": 24,
                                          "Plan Width": 68,
                                          "Group Key": [
                                            "catalog_returns.cr_call_center_sk"
                                          ],
                                          "Plans": [
                                            {
                                              "Node Type": "Sort",
                                              "Parent Relationship": "Outer",
                                              "Parallel Aware": false,
                                              "Async Capable": false,
                                              "Startup Cost": 39059.58,
                                              "Total Cost": 39060.2,
                                              "Plan Rows": 246,
                                              "Plan Width": 16,
                                              "Sort Key": [
                                                "catalog_returns.cr_call_center_sk"
                                              ],
                                              "Plans": [
                                                {
                                                  "Node Type": "Hash Join",
                                                  "Parent Relationship": "Outer",
                                                  "Parallel Aware": true,
                                                  "Async Capable": false,
                                                  "Join Type": "Inner",
                                                  "Startup Cost": 2049.78,
                                                  "Total Cost": 39049.82,
                                                  "Plan Rows": 246,
                                                  "Plan Width": 16,
                                                  "Inner Unique": false,
                                                  "Hash Cond": "(catalog_returns.cr_returned_date_sk = date_dim_3.d_date_sk)",
                                                  "Plans": [
                                                    {
                                                      "Node Type": "Seq Scan",
                                                      "Parent Relationship": "Outer",
                                                      "Parallel Aware": true,
                                                      "Async Capable": false,
                                                      "Relation Name": "catalog_returns",
                                                      "Alias": "catalog_returns",
                                                      "Startup Cost": 0.0,
                                                      "Total Cost": 34748.95,
                                                      "Plan Rows": 599895,
                                                      "Plan Width": 20,
                                                      "parent": 42,
                                                      "ID": 43
                                                    },
                                                    {
                                                      "Node Type": "Hash",
                                                      "Parent Relationship": "Inner",
                                                      "Parallel Aware": true,
                                                      "Async Capable": false,
                                                      "Startup Cost": 2049.55,
                                                      "Total Cost": 2049.55,
                                                      "Plan Rows": 18,
                                                      "Plan Width": 4,
                                                      "Plans": [
                                                        {
                                                          "Node Type": "Seq Scan",
                                                          "Parent Relationship": "Outer",
                                                          "Parallel Aware": true,
                                                          "Async Capable": false,
                                                          "Relation Name": "date_dim",
                                                          "Alias": "date_dim_3",
                                                          "Startup Cost": 0.0,
                                                          "Total Cost": 2049.55,
                                                          "Plan Rows": 18,
                                                          "Plan Width": 4,
                                                          "Filter": "((d_date >= '1999-08-14'::date) AND (d_date <= '1999-09-13 00:00:00'::timestamp without time zone))",
                                                          "parent": 44,
                                                          "ID": 45
                                                        }
                                                      ],
                                                      "parent": 42,
                                                      "ID": 44,
                                                      "left": 45
                                                    }
                                                  ],
                                                  "parent": 41,
                                                  "ID": 42,
                                                  "left": 43,
                                                  "right": 44
                                                }
                                              ],
                                              "parent": 40,
                                              "ID": 41,
                                              "left": 42
                                            }
                                          ],
                                          "parent": 39,
                                          "ID": 40,
                                          "left": 41
                                        }
                                      ],
                                      "parent": 38,
                                      "ID": 39,
                                      "left": 40
                                    }
                                  ],
                                  "parent": 37,
                                  "ID": 38,
                                  "left": 39
                                }
                              ],
                              "parent": 36,
                              "ID": 37,
                              "left": 38
                            }
                          ],
                          "parent": 27,
                          "ID": 36,
                          "left": 37
                        }
                      ],
                      "parent": 3,
                      "ID": 27,
                      "left": 28,
                      "right": 36
                    },
                    {
                      "Node Type": "Merge Join",
                      "Parent Relationship": "Member",
                      "Parallel Aware": false,
                      "Async Capable": false,
                      "Join Type": "Left",
                      "Startup Cost": 252590.79,
                      "Total Cost": 252726.18,
                      "Plan Rows": 200,
                      "Plan Width": 132,
                      "Inner Unique": true,
                      "Merge Cond": "(web_page.wp_web_page_sk = web_page_1.wp_web_page_sk)",
                      "Plans": [
                        {
                          "Node Type": "Aggregate",
                          "Strategy": "Sorted",
                          "Partial Mode": "Finalize",
                          "Parent Relationship": "Outer",
                          "Parallel Aware": false,
                          "Async Capable": false,
                          "Startup Cost": 232119.07,
                          "Total Cost": 232210.1,
                          "Plan Rows": 200,
                          "Plan Width": 68,
                          "Group Key": [
                            "web_page.wp_web_page_sk"
                          ],
                          "Plans": [
                            {
                              "Node Type": "Gather Merge",
                              "Parent Relationship": "Outer",
                              "Parallel Aware": false,
                              "Async Capable": false,
                              "Startup Cost": 232119.07,
                              "Total Cost": 232202.1,
                              "Plan Rows": 400,
                              "Plan Width": 68,
                              "Workers Planned": 2,
                              "Plans": [
                                {
                                  "Node Type": "Aggregate",
                                  "Strategy": "Sorted",
                                  "Partial Mode": "Partial",
                                  "Parent Relationship": "Outer",
                                  "Parallel Aware": false,
                                  "Async Capable": false,
                                  "Startup Cost": 231119.05,
                                  "Total Cost": 231155.9,
                                  "Plan Rows": 200,
                                  "Plan Width": 68,
                                  "Group Key": [
                                    "web_page.wp_web_page_sk"
                                  ],
                                  "Plans": [
                                    {
                                      "Node Type": "Merge Join",
                                      "Parent Relationship": "Outer",
                                      "Parallel Aware": false,
                                      "Async Capable": false,
                                      "Join Type": "Inner",
                                      "Startup Cost": 231119.05,
                                      "Total Cost": 231143.67,
                                      "Plan Rows": 1231,
                                      "Plan Width": 16,
                                      "Inner Unique": false,
                                      "Merge Cond": "(web_sales.ws_web_page_sk = web_page.wp_web_page_sk)",
                                      "Plans": [
                                        {
                                          "Node Type": "Sort",
                                          "Parent Relationship": "Outer",
                                          "Parallel Aware": false,
                                          "Async Capable": false,
                                          "Startup Cost": 231104.41,
                                          "Total Cost": 231107.48,
                                          "Plan Rows": 1231,
                                          "Plan Width": 16,
                                          "Sort Key": [
                                            "web_sales.ws_web_page_sk"
                                          ],
                                          "Plans": [
                                            {
                                              "Node Type": "Hash Join",
                                              "Parent Relationship": "Outer",
                                              "Parallel Aware": true,
                                              "Async Capable": false,
                                              "Join Type": "Inner",
                                              "Startup Cost": 2049.78,
                                              "Total Cost": 231041.22,
                                              "Plan Rows": 1231,
                                              "Plan Width": 16,
                                              "Inner Unique": false,
                                              "Hash Cond": "(web_sales.ws_sold_date_sk = date_dim_4.d_date_sk)",
                                              "Plans": [
                                                {
                                                  "Node Type": "Seq Scan",
                                                  "Parent Relationship": "Outer",
                                                  "Parallel Aware": true,
                                                  "Async Capable": false,
                                                  "Relation Name": "web_sales",
                                                  "Alias": "web_sales",
                                                  "Startup Cost": 0.0,
                                                  "Total Cost": 217737.86,
                                                  "Plan Rows": 2998986,
                                                  "Plan Width": 20,
                                                  "parent": 52,
                                                  "ID": 53
                                                },
                                                {
                                                  "Node Type": "Hash",
                                                  "Parent Relationship": "Inner",
                                                  "Parallel Aware": true,
                                                  "Async Capable": false,
                                                  "Startup Cost": 2049.55,
                                                  "Total Cost": 2049.55,
                                                  "Plan Rows": 18,
                                                  "Plan Width": 4,
                                                  "Plans": [
                                                    {
                                                      "Node Type": "Seq Scan",
                                                      "Parent Relationship": "Outer",
                                                      "Parallel Aware": true,
                                                      "Async Capable": false,
                                                      "Relation Name": "date_dim",
                                                      "Alias": "date_dim_4",
                                                      "Startup Cost": 0.0,
                                                      "Total Cost": 2049.55,
                                                      "Plan Rows": 18,
                                                      "Plan Width": 4,
                                                      "Filter": "((d_date >= '1999-08-14'::date) AND (d_date <= '1999-09-13 00:00:00'::timestamp without time zone))",
                                                      "parent": 54,
                                                      "ID": 55
                                                    }
                                                  ],
                                                  "parent": 52,
                                                  "ID": 54,
                                                  "left": 55
                                                }
                                              ],
                                              "parent": 51,
                                              "ID": 52,
                                              "left": 53,
                                              "right": 54
                                            }
                                          ],
                                          "parent": 50,
                                          "ID": 51,
                                          "left": 52
                                        },
                                        {
                                          "Node Type": "Sort",
                                          "Parent Relationship": "Inner",
                                          "Parallel Aware": false,
                                          "Async Capable": false,
                                          "Startup Cost": 14.64,
                                          "Total Cost": 15.14,
                                          "Plan Rows": 200,
                                          "Plan Width": 4,
                                          "Sort Key": [
                                            "web_page.wp_web_page_sk"
                                          ],
                                          "Plans": [
                                            {
                                              "Node Type": "Seq Scan",
                                              "Parent Relationship": "Outer",
                                              "Parallel Aware": false,
                                              "Async Capable": false,
                                              "Relation Name": "web_page",
                                              "Alias": "web_page",
                                              "Startup Cost": 0.0,
                                              "Total Cost": 7.0,
                                              "Plan Rows": 200,
                                              "Plan Width": 4,
                                              "parent": 56,
                                              "ID": 57
                                            }
                                          ],
                                          "parent": 50,
                                          "ID": 56,
                                          "left": 57
                                        }
                                      ],
                                      "parent": 49,
                                      "ID": 50,
                                      "left": 51,
                                      "right": 56
                                    }
                                  ],
                                  "parent": 48,
                                  "ID": 49,
                                  "left": 50
                                }
                              ],
                              "parent": 47,
                              "ID": 48,
                              "left": 49
                            }
                          ],
                          "parent": 46,
                          "ID": 47,
                          "left": 48
                        },
                        {
                          "Node Type": "Aggregate",
                          "Strategy": "Sorted",
                          "Partial Mode": "Finalize",
                          "Parent Relationship": "Inner",
                          "Parallel Aware": false,
                          "Async Capable": false,
                          "Startup Cost": 20471.72,
                          "Total Cost": 20508.59,
                          "Plan Rows": 200,
                          "Plan Width": 68,
                          "Group Key": [
                            "web_page_1.wp_web_page_sk"
                          ],
                          "Plans": [
                            {
                              "Node Type": "Gather Merge",
                              "Parent Relationship": "Outer",
                              "Parallel Aware": false,
                              "Async Capable": false,
                              "Startup Cost": 20471.72,
                              "Total Cost": 20502.79,
                              "Plan Rows": 224,
                              "Plan Width": 68,
                              "Workers Planned": 2,
                              "Plans": [
                                {
                                  "Node Type": "Aggregate",
                                  "Strategy": "Sorted",
                                  "Partial Mode": "Partial",
                                  "Parent Relationship": "Outer",
                                  "Parallel Aware": false,
                                  "Async Capable": false,
                                  "Startup Cost": 19471.69,
                                  "Total Cost": 19476.91,
                                  "Plan Rows": 112,
                                  "Plan Width": 68,
                                  "Group Key": [
                                    "web_page_1.wp_web_page_sk"
                                  ],
                                  "Plans": [
                                    {
                                      "Node Type": "Merge Join",
                                      "Parent Relationship": "Outer",
                                      "Parallel Aware": false,
                                      "Async Capable": false,
                                      "Join Type": "Inner",
                                      "Startup Cost": 19471.69,
                                      "Total Cost": 19474.39,
                                      "Plan Rows": 112,
                                      "Plan Width": 16,
                                      "Inner Unique": false,
                                      "Merge Cond": "(web_returns.wr_web_page_sk = web_page_1.wp_web_page_sk)",
                                      "Plans": [
                                        {
                                          "Node Type": "Sort",
                                          "Parent Relationship": "Outer",
                                          "Parallel Aware": false,
                                          "Async Capable": false,
                                          "Startup Cost": 19457.05,
                                          "Total Cost": 19457.35,
                                          "Plan Rows": 118,
                                          "Plan Width": 16,
                                          "Sort Key": [
                                            "web_returns.wr_web_page_sk"
                                          ],
                                          "Plans": [
                                            {
                                              "Node Type": "Hash Join",
                                              "Parent Relationship": "Outer",
                                              "Parallel Aware": true,
                                              "Async Capable": false,
                                              "Join Type": "Inner",
                                              "Startup Cost": 2049.78,
                                              "Total Cost": 19452.99,
                                              "Plan Rows": 118,
                                              "Plan Width": 16,
                                              "Inner Unique": false,
                                              "Hash Cond": "(web_returns.wr_returned_date_sk = date_dim_5.d_date_sk)",
                                              "Plans": [
                                                {
                                                  "Node Type": "Seq Scan",
                                                  "Parent Relationship": "Outer",
                                                  "Parallel Aware": true,
                                                  "Async Capable": false,
                                                  "Relation Name": "web_returns",
                                                  "Alias": "web_returns",
                                                  "Startup Cost": 0.0,
                                                  "Total Cost": 16278.74,
                                                  "Plan Rows": 299674,
                                                  "Plan Width": 20,
                                                  "parent": 63,
                                                  "ID": 64
                                                },
                                                {
                                                  "Node Type": "Hash",
                                                  "Parent Relationship": "Inner",
                                                  "Parallel Aware": true,
                                                  "Async Capable": false,
                                                  "Startup Cost": 2049.55,
                                                  "Total Cost": 2049.55,
                                                  "Plan Rows": 18,
                                                  "Plan Width": 4,
                                                  "Plans": [
                                                    {
                                                      "Node Type": "Seq Scan",
                                                      "Parent Relationship": "Outer",
                                                      "Parallel Aware": true,
                                                      "Async Capable": false,
                                                      "Relation Name": "date_dim",
                                                      "Alias": "date_dim_5",
                                                      "Startup Cost": 0.0,
                                                      "Total Cost": 2049.55,
                                                      "Plan Rows": 18,
                                                      "Plan Width": 4,
                                                      "Filter": "((d_date >= '1999-08-14'::date) AND (d_date <= '1999-09-13 00:00:00'::timestamp without time zone))",
                                                      "parent": 65,
                                                      "ID": 66
                                                    }
                                                  ],
                                                  "parent": 63,
                                                  "ID": 65,
                                                  "left": 66
                                                }
                                              ],
                                              "parent": 62,
                                              "ID": 63,
                                              "left": 64,
                                              "right": 65
                                            }
                                          ],
                                          "parent": 61,
                                          "ID": 62,
                                          "left": 63
                                        },
                                        {
                                          "Node Type": "Sort",
                                          "Parent Relationship": "Inner",
                                          "Parallel Aware": false,
                                          "Async Capable": false,
                                          "Startup Cost": 14.64,
                                          "Total Cost": 15.14,
                                          "Plan Rows": 200,
                                          "Plan Width": 4,
                                          "Sort Key": [
                                            "web_page_1.wp_web_page_sk"
                                          ],
                                          "Plans": [
                                            {
                                              "Node Type": "Seq Scan",
                                              "Parent Relationship": "Outer",
                                              "Parallel Aware": false,
                                              "Async Capable": false,
                                              "Relation Name": "web_page",
                                              "Alias": "web_page_1",
                                              "Startup Cost": 0.0,
                                              "Total Cost": 7.0,
                                              "Plan Rows": 200,
                                              "Plan Width": 4,
                                              "parent": 67,
                                              "ID": 68
                                            }
                                          ],
                                          "parent": 61,
                                          "ID": 67,
                                          "left": 68
                                        }
                                      ],
                                      "parent": 60,
                                      "ID": 61,
                                      "left": 62,
                                      "right": 67
                                    }
                                  ],
                                  "parent": 59,
                                  "ID": 60,
                                  "left": 61
                                }
                              ],
                              "parent": 58,
                              "ID": 59,
                              "left": 60
                            }
                          ],
                          "parent": 46,
                          "ID": 58,
                          "left": 59
                        }
                      ],
                      "parent": 3,
                      "ID": 46,
                      "left": 47,
                      "right": 58
                    }
                  ],
                  "parent": 2,
                  "ID": 3,
                  "left": 4,
                  "right": 27
                }
              ],
              "parent": 1,
              "ID": 2,
              "left": 3
            }
          ],
          "parent": 0,
          "ID": 1,
          "left": 2
        }
      ],
      "parent": null,
      "ID": 0,
      "left": 1
    },
    "feat": {
      "utility": 4.628213243640765e-06,
      "query_shape": [
        [
          "Seq Scan",
          "Hash Join",
          "Sort",
          "Merge Join",
          "Aggregate",
          "Gather Merge",
          "Append"
        ],
        [
          "Seq Scan",
          "Hash",
          "Hash Join",
          "Sort",
          "Merge Join",
          "Aggregate",
          "Gather Merge",
          "Append"
        ],
        [
          "Seq Scan",
          "Sort",
          "Merge Join",
          "Aggregate",
          "Gather Merge",
          "Append"
        ],
        [
          "Seq Scan",
          "Hash Join",
          "Sort",
          "Merge Join",
          "Aggregate",
          "Gather Merge",
          "Append"
        ],
        [
          "Seq Scan",
          "Hash",
          "Hash Join",
          "Sort",
          "Merge Join",
          "Aggregate",
          "Gather Merge",
          "Append"
        ],
        [
          "Seq Scan",
          "Sort",
          "Merge Join",
          "Aggregate",
          "Gather Merge",
          "Append"
        ],
        [
          "Seq Scan",
          "Hash Join",
          "Sort",
          "Aggregate",
          "Gather Merge",
          "Nested Loop",
          "Append"
        ],
        [
          "Seq Scan",
          "Hash",
          "Hash Join",
          "Sort",
          "Aggregate",
          "Gather Merge",
          "Nested Loop",
          "Append"
        ],
        [
          "Seq Scan",
          "Hash Join",
          "Sort",
          "Aggregate",
          "Gather Merge",
          "Subquery Scan",
          "Materialize",
          "Nested Loop",
          "Append"
        ],
        [
          "Seq Scan",
          "Hash",
          "Hash Join",
          "Sort",
          "Aggregate",
          "Gather Merge",
          "Subquery Scan",
          "Materialize",
          "Nested Loop",
          "Append"
        ],
        [
          "Seq Scan",
          "Hash Join",
          "Sort",
          "Merge Join",
          "Aggregate",
          "Gather Merge",
          "Append"
        ],
        [
          "Seq Scan",
          "Hash",
          "Hash Join",
          "Sort",
          "Merge Join",
          "Aggregate",
          "Gather Merge",
          "Append"
        ],
        [
          "Seq Scan",
          "Sort",
          "Merge Join",
          "Aggregate",
          "Gather Merge",
          "Append"
        ],
        [
          "Seq Scan",
          "Hash Join",
          "Sort",
          "Merge Join",
          "Aggregate",
          "Gather Merge",
          "Append"
        ],
        [
          "Seq Scan",
          "Hash",
          "Hash Join",
          "Sort",
          "Merge Join",
          "Aggregate",
          "Gather Merge",
          "Append"
        ],
        [
          "Seq Scan",
          "Sort",
          "Merge Join",
          "Aggregate",
          "Gather Merge",
          "Append"
        ]
      ],
      "index_shape": [
        "join"
      ],
      "physical_operator": {
        "Hash Join": [
          0.0047730246790248666
        ]
      }
    }
  },
  {
    "query": "with ss as\n (select s_store_sk,\n         sum(ss_ext_sales_price) as sales,\n         sum(ss_net_profit) as profit\n from store_sales,\n      date_dim,\n      store\n where ss_sold_date_sk = d_date_sk\n       and d_date between cast('1999-08-14' as date) \n                  and (cast('1999-08-14' as date) +  interval '30 days') \n       and ss_store_sk = s_store_sk\n group by s_store_sk)\n ,\n sr as\n (select s_store_sk,\n         sum(sr_return_amt) as returns,\n         sum(sr_net_loss) as profit_loss\n from store_returns,\n      date_dim,\n      store\n where sr_returned_date_sk = d_date_sk\n       and d_date between cast('1999-08-14' as date)\n                  and (cast('1999-08-14' as date) +  interval '30 days')\n       and sr_store_sk = s_store_sk\n group by s_store_sk), \n cs as\n (select cs_call_center_sk,\n        sum(cs_ext_sales_price) as sales,\n        sum(cs_net_profit) as profit\n from catalog_sales,\n      date_dim\n where cs_sold_date_sk = d_date_sk\n       and d_date between cast('1999-08-14' as date)\n                  and (cast('1999-08-14' as date) +  interval '30 days')\n group by cs_call_center_sk \n ), \n cr as\n (select cr_call_center_sk,\n         sum(cr_return_amount) as returns,\n         sum(cr_net_loss) as profit_loss\n from catalog_returns,\n      date_dim\n where cr_returned_date_sk = d_date_sk\n       and d_date between cast('1999-08-14' as date)\n                  and (cast('1999-08-14' as date) +  interval '30 days')\n group by cr_call_center_sk\n ), \n ws as\n ( select wp_web_page_sk,\n        sum(ws_ext_sales_price) as sales,\n        sum(ws_net_profit) as profit\n from web_sales,\n      date_dim,\n      web_page\n where ws_sold_date_sk = d_date_sk\n       and d_date between cast('1999-08-14' as date)\n                  and (cast('1999-08-14' as date) +  interval '30 days')\n       and ws_web_page_sk = wp_web_page_sk\n group by wp_web_page_sk), \n wr as\n (select wp_web_page_sk,\n        sum(wr_return_amt) as returns,\n        sum(wr_net_loss) as profit_loss\n from web_returns,\n      date_dim,\n      web_page\n where wr_returned_date_sk = d_date_sk\n       and d_date between cast('1999-08-14' as date)\n                  and (cast('1999-08-14' as date) +  interval '30 days')\n       and wr_web_page_sk = wp_web_page_sk\n group by wp_web_page_sk)\n  select  channel\n        , id\n        , sum(sales) as sales\n        , sum(returns) as returns\n        , sum(profit) as profit\n from \n (select 'store channel' as channel\n        , ss.s_store_sk as id\n        , sales\n        , coalesce(returns, 0) as returns\n        , (profit - coalesce(profit_loss,0)) as profit\n from   ss left join sr\n        on  ss.s_store_sk = sr.s_store_sk\n union all\n select 'catalog channel' as channel\n        , cs_call_center_sk as id\n        , sales\n        , returns\n        , (profit - profit_loss) as profit\n from  cs\n       , cr\n union all\n select 'web channel' as channel\n        , ws.wp_web_page_sk as id\n        , sales\n        , coalesce(returns, 0) as returns\n        , (profit - coalesce(profit_loss,0)) as profit\n from   ws left join wr\n        on  ws.wp_web_page_sk = wr.wp_web_page_sk\n ) x\n group by rollup (channel, id)\n order by channel\n         ,id\n limit 100;\n\n-- end query 58 in stream 0 using template query77.tpl\n",
    "indexes": "catalog_returns.cr_call_center_sk",
    "wo plan est": {
      "Node Type": "Limit",
      "Parallel Aware": false,
      "Async Capable": false,
      "Startup Cost": 1505243.45,
      "Total Cost": 1505243.7,
      "Plan Rows": 100,
      "Plan Width": 132,
      "Plans": [
        {
          "Node Type": "Sort",
          "Parent Relationship": "Outer",
          "Parallel Aware": false,
          "Async Capable": false,
          "Startup Cost": 1505243.45,
          "Total Cost": 1505244.45,
          "Plan Rows": 401,
          "Plan Width": 132,
          "Sort Key": [
            "('store channel'::text)",
            "store.s_store_sk"
          ],
          "Plans": [
            {
              "Node Type": "Aggregate",
              "Strategy": "Mixed",
              "Partial Mode": "Simple",
              "Parent Relationship": "Outer",
              "Parallel Aware": false,
              "Async Capable": false,
              "Startup Cost": 752755.06,
              "Total Cost": 1505228.12,
              "Plan Rows": 401,
              "Plan Width": 132,
              "Grouping Sets": [
                {
                  "Hash Keys": [
                    [
                      "('store channel'::text)",
                      "store.s_store_sk"
                    ]
                  ]
                },
                {
                  "Hash Keys": [
                    [
                      "('store channel'::text)"
                    ]
                  ]
                },
                {
                  "Group Keys": [
                    []
                  ]
                }
              ],
              "Planned Partitions": 0,
              "Plans": [
                {
                  "Node Type": "Append",
                  "Parent Relationship": "Outer",
                  "Parallel Aware": false,
                  "Async Capable": false,
                  "Startup Cost": 752755.06,
                  "Total Cost": 1505194.76,
                  "Plan Rows": 878,
                  "Plan Width": 132,
                  "Subplans Removed": 0,
                  "Plans": [
                    {
                      "Node Type": "Merge Join",
                      "Parent Relationship": "Member",
                      "Parallel Aware": false,
                      "Async Capable": false,
                      "Join Type": "Left",
                      "Startup Cost": 752755.06,
                      "Total Cost": 752953.3,
                      "Plan Rows": 102,
                      "Plan Width": 132,
                      "Inner Unique": true,
                      "Merge Cond": "(store.s_store_sk = store_1.s_store_sk)",
                      "Plans": [
                        {
                          "Node Type": "Aggregate",
                          "Strategy": "Sorted",
                          "Partial Mode": "Finalize",
                          "Parent Relationship": "Outer",
                          "Parallel Aware": false,
                          "Async Capable": false,
                          "Startup Cost": 685291.07,
                          "Total Cost": 685443.67,
                          "Plan Rows": 102,
                          "Plan Width": 68,
                          "Group Key": [
                            "store.s_store_sk"
                          ],
                          "Plans": [
                            {
                              "Node Type": "Gather Merge",
                              "Parent Relationship": "Outer",
                              "Parallel Aware": false,
                              "Async Capable": false,
                              "Startup Cost": 685291.07,
                              "Total Cost": 685439.59,
                              "Plan Rows": 204,
                              "Plan Width": 68,
                              "Workers Planned": 2,
                              "Plans": [
                                {
                                  "Node Type": "Aggregate",
                                  "Strategy": "Sorted",
                                  "Partial Mode": "Partial",
                                  "Parent Relationship": "Outer",
                                  "Parallel Aware": false,
                                  "Async Capable": false,
                                  "Startup Cost": 684291.04,
                                  "Total Cost": 684416.02,
                                  "Plan Rows": 102,
                                  "Plan Width": 68,
                                  "Group Key": [
                                    "store.s_store_sk"
                                  ],
                                  "Plans": [
                                    {
                                      "Node Type": "Merge Join",
                                      "Parent Relationship": "Outer",
                                      "Parallel Aware": false,
                                      "Async Capable": false,
                                      "Join Type": "Inner",
                                      "Startup Cost": 684291.04,
                                      "Total Cost": 684380.82,
                                      "Plan Rows": 4489,
                                      "Plan Width": 16,
                                      "Inner Unique": false,
                                      "Merge Cond": "(store_sales.ss_store_sk = store.s_store_sk)",
                                      "Plans": [
                                        {
                                          "Node Type": "Sort",
                                          "Parent Relationship": "Outer",
                                          "Parallel Aware": false,
                                          "Async Capable": false,
                                          "Startup Cost": 684281.62,
                                          "Total Cost": 684293.38,
                                          "Plan Rows": 4703,
                                          "Plan Width": 16,
                                          "Sort Key": [
                                            "store_sales.ss_store_sk"
                                          ],
                                          "Plans": [
                                            {
                                              "Node Type": "Hash Join",
                                              "Parent Relationship": "Outer",
                                              "Parallel Aware": true,
                                              "Async Capable": false,
                                              "Join Type": "Inner",
                                              "Startup Cost": 2049.78,
                                              "Total Cost": 683994.75,
                                              "Plan Rows": 4703,
                                              "Plan Width": 16,
                                              "Inner Unique": false,
                                              "Hash Cond": "(store_sales.ss_sold_date_sk = date_dim.d_date_sk)",
                                              "Plans": [
                                                {
                                                  "Node Type": "Seq Scan",
                                                  "Parent Relationship": "Outer",
                                                  "Parallel Aware": true,
                                                  "Async Capable": false,
                                                  "Relation Name": "store_sales",
                                                  "Alias": "store_sales",
                                                  "Startup Cost": 0.0,
                                                  "Total Cost": 636914.37,
                                                  "Plan Rows": 12000637,
                                                  "Plan Width": 20,
                                                  "parent": 10,
                                                  "ID": 11
                                                },
                                                {
                                                  "Node Type": "Hash",
                                                  "Parent Relationship": "Inner",
                                                  "Parallel Aware": true,
                                                  "Async Capable": false,
                                                  "Startup Cost": 2049.55,
                                                  "Total Cost": 2049.55,
                                                  "Plan Rows": 18,
                                                  "Plan Width": 4,
                                                  "Plans": [
                                                    {
                                                      "Node Type": "Seq Scan",
                                                      "Parent Relationship": "Outer",
                                                      "Parallel Aware": true,
                                                      "Async Capable": false,
                                                      "Relation Name": "date_dim",
                                                      "Alias": "date_dim",
                                                      "Startup Cost": 0.0,
                                                      "Total Cost": 2049.55,
                                                      "Plan Rows": 18,
                                                      "Plan Width": 4,
                                                      "Filter": "((d_date >= '1999-08-14'::date) AND (d_date <= '1999-09-13 00:00:00'::timestamp without time zone))",
                                                      "parent": 12,
                                                      "ID": 13
                                                    }
                                                  ],
                                                  "parent": 10,
                                                  "ID": 12,
                                                  "left": 13
                                                }
                                              ],
                                              "parent": 9,
                                              "ID": 10,
                                              "left": 11,
                                              "right": 12
                                            }
                                          ],
                                          "parent": 8,
                                          "ID": 9,
                                          "left": 10
                                        },
                                        {
                                          "Node Type": "Sort",
                                          "Parent Relationship": "Inner",
                                          "Parallel Aware": false,
                                          "Async Capable": false,
                                          "Startup Cost": 9.42,
                                          "Total Cost": 9.68,
                                          "Plan Rows": 102,
                                          "Plan Width": 4,
                                          "Sort Key": [
                                            "store.s_store_sk"
                                          ],
                                          "Plans": [
                                            {
                                              "Node Type": "Seq Scan",
                                              "Parent Relationship": "Outer",
                                              "Parallel Aware": false,
                                              "Async Capable": false,
                                              "Relation Name": "store",
                                              "Alias": "store",
                                              "Startup Cost": 0.0,
                                              "Total Cost": 6.02,
                                              "Plan Rows": 102,
                                              "Plan Width": 4,
                                              "parent": 14,
                                              "ID": 15
                                            }
                                          ],
                                          "parent": 8,
                                          "ID": 14,
                                          "left": 15
                                        }
                                      ],
                                      "parent": 7,
                                      "ID": 8,
                                      "left": 9,
                                      "right": 14
                                    }
                                  ],
                                  "parent": 6,
                                  "ID": 7,
                                  "left": 8
                                }
                              ],
                              "parent": 5,
                              "ID": 6,
                              "left": 7
                            }
                          ],
                          "parent": 4,
                          "ID": 5,
                          "left": 6
                        },
                        {
                          "Node Type": "Aggregate",
                          "Strategy": "Sorted",
                          "Partial Mode": "Finalize",
                          "Parent Relationship": "Inner",
                          "Parallel Aware": false,
                          "Async Capable": false,
                          "Startup Cost": 67464.0,
                          "Total Cost": 67505.8,
                          "Plan Rows": 102,
                          "Plan Width": 68,
                          "Group Key": [
                            "store_1.s_store_sk"
                          ],
                          "Plans": [
                            {
                              "Node Type": "Gather Merge",
                              "Parent Relationship": "Outer",
                              "Parallel Aware": false,
                              "Async Capable": false,
                              "Startup Cost": 67464.0,
                              "Total Cost": 67501.72,
                              "Plan Rows": 204,
                              "Plan Width": 68,
                              "Workers Planned": 2,
                              "Plans": [
                                {
                                  "Node Type": "Aggregate",
                                  "Strategy": "Sorted",
                                  "Partial Mode": "Partial",
                                  "Parent Relationship": "Outer",
                                  "Parallel Aware": false,
                                  "Async Capable": false,
                                  "Startup Cost": 66463.97,
                                  "Total Cost": 66478.15,
                                  "Plan Rows": 102,
                                  "Plan Width": 68,
                                  "Group Key": [
                                    "store_1.s_store_sk"
                                  ],
                                  "Plans": [
                                    {
                                      "Node Type": "Merge Join",
                                      "Parent Relationship": "Outer",
                                      "Parallel Aware": false,
                                      "Async Capable": false,
                                      "Join Type": "Inner",
                                      "Startup Cost": 66463.97,
                                      "Total Cost": 66473.17,
                                      "Plan Rows": 460,
                                      "Plan Width": 16,
                                      "Inner Unique": false,
                                      "Merge Cond": "(store_returns.sr_store_sk = store_1.s_store_sk)",
                                      "Plans": [
                                        {
                                          "Node Type": "Sort",
                                          "Parent Relationship": "Outer",
                                          "Parallel Aware": false,
                                          "Async Capable": false,
                                          "Startup Cost": 66454.55,
                                          "Total Cost": 66455.74,
                                          "Plan Rows": 476,
                                          "Plan Width": 16,
                                          "Sort Key": [
                                            "store_returns.sr_store_sk"
                                          ],
                                          "Plans": [
                                            {
                                              "Node Type": "Hash Join",
                                              "Parent Relationship": "Outer",
                                              "Parallel Aware": true,
                                              "Async Capable": false,
                                              "Join Type": "Inner",
                                              "Startup Cost": 2049.78,
                                              "Total Cost": 66433.38,
                                              "Plan Rows": 476,
                                              "Plan Width": 16,
                                              "Inner Unique": false,
                                              "Hash Cond": "(store_returns.sr_returned_date_sk = date_dim_1.d_date_sk)",
                                              "Plans": [
                                                {
                                                  "Node Type": "Seq Scan",
                                                  "Parent Relationship": "Outer",
                                                  "Parallel Aware": true,
                                                  "Async Capable": false,
                                                  "Relation Name": "store_returns",
                                                  "Alias": "store_returns",
                                                  "Startup Cost": 0.0,
                                                  "Total Cost": 59887.64,
                                                  "Plan Rows": 1198164,
                                                  "Plan Width": 20,
                                                  "parent": 21,
                                                  "ID": 22
                                                },
                                                {
                                                  "Node Type": "Hash",
                                                  "Parent Relationship": "Inner",
                                                  "Parallel Aware": true,
                                                  "Async Capable": false,
                                                  "Startup Cost": 2049.55,
                                                  "Total Cost": 2049.55,
                                                  "Plan Rows": 18,
                                                  "Plan Width": 4,
                                                  "Plans": [
                                                    {
                                                      "Node Type": "Seq Scan",
                                                      "Parent Relationship": "Outer",
                                                      "Parallel Aware": true,
                                                      "Async Capable": false,
                                                      "Relation Name": "date_dim",
                                                      "Alias": "date_dim_1",
                                                      "Startup Cost": 0.0,
                                                      "Total Cost": 2049.55,
                                                      "Plan Rows": 18,
                                                      "Plan Width": 4,
                                                      "Filter": "((d_date >= '1999-08-14'::date) AND (d_date <= '1999-09-13 00:00:00'::timestamp without time zone))",
                                                      "parent": 23,
                                                      "ID": 24
                                                    }
                                                  ],
                                                  "parent": 21,
                                                  "ID": 23,
                                                  "left": 24
                                                }
                                              ],
                                              "parent": 20,
                                              "ID": 21,
                                              "left": 22,
                                              "right": 23
                                            }
                                          ],
                                          "parent": 19,
                                          "ID": 20,
                                          "left": 21
                                        },
                                        {
                                          "Node Type": "Sort",
                                          "Parent Relationship": "Inner",
                                          "Parallel Aware": false,
                                          "Async Capable": false,
                                          "Startup Cost": 9.42,
                                          "Total Cost": 9.68,
                                          "Plan Rows": 102,
                                          "Plan Width": 4,
                                          "Sort Key": [
                                            "store_1.s_store_sk"
                                          ],
                                          "Plans": [
                                            {
                                              "Node Type": "Seq Scan",
                                              "Parent Relationship": "Outer",
                                              "Parallel Aware": false,
                                              "Async Capable": false,
                                              "Relation Name": "store",
                                              "Alias": "store_1",
                                              "Startup Cost": 0.0,
                                              "Total Cost": 6.02,
                                              "Plan Rows": 102,
                                              "Plan Width": 4,
                                              "parent": 25,
                                              "ID": 26
                                            }
                                          ],
                                          "parent": 19,
                                          "ID": 25,
                                          "left": 26
                                        }
                                      ],
                                      "parent": 18,
                                      "ID": 19,
                                      "left": 20,
                                      "right": 25
                                    }
                                  ],
                                  "parent": 17,
                                  "ID": 18,
                                  "left": 19
                                }
                              ],
                              "parent": 16,
                              "ID": 17,
                              "left": 18
                            }
                          ],
                          "parent": 4,
                          "ID": 16,
                          "left": 17
                        }
                      ],
                      "parent": 3,
                      "ID": 4,
                      "left": 5,
                      "right": 16
                    },
                    {
                      "Node Type": "Nested Loop",
                      "Parent Relationship": "Member",
                      "Parallel Aware": false,
                      "Async Capable": false,
                      "Join Type": "Inner",
                      "Startup Cost": 499452.25,
                      "Total Cost": 499502.11,
                      "Plan Rows": 576,
                      "Plan Width": 132,
                      "Inner Unique": false,
                      "Plans": [
                        {
                          "Node Type": "Aggregate",
                          "Strategy": "Sorted",
                          "Partial Mode": "Finalize",
                          "Parent Relationship": "Outer",
                          "Parallel Aware": false,
                          "Async Capable": false,
                          "Startup Cost": 459392.64,
                          "Total Cost": 459424.0,
                          "Plan Rows": 24,
                          "Plan Width": 68,
                          "Group Key": [
                            "catalog_sales.cs_call_center_sk"
                          ],
                          "Plans": [
                            {
                              "Node Type": "Gather Merge",
                              "Parent Relationship": "Outer",
                              "Parallel Aware": false,
                              "Async Capable": false,
                              "Startup Cost": 459392.64,
                              "Total Cost": 459423.04,
                              "Plan Rows": 48,
                              "Plan Width": 68,
                              "Workers Planned": 2,
                              "Plans": [
                                {
                                  "Node Type": "Aggregate",
                                  "Strategy": "Sorted",
                                  "Partial Mode": "Partial",
                                  "Parent Relationship": "Outer",
                                  "Parallel Aware": false,
                                  "Async Capable": false,
                                  "Startup Cost": 458392.62,
                                  "Total Cost": 458417.48,
                                  "Plan Rows": 24,
                                  "Plan Width": 68,
                                  "Group Key": [
                                    "catalog_sales.cs_call_center_sk"
                                  ],
                                  "Plans": [
                                    {
                                      "Node Type": "Sort",
                                      "Parent Relationship": "Outer",
                                      "Parallel Aware": false,
                                      "Async Capable": false,
                                      "Startup Cost": 458392.62,
                                      "Total Cost": 458398.74,
                                      "Plan Rows": 2450,
                                      "Plan Width": 16,
                                      "Sort Key": [
                                        "catalog_sales.cs_call_center_sk"
                                      ],
                                      "Plans": [
                                        {
                                          "Node Type": "Hash Join",
                                          "Parent Relationship": "Outer",
                                          "Parallel Aware": true,
                                          "Async Capable": false,
                                          "Join Type": "Inner",
                                          "Startup Cost": 2049.78,
                                          "Total Cost": 458254.7,
                                          "Plan Rows": 2450,
                                          "Plan Width": 16,
                                          "Inner Unique": false,
                                          "Hash Cond": "(catalog_sales.cs_sold_date_sk = date_dim_2.d_date_sk)",
                                          "Plans": [
                                            {
                                              "Node Type": "Seq Scan",
                                              "Parent Relationship": "Outer",
                                              "Parallel Aware": true,
                                              "Async Capable": false,
                                              "Relation Name": "catalog_sales",
                                              "Alias": "catalog_sales",
                                              "Startup Cost": 0.0,
                                              "Total Cost": 433688.25,
                                              "Plan Rows": 6000525,
                                              "Plan Width": 20,
                                              "parent": 32,
                                              "ID": 33
                                            },
                                            {
                                              "Node Type": "Hash",
                                              "Parent Relationship": "Inner",
                                              "Parallel Aware": true,
                                              "Async Capable": false,
                                              "Startup Cost": 2049.55,
                                              "Total Cost": 2049.55,
                                              "Plan Rows": 18,
                                              "Plan Width": 4,
                                              "Plans": [
                                                {
                                                  "Node Type": "Seq Scan",
                                                  "Parent Relationship": "Outer",
                                                  "Parallel Aware": true,
                                                  "Async Capable": false,
                                                  "Relation Name": "date_dim",
                                                  "Alias": "date_dim_2",
                                                  "Startup Cost": 0.0,
                                                  "Total Cost": 2049.55,
                                                  "Plan Rows": 18,
                                                  "Plan Width": 4,
                                                  "Filter": "((d_date >= '1999-08-14'::date) AND (d_date <= '1999-09-13 00:00:00'::timestamp without time zone))",
                                                  "parent": 34,
                                                  "ID": 35
                                                }
                                              ],
                                              "parent": 32,
                                              "ID": 34,
                                              "left": 35
                                            }
                                          ],
                                          "parent": 31,
                                          "ID": 32,
                                          "left": 33,
                                          "right": 34
                                        }
                                      ],
                                      "parent": 30,
                                      "ID": 31,
                                      "left": 32
                                    }
                                  ],
                                  "parent": 29,
                                  "ID": 30,
                                  "left": 31
                                }
                              ],
                              "parent": 28,
                              "ID": 29,
                              "left": 30
                            }
                          ],
                          "parent": 27,
                          "ID": 28,
                          "left": 29
                        },
                        {
                          "Node Type": "Materialize",
                          "Parent Relationship": "Inner",
                          "Parallel Aware": false,
                          "Async Capable": false,
                          "Startup Cost": 40059.61,
                          "Total Cost": 40069.29,
                          "Plan Rows": 24,
                          "Plan Width": 64,
                          "Plans": [
                            {
                              "Node Type": "Subquery Scan",
                              "Parent Relationship": "Outer",
                              "Parallel Aware": false,
                              "Async Capable": false,
                              "Alias": "cr",
                              "Startup Cost": 40059.61,
                              "Total Cost": 40069.17,
                              "Plan Rows": 24,
                              "Plan Width": 64,
                              "Plans": [
                                {
                                  "Node Type": "Aggregate",
                                  "Strategy": "Sorted",
                                  "Partial Mode": "Finalize",
                                  "Parent Relationship": "Subquery",
                                  "Parallel Aware": false,
                                  "Async Capable": false,
                                  "Startup Cost": 40059.61,
                                  "Total Cost": 40068.93,
                                  "Plan Rows": 24,
                                  "Plan Width": 68,
                                  "Group Key": [
                                    "catalog_returns.cr_call_center_sk"
                                  ],
                                  "Plans": [
                                    {
                                      "Node Type": "Gather Merge",
                                      "Parent Relationship": "Outer",
                                      "Parallel Aware": false,
                                      "Async Capable": false,
                                      "Startup Cost": 40059.61,
                                      "Total Cost": 40067.97,
                                      "Plan Rows": 48,
                                      "Plan Width": 68,
                                      "Workers Planned": 2,
                                      "Plans": [
                                        {
                                          "Node Type": "Aggregate",
                                          "Strategy": "Sorted",
                                          "Partial Mode": "Partial",
                                          "Parent Relationship": "Outer",
                                          "Parallel Aware": false,
                                          "Async Capable": false,
                                          "Startup Cost": 39059.58,
                                          "Total Cost": 39062.4,
                                          "Plan Rows": 24,
                                          "Plan Width": 68,
                                          "Group Key": [
                                            "catalog_returns.cr_call_center_sk"
                                          ],
                                          "Plans": [
                                            {
                                              "Node Type": "Sort",
                                              "Parent Relationship": "Outer",
                                              "Parallel Aware": false,
                                              "Async Capable": false,
                                              "Startup Cost": 39059.58,
                                              "Total Cost": 39060.2,
                                              "Plan Rows": 246,
                                              "Plan Width": 16,
                                              "Sort Key": [
                                                "catalog_returns.cr_call_center_sk"
                                              ],
                                              "Plans": [
                                                {
                                                  "Node Type": "Hash Join",
                                                  "Parent Relationship": "Outer",
                                                  "Parallel Aware": true,
                                                  "Async Capable": false,
                                                  "Join Type": "Inner",
                                                  "Startup Cost": 2049.78,
                                                  "Total Cost": 39049.82,
                                                  "Plan Rows": 246,
                                                  "Plan Width": 16,
                                                  "Inner Unique": false,
                                                  "Hash Cond": "(catalog_returns.cr_returned_date_sk = date_dim_3.d_date_sk)",
                                                  "Plans": [
                                                    {
                                                      "Node Type": "Seq Scan",
                                                      "Parent Relationship": "Outer",
                                                      "Parallel Aware": true,
                                                      "Async Capable": false,
                                                      "Relation Name": "catalog_returns",
                                                      "Alias": "catalog_returns",
                                                      "Startup Cost": 0.0,
                                                      "Total Cost": 34748.95,
                                                      "Plan Rows": 599895,
                                                      "Plan Width": 20,
                                                      "parent": 42,
                                                      "ID": 43
                                                    },
                                                    {
                                                      "Node Type": "Hash",
                                                      "Parent Relationship": "Inner",
                                                      "Parallel Aware": true,
                                                      "Async Capable": false,
                                                      "Startup Cost": 2049.55,
                                                      "Total Cost": 2049.55,
                                                      "Plan Rows": 18,
                                                      "Plan Width": 4,
                                                      "Plans": [
                                                        {
                                                          "Node Type": "Seq Scan",
                                                          "Parent Relationship": "Outer",
                                                          "Parallel Aware": true,
                                                          "Async Capable": false,
                                                          "Relation Name": "date_dim",
                                                          "Alias": "date_dim_3",
                                                          "Startup Cost": 0.0,
                                                          "Total Cost": 2049.55,
                                                          "Plan Rows": 18,
                                                          "Plan Width": 4,
                                                          "Filter": "((d_date >= '1999-08-14'::date) AND (d_date <= '1999-09-13 00:00:00'::timestamp without time zone))",
                                                          "parent": 44,
                                                          "ID": 45
                                                        }
                                                      ],
                                                      "parent": 42,
                                                      "ID": 44,
                                                      "left": 45
                                                    }
                                                  ],
                                                  "parent": 41,
                                                  "ID": 42,
                                                  "left": 43,
                                                  "right": 44
                                                }
                                              ],
                                              "parent": 40,
                                              "ID": 41,
                                              "left": 42
                                            }
                                          ],
                                          "parent": 39,
                                          "ID": 40,
                                          "left": 41
                                        }
                                      ],
                                      "parent": 38,
                                      "ID": 39,
                                      "left": 40
                                    }
                                  ],
                                  "parent": 37,
                                  "ID": 38,
                                  "left": 39
                                }
                              ],
                              "parent": 36,
                              "ID": 37,
                              "left": 38
                            }
                          ],
                          "parent": 27,
                          "ID": 36,
                          "left": 37
                        }
                      ],
                      "parent": 3,
                      "ID": 27,
                      "left": 28,
                      "right": 36
                    },
                    {
                      "Node Type": "Merge Join",
                      "Parent Relationship": "Member",
                      "Parallel Aware": false,
                      "Async Capable": false,
                      "Join Type": "Left",
                      "Startup Cost": 252590.79,
                      "Total Cost": 252726.18,
                      "Plan Rows": 200,
                      "Plan Width": 132,
                      "Inner Unique": true,
                      "Merge Cond": "(web_page.wp_web_page_sk = web_page_1.wp_web_page_sk)",
                      "Plans": [
                        {
                          "Node Type": "Aggregate",
                          "Strategy": "Sorted",
                          "Partial Mode": "Finalize",
                          "Parent Relationship": "Outer",
                          "Parallel Aware": false,
                          "Async Capable": false,
                          "Startup Cost": 232119.07,
                          "Total Cost": 232210.1,
                          "Plan Rows": 200,
                          "Plan Width": 68,
                          "Group Key": [
                            "web_page.wp_web_page_sk"
                          ],
                          "Plans": [
                            {
                              "Node Type": "Gather Merge",
                              "Parent Relationship": "Outer",
                              "Parallel Aware": false,
                              "Async Capable": false,
                              "Startup Cost": 232119.07,
                              "Total Cost": 232202.1,
                              "Plan Rows": 400,
                              "Plan Width": 68,
                              "Workers Planned": 2,
                              "Plans": [
                                {
                                  "Node Type": "Aggregate",
                                  "Strategy": "Sorted",
                                  "Partial Mode": "Partial",
                                  "Parent Relationship": "Outer",
                                  "Parallel Aware": false,
                                  "Async Capable": false,
                                  "Startup Cost": 231119.05,
                                  "Total Cost": 231155.9,
                                  "Plan Rows": 200,
                                  "Plan Width": 68,
                                  "Group Key": [
                                    "web_page.wp_web_page_sk"
                                  ],
                                  "Plans": [
                                    {
                                      "Node Type": "Merge Join",
                                      "Parent Relationship": "Outer",
                                      "Parallel Aware": false,
                                      "Async Capable": false,
                                      "Join Type": "Inner",
                                      "Startup Cost": 231119.05,
                                      "Total Cost": 231143.67,
                                      "Plan Rows": 1231,
                                      "Plan Width": 16,
                                      "Inner Unique": false,
                                      "Merge Cond": "(web_sales.ws_web_page_sk = web_page.wp_web_page_sk)",
                                      "Plans": [
                                        {
                                          "Node Type": "Sort",
                                          "Parent Relationship": "Outer",
                                          "Parallel Aware": false,
                                          "Async Capable": false,
                                          "Startup Cost": 231104.41,
                                          "Total Cost": 231107.48,
                                          "Plan Rows": 1231,
                                          "Plan Width": 16,
                                          "Sort Key": [
                                            "web_sales.ws_web_page_sk"
                                          ],
                                          "Plans": [
                                            {
                                              "Node Type": "Hash Join",
                                              "Parent Relationship": "Outer",
                                              "Parallel Aware": true,
                                              "Async Capable": false,
                                              "Join Type": "Inner",
                                              "Startup Cost": 2049.78,
                                              "Total Cost": 231041.22,
                                              "Plan Rows": 1231,
                                              "Plan Width": 16,
                                              "Inner Unique": false,
                                              "Hash Cond": "(web_sales.ws_sold_date_sk = date_dim_4.d_date_sk)",
                                              "Plans": [
                                                {
                                                  "Node Type": "Seq Scan",
                                                  "Parent Relationship": "Outer",
                                                  "Parallel Aware": true,
                                                  "Async Capable": false,
                                                  "Relation Name": "web_sales",
                                                  "Alias": "web_sales",
                                                  "Startup Cost": 0.0,
                                                  "Total Cost": 217737.86,
                                                  "Plan Rows": 2998986,
                                                  "Plan Width": 20,
                                                  "parent": 52,
                                                  "ID": 53
                                                },
                                                {
                                                  "Node Type": "Hash",
                                                  "Parent Relationship": "Inner",
                                                  "Parallel Aware": true,
                                                  "Async Capable": false,
                                                  "Startup Cost": 2049.55,
                                                  "Total Cost": 2049.55,
                                                  "Plan Rows": 18,
                                                  "Plan Width": 4,
                                                  "Plans": [
                                                    {
                                                      "Node Type": "Seq Scan",
                                                      "Parent Relationship": "Outer",
                                                      "Parallel Aware": true,
                                                      "Async Capable": false,
                                                      "Relation Name": "date_dim",
                                                      "Alias": "date_dim_4",
                                                      "Startup Cost": 0.0,
                                                      "Total Cost": 2049.55,
                                                      "Plan Rows": 18,
                                                      "Plan Width": 4,
                                                      "Filter": "((d_date >= '1999-08-14'::date) AND (d_date <= '1999-09-13 00:00:00'::timestamp without time zone))",
                                                      "parent": 54,
                                                      "ID": 55
                                                    }
                                                  ],
                                                  "parent": 52,
                                                  "ID": 54,
                                                  "left": 55
                                                }
                                              ],
                                              "parent": 51,
                                              "ID": 52,
                                              "left": 53,
                                              "right": 54
                                            }
                                          ],
                                          "parent": 50,
                                          "ID": 51,
                                          "left": 52
                                        },
                                        {
                                          "Node Type": "Sort",
                                          "Parent Relationship": "Inner",
                                          "Parallel Aware": false,
                                          "Async Capable": false,
                                          "Startup Cost": 14.64,
                                          "Total Cost": 15.14,
                                          "Plan Rows": 200,
                                          "Plan Width": 4,
                                          "Sort Key": [
                                            "web_page.wp_web_page_sk"
                                          ],
                                          "Plans": [
                                            {
                                              "Node Type": "Seq Scan",
                                              "Parent Relationship": "Outer",
                                              "Parallel Aware": false,
                                              "Async Capable": false,
                                              "Relation Name": "web_page",
                                              "Alias": "web_page",
                                              "Startup Cost": 0.0,
                                              "Total Cost": 7.0,
                                              "Plan Rows": 200,
                                              "Plan Width": 4,
                                              "parent": 56,
                                              "ID": 57
                                            }
                                          ],
                                          "parent": 50,
                                          "ID": 56,
                                          "left": 57
                                        }
                                      ],
                                      "parent": 49,
                                      "ID": 50,
                                      "left": 51,
                                      "right": 56
                                    }
                                  ],
                                  "parent": 48,
                                  "ID": 49,
                                  "left": 50
                                }
                              ],
                              "parent": 47,
                              "ID": 48,
                              "left": 49
                            }
                          ],
                          "parent": 46,
                          "ID": 47,
                          "left": 48
                        },
                        {
                          "Node Type": "Aggregate",
                          "Strategy": "Sorted",
                          "Partial Mode": "Finalize",
                          "Parent Relationship": "Inner",
                          "Parallel Aware": false,
                          "Async Capable": false,
                          "Startup Cost": 20471.72,
                          "Total Cost": 20508.59,
                          "Plan Rows": 200,
                          "Plan Width": 68,
                          "Group Key": [
                            "web_page_1.wp_web_page_sk"
                          ],
                          "Plans": [
                            {
                              "Node Type": "Gather Merge",
                              "Parent Relationship": "Outer",
                              "Parallel Aware": false,
                              "Async Capable": false,
                              "Startup Cost": 20471.72,
                              "Total Cost": 20502.79,
                              "Plan Rows": 224,
                              "Plan Width": 68,
                              "Workers Planned": 2,
                              "Plans": [
                                {
                                  "Node Type": "Aggregate",
                                  "Strategy": "Sorted",
                                  "Partial Mode": "Partial",
                                  "Parent Relationship": "Outer",
                                  "Parallel Aware": false,
                                  "Async Capable": false,
                                  "Startup Cost": 19471.69,
                                  "Total Cost": 19476.91,
                                  "Plan Rows": 112,
                                  "Plan Width": 68,
                                  "Group Key": [
                                    "web_page_1.wp_web_page_sk"
                                  ],
                                  "Plans": [
                                    {
                                      "Node Type": "Merge Join",
                                      "Parent Relationship": "Outer",
                                      "Parallel Aware": false,
                                      "Async Capable": false,
                                      "Join Type": "Inner",
                                      "Startup Cost": 19471.69,
                                      "Total Cost": 19474.39,
                                      "Plan Rows": 112,
                                      "Plan Width": 16,
                                      "Inner Unique": false,
                                      "Merge Cond": "(web_returns.wr_web_page_sk = web_page_1.wp_web_page_sk)",
                                      "Plans": [
                                        {
                                          "Node Type": "Sort",
                                          "Parent Relationship": "Outer",
                                          "Parallel Aware": false,
                                          "Async Capable": false,
                                          "Startup Cost": 19457.05,
                                          "Total Cost": 19457.35,
                                          "Plan Rows": 118,
                                          "Plan Width": 16,
                                          "Sort Key": [
                                            "web_returns.wr_web_page_sk"
                                          ],
                                          "Plans": [
                                            {
                                              "Node Type": "Hash Join",
                                              "Parent Relationship": "Outer",
                                              "Parallel Aware": true,
                                              "Async Capable": false,
                                              "Join Type": "Inner",
                                              "Startup Cost": 2049.78,
                                              "Total Cost": 19452.99,
                                              "Plan Rows": 118,
                                              "Plan Width": 16,
                                              "Inner Unique": false,
                                              "Hash Cond": "(web_returns.wr_returned_date_sk = date_dim_5.d_date_sk)",
                                              "Plans": [
                                                {
                                                  "Node Type": "Seq Scan",
                                                  "Parent Relationship": "Outer",
                                                  "Parallel Aware": true,
                                                  "Async Capable": false,
                                                  "Relation Name": "web_returns",
                                                  "Alias": "web_returns",
                                                  "Startup Cost": 0.0,
                                                  "Total Cost": 16278.74,
                                                  "Plan Rows": 299674,
                                                  "Plan Width": 20,
                                                  "parent": 63,
                                                  "ID": 64
                                                },
                                                {
                                                  "Node Type": "Hash",
                                                  "Parent Relationship": "Inner",
                                                  "Parallel Aware": true,
                                                  "Async Capable": false,
                                                  "Startup Cost": 2049.55,
                                                  "Total Cost": 2049.55,
                                                  "Plan Rows": 18,
                                                  "Plan Width": 4,
                                                  "Plans": [
                                                    {
                                                      "Node Type": "Seq Scan",
                                                      "Parent Relationship": "Outer",
                                                      "Parallel Aware": true,
                                                      "Async Capable": false,
                                                      "Relation Name": "date_dim",
                                                      "Alias": "date_dim_5",
                                                      "Startup Cost": 0.0,
                                                      "Total Cost": 2049.55,
                                                      "Plan Rows": 18,
                                                      "Plan Width": 4,
                                                      "Filter": "((d_date >= '1999-08-14'::date) AND (d_date <= '1999-09-13 00:00:00'::timestamp without time zone))",
                                                      "parent": 65,
                                                      "ID": 66
                                                    }
                                                  ],
                                                  "parent": 63,
                                                  "ID": 65,
                                                  "left": 66
                                                }
                                              ],
                                              "parent": 62,
                                              "ID": 63,
                                              "left": 64,
                                              "right": 65
                                            }
                                          ],
                                          "parent": 61,
                                          "ID": 62,
                                          "left": 63
                                        },
                                        {
                                          "Node Type": "Sort",
                                          "Parent Relationship": "Inner",
                                          "Parallel Aware": false,
                                          "Async Capable": false,
                                          "Startup Cost": 14.64,
                                          "Total Cost": 15.14,
                                          "Plan Rows": 200,
                                          "Plan Width": 4,
                                          "Sort Key": [
                                            "web_page_1.wp_web_page_sk"
                                          ],
                                          "Plans": [
                                            {
                                              "Node Type": "Seq Scan",
                                              "Parent Relationship": "Outer",
                                              "Parallel Aware": false,
                                              "Async Capable": false,
                                              "Relation Name": "web_page",
                                              "Alias": "web_page_1",
                                              "Startup Cost": 0.0,
                                              "Total Cost": 7.0,
                                              "Plan Rows": 200,
                                              "Plan Width": 4,
                                              "parent": 67,
                                              "ID": 68
                                            }
                                          ],
                                          "parent": 61,
                                          "ID": 67,
                                          "left": 68
                                        }
                                      ],
                                      "parent": 60,
                                      "ID": 61,
                                      "left": 62,
                                      "right": 67
                                    }
                                  ],
                                  "parent": 59,
                                  "ID": 60,
                                  "left": 61
                                }
                              ],
                              "parent": 58,
                              "ID": 59,
                              "left": 60
                            }
                          ],
                          "parent": 46,
                          "ID": 58,
                          "left": 59
                        }
                      ],
                      "parent": 3,
                      "ID": 46,
                      "left": 47,
                      "right": 58
                    }
                  ],
                  "parent": 2,
                  "ID": 3,
                  "left": 4,
                  "right": 27
                }
              ],
              "parent": 1,
              "ID": 2,
              "left": 3
            }
          ],
          "parent": 0,
          "ID": 1,
          "left": 2
        }
      ],
      "parent": null,
      "ID": 0,
      "left": 1
    },
    "feat": {
      "utility": 0.0,
      "query_shape": [
        [
          "Seq Scan",
          "Hash Join",
          "Sort",
          "Merge Join",
          "Aggregate",
          "Gather Merge",
          "Append"
        ],
        [
          "Seq Scan",
          "Hash",
          "Hash Join",
          "Sort",
          "Merge Join",
          "Aggregate",
          "Gather Merge",
          "Append"
        ],
        [
          "Seq Scan",
          "Sort",
          "Merge Join",
          "Aggregate",
          "Gather Merge",
          "Append"
        ],
        [
          "Seq Scan",
          "Hash Join",
          "Sort",
          "Merge Join",
          "Aggregate",
          "Gather Merge",
          "Append"
        ],
        [
          "Seq Scan",
          "Hash",
          "Hash Join",
          "Sort",
          "Merge Join",
          "Aggregate",
          "Gather Merge",
          "Append"
        ],
        [
          "Seq Scan",
          "Sort",
          "Merge Join",
          "Aggregate",
          "Gather Merge",
          "Append"
        ],
        [
          "Seq Scan",
          "Hash Join",
          "Sort",
          "Aggregate",
          "Gather Merge",
          "Nested Loop",
          "Append"
        ],
        [
          "Seq Scan",
          "Hash",
          "Hash Join",
          "Sort",
          "Aggregate",
          "Gather Merge",
          "Nested Loop",
          "Append"
        ],
        [
          "Seq Scan",
          "Hash Join",
          "Sort",
          "Aggregate",
          "Gather Merge",
          "Subquery Scan",
          "Materialize",
          "Nested Loop",
          "Append"
        ],
        [
          "Seq Scan",
          "Hash",
          "Hash Join",
          "Sort",
          "Aggregate",
          "Gather Merge",
          "Subquery Scan",
          "Materialize",
          "Nested Loop",
          "Append"
        ],
        [
          "Seq Scan",
          "Hash Join",
          "Sort",
          "Merge Join",
          "Aggregate",
          "Gather Merge",
          "Append"
        ],
        [
          "Seq Scan",
          "Hash",
          "Hash Join",
          "Sort",
          "Merge Join",
          "Aggregate",
          "Gather Merge",
          "Append"
        ],
        [
          "Seq Scan",
          "Sort",
          "Merge Join",
          "Aggregate",
          "Gather Merge",
          "Append"
        ],
        [
          "Seq Scan",
          "Hash Join",
          "Sort",
          "Merge Join",
          "Aggregate",
          "Gather Merge",
          "Append"
        ],
        [
          "Seq Scan",
          "Hash",
          "Hash Join",
          "Sort",
          "Merge Join",
          "Aggregate",
          "Gather Merge",
          "Append"
        ],
        [
          "Seq Scan",
          "Sort",
          "Merge Join",
          "Aggregate",
          "Gather Merge",
          "Append"
        ]
      ],
      "index_shape": [
        "order-by"
      ],
      "physical_operator": {
        "Sort": [
          "[ 1.  1.  1.  1.  1.  2.  2.  3.  3.  4.  5.  5.  6.  7.  7.  7.  7.  8.\n  8.  8.  9. 10. 10. 11. 11. 12. 13. 13. 13. 13. 14. 14. 15. 15. 16. 17.\n 17. 18. 19. 19. 19. 19. 20. 20. 20. 21. 22. 22. 23. 23. 24.]"
        ],
        "Aggregate": [
          "[ 1.  1.  1.  1.  1.  2.  2.  3.  3.  4.  5.  5.  6.  7.  7.  7.  7.  8.\n  8.  8.  9. 10. 10. 11. 11. 12. 13. 13. 13. 13. 14. 14. 15. 15. 16. 17.\n 17. 18. 19. 19. 19. 19. 20. 20. 20. 21. 22. 22. 23. 23. 24.]",
          "[ 1.  1.  1.  1.  1.  2.  2.  3.  3.  4.  5.  5.  6.  7.  7.  7.  7.  8.\n  8.  8.  9. 10. 10. 11. 11. 12. 13. 13. 13. 13. 14. 14. 15. 15. 16. 17.\n 17. 18. 19. 19. 19. 19. 20. 20. 20. 21. 22. 22. 23. 23. 24.]"
        ]
      }
    }
  },
  {
    "query": "with ss as\n (select s_store_sk,\n         sum(ss_ext_sales_price) as sales,\n         sum(ss_net_profit) as profit\n from store_sales,\n      date_dim,\n      store\n where ss_sold_date_sk = d_date_sk\n       and d_date between cast('1999-08-14' as date) \n                  and (cast('1999-08-14' as date) +  interval '30 days') \n       and ss_store_sk = s_store_sk\n group by s_store_sk)\n ,\n sr as\n (select s_store_sk,\n         sum(sr_return_amt) as returns,\n         sum(sr_net_loss) as profit_loss\n from store_returns,\n      date_dim,\n      store\n where sr_returned_date_sk = d_date_sk\n       and d_date between cast('1999-08-14' as date)\n                  and (cast('1999-08-14' as date) +  interval '30 days')\n       and sr_store_sk = s_store_sk\n group by s_store_sk), \n cs as\n (select cs_call_center_sk,\n        sum(cs_ext_sales_price) as sales,\n        sum(cs_net_profit) as profit\n from catalog_sales,\n      date_dim\n where cs_sold_date_sk = d_date_sk\n       and d_date between cast('1999-08-14' as date)\n                  and (cast('1999-08-14' as date) +  interval '30 days')\n group by cs_call_center_sk \n ), \n cr as\n (select cr_call_center_sk,\n         sum(cr_return_amount) as returns,\n         sum(cr_net_loss) as profit_loss\n from catalog_returns,\n      date_dim\n where cr_returned_date_sk = d_date_sk\n       and d_date between cast('1999-08-14' as date)\n                  and (cast('1999-08-14' as date) +  interval '30 days')\n group by cr_call_center_sk\n ), \n ws as\n ( select wp_web_page_sk,\n        sum(ws_ext_sales_price) as sales,\n        sum(ws_net_profit) as profit\n from web_sales,\n      date_dim,\n      web_page\n where ws_sold_date_sk = d_date_sk\n       and d_date between cast('1999-08-14' as date)\n                  and (cast('1999-08-14' as date) +  interval '30 days')\n       and ws_web_page_sk = wp_web_page_sk\n group by wp_web_page_sk), \n wr as\n (select wp_web_page_sk,\n        sum(wr_return_amt) as returns,\n        sum(wr_net_loss) as profit_loss\n from web_returns,\n      date_dim,\n      web_page\n where wr_returned_date_sk = d_date_sk\n       and d_date between cast('1999-08-14' as date)\n                  and (cast('1999-08-14' as date) +  interval '30 days')\n       and wr_web_page_sk = wp_web_page_sk\n group by wp_web_page_sk)\n  select  channel\n        , id\n        , sum(sales) as sales\n        , sum(returns) as returns\n        , sum(profit) as profit\n from \n (select 'store channel' as channel\n        , ss.s_store_sk as id\n        , sales\n        , coalesce(returns, 0) as returns\n        , (profit - coalesce(profit_loss,0)) as profit\n from   ss left join sr\n        on  ss.s_store_sk = sr.s_store_sk\n union all\n select 'catalog channel' as channel\n        , cs_call_center_sk as id\n        , sales\n        , returns\n        , (profit - profit_loss) as profit\n from  cs\n       , cr\n union all\n select 'web channel' as channel\n        , ws.wp_web_page_sk as id\n        , sales\n        , coalesce(returns, 0) as returns\n        , (profit - coalesce(profit_loss,0)) as profit\n from   ws left join wr\n        on  ws.wp_web_page_sk = wr.wp_web_page_sk\n ) x\n group by rollup (channel, id)\n order by channel\n         ,id\n limit 100;\n\n-- end query 58 in stream 0 using template query77.tpl\n",
    "indexes": "catalog_returns.cr_return_amount",
    "wo plan est": {
      "Node Type": "Limit",
      "Parallel Aware": false,
      "Async Capable": false,
      "Startup Cost": 1505243.45,
      "Total Cost": 1505243.7,
      "Plan Rows": 100,
      "Plan Width": 132,
      "Plans": [
        {
          "Node Type": "Sort",
          "Parent Relationship": "Outer",
          "Parallel Aware": false,
          "Async Capable": false,
          "Startup Cost": 1505243.45,
          "Total Cost": 1505244.45,
          "Plan Rows": 401,
          "Plan Width": 132,
          "Sort Key": [
            "('store channel'::text)",
            "store.s_store_sk"
          ],
          "Plans": [
            {
              "Node Type": "Aggregate",
              "Strategy": "Mixed",
              "Partial Mode": "Simple",
              "Parent Relationship": "Outer",
              "Parallel Aware": false,
              "Async Capable": false,
              "Startup Cost": 752755.06,
              "Total Cost": 1505228.12,
              "Plan Rows": 401,
              "Plan Width": 132,
              "Grouping Sets": [
                {
                  "Hash Keys": [
                    [
                      "('store channel'::text)",
                      "store.s_store_sk"
                    ]
                  ]
                },
                {
                  "Hash Keys": [
                    [
                      "('store channel'::text)"
                    ]
                  ]
                },
                {
                  "Group Keys": [
                    []
                  ]
                }
              ],
              "Planned Partitions": 0,
              "Plans": [
                {
                  "Node Type": "Append",
                  "Parent Relationship": "Outer",
                  "Parallel Aware": false,
                  "Async Capable": false,
                  "Startup Cost": 752755.06,
                  "Total Cost": 1505194.76,
                  "Plan Rows": 878,
                  "Plan Width": 132,
                  "Subplans Removed": 0,
                  "Plans": [
                    {
                      "Node Type": "Merge Join",
                      "Parent Relationship": "Member",
                      "Parallel Aware": false,
                      "Async Capable": false,
                      "Join Type": "Left",
                      "Startup Cost": 752755.06,
                      "Total Cost": 752953.3,
                      "Plan Rows": 102,
                      "Plan Width": 132,
                      "Inner Unique": true,
                      "Merge Cond": "(store.s_store_sk = store_1.s_store_sk)",
                      "Plans": [
                        {
                          "Node Type": "Aggregate",
                          "Strategy": "Sorted",
                          "Partial Mode": "Finalize",
                          "Parent Relationship": "Outer",
                          "Parallel Aware": false,
                          "Async Capable": false,
                          "Startup Cost": 685291.07,
                          "Total Cost": 685443.67,
                          "Plan Rows": 102,
                          "Plan Width": 68,
                          "Group Key": [
                            "store.s_store_sk"
                          ],
                          "Plans": [
                            {
                              "Node Type": "Gather Merge",
                              "Parent Relationship": "Outer",
                              "Parallel Aware": false,
                              "Async Capable": false,
                              "Startup Cost": 685291.07,
                              "Total Cost": 685439.59,
                              "Plan Rows": 204,
                              "Plan Width": 68,
                              "Workers Planned": 2,
                              "Plans": [
                                {
                                  "Node Type": "Aggregate",
                                  "Strategy": "Sorted",
                                  "Partial Mode": "Partial",
                                  "Parent Relationship": "Outer",
                                  "Parallel Aware": false,
                                  "Async Capable": false,
                                  "Startup Cost": 684291.04,
                                  "Total Cost": 684416.02,
                                  "Plan Rows": 102,
                                  "Plan Width": 68,
                                  "Group Key": [
                                    "store.s_store_sk"
                                  ],
                                  "Plans": [
                                    {
                                      "Node Type": "Merge Join",
                                      "Parent Relationship": "Outer",
                                      "Parallel Aware": false,
                                      "Async Capable": false,
                                      "Join Type": "Inner",
                                      "Startup Cost": 684291.04,
                                      "Total Cost": 684380.82,
                                      "Plan Rows": 4489,
                                      "Plan Width": 16,
                                      "Inner Unique": false,
                                      "Merge Cond": "(store_sales.ss_store_sk = store.s_store_sk)",
                                      "Plans": [
                                        {
                                          "Node Type": "Sort",
                                          "Parent Relationship": "Outer",
                                          "Parallel Aware": false,
                                          "Async Capable": false,
                                          "Startup Cost": 684281.62,
                                          "Total Cost": 684293.38,
                                          "Plan Rows": 4703,
                                          "Plan Width": 16,
                                          "Sort Key": [
                                            "store_sales.ss_store_sk"
                                          ],
                                          "Plans": [
                                            {
                                              "Node Type": "Hash Join",
                                              "Parent Relationship": "Outer",
                                              "Parallel Aware": true,
                                              "Async Capable": false,
                                              "Join Type": "Inner",
                                              "Startup Cost": 2049.78,
                                              "Total Cost": 683994.75,
                                              "Plan Rows": 4703,
                                              "Plan Width": 16,
                                              "Inner Unique": false,
                                              "Hash Cond": "(store_sales.ss_sold_date_sk = date_dim.d_date_sk)",
                                              "Plans": [
                                                {
                                                  "Node Type": "Seq Scan",
                                                  "Parent Relationship": "Outer",
                                                  "Parallel Aware": true,
                                                  "Async Capable": false,
                                                  "Relation Name": "store_sales",
                                                  "Alias": "store_sales",
                                                  "Startup Cost": 0.0,
                                                  "Total Cost": 636914.37,
                                                  "Plan Rows": 12000637,
                                                  "Plan Width": 20,
                                                  "parent": 10,
                                                  "ID": 11
                                                },
                                                {
                                                  "Node Type": "Hash",
                                                  "Parent Relationship": "Inner",
                                                  "Parallel Aware": true,
                                                  "Async Capable": false,
                                                  "Startup Cost": 2049.55,
                                                  "Total Cost": 2049.55,
                                                  "Plan Rows": 18,
                                                  "Plan Width": 4,
                                                  "Plans": [
                                                    {
                                                      "Node Type": "Seq Scan",
                                                      "Parent Relationship": "Outer",
                                                      "Parallel Aware": true,
                                                      "Async Capable": false,
                                                      "Relation Name": "date_dim",
                                                      "Alias": "date_dim",
                                                      "Startup Cost": 0.0,
                                                      "Total Cost": 2049.55,
                                                      "Plan Rows": 18,
                                                      "Plan Width": 4,
                                                      "Filter": "((d_date >= '1999-08-14'::date) AND (d_date <= '1999-09-13 00:00:00'::timestamp without time zone))",
                                                      "parent": 12,
                                                      "ID": 13
                                                    }
                                                  ],
                                                  "parent": 10,
                                                  "ID": 12,
                                                  "left": 13
                                                }
                                              ],
                                              "parent": 9,
                                              "ID": 10,
                                              "left": 11,
                                              "right": 12
                                            }
                                          ],
                                          "parent": 8,
                                          "ID": 9,
                                          "left": 10
                                        },
                                        {
                                          "Node Type": "Sort",
                                          "Parent Relationship": "Inner",
                                          "Parallel Aware": false,
                                          "Async Capable": false,
                                          "Startup Cost": 9.42,
                                          "Total Cost": 9.68,
                                          "Plan Rows": 102,
                                          "Plan Width": 4,
                                          "Sort Key": [
                                            "store.s_store_sk"
                                          ],
                                          "Plans": [
                                            {
                                              "Node Type": "Seq Scan",
                                              "Parent Relationship": "Outer",
                                              "Parallel Aware": false,
                                              "Async Capable": false,
                                              "Relation Name": "store",
                                              "Alias": "store",
                                              "Startup Cost": 0.0,
                                              "Total Cost": 6.02,
                                              "Plan Rows": 102,
                                              "Plan Width": 4,
                                              "parent": 14,
                                              "ID": 15
                                            }
                                          ],
                                          "parent": 8,
                                          "ID": 14,
                                          "left": 15
                                        }
                                      ],
                                      "parent": 7,
                                      "ID": 8,
                                      "left": 9,
                                      "right": 14
                                    }
                                  ],
                                  "parent": 6,
                                  "ID": 7,
                                  "left": 8
                                }
                              ],
                              "parent": 5,
                              "ID": 6,
                              "left": 7
                            }
                          ],
                          "parent": 4,
                          "ID": 5,
                          "left": 6
                        },
                        {
                          "Node Type": "Aggregate",
                          "Strategy": "Sorted",
                          "Partial Mode": "Finalize",
                          "Parent Relationship": "Inner",
                          "Parallel Aware": false,
                          "Async Capable": false,
                          "Startup Cost": 67464.0,
                          "Total Cost": 67505.8,
                          "Plan Rows": 102,
                          "Plan Width": 68,
                          "Group Key": [
                            "store_1.s_store_sk"
                          ],
                          "Plans": [
                            {
                              "Node Type": "Gather Merge",
                              "Parent Relationship": "Outer",
                              "Parallel Aware": false,
                              "Async Capable": false,
                              "Startup Cost": 67464.0,
                              "Total Cost": 67501.72,
                              "Plan Rows": 204,
                              "Plan Width": 68,
                              "Workers Planned": 2,
                              "Plans": [
                                {
                                  "Node Type": "Aggregate",
                                  "Strategy": "Sorted",
                                  "Partial Mode": "Partial",
                                  "Parent Relationship": "Outer",
                                  "Parallel Aware": false,
                                  "Async Capable": false,
                                  "Startup Cost": 66463.97,
                                  "Total Cost": 66478.15,
                                  "Plan Rows": 102,
                                  "Plan Width": 68,
                                  "Group Key": [
                                    "store_1.s_store_sk"
                                  ],
                                  "Plans": [
                                    {
                                      "Node Type": "Merge Join",
                                      "Parent Relationship": "Outer",
                                      "Parallel Aware": false,
                                      "Async Capable": false,
                                      "Join Type": "Inner",
                                      "Startup Cost": 66463.97,
                                      "Total Cost": 66473.17,
                                      "Plan Rows": 460,
                                      "Plan Width": 16,
                                      "Inner Unique": false,
                                      "Merge Cond": "(store_returns.sr_store_sk = store_1.s_store_sk)",
                                      "Plans": [
                                        {
                                          "Node Type": "Sort",
                                          "Parent Relationship": "Outer",
                                          "Parallel Aware": false,
                                          "Async Capable": false,
                                          "Startup Cost": 66454.55,
                                          "Total Cost": 66455.74,
                                          "Plan Rows": 476,
                                          "Plan Width": 16,
                                          "Sort Key": [
                                            "store_returns.sr_store_sk"
                                          ],
                                          "Plans": [
                                            {
                                              "Node Type": "Hash Join",
                                              "Parent Relationship": "Outer",
                                              "Parallel Aware": true,
                                              "Async Capable": false,
                                              "Join Type": "Inner",
                                              "Startup Cost": 2049.78,
                                              "Total Cost": 66433.38,
                                              "Plan Rows": 476,
                                              "Plan Width": 16,
                                              "Inner Unique": false,
                                              "Hash Cond": "(store_returns.sr_returned_date_sk = date_dim_1.d_date_sk)",
                                              "Plans": [
                                                {
                                                  "Node Type": "Seq Scan",
                                                  "Parent Relationship": "Outer",
                                                  "Parallel Aware": true,
                                                  "Async Capable": false,
                                                  "Relation Name": "store_returns",
                                                  "Alias": "store_returns",
                                                  "Startup Cost": 0.0,
                                                  "Total Cost": 59887.64,
                                                  "Plan Rows": 1198164,
                                                  "Plan Width": 20,
                                                  "parent": 21,
                                                  "ID": 22
                                                },
                                                {
                                                  "Node Type": "Hash",
                                                  "Parent Relationship": "Inner",
                                                  "Parallel Aware": true,
                                                  "Async Capable": false,
                                                  "Startup Cost": 2049.55,
                                                  "Total Cost": 2049.55,
                                                  "Plan Rows": 18,
                                                  "Plan Width": 4,
                                                  "Plans": [
                                                    {
                                                      "Node Type": "Seq Scan",
                                                      "Parent Relationship": "Outer",
                                                      "Parallel Aware": true,
                                                      "Async Capable": false,
                                                      "Relation Name": "date_dim",
                                                      "Alias": "date_dim_1",
                                                      "Startup Cost": 0.0,
                                                      "Total Cost": 2049.55,
                                                      "Plan Rows": 18,
                                                      "Plan Width": 4,
                                                      "Filter": "((d_date >= '1999-08-14'::date) AND (d_date <= '1999-09-13 00:00:00'::timestamp without time zone))",
                                                      "parent": 23,
                                                      "ID": 24
                                                    }
                                                  ],
                                                  "parent": 21,
                                                  "ID": 23,
                                                  "left": 24
                                                }
                                              ],
                                              "parent": 20,
                                              "ID": 21,
                                              "left": 22,
                                              "right": 23
                                            }
                                          ],
                                          "parent": 19,
                                          "ID": 20,
                                          "left": 21
                                        },
                                        {
                                          "Node Type": "Sort",
                                          "Parent Relationship": "Inner",
                                          "Parallel Aware": false,
                                          "Async Capable": false,
                                          "Startup Cost": 9.42,
                                          "Total Cost": 9.68,
                                          "Plan Rows": 102,
                                          "Plan Width": 4,
                                          "Sort Key": [
                                            "store_1.s_store_sk"
                                          ],
                                          "Plans": [
                                            {
                                              "Node Type": "Seq Scan",
                                              "Parent Relationship": "Outer",
                                              "Parallel Aware": false,
                                              "Async Capable": false,
                                              "Relation Name": "store",
                                              "Alias": "store_1",
                                              "Startup Cost": 0.0,
                                              "Total Cost": 6.02,
                                              "Plan Rows": 102,
                                              "Plan Width": 4,
                                              "parent": 25,
                                              "ID": 26
                                            }
                                          ],
                                          "parent": 19,
                                          "ID": 25,
                                          "left": 26
                                        }
                                      ],
                                      "parent": 18,
                                      "ID": 19,
                                      "left": 20,
                                      "right": 25
                                    }
                                  ],
                                  "parent": 17,
                                  "ID": 18,
                                  "left": 19
                                }
                              ],
                              "parent": 16,
                              "ID": 17,
                              "left": 18
                            }
                          ],
                          "parent": 4,
                          "ID": 16,
                          "left": 17
                        }
                      ],
                      "parent": 3,
                      "ID": 4,
                      "left": 5,
                      "right": 16
                    },
                    {
                      "Node Type": "Nested Loop",
                      "Parent Relationship": "Member",
                      "Parallel Aware": false,
                      "Async Capable": false,
                      "Join Type": "Inner",
                      "Startup Cost": 499452.25,
                      "Total Cost": 499502.11,
                      "Plan Rows": 576,
                      "Plan Width": 132,
                      "Inner Unique": false,
                      "Plans": [
                        {
                          "Node Type": "Aggregate",
                          "Strategy": "Sorted",
                          "Partial Mode": "Finalize",
                          "Parent Relationship": "Outer",
                          "Parallel Aware": false,
                          "Async Capable": false,
                          "Startup Cost": 459392.64,
                          "Total Cost": 459424.0,
                          "Plan Rows": 24,
                          "Plan Width": 68,
                          "Group Key": [
                            "catalog_sales.cs_call_center_sk"
                          ],
                          "Plans": [
                            {
                              "Node Type": "Gather Merge",
                              "Parent Relationship": "Outer",
                              "Parallel Aware": false,
                              "Async Capable": false,
                              "Startup Cost": 459392.64,
                              "Total Cost": 459423.04,
                              "Plan Rows": 48,
                              "Plan Width": 68,
                              "Workers Planned": 2,
                              "Plans": [
                                {
                                  "Node Type": "Aggregate",
                                  "Strategy": "Sorted",
                                  "Partial Mode": "Partial",
                                  "Parent Relationship": "Outer",
                                  "Parallel Aware": false,
                                  "Async Capable": false,
                                  "Startup Cost": 458392.62,
                                  "Total Cost": 458417.48,
                                  "Plan Rows": 24,
                                  "Plan Width": 68,
                                  "Group Key": [
                                    "catalog_sales.cs_call_center_sk"
                                  ],
                                  "Plans": [
                                    {
                                      "Node Type": "Sort",
                                      "Parent Relationship": "Outer",
                                      "Parallel Aware": false,
                                      "Async Capable": false,
                                      "Startup Cost": 458392.62,
                                      "Total Cost": 458398.74,
                                      "Plan Rows": 2450,
                                      "Plan Width": 16,
                                      "Sort Key": [
                                        "catalog_sales.cs_call_center_sk"
                                      ],
                                      "Plans": [
                                        {
                                          "Node Type": "Hash Join",
                                          "Parent Relationship": "Outer",
                                          "Parallel Aware": true,
                                          "Async Capable": false,
                                          "Join Type": "Inner",
                                          "Startup Cost": 2049.78,
                                          "Total Cost": 458254.7,
                                          "Plan Rows": 2450,
                                          "Plan Width": 16,
                                          "Inner Unique": false,
                                          "Hash Cond": "(catalog_sales.cs_sold_date_sk = date_dim_2.d_date_sk)",
                                          "Plans": [
                                            {
                                              "Node Type": "Seq Scan",
                                              "Parent Relationship": "Outer",
                                              "Parallel Aware": true,
                                              "Async Capable": false,
                                              "Relation Name": "catalog_sales",
                                              "Alias": "catalog_sales",
                                              "Startup Cost": 0.0,
                                              "Total Cost": 433688.25,
                                              "Plan Rows": 6000525,
                                              "Plan Width": 20,
                                              "parent": 32,
                                              "ID": 33
                                            },
                                            {
                                              "Node Type": "Hash",
                                              "Parent Relationship": "Inner",
                                              "Parallel Aware": true,
                                              "Async Capable": false,
                                              "Startup Cost": 2049.55,
                                              "Total Cost": 2049.55,
                                              "Plan Rows": 18,
                                              "Plan Width": 4,
                                              "Plans": [
                                                {
                                                  "Node Type": "Seq Scan",
                                                  "Parent Relationship": "Outer",
                                                  "Parallel Aware": true,
                                                  "Async Capable": false,
                                                  "Relation Name": "date_dim",
                                                  "Alias": "date_dim_2",
                                                  "Startup Cost": 0.0,
                                                  "Total Cost": 2049.55,
                                                  "Plan Rows": 18,
                                                  "Plan Width": 4,
                                                  "Filter": "((d_date >= '1999-08-14'::date) AND (d_date <= '1999-09-13 00:00:00'::timestamp without time zone))",
                                                  "parent": 34,
                                                  "ID": 35
                                                }
                                              ],
                                              "parent": 32,
                                              "ID": 34,
                                              "left": 35
                                            }
                                          ],
                                          "parent": 31,
                                          "ID": 32,
                                          "left": 33,
                                          "right": 34
                                        }
                                      ],
                                      "parent": 30,
                                      "ID": 31,
                                      "left": 32
                                    }
                                  ],
                                  "parent": 29,
                                  "ID": 30,
                                  "left": 31
                                }
                              ],
                              "parent": 28,
                              "ID": 29,
                              "left": 30
                            }
                          ],
                          "parent": 27,
                          "ID": 28,
                          "left": 29
                        },
                        {
                          "Node Type": "Materialize",
                          "Parent Relationship": "Inner",
                          "Parallel Aware": false,
                          "Async Capable": false,
                          "Startup Cost": 40059.61,
                          "Total Cost": 40069.29,
                          "Plan Rows": 24,
                          "Plan Width": 64,
                          "Plans": [
                            {
                              "Node Type": "Subquery Scan",
                              "Parent Relationship": "Outer",
                              "Parallel Aware": false,
                              "Async Capable": false,
                              "Alias": "cr",
                              "Startup Cost": 40059.61,
                              "Total Cost": 40069.17,
                              "Plan Rows": 24,
                              "Plan Width": 64,
                              "Plans": [
                                {
                                  "Node Type": "Aggregate",
                                  "Strategy": "Sorted",
                                  "Partial Mode": "Finalize",
                                  "Parent Relationship": "Subquery",
                                  "Parallel Aware": false,
                                  "Async Capable": false,
                                  "Startup Cost": 40059.61,
                                  "Total Cost": 40068.93,
                                  "Plan Rows": 24,
                                  "Plan Width": 68,
                                  "Group Key": [
                                    "catalog_returns.cr_call_center_sk"
                                  ],
                                  "Plans": [
                                    {
                                      "Node Type": "Gather Merge",
                                      "Parent Relationship": "Outer",
                                      "Parallel Aware": false,
                                      "Async Capable": false,
                                      "Startup Cost": 40059.61,
                                      "Total Cost": 40067.97,
                                      "Plan Rows": 48,
                                      "Plan Width": 68,
                                      "Workers Planned": 2,
                                      "Plans": [
                                        {
                                          "Node Type": "Aggregate",
                                          "Strategy": "Sorted",
                                          "Partial Mode": "Partial",
                                          "Parent Relationship": "Outer",
                                          "Parallel Aware": false,
                                          "Async Capable": false,
                                          "Startup Cost": 39059.58,
                                          "Total Cost": 39062.4,
                                          "Plan Rows": 24,
                                          "Plan Width": 68,
                                          "Group Key": [
                                            "catalog_returns.cr_call_center_sk"
                                          ],
                                          "Plans": [
                                            {
                                              "Node Type": "Sort",
                                              "Parent Relationship": "Outer",
                                              "Parallel Aware": false,
                                              "Async Capable": false,
                                              "Startup Cost": 39059.58,
                                              "Total Cost": 39060.2,
                                              "Plan Rows": 246,
                                              "Plan Width": 16,
                                              "Sort Key": [
                                                "catalog_returns.cr_call_center_sk"
                                              ],
                                              "Plans": [
                                                {
                                                  "Node Type": "Hash Join",
                                                  "Parent Relationship": "Outer",
                                                  "Parallel Aware": true,
                                                  "Async Capable": false,
                                                  "Join Type": "Inner",
                                                  "Startup Cost": 2049.78,
                                                  "Total Cost": 39049.82,
                                                  "Plan Rows": 246,
                                                  "Plan Width": 16,
                                                  "Inner Unique": false,
                                                  "Hash Cond": "(catalog_returns.cr_returned_date_sk = date_dim_3.d_date_sk)",
                                                  "Plans": [
                                                    {
                                                      "Node Type": "Seq Scan",
                                                      "Parent Relationship": "Outer",
                                                      "Parallel Aware": true,
                                                      "Async Capable": false,
                                                      "Relation Name": "catalog_returns",
                                                      "Alias": "catalog_returns",
                                                      "Startup Cost": 0.0,
                                                      "Total Cost": 34748.95,
                                                      "Plan Rows": 599895,
                                                      "Plan Width": 20,
                                                      "parent": 42,
                                                      "ID": 43
                                                    },
                                                    {
                                                      "Node Type": "Hash",
                                                      "Parent Relationship": "Inner",
                                                      "Parallel Aware": true,
                                                      "Async Capable": false,
                                                      "Startup Cost": 2049.55,
                                                      "Total Cost": 2049.55,
                                                      "Plan Rows": 18,
                                                      "Plan Width": 4,
                                                      "Plans": [
                                                        {
                                                          "Node Type": "Seq Scan",
                                                          "Parent Relationship": "Outer",
                                                          "Parallel Aware": true,
                                                          "Async Capable": false,
                                                          "Relation Name": "date_dim",
                                                          "Alias": "date_dim_3",
                                                          "Startup Cost": 0.0,
                                                          "Total Cost": 2049.55,
                                                          "Plan Rows": 18,
                                                          "Plan Width": 4,
                                                          "Filter": "((d_date >= '1999-08-14'::date) AND (d_date <= '1999-09-13 00:00:00'::timestamp without time zone))",
                                                          "parent": 44,
                                                          "ID": 45
                                                        }
                                                      ],
                                                      "parent": 42,
                                                      "ID": 44,
                                                      "left": 45
                                                    }
                                                  ],
                                                  "parent": 41,
                                                  "ID": 42,
                                                  "left": 43,
                                                  "right": 44
                                                }
                                              ],
                                              "parent": 40,
                                              "ID": 41,
                                              "left": 42
                                            }
                                          ],
                                          "parent": 39,
                                          "ID": 40,
                                          "left": 41
                                        }
                                      ],
                                      "parent": 38,
                                      "ID": 39,
                                      "left": 40
                                    }
                                  ],
                                  "parent": 37,
                                  "ID": 38,
                                  "left": 39
                                }
                              ],
                              "parent": 36,
                              "ID": 37,
                              "left": 38
                            }
                          ],
                          "parent": 27,
                          "ID": 36,
                          "left": 37
                        }
                      ],
                      "parent": 3,
                      "ID": 27,
                      "left": 28,
                      "right": 36
                    },
                    {
                      "Node Type": "Merge Join",
                      "Parent Relationship": "Member",
                      "Parallel Aware": false,
                      "Async Capable": false,
                      "Join Type": "Left",
                      "Startup Cost": 252590.79,
                      "Total Cost": 252726.18,
                      "Plan Rows": 200,
                      "Plan Width": 132,
                      "Inner Unique": true,
                      "Merge Cond": "(web_page.wp_web_page_sk = web_page_1.wp_web_page_sk)",
                      "Plans": [
                        {
                          "Node Type": "Aggregate",
                          "Strategy": "Sorted",
                          "Partial Mode": "Finalize",
                          "Parent Relationship": "Outer",
                          "Parallel Aware": false,
                          "Async Capable": false,
                          "Startup Cost": 232119.07,
                          "Total Cost": 232210.1,
                          "Plan Rows": 200,
                          "Plan Width": 68,
                          "Group Key": [
                            "web_page.wp_web_page_sk"
                          ],
                          "Plans": [
                            {
                              "Node Type": "Gather Merge",
                              "Parent Relationship": "Outer",
                              "Parallel Aware": false,
                              "Async Capable": false,
                              "Startup Cost": 232119.07,
                              "Total Cost": 232202.1,
                              "Plan Rows": 400,
                              "Plan Width": 68,
                              "Workers Planned": 2,
                              "Plans": [
                                {
                                  "Node Type": "Aggregate",
                                  "Strategy": "Sorted",
                                  "Partial Mode": "Partial",
                                  "Parent Relationship": "Outer",
                                  "Parallel Aware": false,
                                  "Async Capable": false,
                                  "Startup Cost": 231119.05,
                                  "Total Cost": 231155.9,
                                  "Plan Rows": 200,
                                  "Plan Width": 68,
                                  "Group Key": [
                                    "web_page.wp_web_page_sk"
                                  ],
                                  "Plans": [
                                    {
                                      "Node Type": "Merge Join",
                                      "Parent Relationship": "Outer",
                                      "Parallel Aware": false,
                                      "Async Capable": false,
                                      "Join Type": "Inner",
                                      "Startup Cost": 231119.05,
                                      "Total Cost": 231143.67,
                                      "Plan Rows": 1231,
                                      "Plan Width": 16,
                                      "Inner Unique": false,
                                      "Merge Cond": "(web_sales.ws_web_page_sk = web_page.wp_web_page_sk)",
                                      "Plans": [
                                        {
                                          "Node Type": "Sort",
                                          "Parent Relationship": "Outer",
                                          "Parallel Aware": false,
                                          "Async Capable": false,
                                          "Startup Cost": 231104.41,
                                          "Total Cost": 231107.48,
                                          "Plan Rows": 1231,
                                          "Plan Width": 16,
                                          "Sort Key": [
                                            "web_sales.ws_web_page_sk"
                                          ],
                                          "Plans": [
                                            {
                                              "Node Type": "Hash Join",
                                              "Parent Relationship": "Outer",
                                              "Parallel Aware": true,
                                              "Async Capable": false,
                                              "Join Type": "Inner",
                                              "Startup Cost": 2049.78,
                                              "Total Cost": 231041.22,
                                              "Plan Rows": 1231,
                                              "Plan Width": 16,
                                              "Inner Unique": false,
                                              "Hash Cond": "(web_sales.ws_sold_date_sk = date_dim_4.d_date_sk)",
                                              "Plans": [
                                                {
                                                  "Node Type": "Seq Scan",
                                                  "Parent Relationship": "Outer",
                                                  "Parallel Aware": true,
                                                  "Async Capable": false,
                                                  "Relation Name": "web_sales",
                                                  "Alias": "web_sales",
                                                  "Startup Cost": 0.0,
                                                  "Total Cost": 217737.86,
                                                  "Plan Rows": 2998986,
                                                  "Plan Width": 20,
                                                  "parent": 52,
                                                  "ID": 53
                                                },
                                                {
                                                  "Node Type": "Hash",
                                                  "Parent Relationship": "Inner",
                                                  "Parallel Aware": true,
                                                  "Async Capable": false,
                                                  "Startup Cost": 2049.55,
                                                  "Total Cost": 2049.55,
                                                  "Plan Rows": 18,
                                                  "Plan Width": 4,
                                                  "Plans": [
                                                    {
                                                      "Node Type": "Seq Scan",
                                                      "Parent Relationship": "Outer",
                                                      "Parallel Aware": true,
                                                      "Async Capable": false,
                                                      "Relation Name": "date_dim",
                                                      "Alias": "date_dim_4",
                                                      "Startup Cost": 0.0,
                                                      "Total Cost": 2049.55,
                                                      "Plan Rows": 18,
                                                      "Plan Width": 4,
                                                      "Filter": "((d_date >= '1999-08-14'::date) AND (d_date <= '1999-09-13 00:00:00'::timestamp without time zone))",
                                                      "parent": 54,
                                                      "ID": 55
                                                    }
                                                  ],
                                                  "parent": 52,
                                                  "ID": 54,
                                                  "left": 55
                                                }
                                              ],
                                              "parent": 51,
                                              "ID": 52,
                                              "left": 53,
                                              "right": 54
                                            }
                                          ],
                                          "parent": 50,
                                          "ID": 51,
                                          "left": 52
                                        },
                                        {
                                          "Node Type": "Sort",
                                          "Parent Relationship": "Inner",
                                          "Parallel Aware": false,
                                          "Async Capable": false,
                                          "Startup Cost": 14.64,
                                          "Total Cost": 15.14,
                                          "Plan Rows": 200,
                                          "Plan Width": 4,
                                          "Sort Key": [
                                            "web_page.wp_web_page_sk"
                                          ],
                                          "Plans": [
                                            {
                                              "Node Type": "Seq Scan",
                                              "Parent Relationship": "Outer",
                                              "Parallel Aware": false,
                                              "Async Capable": false,
                                              "Relation Name": "web_page",
                                              "Alias": "web_page",
                                              "Startup Cost": 0.0,
                                              "Total Cost": 7.0,
                                              "Plan Rows": 200,
                                              "Plan Width": 4,
                                              "parent": 56,
                                              "ID": 57
                                            }
                                          ],
                                          "parent": 50,
                                          "ID": 56,
                                          "left": 57
                                        }
                                      ],
                                      "parent": 49,
                                      "ID": 50,
                                      "left": 51,
                                      "right": 56
                                    }
                                  ],
                                  "parent": 48,
                                  "ID": 49,
                                  "left": 50
                                }
                              ],
                              "parent": 47,
                              "ID": 48,
                              "left": 49
                            }
                          ],
                          "parent": 46,
                          "ID": 47,
                          "left": 48
                        },
                        {
                          "Node Type": "Aggregate",
                          "Strategy": "Sorted",
                          "Partial Mode": "Finalize",
                          "Parent Relationship": "Inner",
                          "Parallel Aware": false,
                          "Async Capable": false,
                          "Startup Cost": 20471.72,
                          "Total Cost": 20508.59,
                          "Plan Rows": 200,
                          "Plan Width": 68,
                          "Group Key": [
                            "web_page_1.wp_web_page_sk"
                          ],
                          "Plans": [
                            {
                              "Node Type": "Gather Merge",
                              "Parent Relationship": "Outer",
                              "Parallel Aware": false,
                              "Async Capable": false,
                              "Startup Cost": 20471.72,
                              "Total Cost": 20502.79,
                              "Plan Rows": 224,
                              "Plan Width": 68,
                              "Workers Planned": 2,
                              "Plans": [
                                {
                                  "Node Type": "Aggregate",
                                  "Strategy": "Sorted",
                                  "Partial Mode": "Partial",
                                  "Parent Relationship": "Outer",
                                  "Parallel Aware": false,
                                  "Async Capable": false,
                                  "Startup Cost": 19471.69,
                                  "Total Cost": 19476.91,
                                  "Plan Rows": 112,
                                  "Plan Width": 68,
                                  "Group Key": [
                                    "web_page_1.wp_web_page_sk"
                                  ],
                                  "Plans": [
                                    {
                                      "Node Type": "Merge Join",
                                      "Parent Relationship": "Outer",
                                      "Parallel Aware": false,
                                      "Async Capable": false,
                                      "Join Type": "Inner",
                                      "Startup Cost": 19471.69,
                                      "Total Cost": 19474.39,
                                      "Plan Rows": 112,
                                      "Plan Width": 16,
                                      "Inner Unique": false,
                                      "Merge Cond": "(web_returns.wr_web_page_sk = web_page_1.wp_web_page_sk)",
                                      "Plans": [
                                        {
                                          "Node Type": "Sort",
                                          "Parent Relationship": "Outer",
                                          "Parallel Aware": false,
                                          "Async Capable": false,
                                          "Startup Cost": 19457.05,
                                          "Total Cost": 19457.35,
                                          "Plan Rows": 118,
                                          "Plan Width": 16,
                                          "Sort Key": [
                                            "web_returns.wr_web_page_sk"
                                          ],
                                          "Plans": [
                                            {
                                              "Node Type": "Hash Join",
                                              "Parent Relationship": "Outer",
                                              "Parallel Aware": true,
                                              "Async Capable": false,
                                              "Join Type": "Inner",
                                              "Startup Cost": 2049.78,
                                              "Total Cost": 19452.99,
                                              "Plan Rows": 118,
                                              "Plan Width": 16,
                                              "Inner Unique": false,
                                              "Hash Cond": "(web_returns.wr_returned_date_sk = date_dim_5.d_date_sk)",
                                              "Plans": [
                                                {
                                                  "Node Type": "Seq Scan",
                                                  "Parent Relationship": "Outer",
                                                  "Parallel Aware": true,
                                                  "Async Capable": false,
                                                  "Relation Name": "web_returns",
                                                  "Alias": "web_returns",
                                                  "Startup Cost": 0.0,
                                                  "Total Cost": 16278.74,
                                                  "Plan Rows": 299674,
                                                  "Plan Width": 20,
                                                  "parent": 63,
                                                  "ID": 64
                                                },
                                                {
                                                  "Node Type": "Hash",
                                                  "Parent Relationship": "Inner",
                                                  "Parallel Aware": true,
                                                  "Async Capable": false,
                                                  "Startup Cost": 2049.55,
                                                  "Total Cost": 2049.55,
                                                  "Plan Rows": 18,
                                                  "Plan Width": 4,
                                                  "Plans": [
                                                    {
                                                      "Node Type": "Seq Scan",
                                                      "Parent Relationship": "Outer",
                                                      "Parallel Aware": true,
                                                      "Async Capable": false,
                                                      "Relation Name": "date_dim",
                                                      "Alias": "date_dim_5",
                                                      "Startup Cost": 0.0,
                                                      "Total Cost": 2049.55,
                                                      "Plan Rows": 18,
                                                      "Plan Width": 4,
                                                      "Filter": "((d_date >= '1999-08-14'::date) AND (d_date <= '1999-09-13 00:00:00'::timestamp without time zone))",
                                                      "parent": 65,
                                                      "ID": 66
                                                    }
                                                  ],
                                                  "parent": 63,
                                                  "ID": 65,
                                                  "left": 66
                                                }
                                              ],
                                              "parent": 62,
                                              "ID": 63,
                                              "left": 64,
                                              "right": 65
                                            }
                                          ],
                                          "parent": 61,
                                          "ID": 62,
                                          "left": 63
                                        },
                                        {
                                          "Node Type": "Sort",
                                          "Parent Relationship": "Inner",
                                          "Parallel Aware": false,
                                          "Async Capable": false,
                                          "Startup Cost": 14.64,
                                          "Total Cost": 15.14,
                                          "Plan Rows": 200,
                                          "Plan Width": 4,
                                          "Sort Key": [
                                            "web_page_1.wp_web_page_sk"
                                          ],
                                          "Plans": [
                                            {
                                              "Node Type": "Seq Scan",
                                              "Parent Relationship": "Outer",
                                              "Parallel Aware": false,
                                              "Async Capable": false,
                                              "Relation Name": "web_page",
                                              "Alias": "web_page_1",
                                              "Startup Cost": 0.0,
                                              "Total Cost": 7.0,
                                              "Plan Rows": 200,
                                              "Plan Width": 4,
                                              "parent": 67,
                                              "ID": 68
                                            }
                                          ],
                                          "parent": 61,
                                          "ID": 67,
                                          "left": 68
                                        }
                                      ],
                                      "parent": 60,
                                      "ID": 61,
                                      "left": 62,
                                      "right": 67
                                    }
                                  ],
                                  "parent": 59,
                                  "ID": 60,
                                  "left": 61
                                }
                              ],
                              "parent": 58,
                              "ID": 59,
                              "left": 60
                            }
                          ],
                          "parent": 46,
                          "ID": 58,
                          "left": 59
                        }
                      ],
                      "parent": 3,
                      "ID": 46,
                      "left": 47,
                      "right": 58
                    }
                  ],
                  "parent": 2,
                  "ID": 3,
                  "left": 4,
                  "right": 27
                }
              ],
              "parent": 1,
              "ID": 2,
              "left": 3
            }
          ],
          "parent": 0,
          "ID": 1,
          "left": 2
        }
      ],
      "parent": null,
      "ID": 0,
      "left": 1
    },
    "feat": {
      "utility": 0.0,
      "query_shape": [
        [
          "Seq Scan",
          "Hash Join",
          "Sort",
          "Merge Join",
          "Aggregate",
          "Gather Merge",
          "Append"
        ],
        [
          "Seq Scan",
          "Hash",
          "Hash Join",
          "Sort",
          "Merge Join",
          "Aggregate",
          "Gather Merge",
          "Append"
        ],
        [
          "Seq Scan",
          "Sort",
          "Merge Join",
          "Aggregate",
          "Gather Merge",
          "Append"
        ],
        [
          "Seq Scan",
          "Hash Join",
          "Sort",
          "Merge Join",
          "Aggregate",
          "Gather Merge",
          "Append"
        ],
        [
          "Seq Scan",
          "Hash",
          "Hash Join",
          "Sort",
          "Merge Join",
          "Aggregate",
          "Gather Merge",
          "Append"
        ],
        [
          "Seq Scan",
          "Sort",
          "Merge Join",
          "Aggregate",
          "Gather Merge",
          "Append"
        ],
        [
          "Seq Scan",
          "Hash Join",
          "Sort",
          "Aggregate",
          "Gather Merge",
          "Nested Loop",
          "Append"
        ],
        [
          "Seq Scan",
          "Hash",
          "Hash Join",
          "Sort",
          "Aggregate",
          "Gather Merge",
          "Nested Loop",
          "Append"
        ],
        [
          "Seq Scan",
          "Hash Join",
          "Sort",
          "Aggregate",
          "Gather Merge",
          "Subquery Scan",
          "Materialize",
          "Nested Loop",
          "Append"
        ],
        [
          "Seq Scan",
          "Hash",
          "Hash Join",
          "Sort",
          "Aggregate",
          "Gather Merge",
          "Subquery Scan",
          "Materialize",
          "Nested Loop",
          "Append"
        ],
        [
          "Seq Scan",
          "Hash Join",
          "Sort",
          "Merge Join",
          "Aggregate",
          "Gather Merge",
          "Append"
        ],
        [
          "Seq Scan",
          "Hash",
          "Hash Join",
          "Sort",
          "Merge Join",
          "Aggregate",
          "Gather Merge",
          "Append"
        ],
        [
          "Seq Scan",
          "Sort",
          "Merge Join",
          "Aggregate",
          "Gather Merge",
          "Append"
        ],
        [
          "Seq Scan",
          "Hash Join",
          "Sort",
          "Merge Join",
          "Aggregate",
          "Gather Merge",
          "Append"
        ],
        [
          "Seq Scan",
          "Hash",
          "Hash Join",
          "Sort",
          "Merge Join",
          "Aggregate",
          "Gather Merge",
          "Append"
        ],
        [
          "Seq Scan",
          "Sort",
          "Merge Join",
          "Aggregate",
          "Gather Merge",
          "Append"
        ]
      ],
      "index_shape": [],
      "physical_operator": {}
    }
  },
  {
    "query": "with ss as\n (select s_store_sk,\n         sum(ss_ext_sales_price) as sales,\n         sum(ss_net_profit) as profit\n from store_sales,\n      date_dim,\n      store\n where ss_sold_date_sk = d_date_sk\n       and d_date between cast('1999-08-14' as date) \n                  and (cast('1999-08-14' as date) +  interval '30 days') \n       and ss_store_sk = s_store_sk\n group by s_store_sk)\n ,\n sr as\n (select s_store_sk,\n         sum(sr_return_amt) as returns,\n         sum(sr_net_loss) as profit_loss\n from store_returns,\n      date_dim,\n      store\n where sr_returned_date_sk = d_date_sk\n       and d_date between cast('1999-08-14' as date)\n                  and (cast('1999-08-14' as date) +  interval '30 days')\n       and sr_store_sk = s_store_sk\n group by s_store_sk), \n cs as\n (select cs_call_center_sk,\n        sum(cs_ext_sales_price) as sales,\n        sum(cs_net_profit) as profit\n from catalog_sales,\n      date_dim\n where cs_sold_date_sk = d_date_sk\n       and d_date between cast('1999-08-14' as date)\n                  and (cast('1999-08-14' as date) +  interval '30 days')\n group by cs_call_center_sk \n ), \n cr as\n (select cr_call_center_sk,\n         sum(cr_return_amount) as returns,\n         sum(cr_net_loss) as profit_loss\n from catalog_returns,\n      date_dim\n where cr_returned_date_sk = d_date_sk\n       and d_date between cast('1999-08-14' as date)\n                  and (cast('1999-08-14' as date) +  interval '30 days')\n group by cr_call_center_sk\n ), \n ws as\n ( select wp_web_page_sk,\n        sum(ws_ext_sales_price) as sales,\n        sum(ws_net_profit) as profit\n from web_sales,\n      date_dim,\n      web_page\n where ws_sold_date_sk = d_date_sk\n       and d_date between cast('1999-08-14' as date)\n                  and (cast('1999-08-14' as date) +  interval '30 days')\n       and ws_web_page_sk = wp_web_page_sk\n group by wp_web_page_sk), \n wr as\n (select wp_web_page_sk,\n        sum(wr_return_amt) as returns,\n        sum(wr_net_loss) as profit_loss\n from web_returns,\n      date_dim,\n      web_page\n where wr_returned_date_sk = d_date_sk\n       and d_date between cast('1999-08-14' as date)\n                  and (cast('1999-08-14' as date) +  interval '30 days')\n       and wr_web_page_sk = wp_web_page_sk\n group by wp_web_page_sk)\n  select  channel\n        , id\n        , sum(sales) as sales\n        , sum(returns) as returns\n        , sum(profit) as profit\n from \n (select 'store channel' as channel\n        , ss.s_store_sk as id\n        , sales\n        , coalesce(returns, 0) as returns\n        , (profit - coalesce(profit_loss,0)) as profit\n from   ss left join sr\n        on  ss.s_store_sk = sr.s_store_sk\n union all\n select 'catalog channel' as channel\n        , cs_call_center_sk as id\n        , sales\n        , returns\n        , (profit - profit_loss) as profit\n from  cs\n       , cr\n union all\n select 'web channel' as channel\n        , ws.wp_web_page_sk as id\n        , sales\n        , coalesce(returns, 0) as returns\n        , (profit - coalesce(profit_loss,0)) as profit\n from   ws left join wr\n        on  ws.wp_web_page_sk = wr.wp_web_page_sk\n ) x\n group by rollup (channel, id)\n order by channel\n         ,id\n limit 100;\n\n-- end query 58 in stream 0 using template query77.tpl\n",
    "indexes": "catalog_returns.cr_net_loss",
    "wo plan est": {
      "Node Type": "Limit",
      "Parallel Aware": false,
      "Async Capable": false,
      "Startup Cost": 1505243.45,
      "Total Cost": 1505243.7,
      "Plan Rows": 100,
      "Plan Width": 132,
      "Plans": [
        {
          "Node Type": "Sort",
          "Parent Relationship": "Outer",
          "Parallel Aware": false,
          "Async Capable": false,
          "Startup Cost": 1505243.45,
          "Total Cost": 1505244.45,
          "Plan Rows": 401,
          "Plan Width": 132,
          "Sort Key": [
            "('store channel'::text)",
            "store.s_store_sk"
          ],
          "Plans": [
            {
              "Node Type": "Aggregate",
              "Strategy": "Mixed",
              "Partial Mode": "Simple",
              "Parent Relationship": "Outer",
              "Parallel Aware": false,
              "Async Capable": false,
              "Startup Cost": 752755.06,
              "Total Cost": 1505228.12,
              "Plan Rows": 401,
              "Plan Width": 132,
              "Grouping Sets": [
                {
                  "Hash Keys": [
                    [
                      "('store channel'::text)",
                      "store.s_store_sk"
                    ]
                  ]
                },
                {
                  "Hash Keys": [
                    [
                      "('store channel'::text)"
                    ]
                  ]
                },
                {
                  "Group Keys": [
                    []
                  ]
                }
              ],
              "Planned Partitions": 0,
              "Plans": [
                {
                  "Node Type": "Append",
                  "Parent Relationship": "Outer",
                  "Parallel Aware": false,
                  "Async Capable": false,
                  "Startup Cost": 752755.06,
                  "Total Cost": 1505194.76,
                  "Plan Rows": 878,
                  "Plan Width": 132,
                  "Subplans Removed": 0,
                  "Plans": [
                    {
                      "Node Type": "Merge Join",
                      "Parent Relationship": "Member",
                      "Parallel Aware": false,
                      "Async Capable": false,
                      "Join Type": "Left",
                      "Startup Cost": 752755.06,
                      "Total Cost": 752953.3,
                      "Plan Rows": 102,
                      "Plan Width": 132,
                      "Inner Unique": true,
                      "Merge Cond": "(store.s_store_sk = store_1.s_store_sk)",
                      "Plans": [
                        {
                          "Node Type": "Aggregate",
                          "Strategy": "Sorted",
                          "Partial Mode": "Finalize",
                          "Parent Relationship": "Outer",
                          "Parallel Aware": false,
                          "Async Capable": false,
                          "Startup Cost": 685291.07,
                          "Total Cost": 685443.67,
                          "Plan Rows": 102,
                          "Plan Width": 68,
                          "Group Key": [
                            "store.s_store_sk"
                          ],
                          "Plans": [
                            {
                              "Node Type": "Gather Merge",
                              "Parent Relationship": "Outer",
                              "Parallel Aware": false,
                              "Async Capable": false,
                              "Startup Cost": 685291.07,
                              "Total Cost": 685439.59,
                              "Plan Rows": 204,
                              "Plan Width": 68,
                              "Workers Planned": 2,
                              "Plans": [
                                {
                                  "Node Type": "Aggregate",
                                  "Strategy": "Sorted",
                                  "Partial Mode": "Partial",
                                  "Parent Relationship": "Outer",
                                  "Parallel Aware": false,
                                  "Async Capable": false,
                                  "Startup Cost": 684291.04,
                                  "Total Cost": 684416.02,
                                  "Plan Rows": 102,
                                  "Plan Width": 68,
                                  "Group Key": [
                                    "store.s_store_sk"
                                  ],
                                  "Plans": [
                                    {
                                      "Node Type": "Merge Join",
                                      "Parent Relationship": "Outer",
                                      "Parallel Aware": false,
                                      "Async Capable": false,
                                      "Join Type": "Inner",
                                      "Startup Cost": 684291.04,
                                      "Total Cost": 684380.82,
                                      "Plan Rows": 4489,
                                      "Plan Width": 16,
                                      "Inner Unique": false,
                                      "Merge Cond": "(store_sales.ss_store_sk = store.s_store_sk)",
                                      "Plans": [
                                        {
                                          "Node Type": "Sort",
                                          "Parent Relationship": "Outer",
                                          "Parallel Aware": false,
                                          "Async Capable": false,
                                          "Startup Cost": 684281.62,
                                          "Total Cost": 684293.38,
                                          "Plan Rows": 4703,
                                          "Plan Width": 16,
                                          "Sort Key": [
                                            "store_sales.ss_store_sk"
                                          ],
                                          "Plans": [
                                            {
                                              "Node Type": "Hash Join",
                                              "Parent Relationship": "Outer",
                                              "Parallel Aware": true,
                                              "Async Capable": false,
                                              "Join Type": "Inner",
                                              "Startup Cost": 2049.78,
                                              "Total Cost": 683994.75,
                                              "Plan Rows": 4703,
                                              "Plan Width": 16,
                                              "Inner Unique": false,
                                              "Hash Cond": "(store_sales.ss_sold_date_sk = date_dim.d_date_sk)",
                                              "Plans": [
                                                {
                                                  "Node Type": "Seq Scan",
                                                  "Parent Relationship": "Outer",
                                                  "Parallel Aware": true,
                                                  "Async Capable": false,
                                                  "Relation Name": "store_sales",
                                                  "Alias": "store_sales",
                                                  "Startup Cost": 0.0,
                                                  "Total Cost": 636914.37,
                                                  "Plan Rows": 12000637,
                                                  "Plan Width": 20,
                                                  "parent": 10,
                                                  "ID": 11
                                                },
                                                {
                                                  "Node Type": "Hash",
                                                  "Parent Relationship": "Inner",
                                                  "Parallel Aware": true,
                                                  "Async Capable": false,
                                                  "Startup Cost": 2049.55,
                                                  "Total Cost": 2049.55,
                                                  "Plan Rows": 18,
                                                  "Plan Width": 4,
                                                  "Plans": [
                                                    {
                                                      "Node Type": "Seq Scan",
                                                      "Parent Relationship": "Outer",
                                                      "Parallel Aware": true,
                                                      "Async Capable": false,
                                                      "Relation Name": "date_dim",
                                                      "Alias": "date_dim",
                                                      "Startup Cost": 0.0,
                                                      "Total Cost": 2049.55,
                                                      "Plan Rows": 18,
                                                      "Plan Width": 4,
                                                      "Filter": "((d_date >= '1999-08-14'::date) AND (d_date <= '1999-09-13 00:00:00'::timestamp without time zone))",
                                                      "parent": 12,
                                                      "ID": 13
                                                    }
                                                  ],
                                                  "parent": 10,
                                                  "ID": 12,
                                                  "left": 13
                                                }
                                              ],
                                              "parent": 9,
                                              "ID": 10,
                                              "left": 11,
                                              "right": 12
                                            }
                                          ],
                                          "parent": 8,
                                          "ID": 9,
                                          "left": 10
                                        },
                                        {
                                          "Node Type": "Sort",
                                          "Parent Relationship": "Inner",
                                          "Parallel Aware": false,
                                          "Async Capable": false,
                                          "Startup Cost": 9.42,
                                          "Total Cost": 9.68,
                                          "Plan Rows": 102,
                                          "Plan Width": 4,
                                          "Sort Key": [
                                            "store.s_store_sk"
                                          ],
                                          "Plans": [
                                            {
                                              "Node Type": "Seq Scan",
                                              "Parent Relationship": "Outer",
                                              "Parallel Aware": false,
                                              "Async Capable": false,
                                              "Relation Name": "store",
                                              "Alias": "store",
                                              "Startup Cost": 0.0,
                                              "Total Cost": 6.02,
                                              "Plan Rows": 102,
                                              "Plan Width": 4,
                                              "parent": 14,
                                              "ID": 15
                                            }
                                          ],
                                          "parent": 8,
                                          "ID": 14,
                                          "left": 15
                                        }
                                      ],
                                      "parent": 7,
                                      "ID": 8,
                                      "left": 9,
                                      "right": 14
                                    }
                                  ],
                                  "parent": 6,
                                  "ID": 7,
                                  "left": 8
                                }
                              ],
                              "parent": 5,
                              "ID": 6,
                              "left": 7
                            }
                          ],
                          "parent": 4,
                          "ID": 5,
                          "left": 6
                        },
                        {
                          "Node Type": "Aggregate",
                          "Strategy": "Sorted",
                          "Partial Mode": "Finalize",
                          "Parent Relationship": "Inner",
                          "Parallel Aware": false,
                          "Async Capable": false,
                          "Startup Cost": 67464.0,
                          "Total Cost": 67505.8,
                          "Plan Rows": 102,
                          "Plan Width": 68,
                          "Group Key": [
                            "store_1.s_store_sk"
                          ],
                          "Plans": [
                            {
                              "Node Type": "Gather Merge",
                              "Parent Relationship": "Outer",
                              "Parallel Aware": false,
                              "Async Capable": false,
                              "Startup Cost": 67464.0,
                              "Total Cost": 67501.72,
                              "Plan Rows": 204,
                              "Plan Width": 68,
                              "Workers Planned": 2,
                              "Plans": [
                                {
                                  "Node Type": "Aggregate",
                                  "Strategy": "Sorted",
                                  "Partial Mode": "Partial",
                                  "Parent Relationship": "Outer",
                                  "Parallel Aware": false,
                                  "Async Capable": false,
                                  "Startup Cost": 66463.97,
                                  "Total Cost": 66478.15,
                                  "Plan Rows": 102,
                                  "Plan Width": 68,
                                  "Group Key": [
                                    "store_1.s_store_sk"
                                  ],
                                  "Plans": [
                                    {
                                      "Node Type": "Merge Join",
                                      "Parent Relationship": "Outer",
                                      "Parallel Aware": false,
                                      "Async Capable": false,
                                      "Join Type": "Inner",
                                      "Startup Cost": 66463.97,
                                      "Total Cost": 66473.17,
                                      "Plan Rows": 460,
                                      "Plan Width": 16,
                                      "Inner Unique": false,
                                      "Merge Cond": "(store_returns.sr_store_sk = store_1.s_store_sk)",
                                      "Plans": [
                                        {
                                          "Node Type": "Sort",
                                          "Parent Relationship": "Outer",
                                          "Parallel Aware": false,
                                          "Async Capable": false,
                                          "Startup Cost": 66454.55,
                                          "Total Cost": 66455.74,
                                          "Plan Rows": 476,
                                          "Plan Width": 16,
                                          "Sort Key": [
                                            "store_returns.sr_store_sk"
                                          ],
                                          "Plans": [
                                            {
                                              "Node Type": "Hash Join",
                                              "Parent Relationship": "Outer",
                                              "Parallel Aware": true,
                                              "Async Capable": false,
                                              "Join Type": "Inner",
                                              "Startup Cost": 2049.78,
                                              "Total Cost": 66433.38,
                                              "Plan Rows": 476,
                                              "Plan Width": 16,
                                              "Inner Unique": false,
                                              "Hash Cond": "(store_returns.sr_returned_date_sk = date_dim_1.d_date_sk)",
                                              "Plans": [
                                                {
                                                  "Node Type": "Seq Scan",
                                                  "Parent Relationship": "Outer",
                                                  "Parallel Aware": true,
                                                  "Async Capable": false,
                                                  "Relation Name": "store_returns",
                                                  "Alias": "store_returns",
                                                  "Startup Cost": 0.0,
                                                  "Total Cost": 59887.64,
                                                  "Plan Rows": 1198164,
                                                  "Plan Width": 20,
                                                  "parent": 21,
                                                  "ID": 22
                                                },
                                                {
                                                  "Node Type": "Hash",
                                                  "Parent Relationship": "Inner",
                                                  "Parallel Aware": true,
                                                  "Async Capable": false,
                                                  "Startup Cost": 2049.55,
                                                  "Total Cost": 2049.55,
                                                  "Plan Rows": 18,
                                                  "Plan Width": 4,
                                                  "Plans": [
                                                    {
                                                      "Node Type": "Seq Scan",
                                                      "Parent Relationship": "Outer",
                                                      "Parallel Aware": true,
                                                      "Async Capable": false,
                                                      "Relation Name": "date_dim",
                                                      "Alias": "date_dim_1",
                                                      "Startup Cost": 0.0,
                                                      "Total Cost": 2049.55,
                                                      "Plan Rows": 18,
                                                      "Plan Width": 4,
                                                      "Filter": "((d_date >= '1999-08-14'::date) AND (d_date <= '1999-09-13 00:00:00'::timestamp without time zone))",
                                                      "parent": 23,
                                                      "ID": 24
                                                    }
                                                  ],
                                                  "parent": 21,
                                                  "ID": 23,
                                                  "left": 24
                                                }
                                              ],
                                              "parent": 20,
                                              "ID": 21,
                                              "left": 22,
                                              "right": 23
                                            }
                                          ],
                                          "parent": 19,
                                          "ID": 20,
                                          "left": 21
                                        },
                                        {
                                          "Node Type": "Sort",
                                          "Parent Relationship": "Inner",
                                          "Parallel Aware": false,
                                          "Async Capable": false,
                                          "Startup Cost": 9.42,
                                          "Total Cost": 9.68,
                                          "Plan Rows": 102,
                                          "Plan Width": 4,
                                          "Sort Key": [
                                            "store_1.s_store_sk"
                                          ],
                                          "Plans": [
                                            {
                                              "Node Type": "Seq Scan",
                                              "Parent Relationship": "Outer",
                                              "Parallel Aware": false,
                                              "Async Capable": false,
                                              "Relation Name": "store",
                                              "Alias": "store_1",
                                              "Startup Cost": 0.0,
                                              "Total Cost": 6.02,
                                              "Plan Rows": 102,
                                              "Plan Width": 4,
                                              "parent": 25,
                                              "ID": 26
                                            }
                                          ],
                                          "parent": 19,
                                          "ID": 25,
                                          "left": 26
                                        }
                                      ],
                                      "parent": 18,
                                      "ID": 19,
                                      "left": 20,
                                      "right": 25
                                    }
                                  ],
                                  "parent": 17,
                                  "ID": 18,
                                  "left": 19
                                }
                              ],
                              "parent": 16,
                              "ID": 17,
                              "left": 18
                            }
                          ],
                          "parent": 4,
                          "ID": 16,
                          "left": 17
                        }
                      ],
                      "parent": 3,
                      "ID": 4,
                      "left": 5,
                      "right": 16
                    },
                    {
                      "Node Type": "Nested Loop",
                      "Parent Relationship": "Member",
                      "Parallel Aware": false,
                      "Async Capable": false,
                      "Join Type": "Inner",
                      "Startup Cost": 499452.25,
                      "Total Cost": 499502.11,
                      "Plan Rows": 576,
                      "Plan Width": 132,
                      "Inner Unique": false,
                      "Plans": [
                        {
                          "Node Type": "Aggregate",
                          "Strategy": "Sorted",
                          "Partial Mode": "Finalize",
                          "Parent Relationship": "Outer",
                          "Parallel Aware": false,
                          "Async Capable": false,
                          "Startup Cost": 459392.64,
                          "Total Cost": 459424.0,
                          "Plan Rows": 24,
                          "Plan Width": 68,
                          "Group Key": [
                            "catalog_sales.cs_call_center_sk"
                          ],
                          "Plans": [
                            {
                              "Node Type": "Gather Merge",
                              "Parent Relationship": "Outer",
                              "Parallel Aware": false,
                              "Async Capable": false,
                              "Startup Cost": 459392.64,
                              "Total Cost": 459423.04,
                              "Plan Rows": 48,
                              "Plan Width": 68,
                              "Workers Planned": 2,
                              "Plans": [
                                {
                                  "Node Type": "Aggregate",
                                  "Strategy": "Sorted",
                                  "Partial Mode": "Partial",
                                  "Parent Relationship": "Outer",
                                  "Parallel Aware": false,
                                  "Async Capable": false,
                                  "Startup Cost": 458392.62,
                                  "Total Cost": 458417.48,
                                  "Plan Rows": 24,
                                  "Plan Width": 68,
                                  "Group Key": [
                                    "catalog_sales.cs_call_center_sk"
                                  ],
                                  "Plans": [
                                    {
                                      "Node Type": "Sort",
                                      "Parent Relationship": "Outer",
                                      "Parallel Aware": false,
                                      "Async Capable": false,
                                      "Startup Cost": 458392.62,
                                      "Total Cost": 458398.74,
                                      "Plan Rows": 2450,
                                      "Plan Width": 16,
                                      "Sort Key": [
                                        "catalog_sales.cs_call_center_sk"
                                      ],
                                      "Plans": [
                                        {
                                          "Node Type": "Hash Join",
                                          "Parent Relationship": "Outer",
                                          "Parallel Aware": true,
                                          "Async Capable": false,
                                          "Join Type": "Inner",
                                          "Startup Cost": 2049.78,
                                          "Total Cost": 458254.7,
                                          "Plan Rows": 2450,
                                          "Plan Width": 16,
                                          "Inner Unique": false,
                                          "Hash Cond": "(catalog_sales.cs_sold_date_sk = date_dim_2.d_date_sk)",
                                          "Plans": [
                                            {
                                              "Node Type": "Seq Scan",
                                              "Parent Relationship": "Outer",
                                              "Parallel Aware": true,
                                              "Async Capable": false,
                                              "Relation Name": "catalog_sales",
                                              "Alias": "catalog_sales",
                                              "Startup Cost": 0.0,
                                              "Total Cost": 433688.25,
                                              "Plan Rows": 6000525,
                                              "Plan Width": 20,
                                              "parent": 32,
                                              "ID": 33
                                            },
                                            {
                                              "Node Type": "Hash",
                                              "Parent Relationship": "Inner",
                                              "Parallel Aware": true,
                                              "Async Capable": false,
                                              "Startup Cost": 2049.55,
                                              "Total Cost": 2049.55,
                                              "Plan Rows": 18,
                                              "Plan Width": 4,
                                              "Plans": [
                                                {
                                                  "Node Type": "Seq Scan",
                                                  "Parent Relationship": "Outer",
                                                  "Parallel Aware": true,
                                                  "Async Capable": false,
                                                  "Relation Name": "date_dim",
                                                  "Alias": "date_dim_2",
                                                  "Startup Cost": 0.0,
                                                  "Total Cost": 2049.55,
                                                  "Plan Rows": 18,
                                                  "Plan Width": 4,
                                                  "Filter": "((d_date >= '1999-08-14'::date) AND (d_date <= '1999-09-13 00:00:00'::timestamp without time zone))",
                                                  "parent": 34,
                                                  "ID": 35
                                                }
                                              ],
                                              "parent": 32,
                                              "ID": 34,
                                              "left": 35
                                            }
                                          ],
                                          "parent": 31,
                                          "ID": 32,
                                          "left": 33,
                                          "right": 34
                                        }
                                      ],
                                      "parent": 30,
                                      "ID": 31,
                                      "left": 32
                                    }
                                  ],
                                  "parent": 29,
                                  "ID": 30,
                                  "left": 31
                                }
                              ],
                              "parent": 28,
                              "ID": 29,
                              "left": 30
                            }
                          ],
                          "parent": 27,
                          "ID": 28,
                          "left": 29
                        },
                        {
                          "Node Type": "Materialize",
                          "Parent Relationship": "Inner",
                          "Parallel Aware": false,
                          "Async Capable": false,
                          "Startup Cost": 40059.61,
                          "Total Cost": 40069.29,
                          "Plan Rows": 24,
                          "Plan Width": 64,
                          "Plans": [
                            {
                              "Node Type": "Subquery Scan",
                              "Parent Relationship": "Outer",
                              "Parallel Aware": false,
                              "Async Capable": false,
                              "Alias": "cr",
                              "Startup Cost": 40059.61,
                              "Total Cost": 40069.17,
                              "Plan Rows": 24,
                              "Plan Width": 64,
                              "Plans": [
                                {
                                  "Node Type": "Aggregate",
                                  "Strategy": "Sorted",
                                  "Partial Mode": "Finalize",
                                  "Parent Relationship": "Subquery",
                                  "Parallel Aware": false,
                                  "Async Capable": false,
                                  "Startup Cost": 40059.61,
                                  "Total Cost": 40068.93,
                                  "Plan Rows": 24,
                                  "Plan Width": 68,
                                  "Group Key": [
                                    "catalog_returns.cr_call_center_sk"
                                  ],
                                  "Plans": [
                                    {
                                      "Node Type": "Gather Merge",
                                      "Parent Relationship": "Outer",
                                      "Parallel Aware": false,
                                      "Async Capable": false,
                                      "Startup Cost": 40059.61,
                                      "Total Cost": 40067.97,
                                      "Plan Rows": 48,
                                      "Plan Width": 68,
                                      "Workers Planned": 2,
                                      "Plans": [
                                        {
                                          "Node Type": "Aggregate",
                                          "Strategy": "Sorted",
                                          "Partial Mode": "Partial",
                                          "Parent Relationship": "Outer",
                                          "Parallel Aware": false,
                                          "Async Capable": false,
                                          "Startup Cost": 39059.58,
                                          "Total Cost": 39062.4,
                                          "Plan Rows": 24,
                                          "Plan Width": 68,
                                          "Group Key": [
                                            "catalog_returns.cr_call_center_sk"
                                          ],
                                          "Plans": [
                                            {
                                              "Node Type": "Sort",
                                              "Parent Relationship": "Outer",
                                              "Parallel Aware": false,
                                              "Async Capable": false,
                                              "Startup Cost": 39059.58,
                                              "Total Cost": 39060.2,
                                              "Plan Rows": 246,
                                              "Plan Width": 16,
                                              "Sort Key": [
                                                "catalog_returns.cr_call_center_sk"
                                              ],
                                              "Plans": [
                                                {
                                                  "Node Type": "Hash Join",
                                                  "Parent Relationship": "Outer",
                                                  "Parallel Aware": true,
                                                  "Async Capable": false,
                                                  "Join Type": "Inner",
                                                  "Startup Cost": 2049.78,
                                                  "Total Cost": 39049.82,
                                                  "Plan Rows": 246,
                                                  "Plan Width": 16,
                                                  "Inner Unique": false,
                                                  "Hash Cond": "(catalog_returns.cr_returned_date_sk = date_dim_3.d_date_sk)",
                                                  "Plans": [
                                                    {
                                                      "Node Type": "Seq Scan",
                                                      "Parent Relationship": "Outer",
                                                      "Parallel Aware": true,
                                                      "Async Capable": false,
                                                      "Relation Name": "catalog_returns",
                                                      "Alias": "catalog_returns",
                                                      "Startup Cost": 0.0,
                                                      "Total Cost": 34748.95,
                                                      "Plan Rows": 599895,
                                                      "Plan Width": 20,
                                                      "parent": 42,
                                                      "ID": 43
                                                    },
                                                    {
                                                      "Node Type": "Hash",
                                                      "Parent Relationship": "Inner",
                                                      "Parallel Aware": true,
                                                      "Async Capable": false,
                                                      "Startup Cost": 2049.55,
                                                      "Total Cost": 2049.55,
                                                      "Plan Rows": 18,
                                                      "Plan Width": 4,
                                                      "Plans": [
                                                        {
                                                          "Node Type": "Seq Scan",
                                                          "Parent Relationship": "Outer",
                                                          "Parallel Aware": true,
                                                          "Async Capable": false,
                                                          "Relation Name": "date_dim",
                                                          "Alias": "date_dim_3",
                                                          "Startup Cost": 0.0,
                                                          "Total Cost": 2049.55,
                                                          "Plan Rows": 18,
                                                          "Plan Width": 4,
                                                          "Filter": "((d_date >= '1999-08-14'::date) AND (d_date <= '1999-09-13 00:00:00'::timestamp without time zone))",
                                                          "parent": 44,
                                                          "ID": 45
                                                        }
                                                      ],
                                                      "parent": 42,
                                                      "ID": 44,
                                                      "left": 45
                                                    }
                                                  ],
                                                  "parent": 41,
                                                  "ID": 42,
                                                  "left": 43,
                                                  "right": 44
                                                }
                                              ],
                                              "parent": 40,
                                              "ID": 41,
                                              "left": 42
                                            }
                                          ],
                                          "parent": 39,
                                          "ID": 40,
                                          "left": 41
                                        }
                                      ],
                                      "parent": 38,
                                      "ID": 39,
                                      "left": 40
                                    }
                                  ],
                                  "parent": 37,
                                  "ID": 38,
                                  "left": 39
                                }
                              ],
                              "parent": 36,
                              "ID": 37,
                              "left": 38
                            }
                          ],
                          "parent": 27,
                          "ID": 36,
                          "left": 37
                        }
                      ],
                      "parent": 3,
                      "ID": 27,
                      "left": 28,
                      "right": 36
                    },
                    {
                      "Node Type": "Merge Join",
                      "Parent Relationship": "Member",
                      "Parallel Aware": false,
                      "Async Capable": false,
                      "Join Type": "Left",
                      "Startup Cost": 252590.79,
                      "Total Cost": 252726.18,
                      "Plan Rows": 200,
                      "Plan Width": 132,
                      "Inner Unique": true,
                      "Merge Cond": "(web_page.wp_web_page_sk = web_page_1.wp_web_page_sk)",
                      "Plans": [
                        {
                          "Node Type": "Aggregate",
                          "Strategy": "Sorted",
                          "Partial Mode": "Finalize",
                          "Parent Relationship": "Outer",
                          "Parallel Aware": false,
                          "Async Capable": false,
                          "Startup Cost": 232119.07,
                          "Total Cost": 232210.1,
                          "Plan Rows": 200,
                          "Plan Width": 68,
                          "Group Key": [
                            "web_page.wp_web_page_sk"
                          ],
                          "Plans": [
                            {
                              "Node Type": "Gather Merge",
                              "Parent Relationship": "Outer",
                              "Parallel Aware": false,
                              "Async Capable": false,
                              "Startup Cost": 232119.07,
                              "Total Cost": 232202.1,
                              "Plan Rows": 400,
                              "Plan Width": 68,
                              "Workers Planned": 2,
                              "Plans": [
                                {
                                  "Node Type": "Aggregate",
                                  "Strategy": "Sorted",
                                  "Partial Mode": "Partial",
                                  "Parent Relationship": "Outer",
                                  "Parallel Aware": false,
                                  "Async Capable": false,
                                  "Startup Cost": 231119.05,
                                  "Total Cost": 231155.9,
                                  "Plan Rows": 200,
                                  "Plan Width": 68,
                                  "Group Key": [
                                    "web_page.wp_web_page_sk"
                                  ],
                                  "Plans": [
                                    {
                                      "Node Type": "Merge Join",
                                      "Parent Relationship": "Outer",
                                      "Parallel Aware": false,
                                      "Async Capable": false,
                                      "Join Type": "Inner",
                                      "Startup Cost": 231119.05,
                                      "Total Cost": 231143.67,
                                      "Plan Rows": 1231,
                                      "Plan Width": 16,
                                      "Inner Unique": false,
                                      "Merge Cond": "(web_sales.ws_web_page_sk = web_page.wp_web_page_sk)",
                                      "Plans": [
                                        {
                                          "Node Type": "Sort",
                                          "Parent Relationship": "Outer",
                                          "Parallel Aware": false,
                                          "Async Capable": false,
                                          "Startup Cost": 231104.41,
                                          "Total Cost": 231107.48,
                                          "Plan Rows": 1231,
                                          "Plan Width": 16,
                                          "Sort Key": [
                                            "web_sales.ws_web_page_sk"
                                          ],
                                          "Plans": [
                                            {
                                              "Node Type": "Hash Join",
                                              "Parent Relationship": "Outer",
                                              "Parallel Aware": true,
                                              "Async Capable": false,
                                              "Join Type": "Inner",
                                              "Startup Cost": 2049.78,
                                              "Total Cost": 231041.22,
                                              "Plan Rows": 1231,
                                              "Plan Width": 16,
                                              "Inner Unique": false,
                                              "Hash Cond": "(web_sales.ws_sold_date_sk = date_dim_4.d_date_sk)",
                                              "Plans": [
                                                {
                                                  "Node Type": "Seq Scan",
                                                  "Parent Relationship": "Outer",
                                                  "Parallel Aware": true,
                                                  "Async Capable": false,
                                                  "Relation Name": "web_sales",
                                                  "Alias": "web_sales",
                                                  "Startup Cost": 0.0,
                                                  "Total Cost": 217737.86,
                                                  "Plan Rows": 2998986,
                                                  "Plan Width": 20,
                                                  "parent": 52,
                                                  "ID": 53
                                                },
                                                {
                                                  "Node Type": "Hash",
                                                  "Parent Relationship": "Inner",
                                                  "Parallel Aware": true,
                                                  "Async Capable": false,
                                                  "Startup Cost": 2049.55,
                                                  "Total Cost": 2049.55,
                                                  "Plan Rows": 18,
                                                  "Plan Width": 4,
                                                  "Plans": [
                                                    {
                                                      "Node Type": "Seq Scan",
                                                      "Parent Relationship": "Outer",
                                                      "Parallel Aware": true,
                                                      "Async Capable": false,
                                                      "Relation Name": "date_dim",
                                                      "Alias": "date_dim_4",
                                                      "Startup Cost": 0.0,
                                                      "Total Cost": 2049.55,
                                                      "Plan Rows": 18,
                                                      "Plan Width": 4,
                                                      "Filter": "((d_date >= '1999-08-14'::date) AND (d_date <= '1999-09-13 00:00:00'::timestamp without time zone))",
                                                      "parent": 54,
                                                      "ID": 55
                                                    }
                                                  ],
                                                  "parent": 52,
                                                  "ID": 54,
                                                  "left": 55
                                                }
                                              ],
                                              "parent": 51,
                                              "ID": 52,
                                              "left": 53,
                                              "right": 54
                                            }
                                          ],
                                          "parent": 50,
                                          "ID": 51,
                                          "left": 52
                                        },
                                        {
                                          "Node Type": "Sort",
                                          "Parent Relationship": "Inner",
                                          "Parallel Aware": false,
                                          "Async Capable": false,
                                          "Startup Cost": 14.64,
                                          "Total Cost": 15.14,
                                          "Plan Rows": 200,
                                          "Plan Width": 4,
                                          "Sort Key": [
                                            "web_page.wp_web_page_sk"
                                          ],
                                          "Plans": [
                                            {
                                              "Node Type": "Seq Scan",
                                              "Parent Relationship": "Outer",
                                              "Parallel Aware": false,
                                              "Async Capable": false,
                                              "Relation Name": "web_page",
                                              "Alias": "web_page",
                                              "Startup Cost": 0.0,
                                              "Total Cost": 7.0,
                                              "Plan Rows": 200,
                                              "Plan Width": 4,
                                              "parent": 56,
                                              "ID": 57
                                            }
                                          ],
                                          "parent": 50,
                                          "ID": 56,
                                          "left": 57
                                        }
                                      ],
                                      "parent": 49,
                                      "ID": 50,
                                      "left": 51,
                                      "right": 56
                                    }
                                  ],
                                  "parent": 48,
                                  "ID": 49,
                                  "left": 50
                                }
                              ],
                              "parent": 47,
                              "ID": 48,
                              "left": 49
                            }
                          ],
                          "parent": 46,
                          "ID": 47,
                          "left": 48
                        },
                        {
                          "Node Type": "Aggregate",
                          "Strategy": "Sorted",
                          "Partial Mode": "Finalize",
                          "Parent Relationship": "Inner",
                          "Parallel Aware": false,
                          "Async Capable": false,
                          "Startup Cost": 20471.72,
                          "Total Cost": 20508.59,
                          "Plan Rows": 200,
                          "Plan Width": 68,
                          "Group Key": [
                            "web_page_1.wp_web_page_sk"
                          ],
                          "Plans": [
                            {
                              "Node Type": "Gather Merge",
                              "Parent Relationship": "Outer",
                              "Parallel Aware": false,
                              "Async Capable": false,
                              "Startup Cost": 20471.72,
                              "Total Cost": 20502.79,
                              "Plan Rows": 224,
                              "Plan Width": 68,
                              "Workers Planned": 2,
                              "Plans": [
                                {
                                  "Node Type": "Aggregate",
                                  "Strategy": "Sorted",
                                  "Partial Mode": "Partial",
                                  "Parent Relationship": "Outer",
                                  "Parallel Aware": false,
                                  "Async Capable": false,
                                  "Startup Cost": 19471.69,
                                  "Total Cost": 19476.91,
                                  "Plan Rows": 112,
                                  "Plan Width": 68,
                                  "Group Key": [
                                    "web_page_1.wp_web_page_sk"
                                  ],
                                  "Plans": [
                                    {
                                      "Node Type": "Merge Join",
                                      "Parent Relationship": "Outer",
                                      "Parallel Aware": false,
                                      "Async Capable": false,
                                      "Join Type": "Inner",
                                      "Startup Cost": 19471.69,
                                      "Total Cost": 19474.39,
                                      "Plan Rows": 112,
                                      "Plan Width": 16,
                                      "Inner Unique": false,
                                      "Merge Cond": "(web_returns.wr_web_page_sk = web_page_1.wp_web_page_sk)",
                                      "Plans": [
                                        {
                                          "Node Type": "Sort",
                                          "Parent Relationship": "Outer",
                                          "Parallel Aware": false,
                                          "Async Capable": false,
                                          "Startup Cost": 19457.05,
                                          "Total Cost": 19457.35,
                                          "Plan Rows": 118,
                                          "Plan Width": 16,
                                          "Sort Key": [
                                            "web_returns.wr_web_page_sk"
                                          ],
                                          "Plans": [
                                            {
                                              "Node Type": "Hash Join",
                                              "Parent Relationship": "Outer",
                                              "Parallel Aware": true,
                                              "Async Capable": false,
                                              "Join Type": "Inner",
                                              "Startup Cost": 2049.78,
                                              "Total Cost": 19452.99,
                                              "Plan Rows": 118,
                                              "Plan Width": 16,
                                              "Inner Unique": false,
                                              "Hash Cond": "(web_returns.wr_returned_date_sk = date_dim_5.d_date_sk)",
                                              "Plans": [
                                                {
                                                  "Node Type": "Seq Scan",
                                                  "Parent Relationship": "Outer",
                                                  "Parallel Aware": true,
                                                  "Async Capable": false,
                                                  "Relation Name": "web_returns",
                                                  "Alias": "web_returns",
                                                  "Startup Cost": 0.0,
                                                  "Total Cost": 16278.74,
                                                  "Plan Rows": 299674,
                                                  "Plan Width": 20,
                                                  "parent": 63,
                                                  "ID": 64
                                                },
                                                {
                                                  "Node Type": "Hash",
                                                  "Parent Relationship": "Inner",
                                                  "Parallel Aware": true,
                                                  "Async Capable": false,
                                                  "Startup Cost": 2049.55,
                                                  "Total Cost": 2049.55,
                                                  "Plan Rows": 18,
                                                  "Plan Width": 4,
                                                  "Plans": [
                                                    {
                                                      "Node Type": "Seq Scan",
                                                      "Parent Relationship": "Outer",
                                                      "Parallel Aware": true,
                                                      "Async Capable": false,
                                                      "Relation Name": "date_dim",
                                                      "Alias": "date_dim_5",
                                                      "Startup Cost": 0.0,
                                                      "Total Cost": 2049.55,
                                                      "Plan Rows": 18,
                                                      "Plan Width": 4,
                                                      "Filter": "((d_date >= '1999-08-14'::date) AND (d_date <= '1999-09-13 00:00:00'::timestamp without time zone))",
                                                      "parent": 65,
                                                      "ID": 66
                                                    }
                                                  ],
                                                  "parent": 63,
                                                  "ID": 65,
                                                  "left": 66
                                                }
                                              ],
                                              "parent": 62,
                                              "ID": 63,
                                              "left": 64,
                                              "right": 65
                                            }
                                          ],
                                          "parent": 61,
                                          "ID": 62,
                                          "left": 63
                                        },
                                        {
                                          "Node Type": "Sort",
                                          "Parent Relationship": "Inner",
                                          "Parallel Aware": false,
                                          "Async Capable": false,
                                          "Startup Cost": 14.64,
                                          "Total Cost": 15.14,
                                          "Plan Rows": 200,
                                          "Plan Width": 4,
                                          "Sort Key": [
                                            "web_page_1.wp_web_page_sk"
                                          ],
                                          "Plans": [
                                            {
                                              "Node Type": "Seq Scan",
                                              "Parent Relationship": "Outer",
                                              "Parallel Aware": false,
                                              "Async Capable": false,
                                              "Relation Name": "web_page",
                                              "Alias": "web_page_1",
                                              "Startup Cost": 0.0,
                                              "Total Cost": 7.0,
                                              "Plan Rows": 200,
                                              "Plan Width": 4,
                                              "parent": 67,
                                              "ID": 68
                                            }
                                          ],
                                          "parent": 61,
                                          "ID": 67,
                                          "left": 68
                                        }
                                      ],
                                      "parent": 60,
                                      "ID": 61,
                                      "left": 62,
                                      "right": 67
                                    }
                                  ],
                                  "parent": 59,
                                  "ID": 60,
                                  "left": 61
                                }
                              ],
                              "parent": 58,
                              "ID": 59,
                              "left": 60
                            }
                          ],
                          "parent": 46,
                          "ID": 58,
                          "left": 59
                        }
                      ],
                      "parent": 3,
                      "ID": 46,
                      "left": 47,
                      "right": 58
                    }
                  ],
                  "parent": 2,
                  "ID": 3,
                  "left": 4,
                  "right": 27
                }
              ],
              "parent": 1,
              "ID": 2,
              "left": 3
            }
          ],
          "parent": 0,
          "ID": 1,
          "left": 2
        }
      ],
      "parent": null,
      "ID": 0,
      "left": 1
    },
    "feat": {
      "utility": 0.0,
      "query_shape": [
        [
          "Seq Scan",
          "Hash Join",
          "Sort",
          "Merge Join",
          "Aggregate",
          "Gather Merge",
          "Append"
        ],
        [
          "Seq Scan",
          "Hash",
          "Hash Join",
          "Sort",
          "Merge Join",
          "Aggregate",
          "Gather Merge",
          "Append"
        ],
        [
          "Seq Scan",
          "Sort",
          "Merge Join",
          "Aggregate",
          "Gather Merge",
          "Append"
        ],
        [
          "Seq Scan",
          "Hash Join",
          "Sort",
          "Merge Join",
          "Aggregate",
          "Gather Merge",
          "Append"
        ],
        [
          "Seq Scan",
          "Hash",
          "Hash Join",
          "Sort",
          "Merge Join",
          "Aggregate",
          "Gather Merge",
          "Append"
        ],
        [
          "Seq Scan",
          "Sort",
          "Merge Join",
          "Aggregate",
          "Gather Merge",
          "Append"
        ],
        [
          "Seq Scan",
          "Hash Join",
          "Sort",
          "Aggregate",
          "Gather Merge",
          "Nested Loop",
          "Append"
        ],
        [
          "Seq Scan",
          "Hash",
          "Hash Join",
          "Sort",
          "Aggregate",
          "Gather Merge",
          "Nested Loop",
          "Append"
        ],
        [
          "Seq Scan",
          "Hash Join",
          "Sort",
          "Aggregate",
          "Gather Merge",
          "Subquery Scan",
          "Materialize",
          "Nested Loop",
          "Append"
        ],
        [
          "Seq Scan",
          "Hash",
          "Hash Join",
          "Sort",
          "Aggregate",
          "Gather Merge",
          "Subquery Scan",
          "Materialize",
          "Nested Loop",
          "Append"
        ],
        [
          "Seq Scan",
          "Hash Join",
          "Sort",
          "Merge Join",
          "Aggregate",
          "Gather Merge",
          "Append"
        ],
        [
          "Seq Scan",
          "Hash",
          "Hash Join",
          "Sort",
          "Merge Join",
          "Aggregate",
          "Gather Merge",
          "Append"
        ],
        [
          "Seq Scan",
          "Sort",
          "Merge Join",
          "Aggregate",
          "Gather Merge",
          "Append"
        ],
        [
          "Seq Scan",
          "Hash Join",
          "Sort",
          "Merge Join",
          "Aggregate",
          "Gather Merge",
          "Append"
        ],
        [
          "Seq Scan",
          "Hash",
          "Hash Join",
          "Sort",
          "Merge Join",
          "Aggregate",
          "Gather Merge",
          "Append"
        ],
        [
          "Seq Scan",
          "Sort",
          "Merge Join",
          "Aggregate",
          "Gather Merge",
          "Append"
        ]
      ],
      "index_shape": [],
      "physical_operator": {}
    }
  },
  {
    "query": "with ss as\n (select s_store_sk,\n         sum(ss_ext_sales_price) as sales,\n         sum(ss_net_profit) as profit\n from store_sales,\n      date_dim,\n      store\n where ss_sold_date_sk = d_date_sk\n       and d_date between cast('1999-08-14' as date) \n                  and (cast('1999-08-14' as date) +  interval '30 days') \n       and ss_store_sk = s_store_sk\n group by s_store_sk)\n ,\n sr as\n (select s_store_sk,\n         sum(sr_return_amt) as returns,\n         sum(sr_net_loss) as profit_loss\n from store_returns,\n      date_dim,\n      store\n where sr_returned_date_sk = d_date_sk\n       and d_date between cast('1999-08-14' as date)\n                  and (cast('1999-08-14' as date) +  interval '30 days')\n       and sr_store_sk = s_store_sk\n group by s_store_sk), \n cs as\n (select cs_call_center_sk,\n        sum(cs_ext_sales_price) as sales,\n        sum(cs_net_profit) as profit\n from catalog_sales,\n      date_dim\n where cs_sold_date_sk = d_date_sk\n       and d_date between cast('1999-08-14' as date)\n                  and (cast('1999-08-14' as date) +  interval '30 days')\n group by cs_call_center_sk \n ), \n cr as\n (select cr_call_center_sk,\n         sum(cr_return_amount) as returns,\n         sum(cr_net_loss) as profit_loss\n from catalog_returns,\n      date_dim\n where cr_returned_date_sk = d_date_sk\n       and d_date between cast('1999-08-14' as date)\n                  and (cast('1999-08-14' as date) +  interval '30 days')\n group by cr_call_center_sk\n ), \n ws as\n ( select wp_web_page_sk,\n        sum(ws_ext_sales_price) as sales,\n        sum(ws_net_profit) as profit\n from web_sales,\n      date_dim,\n      web_page\n where ws_sold_date_sk = d_date_sk\n       and d_date between cast('1999-08-14' as date)\n                  and (cast('1999-08-14' as date) +  interval '30 days')\n       and ws_web_page_sk = wp_web_page_sk\n group by wp_web_page_sk), \n wr as\n (select wp_web_page_sk,\n        sum(wr_return_amt) as returns,\n        sum(wr_net_loss) as profit_loss\n from web_returns,\n      date_dim,\n      web_page\n where wr_returned_date_sk = d_date_sk\n       and d_date between cast('1999-08-14' as date)\n                  and (cast('1999-08-14' as date) +  interval '30 days')\n       and wr_web_page_sk = wp_web_page_sk\n group by wp_web_page_sk)\n  select  channel\n        , id\n        , sum(sales) as sales\n        , sum(returns) as returns\n        , sum(profit) as profit\n from \n (select 'store channel' as channel\n        , ss.s_store_sk as id\n        , sales\n        , coalesce(returns, 0) as returns\n        , (profit - coalesce(profit_loss,0)) as profit\n from   ss left join sr\n        on  ss.s_store_sk = sr.s_store_sk\n union all\n select 'catalog channel' as channel\n        , cs_call_center_sk as id\n        , sales\n        , returns\n        , (profit - profit_loss) as profit\n from  cs\n       , cr\n union all\n select 'web channel' as channel\n        , ws.wp_web_page_sk as id\n        , sales\n        , coalesce(returns, 0) as returns\n        , (profit - coalesce(profit_loss,0)) as profit\n from   ws left join wr\n        on  ws.wp_web_page_sk = wr.wp_web_page_sk\n ) x\n group by rollup (channel, id)\n order by channel\n         ,id\n limit 100;\n\n-- end query 58 in stream 0 using template query77.tpl\n",
    "indexes": "catalog_sales.cs_sold_date_sk",
    "wo plan est": {
      "Node Type": "Limit",
      "Parallel Aware": false,
      "Async Capable": false,
      "Startup Cost": 1505243.45,
      "Total Cost": 1505243.7,
      "Plan Rows": 100,
      "Plan Width": 132,
      "Plans": [
        {
          "Node Type": "Sort",
          "Parent Relationship": "Outer",
          "Parallel Aware": false,
          "Async Capable": false,
          "Startup Cost": 1505243.45,
          "Total Cost": 1505244.45,
          "Plan Rows": 401,
          "Plan Width": 132,
          "Sort Key": [
            "('store channel'::text)",
            "store.s_store_sk"
          ],
          "Plans": [
            {
              "Node Type": "Aggregate",
              "Strategy": "Mixed",
              "Partial Mode": "Simple",
              "Parent Relationship": "Outer",
              "Parallel Aware": false,
              "Async Capable": false,
              "Startup Cost": 752755.06,
              "Total Cost": 1505228.12,
              "Plan Rows": 401,
              "Plan Width": 132,
              "Grouping Sets": [
                {
                  "Hash Keys": [
                    [
                      "('store channel'::text)",
                      "store.s_store_sk"
                    ]
                  ]
                },
                {
                  "Hash Keys": [
                    [
                      "('store channel'::text)"
                    ]
                  ]
                },
                {
                  "Group Keys": [
                    []
                  ]
                }
              ],
              "Planned Partitions": 0,
              "Plans": [
                {
                  "Node Type": "Append",
                  "Parent Relationship": "Outer",
                  "Parallel Aware": false,
                  "Async Capable": false,
                  "Startup Cost": 752755.06,
                  "Total Cost": 1505194.76,
                  "Plan Rows": 878,
                  "Plan Width": 132,
                  "Subplans Removed": 0,
                  "Plans": [
                    {
                      "Node Type": "Merge Join",
                      "Parent Relationship": "Member",
                      "Parallel Aware": false,
                      "Async Capable": false,
                      "Join Type": "Left",
                      "Startup Cost": 752755.06,
                      "Total Cost": 752953.3,
                      "Plan Rows": 102,
                      "Plan Width": 132,
                      "Inner Unique": true,
                      "Merge Cond": "(store.s_store_sk = store_1.s_store_sk)",
                      "Plans": [
                        {
                          "Node Type": "Aggregate",
                          "Strategy": "Sorted",
                          "Partial Mode": "Finalize",
                          "Parent Relationship": "Outer",
                          "Parallel Aware": false,
                          "Async Capable": false,
                          "Startup Cost": 685291.07,
                          "Total Cost": 685443.67,
                          "Plan Rows": 102,
                          "Plan Width": 68,
                          "Group Key": [
                            "store.s_store_sk"
                          ],
                          "Plans": [
                            {
                              "Node Type": "Gather Merge",
                              "Parent Relationship": "Outer",
                              "Parallel Aware": false,
                              "Async Capable": false,
                              "Startup Cost": 685291.07,
                              "Total Cost": 685439.59,
                              "Plan Rows": 204,
                              "Plan Width": 68,
                              "Workers Planned": 2,
                              "Plans": [
                                {
                                  "Node Type": "Aggregate",
                                  "Strategy": "Sorted",
                                  "Partial Mode": "Partial",
                                  "Parent Relationship": "Outer",
                                  "Parallel Aware": false,
                                  "Async Capable": false,
                                  "Startup Cost": 684291.04,
                                  "Total Cost": 684416.02,
                                  "Plan Rows": 102,
                                  "Plan Width": 68,
                                  "Group Key": [
                                    "store.s_store_sk"
                                  ],
                                  "Plans": [
                                    {
                                      "Node Type": "Merge Join",
                                      "Parent Relationship": "Outer",
                                      "Parallel Aware": false,
                                      "Async Capable": false,
                                      "Join Type": "Inner",
                                      "Startup Cost": 684291.04,
                                      "Total Cost": 684380.82,
                                      "Plan Rows": 4489,
                                      "Plan Width": 16,
                                      "Inner Unique": false,
                                      "Merge Cond": "(store_sales.ss_store_sk = store.s_store_sk)",
                                      "Plans": [
                                        {
                                          "Node Type": "Sort",
                                          "Parent Relationship": "Outer",
                                          "Parallel Aware": false,
                                          "Async Capable": false,
                                          "Startup Cost": 684281.62,
                                          "Total Cost": 684293.38,
                                          "Plan Rows": 4703,
                                          "Plan Width": 16,
                                          "Sort Key": [
                                            "store_sales.ss_store_sk"
                                          ],
                                          "Plans": [
                                            {
                                              "Node Type": "Hash Join",
                                              "Parent Relationship": "Outer",
                                              "Parallel Aware": true,
                                              "Async Capable": false,
                                              "Join Type": "Inner",
                                              "Startup Cost": 2049.78,
                                              "Total Cost": 683994.75,
                                              "Plan Rows": 4703,
                                              "Plan Width": 16,
                                              "Inner Unique": false,
                                              "Hash Cond": "(store_sales.ss_sold_date_sk = date_dim.d_date_sk)",
                                              "Plans": [
                                                {
                                                  "Node Type": "Seq Scan",
                                                  "Parent Relationship": "Outer",
                                                  "Parallel Aware": true,
                                                  "Async Capable": false,
                                                  "Relation Name": "store_sales",
                                                  "Alias": "store_sales",
                                                  "Startup Cost": 0.0,
                                                  "Total Cost": 636914.37,
                                                  "Plan Rows": 12000637,
                                                  "Plan Width": 20,
                                                  "parent": 10,
                                                  "ID": 11
                                                },
                                                {
                                                  "Node Type": "Hash",
                                                  "Parent Relationship": "Inner",
                                                  "Parallel Aware": true,
                                                  "Async Capable": false,
                                                  "Startup Cost": 2049.55,
                                                  "Total Cost": 2049.55,
                                                  "Plan Rows": 18,
                                                  "Plan Width": 4,
                                                  "Plans": [
                                                    {
                                                      "Node Type": "Seq Scan",
                                                      "Parent Relationship": "Outer",
                                                      "Parallel Aware": true,
                                                      "Async Capable": false,
                                                      "Relation Name": "date_dim",
                                                      "Alias": "date_dim",
                                                      "Startup Cost": 0.0,
                                                      "Total Cost": 2049.55,
                                                      "Plan Rows": 18,
                                                      "Plan Width": 4,
                                                      "Filter": "((d_date >= '1999-08-14'::date) AND (d_date <= '1999-09-13 00:00:00'::timestamp without time zone))",
                                                      "parent": 12,
                                                      "ID": 13
                                                    }
                                                  ],
                                                  "parent": 10,
                                                  "ID": 12,
                                                  "left": 13
                                                }
                                              ],
                                              "parent": 9,
                                              "ID": 10,
                                              "left": 11,
                                              "right": 12
                                            }
                                          ],
                                          "parent": 8,
                                          "ID": 9,
                                          "left": 10
                                        },
                                        {
                                          "Node Type": "Sort",
                                          "Parent Relationship": "Inner",
                                          "Parallel Aware": false,
                                          "Async Capable": false,
                                          "Startup Cost": 9.42,
                                          "Total Cost": 9.68,
                                          "Plan Rows": 102,
                                          "Plan Width": 4,
                                          "Sort Key": [
                                            "store.s_store_sk"
                                          ],
                                          "Plans": [
                                            {
                                              "Node Type": "Seq Scan",
                                              "Parent Relationship": "Outer",
                                              "Parallel Aware": false,
                                              "Async Capable": false,
                                              "Relation Name": "store",
                                              "Alias": "store",
                                              "Startup Cost": 0.0,
                                              "Total Cost": 6.02,
                                              "Plan Rows": 102,
                                              "Plan Width": 4,
                                              "parent": 14,
                                              "ID": 15
                                            }
                                          ],
                                          "parent": 8,
                                          "ID": 14,
                                          "left": 15
                                        }
                                      ],
                                      "parent": 7,
                                      "ID": 8,
                                      "left": 9,
                                      "right": 14
                                    }
                                  ],
                                  "parent": 6,
                                  "ID": 7,
                                  "left": 8
                                }
                              ],
                              "parent": 5,
                              "ID": 6,
                              "left": 7
                            }
                          ],
                          "parent": 4,
                          "ID": 5,
                          "left": 6
                        },
                        {
                          "Node Type": "Aggregate",
                          "Strategy": "Sorted",
                          "Partial Mode": "Finalize",
                          "Parent Relationship": "Inner",
                          "Parallel Aware": false,
                          "Async Capable": false,
                          "Startup Cost": 67464.0,
                          "Total Cost": 67505.8,
                          "Plan Rows": 102,
                          "Plan Width": 68,
                          "Group Key": [
                            "store_1.s_store_sk"
                          ],
                          "Plans": [
                            {
                              "Node Type": "Gather Merge",
                              "Parent Relationship": "Outer",
                              "Parallel Aware": false,
                              "Async Capable": false,
                              "Startup Cost": 67464.0,
                              "Total Cost": 67501.72,
                              "Plan Rows": 204,
                              "Plan Width": 68,
                              "Workers Planned": 2,
                              "Plans": [
                                {
                                  "Node Type": "Aggregate",
                                  "Strategy": "Sorted",
                                  "Partial Mode": "Partial",
                                  "Parent Relationship": "Outer",
                                  "Parallel Aware": false,
                                  "Async Capable": false,
                                  "Startup Cost": 66463.97,
                                  "Total Cost": 66478.15,
                                  "Plan Rows": 102,
                                  "Plan Width": 68,
                                  "Group Key": [
                                    "store_1.s_store_sk"
                                  ],
                                  "Plans": [
                                    {
                                      "Node Type": "Merge Join",
                                      "Parent Relationship": "Outer",
                                      "Parallel Aware": false,
                                      "Async Capable": false,
                                      "Join Type": "Inner",
                                      "Startup Cost": 66463.97,
                                      "Total Cost": 66473.17,
                                      "Plan Rows": 460,
                                      "Plan Width": 16,
                                      "Inner Unique": false,
                                      "Merge Cond": "(store_returns.sr_store_sk = store_1.s_store_sk)",
                                      "Plans": [
                                        {
                                          "Node Type": "Sort",
                                          "Parent Relationship": "Outer",
                                          "Parallel Aware": false,
                                          "Async Capable": false,
                                          "Startup Cost": 66454.55,
                                          "Total Cost": 66455.74,
                                          "Plan Rows": 476,
                                          "Plan Width": 16,
                                          "Sort Key": [
                                            "store_returns.sr_store_sk"
                                          ],
                                          "Plans": [
                                            {
                                              "Node Type": "Hash Join",
                                              "Parent Relationship": "Outer",
                                              "Parallel Aware": true,
                                              "Async Capable": false,
                                              "Join Type": "Inner",
                                              "Startup Cost": 2049.78,
                                              "Total Cost": 66433.38,
                                              "Plan Rows": 476,
                                              "Plan Width": 16,
                                              "Inner Unique": false,
                                              "Hash Cond": "(store_returns.sr_returned_date_sk = date_dim_1.d_date_sk)",
                                              "Plans": [
                                                {
                                                  "Node Type": "Seq Scan",
                                                  "Parent Relationship": "Outer",
                                                  "Parallel Aware": true,
                                                  "Async Capable": false,
                                                  "Relation Name": "store_returns",
                                                  "Alias": "store_returns",
                                                  "Startup Cost": 0.0,
                                                  "Total Cost": 59887.64,
                                                  "Plan Rows": 1198164,
                                                  "Plan Width": 20,
                                                  "parent": 21,
                                                  "ID": 22
                                                },
                                                {
                                                  "Node Type": "Hash",
                                                  "Parent Relationship": "Inner",
                                                  "Parallel Aware": true,
                                                  "Async Capable": false,
                                                  "Startup Cost": 2049.55,
                                                  "Total Cost": 2049.55,
                                                  "Plan Rows": 18,
                                                  "Plan Width": 4,
                                                  "Plans": [
                                                    {
                                                      "Node Type": "Seq Scan",
                                                      "Parent Relationship": "Outer",
                                                      "Parallel Aware": true,
                                                      "Async Capable": false,
                                                      "Relation Name": "date_dim",
                                                      "Alias": "date_dim_1",
                                                      "Startup Cost": 0.0,
                                                      "Total Cost": 2049.55,
                                                      "Plan Rows": 18,
                                                      "Plan Width": 4,
                                                      "Filter": "((d_date >= '1999-08-14'::date) AND (d_date <= '1999-09-13 00:00:00'::timestamp without time zone))",
                                                      "parent": 23,
                                                      "ID": 24
                                                    }
                                                  ],
                                                  "parent": 21,
                                                  "ID": 23,
                                                  "left": 24
                                                }
                                              ],
                                              "parent": 20,
                                              "ID": 21,
                                              "left": 22,
                                              "right": 23
                                            }
                                          ],
                                          "parent": 19,
                                          "ID": 20,
                                          "left": 21
                                        },
                                        {
                                          "Node Type": "Sort",
                                          "Parent Relationship": "Inner",
                                          "Parallel Aware": false,
                                          "Async Capable": false,
                                          "Startup Cost": 9.42,
                                          "Total Cost": 9.68,
                                          "Plan Rows": 102,
                                          "Plan Width": 4,
                                          "Sort Key": [
                                            "store_1.s_store_sk"
                                          ],
                                          "Plans": [
                                            {
                                              "Node Type": "Seq Scan",
                                              "Parent Relationship": "Outer",
                                              "Parallel Aware": false,
                                              "Async Capable": false,
                                              "Relation Name": "store",
                                              "Alias": "store_1",
                                              "Startup Cost": 0.0,
                                              "Total Cost": 6.02,
                                              "Plan Rows": 102,
                                              "Plan Width": 4,
                                              "parent": 25,
                                              "ID": 26
                                            }
                                          ],
                                          "parent": 19,
                                          "ID": 25,
                                          "left": 26
                                        }
                                      ],
                                      "parent": 18,
                                      "ID": 19,
                                      "left": 20,
                                      "right": 25
                                    }
                                  ],
                                  "parent": 17,
                                  "ID": 18,
                                  "left": 19
                                }
                              ],
                              "parent": 16,
                              "ID": 17,
                              "left": 18
                            }
                          ],
                          "parent": 4,
                          "ID": 16,
                          "left": 17
                        }
                      ],
                      "parent": 3,
                      "ID": 4,
                      "left": 5,
                      "right": 16
                    },
                    {
                      "Node Type": "Nested Loop",
                      "Parent Relationship": "Member",
                      "Parallel Aware": false,
                      "Async Capable": false,
                      "Join Type": "Inner",
                      "Startup Cost": 499452.25,
                      "Total Cost": 499502.11,
                      "Plan Rows": 576,
                      "Plan Width": 132,
                      "Inner Unique": false,
                      "Plans": [
                        {
                          "Node Type": "Aggregate",
                          "Strategy": "Sorted",
                          "Partial Mode": "Finalize",
                          "Parent Relationship": "Outer",
                          "Parallel Aware": false,
                          "Async Capable": false,
                          "Startup Cost": 459392.64,
                          "Total Cost": 459424.0,
                          "Plan Rows": 24,
                          "Plan Width": 68,
                          "Group Key": [
                            "catalog_sales.cs_call_center_sk"
                          ],
                          "Plans": [
                            {
                              "Node Type": "Gather Merge",
                              "Parent Relationship": "Outer",
                              "Parallel Aware": false,
                              "Async Capable": false,
                              "Startup Cost": 459392.64,
                              "Total Cost": 459423.04,
                              "Plan Rows": 48,
                              "Plan Width": 68,
                              "Workers Planned": 2,
                              "Plans": [
                                {
                                  "Node Type": "Aggregate",
                                  "Strategy": "Sorted",
                                  "Partial Mode": "Partial",
                                  "Parent Relationship": "Outer",
                                  "Parallel Aware": false,
                                  "Async Capable": false,
                                  "Startup Cost": 458392.62,
                                  "Total Cost": 458417.48,
                                  "Plan Rows": 24,
                                  "Plan Width": 68,
                                  "Group Key": [
                                    "catalog_sales.cs_call_center_sk"
                                  ],
                                  "Plans": [
                                    {
                                      "Node Type": "Sort",
                                      "Parent Relationship": "Outer",
                                      "Parallel Aware": false,
                                      "Async Capable": false,
                                      "Startup Cost": 458392.62,
                                      "Total Cost": 458398.74,
                                      "Plan Rows": 2450,
                                      "Plan Width": 16,
                                      "Sort Key": [
                                        "catalog_sales.cs_call_center_sk"
                                      ],
                                      "Plans": [
                                        {
                                          "Node Type": "Hash Join",
                                          "Parent Relationship": "Outer",
                                          "Parallel Aware": true,
                                          "Async Capable": false,
                                          "Join Type": "Inner",
                                          "Startup Cost": 2049.78,
                                          "Total Cost": 458254.7,
                                          "Plan Rows": 2450,
                                          "Plan Width": 16,
                                          "Inner Unique": false,
                                          "Hash Cond": "(catalog_sales.cs_sold_date_sk = date_dim_2.d_date_sk)",
                                          "Plans": [
                                            {
                                              "Node Type": "Seq Scan",
                                              "Parent Relationship": "Outer",
                                              "Parallel Aware": true,
                                              "Async Capable": false,
                                              "Relation Name": "catalog_sales",
                                              "Alias": "catalog_sales",
                                              "Startup Cost": 0.0,
                                              "Total Cost": 433688.25,
                                              "Plan Rows": 6000525,
                                              "Plan Width": 20,
                                              "parent": 32,
                                              "ID": 33
                                            },
                                            {
                                              "Node Type": "Hash",
                                              "Parent Relationship": "Inner",
                                              "Parallel Aware": true,
                                              "Async Capable": false,
                                              "Startup Cost": 2049.55,
                                              "Total Cost": 2049.55,
                                              "Plan Rows": 18,
                                              "Plan Width": 4,
                                              "Plans": [
                                                {
                                                  "Node Type": "Seq Scan",
                                                  "Parent Relationship": "Outer",
                                                  "Parallel Aware": true,
                                                  "Async Capable": false,
                                                  "Relation Name": "date_dim",
                                                  "Alias": "date_dim_2",
                                                  "Startup Cost": 0.0,
                                                  "Total Cost": 2049.55,
                                                  "Plan Rows": 18,
                                                  "Plan Width": 4,
                                                  "Filter": "((d_date >= '1999-08-14'::date) AND (d_date <= '1999-09-13 00:00:00'::timestamp without time zone))",
                                                  "parent": 34,
                                                  "ID": 35
                                                }
                                              ],
                                              "parent": 32,
                                              "ID": 34,
                                              "left": 35
                                            }
                                          ],
                                          "parent": 31,
                                          "ID": 32,
                                          "left": 33,
                                          "right": 34
                                        }
                                      ],
                                      "parent": 30,
                                      "ID": 31,
                                      "left": 32
                                    }
                                  ],
                                  "parent": 29,
                                  "ID": 30,
                                  "left": 31
                                }
                              ],
                              "parent": 28,
                              "ID": 29,
                              "left": 30
                            }
                          ],
                          "parent": 27,
                          "ID": 28,
                          "left": 29
                        },
                        {
                          "Node Type": "Materialize",
                          "Parent Relationship": "Inner",
                          "Parallel Aware": false,
                          "Async Capable": false,
                          "Startup Cost": 40059.61,
                          "Total Cost": 40069.29,
                          "Plan Rows": 24,
                          "Plan Width": 64,
                          "Plans": [
                            {
                              "Node Type": "Subquery Scan",
                              "Parent Relationship": "Outer",
                              "Parallel Aware": false,
                              "Async Capable": false,
                              "Alias": "cr",
                              "Startup Cost": 40059.61,
                              "Total Cost": 40069.17,
                              "Plan Rows": 24,
                              "Plan Width": 64,
                              "Plans": [
                                {
                                  "Node Type": "Aggregate",
                                  "Strategy": "Sorted",
                                  "Partial Mode": "Finalize",
                                  "Parent Relationship": "Subquery",
                                  "Parallel Aware": false,
                                  "Async Capable": false,
                                  "Startup Cost": 40059.61,
                                  "Total Cost": 40068.93,
                                  "Plan Rows": 24,
                                  "Plan Width": 68,
                                  "Group Key": [
                                    "catalog_returns.cr_call_center_sk"
                                  ],
                                  "Plans": [
                                    {
                                      "Node Type": "Gather Merge",
                                      "Parent Relationship": "Outer",
                                      "Parallel Aware": false,
                                      "Async Capable": false,
                                      "Startup Cost": 40059.61,
                                      "Total Cost": 40067.97,
                                      "Plan Rows": 48,
                                      "Plan Width": 68,
                                      "Workers Planned": 2,
                                      "Plans": [
                                        {
                                          "Node Type": "Aggregate",
                                          "Strategy": "Sorted",
                                          "Partial Mode": "Partial",
                                          "Parent Relationship": "Outer",
                                          "Parallel Aware": false,
                                          "Async Capable": false,
                                          "Startup Cost": 39059.58,
                                          "Total Cost": 39062.4,
                                          "Plan Rows": 24,
                                          "Plan Width": 68,
                                          "Group Key": [
                                            "catalog_returns.cr_call_center_sk"
                                          ],
                                          "Plans": [
                                            {
                                              "Node Type": "Sort",
                                              "Parent Relationship": "Outer",
                                              "Parallel Aware": false,
                                              "Async Capable": false,
                                              "Startup Cost": 39059.58,
                                              "Total Cost": 39060.2,
                                              "Plan Rows": 246,
                                              "Plan Width": 16,
                                              "Sort Key": [
                                                "catalog_returns.cr_call_center_sk"
                                              ],
                                              "Plans": [
                                                {
                                                  "Node Type": "Hash Join",
                                                  "Parent Relationship": "Outer",
                                                  "Parallel Aware": true,
                                                  "Async Capable": false,
                                                  "Join Type": "Inner",
                                                  "Startup Cost": 2049.78,
                                                  "Total Cost": 39049.82,
                                                  "Plan Rows": 246,
                                                  "Plan Width": 16,
                                                  "Inner Unique": false,
                                                  "Hash Cond": "(catalog_returns.cr_returned_date_sk = date_dim_3.d_date_sk)",
                                                  "Plans": [
                                                    {
                                                      "Node Type": "Seq Scan",
                                                      "Parent Relationship": "Outer",
                                                      "Parallel Aware": true,
                                                      "Async Capable": false,
                                                      "Relation Name": "catalog_returns",
                                                      "Alias": "catalog_returns",
                                                      "Startup Cost": 0.0,
                                                      "Total Cost": 34748.95,
                                                      "Plan Rows": 599895,
                                                      "Plan Width": 20,
                                                      "parent": 42,
                                                      "ID": 43
                                                    },
                                                    {
                                                      "Node Type": "Hash",
                                                      "Parent Relationship": "Inner",
                                                      "Parallel Aware": true,
                                                      "Async Capable": false,
                                                      "Startup Cost": 2049.55,
                                                      "Total Cost": 2049.55,
                                                      "Plan Rows": 18,
                                                      "Plan Width": 4,
                                                      "Plans": [
                                                        {
                                                          "Node Type": "Seq Scan",
                                                          "Parent Relationship": "Outer",
                                                          "Parallel Aware": true,
                                                          "Async Capable": false,
                                                          "Relation Name": "date_dim",
                                                          "Alias": "date_dim_3",
                                                          "Startup Cost": 0.0,
                                                          "Total Cost": 2049.55,
                                                          "Plan Rows": 18,
                                                          "Plan Width": 4,
                                                          "Filter": "((d_date >= '1999-08-14'::date) AND (d_date <= '1999-09-13 00:00:00'::timestamp without time zone))",
                                                          "parent": 44,
                                                          "ID": 45
                                                        }
                                                      ],
                                                      "parent": 42,
                                                      "ID": 44,
                                                      "left": 45
                                                    }
                                                  ],
                                                  "parent": 41,
                                                  "ID": 42,
                                                  "left": 43,
                                                  "right": 44
                                                }
                                              ],
                                              "parent": 40,
                                              "ID": 41,
                                              "left": 42
                                            }
                                          ],
                                          "parent": 39,
                                          "ID": 40,
                                          "left": 41
                                        }
                                      ],
                                      "parent": 38,
                                      "ID": 39,
                                      "left": 40
                                    }
                                  ],
                                  "parent": 37,
                                  "ID": 38,
                                  "left": 39
                                }
                              ],
                              "parent": 36,
                              "ID": 37,
                              "left": 38
                            }
                          ],
                          "parent": 27,
                          "ID": 36,
                          "left": 37
                        }
                      ],
                      "parent": 3,
                      "ID": 27,
                      "left": 28,
                      "right": 36
                    },
                    {
                      "Node Type": "Merge Join",
                      "Parent Relationship": "Member",
                      "Parallel Aware": false,
                      "Async Capable": false,
                      "Join Type": "Left",
                      "Startup Cost": 252590.79,
                      "Total Cost": 252726.18,
                      "Plan Rows": 200,
                      "Plan Width": 132,
                      "Inner Unique": true,
                      "Merge Cond": "(web_page.wp_web_page_sk = web_page_1.wp_web_page_sk)",
                      "Plans": [
                        {
                          "Node Type": "Aggregate",
                          "Strategy": "Sorted",
                          "Partial Mode": "Finalize",
                          "Parent Relationship": "Outer",
                          "Parallel Aware": false,
                          "Async Capable": false,
                          "Startup Cost": 232119.07,
                          "Total Cost": 232210.1,
                          "Plan Rows": 200,
                          "Plan Width": 68,
                          "Group Key": [
                            "web_page.wp_web_page_sk"
                          ],
                          "Plans": [
                            {
                              "Node Type": "Gather Merge",
                              "Parent Relationship": "Outer",
                              "Parallel Aware": false,
                              "Async Capable": false,
                              "Startup Cost": 232119.07,
                              "Total Cost": 232202.1,
                              "Plan Rows": 400,
                              "Plan Width": 68,
                              "Workers Planned": 2,
                              "Plans": [
                                {
                                  "Node Type": "Aggregate",
                                  "Strategy": "Sorted",
                                  "Partial Mode": "Partial",
                                  "Parent Relationship": "Outer",
                                  "Parallel Aware": false,
                                  "Async Capable": false,
                                  "Startup Cost": 231119.05,
                                  "Total Cost": 231155.9,
                                  "Plan Rows": 200,
                                  "Plan Width": 68,
                                  "Group Key": [
                                    "web_page.wp_web_page_sk"
                                  ],
                                  "Plans": [
                                    {
                                      "Node Type": "Merge Join",
                                      "Parent Relationship": "Outer",
                                      "Parallel Aware": false,
                                      "Async Capable": false,
                                      "Join Type": "Inner",
                                      "Startup Cost": 231119.05,
                                      "Total Cost": 231143.67,
                                      "Plan Rows": 1231,
                                      "Plan Width": 16,
                                      "Inner Unique": false,
                                      "Merge Cond": "(web_sales.ws_web_page_sk = web_page.wp_web_page_sk)",
                                      "Plans": [
                                        {
                                          "Node Type": "Sort",
                                          "Parent Relationship": "Outer",
                                          "Parallel Aware": false,
                                          "Async Capable": false,
                                          "Startup Cost": 231104.41,
                                          "Total Cost": 231107.48,
                                          "Plan Rows": 1231,
                                          "Plan Width": 16,
                                          "Sort Key": [
                                            "web_sales.ws_web_page_sk"
                                          ],
                                          "Plans": [
                                            {
                                              "Node Type": "Hash Join",
                                              "Parent Relationship": "Outer",
                                              "Parallel Aware": true,
                                              "Async Capable": false,
                                              "Join Type": "Inner",
                                              "Startup Cost": 2049.78,
                                              "Total Cost": 231041.22,
                                              "Plan Rows": 1231,
                                              "Plan Width": 16,
                                              "Inner Unique": false,
                                              "Hash Cond": "(web_sales.ws_sold_date_sk = date_dim_4.d_date_sk)",
                                              "Plans": [
                                                {
                                                  "Node Type": "Seq Scan",
                                                  "Parent Relationship": "Outer",
                                                  "Parallel Aware": true,
                                                  "Async Capable": false,
                                                  "Relation Name": "web_sales",
                                                  "Alias": "web_sales",
                                                  "Startup Cost": 0.0,
                                                  "Total Cost": 217737.86,
                                                  "Plan Rows": 2998986,
                                                  "Plan Width": 20,
                                                  "parent": 52,
                                                  "ID": 53
                                                },
                                                {
                                                  "Node Type": "Hash",
                                                  "Parent Relationship": "Inner",
                                                  "Parallel Aware": true,
                                                  "Async Capable": false,
                                                  "Startup Cost": 2049.55,
                                                  "Total Cost": 2049.55,
                                                  "Plan Rows": 18,
                                                  "Plan Width": 4,
                                                  "Plans": [
                                                    {
                                                      "Node Type": "Seq Scan",
                                                      "Parent Relationship": "Outer",
                                                      "Parallel Aware": true,
                                                      "Async Capable": false,
                                                      "Relation Name": "date_dim",
                                                      "Alias": "date_dim_4",
                                                      "Startup Cost": 0.0,
                                                      "Total Cost": 2049.55,
                                                      "Plan Rows": 18,
                                                      "Plan Width": 4,
                                                      "Filter": "((d_date >= '1999-08-14'::date) AND (d_date <= '1999-09-13 00:00:00'::timestamp without time zone))",
                                                      "parent": 54,
                                                      "ID": 55
                                                    }
                                                  ],
                                                  "parent": 52,
                                                  "ID": 54,
                                                  "left": 55
                                                }
                                              ],
                                              "parent": 51,
                                              "ID": 52,
                                              "left": 53,
                                              "right": 54
                                            }
                                          ],
                                          "parent": 50,
                                          "ID": 51,
                                          "left": 52
                                        },
                                        {
                                          "Node Type": "Sort",
                                          "Parent Relationship": "Inner",
                                          "Parallel Aware": false,
                                          "Async Capable": false,
                                          "Startup Cost": 14.64,
                                          "Total Cost": 15.14,
                                          "Plan Rows": 200,
                                          "Plan Width": 4,
                                          "Sort Key": [
                                            "web_page.wp_web_page_sk"
                                          ],
                                          "Plans": [
                                            {
                                              "Node Type": "Seq Scan",
                                              "Parent Relationship": "Outer",
                                              "Parallel Aware": false,
                                              "Async Capable": false,
                                              "Relation Name": "web_page",
                                              "Alias": "web_page",
                                              "Startup Cost": 0.0,
                                              "Total Cost": 7.0,
                                              "Plan Rows": 200,
                                              "Plan Width": 4,
                                              "parent": 56,
                                              "ID": 57
                                            }
                                          ],
                                          "parent": 50,
                                          "ID": 56,
                                          "left": 57
                                        }
                                      ],
                                      "parent": 49,
                                      "ID": 50,
                                      "left": 51,
                                      "right": 56
                                    }
                                  ],
                                  "parent": 48,
                                  "ID": 49,
                                  "left": 50
                                }
                              ],
                              "parent": 47,
                              "ID": 48,
                              "left": 49
                            }
                          ],
                          "parent": 46,
                          "ID": 47,
                          "left": 48
                        },
                        {
                          "Node Type": "Aggregate",
                          "Strategy": "Sorted",
                          "Partial Mode": "Finalize",
                          "Parent Relationship": "Inner",
                          "Parallel Aware": false,
                          "Async Capable": false,
                          "Startup Cost": 20471.72,
                          "Total Cost": 20508.59,
                          "Plan Rows": 200,
                          "Plan Width": 68,
                          "Group Key": [
                            "web_page_1.wp_web_page_sk"
                          ],
                          "Plans": [
                            {
                              "Node Type": "Gather Merge",
                              "Parent Relationship": "Outer",
                              "Parallel Aware": false,
                              "Async Capable": false,
                              "Startup Cost": 20471.72,
                              "Total Cost": 20502.79,
                              "Plan Rows": 224,
                              "Plan Width": 68,
                              "Workers Planned": 2,
                              "Plans": [
                                {
                                  "Node Type": "Aggregate",
                                  "Strategy": "Sorted",
                                  "Partial Mode": "Partial",
                                  "Parent Relationship": "Outer",
                                  "Parallel Aware": false,
                                  "Async Capable": false,
                                  "Startup Cost": 19471.69,
                                  "Total Cost": 19476.91,
                                  "Plan Rows": 112,
                                  "Plan Width": 68,
                                  "Group Key": [
                                    "web_page_1.wp_web_page_sk"
                                  ],
                                  "Plans": [
                                    {
                                      "Node Type": "Merge Join",
                                      "Parent Relationship": "Outer",
                                      "Parallel Aware": false,
                                      "Async Capable": false,
                                      "Join Type": "Inner",
                                      "Startup Cost": 19471.69,
                                      "Total Cost": 19474.39,
                                      "Plan Rows": 112,
                                      "Plan Width": 16,
                                      "Inner Unique": false,
                                      "Merge Cond": "(web_returns.wr_web_page_sk = web_page_1.wp_web_page_sk)",
                                      "Plans": [
                                        {
                                          "Node Type": "Sort",
                                          "Parent Relationship": "Outer",
                                          "Parallel Aware": false,
                                          "Async Capable": false,
                                          "Startup Cost": 19457.05,
                                          "Total Cost": 19457.35,
                                          "Plan Rows": 118,
                                          "Plan Width": 16,
                                          "Sort Key": [
                                            "web_returns.wr_web_page_sk"
                                          ],
                                          "Plans": [
                                            {
                                              "Node Type": "Hash Join",
                                              "Parent Relationship": "Outer",
                                              "Parallel Aware": true,
                                              "Async Capable": false,
                                              "Join Type": "Inner",
                                              "Startup Cost": 2049.78,
                                              "Total Cost": 19452.99,
                                              "Plan Rows": 118,
                                              "Plan Width": 16,
                                              "Inner Unique": false,
                                              "Hash Cond": "(web_returns.wr_returned_date_sk = date_dim_5.d_date_sk)",
                                              "Plans": [
                                                {
                                                  "Node Type": "Seq Scan",
                                                  "Parent Relationship": "Outer",
                                                  "Parallel Aware": true,
                                                  "Async Capable": false,
                                                  "Relation Name": "web_returns",
                                                  "Alias": "web_returns",
                                                  "Startup Cost": 0.0,
                                                  "Total Cost": 16278.74,
                                                  "Plan Rows": 299674,
                                                  "Plan Width": 20,
                                                  "parent": 63,
                                                  "ID": 64
                                                },
                                                {
                                                  "Node Type": "Hash",
                                                  "Parent Relationship": "Inner",
                                                  "Parallel Aware": true,
                                                  "Async Capable": false,
                                                  "Startup Cost": 2049.55,
                                                  "Total Cost": 2049.55,
                                                  "Plan Rows": 18,
                                                  "Plan Width": 4,
                                                  "Plans": [
                                                    {
                                                      "Node Type": "Seq Scan",
                                                      "Parent Relationship": "Outer",
                                                      "Parallel Aware": true,
                                                      "Async Capable": false,
                                                      "Relation Name": "date_dim",
                                                      "Alias": "date_dim_5",
                                                      "Startup Cost": 0.0,
                                                      "Total Cost": 2049.55,
                                                      "Plan Rows": 18,
                                                      "Plan Width": 4,
                                                      "Filter": "((d_date >= '1999-08-14'::date) AND (d_date <= '1999-09-13 00:00:00'::timestamp without time zone))",
                                                      "parent": 65,
                                                      "ID": 66
                                                    }
                                                  ],
                                                  "parent": 63,
                                                  "ID": 65,
                                                  "left": 66
                                                }
                                              ],
                                              "parent": 62,
                                              "ID": 63,
                                              "left": 64,
                                              "right": 65
                                            }
                                          ],
                                          "parent": 61,
                                          "ID": 62,
                                          "left": 63
                                        },
                                        {
                                          "Node Type": "Sort",
                                          "Parent Relationship": "Inner",
                                          "Parallel Aware": false,
                                          "Async Capable": false,
                                          "Startup Cost": 14.64,
                                          "Total Cost": 15.14,
                                          "Plan Rows": 200,
                                          "Plan Width": 4,
                                          "Sort Key": [
                                            "web_page_1.wp_web_page_sk"
                                          ],
                                          "Plans": [
                                            {
                                              "Node Type": "Seq Scan",
                                              "Parent Relationship": "Outer",
                                              "Parallel Aware": false,
                                              "Async Capable": false,
                                              "Relation Name": "web_page",
                                              "Alias": "web_page_1",
                                              "Startup Cost": 0.0,
                                              "Total Cost": 7.0,
                                              "Plan Rows": 200,
                                              "Plan Width": 4,
                                              "parent": 67,
                                              "ID": 68
                                            }
                                          ],
                                          "parent": 61,
                                          "ID": 67,
                                          "left": 68
                                        }
                                      ],
                                      "parent": 60,
                                      "ID": 61,
                                      "left": 62,
                                      "right": 67
                                    }
                                  ],
                                  "parent": 59,
                                  "ID": 60,
                                  "left": 61
                                }
                              ],
                              "parent": 58,
                              "ID": 59,
                              "left": 60
                            }
                          ],
                          "parent": 46,
                          "ID": 58,
                          "left": 59
                        }
                      ],
                      "parent": 3,
                      "ID": 46,
                      "left": 47,
                      "right": 58
                    }
                  ],
                  "parent": 2,
                  "ID": 3,
                  "left": 4,
                  "right": 27
                }
              ],
              "parent": 1,
              "ID": 2,
              "left": 3
            }
          ],
          "parent": 0,
          "ID": 1,
          "left": 2
        }
      ],
      "parent": null,
      "ID": 0,
      "left": 1
    },
    "feat": {
      "utility": 4.628261311764239e-06,
      "query_shape": [
        [
          "Seq Scan",
          "Hash Join",
          "Sort",
          "Merge Join",
          "Aggregate",
          "Gather Merge",
          "Append"
        ],
        [
          "Seq Scan",
          "Hash",
          "Hash Join",
          "Sort",
          "Merge Join",
          "Aggregate",
          "Gather Merge",
          "Append"
        ],
        [
          "Seq Scan",
          "Sort",
          "Merge Join",
          "Aggregate",
          "Gather Merge",
          "Append"
        ],
        [
          "Seq Scan",
          "Hash Join",
          "Sort",
          "Merge Join",
          "Aggregate",
          "Gather Merge",
          "Append"
        ],
        [
          "Seq Scan",
          "Hash",
          "Hash Join",
          "Sort",
          "Merge Join",
          "Aggregate",
          "Gather Merge",
          "Append"
        ],
        [
          "Seq Scan",
          "Sort",
          "Merge Join",
          "Aggregate",
          "Gather Merge",
          "Append"
        ],
        [
          "Seq Scan",
          "Hash Join",
          "Sort",
          "Aggregate",
          "Gather Merge",
          "Nested Loop",
          "Append"
        ],
        [
          "Seq Scan",
          "Hash",
          "Hash Join",
          "Sort",
          "Aggregate",
          "Gather Merge",
          "Nested Loop",
          "Append"
        ],
        [
          "Seq Scan",
          "Hash Join",
          "Sort",
          "Aggregate",
          "Gather Merge",
          "Subquery Scan",
          "Materialize",
          "Nested Loop",
          "Append"
        ],
        [
          "Seq Scan",
          "Hash",
          "Hash Join",
          "Sort",
          "Aggregate",
          "Gather Merge",
          "Subquery Scan",
          "Materialize",
          "Nested Loop",
          "Append"
        ],
        [
          "Seq Scan",
          "Hash Join",
          "Sort",
          "Merge Join",
          "Aggregate",
          "Gather Merge",
          "Append"
        ],
        [
          "Seq Scan",
          "Hash",
          "Hash Join",
          "Sort",
          "Merge Join",
          "Aggregate",
          "Gather Merge",
          "Append"
        ],
        [
          "Seq Scan",
          "Sort",
          "Merge Join",
          "Aggregate",
          "Gather Merge",
          "Append"
        ],
        [
          "Seq Scan",
          "Hash Join",
          "Sort",
          "Merge Join",
          "Aggregate",
          "Gather Merge",
          "Append"
        ],
        [
          "Seq Scan",
          "Hash",
          "Hash Join",
          "Sort",
          "Merge Join",
          "Aggregate",
          "Gather Merge",
          "Append"
        ],
        [
          "Seq Scan",
          "Sort",
          "Merge Join",
          "Aggregate",
          "Gather Merge",
          "Append"
        ]
      ],
      "index_shape": [
        "join"
      ],
      "physical_operator": {
        "Hash Join": [
          0.0047626883590205366
        ]
      }
    }
  },
  {
    "query": "with ss as\n (select s_store_sk,\n         sum(ss_ext_sales_price) as sales,\n         sum(ss_net_profit) as profit\n from store_sales,\n      date_dim,\n      store\n where ss_sold_date_sk = d_date_sk\n       and d_date between cast('1999-08-14' as date) \n                  and (cast('1999-08-14' as date) +  interval '30 days') \n       and ss_store_sk = s_store_sk\n group by s_store_sk)\n ,\n sr as\n (select s_store_sk,\n         sum(sr_return_amt) as returns,\n         sum(sr_net_loss) as profit_loss\n from store_returns,\n      date_dim,\n      store\n where sr_returned_date_sk = d_date_sk\n       and d_date between cast('1999-08-14' as date)\n                  and (cast('1999-08-14' as date) +  interval '30 days')\n       and sr_store_sk = s_store_sk\n group by s_store_sk), \n cs as\n (select cs_call_center_sk,\n        sum(cs_ext_sales_price) as sales,\n        sum(cs_net_profit) as profit\n from catalog_sales,\n      date_dim\n where cs_sold_date_sk = d_date_sk\n       and d_date between cast('1999-08-14' as date)\n                  and (cast('1999-08-14' as date) +  interval '30 days')\n group by cs_call_center_sk \n ), \n cr as\n (select cr_call_center_sk,\n         sum(cr_return_amount) as returns,\n         sum(cr_net_loss) as profit_loss\n from catalog_returns,\n      date_dim\n where cr_returned_date_sk = d_date_sk\n       and d_date between cast('1999-08-14' as date)\n                  and (cast('1999-08-14' as date) +  interval '30 days')\n group by cr_call_center_sk\n ), \n ws as\n ( select wp_web_page_sk,\n        sum(ws_ext_sales_price) as sales,\n        sum(ws_net_profit) as profit\n from web_sales,\n      date_dim,\n      web_page\n where ws_sold_date_sk = d_date_sk\n       and d_date between cast('1999-08-14' as date)\n                  and (cast('1999-08-14' as date) +  interval '30 days')\n       and ws_web_page_sk = wp_web_page_sk\n group by wp_web_page_sk), \n wr as\n (select wp_web_page_sk,\n        sum(wr_return_amt) as returns,\n        sum(wr_net_loss) as profit_loss\n from web_returns,\n      date_dim,\n      web_page\n where wr_returned_date_sk = d_date_sk\n       and d_date between cast('1999-08-14' as date)\n                  and (cast('1999-08-14' as date) +  interval '30 days')\n       and wr_web_page_sk = wp_web_page_sk\n group by wp_web_page_sk)\n  select  channel\n        , id\n        , sum(sales) as sales\n        , sum(returns) as returns\n        , sum(profit) as profit\n from \n (select 'store channel' as channel\n        , ss.s_store_sk as id\n        , sales\n        , coalesce(returns, 0) as returns\n        , (profit - coalesce(profit_loss,0)) as profit\n from   ss left join sr\n        on  ss.s_store_sk = sr.s_store_sk\n union all\n select 'catalog channel' as channel\n        , cs_call_center_sk as id\n        , sales\n        , returns\n        , (profit - profit_loss) as profit\n from  cs\n       , cr\n union all\n select 'web channel' as channel\n        , ws.wp_web_page_sk as id\n        , sales\n        , coalesce(returns, 0) as returns\n        , (profit - coalesce(profit_loss,0)) as profit\n from   ws left join wr\n        on  ws.wp_web_page_sk = wr.wp_web_page_sk\n ) x\n group by rollup (channel, id)\n order by channel\n         ,id\n limit 100;\n\n-- end query 58 in stream 0 using template query77.tpl\n",
    "indexes": "catalog_sales.cs_call_center_sk",
    "wo plan est": {
      "Node Type": "Limit",
      "Parallel Aware": false,
      "Async Capable": false,
      "Startup Cost": 1505243.45,
      "Total Cost": 1505243.7,
      "Plan Rows": 100,
      "Plan Width": 132,
      "Plans": [
        {
          "Node Type": "Sort",
          "Parent Relationship": "Outer",
          "Parallel Aware": false,
          "Async Capable": false,
          "Startup Cost": 1505243.45,
          "Total Cost": 1505244.45,
          "Plan Rows": 401,
          "Plan Width": 132,
          "Sort Key": [
            "('store channel'::text)",
            "store.s_store_sk"
          ],
          "Plans": [
            {
              "Node Type": "Aggregate",
              "Strategy": "Mixed",
              "Partial Mode": "Simple",
              "Parent Relationship": "Outer",
              "Parallel Aware": false,
              "Async Capable": false,
              "Startup Cost": 752755.06,
              "Total Cost": 1505228.12,
              "Plan Rows": 401,
              "Plan Width": 132,
              "Grouping Sets": [
                {
                  "Hash Keys": [
                    [
                      "('store channel'::text)",
                      "store.s_store_sk"
                    ]
                  ]
                },
                {
                  "Hash Keys": [
                    [
                      "('store channel'::text)"
                    ]
                  ]
                },
                {
                  "Group Keys": [
                    []
                  ]
                }
              ],
              "Planned Partitions": 0,
              "Plans": [
                {
                  "Node Type": "Append",
                  "Parent Relationship": "Outer",
                  "Parallel Aware": false,
                  "Async Capable": false,
                  "Startup Cost": 752755.06,
                  "Total Cost": 1505194.76,
                  "Plan Rows": 878,
                  "Plan Width": 132,
                  "Subplans Removed": 0,
                  "Plans": [
                    {
                      "Node Type": "Merge Join",
                      "Parent Relationship": "Member",
                      "Parallel Aware": false,
                      "Async Capable": false,
                      "Join Type": "Left",
                      "Startup Cost": 752755.06,
                      "Total Cost": 752953.3,
                      "Plan Rows": 102,
                      "Plan Width": 132,
                      "Inner Unique": true,
                      "Merge Cond": "(store.s_store_sk = store_1.s_store_sk)",
                      "Plans": [
                        {
                          "Node Type": "Aggregate",
                          "Strategy": "Sorted",
                          "Partial Mode": "Finalize",
                          "Parent Relationship": "Outer",
                          "Parallel Aware": false,
                          "Async Capable": false,
                          "Startup Cost": 685291.07,
                          "Total Cost": 685443.67,
                          "Plan Rows": 102,
                          "Plan Width": 68,
                          "Group Key": [
                            "store.s_store_sk"
                          ],
                          "Plans": [
                            {
                              "Node Type": "Gather Merge",
                              "Parent Relationship": "Outer",
                              "Parallel Aware": false,
                              "Async Capable": false,
                              "Startup Cost": 685291.07,
                              "Total Cost": 685439.59,
                              "Plan Rows": 204,
                              "Plan Width": 68,
                              "Workers Planned": 2,
                              "Plans": [
                                {
                                  "Node Type": "Aggregate",
                                  "Strategy": "Sorted",
                                  "Partial Mode": "Partial",
                                  "Parent Relationship": "Outer",
                                  "Parallel Aware": false,
                                  "Async Capable": false,
                                  "Startup Cost": 684291.04,
                                  "Total Cost": 684416.02,
                                  "Plan Rows": 102,
                                  "Plan Width": 68,
                                  "Group Key": [
                                    "store.s_store_sk"
                                  ],
                                  "Plans": [
                                    {
                                      "Node Type": "Merge Join",
                                      "Parent Relationship": "Outer",
                                      "Parallel Aware": false,
                                      "Async Capable": false,
                                      "Join Type": "Inner",
                                      "Startup Cost": 684291.04,
                                      "Total Cost": 684380.82,
                                      "Plan Rows": 4489,
                                      "Plan Width": 16,
                                      "Inner Unique": false,
                                      "Merge Cond": "(store_sales.ss_store_sk = store.s_store_sk)",
                                      "Plans": [
                                        {
                                          "Node Type": "Sort",
                                          "Parent Relationship": "Outer",
                                          "Parallel Aware": false,
                                          "Async Capable": false,
                                          "Startup Cost": 684281.62,
                                          "Total Cost": 684293.38,
                                          "Plan Rows": 4703,
                                          "Plan Width": 16,
                                          "Sort Key": [
                                            "store_sales.ss_store_sk"
                                          ],
                                          "Plans": [
                                            {
                                              "Node Type": "Hash Join",
                                              "Parent Relationship": "Outer",
                                              "Parallel Aware": true,
                                              "Async Capable": false,
                                              "Join Type": "Inner",
                                              "Startup Cost": 2049.78,
                                              "Total Cost": 683994.75,
                                              "Plan Rows": 4703,
                                              "Plan Width": 16,
                                              "Inner Unique": false,
                                              "Hash Cond": "(store_sales.ss_sold_date_sk = date_dim.d_date_sk)",
                                              "Plans": [
                                                {
                                                  "Node Type": "Seq Scan",
                                                  "Parent Relationship": "Outer",
                                                  "Parallel Aware": true,
                                                  "Async Capable": false,
                                                  "Relation Name": "store_sales",
                                                  "Alias": "store_sales",
                                                  "Startup Cost": 0.0,
                                                  "Total Cost": 636914.37,
                                                  "Plan Rows": 12000637,
                                                  "Plan Width": 20,
                                                  "parent": 10,
                                                  "ID": 11
                                                },
                                                {
                                                  "Node Type": "Hash",
                                                  "Parent Relationship": "Inner",
                                                  "Parallel Aware": true,
                                                  "Async Capable": false,
                                                  "Startup Cost": 2049.55,
                                                  "Total Cost": 2049.55,
                                                  "Plan Rows": 18,
                                                  "Plan Width": 4,
                                                  "Plans": [
                                                    {
                                                      "Node Type": "Seq Scan",
                                                      "Parent Relationship": "Outer",
                                                      "Parallel Aware": true,
                                                      "Async Capable": false,
                                                      "Relation Name": "date_dim",
                                                      "Alias": "date_dim",
                                                      "Startup Cost": 0.0,
                                                      "Total Cost": 2049.55,
                                                      "Plan Rows": 18,
                                                      "Plan Width": 4,
                                                      "Filter": "((d_date >= '1999-08-14'::date) AND (d_date <= '1999-09-13 00:00:00'::timestamp without time zone))",
                                                      "parent": 12,
                                                      "ID": 13
                                                    }
                                                  ],
                                                  "parent": 10,
                                                  "ID": 12,
                                                  "left": 13
                                                }
                                              ],
                                              "parent": 9,
                                              "ID": 10,
                                              "left": 11,
                                              "right": 12
                                            }
                                          ],
                                          "parent": 8,
                                          "ID": 9,
                                          "left": 10
                                        },
                                        {
                                          "Node Type": "Sort",
                                          "Parent Relationship": "Inner",
                                          "Parallel Aware": false,
                                          "Async Capable": false,
                                          "Startup Cost": 9.42,
                                          "Total Cost": 9.68,
                                          "Plan Rows": 102,
                                          "Plan Width": 4,
                                          "Sort Key": [
                                            "store.s_store_sk"
                                          ],
                                          "Plans": [
                                            {
                                              "Node Type": "Seq Scan",
                                              "Parent Relationship": "Outer",
                                              "Parallel Aware": false,
                                              "Async Capable": false,
                                              "Relation Name": "store",
                                              "Alias": "store",
                                              "Startup Cost": 0.0,
                                              "Total Cost": 6.02,
                                              "Plan Rows": 102,
                                              "Plan Width": 4,
                                              "parent": 14,
                                              "ID": 15
                                            }
                                          ],
                                          "parent": 8,
                                          "ID": 14,
                                          "left": 15
                                        }
                                      ],
                                      "parent": 7,
                                      "ID": 8,
                                      "left": 9,
                                      "right": 14
                                    }
                                  ],
                                  "parent": 6,
                                  "ID": 7,
                                  "left": 8
                                }
                              ],
                              "parent": 5,
                              "ID": 6,
                              "left": 7
                            }
                          ],
                          "parent": 4,
                          "ID": 5,
                          "left": 6
                        },
                        {
                          "Node Type": "Aggregate",
                          "Strategy": "Sorted",
                          "Partial Mode": "Finalize",
                          "Parent Relationship": "Inner",
                          "Parallel Aware": false,
                          "Async Capable": false,
                          "Startup Cost": 67464.0,
                          "Total Cost": 67505.8,
                          "Plan Rows": 102,
                          "Plan Width": 68,
                          "Group Key": [
                            "store_1.s_store_sk"
                          ],
                          "Plans": [
                            {
                              "Node Type": "Gather Merge",
                              "Parent Relationship": "Outer",
                              "Parallel Aware": false,
                              "Async Capable": false,
                              "Startup Cost": 67464.0,
                              "Total Cost": 67501.72,
                              "Plan Rows": 204,
                              "Plan Width": 68,
                              "Workers Planned": 2,
                              "Plans": [
                                {
                                  "Node Type": "Aggregate",
                                  "Strategy": "Sorted",
                                  "Partial Mode": "Partial",
                                  "Parent Relationship": "Outer",
                                  "Parallel Aware": false,
                                  "Async Capable": false,
                                  "Startup Cost": 66463.97,
                                  "Total Cost": 66478.15,
                                  "Plan Rows": 102,
                                  "Plan Width": 68,
                                  "Group Key": [
                                    "store_1.s_store_sk"
                                  ],
                                  "Plans": [
                                    {
                                      "Node Type": "Merge Join",
                                      "Parent Relationship": "Outer",
                                      "Parallel Aware": false,
                                      "Async Capable": false,
                                      "Join Type": "Inner",
                                      "Startup Cost": 66463.97,
                                      "Total Cost": 66473.17,
                                      "Plan Rows": 460,
                                      "Plan Width": 16,
                                      "Inner Unique": false,
                                      "Merge Cond": "(store_returns.sr_store_sk = store_1.s_store_sk)",
                                      "Plans": [
                                        {
                                          "Node Type": "Sort",
                                          "Parent Relationship": "Outer",
                                          "Parallel Aware": false,
                                          "Async Capable": false,
                                          "Startup Cost": 66454.55,
                                          "Total Cost": 66455.74,
                                          "Plan Rows": 476,
                                          "Plan Width": 16,
                                          "Sort Key": [
                                            "store_returns.sr_store_sk"
                                          ],
                                          "Plans": [
                                            {
                                              "Node Type": "Hash Join",
                                              "Parent Relationship": "Outer",
                                              "Parallel Aware": true,
                                              "Async Capable": false,
                                              "Join Type": "Inner",
                                              "Startup Cost": 2049.78,
                                              "Total Cost": 66433.38,
                                              "Plan Rows": 476,
                                              "Plan Width": 16,
                                              "Inner Unique": false,
                                              "Hash Cond": "(store_returns.sr_returned_date_sk = date_dim_1.d_date_sk)",
                                              "Plans": [
                                                {
                                                  "Node Type": "Seq Scan",
                                                  "Parent Relationship": "Outer",
                                                  "Parallel Aware": true,
                                                  "Async Capable": false,
                                                  "Relation Name": "store_returns",
                                                  "Alias": "store_returns",
                                                  "Startup Cost": 0.0,
                                                  "Total Cost": 59887.64,
                                                  "Plan Rows": 1198164,
                                                  "Plan Width": 20,
                                                  "parent": 21,
                                                  "ID": 22
                                                },
                                                {
                                                  "Node Type": "Hash",
                                                  "Parent Relationship": "Inner",
                                                  "Parallel Aware": true,
                                                  "Async Capable": false,
                                                  "Startup Cost": 2049.55,
                                                  "Total Cost": 2049.55,
                                                  "Plan Rows": 18,
                                                  "Plan Width": 4,
                                                  "Plans": [
                                                    {
                                                      "Node Type": "Seq Scan",
                                                      "Parent Relationship": "Outer",
                                                      "Parallel Aware": true,
                                                      "Async Capable": false,
                                                      "Relation Name": "date_dim",
                                                      "Alias": "date_dim_1",
                                                      "Startup Cost": 0.0,
                                                      "Total Cost": 2049.55,
                                                      "Plan Rows": 18,
                                                      "Plan Width": 4,
                                                      "Filter": "((d_date >= '1999-08-14'::date) AND (d_date <= '1999-09-13 00:00:00'::timestamp without time zone))",
                                                      "parent": 23,
                                                      "ID": 24
                                                    }
                                                  ],
                                                  "parent": 21,
                                                  "ID": 23,
                                                  "left": 24
                                                }
                                              ],
                                              "parent": 20,
                                              "ID": 21,
                                              "left": 22,
                                              "right": 23
                                            }
                                          ],
                                          "parent": 19,
                                          "ID": 20,
                                          "left": 21
                                        },
                                        {
                                          "Node Type": "Sort",
                                          "Parent Relationship": "Inner",
                                          "Parallel Aware": false,
                                          "Async Capable": false,
                                          "Startup Cost": 9.42,
                                          "Total Cost": 9.68,
                                          "Plan Rows": 102,
                                          "Plan Width": 4,
                                          "Sort Key": [
                                            "store_1.s_store_sk"
                                          ],
                                          "Plans": [
                                            {
                                              "Node Type": "Seq Scan",
                                              "Parent Relationship": "Outer",
                                              "Parallel Aware": false,
                                              "Async Capable": false,
                                              "Relation Name": "store",
                                              "Alias": "store_1",
                                              "Startup Cost": 0.0,
                                              "Total Cost": 6.02,
                                              "Plan Rows": 102,
                                              "Plan Width": 4,
                                              "parent": 25,
                                              "ID": 26
                                            }
                                          ],
                                          "parent": 19,
                                          "ID": 25,
                                          "left": 26
                                        }
                                      ],
                                      "parent": 18,
                                      "ID": 19,
                                      "left": 20,
                                      "right": 25
                                    }
                                  ],
                                  "parent": 17,
                                  "ID": 18,
                                  "left": 19
                                }
                              ],
                              "parent": 16,
                              "ID": 17,
                              "left": 18
                            }
                          ],
                          "parent": 4,
                          "ID": 16,
                          "left": 17
                        }
                      ],
                      "parent": 3,
                      "ID": 4,
                      "left": 5,
                      "right": 16
                    },
                    {
                      "Node Type": "Nested Loop",
                      "Parent Relationship": "Member",
                      "Parallel Aware": false,
                      "Async Capable": false,
                      "Join Type": "Inner",
                      "Startup Cost": 499452.25,
                      "Total Cost": 499502.11,
                      "Plan Rows": 576,
                      "Plan Width": 132,
                      "Inner Unique": false,
                      "Plans": [
                        {
                          "Node Type": "Aggregate",
                          "Strategy": "Sorted",
                          "Partial Mode": "Finalize",
                          "Parent Relationship": "Outer",
                          "Parallel Aware": false,
                          "Async Capable": false,
                          "Startup Cost": 459392.64,
                          "Total Cost": 459424.0,
                          "Plan Rows": 24,
                          "Plan Width": 68,
                          "Group Key": [
                            "catalog_sales.cs_call_center_sk"
                          ],
                          "Plans": [
                            {
                              "Node Type": "Gather Merge",
                              "Parent Relationship": "Outer",
                              "Parallel Aware": false,
                              "Async Capable": false,
                              "Startup Cost": 459392.64,
                              "Total Cost": 459423.04,
                              "Plan Rows": 48,
                              "Plan Width": 68,
                              "Workers Planned": 2,
                              "Plans": [
                                {
                                  "Node Type": "Aggregate",
                                  "Strategy": "Sorted",
                                  "Partial Mode": "Partial",
                                  "Parent Relationship": "Outer",
                                  "Parallel Aware": false,
                                  "Async Capable": false,
                                  "Startup Cost": 458392.62,
                                  "Total Cost": 458417.48,
                                  "Plan Rows": 24,
                                  "Plan Width": 68,
                                  "Group Key": [
                                    "catalog_sales.cs_call_center_sk"
                                  ],
                                  "Plans": [
                                    {
                                      "Node Type": "Sort",
                                      "Parent Relationship": "Outer",
                                      "Parallel Aware": false,
                                      "Async Capable": false,
                                      "Startup Cost": 458392.62,
                                      "Total Cost": 458398.74,
                                      "Plan Rows": 2450,
                                      "Plan Width": 16,
                                      "Sort Key": [
                                        "catalog_sales.cs_call_center_sk"
                                      ],
                                      "Plans": [
                                        {
                                          "Node Type": "Hash Join",
                                          "Parent Relationship": "Outer",
                                          "Parallel Aware": true,
                                          "Async Capable": false,
                                          "Join Type": "Inner",
                                          "Startup Cost": 2049.78,
                                          "Total Cost": 458254.7,
                                          "Plan Rows": 2450,
                                          "Plan Width": 16,
                                          "Inner Unique": false,
                                          "Hash Cond": "(catalog_sales.cs_sold_date_sk = date_dim_2.d_date_sk)",
                                          "Plans": [
                                            {
                                              "Node Type": "Seq Scan",
                                              "Parent Relationship": "Outer",
                                              "Parallel Aware": true,
                                              "Async Capable": false,
                                              "Relation Name": "catalog_sales",
                                              "Alias": "catalog_sales",
                                              "Startup Cost": 0.0,
                                              "Total Cost": 433688.25,
                                              "Plan Rows": 6000525,
                                              "Plan Width": 20,
                                              "parent": 32,
                                              "ID": 33
                                            },
                                            {
                                              "Node Type": "Hash",
                                              "Parent Relationship": "Inner",
                                              "Parallel Aware": true,
                                              "Async Capable": false,
                                              "Startup Cost": 2049.55,
                                              "Total Cost": 2049.55,
                                              "Plan Rows": 18,
                                              "Plan Width": 4,
                                              "Plans": [
                                                {
                                                  "Node Type": "Seq Scan",
                                                  "Parent Relationship": "Outer",
                                                  "Parallel Aware": true,
                                                  "Async Capable": false,
                                                  "Relation Name": "date_dim",
                                                  "Alias": "date_dim_2",
                                                  "Startup Cost": 0.0,
                                                  "Total Cost": 2049.55,
                                                  "Plan Rows": 18,
                                                  "Plan Width": 4,
                                                  "Filter": "((d_date >= '1999-08-14'::date) AND (d_date <= '1999-09-13 00:00:00'::timestamp without time zone))",
                                                  "parent": 34,
                                                  "ID": 35
                                                }
                                              ],
                                              "parent": 32,
                                              "ID": 34,
                                              "left": 35
                                            }
                                          ],
                                          "parent": 31,
                                          "ID": 32,
                                          "left": 33,
                                          "right": 34
                                        }
                                      ],
                                      "parent": 30,
                                      "ID": 31,
                                      "left": 32
                                    }
                                  ],
                                  "parent": 29,
                                  "ID": 30,
                                  "left": 31
                                }
                              ],
                              "parent": 28,
                              "ID": 29,
                              "left": 30
                            }
                          ],
                          "parent": 27,
                          "ID": 28,
                          "left": 29
                        },
                        {
                          "Node Type": "Materialize",
                          "Parent Relationship": "Inner",
                          "Parallel Aware": false,
                          "Async Capable": false,
                          "Startup Cost": 40059.61,
                          "Total Cost": 40069.29,
                          "Plan Rows": 24,
                          "Plan Width": 64,
                          "Plans": [
                            {
                              "Node Type": "Subquery Scan",
                              "Parent Relationship": "Outer",
                              "Parallel Aware": false,
                              "Async Capable": false,
                              "Alias": "cr",
                              "Startup Cost": 40059.61,
                              "Total Cost": 40069.17,
                              "Plan Rows": 24,
                              "Plan Width": 64,
                              "Plans": [
                                {
                                  "Node Type": "Aggregate",
                                  "Strategy": "Sorted",
                                  "Partial Mode": "Finalize",
                                  "Parent Relationship": "Subquery",
                                  "Parallel Aware": false,
                                  "Async Capable": false,
                                  "Startup Cost": 40059.61,
                                  "Total Cost": 40068.93,
                                  "Plan Rows": 24,
                                  "Plan Width": 68,
                                  "Group Key": [
                                    "catalog_returns.cr_call_center_sk"
                                  ],
                                  "Plans": [
                                    {
                                      "Node Type": "Gather Merge",
                                      "Parent Relationship": "Outer",
                                      "Parallel Aware": false,
                                      "Async Capable": false,
                                      "Startup Cost": 40059.61,
                                      "Total Cost": 40067.97,
                                      "Plan Rows": 48,
                                      "Plan Width": 68,
                                      "Workers Planned": 2,
                                      "Plans": [
                                        {
                                          "Node Type": "Aggregate",
                                          "Strategy": "Sorted",
                                          "Partial Mode": "Partial",
                                          "Parent Relationship": "Outer",
                                          "Parallel Aware": false,
                                          "Async Capable": false,
                                          "Startup Cost": 39059.58,
                                          "Total Cost": 39062.4,
                                          "Plan Rows": 24,
                                          "Plan Width": 68,
                                          "Group Key": [
                                            "catalog_returns.cr_call_center_sk"
                                          ],
                                          "Plans": [
                                            {
                                              "Node Type": "Sort",
                                              "Parent Relationship": "Outer",
                                              "Parallel Aware": false,
                                              "Async Capable": false,
                                              "Startup Cost": 39059.58,
                                              "Total Cost": 39060.2,
                                              "Plan Rows": 246,
                                              "Plan Width": 16,
                                              "Sort Key": [
                                                "catalog_returns.cr_call_center_sk"
                                              ],
                                              "Plans": [
                                                {
                                                  "Node Type": "Hash Join",
                                                  "Parent Relationship": "Outer",
                                                  "Parallel Aware": true,
                                                  "Async Capable": false,
                                                  "Join Type": "Inner",
                                                  "Startup Cost": 2049.78,
                                                  "Total Cost": 39049.82,
                                                  "Plan Rows": 246,
                                                  "Plan Width": 16,
                                                  "Inner Unique": false,
                                                  "Hash Cond": "(catalog_returns.cr_returned_date_sk = date_dim_3.d_date_sk)",
                                                  "Plans": [
                                                    {
                                                      "Node Type": "Seq Scan",
                                                      "Parent Relationship": "Outer",
                                                      "Parallel Aware": true,
                                                      "Async Capable": false,
                                                      "Relation Name": "catalog_returns",
                                                      "Alias": "catalog_returns",
                                                      "Startup Cost": 0.0,
                                                      "Total Cost": 34748.95,
                                                      "Plan Rows": 599895,
                                                      "Plan Width": 20,
                                                      "parent": 42,
                                                      "ID": 43
                                                    },
                                                    {
                                                      "Node Type": "Hash",
                                                      "Parent Relationship": "Inner",
                                                      "Parallel Aware": true,
                                                      "Async Capable": false,
                                                      "Startup Cost": 2049.55,
                                                      "Total Cost": 2049.55,
                                                      "Plan Rows": 18,
                                                      "Plan Width": 4,
                                                      "Plans": [
                                                        {
                                                          "Node Type": "Seq Scan",
                                                          "Parent Relationship": "Outer",
                                                          "Parallel Aware": true,
                                                          "Async Capable": false,
                                                          "Relation Name": "date_dim",
                                                          "Alias": "date_dim_3",
                                                          "Startup Cost": 0.0,
                                                          "Total Cost": 2049.55,
                                                          "Plan Rows": 18,
                                                          "Plan Width": 4,
                                                          "Filter": "((d_date >= '1999-08-14'::date) AND (d_date <= '1999-09-13 00:00:00'::timestamp without time zone))",
                                                          "parent": 44,
                                                          "ID": 45
                                                        }
                                                      ],
                                                      "parent": 42,
                                                      "ID": 44,
                                                      "left": 45
                                                    }
                                                  ],
                                                  "parent": 41,
                                                  "ID": 42,
                                                  "left": 43,
                                                  "right": 44
                                                }
                                              ],
                                              "parent": 40,
                                              "ID": 41,
                                              "left": 42
                                            }
                                          ],
                                          "parent": 39,
                                          "ID": 40,
                                          "left": 41
                                        }
                                      ],
                                      "parent": 38,
                                      "ID": 39,
                                      "left": 40
                                    }
                                  ],
                                  "parent": 37,
                                  "ID": 38,
                                  "left": 39
                                }
                              ],
                              "parent": 36,
                              "ID": 37,
                              "left": 38
                            }
                          ],
                          "parent": 27,
                          "ID": 36,
                          "left": 37
                        }
                      ],
                      "parent": 3,
                      "ID": 27,
                      "left": 28,
                      "right": 36
                    },
                    {
                      "Node Type": "Merge Join",
                      "Parent Relationship": "Member",
                      "Parallel Aware": false,
                      "Async Capable": false,
                      "Join Type": "Left",
                      "Startup Cost": 252590.79,
                      "Total Cost": 252726.18,
                      "Plan Rows": 200,
                      "Plan Width": 132,
                      "Inner Unique": true,
                      "Merge Cond": "(web_page.wp_web_page_sk = web_page_1.wp_web_page_sk)",
                      "Plans": [
                        {
                          "Node Type": "Aggregate",
                          "Strategy": "Sorted",
                          "Partial Mode": "Finalize",
                          "Parent Relationship": "Outer",
                          "Parallel Aware": false,
                          "Async Capable": false,
                          "Startup Cost": 232119.07,
                          "Total Cost": 232210.1,
                          "Plan Rows": 200,
                          "Plan Width": 68,
                          "Group Key": [
                            "web_page.wp_web_page_sk"
                          ],
                          "Plans": [
                            {
                              "Node Type": "Gather Merge",
                              "Parent Relationship": "Outer",
                              "Parallel Aware": false,
                              "Async Capable": false,
                              "Startup Cost": 232119.07,
                              "Total Cost": 232202.1,
                              "Plan Rows": 400,
                              "Plan Width": 68,
                              "Workers Planned": 2,
                              "Plans": [
                                {
                                  "Node Type": "Aggregate",
                                  "Strategy": "Sorted",
                                  "Partial Mode": "Partial",
                                  "Parent Relationship": "Outer",
                                  "Parallel Aware": false,
                                  "Async Capable": false,
                                  "Startup Cost": 231119.05,
                                  "Total Cost": 231155.9,
                                  "Plan Rows": 200,
                                  "Plan Width": 68,
                                  "Group Key": [
                                    "web_page.wp_web_page_sk"
                                  ],
                                  "Plans": [
                                    {
                                      "Node Type": "Merge Join",
                                      "Parent Relationship": "Outer",
                                      "Parallel Aware": false,
                                      "Async Capable": false,
                                      "Join Type": "Inner",
                                      "Startup Cost": 231119.05,
                                      "Total Cost": 231143.67,
                                      "Plan Rows": 1231,
                                      "Plan Width": 16,
                                      "Inner Unique": false,
                                      "Merge Cond": "(web_sales.ws_web_page_sk = web_page.wp_web_page_sk)",
                                      "Plans": [
                                        {
                                          "Node Type": "Sort",
                                          "Parent Relationship": "Outer",
                                          "Parallel Aware": false,
                                          "Async Capable": false,
                                          "Startup Cost": 231104.41,
                                          "Total Cost": 231107.48,
                                          "Plan Rows": 1231,
                                          "Plan Width": 16,
                                          "Sort Key": [
                                            "web_sales.ws_web_page_sk"
                                          ],
                                          "Plans": [
                                            {
                                              "Node Type": "Hash Join",
                                              "Parent Relationship": "Outer",
                                              "Parallel Aware": true,
                                              "Async Capable": false,
                                              "Join Type": "Inner",
                                              "Startup Cost": 2049.78,
                                              "Total Cost": 231041.22,
                                              "Plan Rows": 1231,
                                              "Plan Width": 16,
                                              "Inner Unique": false,
                                              "Hash Cond": "(web_sales.ws_sold_date_sk = date_dim_4.d_date_sk)",
                                              "Plans": [
                                                {
                                                  "Node Type": "Seq Scan",
                                                  "Parent Relationship": "Outer",
                                                  "Parallel Aware": true,
                                                  "Async Capable": false,
                                                  "Relation Name": "web_sales",
                                                  "Alias": "web_sales",
                                                  "Startup Cost": 0.0,
                                                  "Total Cost": 217737.86,
                                                  "Plan Rows": 2998986,
                                                  "Plan Width": 20,
                                                  "parent": 52,
                                                  "ID": 53
                                                },
                                                {
                                                  "Node Type": "Hash",
                                                  "Parent Relationship": "Inner",
                                                  "Parallel Aware": true,
                                                  "Async Capable": false,
                                                  "Startup Cost": 2049.55,
                                                  "Total Cost": 2049.55,
                                                  "Plan Rows": 18,
                                                  "Plan Width": 4,
                                                  "Plans": [
                                                    {
                                                      "Node Type": "Seq Scan",
                                                      "Parent Relationship": "Outer",
                                                      "Parallel Aware": true,
                                                      "Async Capable": false,
                                                      "Relation Name": "date_dim",
                                                      "Alias": "date_dim_4",
                                                      "Startup Cost": 0.0,
                                                      "Total Cost": 2049.55,
                                                      "Plan Rows": 18,
                                                      "Plan Width": 4,
                                                      "Filter": "((d_date >= '1999-08-14'::date) AND (d_date <= '1999-09-13 00:00:00'::timestamp without time zone))",
                                                      "parent": 54,
                                                      "ID": 55
                                                    }
                                                  ],
                                                  "parent": 52,
                                                  "ID": 54,
                                                  "left": 55
                                                }
                                              ],
                                              "parent": 51,
                                              "ID": 52,
                                              "left": 53,
                                              "right": 54
                                            }
                                          ],
                                          "parent": 50,
                                          "ID": 51,
                                          "left": 52
                                        },
                                        {
                                          "Node Type": "Sort",
                                          "Parent Relationship": "Inner",
                                          "Parallel Aware": false,
                                          "Async Capable": false,
                                          "Startup Cost": 14.64,
                                          "Total Cost": 15.14,
                                          "Plan Rows": 200,
                                          "Plan Width": 4,
                                          "Sort Key": [
                                            "web_page.wp_web_page_sk"
                                          ],
                                          "Plans": [
                                            {
                                              "Node Type": "Seq Scan",
                                              "Parent Relationship": "Outer",
                                              "Parallel Aware": false,
                                              "Async Capable": false,
                                              "Relation Name": "web_page",
                                              "Alias": "web_page",
                                              "Startup Cost": 0.0,
                                              "Total Cost": 7.0,
                                              "Plan Rows": 200,
                                              "Plan Width": 4,
                                              "parent": 56,
                                              "ID": 57
                                            }
                                          ],
                                          "parent": 50,
                                          "ID": 56,
                                          "left": 57
                                        }
                                      ],
                                      "parent": 49,
                                      "ID": 50,
                                      "left": 51,
                                      "right": 56
                                    }
                                  ],
                                  "parent": 48,
                                  "ID": 49,
                                  "left": 50
                                }
                              ],
                              "parent": 47,
                              "ID": 48,
                              "left": 49
                            }
                          ],
                          "parent": 46,
                          "ID": 47,
                          "left": 48
                        },
                        {
                          "Node Type": "Aggregate",
                          "Strategy": "Sorted",
                          "Partial Mode": "Finalize",
                          "Parent Relationship": "Inner",
                          "Parallel Aware": false,
                          "Async Capable": false,
                          "Startup Cost": 20471.72,
                          "Total Cost": 20508.59,
                          "Plan Rows": 200,
                          "Plan Width": 68,
                          "Group Key": [
                            "web_page_1.wp_web_page_sk"
                          ],
                          "Plans": [
                            {
                              "Node Type": "Gather Merge",
                              "Parent Relationship": "Outer",
                              "Parallel Aware": false,
                              "Async Capable": false,
                              "Startup Cost": 20471.72,
                              "Total Cost": 20502.79,
                              "Plan Rows": 224,
                              "Plan Width": 68,
                              "Workers Planned": 2,
                              "Plans": [
                                {
                                  "Node Type": "Aggregate",
                                  "Strategy": "Sorted",
                                  "Partial Mode": "Partial",
                                  "Parent Relationship": "Outer",
                                  "Parallel Aware": false,
                                  "Async Capable": false,
                                  "Startup Cost": 19471.69,
                                  "Total Cost": 19476.91,
                                  "Plan Rows": 112,
                                  "Plan Width": 68,
                                  "Group Key": [
                                    "web_page_1.wp_web_page_sk"
                                  ],
                                  "Plans": [
                                    {
                                      "Node Type": "Merge Join",
                                      "Parent Relationship": "Outer",
                                      "Parallel Aware": false,
                                      "Async Capable": false,
                                      "Join Type": "Inner",
                                      "Startup Cost": 19471.69,
                                      "Total Cost": 19474.39,
                                      "Plan Rows": 112,
                                      "Plan Width": 16,
                                      "Inner Unique": false,
                                      "Merge Cond": "(web_returns.wr_web_page_sk = web_page_1.wp_web_page_sk)",
                                      "Plans": [
                                        {
                                          "Node Type": "Sort",
                                          "Parent Relationship": "Outer",
                                          "Parallel Aware": false,
                                          "Async Capable": false,
                                          "Startup Cost": 19457.05,
                                          "Total Cost": 19457.35,
                                          "Plan Rows": 118,
                                          "Plan Width": 16,
                                          "Sort Key": [
                                            "web_returns.wr_web_page_sk"
                                          ],
                                          "Plans": [
                                            {
                                              "Node Type": "Hash Join",
                                              "Parent Relationship": "Outer",
                                              "Parallel Aware": true,
                                              "Async Capable": false,
                                              "Join Type": "Inner",
                                              "Startup Cost": 2049.78,
                                              "Total Cost": 19452.99,
                                              "Plan Rows": 118,
                                              "Plan Width": 16,
                                              "Inner Unique": false,
                                              "Hash Cond": "(web_returns.wr_returned_date_sk = date_dim_5.d_date_sk)",
                                              "Plans": [
                                                {
                                                  "Node Type": "Seq Scan",
                                                  "Parent Relationship": "Outer",
                                                  "Parallel Aware": true,
                                                  "Async Capable": false,
                                                  "Relation Name": "web_returns",
                                                  "Alias": "web_returns",
                                                  "Startup Cost": 0.0,
                                                  "Total Cost": 16278.74,
                                                  "Plan Rows": 299674,
                                                  "Plan Width": 20,
                                                  "parent": 63,
                                                  "ID": 64
                                                },
                                                {
                                                  "Node Type": "Hash",
                                                  "Parent Relationship": "Inner",
                                                  "Parallel Aware": true,
                                                  "Async Capable": false,
                                                  "Startup Cost": 2049.55,
                                                  "Total Cost": 2049.55,
                                                  "Plan Rows": 18,
                                                  "Plan Width": 4,
                                                  "Plans": [
                                                    {
                                                      "Node Type": "Seq Scan",
                                                      "Parent Relationship": "Outer",
                                                      "Parallel Aware": true,
                                                      "Async Capable": false,
                                                      "Relation Name": "date_dim",
                                                      "Alias": "date_dim_5",
                                                      "Startup Cost": 0.0,
                                                      "Total Cost": 2049.55,
                                                      "Plan Rows": 18,
                                                      "Plan Width": 4,
                                                      "Filter": "((d_date >= '1999-08-14'::date) AND (d_date <= '1999-09-13 00:00:00'::timestamp without time zone))",
                                                      "parent": 65,
                                                      "ID": 66
                                                    }
                                                  ],
                                                  "parent": 63,
                                                  "ID": 65,
                                                  "left": 66
                                                }
                                              ],
                                              "parent": 62,
                                              "ID": 63,
                                              "left": 64,
                                              "right": 65
                                            }
                                          ],
                                          "parent": 61,
                                          "ID": 62,
                                          "left": 63
                                        },
                                        {
                                          "Node Type": "Sort",
                                          "Parent Relationship": "Inner",
                                          "Parallel Aware": false,
                                          "Async Capable": false,
                                          "Startup Cost": 14.64,
                                          "Total Cost": 15.14,
                                          "Plan Rows": 200,
                                          "Plan Width": 4,
                                          "Sort Key": [
                                            "web_page_1.wp_web_page_sk"
                                          ],
                                          "Plans": [
                                            {
                                              "Node Type": "Seq Scan",
                                              "Parent Relationship": "Outer",
                                              "Parallel Aware": false,
                                              "Async Capable": false,
                                              "Relation Name": "web_page",
                                              "Alias": "web_page_1",
                                              "Startup Cost": 0.0,
                                              "Total Cost": 7.0,
                                              "Plan Rows": 200,
                                              "Plan Width": 4,
                                              "parent": 67,
                                              "ID": 68
                                            }
                                          ],
                                          "parent": 61,
                                          "ID": 67,
                                          "left": 68
                                        }
                                      ],
                                      "parent": 60,
                                      "ID": 61,
                                      "left": 62,
                                      "right": 67
                                    }
                                  ],
                                  "parent": 59,
                                  "ID": 60,
                                  "left": 61
                                }
                              ],
                              "parent": 58,
                              "ID": 59,
                              "left": 60
                            }
                          ],
                          "parent": 46,
                          "ID": 58,
                          "left": 59
                        }
                      ],
                      "parent": 3,
                      "ID": 46,
                      "left": 47,
                      "right": 58
                    }
                  ],
                  "parent": 2,
                  "ID": 3,
                  "left": 4,
                  "right": 27
                }
              ],
              "parent": 1,
              "ID": 2,
              "left": 3
            }
          ],
          "parent": 0,
          "ID": 1,
          "left": 2
        }
      ],
      "parent": null,
      "ID": 0,
      "left": 1
    },
    "feat": {
      "utility": 0.0,
      "query_shape": [
        [
          "Seq Scan",
          "Hash Join",
          "Sort",
          "Merge Join",
          "Aggregate",
          "Gather Merge",
          "Append"
        ],
        [
          "Seq Scan",
          "Hash",
          "Hash Join",
          "Sort",
          "Merge Join",
          "Aggregate",
          "Gather Merge",
          "Append"
        ],
        [
          "Seq Scan",
          "Sort",
          "Merge Join",
          "Aggregate",
          "Gather Merge",
          "Append"
        ],
        [
          "Seq Scan",
          "Hash Join",
          "Sort",
          "Merge Join",
          "Aggregate",
          "Gather Merge",
          "Append"
        ],
        [
          "Seq Scan",
          "Hash",
          "Hash Join",
          "Sort",
          "Merge Join",
          "Aggregate",
          "Gather Merge",
          "Append"
        ],
        [
          "Seq Scan",
          "Sort",
          "Merge Join",
          "Aggregate",
          "Gather Merge",
          "Append"
        ],
        [
          "Seq Scan",
          "Hash Join",
          "Sort",
          "Aggregate",
          "Gather Merge",
          "Nested Loop",
          "Append"
        ],
        [
          "Seq Scan",
          "Hash",
          "Hash Join",
          "Sort",
          "Aggregate",
          "Gather Merge",
          "Nested Loop",
          "Append"
        ],
        [
          "Seq Scan",
          "Hash Join",
          "Sort",
          "Aggregate",
          "Gather Merge",
          "Subquery Scan",
          "Materialize",
          "Nested Loop",
          "Append"
        ],
        [
          "Seq Scan",
          "Hash",
          "Hash Join",
          "Sort",
          "Aggregate",
          "Gather Merge",
          "Subquery Scan",
          "Materialize",
          "Nested Loop",
          "Append"
        ],
        [
          "Seq Scan",
          "Hash Join",
          "Sort",
          "Merge Join",
          "Aggregate",
          "Gather Merge",
          "Append"
        ],
        [
          "Seq Scan",
          "Hash",
          "Hash Join",
          "Sort",
          "Merge Join",
          "Aggregate",
          "Gather Merge",
          "Append"
        ],
        [
          "Seq Scan",
          "Sort",
          "Merge Join",
          "Aggregate",
          "Gather Merge",
          "Append"
        ],
        [
          "Seq Scan",
          "Hash Join",
          "Sort",
          "Merge Join",
          "Aggregate",
          "Gather Merge",
          "Append"
        ],
        [
          "Seq Scan",
          "Hash",
          "Hash Join",
          "Sort",
          "Merge Join",
          "Aggregate",
          "Gather Merge",
          "Append"
        ],
        [
          "Seq Scan",
          "Sort",
          "Merge Join",
          "Aggregate",
          "Gather Merge",
          "Append"
        ]
      ],
      "index_shape": [
        "order-by"
      ],
      "physical_operator": {
        "Sort": [
          "[ 1.  1.  1.  1.  1.  2.  2.  3.  3.  4.  5.  5.  6.  7.  7.  7.  7.  8.\n  8.  8.  9. 10. 10. 11. 11. 13. 13. 13. 13. 13. 14. 14. 15. 15. 16. 17.\n 17. 18. 19. 19. 19. 19. 20. 20. 20. 21. 22. 22. 23. 23. 24.]"
        ],
        "Aggregate": [
          "[ 1.  1.  1.  1.  1.  2.  2.  3.  3.  4.  5.  5.  6.  7.  7.  7.  7.  8.\n  8.  8.  9. 10. 10. 11. 11. 13. 13. 13. 13. 13. 14. 14. 15. 15. 16. 17.\n 17. 18. 19. 19. 19. 19. 20. 20. 20. 21. 22. 22. 23. 23. 24.]",
          "[ 1.  1.  1.  1.  1.  2.  2.  3.  3.  4.  5.  5.  6.  7.  7.  7.  7.  8.\n  8.  8.  9. 10. 10. 11. 11. 13. 13. 13. 13. 13. 14. 14. 15. 15. 16. 17.\n 17. 18. 19. 19. 19. 19. 20. 20. 20. 21. 22. 22. 23. 23. 24.]"
        ]
      }
    }
  },
  {
    "query": "with ss as\n (select s_store_sk,\n         sum(ss_ext_sales_price) as sales,\n         sum(ss_net_profit) as profit\n from store_sales,\n      date_dim,\n      store\n where ss_sold_date_sk = d_date_sk\n       and d_date between cast('1999-08-14' as date) \n                  and (cast('1999-08-14' as date) +  interval '30 days') \n       and ss_store_sk = s_store_sk\n group by s_store_sk)\n ,\n sr as\n (select s_store_sk,\n         sum(sr_return_amt) as returns,\n         sum(sr_net_loss) as profit_loss\n from store_returns,\n      date_dim,\n      store\n where sr_returned_date_sk = d_date_sk\n       and d_date between cast('1999-08-14' as date)\n                  and (cast('1999-08-14' as date) +  interval '30 days')\n       and sr_store_sk = s_store_sk\n group by s_store_sk), \n cs as\n (select cs_call_center_sk,\n        sum(cs_ext_sales_price) as sales,\n        sum(cs_net_profit) as profit\n from catalog_sales,\n      date_dim\n where cs_sold_date_sk = d_date_sk\n       and d_date between cast('1999-08-14' as date)\n                  and (cast('1999-08-14' as date) +  interval '30 days')\n group by cs_call_center_sk \n ), \n cr as\n (select cr_call_center_sk,\n         sum(cr_return_amount) as returns,\n         sum(cr_net_loss) as profit_loss\n from catalog_returns,\n      date_dim\n where cr_returned_date_sk = d_date_sk\n       and d_date between cast('1999-08-14' as date)\n                  and (cast('1999-08-14' as date) +  interval '30 days')\n group by cr_call_center_sk\n ), \n ws as\n ( select wp_web_page_sk,\n        sum(ws_ext_sales_price) as sales,\n        sum(ws_net_profit) as profit\n from web_sales,\n      date_dim,\n      web_page\n where ws_sold_date_sk = d_date_sk\n       and d_date between cast('1999-08-14' as date)\n                  and (cast('1999-08-14' as date) +  interval '30 days')\n       and ws_web_page_sk = wp_web_page_sk\n group by wp_web_page_sk), \n wr as\n (select wp_web_page_sk,\n        sum(wr_return_amt) as returns,\n        sum(wr_net_loss) as profit_loss\n from web_returns,\n      date_dim,\n      web_page\n where wr_returned_date_sk = d_date_sk\n       and d_date between cast('1999-08-14' as date)\n                  and (cast('1999-08-14' as date) +  interval '30 days')\n       and wr_web_page_sk = wp_web_page_sk\n group by wp_web_page_sk)\n  select  channel\n        , id\n        , sum(sales) as sales\n        , sum(returns) as returns\n        , sum(profit) as profit\n from \n (select 'store channel' as channel\n        , ss.s_store_sk as id\n        , sales\n        , coalesce(returns, 0) as returns\n        , (profit - coalesce(profit_loss,0)) as profit\n from   ss left join sr\n        on  ss.s_store_sk = sr.s_store_sk\n union all\n select 'catalog channel' as channel\n        , cs_call_center_sk as id\n        , sales\n        , returns\n        , (profit - profit_loss) as profit\n from  cs\n       , cr\n union all\n select 'web channel' as channel\n        , ws.wp_web_page_sk as id\n        , sales\n        , coalesce(returns, 0) as returns\n        , (profit - coalesce(profit_loss,0)) as profit\n from   ws left join wr\n        on  ws.wp_web_page_sk = wr.wp_web_page_sk\n ) x\n group by rollup (channel, id)\n order by channel\n         ,id\n limit 100;\n\n-- end query 58 in stream 0 using template query77.tpl\n",
    "indexes": "catalog_sales.cs_ext_sales_price",
    "wo plan est": {
      "Node Type": "Limit",
      "Parallel Aware": false,
      "Async Capable": false,
      "Startup Cost": 1505243.45,
      "Total Cost": 1505243.7,
      "Plan Rows": 100,
      "Plan Width": 132,
      "Plans": [
        {
          "Node Type": "Sort",
          "Parent Relationship": "Outer",
          "Parallel Aware": false,
          "Async Capable": false,
          "Startup Cost": 1505243.45,
          "Total Cost": 1505244.45,
          "Plan Rows": 401,
          "Plan Width": 132,
          "Sort Key": [
            "('store channel'::text)",
            "store.s_store_sk"
          ],
          "Plans": [
            {
              "Node Type": "Aggregate",
              "Strategy": "Mixed",
              "Partial Mode": "Simple",
              "Parent Relationship": "Outer",
              "Parallel Aware": false,
              "Async Capable": false,
              "Startup Cost": 752755.06,
              "Total Cost": 1505228.12,
              "Plan Rows": 401,
              "Plan Width": 132,
              "Grouping Sets": [
                {
                  "Hash Keys": [
                    [
                      "('store channel'::text)",
                      "store.s_store_sk"
                    ]
                  ]
                },
                {
                  "Hash Keys": [
                    [
                      "('store channel'::text)"
                    ]
                  ]
                },
                {
                  "Group Keys": [
                    []
                  ]
                }
              ],
              "Planned Partitions": 0,
              "Plans": [
                {
                  "Node Type": "Append",
                  "Parent Relationship": "Outer",
                  "Parallel Aware": false,
                  "Async Capable": false,
                  "Startup Cost": 752755.06,
                  "Total Cost": 1505194.76,
                  "Plan Rows": 878,
                  "Plan Width": 132,
                  "Subplans Removed": 0,
                  "Plans": [
                    {
                      "Node Type": "Merge Join",
                      "Parent Relationship": "Member",
                      "Parallel Aware": false,
                      "Async Capable": false,
                      "Join Type": "Left",
                      "Startup Cost": 752755.06,
                      "Total Cost": 752953.3,
                      "Plan Rows": 102,
                      "Plan Width": 132,
                      "Inner Unique": true,
                      "Merge Cond": "(store.s_store_sk = store_1.s_store_sk)",
                      "Plans": [
                        {
                          "Node Type": "Aggregate",
                          "Strategy": "Sorted",
                          "Partial Mode": "Finalize",
                          "Parent Relationship": "Outer",
                          "Parallel Aware": false,
                          "Async Capable": false,
                          "Startup Cost": 685291.07,
                          "Total Cost": 685443.67,
                          "Plan Rows": 102,
                          "Plan Width": 68,
                          "Group Key": [
                            "store.s_store_sk"
                          ],
                          "Plans": [
                            {
                              "Node Type": "Gather Merge",
                              "Parent Relationship": "Outer",
                              "Parallel Aware": false,
                              "Async Capable": false,
                              "Startup Cost": 685291.07,
                              "Total Cost": 685439.59,
                              "Plan Rows": 204,
                              "Plan Width": 68,
                              "Workers Planned": 2,
                              "Plans": [
                                {
                                  "Node Type": "Aggregate",
                                  "Strategy": "Sorted",
                                  "Partial Mode": "Partial",
                                  "Parent Relationship": "Outer",
                                  "Parallel Aware": false,
                                  "Async Capable": false,
                                  "Startup Cost": 684291.04,
                                  "Total Cost": 684416.02,
                                  "Plan Rows": 102,
                                  "Plan Width": 68,
                                  "Group Key": [
                                    "store.s_store_sk"
                                  ],
                                  "Plans": [
                                    {
                                      "Node Type": "Merge Join",
                                      "Parent Relationship": "Outer",
                                      "Parallel Aware": false,
                                      "Async Capable": false,
                                      "Join Type": "Inner",
                                      "Startup Cost": 684291.04,
                                      "Total Cost": 684380.82,
                                      "Plan Rows": 4489,
                                      "Plan Width": 16,
                                      "Inner Unique": false,
                                      "Merge Cond": "(store_sales.ss_store_sk = store.s_store_sk)",
                                      "Plans": [
                                        {
                                          "Node Type": "Sort",
                                          "Parent Relationship": "Outer",
                                          "Parallel Aware": false,
                                          "Async Capable": false,
                                          "Startup Cost": 684281.62,
                                          "Total Cost": 684293.38,
                                          "Plan Rows": 4703,
                                          "Plan Width": 16,
                                          "Sort Key": [
                                            "store_sales.ss_store_sk"
                                          ],
                                          "Plans": [
                                            {
                                              "Node Type": "Hash Join",
                                              "Parent Relationship": "Outer",
                                              "Parallel Aware": true,
                                              "Async Capable": false,
                                              "Join Type": "Inner",
                                              "Startup Cost": 2049.78,
                                              "Total Cost": 683994.75,
                                              "Plan Rows": 4703,
                                              "Plan Width": 16,
                                              "Inner Unique": false,
                                              "Hash Cond": "(store_sales.ss_sold_date_sk = date_dim.d_date_sk)",
                                              "Plans": [
                                                {
                                                  "Node Type": "Seq Scan",
                                                  "Parent Relationship": "Outer",
                                                  "Parallel Aware": true,
                                                  "Async Capable": false,
                                                  "Relation Name": "store_sales",
                                                  "Alias": "store_sales",
                                                  "Startup Cost": 0.0,
                                                  "Total Cost": 636914.37,
                                                  "Plan Rows": 12000637,
                                                  "Plan Width": 20,
                                                  "parent": 10,
                                                  "ID": 11
                                                },
                                                {
                                                  "Node Type": "Hash",
                                                  "Parent Relationship": "Inner",
                                                  "Parallel Aware": true,
                                                  "Async Capable": false,
                                                  "Startup Cost": 2049.55,
                                                  "Total Cost": 2049.55,
                                                  "Plan Rows": 18,
                                                  "Plan Width": 4,
                                                  "Plans": [
                                                    {
                                                      "Node Type": "Seq Scan",
                                                      "Parent Relationship": "Outer",
                                                      "Parallel Aware": true,
                                                      "Async Capable": false,
                                                      "Relation Name": "date_dim",
                                                      "Alias": "date_dim",
                                                      "Startup Cost": 0.0,
                                                      "Total Cost": 2049.55,
                                                      "Plan Rows": 18,
                                                      "Plan Width": 4,
                                                      "Filter": "((d_date >= '1999-08-14'::date) AND (d_date <= '1999-09-13 00:00:00'::timestamp without time zone))",
                                                      "parent": 12,
                                                      "ID": 13
                                                    }
                                                  ],
                                                  "parent": 10,
                                                  "ID": 12,
                                                  "left": 13
                                                }
                                              ],
                                              "parent": 9,
                                              "ID": 10,
                                              "left": 11,
                                              "right": 12
                                            }
                                          ],
                                          "parent": 8,
                                          "ID": 9,
                                          "left": 10
                                        },
                                        {
                                          "Node Type": "Sort",
                                          "Parent Relationship": "Inner",
                                          "Parallel Aware": false,
                                          "Async Capable": false,
                                          "Startup Cost": 9.42,
                                          "Total Cost": 9.68,
                                          "Plan Rows": 102,
                                          "Plan Width": 4,
                                          "Sort Key": [
                                            "store.s_store_sk"
                                          ],
                                          "Plans": [
                                            {
                                              "Node Type": "Seq Scan",
                                              "Parent Relationship": "Outer",
                                              "Parallel Aware": false,
                                              "Async Capable": false,
                                              "Relation Name": "store",
                                              "Alias": "store",
                                              "Startup Cost": 0.0,
                                              "Total Cost": 6.02,
                                              "Plan Rows": 102,
                                              "Plan Width": 4,
                                              "parent": 14,
                                              "ID": 15
                                            }
                                          ],
                                          "parent": 8,
                                          "ID": 14,
                                          "left": 15
                                        }
                                      ],
                                      "parent": 7,
                                      "ID": 8,
                                      "left": 9,
                                      "right": 14
                                    }
                                  ],
                                  "parent": 6,
                                  "ID": 7,
                                  "left": 8
                                }
                              ],
                              "parent": 5,
                              "ID": 6,
                              "left": 7
                            }
                          ],
                          "parent": 4,
                          "ID": 5,
                          "left": 6
                        },
                        {
                          "Node Type": "Aggregate",
                          "Strategy": "Sorted",
                          "Partial Mode": "Finalize",
                          "Parent Relationship": "Inner",
                          "Parallel Aware": false,
                          "Async Capable": false,
                          "Startup Cost": 67464.0,
                          "Total Cost": 67505.8,
                          "Plan Rows": 102,
                          "Plan Width": 68,
                          "Group Key": [
                            "store_1.s_store_sk"
                          ],
                          "Plans": [
                            {
                              "Node Type": "Gather Merge",
                              "Parent Relationship": "Outer",
                              "Parallel Aware": false,
                              "Async Capable": false,
                              "Startup Cost": 67464.0,
                              "Total Cost": 67501.72,
                              "Plan Rows": 204,
                              "Plan Width": 68,
                              "Workers Planned": 2,
                              "Plans": [
                                {
                                  "Node Type": "Aggregate",
                                  "Strategy": "Sorted",
                                  "Partial Mode": "Partial",
                                  "Parent Relationship": "Outer",
                                  "Parallel Aware": false,
                                  "Async Capable": false,
                                  "Startup Cost": 66463.97,
                                  "Total Cost": 66478.15,
                                  "Plan Rows": 102,
                                  "Plan Width": 68,
                                  "Group Key": [
                                    "store_1.s_store_sk"
                                  ],
                                  "Plans": [
                                    {
                                      "Node Type": "Merge Join",
                                      "Parent Relationship": "Outer",
                                      "Parallel Aware": false,
                                      "Async Capable": false,
                                      "Join Type": "Inner",
                                      "Startup Cost": 66463.97,
                                      "Total Cost": 66473.17,
                                      "Plan Rows": 460,
                                      "Plan Width": 16,
                                      "Inner Unique": false,
                                      "Merge Cond": "(store_returns.sr_store_sk = store_1.s_store_sk)",
                                      "Plans": [
                                        {
                                          "Node Type": "Sort",
                                          "Parent Relationship": "Outer",
                                          "Parallel Aware": false,
                                          "Async Capable": false,
                                          "Startup Cost": 66454.55,
                                          "Total Cost": 66455.74,
                                          "Plan Rows": 476,
                                          "Plan Width": 16,
                                          "Sort Key": [
                                            "store_returns.sr_store_sk"
                                          ],
                                          "Plans": [
                                            {
                                              "Node Type": "Hash Join",
                                              "Parent Relationship": "Outer",
                                              "Parallel Aware": true,
                                              "Async Capable": false,
                                              "Join Type": "Inner",
                                              "Startup Cost": 2049.78,
                                              "Total Cost": 66433.38,
                                              "Plan Rows": 476,
                                              "Plan Width": 16,
                                              "Inner Unique": false,
                                              "Hash Cond": "(store_returns.sr_returned_date_sk = date_dim_1.d_date_sk)",
                                              "Plans": [
                                                {
                                                  "Node Type": "Seq Scan",
                                                  "Parent Relationship": "Outer",
                                                  "Parallel Aware": true,
                                                  "Async Capable": false,
                                                  "Relation Name": "store_returns",
                                                  "Alias": "store_returns",
                                                  "Startup Cost": 0.0,
                                                  "Total Cost": 59887.64,
                                                  "Plan Rows": 1198164,
                                                  "Plan Width": 20,
                                                  "parent": 21,
                                                  "ID": 22
                                                },
                                                {
                                                  "Node Type": "Hash",
                                                  "Parent Relationship": "Inner",
                                                  "Parallel Aware": true,
                                                  "Async Capable": false,
                                                  "Startup Cost": 2049.55,
                                                  "Total Cost": 2049.55,
                                                  "Plan Rows": 18,
                                                  "Plan Width": 4,
                                                  "Plans": [
                                                    {
                                                      "Node Type": "Seq Scan",
                                                      "Parent Relationship": "Outer",
                                                      "Parallel Aware": true,
                                                      "Async Capable": false,
                                                      "Relation Name": "date_dim",
                                                      "Alias": "date_dim_1",
                                                      "Startup Cost": 0.0,
                                                      "Total Cost": 2049.55,
                                                      "Plan Rows": 18,
                                                      "Plan Width": 4,
                                                      "Filter": "((d_date >= '1999-08-14'::date) AND (d_date <= '1999-09-13 00:00:00'::timestamp without time zone))",
                                                      "parent": 23,
                                                      "ID": 24
                                                    }
                                                  ],
                                                  "parent": 21,
                                                  "ID": 23,
                                                  "left": 24
                                                }
                                              ],
                                              "parent": 20,
                                              "ID": 21,
                                              "left": 22,
                                              "right": 23
                                            }
                                          ],
                                          "parent": 19,
                                          "ID": 20,
                                          "left": 21
                                        },
                                        {
                                          "Node Type": "Sort",
                                          "Parent Relationship": "Inner",
                                          "Parallel Aware": false,
                                          "Async Capable": false,
                                          "Startup Cost": 9.42,
                                          "Total Cost": 9.68,
                                          "Plan Rows": 102,
                                          "Plan Width": 4,
                                          "Sort Key": [
                                            "store_1.s_store_sk"
                                          ],
                                          "Plans": [
                                            {
                                              "Node Type": "Seq Scan",
                                              "Parent Relationship": "Outer",
                                              "Parallel Aware": false,
                                              "Async Capable": false,
                                              "Relation Name": "store",
                                              "Alias": "store_1",
                                              "Startup Cost": 0.0,
                                              "Total Cost": 6.02,
                                              "Plan Rows": 102,
                                              "Plan Width": 4,
                                              "parent": 25,
                                              "ID": 26
                                            }
                                          ],
                                          "parent": 19,
                                          "ID": 25,
                                          "left": 26
                                        }
                                      ],
                                      "parent": 18,
                                      "ID": 19,
                                      "left": 20,
                                      "right": 25
                                    }
                                  ],
                                  "parent": 17,
                                  "ID": 18,
                                  "left": 19
                                }
                              ],
                              "parent": 16,
                              "ID": 17,
                              "left": 18
                            }
                          ],
                          "parent": 4,
                          "ID": 16,
                          "left": 17
                        }
                      ],
                      "parent": 3,
                      "ID": 4,
                      "left": 5,
                      "right": 16
                    },
                    {
                      "Node Type": "Nested Loop",
                      "Parent Relationship": "Member",
                      "Parallel Aware": false,
                      "Async Capable": false,
                      "Join Type": "Inner",
                      "Startup Cost": 499452.25,
                      "Total Cost": 499502.11,
                      "Plan Rows": 576,
                      "Plan Width": 132,
                      "Inner Unique": false,
                      "Plans": [
                        {
                          "Node Type": "Aggregate",
                          "Strategy": "Sorted",
                          "Partial Mode": "Finalize",
                          "Parent Relationship": "Outer",
                          "Parallel Aware": false,
                          "Async Capable": false,
                          "Startup Cost": 459392.64,
                          "Total Cost": 459424.0,
                          "Plan Rows": 24,
                          "Plan Width": 68,
                          "Group Key": [
                            "catalog_sales.cs_call_center_sk"
                          ],
                          "Plans": [
                            {
                              "Node Type": "Gather Merge",
                              "Parent Relationship": "Outer",
                              "Parallel Aware": false,
                              "Async Capable": false,
                              "Startup Cost": 459392.64,
                              "Total Cost": 459423.04,
                              "Plan Rows": 48,
                              "Plan Width": 68,
                              "Workers Planned": 2,
                              "Plans": [
                                {
                                  "Node Type": "Aggregate",
                                  "Strategy": "Sorted",
                                  "Partial Mode": "Partial",
                                  "Parent Relationship": "Outer",
                                  "Parallel Aware": false,
                                  "Async Capable": false,
                                  "Startup Cost": 458392.62,
                                  "Total Cost": 458417.48,
                                  "Plan Rows": 24,
                                  "Plan Width": 68,
                                  "Group Key": [
                                    "catalog_sales.cs_call_center_sk"
                                  ],
                                  "Plans": [
                                    {
                                      "Node Type": "Sort",
                                      "Parent Relationship": "Outer",
                                      "Parallel Aware": false,
                                      "Async Capable": false,
                                      "Startup Cost": 458392.62,
                                      "Total Cost": 458398.74,
                                      "Plan Rows": 2450,
                                      "Plan Width": 16,
                                      "Sort Key": [
                                        "catalog_sales.cs_call_center_sk"
                                      ],
                                      "Plans": [
                                        {
                                          "Node Type": "Hash Join",
                                          "Parent Relationship": "Outer",
                                          "Parallel Aware": true,
                                          "Async Capable": false,
                                          "Join Type": "Inner",
                                          "Startup Cost": 2049.78,
                                          "Total Cost": 458254.7,
                                          "Plan Rows": 2450,
                                          "Plan Width": 16,
                                          "Inner Unique": false,
                                          "Hash Cond": "(catalog_sales.cs_sold_date_sk = date_dim_2.d_date_sk)",
                                          "Plans": [
                                            {
                                              "Node Type": "Seq Scan",
                                              "Parent Relationship": "Outer",
                                              "Parallel Aware": true,
                                              "Async Capable": false,
                                              "Relation Name": "catalog_sales",
                                              "Alias": "catalog_sales",
                                              "Startup Cost": 0.0,
                                              "Total Cost": 433688.25,
                                              "Plan Rows": 6000525,
                                              "Plan Width": 20,
                                              "parent": 32,
                                              "ID": 33
                                            },
                                            {
                                              "Node Type": "Hash",
                                              "Parent Relationship": "Inner",
                                              "Parallel Aware": true,
                                              "Async Capable": false,
                                              "Startup Cost": 2049.55,
                                              "Total Cost": 2049.55,
                                              "Plan Rows": 18,
                                              "Plan Width": 4,
                                              "Plans": [
                                                {
                                                  "Node Type": "Seq Scan",
                                                  "Parent Relationship": "Outer",
                                                  "Parallel Aware": true,
                                                  "Async Capable": false,
                                                  "Relation Name": "date_dim",
                                                  "Alias": "date_dim_2",
                                                  "Startup Cost": 0.0,
                                                  "Total Cost": 2049.55,
                                                  "Plan Rows": 18,
                                                  "Plan Width": 4,
                                                  "Filter": "((d_date >= '1999-08-14'::date) AND (d_date <= '1999-09-13 00:00:00'::timestamp without time zone))",
                                                  "parent": 34,
                                                  "ID": 35
                                                }
                                              ],
                                              "parent": 32,
                                              "ID": 34,
                                              "left": 35
                                            }
                                          ],
                                          "parent": 31,
                                          "ID": 32,
                                          "left": 33,
                                          "right": 34
                                        }
                                      ],
                                      "parent": 30,
                                      "ID": 31,
                                      "left": 32
                                    }
                                  ],
                                  "parent": 29,
                                  "ID": 30,
                                  "left": 31
                                }
                              ],
                              "parent": 28,
                              "ID": 29,
                              "left": 30
                            }
                          ],
                          "parent": 27,
                          "ID": 28,
                          "left": 29
                        },
                        {
                          "Node Type": "Materialize",
                          "Parent Relationship": "Inner",
                          "Parallel Aware": false,
                          "Async Capable": false,
                          "Startup Cost": 40059.61,
                          "Total Cost": 40069.29,
                          "Plan Rows": 24,
                          "Plan Width": 64,
                          "Plans": [
                            {
                              "Node Type": "Subquery Scan",
                              "Parent Relationship": "Outer",
                              "Parallel Aware": false,
                              "Async Capable": false,
                              "Alias": "cr",
                              "Startup Cost": 40059.61,
                              "Total Cost": 40069.17,
                              "Plan Rows": 24,
                              "Plan Width": 64,
                              "Plans": [
                                {
                                  "Node Type": "Aggregate",
                                  "Strategy": "Sorted",
                                  "Partial Mode": "Finalize",
                                  "Parent Relationship": "Subquery",
                                  "Parallel Aware": false,
                                  "Async Capable": false,
                                  "Startup Cost": 40059.61,
                                  "Total Cost": 40068.93,
                                  "Plan Rows": 24,
                                  "Plan Width": 68,
                                  "Group Key": [
                                    "catalog_returns.cr_call_center_sk"
                                  ],
                                  "Plans": [
                                    {
                                      "Node Type": "Gather Merge",
                                      "Parent Relationship": "Outer",
                                      "Parallel Aware": false,
                                      "Async Capable": false,
                                      "Startup Cost": 40059.61,
                                      "Total Cost": 40067.97,
                                      "Plan Rows": 48,
                                      "Plan Width": 68,
                                      "Workers Planned": 2,
                                      "Plans": [
                                        {
                                          "Node Type": "Aggregate",
                                          "Strategy": "Sorted",
                                          "Partial Mode": "Partial",
                                          "Parent Relationship": "Outer",
                                          "Parallel Aware": false,
                                          "Async Capable": false,
                                          "Startup Cost": 39059.58,
                                          "Total Cost": 39062.4,
                                          "Plan Rows": 24,
                                          "Plan Width": 68,
                                          "Group Key": [
                                            "catalog_returns.cr_call_center_sk"
                                          ],
                                          "Plans": [
                                            {
                                              "Node Type": "Sort",
                                              "Parent Relationship": "Outer",
                                              "Parallel Aware": false,
                                              "Async Capable": false,
                                              "Startup Cost": 39059.58,
                                              "Total Cost": 39060.2,
                                              "Plan Rows": 246,
                                              "Plan Width": 16,
                                              "Sort Key": [
                                                "catalog_returns.cr_call_center_sk"
                                              ],
                                              "Plans": [
                                                {
                                                  "Node Type": "Hash Join",
                                                  "Parent Relationship": "Outer",
                                                  "Parallel Aware": true,
                                                  "Async Capable": false,
                                                  "Join Type": "Inner",
                                                  "Startup Cost": 2049.78,
                                                  "Total Cost": 39049.82,
                                                  "Plan Rows": 246,
                                                  "Plan Width": 16,
                                                  "Inner Unique": false,
                                                  "Hash Cond": "(catalog_returns.cr_returned_date_sk = date_dim_3.d_date_sk)",
                                                  "Plans": [
                                                    {
                                                      "Node Type": "Seq Scan",
                                                      "Parent Relationship": "Outer",
                                                      "Parallel Aware": true,
                                                      "Async Capable": false,
                                                      "Relation Name": "catalog_returns",
                                                      "Alias": "catalog_returns",
                                                      "Startup Cost": 0.0,
                                                      "Total Cost": 34748.95,
                                                      "Plan Rows": 599895,
                                                      "Plan Width": 20,
                                                      "parent": 42,
                                                      "ID": 43
                                                    },
                                                    {
                                                      "Node Type": "Hash",
                                                      "Parent Relationship": "Inner",
                                                      "Parallel Aware": true,
                                                      "Async Capable": false,
                                                      "Startup Cost": 2049.55,
                                                      "Total Cost": 2049.55,
                                                      "Plan Rows": 18,
                                                      "Plan Width": 4,
                                                      "Plans": [
                                                        {
                                                          "Node Type": "Seq Scan",
                                                          "Parent Relationship": "Outer",
                                                          "Parallel Aware": true,
                                                          "Async Capable": false,
                                                          "Relation Name": "date_dim",
                                                          "Alias": "date_dim_3",
                                                          "Startup Cost": 0.0,
                                                          "Total Cost": 2049.55,
                                                          "Plan Rows": 18,
                                                          "Plan Width": 4,
                                                          "Filter": "((d_date >= '1999-08-14'::date) AND (d_date <= '1999-09-13 00:00:00'::timestamp without time zone))",
                                                          "parent": 44,
                                                          "ID": 45
                                                        }
                                                      ],
                                                      "parent": 42,
                                                      "ID": 44,
                                                      "left": 45
                                                    }
                                                  ],
                                                  "parent": 41,
                                                  "ID": 42,
                                                  "left": 43,
                                                  "right": 44
                                                }
                                              ],
                                              "parent": 40,
                                              "ID": 41,
                                              "left": 42
                                            }
                                          ],
                                          "parent": 39,
                                          "ID": 40,
                                          "left": 41
                                        }
                                      ],
                                      "parent": 38,
                                      "ID": 39,
                                      "left": 40
                                    }
                                  ],
                                  "parent": 37,
                                  "ID": 38,
                                  "left": 39
                                }
                              ],
                              "parent": 36,
                              "ID": 37,
                              "left": 38
                            }
                          ],
                          "parent": 27,
                          "ID": 36,
                          "left": 37
                        }
                      ],
                      "parent": 3,
                      "ID": 27,
                      "left": 28,
                      "right": 36
                    },
                    {
                      "Node Type": "Merge Join",
                      "Parent Relationship": "Member",
                      "Parallel Aware": false,
                      "Async Capable": false,
                      "Join Type": "Left",
                      "Startup Cost": 252590.79,
                      "Total Cost": 252726.18,
                      "Plan Rows": 200,
                      "Plan Width": 132,
                      "Inner Unique": true,
                      "Merge Cond": "(web_page.wp_web_page_sk = web_page_1.wp_web_page_sk)",
                      "Plans": [
                        {
                          "Node Type": "Aggregate",
                          "Strategy": "Sorted",
                          "Partial Mode": "Finalize",
                          "Parent Relationship": "Outer",
                          "Parallel Aware": false,
                          "Async Capable": false,
                          "Startup Cost": 232119.07,
                          "Total Cost": 232210.1,
                          "Plan Rows": 200,
                          "Plan Width": 68,
                          "Group Key": [
                            "web_page.wp_web_page_sk"
                          ],
                          "Plans": [
                            {
                              "Node Type": "Gather Merge",
                              "Parent Relationship": "Outer",
                              "Parallel Aware": false,
                              "Async Capable": false,
                              "Startup Cost": 232119.07,
                              "Total Cost": 232202.1,
                              "Plan Rows": 400,
                              "Plan Width": 68,
                              "Workers Planned": 2,
                              "Plans": [
                                {
                                  "Node Type": "Aggregate",
                                  "Strategy": "Sorted",
                                  "Partial Mode": "Partial",
                                  "Parent Relationship": "Outer",
                                  "Parallel Aware": false,
                                  "Async Capable": false,
                                  "Startup Cost": 231119.05,
                                  "Total Cost": 231155.9,
                                  "Plan Rows": 200,
                                  "Plan Width": 68,
                                  "Group Key": [
                                    "web_page.wp_web_page_sk"
                                  ],
                                  "Plans": [
                                    {
                                      "Node Type": "Merge Join",
                                      "Parent Relationship": "Outer",
                                      "Parallel Aware": false,
                                      "Async Capable": false,
                                      "Join Type": "Inner",
                                      "Startup Cost": 231119.05,
                                      "Total Cost": 231143.67,
                                      "Plan Rows": 1231,
                                      "Plan Width": 16,
                                      "Inner Unique": false,
                                      "Merge Cond": "(web_sales.ws_web_page_sk = web_page.wp_web_page_sk)",
                                      "Plans": [
                                        {
                                          "Node Type": "Sort",
                                          "Parent Relationship": "Outer",
                                          "Parallel Aware": false,
                                          "Async Capable": false,
                                          "Startup Cost": 231104.41,
                                          "Total Cost": 231107.48,
                                          "Plan Rows": 1231,
                                          "Plan Width": 16,
                                          "Sort Key": [
                                            "web_sales.ws_web_page_sk"
                                          ],
                                          "Plans": [
                                            {
                                              "Node Type": "Hash Join",
                                              "Parent Relationship": "Outer",
                                              "Parallel Aware": true,
                                              "Async Capable": false,
                                              "Join Type": "Inner",
                                              "Startup Cost": 2049.78,
                                              "Total Cost": 231041.22,
                                              "Plan Rows": 1231,
                                              "Plan Width": 16,
                                              "Inner Unique": false,
                                              "Hash Cond": "(web_sales.ws_sold_date_sk = date_dim_4.d_date_sk)",
                                              "Plans": [
                                                {
                                                  "Node Type": "Seq Scan",
                                                  "Parent Relationship": "Outer",
                                                  "Parallel Aware": true,
                                                  "Async Capable": false,
                                                  "Relation Name": "web_sales",
                                                  "Alias": "web_sales",
                                                  "Startup Cost": 0.0,
                                                  "Total Cost": 217737.86,
                                                  "Plan Rows": 2998986,
                                                  "Plan Width": 20,
                                                  "parent": 52,
                                                  "ID": 53
                                                },
                                                {
                                                  "Node Type": "Hash",
                                                  "Parent Relationship": "Inner",
                                                  "Parallel Aware": true,
                                                  "Async Capable": false,
                                                  "Startup Cost": 2049.55,
                                                  "Total Cost": 2049.55,
                                                  "Plan Rows": 18,
                                                  "Plan Width": 4,
                                                  "Plans": [
                                                    {
                                                      "Node Type": "Seq Scan",
                                                      "Parent Relationship": "Outer",
                                                      "Parallel Aware": true,
                                                      "Async Capable": false,
                                                      "Relation Name": "date_dim",
                                                      "Alias": "date_dim_4",
                                                      "Startup Cost": 0.0,
                                                      "Total Cost": 2049.55,
                                                      "Plan Rows": 18,
                                                      "Plan Width": 4,
                                                      "Filter": "((d_date >= '1999-08-14'::date) AND (d_date <= '1999-09-13 00:00:00'::timestamp without time zone))",
                                                      "parent": 54,
                                                      "ID": 55
                                                    }
                                                  ],
                                                  "parent": 52,
                                                  "ID": 54,
                                                  "left": 55
                                                }
                                              ],
                                              "parent": 51,
                                              "ID": 52,
                                              "left": 53,
                                              "right": 54
                                            }
                                          ],
                                          "parent": 50,
                                          "ID": 51,
                                          "left": 52
                                        },
                                        {
                                          "Node Type": "Sort",
                                          "Parent Relationship": "Inner",
                                          "Parallel Aware": false,
                                          "Async Capable": false,
                                          "Startup Cost": 14.64,
                                          "Total Cost": 15.14,
                                          "Plan Rows": 200,
                                          "Plan Width": 4,
                                          "Sort Key": [
                                            "web_page.wp_web_page_sk"
                                          ],
                                          "Plans": [
                                            {
                                              "Node Type": "Seq Scan",
                                              "Parent Relationship": "Outer",
                                              "Parallel Aware": false,
                                              "Async Capable": false,
                                              "Relation Name": "web_page",
                                              "Alias": "web_page",
                                              "Startup Cost": 0.0,
                                              "Total Cost": 7.0,
                                              "Plan Rows": 200,
                                              "Plan Width": 4,
                                              "parent": 56,
                                              "ID": 57
                                            }
                                          ],
                                          "parent": 50,
                                          "ID": 56,
                                          "left": 57
                                        }
                                      ],
                                      "parent": 49,
                                      "ID": 50,
                                      "left": 51,
                                      "right": 56
                                    }
                                  ],
                                  "parent": 48,
                                  "ID": 49,
                                  "left": 50
                                }
                              ],
                              "parent": 47,
                              "ID": 48,
                              "left": 49
                            }
                          ],
                          "parent": 46,
                          "ID": 47,
                          "left": 48
                        },
                        {
                          "Node Type": "Aggregate",
                          "Strategy": "Sorted",
                          "Partial Mode": "Finalize",
                          "Parent Relationship": "Inner",
                          "Parallel Aware": false,
                          "Async Capable": false,
                          "Startup Cost": 20471.72,
                          "Total Cost": 20508.59,
                          "Plan Rows": 200,
                          "Plan Width": 68,
                          "Group Key": [
                            "web_page_1.wp_web_page_sk"
                          ],
                          "Plans": [
                            {
                              "Node Type": "Gather Merge",
                              "Parent Relationship": "Outer",
                              "Parallel Aware": false,
                              "Async Capable": false,
                              "Startup Cost": 20471.72,
                              "Total Cost": 20502.79,
                              "Plan Rows": 224,
                              "Plan Width": 68,
                              "Workers Planned": 2,
                              "Plans": [
                                {
                                  "Node Type": "Aggregate",
                                  "Strategy": "Sorted",
                                  "Partial Mode": "Partial",
                                  "Parent Relationship": "Outer",
                                  "Parallel Aware": false,
                                  "Async Capable": false,
                                  "Startup Cost": 19471.69,
                                  "Total Cost": 19476.91,
                                  "Plan Rows": 112,
                                  "Plan Width": 68,
                                  "Group Key": [
                                    "web_page_1.wp_web_page_sk"
                                  ],
                                  "Plans": [
                                    {
                                      "Node Type": "Merge Join",
                                      "Parent Relationship": "Outer",
                                      "Parallel Aware": false,
                                      "Async Capable": false,
                                      "Join Type": "Inner",
                                      "Startup Cost": 19471.69,
                                      "Total Cost": 19474.39,
                                      "Plan Rows": 112,
                                      "Plan Width": 16,
                                      "Inner Unique": false,
                                      "Merge Cond": "(web_returns.wr_web_page_sk = web_page_1.wp_web_page_sk)",
                                      "Plans": [
                                        {
                                          "Node Type": "Sort",
                                          "Parent Relationship": "Outer",
                                          "Parallel Aware": false,
                                          "Async Capable": false,
                                          "Startup Cost": 19457.05,
                                          "Total Cost": 19457.35,
                                          "Plan Rows": 118,
                                          "Plan Width": 16,
                                          "Sort Key": [
                                            "web_returns.wr_web_page_sk"
                                          ],
                                          "Plans": [
                                            {
                                              "Node Type": "Hash Join",
                                              "Parent Relationship": "Outer",
                                              "Parallel Aware": true,
                                              "Async Capable": false,
                                              "Join Type": "Inner",
                                              "Startup Cost": 2049.78,
                                              "Total Cost": 19452.99,
                                              "Plan Rows": 118,
                                              "Plan Width": 16,
                                              "Inner Unique": false,
                                              "Hash Cond": "(web_returns.wr_returned_date_sk = date_dim_5.d_date_sk)",
                                              "Plans": [
                                                {
                                                  "Node Type": "Seq Scan",
                                                  "Parent Relationship": "Outer",
                                                  "Parallel Aware": true,
                                                  "Async Capable": false,
                                                  "Relation Name": "web_returns",
                                                  "Alias": "web_returns",
                                                  "Startup Cost": 0.0,
                                                  "Total Cost": 16278.74,
                                                  "Plan Rows": 299674,
                                                  "Plan Width": 20,
                                                  "parent": 63,
                                                  "ID": 64
                                                },
                                                {
                                                  "Node Type": "Hash",
                                                  "Parent Relationship": "Inner",
                                                  "Parallel Aware": true,
                                                  "Async Capable": false,
                                                  "Startup Cost": 2049.55,
                                                  "Total Cost": 2049.55,
                                                  "Plan Rows": 18,
                                                  "Plan Width": 4,
                                                  "Plans": [
                                                    {
                                                      "Node Type": "Seq Scan",
                                                      "Parent Relationship": "Outer",
                                                      "Parallel Aware": true,
                                                      "Async Capable": false,
                                                      "Relation Name": "date_dim",
                                                      "Alias": "date_dim_5",
                                                      "Startup Cost": 0.0,
                                                      "Total Cost": 2049.55,
                                                      "Plan Rows": 18,
                                                      "Plan Width": 4,
                                                      "Filter": "((d_date >= '1999-08-14'::date) AND (d_date <= '1999-09-13 00:00:00'::timestamp without time zone))",
                                                      "parent": 65,
                                                      "ID": 66
                                                    }
                                                  ],
                                                  "parent": 63,
                                                  "ID": 65,
                                                  "left": 66
                                                }
                                              ],
                                              "parent": 62,
                                              "ID": 63,
                                              "left": 64,
                                              "right": 65
                                            }
                                          ],
                                          "parent": 61,
                                          "ID": 62,
                                          "left": 63
                                        },
                                        {
                                          "Node Type": "Sort",
                                          "Parent Relationship": "Inner",
                                          "Parallel Aware": false,
                                          "Async Capable": false,
                                          "Startup Cost": 14.64,
                                          "Total Cost": 15.14,
                                          "Plan Rows": 200,
                                          "Plan Width": 4,
                                          "Sort Key": [
                                            "web_page_1.wp_web_page_sk"
                                          ],
                                          "Plans": [
                                            {
                                              "Node Type": "Seq Scan",
                                              "Parent Relationship": "Outer",
                                              "Parallel Aware": false,
                                              "Async Capable": false,
                                              "Relation Name": "web_page",
                                              "Alias": "web_page_1",
                                              "Startup Cost": 0.0,
                                              "Total Cost": 7.0,
                                              "Plan Rows": 200,
                                              "Plan Width": 4,
                                              "parent": 67,
                                              "ID": 68
                                            }
                                          ],
                                          "parent": 61,
                                          "ID": 67,
                                          "left": 68
                                        }
                                      ],
                                      "parent": 60,
                                      "ID": 61,
                                      "left": 62,
                                      "right": 67
                                    }
                                  ],
                                  "parent": 59,
                                  "ID": 60,
                                  "left": 61
                                }
                              ],
                              "parent": 58,
                              "ID": 59,
                              "left": 60
                            }
                          ],
                          "parent": 46,
                          "ID": 58,
                          "left": 59
                        }
                      ],
                      "parent": 3,
                      "ID": 46,
                      "left": 47,
                      "right": 58
                    }
                  ],
                  "parent": 2,
                  "ID": 3,
                  "left": 4,
                  "right": 27
                }
              ],
              "parent": 1,
              "ID": 2,
              "left": 3
            }
          ],
          "parent": 0,
          "ID": 1,
          "left": 2
        }
      ],
      "parent": null,
      "ID": 0,
      "left": 1
    },
    "feat": {
      "utility": 0.0,
      "query_shape": [
        [
          "Seq Scan",
          "Hash Join",
          "Sort",
          "Merge Join",
          "Aggregate",
          "Gather Merge",
          "Append"
        ],
        [
          "Seq Scan",
          "Hash",
          "Hash Join",
          "Sort",
          "Merge Join",
          "Aggregate",
          "Gather Merge",
          "Append"
        ],
        [
          "Seq Scan",
          "Sort",
          "Merge Join",
          "Aggregate",
          "Gather Merge",
          "Append"
        ],
        [
          "Seq Scan",
          "Hash Join",
          "Sort",
          "Merge Join",
          "Aggregate",
          "Gather Merge",
          "Append"
        ],
        [
          "Seq Scan",
          "Hash",
          "Hash Join",
          "Sort",
          "Merge Join",
          "Aggregate",
          "Gather Merge",
          "Append"
        ],
        [
          "Seq Scan",
          "Sort",
          "Merge Join",
          "Aggregate",
          "Gather Merge",
          "Append"
        ],
        [
          "Seq Scan",
          "Hash Join",
          "Sort",
          "Aggregate",
          "Gather Merge",
          "Nested Loop",
          "Append"
        ],
        [
          "Seq Scan",
          "Hash",
          "Hash Join",
          "Sort",
          "Aggregate",
          "Gather Merge",
          "Nested Loop",
          "Append"
        ],
        [
          "Seq Scan",
          "Hash Join",
          "Sort",
          "Aggregate",
          "Gather Merge",
          "Subquery Scan",
          "Materialize",
          "Nested Loop",
          "Append"
        ],
        [
          "Seq Scan",
          "Hash",
          "Hash Join",
          "Sort",
          "Aggregate",
          "Gather Merge",
          "Subquery Scan",
          "Materialize",
          "Nested Loop",
          "Append"
        ],
        [
          "Seq Scan",
          "Hash Join",
          "Sort",
          "Merge Join",
          "Aggregate",
          "Gather Merge",
          "Append"
        ],
        [
          "Seq Scan",
          "Hash",
          "Hash Join",
          "Sort",
          "Merge Join",
          "Aggregate",
          "Gather Merge",
          "Append"
        ],
        [
          "Seq Scan",
          "Sort",
          "Merge Join",
          "Aggregate",
          "Gather Merge",
          "Append"
        ],
        [
          "Seq Scan",
          "Hash Join",
          "Sort",
          "Merge Join",
          "Aggregate",
          "Gather Merge",
          "Append"
        ],
        [
          "Seq Scan",
          "Hash",
          "Hash Join",
          "Sort",
          "Merge Join",
          "Aggregate",
          "Gather Merge",
          "Append"
        ],
        [
          "Seq Scan",
          "Sort",
          "Merge Join",
          "Aggregate",
          "Gather Merge",
          "Append"
        ]
      ],
      "index_shape": [],
      "physical_operator": {}
    }
  },
  {
    "query": "with ss as\n (select s_store_sk,\n         sum(ss_ext_sales_price) as sales,\n         sum(ss_net_profit) as profit\n from store_sales,\n      date_dim,\n      store\n where ss_sold_date_sk = d_date_sk\n       and d_date between cast('1999-08-14' as date) \n                  and (cast('1999-08-14' as date) +  interval '30 days') \n       and ss_store_sk = s_store_sk\n group by s_store_sk)\n ,\n sr as\n (select s_store_sk,\n         sum(sr_return_amt) as returns,\n         sum(sr_net_loss) as profit_loss\n from store_returns,\n      date_dim,\n      store\n where sr_returned_date_sk = d_date_sk\n       and d_date between cast('1999-08-14' as date)\n                  and (cast('1999-08-14' as date) +  interval '30 days')\n       and sr_store_sk = s_store_sk\n group by s_store_sk), \n cs as\n (select cs_call_center_sk,\n        sum(cs_ext_sales_price) as sales,\n        sum(cs_net_profit) as profit\n from catalog_sales,\n      date_dim\n where cs_sold_date_sk = d_date_sk\n       and d_date between cast('1999-08-14' as date)\n                  and (cast('1999-08-14' as date) +  interval '30 days')\n group by cs_call_center_sk \n ), \n cr as\n (select cr_call_center_sk,\n         sum(cr_return_amount) as returns,\n         sum(cr_net_loss) as profit_loss\n from catalog_returns,\n      date_dim\n where cr_returned_date_sk = d_date_sk\n       and d_date between cast('1999-08-14' as date)\n                  and (cast('1999-08-14' as date) +  interval '30 days')\n group by cr_call_center_sk\n ), \n ws as\n ( select wp_web_page_sk,\n        sum(ws_ext_sales_price) as sales,\n        sum(ws_net_profit) as profit\n from web_sales,\n      date_dim,\n      web_page\n where ws_sold_date_sk = d_date_sk\n       and d_date between cast('1999-08-14' as date)\n                  and (cast('1999-08-14' as date) +  interval '30 days')\n       and ws_web_page_sk = wp_web_page_sk\n group by wp_web_page_sk), \n wr as\n (select wp_web_page_sk,\n        sum(wr_return_amt) as returns,\n        sum(wr_net_loss) as profit_loss\n from web_returns,\n      date_dim,\n      web_page\n where wr_returned_date_sk = d_date_sk\n       and d_date between cast('1999-08-14' as date)\n                  and (cast('1999-08-14' as date) +  interval '30 days')\n       and wr_web_page_sk = wp_web_page_sk\n group by wp_web_page_sk)\n  select  channel\n        , id\n        , sum(sales) as sales\n        , sum(returns) as returns\n        , sum(profit) as profit\n from \n (select 'store channel' as channel\n        , ss.s_store_sk as id\n        , sales\n        , coalesce(returns, 0) as returns\n        , (profit - coalesce(profit_loss,0)) as profit\n from   ss left join sr\n        on  ss.s_store_sk = sr.s_store_sk\n union all\n select 'catalog channel' as channel\n        , cs_call_center_sk as id\n        , sales\n        , returns\n        , (profit - profit_loss) as profit\n from  cs\n       , cr\n union all\n select 'web channel' as channel\n        , ws.wp_web_page_sk as id\n        , sales\n        , coalesce(returns, 0) as returns\n        , (profit - coalesce(profit_loss,0)) as profit\n from   ws left join wr\n        on  ws.wp_web_page_sk = wr.wp_web_page_sk\n ) x\n group by rollup (channel, id)\n order by channel\n         ,id\n limit 100;\n\n-- end query 58 in stream 0 using template query77.tpl\n",
    "indexes": "catalog_sales.cs_net_profit",
    "wo plan est": {
      "Node Type": "Limit",
      "Parallel Aware": false,
      "Async Capable": false,
      "Startup Cost": 1505243.45,
      "Total Cost": 1505243.7,
      "Plan Rows": 100,
      "Plan Width": 132,
      "Plans": [
        {
          "Node Type": "Sort",
          "Parent Relationship": "Outer",
          "Parallel Aware": false,
          "Async Capable": false,
          "Startup Cost": 1505243.45,
          "Total Cost": 1505244.45,
          "Plan Rows": 401,
          "Plan Width": 132,
          "Sort Key": [
            "('store channel'::text)",
            "store.s_store_sk"
          ],
          "Plans": [
            {
              "Node Type": "Aggregate",
              "Strategy": "Mixed",
              "Partial Mode": "Simple",
              "Parent Relationship": "Outer",
              "Parallel Aware": false,
              "Async Capable": false,
              "Startup Cost": 752755.06,
              "Total Cost": 1505228.12,
              "Plan Rows": 401,
              "Plan Width": 132,
              "Grouping Sets": [
                {
                  "Hash Keys": [
                    [
                      "('store channel'::text)",
                      "store.s_store_sk"
                    ]
                  ]
                },
                {
                  "Hash Keys": [
                    [
                      "('store channel'::text)"
                    ]
                  ]
                },
                {
                  "Group Keys": [
                    []
                  ]
                }
              ],
              "Planned Partitions": 0,
              "Plans": [
                {
                  "Node Type": "Append",
                  "Parent Relationship": "Outer",
                  "Parallel Aware": false,
                  "Async Capable": false,
                  "Startup Cost": 752755.06,
                  "Total Cost": 1505194.76,
                  "Plan Rows": 878,
                  "Plan Width": 132,
                  "Subplans Removed": 0,
                  "Plans": [
                    {
                      "Node Type": "Merge Join",
                      "Parent Relationship": "Member",
                      "Parallel Aware": false,
                      "Async Capable": false,
                      "Join Type": "Left",
                      "Startup Cost": 752755.06,
                      "Total Cost": 752953.3,
                      "Plan Rows": 102,
                      "Plan Width": 132,
                      "Inner Unique": true,
                      "Merge Cond": "(store.s_store_sk = store_1.s_store_sk)",
                      "Plans": [
                        {
                          "Node Type": "Aggregate",
                          "Strategy": "Sorted",
                          "Partial Mode": "Finalize",
                          "Parent Relationship": "Outer",
                          "Parallel Aware": false,
                          "Async Capable": false,
                          "Startup Cost": 685291.07,
                          "Total Cost": 685443.67,
                          "Plan Rows": 102,
                          "Plan Width": 68,
                          "Group Key": [
                            "store.s_store_sk"
                          ],
                          "Plans": [
                            {
                              "Node Type": "Gather Merge",
                              "Parent Relationship": "Outer",
                              "Parallel Aware": false,
                              "Async Capable": false,
                              "Startup Cost": 685291.07,
                              "Total Cost": 685439.59,
                              "Plan Rows": 204,
                              "Plan Width": 68,
                              "Workers Planned": 2,
                              "Plans": [
                                {
                                  "Node Type": "Aggregate",
                                  "Strategy": "Sorted",
                                  "Partial Mode": "Partial",
                                  "Parent Relationship": "Outer",
                                  "Parallel Aware": false,
                                  "Async Capable": false,
                                  "Startup Cost": 684291.04,
                                  "Total Cost": 684416.02,
                                  "Plan Rows": 102,
                                  "Plan Width": 68,
                                  "Group Key": [
                                    "store.s_store_sk"
                                  ],
                                  "Plans": [
                                    {
                                      "Node Type": "Merge Join",
                                      "Parent Relationship": "Outer",
                                      "Parallel Aware": false,
                                      "Async Capable": false,
                                      "Join Type": "Inner",
                                      "Startup Cost": 684291.04,
                                      "Total Cost": 684380.82,
                                      "Plan Rows": 4489,
                                      "Plan Width": 16,
                                      "Inner Unique": false,
                                      "Merge Cond": "(store_sales.ss_store_sk = store.s_store_sk)",
                                      "Plans": [
                                        {
                                          "Node Type": "Sort",
                                          "Parent Relationship": "Outer",
                                          "Parallel Aware": false,
                                          "Async Capable": false,
                                          "Startup Cost": 684281.62,
                                          "Total Cost": 684293.38,
                                          "Plan Rows": 4703,
                                          "Plan Width": 16,
                                          "Sort Key": [
                                            "store_sales.ss_store_sk"
                                          ],
                                          "Plans": [
                                            {
                                              "Node Type": "Hash Join",
                                              "Parent Relationship": "Outer",
                                              "Parallel Aware": true,
                                              "Async Capable": false,
                                              "Join Type": "Inner",
                                              "Startup Cost": 2049.78,
                                              "Total Cost": 683994.75,
                                              "Plan Rows": 4703,
                                              "Plan Width": 16,
                                              "Inner Unique": false,
                                              "Hash Cond": "(store_sales.ss_sold_date_sk = date_dim.d_date_sk)",
                                              "Plans": [
                                                {
                                                  "Node Type": "Seq Scan",
                                                  "Parent Relationship": "Outer",
                                                  "Parallel Aware": true,
                                                  "Async Capable": false,
                                                  "Relation Name": "store_sales",
                                                  "Alias": "store_sales",
                                                  "Startup Cost": 0.0,
                                                  "Total Cost": 636914.37,
                                                  "Plan Rows": 12000637,
                                                  "Plan Width": 20,
                                                  "parent": 10,
                                                  "ID": 11
                                                },
                                                {
                                                  "Node Type": "Hash",
                                                  "Parent Relationship": "Inner",
                                                  "Parallel Aware": true,
                                                  "Async Capable": false,
                                                  "Startup Cost": 2049.55,
                                                  "Total Cost": 2049.55,
                                                  "Plan Rows": 18,
                                                  "Plan Width": 4,
                                                  "Plans": [
                                                    {
                                                      "Node Type": "Seq Scan",
                                                      "Parent Relationship": "Outer",
                                                      "Parallel Aware": true,
                                                      "Async Capable": false,
                                                      "Relation Name": "date_dim",
                                                      "Alias": "date_dim",
                                                      "Startup Cost": 0.0,
                                                      "Total Cost": 2049.55,
                                                      "Plan Rows": 18,
                                                      "Plan Width": 4,
                                                      "Filter": "((d_date >= '1999-08-14'::date) AND (d_date <= '1999-09-13 00:00:00'::timestamp without time zone))",
                                                      "parent": 12,
                                                      "ID": 13
                                                    }
                                                  ],
                                                  "parent": 10,
                                                  "ID": 12,
                                                  "left": 13
                                                }
                                              ],
                                              "parent": 9,
                                              "ID": 10,
                                              "left": 11,
                                              "right": 12
                                            }
                                          ],
                                          "parent": 8,
                                          "ID": 9,
                                          "left": 10
                                        },
                                        {
                                          "Node Type": "Sort",
                                          "Parent Relationship": "Inner",
                                          "Parallel Aware": false,
                                          "Async Capable": false,
                                          "Startup Cost": 9.42,
                                          "Total Cost": 9.68,
                                          "Plan Rows": 102,
                                          "Plan Width": 4,
                                          "Sort Key": [
                                            "store.s_store_sk"
                                          ],
                                          "Plans": [
                                            {
                                              "Node Type": "Seq Scan",
                                              "Parent Relationship": "Outer",
                                              "Parallel Aware": false,
                                              "Async Capable": false,
                                              "Relation Name": "store",
                                              "Alias": "store",
                                              "Startup Cost": 0.0,
                                              "Total Cost": 6.02,
                                              "Plan Rows": 102,
                                              "Plan Width": 4,
                                              "parent": 14,
                                              "ID": 15
                                            }
                                          ],
                                          "parent": 8,
                                          "ID": 14,
                                          "left": 15
                                        }
                                      ],
                                      "parent": 7,
                                      "ID": 8,
                                      "left": 9,
                                      "right": 14
                                    }
                                  ],
                                  "parent": 6,
                                  "ID": 7,
                                  "left": 8
                                }
                              ],
                              "parent": 5,
                              "ID": 6,
                              "left": 7
                            }
                          ],
                          "parent": 4,
                          "ID": 5,
                          "left": 6
                        },
                        {
                          "Node Type": "Aggregate",
                          "Strategy": "Sorted",
                          "Partial Mode": "Finalize",
                          "Parent Relationship": "Inner",
                          "Parallel Aware": false,
                          "Async Capable": false,
                          "Startup Cost": 67464.0,
                          "Total Cost": 67505.8,
                          "Plan Rows": 102,
                          "Plan Width": 68,
                          "Group Key": [
                            "store_1.s_store_sk"
                          ],
                          "Plans": [
                            {
                              "Node Type": "Gather Merge",
                              "Parent Relationship": "Outer",
                              "Parallel Aware": false,
                              "Async Capable": false,
                              "Startup Cost": 67464.0,
                              "Total Cost": 67501.72,
                              "Plan Rows": 204,
                              "Plan Width": 68,
                              "Workers Planned": 2,
                              "Plans": [
                                {
                                  "Node Type": "Aggregate",
                                  "Strategy": "Sorted",
                                  "Partial Mode": "Partial",
                                  "Parent Relationship": "Outer",
                                  "Parallel Aware": false,
                                  "Async Capable": false,
                                  "Startup Cost": 66463.97,
                                  "Total Cost": 66478.15,
                                  "Plan Rows": 102,
                                  "Plan Width": 68,
                                  "Group Key": [
                                    "store_1.s_store_sk"
                                  ],
                                  "Plans": [
                                    {
                                      "Node Type": "Merge Join",
                                      "Parent Relationship": "Outer",
                                      "Parallel Aware": false,
                                      "Async Capable": false,
                                      "Join Type": "Inner",
                                      "Startup Cost": 66463.97,
                                      "Total Cost": 66473.17,
                                      "Plan Rows": 460,
                                      "Plan Width": 16,
                                      "Inner Unique": false,
                                      "Merge Cond": "(store_returns.sr_store_sk = store_1.s_store_sk)",
                                      "Plans": [
                                        {
                                          "Node Type": "Sort",
                                          "Parent Relationship": "Outer",
                                          "Parallel Aware": false,
                                          "Async Capable": false,
                                          "Startup Cost": 66454.55,
                                          "Total Cost": 66455.74,
                                          "Plan Rows": 476,
                                          "Plan Width": 16,
                                          "Sort Key": [
                                            "store_returns.sr_store_sk"
                                          ],
                                          "Plans": [
                                            {
                                              "Node Type": "Hash Join",
                                              "Parent Relationship": "Outer",
                                              "Parallel Aware": true,
                                              "Async Capable": false,
                                              "Join Type": "Inner",
                                              "Startup Cost": 2049.78,
                                              "Total Cost": 66433.38,
                                              "Plan Rows": 476,
                                              "Plan Width": 16,
                                              "Inner Unique": false,
                                              "Hash Cond": "(store_returns.sr_returned_date_sk = date_dim_1.d_date_sk)",
                                              "Plans": [
                                                {
                                                  "Node Type": "Seq Scan",
                                                  "Parent Relationship": "Outer",
                                                  "Parallel Aware": true,
                                                  "Async Capable": false,
                                                  "Relation Name": "store_returns",
                                                  "Alias": "store_returns",
                                                  "Startup Cost": 0.0,
                                                  "Total Cost": 59887.64,
                                                  "Plan Rows": 1198164,
                                                  "Plan Width": 20,
                                                  "parent": 21,
                                                  "ID": 22
                                                },
                                                {
                                                  "Node Type": "Hash",
                                                  "Parent Relationship": "Inner",
                                                  "Parallel Aware": true,
                                                  "Async Capable": false,
                                                  "Startup Cost": 2049.55,
                                                  "Total Cost": 2049.55,
                                                  "Plan Rows": 18,
                                                  "Plan Width": 4,
                                                  "Plans": [
                                                    {
                                                      "Node Type": "Seq Scan",
                                                      "Parent Relationship": "Outer",
                                                      "Parallel Aware": true,
                                                      "Async Capable": false,
                                                      "Relation Name": "date_dim",
                                                      "Alias": "date_dim_1",
                                                      "Startup Cost": 0.0,
                                                      "Total Cost": 2049.55,
                                                      "Plan Rows": 18,
                                                      "Plan Width": 4,
                                                      "Filter": "((d_date >= '1999-08-14'::date) AND (d_date <= '1999-09-13 00:00:00'::timestamp without time zone))",
                                                      "parent": 23,
                                                      "ID": 24
                                                    }
                                                  ],
                                                  "parent": 21,
                                                  "ID": 23,
                                                  "left": 24
                                                }
                                              ],
                                              "parent": 20,
                                              "ID": 21,
                                              "left": 22,
                                              "right": 23
                                            }
                                          ],
                                          "parent": 19,
                                          "ID": 20,
                                          "left": 21
                                        },
                                        {
                                          "Node Type": "Sort",
                                          "Parent Relationship": "Inner",
                                          "Parallel Aware": false,
                                          "Async Capable": false,
                                          "Startup Cost": 9.42,
                                          "Total Cost": 9.68,
                                          "Plan Rows": 102,
                                          "Plan Width": 4,
                                          "Sort Key": [
                                            "store_1.s_store_sk"
                                          ],
                                          "Plans": [
                                            {
                                              "Node Type": "Seq Scan",
                                              "Parent Relationship": "Outer",
                                              "Parallel Aware": false,
                                              "Async Capable": false,
                                              "Relation Name": "store",
                                              "Alias": "store_1",
                                              "Startup Cost": 0.0,
                                              "Total Cost": 6.02,
                                              "Plan Rows": 102,
                                              "Plan Width": 4,
                                              "parent": 25,
                                              "ID": 26
                                            }
                                          ],
                                          "parent": 19,
                                          "ID": 25,
                                          "left": 26
                                        }
                                      ],
                                      "parent": 18,
                                      "ID": 19,
                                      "left": 20,
                                      "right": 25
                                    }
                                  ],
                                  "parent": 17,
                                  "ID": 18,
                                  "left": 19
                                }
                              ],
                              "parent": 16,
                              "ID": 17,
                              "left": 18
                            }
                          ],
                          "parent": 4,
                          "ID": 16,
                          "left": 17
                        }
                      ],
                      "parent": 3,
                      "ID": 4,
                      "left": 5,
                      "right": 16
                    },
                    {
                      "Node Type": "Nested Loop",
                      "Parent Relationship": "Member",
                      "Parallel Aware": false,
                      "Async Capable": false,
                      "Join Type": "Inner",
                      "Startup Cost": 499452.25,
                      "Total Cost": 499502.11,
                      "Plan Rows": 576,
                      "Plan Width": 132,
                      "Inner Unique": false,
                      "Plans": [
                        {
                          "Node Type": "Aggregate",
                          "Strategy": "Sorted",
                          "Partial Mode": "Finalize",
                          "Parent Relationship": "Outer",
                          "Parallel Aware": false,
                          "Async Capable": false,
                          "Startup Cost": 459392.64,
                          "Total Cost": 459424.0,
                          "Plan Rows": 24,
                          "Plan Width": 68,
                          "Group Key": [
                            "catalog_sales.cs_call_center_sk"
                          ],
                          "Plans": [
                            {
                              "Node Type": "Gather Merge",
                              "Parent Relationship": "Outer",
                              "Parallel Aware": false,
                              "Async Capable": false,
                              "Startup Cost": 459392.64,
                              "Total Cost": 459423.04,
                              "Plan Rows": 48,
                              "Plan Width": 68,
                              "Workers Planned": 2,
                              "Plans": [
                                {
                                  "Node Type": "Aggregate",
                                  "Strategy": "Sorted",
                                  "Partial Mode": "Partial",
                                  "Parent Relationship": "Outer",
                                  "Parallel Aware": false,
                                  "Async Capable": false,
                                  "Startup Cost": 458392.62,
                                  "Total Cost": 458417.48,
                                  "Plan Rows": 24,
                                  "Plan Width": 68,
                                  "Group Key": [
                                    "catalog_sales.cs_call_center_sk"
                                  ],
                                  "Plans": [
                                    {
                                      "Node Type": "Sort",
                                      "Parent Relationship": "Outer",
                                      "Parallel Aware": false,
                                      "Async Capable": false,
                                      "Startup Cost": 458392.62,
                                      "Total Cost": 458398.74,
                                      "Plan Rows": 2450,
                                      "Plan Width": 16,
                                      "Sort Key": [
                                        "catalog_sales.cs_call_center_sk"
                                      ],
                                      "Plans": [
                                        {
                                          "Node Type": "Hash Join",
                                          "Parent Relationship": "Outer",
                                          "Parallel Aware": true,
                                          "Async Capable": false,
                                          "Join Type": "Inner",
                                          "Startup Cost": 2049.78,
                                          "Total Cost": 458254.7,
                                          "Plan Rows": 2450,
                                          "Plan Width": 16,
                                          "Inner Unique": false,
                                          "Hash Cond": "(catalog_sales.cs_sold_date_sk = date_dim_2.d_date_sk)",
                                          "Plans": [
                                            {
                                              "Node Type": "Seq Scan",
                                              "Parent Relationship": "Outer",
                                              "Parallel Aware": true,
                                              "Async Capable": false,
                                              "Relation Name": "catalog_sales",
                                              "Alias": "catalog_sales",
                                              "Startup Cost": 0.0,
                                              "Total Cost": 433688.25,
                                              "Plan Rows": 6000525,
                                              "Plan Width": 20,
                                              "parent": 32,
                                              "ID": 33
                                            },
                                            {
                                              "Node Type": "Hash",
                                              "Parent Relationship": "Inner",
                                              "Parallel Aware": true,
                                              "Async Capable": false,
                                              "Startup Cost": 2049.55,
                                              "Total Cost": 2049.55,
                                              "Plan Rows": 18,
                                              "Plan Width": 4,
                                              "Plans": [
                                                {
                                                  "Node Type": "Seq Scan",
                                                  "Parent Relationship": "Outer",
                                                  "Parallel Aware": true,
                                                  "Async Capable": false,
                                                  "Relation Name": "date_dim",
                                                  "Alias": "date_dim_2",
                                                  "Startup Cost": 0.0,
                                                  "Total Cost": 2049.55,
                                                  "Plan Rows": 18,
                                                  "Plan Width": 4,
                                                  "Filter": "((d_date >= '1999-08-14'::date) AND (d_date <= '1999-09-13 00:00:00'::timestamp without time zone))",
                                                  "parent": 34,
                                                  "ID": 35
                                                }
                                              ],
                                              "parent": 32,
                                              "ID": 34,
                                              "left": 35
                                            }
                                          ],
                                          "parent": 31,
                                          "ID": 32,
                                          "left": 33,
                                          "right": 34
                                        }
                                      ],
                                      "parent": 30,
                                      "ID": 31,
                                      "left": 32
                                    }
                                  ],
                                  "parent": 29,
                                  "ID": 30,
                                  "left": 31
                                }
                              ],
                              "parent": 28,
                              "ID": 29,
                              "left": 30
                            }
                          ],
                          "parent": 27,
                          "ID": 28,
                          "left": 29
                        },
                        {
                          "Node Type": "Materialize",
                          "Parent Relationship": "Inner",
                          "Parallel Aware": false,
                          "Async Capable": false,
                          "Startup Cost": 40059.61,
                          "Total Cost": 40069.29,
                          "Plan Rows": 24,
                          "Plan Width": 64,
                          "Plans": [
                            {
                              "Node Type": "Subquery Scan",
                              "Parent Relationship": "Outer",
                              "Parallel Aware": false,
                              "Async Capable": false,
                              "Alias": "cr",
                              "Startup Cost": 40059.61,
                              "Total Cost": 40069.17,
                              "Plan Rows": 24,
                              "Plan Width": 64,
                              "Plans": [
                                {
                                  "Node Type": "Aggregate",
                                  "Strategy": "Sorted",
                                  "Partial Mode": "Finalize",
                                  "Parent Relationship": "Subquery",
                                  "Parallel Aware": false,
                                  "Async Capable": false,
                                  "Startup Cost": 40059.61,
                                  "Total Cost": 40068.93,
                                  "Plan Rows": 24,
                                  "Plan Width": 68,
                                  "Group Key": [
                                    "catalog_returns.cr_call_center_sk"
                                  ],
                                  "Plans": [
                                    {
                                      "Node Type": "Gather Merge",
                                      "Parent Relationship": "Outer",
                                      "Parallel Aware": false,
                                      "Async Capable": false,
                                      "Startup Cost": 40059.61,
                                      "Total Cost": 40067.97,
                                      "Plan Rows": 48,
                                      "Plan Width": 68,
                                      "Workers Planned": 2,
                                      "Plans": [
                                        {
                                          "Node Type": "Aggregate",
                                          "Strategy": "Sorted",
                                          "Partial Mode": "Partial",
                                          "Parent Relationship": "Outer",
                                          "Parallel Aware": false,
                                          "Async Capable": false,
                                          "Startup Cost": 39059.58,
                                          "Total Cost": 39062.4,
                                          "Plan Rows": 24,
                                          "Plan Width": 68,
                                          "Group Key": [
                                            "catalog_returns.cr_call_center_sk"
                                          ],
                                          "Plans": [
                                            {
                                              "Node Type": "Sort",
                                              "Parent Relationship": "Outer",
                                              "Parallel Aware": false,
                                              "Async Capable": false,
                                              "Startup Cost": 39059.58,
                                              "Total Cost": 39060.2,
                                              "Plan Rows": 246,
                                              "Plan Width": 16,
                                              "Sort Key": [
                                                "catalog_returns.cr_call_center_sk"
                                              ],
                                              "Plans": [
                                                {
                                                  "Node Type": "Hash Join",
                                                  "Parent Relationship": "Outer",
                                                  "Parallel Aware": true,
                                                  "Async Capable": false,
                                                  "Join Type": "Inner",
                                                  "Startup Cost": 2049.78,
                                                  "Total Cost": 39049.82,
                                                  "Plan Rows": 246,
                                                  "Plan Width": 16,
                                                  "Inner Unique": false,
                                                  "Hash Cond": "(catalog_returns.cr_returned_date_sk = date_dim_3.d_date_sk)",
                                                  "Plans": [
                                                    {
                                                      "Node Type": "Seq Scan",
                                                      "Parent Relationship": "Outer",
                                                      "Parallel Aware": true,
                                                      "Async Capable": false,
                                                      "Relation Name": "catalog_returns",
                                                      "Alias": "catalog_returns",
                                                      "Startup Cost": 0.0,
                                                      "Total Cost": 34748.95,
                                                      "Plan Rows": 599895,
                                                      "Plan Width": 20,
                                                      "parent": 42,
                                                      "ID": 43
                                                    },
                                                    {
                                                      "Node Type": "Hash",
                                                      "Parent Relationship": "Inner",
                                                      "Parallel Aware": true,
                                                      "Async Capable": false,
                                                      "Startup Cost": 2049.55,
                                                      "Total Cost": 2049.55,
                                                      "Plan Rows": 18,
                                                      "Plan Width": 4,
                                                      "Plans": [
                                                        {
                                                          "Node Type": "Seq Scan",
                                                          "Parent Relationship": "Outer",
                                                          "Parallel Aware": true,
                                                          "Async Capable": false,
                                                          "Relation Name": "date_dim",
                                                          "Alias": "date_dim_3",
                                                          "Startup Cost": 0.0,
                                                          "Total Cost": 2049.55,
                                                          "Plan Rows": 18,
                                                          "Plan Width": 4,
                                                          "Filter": "((d_date >= '1999-08-14'::date) AND (d_date <= '1999-09-13 00:00:00'::timestamp without time zone))",
                                                          "parent": 44,
                                                          "ID": 45
                                                        }
                                                      ],
                                                      "parent": 42,
                                                      "ID": 44,
                                                      "left": 45
                                                    }
                                                  ],
                                                  "parent": 41,
                                                  "ID": 42,
                                                  "left": 43,
                                                  "right": 44
                                                }
                                              ],
                                              "parent": 40,
                                              "ID": 41,
                                              "left": 42
                                            }
                                          ],
                                          "parent": 39,
                                          "ID": 40,
                                          "left": 41
                                        }
                                      ],
                                      "parent": 38,
                                      "ID": 39,
                                      "left": 40
                                    }
                                  ],
                                  "parent": 37,
                                  "ID": 38,
                                  "left": 39
                                }
                              ],
                              "parent": 36,
                              "ID": 37,
                              "left": 38
                            }
                          ],
                          "parent": 27,
                          "ID": 36,
                          "left": 37
                        }
                      ],
                      "parent": 3,
                      "ID": 27,
                      "left": 28,
                      "right": 36
                    },
                    {
                      "Node Type": "Merge Join",
                      "Parent Relationship": "Member",
                      "Parallel Aware": false,
                      "Async Capable": false,
                      "Join Type": "Left",
                      "Startup Cost": 252590.79,
                      "Total Cost": 252726.18,
                      "Plan Rows": 200,
                      "Plan Width": 132,
                      "Inner Unique": true,
                      "Merge Cond": "(web_page.wp_web_page_sk = web_page_1.wp_web_page_sk)",
                      "Plans": [
                        {
                          "Node Type": "Aggregate",
                          "Strategy": "Sorted",
                          "Partial Mode": "Finalize",
                          "Parent Relationship": "Outer",
                          "Parallel Aware": false,
                          "Async Capable": false,
                          "Startup Cost": 232119.07,
                          "Total Cost": 232210.1,
                          "Plan Rows": 200,
                          "Plan Width": 68,
                          "Group Key": [
                            "web_page.wp_web_page_sk"
                          ],
                          "Plans": [
                            {
                              "Node Type": "Gather Merge",
                              "Parent Relationship": "Outer",
                              "Parallel Aware": false,
                              "Async Capable": false,
                              "Startup Cost": 232119.07,
                              "Total Cost": 232202.1,
                              "Plan Rows": 400,
                              "Plan Width": 68,
                              "Workers Planned": 2,
                              "Plans": [
                                {
                                  "Node Type": "Aggregate",
                                  "Strategy": "Sorted",
                                  "Partial Mode": "Partial",
                                  "Parent Relationship": "Outer",
                                  "Parallel Aware": false,
                                  "Async Capable": false,
                                  "Startup Cost": 231119.05,
                                  "Total Cost": 231155.9,
                                  "Plan Rows": 200,
                                  "Plan Width": 68,
                                  "Group Key": [
                                    "web_page.wp_web_page_sk"
                                  ],
                                  "Plans": [
                                    {
                                      "Node Type": "Merge Join",
                                      "Parent Relationship": "Outer",
                                      "Parallel Aware": false,
                                      "Async Capable": false,
                                      "Join Type": "Inner",
                                      "Startup Cost": 231119.05,
                                      "Total Cost": 231143.67,
                                      "Plan Rows": 1231,
                                      "Plan Width": 16,
                                      "Inner Unique": false,
                                      "Merge Cond": "(web_sales.ws_web_page_sk = web_page.wp_web_page_sk)",
                                      "Plans": [
                                        {
                                          "Node Type": "Sort",
                                          "Parent Relationship": "Outer",
                                          "Parallel Aware": false,
                                          "Async Capable": false,
                                          "Startup Cost": 231104.41,
                                          "Total Cost": 231107.48,
                                          "Plan Rows": 1231,
                                          "Plan Width": 16,
                                          "Sort Key": [
                                            "web_sales.ws_web_page_sk"
                                          ],
                                          "Plans": [
                                            {
                                              "Node Type": "Hash Join",
                                              "Parent Relationship": "Outer",
                                              "Parallel Aware": true,
                                              "Async Capable": false,
                                              "Join Type": "Inner",
                                              "Startup Cost": 2049.78,
                                              "Total Cost": 231041.22,
                                              "Plan Rows": 1231,
                                              "Plan Width": 16,
                                              "Inner Unique": false,
                                              "Hash Cond": "(web_sales.ws_sold_date_sk = date_dim_4.d_date_sk)",
                                              "Plans": [
                                                {
                                                  "Node Type": "Seq Scan",
                                                  "Parent Relationship": "Outer",
                                                  "Parallel Aware": true,
                                                  "Async Capable": false,
                                                  "Relation Name": "web_sales",
                                                  "Alias": "web_sales",
                                                  "Startup Cost": 0.0,
                                                  "Total Cost": 217737.86,
                                                  "Plan Rows": 2998986,
                                                  "Plan Width": 20,
                                                  "parent": 52,
                                                  "ID": 53
                                                },
                                                {
                                                  "Node Type": "Hash",
                                                  "Parent Relationship": "Inner",
                                                  "Parallel Aware": true,
                                                  "Async Capable": false,
                                                  "Startup Cost": 2049.55,
                                                  "Total Cost": 2049.55,
                                                  "Plan Rows": 18,
                                                  "Plan Width": 4,
                                                  "Plans": [
                                                    {
                                                      "Node Type": "Seq Scan",
                                                      "Parent Relationship": "Outer",
                                                      "Parallel Aware": true,
                                                      "Async Capable": false,
                                                      "Relation Name": "date_dim",
                                                      "Alias": "date_dim_4",
                                                      "Startup Cost": 0.0,
                                                      "Total Cost": 2049.55,
                                                      "Plan Rows": 18,
                                                      "Plan Width": 4,
                                                      "Filter": "((d_date >= '1999-08-14'::date) AND (d_date <= '1999-09-13 00:00:00'::timestamp without time zone))",
                                                      "parent": 54,
                                                      "ID": 55
                                                    }
                                                  ],
                                                  "parent": 52,
                                                  "ID": 54,
                                                  "left": 55
                                                }
                                              ],
                                              "parent": 51,
                                              "ID": 52,
                                              "left": 53,
                                              "right": 54
                                            }
                                          ],
                                          "parent": 50,
                                          "ID": 51,
                                          "left": 52
                                        },
                                        {
                                          "Node Type": "Sort",
                                          "Parent Relationship": "Inner",
                                          "Parallel Aware": false,
                                          "Async Capable": false,
                                          "Startup Cost": 14.64,
                                          "Total Cost": 15.14,
                                          "Plan Rows": 200,
                                          "Plan Width": 4,
                                          "Sort Key": [
                                            "web_page.wp_web_page_sk"
                                          ],
                                          "Plans": [
                                            {
                                              "Node Type": "Seq Scan",
                                              "Parent Relationship": "Outer",
                                              "Parallel Aware": false,
                                              "Async Capable": false,
                                              "Relation Name": "web_page",
                                              "Alias": "web_page",
                                              "Startup Cost": 0.0,
                                              "Total Cost": 7.0,
                                              "Plan Rows": 200,
                                              "Plan Width": 4,
                                              "parent": 56,
                                              "ID": 57
                                            }
                                          ],
                                          "parent": 50,
                                          "ID": 56,
                                          "left": 57
                                        }
                                      ],
                                      "parent": 49,
                                      "ID": 50,
                                      "left": 51,
                                      "right": 56
                                    }
                                  ],
                                  "parent": 48,
                                  "ID": 49,
                                  "left": 50
                                }
                              ],
                              "parent": 47,
                              "ID": 48,
                              "left": 49
                            }
                          ],
                          "parent": 46,
                          "ID": 47,
                          "left": 48
                        },
                        {
                          "Node Type": "Aggregate",
                          "Strategy": "Sorted",
                          "Partial Mode": "Finalize",
                          "Parent Relationship": "Inner",
                          "Parallel Aware": false,
                          "Async Capable": false,
                          "Startup Cost": 20471.72,
                          "Total Cost": 20508.59,
                          "Plan Rows": 200,
                          "Plan Width": 68,
                          "Group Key": [
                            "web_page_1.wp_web_page_sk"
                          ],
                          "Plans": [
                            {
                              "Node Type": "Gather Merge",
                              "Parent Relationship": "Outer",
                              "Parallel Aware": false,
                              "Async Capable": false,
                              "Startup Cost": 20471.72,
                              "Total Cost": 20502.79,
                              "Plan Rows": 224,
                              "Plan Width": 68,
                              "Workers Planned": 2,
                              "Plans": [
                                {
                                  "Node Type": "Aggregate",
                                  "Strategy": "Sorted",
                                  "Partial Mode": "Partial",
                                  "Parent Relationship": "Outer",
                                  "Parallel Aware": false,
                                  "Async Capable": false,
                                  "Startup Cost": 19471.69,
                                  "Total Cost": 19476.91,
                                  "Plan Rows": 112,
                                  "Plan Width": 68,
                                  "Group Key": [
                                    "web_page_1.wp_web_page_sk"
                                  ],
                                  "Plans": [
                                    {
                                      "Node Type": "Merge Join",
                                      "Parent Relationship": "Outer",
                                      "Parallel Aware": false,
                                      "Async Capable": false,
                                      "Join Type": "Inner",
                                      "Startup Cost": 19471.69,
                                      "Total Cost": 19474.39,
                                      "Plan Rows": 112,
                                      "Plan Width": 16,
                                      "Inner Unique": false,
                                      "Merge Cond": "(web_returns.wr_web_page_sk = web_page_1.wp_web_page_sk)",
                                      "Plans": [
                                        {
                                          "Node Type": "Sort",
                                          "Parent Relationship": "Outer",
                                          "Parallel Aware": false,
                                          "Async Capable": false,
                                          "Startup Cost": 19457.05,
                                          "Total Cost": 19457.35,
                                          "Plan Rows": 118,
                                          "Plan Width": 16,
                                          "Sort Key": [
                                            "web_returns.wr_web_page_sk"
                                          ],
                                          "Plans": [
                                            {
                                              "Node Type": "Hash Join",
                                              "Parent Relationship": "Outer",
                                              "Parallel Aware": true,
                                              "Async Capable": false,
                                              "Join Type": "Inner",
                                              "Startup Cost": 2049.78,
                                              "Total Cost": 19452.99,
                                              "Plan Rows": 118,
                                              "Plan Width": 16,
                                              "Inner Unique": false,
                                              "Hash Cond": "(web_returns.wr_returned_date_sk = date_dim_5.d_date_sk)",
                                              "Plans": [
                                                {
                                                  "Node Type": "Seq Scan",
                                                  "Parent Relationship": "Outer",
                                                  "Parallel Aware": true,
                                                  "Async Capable": false,
                                                  "Relation Name": "web_returns",
                                                  "Alias": "web_returns",
                                                  "Startup Cost": 0.0,
                                                  "Total Cost": 16278.74,
                                                  "Plan Rows": 299674,
                                                  "Plan Width": 20,
                                                  "parent": 63,
                                                  "ID": 64
                                                },
                                                {
                                                  "Node Type": "Hash",
                                                  "Parent Relationship": "Inner",
                                                  "Parallel Aware": true,
                                                  "Async Capable": false,
                                                  "Startup Cost": 2049.55,
                                                  "Total Cost": 2049.55,
                                                  "Plan Rows": 18,
                                                  "Plan Width": 4,
                                                  "Plans": [
                                                    {
                                                      "Node Type": "Seq Scan",
                                                      "Parent Relationship": "Outer",
                                                      "Parallel Aware": true,
                                                      "Async Capable": false,
                                                      "Relation Name": "date_dim",
                                                      "Alias": "date_dim_5",
                                                      "Startup Cost": 0.0,
                                                      "Total Cost": 2049.55,
                                                      "Plan Rows": 18,
                                                      "Plan Width": 4,
                                                      "Filter": "((d_date >= '1999-08-14'::date) AND (d_date <= '1999-09-13 00:00:00'::timestamp without time zone))",
                                                      "parent": 65,
                                                      "ID": 66
                                                    }
                                                  ],
                                                  "parent": 63,
                                                  "ID": 65,
                                                  "left": 66
                                                }
                                              ],
                                              "parent": 62,
                                              "ID": 63,
                                              "left": 64,
                                              "right": 65
                                            }
                                          ],
                                          "parent": 61,
                                          "ID": 62,
                                          "left": 63
                                        },
                                        {
                                          "Node Type": "Sort",
                                          "Parent Relationship": "Inner",
                                          "Parallel Aware": false,
                                          "Async Capable": false,
                                          "Startup Cost": 14.64,
                                          "Total Cost": 15.14,
                                          "Plan Rows": 200,
                                          "Plan Width": 4,
                                          "Sort Key": [
                                            "web_page_1.wp_web_page_sk"
                                          ],
                                          "Plans": [
                                            {
                                              "Node Type": "Seq Scan",
                                              "Parent Relationship": "Outer",
                                              "Parallel Aware": false,
                                              "Async Capable": false,
                                              "Relation Name": "web_page",
                                              "Alias": "web_page_1",
                                              "Startup Cost": 0.0,
                                              "Total Cost": 7.0,
                                              "Plan Rows": 200,
                                              "Plan Width": 4,
                                              "parent": 67,
                                              "ID": 68
                                            }
                                          ],
                                          "parent": 61,
                                          "ID": 67,
                                          "left": 68
                                        }
                                      ],
                                      "parent": 60,
                                      "ID": 61,
                                      "left": 62,
                                      "right": 67
                                    }
                                  ],
                                  "parent": 59,
                                  "ID": 60,
                                  "left": 61
                                }
                              ],
                              "parent": 58,
                              "ID": 59,
                              "left": 60
                            }
                          ],
                          "parent": 46,
                          "ID": 58,
                          "left": 59
                        }
                      ],
                      "parent": 3,
                      "ID": 46,
                      "left": 47,
                      "right": 58
                    }
                  ],
                  "parent": 2,
                  "ID": 3,
                  "left": 4,
                  "right": 27
                }
              ],
              "parent": 1,
              "ID": 2,
              "left": 3
            }
          ],
          "parent": 0,
          "ID": 1,
          "left": 2
        }
      ],
      "parent": null,
      "ID": 0,
      "left": 1
    },
    "feat": {
      "utility": 0.0,
      "query_shape": [
        [
          "Seq Scan",
          "Hash Join",
          "Sort",
          "Merge Join",
          "Aggregate",
          "Gather Merge",
          "Append"
        ],
        [
          "Seq Scan",
          "Hash",
          "Hash Join",
          "Sort",
          "Merge Join",
          "Aggregate",
          "Gather Merge",
          "Append"
        ],
        [
          "Seq Scan",
          "Sort",
          "Merge Join",
          "Aggregate",
          "Gather Merge",
          "Append"
        ],
        [
          "Seq Scan",
          "Hash Join",
          "Sort",
          "Merge Join",
          "Aggregate",
          "Gather Merge",
          "Append"
        ],
        [
          "Seq Scan",
          "Hash",
          "Hash Join",
          "Sort",
          "Merge Join",
          "Aggregate",
          "Gather Merge",
          "Append"
        ],
        [
          "Seq Scan",
          "Sort",
          "Merge Join",
          "Aggregate",
          "Gather Merge",
          "Append"
        ],
        [
          "Seq Scan",
          "Hash Join",
          "Sort",
          "Aggregate",
          "Gather Merge",
          "Nested Loop",
          "Append"
        ],
        [
          "Seq Scan",
          "Hash",
          "Hash Join",
          "Sort",
          "Aggregate",
          "Gather Merge",
          "Nested Loop",
          "Append"
        ],
        [
          "Seq Scan",
          "Hash Join",
          "Sort",
          "Aggregate",
          "Gather Merge",
          "Subquery Scan",
          "Materialize",
          "Nested Loop",
          "Append"
        ],
        [
          "Seq Scan",
          "Hash",
          "Hash Join",
          "Sort",
          "Aggregate",
          "Gather Merge",
          "Subquery Scan",
          "Materialize",
          "Nested Loop",
          "Append"
        ],
        [
          "Seq Scan",
          "Hash Join",
          "Sort",
          "Merge Join",
          "Aggregate",
          "Gather Merge",
          "Append"
        ],
        [
          "Seq Scan",
          "Hash",
          "Hash Join",
          "Sort",
          "Merge Join",
          "Aggregate",
          "Gather Merge",
          "Append"
        ],
        [
          "Seq Scan",
          "Sort",
          "Merge Join",
          "Aggregate",
          "Gather Merge",
          "Append"
        ],
        [
          "Seq Scan",
          "Hash Join",
          "Sort",
          "Merge Join",
          "Aggregate",
          "Gather Merge",
          "Append"
        ],
        [
          "Seq Scan",
          "Hash",
          "Hash Join",
          "Sort",
          "Merge Join",
          "Aggregate",
          "Gather Merge",
          "Append"
        ],
        [
          "Seq Scan",
          "Sort",
          "Merge Join",
          "Aggregate",
          "Gather Merge",
          "Append"
        ]
      ],
      "index_shape": [],
      "physical_operator": {}
    }
  },
  {
    "query": "with ss as\n (select s_store_sk,\n         sum(ss_ext_sales_price) as sales,\n         sum(ss_net_profit) as profit\n from store_sales,\n      date_dim,\n      store\n where ss_sold_date_sk = d_date_sk\n       and d_date between cast('1999-08-14' as date) \n                  and (cast('1999-08-14' as date) +  interval '30 days') \n       and ss_store_sk = s_store_sk\n group by s_store_sk)\n ,\n sr as\n (select s_store_sk,\n         sum(sr_return_amt) as returns,\n         sum(sr_net_loss) as profit_loss\n from store_returns,\n      date_dim,\n      store\n where sr_returned_date_sk = d_date_sk\n       and d_date between cast('1999-08-14' as date)\n                  and (cast('1999-08-14' as date) +  interval '30 days')\n       and sr_store_sk = s_store_sk\n group by s_store_sk), \n cs as\n (select cs_call_center_sk,\n        sum(cs_ext_sales_price) as sales,\n        sum(cs_net_profit) as profit\n from catalog_sales,\n      date_dim\n where cs_sold_date_sk = d_date_sk\n       and d_date between cast('1999-08-14' as date)\n                  and (cast('1999-08-14' as date) +  interval '30 days')\n group by cs_call_center_sk \n ), \n cr as\n (select cr_call_center_sk,\n         sum(cr_return_amount) as returns,\n         sum(cr_net_loss) as profit_loss\n from catalog_returns,\n      date_dim\n where cr_returned_date_sk = d_date_sk\n       and d_date between cast('1999-08-14' as date)\n                  and (cast('1999-08-14' as date) +  interval '30 days')\n group by cr_call_center_sk\n ), \n ws as\n ( select wp_web_page_sk,\n        sum(ws_ext_sales_price) as sales,\n        sum(ws_net_profit) as profit\n from web_sales,\n      date_dim,\n      web_page\n where ws_sold_date_sk = d_date_sk\n       and d_date between cast('1999-08-14' as date)\n                  and (cast('1999-08-14' as date) +  interval '30 days')\n       and ws_web_page_sk = wp_web_page_sk\n group by wp_web_page_sk), \n wr as\n (select wp_web_page_sk,\n        sum(wr_return_amt) as returns,\n        sum(wr_net_loss) as profit_loss\n from web_returns,\n      date_dim,\n      web_page\n where wr_returned_date_sk = d_date_sk\n       and d_date between cast('1999-08-14' as date)\n                  and (cast('1999-08-14' as date) +  interval '30 days')\n       and wr_web_page_sk = wp_web_page_sk\n group by wp_web_page_sk)\n  select  channel\n        , id\n        , sum(sales) as sales\n        , sum(returns) as returns\n        , sum(profit) as profit\n from \n (select 'store channel' as channel\n        , ss.s_store_sk as id\n        , sales\n        , coalesce(returns, 0) as returns\n        , (profit - coalesce(profit_loss,0)) as profit\n from   ss left join sr\n        on  ss.s_store_sk = sr.s_store_sk\n union all\n select 'catalog channel' as channel\n        , cs_call_center_sk as id\n        , sales\n        , returns\n        , (profit - profit_loss) as profit\n from  cs\n       , cr\n union all\n select 'web channel' as channel\n        , ws.wp_web_page_sk as id\n        , sales\n        , coalesce(returns, 0) as returns\n        , (profit - coalesce(profit_loss,0)) as profit\n from   ws left join wr\n        on  ws.wp_web_page_sk = wr.wp_web_page_sk\n ) x\n group by rollup (channel, id)\n order by channel\n         ,id\n limit 100;\n\n-- end query 58 in stream 0 using template query77.tpl\n",
    "indexes": "store_sales.ss_sold_date_sk",
    "wo plan est": {
      "Node Type": "Limit",
      "Parallel Aware": false,
      "Async Capable": false,
      "Startup Cost": 1505243.45,
      "Total Cost": 1505243.7,
      "Plan Rows": 100,
      "Plan Width": 132,
      "Plans": [
        {
          "Node Type": "Sort",
          "Parent Relationship": "Outer",
          "Parallel Aware": false,
          "Async Capable": false,
          "Startup Cost": 1505243.45,
          "Total Cost": 1505244.45,
          "Plan Rows": 401,
          "Plan Width": 132,
          "Sort Key": [
            "('store channel'::text)",
            "store.s_store_sk"
          ],
          "Plans": [
            {
              "Node Type": "Aggregate",
              "Strategy": "Mixed",
              "Partial Mode": "Simple",
              "Parent Relationship": "Outer",
              "Parallel Aware": false,
              "Async Capable": false,
              "Startup Cost": 752755.06,
              "Total Cost": 1505228.12,
              "Plan Rows": 401,
              "Plan Width": 132,
              "Grouping Sets": [
                {
                  "Hash Keys": [
                    [
                      "('store channel'::text)",
                      "store.s_store_sk"
                    ]
                  ]
                },
                {
                  "Hash Keys": [
                    [
                      "('store channel'::text)"
                    ]
                  ]
                },
                {
                  "Group Keys": [
                    []
                  ]
                }
              ],
              "Planned Partitions": 0,
              "Plans": [
                {
                  "Node Type": "Append",
                  "Parent Relationship": "Outer",
                  "Parallel Aware": false,
                  "Async Capable": false,
                  "Startup Cost": 752755.06,
                  "Total Cost": 1505194.76,
                  "Plan Rows": 878,
                  "Plan Width": 132,
                  "Subplans Removed": 0,
                  "Plans": [
                    {
                      "Node Type": "Merge Join",
                      "Parent Relationship": "Member",
                      "Parallel Aware": false,
                      "Async Capable": false,
                      "Join Type": "Left",
                      "Startup Cost": 752755.06,
                      "Total Cost": 752953.3,
                      "Plan Rows": 102,
                      "Plan Width": 132,
                      "Inner Unique": true,
                      "Merge Cond": "(store.s_store_sk = store_1.s_store_sk)",
                      "Plans": [
                        {
                          "Node Type": "Aggregate",
                          "Strategy": "Sorted",
                          "Partial Mode": "Finalize",
                          "Parent Relationship": "Outer",
                          "Parallel Aware": false,
                          "Async Capable": false,
                          "Startup Cost": 685291.07,
                          "Total Cost": 685443.67,
                          "Plan Rows": 102,
                          "Plan Width": 68,
                          "Group Key": [
                            "store.s_store_sk"
                          ],
                          "Plans": [
                            {
                              "Node Type": "Gather Merge",
                              "Parent Relationship": "Outer",
                              "Parallel Aware": false,
                              "Async Capable": false,
                              "Startup Cost": 685291.07,
                              "Total Cost": 685439.59,
                              "Plan Rows": 204,
                              "Plan Width": 68,
                              "Workers Planned": 2,
                              "Plans": [
                                {
                                  "Node Type": "Aggregate",
                                  "Strategy": "Sorted",
                                  "Partial Mode": "Partial",
                                  "Parent Relationship": "Outer",
                                  "Parallel Aware": false,
                                  "Async Capable": false,
                                  "Startup Cost": 684291.04,
                                  "Total Cost": 684416.02,
                                  "Plan Rows": 102,
                                  "Plan Width": 68,
                                  "Group Key": [
                                    "store.s_store_sk"
                                  ],
                                  "Plans": [
                                    {
                                      "Node Type": "Merge Join",
                                      "Parent Relationship": "Outer",
                                      "Parallel Aware": false,
                                      "Async Capable": false,
                                      "Join Type": "Inner",
                                      "Startup Cost": 684291.04,
                                      "Total Cost": 684380.82,
                                      "Plan Rows": 4489,
                                      "Plan Width": 16,
                                      "Inner Unique": false,
                                      "Merge Cond": "(store_sales.ss_store_sk = store.s_store_sk)",
                                      "Plans": [
                                        {
                                          "Node Type": "Sort",
                                          "Parent Relationship": "Outer",
                                          "Parallel Aware": false,
                                          "Async Capable": false,
                                          "Startup Cost": 684281.62,
                                          "Total Cost": 684293.38,
                                          "Plan Rows": 4703,
                                          "Plan Width": 16,
                                          "Sort Key": [
                                            "store_sales.ss_store_sk"
                                          ],
                                          "Plans": [
                                            {
                                              "Node Type": "Hash Join",
                                              "Parent Relationship": "Outer",
                                              "Parallel Aware": true,
                                              "Async Capable": false,
                                              "Join Type": "Inner",
                                              "Startup Cost": 2049.78,
                                              "Total Cost": 683994.75,
                                              "Plan Rows": 4703,
                                              "Plan Width": 16,
                                              "Inner Unique": false,
                                              "Hash Cond": "(store_sales.ss_sold_date_sk = date_dim.d_date_sk)",
                                              "Plans": [
                                                {
                                                  "Node Type": "Seq Scan",
                                                  "Parent Relationship": "Outer",
                                                  "Parallel Aware": true,
                                                  "Async Capable": false,
                                                  "Relation Name": "store_sales",
                                                  "Alias": "store_sales",
                                                  "Startup Cost": 0.0,
                                                  "Total Cost": 636914.37,
                                                  "Plan Rows": 12000637,
                                                  "Plan Width": 20,
                                                  "parent": 10,
                                                  "ID": 11
                                                },
                                                {
                                                  "Node Type": "Hash",
                                                  "Parent Relationship": "Inner",
                                                  "Parallel Aware": true,
                                                  "Async Capable": false,
                                                  "Startup Cost": 2049.55,
                                                  "Total Cost": 2049.55,
                                                  "Plan Rows": 18,
                                                  "Plan Width": 4,
                                                  "Plans": [
                                                    {
                                                      "Node Type": "Seq Scan",
                                                      "Parent Relationship": "Outer",
                                                      "Parallel Aware": true,
                                                      "Async Capable": false,
                                                      "Relation Name": "date_dim",
                                                      "Alias": "date_dim",
                                                      "Startup Cost": 0.0,
                                                      "Total Cost": 2049.55,
                                                      "Plan Rows": 18,
                                                      "Plan Width": 4,
                                                      "Filter": "((d_date >= '1999-08-14'::date) AND (d_date <= '1999-09-13 00:00:00'::timestamp without time zone))",
                                                      "parent": 12,
                                                      "ID": 13
                                                    }
                                                  ],
                                                  "parent": 10,
                                                  "ID": 12,
                                                  "left": 13
                                                }
                                              ],
                                              "parent": 9,
                                              "ID": 10,
                                              "left": 11,
                                              "right": 12
                                            }
                                          ],
                                          "parent": 8,
                                          "ID": 9,
                                          "left": 10
                                        },
                                        {
                                          "Node Type": "Sort",
                                          "Parent Relationship": "Inner",
                                          "Parallel Aware": false,
                                          "Async Capable": false,
                                          "Startup Cost": 9.42,
                                          "Total Cost": 9.68,
                                          "Plan Rows": 102,
                                          "Plan Width": 4,
                                          "Sort Key": [
                                            "store.s_store_sk"
                                          ],
                                          "Plans": [
                                            {
                                              "Node Type": "Seq Scan",
                                              "Parent Relationship": "Outer",
                                              "Parallel Aware": false,
                                              "Async Capable": false,
                                              "Relation Name": "store",
                                              "Alias": "store",
                                              "Startup Cost": 0.0,
                                              "Total Cost": 6.02,
                                              "Plan Rows": 102,
                                              "Plan Width": 4,
                                              "parent": 14,
                                              "ID": 15
                                            }
                                          ],
                                          "parent": 8,
                                          "ID": 14,
                                          "left": 15
                                        }
                                      ],
                                      "parent": 7,
                                      "ID": 8,
                                      "left": 9,
                                      "right": 14
                                    }
                                  ],
                                  "parent": 6,
                                  "ID": 7,
                                  "left": 8
                                }
                              ],
                              "parent": 5,
                              "ID": 6,
                              "left": 7
                            }
                          ],
                          "parent": 4,
                          "ID": 5,
                          "left": 6
                        },
                        {
                          "Node Type": "Aggregate",
                          "Strategy": "Sorted",
                          "Partial Mode": "Finalize",
                          "Parent Relationship": "Inner",
                          "Parallel Aware": false,
                          "Async Capable": false,
                          "Startup Cost": 67464.0,
                          "Total Cost": 67505.8,
                          "Plan Rows": 102,
                          "Plan Width": 68,
                          "Group Key": [
                            "store_1.s_store_sk"
                          ],
                          "Plans": [
                            {
                              "Node Type": "Gather Merge",
                              "Parent Relationship": "Outer",
                              "Parallel Aware": false,
                              "Async Capable": false,
                              "Startup Cost": 67464.0,
                              "Total Cost": 67501.72,
                              "Plan Rows": 204,
                              "Plan Width": 68,
                              "Workers Planned": 2,
                              "Plans": [
                                {
                                  "Node Type": "Aggregate",
                                  "Strategy": "Sorted",
                                  "Partial Mode": "Partial",
                                  "Parent Relationship": "Outer",
                                  "Parallel Aware": false,
                                  "Async Capable": false,
                                  "Startup Cost": 66463.97,
                                  "Total Cost": 66478.15,
                                  "Plan Rows": 102,
                                  "Plan Width": 68,
                                  "Group Key": [
                                    "store_1.s_store_sk"
                                  ],
                                  "Plans": [
                                    {
                                      "Node Type": "Merge Join",
                                      "Parent Relationship": "Outer",
                                      "Parallel Aware": false,
                                      "Async Capable": false,
                                      "Join Type": "Inner",
                                      "Startup Cost": 66463.97,
                                      "Total Cost": 66473.17,
                                      "Plan Rows": 460,
                                      "Plan Width": 16,
                                      "Inner Unique": false,
                                      "Merge Cond": "(store_returns.sr_store_sk = store_1.s_store_sk)",
                                      "Plans": [
                                        {
                                          "Node Type": "Sort",
                                          "Parent Relationship": "Outer",
                                          "Parallel Aware": false,
                                          "Async Capable": false,
                                          "Startup Cost": 66454.55,
                                          "Total Cost": 66455.74,
                                          "Plan Rows": 476,
                                          "Plan Width": 16,
                                          "Sort Key": [
                                            "store_returns.sr_store_sk"
                                          ],
                                          "Plans": [
                                            {
                                              "Node Type": "Hash Join",
                                              "Parent Relationship": "Outer",
                                              "Parallel Aware": true,
                                              "Async Capable": false,
                                              "Join Type": "Inner",
                                              "Startup Cost": 2049.78,
                                              "Total Cost": 66433.38,
                                              "Plan Rows": 476,
                                              "Plan Width": 16,
                                              "Inner Unique": false,
                                              "Hash Cond": "(store_returns.sr_returned_date_sk = date_dim_1.d_date_sk)",
                                              "Plans": [
                                                {
                                                  "Node Type": "Seq Scan",
                                                  "Parent Relationship": "Outer",
                                                  "Parallel Aware": true,
                                                  "Async Capable": false,
                                                  "Relation Name": "store_returns",
                                                  "Alias": "store_returns",
                                                  "Startup Cost": 0.0,
                                                  "Total Cost": 59887.64,
                                                  "Plan Rows": 1198164,
                                                  "Plan Width": 20,
                                                  "parent": 21,
                                                  "ID": 22
                                                },
                                                {
                                                  "Node Type": "Hash",
                                                  "Parent Relationship": "Inner",
                                                  "Parallel Aware": true,
                                                  "Async Capable": false,
                                                  "Startup Cost": 2049.55,
                                                  "Total Cost": 2049.55,
                                                  "Plan Rows": 18,
                                                  "Plan Width": 4,
                                                  "Plans": [
                                                    {
                                                      "Node Type": "Seq Scan",
                                                      "Parent Relationship": "Outer",
                                                      "Parallel Aware": true,
                                                      "Async Capable": false,
                                                      "Relation Name": "date_dim",
                                                      "Alias": "date_dim_1",
                                                      "Startup Cost": 0.0,
                                                      "Total Cost": 2049.55,
                                                      "Plan Rows": 18,
                                                      "Plan Width": 4,
                                                      "Filter": "((d_date >= '1999-08-14'::date) AND (d_date <= '1999-09-13 00:00:00'::timestamp without time zone))",
                                                      "parent": 23,
                                                      "ID": 24
                                                    }
                                                  ],
                                                  "parent": 21,
                                                  "ID": 23,
                                                  "left": 24
                                                }
                                              ],
                                              "parent": 20,
                                              "ID": 21,
                                              "left": 22,
                                              "right": 23
                                            }
                                          ],
                                          "parent": 19,
                                          "ID": 20,
                                          "left": 21
                                        },
                                        {
                                          "Node Type": "Sort",
                                          "Parent Relationship": "Inner",
                                          "Parallel Aware": false,
                                          "Async Capable": false,
                                          "Startup Cost": 9.42,
                                          "Total Cost": 9.68,
                                          "Plan Rows": 102,
                                          "Plan Width": 4,
                                          "Sort Key": [
                                            "store_1.s_store_sk"
                                          ],
                                          "Plans": [
                                            {
                                              "Node Type": "Seq Scan",
                                              "Parent Relationship": "Outer",
                                              "Parallel Aware": false,
                                              "Async Capable": false,
                                              "Relation Name": "store",
                                              "Alias": "store_1",
                                              "Startup Cost": 0.0,
                                              "Total Cost": 6.02,
                                              "Plan Rows": 102,
                                              "Plan Width": 4,
                                              "parent": 25,
                                              "ID": 26
                                            }
                                          ],
                                          "parent": 19,
                                          "ID": 25,
                                          "left": 26
                                        }
                                      ],
                                      "parent": 18,
                                      "ID": 19,
                                      "left": 20,
                                      "right": 25
                                    }
                                  ],
                                  "parent": 17,
                                  "ID": 18,
                                  "left": 19
                                }
                              ],
                              "parent": 16,
                              "ID": 17,
                              "left": 18
                            }
                          ],
                          "parent": 4,
                          "ID": 16,
                          "left": 17
                        }
                      ],
                      "parent": 3,
                      "ID": 4,
                      "left": 5,
                      "right": 16
                    },
                    {
                      "Node Type": "Nested Loop",
                      "Parent Relationship": "Member",
                      "Parallel Aware": false,
                      "Async Capable": false,
                      "Join Type": "Inner",
                      "Startup Cost": 499452.25,
                      "Total Cost": 499502.11,
                      "Plan Rows": 576,
                      "Plan Width": 132,
                      "Inner Unique": false,
                      "Plans": [
                        {
                          "Node Type": "Aggregate",
                          "Strategy": "Sorted",
                          "Partial Mode": "Finalize",
                          "Parent Relationship": "Outer",
                          "Parallel Aware": false,
                          "Async Capable": false,
                          "Startup Cost": 459392.64,
                          "Total Cost": 459424.0,
                          "Plan Rows": 24,
                          "Plan Width": 68,
                          "Group Key": [
                            "catalog_sales.cs_call_center_sk"
                          ],
                          "Plans": [
                            {
                              "Node Type": "Gather Merge",
                              "Parent Relationship": "Outer",
                              "Parallel Aware": false,
                              "Async Capable": false,
                              "Startup Cost": 459392.64,
                              "Total Cost": 459423.04,
                              "Plan Rows": 48,
                              "Plan Width": 68,
                              "Workers Planned": 2,
                              "Plans": [
                                {
                                  "Node Type": "Aggregate",
                                  "Strategy": "Sorted",
                                  "Partial Mode": "Partial",
                                  "Parent Relationship": "Outer",
                                  "Parallel Aware": false,
                                  "Async Capable": false,
                                  "Startup Cost": 458392.62,
                                  "Total Cost": 458417.48,
                                  "Plan Rows": 24,
                                  "Plan Width": 68,
                                  "Group Key": [
                                    "catalog_sales.cs_call_center_sk"
                                  ],
                                  "Plans": [
                                    {
                                      "Node Type": "Sort",
                                      "Parent Relationship": "Outer",
                                      "Parallel Aware": false,
                                      "Async Capable": false,
                                      "Startup Cost": 458392.62,
                                      "Total Cost": 458398.74,
                                      "Plan Rows": 2450,
                                      "Plan Width": 16,
                                      "Sort Key": [
                                        "catalog_sales.cs_call_center_sk"
                                      ],
                                      "Plans": [
                                        {
                                          "Node Type": "Hash Join",
                                          "Parent Relationship": "Outer",
                                          "Parallel Aware": true,
                                          "Async Capable": false,
                                          "Join Type": "Inner",
                                          "Startup Cost": 2049.78,
                                          "Total Cost": 458254.7,
                                          "Plan Rows": 2450,
                                          "Plan Width": 16,
                                          "Inner Unique": false,
                                          "Hash Cond": "(catalog_sales.cs_sold_date_sk = date_dim_2.d_date_sk)",
                                          "Plans": [
                                            {
                                              "Node Type": "Seq Scan",
                                              "Parent Relationship": "Outer",
                                              "Parallel Aware": true,
                                              "Async Capable": false,
                                              "Relation Name": "catalog_sales",
                                              "Alias": "catalog_sales",
                                              "Startup Cost": 0.0,
                                              "Total Cost": 433688.25,
                                              "Plan Rows": 6000525,
                                              "Plan Width": 20,
                                              "parent": 32,
                                              "ID": 33
                                            },
                                            {
                                              "Node Type": "Hash",
                                              "Parent Relationship": "Inner",
                                              "Parallel Aware": true,
                                              "Async Capable": false,
                                              "Startup Cost": 2049.55,
                                              "Total Cost": 2049.55,
                                              "Plan Rows": 18,
                                              "Plan Width": 4,
                                              "Plans": [
                                                {
                                                  "Node Type": "Seq Scan",
                                                  "Parent Relationship": "Outer",
                                                  "Parallel Aware": true,
                                                  "Async Capable": false,
                                                  "Relation Name": "date_dim",
                                                  "Alias": "date_dim_2",
                                                  "Startup Cost": 0.0,
                                                  "Total Cost": 2049.55,
                                                  "Plan Rows": 18,
                                                  "Plan Width": 4,
                                                  "Filter": "((d_date >= '1999-08-14'::date) AND (d_date <= '1999-09-13 00:00:00'::timestamp without time zone))",
                                                  "parent": 34,
                                                  "ID": 35
                                                }
                                              ],
                                              "parent": 32,
                                              "ID": 34,
                                              "left": 35
                                            }
                                          ],
                                          "parent": 31,
                                          "ID": 32,
                                          "left": 33,
                                          "right": 34
                                        }
                                      ],
                                      "parent": 30,
                                      "ID": 31,
                                      "left": 32
                                    }
                                  ],
                                  "parent": 29,
                                  "ID": 30,
                                  "left": 31
                                }
                              ],
                              "parent": 28,
                              "ID": 29,
                              "left": 30
                            }
                          ],
                          "parent": 27,
                          "ID": 28,
                          "left": 29
                        },
                        {
                          "Node Type": "Materialize",
                          "Parent Relationship": "Inner",
                          "Parallel Aware": false,
                          "Async Capable": false,
                          "Startup Cost": 40059.61,
                          "Total Cost": 40069.29,
                          "Plan Rows": 24,
                          "Plan Width": 64,
                          "Plans": [
                            {
                              "Node Type": "Subquery Scan",
                              "Parent Relationship": "Outer",
                              "Parallel Aware": false,
                              "Async Capable": false,
                              "Alias": "cr",
                              "Startup Cost": 40059.61,
                              "Total Cost": 40069.17,
                              "Plan Rows": 24,
                              "Plan Width": 64,
                              "Plans": [
                                {
                                  "Node Type": "Aggregate",
                                  "Strategy": "Sorted",
                                  "Partial Mode": "Finalize",
                                  "Parent Relationship": "Subquery",
                                  "Parallel Aware": false,
                                  "Async Capable": false,
                                  "Startup Cost": 40059.61,
                                  "Total Cost": 40068.93,
                                  "Plan Rows": 24,
                                  "Plan Width": 68,
                                  "Group Key": [
                                    "catalog_returns.cr_call_center_sk"
                                  ],
                                  "Plans": [
                                    {
                                      "Node Type": "Gather Merge",
                                      "Parent Relationship": "Outer",
                                      "Parallel Aware": false,
                                      "Async Capable": false,
                                      "Startup Cost": 40059.61,
                                      "Total Cost": 40067.97,
                                      "Plan Rows": 48,
                                      "Plan Width": 68,
                                      "Workers Planned": 2,
                                      "Plans": [
                                        {
                                          "Node Type": "Aggregate",
                                          "Strategy": "Sorted",
                                          "Partial Mode": "Partial",
                                          "Parent Relationship": "Outer",
                                          "Parallel Aware": false,
                                          "Async Capable": false,
                                          "Startup Cost": 39059.58,
                                          "Total Cost": 39062.4,
                                          "Plan Rows": 24,
                                          "Plan Width": 68,
                                          "Group Key": [
                                            "catalog_returns.cr_call_center_sk"
                                          ],
                                          "Plans": [
                                            {
                                              "Node Type": "Sort",
                                              "Parent Relationship": "Outer",
                                              "Parallel Aware": false,
                                              "Async Capable": false,
                                              "Startup Cost": 39059.58,
                                              "Total Cost": 39060.2,
                                              "Plan Rows": 246,
                                              "Plan Width": 16,
                                              "Sort Key": [
                                                "catalog_returns.cr_call_center_sk"
                                              ],
                                              "Plans": [
                                                {
                                                  "Node Type": "Hash Join",
                                                  "Parent Relationship": "Outer",
                                                  "Parallel Aware": true,
                                                  "Async Capable": false,
                                                  "Join Type": "Inner",
                                                  "Startup Cost": 2049.78,
                                                  "Total Cost": 39049.82,
                                                  "Plan Rows": 246,
                                                  "Plan Width": 16,
                                                  "Inner Unique": false,
                                                  "Hash Cond": "(catalog_returns.cr_returned_date_sk = date_dim_3.d_date_sk)",
                                                  "Plans": [
                                                    {
                                                      "Node Type": "Seq Scan",
                                                      "Parent Relationship": "Outer",
                                                      "Parallel Aware": true,
                                                      "Async Capable": false,
                                                      "Relation Name": "catalog_returns",
                                                      "Alias": "catalog_returns",
                                                      "Startup Cost": 0.0,
                                                      "Total Cost": 34748.95,
                                                      "Plan Rows": 599895,
                                                      "Plan Width": 20,
                                                      "parent": 42,
                                                      "ID": 43
                                                    },
                                                    {
                                                      "Node Type": "Hash",
                                                      "Parent Relationship": "Inner",
                                                      "Parallel Aware": true,
                                                      "Async Capable": false,
                                                      "Startup Cost": 2049.55,
                                                      "Total Cost": 2049.55,
                                                      "Plan Rows": 18,
                                                      "Plan Width": 4,
                                                      "Plans": [
                                                        {
                                                          "Node Type": "Seq Scan",
                                                          "Parent Relationship": "Outer",
                                                          "Parallel Aware": true,
                                                          "Async Capable": false,
                                                          "Relation Name": "date_dim",
                                                          "Alias": "date_dim_3",
                                                          "Startup Cost": 0.0,
                                                          "Total Cost": 2049.55,
                                                          "Plan Rows": 18,
                                                          "Plan Width": 4,
                                                          "Filter": "((d_date >= '1999-08-14'::date) AND (d_date <= '1999-09-13 00:00:00'::timestamp without time zone))",
                                                          "parent": 44,
                                                          "ID": 45
                                                        }
                                                      ],
                                                      "parent": 42,
                                                      "ID": 44,
                                                      "left": 45
                                                    }
                                                  ],
                                                  "parent": 41,
                                                  "ID": 42,
                                                  "left": 43,
                                                  "right": 44
                                                }
                                              ],
                                              "parent": 40,
                                              "ID": 41,
                                              "left": 42
                                            }
                                          ],
                                          "parent": 39,
                                          "ID": 40,
                                          "left": 41
                                        }
                                      ],
                                      "parent": 38,
                                      "ID": 39,
                                      "left": 40
                                    }
                                  ],
                                  "parent": 37,
                                  "ID": 38,
                                  "left": 39
                                }
                              ],
                              "parent": 36,
                              "ID": 37,
                              "left": 38
                            }
                          ],
                          "parent": 27,
                          "ID": 36,
                          "left": 37
                        }
                      ],
                      "parent": 3,
                      "ID": 27,
                      "left": 28,
                      "right": 36
                    },
                    {
                      "Node Type": "Merge Join",
                      "Parent Relationship": "Member",
                      "Parallel Aware": false,
                      "Async Capable": false,
                      "Join Type": "Left",
                      "Startup Cost": 252590.79,
                      "Total Cost": 252726.18,
                      "Plan Rows": 200,
                      "Plan Width": 132,
                      "Inner Unique": true,
                      "Merge Cond": "(web_page.wp_web_page_sk = web_page_1.wp_web_page_sk)",
                      "Plans": [
                        {
                          "Node Type": "Aggregate",
                          "Strategy": "Sorted",
                          "Partial Mode": "Finalize",
                          "Parent Relationship": "Outer",
                          "Parallel Aware": false,
                          "Async Capable": false,
                          "Startup Cost": 232119.07,
                          "Total Cost": 232210.1,
                          "Plan Rows": 200,
                          "Plan Width": 68,
                          "Group Key": [
                            "web_page.wp_web_page_sk"
                          ],
                          "Plans": [
                            {
                              "Node Type": "Gather Merge",
                              "Parent Relationship": "Outer",
                              "Parallel Aware": false,
                              "Async Capable": false,
                              "Startup Cost": 232119.07,
                              "Total Cost": 232202.1,
                              "Plan Rows": 400,
                              "Plan Width": 68,
                              "Workers Planned": 2,
                              "Plans": [
                                {
                                  "Node Type": "Aggregate",
                                  "Strategy": "Sorted",
                                  "Partial Mode": "Partial",
                                  "Parent Relationship": "Outer",
                                  "Parallel Aware": false,
                                  "Async Capable": false,
                                  "Startup Cost": 231119.05,
                                  "Total Cost": 231155.9,
                                  "Plan Rows": 200,
                                  "Plan Width": 68,
                                  "Group Key": [
                                    "web_page.wp_web_page_sk"
                                  ],
                                  "Plans": [
                                    {
                                      "Node Type": "Merge Join",
                                      "Parent Relationship": "Outer",
                                      "Parallel Aware": false,
                                      "Async Capable": false,
                                      "Join Type": "Inner",
                                      "Startup Cost": 231119.05,
                                      "Total Cost": 231143.67,
                                      "Plan Rows": 1231,
                                      "Plan Width": 16,
                                      "Inner Unique": false,
                                      "Merge Cond": "(web_sales.ws_web_page_sk = web_page.wp_web_page_sk)",
                                      "Plans": [
                                        {
                                          "Node Type": "Sort",
                                          "Parent Relationship": "Outer",
                                          "Parallel Aware": false,
                                          "Async Capable": false,
                                          "Startup Cost": 231104.41,
                                          "Total Cost": 231107.48,
                                          "Plan Rows": 1231,
                                          "Plan Width": 16,
                                          "Sort Key": [
                                            "web_sales.ws_web_page_sk"
                                          ],
                                          "Plans": [
                                            {
                                              "Node Type": "Hash Join",
                                              "Parent Relationship": "Outer",
                                              "Parallel Aware": true,
                                              "Async Capable": false,
                                              "Join Type": "Inner",
                                              "Startup Cost": 2049.78,
                                              "Total Cost": 231041.22,
                                              "Plan Rows": 1231,
                                              "Plan Width": 16,
                                              "Inner Unique": false,
                                              "Hash Cond": "(web_sales.ws_sold_date_sk = date_dim_4.d_date_sk)",
                                              "Plans": [
                                                {
                                                  "Node Type": "Seq Scan",
                                                  "Parent Relationship": "Outer",
                                                  "Parallel Aware": true,
                                                  "Async Capable": false,
                                                  "Relation Name": "web_sales",
                                                  "Alias": "web_sales",
                                                  "Startup Cost": 0.0,
                                                  "Total Cost": 217737.86,
                                                  "Plan Rows": 2998986,
                                                  "Plan Width": 20,
                                                  "parent": 52,
                                                  "ID": 53
                                                },
                                                {
                                                  "Node Type": "Hash",
                                                  "Parent Relationship": "Inner",
                                                  "Parallel Aware": true,
                                                  "Async Capable": false,
                                                  "Startup Cost": 2049.55,
                                                  "Total Cost": 2049.55,
                                                  "Plan Rows": 18,
                                                  "Plan Width": 4,
                                                  "Plans": [
                                                    {
                                                      "Node Type": "Seq Scan",
                                                      "Parent Relationship": "Outer",
                                                      "Parallel Aware": true,
                                                      "Async Capable": false,
                                                      "Relation Name": "date_dim",
                                                      "Alias": "date_dim_4",
                                                      "Startup Cost": 0.0,
                                                      "Total Cost": 2049.55,
                                                      "Plan Rows": 18,
                                                      "Plan Width": 4,
                                                      "Filter": "((d_date >= '1999-08-14'::date) AND (d_date <= '1999-09-13 00:00:00'::timestamp without time zone))",
                                                      "parent": 54,
                                                      "ID": 55
                                                    }
                                                  ],
                                                  "parent": 52,
                                                  "ID": 54,
                                                  "left": 55
                                                }
                                              ],
                                              "parent": 51,
                                              "ID": 52,
                                              "left": 53,
                                              "right": 54
                                            }
                                          ],
                                          "parent": 50,
                                          "ID": 51,
                                          "left": 52
                                        },
                                        {
                                          "Node Type": "Sort",
                                          "Parent Relationship": "Inner",
                                          "Parallel Aware": false,
                                          "Async Capable": false,
                                          "Startup Cost": 14.64,
                                          "Total Cost": 15.14,
                                          "Plan Rows": 200,
                                          "Plan Width": 4,
                                          "Sort Key": [
                                            "web_page.wp_web_page_sk"
                                          ],
                                          "Plans": [
                                            {
                                              "Node Type": "Seq Scan",
                                              "Parent Relationship": "Outer",
                                              "Parallel Aware": false,
                                              "Async Capable": false,
                                              "Relation Name": "web_page",
                                              "Alias": "web_page",
                                              "Startup Cost": 0.0,
                                              "Total Cost": 7.0,
                                              "Plan Rows": 200,
                                              "Plan Width": 4,
                                              "parent": 56,
                                              "ID": 57
                                            }
                                          ],
                                          "parent": 50,
                                          "ID": 56,
                                          "left": 57
                                        }
                                      ],
                                      "parent": 49,
                                      "ID": 50,
                                      "left": 51,
                                      "right": 56
                                    }
                                  ],
                                  "parent": 48,
                                  "ID": 49,
                                  "left": 50
                                }
                              ],
                              "parent": 47,
                              "ID": 48,
                              "left": 49
                            }
                          ],
                          "parent": 46,
                          "ID": 47,
                          "left": 48
                        },
                        {
                          "Node Type": "Aggregate",
                          "Strategy": "Sorted",
                          "Partial Mode": "Finalize",
                          "Parent Relationship": "Inner",
                          "Parallel Aware": false,
                          "Async Capable": false,
                          "Startup Cost": 20471.72,
                          "Total Cost": 20508.59,
                          "Plan Rows": 200,
                          "Plan Width": 68,
                          "Group Key": [
                            "web_page_1.wp_web_page_sk"
                          ],
                          "Plans": [
                            {
                              "Node Type": "Gather Merge",
                              "Parent Relationship": "Outer",
                              "Parallel Aware": false,
                              "Async Capable": false,
                              "Startup Cost": 20471.72,
                              "Total Cost": 20502.79,
                              "Plan Rows": 224,
                              "Plan Width": 68,
                              "Workers Planned": 2,
                              "Plans": [
                                {
                                  "Node Type": "Aggregate",
                                  "Strategy": "Sorted",
                                  "Partial Mode": "Partial",
                                  "Parent Relationship": "Outer",
                                  "Parallel Aware": false,
                                  "Async Capable": false,
                                  "Startup Cost": 19471.69,
                                  "Total Cost": 19476.91,
                                  "Plan Rows": 112,
                                  "Plan Width": 68,
                                  "Group Key": [
                                    "web_page_1.wp_web_page_sk"
                                  ],
                                  "Plans": [
                                    {
                                      "Node Type": "Merge Join",
                                      "Parent Relationship": "Outer",
                                      "Parallel Aware": false,
                                      "Async Capable": false,
                                      "Join Type": "Inner",
                                      "Startup Cost": 19471.69,
                                      "Total Cost": 19474.39,
                                      "Plan Rows": 112,
                                      "Plan Width": 16,
                                      "Inner Unique": false,
                                      "Merge Cond": "(web_returns.wr_web_page_sk = web_page_1.wp_web_page_sk)",
                                      "Plans": [
                                        {
                                          "Node Type": "Sort",
                                          "Parent Relationship": "Outer",
                                          "Parallel Aware": false,
                                          "Async Capable": false,
                                          "Startup Cost": 19457.05,
                                          "Total Cost": 19457.35,
                                          "Plan Rows": 118,
                                          "Plan Width": 16,
                                          "Sort Key": [
                                            "web_returns.wr_web_page_sk"
                                          ],
                                          "Plans": [
                                            {
                                              "Node Type": "Hash Join",
                                              "Parent Relationship": "Outer",
                                              "Parallel Aware": true,
                                              "Async Capable": false,
                                              "Join Type": "Inner",
                                              "Startup Cost": 2049.78,
                                              "Total Cost": 19452.99,
                                              "Plan Rows": 118,
                                              "Plan Width": 16,
                                              "Inner Unique": false,
                                              "Hash Cond": "(web_returns.wr_returned_date_sk = date_dim_5.d_date_sk)",
                                              "Plans": [
                                                {
                                                  "Node Type": "Seq Scan",
                                                  "Parent Relationship": "Outer",
                                                  "Parallel Aware": true,
                                                  "Async Capable": false,
                                                  "Relation Name": "web_returns",
                                                  "Alias": "web_returns",
                                                  "Startup Cost": 0.0,
                                                  "Total Cost": 16278.74,
                                                  "Plan Rows": 299674,
                                                  "Plan Width": 20,
                                                  "parent": 63,
                                                  "ID": 64
                                                },
                                                {
                                                  "Node Type": "Hash",
                                                  "Parent Relationship": "Inner",
                                                  "Parallel Aware": true,
                                                  "Async Capable": false,
                                                  "Startup Cost": 2049.55,
                                                  "Total Cost": 2049.55,
                                                  "Plan Rows": 18,
                                                  "Plan Width": 4,
                                                  "Plans": [
                                                    {
                                                      "Node Type": "Seq Scan",
                                                      "Parent Relationship": "Outer",
                                                      "Parallel Aware": true,
                                                      "Async Capable": false,
                                                      "Relation Name": "date_dim",
                                                      "Alias": "date_dim_5",
                                                      "Startup Cost": 0.0,
                                                      "Total Cost": 2049.55,
                                                      "Plan Rows": 18,
                                                      "Plan Width": 4,
                                                      "Filter": "((d_date >= '1999-08-14'::date) AND (d_date <= '1999-09-13 00:00:00'::timestamp without time zone))",
                                                      "parent": 65,
                                                      "ID": 66
                                                    }
                                                  ],
                                                  "parent": 63,
                                                  "ID": 65,
                                                  "left": 66
                                                }
                                              ],
                                              "parent": 62,
                                              "ID": 63,
                                              "left": 64,
                                              "right": 65
                                            }
                                          ],
                                          "parent": 61,
                                          "ID": 62,
                                          "left": 63
                                        },
                                        {
                                          "Node Type": "Sort",
                                          "Parent Relationship": "Inner",
                                          "Parallel Aware": false,
                                          "Async Capable": false,
                                          "Startup Cost": 14.64,
                                          "Total Cost": 15.14,
                                          "Plan Rows": 200,
                                          "Plan Width": 4,
                                          "Sort Key": [
                                            "web_page_1.wp_web_page_sk"
                                          ],
                                          "Plans": [
                                            {
                                              "Node Type": "Seq Scan",
                                              "Parent Relationship": "Outer",
                                              "Parallel Aware": false,
                                              "Async Capable": false,
                                              "Relation Name": "web_page",
                                              "Alias": "web_page_1",
                                              "Startup Cost": 0.0,
                                              "Total Cost": 7.0,
                                              "Plan Rows": 200,
                                              "Plan Width": 4,
                                              "parent": 67,
                                              "ID": 68
                                            }
                                          ],
                                          "parent": 61,
                                          "ID": 67,
                                          "left": 68
                                        }
                                      ],
                                      "parent": 60,
                                      "ID": 61,
                                      "left": 62,
                                      "right": 67
                                    }
                                  ],
                                  "parent": 59,
                                  "ID": 60,
                                  "left": 61
                                }
                              ],
                              "parent": 58,
                              "ID": 59,
                              "left": 60
                            }
                          ],
                          "parent": 46,
                          "ID": 58,
                          "left": 59
                        }
                      ],
                      "parent": 3,
                      "ID": 46,
                      "left": 47,
                      "right": 58
                    }
                  ],
                  "parent": 2,
                  "ID": 3,
                  "left": 4,
                  "right": 27
                }
              ],
              "parent": 1,
              "ID": 2,
              "left": 3
            }
          ],
          "parent": 0,
          "ID": 1,
          "left": 2
        }
      ],
      "parent": null,
      "ID": 0,
      "left": 1
    },
    "feat": {
      "utility": 4.628710734774184e-06,
      "query_shape": [
        [
          "Seq Scan",
          "Hash Join",
          "Sort",
          "Merge Join",
          "Aggregate",
          "Gather Merge",
          "Append"
        ],
        [
          "Seq Scan",
          "Hash",
          "Hash Join",
          "Sort",
          "Merge Join",
          "Aggregate",
          "Gather Merge",
          "Append"
        ],
        [
          "Seq Scan",
          "Sort",
          "Merge Join",
          "Aggregate",
          "Gather Merge",
          "Append"
        ],
        [
          "Seq Scan",
          "Hash Join",
          "Sort",
          "Merge Join",
          "Aggregate",
          "Gather Merge",
          "Append"
        ],
        [
          "Seq Scan",
          "Hash",
          "Hash Join",
          "Sort",
          "Merge Join",
          "Aggregate",
          "Gather Merge",
          "Append"
        ],
        [
          "Seq Scan",
          "Sort",
          "Merge Join",
          "Aggregate",
          "Gather Merge",
          "Append"
        ],
        [
          "Seq Scan",
          "Hash Join",
          "Sort",
          "Aggregate",
          "Gather Merge",
          "Nested Loop",
          "Append"
        ],
        [
          "Seq Scan",
          "Hash",
          "Hash Join",
          "Sort",
          "Aggregate",
          "Gather Merge",
          "Nested Loop",
          "Append"
        ],
        [
          "Seq Scan",
          "Hash Join",
          "Sort",
          "Aggregate",
          "Gather Merge",
          "Subquery Scan",
          "Materialize",
          "Nested Loop",
          "Append"
        ],
        [
          "Seq Scan",
          "Hash",
          "Hash Join",
          "Sort",
          "Aggregate",
          "Gather Merge",
          "Subquery Scan",
          "Materialize",
          "Nested Loop",
          "Append"
        ],
        [
          "Seq Scan",
          "Hash Join",
          "Sort",
          "Merge Join",
          "Aggregate",
          "Gather Merge",
          "Append"
        ],
        [
          "Seq Scan",
          "Hash",
          "Hash Join",
          "Sort",
          "Merge Join",
          "Aggregate",
          "Gather Merge",
          "Append"
        ],
        [
          "Seq Scan",
          "Sort",
          "Merge Join",
          "Aggregate",
          "Gather Merge",
          "Append"
        ],
        [
          "Seq Scan",
          "Hash Join",
          "Sort",
          "Merge Join",
          "Aggregate",
          "Gather Merge",
          "Append"
        ],
        [
          "Seq Scan",
          "Hash",
          "Hash Join",
          "Sort",
          "Merge Join",
          "Aggregate",
          "Gather Merge",
          "Append"
        ],
        [
          "Seq Scan",
          "Sort",
          "Merge Join",
          "Aggregate",
          "Gather Merge",
          "Append"
        ]
      ],
      "index_shape": [
        "join"
      ],
      "physical_operator": {
        "Hash Join": [
          0.004666046765541177
        ]
      }
    }
  },
  {
    "query": "with ss as\n (select s_store_sk,\n         sum(ss_ext_sales_price) as sales,\n         sum(ss_net_profit) as profit\n from store_sales,\n      date_dim,\n      store\n where ss_sold_date_sk = d_date_sk\n       and d_date between cast('1999-08-14' as date) \n                  and (cast('1999-08-14' as date) +  interval '30 days') \n       and ss_store_sk = s_store_sk\n group by s_store_sk)\n ,\n sr as\n (select s_store_sk,\n         sum(sr_return_amt) as returns,\n         sum(sr_net_loss) as profit_loss\n from store_returns,\n      date_dim,\n      store\n where sr_returned_date_sk = d_date_sk\n       and d_date between cast('1999-08-14' as date)\n                  and (cast('1999-08-14' as date) +  interval '30 days')\n       and sr_store_sk = s_store_sk\n group by s_store_sk), \n cs as\n (select cs_call_center_sk,\n        sum(cs_ext_sales_price) as sales,\n        sum(cs_net_profit) as profit\n from catalog_sales,\n      date_dim\n where cs_sold_date_sk = d_date_sk\n       and d_date between cast('1999-08-14' as date)\n                  and (cast('1999-08-14' as date) +  interval '30 days')\n group by cs_call_center_sk \n ), \n cr as\n (select cr_call_center_sk,\n         sum(cr_return_amount) as returns,\n         sum(cr_net_loss) as profit_loss\n from catalog_returns,\n      date_dim\n where cr_returned_date_sk = d_date_sk\n       and d_date between cast('1999-08-14' as date)\n                  and (cast('1999-08-14' as date) +  interval '30 days')\n group by cr_call_center_sk\n ), \n ws as\n ( select wp_web_page_sk,\n        sum(ws_ext_sales_price) as sales,\n        sum(ws_net_profit) as profit\n from web_sales,\n      date_dim,\n      web_page\n where ws_sold_date_sk = d_date_sk\n       and d_date between cast('1999-08-14' as date)\n                  and (cast('1999-08-14' as date) +  interval '30 days')\n       and ws_web_page_sk = wp_web_page_sk\n group by wp_web_page_sk), \n wr as\n (select wp_web_page_sk,\n        sum(wr_return_amt) as returns,\n        sum(wr_net_loss) as profit_loss\n from web_returns,\n      date_dim,\n      web_page\n where wr_returned_date_sk = d_date_sk\n       and d_date between cast('1999-08-14' as date)\n                  and (cast('1999-08-14' as date) +  interval '30 days')\n       and wr_web_page_sk = wp_web_page_sk\n group by wp_web_page_sk)\n  select  channel\n        , id\n        , sum(sales) as sales\n        , sum(returns) as returns\n        , sum(profit) as profit\n from \n (select 'store channel' as channel\n        , ss.s_store_sk as id\n        , sales\n        , coalesce(returns, 0) as returns\n        , (profit - coalesce(profit_loss,0)) as profit\n from   ss left join sr\n        on  ss.s_store_sk = sr.s_store_sk\n union all\n select 'catalog channel' as channel\n        , cs_call_center_sk as id\n        , sales\n        , returns\n        , (profit - profit_loss) as profit\n from  cs\n       , cr\n union all\n select 'web channel' as channel\n        , ws.wp_web_page_sk as id\n        , sales\n        , coalesce(returns, 0) as returns\n        , (profit - coalesce(profit_loss,0)) as profit\n from   ws left join wr\n        on  ws.wp_web_page_sk = wr.wp_web_page_sk\n ) x\n group by rollup (channel, id)\n order by channel\n         ,id\n limit 100;\n\n-- end query 58 in stream 0 using template query77.tpl\n",
    "indexes": "store_sales.ss_store_sk",
    "wo plan est": {
      "Node Type": "Limit",
      "Parallel Aware": false,
      "Async Capable": false,
      "Startup Cost": 1505243.45,
      "Total Cost": 1505243.7,
      "Plan Rows": 100,
      "Plan Width": 132,
      "Plans": [
        {
          "Node Type": "Sort",
          "Parent Relationship": "Outer",
          "Parallel Aware": false,
          "Async Capable": false,
          "Startup Cost": 1505243.45,
          "Total Cost": 1505244.45,
          "Plan Rows": 401,
          "Plan Width": 132,
          "Sort Key": [
            "('store channel'::text)",
            "store.s_store_sk"
          ],
          "Plans": [
            {
              "Node Type": "Aggregate",
              "Strategy": "Mixed",
              "Partial Mode": "Simple",
              "Parent Relationship": "Outer",
              "Parallel Aware": false,
              "Async Capable": false,
              "Startup Cost": 752755.06,
              "Total Cost": 1505228.12,
              "Plan Rows": 401,
              "Plan Width": 132,
              "Grouping Sets": [
                {
                  "Hash Keys": [
                    [
                      "('store channel'::text)",
                      "store.s_store_sk"
                    ]
                  ]
                },
                {
                  "Hash Keys": [
                    [
                      "('store channel'::text)"
                    ]
                  ]
                },
                {
                  "Group Keys": [
                    []
                  ]
                }
              ],
              "Planned Partitions": 0,
              "Plans": [
                {
                  "Node Type": "Append",
                  "Parent Relationship": "Outer",
                  "Parallel Aware": false,
                  "Async Capable": false,
                  "Startup Cost": 752755.06,
                  "Total Cost": 1505194.76,
                  "Plan Rows": 878,
                  "Plan Width": 132,
                  "Subplans Removed": 0,
                  "Plans": [
                    {
                      "Node Type": "Merge Join",
                      "Parent Relationship": "Member",
                      "Parallel Aware": false,
                      "Async Capable": false,
                      "Join Type": "Left",
                      "Startup Cost": 752755.06,
                      "Total Cost": 752953.3,
                      "Plan Rows": 102,
                      "Plan Width": 132,
                      "Inner Unique": true,
                      "Merge Cond": "(store.s_store_sk = store_1.s_store_sk)",
                      "Plans": [
                        {
                          "Node Type": "Aggregate",
                          "Strategy": "Sorted",
                          "Partial Mode": "Finalize",
                          "Parent Relationship": "Outer",
                          "Parallel Aware": false,
                          "Async Capable": false,
                          "Startup Cost": 685291.07,
                          "Total Cost": 685443.67,
                          "Plan Rows": 102,
                          "Plan Width": 68,
                          "Group Key": [
                            "store.s_store_sk"
                          ],
                          "Plans": [
                            {
                              "Node Type": "Gather Merge",
                              "Parent Relationship": "Outer",
                              "Parallel Aware": false,
                              "Async Capable": false,
                              "Startup Cost": 685291.07,
                              "Total Cost": 685439.59,
                              "Plan Rows": 204,
                              "Plan Width": 68,
                              "Workers Planned": 2,
                              "Plans": [
                                {
                                  "Node Type": "Aggregate",
                                  "Strategy": "Sorted",
                                  "Partial Mode": "Partial",
                                  "Parent Relationship": "Outer",
                                  "Parallel Aware": false,
                                  "Async Capable": false,
                                  "Startup Cost": 684291.04,
                                  "Total Cost": 684416.02,
                                  "Plan Rows": 102,
                                  "Plan Width": 68,
                                  "Group Key": [
                                    "store.s_store_sk"
                                  ],
                                  "Plans": [
                                    {
                                      "Node Type": "Merge Join",
                                      "Parent Relationship": "Outer",
                                      "Parallel Aware": false,
                                      "Async Capable": false,
                                      "Join Type": "Inner",
                                      "Startup Cost": 684291.04,
                                      "Total Cost": 684380.82,
                                      "Plan Rows": 4489,
                                      "Plan Width": 16,
                                      "Inner Unique": false,
                                      "Merge Cond": "(store_sales.ss_store_sk = store.s_store_sk)",
                                      "Plans": [
                                        {
                                          "Node Type": "Sort",
                                          "Parent Relationship": "Outer",
                                          "Parallel Aware": false,
                                          "Async Capable": false,
                                          "Startup Cost": 684281.62,
                                          "Total Cost": 684293.38,
                                          "Plan Rows": 4703,
                                          "Plan Width": 16,
                                          "Sort Key": [
                                            "store_sales.ss_store_sk"
                                          ],
                                          "Plans": [
                                            {
                                              "Node Type": "Hash Join",
                                              "Parent Relationship": "Outer",
                                              "Parallel Aware": true,
                                              "Async Capable": false,
                                              "Join Type": "Inner",
                                              "Startup Cost": 2049.78,
                                              "Total Cost": 683994.75,
                                              "Plan Rows": 4703,
                                              "Plan Width": 16,
                                              "Inner Unique": false,
                                              "Hash Cond": "(store_sales.ss_sold_date_sk = date_dim.d_date_sk)",
                                              "Plans": [
                                                {
                                                  "Node Type": "Seq Scan",
                                                  "Parent Relationship": "Outer",
                                                  "Parallel Aware": true,
                                                  "Async Capable": false,
                                                  "Relation Name": "store_sales",
                                                  "Alias": "store_sales",
                                                  "Startup Cost": 0.0,
                                                  "Total Cost": 636914.37,
                                                  "Plan Rows": 12000637,
                                                  "Plan Width": 20,
                                                  "parent": 10,
                                                  "ID": 11
                                                },
                                                {
                                                  "Node Type": "Hash",
                                                  "Parent Relationship": "Inner",
                                                  "Parallel Aware": true,
                                                  "Async Capable": false,
                                                  "Startup Cost": 2049.55,
                                                  "Total Cost": 2049.55,
                                                  "Plan Rows": 18,
                                                  "Plan Width": 4,
                                                  "Plans": [
                                                    {
                                                      "Node Type": "Seq Scan",
                                                      "Parent Relationship": "Outer",
                                                      "Parallel Aware": true,
                                                      "Async Capable": false,
                                                      "Relation Name": "date_dim",
                                                      "Alias": "date_dim",
                                                      "Startup Cost": 0.0,
                                                      "Total Cost": 2049.55,
                                                      "Plan Rows": 18,
                                                      "Plan Width": 4,
                                                      "Filter": "((d_date >= '1999-08-14'::date) AND (d_date <= '1999-09-13 00:00:00'::timestamp without time zone))",
                                                      "parent": 12,
                                                      "ID": 13
                                                    }
                                                  ],
                                                  "parent": 10,
                                                  "ID": 12,
                                                  "left": 13
                                                }
                                              ],
                                              "parent": 9,
                                              "ID": 10,
                                              "left": 11,
                                              "right": 12
                                            }
                                          ],
                                          "parent": 8,
                                          "ID": 9,
                                          "left": 10
                                        },
                                        {
                                          "Node Type": "Sort",
                                          "Parent Relationship": "Inner",
                                          "Parallel Aware": false,
                                          "Async Capable": false,
                                          "Startup Cost": 9.42,
                                          "Total Cost": 9.68,
                                          "Plan Rows": 102,
                                          "Plan Width": 4,
                                          "Sort Key": [
                                            "store.s_store_sk"
                                          ],
                                          "Plans": [
                                            {
                                              "Node Type": "Seq Scan",
                                              "Parent Relationship": "Outer",
                                              "Parallel Aware": false,
                                              "Async Capable": false,
                                              "Relation Name": "store",
                                              "Alias": "store",
                                              "Startup Cost": 0.0,
                                              "Total Cost": 6.02,
                                              "Plan Rows": 102,
                                              "Plan Width": 4,
                                              "parent": 14,
                                              "ID": 15
                                            }
                                          ],
                                          "parent": 8,
                                          "ID": 14,
                                          "left": 15
                                        }
                                      ],
                                      "parent": 7,
                                      "ID": 8,
                                      "left": 9,
                                      "right": 14
                                    }
                                  ],
                                  "parent": 6,
                                  "ID": 7,
                                  "left": 8
                                }
                              ],
                              "parent": 5,
                              "ID": 6,
                              "left": 7
                            }
                          ],
                          "parent": 4,
                          "ID": 5,
                          "left": 6
                        },
                        {
                          "Node Type": "Aggregate",
                          "Strategy": "Sorted",
                          "Partial Mode": "Finalize",
                          "Parent Relationship": "Inner",
                          "Parallel Aware": false,
                          "Async Capable": false,
                          "Startup Cost": 67464.0,
                          "Total Cost": 67505.8,
                          "Plan Rows": 102,
                          "Plan Width": 68,
                          "Group Key": [
                            "store_1.s_store_sk"
                          ],
                          "Plans": [
                            {
                              "Node Type": "Gather Merge",
                              "Parent Relationship": "Outer",
                              "Parallel Aware": false,
                              "Async Capable": false,
                              "Startup Cost": 67464.0,
                              "Total Cost": 67501.72,
                              "Plan Rows": 204,
                              "Plan Width": 68,
                              "Workers Planned": 2,
                              "Plans": [
                                {
                                  "Node Type": "Aggregate",
                                  "Strategy": "Sorted",
                                  "Partial Mode": "Partial",
                                  "Parent Relationship": "Outer",
                                  "Parallel Aware": false,
                                  "Async Capable": false,
                                  "Startup Cost": 66463.97,
                                  "Total Cost": 66478.15,
                                  "Plan Rows": 102,
                                  "Plan Width": 68,
                                  "Group Key": [
                                    "store_1.s_store_sk"
                                  ],
                                  "Plans": [
                                    {
                                      "Node Type": "Merge Join",
                                      "Parent Relationship": "Outer",
                                      "Parallel Aware": false,
                                      "Async Capable": false,
                                      "Join Type": "Inner",
                                      "Startup Cost": 66463.97,
                                      "Total Cost": 66473.17,
                                      "Plan Rows": 460,
                                      "Plan Width": 16,
                                      "Inner Unique": false,
                                      "Merge Cond": "(store_returns.sr_store_sk = store_1.s_store_sk)",
                                      "Plans": [
                                        {
                                          "Node Type": "Sort",
                                          "Parent Relationship": "Outer",
                                          "Parallel Aware": false,
                                          "Async Capable": false,
                                          "Startup Cost": 66454.55,
                                          "Total Cost": 66455.74,
                                          "Plan Rows": 476,
                                          "Plan Width": 16,
                                          "Sort Key": [
                                            "store_returns.sr_store_sk"
                                          ],
                                          "Plans": [
                                            {
                                              "Node Type": "Hash Join",
                                              "Parent Relationship": "Outer",
                                              "Parallel Aware": true,
                                              "Async Capable": false,
                                              "Join Type": "Inner",
                                              "Startup Cost": 2049.78,
                                              "Total Cost": 66433.38,
                                              "Plan Rows": 476,
                                              "Plan Width": 16,
                                              "Inner Unique": false,
                                              "Hash Cond": "(store_returns.sr_returned_date_sk = date_dim_1.d_date_sk)",
                                              "Plans": [
                                                {
                                                  "Node Type": "Seq Scan",
                                                  "Parent Relationship": "Outer",
                                                  "Parallel Aware": true,
                                                  "Async Capable": false,
                                                  "Relation Name": "store_returns",
                                                  "Alias": "store_returns",
                                                  "Startup Cost": 0.0,
                                                  "Total Cost": 59887.64,
                                                  "Plan Rows": 1198164,
                                                  "Plan Width": 20,
                                                  "parent": 21,
                                                  "ID": 22
                                                },
                                                {
                                                  "Node Type": "Hash",
                                                  "Parent Relationship": "Inner",
                                                  "Parallel Aware": true,
                                                  "Async Capable": false,
                                                  "Startup Cost": 2049.55,
                                                  "Total Cost": 2049.55,
                                                  "Plan Rows": 18,
                                                  "Plan Width": 4,
                                                  "Plans": [
                                                    {
                                                      "Node Type": "Seq Scan",
                                                      "Parent Relationship": "Outer",
                                                      "Parallel Aware": true,
                                                      "Async Capable": false,
                                                      "Relation Name": "date_dim",
                                                      "Alias": "date_dim_1",
                                                      "Startup Cost": 0.0,
                                                      "Total Cost": 2049.55,
                                                      "Plan Rows": 18,
                                                      "Plan Width": 4,
                                                      "Filter": "((d_date >= '1999-08-14'::date) AND (d_date <= '1999-09-13 00:00:00'::timestamp without time zone))",
                                                      "parent": 23,
                                                      "ID": 24
                                                    }
                                                  ],
                                                  "parent": 21,
                                                  "ID": 23,
                                                  "left": 24
                                                }
                                              ],
                                              "parent": 20,
                                              "ID": 21,
                                              "left": 22,
                                              "right": 23
                                            }
                                          ],
                                          "parent": 19,
                                          "ID": 20,
                                          "left": 21
                                        },
                                        {
                                          "Node Type": "Sort",
                                          "Parent Relationship": "Inner",
                                          "Parallel Aware": false,
                                          "Async Capable": false,
                                          "Startup Cost": 9.42,
                                          "Total Cost": 9.68,
                                          "Plan Rows": 102,
                                          "Plan Width": 4,
                                          "Sort Key": [
                                            "store_1.s_store_sk"
                                          ],
                                          "Plans": [
                                            {
                                              "Node Type": "Seq Scan",
                                              "Parent Relationship": "Outer",
                                              "Parallel Aware": false,
                                              "Async Capable": false,
                                              "Relation Name": "store",
                                              "Alias": "store_1",
                                              "Startup Cost": 0.0,
                                              "Total Cost": 6.02,
                                              "Plan Rows": 102,
                                              "Plan Width": 4,
                                              "parent": 25,
                                              "ID": 26
                                            }
                                          ],
                                          "parent": 19,
                                          "ID": 25,
                                          "left": 26
                                        }
                                      ],
                                      "parent": 18,
                                      "ID": 19,
                                      "left": 20,
                                      "right": 25
                                    }
                                  ],
                                  "parent": 17,
                                  "ID": 18,
                                  "left": 19
                                }
                              ],
                              "parent": 16,
                              "ID": 17,
                              "left": 18
                            }
                          ],
                          "parent": 4,
                          "ID": 16,
                          "left": 17
                        }
                      ],
                      "parent": 3,
                      "ID": 4,
                      "left": 5,
                      "right": 16
                    },
                    {
                      "Node Type": "Nested Loop",
                      "Parent Relationship": "Member",
                      "Parallel Aware": false,
                      "Async Capable": false,
                      "Join Type": "Inner",
                      "Startup Cost": 499452.25,
                      "Total Cost": 499502.11,
                      "Plan Rows": 576,
                      "Plan Width": 132,
                      "Inner Unique": false,
                      "Plans": [
                        {
                          "Node Type": "Aggregate",
                          "Strategy": "Sorted",
                          "Partial Mode": "Finalize",
                          "Parent Relationship": "Outer",
                          "Parallel Aware": false,
                          "Async Capable": false,
                          "Startup Cost": 459392.64,
                          "Total Cost": 459424.0,
                          "Plan Rows": 24,
                          "Plan Width": 68,
                          "Group Key": [
                            "catalog_sales.cs_call_center_sk"
                          ],
                          "Plans": [
                            {
                              "Node Type": "Gather Merge",
                              "Parent Relationship": "Outer",
                              "Parallel Aware": false,
                              "Async Capable": false,
                              "Startup Cost": 459392.64,
                              "Total Cost": 459423.04,
                              "Plan Rows": 48,
                              "Plan Width": 68,
                              "Workers Planned": 2,
                              "Plans": [
                                {
                                  "Node Type": "Aggregate",
                                  "Strategy": "Sorted",
                                  "Partial Mode": "Partial",
                                  "Parent Relationship": "Outer",
                                  "Parallel Aware": false,
                                  "Async Capable": false,
                                  "Startup Cost": 458392.62,
                                  "Total Cost": 458417.48,
                                  "Plan Rows": 24,
                                  "Plan Width": 68,
                                  "Group Key": [
                                    "catalog_sales.cs_call_center_sk"
                                  ],
                                  "Plans": [
                                    {
                                      "Node Type": "Sort",
                                      "Parent Relationship": "Outer",
                                      "Parallel Aware": false,
                                      "Async Capable": false,
                                      "Startup Cost": 458392.62,
                                      "Total Cost": 458398.74,
                                      "Plan Rows": 2450,
                                      "Plan Width": 16,
                                      "Sort Key": [
                                        "catalog_sales.cs_call_center_sk"
                                      ],
                                      "Plans": [
                                        {
                                          "Node Type": "Hash Join",
                                          "Parent Relationship": "Outer",
                                          "Parallel Aware": true,
                                          "Async Capable": false,
                                          "Join Type": "Inner",
                                          "Startup Cost": 2049.78,
                                          "Total Cost": 458254.7,
                                          "Plan Rows": 2450,
                                          "Plan Width": 16,
                                          "Inner Unique": false,
                                          "Hash Cond": "(catalog_sales.cs_sold_date_sk = date_dim_2.d_date_sk)",
                                          "Plans": [
                                            {
                                              "Node Type": "Seq Scan",
                                              "Parent Relationship": "Outer",
                                              "Parallel Aware": true,
                                              "Async Capable": false,
                                              "Relation Name": "catalog_sales",
                                              "Alias": "catalog_sales",
                                              "Startup Cost": 0.0,
                                              "Total Cost": 433688.25,
                                              "Plan Rows": 6000525,
                                              "Plan Width": 20,
                                              "parent": 32,
                                              "ID": 33
                                            },
                                            {
                                              "Node Type": "Hash",
                                              "Parent Relationship": "Inner",
                                              "Parallel Aware": true,
                                              "Async Capable": false,
                                              "Startup Cost": 2049.55,
                                              "Total Cost": 2049.55,
                                              "Plan Rows": 18,
                                              "Plan Width": 4,
                                              "Plans": [
                                                {
                                                  "Node Type": "Seq Scan",
                                                  "Parent Relationship": "Outer",
                                                  "Parallel Aware": true,
                                                  "Async Capable": false,
                                                  "Relation Name": "date_dim",
                                                  "Alias": "date_dim_2",
                                                  "Startup Cost": 0.0,
                                                  "Total Cost": 2049.55,
                                                  "Plan Rows": 18,
                                                  "Plan Width": 4,
                                                  "Filter": "((d_date >= '1999-08-14'::date) AND (d_date <= '1999-09-13 00:00:00'::timestamp without time zone))",
                                                  "parent": 34,
                                                  "ID": 35
                                                }
                                              ],
                                              "parent": 32,
                                              "ID": 34,
                                              "left": 35
                                            }
                                          ],
                                          "parent": 31,
                                          "ID": 32,
                                          "left": 33,
                                          "right": 34
                                        }
                                      ],
                                      "parent": 30,
                                      "ID": 31,
                                      "left": 32
                                    }
                                  ],
                                  "parent": 29,
                                  "ID": 30,
                                  "left": 31
                                }
                              ],
                              "parent": 28,
                              "ID": 29,
                              "left": 30
                            }
                          ],
                          "parent": 27,
                          "ID": 28,
                          "left": 29
                        },
                        {
                          "Node Type": "Materialize",
                          "Parent Relationship": "Inner",
                          "Parallel Aware": false,
                          "Async Capable": false,
                          "Startup Cost": 40059.61,
                          "Total Cost": 40069.29,
                          "Plan Rows": 24,
                          "Plan Width": 64,
                          "Plans": [
                            {
                              "Node Type": "Subquery Scan",
                              "Parent Relationship": "Outer",
                              "Parallel Aware": false,
                              "Async Capable": false,
                              "Alias": "cr",
                              "Startup Cost": 40059.61,
                              "Total Cost": 40069.17,
                              "Plan Rows": 24,
                              "Plan Width": 64,
                              "Plans": [
                                {
                                  "Node Type": "Aggregate",
                                  "Strategy": "Sorted",
                                  "Partial Mode": "Finalize",
                                  "Parent Relationship": "Subquery",
                                  "Parallel Aware": false,
                                  "Async Capable": false,
                                  "Startup Cost": 40059.61,
                                  "Total Cost": 40068.93,
                                  "Plan Rows": 24,
                                  "Plan Width": 68,
                                  "Group Key": [
                                    "catalog_returns.cr_call_center_sk"
                                  ],
                                  "Plans": [
                                    {
                                      "Node Type": "Gather Merge",
                                      "Parent Relationship": "Outer",
                                      "Parallel Aware": false,
                                      "Async Capable": false,
                                      "Startup Cost": 40059.61,
                                      "Total Cost": 40067.97,
                                      "Plan Rows": 48,
                                      "Plan Width": 68,
                                      "Workers Planned": 2,
                                      "Plans": [
                                        {
                                          "Node Type": "Aggregate",
                                          "Strategy": "Sorted",
                                          "Partial Mode": "Partial",
                                          "Parent Relationship": "Outer",
                                          "Parallel Aware": false,
                                          "Async Capable": false,
                                          "Startup Cost": 39059.58,
                                          "Total Cost": 39062.4,
                                          "Plan Rows": 24,
                                          "Plan Width": 68,
                                          "Group Key": [
                                            "catalog_returns.cr_call_center_sk"
                                          ],
                                          "Plans": [
                                            {
                                              "Node Type": "Sort",
                                              "Parent Relationship": "Outer",
                                              "Parallel Aware": false,
                                              "Async Capable": false,
                                              "Startup Cost": 39059.58,
                                              "Total Cost": 39060.2,
                                              "Plan Rows": 246,
                                              "Plan Width": 16,
                                              "Sort Key": [
                                                "catalog_returns.cr_call_center_sk"
                                              ],
                                              "Plans": [
                                                {
                                                  "Node Type": "Hash Join",
                                                  "Parent Relationship": "Outer",
                                                  "Parallel Aware": true,
                                                  "Async Capable": false,
                                                  "Join Type": "Inner",
                                                  "Startup Cost": 2049.78,
                                                  "Total Cost": 39049.82,
                                                  "Plan Rows": 246,
                                                  "Plan Width": 16,
                                                  "Inner Unique": false,
                                                  "Hash Cond": "(catalog_returns.cr_returned_date_sk = date_dim_3.d_date_sk)",
                                                  "Plans": [
                                                    {
                                                      "Node Type": "Seq Scan",
                                                      "Parent Relationship": "Outer",
                                                      "Parallel Aware": true,
                                                      "Async Capable": false,
                                                      "Relation Name": "catalog_returns",
                                                      "Alias": "catalog_returns",
                                                      "Startup Cost": 0.0,
                                                      "Total Cost": 34748.95,
                                                      "Plan Rows": 599895,
                                                      "Plan Width": 20,
                                                      "parent": 42,
                                                      "ID": 43
                                                    },
                                                    {
                                                      "Node Type": "Hash",
                                                      "Parent Relationship": "Inner",
                                                      "Parallel Aware": true,
                                                      "Async Capable": false,
                                                      "Startup Cost": 2049.55,
                                                      "Total Cost": 2049.55,
                                                      "Plan Rows": 18,
                                                      "Plan Width": 4,
                                                      "Plans": [
                                                        {
                                                          "Node Type": "Seq Scan",
                                                          "Parent Relationship": "Outer",
                                                          "Parallel Aware": true,
                                                          "Async Capable": false,
                                                          "Relation Name": "date_dim",
                                                          "Alias": "date_dim_3",
                                                          "Startup Cost": 0.0,
                                                          "Total Cost": 2049.55,
                                                          "Plan Rows": 18,
                                                          "Plan Width": 4,
                                                          "Filter": "((d_date >= '1999-08-14'::date) AND (d_date <= '1999-09-13 00:00:00'::timestamp without time zone))",
                                                          "parent": 44,
                                                          "ID": 45
                                                        }
                                                      ],
                                                      "parent": 42,
                                                      "ID": 44,
                                                      "left": 45
                                                    }
                                                  ],
                                                  "parent": 41,
                                                  "ID": 42,
                                                  "left": 43,
                                                  "right": 44
                                                }
                                              ],
                                              "parent": 40,
                                              "ID": 41,
                                              "left": 42
                                            }
                                          ],
                                          "parent": 39,
                                          "ID": 40,
                                          "left": 41
                                        }
                                      ],
                                      "parent": 38,
                                      "ID": 39,
                                      "left": 40
                                    }
                                  ],
                                  "parent": 37,
                                  "ID": 38,
                                  "left": 39
                                }
                              ],
                              "parent": 36,
                              "ID": 37,
                              "left": 38
                            }
                          ],
                          "parent": 27,
                          "ID": 36,
                          "left": 37
                        }
                      ],
                      "parent": 3,
                      "ID": 27,
                      "left": 28,
                      "right": 36
                    },
                    {
                      "Node Type": "Merge Join",
                      "Parent Relationship": "Member",
                      "Parallel Aware": false,
                      "Async Capable": false,
                      "Join Type": "Left",
                      "Startup Cost": 252590.79,
                      "Total Cost": 252726.18,
                      "Plan Rows": 200,
                      "Plan Width": 132,
                      "Inner Unique": true,
                      "Merge Cond": "(web_page.wp_web_page_sk = web_page_1.wp_web_page_sk)",
                      "Plans": [
                        {
                          "Node Type": "Aggregate",
                          "Strategy": "Sorted",
                          "Partial Mode": "Finalize",
                          "Parent Relationship": "Outer",
                          "Parallel Aware": false,
                          "Async Capable": false,
                          "Startup Cost": 232119.07,
                          "Total Cost": 232210.1,
                          "Plan Rows": 200,
                          "Plan Width": 68,
                          "Group Key": [
                            "web_page.wp_web_page_sk"
                          ],
                          "Plans": [
                            {
                              "Node Type": "Gather Merge",
                              "Parent Relationship": "Outer",
                              "Parallel Aware": false,
                              "Async Capable": false,
                              "Startup Cost": 232119.07,
                              "Total Cost": 232202.1,
                              "Plan Rows": 400,
                              "Plan Width": 68,
                              "Workers Planned": 2,
                              "Plans": [
                                {
                                  "Node Type": "Aggregate",
                                  "Strategy": "Sorted",
                                  "Partial Mode": "Partial",
                                  "Parent Relationship": "Outer",
                                  "Parallel Aware": false,
                                  "Async Capable": false,
                                  "Startup Cost": 231119.05,
                                  "Total Cost": 231155.9,
                                  "Plan Rows": 200,
                                  "Plan Width": 68,
                                  "Group Key": [
                                    "web_page.wp_web_page_sk"
                                  ],
                                  "Plans": [
                                    {
                                      "Node Type": "Merge Join",
                                      "Parent Relationship": "Outer",
                                      "Parallel Aware": false,
                                      "Async Capable": false,
                                      "Join Type": "Inner",
                                      "Startup Cost": 231119.05,
                                      "Total Cost": 231143.67,
                                      "Plan Rows": 1231,
                                      "Plan Width": 16,
                                      "Inner Unique": false,
                                      "Merge Cond": "(web_sales.ws_web_page_sk = web_page.wp_web_page_sk)",
                                      "Plans": [
                                        {
                                          "Node Type": "Sort",
                                          "Parent Relationship": "Outer",
                                          "Parallel Aware": false,
                                          "Async Capable": false,
                                          "Startup Cost": 231104.41,
                                          "Total Cost": 231107.48,
                                          "Plan Rows": 1231,
                                          "Plan Width": 16,
                                          "Sort Key": [
                                            "web_sales.ws_web_page_sk"
                                          ],
                                          "Plans": [
                                            {
                                              "Node Type": "Hash Join",
                                              "Parent Relationship": "Outer",
                                              "Parallel Aware": true,
                                              "Async Capable": false,
                                              "Join Type": "Inner",
                                              "Startup Cost": 2049.78,
                                              "Total Cost": 231041.22,
                                              "Plan Rows": 1231,
                                              "Plan Width": 16,
                                              "Inner Unique": false,
                                              "Hash Cond": "(web_sales.ws_sold_date_sk = date_dim_4.d_date_sk)",
                                              "Plans": [
                                                {
                                                  "Node Type": "Seq Scan",
                                                  "Parent Relationship": "Outer",
                                                  "Parallel Aware": true,
                                                  "Async Capable": false,
                                                  "Relation Name": "web_sales",
                                                  "Alias": "web_sales",
                                                  "Startup Cost": 0.0,
                                                  "Total Cost": 217737.86,
                                                  "Plan Rows": 2998986,
                                                  "Plan Width": 20,
                                                  "parent": 52,
                                                  "ID": 53
                                                },
                                                {
                                                  "Node Type": "Hash",
                                                  "Parent Relationship": "Inner",
                                                  "Parallel Aware": true,
                                                  "Async Capable": false,
                                                  "Startup Cost": 2049.55,
                                                  "Total Cost": 2049.55,
                                                  "Plan Rows": 18,
                                                  "Plan Width": 4,
                                                  "Plans": [
                                                    {
                                                      "Node Type": "Seq Scan",
                                                      "Parent Relationship": "Outer",
                                                      "Parallel Aware": true,
                                                      "Async Capable": false,
                                                      "Relation Name": "date_dim",
                                                      "Alias": "date_dim_4",
                                                      "Startup Cost": 0.0,
                                                      "Total Cost": 2049.55,
                                                      "Plan Rows": 18,
                                                      "Plan Width": 4,
                                                      "Filter": "((d_date >= '1999-08-14'::date) AND (d_date <= '1999-09-13 00:00:00'::timestamp without time zone))",
                                                      "parent": 54,
                                                      "ID": 55
                                                    }
                                                  ],
                                                  "parent": 52,
                                                  "ID": 54,
                                                  "left": 55
                                                }
                                              ],
                                              "parent": 51,
                                              "ID": 52,
                                              "left": 53,
                                              "right": 54
                                            }
                                          ],
                                          "parent": 50,
                                          "ID": 51,
                                          "left": 52
                                        },
                                        {
                                          "Node Type": "Sort",
                                          "Parent Relationship": "Inner",
                                          "Parallel Aware": false,
                                          "Async Capable": false,
                                          "Startup Cost": 14.64,
                                          "Total Cost": 15.14,
                                          "Plan Rows": 200,
                                          "Plan Width": 4,
                                          "Sort Key": [
                                            "web_page.wp_web_page_sk"
                                          ],
                                          "Plans": [
                                            {
                                              "Node Type": "Seq Scan",
                                              "Parent Relationship": "Outer",
                                              "Parallel Aware": false,
                                              "Async Capable": false,
                                              "Relation Name": "web_page",
                                              "Alias": "web_page",
                                              "Startup Cost": 0.0,
                                              "Total Cost": 7.0,
                                              "Plan Rows": 200,
                                              "Plan Width": 4,
                                              "parent": 56,
                                              "ID": 57
                                            }
                                          ],
                                          "parent": 50,
                                          "ID": 56,
                                          "left": 57
                                        }
                                      ],
                                      "parent": 49,
                                      "ID": 50,
                                      "left": 51,
                                      "right": 56
                                    }
                                  ],
                                  "parent": 48,
                                  "ID": 49,
                                  "left": 50
                                }
                              ],
                              "parent": 47,
                              "ID": 48,
                              "left": 49
                            }
                          ],
                          "parent": 46,
                          "ID": 47,
                          "left": 48
                        },
                        {
                          "Node Type": "Aggregate",
                          "Strategy": "Sorted",
                          "Partial Mode": "Finalize",
                          "Parent Relationship": "Inner",
                          "Parallel Aware": false,
                          "Async Capable": false,
                          "Startup Cost": 20471.72,
                          "Total Cost": 20508.59,
                          "Plan Rows": 200,
                          "Plan Width": 68,
                          "Group Key": [
                            "web_page_1.wp_web_page_sk"
                          ],
                          "Plans": [
                            {
                              "Node Type": "Gather Merge",
                              "Parent Relationship": "Outer",
                              "Parallel Aware": false,
                              "Async Capable": false,
                              "Startup Cost": 20471.72,
                              "Total Cost": 20502.79,
                              "Plan Rows": 224,
                              "Plan Width": 68,
                              "Workers Planned": 2,
                              "Plans": [
                                {
                                  "Node Type": "Aggregate",
                                  "Strategy": "Sorted",
                                  "Partial Mode": "Partial",
                                  "Parent Relationship": "Outer",
                                  "Parallel Aware": false,
                                  "Async Capable": false,
                                  "Startup Cost": 19471.69,
                                  "Total Cost": 19476.91,
                                  "Plan Rows": 112,
                                  "Plan Width": 68,
                                  "Group Key": [
                                    "web_page_1.wp_web_page_sk"
                                  ],
                                  "Plans": [
                                    {
                                      "Node Type": "Merge Join",
                                      "Parent Relationship": "Outer",
                                      "Parallel Aware": false,
                                      "Async Capable": false,
                                      "Join Type": "Inner",
                                      "Startup Cost": 19471.69,
                                      "Total Cost": 19474.39,
                                      "Plan Rows": 112,
                                      "Plan Width": 16,
                                      "Inner Unique": false,
                                      "Merge Cond": "(web_returns.wr_web_page_sk = web_page_1.wp_web_page_sk)",
                                      "Plans": [
                                        {
                                          "Node Type": "Sort",
                                          "Parent Relationship": "Outer",
                                          "Parallel Aware": false,
                                          "Async Capable": false,
                                          "Startup Cost": 19457.05,
                                          "Total Cost": 19457.35,
                                          "Plan Rows": 118,
                                          "Plan Width": 16,
                                          "Sort Key": [
                                            "web_returns.wr_web_page_sk"
                                          ],
                                          "Plans": [
                                            {
                                              "Node Type": "Hash Join",
                                              "Parent Relationship": "Outer",
                                              "Parallel Aware": true,
                                              "Async Capable": false,
                                              "Join Type": "Inner",
                                              "Startup Cost": 2049.78,
                                              "Total Cost": 19452.99,
                                              "Plan Rows": 118,
                                              "Plan Width": 16,
                                              "Inner Unique": false,
                                              "Hash Cond": "(web_returns.wr_returned_date_sk = date_dim_5.d_date_sk)",
                                              "Plans": [
                                                {
                                                  "Node Type": "Seq Scan",
                                                  "Parent Relationship": "Outer",
                                                  "Parallel Aware": true,
                                                  "Async Capable": false,
                                                  "Relation Name": "web_returns",
                                                  "Alias": "web_returns",
                                                  "Startup Cost": 0.0,
                                                  "Total Cost": 16278.74,
                                                  "Plan Rows": 299674,
                                                  "Plan Width": 20,
                                                  "parent": 63,
                                                  "ID": 64
                                                },
                                                {
                                                  "Node Type": "Hash",
                                                  "Parent Relationship": "Inner",
                                                  "Parallel Aware": true,
                                                  "Async Capable": false,
                                                  "Startup Cost": 2049.55,
                                                  "Total Cost": 2049.55,
                                                  "Plan Rows": 18,
                                                  "Plan Width": 4,
                                                  "Plans": [
                                                    {
                                                      "Node Type": "Seq Scan",
                                                      "Parent Relationship": "Outer",
                                                      "Parallel Aware": true,
                                                      "Async Capable": false,
                                                      "Relation Name": "date_dim",
                                                      "Alias": "date_dim_5",
                                                      "Startup Cost": 0.0,
                                                      "Total Cost": 2049.55,
                                                      "Plan Rows": 18,
                                                      "Plan Width": 4,
                                                      "Filter": "((d_date >= '1999-08-14'::date) AND (d_date <= '1999-09-13 00:00:00'::timestamp without time zone))",
                                                      "parent": 65,
                                                      "ID": 66
                                                    }
                                                  ],
                                                  "parent": 63,
                                                  "ID": 65,
                                                  "left": 66
                                                }
                                              ],
                                              "parent": 62,
                                              "ID": 63,
                                              "left": 64,
                                              "right": 65
                                            }
                                          ],
                                          "parent": 61,
                                          "ID": 62,
                                          "left": 63
                                        },
                                        {
                                          "Node Type": "Sort",
                                          "Parent Relationship": "Inner",
                                          "Parallel Aware": false,
                                          "Async Capable": false,
                                          "Startup Cost": 14.64,
                                          "Total Cost": 15.14,
                                          "Plan Rows": 200,
                                          "Plan Width": 4,
                                          "Sort Key": [
                                            "web_page_1.wp_web_page_sk"
                                          ],
                                          "Plans": [
                                            {
                                              "Node Type": "Seq Scan",
                                              "Parent Relationship": "Outer",
                                              "Parallel Aware": false,
                                              "Async Capable": false,
                                              "Relation Name": "web_page",
                                              "Alias": "web_page_1",
                                              "Startup Cost": 0.0,
                                              "Total Cost": 7.0,
                                              "Plan Rows": 200,
                                              "Plan Width": 4,
                                              "parent": 67,
                                              "ID": 68
                                            }
                                          ],
                                          "parent": 61,
                                          "ID": 67,
                                          "left": 68
                                        }
                                      ],
                                      "parent": 60,
                                      "ID": 61,
                                      "left": 62,
                                      "right": 67
                                    }
                                  ],
                                  "parent": 59,
                                  "ID": 60,
                                  "left": 61
                                }
                              ],
                              "parent": 58,
                              "ID": 59,
                              "left": 60
                            }
                          ],
                          "parent": 46,
                          "ID": 58,
                          "left": 59
                        }
                      ],
                      "parent": 3,
                      "ID": 46,
                      "left": 47,
                      "right": 58
                    }
                  ],
                  "parent": 2,
                  "ID": 3,
                  "left": 4,
                  "right": 27
                }
              ],
              "parent": 1,
              "ID": 2,
              "left": 3
            }
          ],
          "parent": 0,
          "ID": 1,
          "left": 2
        }
      ],
      "parent": null,
      "ID": 0,
      "left": 1
    },
    "feat": {
      "utility": 4.200548655503158e-06,
      "query_shape": [
        [
          "Seq Scan",
          "Hash Join",
          "Sort",
          "Merge Join",
          "Aggregate",
          "Gather Merge",
          "Append"
        ],
        [
          "Seq Scan",
          "Hash",
          "Hash Join",
          "Sort",
          "Merge Join",
          "Aggregate",
          "Gather Merge",
          "Append"
        ],
        [
          "Seq Scan",
          "Sort",
          "Merge Join",
          "Aggregate",
          "Gather Merge",
          "Append"
        ],
        [
          "Seq Scan",
          "Hash Join",
          "Sort",
          "Merge Join",
          "Aggregate",
          "Gather Merge",
          "Append"
        ],
        [
          "Seq Scan",
          "Hash",
          "Hash Join",
          "Sort",
          "Merge Join",
          "Aggregate",
          "Gather Merge",
          "Append"
        ],
        [
          "Seq Scan",
          "Sort",
          "Merge Join",
          "Aggregate",
          "Gather Merge",
          "Append"
        ],
        [
          "Seq Scan",
          "Hash Join",
          "Sort",
          "Aggregate",
          "Gather Merge",
          "Nested Loop",
          "Append"
        ],
        [
          "Seq Scan",
          "Hash",
          "Hash Join",
          "Sort",
          "Aggregate",
          "Gather Merge",
          "Nested Loop",
          "Append"
        ],
        [
          "Seq Scan",
          "Hash Join",
          "Sort",
          "Aggregate",
          "Gather Merge",
          "Subquery Scan",
          "Materialize",
          "Nested Loop",
          "Append"
        ],
        [
          "Seq Scan",
          "Hash",
          "Hash Join",
          "Sort",
          "Aggregate",
          "Gather Merge",
          "Subquery Scan",
          "Materialize",
          "Nested Loop",
          "Append"
        ],
        [
          "Seq Scan",
          "Hash Join",
          "Sort",
          "Merge Join",
          "Aggregate",
          "Gather Merge",
          "Append"
        ],
        [
          "Seq Scan",
          "Hash",
          "Hash Join",
          "Sort",
          "Merge Join",
          "Aggregate",
          "Gather Merge",
          "Append"
        ],
        [
          "Seq Scan",
          "Sort",
          "Merge Join",
          "Aggregate",
          "Gather Merge",
          "Append"
        ],
        [
          "Seq Scan",
          "Hash Join",
          "Sort",
          "Merge Join",
          "Aggregate",
          "Gather Merge",
          "Append"
        ],
        [
          "Seq Scan",
          "Hash",
          "Hash Join",
          "Sort",
          "Merge Join",
          "Aggregate",
          "Gather Merge",
          "Append"
        ],
        [
          "Seq Scan",
          "Sort",
          "Merge Join",
          "Aggregate",
          "Gather Merge",
          "Append"
        ]
      ],
      "index_shape": [
        "join"
      ],
      "physical_operator": {
        "Merge Join": [
          0.09673579996577163
        ],
        "Sort": [
          "[  1.   2.   4.   7.   8.  10.  13.  14.  16.  19.  20.  22.  25.  26.\n  28.  31.  32.  34.  37.  38.  40.  43.  44.  46.  49.  50.  52.  55.\n  56.  58.  61.  62.  64.  67.  68.  70.  73.  74.  76.  79.  80.  82.\n  85.  86.  88.  91.  92.  94.  97.  98. 100.]"
        ]
      }
    }
  },
  {
    "query": "with ss as\n (select s_store_sk,\n         sum(ss_ext_sales_price) as sales,\n         sum(ss_net_profit) as profit\n from store_sales,\n      date_dim,\n      store\n where ss_sold_date_sk = d_date_sk\n       and d_date between cast('1999-08-14' as date) \n                  and (cast('1999-08-14' as date) +  interval '30 days') \n       and ss_store_sk = s_store_sk\n group by s_store_sk)\n ,\n sr as\n (select s_store_sk,\n         sum(sr_return_amt) as returns,\n         sum(sr_net_loss) as profit_loss\n from store_returns,\n      date_dim,\n      store\n where sr_returned_date_sk = d_date_sk\n       and d_date between cast('1999-08-14' as date)\n                  and (cast('1999-08-14' as date) +  interval '30 days')\n       and sr_store_sk = s_store_sk\n group by s_store_sk), \n cs as\n (select cs_call_center_sk,\n        sum(cs_ext_sales_price) as sales,\n        sum(cs_net_profit) as profit\n from catalog_sales,\n      date_dim\n where cs_sold_date_sk = d_date_sk\n       and d_date between cast('1999-08-14' as date)\n                  and (cast('1999-08-14' as date) +  interval '30 days')\n group by cs_call_center_sk \n ), \n cr as\n (select cr_call_center_sk,\n         sum(cr_return_amount) as returns,\n         sum(cr_net_loss) as profit_loss\n from catalog_returns,\n      date_dim\n where cr_returned_date_sk = d_date_sk\n       and d_date between cast('1999-08-14' as date)\n                  and (cast('1999-08-14' as date) +  interval '30 days')\n group by cr_call_center_sk\n ), \n ws as\n ( select wp_web_page_sk,\n        sum(ws_ext_sales_price) as sales,\n        sum(ws_net_profit) as profit\n from web_sales,\n      date_dim,\n      web_page\n where ws_sold_date_sk = d_date_sk\n       and d_date between cast('1999-08-14' as date)\n                  and (cast('1999-08-14' as date) +  interval '30 days')\n       and ws_web_page_sk = wp_web_page_sk\n group by wp_web_page_sk), \n wr as\n (select wp_web_page_sk,\n        sum(wr_return_amt) as returns,\n        sum(wr_net_loss) as profit_loss\n from web_returns,\n      date_dim,\n      web_page\n where wr_returned_date_sk = d_date_sk\n       and d_date between cast('1999-08-14' as date)\n                  and (cast('1999-08-14' as date) +  interval '30 days')\n       and wr_web_page_sk = wp_web_page_sk\n group by wp_web_page_sk)\n  select  channel\n        , id\n        , sum(sales) as sales\n        , sum(returns) as returns\n        , sum(profit) as profit\n from \n (select 'store channel' as channel\n        , ss.s_store_sk as id\n        , sales\n        , coalesce(returns, 0) as returns\n        , (profit - coalesce(profit_loss,0)) as profit\n from   ss left join sr\n        on  ss.s_store_sk = sr.s_store_sk\n union all\n select 'catalog channel' as channel\n        , cs_call_center_sk as id\n        , sales\n        , returns\n        , (profit - profit_loss) as profit\n from  cs\n       , cr\n union all\n select 'web channel' as channel\n        , ws.wp_web_page_sk as id\n        , sales\n        , coalesce(returns, 0) as returns\n        , (profit - coalesce(profit_loss,0)) as profit\n from   ws left join wr\n        on  ws.wp_web_page_sk = wr.wp_web_page_sk\n ) x\n group by rollup (channel, id)\n order by channel\n         ,id\n limit 100;\n\n-- end query 58 in stream 0 using template query77.tpl\n",
    "indexes": "store_sales.ss_ext_sales_price",
    "wo plan est": {
      "Node Type": "Limit",
      "Parallel Aware": false,
      "Async Capable": false,
      "Startup Cost": 1505243.45,
      "Total Cost": 1505243.7,
      "Plan Rows": 100,
      "Plan Width": 132,
      "Plans": [
        {
          "Node Type": "Sort",
          "Parent Relationship": "Outer",
          "Parallel Aware": false,
          "Async Capable": false,
          "Startup Cost": 1505243.45,
          "Total Cost": 1505244.45,
          "Plan Rows": 401,
          "Plan Width": 132,
          "Sort Key": [
            "('store channel'::text)",
            "store.s_store_sk"
          ],
          "Plans": [
            {
              "Node Type": "Aggregate",
              "Strategy": "Mixed",
              "Partial Mode": "Simple",
              "Parent Relationship": "Outer",
              "Parallel Aware": false,
              "Async Capable": false,
              "Startup Cost": 752755.06,
              "Total Cost": 1505228.12,
              "Plan Rows": 401,
              "Plan Width": 132,
              "Grouping Sets": [
                {
                  "Hash Keys": [
                    [
                      "('store channel'::text)",
                      "store.s_store_sk"
                    ]
                  ]
                },
                {
                  "Hash Keys": [
                    [
                      "('store channel'::text)"
                    ]
                  ]
                },
                {
                  "Group Keys": [
                    []
                  ]
                }
              ],
              "Planned Partitions": 0,
              "Plans": [
                {
                  "Node Type": "Append",
                  "Parent Relationship": "Outer",
                  "Parallel Aware": false,
                  "Async Capable": false,
                  "Startup Cost": 752755.06,
                  "Total Cost": 1505194.76,
                  "Plan Rows": 878,
                  "Plan Width": 132,
                  "Subplans Removed": 0,
                  "Plans": [
                    {
                      "Node Type": "Merge Join",
                      "Parent Relationship": "Member",
                      "Parallel Aware": false,
                      "Async Capable": false,
                      "Join Type": "Left",
                      "Startup Cost": 752755.06,
                      "Total Cost": 752953.3,
                      "Plan Rows": 102,
                      "Plan Width": 132,
                      "Inner Unique": true,
                      "Merge Cond": "(store.s_store_sk = store_1.s_store_sk)",
                      "Plans": [
                        {
                          "Node Type": "Aggregate",
                          "Strategy": "Sorted",
                          "Partial Mode": "Finalize",
                          "Parent Relationship": "Outer",
                          "Parallel Aware": false,
                          "Async Capable": false,
                          "Startup Cost": 685291.07,
                          "Total Cost": 685443.67,
                          "Plan Rows": 102,
                          "Plan Width": 68,
                          "Group Key": [
                            "store.s_store_sk"
                          ],
                          "Plans": [
                            {
                              "Node Type": "Gather Merge",
                              "Parent Relationship": "Outer",
                              "Parallel Aware": false,
                              "Async Capable": false,
                              "Startup Cost": 685291.07,
                              "Total Cost": 685439.59,
                              "Plan Rows": 204,
                              "Plan Width": 68,
                              "Workers Planned": 2,
                              "Plans": [
                                {
                                  "Node Type": "Aggregate",
                                  "Strategy": "Sorted",
                                  "Partial Mode": "Partial",
                                  "Parent Relationship": "Outer",
                                  "Parallel Aware": false,
                                  "Async Capable": false,
                                  "Startup Cost": 684291.04,
                                  "Total Cost": 684416.02,
                                  "Plan Rows": 102,
                                  "Plan Width": 68,
                                  "Group Key": [
                                    "store.s_store_sk"
                                  ],
                                  "Plans": [
                                    {
                                      "Node Type": "Merge Join",
                                      "Parent Relationship": "Outer",
                                      "Parallel Aware": false,
                                      "Async Capable": false,
                                      "Join Type": "Inner",
                                      "Startup Cost": 684291.04,
                                      "Total Cost": 684380.82,
                                      "Plan Rows": 4489,
                                      "Plan Width": 16,
                                      "Inner Unique": false,
                                      "Merge Cond": "(store_sales.ss_store_sk = store.s_store_sk)",
                                      "Plans": [
                                        {
                                          "Node Type": "Sort",
                                          "Parent Relationship": "Outer",
                                          "Parallel Aware": false,
                                          "Async Capable": false,
                                          "Startup Cost": 684281.62,
                                          "Total Cost": 684293.38,
                                          "Plan Rows": 4703,
                                          "Plan Width": 16,
                                          "Sort Key": [
                                            "store_sales.ss_store_sk"
                                          ],
                                          "Plans": [
                                            {
                                              "Node Type": "Hash Join",
                                              "Parent Relationship": "Outer",
                                              "Parallel Aware": true,
                                              "Async Capable": false,
                                              "Join Type": "Inner",
                                              "Startup Cost": 2049.78,
                                              "Total Cost": 683994.75,
                                              "Plan Rows": 4703,
                                              "Plan Width": 16,
                                              "Inner Unique": false,
                                              "Hash Cond": "(store_sales.ss_sold_date_sk = date_dim.d_date_sk)",
                                              "Plans": [
                                                {
                                                  "Node Type": "Seq Scan",
                                                  "Parent Relationship": "Outer",
                                                  "Parallel Aware": true,
                                                  "Async Capable": false,
                                                  "Relation Name": "store_sales",
                                                  "Alias": "store_sales",
                                                  "Startup Cost": 0.0,
                                                  "Total Cost": 636914.37,
                                                  "Plan Rows": 12000637,
                                                  "Plan Width": 20,
                                                  "parent": 10,
                                                  "ID": 11
                                                },
                                                {
                                                  "Node Type": "Hash",
                                                  "Parent Relationship": "Inner",
                                                  "Parallel Aware": true,
                                                  "Async Capable": false,
                                                  "Startup Cost": 2049.55,
                                                  "Total Cost": 2049.55,
                                                  "Plan Rows": 18,
                                                  "Plan Width": 4,
                                                  "Plans": [
                                                    {
                                                      "Node Type": "Seq Scan",
                                                      "Parent Relationship": "Outer",
                                                      "Parallel Aware": true,
                                                      "Async Capable": false,
                                                      "Relation Name": "date_dim",
                                                      "Alias": "date_dim",
                                                      "Startup Cost": 0.0,
                                                      "Total Cost": 2049.55,
                                                      "Plan Rows": 18,
                                                      "Plan Width": 4,
                                                      "Filter": "((d_date >= '1999-08-14'::date) AND (d_date <= '1999-09-13 00:00:00'::timestamp without time zone))",
                                                      "parent": 12,
                                                      "ID": 13
                                                    }
                                                  ],
                                                  "parent": 10,
                                                  "ID": 12,
                                                  "left": 13
                                                }
                                              ],
                                              "parent": 9,
                                              "ID": 10,
                                              "left": 11,
                                              "right": 12
                                            }
                                          ],
                                          "parent": 8,
                                          "ID": 9,
                                          "left": 10
                                        },
                                        {
                                          "Node Type": "Sort",
                                          "Parent Relationship": "Inner",
                                          "Parallel Aware": false,
                                          "Async Capable": false,
                                          "Startup Cost": 9.42,
                                          "Total Cost": 9.68,
                                          "Plan Rows": 102,
                                          "Plan Width": 4,
                                          "Sort Key": [
                                            "store.s_store_sk"
                                          ],
                                          "Plans": [
                                            {
                                              "Node Type": "Seq Scan",
                                              "Parent Relationship": "Outer",
                                              "Parallel Aware": false,
                                              "Async Capable": false,
                                              "Relation Name": "store",
                                              "Alias": "store",
                                              "Startup Cost": 0.0,
                                              "Total Cost": 6.02,
                                              "Plan Rows": 102,
                                              "Plan Width": 4,
                                              "parent": 14,
                                              "ID": 15
                                            }
                                          ],
                                          "parent": 8,
                                          "ID": 14,
                                          "left": 15
                                        }
                                      ],
                                      "parent": 7,
                                      "ID": 8,
                                      "left": 9,
                                      "right": 14
                                    }
                                  ],
                                  "parent": 6,
                                  "ID": 7,
                                  "left": 8
                                }
                              ],
                              "parent": 5,
                              "ID": 6,
                              "left": 7
                            }
                          ],
                          "parent": 4,
                          "ID": 5,
                          "left": 6
                        },
                        {
                          "Node Type": "Aggregate",
                          "Strategy": "Sorted",
                          "Partial Mode": "Finalize",
                          "Parent Relationship": "Inner",
                          "Parallel Aware": false,
                          "Async Capable": false,
                          "Startup Cost": 67464.0,
                          "Total Cost": 67505.8,
                          "Plan Rows": 102,
                          "Plan Width": 68,
                          "Group Key": [
                            "store_1.s_store_sk"
                          ],
                          "Plans": [
                            {
                              "Node Type": "Gather Merge",
                              "Parent Relationship": "Outer",
                              "Parallel Aware": false,
                              "Async Capable": false,
                              "Startup Cost": 67464.0,
                              "Total Cost": 67501.72,
                              "Plan Rows": 204,
                              "Plan Width": 68,
                              "Workers Planned": 2,
                              "Plans": [
                                {
                                  "Node Type": "Aggregate",
                                  "Strategy": "Sorted",
                                  "Partial Mode": "Partial",
                                  "Parent Relationship": "Outer",
                                  "Parallel Aware": false,
                                  "Async Capable": false,
                                  "Startup Cost": 66463.97,
                                  "Total Cost": 66478.15,
                                  "Plan Rows": 102,
                                  "Plan Width": 68,
                                  "Group Key": [
                                    "store_1.s_store_sk"
                                  ],
                                  "Plans": [
                                    {
                                      "Node Type": "Merge Join",
                                      "Parent Relationship": "Outer",
                                      "Parallel Aware": false,
                                      "Async Capable": false,
                                      "Join Type": "Inner",
                                      "Startup Cost": 66463.97,
                                      "Total Cost": 66473.17,
                                      "Plan Rows": 460,
                                      "Plan Width": 16,
                                      "Inner Unique": false,
                                      "Merge Cond": "(store_returns.sr_store_sk = store_1.s_store_sk)",
                                      "Plans": [
                                        {
                                          "Node Type": "Sort",
                                          "Parent Relationship": "Outer",
                                          "Parallel Aware": false,
                                          "Async Capable": false,
                                          "Startup Cost": 66454.55,
                                          "Total Cost": 66455.74,
                                          "Plan Rows": 476,
                                          "Plan Width": 16,
                                          "Sort Key": [
                                            "store_returns.sr_store_sk"
                                          ],
                                          "Plans": [
                                            {
                                              "Node Type": "Hash Join",
                                              "Parent Relationship": "Outer",
                                              "Parallel Aware": true,
                                              "Async Capable": false,
                                              "Join Type": "Inner",
                                              "Startup Cost": 2049.78,
                                              "Total Cost": 66433.38,
                                              "Plan Rows": 476,
                                              "Plan Width": 16,
                                              "Inner Unique": false,
                                              "Hash Cond": "(store_returns.sr_returned_date_sk = date_dim_1.d_date_sk)",
                                              "Plans": [
                                                {
                                                  "Node Type": "Seq Scan",
                                                  "Parent Relationship": "Outer",
                                                  "Parallel Aware": true,
                                                  "Async Capable": false,
                                                  "Relation Name": "store_returns",
                                                  "Alias": "store_returns",
                                                  "Startup Cost": 0.0,
                                                  "Total Cost": 59887.64,
                                                  "Plan Rows": 1198164,
                                                  "Plan Width": 20,
                                                  "parent": 21,
                                                  "ID": 22
                                                },
                                                {
                                                  "Node Type": "Hash",
                                                  "Parent Relationship": "Inner",
                                                  "Parallel Aware": true,
                                                  "Async Capable": false,
                                                  "Startup Cost": 2049.55,
                                                  "Total Cost": 2049.55,
                                                  "Plan Rows": 18,
                                                  "Plan Width": 4,
                                                  "Plans": [
                                                    {
                                                      "Node Type": "Seq Scan",
                                                      "Parent Relationship": "Outer",
                                                      "Parallel Aware": true,
                                                      "Async Capable": false,
                                                      "Relation Name": "date_dim",
                                                      "Alias": "date_dim_1",
                                                      "Startup Cost": 0.0,
                                                      "Total Cost": 2049.55,
                                                      "Plan Rows": 18,
                                                      "Plan Width": 4,
                                                      "Filter": "((d_date >= '1999-08-14'::date) AND (d_date <= '1999-09-13 00:00:00'::timestamp without time zone))",
                                                      "parent": 23,
                                                      "ID": 24
                                                    }
                                                  ],
                                                  "parent": 21,
                                                  "ID": 23,
                                                  "left": 24
                                                }
                                              ],
                                              "parent": 20,
                                              "ID": 21,
                                              "left": 22,
                                              "right": 23
                                            }
                                          ],
                                          "parent": 19,
                                          "ID": 20,
                                          "left": 21
                                        },
                                        {
                                          "Node Type": "Sort",
                                          "Parent Relationship": "Inner",
                                          "Parallel Aware": false,
                                          "Async Capable": false,
                                          "Startup Cost": 9.42,
                                          "Total Cost": 9.68,
                                          "Plan Rows": 102,
                                          "Plan Width": 4,
                                          "Sort Key": [
                                            "store_1.s_store_sk"
                                          ],
                                          "Plans": [
                                            {
                                              "Node Type": "Seq Scan",
                                              "Parent Relationship": "Outer",
                                              "Parallel Aware": false,
                                              "Async Capable": false,
                                              "Relation Name": "store",
                                              "Alias": "store_1",
                                              "Startup Cost": 0.0,
                                              "Total Cost": 6.02,
                                              "Plan Rows": 102,
                                              "Plan Width": 4,
                                              "parent": 25,
                                              "ID": 26
                                            }
                                          ],
                                          "parent": 19,
                                          "ID": 25,
                                          "left": 26
                                        }
                                      ],
                                      "parent": 18,
                                      "ID": 19,
                                      "left": 20,
                                      "right": 25
                                    }
                                  ],
                                  "parent": 17,
                                  "ID": 18,
                                  "left": 19
                                }
                              ],
                              "parent": 16,
                              "ID": 17,
                              "left": 18
                            }
                          ],
                          "parent": 4,
                          "ID": 16,
                          "left": 17
                        }
                      ],
                      "parent": 3,
                      "ID": 4,
                      "left": 5,
                      "right": 16
                    },
                    {
                      "Node Type": "Nested Loop",
                      "Parent Relationship": "Member",
                      "Parallel Aware": false,
                      "Async Capable": false,
                      "Join Type": "Inner",
                      "Startup Cost": 499452.25,
                      "Total Cost": 499502.11,
                      "Plan Rows": 576,
                      "Plan Width": 132,
                      "Inner Unique": false,
                      "Plans": [
                        {
                          "Node Type": "Aggregate",
                          "Strategy": "Sorted",
                          "Partial Mode": "Finalize",
                          "Parent Relationship": "Outer",
                          "Parallel Aware": false,
                          "Async Capable": false,
                          "Startup Cost": 459392.64,
                          "Total Cost": 459424.0,
                          "Plan Rows": 24,
                          "Plan Width": 68,
                          "Group Key": [
                            "catalog_sales.cs_call_center_sk"
                          ],
                          "Plans": [
                            {
                              "Node Type": "Gather Merge",
                              "Parent Relationship": "Outer",
                              "Parallel Aware": false,
                              "Async Capable": false,
                              "Startup Cost": 459392.64,
                              "Total Cost": 459423.04,
                              "Plan Rows": 48,
                              "Plan Width": 68,
                              "Workers Planned": 2,
                              "Plans": [
                                {
                                  "Node Type": "Aggregate",
                                  "Strategy": "Sorted",
                                  "Partial Mode": "Partial",
                                  "Parent Relationship": "Outer",
                                  "Parallel Aware": false,
                                  "Async Capable": false,
                                  "Startup Cost": 458392.62,
                                  "Total Cost": 458417.48,
                                  "Plan Rows": 24,
                                  "Plan Width": 68,
                                  "Group Key": [
                                    "catalog_sales.cs_call_center_sk"
                                  ],
                                  "Plans": [
                                    {
                                      "Node Type": "Sort",
                                      "Parent Relationship": "Outer",
                                      "Parallel Aware": false,
                                      "Async Capable": false,
                                      "Startup Cost": 458392.62,
                                      "Total Cost": 458398.74,
                                      "Plan Rows": 2450,
                                      "Plan Width": 16,
                                      "Sort Key": [
                                        "catalog_sales.cs_call_center_sk"
                                      ],
                                      "Plans": [
                                        {
                                          "Node Type": "Hash Join",
                                          "Parent Relationship": "Outer",
                                          "Parallel Aware": true,
                                          "Async Capable": false,
                                          "Join Type": "Inner",
                                          "Startup Cost": 2049.78,
                                          "Total Cost": 458254.7,
                                          "Plan Rows": 2450,
                                          "Plan Width": 16,
                                          "Inner Unique": false,
                                          "Hash Cond": "(catalog_sales.cs_sold_date_sk = date_dim_2.d_date_sk)",
                                          "Plans": [
                                            {
                                              "Node Type": "Seq Scan",
                                              "Parent Relationship": "Outer",
                                              "Parallel Aware": true,
                                              "Async Capable": false,
                                              "Relation Name": "catalog_sales",
                                              "Alias": "catalog_sales",
                                              "Startup Cost": 0.0,
                                              "Total Cost": 433688.25,
                                              "Plan Rows": 6000525,
                                              "Plan Width": 20,
                                              "parent": 32,
                                              "ID": 33
                                            },
                                            {
                                              "Node Type": "Hash",
                                              "Parent Relationship": "Inner",
                                              "Parallel Aware": true,
                                              "Async Capable": false,
                                              "Startup Cost": 2049.55,
                                              "Total Cost": 2049.55,
                                              "Plan Rows": 18,
                                              "Plan Width": 4,
                                              "Plans": [
                                                {
                                                  "Node Type": "Seq Scan",
                                                  "Parent Relationship": "Outer",
                                                  "Parallel Aware": true,
                                                  "Async Capable": false,
                                                  "Relation Name": "date_dim",
                                                  "Alias": "date_dim_2",
                                                  "Startup Cost": 0.0,
                                                  "Total Cost": 2049.55,
                                                  "Plan Rows": 18,
                                                  "Plan Width": 4,
                                                  "Filter": "((d_date >= '1999-08-14'::date) AND (d_date <= '1999-09-13 00:00:00'::timestamp without time zone))",
                                                  "parent": 34,
                                                  "ID": 35
                                                }
                                              ],
                                              "parent": 32,
                                              "ID": 34,
                                              "left": 35
                                            }
                                          ],
                                          "parent": 31,
                                          "ID": 32,
                                          "left": 33,
                                          "right": 34
                                        }
                                      ],
                                      "parent": 30,
                                      "ID": 31,
                                      "left": 32
                                    }
                                  ],
                                  "parent": 29,
                                  "ID": 30,
                                  "left": 31
                                }
                              ],
                              "parent": 28,
                              "ID": 29,
                              "left": 30
                            }
                          ],
                          "parent": 27,
                          "ID": 28,
                          "left": 29
                        },
                        {
                          "Node Type": "Materialize",
                          "Parent Relationship": "Inner",
                          "Parallel Aware": false,
                          "Async Capable": false,
                          "Startup Cost": 40059.61,
                          "Total Cost": 40069.29,
                          "Plan Rows": 24,
                          "Plan Width": 64,
                          "Plans": [
                            {
                              "Node Type": "Subquery Scan",
                              "Parent Relationship": "Outer",
                              "Parallel Aware": false,
                              "Async Capable": false,
                              "Alias": "cr",
                              "Startup Cost": 40059.61,
                              "Total Cost": 40069.17,
                              "Plan Rows": 24,
                              "Plan Width": 64,
                              "Plans": [
                                {
                                  "Node Type": "Aggregate",
                                  "Strategy": "Sorted",
                                  "Partial Mode": "Finalize",
                                  "Parent Relationship": "Subquery",
                                  "Parallel Aware": false,
                                  "Async Capable": false,
                                  "Startup Cost": 40059.61,
                                  "Total Cost": 40068.93,
                                  "Plan Rows": 24,
                                  "Plan Width": 68,
                                  "Group Key": [
                                    "catalog_returns.cr_call_center_sk"
                                  ],
                                  "Plans": [
                                    {
                                      "Node Type": "Gather Merge",
                                      "Parent Relationship": "Outer",
                                      "Parallel Aware": false,
                                      "Async Capable": false,
                                      "Startup Cost": 40059.61,
                                      "Total Cost": 40067.97,
                                      "Plan Rows": 48,
                                      "Plan Width": 68,
                                      "Workers Planned": 2,
                                      "Plans": [
                                        {
                                          "Node Type": "Aggregate",
                                          "Strategy": "Sorted",
                                          "Partial Mode": "Partial",
                                          "Parent Relationship": "Outer",
                                          "Parallel Aware": false,
                                          "Async Capable": false,
                                          "Startup Cost": 39059.58,
                                          "Total Cost": 39062.4,
                                          "Plan Rows": 24,
                                          "Plan Width": 68,
                                          "Group Key": [
                                            "catalog_returns.cr_call_center_sk"
                                          ],
                                          "Plans": [
                                            {
                                              "Node Type": "Sort",
                                              "Parent Relationship": "Outer",
                                              "Parallel Aware": false,
                                              "Async Capable": false,
                                              "Startup Cost": 39059.58,
                                              "Total Cost": 39060.2,
                                              "Plan Rows": 246,
                                              "Plan Width": 16,
                                              "Sort Key": [
                                                "catalog_returns.cr_call_center_sk"
                                              ],
                                              "Plans": [
                                                {
                                                  "Node Type": "Hash Join",
                                                  "Parent Relationship": "Outer",
                                                  "Parallel Aware": true,
                                                  "Async Capable": false,
                                                  "Join Type": "Inner",
                                                  "Startup Cost": 2049.78,
                                                  "Total Cost": 39049.82,
                                                  "Plan Rows": 246,
                                                  "Plan Width": 16,
                                                  "Inner Unique": false,
                                                  "Hash Cond": "(catalog_returns.cr_returned_date_sk = date_dim_3.d_date_sk)",
                                                  "Plans": [
                                                    {
                                                      "Node Type": "Seq Scan",
                                                      "Parent Relationship": "Outer",
                                                      "Parallel Aware": true,
                                                      "Async Capable": false,
                                                      "Relation Name": "catalog_returns",
                                                      "Alias": "catalog_returns",
                                                      "Startup Cost": 0.0,
                                                      "Total Cost": 34748.95,
                                                      "Plan Rows": 599895,
                                                      "Plan Width": 20,
                                                      "parent": 42,
                                                      "ID": 43
                                                    },
                                                    {
                                                      "Node Type": "Hash",
                                                      "Parent Relationship": "Inner",
                                                      "Parallel Aware": true,
                                                      "Async Capable": false,
                                                      "Startup Cost": 2049.55,
                                                      "Total Cost": 2049.55,
                                                      "Plan Rows": 18,
                                                      "Plan Width": 4,
                                                      "Plans": [
                                                        {
                                                          "Node Type": "Seq Scan",
                                                          "Parent Relationship": "Outer",
                                                          "Parallel Aware": true,
                                                          "Async Capable": false,
                                                          "Relation Name": "date_dim",
                                                          "Alias": "date_dim_3",
                                                          "Startup Cost": 0.0,
                                                          "Total Cost": 2049.55,
                                                          "Plan Rows": 18,
                                                          "Plan Width": 4,
                                                          "Filter": "((d_date >= '1999-08-14'::date) AND (d_date <= '1999-09-13 00:00:00'::timestamp without time zone))",
                                                          "parent": 44,
                                                          "ID": 45
                                                        }
                                                      ],
                                                      "parent": 42,
                                                      "ID": 44,
                                                      "left": 45
                                                    }
                                                  ],
                                                  "parent": 41,
                                                  "ID": 42,
                                                  "left": 43,
                                                  "right": 44
                                                }
                                              ],
                                              "parent": 40,
                                              "ID": 41,
                                              "left": 42
                                            }
                                          ],
                                          "parent": 39,
                                          "ID": 40,
                                          "left": 41
                                        }
                                      ],
                                      "parent": 38,
                                      "ID": 39,
                                      "left": 40
                                    }
                                  ],
                                  "parent": 37,
                                  "ID": 38,
                                  "left": 39
                                }
                              ],
                              "parent": 36,
                              "ID": 37,
                              "left": 38
                            }
                          ],
                          "parent": 27,
                          "ID": 36,
                          "left": 37
                        }
                      ],
                      "parent": 3,
                      "ID": 27,
                      "left": 28,
                      "right": 36
                    },
                    {
                      "Node Type": "Merge Join",
                      "Parent Relationship": "Member",
                      "Parallel Aware": false,
                      "Async Capable": false,
                      "Join Type": "Left",
                      "Startup Cost": 252590.79,
                      "Total Cost": 252726.18,
                      "Plan Rows": 200,
                      "Plan Width": 132,
                      "Inner Unique": true,
                      "Merge Cond": "(web_page.wp_web_page_sk = web_page_1.wp_web_page_sk)",
                      "Plans": [
                        {
                          "Node Type": "Aggregate",
                          "Strategy": "Sorted",
                          "Partial Mode": "Finalize",
                          "Parent Relationship": "Outer",
                          "Parallel Aware": false,
                          "Async Capable": false,
                          "Startup Cost": 232119.07,
                          "Total Cost": 232210.1,
                          "Plan Rows": 200,
                          "Plan Width": 68,
                          "Group Key": [
                            "web_page.wp_web_page_sk"
                          ],
                          "Plans": [
                            {
                              "Node Type": "Gather Merge",
                              "Parent Relationship": "Outer",
                              "Parallel Aware": false,
                              "Async Capable": false,
                              "Startup Cost": 232119.07,
                              "Total Cost": 232202.1,
                              "Plan Rows": 400,
                              "Plan Width": 68,
                              "Workers Planned": 2,
                              "Plans": [
                                {
                                  "Node Type": "Aggregate",
                                  "Strategy": "Sorted",
                                  "Partial Mode": "Partial",
                                  "Parent Relationship": "Outer",
                                  "Parallel Aware": false,
                                  "Async Capable": false,
                                  "Startup Cost": 231119.05,
                                  "Total Cost": 231155.9,
                                  "Plan Rows": 200,
                                  "Plan Width": 68,
                                  "Group Key": [
                                    "web_page.wp_web_page_sk"
                                  ],
                                  "Plans": [
                                    {
                                      "Node Type": "Merge Join",
                                      "Parent Relationship": "Outer",
                                      "Parallel Aware": false,
                                      "Async Capable": false,
                                      "Join Type": "Inner",
                                      "Startup Cost": 231119.05,
                                      "Total Cost": 231143.67,
                                      "Plan Rows": 1231,
                                      "Plan Width": 16,
                                      "Inner Unique": false,
                                      "Merge Cond": "(web_sales.ws_web_page_sk = web_page.wp_web_page_sk)",
                                      "Plans": [
                                        {
                                          "Node Type": "Sort",
                                          "Parent Relationship": "Outer",
                                          "Parallel Aware": false,
                                          "Async Capable": false,
                                          "Startup Cost": 231104.41,
                                          "Total Cost": 231107.48,
                                          "Plan Rows": 1231,
                                          "Plan Width": 16,
                                          "Sort Key": [
                                            "web_sales.ws_web_page_sk"
                                          ],
                                          "Plans": [
                                            {
                                              "Node Type": "Hash Join",
                                              "Parent Relationship": "Outer",
                                              "Parallel Aware": true,
                                              "Async Capable": false,
                                              "Join Type": "Inner",
                                              "Startup Cost": 2049.78,
                                              "Total Cost": 231041.22,
                                              "Plan Rows": 1231,
                                              "Plan Width": 16,
                                              "Inner Unique": false,
                                              "Hash Cond": "(web_sales.ws_sold_date_sk = date_dim_4.d_date_sk)",
                                              "Plans": [
                                                {
                                                  "Node Type": "Seq Scan",
                                                  "Parent Relationship": "Outer",
                                                  "Parallel Aware": true,
                                                  "Async Capable": false,
                                                  "Relation Name": "web_sales",
                                                  "Alias": "web_sales",
                                                  "Startup Cost": 0.0,
                                                  "Total Cost": 217737.86,
                                                  "Plan Rows": 2998986,
                                                  "Plan Width": 20,
                                                  "parent": 52,
                                                  "ID": 53
                                                },
                                                {
                                                  "Node Type": "Hash",
                                                  "Parent Relationship": "Inner",
                                                  "Parallel Aware": true,
                                                  "Async Capable": false,
                                                  "Startup Cost": 2049.55,
                                                  "Total Cost": 2049.55,
                                                  "Plan Rows": 18,
                                                  "Plan Width": 4,
                                                  "Plans": [
                                                    {
                                                      "Node Type": "Seq Scan",
                                                      "Parent Relationship": "Outer",
                                                      "Parallel Aware": true,
                                                      "Async Capable": false,
                                                      "Relation Name": "date_dim",
                                                      "Alias": "date_dim_4",
                                                      "Startup Cost": 0.0,
                                                      "Total Cost": 2049.55,
                                                      "Plan Rows": 18,
                                                      "Plan Width": 4,
                                                      "Filter": "((d_date >= '1999-08-14'::date) AND (d_date <= '1999-09-13 00:00:00'::timestamp without time zone))",
                                                      "parent": 54,
                                                      "ID": 55
                                                    }
                                                  ],
                                                  "parent": 52,
                                                  "ID": 54,
                                                  "left": 55
                                                }
                                              ],
                                              "parent": 51,
                                              "ID": 52,
                                              "left": 53,
                                              "right": 54
                                            }
                                          ],
                                          "parent": 50,
                                          "ID": 51,
                                          "left": 52
                                        },
                                        {
                                          "Node Type": "Sort",
                                          "Parent Relationship": "Inner",
                                          "Parallel Aware": false,
                                          "Async Capable": false,
                                          "Startup Cost": 14.64,
                                          "Total Cost": 15.14,
                                          "Plan Rows": 200,
                                          "Plan Width": 4,
                                          "Sort Key": [
                                            "web_page.wp_web_page_sk"
                                          ],
                                          "Plans": [
                                            {
                                              "Node Type": "Seq Scan",
                                              "Parent Relationship": "Outer",
                                              "Parallel Aware": false,
                                              "Async Capable": false,
                                              "Relation Name": "web_page",
                                              "Alias": "web_page",
                                              "Startup Cost": 0.0,
                                              "Total Cost": 7.0,
                                              "Plan Rows": 200,
                                              "Plan Width": 4,
                                              "parent": 56,
                                              "ID": 57
                                            }
                                          ],
                                          "parent": 50,
                                          "ID": 56,
                                          "left": 57
                                        }
                                      ],
                                      "parent": 49,
                                      "ID": 50,
                                      "left": 51,
                                      "right": 56
                                    }
                                  ],
                                  "parent": 48,
                                  "ID": 49,
                                  "left": 50
                                }
                              ],
                              "parent": 47,
                              "ID": 48,
                              "left": 49
                            }
                          ],
                          "parent": 46,
                          "ID": 47,
                          "left": 48
                        },
                        {
                          "Node Type": "Aggregate",
                          "Strategy": "Sorted",
                          "Partial Mode": "Finalize",
                          "Parent Relationship": "Inner",
                          "Parallel Aware": false,
                          "Async Capable": false,
                          "Startup Cost": 20471.72,
                          "Total Cost": 20508.59,
                          "Plan Rows": 200,
                          "Plan Width": 68,
                          "Group Key": [
                            "web_page_1.wp_web_page_sk"
                          ],
                          "Plans": [
                            {
                              "Node Type": "Gather Merge",
                              "Parent Relationship": "Outer",
                              "Parallel Aware": false,
                              "Async Capable": false,
                              "Startup Cost": 20471.72,
                              "Total Cost": 20502.79,
                              "Plan Rows": 224,
                              "Plan Width": 68,
                              "Workers Planned": 2,
                              "Plans": [
                                {
                                  "Node Type": "Aggregate",
                                  "Strategy": "Sorted",
                                  "Partial Mode": "Partial",
                                  "Parent Relationship": "Outer",
                                  "Parallel Aware": false,
                                  "Async Capable": false,
                                  "Startup Cost": 19471.69,
                                  "Total Cost": 19476.91,
                                  "Plan Rows": 112,
                                  "Plan Width": 68,
                                  "Group Key": [
                                    "web_page_1.wp_web_page_sk"
                                  ],
                                  "Plans": [
                                    {
                                      "Node Type": "Merge Join",
                                      "Parent Relationship": "Outer",
                                      "Parallel Aware": false,
                                      "Async Capable": false,
                                      "Join Type": "Inner",
                                      "Startup Cost": 19471.69,
                                      "Total Cost": 19474.39,
                                      "Plan Rows": 112,
                                      "Plan Width": 16,
                                      "Inner Unique": false,
                                      "Merge Cond": "(web_returns.wr_web_page_sk = web_page_1.wp_web_page_sk)",
                                      "Plans": [
                                        {
                                          "Node Type": "Sort",
                                          "Parent Relationship": "Outer",
                                          "Parallel Aware": false,
                                          "Async Capable": false,
                                          "Startup Cost": 19457.05,
                                          "Total Cost": 19457.35,
                                          "Plan Rows": 118,
                                          "Plan Width": 16,
                                          "Sort Key": [
                                            "web_returns.wr_web_page_sk"
                                          ],
                                          "Plans": [
                                            {
                                              "Node Type": "Hash Join",
                                              "Parent Relationship": "Outer",
                                              "Parallel Aware": true,
                                              "Async Capable": false,
                                              "Join Type": "Inner",
                                              "Startup Cost": 2049.78,
                                              "Total Cost": 19452.99,
                                              "Plan Rows": 118,
                                              "Plan Width": 16,
                                              "Inner Unique": false,
                                              "Hash Cond": "(web_returns.wr_returned_date_sk = date_dim_5.d_date_sk)",
                                              "Plans": [
                                                {
                                                  "Node Type": "Seq Scan",
                                                  "Parent Relationship": "Outer",
                                                  "Parallel Aware": true,
                                                  "Async Capable": false,
                                                  "Relation Name": "web_returns",
                                                  "Alias": "web_returns",
                                                  "Startup Cost": 0.0,
                                                  "Total Cost": 16278.74,
                                                  "Plan Rows": 299674,
                                                  "Plan Width": 20,
                                                  "parent": 63,
                                                  "ID": 64
                                                },
                                                {
                                                  "Node Type": "Hash",
                                                  "Parent Relationship": "Inner",
                                                  "Parallel Aware": true,
                                                  "Async Capable": false,
                                                  "Startup Cost": 2049.55,
                                                  "Total Cost": 2049.55,
                                                  "Plan Rows": 18,
                                                  "Plan Width": 4,
                                                  "Plans": [
                                                    {
                                                      "Node Type": "Seq Scan",
                                                      "Parent Relationship": "Outer",
                                                      "Parallel Aware": true,
                                                      "Async Capable": false,
                                                      "Relation Name": "date_dim",
                                                      "Alias": "date_dim_5",
                                                      "Startup Cost": 0.0,
                                                      "Total Cost": 2049.55,
                                                      "Plan Rows": 18,
                                                      "Plan Width": 4,
                                                      "Filter": "((d_date >= '1999-08-14'::date) AND (d_date <= '1999-09-13 00:00:00'::timestamp without time zone))",
                                                      "parent": 65,
                                                      "ID": 66
                                                    }
                                                  ],
                                                  "parent": 63,
                                                  "ID": 65,
                                                  "left": 66
                                                }
                                              ],
                                              "parent": 62,
                                              "ID": 63,
                                              "left": 64,
                                              "right": 65
                                            }
                                          ],
                                          "parent": 61,
                                          "ID": 62,
                                          "left": 63
                                        },
                                        {
                                          "Node Type": "Sort",
                                          "Parent Relationship": "Inner",
                                          "Parallel Aware": false,
                                          "Async Capable": false,
                                          "Startup Cost": 14.64,
                                          "Total Cost": 15.14,
                                          "Plan Rows": 200,
                                          "Plan Width": 4,
                                          "Sort Key": [
                                            "web_page_1.wp_web_page_sk"
                                          ],
                                          "Plans": [
                                            {
                                              "Node Type": "Seq Scan",
                                              "Parent Relationship": "Outer",
                                              "Parallel Aware": false,
                                              "Async Capable": false,
                                              "Relation Name": "web_page",
                                              "Alias": "web_page_1",
                                              "Startup Cost": 0.0,
                                              "Total Cost": 7.0,
                                              "Plan Rows": 200,
                                              "Plan Width": 4,
                                              "parent": 67,
                                              "ID": 68
                                            }
                                          ],
                                          "parent": 61,
                                          "ID": 67,
                                          "left": 68
                                        }
                                      ],
                                      "parent": 60,
                                      "ID": 61,
                                      "left": 62,
                                      "right": 67
                                    }
                                  ],
                                  "parent": 59,
                                  "ID": 60,
                                  "left": 61
                                }
                              ],
                              "parent": 58,
                              "ID": 59,
                              "left": 60
                            }
                          ],
                          "parent": 46,
                          "ID": 58,
                          "left": 59
                        }
                      ],
                      "parent": 3,
                      "ID": 46,
                      "left": 47,
                      "right": 58
                    }
                  ],
                  "parent": 2,
                  "ID": 3,
                  "left": 4,
                  "right": 27
                }
              ],
              "parent": 1,
              "ID": 2,
              "left": 3
            }
          ],
          "parent": 0,
          "ID": 1,
          "left": 2
        }
      ],
      "parent": null,
      "ID": 0,
      "left": 1
    },
    "feat": {
      "utility": 0.0,
      "query_shape": [
        [
          "Seq Scan",
          "Hash Join",
          "Sort",
          "Merge Join",
          "Aggregate",
          "Gather Merge",
          "Append"
        ],
        [
          "Seq Scan",
          "Hash",
          "Hash Join",
          "Sort",
          "Merge Join",
          "Aggregate",
          "Gather Merge",
          "Append"
        ],
        [
          "Seq Scan",
          "Sort",
          "Merge Join",
          "Aggregate",
          "Gather Merge",
          "Append"
        ],
        [
          "Seq Scan",
          "Hash Join",
          "Sort",
          "Merge Join",
          "Aggregate",
          "Gather Merge",
          "Append"
        ],
        [
          "Seq Scan",
          "Hash",
          "Hash Join",
          "Sort",
          "Merge Join",
          "Aggregate",
          "Gather Merge",
          "Append"
        ],
        [
          "Seq Scan",
          "Sort",
          "Merge Join",
          "Aggregate",
          "Gather Merge",
          "Append"
        ],
        [
          "Seq Scan",
          "Hash Join",
          "Sort",
          "Aggregate",
          "Gather Merge",
          "Nested Loop",
          "Append"
        ],
        [
          "Seq Scan",
          "Hash",
          "Hash Join",
          "Sort",
          "Aggregate",
          "Gather Merge",
          "Nested Loop",
          "Append"
        ],
        [
          "Seq Scan",
          "Hash Join",
          "Sort",
          "Aggregate",
          "Gather Merge",
          "Subquery Scan",
          "Materialize",
          "Nested Loop",
          "Append"
        ],
        [
          "Seq Scan",
          "Hash",
          "Hash Join",
          "Sort",
          "Aggregate",
          "Gather Merge",
          "Subquery Scan",
          "Materialize",
          "Nested Loop",
          "Append"
        ],
        [
          "Seq Scan",
          "Hash Join",
          "Sort",
          "Merge Join",
          "Aggregate",
          "Gather Merge",
          "Append"
        ],
        [
          "Seq Scan",
          "Hash",
          "Hash Join",
          "Sort",
          "Merge Join",
          "Aggregate",
          "Gather Merge",
          "Append"
        ],
        [
          "Seq Scan",
          "Sort",
          "Merge Join",
          "Aggregate",
          "Gather Merge",
          "Append"
        ],
        [
          "Seq Scan",
          "Hash Join",
          "Sort",
          "Merge Join",
          "Aggregate",
          "Gather Merge",
          "Append"
        ],
        [
          "Seq Scan",
          "Hash",
          "Hash Join",
          "Sort",
          "Merge Join",
          "Aggregate",
          "Gather Merge",
          "Append"
        ],
        [
          "Seq Scan",
          "Sort",
          "Merge Join",
          "Aggregate",
          "Gather Merge",
          "Append"
        ]
      ],
      "index_shape": [],
      "physical_operator": {}
    }
  },
  {
    "query": "with ss as\n (select s_store_sk,\n         sum(ss_ext_sales_price) as sales,\n         sum(ss_net_profit) as profit\n from store_sales,\n      date_dim,\n      store\n where ss_sold_date_sk = d_date_sk\n       and d_date between cast('1999-08-14' as date) \n                  and (cast('1999-08-14' as date) +  interval '30 days') \n       and ss_store_sk = s_store_sk\n group by s_store_sk)\n ,\n sr as\n (select s_store_sk,\n         sum(sr_return_amt) as returns,\n         sum(sr_net_loss) as profit_loss\n from store_returns,\n      date_dim,\n      store\n where sr_returned_date_sk = d_date_sk\n       and d_date between cast('1999-08-14' as date)\n                  and (cast('1999-08-14' as date) +  interval '30 days')\n       and sr_store_sk = s_store_sk\n group by s_store_sk), \n cs as\n (select cs_call_center_sk,\n        sum(cs_ext_sales_price) as sales,\n        sum(cs_net_profit) as profit\n from catalog_sales,\n      date_dim\n where cs_sold_date_sk = d_date_sk\n       and d_date between cast('1999-08-14' as date)\n                  and (cast('1999-08-14' as date) +  interval '30 days')\n group by cs_call_center_sk \n ), \n cr as\n (select cr_call_center_sk,\n         sum(cr_return_amount) as returns,\n         sum(cr_net_loss) as profit_loss\n from catalog_returns,\n      date_dim\n where cr_returned_date_sk = d_date_sk\n       and d_date between cast('1999-08-14' as date)\n                  and (cast('1999-08-14' as date) +  interval '30 days')\n group by cr_call_center_sk\n ), \n ws as\n ( select wp_web_page_sk,\n        sum(ws_ext_sales_price) as sales,\n        sum(ws_net_profit) as profit\n from web_sales,\n      date_dim,\n      web_page\n where ws_sold_date_sk = d_date_sk\n       and d_date between cast('1999-08-14' as date)\n                  and (cast('1999-08-14' as date) +  interval '30 days')\n       and ws_web_page_sk = wp_web_page_sk\n group by wp_web_page_sk), \n wr as\n (select wp_web_page_sk,\n        sum(wr_return_amt) as returns,\n        sum(wr_net_loss) as profit_loss\n from web_returns,\n      date_dim,\n      web_page\n where wr_returned_date_sk = d_date_sk\n       and d_date between cast('1999-08-14' as date)\n                  and (cast('1999-08-14' as date) +  interval '30 days')\n       and wr_web_page_sk = wp_web_page_sk\n group by wp_web_page_sk)\n  select  channel\n        , id\n        , sum(sales) as sales\n        , sum(returns) as returns\n        , sum(profit) as profit\n from \n (select 'store channel' as channel\n        , ss.s_store_sk as id\n        , sales\n        , coalesce(returns, 0) as returns\n        , (profit - coalesce(profit_loss,0)) as profit\n from   ss left join sr\n        on  ss.s_store_sk = sr.s_store_sk\n union all\n select 'catalog channel' as channel\n        , cs_call_center_sk as id\n        , sales\n        , returns\n        , (profit - profit_loss) as profit\n from  cs\n       , cr\n union all\n select 'web channel' as channel\n        , ws.wp_web_page_sk as id\n        , sales\n        , coalesce(returns, 0) as returns\n        , (profit - coalesce(profit_loss,0)) as profit\n from   ws left join wr\n        on  ws.wp_web_page_sk = wr.wp_web_page_sk\n ) x\n group by rollup (channel, id)\n order by channel\n         ,id\n limit 100;\n\n-- end query 58 in stream 0 using template query77.tpl\n",
    "indexes": "store_sales.ss_net_profit",
    "wo plan est": {
      "Node Type": "Limit",
      "Parallel Aware": false,
      "Async Capable": false,
      "Startup Cost": 1505243.45,
      "Total Cost": 1505243.7,
      "Plan Rows": 100,
      "Plan Width": 132,
      "Plans": [
        {
          "Node Type": "Sort",
          "Parent Relationship": "Outer",
          "Parallel Aware": false,
          "Async Capable": false,
          "Startup Cost": 1505243.45,
          "Total Cost": 1505244.45,
          "Plan Rows": 401,
          "Plan Width": 132,
          "Sort Key": [
            "('store channel'::text)",
            "store.s_store_sk"
          ],
          "Plans": [
            {
              "Node Type": "Aggregate",
              "Strategy": "Mixed",
              "Partial Mode": "Simple",
              "Parent Relationship": "Outer",
              "Parallel Aware": false,
              "Async Capable": false,
              "Startup Cost": 752755.06,
              "Total Cost": 1505228.12,
              "Plan Rows": 401,
              "Plan Width": 132,
              "Grouping Sets": [
                {
                  "Hash Keys": [
                    [
                      "('store channel'::text)",
                      "store.s_store_sk"
                    ]
                  ]
                },
                {
                  "Hash Keys": [
                    [
                      "('store channel'::text)"
                    ]
                  ]
                },
                {
                  "Group Keys": [
                    []
                  ]
                }
              ],
              "Planned Partitions": 0,
              "Plans": [
                {
                  "Node Type": "Append",
                  "Parent Relationship": "Outer",
                  "Parallel Aware": false,
                  "Async Capable": false,
                  "Startup Cost": 752755.06,
                  "Total Cost": 1505194.76,
                  "Plan Rows": 878,
                  "Plan Width": 132,
                  "Subplans Removed": 0,
                  "Plans": [
                    {
                      "Node Type": "Merge Join",
                      "Parent Relationship": "Member",
                      "Parallel Aware": false,
                      "Async Capable": false,
                      "Join Type": "Left",
                      "Startup Cost": 752755.06,
                      "Total Cost": 752953.3,
                      "Plan Rows": 102,
                      "Plan Width": 132,
                      "Inner Unique": true,
                      "Merge Cond": "(store.s_store_sk = store_1.s_store_sk)",
                      "Plans": [
                        {
                          "Node Type": "Aggregate",
                          "Strategy": "Sorted",
                          "Partial Mode": "Finalize",
                          "Parent Relationship": "Outer",
                          "Parallel Aware": false,
                          "Async Capable": false,
                          "Startup Cost": 685291.07,
                          "Total Cost": 685443.67,
                          "Plan Rows": 102,
                          "Plan Width": 68,
                          "Group Key": [
                            "store.s_store_sk"
                          ],
                          "Plans": [
                            {
                              "Node Type": "Gather Merge",
                              "Parent Relationship": "Outer",
                              "Parallel Aware": false,
                              "Async Capable": false,
                              "Startup Cost": 685291.07,
                              "Total Cost": 685439.59,
                              "Plan Rows": 204,
                              "Plan Width": 68,
                              "Workers Planned": 2,
                              "Plans": [
                                {
                                  "Node Type": "Aggregate",
                                  "Strategy": "Sorted",
                                  "Partial Mode": "Partial",
                                  "Parent Relationship": "Outer",
                                  "Parallel Aware": false,
                                  "Async Capable": false,
                                  "Startup Cost": 684291.04,
                                  "Total Cost": 684416.02,
                                  "Plan Rows": 102,
                                  "Plan Width": 68,
                                  "Group Key": [
                                    "store.s_store_sk"
                                  ],
                                  "Plans": [
                                    {
                                      "Node Type": "Merge Join",
                                      "Parent Relationship": "Outer",
                                      "Parallel Aware": false,
                                      "Async Capable": false,
                                      "Join Type": "Inner",
                                      "Startup Cost": 684291.04,
                                      "Total Cost": 684380.82,
                                      "Plan Rows": 4489,
                                      "Plan Width": 16,
                                      "Inner Unique": false,
                                      "Merge Cond": "(store_sales.ss_store_sk = store.s_store_sk)",
                                      "Plans": [
                                        {
                                          "Node Type": "Sort",
                                          "Parent Relationship": "Outer",
                                          "Parallel Aware": false,
                                          "Async Capable": false,
                                          "Startup Cost": 684281.62,
                                          "Total Cost": 684293.38,
                                          "Plan Rows": 4703,
                                          "Plan Width": 16,
                                          "Sort Key": [
                                            "store_sales.ss_store_sk"
                                          ],
                                          "Plans": [
                                            {
                                              "Node Type": "Hash Join",
                                              "Parent Relationship": "Outer",
                                              "Parallel Aware": true,
                                              "Async Capable": false,
                                              "Join Type": "Inner",
                                              "Startup Cost": 2049.78,
                                              "Total Cost": 683994.75,
                                              "Plan Rows": 4703,
                                              "Plan Width": 16,
                                              "Inner Unique": false,
                                              "Hash Cond": "(store_sales.ss_sold_date_sk = date_dim.d_date_sk)",
                                              "Plans": [
                                                {
                                                  "Node Type": "Seq Scan",
                                                  "Parent Relationship": "Outer",
                                                  "Parallel Aware": true,
                                                  "Async Capable": false,
                                                  "Relation Name": "store_sales",
                                                  "Alias": "store_sales",
                                                  "Startup Cost": 0.0,
                                                  "Total Cost": 636914.37,
                                                  "Plan Rows": 12000637,
                                                  "Plan Width": 20,
                                                  "parent": 10,
                                                  "ID": 11
                                                },
                                                {
                                                  "Node Type": "Hash",
                                                  "Parent Relationship": "Inner",
                                                  "Parallel Aware": true,
                                                  "Async Capable": false,
                                                  "Startup Cost": 2049.55,
                                                  "Total Cost": 2049.55,
                                                  "Plan Rows": 18,
                                                  "Plan Width": 4,
                                                  "Plans": [
                                                    {
                                                      "Node Type": "Seq Scan",
                                                      "Parent Relationship": "Outer",
                                                      "Parallel Aware": true,
                                                      "Async Capable": false,
                                                      "Relation Name": "date_dim",
                                                      "Alias": "date_dim",
                                                      "Startup Cost": 0.0,
                                                      "Total Cost": 2049.55,
                                                      "Plan Rows": 18,
                                                      "Plan Width": 4,
                                                      "Filter": "((d_date >= '1999-08-14'::date) AND (d_date <= '1999-09-13 00:00:00'::timestamp without time zone))",
                                                      "parent": 12,
                                                      "ID": 13
                                                    }
                                                  ],
                                                  "parent": 10,
                                                  "ID": 12,
                                                  "left": 13
                                                }
                                              ],
                                              "parent": 9,
                                              "ID": 10,
                                              "left": 11,
                                              "right": 12
                                            }
                                          ],
                                          "parent": 8,
                                          "ID": 9,
                                          "left": 10
                                        },
                                        {
                                          "Node Type": "Sort",
                                          "Parent Relationship": "Inner",
                                          "Parallel Aware": false,
                                          "Async Capable": false,
                                          "Startup Cost": 9.42,
                                          "Total Cost": 9.68,
                                          "Plan Rows": 102,
                                          "Plan Width": 4,
                                          "Sort Key": [
                                            "store.s_store_sk"
                                          ],
                                          "Plans": [
                                            {
                                              "Node Type": "Seq Scan",
                                              "Parent Relationship": "Outer",
                                              "Parallel Aware": false,
                                              "Async Capable": false,
                                              "Relation Name": "store",
                                              "Alias": "store",
                                              "Startup Cost": 0.0,
                                              "Total Cost": 6.02,
                                              "Plan Rows": 102,
                                              "Plan Width": 4,
                                              "parent": 14,
                                              "ID": 15
                                            }
                                          ],
                                          "parent": 8,
                                          "ID": 14,
                                          "left": 15
                                        }
                                      ],
                                      "parent": 7,
                                      "ID": 8,
                                      "left": 9,
                                      "right": 14
                                    }
                                  ],
                                  "parent": 6,
                                  "ID": 7,
                                  "left": 8
                                }
                              ],
                              "parent": 5,
                              "ID": 6,
                              "left": 7
                            }
                          ],
                          "parent": 4,
                          "ID": 5,
                          "left": 6
                        },
                        {
                          "Node Type": "Aggregate",
                          "Strategy": "Sorted",
                          "Partial Mode": "Finalize",
                          "Parent Relationship": "Inner",
                          "Parallel Aware": false,
                          "Async Capable": false,
                          "Startup Cost": 67464.0,
                          "Total Cost": 67505.8,
                          "Plan Rows": 102,
                          "Plan Width": 68,
                          "Group Key": [
                            "store_1.s_store_sk"
                          ],
                          "Plans": [
                            {
                              "Node Type": "Gather Merge",
                              "Parent Relationship": "Outer",
                              "Parallel Aware": false,
                              "Async Capable": false,
                              "Startup Cost": 67464.0,
                              "Total Cost": 67501.72,
                              "Plan Rows": 204,
                              "Plan Width": 68,
                              "Workers Planned": 2,
                              "Plans": [
                                {
                                  "Node Type": "Aggregate",
                                  "Strategy": "Sorted",
                                  "Partial Mode": "Partial",
                                  "Parent Relationship": "Outer",
                                  "Parallel Aware": false,
                                  "Async Capable": false,
                                  "Startup Cost": 66463.97,
                                  "Total Cost": 66478.15,
                                  "Plan Rows": 102,
                                  "Plan Width": 68,
                                  "Group Key": [
                                    "store_1.s_store_sk"
                                  ],
                                  "Plans": [
                                    {
                                      "Node Type": "Merge Join",
                                      "Parent Relationship": "Outer",
                                      "Parallel Aware": false,
                                      "Async Capable": false,
                                      "Join Type": "Inner",
                                      "Startup Cost": 66463.97,
                                      "Total Cost": 66473.17,
                                      "Plan Rows": 460,
                                      "Plan Width": 16,
                                      "Inner Unique": false,
                                      "Merge Cond": "(store_returns.sr_store_sk = store_1.s_store_sk)",
                                      "Plans": [
                                        {
                                          "Node Type": "Sort",
                                          "Parent Relationship": "Outer",
                                          "Parallel Aware": false,
                                          "Async Capable": false,
                                          "Startup Cost": 66454.55,
                                          "Total Cost": 66455.74,
                                          "Plan Rows": 476,
                                          "Plan Width": 16,
                                          "Sort Key": [
                                            "store_returns.sr_store_sk"
                                          ],
                                          "Plans": [
                                            {
                                              "Node Type": "Hash Join",
                                              "Parent Relationship": "Outer",
                                              "Parallel Aware": true,
                                              "Async Capable": false,
                                              "Join Type": "Inner",
                                              "Startup Cost": 2049.78,
                                              "Total Cost": 66433.38,
                                              "Plan Rows": 476,
                                              "Plan Width": 16,
                                              "Inner Unique": false,
                                              "Hash Cond": "(store_returns.sr_returned_date_sk = date_dim_1.d_date_sk)",
                                              "Plans": [
                                                {
                                                  "Node Type": "Seq Scan",
                                                  "Parent Relationship": "Outer",
                                                  "Parallel Aware": true,
                                                  "Async Capable": false,
                                                  "Relation Name": "store_returns",
                                                  "Alias": "store_returns",
                                                  "Startup Cost": 0.0,
                                                  "Total Cost": 59887.64,
                                                  "Plan Rows": 1198164,
                                                  "Plan Width": 20,
                                                  "parent": 21,
                                                  "ID": 22
                                                },
                                                {
                                                  "Node Type": "Hash",
                                                  "Parent Relationship": "Inner",
                                                  "Parallel Aware": true,
                                                  "Async Capable": false,
                                                  "Startup Cost": 2049.55,
                                                  "Total Cost": 2049.55,
                                                  "Plan Rows": 18,
                                                  "Plan Width": 4,
                                                  "Plans": [
                                                    {
                                                      "Node Type": "Seq Scan",
                                                      "Parent Relationship": "Outer",
                                                      "Parallel Aware": true,
                                                      "Async Capable": false,
                                                      "Relation Name": "date_dim",
                                                      "Alias": "date_dim_1",
                                                      "Startup Cost": 0.0,
                                                      "Total Cost": 2049.55,
                                                      "Plan Rows": 18,
                                                      "Plan Width": 4,
                                                      "Filter": "((d_date >= '1999-08-14'::date) AND (d_date <= '1999-09-13 00:00:00'::timestamp without time zone))",
                                                      "parent": 23,
                                                      "ID": 24
                                                    }
                                                  ],
                                                  "parent": 21,
                                                  "ID": 23,
                                                  "left": 24
                                                }
                                              ],
                                              "parent": 20,
                                              "ID": 21,
                                              "left": 22,
                                              "right": 23
                                            }
                                          ],
                                          "parent": 19,
                                          "ID": 20,
                                          "left": 21
                                        },
                                        {
                                          "Node Type": "Sort",
                                          "Parent Relationship": "Inner",
                                          "Parallel Aware": false,
                                          "Async Capable": false,
                                          "Startup Cost": 9.42,
                                          "Total Cost": 9.68,
                                          "Plan Rows": 102,
                                          "Plan Width": 4,
                                          "Sort Key": [
                                            "store_1.s_store_sk"
                                          ],
                                          "Plans": [
                                            {
                                              "Node Type": "Seq Scan",
                                              "Parent Relationship": "Outer",
                                              "Parallel Aware": false,
                                              "Async Capable": false,
                                              "Relation Name": "store",
                                              "Alias": "store_1",
                                              "Startup Cost": 0.0,
                                              "Total Cost": 6.02,
                                              "Plan Rows": 102,
                                              "Plan Width": 4,
                                              "parent": 25,
                                              "ID": 26
                                            }
                                          ],
                                          "parent": 19,
                                          "ID": 25,
                                          "left": 26
                                        }
                                      ],
                                      "parent": 18,
                                      "ID": 19,
                                      "left": 20,
                                      "right": 25
                                    }
                                  ],
                                  "parent": 17,
                                  "ID": 18,
                                  "left": 19
                                }
                              ],
                              "parent": 16,
                              "ID": 17,
                              "left": 18
                            }
                          ],
                          "parent": 4,
                          "ID": 16,
                          "left": 17
                        }
                      ],
                      "parent": 3,
                      "ID": 4,
                      "left": 5,
                      "right": 16
                    },
                    {
                      "Node Type": "Nested Loop",
                      "Parent Relationship": "Member",
                      "Parallel Aware": false,
                      "Async Capable": false,
                      "Join Type": "Inner",
                      "Startup Cost": 499452.25,
                      "Total Cost": 499502.11,
                      "Plan Rows": 576,
                      "Plan Width": 132,
                      "Inner Unique": false,
                      "Plans": [
                        {
                          "Node Type": "Aggregate",
                          "Strategy": "Sorted",
                          "Partial Mode": "Finalize",
                          "Parent Relationship": "Outer",
                          "Parallel Aware": false,
                          "Async Capable": false,
                          "Startup Cost": 459392.64,
                          "Total Cost": 459424.0,
                          "Plan Rows": 24,
                          "Plan Width": 68,
                          "Group Key": [
                            "catalog_sales.cs_call_center_sk"
                          ],
                          "Plans": [
                            {
                              "Node Type": "Gather Merge",
                              "Parent Relationship": "Outer",
                              "Parallel Aware": false,
                              "Async Capable": false,
                              "Startup Cost": 459392.64,
                              "Total Cost": 459423.04,
                              "Plan Rows": 48,
                              "Plan Width": 68,
                              "Workers Planned": 2,
                              "Plans": [
                                {
                                  "Node Type": "Aggregate",
                                  "Strategy": "Sorted",
                                  "Partial Mode": "Partial",
                                  "Parent Relationship": "Outer",
                                  "Parallel Aware": false,
                                  "Async Capable": false,
                                  "Startup Cost": 458392.62,
                                  "Total Cost": 458417.48,
                                  "Plan Rows": 24,
                                  "Plan Width": 68,
                                  "Group Key": [
                                    "catalog_sales.cs_call_center_sk"
                                  ],
                                  "Plans": [
                                    {
                                      "Node Type": "Sort",
                                      "Parent Relationship": "Outer",
                                      "Parallel Aware": false,
                                      "Async Capable": false,
                                      "Startup Cost": 458392.62,
                                      "Total Cost": 458398.74,
                                      "Plan Rows": 2450,
                                      "Plan Width": 16,
                                      "Sort Key": [
                                        "catalog_sales.cs_call_center_sk"
                                      ],
                                      "Plans": [
                                        {
                                          "Node Type": "Hash Join",
                                          "Parent Relationship": "Outer",
                                          "Parallel Aware": true,
                                          "Async Capable": false,
                                          "Join Type": "Inner",
                                          "Startup Cost": 2049.78,
                                          "Total Cost": 458254.7,
                                          "Plan Rows": 2450,
                                          "Plan Width": 16,
                                          "Inner Unique": false,
                                          "Hash Cond": "(catalog_sales.cs_sold_date_sk = date_dim_2.d_date_sk)",
                                          "Plans": [
                                            {
                                              "Node Type": "Seq Scan",
                                              "Parent Relationship": "Outer",
                                              "Parallel Aware": true,
                                              "Async Capable": false,
                                              "Relation Name": "catalog_sales",
                                              "Alias": "catalog_sales",
                                              "Startup Cost": 0.0,
                                              "Total Cost": 433688.25,
                                              "Plan Rows": 6000525,
                                              "Plan Width": 20,
                                              "parent": 32,
                                              "ID": 33
                                            },
                                            {
                                              "Node Type": "Hash",
                                              "Parent Relationship": "Inner",
                                              "Parallel Aware": true,
                                              "Async Capable": false,
                                              "Startup Cost": 2049.55,
                                              "Total Cost": 2049.55,
                                              "Plan Rows": 18,
                                              "Plan Width": 4,
                                              "Plans": [
                                                {
                                                  "Node Type": "Seq Scan",
                                                  "Parent Relationship": "Outer",
                                                  "Parallel Aware": true,
                                                  "Async Capable": false,
                                                  "Relation Name": "date_dim",
                                                  "Alias": "date_dim_2",
                                                  "Startup Cost": 0.0,
                                                  "Total Cost": 2049.55,
                                                  "Plan Rows": 18,
                                                  "Plan Width": 4,
                                                  "Filter": "((d_date >= '1999-08-14'::date) AND (d_date <= '1999-09-13 00:00:00'::timestamp without time zone))",
                                                  "parent": 34,
                                                  "ID": 35
                                                }
                                              ],
                                              "parent": 32,
                                              "ID": 34,
                                              "left": 35
                                            }
                                          ],
                                          "parent": 31,
                                          "ID": 32,
                                          "left": 33,
                                          "right": 34
                                        }
                                      ],
                                      "parent": 30,
                                      "ID": 31,
                                      "left": 32
                                    }
                                  ],
                                  "parent": 29,
                                  "ID": 30,
                                  "left": 31
                                }
                              ],
                              "parent": 28,
                              "ID": 29,
                              "left": 30
                            }
                          ],
                          "parent": 27,
                          "ID": 28,
                          "left": 29
                        },
                        {
                          "Node Type": "Materialize",
                          "Parent Relationship": "Inner",
                          "Parallel Aware": false,
                          "Async Capable": false,
                          "Startup Cost": 40059.61,
                          "Total Cost": 40069.29,
                          "Plan Rows": 24,
                          "Plan Width": 64,
                          "Plans": [
                            {
                              "Node Type": "Subquery Scan",
                              "Parent Relationship": "Outer",
                              "Parallel Aware": false,
                              "Async Capable": false,
                              "Alias": "cr",
                              "Startup Cost": 40059.61,
                              "Total Cost": 40069.17,
                              "Plan Rows": 24,
                              "Plan Width": 64,
                              "Plans": [
                                {
                                  "Node Type": "Aggregate",
                                  "Strategy": "Sorted",
                                  "Partial Mode": "Finalize",
                                  "Parent Relationship": "Subquery",
                                  "Parallel Aware": false,
                                  "Async Capable": false,
                                  "Startup Cost": 40059.61,
                                  "Total Cost": 40068.93,
                                  "Plan Rows": 24,
                                  "Plan Width": 68,
                                  "Group Key": [
                                    "catalog_returns.cr_call_center_sk"
                                  ],
                                  "Plans": [
                                    {
                                      "Node Type": "Gather Merge",
                                      "Parent Relationship": "Outer",
                                      "Parallel Aware": false,
                                      "Async Capable": false,
                                      "Startup Cost": 40059.61,
                                      "Total Cost": 40067.97,
                                      "Plan Rows": 48,
                                      "Plan Width": 68,
                                      "Workers Planned": 2,
                                      "Plans": [
                                        {
                                          "Node Type": "Aggregate",
                                          "Strategy": "Sorted",
                                          "Partial Mode": "Partial",
                                          "Parent Relationship": "Outer",
                                          "Parallel Aware": false,
                                          "Async Capable": false,
                                          "Startup Cost": 39059.58,
                                          "Total Cost": 39062.4,
                                          "Plan Rows": 24,
                                          "Plan Width": 68,
                                          "Group Key": [
                                            "catalog_returns.cr_call_center_sk"
                                          ],
                                          "Plans": [
                                            {
                                              "Node Type": "Sort",
                                              "Parent Relationship": "Outer",
                                              "Parallel Aware": false,
                                              "Async Capable": false,
                                              "Startup Cost": 39059.58,
                                              "Total Cost": 39060.2,
                                              "Plan Rows": 246,
                                              "Plan Width": 16,
                                              "Sort Key": [
                                                "catalog_returns.cr_call_center_sk"
                                              ],
                                              "Plans": [
                                                {
                                                  "Node Type": "Hash Join",
                                                  "Parent Relationship": "Outer",
                                                  "Parallel Aware": true,
                                                  "Async Capable": false,
                                                  "Join Type": "Inner",
                                                  "Startup Cost": 2049.78,
                                                  "Total Cost": 39049.82,
                                                  "Plan Rows": 246,
                                                  "Plan Width": 16,
                                                  "Inner Unique": false,
                                                  "Hash Cond": "(catalog_returns.cr_returned_date_sk = date_dim_3.d_date_sk)",
                                                  "Plans": [
                                                    {
                                                      "Node Type": "Seq Scan",
                                                      "Parent Relationship": "Outer",
                                                      "Parallel Aware": true,
                                                      "Async Capable": false,
                                                      "Relation Name": "catalog_returns",
                                                      "Alias": "catalog_returns",
                                                      "Startup Cost": 0.0,
                                                      "Total Cost": 34748.95,
                                                      "Plan Rows": 599895,
                                                      "Plan Width": 20,
                                                      "parent": 42,
                                                      "ID": 43
                                                    },
                                                    {
                                                      "Node Type": "Hash",
                                                      "Parent Relationship": "Inner",
                                                      "Parallel Aware": true,
                                                      "Async Capable": false,
                                                      "Startup Cost": 2049.55,
                                                      "Total Cost": 2049.55,
                                                      "Plan Rows": 18,
                                                      "Plan Width": 4,
                                                      "Plans": [
                                                        {
                                                          "Node Type": "Seq Scan",
                                                          "Parent Relationship": "Outer",
                                                          "Parallel Aware": true,
                                                          "Async Capable": false,
                                                          "Relation Name": "date_dim",
                                                          "Alias": "date_dim_3",
                                                          "Startup Cost": 0.0,
                                                          "Total Cost": 2049.55,
                                                          "Plan Rows": 18,
                                                          "Plan Width": 4,
                                                          "Filter": "((d_date >= '1999-08-14'::date) AND (d_date <= '1999-09-13 00:00:00'::timestamp without time zone))",
                                                          "parent": 44,
                                                          "ID": 45
                                                        }
                                                      ],
                                                      "parent": 42,
                                                      "ID": 44,
                                                      "left": 45
                                                    }
                                                  ],
                                                  "parent": 41,
                                                  "ID": 42,
                                                  "left": 43,
                                                  "right": 44
                                                }
                                              ],
                                              "parent": 40,
                                              "ID": 41,
                                              "left": 42
                                            }
                                          ],
                                          "parent": 39,
                                          "ID": 40,
                                          "left": 41
                                        }
                                      ],
                                      "parent": 38,
                                      "ID": 39,
                                      "left": 40
                                    }
                                  ],
                                  "parent": 37,
                                  "ID": 38,
                                  "left": 39
                                }
                              ],
                              "parent": 36,
                              "ID": 37,
                              "left": 38
                            }
                          ],
                          "parent": 27,
                          "ID": 36,
                          "left": 37
                        }
                      ],
                      "parent": 3,
                      "ID": 27,
                      "left": 28,
                      "right": 36
                    },
                    {
                      "Node Type": "Merge Join",
                      "Parent Relationship": "Member",
                      "Parallel Aware": false,
                      "Async Capable": false,
                      "Join Type": "Left",
                      "Startup Cost": 252590.79,
                      "Total Cost": 252726.18,
                      "Plan Rows": 200,
                      "Plan Width": 132,
                      "Inner Unique": true,
                      "Merge Cond": "(web_page.wp_web_page_sk = web_page_1.wp_web_page_sk)",
                      "Plans": [
                        {
                          "Node Type": "Aggregate",
                          "Strategy": "Sorted",
                          "Partial Mode": "Finalize",
                          "Parent Relationship": "Outer",
                          "Parallel Aware": false,
                          "Async Capable": false,
                          "Startup Cost": 232119.07,
                          "Total Cost": 232210.1,
                          "Plan Rows": 200,
                          "Plan Width": 68,
                          "Group Key": [
                            "web_page.wp_web_page_sk"
                          ],
                          "Plans": [
                            {
                              "Node Type": "Gather Merge",
                              "Parent Relationship": "Outer",
                              "Parallel Aware": false,
                              "Async Capable": false,
                              "Startup Cost": 232119.07,
                              "Total Cost": 232202.1,
                              "Plan Rows": 400,
                              "Plan Width": 68,
                              "Workers Planned": 2,
                              "Plans": [
                                {
                                  "Node Type": "Aggregate",
                                  "Strategy": "Sorted",
                                  "Partial Mode": "Partial",
                                  "Parent Relationship": "Outer",
                                  "Parallel Aware": false,
                                  "Async Capable": false,
                                  "Startup Cost": 231119.05,
                                  "Total Cost": 231155.9,
                                  "Plan Rows": 200,
                                  "Plan Width": 68,
                                  "Group Key": [
                                    "web_page.wp_web_page_sk"
                                  ],
                                  "Plans": [
                                    {
                                      "Node Type": "Merge Join",
                                      "Parent Relationship": "Outer",
                                      "Parallel Aware": false,
                                      "Async Capable": false,
                                      "Join Type": "Inner",
                                      "Startup Cost": 231119.05,
                                      "Total Cost": 231143.67,
                                      "Plan Rows": 1231,
                                      "Plan Width": 16,
                                      "Inner Unique": false,
                                      "Merge Cond": "(web_sales.ws_web_page_sk = web_page.wp_web_page_sk)",
                                      "Plans": [
                                        {
                                          "Node Type": "Sort",
                                          "Parent Relationship": "Outer",
                                          "Parallel Aware": false,
                                          "Async Capable": false,
                                          "Startup Cost": 231104.41,
                                          "Total Cost": 231107.48,
                                          "Plan Rows": 1231,
                                          "Plan Width": 16,
                                          "Sort Key": [
                                            "web_sales.ws_web_page_sk"
                                          ],
                                          "Plans": [
                                            {
                                              "Node Type": "Hash Join",
                                              "Parent Relationship": "Outer",
                                              "Parallel Aware": true,
                                              "Async Capable": false,
                                              "Join Type": "Inner",
                                              "Startup Cost": 2049.78,
                                              "Total Cost": 231041.22,
                                              "Plan Rows": 1231,
                                              "Plan Width": 16,
                                              "Inner Unique": false,
                                              "Hash Cond": "(web_sales.ws_sold_date_sk = date_dim_4.d_date_sk)",
                                              "Plans": [
                                                {
                                                  "Node Type": "Seq Scan",
                                                  "Parent Relationship": "Outer",
                                                  "Parallel Aware": true,
                                                  "Async Capable": false,
                                                  "Relation Name": "web_sales",
                                                  "Alias": "web_sales",
                                                  "Startup Cost": 0.0,
                                                  "Total Cost": 217737.86,
                                                  "Plan Rows": 2998986,
                                                  "Plan Width": 20,
                                                  "parent": 52,
                                                  "ID": 53
                                                },
                                                {
                                                  "Node Type": "Hash",
                                                  "Parent Relationship": "Inner",
                                                  "Parallel Aware": true,
                                                  "Async Capable": false,
                                                  "Startup Cost": 2049.55,
                                                  "Total Cost": 2049.55,
                                                  "Plan Rows": 18,
                                                  "Plan Width": 4,
                                                  "Plans": [
                                                    {
                                                      "Node Type": "Seq Scan",
                                                      "Parent Relationship": "Outer",
                                                      "Parallel Aware": true,
                                                      "Async Capable": false,
                                                      "Relation Name": "date_dim",
                                                      "Alias": "date_dim_4",
                                                      "Startup Cost": 0.0,
                                                      "Total Cost": 2049.55,
                                                      "Plan Rows": 18,
                                                      "Plan Width": 4,
                                                      "Filter": "((d_date >= '1999-08-14'::date) AND (d_date <= '1999-09-13 00:00:00'::timestamp without time zone))",
                                                      "parent": 54,
                                                      "ID": 55
                                                    }
                                                  ],
                                                  "parent": 52,
                                                  "ID": 54,
                                                  "left": 55
                                                }
                                              ],
                                              "parent": 51,
                                              "ID": 52,
                                              "left": 53,
                                              "right": 54
                                            }
                                          ],
                                          "parent": 50,
                                          "ID": 51,
                                          "left": 52
                                        },
                                        {
                                          "Node Type": "Sort",
                                          "Parent Relationship": "Inner",
                                          "Parallel Aware": false,
                                          "Async Capable": false,
                                          "Startup Cost": 14.64,
                                          "Total Cost": 15.14,
                                          "Plan Rows": 200,
                                          "Plan Width": 4,
                                          "Sort Key": [
                                            "web_page.wp_web_page_sk"
                                          ],
                                          "Plans": [
                                            {
                                              "Node Type": "Seq Scan",
                                              "Parent Relationship": "Outer",
                                              "Parallel Aware": false,
                                              "Async Capable": false,
                                              "Relation Name": "web_page",
                                              "Alias": "web_page",
                                              "Startup Cost": 0.0,
                                              "Total Cost": 7.0,
                                              "Plan Rows": 200,
                                              "Plan Width": 4,
                                              "parent": 56,
                                              "ID": 57
                                            }
                                          ],
                                          "parent": 50,
                                          "ID": 56,
                                          "left": 57
                                        }
                                      ],
                                      "parent": 49,
                                      "ID": 50,
                                      "left": 51,
                                      "right": 56
                                    }
                                  ],
                                  "parent": 48,
                                  "ID": 49,
                                  "left": 50
                                }
                              ],
                              "parent": 47,
                              "ID": 48,
                              "left": 49
                            }
                          ],
                          "parent": 46,
                          "ID": 47,
                          "left": 48
                        },
                        {
                          "Node Type": "Aggregate",
                          "Strategy": "Sorted",
                          "Partial Mode": "Finalize",
                          "Parent Relationship": "Inner",
                          "Parallel Aware": false,
                          "Async Capable": false,
                          "Startup Cost": 20471.72,
                          "Total Cost": 20508.59,
                          "Plan Rows": 200,
                          "Plan Width": 68,
                          "Group Key": [
                            "web_page_1.wp_web_page_sk"
                          ],
                          "Plans": [
                            {
                              "Node Type": "Gather Merge",
                              "Parent Relationship": "Outer",
                              "Parallel Aware": false,
                              "Async Capable": false,
                              "Startup Cost": 20471.72,
                              "Total Cost": 20502.79,
                              "Plan Rows": 224,
                              "Plan Width": 68,
                              "Workers Planned": 2,
                              "Plans": [
                                {
                                  "Node Type": "Aggregate",
                                  "Strategy": "Sorted",
                                  "Partial Mode": "Partial",
                                  "Parent Relationship": "Outer",
                                  "Parallel Aware": false,
                                  "Async Capable": false,
                                  "Startup Cost": 19471.69,
                                  "Total Cost": 19476.91,
                                  "Plan Rows": 112,
                                  "Plan Width": 68,
                                  "Group Key": [
                                    "web_page_1.wp_web_page_sk"
                                  ],
                                  "Plans": [
                                    {
                                      "Node Type": "Merge Join",
                                      "Parent Relationship": "Outer",
                                      "Parallel Aware": false,
                                      "Async Capable": false,
                                      "Join Type": "Inner",
                                      "Startup Cost": 19471.69,
                                      "Total Cost": 19474.39,
                                      "Plan Rows": 112,
                                      "Plan Width": 16,
                                      "Inner Unique": false,
                                      "Merge Cond": "(web_returns.wr_web_page_sk = web_page_1.wp_web_page_sk)",
                                      "Plans": [
                                        {
                                          "Node Type": "Sort",
                                          "Parent Relationship": "Outer",
                                          "Parallel Aware": false,
                                          "Async Capable": false,
                                          "Startup Cost": 19457.05,
                                          "Total Cost": 19457.35,
                                          "Plan Rows": 118,
                                          "Plan Width": 16,
                                          "Sort Key": [
                                            "web_returns.wr_web_page_sk"
                                          ],
                                          "Plans": [
                                            {
                                              "Node Type": "Hash Join",
                                              "Parent Relationship": "Outer",
                                              "Parallel Aware": true,
                                              "Async Capable": false,
                                              "Join Type": "Inner",
                                              "Startup Cost": 2049.78,
                                              "Total Cost": 19452.99,
                                              "Plan Rows": 118,
                                              "Plan Width": 16,
                                              "Inner Unique": false,
                                              "Hash Cond": "(web_returns.wr_returned_date_sk = date_dim_5.d_date_sk)",
                                              "Plans": [
                                                {
                                                  "Node Type": "Seq Scan",
                                                  "Parent Relationship": "Outer",
                                                  "Parallel Aware": true,
                                                  "Async Capable": false,
                                                  "Relation Name": "web_returns",
                                                  "Alias": "web_returns",
                                                  "Startup Cost": 0.0,
                                                  "Total Cost": 16278.74,
                                                  "Plan Rows": 299674,
                                                  "Plan Width": 20,
                                                  "parent": 63,
                                                  "ID": 64
                                                },
                                                {
                                                  "Node Type": "Hash",
                                                  "Parent Relationship": "Inner",
                                                  "Parallel Aware": true,
                                                  "Async Capable": false,
                                                  "Startup Cost": 2049.55,
                                                  "Total Cost": 2049.55,
                                                  "Plan Rows": 18,
                                                  "Plan Width": 4,
                                                  "Plans": [
                                                    {
                                                      "Node Type": "Seq Scan",
                                                      "Parent Relationship": "Outer",
                                                      "Parallel Aware": true,
                                                      "Async Capable": false,
                                                      "Relation Name": "date_dim",
                                                      "Alias": "date_dim_5",
                                                      "Startup Cost": 0.0,
                                                      "Total Cost": 2049.55,
                                                      "Plan Rows": 18,
                                                      "Plan Width": 4,
                                                      "Filter": "((d_date >= '1999-08-14'::date) AND (d_date <= '1999-09-13 00:00:00'::timestamp without time zone))",
                                                      "parent": 65,
                                                      "ID": 66
                                                    }
                                                  ],
                                                  "parent": 63,
                                                  "ID": 65,
                                                  "left": 66
                                                }
                                              ],
                                              "parent": 62,
                                              "ID": 63,
                                              "left": 64,
                                              "right": 65
                                            }
                                          ],
                                          "parent": 61,
                                          "ID": 62,
                                          "left": 63
                                        },
                                        {
                                          "Node Type": "Sort",
                                          "Parent Relationship": "Inner",
                                          "Parallel Aware": false,
                                          "Async Capable": false,
                                          "Startup Cost": 14.64,
                                          "Total Cost": 15.14,
                                          "Plan Rows": 200,
                                          "Plan Width": 4,
                                          "Sort Key": [
                                            "web_page_1.wp_web_page_sk"
                                          ],
                                          "Plans": [
                                            {
                                              "Node Type": "Seq Scan",
                                              "Parent Relationship": "Outer",
                                              "Parallel Aware": false,
                                              "Async Capable": false,
                                              "Relation Name": "web_page",
                                              "Alias": "web_page_1",
                                              "Startup Cost": 0.0,
                                              "Total Cost": 7.0,
                                              "Plan Rows": 200,
                                              "Plan Width": 4,
                                              "parent": 67,
                                              "ID": 68
                                            }
                                          ],
                                          "parent": 61,
                                          "ID": 67,
                                          "left": 68
                                        }
                                      ],
                                      "parent": 60,
                                      "ID": 61,
                                      "left": 62,
                                      "right": 67
                                    }
                                  ],
                                  "parent": 59,
                                  "ID": 60,
                                  "left": 61
                                }
                              ],
                              "parent": 58,
                              "ID": 59,
                              "left": 60
                            }
                          ],
                          "parent": 46,
                          "ID": 58,
                          "left": 59
                        }
                      ],
                      "parent": 3,
                      "ID": 46,
                      "left": 47,
                      "right": 58
                    }
                  ],
                  "parent": 2,
                  "ID": 3,
                  "left": 4,
                  "right": 27
                }
              ],
              "parent": 1,
              "ID": 2,
              "left": 3
            }
          ],
          "parent": 0,
          "ID": 1,
          "left": 2
        }
      ],
      "parent": null,
      "ID": 0,
      "left": 1
    },
    "feat": {
      "utility": 0.0,
      "query_shape": [
        [
          "Seq Scan",
          "Hash Join",
          "Sort",
          "Merge Join",
          "Aggregate",
          "Gather Merge",
          "Append"
        ],
        [
          "Seq Scan",
          "Hash",
          "Hash Join",
          "Sort",
          "Merge Join",
          "Aggregate",
          "Gather Merge",
          "Append"
        ],
        [
          "Seq Scan",
          "Sort",
          "Merge Join",
          "Aggregate",
          "Gather Merge",
          "Append"
        ],
        [
          "Seq Scan",
          "Hash Join",
          "Sort",
          "Merge Join",
          "Aggregate",
          "Gather Merge",
          "Append"
        ],
        [
          "Seq Scan",
          "Hash",
          "Hash Join",
          "Sort",
          "Merge Join",
          "Aggregate",
          "Gather Merge",
          "Append"
        ],
        [
          "Seq Scan",
          "Sort",
          "Merge Join",
          "Aggregate",
          "Gather Merge",
          "Append"
        ],
        [
          "Seq Scan",
          "Hash Join",
          "Sort",
          "Aggregate",
          "Gather Merge",
          "Nested Loop",
          "Append"
        ],
        [
          "Seq Scan",
          "Hash",
          "Hash Join",
          "Sort",
          "Aggregate",
          "Gather Merge",
          "Nested Loop",
          "Append"
        ],
        [
          "Seq Scan",
          "Hash Join",
          "Sort",
          "Aggregate",
          "Gather Merge",
          "Subquery Scan",
          "Materialize",
          "Nested Loop",
          "Append"
        ],
        [
          "Seq Scan",
          "Hash",
          "Hash Join",
          "Sort",
          "Aggregate",
          "Gather Merge",
          "Subquery Scan",
          "Materialize",
          "Nested Loop",
          "Append"
        ],
        [
          "Seq Scan",
          "Hash Join",
          "Sort",
          "Merge Join",
          "Aggregate",
          "Gather Merge",
          "Append"
        ],
        [
          "Seq Scan",
          "Hash",
          "Hash Join",
          "Sort",
          "Merge Join",
          "Aggregate",
          "Gather Merge",
          "Append"
        ],
        [
          "Seq Scan",
          "Sort",
          "Merge Join",
          "Aggregate",
          "Gather Merge",
          "Append"
        ],
        [
          "Seq Scan",
          "Hash Join",
          "Sort",
          "Merge Join",
          "Aggregate",
          "Gather Merge",
          "Append"
        ],
        [
          "Seq Scan",
          "Hash",
          "Hash Join",
          "Sort",
          "Merge Join",
          "Aggregate",
          "Gather Merge",
          "Append"
        ],
        [
          "Seq Scan",
          "Sort",
          "Merge Join",
          "Aggregate",
          "Gather Merge",
          "Append"
        ]
      ],
      "index_shape": [],
      "physical_operator": {}
    }
  },
  {
    "query": "with ss as\n (select s_store_sk,\n         sum(ss_ext_sales_price) as sales,\n         sum(ss_net_profit) as profit\n from store_sales,\n      date_dim,\n      store\n where ss_sold_date_sk = d_date_sk\n       and d_date between cast('1999-08-14' as date) \n                  and (cast('1999-08-14' as date) +  interval '30 days') \n       and ss_store_sk = s_store_sk\n group by s_store_sk)\n ,\n sr as\n (select s_store_sk,\n         sum(sr_return_amt) as returns,\n         sum(sr_net_loss) as profit_loss\n from store_returns,\n      date_dim,\n      store\n where sr_returned_date_sk = d_date_sk\n       and d_date between cast('1999-08-14' as date)\n                  and (cast('1999-08-14' as date) +  interval '30 days')\n       and sr_store_sk = s_store_sk\n group by s_store_sk), \n cs as\n (select cs_call_center_sk,\n        sum(cs_ext_sales_price) as sales,\n        sum(cs_net_profit) as profit\n from catalog_sales,\n      date_dim\n where cs_sold_date_sk = d_date_sk\n       and d_date between cast('1999-08-14' as date)\n                  and (cast('1999-08-14' as date) +  interval '30 days')\n group by cs_call_center_sk \n ), \n cr as\n (select cr_call_center_sk,\n         sum(cr_return_amount) as returns,\n         sum(cr_net_loss) as profit_loss\n from catalog_returns,\n      date_dim\n where cr_returned_date_sk = d_date_sk\n       and d_date between cast('1999-08-14' as date)\n                  and (cast('1999-08-14' as date) +  interval '30 days')\n group by cr_call_center_sk\n ), \n ws as\n ( select wp_web_page_sk,\n        sum(ws_ext_sales_price) as sales,\n        sum(ws_net_profit) as profit\n from web_sales,\n      date_dim,\n      web_page\n where ws_sold_date_sk = d_date_sk\n       and d_date between cast('1999-08-14' as date)\n                  and (cast('1999-08-14' as date) +  interval '30 days')\n       and ws_web_page_sk = wp_web_page_sk\n group by wp_web_page_sk), \n wr as\n (select wp_web_page_sk,\n        sum(wr_return_amt) as returns,\n        sum(wr_net_loss) as profit_loss\n from web_returns,\n      date_dim,\n      web_page\n where wr_returned_date_sk = d_date_sk\n       and d_date between cast('1999-08-14' as date)\n                  and (cast('1999-08-14' as date) +  interval '30 days')\n       and wr_web_page_sk = wp_web_page_sk\n group by wp_web_page_sk)\n  select  channel\n        , id\n        , sum(sales) as sales\n        , sum(returns) as returns\n        , sum(profit) as profit\n from \n (select 'store channel' as channel\n        , ss.s_store_sk as id\n        , sales\n        , coalesce(returns, 0) as returns\n        , (profit - coalesce(profit_loss,0)) as profit\n from   ss left join sr\n        on  ss.s_store_sk = sr.s_store_sk\n union all\n select 'catalog channel' as channel\n        , cs_call_center_sk as id\n        , sales\n        , returns\n        , (profit - profit_loss) as profit\n from  cs\n       , cr\n union all\n select 'web channel' as channel\n        , ws.wp_web_page_sk as id\n        , sales\n        , coalesce(returns, 0) as returns\n        , (profit - coalesce(profit_loss,0)) as profit\n from   ws left join wr\n        on  ws.wp_web_page_sk = wr.wp_web_page_sk\n ) x\n group by rollup (channel, id)\n order by channel\n         ,id\n limit 100;\n\n-- end query 58 in stream 0 using template query77.tpl\n",
    "indexes": "web_returns.wr_returned_date_sk",
    "wo plan est": {
      "Node Type": "Limit",
      "Parallel Aware": false,
      "Async Capable": false,
      "Startup Cost": 1505243.45,
      "Total Cost": 1505243.7,
      "Plan Rows": 100,
      "Plan Width": 132,
      "Plans": [
        {
          "Node Type": "Sort",
          "Parent Relationship": "Outer",
          "Parallel Aware": false,
          "Async Capable": false,
          "Startup Cost": 1505243.45,
          "Total Cost": 1505244.45,
          "Plan Rows": 401,
          "Plan Width": 132,
          "Sort Key": [
            "('store channel'::text)",
            "store.s_store_sk"
          ],
          "Plans": [
            {
              "Node Type": "Aggregate",
              "Strategy": "Mixed",
              "Partial Mode": "Simple",
              "Parent Relationship": "Outer",
              "Parallel Aware": false,
              "Async Capable": false,
              "Startup Cost": 752755.06,
              "Total Cost": 1505228.12,
              "Plan Rows": 401,
              "Plan Width": 132,
              "Grouping Sets": [
                {
                  "Hash Keys": [
                    [
                      "('store channel'::text)",
                      "store.s_store_sk"
                    ]
                  ]
                },
                {
                  "Hash Keys": [
                    [
                      "('store channel'::text)"
                    ]
                  ]
                },
                {
                  "Group Keys": [
                    []
                  ]
                }
              ],
              "Planned Partitions": 0,
              "Plans": [
                {
                  "Node Type": "Append",
                  "Parent Relationship": "Outer",
                  "Parallel Aware": false,
                  "Async Capable": false,
                  "Startup Cost": 752755.06,
                  "Total Cost": 1505194.76,
                  "Plan Rows": 878,
                  "Plan Width": 132,
                  "Subplans Removed": 0,
                  "Plans": [
                    {
                      "Node Type": "Merge Join",
                      "Parent Relationship": "Member",
                      "Parallel Aware": false,
                      "Async Capable": false,
                      "Join Type": "Left",
                      "Startup Cost": 752755.06,
                      "Total Cost": 752953.3,
                      "Plan Rows": 102,
                      "Plan Width": 132,
                      "Inner Unique": true,
                      "Merge Cond": "(store.s_store_sk = store_1.s_store_sk)",
                      "Plans": [
                        {
                          "Node Type": "Aggregate",
                          "Strategy": "Sorted",
                          "Partial Mode": "Finalize",
                          "Parent Relationship": "Outer",
                          "Parallel Aware": false,
                          "Async Capable": false,
                          "Startup Cost": 685291.07,
                          "Total Cost": 685443.67,
                          "Plan Rows": 102,
                          "Plan Width": 68,
                          "Group Key": [
                            "store.s_store_sk"
                          ],
                          "Plans": [
                            {
                              "Node Type": "Gather Merge",
                              "Parent Relationship": "Outer",
                              "Parallel Aware": false,
                              "Async Capable": false,
                              "Startup Cost": 685291.07,
                              "Total Cost": 685439.59,
                              "Plan Rows": 204,
                              "Plan Width": 68,
                              "Workers Planned": 2,
                              "Plans": [
                                {
                                  "Node Type": "Aggregate",
                                  "Strategy": "Sorted",
                                  "Partial Mode": "Partial",
                                  "Parent Relationship": "Outer",
                                  "Parallel Aware": false,
                                  "Async Capable": false,
                                  "Startup Cost": 684291.04,
                                  "Total Cost": 684416.02,
                                  "Plan Rows": 102,
                                  "Plan Width": 68,
                                  "Group Key": [
                                    "store.s_store_sk"
                                  ],
                                  "Plans": [
                                    {
                                      "Node Type": "Merge Join",
                                      "Parent Relationship": "Outer",
                                      "Parallel Aware": false,
                                      "Async Capable": false,
                                      "Join Type": "Inner",
                                      "Startup Cost": 684291.04,
                                      "Total Cost": 684380.82,
                                      "Plan Rows": 4489,
                                      "Plan Width": 16,
                                      "Inner Unique": false,
                                      "Merge Cond": "(store_sales.ss_store_sk = store.s_store_sk)",
                                      "Plans": [
                                        {
                                          "Node Type": "Sort",
                                          "Parent Relationship": "Outer",
                                          "Parallel Aware": false,
                                          "Async Capable": false,
                                          "Startup Cost": 684281.62,
                                          "Total Cost": 684293.38,
                                          "Plan Rows": 4703,
                                          "Plan Width": 16,
                                          "Sort Key": [
                                            "store_sales.ss_store_sk"
                                          ],
                                          "Plans": [
                                            {
                                              "Node Type": "Hash Join",
                                              "Parent Relationship": "Outer",
                                              "Parallel Aware": true,
                                              "Async Capable": false,
                                              "Join Type": "Inner",
                                              "Startup Cost": 2049.78,
                                              "Total Cost": 683994.75,
                                              "Plan Rows": 4703,
                                              "Plan Width": 16,
                                              "Inner Unique": false,
                                              "Hash Cond": "(store_sales.ss_sold_date_sk = date_dim.d_date_sk)",
                                              "Plans": [
                                                {
                                                  "Node Type": "Seq Scan",
                                                  "Parent Relationship": "Outer",
                                                  "Parallel Aware": true,
                                                  "Async Capable": false,
                                                  "Relation Name": "store_sales",
                                                  "Alias": "store_sales",
                                                  "Startup Cost": 0.0,
                                                  "Total Cost": 636914.37,
                                                  "Plan Rows": 12000637,
                                                  "Plan Width": 20,
                                                  "parent": 10,
                                                  "ID": 11
                                                },
                                                {
                                                  "Node Type": "Hash",
                                                  "Parent Relationship": "Inner",
                                                  "Parallel Aware": true,
                                                  "Async Capable": false,
                                                  "Startup Cost": 2049.55,
                                                  "Total Cost": 2049.55,
                                                  "Plan Rows": 18,
                                                  "Plan Width": 4,
                                                  "Plans": [
                                                    {
                                                      "Node Type": "Seq Scan",
                                                      "Parent Relationship": "Outer",
                                                      "Parallel Aware": true,
                                                      "Async Capable": false,
                                                      "Relation Name": "date_dim",
                                                      "Alias": "date_dim",
                                                      "Startup Cost": 0.0,
                                                      "Total Cost": 2049.55,
                                                      "Plan Rows": 18,
                                                      "Plan Width": 4,
                                                      "Filter": "((d_date >= '1999-08-14'::date) AND (d_date <= '1999-09-13 00:00:00'::timestamp without time zone))",
                                                      "parent": 12,
                                                      "ID": 13
                                                    }
                                                  ],
                                                  "parent": 10,
                                                  "ID": 12,
                                                  "left": 13
                                                }
                                              ],
                                              "parent": 9,
                                              "ID": 10,
                                              "left": 11,
                                              "right": 12
                                            }
                                          ],
                                          "parent": 8,
                                          "ID": 9,
                                          "left": 10
                                        },
                                        {
                                          "Node Type": "Sort",
                                          "Parent Relationship": "Inner",
                                          "Parallel Aware": false,
                                          "Async Capable": false,
                                          "Startup Cost": 9.42,
                                          "Total Cost": 9.68,
                                          "Plan Rows": 102,
                                          "Plan Width": 4,
                                          "Sort Key": [
                                            "store.s_store_sk"
                                          ],
                                          "Plans": [
                                            {
                                              "Node Type": "Seq Scan",
                                              "Parent Relationship": "Outer",
                                              "Parallel Aware": false,
                                              "Async Capable": false,
                                              "Relation Name": "store",
                                              "Alias": "store",
                                              "Startup Cost": 0.0,
                                              "Total Cost": 6.02,
                                              "Plan Rows": 102,
                                              "Plan Width": 4,
                                              "parent": 14,
                                              "ID": 15
                                            }
                                          ],
                                          "parent": 8,
                                          "ID": 14,
                                          "left": 15
                                        }
                                      ],
                                      "parent": 7,
                                      "ID": 8,
                                      "left": 9,
                                      "right": 14
                                    }
                                  ],
                                  "parent": 6,
                                  "ID": 7,
                                  "left": 8
                                }
                              ],
                              "parent": 5,
                              "ID": 6,
                              "left": 7
                            }
                          ],
                          "parent": 4,
                          "ID": 5,
                          "left": 6
                        },
                        {
                          "Node Type": "Aggregate",
                          "Strategy": "Sorted",
                          "Partial Mode": "Finalize",
                          "Parent Relationship": "Inner",
                          "Parallel Aware": false,
                          "Async Capable": false,
                          "Startup Cost": 67464.0,
                          "Total Cost": 67505.8,
                          "Plan Rows": 102,
                          "Plan Width": 68,
                          "Group Key": [
                            "store_1.s_store_sk"
                          ],
                          "Plans": [
                            {
                              "Node Type": "Gather Merge",
                              "Parent Relationship": "Outer",
                              "Parallel Aware": false,
                              "Async Capable": false,
                              "Startup Cost": 67464.0,
                              "Total Cost": 67501.72,
                              "Plan Rows": 204,
                              "Plan Width": 68,
                              "Workers Planned": 2,
                              "Plans": [
                                {
                                  "Node Type": "Aggregate",
                                  "Strategy": "Sorted",
                                  "Partial Mode": "Partial",
                                  "Parent Relationship": "Outer",
                                  "Parallel Aware": false,
                                  "Async Capable": false,
                                  "Startup Cost": 66463.97,
                                  "Total Cost": 66478.15,
                                  "Plan Rows": 102,
                                  "Plan Width": 68,
                                  "Group Key": [
                                    "store_1.s_store_sk"
                                  ],
                                  "Plans": [
                                    {
                                      "Node Type": "Merge Join",
                                      "Parent Relationship": "Outer",
                                      "Parallel Aware": false,
                                      "Async Capable": false,
                                      "Join Type": "Inner",
                                      "Startup Cost": 66463.97,
                                      "Total Cost": 66473.17,
                                      "Plan Rows": 460,
                                      "Plan Width": 16,
                                      "Inner Unique": false,
                                      "Merge Cond": "(store_returns.sr_store_sk = store_1.s_store_sk)",
                                      "Plans": [
                                        {
                                          "Node Type": "Sort",
                                          "Parent Relationship": "Outer",
                                          "Parallel Aware": false,
                                          "Async Capable": false,
                                          "Startup Cost": 66454.55,
                                          "Total Cost": 66455.74,
                                          "Plan Rows": 476,
                                          "Plan Width": 16,
                                          "Sort Key": [
                                            "store_returns.sr_store_sk"
                                          ],
                                          "Plans": [
                                            {
                                              "Node Type": "Hash Join",
                                              "Parent Relationship": "Outer",
                                              "Parallel Aware": true,
                                              "Async Capable": false,
                                              "Join Type": "Inner",
                                              "Startup Cost": 2049.78,
                                              "Total Cost": 66433.38,
                                              "Plan Rows": 476,
                                              "Plan Width": 16,
                                              "Inner Unique": false,
                                              "Hash Cond": "(store_returns.sr_returned_date_sk = date_dim_1.d_date_sk)",
                                              "Plans": [
                                                {
                                                  "Node Type": "Seq Scan",
                                                  "Parent Relationship": "Outer",
                                                  "Parallel Aware": true,
                                                  "Async Capable": false,
                                                  "Relation Name": "store_returns",
                                                  "Alias": "store_returns",
                                                  "Startup Cost": 0.0,
                                                  "Total Cost": 59887.64,
                                                  "Plan Rows": 1198164,
                                                  "Plan Width": 20,
                                                  "parent": 21,
                                                  "ID": 22
                                                },
                                                {
                                                  "Node Type": "Hash",
                                                  "Parent Relationship": "Inner",
                                                  "Parallel Aware": true,
                                                  "Async Capable": false,
                                                  "Startup Cost": 2049.55,
                                                  "Total Cost": 2049.55,
                                                  "Plan Rows": 18,
                                                  "Plan Width": 4,
                                                  "Plans": [
                                                    {
                                                      "Node Type": "Seq Scan",
                                                      "Parent Relationship": "Outer",
                                                      "Parallel Aware": true,
                                                      "Async Capable": false,
                                                      "Relation Name": "date_dim",
                                                      "Alias": "date_dim_1",
                                                      "Startup Cost": 0.0,
                                                      "Total Cost": 2049.55,
                                                      "Plan Rows": 18,
                                                      "Plan Width": 4,
                                                      "Filter": "((d_date >= '1999-08-14'::date) AND (d_date <= '1999-09-13 00:00:00'::timestamp without time zone))",
                                                      "parent": 23,
                                                      "ID": 24
                                                    }
                                                  ],
                                                  "parent": 21,
                                                  "ID": 23,
                                                  "left": 24
                                                }
                                              ],
                                              "parent": 20,
                                              "ID": 21,
                                              "left": 22,
                                              "right": 23
                                            }
                                          ],
                                          "parent": 19,
                                          "ID": 20,
                                          "left": 21
                                        },
                                        {
                                          "Node Type": "Sort",
                                          "Parent Relationship": "Inner",
                                          "Parallel Aware": false,
                                          "Async Capable": false,
                                          "Startup Cost": 9.42,
                                          "Total Cost": 9.68,
                                          "Plan Rows": 102,
                                          "Plan Width": 4,
                                          "Sort Key": [
                                            "store_1.s_store_sk"
                                          ],
                                          "Plans": [
                                            {
                                              "Node Type": "Seq Scan",
                                              "Parent Relationship": "Outer",
                                              "Parallel Aware": false,
                                              "Async Capable": false,
                                              "Relation Name": "store",
                                              "Alias": "store_1",
                                              "Startup Cost": 0.0,
                                              "Total Cost": 6.02,
                                              "Plan Rows": 102,
                                              "Plan Width": 4,
                                              "parent": 25,
                                              "ID": 26
                                            }
                                          ],
                                          "parent": 19,
                                          "ID": 25,
                                          "left": 26
                                        }
                                      ],
                                      "parent": 18,
                                      "ID": 19,
                                      "left": 20,
                                      "right": 25
                                    }
                                  ],
                                  "parent": 17,
                                  "ID": 18,
                                  "left": 19
                                }
                              ],
                              "parent": 16,
                              "ID": 17,
                              "left": 18
                            }
                          ],
                          "parent": 4,
                          "ID": 16,
                          "left": 17
                        }
                      ],
                      "parent": 3,
                      "ID": 4,
                      "left": 5,
                      "right": 16
                    },
                    {
                      "Node Type": "Nested Loop",
                      "Parent Relationship": "Member",
                      "Parallel Aware": false,
                      "Async Capable": false,
                      "Join Type": "Inner",
                      "Startup Cost": 499452.25,
                      "Total Cost": 499502.11,
                      "Plan Rows": 576,
                      "Plan Width": 132,
                      "Inner Unique": false,
                      "Plans": [
                        {
                          "Node Type": "Aggregate",
                          "Strategy": "Sorted",
                          "Partial Mode": "Finalize",
                          "Parent Relationship": "Outer",
                          "Parallel Aware": false,
                          "Async Capable": false,
                          "Startup Cost": 459392.64,
                          "Total Cost": 459424.0,
                          "Plan Rows": 24,
                          "Plan Width": 68,
                          "Group Key": [
                            "catalog_sales.cs_call_center_sk"
                          ],
                          "Plans": [
                            {
                              "Node Type": "Gather Merge",
                              "Parent Relationship": "Outer",
                              "Parallel Aware": false,
                              "Async Capable": false,
                              "Startup Cost": 459392.64,
                              "Total Cost": 459423.04,
                              "Plan Rows": 48,
                              "Plan Width": 68,
                              "Workers Planned": 2,
                              "Plans": [
                                {
                                  "Node Type": "Aggregate",
                                  "Strategy": "Sorted",
                                  "Partial Mode": "Partial",
                                  "Parent Relationship": "Outer",
                                  "Parallel Aware": false,
                                  "Async Capable": false,
                                  "Startup Cost": 458392.62,
                                  "Total Cost": 458417.48,
                                  "Plan Rows": 24,
                                  "Plan Width": 68,
                                  "Group Key": [
                                    "catalog_sales.cs_call_center_sk"
                                  ],
                                  "Plans": [
                                    {
                                      "Node Type": "Sort",
                                      "Parent Relationship": "Outer",
                                      "Parallel Aware": false,
                                      "Async Capable": false,
                                      "Startup Cost": 458392.62,
                                      "Total Cost": 458398.74,
                                      "Plan Rows": 2450,
                                      "Plan Width": 16,
                                      "Sort Key": [
                                        "catalog_sales.cs_call_center_sk"
                                      ],
                                      "Plans": [
                                        {
                                          "Node Type": "Hash Join",
                                          "Parent Relationship": "Outer",
                                          "Parallel Aware": true,
                                          "Async Capable": false,
                                          "Join Type": "Inner",
                                          "Startup Cost": 2049.78,
                                          "Total Cost": 458254.7,
                                          "Plan Rows": 2450,
                                          "Plan Width": 16,
                                          "Inner Unique": false,
                                          "Hash Cond": "(catalog_sales.cs_sold_date_sk = date_dim_2.d_date_sk)",
                                          "Plans": [
                                            {
                                              "Node Type": "Seq Scan",
                                              "Parent Relationship": "Outer",
                                              "Parallel Aware": true,
                                              "Async Capable": false,
                                              "Relation Name": "catalog_sales",
                                              "Alias": "catalog_sales",
                                              "Startup Cost": 0.0,
                                              "Total Cost": 433688.25,
                                              "Plan Rows": 6000525,
                                              "Plan Width": 20,
                                              "parent": 32,
                                              "ID": 33
                                            },
                                            {
                                              "Node Type": "Hash",
                                              "Parent Relationship": "Inner",
                                              "Parallel Aware": true,
                                              "Async Capable": false,
                                              "Startup Cost": 2049.55,
                                              "Total Cost": 2049.55,
                                              "Plan Rows": 18,
                                              "Plan Width": 4,
                                              "Plans": [
                                                {
                                                  "Node Type": "Seq Scan",
                                                  "Parent Relationship": "Outer",
                                                  "Parallel Aware": true,
                                                  "Async Capable": false,
                                                  "Relation Name": "date_dim",
                                                  "Alias": "date_dim_2",
                                                  "Startup Cost": 0.0,
                                                  "Total Cost": 2049.55,
                                                  "Plan Rows": 18,
                                                  "Plan Width": 4,
                                                  "Filter": "((d_date >= '1999-08-14'::date) AND (d_date <= '1999-09-13 00:00:00'::timestamp without time zone))",
                                                  "parent": 34,
                                                  "ID": 35
                                                }
                                              ],
                                              "parent": 32,
                                              "ID": 34,
                                              "left": 35
                                            }
                                          ],
                                          "parent": 31,
                                          "ID": 32,
                                          "left": 33,
                                          "right": 34
                                        }
                                      ],
                                      "parent": 30,
                                      "ID": 31,
                                      "left": 32
                                    }
                                  ],
                                  "parent": 29,
                                  "ID": 30,
                                  "left": 31
                                }
                              ],
                              "parent": 28,
                              "ID": 29,
                              "left": 30
                            }
                          ],
                          "parent": 27,
                          "ID": 28,
                          "left": 29
                        },
                        {
                          "Node Type": "Materialize",
                          "Parent Relationship": "Inner",
                          "Parallel Aware": false,
                          "Async Capable": false,
                          "Startup Cost": 40059.61,
                          "Total Cost": 40069.29,
                          "Plan Rows": 24,
                          "Plan Width": 64,
                          "Plans": [
                            {
                              "Node Type": "Subquery Scan",
                              "Parent Relationship": "Outer",
                              "Parallel Aware": false,
                              "Async Capable": false,
                              "Alias": "cr",
                              "Startup Cost": 40059.61,
                              "Total Cost": 40069.17,
                              "Plan Rows": 24,
                              "Plan Width": 64,
                              "Plans": [
                                {
                                  "Node Type": "Aggregate",
                                  "Strategy": "Sorted",
                                  "Partial Mode": "Finalize",
                                  "Parent Relationship": "Subquery",
                                  "Parallel Aware": false,
                                  "Async Capable": false,
                                  "Startup Cost": 40059.61,
                                  "Total Cost": 40068.93,
                                  "Plan Rows": 24,
                                  "Plan Width": 68,
                                  "Group Key": [
                                    "catalog_returns.cr_call_center_sk"
                                  ],
                                  "Plans": [
                                    {
                                      "Node Type": "Gather Merge",
                                      "Parent Relationship": "Outer",
                                      "Parallel Aware": false,
                                      "Async Capable": false,
                                      "Startup Cost": 40059.61,
                                      "Total Cost": 40067.97,
                                      "Plan Rows": 48,
                                      "Plan Width": 68,
                                      "Workers Planned": 2,
                                      "Plans": [
                                        {
                                          "Node Type": "Aggregate",
                                          "Strategy": "Sorted",
                                          "Partial Mode": "Partial",
                                          "Parent Relationship": "Outer",
                                          "Parallel Aware": false,
                                          "Async Capable": false,
                                          "Startup Cost": 39059.58,
                                          "Total Cost": 39062.4,
                                          "Plan Rows": 24,
                                          "Plan Width": 68,
                                          "Group Key": [
                                            "catalog_returns.cr_call_center_sk"
                                          ],
                                          "Plans": [
                                            {
                                              "Node Type": "Sort",
                                              "Parent Relationship": "Outer",
                                              "Parallel Aware": false,
                                              "Async Capable": false,
                                              "Startup Cost": 39059.58,
                                              "Total Cost": 39060.2,
                                              "Plan Rows": 246,
                                              "Plan Width": 16,
                                              "Sort Key": [
                                                "catalog_returns.cr_call_center_sk"
                                              ],
                                              "Plans": [
                                                {
                                                  "Node Type": "Hash Join",
                                                  "Parent Relationship": "Outer",
                                                  "Parallel Aware": true,
                                                  "Async Capable": false,
                                                  "Join Type": "Inner",
                                                  "Startup Cost": 2049.78,
                                                  "Total Cost": 39049.82,
                                                  "Plan Rows": 246,
                                                  "Plan Width": 16,
                                                  "Inner Unique": false,
                                                  "Hash Cond": "(catalog_returns.cr_returned_date_sk = date_dim_3.d_date_sk)",
                                                  "Plans": [
                                                    {
                                                      "Node Type": "Seq Scan",
                                                      "Parent Relationship": "Outer",
                                                      "Parallel Aware": true,
                                                      "Async Capable": false,
                                                      "Relation Name": "catalog_returns",
                                                      "Alias": "catalog_returns",
                                                      "Startup Cost": 0.0,
                                                      "Total Cost": 34748.95,
                                                      "Plan Rows": 599895,
                                                      "Plan Width": 20,
                                                      "parent": 42,
                                                      "ID": 43
                                                    },
                                                    {
                                                      "Node Type": "Hash",
                                                      "Parent Relationship": "Inner",
                                                      "Parallel Aware": true,
                                                      "Async Capable": false,
                                                      "Startup Cost": 2049.55,
                                                      "Total Cost": 2049.55,
                                                      "Plan Rows": 18,
                                                      "Plan Width": 4,
                                                      "Plans": [
                                                        {
                                                          "Node Type": "Seq Scan",
                                                          "Parent Relationship": "Outer",
                                                          "Parallel Aware": true,
                                                          "Async Capable": false,
                                                          "Relation Name": "date_dim",
                                                          "Alias": "date_dim_3",
                                                          "Startup Cost": 0.0,
                                                          "Total Cost": 2049.55,
                                                          "Plan Rows": 18,
                                                          "Plan Width": 4,
                                                          "Filter": "((d_date >= '1999-08-14'::date) AND (d_date <= '1999-09-13 00:00:00'::timestamp without time zone))",
                                                          "parent": 44,
                                                          "ID": 45
                                                        }
                                                      ],
                                                      "parent": 42,
                                                      "ID": 44,
                                                      "left": 45
                                                    }
                                                  ],
                                                  "parent": 41,
                                                  "ID": 42,
                                                  "left": 43,
                                                  "right": 44
                                                }
                                              ],
                                              "parent": 40,
                                              "ID": 41,
                                              "left": 42
                                            }
                                          ],
                                          "parent": 39,
                                          "ID": 40,
                                          "left": 41
                                        }
                                      ],
                                      "parent": 38,
                                      "ID": 39,
                                      "left": 40
                                    }
                                  ],
                                  "parent": 37,
                                  "ID": 38,
                                  "left": 39
                                }
                              ],
                              "parent": 36,
                              "ID": 37,
                              "left": 38
                            }
                          ],
                          "parent": 27,
                          "ID": 36,
                          "left": 37
                        }
                      ],
                      "parent": 3,
                      "ID": 27,
                      "left": 28,
                      "right": 36
                    },
                    {
                      "Node Type": "Merge Join",
                      "Parent Relationship": "Member",
                      "Parallel Aware": false,
                      "Async Capable": false,
                      "Join Type": "Left",
                      "Startup Cost": 252590.79,
                      "Total Cost": 252726.18,
                      "Plan Rows": 200,
                      "Plan Width": 132,
                      "Inner Unique": true,
                      "Merge Cond": "(web_page.wp_web_page_sk = web_page_1.wp_web_page_sk)",
                      "Plans": [
                        {
                          "Node Type": "Aggregate",
                          "Strategy": "Sorted",
                          "Partial Mode": "Finalize",
                          "Parent Relationship": "Outer",
                          "Parallel Aware": false,
                          "Async Capable": false,
                          "Startup Cost": 232119.07,
                          "Total Cost": 232210.1,
                          "Plan Rows": 200,
                          "Plan Width": 68,
                          "Group Key": [
                            "web_page.wp_web_page_sk"
                          ],
                          "Plans": [
                            {
                              "Node Type": "Gather Merge",
                              "Parent Relationship": "Outer",
                              "Parallel Aware": false,
                              "Async Capable": false,
                              "Startup Cost": 232119.07,
                              "Total Cost": 232202.1,
                              "Plan Rows": 400,
                              "Plan Width": 68,
                              "Workers Planned": 2,
                              "Plans": [
                                {
                                  "Node Type": "Aggregate",
                                  "Strategy": "Sorted",
                                  "Partial Mode": "Partial",
                                  "Parent Relationship": "Outer",
                                  "Parallel Aware": false,
                                  "Async Capable": false,
                                  "Startup Cost": 231119.05,
                                  "Total Cost": 231155.9,
                                  "Plan Rows": 200,
                                  "Plan Width": 68,
                                  "Group Key": [
                                    "web_page.wp_web_page_sk"
                                  ],
                                  "Plans": [
                                    {
                                      "Node Type": "Merge Join",
                                      "Parent Relationship": "Outer",
                                      "Parallel Aware": false,
                                      "Async Capable": false,
                                      "Join Type": "Inner",
                                      "Startup Cost": 231119.05,
                                      "Total Cost": 231143.67,
                                      "Plan Rows": 1231,
                                      "Plan Width": 16,
                                      "Inner Unique": false,
                                      "Merge Cond": "(web_sales.ws_web_page_sk = web_page.wp_web_page_sk)",
                                      "Plans": [
                                        {
                                          "Node Type": "Sort",
                                          "Parent Relationship": "Outer",
                                          "Parallel Aware": false,
                                          "Async Capable": false,
                                          "Startup Cost": 231104.41,
                                          "Total Cost": 231107.48,
                                          "Plan Rows": 1231,
                                          "Plan Width": 16,
                                          "Sort Key": [
                                            "web_sales.ws_web_page_sk"
                                          ],
                                          "Plans": [
                                            {
                                              "Node Type": "Hash Join",
                                              "Parent Relationship": "Outer",
                                              "Parallel Aware": true,
                                              "Async Capable": false,
                                              "Join Type": "Inner",
                                              "Startup Cost": 2049.78,
                                              "Total Cost": 231041.22,
                                              "Plan Rows": 1231,
                                              "Plan Width": 16,
                                              "Inner Unique": false,
                                              "Hash Cond": "(web_sales.ws_sold_date_sk = date_dim_4.d_date_sk)",
                                              "Plans": [
                                                {
                                                  "Node Type": "Seq Scan",
                                                  "Parent Relationship": "Outer",
                                                  "Parallel Aware": true,
                                                  "Async Capable": false,
                                                  "Relation Name": "web_sales",
                                                  "Alias": "web_sales",
                                                  "Startup Cost": 0.0,
                                                  "Total Cost": 217737.86,
                                                  "Plan Rows": 2998986,
                                                  "Plan Width": 20,
                                                  "parent": 52,
                                                  "ID": 53
                                                },
                                                {
                                                  "Node Type": "Hash",
                                                  "Parent Relationship": "Inner",
                                                  "Parallel Aware": true,
                                                  "Async Capable": false,
                                                  "Startup Cost": 2049.55,
                                                  "Total Cost": 2049.55,
                                                  "Plan Rows": 18,
                                                  "Plan Width": 4,
                                                  "Plans": [
                                                    {
                                                      "Node Type": "Seq Scan",
                                                      "Parent Relationship": "Outer",
                                                      "Parallel Aware": true,
                                                      "Async Capable": false,
                                                      "Relation Name": "date_dim",
                                                      "Alias": "date_dim_4",
                                                      "Startup Cost": 0.0,
                                                      "Total Cost": 2049.55,
                                                      "Plan Rows": 18,
                                                      "Plan Width": 4,
                                                      "Filter": "((d_date >= '1999-08-14'::date) AND (d_date <= '1999-09-13 00:00:00'::timestamp without time zone))",
                                                      "parent": 54,
                                                      "ID": 55
                                                    }
                                                  ],
                                                  "parent": 52,
                                                  "ID": 54,
                                                  "left": 55
                                                }
                                              ],
                                              "parent": 51,
                                              "ID": 52,
                                              "left": 53,
                                              "right": 54
                                            }
                                          ],
                                          "parent": 50,
                                          "ID": 51,
                                          "left": 52
                                        },
                                        {
                                          "Node Type": "Sort",
                                          "Parent Relationship": "Inner",
                                          "Parallel Aware": false,
                                          "Async Capable": false,
                                          "Startup Cost": 14.64,
                                          "Total Cost": 15.14,
                                          "Plan Rows": 200,
                                          "Plan Width": 4,
                                          "Sort Key": [
                                            "web_page.wp_web_page_sk"
                                          ],
                                          "Plans": [
                                            {
                                              "Node Type": "Seq Scan",
                                              "Parent Relationship": "Outer",
                                              "Parallel Aware": false,
                                              "Async Capable": false,
                                              "Relation Name": "web_page",
                                              "Alias": "web_page",
                                              "Startup Cost": 0.0,
                                              "Total Cost": 7.0,
                                              "Plan Rows": 200,
                                              "Plan Width": 4,
                                              "parent": 56,
                                              "ID": 57
                                            }
                                          ],
                                          "parent": 50,
                                          "ID": 56,
                                          "left": 57
                                        }
                                      ],
                                      "parent": 49,
                                      "ID": 50,
                                      "left": 51,
                                      "right": 56
                                    }
                                  ],
                                  "parent": 48,
                                  "ID": 49,
                                  "left": 50
                                }
                              ],
                              "parent": 47,
                              "ID": 48,
                              "left": 49
                            }
                          ],
                          "parent": 46,
                          "ID": 47,
                          "left": 48
                        },
                        {
                          "Node Type": "Aggregate",
                          "Strategy": "Sorted",
                          "Partial Mode": "Finalize",
                          "Parent Relationship": "Inner",
                          "Parallel Aware": false,
                          "Async Capable": false,
                          "Startup Cost": 20471.72,
                          "Total Cost": 20508.59,
                          "Plan Rows": 200,
                          "Plan Width": 68,
                          "Group Key": [
                            "web_page_1.wp_web_page_sk"
                          ],
                          "Plans": [
                            {
                              "Node Type": "Gather Merge",
                              "Parent Relationship": "Outer",
                              "Parallel Aware": false,
                              "Async Capable": false,
                              "Startup Cost": 20471.72,
                              "Total Cost": 20502.79,
                              "Plan Rows": 224,
                              "Plan Width": 68,
                              "Workers Planned": 2,
                              "Plans": [
                                {
                                  "Node Type": "Aggregate",
                                  "Strategy": "Sorted",
                                  "Partial Mode": "Partial",
                                  "Parent Relationship": "Outer",
                                  "Parallel Aware": false,
                                  "Async Capable": false,
                                  "Startup Cost": 19471.69,
                                  "Total Cost": 19476.91,
                                  "Plan Rows": 112,
                                  "Plan Width": 68,
                                  "Group Key": [
                                    "web_page_1.wp_web_page_sk"
                                  ],
                                  "Plans": [
                                    {
                                      "Node Type": "Merge Join",
                                      "Parent Relationship": "Outer",
                                      "Parallel Aware": false,
                                      "Async Capable": false,
                                      "Join Type": "Inner",
                                      "Startup Cost": 19471.69,
                                      "Total Cost": 19474.39,
                                      "Plan Rows": 112,
                                      "Plan Width": 16,
                                      "Inner Unique": false,
                                      "Merge Cond": "(web_returns.wr_web_page_sk = web_page_1.wp_web_page_sk)",
                                      "Plans": [
                                        {
                                          "Node Type": "Sort",
                                          "Parent Relationship": "Outer",
                                          "Parallel Aware": false,
                                          "Async Capable": false,
                                          "Startup Cost": 19457.05,
                                          "Total Cost": 19457.35,
                                          "Plan Rows": 118,
                                          "Plan Width": 16,
                                          "Sort Key": [
                                            "web_returns.wr_web_page_sk"
                                          ],
                                          "Plans": [
                                            {
                                              "Node Type": "Hash Join",
                                              "Parent Relationship": "Outer",
                                              "Parallel Aware": true,
                                              "Async Capable": false,
                                              "Join Type": "Inner",
                                              "Startup Cost": 2049.78,
                                              "Total Cost": 19452.99,
                                              "Plan Rows": 118,
                                              "Plan Width": 16,
                                              "Inner Unique": false,
                                              "Hash Cond": "(web_returns.wr_returned_date_sk = date_dim_5.d_date_sk)",
                                              "Plans": [
                                                {
                                                  "Node Type": "Seq Scan",
                                                  "Parent Relationship": "Outer",
                                                  "Parallel Aware": true,
                                                  "Async Capable": false,
                                                  "Relation Name": "web_returns",
                                                  "Alias": "web_returns",
                                                  "Startup Cost": 0.0,
                                                  "Total Cost": 16278.74,
                                                  "Plan Rows": 299674,
                                                  "Plan Width": 20,
                                                  "parent": 63,
                                                  "ID": 64
                                                },
                                                {
                                                  "Node Type": "Hash",
                                                  "Parent Relationship": "Inner",
                                                  "Parallel Aware": true,
                                                  "Async Capable": false,
                                                  "Startup Cost": 2049.55,
                                                  "Total Cost": 2049.55,
                                                  "Plan Rows": 18,
                                                  "Plan Width": 4,
                                                  "Plans": [
                                                    {
                                                      "Node Type": "Seq Scan",
                                                      "Parent Relationship": "Outer",
                                                      "Parallel Aware": true,
                                                      "Async Capable": false,
                                                      "Relation Name": "date_dim",
                                                      "Alias": "date_dim_5",
                                                      "Startup Cost": 0.0,
                                                      "Total Cost": 2049.55,
                                                      "Plan Rows": 18,
                                                      "Plan Width": 4,
                                                      "Filter": "((d_date >= '1999-08-14'::date) AND (d_date <= '1999-09-13 00:00:00'::timestamp without time zone))",
                                                      "parent": 65,
                                                      "ID": 66
                                                    }
                                                  ],
                                                  "parent": 63,
                                                  "ID": 65,
                                                  "left": 66
                                                }
                                              ],
                                              "parent": 62,
                                              "ID": 63,
                                              "left": 64,
                                              "right": 65
                                            }
                                          ],
                                          "parent": 61,
                                          "ID": 62,
                                          "left": 63
                                        },
                                        {
                                          "Node Type": "Sort",
                                          "Parent Relationship": "Inner",
                                          "Parallel Aware": false,
                                          "Async Capable": false,
                                          "Startup Cost": 14.64,
                                          "Total Cost": 15.14,
                                          "Plan Rows": 200,
                                          "Plan Width": 4,
                                          "Sort Key": [
                                            "web_page_1.wp_web_page_sk"
                                          ],
                                          "Plans": [
                                            {
                                              "Node Type": "Seq Scan",
                                              "Parent Relationship": "Outer",
                                              "Parallel Aware": false,
                                              "Async Capable": false,
                                              "Relation Name": "web_page",
                                              "Alias": "web_page_1",
                                              "Startup Cost": 0.0,
                                              "Total Cost": 7.0,
                                              "Plan Rows": 200,
                                              "Plan Width": 4,
                                              "parent": 67,
                                              "ID": 68
                                            }
                                          ],
                                          "parent": 61,
                                          "ID": 67,
                                          "left": 68
                                        }
                                      ],
                                      "parent": 60,
                                      "ID": 61,
                                      "left": 62,
                                      "right": 67
                                    }
                                  ],
                                  "parent": 59,
                                  "ID": 60,
                                  "left": 61
                                }
                              ],
                              "parent": 58,
                              "ID": 59,
                              "left": 60
                            }
                          ],
                          "parent": 46,
                          "ID": 58,
                          "left": 59
                        }
                      ],
                      "parent": 3,
                      "ID": 46,
                      "left": 47,
                      "right": 58
                    }
                  ],
                  "parent": 2,
                  "ID": 3,
                  "left": 4,
                  "right": 27
                }
              ],
              "parent": 1,
              "ID": 2,
              "left": 3
            }
          ],
          "parent": 0,
          "ID": 1,
          "left": 2
        }
      ],
      "parent": null,
      "ID": 0,
      "left": 1
    },
    "feat": {
      "utility": 4.628659154253372e-06,
      "query_shape": [
        [
          "Seq Scan",
          "Hash Join",
          "Sort",
          "Merge Join",
          "Aggregate",
          "Gather Merge",
          "Append"
        ],
        [
          "Seq Scan",
          "Hash",
          "Hash Join",
          "Sort",
          "Merge Join",
          "Aggregate",
          "Gather Merge",
          "Append"
        ],
        [
          "Seq Scan",
          "Sort",
          "Merge Join",
          "Aggregate",
          "Gather Merge",
          "Append"
        ],
        [
          "Seq Scan",
          "Hash Join",
          "Sort",
          "Merge Join",
          "Aggregate",
          "Gather Merge",
          "Append"
        ],
        [
          "Seq Scan",
          "Hash",
          "Hash Join",
          "Sort",
          "Merge Join",
          "Aggregate",
          "Gather Merge",
          "Append"
        ],
        [
          "Seq Scan",
          "Sort",
          "Merge Join",
          "Aggregate",
          "Gather Merge",
          "Append"
        ],
        [
          "Seq Scan",
          "Hash Join",
          "Sort",
          "Aggregate",
          "Gather Merge",
          "Nested Loop",
          "Append"
        ],
        [
          "Seq Scan",
          "Hash",
          "Hash Join",
          "Sort",
          "Aggregate",
          "Gather Merge",
          "Nested Loop",
          "Append"
        ],
        [
          "Seq Scan",
          "Hash Join",
          "Sort",
          "Aggregate",
          "Gather Merge",
          "Subquery Scan",
          "Materialize",
          "Nested Loop",
          "Append"
        ],
        [
          "Seq Scan",
          "Hash",
          "Hash Join",
          "Sort",
          "Aggregate",
          "Gather Merge",
          "Subquery Scan",
          "Materialize",
          "Nested Loop",
          "Append"
        ],
        [
          "Seq Scan",
          "Hash Join",
          "Sort",
          "Merge Join",
          "Aggregate",
          "Gather Merge",
          "Append"
        ],
        [
          "Seq Scan",
          "Hash",
          "Hash Join",
          "Sort",
          "Merge Join",
          "Aggregate",
          "Gather Merge",
          "Append"
        ],
        [
          "Seq Scan",
          "Sort",
          "Merge Join",
          "Aggregate",
          "Gather Merge",
          "Append"
        ],
        [
          "Seq Scan",
          "Hash Join",
          "Sort",
          "Merge Join",
          "Aggregate",
          "Gather Merge",
          "Append"
        ],
        [
          "Seq Scan",
          "Hash",
          "Hash Join",
          "Sort",
          "Merge Join",
          "Aggregate",
          "Gather Merge",
          "Append"
        ],
        [
          "Seq Scan",
          "Sort",
          "Merge Join",
          "Aggregate",
          "Gather Merge",
          "Append"
        ]
      ],
      "index_shape": [
        "join"
      ],
      "physical_operator": {
        "Hash Join": [
          0.004677138373254795
        ]
      }
    }
  },
  {
    "query": "with ss as\n (select s_store_sk,\n         sum(ss_ext_sales_price) as sales,\n         sum(ss_net_profit) as profit\n from store_sales,\n      date_dim,\n      store\n where ss_sold_date_sk = d_date_sk\n       and d_date between cast('1999-08-14' as date) \n                  and (cast('1999-08-14' as date) +  interval '30 days') \n       and ss_store_sk = s_store_sk\n group by s_store_sk)\n ,\n sr as\n (select s_store_sk,\n         sum(sr_return_amt) as returns,\n         sum(sr_net_loss) as profit_loss\n from store_returns,\n      date_dim,\n      store\n where sr_returned_date_sk = d_date_sk\n       and d_date between cast('1999-08-14' as date)\n                  and (cast('1999-08-14' as date) +  interval '30 days')\n       and sr_store_sk = s_store_sk\n group by s_store_sk), \n cs as\n (select cs_call_center_sk,\n        sum(cs_ext_sales_price) as sales,\n        sum(cs_net_profit) as profit\n from catalog_sales,\n      date_dim\n where cs_sold_date_sk = d_date_sk\n       and d_date between cast('1999-08-14' as date)\n                  and (cast('1999-08-14' as date) +  interval '30 days')\n group by cs_call_center_sk \n ), \n cr as\n (select cr_call_center_sk,\n         sum(cr_return_amount) as returns,\n         sum(cr_net_loss) as profit_loss\n from catalog_returns,\n      date_dim\n where cr_returned_date_sk = d_date_sk\n       and d_date between cast('1999-08-14' as date)\n                  and (cast('1999-08-14' as date) +  interval '30 days')\n group by cr_call_center_sk\n ), \n ws as\n ( select wp_web_page_sk,\n        sum(ws_ext_sales_price) as sales,\n        sum(ws_net_profit) as profit\n from web_sales,\n      date_dim,\n      web_page\n where ws_sold_date_sk = d_date_sk\n       and d_date between cast('1999-08-14' as date)\n                  and (cast('1999-08-14' as date) +  interval '30 days')\n       and ws_web_page_sk = wp_web_page_sk\n group by wp_web_page_sk), \n wr as\n (select wp_web_page_sk,\n        sum(wr_return_amt) as returns,\n        sum(wr_net_loss) as profit_loss\n from web_returns,\n      date_dim,\n      web_page\n where wr_returned_date_sk = d_date_sk\n       and d_date between cast('1999-08-14' as date)\n                  and (cast('1999-08-14' as date) +  interval '30 days')\n       and wr_web_page_sk = wp_web_page_sk\n group by wp_web_page_sk)\n  select  channel\n        , id\n        , sum(sales) as sales\n        , sum(returns) as returns\n        , sum(profit) as profit\n from \n (select 'store channel' as channel\n        , ss.s_store_sk as id\n        , sales\n        , coalesce(returns, 0) as returns\n        , (profit - coalesce(profit_loss,0)) as profit\n from   ss left join sr\n        on  ss.s_store_sk = sr.s_store_sk\n union all\n select 'catalog channel' as channel\n        , cs_call_center_sk as id\n        , sales\n        , returns\n        , (profit - profit_loss) as profit\n from  cs\n       , cr\n union all\n select 'web channel' as channel\n        , ws.wp_web_page_sk as id\n        , sales\n        , coalesce(returns, 0) as returns\n        , (profit - coalesce(profit_loss,0)) as profit\n from   ws left join wr\n        on  ws.wp_web_page_sk = wr.wp_web_page_sk\n ) x\n group by rollup (channel, id)\n order by channel\n         ,id\n limit 100;\n\n-- end query 58 in stream 0 using template query77.tpl\n",
    "indexes": "web_returns.wr_web_page_sk",
    "wo plan est": {
      "Node Type": "Limit",
      "Parallel Aware": false,
      "Async Capable": false,
      "Startup Cost": 1505243.45,
      "Total Cost": 1505243.7,
      "Plan Rows": 100,
      "Plan Width": 132,
      "Plans": [
        {
          "Node Type": "Sort",
          "Parent Relationship": "Outer",
          "Parallel Aware": false,
          "Async Capable": false,
          "Startup Cost": 1505243.45,
          "Total Cost": 1505244.45,
          "Plan Rows": 401,
          "Plan Width": 132,
          "Sort Key": [
            "('store channel'::text)",
            "store.s_store_sk"
          ],
          "Plans": [
            {
              "Node Type": "Aggregate",
              "Strategy": "Mixed",
              "Partial Mode": "Simple",
              "Parent Relationship": "Outer",
              "Parallel Aware": false,
              "Async Capable": false,
              "Startup Cost": 752755.06,
              "Total Cost": 1505228.12,
              "Plan Rows": 401,
              "Plan Width": 132,
              "Grouping Sets": [
                {
                  "Hash Keys": [
                    [
                      "('store channel'::text)",
                      "store.s_store_sk"
                    ]
                  ]
                },
                {
                  "Hash Keys": [
                    [
                      "('store channel'::text)"
                    ]
                  ]
                },
                {
                  "Group Keys": [
                    []
                  ]
                }
              ],
              "Planned Partitions": 0,
              "Plans": [
                {
                  "Node Type": "Append",
                  "Parent Relationship": "Outer",
                  "Parallel Aware": false,
                  "Async Capable": false,
                  "Startup Cost": 752755.06,
                  "Total Cost": 1505194.76,
                  "Plan Rows": 878,
                  "Plan Width": 132,
                  "Subplans Removed": 0,
                  "Plans": [
                    {
                      "Node Type": "Merge Join",
                      "Parent Relationship": "Member",
                      "Parallel Aware": false,
                      "Async Capable": false,
                      "Join Type": "Left",
                      "Startup Cost": 752755.06,
                      "Total Cost": 752953.3,
                      "Plan Rows": 102,
                      "Plan Width": 132,
                      "Inner Unique": true,
                      "Merge Cond": "(store.s_store_sk = store_1.s_store_sk)",
                      "Plans": [
                        {
                          "Node Type": "Aggregate",
                          "Strategy": "Sorted",
                          "Partial Mode": "Finalize",
                          "Parent Relationship": "Outer",
                          "Parallel Aware": false,
                          "Async Capable": false,
                          "Startup Cost": 685291.07,
                          "Total Cost": 685443.67,
                          "Plan Rows": 102,
                          "Plan Width": 68,
                          "Group Key": [
                            "store.s_store_sk"
                          ],
                          "Plans": [
                            {
                              "Node Type": "Gather Merge",
                              "Parent Relationship": "Outer",
                              "Parallel Aware": false,
                              "Async Capable": false,
                              "Startup Cost": 685291.07,
                              "Total Cost": 685439.59,
                              "Plan Rows": 204,
                              "Plan Width": 68,
                              "Workers Planned": 2,
                              "Plans": [
                                {
                                  "Node Type": "Aggregate",
                                  "Strategy": "Sorted",
                                  "Partial Mode": "Partial",
                                  "Parent Relationship": "Outer",
                                  "Parallel Aware": false,
                                  "Async Capable": false,
                                  "Startup Cost": 684291.04,
                                  "Total Cost": 684416.02,
                                  "Plan Rows": 102,
                                  "Plan Width": 68,
                                  "Group Key": [
                                    "store.s_store_sk"
                                  ],
                                  "Plans": [
                                    {
                                      "Node Type": "Merge Join",
                                      "Parent Relationship": "Outer",
                                      "Parallel Aware": false,
                                      "Async Capable": false,
                                      "Join Type": "Inner",
                                      "Startup Cost": 684291.04,
                                      "Total Cost": 684380.82,
                                      "Plan Rows": 4489,
                                      "Plan Width": 16,
                                      "Inner Unique": false,
                                      "Merge Cond": "(store_sales.ss_store_sk = store.s_store_sk)",
                                      "Plans": [
                                        {
                                          "Node Type": "Sort",
                                          "Parent Relationship": "Outer",
                                          "Parallel Aware": false,
                                          "Async Capable": false,
                                          "Startup Cost": 684281.62,
                                          "Total Cost": 684293.38,
                                          "Plan Rows": 4703,
                                          "Plan Width": 16,
                                          "Sort Key": [
                                            "store_sales.ss_store_sk"
                                          ],
                                          "Plans": [
                                            {
                                              "Node Type": "Hash Join",
                                              "Parent Relationship": "Outer",
                                              "Parallel Aware": true,
                                              "Async Capable": false,
                                              "Join Type": "Inner",
                                              "Startup Cost": 2049.78,
                                              "Total Cost": 683994.75,
                                              "Plan Rows": 4703,
                                              "Plan Width": 16,
                                              "Inner Unique": false,
                                              "Hash Cond": "(store_sales.ss_sold_date_sk = date_dim.d_date_sk)",
                                              "Plans": [
                                                {
                                                  "Node Type": "Seq Scan",
                                                  "Parent Relationship": "Outer",
                                                  "Parallel Aware": true,
                                                  "Async Capable": false,
                                                  "Relation Name": "store_sales",
                                                  "Alias": "store_sales",
                                                  "Startup Cost": 0.0,
                                                  "Total Cost": 636914.37,
                                                  "Plan Rows": 12000637,
                                                  "Plan Width": 20,
                                                  "parent": 10,
                                                  "ID": 11
                                                },
                                                {
                                                  "Node Type": "Hash",
                                                  "Parent Relationship": "Inner",
                                                  "Parallel Aware": true,
                                                  "Async Capable": false,
                                                  "Startup Cost": 2049.55,
                                                  "Total Cost": 2049.55,
                                                  "Plan Rows": 18,
                                                  "Plan Width": 4,
                                                  "Plans": [
                                                    {
                                                      "Node Type": "Seq Scan",
                                                      "Parent Relationship": "Outer",
                                                      "Parallel Aware": true,
                                                      "Async Capable": false,
                                                      "Relation Name": "date_dim",
                                                      "Alias": "date_dim",
                                                      "Startup Cost": 0.0,
                                                      "Total Cost": 2049.55,
                                                      "Plan Rows": 18,
                                                      "Plan Width": 4,
                                                      "Filter": "((d_date >= '1999-08-14'::date) AND (d_date <= '1999-09-13 00:00:00'::timestamp without time zone))",
                                                      "parent": 12,
                                                      "ID": 13
                                                    }
                                                  ],
                                                  "parent": 10,
                                                  "ID": 12,
                                                  "left": 13
                                                }
                                              ],
                                              "parent": 9,
                                              "ID": 10,
                                              "left": 11,
                                              "right": 12
                                            }
                                          ],
                                          "parent": 8,
                                          "ID": 9,
                                          "left": 10
                                        },
                                        {
                                          "Node Type": "Sort",
                                          "Parent Relationship": "Inner",
                                          "Parallel Aware": false,
                                          "Async Capable": false,
                                          "Startup Cost": 9.42,
                                          "Total Cost": 9.68,
                                          "Plan Rows": 102,
                                          "Plan Width": 4,
                                          "Sort Key": [
                                            "store.s_store_sk"
                                          ],
                                          "Plans": [
                                            {
                                              "Node Type": "Seq Scan",
                                              "Parent Relationship": "Outer",
                                              "Parallel Aware": false,
                                              "Async Capable": false,
                                              "Relation Name": "store",
                                              "Alias": "store",
                                              "Startup Cost": 0.0,
                                              "Total Cost": 6.02,
                                              "Plan Rows": 102,
                                              "Plan Width": 4,
                                              "parent": 14,
                                              "ID": 15
                                            }
                                          ],
                                          "parent": 8,
                                          "ID": 14,
                                          "left": 15
                                        }
                                      ],
                                      "parent": 7,
                                      "ID": 8,
                                      "left": 9,
                                      "right": 14
                                    }
                                  ],
                                  "parent": 6,
                                  "ID": 7,
                                  "left": 8
                                }
                              ],
                              "parent": 5,
                              "ID": 6,
                              "left": 7
                            }
                          ],
                          "parent": 4,
                          "ID": 5,
                          "left": 6
                        },
                        {
                          "Node Type": "Aggregate",
                          "Strategy": "Sorted",
                          "Partial Mode": "Finalize",
                          "Parent Relationship": "Inner",
                          "Parallel Aware": false,
                          "Async Capable": false,
                          "Startup Cost": 67464.0,
                          "Total Cost": 67505.8,
                          "Plan Rows": 102,
                          "Plan Width": 68,
                          "Group Key": [
                            "store_1.s_store_sk"
                          ],
                          "Plans": [
                            {
                              "Node Type": "Gather Merge",
                              "Parent Relationship": "Outer",
                              "Parallel Aware": false,
                              "Async Capable": false,
                              "Startup Cost": 67464.0,
                              "Total Cost": 67501.72,
                              "Plan Rows": 204,
                              "Plan Width": 68,
                              "Workers Planned": 2,
                              "Plans": [
                                {
                                  "Node Type": "Aggregate",
                                  "Strategy": "Sorted",
                                  "Partial Mode": "Partial",
                                  "Parent Relationship": "Outer",
                                  "Parallel Aware": false,
                                  "Async Capable": false,
                                  "Startup Cost": 66463.97,
                                  "Total Cost": 66478.15,
                                  "Plan Rows": 102,
                                  "Plan Width": 68,
                                  "Group Key": [
                                    "store_1.s_store_sk"
                                  ],
                                  "Plans": [
                                    {
                                      "Node Type": "Merge Join",
                                      "Parent Relationship": "Outer",
                                      "Parallel Aware": false,
                                      "Async Capable": false,
                                      "Join Type": "Inner",
                                      "Startup Cost": 66463.97,
                                      "Total Cost": 66473.17,
                                      "Plan Rows": 460,
                                      "Plan Width": 16,
                                      "Inner Unique": false,
                                      "Merge Cond": "(store_returns.sr_store_sk = store_1.s_store_sk)",
                                      "Plans": [
                                        {
                                          "Node Type": "Sort",
                                          "Parent Relationship": "Outer",
                                          "Parallel Aware": false,
                                          "Async Capable": false,
                                          "Startup Cost": 66454.55,
                                          "Total Cost": 66455.74,
                                          "Plan Rows": 476,
                                          "Plan Width": 16,
                                          "Sort Key": [
                                            "store_returns.sr_store_sk"
                                          ],
                                          "Plans": [
                                            {
                                              "Node Type": "Hash Join",
                                              "Parent Relationship": "Outer",
                                              "Parallel Aware": true,
                                              "Async Capable": false,
                                              "Join Type": "Inner",
                                              "Startup Cost": 2049.78,
                                              "Total Cost": 66433.38,
                                              "Plan Rows": 476,
                                              "Plan Width": 16,
                                              "Inner Unique": false,
                                              "Hash Cond": "(store_returns.sr_returned_date_sk = date_dim_1.d_date_sk)",
                                              "Plans": [
                                                {
                                                  "Node Type": "Seq Scan",
                                                  "Parent Relationship": "Outer",
                                                  "Parallel Aware": true,
                                                  "Async Capable": false,
                                                  "Relation Name": "store_returns",
                                                  "Alias": "store_returns",
                                                  "Startup Cost": 0.0,
                                                  "Total Cost": 59887.64,
                                                  "Plan Rows": 1198164,
                                                  "Plan Width": 20,
                                                  "parent": 21,
                                                  "ID": 22
                                                },
                                                {
                                                  "Node Type": "Hash",
                                                  "Parent Relationship": "Inner",
                                                  "Parallel Aware": true,
                                                  "Async Capable": false,
                                                  "Startup Cost": 2049.55,
                                                  "Total Cost": 2049.55,
                                                  "Plan Rows": 18,
                                                  "Plan Width": 4,
                                                  "Plans": [
                                                    {
                                                      "Node Type": "Seq Scan",
                                                      "Parent Relationship": "Outer",
                                                      "Parallel Aware": true,
                                                      "Async Capable": false,
                                                      "Relation Name": "date_dim",
                                                      "Alias": "date_dim_1",
                                                      "Startup Cost": 0.0,
                                                      "Total Cost": 2049.55,
                                                      "Plan Rows": 18,
                                                      "Plan Width": 4,
                                                      "Filter": "((d_date >= '1999-08-14'::date) AND (d_date <= '1999-09-13 00:00:00'::timestamp without time zone))",
                                                      "parent": 23,
                                                      "ID": 24
                                                    }
                                                  ],
                                                  "parent": 21,
                                                  "ID": 23,
                                                  "left": 24
                                                }
                                              ],
                                              "parent": 20,
                                              "ID": 21,
                                              "left": 22,
                                              "right": 23
                                            }
                                          ],
                                          "parent": 19,
                                          "ID": 20,
                                          "left": 21
                                        },
                                        {
                                          "Node Type": "Sort",
                                          "Parent Relationship": "Inner",
                                          "Parallel Aware": false,
                                          "Async Capable": false,
                                          "Startup Cost": 9.42,
                                          "Total Cost": 9.68,
                                          "Plan Rows": 102,
                                          "Plan Width": 4,
                                          "Sort Key": [
                                            "store_1.s_store_sk"
                                          ],
                                          "Plans": [
                                            {
                                              "Node Type": "Seq Scan",
                                              "Parent Relationship": "Outer",
                                              "Parallel Aware": false,
                                              "Async Capable": false,
                                              "Relation Name": "store",
                                              "Alias": "store_1",
                                              "Startup Cost": 0.0,
                                              "Total Cost": 6.02,
                                              "Plan Rows": 102,
                                              "Plan Width": 4,
                                              "parent": 25,
                                              "ID": 26
                                            }
                                          ],
                                          "parent": 19,
                                          "ID": 25,
                                          "left": 26
                                        }
                                      ],
                                      "parent": 18,
                                      "ID": 19,
                                      "left": 20,
                                      "right": 25
                                    }
                                  ],
                                  "parent": 17,
                                  "ID": 18,
                                  "left": 19
                                }
                              ],
                              "parent": 16,
                              "ID": 17,
                              "left": 18
                            }
                          ],
                          "parent": 4,
                          "ID": 16,
                          "left": 17
                        }
                      ],
                      "parent": 3,
                      "ID": 4,
                      "left": 5,
                      "right": 16
                    },
                    {
                      "Node Type": "Nested Loop",
                      "Parent Relationship": "Member",
                      "Parallel Aware": false,
                      "Async Capable": false,
                      "Join Type": "Inner",
                      "Startup Cost": 499452.25,
                      "Total Cost": 499502.11,
                      "Plan Rows": 576,
                      "Plan Width": 132,
                      "Inner Unique": false,
                      "Plans": [
                        {
                          "Node Type": "Aggregate",
                          "Strategy": "Sorted",
                          "Partial Mode": "Finalize",
                          "Parent Relationship": "Outer",
                          "Parallel Aware": false,
                          "Async Capable": false,
                          "Startup Cost": 459392.64,
                          "Total Cost": 459424.0,
                          "Plan Rows": 24,
                          "Plan Width": 68,
                          "Group Key": [
                            "catalog_sales.cs_call_center_sk"
                          ],
                          "Plans": [
                            {
                              "Node Type": "Gather Merge",
                              "Parent Relationship": "Outer",
                              "Parallel Aware": false,
                              "Async Capable": false,
                              "Startup Cost": 459392.64,
                              "Total Cost": 459423.04,
                              "Plan Rows": 48,
                              "Plan Width": 68,
                              "Workers Planned": 2,
                              "Plans": [
                                {
                                  "Node Type": "Aggregate",
                                  "Strategy": "Sorted",
                                  "Partial Mode": "Partial",
                                  "Parent Relationship": "Outer",
                                  "Parallel Aware": false,
                                  "Async Capable": false,
                                  "Startup Cost": 458392.62,
                                  "Total Cost": 458417.48,
                                  "Plan Rows": 24,
                                  "Plan Width": 68,
                                  "Group Key": [
                                    "catalog_sales.cs_call_center_sk"
                                  ],
                                  "Plans": [
                                    {
                                      "Node Type": "Sort",
                                      "Parent Relationship": "Outer",
                                      "Parallel Aware": false,
                                      "Async Capable": false,
                                      "Startup Cost": 458392.62,
                                      "Total Cost": 458398.74,
                                      "Plan Rows": 2450,
                                      "Plan Width": 16,
                                      "Sort Key": [
                                        "catalog_sales.cs_call_center_sk"
                                      ],
                                      "Plans": [
                                        {
                                          "Node Type": "Hash Join",
                                          "Parent Relationship": "Outer",
                                          "Parallel Aware": true,
                                          "Async Capable": false,
                                          "Join Type": "Inner",
                                          "Startup Cost": 2049.78,
                                          "Total Cost": 458254.7,
                                          "Plan Rows": 2450,
                                          "Plan Width": 16,
                                          "Inner Unique": false,
                                          "Hash Cond": "(catalog_sales.cs_sold_date_sk = date_dim_2.d_date_sk)",
                                          "Plans": [
                                            {
                                              "Node Type": "Seq Scan",
                                              "Parent Relationship": "Outer",
                                              "Parallel Aware": true,
                                              "Async Capable": false,
                                              "Relation Name": "catalog_sales",
                                              "Alias": "catalog_sales",
                                              "Startup Cost": 0.0,
                                              "Total Cost": 433688.25,
                                              "Plan Rows": 6000525,
                                              "Plan Width": 20,
                                              "parent": 32,
                                              "ID": 33
                                            },
                                            {
                                              "Node Type": "Hash",
                                              "Parent Relationship": "Inner",
                                              "Parallel Aware": true,
                                              "Async Capable": false,
                                              "Startup Cost": 2049.55,
                                              "Total Cost": 2049.55,
                                              "Plan Rows": 18,
                                              "Plan Width": 4,
                                              "Plans": [
                                                {
                                                  "Node Type": "Seq Scan",
                                                  "Parent Relationship": "Outer",
                                                  "Parallel Aware": true,
                                                  "Async Capable": false,
                                                  "Relation Name": "date_dim",
                                                  "Alias": "date_dim_2",
                                                  "Startup Cost": 0.0,
                                                  "Total Cost": 2049.55,
                                                  "Plan Rows": 18,
                                                  "Plan Width": 4,
                                                  "Filter": "((d_date >= '1999-08-14'::date) AND (d_date <= '1999-09-13 00:00:00'::timestamp without time zone))",
                                                  "parent": 34,
                                                  "ID": 35
                                                }
                                              ],
                                              "parent": 32,
                                              "ID": 34,
                                              "left": 35
                                            }
                                          ],
                                          "parent": 31,
                                          "ID": 32,
                                          "left": 33,
                                          "right": 34
                                        }
                                      ],
                                      "parent": 30,
                                      "ID": 31,
                                      "left": 32
                                    }
                                  ],
                                  "parent": 29,
                                  "ID": 30,
                                  "left": 31
                                }
                              ],
                              "parent": 28,
                              "ID": 29,
                              "left": 30
                            }
                          ],
                          "parent": 27,
                          "ID": 28,
                          "left": 29
                        },
                        {
                          "Node Type": "Materialize",
                          "Parent Relationship": "Inner",
                          "Parallel Aware": false,
                          "Async Capable": false,
                          "Startup Cost": 40059.61,
                          "Total Cost": 40069.29,
                          "Plan Rows": 24,
                          "Plan Width": 64,
                          "Plans": [
                            {
                              "Node Type": "Subquery Scan",
                              "Parent Relationship": "Outer",
                              "Parallel Aware": false,
                              "Async Capable": false,
                              "Alias": "cr",
                              "Startup Cost": 40059.61,
                              "Total Cost": 40069.17,
                              "Plan Rows": 24,
                              "Plan Width": 64,
                              "Plans": [
                                {
                                  "Node Type": "Aggregate",
                                  "Strategy": "Sorted",
                                  "Partial Mode": "Finalize",
                                  "Parent Relationship": "Subquery",
                                  "Parallel Aware": false,
                                  "Async Capable": false,
                                  "Startup Cost": 40059.61,
                                  "Total Cost": 40068.93,
                                  "Plan Rows": 24,
                                  "Plan Width": 68,
                                  "Group Key": [
                                    "catalog_returns.cr_call_center_sk"
                                  ],
                                  "Plans": [
                                    {
                                      "Node Type": "Gather Merge",
                                      "Parent Relationship": "Outer",
                                      "Parallel Aware": false,
                                      "Async Capable": false,
                                      "Startup Cost": 40059.61,
                                      "Total Cost": 40067.97,
                                      "Plan Rows": 48,
                                      "Plan Width": 68,
                                      "Workers Planned": 2,
                                      "Plans": [
                                        {
                                          "Node Type": "Aggregate",
                                          "Strategy": "Sorted",
                                          "Partial Mode": "Partial",
                                          "Parent Relationship": "Outer",
                                          "Parallel Aware": false,
                                          "Async Capable": false,
                                          "Startup Cost": 39059.58,
                                          "Total Cost": 39062.4,
                                          "Plan Rows": 24,
                                          "Plan Width": 68,
                                          "Group Key": [
                                            "catalog_returns.cr_call_center_sk"
                                          ],
                                          "Plans": [
                                            {
                                              "Node Type": "Sort",
                                              "Parent Relationship": "Outer",
                                              "Parallel Aware": false,
                                              "Async Capable": false,
                                              "Startup Cost": 39059.58,
                                              "Total Cost": 39060.2,
                                              "Plan Rows": 246,
                                              "Plan Width": 16,
                                              "Sort Key": [
                                                "catalog_returns.cr_call_center_sk"
                                              ],
                                              "Plans": [
                                                {
                                                  "Node Type": "Hash Join",
                                                  "Parent Relationship": "Outer",
                                                  "Parallel Aware": true,
                                                  "Async Capable": false,
                                                  "Join Type": "Inner",
                                                  "Startup Cost": 2049.78,
                                                  "Total Cost": 39049.82,
                                                  "Plan Rows": 246,
                                                  "Plan Width": 16,
                                                  "Inner Unique": false,
                                                  "Hash Cond": "(catalog_returns.cr_returned_date_sk = date_dim_3.d_date_sk)",
                                                  "Plans": [
                                                    {
                                                      "Node Type": "Seq Scan",
                                                      "Parent Relationship": "Outer",
                                                      "Parallel Aware": true,
                                                      "Async Capable": false,
                                                      "Relation Name": "catalog_returns",
                                                      "Alias": "catalog_returns",
                                                      "Startup Cost": 0.0,
                                                      "Total Cost": 34748.95,
                                                      "Plan Rows": 599895,
                                                      "Plan Width": 20,
                                                      "parent": 42,
                                                      "ID": 43
                                                    },
                                                    {
                                                      "Node Type": "Hash",
                                                      "Parent Relationship": "Inner",
                                                      "Parallel Aware": true,
                                                      "Async Capable": false,
                                                      "Startup Cost": 2049.55,
                                                      "Total Cost": 2049.55,
                                                      "Plan Rows": 18,
                                                      "Plan Width": 4,
                                                      "Plans": [
                                                        {
                                                          "Node Type": "Seq Scan",
                                                          "Parent Relationship": "Outer",
                                                          "Parallel Aware": true,
                                                          "Async Capable": false,
                                                          "Relation Name": "date_dim",
                                                          "Alias": "date_dim_3",
                                                          "Startup Cost": 0.0,
                                                          "Total Cost": 2049.55,
                                                          "Plan Rows": 18,
                                                          "Plan Width": 4,
                                                          "Filter": "((d_date >= '1999-08-14'::date) AND (d_date <= '1999-09-13 00:00:00'::timestamp without time zone))",
                                                          "parent": 44,
                                                          "ID": 45
                                                        }
                                                      ],
                                                      "parent": 42,
                                                      "ID": 44,
                                                      "left": 45
                                                    }
                                                  ],
                                                  "parent": 41,
                                                  "ID": 42,
                                                  "left": 43,
                                                  "right": 44
                                                }
                                              ],
                                              "parent": 40,
                                              "ID": 41,
                                              "left": 42
                                            }
                                          ],
                                          "parent": 39,
                                          "ID": 40,
                                          "left": 41
                                        }
                                      ],
                                      "parent": 38,
                                      "ID": 39,
                                      "left": 40
                                    }
                                  ],
                                  "parent": 37,
                                  "ID": 38,
                                  "left": 39
                                }
                              ],
                              "parent": 36,
                              "ID": 37,
                              "left": 38
                            }
                          ],
                          "parent": 27,
                          "ID": 36,
                          "left": 37
                        }
                      ],
                      "parent": 3,
                      "ID": 27,
                      "left": 28,
                      "right": 36
                    },
                    {
                      "Node Type": "Merge Join",
                      "Parent Relationship": "Member",
                      "Parallel Aware": false,
                      "Async Capable": false,
                      "Join Type": "Left",
                      "Startup Cost": 252590.79,
                      "Total Cost": 252726.18,
                      "Plan Rows": 200,
                      "Plan Width": 132,
                      "Inner Unique": true,
                      "Merge Cond": "(web_page.wp_web_page_sk = web_page_1.wp_web_page_sk)",
                      "Plans": [
                        {
                          "Node Type": "Aggregate",
                          "Strategy": "Sorted",
                          "Partial Mode": "Finalize",
                          "Parent Relationship": "Outer",
                          "Parallel Aware": false,
                          "Async Capable": false,
                          "Startup Cost": 232119.07,
                          "Total Cost": 232210.1,
                          "Plan Rows": 200,
                          "Plan Width": 68,
                          "Group Key": [
                            "web_page.wp_web_page_sk"
                          ],
                          "Plans": [
                            {
                              "Node Type": "Gather Merge",
                              "Parent Relationship": "Outer",
                              "Parallel Aware": false,
                              "Async Capable": false,
                              "Startup Cost": 232119.07,
                              "Total Cost": 232202.1,
                              "Plan Rows": 400,
                              "Plan Width": 68,
                              "Workers Planned": 2,
                              "Plans": [
                                {
                                  "Node Type": "Aggregate",
                                  "Strategy": "Sorted",
                                  "Partial Mode": "Partial",
                                  "Parent Relationship": "Outer",
                                  "Parallel Aware": false,
                                  "Async Capable": false,
                                  "Startup Cost": 231119.05,
                                  "Total Cost": 231155.9,
                                  "Plan Rows": 200,
                                  "Plan Width": 68,
                                  "Group Key": [
                                    "web_page.wp_web_page_sk"
                                  ],
                                  "Plans": [
                                    {
                                      "Node Type": "Merge Join",
                                      "Parent Relationship": "Outer",
                                      "Parallel Aware": false,
                                      "Async Capable": false,
                                      "Join Type": "Inner",
                                      "Startup Cost": 231119.05,
                                      "Total Cost": 231143.67,
                                      "Plan Rows": 1231,
                                      "Plan Width": 16,
                                      "Inner Unique": false,
                                      "Merge Cond": "(web_sales.ws_web_page_sk = web_page.wp_web_page_sk)",
                                      "Plans": [
                                        {
                                          "Node Type": "Sort",
                                          "Parent Relationship": "Outer",
                                          "Parallel Aware": false,
                                          "Async Capable": false,
                                          "Startup Cost": 231104.41,
                                          "Total Cost": 231107.48,
                                          "Plan Rows": 1231,
                                          "Plan Width": 16,
                                          "Sort Key": [
                                            "web_sales.ws_web_page_sk"
                                          ],
                                          "Plans": [
                                            {
                                              "Node Type": "Hash Join",
                                              "Parent Relationship": "Outer",
                                              "Parallel Aware": true,
                                              "Async Capable": false,
                                              "Join Type": "Inner",
                                              "Startup Cost": 2049.78,
                                              "Total Cost": 231041.22,
                                              "Plan Rows": 1231,
                                              "Plan Width": 16,
                                              "Inner Unique": false,
                                              "Hash Cond": "(web_sales.ws_sold_date_sk = date_dim_4.d_date_sk)",
                                              "Plans": [
                                                {
                                                  "Node Type": "Seq Scan",
                                                  "Parent Relationship": "Outer",
                                                  "Parallel Aware": true,
                                                  "Async Capable": false,
                                                  "Relation Name": "web_sales",
                                                  "Alias": "web_sales",
                                                  "Startup Cost": 0.0,
                                                  "Total Cost": 217737.86,
                                                  "Plan Rows": 2998986,
                                                  "Plan Width": 20,
                                                  "parent": 52,
                                                  "ID": 53
                                                },
                                                {
                                                  "Node Type": "Hash",
                                                  "Parent Relationship": "Inner",
                                                  "Parallel Aware": true,
                                                  "Async Capable": false,
                                                  "Startup Cost": 2049.55,
                                                  "Total Cost": 2049.55,
                                                  "Plan Rows": 18,
                                                  "Plan Width": 4,
                                                  "Plans": [
                                                    {
                                                      "Node Type": "Seq Scan",
                                                      "Parent Relationship": "Outer",
                                                      "Parallel Aware": true,
                                                      "Async Capable": false,
                                                      "Relation Name": "date_dim",
                                                      "Alias": "date_dim_4",
                                                      "Startup Cost": 0.0,
                                                      "Total Cost": 2049.55,
                                                      "Plan Rows": 18,
                                                      "Plan Width": 4,
                                                      "Filter": "((d_date >= '1999-08-14'::date) AND (d_date <= '1999-09-13 00:00:00'::timestamp without time zone))",
                                                      "parent": 54,
                                                      "ID": 55
                                                    }
                                                  ],
                                                  "parent": 52,
                                                  "ID": 54,
                                                  "left": 55
                                                }
                                              ],
                                              "parent": 51,
                                              "ID": 52,
                                              "left": 53,
                                              "right": 54
                                            }
                                          ],
                                          "parent": 50,
                                          "ID": 51,
                                          "left": 52
                                        },
                                        {
                                          "Node Type": "Sort",
                                          "Parent Relationship": "Inner",
                                          "Parallel Aware": false,
                                          "Async Capable": false,
                                          "Startup Cost": 14.64,
                                          "Total Cost": 15.14,
                                          "Plan Rows": 200,
                                          "Plan Width": 4,
                                          "Sort Key": [
                                            "web_page.wp_web_page_sk"
                                          ],
                                          "Plans": [
                                            {
                                              "Node Type": "Seq Scan",
                                              "Parent Relationship": "Outer",
                                              "Parallel Aware": false,
                                              "Async Capable": false,
                                              "Relation Name": "web_page",
                                              "Alias": "web_page",
                                              "Startup Cost": 0.0,
                                              "Total Cost": 7.0,
                                              "Plan Rows": 200,
                                              "Plan Width": 4,
                                              "parent": 56,
                                              "ID": 57
                                            }
                                          ],
                                          "parent": 50,
                                          "ID": 56,
                                          "left": 57
                                        }
                                      ],
                                      "parent": 49,
                                      "ID": 50,
                                      "left": 51,
                                      "right": 56
                                    }
                                  ],
                                  "parent": 48,
                                  "ID": 49,
                                  "left": 50
                                }
                              ],
                              "parent": 47,
                              "ID": 48,
                              "left": 49
                            }
                          ],
                          "parent": 46,
                          "ID": 47,
                          "left": 48
                        },
                        {
                          "Node Type": "Aggregate",
                          "Strategy": "Sorted",
                          "Partial Mode": "Finalize",
                          "Parent Relationship": "Inner",
                          "Parallel Aware": false,
                          "Async Capable": false,
                          "Startup Cost": 20471.72,
                          "Total Cost": 20508.59,
                          "Plan Rows": 200,
                          "Plan Width": 68,
                          "Group Key": [
                            "web_page_1.wp_web_page_sk"
                          ],
                          "Plans": [
                            {
                              "Node Type": "Gather Merge",
                              "Parent Relationship": "Outer",
                              "Parallel Aware": false,
                              "Async Capable": false,
                              "Startup Cost": 20471.72,
                              "Total Cost": 20502.79,
                              "Plan Rows": 224,
                              "Plan Width": 68,
                              "Workers Planned": 2,
                              "Plans": [
                                {
                                  "Node Type": "Aggregate",
                                  "Strategy": "Sorted",
                                  "Partial Mode": "Partial",
                                  "Parent Relationship": "Outer",
                                  "Parallel Aware": false,
                                  "Async Capable": false,
                                  "Startup Cost": 19471.69,
                                  "Total Cost": 19476.91,
                                  "Plan Rows": 112,
                                  "Plan Width": 68,
                                  "Group Key": [
                                    "web_page_1.wp_web_page_sk"
                                  ],
                                  "Plans": [
                                    {
                                      "Node Type": "Merge Join",
                                      "Parent Relationship": "Outer",
                                      "Parallel Aware": false,
                                      "Async Capable": false,
                                      "Join Type": "Inner",
                                      "Startup Cost": 19471.69,
                                      "Total Cost": 19474.39,
                                      "Plan Rows": 112,
                                      "Plan Width": 16,
                                      "Inner Unique": false,
                                      "Merge Cond": "(web_returns.wr_web_page_sk = web_page_1.wp_web_page_sk)",
                                      "Plans": [
                                        {
                                          "Node Type": "Sort",
                                          "Parent Relationship": "Outer",
                                          "Parallel Aware": false,
                                          "Async Capable": false,
                                          "Startup Cost": 19457.05,
                                          "Total Cost": 19457.35,
                                          "Plan Rows": 118,
                                          "Plan Width": 16,
                                          "Sort Key": [
                                            "web_returns.wr_web_page_sk"
                                          ],
                                          "Plans": [
                                            {
                                              "Node Type": "Hash Join",
                                              "Parent Relationship": "Outer",
                                              "Parallel Aware": true,
                                              "Async Capable": false,
                                              "Join Type": "Inner",
                                              "Startup Cost": 2049.78,
                                              "Total Cost": 19452.99,
                                              "Plan Rows": 118,
                                              "Plan Width": 16,
                                              "Inner Unique": false,
                                              "Hash Cond": "(web_returns.wr_returned_date_sk = date_dim_5.d_date_sk)",
                                              "Plans": [
                                                {
                                                  "Node Type": "Seq Scan",
                                                  "Parent Relationship": "Outer",
                                                  "Parallel Aware": true,
                                                  "Async Capable": false,
                                                  "Relation Name": "web_returns",
                                                  "Alias": "web_returns",
                                                  "Startup Cost": 0.0,
                                                  "Total Cost": 16278.74,
                                                  "Plan Rows": 299674,
                                                  "Plan Width": 20,
                                                  "parent": 63,
                                                  "ID": 64
                                                },
                                                {
                                                  "Node Type": "Hash",
                                                  "Parent Relationship": "Inner",
                                                  "Parallel Aware": true,
                                                  "Async Capable": false,
                                                  "Startup Cost": 2049.55,
                                                  "Total Cost": 2049.55,
                                                  "Plan Rows": 18,
                                                  "Plan Width": 4,
                                                  "Plans": [
                                                    {
                                                      "Node Type": "Seq Scan",
                                                      "Parent Relationship": "Outer",
                                                      "Parallel Aware": true,
                                                      "Async Capable": false,
                                                      "Relation Name": "date_dim",
                                                      "Alias": "date_dim_5",
                                                      "Startup Cost": 0.0,
                                                      "Total Cost": 2049.55,
                                                      "Plan Rows": 18,
                                                      "Plan Width": 4,
                                                      "Filter": "((d_date >= '1999-08-14'::date) AND (d_date <= '1999-09-13 00:00:00'::timestamp without time zone))",
                                                      "parent": 65,
                                                      "ID": 66
                                                    }
                                                  ],
                                                  "parent": 63,
                                                  "ID": 65,
                                                  "left": 66
                                                }
                                              ],
                                              "parent": 62,
                                              "ID": 63,
                                              "left": 64,
                                              "right": 65
                                            }
                                          ],
                                          "parent": 61,
                                          "ID": 62,
                                          "left": 63
                                        },
                                        {
                                          "Node Type": "Sort",
                                          "Parent Relationship": "Inner",
                                          "Parallel Aware": false,
                                          "Async Capable": false,
                                          "Startup Cost": 14.64,
                                          "Total Cost": 15.14,
                                          "Plan Rows": 200,
                                          "Plan Width": 4,
                                          "Sort Key": [
                                            "web_page_1.wp_web_page_sk"
                                          ],
                                          "Plans": [
                                            {
                                              "Node Type": "Seq Scan",
                                              "Parent Relationship": "Outer",
                                              "Parallel Aware": false,
                                              "Async Capable": false,
                                              "Relation Name": "web_page",
                                              "Alias": "web_page_1",
                                              "Startup Cost": 0.0,
                                              "Total Cost": 7.0,
                                              "Plan Rows": 200,
                                              "Plan Width": 4,
                                              "parent": 67,
                                              "ID": 68
                                            }
                                          ],
                                          "parent": 61,
                                          "ID": 67,
                                          "left": 68
                                        }
                                      ],
                                      "parent": 60,
                                      "ID": 61,
                                      "left": 62,
                                      "right": 67
                                    }
                                  ],
                                  "parent": 59,
                                  "ID": 60,
                                  "left": 61
                                }
                              ],
                              "parent": 58,
                              "ID": 59,
                              "left": 60
                            }
                          ],
                          "parent": 46,
                          "ID": 58,
                          "left": 59
                        }
                      ],
                      "parent": 3,
                      "ID": 46,
                      "left": 47,
                      "right": 58
                    }
                  ],
                  "parent": 2,
                  "ID": 3,
                  "left": 4,
                  "right": 27
                }
              ],
              "parent": 1,
              "ID": 2,
              "left": 3
            }
          ],
          "parent": 0,
          "ID": 1,
          "left": 2
        }
      ],
      "parent": null,
      "ID": 0,
      "left": 1
    },
    "feat": {
      "utility": 4.330045377583032e-06,
      "query_shape": [
        [
          "Seq Scan",
          "Hash Join",
          "Sort",
          "Merge Join",
          "Aggregate",
          "Gather Merge",
          "Append"
        ],
        [
          "Seq Scan",
          "Hash",
          "Hash Join",
          "Sort",
          "Merge Join",
          "Aggregate",
          "Gather Merge",
          "Append"
        ],
        [
          "Seq Scan",
          "Sort",
          "Merge Join",
          "Aggregate",
          "Gather Merge",
          "Append"
        ],
        [
          "Seq Scan",
          "Hash Join",
          "Sort",
          "Merge Join",
          "Aggregate",
          "Gather Merge",
          "Append"
        ],
        [
          "Seq Scan",
          "Hash",
          "Hash Join",
          "Sort",
          "Merge Join",
          "Aggregate",
          "Gather Merge",
          "Append"
        ],
        [
          "Seq Scan",
          "Sort",
          "Merge Join",
          "Aggregate",
          "Gather Merge",
          "Append"
        ],
        [
          "Seq Scan",
          "Hash Join",
          "Sort",
          "Aggregate",
          "Gather Merge",
          "Nested Loop",
          "Append"
        ],
        [
          "Seq Scan",
          "Hash",
          "Hash Join",
          "Sort",
          "Aggregate",
          "Gather Merge",
          "Nested Loop",
          "Append"
        ],
        [
          "Seq Scan",
          "Hash Join",
          "Sort",
          "Aggregate",
          "Gather Merge",
          "Subquery Scan",
          "Materialize",
          "Nested Loop",
          "Append"
        ],
        [
          "Seq Scan",
          "Hash",
          "Hash Join",
          "Sort",
          "Aggregate",
          "Gather Merge",
          "Subquery Scan",
          "Materialize",
          "Nested Loop",
          "Append"
        ],
        [
          "Seq Scan",
          "Hash Join",
          "Sort",
          "Merge Join",
          "Aggregate",
          "Gather Merge",
          "Append"
        ],
        [
          "Seq Scan",
          "Hash",
          "Hash Join",
          "Sort",
          "Merge Join",
          "Aggregate",
          "Gather Merge",
          "Append"
        ],
        [
          "Seq Scan",
          "Sort",
          "Merge Join",
          "Aggregate",
          "Gather Merge",
          "Append"
        ],
        [
          "Seq Scan",
          "Hash Join",
          "Sort",
          "Merge Join",
          "Aggregate",
          "Gather Merge",
          "Append"
        ],
        [
          "Seq Scan",
          "Hash",
          "Hash Join",
          "Sort",
          "Merge Join",
          "Aggregate",
          "Gather Merge",
          "Append"
        ],
        [
          "Seq Scan",
          "Sort",
          "Merge Join",
          "Aggregate",
          "Gather Merge",
          "Append"
        ]
      ],
      "index_shape": [
        "join"
      ],
      "physical_operator": {
        "Merge Join": [
          0.0688894963827172
        ],
        "Sort": [
          "[  1.   4.   8.  13.  16.  20.  25.  28.  32.  37.  40.  44.  49.  52.\n  56.  61.  64.  68.  73.  76.  80.  85.  88.  92.  97. 101. 104. 109.\n 113. 116. 121. 125. 128. 133. 137. 141. 145. 149. 153. 157. 161. 165.\n 169. 174. 177. 181. 186. 189. 193. 198. 200.]"
        ]
      }
    }
  },
  {
    "query": "with ss as\n (select s_store_sk,\n         sum(ss_ext_sales_price) as sales,\n         sum(ss_net_profit) as profit\n from store_sales,\n      date_dim,\n      store\n where ss_sold_date_sk = d_date_sk\n       and d_date between cast('1999-08-14' as date) \n                  and (cast('1999-08-14' as date) +  interval '30 days') \n       and ss_store_sk = s_store_sk\n group by s_store_sk)\n ,\n sr as\n (select s_store_sk,\n         sum(sr_return_amt) as returns,\n         sum(sr_net_loss) as profit_loss\n from store_returns,\n      date_dim,\n      store\n where sr_returned_date_sk = d_date_sk\n       and d_date between cast('1999-08-14' as date)\n                  and (cast('1999-08-14' as date) +  interval '30 days')\n       and sr_store_sk = s_store_sk\n group by s_store_sk), \n cs as\n (select cs_call_center_sk,\n        sum(cs_ext_sales_price) as sales,\n        sum(cs_net_profit) as profit\n from catalog_sales,\n      date_dim\n where cs_sold_date_sk = d_date_sk\n       and d_date between cast('1999-08-14' as date)\n                  and (cast('1999-08-14' as date) +  interval '30 days')\n group by cs_call_center_sk \n ), \n cr as\n (select cr_call_center_sk,\n         sum(cr_return_amount) as returns,\n         sum(cr_net_loss) as profit_loss\n from catalog_returns,\n      date_dim\n where cr_returned_date_sk = d_date_sk\n       and d_date between cast('1999-08-14' as date)\n                  and (cast('1999-08-14' as date) +  interval '30 days')\n group by cr_call_center_sk\n ), \n ws as\n ( select wp_web_page_sk,\n        sum(ws_ext_sales_price) as sales,\n        sum(ws_net_profit) as profit\n from web_sales,\n      date_dim,\n      web_page\n where ws_sold_date_sk = d_date_sk\n       and d_date between cast('1999-08-14' as date)\n                  and (cast('1999-08-14' as date) +  interval '30 days')\n       and ws_web_page_sk = wp_web_page_sk\n group by wp_web_page_sk), \n wr as\n (select wp_web_page_sk,\n        sum(wr_return_amt) as returns,\n        sum(wr_net_loss) as profit_loss\n from web_returns,\n      date_dim,\n      web_page\n where wr_returned_date_sk = d_date_sk\n       and d_date between cast('1999-08-14' as date)\n                  and (cast('1999-08-14' as date) +  interval '30 days')\n       and wr_web_page_sk = wp_web_page_sk\n group by wp_web_page_sk)\n  select  channel\n        , id\n        , sum(sales) as sales\n        , sum(returns) as returns\n        , sum(profit) as profit\n from \n (select 'store channel' as channel\n        , ss.s_store_sk as id\n        , sales\n        , coalesce(returns, 0) as returns\n        , (profit - coalesce(profit_loss,0)) as profit\n from   ss left join sr\n        on  ss.s_store_sk = sr.s_store_sk\n union all\n select 'catalog channel' as channel\n        , cs_call_center_sk as id\n        , sales\n        , returns\n        , (profit - profit_loss) as profit\n from  cs\n       , cr\n union all\n select 'web channel' as channel\n        , ws.wp_web_page_sk as id\n        , sales\n        , coalesce(returns, 0) as returns\n        , (profit - coalesce(profit_loss,0)) as profit\n from   ws left join wr\n        on  ws.wp_web_page_sk = wr.wp_web_page_sk\n ) x\n group by rollup (channel, id)\n order by channel\n         ,id\n limit 100;\n\n-- end query 58 in stream 0 using template query77.tpl\n",
    "indexes": "web_returns.wr_return_amt",
    "wo plan est": {
      "Node Type": "Limit",
      "Parallel Aware": false,
      "Async Capable": false,
      "Startup Cost": 1505243.45,
      "Total Cost": 1505243.7,
      "Plan Rows": 100,
      "Plan Width": 132,
      "Plans": [
        {
          "Node Type": "Sort",
          "Parent Relationship": "Outer",
          "Parallel Aware": false,
          "Async Capable": false,
          "Startup Cost": 1505243.45,
          "Total Cost": 1505244.45,
          "Plan Rows": 401,
          "Plan Width": 132,
          "Sort Key": [
            "('store channel'::text)",
            "store.s_store_sk"
          ],
          "Plans": [
            {
              "Node Type": "Aggregate",
              "Strategy": "Mixed",
              "Partial Mode": "Simple",
              "Parent Relationship": "Outer",
              "Parallel Aware": false,
              "Async Capable": false,
              "Startup Cost": 752755.06,
              "Total Cost": 1505228.12,
              "Plan Rows": 401,
              "Plan Width": 132,
              "Grouping Sets": [
                {
                  "Hash Keys": [
                    [
                      "('store channel'::text)",
                      "store.s_store_sk"
                    ]
                  ]
                },
                {
                  "Hash Keys": [
                    [
                      "('store channel'::text)"
                    ]
                  ]
                },
                {
                  "Group Keys": [
                    []
                  ]
                }
              ],
              "Planned Partitions": 0,
              "Plans": [
                {
                  "Node Type": "Append",
                  "Parent Relationship": "Outer",
                  "Parallel Aware": false,
                  "Async Capable": false,
                  "Startup Cost": 752755.06,
                  "Total Cost": 1505194.76,
                  "Plan Rows": 878,
                  "Plan Width": 132,
                  "Subplans Removed": 0,
                  "Plans": [
                    {
                      "Node Type": "Merge Join",
                      "Parent Relationship": "Member",
                      "Parallel Aware": false,
                      "Async Capable": false,
                      "Join Type": "Left",
                      "Startup Cost": 752755.06,
                      "Total Cost": 752953.3,
                      "Plan Rows": 102,
                      "Plan Width": 132,
                      "Inner Unique": true,
                      "Merge Cond": "(store.s_store_sk = store_1.s_store_sk)",
                      "Plans": [
                        {
                          "Node Type": "Aggregate",
                          "Strategy": "Sorted",
                          "Partial Mode": "Finalize",
                          "Parent Relationship": "Outer",
                          "Parallel Aware": false,
                          "Async Capable": false,
                          "Startup Cost": 685291.07,
                          "Total Cost": 685443.67,
                          "Plan Rows": 102,
                          "Plan Width": 68,
                          "Group Key": [
                            "store.s_store_sk"
                          ],
                          "Plans": [
                            {
                              "Node Type": "Gather Merge",
                              "Parent Relationship": "Outer",
                              "Parallel Aware": false,
                              "Async Capable": false,
                              "Startup Cost": 685291.07,
                              "Total Cost": 685439.59,
                              "Plan Rows": 204,
                              "Plan Width": 68,
                              "Workers Planned": 2,
                              "Plans": [
                                {
                                  "Node Type": "Aggregate",
                                  "Strategy": "Sorted",
                                  "Partial Mode": "Partial",
                                  "Parent Relationship": "Outer",
                                  "Parallel Aware": false,
                                  "Async Capable": false,
                                  "Startup Cost": 684291.04,
                                  "Total Cost": 684416.02,
                                  "Plan Rows": 102,
                                  "Plan Width": 68,
                                  "Group Key": [
                                    "store.s_store_sk"
                                  ],
                                  "Plans": [
                                    {
                                      "Node Type": "Merge Join",
                                      "Parent Relationship": "Outer",
                                      "Parallel Aware": false,
                                      "Async Capable": false,
                                      "Join Type": "Inner",
                                      "Startup Cost": 684291.04,
                                      "Total Cost": 684380.82,
                                      "Plan Rows": 4489,
                                      "Plan Width": 16,
                                      "Inner Unique": false,
                                      "Merge Cond": "(store_sales.ss_store_sk = store.s_store_sk)",
                                      "Plans": [
                                        {
                                          "Node Type": "Sort",
                                          "Parent Relationship": "Outer",
                                          "Parallel Aware": false,
                                          "Async Capable": false,
                                          "Startup Cost": 684281.62,
                                          "Total Cost": 684293.38,
                                          "Plan Rows": 4703,
                                          "Plan Width": 16,
                                          "Sort Key": [
                                            "store_sales.ss_store_sk"
                                          ],
                                          "Plans": [
                                            {
                                              "Node Type": "Hash Join",
                                              "Parent Relationship": "Outer",
                                              "Parallel Aware": true,
                                              "Async Capable": false,
                                              "Join Type": "Inner",
                                              "Startup Cost": 2049.78,
                                              "Total Cost": 683994.75,
                                              "Plan Rows": 4703,
                                              "Plan Width": 16,
                                              "Inner Unique": false,
                                              "Hash Cond": "(store_sales.ss_sold_date_sk = date_dim.d_date_sk)",
                                              "Plans": [
                                                {
                                                  "Node Type": "Seq Scan",
                                                  "Parent Relationship": "Outer",
                                                  "Parallel Aware": true,
                                                  "Async Capable": false,
                                                  "Relation Name": "store_sales",
                                                  "Alias": "store_sales",
                                                  "Startup Cost": 0.0,
                                                  "Total Cost": 636914.37,
                                                  "Plan Rows": 12000637,
                                                  "Plan Width": 20,
                                                  "parent": 10,
                                                  "ID": 11
                                                },
                                                {
                                                  "Node Type": "Hash",
                                                  "Parent Relationship": "Inner",
                                                  "Parallel Aware": true,
                                                  "Async Capable": false,
                                                  "Startup Cost": 2049.55,
                                                  "Total Cost": 2049.55,
                                                  "Plan Rows": 18,
                                                  "Plan Width": 4,
                                                  "Plans": [
                                                    {
                                                      "Node Type": "Seq Scan",
                                                      "Parent Relationship": "Outer",
                                                      "Parallel Aware": true,
                                                      "Async Capable": false,
                                                      "Relation Name": "date_dim",
                                                      "Alias": "date_dim",
                                                      "Startup Cost": 0.0,
                                                      "Total Cost": 2049.55,
                                                      "Plan Rows": 18,
                                                      "Plan Width": 4,
                                                      "Filter": "((d_date >= '1999-08-14'::date) AND (d_date <= '1999-09-13 00:00:00'::timestamp without time zone))",
                                                      "parent": 12,
                                                      "ID": 13
                                                    }
                                                  ],
                                                  "parent": 10,
                                                  "ID": 12,
                                                  "left": 13
                                                }
                                              ],
                                              "parent": 9,
                                              "ID": 10,
                                              "left": 11,
                                              "right": 12
                                            }
                                          ],
                                          "parent": 8,
                                          "ID": 9,
                                          "left": 10
                                        },
                                        {
                                          "Node Type": "Sort",
                                          "Parent Relationship": "Inner",
                                          "Parallel Aware": false,
                                          "Async Capable": false,
                                          "Startup Cost": 9.42,
                                          "Total Cost": 9.68,
                                          "Plan Rows": 102,
                                          "Plan Width": 4,
                                          "Sort Key": [
                                            "store.s_store_sk"
                                          ],
                                          "Plans": [
                                            {
                                              "Node Type": "Seq Scan",
                                              "Parent Relationship": "Outer",
                                              "Parallel Aware": false,
                                              "Async Capable": false,
                                              "Relation Name": "store",
                                              "Alias": "store",
                                              "Startup Cost": 0.0,
                                              "Total Cost": 6.02,
                                              "Plan Rows": 102,
                                              "Plan Width": 4,
                                              "parent": 14,
                                              "ID": 15
                                            }
                                          ],
                                          "parent": 8,
                                          "ID": 14,
                                          "left": 15
                                        }
                                      ],
                                      "parent": 7,
                                      "ID": 8,
                                      "left": 9,
                                      "right": 14
                                    }
                                  ],
                                  "parent": 6,
                                  "ID": 7,
                                  "left": 8
                                }
                              ],
                              "parent": 5,
                              "ID": 6,
                              "left": 7
                            }
                          ],
                          "parent": 4,
                          "ID": 5,
                          "left": 6
                        },
                        {
                          "Node Type": "Aggregate",
                          "Strategy": "Sorted",
                          "Partial Mode": "Finalize",
                          "Parent Relationship": "Inner",
                          "Parallel Aware": false,
                          "Async Capable": false,
                          "Startup Cost": 67464.0,
                          "Total Cost": 67505.8,
                          "Plan Rows": 102,
                          "Plan Width": 68,
                          "Group Key": [
                            "store_1.s_store_sk"
                          ],
                          "Plans": [
                            {
                              "Node Type": "Gather Merge",
                              "Parent Relationship": "Outer",
                              "Parallel Aware": false,
                              "Async Capable": false,
                              "Startup Cost": 67464.0,
                              "Total Cost": 67501.72,
                              "Plan Rows": 204,
                              "Plan Width": 68,
                              "Workers Planned": 2,
                              "Plans": [
                                {
                                  "Node Type": "Aggregate",
                                  "Strategy": "Sorted",
                                  "Partial Mode": "Partial",
                                  "Parent Relationship": "Outer",
                                  "Parallel Aware": false,
                                  "Async Capable": false,
                                  "Startup Cost": 66463.97,
                                  "Total Cost": 66478.15,
                                  "Plan Rows": 102,
                                  "Plan Width": 68,
                                  "Group Key": [
                                    "store_1.s_store_sk"
                                  ],
                                  "Plans": [
                                    {
                                      "Node Type": "Merge Join",
                                      "Parent Relationship": "Outer",
                                      "Parallel Aware": false,
                                      "Async Capable": false,
                                      "Join Type": "Inner",
                                      "Startup Cost": 66463.97,
                                      "Total Cost": 66473.17,
                                      "Plan Rows": 460,
                                      "Plan Width": 16,
                                      "Inner Unique": false,
                                      "Merge Cond": "(store_returns.sr_store_sk = store_1.s_store_sk)",
                                      "Plans": [
                                        {
                                          "Node Type": "Sort",
                                          "Parent Relationship": "Outer",
                                          "Parallel Aware": false,
                                          "Async Capable": false,
                                          "Startup Cost": 66454.55,
                                          "Total Cost": 66455.74,
                                          "Plan Rows": 476,
                                          "Plan Width": 16,
                                          "Sort Key": [
                                            "store_returns.sr_store_sk"
                                          ],
                                          "Plans": [
                                            {
                                              "Node Type": "Hash Join",
                                              "Parent Relationship": "Outer",
                                              "Parallel Aware": true,
                                              "Async Capable": false,
                                              "Join Type": "Inner",
                                              "Startup Cost": 2049.78,
                                              "Total Cost": 66433.38,
                                              "Plan Rows": 476,
                                              "Plan Width": 16,
                                              "Inner Unique": false,
                                              "Hash Cond": "(store_returns.sr_returned_date_sk = date_dim_1.d_date_sk)",
                                              "Plans": [
                                                {
                                                  "Node Type": "Seq Scan",
                                                  "Parent Relationship": "Outer",
                                                  "Parallel Aware": true,
                                                  "Async Capable": false,
                                                  "Relation Name": "store_returns",
                                                  "Alias": "store_returns",
                                                  "Startup Cost": 0.0,
                                                  "Total Cost": 59887.64,
                                                  "Plan Rows": 1198164,
                                                  "Plan Width": 20,
                                                  "parent": 21,
                                                  "ID": 22
                                                },
                                                {
                                                  "Node Type": "Hash",
                                                  "Parent Relationship": "Inner",
                                                  "Parallel Aware": true,
                                                  "Async Capable": false,
                                                  "Startup Cost": 2049.55,
                                                  "Total Cost": 2049.55,
                                                  "Plan Rows": 18,
                                                  "Plan Width": 4,
                                                  "Plans": [
                                                    {
                                                      "Node Type": "Seq Scan",
                                                      "Parent Relationship": "Outer",
                                                      "Parallel Aware": true,
                                                      "Async Capable": false,
                                                      "Relation Name": "date_dim",
                                                      "Alias": "date_dim_1",
                                                      "Startup Cost": 0.0,
                                                      "Total Cost": 2049.55,
                                                      "Plan Rows": 18,
                                                      "Plan Width": 4,
                                                      "Filter": "((d_date >= '1999-08-14'::date) AND (d_date <= '1999-09-13 00:00:00'::timestamp without time zone))",
                                                      "parent": 23,
                                                      "ID": 24
                                                    }
                                                  ],
                                                  "parent": 21,
                                                  "ID": 23,
                                                  "left": 24
                                                }
                                              ],
                                              "parent": 20,
                                              "ID": 21,
                                              "left": 22,
                                              "right": 23
                                            }
                                          ],
                                          "parent": 19,
                                          "ID": 20,
                                          "left": 21
                                        },
                                        {
                                          "Node Type": "Sort",
                                          "Parent Relationship": "Inner",
                                          "Parallel Aware": false,
                                          "Async Capable": false,
                                          "Startup Cost": 9.42,
                                          "Total Cost": 9.68,
                                          "Plan Rows": 102,
                                          "Plan Width": 4,
                                          "Sort Key": [
                                            "store_1.s_store_sk"
                                          ],
                                          "Plans": [
                                            {
                                              "Node Type": "Seq Scan",
                                              "Parent Relationship": "Outer",
                                              "Parallel Aware": false,
                                              "Async Capable": false,
                                              "Relation Name": "store",
                                              "Alias": "store_1",
                                              "Startup Cost": 0.0,
                                              "Total Cost": 6.02,
                                              "Plan Rows": 102,
                                              "Plan Width": 4,
                                              "parent": 25,
                                              "ID": 26
                                            }
                                          ],
                                          "parent": 19,
                                          "ID": 25,
                                          "left": 26
                                        }
                                      ],
                                      "parent": 18,
                                      "ID": 19,
                                      "left": 20,
                                      "right": 25
                                    }
                                  ],
                                  "parent": 17,
                                  "ID": 18,
                                  "left": 19
                                }
                              ],
                              "parent": 16,
                              "ID": 17,
                              "left": 18
                            }
                          ],
                          "parent": 4,
                          "ID": 16,
                          "left": 17
                        }
                      ],
                      "parent": 3,
                      "ID": 4,
                      "left": 5,
                      "right": 16
                    },
                    {
                      "Node Type": "Nested Loop",
                      "Parent Relationship": "Member",
                      "Parallel Aware": false,
                      "Async Capable": false,
                      "Join Type": "Inner",
                      "Startup Cost": 499452.25,
                      "Total Cost": 499502.11,
                      "Plan Rows": 576,
                      "Plan Width": 132,
                      "Inner Unique": false,
                      "Plans": [
                        {
                          "Node Type": "Aggregate",
                          "Strategy": "Sorted",
                          "Partial Mode": "Finalize",
                          "Parent Relationship": "Outer",
                          "Parallel Aware": false,
                          "Async Capable": false,
                          "Startup Cost": 459392.64,
                          "Total Cost": 459424.0,
                          "Plan Rows": 24,
                          "Plan Width": 68,
                          "Group Key": [
                            "catalog_sales.cs_call_center_sk"
                          ],
                          "Plans": [
                            {
                              "Node Type": "Gather Merge",
                              "Parent Relationship": "Outer",
                              "Parallel Aware": false,
                              "Async Capable": false,
                              "Startup Cost": 459392.64,
                              "Total Cost": 459423.04,
                              "Plan Rows": 48,
                              "Plan Width": 68,
                              "Workers Planned": 2,
                              "Plans": [
                                {
                                  "Node Type": "Aggregate",
                                  "Strategy": "Sorted",
                                  "Partial Mode": "Partial",
                                  "Parent Relationship": "Outer",
                                  "Parallel Aware": false,
                                  "Async Capable": false,
                                  "Startup Cost": 458392.62,
                                  "Total Cost": 458417.48,
                                  "Plan Rows": 24,
                                  "Plan Width": 68,
                                  "Group Key": [
                                    "catalog_sales.cs_call_center_sk"
                                  ],
                                  "Plans": [
                                    {
                                      "Node Type": "Sort",
                                      "Parent Relationship": "Outer",
                                      "Parallel Aware": false,
                                      "Async Capable": false,
                                      "Startup Cost": 458392.62,
                                      "Total Cost": 458398.74,
                                      "Plan Rows": 2450,
                                      "Plan Width": 16,
                                      "Sort Key": [
                                        "catalog_sales.cs_call_center_sk"
                                      ],
                                      "Plans": [
                                        {
                                          "Node Type": "Hash Join",
                                          "Parent Relationship": "Outer",
                                          "Parallel Aware": true,
                                          "Async Capable": false,
                                          "Join Type": "Inner",
                                          "Startup Cost": 2049.78,
                                          "Total Cost": 458254.7,
                                          "Plan Rows": 2450,
                                          "Plan Width": 16,
                                          "Inner Unique": false,
                                          "Hash Cond": "(catalog_sales.cs_sold_date_sk = date_dim_2.d_date_sk)",
                                          "Plans": [
                                            {
                                              "Node Type": "Seq Scan",
                                              "Parent Relationship": "Outer",
                                              "Parallel Aware": true,
                                              "Async Capable": false,
                                              "Relation Name": "catalog_sales",
                                              "Alias": "catalog_sales",
                                              "Startup Cost": 0.0,
                                              "Total Cost": 433688.25,
                                              "Plan Rows": 6000525,
                                              "Plan Width": 20,
                                              "parent": 32,
                                              "ID": 33
                                            },
                                            {
                                              "Node Type": "Hash",
                                              "Parent Relationship": "Inner",
                                              "Parallel Aware": true,
                                              "Async Capable": false,
                                              "Startup Cost": 2049.55,
                                              "Total Cost": 2049.55,
                                              "Plan Rows": 18,
                                              "Plan Width": 4,
                                              "Plans": [
                                                {
                                                  "Node Type": "Seq Scan",
                                                  "Parent Relationship": "Outer",
                                                  "Parallel Aware": true,
                                                  "Async Capable": false,
                                                  "Relation Name": "date_dim",
                                                  "Alias": "date_dim_2",
                                                  "Startup Cost": 0.0,
                                                  "Total Cost": 2049.55,
                                                  "Plan Rows": 18,
                                                  "Plan Width": 4,
                                                  "Filter": "((d_date >= '1999-08-14'::date) AND (d_date <= '1999-09-13 00:00:00'::timestamp without time zone))",
                                                  "parent": 34,
                                                  "ID": 35
                                                }
                                              ],
                                              "parent": 32,
                                              "ID": 34,
                                              "left": 35
                                            }
                                          ],
                                          "parent": 31,
                                          "ID": 32,
                                          "left": 33,
                                          "right": 34
                                        }
                                      ],
                                      "parent": 30,
                                      "ID": 31,
                                      "left": 32
                                    }
                                  ],
                                  "parent": 29,
                                  "ID": 30,
                                  "left": 31
                                }
                              ],
                              "parent": 28,
                              "ID": 29,
                              "left": 30
                            }
                          ],
                          "parent": 27,
                          "ID": 28,
                          "left": 29
                        },
                        {
                          "Node Type": "Materialize",
                          "Parent Relationship": "Inner",
                          "Parallel Aware": false,
                          "Async Capable": false,
                          "Startup Cost": 40059.61,
                          "Total Cost": 40069.29,
                          "Plan Rows": 24,
                          "Plan Width": 64,
                          "Plans": [
                            {
                              "Node Type": "Subquery Scan",
                              "Parent Relationship": "Outer",
                              "Parallel Aware": false,
                              "Async Capable": false,
                              "Alias": "cr",
                              "Startup Cost": 40059.61,
                              "Total Cost": 40069.17,
                              "Plan Rows": 24,
                              "Plan Width": 64,
                              "Plans": [
                                {
                                  "Node Type": "Aggregate",
                                  "Strategy": "Sorted",
                                  "Partial Mode": "Finalize",
                                  "Parent Relationship": "Subquery",
                                  "Parallel Aware": false,
                                  "Async Capable": false,
                                  "Startup Cost": 40059.61,
                                  "Total Cost": 40068.93,
                                  "Plan Rows": 24,
                                  "Plan Width": 68,
                                  "Group Key": [
                                    "catalog_returns.cr_call_center_sk"
                                  ],
                                  "Plans": [
                                    {
                                      "Node Type": "Gather Merge",
                                      "Parent Relationship": "Outer",
                                      "Parallel Aware": false,
                                      "Async Capable": false,
                                      "Startup Cost": 40059.61,
                                      "Total Cost": 40067.97,
                                      "Plan Rows": 48,
                                      "Plan Width": 68,
                                      "Workers Planned": 2,
                                      "Plans": [
                                        {
                                          "Node Type": "Aggregate",
                                          "Strategy": "Sorted",
                                          "Partial Mode": "Partial",
                                          "Parent Relationship": "Outer",
                                          "Parallel Aware": false,
                                          "Async Capable": false,
                                          "Startup Cost": 39059.58,
                                          "Total Cost": 39062.4,
                                          "Plan Rows": 24,
                                          "Plan Width": 68,
                                          "Group Key": [
                                            "catalog_returns.cr_call_center_sk"
                                          ],
                                          "Plans": [
                                            {
                                              "Node Type": "Sort",
                                              "Parent Relationship": "Outer",
                                              "Parallel Aware": false,
                                              "Async Capable": false,
                                              "Startup Cost": 39059.58,
                                              "Total Cost": 39060.2,
                                              "Plan Rows": 246,
                                              "Plan Width": 16,
                                              "Sort Key": [
                                                "catalog_returns.cr_call_center_sk"
                                              ],
                                              "Plans": [
                                                {
                                                  "Node Type": "Hash Join",
                                                  "Parent Relationship": "Outer",
                                                  "Parallel Aware": true,
                                                  "Async Capable": false,
                                                  "Join Type": "Inner",
                                                  "Startup Cost": 2049.78,
                                                  "Total Cost": 39049.82,
                                                  "Plan Rows": 246,
                                                  "Plan Width": 16,
                                                  "Inner Unique": false,
                                                  "Hash Cond": "(catalog_returns.cr_returned_date_sk = date_dim_3.d_date_sk)",
                                                  "Plans": [
                                                    {
                                                      "Node Type": "Seq Scan",
                                                      "Parent Relationship": "Outer",
                                                      "Parallel Aware": true,
                                                      "Async Capable": false,
                                                      "Relation Name": "catalog_returns",
                                                      "Alias": "catalog_returns",
                                                      "Startup Cost": 0.0,
                                                      "Total Cost": 34748.95,
                                                      "Plan Rows": 599895,
                                                      "Plan Width": 20,
                                                      "parent": 42,
                                                      "ID": 43
                                                    },
                                                    {
                                                      "Node Type": "Hash",
                                                      "Parent Relationship": "Inner",
                                                      "Parallel Aware": true,
                                                      "Async Capable": false,
                                                      "Startup Cost": 2049.55,
                                                      "Total Cost": 2049.55,
                                                      "Plan Rows": 18,
                                                      "Plan Width": 4,
                                                      "Plans": [
                                                        {
                                                          "Node Type": "Seq Scan",
                                                          "Parent Relationship": "Outer",
                                                          "Parallel Aware": true,
                                                          "Async Capable": false,
                                                          "Relation Name": "date_dim",
                                                          "Alias": "date_dim_3",
                                                          "Startup Cost": 0.0,
                                                          "Total Cost": 2049.55,
                                                          "Plan Rows": 18,
                                                          "Plan Width": 4,
                                                          "Filter": "((d_date >= '1999-08-14'::date) AND (d_date <= '1999-09-13 00:00:00'::timestamp without time zone))",
                                                          "parent": 44,
                                                          "ID": 45
                                                        }
                                                      ],
                                                      "parent": 42,
                                                      "ID": 44,
                                                      "left": 45
                                                    }
                                                  ],
                                                  "parent": 41,
                                                  "ID": 42,
                                                  "left": 43,
                                                  "right": 44
                                                }
                                              ],
                                              "parent": 40,
                                              "ID": 41,
                                              "left": 42
                                            }
                                          ],
                                          "parent": 39,
                                          "ID": 40,
                                          "left": 41
                                        }
                                      ],
                                      "parent": 38,
                                      "ID": 39,
                                      "left": 40
                                    }
                                  ],
                                  "parent": 37,
                                  "ID": 38,
                                  "left": 39
                                }
                              ],
                              "parent": 36,
                              "ID": 37,
                              "left": 38
                            }
                          ],
                          "parent": 27,
                          "ID": 36,
                          "left": 37
                        }
                      ],
                      "parent": 3,
                      "ID": 27,
                      "left": 28,
                      "right": 36
                    },
                    {
                      "Node Type": "Merge Join",
                      "Parent Relationship": "Member",
                      "Parallel Aware": false,
                      "Async Capable": false,
                      "Join Type": "Left",
                      "Startup Cost": 252590.79,
                      "Total Cost": 252726.18,
                      "Plan Rows": 200,
                      "Plan Width": 132,
                      "Inner Unique": true,
                      "Merge Cond": "(web_page.wp_web_page_sk = web_page_1.wp_web_page_sk)",
                      "Plans": [
                        {
                          "Node Type": "Aggregate",
                          "Strategy": "Sorted",
                          "Partial Mode": "Finalize",
                          "Parent Relationship": "Outer",
                          "Parallel Aware": false,
                          "Async Capable": false,
                          "Startup Cost": 232119.07,
                          "Total Cost": 232210.1,
                          "Plan Rows": 200,
                          "Plan Width": 68,
                          "Group Key": [
                            "web_page.wp_web_page_sk"
                          ],
                          "Plans": [
                            {
                              "Node Type": "Gather Merge",
                              "Parent Relationship": "Outer",
                              "Parallel Aware": false,
                              "Async Capable": false,
                              "Startup Cost": 232119.07,
                              "Total Cost": 232202.1,
                              "Plan Rows": 400,
                              "Plan Width": 68,
                              "Workers Planned": 2,
                              "Plans": [
                                {
                                  "Node Type": "Aggregate",
                                  "Strategy": "Sorted",
                                  "Partial Mode": "Partial",
                                  "Parent Relationship": "Outer",
                                  "Parallel Aware": false,
                                  "Async Capable": false,
                                  "Startup Cost": 231119.05,
                                  "Total Cost": 231155.9,
                                  "Plan Rows": 200,
                                  "Plan Width": 68,
                                  "Group Key": [
                                    "web_page.wp_web_page_sk"
                                  ],
                                  "Plans": [
                                    {
                                      "Node Type": "Merge Join",
                                      "Parent Relationship": "Outer",
                                      "Parallel Aware": false,
                                      "Async Capable": false,
                                      "Join Type": "Inner",
                                      "Startup Cost": 231119.05,
                                      "Total Cost": 231143.67,
                                      "Plan Rows": 1231,
                                      "Plan Width": 16,
                                      "Inner Unique": false,
                                      "Merge Cond": "(web_sales.ws_web_page_sk = web_page.wp_web_page_sk)",
                                      "Plans": [
                                        {
                                          "Node Type": "Sort",
                                          "Parent Relationship": "Outer",
                                          "Parallel Aware": false,
                                          "Async Capable": false,
                                          "Startup Cost": 231104.41,
                                          "Total Cost": 231107.48,
                                          "Plan Rows": 1231,
                                          "Plan Width": 16,
                                          "Sort Key": [
                                            "web_sales.ws_web_page_sk"
                                          ],
                                          "Plans": [
                                            {
                                              "Node Type": "Hash Join",
                                              "Parent Relationship": "Outer",
                                              "Parallel Aware": true,
                                              "Async Capable": false,
                                              "Join Type": "Inner",
                                              "Startup Cost": 2049.78,
                                              "Total Cost": 231041.22,
                                              "Plan Rows": 1231,
                                              "Plan Width": 16,
                                              "Inner Unique": false,
                                              "Hash Cond": "(web_sales.ws_sold_date_sk = date_dim_4.d_date_sk)",
                                              "Plans": [
                                                {
                                                  "Node Type": "Seq Scan",
                                                  "Parent Relationship": "Outer",
                                                  "Parallel Aware": true,
                                                  "Async Capable": false,
                                                  "Relation Name": "web_sales",
                                                  "Alias": "web_sales",
                                                  "Startup Cost": 0.0,
                                                  "Total Cost": 217737.86,
                                                  "Plan Rows": 2998986,
                                                  "Plan Width": 20,
                                                  "parent": 52,
                                                  "ID": 53
                                                },
                                                {
                                                  "Node Type": "Hash",
                                                  "Parent Relationship": "Inner",
                                                  "Parallel Aware": true,
                                                  "Async Capable": false,
                                                  "Startup Cost": 2049.55,
                                                  "Total Cost": 2049.55,
                                                  "Plan Rows": 18,
                                                  "Plan Width": 4,
                                                  "Plans": [
                                                    {
                                                      "Node Type": "Seq Scan",
                                                      "Parent Relationship": "Outer",
                                                      "Parallel Aware": true,
                                                      "Async Capable": false,
                                                      "Relation Name": "date_dim",
                                                      "Alias": "date_dim_4",
                                                      "Startup Cost": 0.0,
                                                      "Total Cost": 2049.55,
                                                      "Plan Rows": 18,
                                                      "Plan Width": 4,
                                                      "Filter": "((d_date >= '1999-08-14'::date) AND (d_date <= '1999-09-13 00:00:00'::timestamp without time zone))",
                                                      "parent": 54,
                                                      "ID": 55
                                                    }
                                                  ],
                                                  "parent": 52,
                                                  "ID": 54,
                                                  "left": 55
                                                }
                                              ],
                                              "parent": 51,
                                              "ID": 52,
                                              "left": 53,
                                              "right": 54
                                            }
                                          ],
                                          "parent": 50,
                                          "ID": 51,
                                          "left": 52
                                        },
                                        {
                                          "Node Type": "Sort",
                                          "Parent Relationship": "Inner",
                                          "Parallel Aware": false,
                                          "Async Capable": false,
                                          "Startup Cost": 14.64,
                                          "Total Cost": 15.14,
                                          "Plan Rows": 200,
                                          "Plan Width": 4,
                                          "Sort Key": [
                                            "web_page.wp_web_page_sk"
                                          ],
                                          "Plans": [
                                            {
                                              "Node Type": "Seq Scan",
                                              "Parent Relationship": "Outer",
                                              "Parallel Aware": false,
                                              "Async Capable": false,
                                              "Relation Name": "web_page",
                                              "Alias": "web_page",
                                              "Startup Cost": 0.0,
                                              "Total Cost": 7.0,
                                              "Plan Rows": 200,
                                              "Plan Width": 4,
                                              "parent": 56,
                                              "ID": 57
                                            }
                                          ],
                                          "parent": 50,
                                          "ID": 56,
                                          "left": 57
                                        }
                                      ],
                                      "parent": 49,
                                      "ID": 50,
                                      "left": 51,
                                      "right": 56
                                    }
                                  ],
                                  "parent": 48,
                                  "ID": 49,
                                  "left": 50
                                }
                              ],
                              "parent": 47,
                              "ID": 48,
                              "left": 49
                            }
                          ],
                          "parent": 46,
                          "ID": 47,
                          "left": 48
                        },
                        {
                          "Node Type": "Aggregate",
                          "Strategy": "Sorted",
                          "Partial Mode": "Finalize",
                          "Parent Relationship": "Inner",
                          "Parallel Aware": false,
                          "Async Capable": false,
                          "Startup Cost": 20471.72,
                          "Total Cost": 20508.59,
                          "Plan Rows": 200,
                          "Plan Width": 68,
                          "Group Key": [
                            "web_page_1.wp_web_page_sk"
                          ],
                          "Plans": [
                            {
                              "Node Type": "Gather Merge",
                              "Parent Relationship": "Outer",
                              "Parallel Aware": false,
                              "Async Capable": false,
                              "Startup Cost": 20471.72,
                              "Total Cost": 20502.79,
                              "Plan Rows": 224,
                              "Plan Width": 68,
                              "Workers Planned": 2,
                              "Plans": [
                                {
                                  "Node Type": "Aggregate",
                                  "Strategy": "Sorted",
                                  "Partial Mode": "Partial",
                                  "Parent Relationship": "Outer",
                                  "Parallel Aware": false,
                                  "Async Capable": false,
                                  "Startup Cost": 19471.69,
                                  "Total Cost": 19476.91,
                                  "Plan Rows": 112,
                                  "Plan Width": 68,
                                  "Group Key": [
                                    "web_page_1.wp_web_page_sk"
                                  ],
                                  "Plans": [
                                    {
                                      "Node Type": "Merge Join",
                                      "Parent Relationship": "Outer",
                                      "Parallel Aware": false,
                                      "Async Capable": false,
                                      "Join Type": "Inner",
                                      "Startup Cost": 19471.69,
                                      "Total Cost": 19474.39,
                                      "Plan Rows": 112,
                                      "Plan Width": 16,
                                      "Inner Unique": false,
                                      "Merge Cond": "(web_returns.wr_web_page_sk = web_page_1.wp_web_page_sk)",
                                      "Plans": [
                                        {
                                          "Node Type": "Sort",
                                          "Parent Relationship": "Outer",
                                          "Parallel Aware": false,
                                          "Async Capable": false,
                                          "Startup Cost": 19457.05,
                                          "Total Cost": 19457.35,
                                          "Plan Rows": 118,
                                          "Plan Width": 16,
                                          "Sort Key": [
                                            "web_returns.wr_web_page_sk"
                                          ],
                                          "Plans": [
                                            {
                                              "Node Type": "Hash Join",
                                              "Parent Relationship": "Outer",
                                              "Parallel Aware": true,
                                              "Async Capable": false,
                                              "Join Type": "Inner",
                                              "Startup Cost": 2049.78,
                                              "Total Cost": 19452.99,
                                              "Plan Rows": 118,
                                              "Plan Width": 16,
                                              "Inner Unique": false,
                                              "Hash Cond": "(web_returns.wr_returned_date_sk = date_dim_5.d_date_sk)",
                                              "Plans": [
                                                {
                                                  "Node Type": "Seq Scan",
                                                  "Parent Relationship": "Outer",
                                                  "Parallel Aware": true,
                                                  "Async Capable": false,
                                                  "Relation Name": "web_returns",
                                                  "Alias": "web_returns",
                                                  "Startup Cost": 0.0,
                                                  "Total Cost": 16278.74,
                                                  "Plan Rows": 299674,
                                                  "Plan Width": 20,
                                                  "parent": 63,
                                                  "ID": 64
                                                },
                                                {
                                                  "Node Type": "Hash",
                                                  "Parent Relationship": "Inner",
                                                  "Parallel Aware": true,
                                                  "Async Capable": false,
                                                  "Startup Cost": 2049.55,
                                                  "Total Cost": 2049.55,
                                                  "Plan Rows": 18,
                                                  "Plan Width": 4,
                                                  "Plans": [
                                                    {
                                                      "Node Type": "Seq Scan",
                                                      "Parent Relationship": "Outer",
                                                      "Parallel Aware": true,
                                                      "Async Capable": false,
                                                      "Relation Name": "date_dim",
                                                      "Alias": "date_dim_5",
                                                      "Startup Cost": 0.0,
                                                      "Total Cost": 2049.55,
                                                      "Plan Rows": 18,
                                                      "Plan Width": 4,
                                                      "Filter": "((d_date >= '1999-08-14'::date) AND (d_date <= '1999-09-13 00:00:00'::timestamp without time zone))",
                                                      "parent": 65,
                                                      "ID": 66
                                                    }
                                                  ],
                                                  "parent": 63,
                                                  "ID": 65,
                                                  "left": 66
                                                }
                                              ],
                                              "parent": 62,
                                              "ID": 63,
                                              "left": 64,
                                              "right": 65
                                            }
                                          ],
                                          "parent": 61,
                                          "ID": 62,
                                          "left": 63
                                        },
                                        {
                                          "Node Type": "Sort",
                                          "Parent Relationship": "Inner",
                                          "Parallel Aware": false,
                                          "Async Capable": false,
                                          "Startup Cost": 14.64,
                                          "Total Cost": 15.14,
                                          "Plan Rows": 200,
                                          "Plan Width": 4,
                                          "Sort Key": [
                                            "web_page_1.wp_web_page_sk"
                                          ],
                                          "Plans": [
                                            {
                                              "Node Type": "Seq Scan",
                                              "Parent Relationship": "Outer",
                                              "Parallel Aware": false,
                                              "Async Capable": false,
                                              "Relation Name": "web_page",
                                              "Alias": "web_page_1",
                                              "Startup Cost": 0.0,
                                              "Total Cost": 7.0,
                                              "Plan Rows": 200,
                                              "Plan Width": 4,
                                              "parent": 67,
                                              "ID": 68
                                            }
                                          ],
                                          "parent": 61,
                                          "ID": 67,
                                          "left": 68
                                        }
                                      ],
                                      "parent": 60,
                                      "ID": 61,
                                      "left": 62,
                                      "right": 67
                                    }
                                  ],
                                  "parent": 59,
                                  "ID": 60,
                                  "left": 61
                                }
                              ],
                              "parent": 58,
                              "ID": 59,
                              "left": 60
                            }
                          ],
                          "parent": 46,
                          "ID": 58,
                          "left": 59
                        }
                      ],
                      "parent": 3,
                      "ID": 46,
                      "left": 47,
                      "right": 58
                    }
                  ],
                  "parent": 2,
                  "ID": 3,
                  "left": 4,
                  "right": 27
                }
              ],
              "parent": 1,
              "ID": 2,
              "left": 3
            }
          ],
          "parent": 0,
          "ID": 1,
          "left": 2
        }
      ],
      "parent": null,
      "ID": 0,
      "left": 1
    },
    "feat": {
      "utility": 0.0,
      "query_shape": [
        [
          "Seq Scan",
          "Hash Join",
          "Sort",
          "Merge Join",
          "Aggregate",
          "Gather Merge",
          "Append"
        ],
        [
          "Seq Scan",
          "Hash",
          "Hash Join",
          "Sort",
          "Merge Join",
          "Aggregate",
          "Gather Merge",
          "Append"
        ],
        [
          "Seq Scan",
          "Sort",
          "Merge Join",
          "Aggregate",
          "Gather Merge",
          "Append"
        ],
        [
          "Seq Scan",
          "Hash Join",
          "Sort",
          "Merge Join",
          "Aggregate",
          "Gather Merge",
          "Append"
        ],
        [
          "Seq Scan",
          "Hash",
          "Hash Join",
          "Sort",
          "Merge Join",
          "Aggregate",
          "Gather Merge",
          "Append"
        ],
        [
          "Seq Scan",
          "Sort",
          "Merge Join",
          "Aggregate",
          "Gather Merge",
          "Append"
        ],
        [
          "Seq Scan",
          "Hash Join",
          "Sort",
          "Aggregate",
          "Gather Merge",
          "Nested Loop",
          "Append"
        ],
        [
          "Seq Scan",
          "Hash",
          "Hash Join",
          "Sort",
          "Aggregate",
          "Gather Merge",
          "Nested Loop",
          "Append"
        ],
        [
          "Seq Scan",
          "Hash Join",
          "Sort",
          "Aggregate",
          "Gather Merge",
          "Subquery Scan",
          "Materialize",
          "Nested Loop",
          "Append"
        ],
        [
          "Seq Scan",
          "Hash",
          "Hash Join",
          "Sort",
          "Aggregate",
          "Gather Merge",
          "Subquery Scan",
          "Materialize",
          "Nested Loop",
          "Append"
        ],
        [
          "Seq Scan",
          "Hash Join",
          "Sort",
          "Merge Join",
          "Aggregate",
          "Gather Merge",
          "Append"
        ],
        [
          "Seq Scan",
          "Hash",
          "Hash Join",
          "Sort",
          "Merge Join",
          "Aggregate",
          "Gather Merge",
          "Append"
        ],
        [
          "Seq Scan",
          "Sort",
          "Merge Join",
          "Aggregate",
          "Gather Merge",
          "Append"
        ],
        [
          "Seq Scan",
          "Hash Join",
          "Sort",
          "Merge Join",
          "Aggregate",
          "Gather Merge",
          "Append"
        ],
        [
          "Seq Scan",
          "Hash",
          "Hash Join",
          "Sort",
          "Merge Join",
          "Aggregate",
          "Gather Merge",
          "Append"
        ],
        [
          "Seq Scan",
          "Sort",
          "Merge Join",
          "Aggregate",
          "Gather Merge",
          "Append"
        ]
      ],
      "index_shape": [],
      "physical_operator": {}
    }
  },
  {
    "query": "with ss as\n (select s_store_sk,\n         sum(ss_ext_sales_price) as sales,\n         sum(ss_net_profit) as profit\n from store_sales,\n      date_dim,\n      store\n where ss_sold_date_sk = d_date_sk\n       and d_date between cast('1999-08-14' as date) \n                  and (cast('1999-08-14' as date) +  interval '30 days') \n       and ss_store_sk = s_store_sk\n group by s_store_sk)\n ,\n sr as\n (select s_store_sk,\n         sum(sr_return_amt) as returns,\n         sum(sr_net_loss) as profit_loss\n from store_returns,\n      date_dim,\n      store\n where sr_returned_date_sk = d_date_sk\n       and d_date between cast('1999-08-14' as date)\n                  and (cast('1999-08-14' as date) +  interval '30 days')\n       and sr_store_sk = s_store_sk\n group by s_store_sk), \n cs as\n (select cs_call_center_sk,\n        sum(cs_ext_sales_price) as sales,\n        sum(cs_net_profit) as profit\n from catalog_sales,\n      date_dim\n where cs_sold_date_sk = d_date_sk\n       and d_date between cast('1999-08-14' as date)\n                  and (cast('1999-08-14' as date) +  interval '30 days')\n group by cs_call_center_sk \n ), \n cr as\n (select cr_call_center_sk,\n         sum(cr_return_amount) as returns,\n         sum(cr_net_loss) as profit_loss\n from catalog_returns,\n      date_dim\n where cr_returned_date_sk = d_date_sk\n       and d_date between cast('1999-08-14' as date)\n                  and (cast('1999-08-14' as date) +  interval '30 days')\n group by cr_call_center_sk\n ), \n ws as\n ( select wp_web_page_sk,\n        sum(ws_ext_sales_price) as sales,\n        sum(ws_net_profit) as profit\n from web_sales,\n      date_dim,\n      web_page\n where ws_sold_date_sk = d_date_sk\n       and d_date between cast('1999-08-14' as date)\n                  and (cast('1999-08-14' as date) +  interval '30 days')\n       and ws_web_page_sk = wp_web_page_sk\n group by wp_web_page_sk), \n wr as\n (select wp_web_page_sk,\n        sum(wr_return_amt) as returns,\n        sum(wr_net_loss) as profit_loss\n from web_returns,\n      date_dim,\n      web_page\n where wr_returned_date_sk = d_date_sk\n       and d_date between cast('1999-08-14' as date)\n                  and (cast('1999-08-14' as date) +  interval '30 days')\n       and wr_web_page_sk = wp_web_page_sk\n group by wp_web_page_sk)\n  select  channel\n        , id\n        , sum(sales) as sales\n        , sum(returns) as returns\n        , sum(profit) as profit\n from \n (select 'store channel' as channel\n        , ss.s_store_sk as id\n        , sales\n        , coalesce(returns, 0) as returns\n        , (profit - coalesce(profit_loss,0)) as profit\n from   ss left join sr\n        on  ss.s_store_sk = sr.s_store_sk\n union all\n select 'catalog channel' as channel\n        , cs_call_center_sk as id\n        , sales\n        , returns\n        , (profit - profit_loss) as profit\n from  cs\n       , cr\n union all\n select 'web channel' as channel\n        , ws.wp_web_page_sk as id\n        , sales\n        , coalesce(returns, 0) as returns\n        , (profit - coalesce(profit_loss,0)) as profit\n from   ws left join wr\n        on  ws.wp_web_page_sk = wr.wp_web_page_sk\n ) x\n group by rollup (channel, id)\n order by channel\n         ,id\n limit 100;\n\n-- end query 58 in stream 0 using template query77.tpl\n",
    "indexes": "web_returns.wr_net_loss",
    "wo plan est": {
      "Node Type": "Limit",
      "Parallel Aware": false,
      "Async Capable": false,
      "Startup Cost": 1505243.45,
      "Total Cost": 1505243.7,
      "Plan Rows": 100,
      "Plan Width": 132,
      "Plans": [
        {
          "Node Type": "Sort",
          "Parent Relationship": "Outer",
          "Parallel Aware": false,
          "Async Capable": false,
          "Startup Cost": 1505243.45,
          "Total Cost": 1505244.45,
          "Plan Rows": 401,
          "Plan Width": 132,
          "Sort Key": [
            "('store channel'::text)",
            "store.s_store_sk"
          ],
          "Plans": [
            {
              "Node Type": "Aggregate",
              "Strategy": "Mixed",
              "Partial Mode": "Simple",
              "Parent Relationship": "Outer",
              "Parallel Aware": false,
              "Async Capable": false,
              "Startup Cost": 752755.06,
              "Total Cost": 1505228.12,
              "Plan Rows": 401,
              "Plan Width": 132,
              "Grouping Sets": [
                {
                  "Hash Keys": [
                    [
                      "('store channel'::text)",
                      "store.s_store_sk"
                    ]
                  ]
                },
                {
                  "Hash Keys": [
                    [
                      "('store channel'::text)"
                    ]
                  ]
                },
                {
                  "Group Keys": [
                    []
                  ]
                }
              ],
              "Planned Partitions": 0,
              "Plans": [
                {
                  "Node Type": "Append",
                  "Parent Relationship": "Outer",
                  "Parallel Aware": false,
                  "Async Capable": false,
                  "Startup Cost": 752755.06,
                  "Total Cost": 1505194.76,
                  "Plan Rows": 878,
                  "Plan Width": 132,
                  "Subplans Removed": 0,
                  "Plans": [
                    {
                      "Node Type": "Merge Join",
                      "Parent Relationship": "Member",
                      "Parallel Aware": false,
                      "Async Capable": false,
                      "Join Type": "Left",
                      "Startup Cost": 752755.06,
                      "Total Cost": 752953.3,
                      "Plan Rows": 102,
                      "Plan Width": 132,
                      "Inner Unique": true,
                      "Merge Cond": "(store.s_store_sk = store_1.s_store_sk)",
                      "Plans": [
                        {
                          "Node Type": "Aggregate",
                          "Strategy": "Sorted",
                          "Partial Mode": "Finalize",
                          "Parent Relationship": "Outer",
                          "Parallel Aware": false,
                          "Async Capable": false,
                          "Startup Cost": 685291.07,
                          "Total Cost": 685443.67,
                          "Plan Rows": 102,
                          "Plan Width": 68,
                          "Group Key": [
                            "store.s_store_sk"
                          ],
                          "Plans": [
                            {
                              "Node Type": "Gather Merge",
                              "Parent Relationship": "Outer",
                              "Parallel Aware": false,
                              "Async Capable": false,
                              "Startup Cost": 685291.07,
                              "Total Cost": 685439.59,
                              "Plan Rows": 204,
                              "Plan Width": 68,
                              "Workers Planned": 2,
                              "Plans": [
                                {
                                  "Node Type": "Aggregate",
                                  "Strategy": "Sorted",
                                  "Partial Mode": "Partial",
                                  "Parent Relationship": "Outer",
                                  "Parallel Aware": false,
                                  "Async Capable": false,
                                  "Startup Cost": 684291.04,
                                  "Total Cost": 684416.02,
                                  "Plan Rows": 102,
                                  "Plan Width": 68,
                                  "Group Key": [
                                    "store.s_store_sk"
                                  ],
                                  "Plans": [
                                    {
                                      "Node Type": "Merge Join",
                                      "Parent Relationship": "Outer",
                                      "Parallel Aware": false,
                                      "Async Capable": false,
                                      "Join Type": "Inner",
                                      "Startup Cost": 684291.04,
                                      "Total Cost": 684380.82,
                                      "Plan Rows": 4489,
                                      "Plan Width": 16,
                                      "Inner Unique": false,
                                      "Merge Cond": "(store_sales.ss_store_sk = store.s_store_sk)",
                                      "Plans": [
                                        {
                                          "Node Type": "Sort",
                                          "Parent Relationship": "Outer",
                                          "Parallel Aware": false,
                                          "Async Capable": false,
                                          "Startup Cost": 684281.62,
                                          "Total Cost": 684293.38,
                                          "Plan Rows": 4703,
                                          "Plan Width": 16,
                                          "Sort Key": [
                                            "store_sales.ss_store_sk"
                                          ],
                                          "Plans": [
                                            {
                                              "Node Type": "Hash Join",
                                              "Parent Relationship": "Outer",
                                              "Parallel Aware": true,
                                              "Async Capable": false,
                                              "Join Type": "Inner",
                                              "Startup Cost": 2049.78,
                                              "Total Cost": 683994.75,
                                              "Plan Rows": 4703,
                                              "Plan Width": 16,
                                              "Inner Unique": false,
                                              "Hash Cond": "(store_sales.ss_sold_date_sk = date_dim.d_date_sk)",
                                              "Plans": [
                                                {
                                                  "Node Type": "Seq Scan",
                                                  "Parent Relationship": "Outer",
                                                  "Parallel Aware": true,
                                                  "Async Capable": false,
                                                  "Relation Name": "store_sales",
                                                  "Alias": "store_sales",
                                                  "Startup Cost": 0.0,
                                                  "Total Cost": 636914.37,
                                                  "Plan Rows": 12000637,
                                                  "Plan Width": 20,
                                                  "parent": 10,
                                                  "ID": 11
                                                },
                                                {
                                                  "Node Type": "Hash",
                                                  "Parent Relationship": "Inner",
                                                  "Parallel Aware": true,
                                                  "Async Capable": false,
                                                  "Startup Cost": 2049.55,
                                                  "Total Cost": 2049.55,
                                                  "Plan Rows": 18,
                                                  "Plan Width": 4,
                                                  "Plans": [
                                                    {
                                                      "Node Type": "Seq Scan",
                                                      "Parent Relationship": "Outer",
                                                      "Parallel Aware": true,
                                                      "Async Capable": false,
                                                      "Relation Name": "date_dim",
                                                      "Alias": "date_dim",
                                                      "Startup Cost": 0.0,
                                                      "Total Cost": 2049.55,
                                                      "Plan Rows": 18,
                                                      "Plan Width": 4,
                                                      "Filter": "((d_date >= '1999-08-14'::date) AND (d_date <= '1999-09-13 00:00:00'::timestamp without time zone))",
                                                      "parent": 12,
                                                      "ID": 13
                                                    }
                                                  ],
                                                  "parent": 10,
                                                  "ID": 12,
                                                  "left": 13
                                                }
                                              ],
                                              "parent": 9,
                                              "ID": 10,
                                              "left": 11,
                                              "right": 12
                                            }
                                          ],
                                          "parent": 8,
                                          "ID": 9,
                                          "left": 10
                                        },
                                        {
                                          "Node Type": "Sort",
                                          "Parent Relationship": "Inner",
                                          "Parallel Aware": false,
                                          "Async Capable": false,
                                          "Startup Cost": 9.42,
                                          "Total Cost": 9.68,
                                          "Plan Rows": 102,
                                          "Plan Width": 4,
                                          "Sort Key": [
                                            "store.s_store_sk"
                                          ],
                                          "Plans": [
                                            {
                                              "Node Type": "Seq Scan",
                                              "Parent Relationship": "Outer",
                                              "Parallel Aware": false,
                                              "Async Capable": false,
                                              "Relation Name": "store",
                                              "Alias": "store",
                                              "Startup Cost": 0.0,
                                              "Total Cost": 6.02,
                                              "Plan Rows": 102,
                                              "Plan Width": 4,
                                              "parent": 14,
                                              "ID": 15
                                            }
                                          ],
                                          "parent": 8,
                                          "ID": 14,
                                          "left": 15
                                        }
                                      ],
                                      "parent": 7,
                                      "ID": 8,
                                      "left": 9,
                                      "right": 14
                                    }
                                  ],
                                  "parent": 6,
                                  "ID": 7,
                                  "left": 8
                                }
                              ],
                              "parent": 5,
                              "ID": 6,
                              "left": 7
                            }
                          ],
                          "parent": 4,
                          "ID": 5,
                          "left": 6
                        },
                        {
                          "Node Type": "Aggregate",
                          "Strategy": "Sorted",
                          "Partial Mode": "Finalize",
                          "Parent Relationship": "Inner",
                          "Parallel Aware": false,
                          "Async Capable": false,
                          "Startup Cost": 67464.0,
                          "Total Cost": 67505.8,
                          "Plan Rows": 102,
                          "Plan Width": 68,
                          "Group Key": [
                            "store_1.s_store_sk"
                          ],
                          "Plans": [
                            {
                              "Node Type": "Gather Merge",
                              "Parent Relationship": "Outer",
                              "Parallel Aware": false,
                              "Async Capable": false,
                              "Startup Cost": 67464.0,
                              "Total Cost": 67501.72,
                              "Plan Rows": 204,
                              "Plan Width": 68,
                              "Workers Planned": 2,
                              "Plans": [
                                {
                                  "Node Type": "Aggregate",
                                  "Strategy": "Sorted",
                                  "Partial Mode": "Partial",
                                  "Parent Relationship": "Outer",
                                  "Parallel Aware": false,
                                  "Async Capable": false,
                                  "Startup Cost": 66463.97,
                                  "Total Cost": 66478.15,
                                  "Plan Rows": 102,
                                  "Plan Width": 68,
                                  "Group Key": [
                                    "store_1.s_store_sk"
                                  ],
                                  "Plans": [
                                    {
                                      "Node Type": "Merge Join",
                                      "Parent Relationship": "Outer",
                                      "Parallel Aware": false,
                                      "Async Capable": false,
                                      "Join Type": "Inner",
                                      "Startup Cost": 66463.97,
                                      "Total Cost": 66473.17,
                                      "Plan Rows": 460,
                                      "Plan Width": 16,
                                      "Inner Unique": false,
                                      "Merge Cond": "(store_returns.sr_store_sk = store_1.s_store_sk)",
                                      "Plans": [
                                        {
                                          "Node Type": "Sort",
                                          "Parent Relationship": "Outer",
                                          "Parallel Aware": false,
                                          "Async Capable": false,
                                          "Startup Cost": 66454.55,
                                          "Total Cost": 66455.74,
                                          "Plan Rows": 476,
                                          "Plan Width": 16,
                                          "Sort Key": [
                                            "store_returns.sr_store_sk"
                                          ],
                                          "Plans": [
                                            {
                                              "Node Type": "Hash Join",
                                              "Parent Relationship": "Outer",
                                              "Parallel Aware": true,
                                              "Async Capable": false,
                                              "Join Type": "Inner",
                                              "Startup Cost": 2049.78,
                                              "Total Cost": 66433.38,
                                              "Plan Rows": 476,
                                              "Plan Width": 16,
                                              "Inner Unique": false,
                                              "Hash Cond": "(store_returns.sr_returned_date_sk = date_dim_1.d_date_sk)",
                                              "Plans": [
                                                {
                                                  "Node Type": "Seq Scan",
                                                  "Parent Relationship": "Outer",
                                                  "Parallel Aware": true,
                                                  "Async Capable": false,
                                                  "Relation Name": "store_returns",
                                                  "Alias": "store_returns",
                                                  "Startup Cost": 0.0,
                                                  "Total Cost": 59887.64,
                                                  "Plan Rows": 1198164,
                                                  "Plan Width": 20,
                                                  "parent": 21,
                                                  "ID": 22
                                                },
                                                {
                                                  "Node Type": "Hash",
                                                  "Parent Relationship": "Inner",
                                                  "Parallel Aware": true,
                                                  "Async Capable": false,
                                                  "Startup Cost": 2049.55,
                                                  "Total Cost": 2049.55,
                                                  "Plan Rows": 18,
                                                  "Plan Width": 4,
                                                  "Plans": [
                                                    {
                                                      "Node Type": "Seq Scan",
                                                      "Parent Relationship": "Outer",
                                                      "Parallel Aware": true,
                                                      "Async Capable": false,
                                                      "Relation Name": "date_dim",
                                                      "Alias": "date_dim_1",
                                                      "Startup Cost": 0.0,
                                                      "Total Cost": 2049.55,
                                                      "Plan Rows": 18,
                                                      "Plan Width": 4,
                                                      "Filter": "((d_date >= '1999-08-14'::date) AND (d_date <= '1999-09-13 00:00:00'::timestamp without time zone))",
                                                      "parent": 23,
                                                      "ID": 24
                                                    }
                                                  ],
                                                  "parent": 21,
                                                  "ID": 23,
                                                  "left": 24
                                                }
                                              ],
                                              "parent": 20,
                                              "ID": 21,
                                              "left": 22,
                                              "right": 23
                                            }
                                          ],
                                          "parent": 19,
                                          "ID": 20,
                                          "left": 21
                                        },
                                        {
                                          "Node Type": "Sort",
                                          "Parent Relationship": "Inner",
                                          "Parallel Aware": false,
                                          "Async Capable": false,
                                          "Startup Cost": 9.42,
                                          "Total Cost": 9.68,
                                          "Plan Rows": 102,
                                          "Plan Width": 4,
                                          "Sort Key": [
                                            "store_1.s_store_sk"
                                          ],
                                          "Plans": [
                                            {
                                              "Node Type": "Seq Scan",
                                              "Parent Relationship": "Outer",
                                              "Parallel Aware": false,
                                              "Async Capable": false,
                                              "Relation Name": "store",
                                              "Alias": "store_1",
                                              "Startup Cost": 0.0,
                                              "Total Cost": 6.02,
                                              "Plan Rows": 102,
                                              "Plan Width": 4,
                                              "parent": 25,
                                              "ID": 26
                                            }
                                          ],
                                          "parent": 19,
                                          "ID": 25,
                                          "left": 26
                                        }
                                      ],
                                      "parent": 18,
                                      "ID": 19,
                                      "left": 20,
                                      "right": 25
                                    }
                                  ],
                                  "parent": 17,
                                  "ID": 18,
                                  "left": 19
                                }
                              ],
                              "parent": 16,
                              "ID": 17,
                              "left": 18
                            }
                          ],
                          "parent": 4,
                          "ID": 16,
                          "left": 17
                        }
                      ],
                      "parent": 3,
                      "ID": 4,
                      "left": 5,
                      "right": 16
                    },
                    {
                      "Node Type": "Nested Loop",
                      "Parent Relationship": "Member",
                      "Parallel Aware": false,
                      "Async Capable": false,
                      "Join Type": "Inner",
                      "Startup Cost": 499452.25,
                      "Total Cost": 499502.11,
                      "Plan Rows": 576,
                      "Plan Width": 132,
                      "Inner Unique": false,
                      "Plans": [
                        {
                          "Node Type": "Aggregate",
                          "Strategy": "Sorted",
                          "Partial Mode": "Finalize",
                          "Parent Relationship": "Outer",
                          "Parallel Aware": false,
                          "Async Capable": false,
                          "Startup Cost": 459392.64,
                          "Total Cost": 459424.0,
                          "Plan Rows": 24,
                          "Plan Width": 68,
                          "Group Key": [
                            "catalog_sales.cs_call_center_sk"
                          ],
                          "Plans": [
                            {
                              "Node Type": "Gather Merge",
                              "Parent Relationship": "Outer",
                              "Parallel Aware": false,
                              "Async Capable": false,
                              "Startup Cost": 459392.64,
                              "Total Cost": 459423.04,
                              "Plan Rows": 48,
                              "Plan Width": 68,
                              "Workers Planned": 2,
                              "Plans": [
                                {
                                  "Node Type": "Aggregate",
                                  "Strategy": "Sorted",
                                  "Partial Mode": "Partial",
                                  "Parent Relationship": "Outer",
                                  "Parallel Aware": false,
                                  "Async Capable": false,
                                  "Startup Cost": 458392.62,
                                  "Total Cost": 458417.48,
                                  "Plan Rows": 24,
                                  "Plan Width": 68,
                                  "Group Key": [
                                    "catalog_sales.cs_call_center_sk"
                                  ],
                                  "Plans": [
                                    {
                                      "Node Type": "Sort",
                                      "Parent Relationship": "Outer",
                                      "Parallel Aware": false,
                                      "Async Capable": false,
                                      "Startup Cost": 458392.62,
                                      "Total Cost": 458398.74,
                                      "Plan Rows": 2450,
                                      "Plan Width": 16,
                                      "Sort Key": [
                                        "catalog_sales.cs_call_center_sk"
                                      ],
                                      "Plans": [
                                        {
                                          "Node Type": "Hash Join",
                                          "Parent Relationship": "Outer",
                                          "Parallel Aware": true,
                                          "Async Capable": false,
                                          "Join Type": "Inner",
                                          "Startup Cost": 2049.78,
                                          "Total Cost": 458254.7,
                                          "Plan Rows": 2450,
                                          "Plan Width": 16,
                                          "Inner Unique": false,
                                          "Hash Cond": "(catalog_sales.cs_sold_date_sk = date_dim_2.d_date_sk)",
                                          "Plans": [
                                            {
                                              "Node Type": "Seq Scan",
                                              "Parent Relationship": "Outer",
                                              "Parallel Aware": true,
                                              "Async Capable": false,
                                              "Relation Name": "catalog_sales",
                                              "Alias": "catalog_sales",
                                              "Startup Cost": 0.0,
                                              "Total Cost": 433688.25,
                                              "Plan Rows": 6000525,
                                              "Plan Width": 20,
                                              "parent": 32,
                                              "ID": 33
                                            },
                                            {
                                              "Node Type": "Hash",
                                              "Parent Relationship": "Inner",
                                              "Parallel Aware": true,
                                              "Async Capable": false,
                                              "Startup Cost": 2049.55,
                                              "Total Cost": 2049.55,
                                              "Plan Rows": 18,
                                              "Plan Width": 4,
                                              "Plans": [
                                                {
                                                  "Node Type": "Seq Scan",
                                                  "Parent Relationship": "Outer",
                                                  "Parallel Aware": true,
                                                  "Async Capable": false,
                                                  "Relation Name": "date_dim",
                                                  "Alias": "date_dim_2",
                                                  "Startup Cost": 0.0,
                                                  "Total Cost": 2049.55,
                                                  "Plan Rows": 18,
                                                  "Plan Width": 4,
                                                  "Filter": "((d_date >= '1999-08-14'::date) AND (d_date <= '1999-09-13 00:00:00'::timestamp without time zone))",
                                                  "parent": 34,
                                                  "ID": 35
                                                }
                                              ],
                                              "parent": 32,
                                              "ID": 34,
                                              "left": 35
                                            }
                                          ],
                                          "parent": 31,
                                          "ID": 32,
                                          "left": 33,
                                          "right": 34
                                        }
                                      ],
                                      "parent": 30,
                                      "ID": 31,
                                      "left": 32
                                    }
                                  ],
                                  "parent": 29,
                                  "ID": 30,
                                  "left": 31
                                }
                              ],
                              "parent": 28,
                              "ID": 29,
                              "left": 30
                            }
                          ],
                          "parent": 27,
                          "ID": 28,
                          "left": 29
                        },
                        {
                          "Node Type": "Materialize",
                          "Parent Relationship": "Inner",
                          "Parallel Aware": false,
                          "Async Capable": false,
                          "Startup Cost": 40059.61,
                          "Total Cost": 40069.29,
                          "Plan Rows": 24,
                          "Plan Width": 64,
                          "Plans": [
                            {
                              "Node Type": "Subquery Scan",
                              "Parent Relationship": "Outer",
                              "Parallel Aware": false,
                              "Async Capable": false,
                              "Alias": "cr",
                              "Startup Cost": 40059.61,
                              "Total Cost": 40069.17,
                              "Plan Rows": 24,
                              "Plan Width": 64,
                              "Plans": [
                                {
                                  "Node Type": "Aggregate",
                                  "Strategy": "Sorted",
                                  "Partial Mode": "Finalize",
                                  "Parent Relationship": "Subquery",
                                  "Parallel Aware": false,
                                  "Async Capable": false,
                                  "Startup Cost": 40059.61,
                                  "Total Cost": 40068.93,
                                  "Plan Rows": 24,
                                  "Plan Width": 68,
                                  "Group Key": [
                                    "catalog_returns.cr_call_center_sk"
                                  ],
                                  "Plans": [
                                    {
                                      "Node Type": "Gather Merge",
                                      "Parent Relationship": "Outer",
                                      "Parallel Aware": false,
                                      "Async Capable": false,
                                      "Startup Cost": 40059.61,
                                      "Total Cost": 40067.97,
                                      "Plan Rows": 48,
                                      "Plan Width": 68,
                                      "Workers Planned": 2,
                                      "Plans": [
                                        {
                                          "Node Type": "Aggregate",
                                          "Strategy": "Sorted",
                                          "Partial Mode": "Partial",
                                          "Parent Relationship": "Outer",
                                          "Parallel Aware": false,
                                          "Async Capable": false,
                                          "Startup Cost": 39059.58,
                                          "Total Cost": 39062.4,
                                          "Plan Rows": 24,
                                          "Plan Width": 68,
                                          "Group Key": [
                                            "catalog_returns.cr_call_center_sk"
                                          ],
                                          "Plans": [
                                            {
                                              "Node Type": "Sort",
                                              "Parent Relationship": "Outer",
                                              "Parallel Aware": false,
                                              "Async Capable": false,
                                              "Startup Cost": 39059.58,
                                              "Total Cost": 39060.2,
                                              "Plan Rows": 246,
                                              "Plan Width": 16,
                                              "Sort Key": [
                                                "catalog_returns.cr_call_center_sk"
                                              ],
                                              "Plans": [
                                                {
                                                  "Node Type": "Hash Join",
                                                  "Parent Relationship": "Outer",
                                                  "Parallel Aware": true,
                                                  "Async Capable": false,
                                                  "Join Type": "Inner",
                                                  "Startup Cost": 2049.78,
                                                  "Total Cost": 39049.82,
                                                  "Plan Rows": 246,
                                                  "Plan Width": 16,
                                                  "Inner Unique": false,
                                                  "Hash Cond": "(catalog_returns.cr_returned_date_sk = date_dim_3.d_date_sk)",
                                                  "Plans": [
                                                    {
                                                      "Node Type": "Seq Scan",
                                                      "Parent Relationship": "Outer",
                                                      "Parallel Aware": true,
                                                      "Async Capable": false,
                                                      "Relation Name": "catalog_returns",
                                                      "Alias": "catalog_returns",
                                                      "Startup Cost": 0.0,
                                                      "Total Cost": 34748.95,
                                                      "Plan Rows": 599895,
                                                      "Plan Width": 20,
                                                      "parent": 42,
                                                      "ID": 43
                                                    },
                                                    {
                                                      "Node Type": "Hash",
                                                      "Parent Relationship": "Inner",
                                                      "Parallel Aware": true,
                                                      "Async Capable": false,
                                                      "Startup Cost": 2049.55,
                                                      "Total Cost": 2049.55,
                                                      "Plan Rows": 18,
                                                      "Plan Width": 4,
                                                      "Plans": [
                                                        {
                                                          "Node Type": "Seq Scan",
                                                          "Parent Relationship": "Outer",
                                                          "Parallel Aware": true,
                                                          "Async Capable": false,
                                                          "Relation Name": "date_dim",
                                                          "Alias": "date_dim_3",
                                                          "Startup Cost": 0.0,
                                                          "Total Cost": 2049.55,
                                                          "Plan Rows": 18,
                                                          "Plan Width": 4,
                                                          "Filter": "((d_date >= '1999-08-14'::date) AND (d_date <= '1999-09-13 00:00:00'::timestamp without time zone))",
                                                          "parent": 44,
                                                          "ID": 45
                                                        }
                                                      ],
                                                      "parent": 42,
                                                      "ID": 44,
                                                      "left": 45
                                                    }
                                                  ],
                                                  "parent": 41,
                                                  "ID": 42,
                                                  "left": 43,
                                                  "right": 44
                                                }
                                              ],
                                              "parent": 40,
                                              "ID": 41,
                                              "left": 42
                                            }
                                          ],
                                          "parent": 39,
                                          "ID": 40,
                                          "left": 41
                                        }
                                      ],
                                      "parent": 38,
                                      "ID": 39,
                                      "left": 40
                                    }
                                  ],
                                  "parent": 37,
                                  "ID": 38,
                                  "left": 39
                                }
                              ],
                              "parent": 36,
                              "ID": 37,
                              "left": 38
                            }
                          ],
                          "parent": 27,
                          "ID": 36,
                          "left": 37
                        }
                      ],
                      "parent": 3,
                      "ID": 27,
                      "left": 28,
                      "right": 36
                    },
                    {
                      "Node Type": "Merge Join",
                      "Parent Relationship": "Member",
                      "Parallel Aware": false,
                      "Async Capable": false,
                      "Join Type": "Left",
                      "Startup Cost": 252590.79,
                      "Total Cost": 252726.18,
                      "Plan Rows": 200,
                      "Plan Width": 132,
                      "Inner Unique": true,
                      "Merge Cond": "(web_page.wp_web_page_sk = web_page_1.wp_web_page_sk)",
                      "Plans": [
                        {
                          "Node Type": "Aggregate",
                          "Strategy": "Sorted",
                          "Partial Mode": "Finalize",
                          "Parent Relationship": "Outer",
                          "Parallel Aware": false,
                          "Async Capable": false,
                          "Startup Cost": 232119.07,
                          "Total Cost": 232210.1,
                          "Plan Rows": 200,
                          "Plan Width": 68,
                          "Group Key": [
                            "web_page.wp_web_page_sk"
                          ],
                          "Plans": [
                            {
                              "Node Type": "Gather Merge",
                              "Parent Relationship": "Outer",
                              "Parallel Aware": false,
                              "Async Capable": false,
                              "Startup Cost": 232119.07,
                              "Total Cost": 232202.1,
                              "Plan Rows": 400,
                              "Plan Width": 68,
                              "Workers Planned": 2,
                              "Plans": [
                                {
                                  "Node Type": "Aggregate",
                                  "Strategy": "Sorted",
                                  "Partial Mode": "Partial",
                                  "Parent Relationship": "Outer",
                                  "Parallel Aware": false,
                                  "Async Capable": false,
                                  "Startup Cost": 231119.05,
                                  "Total Cost": 231155.9,
                                  "Plan Rows": 200,
                                  "Plan Width": 68,
                                  "Group Key": [
                                    "web_page.wp_web_page_sk"
                                  ],
                                  "Plans": [
                                    {
                                      "Node Type": "Merge Join",
                                      "Parent Relationship": "Outer",
                                      "Parallel Aware": false,
                                      "Async Capable": false,
                                      "Join Type": "Inner",
                                      "Startup Cost": 231119.05,
                                      "Total Cost": 231143.67,
                                      "Plan Rows": 1231,
                                      "Plan Width": 16,
                                      "Inner Unique": false,
                                      "Merge Cond": "(web_sales.ws_web_page_sk = web_page.wp_web_page_sk)",
                                      "Plans": [
                                        {
                                          "Node Type": "Sort",
                                          "Parent Relationship": "Outer",
                                          "Parallel Aware": false,
                                          "Async Capable": false,
                                          "Startup Cost": 231104.41,
                                          "Total Cost": 231107.48,
                                          "Plan Rows": 1231,
                                          "Plan Width": 16,
                                          "Sort Key": [
                                            "web_sales.ws_web_page_sk"
                                          ],
                                          "Plans": [
                                            {
                                              "Node Type": "Hash Join",
                                              "Parent Relationship": "Outer",
                                              "Parallel Aware": true,
                                              "Async Capable": false,
                                              "Join Type": "Inner",
                                              "Startup Cost": 2049.78,
                                              "Total Cost": 231041.22,
                                              "Plan Rows": 1231,
                                              "Plan Width": 16,
                                              "Inner Unique": false,
                                              "Hash Cond": "(web_sales.ws_sold_date_sk = date_dim_4.d_date_sk)",
                                              "Plans": [
                                                {
                                                  "Node Type": "Seq Scan",
                                                  "Parent Relationship": "Outer",
                                                  "Parallel Aware": true,
                                                  "Async Capable": false,
                                                  "Relation Name": "web_sales",
                                                  "Alias": "web_sales",
                                                  "Startup Cost": 0.0,
                                                  "Total Cost": 217737.86,
                                                  "Plan Rows": 2998986,
                                                  "Plan Width": 20,
                                                  "parent": 52,
                                                  "ID": 53
                                                },
                                                {
                                                  "Node Type": "Hash",
                                                  "Parent Relationship": "Inner",
                                                  "Parallel Aware": true,
                                                  "Async Capable": false,
                                                  "Startup Cost": 2049.55,
                                                  "Total Cost": 2049.55,
                                                  "Plan Rows": 18,
                                                  "Plan Width": 4,
                                                  "Plans": [
                                                    {
                                                      "Node Type": "Seq Scan",
                                                      "Parent Relationship": "Outer",
                                                      "Parallel Aware": true,
                                                      "Async Capable": false,
                                                      "Relation Name": "date_dim",
                                                      "Alias": "date_dim_4",
                                                      "Startup Cost": 0.0,
                                                      "Total Cost": 2049.55,
                                                      "Plan Rows": 18,
                                                      "Plan Width": 4,
                                                      "Filter": "((d_date >= '1999-08-14'::date) AND (d_date <= '1999-09-13 00:00:00'::timestamp without time zone))",
                                                      "parent": 54,
                                                      "ID": 55
                                                    }
                                                  ],
                                                  "parent": 52,
                                                  "ID": 54,
                                                  "left": 55
                                                }
                                              ],
                                              "parent": 51,
                                              "ID": 52,
                                              "left": 53,
                                              "right": 54
                                            }
                                          ],
                                          "parent": 50,
                                          "ID": 51,
                                          "left": 52
                                        },
                                        {
                                          "Node Type": "Sort",
                                          "Parent Relationship": "Inner",
                                          "Parallel Aware": false,
                                          "Async Capable": false,
                                          "Startup Cost": 14.64,
                                          "Total Cost": 15.14,
                                          "Plan Rows": 200,
                                          "Plan Width": 4,
                                          "Sort Key": [
                                            "web_page.wp_web_page_sk"
                                          ],
                                          "Plans": [
                                            {
                                              "Node Type": "Seq Scan",
                                              "Parent Relationship": "Outer",
                                              "Parallel Aware": false,
                                              "Async Capable": false,
                                              "Relation Name": "web_page",
                                              "Alias": "web_page",
                                              "Startup Cost": 0.0,
                                              "Total Cost": 7.0,
                                              "Plan Rows": 200,
                                              "Plan Width": 4,
                                              "parent": 56,
                                              "ID": 57
                                            }
                                          ],
                                          "parent": 50,
                                          "ID": 56,
                                          "left": 57
                                        }
                                      ],
                                      "parent": 49,
                                      "ID": 50,
                                      "left": 51,
                                      "right": 56
                                    }
                                  ],
                                  "parent": 48,
                                  "ID": 49,
                                  "left": 50
                                }
                              ],
                              "parent": 47,
                              "ID": 48,
                              "left": 49
                            }
                          ],
                          "parent": 46,
                          "ID": 47,
                          "left": 48
                        },
                        {
                          "Node Type": "Aggregate",
                          "Strategy": "Sorted",
                          "Partial Mode": "Finalize",
                          "Parent Relationship": "Inner",
                          "Parallel Aware": false,
                          "Async Capable": false,
                          "Startup Cost": 20471.72,
                          "Total Cost": 20508.59,
                          "Plan Rows": 200,
                          "Plan Width": 68,
                          "Group Key": [
                            "web_page_1.wp_web_page_sk"
                          ],
                          "Plans": [
                            {
                              "Node Type": "Gather Merge",
                              "Parent Relationship": "Outer",
                              "Parallel Aware": false,
                              "Async Capable": false,
                              "Startup Cost": 20471.72,
                              "Total Cost": 20502.79,
                              "Plan Rows": 224,
                              "Plan Width": 68,
                              "Workers Planned": 2,
                              "Plans": [
                                {
                                  "Node Type": "Aggregate",
                                  "Strategy": "Sorted",
                                  "Partial Mode": "Partial",
                                  "Parent Relationship": "Outer",
                                  "Parallel Aware": false,
                                  "Async Capable": false,
                                  "Startup Cost": 19471.69,
                                  "Total Cost": 19476.91,
                                  "Plan Rows": 112,
                                  "Plan Width": 68,
                                  "Group Key": [
                                    "web_page_1.wp_web_page_sk"
                                  ],
                                  "Plans": [
                                    {
                                      "Node Type": "Merge Join",
                                      "Parent Relationship": "Outer",
                                      "Parallel Aware": false,
                                      "Async Capable": false,
                                      "Join Type": "Inner",
                                      "Startup Cost": 19471.69,
                                      "Total Cost": 19474.39,
                                      "Plan Rows": 112,
                                      "Plan Width": 16,
                                      "Inner Unique": false,
                                      "Merge Cond": "(web_returns.wr_web_page_sk = web_page_1.wp_web_page_sk)",
                                      "Plans": [
                                        {
                                          "Node Type": "Sort",
                                          "Parent Relationship": "Outer",
                                          "Parallel Aware": false,
                                          "Async Capable": false,
                                          "Startup Cost": 19457.05,
                                          "Total Cost": 19457.35,
                                          "Plan Rows": 118,
                                          "Plan Width": 16,
                                          "Sort Key": [
                                            "web_returns.wr_web_page_sk"
                                          ],
                                          "Plans": [
                                            {
                                              "Node Type": "Hash Join",
                                              "Parent Relationship": "Outer",
                                              "Parallel Aware": true,
                                              "Async Capable": false,
                                              "Join Type": "Inner",
                                              "Startup Cost": 2049.78,
                                              "Total Cost": 19452.99,
                                              "Plan Rows": 118,
                                              "Plan Width": 16,
                                              "Inner Unique": false,
                                              "Hash Cond": "(web_returns.wr_returned_date_sk = date_dim_5.d_date_sk)",
                                              "Plans": [
                                                {
                                                  "Node Type": "Seq Scan",
                                                  "Parent Relationship": "Outer",
                                                  "Parallel Aware": true,
                                                  "Async Capable": false,
                                                  "Relation Name": "web_returns",
                                                  "Alias": "web_returns",
                                                  "Startup Cost": 0.0,
                                                  "Total Cost": 16278.74,
                                                  "Plan Rows": 299674,
                                                  "Plan Width": 20,
                                                  "parent": 63,
                                                  "ID": 64
                                                },
                                                {
                                                  "Node Type": "Hash",
                                                  "Parent Relationship": "Inner",
                                                  "Parallel Aware": true,
                                                  "Async Capable": false,
                                                  "Startup Cost": 2049.55,
                                                  "Total Cost": 2049.55,
                                                  "Plan Rows": 18,
                                                  "Plan Width": 4,
                                                  "Plans": [
                                                    {
                                                      "Node Type": "Seq Scan",
                                                      "Parent Relationship": "Outer",
                                                      "Parallel Aware": true,
                                                      "Async Capable": false,
                                                      "Relation Name": "date_dim",
                                                      "Alias": "date_dim_5",
                                                      "Startup Cost": 0.0,
                                                      "Total Cost": 2049.55,
                                                      "Plan Rows": 18,
                                                      "Plan Width": 4,
                                                      "Filter": "((d_date >= '1999-08-14'::date) AND (d_date <= '1999-09-13 00:00:00'::timestamp without time zone))",
                                                      "parent": 65,
                                                      "ID": 66
                                                    }
                                                  ],
                                                  "parent": 63,
                                                  "ID": 65,
                                                  "left": 66
                                                }
                                              ],
                                              "parent": 62,
                                              "ID": 63,
                                              "left": 64,
                                              "right": 65
                                            }
                                          ],
                                          "parent": 61,
                                          "ID": 62,
                                          "left": 63
                                        },
                                        {
                                          "Node Type": "Sort",
                                          "Parent Relationship": "Inner",
                                          "Parallel Aware": false,
                                          "Async Capable": false,
                                          "Startup Cost": 14.64,
                                          "Total Cost": 15.14,
                                          "Plan Rows": 200,
                                          "Plan Width": 4,
                                          "Sort Key": [
                                            "web_page_1.wp_web_page_sk"
                                          ],
                                          "Plans": [
                                            {
                                              "Node Type": "Seq Scan",
                                              "Parent Relationship": "Outer",
                                              "Parallel Aware": false,
                                              "Async Capable": false,
                                              "Relation Name": "web_page",
                                              "Alias": "web_page_1",
                                              "Startup Cost": 0.0,
                                              "Total Cost": 7.0,
                                              "Plan Rows": 200,
                                              "Plan Width": 4,
                                              "parent": 67,
                                              "ID": 68
                                            }
                                          ],
                                          "parent": 61,
                                          "ID": 67,
                                          "left": 68
                                        }
                                      ],
                                      "parent": 60,
                                      "ID": 61,
                                      "left": 62,
                                      "right": 67
                                    }
                                  ],
                                  "parent": 59,
                                  "ID": 60,
                                  "left": 61
                                }
                              ],
                              "parent": 58,
                              "ID": 59,
                              "left": 60
                            }
                          ],
                          "parent": 46,
                          "ID": 58,
                          "left": 59
                        }
                      ],
                      "parent": 3,
                      "ID": 46,
                      "left": 47,
                      "right": 58
                    }
                  ],
                  "parent": 2,
                  "ID": 3,
                  "left": 4,
                  "right": 27
                }
              ],
              "parent": 1,
              "ID": 2,
              "left": 3
            }
          ],
          "parent": 0,
          "ID": 1,
          "left": 2
        }
      ],
      "parent": null,
      "ID": 0,
      "left": 1
    },
    "feat": {
      "utility": 0.0,
      "query_shape": [
        [
          "Seq Scan",
          "Hash Join",
          "Sort",
          "Merge Join",
          "Aggregate",
          "Gather Merge",
          "Append"
        ],
        [
          "Seq Scan",
          "Hash",
          "Hash Join",
          "Sort",
          "Merge Join",
          "Aggregate",
          "Gather Merge",
          "Append"
        ],
        [
          "Seq Scan",
          "Sort",
          "Merge Join",
          "Aggregate",
          "Gather Merge",
          "Append"
        ],
        [
          "Seq Scan",
          "Hash Join",
          "Sort",
          "Merge Join",
          "Aggregate",
          "Gather Merge",
          "Append"
        ],
        [
          "Seq Scan",
          "Hash",
          "Hash Join",
          "Sort",
          "Merge Join",
          "Aggregate",
          "Gather Merge",
          "Append"
        ],
        [
          "Seq Scan",
          "Sort",
          "Merge Join",
          "Aggregate",
          "Gather Merge",
          "Append"
        ],
        [
          "Seq Scan",
          "Hash Join",
          "Sort",
          "Aggregate",
          "Gather Merge",
          "Nested Loop",
          "Append"
        ],
        [
          "Seq Scan",
          "Hash",
          "Hash Join",
          "Sort",
          "Aggregate",
          "Gather Merge",
          "Nested Loop",
          "Append"
        ],
        [
          "Seq Scan",
          "Hash Join",
          "Sort",
          "Aggregate",
          "Gather Merge",
          "Subquery Scan",
          "Materialize",
          "Nested Loop",
          "Append"
        ],
        [
          "Seq Scan",
          "Hash",
          "Hash Join",
          "Sort",
          "Aggregate",
          "Gather Merge",
          "Subquery Scan",
          "Materialize",
          "Nested Loop",
          "Append"
        ],
        [
          "Seq Scan",
          "Hash Join",
          "Sort",
          "Merge Join",
          "Aggregate",
          "Gather Merge",
          "Append"
        ],
        [
          "Seq Scan",
          "Hash",
          "Hash Join",
          "Sort",
          "Merge Join",
          "Aggregate",
          "Gather Merge",
          "Append"
        ],
        [
          "Seq Scan",
          "Sort",
          "Merge Join",
          "Aggregate",
          "Gather Merge",
          "Append"
        ],
        [
          "Seq Scan",
          "Hash Join",
          "Sort",
          "Merge Join",
          "Aggregate",
          "Gather Merge",
          "Append"
        ],
        [
          "Seq Scan",
          "Hash",
          "Hash Join",
          "Sort",
          "Merge Join",
          "Aggregate",
          "Gather Merge",
          "Append"
        ],
        [
          "Seq Scan",
          "Sort",
          "Merge Join",
          "Aggregate",
          "Gather Merge",
          "Append"
        ]
      ],
      "index_shape": [],
      "physical_operator": {}
    }
  },
  {
    "query": "with ss as\n (select s_store_sk,\n         sum(ss_ext_sales_price) as sales,\n         sum(ss_net_profit) as profit\n from store_sales,\n      date_dim,\n      store\n where ss_sold_date_sk = d_date_sk\n       and d_date between cast('1999-08-14' as date) \n                  and (cast('1999-08-14' as date) +  interval '30 days') \n       and ss_store_sk = s_store_sk\n group by s_store_sk)\n ,\n sr as\n (select s_store_sk,\n         sum(sr_return_amt) as returns,\n         sum(sr_net_loss) as profit_loss\n from store_returns,\n      date_dim,\n      store\n where sr_returned_date_sk = d_date_sk\n       and d_date between cast('1999-08-14' as date)\n                  and (cast('1999-08-14' as date) +  interval '30 days')\n       and sr_store_sk = s_store_sk\n group by s_store_sk), \n cs as\n (select cs_call_center_sk,\n        sum(cs_ext_sales_price) as sales,\n        sum(cs_net_profit) as profit\n from catalog_sales,\n      date_dim\n where cs_sold_date_sk = d_date_sk\n       and d_date between cast('1999-08-14' as date)\n                  and (cast('1999-08-14' as date) +  interval '30 days')\n group by cs_call_center_sk \n ), \n cr as\n (select cr_call_center_sk,\n         sum(cr_return_amount) as returns,\n         sum(cr_net_loss) as profit_loss\n from catalog_returns,\n      date_dim\n where cr_returned_date_sk = d_date_sk\n       and d_date between cast('1999-08-14' as date)\n                  and (cast('1999-08-14' as date) +  interval '30 days')\n group by cr_call_center_sk\n ), \n ws as\n ( select wp_web_page_sk,\n        sum(ws_ext_sales_price) as sales,\n        sum(ws_net_profit) as profit\n from web_sales,\n      date_dim,\n      web_page\n where ws_sold_date_sk = d_date_sk\n       and d_date between cast('1999-08-14' as date)\n                  and (cast('1999-08-14' as date) +  interval '30 days')\n       and ws_web_page_sk = wp_web_page_sk\n group by wp_web_page_sk), \n wr as\n (select wp_web_page_sk,\n        sum(wr_return_amt) as returns,\n        sum(wr_net_loss) as profit_loss\n from web_returns,\n      date_dim,\n      web_page\n where wr_returned_date_sk = d_date_sk\n       and d_date between cast('1999-08-14' as date)\n                  and (cast('1999-08-14' as date) +  interval '30 days')\n       and wr_web_page_sk = wp_web_page_sk\n group by wp_web_page_sk)\n  select  channel\n        , id\n        , sum(sales) as sales\n        , sum(returns) as returns\n        , sum(profit) as profit\n from \n (select 'store channel' as channel\n        , ss.s_store_sk as id\n        , sales\n        , coalesce(returns, 0) as returns\n        , (profit - coalesce(profit_loss,0)) as profit\n from   ss left join sr\n        on  ss.s_store_sk = sr.s_store_sk\n union all\n select 'catalog channel' as channel\n        , cs_call_center_sk as id\n        , sales\n        , returns\n        , (profit - profit_loss) as profit\n from  cs\n       , cr\n union all\n select 'web channel' as channel\n        , ws.wp_web_page_sk as id\n        , sales\n        , coalesce(returns, 0) as returns\n        , (profit - coalesce(profit_loss,0)) as profit\n from   ws left join wr\n        on  ws.wp_web_page_sk = wr.wp_web_page_sk\n ) x\n group by rollup (channel, id)\n order by channel\n         ,id\n limit 100;\n\n-- end query 58 in stream 0 using template query77.tpl\n",
    "indexes": "web_sales.ws_sold_date_sk",
    "wo plan est": {
      "Node Type": "Limit",
      "Parallel Aware": false,
      "Async Capable": false,
      "Startup Cost": 1505243.45,
      "Total Cost": 1505243.7,
      "Plan Rows": 100,
      "Plan Width": 132,
      "Plans": [
        {
          "Node Type": "Sort",
          "Parent Relationship": "Outer",
          "Parallel Aware": false,
          "Async Capable": false,
          "Startup Cost": 1505243.45,
          "Total Cost": 1505244.45,
          "Plan Rows": 401,
          "Plan Width": 132,
          "Sort Key": [
            "('store channel'::text)",
            "store.s_store_sk"
          ],
          "Plans": [
            {
              "Node Type": "Aggregate",
              "Strategy": "Mixed",
              "Partial Mode": "Simple",
              "Parent Relationship": "Outer",
              "Parallel Aware": false,
              "Async Capable": false,
              "Startup Cost": 752755.06,
              "Total Cost": 1505228.12,
              "Plan Rows": 401,
              "Plan Width": 132,
              "Grouping Sets": [
                {
                  "Hash Keys": [
                    [
                      "('store channel'::text)",
                      "store.s_store_sk"
                    ]
                  ]
                },
                {
                  "Hash Keys": [
                    [
                      "('store channel'::text)"
                    ]
                  ]
                },
                {
                  "Group Keys": [
                    []
                  ]
                }
              ],
              "Planned Partitions": 0,
              "Plans": [
                {
                  "Node Type": "Append",
                  "Parent Relationship": "Outer",
                  "Parallel Aware": false,
                  "Async Capable": false,
                  "Startup Cost": 752755.06,
                  "Total Cost": 1505194.76,
                  "Plan Rows": 878,
                  "Plan Width": 132,
                  "Subplans Removed": 0,
                  "Plans": [
                    {
                      "Node Type": "Merge Join",
                      "Parent Relationship": "Member",
                      "Parallel Aware": false,
                      "Async Capable": false,
                      "Join Type": "Left",
                      "Startup Cost": 752755.06,
                      "Total Cost": 752953.3,
                      "Plan Rows": 102,
                      "Plan Width": 132,
                      "Inner Unique": true,
                      "Merge Cond": "(store.s_store_sk = store_1.s_store_sk)",
                      "Plans": [
                        {
                          "Node Type": "Aggregate",
                          "Strategy": "Sorted",
                          "Partial Mode": "Finalize",
                          "Parent Relationship": "Outer",
                          "Parallel Aware": false,
                          "Async Capable": false,
                          "Startup Cost": 685291.07,
                          "Total Cost": 685443.67,
                          "Plan Rows": 102,
                          "Plan Width": 68,
                          "Group Key": [
                            "store.s_store_sk"
                          ],
                          "Plans": [
                            {
                              "Node Type": "Gather Merge",
                              "Parent Relationship": "Outer",
                              "Parallel Aware": false,
                              "Async Capable": false,
                              "Startup Cost": 685291.07,
                              "Total Cost": 685439.59,
                              "Plan Rows": 204,
                              "Plan Width": 68,
                              "Workers Planned": 2,
                              "Plans": [
                                {
                                  "Node Type": "Aggregate",
                                  "Strategy": "Sorted",
                                  "Partial Mode": "Partial",
                                  "Parent Relationship": "Outer",
                                  "Parallel Aware": false,
                                  "Async Capable": false,
                                  "Startup Cost": 684291.04,
                                  "Total Cost": 684416.02,
                                  "Plan Rows": 102,
                                  "Plan Width": 68,
                                  "Group Key": [
                                    "store.s_store_sk"
                                  ],
                                  "Plans": [
                                    {
                                      "Node Type": "Merge Join",
                                      "Parent Relationship": "Outer",
                                      "Parallel Aware": false,
                                      "Async Capable": false,
                                      "Join Type": "Inner",
                                      "Startup Cost": 684291.04,
                                      "Total Cost": 684380.82,
                                      "Plan Rows": 4489,
                                      "Plan Width": 16,
                                      "Inner Unique": false,
                                      "Merge Cond": "(store_sales.ss_store_sk = store.s_store_sk)",
                                      "Plans": [
                                        {
                                          "Node Type": "Sort",
                                          "Parent Relationship": "Outer",
                                          "Parallel Aware": false,
                                          "Async Capable": false,
                                          "Startup Cost": 684281.62,
                                          "Total Cost": 684293.38,
                                          "Plan Rows": 4703,
                                          "Plan Width": 16,
                                          "Sort Key": [
                                            "store_sales.ss_store_sk"
                                          ],
                                          "Plans": [
                                            {
                                              "Node Type": "Hash Join",
                                              "Parent Relationship": "Outer",
                                              "Parallel Aware": true,
                                              "Async Capable": false,
                                              "Join Type": "Inner",
                                              "Startup Cost": 2049.78,
                                              "Total Cost": 683994.75,
                                              "Plan Rows": 4703,
                                              "Plan Width": 16,
                                              "Inner Unique": false,
                                              "Hash Cond": "(store_sales.ss_sold_date_sk = date_dim.d_date_sk)",
                                              "Plans": [
                                                {
                                                  "Node Type": "Seq Scan",
                                                  "Parent Relationship": "Outer",
                                                  "Parallel Aware": true,
                                                  "Async Capable": false,
                                                  "Relation Name": "store_sales",
                                                  "Alias": "store_sales",
                                                  "Startup Cost": 0.0,
                                                  "Total Cost": 636914.37,
                                                  "Plan Rows": 12000637,
                                                  "Plan Width": 20,
                                                  "parent": 10,
                                                  "ID": 11
                                                },
                                                {
                                                  "Node Type": "Hash",
                                                  "Parent Relationship": "Inner",
                                                  "Parallel Aware": true,
                                                  "Async Capable": false,
                                                  "Startup Cost": 2049.55,
                                                  "Total Cost": 2049.55,
                                                  "Plan Rows": 18,
                                                  "Plan Width": 4,
                                                  "Plans": [
                                                    {
                                                      "Node Type": "Seq Scan",
                                                      "Parent Relationship": "Outer",
                                                      "Parallel Aware": true,
                                                      "Async Capable": false,
                                                      "Relation Name": "date_dim",
                                                      "Alias": "date_dim",
                                                      "Startup Cost": 0.0,
                                                      "Total Cost": 2049.55,
                                                      "Plan Rows": 18,
                                                      "Plan Width": 4,
                                                      "Filter": "((d_date >= '1999-08-14'::date) AND (d_date <= '1999-09-13 00:00:00'::timestamp without time zone))",
                                                      "parent": 12,
                                                      "ID": 13
                                                    }
                                                  ],
                                                  "parent": 10,
                                                  "ID": 12,
                                                  "left": 13
                                                }
                                              ],
                                              "parent": 9,
                                              "ID": 10,
                                              "left": 11,
                                              "right": 12
                                            }
                                          ],
                                          "parent": 8,
                                          "ID": 9,
                                          "left": 10
                                        },
                                        {
                                          "Node Type": "Sort",
                                          "Parent Relationship": "Inner",
                                          "Parallel Aware": false,
                                          "Async Capable": false,
                                          "Startup Cost": 9.42,
                                          "Total Cost": 9.68,
                                          "Plan Rows": 102,
                                          "Plan Width": 4,
                                          "Sort Key": [
                                            "store.s_store_sk"
                                          ],
                                          "Plans": [
                                            {
                                              "Node Type": "Seq Scan",
                                              "Parent Relationship": "Outer",
                                              "Parallel Aware": false,
                                              "Async Capable": false,
                                              "Relation Name": "store",
                                              "Alias": "store",
                                              "Startup Cost": 0.0,
                                              "Total Cost": 6.02,
                                              "Plan Rows": 102,
                                              "Plan Width": 4,
                                              "parent": 14,
                                              "ID": 15
                                            }
                                          ],
                                          "parent": 8,
                                          "ID": 14,
                                          "left": 15
                                        }
                                      ],
                                      "parent": 7,
                                      "ID": 8,
                                      "left": 9,
                                      "right": 14
                                    }
                                  ],
                                  "parent": 6,
                                  "ID": 7,
                                  "left": 8
                                }
                              ],
                              "parent": 5,
                              "ID": 6,
                              "left": 7
                            }
                          ],
                          "parent": 4,
                          "ID": 5,
                          "left": 6
                        },
                        {
                          "Node Type": "Aggregate",
                          "Strategy": "Sorted",
                          "Partial Mode": "Finalize",
                          "Parent Relationship": "Inner",
                          "Parallel Aware": false,
                          "Async Capable": false,
                          "Startup Cost": 67464.0,
                          "Total Cost": 67505.8,
                          "Plan Rows": 102,
                          "Plan Width": 68,
                          "Group Key": [
                            "store_1.s_store_sk"
                          ],
                          "Plans": [
                            {
                              "Node Type": "Gather Merge",
                              "Parent Relationship": "Outer",
                              "Parallel Aware": false,
                              "Async Capable": false,
                              "Startup Cost": 67464.0,
                              "Total Cost": 67501.72,
                              "Plan Rows": 204,
                              "Plan Width": 68,
                              "Workers Planned": 2,
                              "Plans": [
                                {
                                  "Node Type": "Aggregate",
                                  "Strategy": "Sorted",
                                  "Partial Mode": "Partial",
                                  "Parent Relationship": "Outer",
                                  "Parallel Aware": false,
                                  "Async Capable": false,
                                  "Startup Cost": 66463.97,
                                  "Total Cost": 66478.15,
                                  "Plan Rows": 102,
                                  "Plan Width": 68,
                                  "Group Key": [
                                    "store_1.s_store_sk"
                                  ],
                                  "Plans": [
                                    {
                                      "Node Type": "Merge Join",
                                      "Parent Relationship": "Outer",
                                      "Parallel Aware": false,
                                      "Async Capable": false,
                                      "Join Type": "Inner",
                                      "Startup Cost": 66463.97,
                                      "Total Cost": 66473.17,
                                      "Plan Rows": 460,
                                      "Plan Width": 16,
                                      "Inner Unique": false,
                                      "Merge Cond": "(store_returns.sr_store_sk = store_1.s_store_sk)",
                                      "Plans": [
                                        {
                                          "Node Type": "Sort",
                                          "Parent Relationship": "Outer",
                                          "Parallel Aware": false,
                                          "Async Capable": false,
                                          "Startup Cost": 66454.55,
                                          "Total Cost": 66455.74,
                                          "Plan Rows": 476,
                                          "Plan Width": 16,
                                          "Sort Key": [
                                            "store_returns.sr_store_sk"
                                          ],
                                          "Plans": [
                                            {
                                              "Node Type": "Hash Join",
                                              "Parent Relationship": "Outer",
                                              "Parallel Aware": true,
                                              "Async Capable": false,
                                              "Join Type": "Inner",
                                              "Startup Cost": 2049.78,
                                              "Total Cost": 66433.38,
                                              "Plan Rows": 476,
                                              "Plan Width": 16,
                                              "Inner Unique": false,
                                              "Hash Cond": "(store_returns.sr_returned_date_sk = date_dim_1.d_date_sk)",
                                              "Plans": [
                                                {
                                                  "Node Type": "Seq Scan",
                                                  "Parent Relationship": "Outer",
                                                  "Parallel Aware": true,
                                                  "Async Capable": false,
                                                  "Relation Name": "store_returns",
                                                  "Alias": "store_returns",
                                                  "Startup Cost": 0.0,
                                                  "Total Cost": 59887.64,
                                                  "Plan Rows": 1198164,
                                                  "Plan Width": 20,
                                                  "parent": 21,
                                                  "ID": 22
                                                },
                                                {
                                                  "Node Type": "Hash",
                                                  "Parent Relationship": "Inner",
                                                  "Parallel Aware": true,
                                                  "Async Capable": false,
                                                  "Startup Cost": 2049.55,
                                                  "Total Cost": 2049.55,
                                                  "Plan Rows": 18,
                                                  "Plan Width": 4,
                                                  "Plans": [
                                                    {
                                                      "Node Type": "Seq Scan",
                                                      "Parent Relationship": "Outer",
                                                      "Parallel Aware": true,
                                                      "Async Capable": false,
                                                      "Relation Name": "date_dim",
                                                      "Alias": "date_dim_1",
                                                      "Startup Cost": 0.0,
                                                      "Total Cost": 2049.55,
                                                      "Plan Rows": 18,
                                                      "Plan Width": 4,
                                                      "Filter": "((d_date >= '1999-08-14'::date) AND (d_date <= '1999-09-13 00:00:00'::timestamp without time zone))",
                                                      "parent": 23,
                                                      "ID": 24
                                                    }
                                                  ],
                                                  "parent": 21,
                                                  "ID": 23,
                                                  "left": 24
                                                }
                                              ],
                                              "parent": 20,
                                              "ID": 21,
                                              "left": 22,
                                              "right": 23
                                            }
                                          ],
                                          "parent": 19,
                                          "ID": 20,
                                          "left": 21
                                        },
                                        {
                                          "Node Type": "Sort",
                                          "Parent Relationship": "Inner",
                                          "Parallel Aware": false,
                                          "Async Capable": false,
                                          "Startup Cost": 9.42,
                                          "Total Cost": 9.68,
                                          "Plan Rows": 102,
                                          "Plan Width": 4,
                                          "Sort Key": [
                                            "store_1.s_store_sk"
                                          ],
                                          "Plans": [
                                            {
                                              "Node Type": "Seq Scan",
                                              "Parent Relationship": "Outer",
                                              "Parallel Aware": false,
                                              "Async Capable": false,
                                              "Relation Name": "store",
                                              "Alias": "store_1",
                                              "Startup Cost": 0.0,
                                              "Total Cost": 6.02,
                                              "Plan Rows": 102,
                                              "Plan Width": 4,
                                              "parent": 25,
                                              "ID": 26
                                            }
                                          ],
                                          "parent": 19,
                                          "ID": 25,
                                          "left": 26
                                        }
                                      ],
                                      "parent": 18,
                                      "ID": 19,
                                      "left": 20,
                                      "right": 25
                                    }
                                  ],
                                  "parent": 17,
                                  "ID": 18,
                                  "left": 19
                                }
                              ],
                              "parent": 16,
                              "ID": 17,
                              "left": 18
                            }
                          ],
                          "parent": 4,
                          "ID": 16,
                          "left": 17
                        }
                      ],
                      "parent": 3,
                      "ID": 4,
                      "left": 5,
                      "right": 16
                    },
                    {
                      "Node Type": "Nested Loop",
                      "Parent Relationship": "Member",
                      "Parallel Aware": false,
                      "Async Capable": false,
                      "Join Type": "Inner",
                      "Startup Cost": 499452.25,
                      "Total Cost": 499502.11,
                      "Plan Rows": 576,
                      "Plan Width": 132,
                      "Inner Unique": false,
                      "Plans": [
                        {
                          "Node Type": "Aggregate",
                          "Strategy": "Sorted",
                          "Partial Mode": "Finalize",
                          "Parent Relationship": "Outer",
                          "Parallel Aware": false,
                          "Async Capable": false,
                          "Startup Cost": 459392.64,
                          "Total Cost": 459424.0,
                          "Plan Rows": 24,
                          "Plan Width": 68,
                          "Group Key": [
                            "catalog_sales.cs_call_center_sk"
                          ],
                          "Plans": [
                            {
                              "Node Type": "Gather Merge",
                              "Parent Relationship": "Outer",
                              "Parallel Aware": false,
                              "Async Capable": false,
                              "Startup Cost": 459392.64,
                              "Total Cost": 459423.04,
                              "Plan Rows": 48,
                              "Plan Width": 68,
                              "Workers Planned": 2,
                              "Plans": [
                                {
                                  "Node Type": "Aggregate",
                                  "Strategy": "Sorted",
                                  "Partial Mode": "Partial",
                                  "Parent Relationship": "Outer",
                                  "Parallel Aware": false,
                                  "Async Capable": false,
                                  "Startup Cost": 458392.62,
                                  "Total Cost": 458417.48,
                                  "Plan Rows": 24,
                                  "Plan Width": 68,
                                  "Group Key": [
                                    "catalog_sales.cs_call_center_sk"
                                  ],
                                  "Plans": [
                                    {
                                      "Node Type": "Sort",
                                      "Parent Relationship": "Outer",
                                      "Parallel Aware": false,
                                      "Async Capable": false,
                                      "Startup Cost": 458392.62,
                                      "Total Cost": 458398.74,
                                      "Plan Rows": 2450,
                                      "Plan Width": 16,
                                      "Sort Key": [
                                        "catalog_sales.cs_call_center_sk"
                                      ],
                                      "Plans": [
                                        {
                                          "Node Type": "Hash Join",
                                          "Parent Relationship": "Outer",
                                          "Parallel Aware": true,
                                          "Async Capable": false,
                                          "Join Type": "Inner",
                                          "Startup Cost": 2049.78,
                                          "Total Cost": 458254.7,
                                          "Plan Rows": 2450,
                                          "Plan Width": 16,
                                          "Inner Unique": false,
                                          "Hash Cond": "(catalog_sales.cs_sold_date_sk = date_dim_2.d_date_sk)",
                                          "Plans": [
                                            {
                                              "Node Type": "Seq Scan",
                                              "Parent Relationship": "Outer",
                                              "Parallel Aware": true,
                                              "Async Capable": false,
                                              "Relation Name": "catalog_sales",
                                              "Alias": "catalog_sales",
                                              "Startup Cost": 0.0,
                                              "Total Cost": 433688.25,
                                              "Plan Rows": 6000525,
                                              "Plan Width": 20,
                                              "parent": 32,
                                              "ID": 33
                                            },
                                            {
                                              "Node Type": "Hash",
                                              "Parent Relationship": "Inner",
                                              "Parallel Aware": true,
                                              "Async Capable": false,
                                              "Startup Cost": 2049.55,
                                              "Total Cost": 2049.55,
                                              "Plan Rows": 18,
                                              "Plan Width": 4,
                                              "Plans": [
                                                {
                                                  "Node Type": "Seq Scan",
                                                  "Parent Relationship": "Outer",
                                                  "Parallel Aware": true,
                                                  "Async Capable": false,
                                                  "Relation Name": "date_dim",
                                                  "Alias": "date_dim_2",
                                                  "Startup Cost": 0.0,
                                                  "Total Cost": 2049.55,
                                                  "Plan Rows": 18,
                                                  "Plan Width": 4,
                                                  "Filter": "((d_date >= '1999-08-14'::date) AND (d_date <= '1999-09-13 00:00:00'::timestamp without time zone))",
                                                  "parent": 34,
                                                  "ID": 35
                                                }
                                              ],
                                              "parent": 32,
                                              "ID": 34,
                                              "left": 35
                                            }
                                          ],
                                          "parent": 31,
                                          "ID": 32,
                                          "left": 33,
                                          "right": 34
                                        }
                                      ],
                                      "parent": 30,
                                      "ID": 31,
                                      "left": 32
                                    }
                                  ],
                                  "parent": 29,
                                  "ID": 30,
                                  "left": 31
                                }
                              ],
                              "parent": 28,
                              "ID": 29,
                              "left": 30
                            }
                          ],
                          "parent": 27,
                          "ID": 28,
                          "left": 29
                        },
                        {
                          "Node Type": "Materialize",
                          "Parent Relationship": "Inner",
                          "Parallel Aware": false,
                          "Async Capable": false,
                          "Startup Cost": 40059.61,
                          "Total Cost": 40069.29,
                          "Plan Rows": 24,
                          "Plan Width": 64,
                          "Plans": [
                            {
                              "Node Type": "Subquery Scan",
                              "Parent Relationship": "Outer",
                              "Parallel Aware": false,
                              "Async Capable": false,
                              "Alias": "cr",
                              "Startup Cost": 40059.61,
                              "Total Cost": 40069.17,
                              "Plan Rows": 24,
                              "Plan Width": 64,
                              "Plans": [
                                {
                                  "Node Type": "Aggregate",
                                  "Strategy": "Sorted",
                                  "Partial Mode": "Finalize",
                                  "Parent Relationship": "Subquery",
                                  "Parallel Aware": false,
                                  "Async Capable": false,
                                  "Startup Cost": 40059.61,
                                  "Total Cost": 40068.93,
                                  "Plan Rows": 24,
                                  "Plan Width": 68,
                                  "Group Key": [
                                    "catalog_returns.cr_call_center_sk"
                                  ],
                                  "Plans": [
                                    {
                                      "Node Type": "Gather Merge",
                                      "Parent Relationship": "Outer",
                                      "Parallel Aware": false,
                                      "Async Capable": false,
                                      "Startup Cost": 40059.61,
                                      "Total Cost": 40067.97,
                                      "Plan Rows": 48,
                                      "Plan Width": 68,
                                      "Workers Planned": 2,
                                      "Plans": [
                                        {
                                          "Node Type": "Aggregate",
                                          "Strategy": "Sorted",
                                          "Partial Mode": "Partial",
                                          "Parent Relationship": "Outer",
                                          "Parallel Aware": false,
                                          "Async Capable": false,
                                          "Startup Cost": 39059.58,
                                          "Total Cost": 39062.4,
                                          "Plan Rows": 24,
                                          "Plan Width": 68,
                                          "Group Key": [
                                            "catalog_returns.cr_call_center_sk"
                                          ],
                                          "Plans": [
                                            {
                                              "Node Type": "Sort",
                                              "Parent Relationship": "Outer",
                                              "Parallel Aware": false,
                                              "Async Capable": false,
                                              "Startup Cost": 39059.58,
                                              "Total Cost": 39060.2,
                                              "Plan Rows": 246,
                                              "Plan Width": 16,
                                              "Sort Key": [
                                                "catalog_returns.cr_call_center_sk"
                                              ],
                                              "Plans": [
                                                {
                                                  "Node Type": "Hash Join",
                                                  "Parent Relationship": "Outer",
                                                  "Parallel Aware": true,
                                                  "Async Capable": false,
                                                  "Join Type": "Inner",
                                                  "Startup Cost": 2049.78,
                                                  "Total Cost": 39049.82,
                                                  "Plan Rows": 246,
                                                  "Plan Width": 16,
                                                  "Inner Unique": false,
                                                  "Hash Cond": "(catalog_returns.cr_returned_date_sk = date_dim_3.d_date_sk)",
                                                  "Plans": [
                                                    {
                                                      "Node Type": "Seq Scan",
                                                      "Parent Relationship": "Outer",
                                                      "Parallel Aware": true,
                                                      "Async Capable": false,
                                                      "Relation Name": "catalog_returns",
                                                      "Alias": "catalog_returns",
                                                      "Startup Cost": 0.0,
                                                      "Total Cost": 34748.95,
                                                      "Plan Rows": 599895,
                                                      "Plan Width": 20,
                                                      "parent": 42,
                                                      "ID": 43
                                                    },
                                                    {
                                                      "Node Type": "Hash",
                                                      "Parent Relationship": "Inner",
                                                      "Parallel Aware": true,
                                                      "Async Capable": false,
                                                      "Startup Cost": 2049.55,
                                                      "Total Cost": 2049.55,
                                                      "Plan Rows": 18,
                                                      "Plan Width": 4,
                                                      "Plans": [
                                                        {
                                                          "Node Type": "Seq Scan",
                                                          "Parent Relationship": "Outer",
                                                          "Parallel Aware": true,
                                                          "Async Capable": false,
                                                          "Relation Name": "date_dim",
                                                          "Alias": "date_dim_3",
                                                          "Startup Cost": 0.0,
                                                          "Total Cost": 2049.55,
                                                          "Plan Rows": 18,
                                                          "Plan Width": 4,
                                                          "Filter": "((d_date >= '1999-08-14'::date) AND (d_date <= '1999-09-13 00:00:00'::timestamp without time zone))",
                                                          "parent": 44,
                                                          "ID": 45
                                                        }
                                                      ],
                                                      "parent": 42,
                                                      "ID": 44,
                                                      "left": 45
                                                    }
                                                  ],
                                                  "parent": 41,
                                                  "ID": 42,
                                                  "left": 43,
                                                  "right": 44
                                                }
                                              ],
                                              "parent": 40,
                                              "ID": 41,
                                              "left": 42
                                            }
                                          ],
                                          "parent": 39,
                                          "ID": 40,
                                          "left": 41
                                        }
                                      ],
                                      "parent": 38,
                                      "ID": 39,
                                      "left": 40
                                    }
                                  ],
                                  "parent": 37,
                                  "ID": 38,
                                  "left": 39
                                }
                              ],
                              "parent": 36,
                              "ID": 37,
                              "left": 38
                            }
                          ],
                          "parent": 27,
                          "ID": 36,
                          "left": 37
                        }
                      ],
                      "parent": 3,
                      "ID": 27,
                      "left": 28,
                      "right": 36
                    },
                    {
                      "Node Type": "Merge Join",
                      "Parent Relationship": "Member",
                      "Parallel Aware": false,
                      "Async Capable": false,
                      "Join Type": "Left",
                      "Startup Cost": 252590.79,
                      "Total Cost": 252726.18,
                      "Plan Rows": 200,
                      "Plan Width": 132,
                      "Inner Unique": true,
                      "Merge Cond": "(web_page.wp_web_page_sk = web_page_1.wp_web_page_sk)",
                      "Plans": [
                        {
                          "Node Type": "Aggregate",
                          "Strategy": "Sorted",
                          "Partial Mode": "Finalize",
                          "Parent Relationship": "Outer",
                          "Parallel Aware": false,
                          "Async Capable": false,
                          "Startup Cost": 232119.07,
                          "Total Cost": 232210.1,
                          "Plan Rows": 200,
                          "Plan Width": 68,
                          "Group Key": [
                            "web_page.wp_web_page_sk"
                          ],
                          "Plans": [
                            {
                              "Node Type": "Gather Merge",
                              "Parent Relationship": "Outer",
                              "Parallel Aware": false,
                              "Async Capable": false,
                              "Startup Cost": 232119.07,
                              "Total Cost": 232202.1,
                              "Plan Rows": 400,
                              "Plan Width": 68,
                              "Workers Planned": 2,
                              "Plans": [
                                {
                                  "Node Type": "Aggregate",
                                  "Strategy": "Sorted",
                                  "Partial Mode": "Partial",
                                  "Parent Relationship": "Outer",
                                  "Parallel Aware": false,
                                  "Async Capable": false,
                                  "Startup Cost": 231119.05,
                                  "Total Cost": 231155.9,
                                  "Plan Rows": 200,
                                  "Plan Width": 68,
                                  "Group Key": [
                                    "web_page.wp_web_page_sk"
                                  ],
                                  "Plans": [
                                    {
                                      "Node Type": "Merge Join",
                                      "Parent Relationship": "Outer",
                                      "Parallel Aware": false,
                                      "Async Capable": false,
                                      "Join Type": "Inner",
                                      "Startup Cost": 231119.05,
                                      "Total Cost": 231143.67,
                                      "Plan Rows": 1231,
                                      "Plan Width": 16,
                                      "Inner Unique": false,
                                      "Merge Cond": "(web_sales.ws_web_page_sk = web_page.wp_web_page_sk)",
                                      "Plans": [
                                        {
                                          "Node Type": "Sort",
                                          "Parent Relationship": "Outer",
                                          "Parallel Aware": false,
                                          "Async Capable": false,
                                          "Startup Cost": 231104.41,
                                          "Total Cost": 231107.48,
                                          "Plan Rows": 1231,
                                          "Plan Width": 16,
                                          "Sort Key": [
                                            "web_sales.ws_web_page_sk"
                                          ],
                                          "Plans": [
                                            {
                                              "Node Type": "Hash Join",
                                              "Parent Relationship": "Outer",
                                              "Parallel Aware": true,
                                              "Async Capable": false,
                                              "Join Type": "Inner",
                                              "Startup Cost": 2049.78,
                                              "Total Cost": 231041.22,
                                              "Plan Rows": 1231,
                                              "Plan Width": 16,
                                              "Inner Unique": false,
                                              "Hash Cond": "(web_sales.ws_sold_date_sk = date_dim_4.d_date_sk)",
                                              "Plans": [
                                                {
                                                  "Node Type": "Seq Scan",
                                                  "Parent Relationship": "Outer",
                                                  "Parallel Aware": true,
                                                  "Async Capable": false,
                                                  "Relation Name": "web_sales",
                                                  "Alias": "web_sales",
                                                  "Startup Cost": 0.0,
                                                  "Total Cost": 217737.86,
                                                  "Plan Rows": 2998986,
                                                  "Plan Width": 20,
                                                  "parent": 52,
                                                  "ID": 53
                                                },
                                                {
                                                  "Node Type": "Hash",
                                                  "Parent Relationship": "Inner",
                                                  "Parallel Aware": true,
                                                  "Async Capable": false,
                                                  "Startup Cost": 2049.55,
                                                  "Total Cost": 2049.55,
                                                  "Plan Rows": 18,
                                                  "Plan Width": 4,
                                                  "Plans": [
                                                    {
                                                      "Node Type": "Seq Scan",
                                                      "Parent Relationship": "Outer",
                                                      "Parallel Aware": true,
                                                      "Async Capable": false,
                                                      "Relation Name": "date_dim",
                                                      "Alias": "date_dim_4",
                                                      "Startup Cost": 0.0,
                                                      "Total Cost": 2049.55,
                                                      "Plan Rows": 18,
                                                      "Plan Width": 4,
                                                      "Filter": "((d_date >= '1999-08-14'::date) AND (d_date <= '1999-09-13 00:00:00'::timestamp without time zone))",
                                                      "parent": 54,
                                                      "ID": 55
                                                    }
                                                  ],
                                                  "parent": 52,
                                                  "ID": 54,
                                                  "left": 55
                                                }
                                              ],
                                              "parent": 51,
                                              "ID": 52,
                                              "left": 53,
                                              "right": 54
                                            }
                                          ],
                                          "parent": 50,
                                          "ID": 51,
                                          "left": 52
                                        },
                                        {
                                          "Node Type": "Sort",
                                          "Parent Relationship": "Inner",
                                          "Parallel Aware": false,
                                          "Async Capable": false,
                                          "Startup Cost": 14.64,
                                          "Total Cost": 15.14,
                                          "Plan Rows": 200,
                                          "Plan Width": 4,
                                          "Sort Key": [
                                            "web_page.wp_web_page_sk"
                                          ],
                                          "Plans": [
                                            {
                                              "Node Type": "Seq Scan",
                                              "Parent Relationship": "Outer",
                                              "Parallel Aware": false,
                                              "Async Capable": false,
                                              "Relation Name": "web_page",
                                              "Alias": "web_page",
                                              "Startup Cost": 0.0,
                                              "Total Cost": 7.0,
                                              "Plan Rows": 200,
                                              "Plan Width": 4,
                                              "parent": 56,
                                              "ID": 57
                                            }
                                          ],
                                          "parent": 50,
                                          "ID": 56,
                                          "left": 57
                                        }
                                      ],
                                      "parent": 49,
                                      "ID": 50,
                                      "left": 51,
                                      "right": 56
                                    }
                                  ],
                                  "parent": 48,
                                  "ID": 49,
                                  "left": 50
                                }
                              ],
                              "parent": 47,
                              "ID": 48,
                              "left": 49
                            }
                          ],
                          "parent": 46,
                          "ID": 47,
                          "left": 48
                        },
                        {
                          "Node Type": "Aggregate",
                          "Strategy": "Sorted",
                          "Partial Mode": "Finalize",
                          "Parent Relationship": "Inner",
                          "Parallel Aware": false,
                          "Async Capable": false,
                          "Startup Cost": 20471.72,
                          "Total Cost": 20508.59,
                          "Plan Rows": 200,
                          "Plan Width": 68,
                          "Group Key": [
                            "web_page_1.wp_web_page_sk"
                          ],
                          "Plans": [
                            {
                              "Node Type": "Gather Merge",
                              "Parent Relationship": "Outer",
                              "Parallel Aware": false,
                              "Async Capable": false,
                              "Startup Cost": 20471.72,
                              "Total Cost": 20502.79,
                              "Plan Rows": 224,
                              "Plan Width": 68,
                              "Workers Planned": 2,
                              "Plans": [
                                {
                                  "Node Type": "Aggregate",
                                  "Strategy": "Sorted",
                                  "Partial Mode": "Partial",
                                  "Parent Relationship": "Outer",
                                  "Parallel Aware": false,
                                  "Async Capable": false,
                                  "Startup Cost": 19471.69,
                                  "Total Cost": 19476.91,
                                  "Plan Rows": 112,
                                  "Plan Width": 68,
                                  "Group Key": [
                                    "web_page_1.wp_web_page_sk"
                                  ],
                                  "Plans": [
                                    {
                                      "Node Type": "Merge Join",
                                      "Parent Relationship": "Outer",
                                      "Parallel Aware": false,
                                      "Async Capable": false,
                                      "Join Type": "Inner",
                                      "Startup Cost": 19471.69,
                                      "Total Cost": 19474.39,
                                      "Plan Rows": 112,
                                      "Plan Width": 16,
                                      "Inner Unique": false,
                                      "Merge Cond": "(web_returns.wr_web_page_sk = web_page_1.wp_web_page_sk)",
                                      "Plans": [
                                        {
                                          "Node Type": "Sort",
                                          "Parent Relationship": "Outer",
                                          "Parallel Aware": false,
                                          "Async Capable": false,
                                          "Startup Cost": 19457.05,
                                          "Total Cost": 19457.35,
                                          "Plan Rows": 118,
                                          "Plan Width": 16,
                                          "Sort Key": [
                                            "web_returns.wr_web_page_sk"
                                          ],
                                          "Plans": [
                                            {
                                              "Node Type": "Hash Join",
                                              "Parent Relationship": "Outer",
                                              "Parallel Aware": true,
                                              "Async Capable": false,
                                              "Join Type": "Inner",
                                              "Startup Cost": 2049.78,
                                              "Total Cost": 19452.99,
                                              "Plan Rows": 118,
                                              "Plan Width": 16,
                                              "Inner Unique": false,
                                              "Hash Cond": "(web_returns.wr_returned_date_sk = date_dim_5.d_date_sk)",
                                              "Plans": [
                                                {
                                                  "Node Type": "Seq Scan",
                                                  "Parent Relationship": "Outer",
                                                  "Parallel Aware": true,
                                                  "Async Capable": false,
                                                  "Relation Name": "web_returns",
                                                  "Alias": "web_returns",
                                                  "Startup Cost": 0.0,
                                                  "Total Cost": 16278.74,
                                                  "Plan Rows": 299674,
                                                  "Plan Width": 20,
                                                  "parent": 63,
                                                  "ID": 64
                                                },
                                                {
                                                  "Node Type": "Hash",
                                                  "Parent Relationship": "Inner",
                                                  "Parallel Aware": true,
                                                  "Async Capable": false,
                                                  "Startup Cost": 2049.55,
                                                  "Total Cost": 2049.55,
                                                  "Plan Rows": 18,
                                                  "Plan Width": 4,
                                                  "Plans": [
                                                    {
                                                      "Node Type": "Seq Scan",
                                                      "Parent Relationship": "Outer",
                                                      "Parallel Aware": true,
                                                      "Async Capable": false,
                                                      "Relation Name": "date_dim",
                                                      "Alias": "date_dim_5",
                                                      "Startup Cost": 0.0,
                                                      "Total Cost": 2049.55,
                                                      "Plan Rows": 18,
                                                      "Plan Width": 4,
                                                      "Filter": "((d_date >= '1999-08-14'::date) AND (d_date <= '1999-09-13 00:00:00'::timestamp without time zone))",
                                                      "parent": 65,
                                                      "ID": 66
                                                    }
                                                  ],
                                                  "parent": 63,
                                                  "ID": 65,
                                                  "left": 66
                                                }
                                              ],
                                              "parent": 62,
                                              "ID": 63,
                                              "left": 64,
                                              "right": 65
                                            }
                                          ],
                                          "parent": 61,
                                          "ID": 62,
                                          "left": 63
                                        },
                                        {
                                          "Node Type": "Sort",
                                          "Parent Relationship": "Inner",
                                          "Parallel Aware": false,
                                          "Async Capable": false,
                                          "Startup Cost": 14.64,
                                          "Total Cost": 15.14,
                                          "Plan Rows": 200,
                                          "Plan Width": 4,
                                          "Sort Key": [
                                            "web_page_1.wp_web_page_sk"
                                          ],
                                          "Plans": [
                                            {
                                              "Node Type": "Seq Scan",
                                              "Parent Relationship": "Outer",
                                              "Parallel Aware": false,
                                              "Async Capable": false,
                                              "Relation Name": "web_page",
                                              "Alias": "web_page_1",
                                              "Startup Cost": 0.0,
                                              "Total Cost": 7.0,
                                              "Plan Rows": 200,
                                              "Plan Width": 4,
                                              "parent": 67,
                                              "ID": 68
                                            }
                                          ],
                                          "parent": 61,
                                          "ID": 67,
                                          "left": 68
                                        }
                                      ],
                                      "parent": 60,
                                      "ID": 61,
                                      "left": 62,
                                      "right": 67
                                    }
                                  ],
                                  "parent": 59,
                                  "ID": 60,
                                  "left": 61
                                }
                              ],
                              "parent": 58,
                              "ID": 59,
                              "left": 60
                            }
                          ],
                          "parent": 46,
                          "ID": 58,
                          "left": 59
                        }
                      ],
                      "parent": 3,
                      "ID": 46,
                      "left": 47,
                      "right": 58
                    }
                  ],
                  "parent": 2,
                  "ID": 3,
                  "left": 4,
                  "right": 27
                }
              ],
              "parent": 1,
              "ID": 2,
              "left": 3
            }
          ],
          "parent": 0,
          "ID": 1,
          "left": 2
        }
      ],
      "parent": null,
      "ID": 0,
      "left": 1
    },
    "feat": {
      "utility": 4.628202412208354e-06,
      "query_shape": [
        [
          "Seq Scan",
          "Hash Join",
          "Sort",
          "Merge Join",
          "Aggregate",
          "Gather Merge",
          "Append"
        ],
        [
          "Seq Scan",
          "Hash",
          "Hash Join",
          "Sort",
          "Merge Join",
          "Aggregate",
          "Gather Merge",
          "Append"
        ],
        [
          "Seq Scan",
          "Sort",
          "Merge Join",
          "Aggregate",
          "Gather Merge",
          "Append"
        ],
        [
          "Seq Scan",
          "Hash Join",
          "Sort",
          "Merge Join",
          "Aggregate",
          "Gather Merge",
          "Append"
        ],
        [
          "Seq Scan",
          "Hash",
          "Hash Join",
          "Sort",
          "Merge Join",
          "Aggregate",
          "Gather Merge",
          "Append"
        ],
        [
          "Seq Scan",
          "Sort",
          "Merge Join",
          "Aggregate",
          "Gather Merge",
          "Append"
        ],
        [
          "Seq Scan",
          "Hash Join",
          "Sort",
          "Aggregate",
          "Gather Merge",
          "Nested Loop",
          "Append"
        ],
        [
          "Seq Scan",
          "Hash",
          "Hash Join",
          "Sort",
          "Aggregate",
          "Gather Merge",
          "Nested Loop",
          "Append"
        ],
        [
          "Seq Scan",
          "Hash Join",
          "Sort",
          "Aggregate",
          "Gather Merge",
          "Subquery Scan",
          "Materialize",
          "Nested Loop",
          "Append"
        ],
        [
          "Seq Scan",
          "Hash",
          "Hash Join",
          "Sort",
          "Aggregate",
          "Gather Merge",
          "Subquery Scan",
          "Materialize",
          "Nested Loop",
          "Append"
        ],
        [
          "Seq Scan",
          "Hash Join",
          "Sort",
          "Merge Join",
          "Aggregate",
          "Gather Merge",
          "Append"
        ],
        [
          "Seq Scan",
          "Hash",
          "Hash Join",
          "Sort",
          "Merge Join",
          "Aggregate",
          "Gather Merge",
          "Append"
        ],
        [
          "Seq Scan",
          "Sort",
          "Merge Join",
          "Aggregate",
          "Gather Merge",
          "Append"
        ],
        [
          "Seq Scan",
          "Hash Join",
          "Sort",
          "Merge Join",
          "Aggregate",
          "Gather Merge",
          "Append"
        ],
        [
          "Seq Scan",
          "Hash",
          "Hash Join",
          "Sort",
          "Merge Join",
          "Aggregate",
          "Gather Merge",
          "Append"
        ],
        [
          "Seq Scan",
          "Sort",
          "Merge Join",
          "Aggregate",
          "Gather Merge",
          "Append"
        ]
      ],
      "index_shape": [
        "join"
      ],
      "physical_operator": {
        "Hash Join": [
          0.004775353814081747
        ]
      }
    }
  },
  {
    "query": "with ss as\n (select s_store_sk,\n         sum(ss_ext_sales_price) as sales,\n         sum(ss_net_profit) as profit\n from store_sales,\n      date_dim,\n      store\n where ss_sold_date_sk = d_date_sk\n       and d_date between cast('1999-08-14' as date) \n                  and (cast('1999-08-14' as date) +  interval '30 days') \n       and ss_store_sk = s_store_sk\n group by s_store_sk)\n ,\n sr as\n (select s_store_sk,\n         sum(sr_return_amt) as returns,\n         sum(sr_net_loss) as profit_loss\n from store_returns,\n      date_dim,\n      store\n where sr_returned_date_sk = d_date_sk\n       and d_date between cast('1999-08-14' as date)\n                  and (cast('1999-08-14' as date) +  interval '30 days')\n       and sr_store_sk = s_store_sk\n group by s_store_sk), \n cs as\n (select cs_call_center_sk,\n        sum(cs_ext_sales_price) as sales,\n        sum(cs_net_profit) as profit\n from catalog_sales,\n      date_dim\n where cs_sold_date_sk = d_date_sk\n       and d_date between cast('1999-08-14' as date)\n                  and (cast('1999-08-14' as date) +  interval '30 days')\n group by cs_call_center_sk \n ), \n cr as\n (select cr_call_center_sk,\n         sum(cr_return_amount) as returns,\n         sum(cr_net_loss) as profit_loss\n from catalog_returns,\n      date_dim\n where cr_returned_date_sk = d_date_sk\n       and d_date between cast('1999-08-14' as date)\n                  and (cast('1999-08-14' as date) +  interval '30 days')\n group by cr_call_center_sk\n ), \n ws as\n ( select wp_web_page_sk,\n        sum(ws_ext_sales_price) as sales,\n        sum(ws_net_profit) as profit\n from web_sales,\n      date_dim,\n      web_page\n where ws_sold_date_sk = d_date_sk\n       and d_date between cast('1999-08-14' as date)\n                  and (cast('1999-08-14' as date) +  interval '30 days')\n       and ws_web_page_sk = wp_web_page_sk\n group by wp_web_page_sk), \n wr as\n (select wp_web_page_sk,\n        sum(wr_return_amt) as returns,\n        sum(wr_net_loss) as profit_loss\n from web_returns,\n      date_dim,\n      web_page\n where wr_returned_date_sk = d_date_sk\n       and d_date between cast('1999-08-14' as date)\n                  and (cast('1999-08-14' as date) +  interval '30 days')\n       and wr_web_page_sk = wp_web_page_sk\n group by wp_web_page_sk)\n  select  channel\n        , id\n        , sum(sales) as sales\n        , sum(returns) as returns\n        , sum(profit) as profit\n from \n (select 'store channel' as channel\n        , ss.s_store_sk as id\n        , sales\n        , coalesce(returns, 0) as returns\n        , (profit - coalesce(profit_loss,0)) as profit\n from   ss left join sr\n        on  ss.s_store_sk = sr.s_store_sk\n union all\n select 'catalog channel' as channel\n        , cs_call_center_sk as id\n        , sales\n        , returns\n        , (profit - profit_loss) as profit\n from  cs\n       , cr\n union all\n select 'web channel' as channel\n        , ws.wp_web_page_sk as id\n        , sales\n        , coalesce(returns, 0) as returns\n        , (profit - coalesce(profit_loss,0)) as profit\n from   ws left join wr\n        on  ws.wp_web_page_sk = wr.wp_web_page_sk\n ) x\n group by rollup (channel, id)\n order by channel\n         ,id\n limit 100;\n\n-- end query 58 in stream 0 using template query77.tpl\n",
    "indexes": "web_sales.ws_web_page_sk",
    "wo plan est": {
      "Node Type": "Limit",
      "Parallel Aware": false,
      "Async Capable": false,
      "Startup Cost": 1505243.45,
      "Total Cost": 1505243.7,
      "Plan Rows": 100,
      "Plan Width": 132,
      "Plans": [
        {
          "Node Type": "Sort",
          "Parent Relationship": "Outer",
          "Parallel Aware": false,
          "Async Capable": false,
          "Startup Cost": 1505243.45,
          "Total Cost": 1505244.45,
          "Plan Rows": 401,
          "Plan Width": 132,
          "Sort Key": [
            "('store channel'::text)",
            "store.s_store_sk"
          ],
          "Plans": [
            {
              "Node Type": "Aggregate",
              "Strategy": "Mixed",
              "Partial Mode": "Simple",
              "Parent Relationship": "Outer",
              "Parallel Aware": false,
              "Async Capable": false,
              "Startup Cost": 752755.06,
              "Total Cost": 1505228.12,
              "Plan Rows": 401,
              "Plan Width": 132,
              "Grouping Sets": [
                {
                  "Hash Keys": [
                    [
                      "('store channel'::text)",
                      "store.s_store_sk"
                    ]
                  ]
                },
                {
                  "Hash Keys": [
                    [
                      "('store channel'::text)"
                    ]
                  ]
                },
                {
                  "Group Keys": [
                    []
                  ]
                }
              ],
              "Planned Partitions": 0,
              "Plans": [
                {
                  "Node Type": "Append",
                  "Parent Relationship": "Outer",
                  "Parallel Aware": false,
                  "Async Capable": false,
                  "Startup Cost": 752755.06,
                  "Total Cost": 1505194.76,
                  "Plan Rows": 878,
                  "Plan Width": 132,
                  "Subplans Removed": 0,
                  "Plans": [
                    {
                      "Node Type": "Merge Join",
                      "Parent Relationship": "Member",
                      "Parallel Aware": false,
                      "Async Capable": false,
                      "Join Type": "Left",
                      "Startup Cost": 752755.06,
                      "Total Cost": 752953.3,
                      "Plan Rows": 102,
                      "Plan Width": 132,
                      "Inner Unique": true,
                      "Merge Cond": "(store.s_store_sk = store_1.s_store_sk)",
                      "Plans": [
                        {
                          "Node Type": "Aggregate",
                          "Strategy": "Sorted",
                          "Partial Mode": "Finalize",
                          "Parent Relationship": "Outer",
                          "Parallel Aware": false,
                          "Async Capable": false,
                          "Startup Cost": 685291.07,
                          "Total Cost": 685443.67,
                          "Plan Rows": 102,
                          "Plan Width": 68,
                          "Group Key": [
                            "store.s_store_sk"
                          ],
                          "Plans": [
                            {
                              "Node Type": "Gather Merge",
                              "Parent Relationship": "Outer",
                              "Parallel Aware": false,
                              "Async Capable": false,
                              "Startup Cost": 685291.07,
                              "Total Cost": 685439.59,
                              "Plan Rows": 204,
                              "Plan Width": 68,
                              "Workers Planned": 2,
                              "Plans": [
                                {
                                  "Node Type": "Aggregate",
                                  "Strategy": "Sorted",
                                  "Partial Mode": "Partial",
                                  "Parent Relationship": "Outer",
                                  "Parallel Aware": false,
                                  "Async Capable": false,
                                  "Startup Cost": 684291.04,
                                  "Total Cost": 684416.02,
                                  "Plan Rows": 102,
                                  "Plan Width": 68,
                                  "Group Key": [
                                    "store.s_store_sk"
                                  ],
                                  "Plans": [
                                    {
                                      "Node Type": "Merge Join",
                                      "Parent Relationship": "Outer",
                                      "Parallel Aware": false,
                                      "Async Capable": false,
                                      "Join Type": "Inner",
                                      "Startup Cost": 684291.04,
                                      "Total Cost": 684380.82,
                                      "Plan Rows": 4489,
                                      "Plan Width": 16,
                                      "Inner Unique": false,
                                      "Merge Cond": "(store_sales.ss_store_sk = store.s_store_sk)",
                                      "Plans": [
                                        {
                                          "Node Type": "Sort",
                                          "Parent Relationship": "Outer",
                                          "Parallel Aware": false,
                                          "Async Capable": false,
                                          "Startup Cost": 684281.62,
                                          "Total Cost": 684293.38,
                                          "Plan Rows": 4703,
                                          "Plan Width": 16,
                                          "Sort Key": [
                                            "store_sales.ss_store_sk"
                                          ],
                                          "Plans": [
                                            {
                                              "Node Type": "Hash Join",
                                              "Parent Relationship": "Outer",
                                              "Parallel Aware": true,
                                              "Async Capable": false,
                                              "Join Type": "Inner",
                                              "Startup Cost": 2049.78,
                                              "Total Cost": 683994.75,
                                              "Plan Rows": 4703,
                                              "Plan Width": 16,
                                              "Inner Unique": false,
                                              "Hash Cond": "(store_sales.ss_sold_date_sk = date_dim.d_date_sk)",
                                              "Plans": [
                                                {
                                                  "Node Type": "Seq Scan",
                                                  "Parent Relationship": "Outer",
                                                  "Parallel Aware": true,
                                                  "Async Capable": false,
                                                  "Relation Name": "store_sales",
                                                  "Alias": "store_sales",
                                                  "Startup Cost": 0.0,
                                                  "Total Cost": 636914.37,
                                                  "Plan Rows": 12000637,
                                                  "Plan Width": 20,
                                                  "parent": 10,
                                                  "ID": 11
                                                },
                                                {
                                                  "Node Type": "Hash",
                                                  "Parent Relationship": "Inner",
                                                  "Parallel Aware": true,
                                                  "Async Capable": false,
                                                  "Startup Cost": 2049.55,
                                                  "Total Cost": 2049.55,
                                                  "Plan Rows": 18,
                                                  "Plan Width": 4,
                                                  "Plans": [
                                                    {
                                                      "Node Type": "Seq Scan",
                                                      "Parent Relationship": "Outer",
                                                      "Parallel Aware": true,
                                                      "Async Capable": false,
                                                      "Relation Name": "date_dim",
                                                      "Alias": "date_dim",
                                                      "Startup Cost": 0.0,
                                                      "Total Cost": 2049.55,
                                                      "Plan Rows": 18,
                                                      "Plan Width": 4,
                                                      "Filter": "((d_date >= '1999-08-14'::date) AND (d_date <= '1999-09-13 00:00:00'::timestamp without time zone))",
                                                      "parent": 12,
                                                      "ID": 13
                                                    }
                                                  ],
                                                  "parent": 10,
                                                  "ID": 12,
                                                  "left": 13
                                                }
                                              ],
                                              "parent": 9,
                                              "ID": 10,
                                              "left": 11,
                                              "right": 12
                                            }
                                          ],
                                          "parent": 8,
                                          "ID": 9,
                                          "left": 10
                                        },
                                        {
                                          "Node Type": "Sort",
                                          "Parent Relationship": "Inner",
                                          "Parallel Aware": false,
                                          "Async Capable": false,
                                          "Startup Cost": 9.42,
                                          "Total Cost": 9.68,
                                          "Plan Rows": 102,
                                          "Plan Width": 4,
                                          "Sort Key": [
                                            "store.s_store_sk"
                                          ],
                                          "Plans": [
                                            {
                                              "Node Type": "Seq Scan",
                                              "Parent Relationship": "Outer",
                                              "Parallel Aware": false,
                                              "Async Capable": false,
                                              "Relation Name": "store",
                                              "Alias": "store",
                                              "Startup Cost": 0.0,
                                              "Total Cost": 6.02,
                                              "Plan Rows": 102,
                                              "Plan Width": 4,
                                              "parent": 14,
                                              "ID": 15
                                            }
                                          ],
                                          "parent": 8,
                                          "ID": 14,
                                          "left": 15
                                        }
                                      ],
                                      "parent": 7,
                                      "ID": 8,
                                      "left": 9,
                                      "right": 14
                                    }
                                  ],
                                  "parent": 6,
                                  "ID": 7,
                                  "left": 8
                                }
                              ],
                              "parent": 5,
                              "ID": 6,
                              "left": 7
                            }
                          ],
                          "parent": 4,
                          "ID": 5,
                          "left": 6
                        },
                        {
                          "Node Type": "Aggregate",
                          "Strategy": "Sorted",
                          "Partial Mode": "Finalize",
                          "Parent Relationship": "Inner",
                          "Parallel Aware": false,
                          "Async Capable": false,
                          "Startup Cost": 67464.0,
                          "Total Cost": 67505.8,
                          "Plan Rows": 102,
                          "Plan Width": 68,
                          "Group Key": [
                            "store_1.s_store_sk"
                          ],
                          "Plans": [
                            {
                              "Node Type": "Gather Merge",
                              "Parent Relationship": "Outer",
                              "Parallel Aware": false,
                              "Async Capable": false,
                              "Startup Cost": 67464.0,
                              "Total Cost": 67501.72,
                              "Plan Rows": 204,
                              "Plan Width": 68,
                              "Workers Planned": 2,
                              "Plans": [
                                {
                                  "Node Type": "Aggregate",
                                  "Strategy": "Sorted",
                                  "Partial Mode": "Partial",
                                  "Parent Relationship": "Outer",
                                  "Parallel Aware": false,
                                  "Async Capable": false,
                                  "Startup Cost": 66463.97,
                                  "Total Cost": 66478.15,
                                  "Plan Rows": 102,
                                  "Plan Width": 68,
                                  "Group Key": [
                                    "store_1.s_store_sk"
                                  ],
                                  "Plans": [
                                    {
                                      "Node Type": "Merge Join",
                                      "Parent Relationship": "Outer",
                                      "Parallel Aware": false,
                                      "Async Capable": false,
                                      "Join Type": "Inner",
                                      "Startup Cost": 66463.97,
                                      "Total Cost": 66473.17,
                                      "Plan Rows": 460,
                                      "Plan Width": 16,
                                      "Inner Unique": false,
                                      "Merge Cond": "(store_returns.sr_store_sk = store_1.s_store_sk)",
                                      "Plans": [
                                        {
                                          "Node Type": "Sort",
                                          "Parent Relationship": "Outer",
                                          "Parallel Aware": false,
                                          "Async Capable": false,
                                          "Startup Cost": 66454.55,
                                          "Total Cost": 66455.74,
                                          "Plan Rows": 476,
                                          "Plan Width": 16,
                                          "Sort Key": [
                                            "store_returns.sr_store_sk"
                                          ],
                                          "Plans": [
                                            {
                                              "Node Type": "Hash Join",
                                              "Parent Relationship": "Outer",
                                              "Parallel Aware": true,
                                              "Async Capable": false,
                                              "Join Type": "Inner",
                                              "Startup Cost": 2049.78,
                                              "Total Cost": 66433.38,
                                              "Plan Rows": 476,
                                              "Plan Width": 16,
                                              "Inner Unique": false,
                                              "Hash Cond": "(store_returns.sr_returned_date_sk = date_dim_1.d_date_sk)",
                                              "Plans": [
                                                {
                                                  "Node Type": "Seq Scan",
                                                  "Parent Relationship": "Outer",
                                                  "Parallel Aware": true,
                                                  "Async Capable": false,
                                                  "Relation Name": "store_returns",
                                                  "Alias": "store_returns",
                                                  "Startup Cost": 0.0,
                                                  "Total Cost": 59887.64,
                                                  "Plan Rows": 1198164,
                                                  "Plan Width": 20,
                                                  "parent": 21,
                                                  "ID": 22
                                                },
                                                {
                                                  "Node Type": "Hash",
                                                  "Parent Relationship": "Inner",
                                                  "Parallel Aware": true,
                                                  "Async Capable": false,
                                                  "Startup Cost": 2049.55,
                                                  "Total Cost": 2049.55,
                                                  "Plan Rows": 18,
                                                  "Plan Width": 4,
                                                  "Plans": [
                                                    {
                                                      "Node Type": "Seq Scan",
                                                      "Parent Relationship": "Outer",
                                                      "Parallel Aware": true,
                                                      "Async Capable": false,
                                                      "Relation Name": "date_dim",
                                                      "Alias": "date_dim_1",
                                                      "Startup Cost": 0.0,
                                                      "Total Cost": 2049.55,
                                                      "Plan Rows": 18,
                                                      "Plan Width": 4,
                                                      "Filter": "((d_date >= '1999-08-14'::date) AND (d_date <= '1999-09-13 00:00:00'::timestamp without time zone))",
                                                      "parent": 23,
                                                      "ID": 24
                                                    }
                                                  ],
                                                  "parent": 21,
                                                  "ID": 23,
                                                  "left": 24
                                                }
                                              ],
                                              "parent": 20,
                                              "ID": 21,
                                              "left": 22,
                                              "right": 23
                                            }
                                          ],
                                          "parent": 19,
                                          "ID": 20,
                                          "left": 21
                                        },
                                        {
                                          "Node Type": "Sort",
                                          "Parent Relationship": "Inner",
                                          "Parallel Aware": false,
                                          "Async Capable": false,
                                          "Startup Cost": 9.42,
                                          "Total Cost": 9.68,
                                          "Plan Rows": 102,
                                          "Plan Width": 4,
                                          "Sort Key": [
                                            "store_1.s_store_sk"
                                          ],
                                          "Plans": [
                                            {
                                              "Node Type": "Seq Scan",
                                              "Parent Relationship": "Outer",
                                              "Parallel Aware": false,
                                              "Async Capable": false,
                                              "Relation Name": "store",
                                              "Alias": "store_1",
                                              "Startup Cost": 0.0,
                                              "Total Cost": 6.02,
                                              "Plan Rows": 102,
                                              "Plan Width": 4,
                                              "parent": 25,
                                              "ID": 26
                                            }
                                          ],
                                          "parent": 19,
                                          "ID": 25,
                                          "left": 26
                                        }
                                      ],
                                      "parent": 18,
                                      "ID": 19,
                                      "left": 20,
                                      "right": 25
                                    }
                                  ],
                                  "parent": 17,
                                  "ID": 18,
                                  "left": 19
                                }
                              ],
                              "parent": 16,
                              "ID": 17,
                              "left": 18
                            }
                          ],
                          "parent": 4,
                          "ID": 16,
                          "left": 17
                        }
                      ],
                      "parent": 3,
                      "ID": 4,
                      "left": 5,
                      "right": 16
                    },
                    {
                      "Node Type": "Nested Loop",
                      "Parent Relationship": "Member",
                      "Parallel Aware": false,
                      "Async Capable": false,
                      "Join Type": "Inner",
                      "Startup Cost": 499452.25,
                      "Total Cost": 499502.11,
                      "Plan Rows": 576,
                      "Plan Width": 132,
                      "Inner Unique": false,
                      "Plans": [
                        {
                          "Node Type": "Aggregate",
                          "Strategy": "Sorted",
                          "Partial Mode": "Finalize",
                          "Parent Relationship": "Outer",
                          "Parallel Aware": false,
                          "Async Capable": false,
                          "Startup Cost": 459392.64,
                          "Total Cost": 459424.0,
                          "Plan Rows": 24,
                          "Plan Width": 68,
                          "Group Key": [
                            "catalog_sales.cs_call_center_sk"
                          ],
                          "Plans": [
                            {
                              "Node Type": "Gather Merge",
                              "Parent Relationship": "Outer",
                              "Parallel Aware": false,
                              "Async Capable": false,
                              "Startup Cost": 459392.64,
                              "Total Cost": 459423.04,
                              "Plan Rows": 48,
                              "Plan Width": 68,
                              "Workers Planned": 2,
                              "Plans": [
                                {
                                  "Node Type": "Aggregate",
                                  "Strategy": "Sorted",
                                  "Partial Mode": "Partial",
                                  "Parent Relationship": "Outer",
                                  "Parallel Aware": false,
                                  "Async Capable": false,
                                  "Startup Cost": 458392.62,
                                  "Total Cost": 458417.48,
                                  "Plan Rows": 24,
                                  "Plan Width": 68,
                                  "Group Key": [
                                    "catalog_sales.cs_call_center_sk"
                                  ],
                                  "Plans": [
                                    {
                                      "Node Type": "Sort",
                                      "Parent Relationship": "Outer",
                                      "Parallel Aware": false,
                                      "Async Capable": false,
                                      "Startup Cost": 458392.62,
                                      "Total Cost": 458398.74,
                                      "Plan Rows": 2450,
                                      "Plan Width": 16,
                                      "Sort Key": [
                                        "catalog_sales.cs_call_center_sk"
                                      ],
                                      "Plans": [
                                        {
                                          "Node Type": "Hash Join",
                                          "Parent Relationship": "Outer",
                                          "Parallel Aware": true,
                                          "Async Capable": false,
                                          "Join Type": "Inner",
                                          "Startup Cost": 2049.78,
                                          "Total Cost": 458254.7,
                                          "Plan Rows": 2450,
                                          "Plan Width": 16,
                                          "Inner Unique": false,
                                          "Hash Cond": "(catalog_sales.cs_sold_date_sk = date_dim_2.d_date_sk)",
                                          "Plans": [
                                            {
                                              "Node Type": "Seq Scan",
                                              "Parent Relationship": "Outer",
                                              "Parallel Aware": true,
                                              "Async Capable": false,
                                              "Relation Name": "catalog_sales",
                                              "Alias": "catalog_sales",
                                              "Startup Cost": 0.0,
                                              "Total Cost": 433688.25,
                                              "Plan Rows": 6000525,
                                              "Plan Width": 20,
                                              "parent": 32,
                                              "ID": 33
                                            },
                                            {
                                              "Node Type": "Hash",
                                              "Parent Relationship": "Inner",
                                              "Parallel Aware": true,
                                              "Async Capable": false,
                                              "Startup Cost": 2049.55,
                                              "Total Cost": 2049.55,
                                              "Plan Rows": 18,
                                              "Plan Width": 4,
                                              "Plans": [
                                                {
                                                  "Node Type": "Seq Scan",
                                                  "Parent Relationship": "Outer",
                                                  "Parallel Aware": true,
                                                  "Async Capable": false,
                                                  "Relation Name": "date_dim",
                                                  "Alias": "date_dim_2",
                                                  "Startup Cost": 0.0,
                                                  "Total Cost": 2049.55,
                                                  "Plan Rows": 18,
                                                  "Plan Width": 4,
                                                  "Filter": "((d_date >= '1999-08-14'::date) AND (d_date <= '1999-09-13 00:00:00'::timestamp without time zone))",
                                                  "parent": 34,
                                                  "ID": 35
                                                }
                                              ],
                                              "parent": 32,
                                              "ID": 34,
                                              "left": 35
                                            }
                                          ],
                                          "parent": 31,
                                          "ID": 32,
                                          "left": 33,
                                          "right": 34
                                        }
                                      ],
                                      "parent": 30,
                                      "ID": 31,
                                      "left": 32
                                    }
                                  ],
                                  "parent": 29,
                                  "ID": 30,
                                  "left": 31
                                }
                              ],
                              "parent": 28,
                              "ID": 29,
                              "left": 30
                            }
                          ],
                          "parent": 27,
                          "ID": 28,
                          "left": 29
                        },
                        {
                          "Node Type": "Materialize",
                          "Parent Relationship": "Inner",
                          "Parallel Aware": false,
                          "Async Capable": false,
                          "Startup Cost": 40059.61,
                          "Total Cost": 40069.29,
                          "Plan Rows": 24,
                          "Plan Width": 64,
                          "Plans": [
                            {
                              "Node Type": "Subquery Scan",
                              "Parent Relationship": "Outer",
                              "Parallel Aware": false,
                              "Async Capable": false,
                              "Alias": "cr",
                              "Startup Cost": 40059.61,
                              "Total Cost": 40069.17,
                              "Plan Rows": 24,
                              "Plan Width": 64,
                              "Plans": [
                                {
                                  "Node Type": "Aggregate",
                                  "Strategy": "Sorted",
                                  "Partial Mode": "Finalize",
                                  "Parent Relationship": "Subquery",
                                  "Parallel Aware": false,
                                  "Async Capable": false,
                                  "Startup Cost": 40059.61,
                                  "Total Cost": 40068.93,
                                  "Plan Rows": 24,
                                  "Plan Width": 68,
                                  "Group Key": [
                                    "catalog_returns.cr_call_center_sk"
                                  ],
                                  "Plans": [
                                    {
                                      "Node Type": "Gather Merge",
                                      "Parent Relationship": "Outer",
                                      "Parallel Aware": false,
                                      "Async Capable": false,
                                      "Startup Cost": 40059.61,
                                      "Total Cost": 40067.97,
                                      "Plan Rows": 48,
                                      "Plan Width": 68,
                                      "Workers Planned": 2,
                                      "Plans": [
                                        {
                                          "Node Type": "Aggregate",
                                          "Strategy": "Sorted",
                                          "Partial Mode": "Partial",
                                          "Parent Relationship": "Outer",
                                          "Parallel Aware": false,
                                          "Async Capable": false,
                                          "Startup Cost": 39059.58,
                                          "Total Cost": 39062.4,
                                          "Plan Rows": 24,
                                          "Plan Width": 68,
                                          "Group Key": [
                                            "catalog_returns.cr_call_center_sk"
                                          ],
                                          "Plans": [
                                            {
                                              "Node Type": "Sort",
                                              "Parent Relationship": "Outer",
                                              "Parallel Aware": false,
                                              "Async Capable": false,
                                              "Startup Cost": 39059.58,
                                              "Total Cost": 39060.2,
                                              "Plan Rows": 246,
                                              "Plan Width": 16,
                                              "Sort Key": [
                                                "catalog_returns.cr_call_center_sk"
                                              ],
                                              "Plans": [
                                                {
                                                  "Node Type": "Hash Join",
                                                  "Parent Relationship": "Outer",
                                                  "Parallel Aware": true,
                                                  "Async Capable": false,
                                                  "Join Type": "Inner",
                                                  "Startup Cost": 2049.78,
                                                  "Total Cost": 39049.82,
                                                  "Plan Rows": 246,
                                                  "Plan Width": 16,
                                                  "Inner Unique": false,
                                                  "Hash Cond": "(catalog_returns.cr_returned_date_sk = date_dim_3.d_date_sk)",
                                                  "Plans": [
                                                    {
                                                      "Node Type": "Seq Scan",
                                                      "Parent Relationship": "Outer",
                                                      "Parallel Aware": true,
                                                      "Async Capable": false,
                                                      "Relation Name": "catalog_returns",
                                                      "Alias": "catalog_returns",
                                                      "Startup Cost": 0.0,
                                                      "Total Cost": 34748.95,
                                                      "Plan Rows": 599895,
                                                      "Plan Width": 20,
                                                      "parent": 42,
                                                      "ID": 43
                                                    },
                                                    {
                                                      "Node Type": "Hash",
                                                      "Parent Relationship": "Inner",
                                                      "Parallel Aware": true,
                                                      "Async Capable": false,
                                                      "Startup Cost": 2049.55,
                                                      "Total Cost": 2049.55,
                                                      "Plan Rows": 18,
                                                      "Plan Width": 4,
                                                      "Plans": [
                                                        {
                                                          "Node Type": "Seq Scan",
                                                          "Parent Relationship": "Outer",
                                                          "Parallel Aware": true,
                                                          "Async Capable": false,
                                                          "Relation Name": "date_dim",
                                                          "Alias": "date_dim_3",
                                                          "Startup Cost": 0.0,
                                                          "Total Cost": 2049.55,
                                                          "Plan Rows": 18,
                                                          "Plan Width": 4,
                                                          "Filter": "((d_date >= '1999-08-14'::date) AND (d_date <= '1999-09-13 00:00:00'::timestamp without time zone))",
                                                          "parent": 44,
                                                          "ID": 45
                                                        }
                                                      ],
                                                      "parent": 42,
                                                      "ID": 44,
                                                      "left": 45
                                                    }
                                                  ],
                                                  "parent": 41,
                                                  "ID": 42,
                                                  "left": 43,
                                                  "right": 44
                                                }
                                              ],
                                              "parent": 40,
                                              "ID": 41,
                                              "left": 42
                                            }
                                          ],
                                          "parent": 39,
                                          "ID": 40,
                                          "left": 41
                                        }
                                      ],
                                      "parent": 38,
                                      "ID": 39,
                                      "left": 40
                                    }
                                  ],
                                  "parent": 37,
                                  "ID": 38,
                                  "left": 39
                                }
                              ],
                              "parent": 36,
                              "ID": 37,
                              "left": 38
                            }
                          ],
                          "parent": 27,
                          "ID": 36,
                          "left": 37
                        }
                      ],
                      "parent": 3,
                      "ID": 27,
                      "left": 28,
                      "right": 36
                    },
                    {
                      "Node Type": "Merge Join",
                      "Parent Relationship": "Member",
                      "Parallel Aware": false,
                      "Async Capable": false,
                      "Join Type": "Left",
                      "Startup Cost": 252590.79,
                      "Total Cost": 252726.18,
                      "Plan Rows": 200,
                      "Plan Width": 132,
                      "Inner Unique": true,
                      "Merge Cond": "(web_page.wp_web_page_sk = web_page_1.wp_web_page_sk)",
                      "Plans": [
                        {
                          "Node Type": "Aggregate",
                          "Strategy": "Sorted",
                          "Partial Mode": "Finalize",
                          "Parent Relationship": "Outer",
                          "Parallel Aware": false,
                          "Async Capable": false,
                          "Startup Cost": 232119.07,
                          "Total Cost": 232210.1,
                          "Plan Rows": 200,
                          "Plan Width": 68,
                          "Group Key": [
                            "web_page.wp_web_page_sk"
                          ],
                          "Plans": [
                            {
                              "Node Type": "Gather Merge",
                              "Parent Relationship": "Outer",
                              "Parallel Aware": false,
                              "Async Capable": false,
                              "Startup Cost": 232119.07,
                              "Total Cost": 232202.1,
                              "Plan Rows": 400,
                              "Plan Width": 68,
                              "Workers Planned": 2,
                              "Plans": [
                                {
                                  "Node Type": "Aggregate",
                                  "Strategy": "Sorted",
                                  "Partial Mode": "Partial",
                                  "Parent Relationship": "Outer",
                                  "Parallel Aware": false,
                                  "Async Capable": false,
                                  "Startup Cost": 231119.05,
                                  "Total Cost": 231155.9,
                                  "Plan Rows": 200,
                                  "Plan Width": 68,
                                  "Group Key": [
                                    "web_page.wp_web_page_sk"
                                  ],
                                  "Plans": [
                                    {
                                      "Node Type": "Merge Join",
                                      "Parent Relationship": "Outer",
                                      "Parallel Aware": false,
                                      "Async Capable": false,
                                      "Join Type": "Inner",
                                      "Startup Cost": 231119.05,
                                      "Total Cost": 231143.67,
                                      "Plan Rows": 1231,
                                      "Plan Width": 16,
                                      "Inner Unique": false,
                                      "Merge Cond": "(web_sales.ws_web_page_sk = web_page.wp_web_page_sk)",
                                      "Plans": [
                                        {
                                          "Node Type": "Sort",
                                          "Parent Relationship": "Outer",
                                          "Parallel Aware": false,
                                          "Async Capable": false,
                                          "Startup Cost": 231104.41,
                                          "Total Cost": 231107.48,
                                          "Plan Rows": 1231,
                                          "Plan Width": 16,
                                          "Sort Key": [
                                            "web_sales.ws_web_page_sk"
                                          ],
                                          "Plans": [
                                            {
                                              "Node Type": "Hash Join",
                                              "Parent Relationship": "Outer",
                                              "Parallel Aware": true,
                                              "Async Capable": false,
                                              "Join Type": "Inner",
                                              "Startup Cost": 2049.78,
                                              "Total Cost": 231041.22,
                                              "Plan Rows": 1231,
                                              "Plan Width": 16,
                                              "Inner Unique": false,
                                              "Hash Cond": "(web_sales.ws_sold_date_sk = date_dim_4.d_date_sk)",
                                              "Plans": [
                                                {
                                                  "Node Type": "Seq Scan",
                                                  "Parent Relationship": "Outer",
                                                  "Parallel Aware": true,
                                                  "Async Capable": false,
                                                  "Relation Name": "web_sales",
                                                  "Alias": "web_sales",
                                                  "Startup Cost": 0.0,
                                                  "Total Cost": 217737.86,
                                                  "Plan Rows": 2998986,
                                                  "Plan Width": 20,
                                                  "parent": 52,
                                                  "ID": 53
                                                },
                                                {
                                                  "Node Type": "Hash",
                                                  "Parent Relationship": "Inner",
                                                  "Parallel Aware": true,
                                                  "Async Capable": false,
                                                  "Startup Cost": 2049.55,
                                                  "Total Cost": 2049.55,
                                                  "Plan Rows": 18,
                                                  "Plan Width": 4,
                                                  "Plans": [
                                                    {
                                                      "Node Type": "Seq Scan",
                                                      "Parent Relationship": "Outer",
                                                      "Parallel Aware": true,
                                                      "Async Capable": false,
                                                      "Relation Name": "date_dim",
                                                      "Alias": "date_dim_4",
                                                      "Startup Cost": 0.0,
                                                      "Total Cost": 2049.55,
                                                      "Plan Rows": 18,
                                                      "Plan Width": 4,
                                                      "Filter": "((d_date >= '1999-08-14'::date) AND (d_date <= '1999-09-13 00:00:00'::timestamp without time zone))",
                                                      "parent": 54,
                                                      "ID": 55
                                                    }
                                                  ],
                                                  "parent": 52,
                                                  "ID": 54,
                                                  "left": 55
                                                }
                                              ],
                                              "parent": 51,
                                              "ID": 52,
                                              "left": 53,
                                              "right": 54
                                            }
                                          ],
                                          "parent": 50,
                                          "ID": 51,
                                          "left": 52
                                        },
                                        {
                                          "Node Type": "Sort",
                                          "Parent Relationship": "Inner",
                                          "Parallel Aware": false,
                                          "Async Capable": false,
                                          "Startup Cost": 14.64,
                                          "Total Cost": 15.14,
                                          "Plan Rows": 200,
                                          "Plan Width": 4,
                                          "Sort Key": [
                                            "web_page.wp_web_page_sk"
                                          ],
                                          "Plans": [
                                            {
                                              "Node Type": "Seq Scan",
                                              "Parent Relationship": "Outer",
                                              "Parallel Aware": false,
                                              "Async Capable": false,
                                              "Relation Name": "web_page",
                                              "Alias": "web_page",
                                              "Startup Cost": 0.0,
                                              "Total Cost": 7.0,
                                              "Plan Rows": 200,
                                              "Plan Width": 4,
                                              "parent": 56,
                                              "ID": 57
                                            }
                                          ],
                                          "parent": 50,
                                          "ID": 56,
                                          "left": 57
                                        }
                                      ],
                                      "parent": 49,
                                      "ID": 50,
                                      "left": 51,
                                      "right": 56
                                    }
                                  ],
                                  "parent": 48,
                                  "ID": 49,
                                  "left": 50
                                }
                              ],
                              "parent": 47,
                              "ID": 48,
                              "left": 49
                            }
                          ],
                          "parent": 46,
                          "ID": 47,
                          "left": 48
                        },
                        {
                          "Node Type": "Aggregate",
                          "Strategy": "Sorted",
                          "Partial Mode": "Finalize",
                          "Parent Relationship": "Inner",
                          "Parallel Aware": false,
                          "Async Capable": false,
                          "Startup Cost": 20471.72,
                          "Total Cost": 20508.59,
                          "Plan Rows": 200,
                          "Plan Width": 68,
                          "Group Key": [
                            "web_page_1.wp_web_page_sk"
                          ],
                          "Plans": [
                            {
                              "Node Type": "Gather Merge",
                              "Parent Relationship": "Outer",
                              "Parallel Aware": false,
                              "Async Capable": false,
                              "Startup Cost": 20471.72,
                              "Total Cost": 20502.79,
                              "Plan Rows": 224,
                              "Plan Width": 68,
                              "Workers Planned": 2,
                              "Plans": [
                                {
                                  "Node Type": "Aggregate",
                                  "Strategy": "Sorted",
                                  "Partial Mode": "Partial",
                                  "Parent Relationship": "Outer",
                                  "Parallel Aware": false,
                                  "Async Capable": false,
                                  "Startup Cost": 19471.69,
                                  "Total Cost": 19476.91,
                                  "Plan Rows": 112,
                                  "Plan Width": 68,
                                  "Group Key": [
                                    "web_page_1.wp_web_page_sk"
                                  ],
                                  "Plans": [
                                    {
                                      "Node Type": "Merge Join",
                                      "Parent Relationship": "Outer",
                                      "Parallel Aware": false,
                                      "Async Capable": false,
                                      "Join Type": "Inner",
                                      "Startup Cost": 19471.69,
                                      "Total Cost": 19474.39,
                                      "Plan Rows": 112,
                                      "Plan Width": 16,
                                      "Inner Unique": false,
                                      "Merge Cond": "(web_returns.wr_web_page_sk = web_page_1.wp_web_page_sk)",
                                      "Plans": [
                                        {
                                          "Node Type": "Sort",
                                          "Parent Relationship": "Outer",
                                          "Parallel Aware": false,
                                          "Async Capable": false,
                                          "Startup Cost": 19457.05,
                                          "Total Cost": 19457.35,
                                          "Plan Rows": 118,
                                          "Plan Width": 16,
                                          "Sort Key": [
                                            "web_returns.wr_web_page_sk"
                                          ],
                                          "Plans": [
                                            {
                                              "Node Type": "Hash Join",
                                              "Parent Relationship": "Outer",
                                              "Parallel Aware": true,
                                              "Async Capable": false,
                                              "Join Type": "Inner",
                                              "Startup Cost": 2049.78,
                                              "Total Cost": 19452.99,
                                              "Plan Rows": 118,
                                              "Plan Width": 16,
                                              "Inner Unique": false,
                                              "Hash Cond": "(web_returns.wr_returned_date_sk = date_dim_5.d_date_sk)",
                                              "Plans": [
                                                {
                                                  "Node Type": "Seq Scan",
                                                  "Parent Relationship": "Outer",
                                                  "Parallel Aware": true,
                                                  "Async Capable": false,
                                                  "Relation Name": "web_returns",
                                                  "Alias": "web_returns",
                                                  "Startup Cost": 0.0,
                                                  "Total Cost": 16278.74,
                                                  "Plan Rows": 299674,
                                                  "Plan Width": 20,
                                                  "parent": 63,
                                                  "ID": 64
                                                },
                                                {
                                                  "Node Type": "Hash",
                                                  "Parent Relationship": "Inner",
                                                  "Parallel Aware": true,
                                                  "Async Capable": false,
                                                  "Startup Cost": 2049.55,
                                                  "Total Cost": 2049.55,
                                                  "Plan Rows": 18,
                                                  "Plan Width": 4,
                                                  "Plans": [
                                                    {
                                                      "Node Type": "Seq Scan",
                                                      "Parent Relationship": "Outer",
                                                      "Parallel Aware": true,
                                                      "Async Capable": false,
                                                      "Relation Name": "date_dim",
                                                      "Alias": "date_dim_5",
                                                      "Startup Cost": 0.0,
                                                      "Total Cost": 2049.55,
                                                      "Plan Rows": 18,
                                                      "Plan Width": 4,
                                                      "Filter": "((d_date >= '1999-08-14'::date) AND (d_date <= '1999-09-13 00:00:00'::timestamp without time zone))",
                                                      "parent": 65,
                                                      "ID": 66
                                                    }
                                                  ],
                                                  "parent": 63,
                                                  "ID": 65,
                                                  "left": 66
                                                }
                                              ],
                                              "parent": 62,
                                              "ID": 63,
                                              "left": 64,
                                              "right": 65
                                            }
                                          ],
                                          "parent": 61,
                                          "ID": 62,
                                          "left": 63
                                        },
                                        {
                                          "Node Type": "Sort",
                                          "Parent Relationship": "Inner",
                                          "Parallel Aware": false,
                                          "Async Capable": false,
                                          "Startup Cost": 14.64,
                                          "Total Cost": 15.14,
                                          "Plan Rows": 200,
                                          "Plan Width": 4,
                                          "Sort Key": [
                                            "web_page_1.wp_web_page_sk"
                                          ],
                                          "Plans": [
                                            {
                                              "Node Type": "Seq Scan",
                                              "Parent Relationship": "Outer",
                                              "Parallel Aware": false,
                                              "Async Capable": false,
                                              "Relation Name": "web_page",
                                              "Alias": "web_page_1",
                                              "Startup Cost": 0.0,
                                              "Total Cost": 7.0,
                                              "Plan Rows": 200,
                                              "Plan Width": 4,
                                              "parent": 67,
                                              "ID": 68
                                            }
                                          ],
                                          "parent": 61,
                                          "ID": 67,
                                          "left": 68
                                        }
                                      ],
                                      "parent": 60,
                                      "ID": 61,
                                      "left": 62,
                                      "right": 67
                                    }
                                  ],
                                  "parent": 59,
                                  "ID": 60,
                                  "left": 61
                                }
                              ],
                              "parent": 58,
                              "ID": 59,
                              "left": 60
                            }
                          ],
                          "parent": 46,
                          "ID": 58,
                          "left": 59
                        }
                      ],
                      "parent": 3,
                      "ID": 46,
                      "left": 47,
                      "right": 58
                    }
                  ],
                  "parent": 2,
                  "ID": 3,
                  "left": 4,
                  "right": 27
                }
              ],
              "parent": 1,
              "ID": 2,
              "left": 3
            }
          ],
          "parent": 0,
          "ID": 1,
          "left": 2
        }
      ],
      "parent": null,
      "ID": 0,
      "left": 1
    },
    "feat": {
      "utility": 4.321576136255822e-06,
      "query_shape": [
        [
          "Seq Scan",
          "Hash Join",
          "Sort",
          "Merge Join",
          "Aggregate",
          "Gather Merge",
          "Append"
        ],
        [
          "Seq Scan",
          "Hash",
          "Hash Join",
          "Sort",
          "Merge Join",
          "Aggregate",
          "Gather Merge",
          "Append"
        ],
        [
          "Seq Scan",
          "Sort",
          "Merge Join",
          "Aggregate",
          "Gather Merge",
          "Append"
        ],
        [
          "Seq Scan",
          "Hash Join",
          "Sort",
          "Merge Join",
          "Aggregate",
          "Gather Merge",
          "Append"
        ],
        [
          "Seq Scan",
          "Hash",
          "Hash Join",
          "Sort",
          "Merge Join",
          "Aggregate",
          "Gather Merge",
          "Append"
        ],
        [
          "Seq Scan",
          "Sort",
          "Merge Join",
          "Aggregate",
          "Gather Merge",
          "Append"
        ],
        [
          "Seq Scan",
          "Hash Join",
          "Sort",
          "Aggregate",
          "Gather Merge",
          "Nested Loop",
          "Append"
        ],
        [
          "Seq Scan",
          "Hash",
          "Hash Join",
          "Sort",
          "Aggregate",
          "Gather Merge",
          "Nested Loop",
          "Append"
        ],
        [
          "Seq Scan",
          "Hash Join",
          "Sort",
          "Aggregate",
          "Gather Merge",
          "Subquery Scan",
          "Materialize",
          "Nested Loop",
          "Append"
        ],
        [
          "Seq Scan",
          "Hash",
          "Hash Join",
          "Sort",
          "Aggregate",
          "Gather Merge",
          "Subquery Scan",
          "Materialize",
          "Nested Loop",
          "Append"
        ],
        [
          "Seq Scan",
          "Hash Join",
          "Sort",
          "Merge Join",
          "Aggregate",
          "Gather Merge",
          "Append"
        ],
        [
          "Seq Scan",
          "Hash",
          "Hash Join",
          "Sort",
          "Merge Join",
          "Aggregate",
          "Gather Merge",
          "Append"
        ],
        [
          "Seq Scan",
          "Sort",
          "Merge Join",
          "Aggregate",
          "Gather Merge",
          "Append"
        ],
        [
          "Seq Scan",
          "Hash Join",
          "Sort",
          "Merge Join",
          "Aggregate",
          "Gather Merge",
          "Append"
        ],
        [
          "Seq Scan",
          "Hash",
          "Hash Join",
          "Sort",
          "Merge Join",
          "Aggregate",
          "Gather Merge",
          "Append"
        ],
        [
          "Seq Scan",
          "Sort",
          "Merge Join",
          "Aggregate",
          "Gather Merge",
          "Append"
        ]
      ],
      "index_shape": [
        "join"
      ],
      "physical_operator": {
        "Merge Join": [
          0.07071067811865475
        ],
        "Sort": [
          "[  1.   4.   8.  13.  16.  20.  25.  28.  32.  37.  40.  44.  49.  52.\n  56.  61.  64.  68.  73.  76.  80.  85.  89.  92.  97. 101. 104. 109.\n 113. 116. 121. 125. 129. 133. 137. 141. 145. 149. 153. 157. 161. 165.\n 169. 174. 177. 181. 186. 189. 193. 198. 200.]"
        ]
      }
    }
  },
  {
    "query": "with ss as\n (select s_store_sk,\n         sum(ss_ext_sales_price) as sales,\n         sum(ss_net_profit) as profit\n from store_sales,\n      date_dim,\n      store\n where ss_sold_date_sk = d_date_sk\n       and d_date between cast('1999-08-14' as date) \n                  and (cast('1999-08-14' as date) +  interval '30 days') \n       and ss_store_sk = s_store_sk\n group by s_store_sk)\n ,\n sr as\n (select s_store_sk,\n         sum(sr_return_amt) as returns,\n         sum(sr_net_loss) as profit_loss\n from store_returns,\n      date_dim,\n      store\n where sr_returned_date_sk = d_date_sk\n       and d_date between cast('1999-08-14' as date)\n                  and (cast('1999-08-14' as date) +  interval '30 days')\n       and sr_store_sk = s_store_sk\n group by s_store_sk), \n cs as\n (select cs_call_center_sk,\n        sum(cs_ext_sales_price) as sales,\n        sum(cs_net_profit) as profit\n from catalog_sales,\n      date_dim\n where cs_sold_date_sk = d_date_sk\n       and d_date between cast('1999-08-14' as date)\n                  and (cast('1999-08-14' as date) +  interval '30 days')\n group by cs_call_center_sk \n ), \n cr as\n (select cr_call_center_sk,\n         sum(cr_return_amount) as returns,\n         sum(cr_net_loss) as profit_loss\n from catalog_returns,\n      date_dim\n where cr_returned_date_sk = d_date_sk\n       and d_date between cast('1999-08-14' as date)\n                  and (cast('1999-08-14' as date) +  interval '30 days')\n group by cr_call_center_sk\n ), \n ws as\n ( select wp_web_page_sk,\n        sum(ws_ext_sales_price) as sales,\n        sum(ws_net_profit) as profit\n from web_sales,\n      date_dim,\n      web_page\n where ws_sold_date_sk = d_date_sk\n       and d_date between cast('1999-08-14' as date)\n                  and (cast('1999-08-14' as date) +  interval '30 days')\n       and ws_web_page_sk = wp_web_page_sk\n group by wp_web_page_sk), \n wr as\n (select wp_web_page_sk,\n        sum(wr_return_amt) as returns,\n        sum(wr_net_loss) as profit_loss\n from web_returns,\n      date_dim,\n      web_page\n where wr_returned_date_sk = d_date_sk\n       and d_date between cast('1999-08-14' as date)\n                  and (cast('1999-08-14' as date) +  interval '30 days')\n       and wr_web_page_sk = wp_web_page_sk\n group by wp_web_page_sk)\n  select  channel\n        , id\n        , sum(sales) as sales\n        , sum(returns) as returns\n        , sum(profit) as profit\n from \n (select 'store channel' as channel\n        , ss.s_store_sk as id\n        , sales\n        , coalesce(returns, 0) as returns\n        , (profit - coalesce(profit_loss,0)) as profit\n from   ss left join sr\n        on  ss.s_store_sk = sr.s_store_sk\n union all\n select 'catalog channel' as channel\n        , cs_call_center_sk as id\n        , sales\n        , returns\n        , (profit - profit_loss) as profit\n from  cs\n       , cr\n union all\n select 'web channel' as channel\n        , ws.wp_web_page_sk as id\n        , sales\n        , coalesce(returns, 0) as returns\n        , (profit - coalesce(profit_loss,0)) as profit\n from   ws left join wr\n        on  ws.wp_web_page_sk = wr.wp_web_page_sk\n ) x\n group by rollup (channel, id)\n order by channel\n         ,id\n limit 100;\n\n-- end query 58 in stream 0 using template query77.tpl\n",
    "indexes": "web_sales.ws_ext_sales_price",
    "wo plan est": {
      "Node Type": "Limit",
      "Parallel Aware": false,
      "Async Capable": false,
      "Startup Cost": 1505243.45,
      "Total Cost": 1505243.7,
      "Plan Rows": 100,
      "Plan Width": 132,
      "Plans": [
        {
          "Node Type": "Sort",
          "Parent Relationship": "Outer",
          "Parallel Aware": false,
          "Async Capable": false,
          "Startup Cost": 1505243.45,
          "Total Cost": 1505244.45,
          "Plan Rows": 401,
          "Plan Width": 132,
          "Sort Key": [
            "('store channel'::text)",
            "store.s_store_sk"
          ],
          "Plans": [
            {
              "Node Type": "Aggregate",
              "Strategy": "Mixed",
              "Partial Mode": "Simple",
              "Parent Relationship": "Outer",
              "Parallel Aware": false,
              "Async Capable": false,
              "Startup Cost": 752755.06,
              "Total Cost": 1505228.12,
              "Plan Rows": 401,
              "Plan Width": 132,
              "Grouping Sets": [
                {
                  "Hash Keys": [
                    [
                      "('store channel'::text)",
                      "store.s_store_sk"
                    ]
                  ]
                },
                {
                  "Hash Keys": [
                    [
                      "('store channel'::text)"
                    ]
                  ]
                },
                {
                  "Group Keys": [
                    []
                  ]
                }
              ],
              "Planned Partitions": 0,
              "Plans": [
                {
                  "Node Type": "Append",
                  "Parent Relationship": "Outer",
                  "Parallel Aware": false,
                  "Async Capable": false,
                  "Startup Cost": 752755.06,
                  "Total Cost": 1505194.76,
                  "Plan Rows": 878,
                  "Plan Width": 132,
                  "Subplans Removed": 0,
                  "Plans": [
                    {
                      "Node Type": "Merge Join",
                      "Parent Relationship": "Member",
                      "Parallel Aware": false,
                      "Async Capable": false,
                      "Join Type": "Left",
                      "Startup Cost": 752755.06,
                      "Total Cost": 752953.3,
                      "Plan Rows": 102,
                      "Plan Width": 132,
                      "Inner Unique": true,
                      "Merge Cond": "(store.s_store_sk = store_1.s_store_sk)",
                      "Plans": [
                        {
                          "Node Type": "Aggregate",
                          "Strategy": "Sorted",
                          "Partial Mode": "Finalize",
                          "Parent Relationship": "Outer",
                          "Parallel Aware": false,
                          "Async Capable": false,
                          "Startup Cost": 685291.07,
                          "Total Cost": 685443.67,
                          "Plan Rows": 102,
                          "Plan Width": 68,
                          "Group Key": [
                            "store.s_store_sk"
                          ],
                          "Plans": [
                            {
                              "Node Type": "Gather Merge",
                              "Parent Relationship": "Outer",
                              "Parallel Aware": false,
                              "Async Capable": false,
                              "Startup Cost": 685291.07,
                              "Total Cost": 685439.59,
                              "Plan Rows": 204,
                              "Plan Width": 68,
                              "Workers Planned": 2,
                              "Plans": [
                                {
                                  "Node Type": "Aggregate",
                                  "Strategy": "Sorted",
                                  "Partial Mode": "Partial",
                                  "Parent Relationship": "Outer",
                                  "Parallel Aware": false,
                                  "Async Capable": false,
                                  "Startup Cost": 684291.04,
                                  "Total Cost": 684416.02,
                                  "Plan Rows": 102,
                                  "Plan Width": 68,
                                  "Group Key": [
                                    "store.s_store_sk"
                                  ],
                                  "Plans": [
                                    {
                                      "Node Type": "Merge Join",
                                      "Parent Relationship": "Outer",
                                      "Parallel Aware": false,
                                      "Async Capable": false,
                                      "Join Type": "Inner",
                                      "Startup Cost": 684291.04,
                                      "Total Cost": 684380.82,
                                      "Plan Rows": 4489,
                                      "Plan Width": 16,
                                      "Inner Unique": false,
                                      "Merge Cond": "(store_sales.ss_store_sk = store.s_store_sk)",
                                      "Plans": [
                                        {
                                          "Node Type": "Sort",
                                          "Parent Relationship": "Outer",
                                          "Parallel Aware": false,
                                          "Async Capable": false,
                                          "Startup Cost": 684281.62,
                                          "Total Cost": 684293.38,
                                          "Plan Rows": 4703,
                                          "Plan Width": 16,
                                          "Sort Key": [
                                            "store_sales.ss_store_sk"
                                          ],
                                          "Plans": [
                                            {
                                              "Node Type": "Hash Join",
                                              "Parent Relationship": "Outer",
                                              "Parallel Aware": true,
                                              "Async Capable": false,
                                              "Join Type": "Inner",
                                              "Startup Cost": 2049.78,
                                              "Total Cost": 683994.75,
                                              "Plan Rows": 4703,
                                              "Plan Width": 16,
                                              "Inner Unique": false,
                                              "Hash Cond": "(store_sales.ss_sold_date_sk = date_dim.d_date_sk)",
                                              "Plans": [
                                                {
                                                  "Node Type": "Seq Scan",
                                                  "Parent Relationship": "Outer",
                                                  "Parallel Aware": true,
                                                  "Async Capable": false,
                                                  "Relation Name": "store_sales",
                                                  "Alias": "store_sales",
                                                  "Startup Cost": 0.0,
                                                  "Total Cost": 636914.37,
                                                  "Plan Rows": 12000637,
                                                  "Plan Width": 20,
                                                  "parent": 10,
                                                  "ID": 11
                                                },
                                                {
                                                  "Node Type": "Hash",
                                                  "Parent Relationship": "Inner",
                                                  "Parallel Aware": true,
                                                  "Async Capable": false,
                                                  "Startup Cost": 2049.55,
                                                  "Total Cost": 2049.55,
                                                  "Plan Rows": 18,
                                                  "Plan Width": 4,
                                                  "Plans": [
                                                    {
                                                      "Node Type": "Seq Scan",
                                                      "Parent Relationship": "Outer",
                                                      "Parallel Aware": true,
                                                      "Async Capable": false,
                                                      "Relation Name": "date_dim",
                                                      "Alias": "date_dim",
                                                      "Startup Cost": 0.0,
                                                      "Total Cost": 2049.55,
                                                      "Plan Rows": 18,
                                                      "Plan Width": 4,
                                                      "Filter": "((d_date >= '1999-08-14'::date) AND (d_date <= '1999-09-13 00:00:00'::timestamp without time zone))",
                                                      "parent": 12,
                                                      "ID": 13
                                                    }
                                                  ],
                                                  "parent": 10,
                                                  "ID": 12,
                                                  "left": 13
                                                }
                                              ],
                                              "parent": 9,
                                              "ID": 10,
                                              "left": 11,
                                              "right": 12
                                            }
                                          ],
                                          "parent": 8,
                                          "ID": 9,
                                          "left": 10
                                        },
                                        {
                                          "Node Type": "Sort",
                                          "Parent Relationship": "Inner",
                                          "Parallel Aware": false,
                                          "Async Capable": false,
                                          "Startup Cost": 9.42,
                                          "Total Cost": 9.68,
                                          "Plan Rows": 102,
                                          "Plan Width": 4,
                                          "Sort Key": [
                                            "store.s_store_sk"
                                          ],
                                          "Plans": [
                                            {
                                              "Node Type": "Seq Scan",
                                              "Parent Relationship": "Outer",
                                              "Parallel Aware": false,
                                              "Async Capable": false,
                                              "Relation Name": "store",
                                              "Alias": "store",
                                              "Startup Cost": 0.0,
                                              "Total Cost": 6.02,
                                              "Plan Rows": 102,
                                              "Plan Width": 4,
                                              "parent": 14,
                                              "ID": 15
                                            }
                                          ],
                                          "parent": 8,
                                          "ID": 14,
                                          "left": 15
                                        }
                                      ],
                                      "parent": 7,
                                      "ID": 8,
                                      "left": 9,
                                      "right": 14
                                    }
                                  ],
                                  "parent": 6,
                                  "ID": 7,
                                  "left": 8
                                }
                              ],
                              "parent": 5,
                              "ID": 6,
                              "left": 7
                            }
                          ],
                          "parent": 4,
                          "ID": 5,
                          "left": 6
                        },
                        {
                          "Node Type": "Aggregate",
                          "Strategy": "Sorted",
                          "Partial Mode": "Finalize",
                          "Parent Relationship": "Inner",
                          "Parallel Aware": false,
                          "Async Capable": false,
                          "Startup Cost": 67464.0,
                          "Total Cost": 67505.8,
                          "Plan Rows": 102,
                          "Plan Width": 68,
                          "Group Key": [
                            "store_1.s_store_sk"
                          ],
                          "Plans": [
                            {
                              "Node Type": "Gather Merge",
                              "Parent Relationship": "Outer",
                              "Parallel Aware": false,
                              "Async Capable": false,
                              "Startup Cost": 67464.0,
                              "Total Cost": 67501.72,
                              "Plan Rows": 204,
                              "Plan Width": 68,
                              "Workers Planned": 2,
                              "Plans": [
                                {
                                  "Node Type": "Aggregate",
                                  "Strategy": "Sorted",
                                  "Partial Mode": "Partial",
                                  "Parent Relationship": "Outer",
                                  "Parallel Aware": false,
                                  "Async Capable": false,
                                  "Startup Cost": 66463.97,
                                  "Total Cost": 66478.15,
                                  "Plan Rows": 102,
                                  "Plan Width": 68,
                                  "Group Key": [
                                    "store_1.s_store_sk"
                                  ],
                                  "Plans": [
                                    {
                                      "Node Type": "Merge Join",
                                      "Parent Relationship": "Outer",
                                      "Parallel Aware": false,
                                      "Async Capable": false,
                                      "Join Type": "Inner",
                                      "Startup Cost": 66463.97,
                                      "Total Cost": 66473.17,
                                      "Plan Rows": 460,
                                      "Plan Width": 16,
                                      "Inner Unique": false,
                                      "Merge Cond": "(store_returns.sr_store_sk = store_1.s_store_sk)",
                                      "Plans": [
                                        {
                                          "Node Type": "Sort",
                                          "Parent Relationship": "Outer",
                                          "Parallel Aware": false,
                                          "Async Capable": false,
                                          "Startup Cost": 66454.55,
                                          "Total Cost": 66455.74,
                                          "Plan Rows": 476,
                                          "Plan Width": 16,
                                          "Sort Key": [
                                            "store_returns.sr_store_sk"
                                          ],
                                          "Plans": [
                                            {
                                              "Node Type": "Hash Join",
                                              "Parent Relationship": "Outer",
                                              "Parallel Aware": true,
                                              "Async Capable": false,
                                              "Join Type": "Inner",
                                              "Startup Cost": 2049.78,
                                              "Total Cost": 66433.38,
                                              "Plan Rows": 476,
                                              "Plan Width": 16,
                                              "Inner Unique": false,
                                              "Hash Cond": "(store_returns.sr_returned_date_sk = date_dim_1.d_date_sk)",
                                              "Plans": [
                                                {
                                                  "Node Type": "Seq Scan",
                                                  "Parent Relationship": "Outer",
                                                  "Parallel Aware": true,
                                                  "Async Capable": false,
                                                  "Relation Name": "store_returns",
                                                  "Alias": "store_returns",
                                                  "Startup Cost": 0.0,
                                                  "Total Cost": 59887.64,
                                                  "Plan Rows": 1198164,
                                                  "Plan Width": 20,
                                                  "parent": 21,
                                                  "ID": 22
                                                },
                                                {
                                                  "Node Type": "Hash",
                                                  "Parent Relationship": "Inner",
                                                  "Parallel Aware": true,
                                                  "Async Capable": false,
                                                  "Startup Cost": 2049.55,
                                                  "Total Cost": 2049.55,
                                                  "Plan Rows": 18,
                                                  "Plan Width": 4,
                                                  "Plans": [
                                                    {
                                                      "Node Type": "Seq Scan",
                                                      "Parent Relationship": "Outer",
                                                      "Parallel Aware": true,
                                                      "Async Capable": false,
                                                      "Relation Name": "date_dim",
                                                      "Alias": "date_dim_1",
                                                      "Startup Cost": 0.0,
                                                      "Total Cost": 2049.55,
                                                      "Plan Rows": 18,
                                                      "Plan Width": 4,
                                                      "Filter": "((d_date >= '1999-08-14'::date) AND (d_date <= '1999-09-13 00:00:00'::timestamp without time zone))",
                                                      "parent": 23,
                                                      "ID": 24
                                                    }
                                                  ],
                                                  "parent": 21,
                                                  "ID": 23,
                                                  "left": 24
                                                }
                                              ],
                                              "parent": 20,
                                              "ID": 21,
                                              "left": 22,
                                              "right": 23
                                            }
                                          ],
                                          "parent": 19,
                                          "ID": 20,
                                          "left": 21
                                        },
                                        {
                                          "Node Type": "Sort",
                                          "Parent Relationship": "Inner",
                                          "Parallel Aware": false,
                                          "Async Capable": false,
                                          "Startup Cost": 9.42,
                                          "Total Cost": 9.68,
                                          "Plan Rows": 102,
                                          "Plan Width": 4,
                                          "Sort Key": [
                                            "store_1.s_store_sk"
                                          ],
                                          "Plans": [
                                            {
                                              "Node Type": "Seq Scan",
                                              "Parent Relationship": "Outer",
                                              "Parallel Aware": false,
                                              "Async Capable": false,
                                              "Relation Name": "store",
                                              "Alias": "store_1",
                                              "Startup Cost": 0.0,
                                              "Total Cost": 6.02,
                                              "Plan Rows": 102,
                                              "Plan Width": 4,
                                              "parent": 25,
                                              "ID": 26
                                            }
                                          ],
                                          "parent": 19,
                                          "ID": 25,
                                          "left": 26
                                        }
                                      ],
                                      "parent": 18,
                                      "ID": 19,
                                      "left": 20,
                                      "right": 25
                                    }
                                  ],
                                  "parent": 17,
                                  "ID": 18,
                                  "left": 19
                                }
                              ],
                              "parent": 16,
                              "ID": 17,
                              "left": 18
                            }
                          ],
                          "parent": 4,
                          "ID": 16,
                          "left": 17
                        }
                      ],
                      "parent": 3,
                      "ID": 4,
                      "left": 5,
                      "right": 16
                    },
                    {
                      "Node Type": "Nested Loop",
                      "Parent Relationship": "Member",
                      "Parallel Aware": false,
                      "Async Capable": false,
                      "Join Type": "Inner",
                      "Startup Cost": 499452.25,
                      "Total Cost": 499502.11,
                      "Plan Rows": 576,
                      "Plan Width": 132,
                      "Inner Unique": false,
                      "Plans": [
                        {
                          "Node Type": "Aggregate",
                          "Strategy": "Sorted",
                          "Partial Mode": "Finalize",
                          "Parent Relationship": "Outer",
                          "Parallel Aware": false,
                          "Async Capable": false,
                          "Startup Cost": 459392.64,
                          "Total Cost": 459424.0,
                          "Plan Rows": 24,
                          "Plan Width": 68,
                          "Group Key": [
                            "catalog_sales.cs_call_center_sk"
                          ],
                          "Plans": [
                            {
                              "Node Type": "Gather Merge",
                              "Parent Relationship": "Outer",
                              "Parallel Aware": false,
                              "Async Capable": false,
                              "Startup Cost": 459392.64,
                              "Total Cost": 459423.04,
                              "Plan Rows": 48,
                              "Plan Width": 68,
                              "Workers Planned": 2,
                              "Plans": [
                                {
                                  "Node Type": "Aggregate",
                                  "Strategy": "Sorted",
                                  "Partial Mode": "Partial",
                                  "Parent Relationship": "Outer",
                                  "Parallel Aware": false,
                                  "Async Capable": false,
                                  "Startup Cost": 458392.62,
                                  "Total Cost": 458417.48,
                                  "Plan Rows": 24,
                                  "Plan Width": 68,
                                  "Group Key": [
                                    "catalog_sales.cs_call_center_sk"
                                  ],
                                  "Plans": [
                                    {
                                      "Node Type": "Sort",
                                      "Parent Relationship": "Outer",
                                      "Parallel Aware": false,
                                      "Async Capable": false,
                                      "Startup Cost": 458392.62,
                                      "Total Cost": 458398.74,
                                      "Plan Rows": 2450,
                                      "Plan Width": 16,
                                      "Sort Key": [
                                        "catalog_sales.cs_call_center_sk"
                                      ],
                                      "Plans": [
                                        {
                                          "Node Type": "Hash Join",
                                          "Parent Relationship": "Outer",
                                          "Parallel Aware": true,
                                          "Async Capable": false,
                                          "Join Type": "Inner",
                                          "Startup Cost": 2049.78,
                                          "Total Cost": 458254.7,
                                          "Plan Rows": 2450,
                                          "Plan Width": 16,
                                          "Inner Unique": false,
                                          "Hash Cond": "(catalog_sales.cs_sold_date_sk = date_dim_2.d_date_sk)",
                                          "Plans": [
                                            {
                                              "Node Type": "Seq Scan",
                                              "Parent Relationship": "Outer",
                                              "Parallel Aware": true,
                                              "Async Capable": false,
                                              "Relation Name": "catalog_sales",
                                              "Alias": "catalog_sales",
                                              "Startup Cost": 0.0,
                                              "Total Cost": 433688.25,
                                              "Plan Rows": 6000525,
                                              "Plan Width": 20,
                                              "parent": 32,
                                              "ID": 33
                                            },
                                            {
                                              "Node Type": "Hash",
                                              "Parent Relationship": "Inner",
                                              "Parallel Aware": true,
                                              "Async Capable": false,
                                              "Startup Cost": 2049.55,
                                              "Total Cost": 2049.55,
                                              "Plan Rows": 18,
                                              "Plan Width": 4,
                                              "Plans": [
                                                {
                                                  "Node Type": "Seq Scan",
                                                  "Parent Relationship": "Outer",
                                                  "Parallel Aware": true,
                                                  "Async Capable": false,
                                                  "Relation Name": "date_dim",
                                                  "Alias": "date_dim_2",
                                                  "Startup Cost": 0.0,
                                                  "Total Cost": 2049.55,
                                                  "Plan Rows": 18,
                                                  "Plan Width": 4,
                                                  "Filter": "((d_date >= '1999-08-14'::date) AND (d_date <= '1999-09-13 00:00:00'::timestamp without time zone))",
                                                  "parent": 34,
                                                  "ID": 35
                                                }
                                              ],
                                              "parent": 32,
                                              "ID": 34,
                                              "left": 35
                                            }
                                          ],
                                          "parent": 31,
                                          "ID": 32,
                                          "left": 33,
                                          "right": 34
                                        }
                                      ],
                                      "parent": 30,
                                      "ID": 31,
                                      "left": 32
                                    }
                                  ],
                                  "parent": 29,
                                  "ID": 30,
                                  "left": 31
                                }
                              ],
                              "parent": 28,
                              "ID": 29,
                              "left": 30
                            }
                          ],
                          "parent": 27,
                          "ID": 28,
                          "left": 29
                        },
                        {
                          "Node Type": "Materialize",
                          "Parent Relationship": "Inner",
                          "Parallel Aware": false,
                          "Async Capable": false,
                          "Startup Cost": 40059.61,
                          "Total Cost": 40069.29,
                          "Plan Rows": 24,
                          "Plan Width": 64,
                          "Plans": [
                            {
                              "Node Type": "Subquery Scan",
                              "Parent Relationship": "Outer",
                              "Parallel Aware": false,
                              "Async Capable": false,
                              "Alias": "cr",
                              "Startup Cost": 40059.61,
                              "Total Cost": 40069.17,
                              "Plan Rows": 24,
                              "Plan Width": 64,
                              "Plans": [
                                {
                                  "Node Type": "Aggregate",
                                  "Strategy": "Sorted",
                                  "Partial Mode": "Finalize",
                                  "Parent Relationship": "Subquery",
                                  "Parallel Aware": false,
                                  "Async Capable": false,
                                  "Startup Cost": 40059.61,
                                  "Total Cost": 40068.93,
                                  "Plan Rows": 24,
                                  "Plan Width": 68,
                                  "Group Key": [
                                    "catalog_returns.cr_call_center_sk"
                                  ],
                                  "Plans": [
                                    {
                                      "Node Type": "Gather Merge",
                                      "Parent Relationship": "Outer",
                                      "Parallel Aware": false,
                                      "Async Capable": false,
                                      "Startup Cost": 40059.61,
                                      "Total Cost": 40067.97,
                                      "Plan Rows": 48,
                                      "Plan Width": 68,
                                      "Workers Planned": 2,
                                      "Plans": [
                                        {
                                          "Node Type": "Aggregate",
                                          "Strategy": "Sorted",
                                          "Partial Mode": "Partial",
                                          "Parent Relationship": "Outer",
                                          "Parallel Aware": false,
                                          "Async Capable": false,
                                          "Startup Cost": 39059.58,
                                          "Total Cost": 39062.4,
                                          "Plan Rows": 24,
                                          "Plan Width": 68,
                                          "Group Key": [
                                            "catalog_returns.cr_call_center_sk"
                                          ],
                                          "Plans": [
                                            {
                                              "Node Type": "Sort",
                                              "Parent Relationship": "Outer",
                                              "Parallel Aware": false,
                                              "Async Capable": false,
                                              "Startup Cost": 39059.58,
                                              "Total Cost": 39060.2,
                                              "Plan Rows": 246,
                                              "Plan Width": 16,
                                              "Sort Key": [
                                                "catalog_returns.cr_call_center_sk"
                                              ],
                                              "Plans": [
                                                {
                                                  "Node Type": "Hash Join",
                                                  "Parent Relationship": "Outer",
                                                  "Parallel Aware": true,
                                                  "Async Capable": false,
                                                  "Join Type": "Inner",
                                                  "Startup Cost": 2049.78,
                                                  "Total Cost": 39049.82,
                                                  "Plan Rows": 246,
                                                  "Plan Width": 16,
                                                  "Inner Unique": false,
                                                  "Hash Cond": "(catalog_returns.cr_returned_date_sk = date_dim_3.d_date_sk)",
                                                  "Plans": [
                                                    {
                                                      "Node Type": "Seq Scan",
                                                      "Parent Relationship": "Outer",
                                                      "Parallel Aware": true,
                                                      "Async Capable": false,
                                                      "Relation Name": "catalog_returns",
                                                      "Alias": "catalog_returns",
                                                      "Startup Cost": 0.0,
                                                      "Total Cost": 34748.95,
                                                      "Plan Rows": 599895,
                                                      "Plan Width": 20,
                                                      "parent": 42,
                                                      "ID": 43
                                                    },
                                                    {
                                                      "Node Type": "Hash",
                                                      "Parent Relationship": "Inner",
                                                      "Parallel Aware": true,
                                                      "Async Capable": false,
                                                      "Startup Cost": 2049.55,
                                                      "Total Cost": 2049.55,
                                                      "Plan Rows": 18,
                                                      "Plan Width": 4,
                                                      "Plans": [
                                                        {
                                                          "Node Type": "Seq Scan",
                                                          "Parent Relationship": "Outer",
                                                          "Parallel Aware": true,
                                                          "Async Capable": false,
                                                          "Relation Name": "date_dim",
                                                          "Alias": "date_dim_3",
                                                          "Startup Cost": 0.0,
                                                          "Total Cost": 2049.55,
                                                          "Plan Rows": 18,
                                                          "Plan Width": 4,
                                                          "Filter": "((d_date >= '1999-08-14'::date) AND (d_date <= '1999-09-13 00:00:00'::timestamp without time zone))",
                                                          "parent": 44,
                                                          "ID": 45
                                                        }
                                                      ],
                                                      "parent": 42,
                                                      "ID": 44,
                                                      "left": 45
                                                    }
                                                  ],
                                                  "parent": 41,
                                                  "ID": 42,
                                                  "left": 43,
                                                  "right": 44
                                                }
                                              ],
                                              "parent": 40,
                                              "ID": 41,
                                              "left": 42
                                            }
                                          ],
                                          "parent": 39,
                                          "ID": 40,
                                          "left": 41
                                        }
                                      ],
                                      "parent": 38,
                                      "ID": 39,
                                      "left": 40
                                    }
                                  ],
                                  "parent": 37,
                                  "ID": 38,
                                  "left": 39
                                }
                              ],
                              "parent": 36,
                              "ID": 37,
                              "left": 38
                            }
                          ],
                          "parent": 27,
                          "ID": 36,
                          "left": 37
                        }
                      ],
                      "parent": 3,
                      "ID": 27,
                      "left": 28,
                      "right": 36
                    },
                    {
                      "Node Type": "Merge Join",
                      "Parent Relationship": "Member",
                      "Parallel Aware": false,
                      "Async Capable": false,
                      "Join Type": "Left",
                      "Startup Cost": 252590.79,
                      "Total Cost": 252726.18,
                      "Plan Rows": 200,
                      "Plan Width": 132,
                      "Inner Unique": true,
                      "Merge Cond": "(web_page.wp_web_page_sk = web_page_1.wp_web_page_sk)",
                      "Plans": [
                        {
                          "Node Type": "Aggregate",
                          "Strategy": "Sorted",
                          "Partial Mode": "Finalize",
                          "Parent Relationship": "Outer",
                          "Parallel Aware": false,
                          "Async Capable": false,
                          "Startup Cost": 232119.07,
                          "Total Cost": 232210.1,
                          "Plan Rows": 200,
                          "Plan Width": 68,
                          "Group Key": [
                            "web_page.wp_web_page_sk"
                          ],
                          "Plans": [
                            {
                              "Node Type": "Gather Merge",
                              "Parent Relationship": "Outer",
                              "Parallel Aware": false,
                              "Async Capable": false,
                              "Startup Cost": 232119.07,
                              "Total Cost": 232202.1,
                              "Plan Rows": 400,
                              "Plan Width": 68,
                              "Workers Planned": 2,
                              "Plans": [
                                {
                                  "Node Type": "Aggregate",
                                  "Strategy": "Sorted",
                                  "Partial Mode": "Partial",
                                  "Parent Relationship": "Outer",
                                  "Parallel Aware": false,
                                  "Async Capable": false,
                                  "Startup Cost": 231119.05,
                                  "Total Cost": 231155.9,
                                  "Plan Rows": 200,
                                  "Plan Width": 68,
                                  "Group Key": [
                                    "web_page.wp_web_page_sk"
                                  ],
                                  "Plans": [
                                    {
                                      "Node Type": "Merge Join",
                                      "Parent Relationship": "Outer",
                                      "Parallel Aware": false,
                                      "Async Capable": false,
                                      "Join Type": "Inner",
                                      "Startup Cost": 231119.05,
                                      "Total Cost": 231143.67,
                                      "Plan Rows": 1231,
                                      "Plan Width": 16,
                                      "Inner Unique": false,
                                      "Merge Cond": "(web_sales.ws_web_page_sk = web_page.wp_web_page_sk)",
                                      "Plans": [
                                        {
                                          "Node Type": "Sort",
                                          "Parent Relationship": "Outer",
                                          "Parallel Aware": false,
                                          "Async Capable": false,
                                          "Startup Cost": 231104.41,
                                          "Total Cost": 231107.48,
                                          "Plan Rows": 1231,
                                          "Plan Width": 16,
                                          "Sort Key": [
                                            "web_sales.ws_web_page_sk"
                                          ],
                                          "Plans": [
                                            {
                                              "Node Type": "Hash Join",
                                              "Parent Relationship": "Outer",
                                              "Parallel Aware": true,
                                              "Async Capable": false,
                                              "Join Type": "Inner",
                                              "Startup Cost": 2049.78,
                                              "Total Cost": 231041.22,
                                              "Plan Rows": 1231,
                                              "Plan Width": 16,
                                              "Inner Unique": false,
                                              "Hash Cond": "(web_sales.ws_sold_date_sk = date_dim_4.d_date_sk)",
                                              "Plans": [
                                                {
                                                  "Node Type": "Seq Scan",
                                                  "Parent Relationship": "Outer",
                                                  "Parallel Aware": true,
                                                  "Async Capable": false,
                                                  "Relation Name": "web_sales",
                                                  "Alias": "web_sales",
                                                  "Startup Cost": 0.0,
                                                  "Total Cost": 217737.86,
                                                  "Plan Rows": 2998986,
                                                  "Plan Width": 20,
                                                  "parent": 52,
                                                  "ID": 53
                                                },
                                                {
                                                  "Node Type": "Hash",
                                                  "Parent Relationship": "Inner",
                                                  "Parallel Aware": true,
                                                  "Async Capable": false,
                                                  "Startup Cost": 2049.55,
                                                  "Total Cost": 2049.55,
                                                  "Plan Rows": 18,
                                                  "Plan Width": 4,
                                                  "Plans": [
                                                    {
                                                      "Node Type": "Seq Scan",
                                                      "Parent Relationship": "Outer",
                                                      "Parallel Aware": true,
                                                      "Async Capable": false,
                                                      "Relation Name": "date_dim",
                                                      "Alias": "date_dim_4",
                                                      "Startup Cost": 0.0,
                                                      "Total Cost": 2049.55,
                                                      "Plan Rows": 18,
                                                      "Plan Width": 4,
                                                      "Filter": "((d_date >= '1999-08-14'::date) AND (d_date <= '1999-09-13 00:00:00'::timestamp without time zone))",
                                                      "parent": 54,
                                                      "ID": 55
                                                    }
                                                  ],
                                                  "parent": 52,
                                                  "ID": 54,
                                                  "left": 55
                                                }
                                              ],
                                              "parent": 51,
                                              "ID": 52,
                                              "left": 53,
                                              "right": 54
                                            }
                                          ],
                                          "parent": 50,
                                          "ID": 51,
                                          "left": 52
                                        },
                                        {
                                          "Node Type": "Sort",
                                          "Parent Relationship": "Inner",
                                          "Parallel Aware": false,
                                          "Async Capable": false,
                                          "Startup Cost": 14.64,
                                          "Total Cost": 15.14,
                                          "Plan Rows": 200,
                                          "Plan Width": 4,
                                          "Sort Key": [
                                            "web_page.wp_web_page_sk"
                                          ],
                                          "Plans": [
                                            {
                                              "Node Type": "Seq Scan",
                                              "Parent Relationship": "Outer",
                                              "Parallel Aware": false,
                                              "Async Capable": false,
                                              "Relation Name": "web_page",
                                              "Alias": "web_page",
                                              "Startup Cost": 0.0,
                                              "Total Cost": 7.0,
                                              "Plan Rows": 200,
                                              "Plan Width": 4,
                                              "parent": 56,
                                              "ID": 57
                                            }
                                          ],
                                          "parent": 50,
                                          "ID": 56,
                                          "left": 57
                                        }
                                      ],
                                      "parent": 49,
                                      "ID": 50,
                                      "left": 51,
                                      "right": 56
                                    }
                                  ],
                                  "parent": 48,
                                  "ID": 49,
                                  "left": 50
                                }
                              ],
                              "parent": 47,
                              "ID": 48,
                              "left": 49
                            }
                          ],
                          "parent": 46,
                          "ID": 47,
                          "left": 48
                        },
                        {
                          "Node Type": "Aggregate",
                          "Strategy": "Sorted",
                          "Partial Mode": "Finalize",
                          "Parent Relationship": "Inner",
                          "Parallel Aware": false,
                          "Async Capable": false,
                          "Startup Cost": 20471.72,
                          "Total Cost": 20508.59,
                          "Plan Rows": 200,
                          "Plan Width": 68,
                          "Group Key": [
                            "web_page_1.wp_web_page_sk"
                          ],
                          "Plans": [
                            {
                              "Node Type": "Gather Merge",
                              "Parent Relationship": "Outer",
                              "Parallel Aware": false,
                              "Async Capable": false,
                              "Startup Cost": 20471.72,
                              "Total Cost": 20502.79,
                              "Plan Rows": 224,
                              "Plan Width": 68,
                              "Workers Planned": 2,
                              "Plans": [
                                {
                                  "Node Type": "Aggregate",
                                  "Strategy": "Sorted",
                                  "Partial Mode": "Partial",
                                  "Parent Relationship": "Outer",
                                  "Parallel Aware": false,
                                  "Async Capable": false,
                                  "Startup Cost": 19471.69,
                                  "Total Cost": 19476.91,
                                  "Plan Rows": 112,
                                  "Plan Width": 68,
                                  "Group Key": [
                                    "web_page_1.wp_web_page_sk"
                                  ],
                                  "Plans": [
                                    {
                                      "Node Type": "Merge Join",
                                      "Parent Relationship": "Outer",
                                      "Parallel Aware": false,
                                      "Async Capable": false,
                                      "Join Type": "Inner",
                                      "Startup Cost": 19471.69,
                                      "Total Cost": 19474.39,
                                      "Plan Rows": 112,
                                      "Plan Width": 16,
                                      "Inner Unique": false,
                                      "Merge Cond": "(web_returns.wr_web_page_sk = web_page_1.wp_web_page_sk)",
                                      "Plans": [
                                        {
                                          "Node Type": "Sort",
                                          "Parent Relationship": "Outer",
                                          "Parallel Aware": false,
                                          "Async Capable": false,
                                          "Startup Cost": 19457.05,
                                          "Total Cost": 19457.35,
                                          "Plan Rows": 118,
                                          "Plan Width": 16,
                                          "Sort Key": [
                                            "web_returns.wr_web_page_sk"
                                          ],
                                          "Plans": [
                                            {
                                              "Node Type": "Hash Join",
                                              "Parent Relationship": "Outer",
                                              "Parallel Aware": true,
                                              "Async Capable": false,
                                              "Join Type": "Inner",
                                              "Startup Cost": 2049.78,
                                              "Total Cost": 19452.99,
                                              "Plan Rows": 118,
                                              "Plan Width": 16,
                                              "Inner Unique": false,
                                              "Hash Cond": "(web_returns.wr_returned_date_sk = date_dim_5.d_date_sk)",
                                              "Plans": [
                                                {
                                                  "Node Type": "Seq Scan",
                                                  "Parent Relationship": "Outer",
                                                  "Parallel Aware": true,
                                                  "Async Capable": false,
                                                  "Relation Name": "web_returns",
                                                  "Alias": "web_returns",
                                                  "Startup Cost": 0.0,
                                                  "Total Cost": 16278.74,
                                                  "Plan Rows": 299674,
                                                  "Plan Width": 20,
                                                  "parent": 63,
                                                  "ID": 64
                                                },
                                                {
                                                  "Node Type": "Hash",
                                                  "Parent Relationship": "Inner",
                                                  "Parallel Aware": true,
                                                  "Async Capable": false,
                                                  "Startup Cost": 2049.55,
                                                  "Total Cost": 2049.55,
                                                  "Plan Rows": 18,
                                                  "Plan Width": 4,
                                                  "Plans": [
                                                    {
                                                      "Node Type": "Seq Scan",
                                                      "Parent Relationship": "Outer",
                                                      "Parallel Aware": true,
                                                      "Async Capable": false,
                                                      "Relation Name": "date_dim",
                                                      "Alias": "date_dim_5",
                                                      "Startup Cost": 0.0,
                                                      "Total Cost": 2049.55,
                                                      "Plan Rows": 18,
                                                      "Plan Width": 4,
                                                      "Filter": "((d_date >= '1999-08-14'::date) AND (d_date <= '1999-09-13 00:00:00'::timestamp without time zone))",
                                                      "parent": 65,
                                                      "ID": 66
                                                    }
                                                  ],
                                                  "parent": 63,
                                                  "ID": 65,
                                                  "left": 66
                                                }
                                              ],
                                              "parent": 62,
                                              "ID": 63,
                                              "left": 64,
                                              "right": 65
                                            }
                                          ],
                                          "parent": 61,
                                          "ID": 62,
                                          "left": 63
                                        },
                                        {
                                          "Node Type": "Sort",
                                          "Parent Relationship": "Inner",
                                          "Parallel Aware": false,
                                          "Async Capable": false,
                                          "Startup Cost": 14.64,
                                          "Total Cost": 15.14,
                                          "Plan Rows": 200,
                                          "Plan Width": 4,
                                          "Sort Key": [
                                            "web_page_1.wp_web_page_sk"
                                          ],
                                          "Plans": [
                                            {
                                              "Node Type": "Seq Scan",
                                              "Parent Relationship": "Outer",
                                              "Parallel Aware": false,
                                              "Async Capable": false,
                                              "Relation Name": "web_page",
                                              "Alias": "web_page_1",
                                              "Startup Cost": 0.0,
                                              "Total Cost": 7.0,
                                              "Plan Rows": 200,
                                              "Plan Width": 4,
                                              "parent": 67,
                                              "ID": 68
                                            }
                                          ],
                                          "parent": 61,
                                          "ID": 67,
                                          "left": 68
                                        }
                                      ],
                                      "parent": 60,
                                      "ID": 61,
                                      "left": 62,
                                      "right": 67
                                    }
                                  ],
                                  "parent": 59,
                                  "ID": 60,
                                  "left": 61
                                }
                              ],
                              "parent": 58,
                              "ID": 59,
                              "left": 60
                            }
                          ],
                          "parent": 46,
                          "ID": 58,
                          "left": 59
                        }
                      ],
                      "parent": 3,
                      "ID": 46,
                      "left": 47,
                      "right": 58
                    }
                  ],
                  "parent": 2,
                  "ID": 3,
                  "left": 4,
                  "right": 27
                }
              ],
              "parent": 1,
              "ID": 2,
              "left": 3
            }
          ],
          "parent": 0,
          "ID": 1,
          "left": 2
        }
      ],
      "parent": null,
      "ID": 0,
      "left": 1
    },
    "feat": {
      "utility": 0.0,
      "query_shape": [
        [
          "Seq Scan",
          "Hash Join",
          "Sort",
          "Merge Join",
          "Aggregate",
          "Gather Merge",
          "Append"
        ],
        [
          "Seq Scan",
          "Hash",
          "Hash Join",
          "Sort",
          "Merge Join",
          "Aggregate",
          "Gather Merge",
          "Append"
        ],
        [
          "Seq Scan",
          "Sort",
          "Merge Join",
          "Aggregate",
          "Gather Merge",
          "Append"
        ],
        [
          "Seq Scan",
          "Hash Join",
          "Sort",
          "Merge Join",
          "Aggregate",
          "Gather Merge",
          "Append"
        ],
        [
          "Seq Scan",
          "Hash",
          "Hash Join",
          "Sort",
          "Merge Join",
          "Aggregate",
          "Gather Merge",
          "Append"
        ],
        [
          "Seq Scan",
          "Sort",
          "Merge Join",
          "Aggregate",
          "Gather Merge",
          "Append"
        ],
        [
          "Seq Scan",
          "Hash Join",
          "Sort",
          "Aggregate",
          "Gather Merge",
          "Nested Loop",
          "Append"
        ],
        [
          "Seq Scan",
          "Hash",
          "Hash Join",
          "Sort",
          "Aggregate",
          "Gather Merge",
          "Nested Loop",
          "Append"
        ],
        [
          "Seq Scan",
          "Hash Join",
          "Sort",
          "Aggregate",
          "Gather Merge",
          "Subquery Scan",
          "Materialize",
          "Nested Loop",
          "Append"
        ],
        [
          "Seq Scan",
          "Hash",
          "Hash Join",
          "Sort",
          "Aggregate",
          "Gather Merge",
          "Subquery Scan",
          "Materialize",
          "Nested Loop",
          "Append"
        ],
        [
          "Seq Scan",
          "Hash Join",
          "Sort",
          "Merge Join",
          "Aggregate",
          "Gather Merge",
          "Append"
        ],
        [
          "Seq Scan",
          "Hash",
          "Hash Join",
          "Sort",
          "Merge Join",
          "Aggregate",
          "Gather Merge",
          "Append"
        ],
        [
          "Seq Scan",
          "Sort",
          "Merge Join",
          "Aggregate",
          "Gather Merge",
          "Append"
        ],
        [
          "Seq Scan",
          "Hash Join",
          "Sort",
          "Merge Join",
          "Aggregate",
          "Gather Merge",
          "Append"
        ],
        [
          "Seq Scan",
          "Hash",
          "Hash Join",
          "Sort",
          "Merge Join",
          "Aggregate",
          "Gather Merge",
          "Append"
        ],
        [
          "Seq Scan",
          "Sort",
          "Merge Join",
          "Aggregate",
          "Gather Merge",
          "Append"
        ]
      ],
      "index_shape": [],
      "physical_operator": {}
    }
  },
  {
    "query": "with ss as\n (select s_store_sk,\n         sum(ss_ext_sales_price) as sales,\n         sum(ss_net_profit) as profit\n from store_sales,\n      date_dim,\n      store\n where ss_sold_date_sk = d_date_sk\n       and d_date between cast('1999-08-14' as date) \n                  and (cast('1999-08-14' as date) +  interval '30 days') \n       and ss_store_sk = s_store_sk\n group by s_store_sk)\n ,\n sr as\n (select s_store_sk,\n         sum(sr_return_amt) as returns,\n         sum(sr_net_loss) as profit_loss\n from store_returns,\n      date_dim,\n      store\n where sr_returned_date_sk = d_date_sk\n       and d_date between cast('1999-08-14' as date)\n                  and (cast('1999-08-14' as date) +  interval '30 days')\n       and sr_store_sk = s_store_sk\n group by s_store_sk), \n cs as\n (select cs_call_center_sk,\n        sum(cs_ext_sales_price) as sales,\n        sum(cs_net_profit) as profit\n from catalog_sales,\n      date_dim\n where cs_sold_date_sk = d_date_sk\n       and d_date between cast('1999-08-14' as date)\n                  and (cast('1999-08-14' as date) +  interval '30 days')\n group by cs_call_center_sk \n ), \n cr as\n (select cr_call_center_sk,\n         sum(cr_return_amount) as returns,\n         sum(cr_net_loss) as profit_loss\n from catalog_returns,\n      date_dim\n where cr_returned_date_sk = d_date_sk\n       and d_date between cast('1999-08-14' as date)\n                  and (cast('1999-08-14' as date) +  interval '30 days')\n group by cr_call_center_sk\n ), \n ws as\n ( select wp_web_page_sk,\n        sum(ws_ext_sales_price) as sales,\n        sum(ws_net_profit) as profit\n from web_sales,\n      date_dim,\n      web_page\n where ws_sold_date_sk = d_date_sk\n       and d_date between cast('1999-08-14' as date)\n                  and (cast('1999-08-14' as date) +  interval '30 days')\n       and ws_web_page_sk = wp_web_page_sk\n group by wp_web_page_sk), \n wr as\n (select wp_web_page_sk,\n        sum(wr_return_amt) as returns,\n        sum(wr_net_loss) as profit_loss\n from web_returns,\n      date_dim,\n      web_page\n where wr_returned_date_sk = d_date_sk\n       and d_date between cast('1999-08-14' as date)\n                  and (cast('1999-08-14' as date) +  interval '30 days')\n       and wr_web_page_sk = wp_web_page_sk\n group by wp_web_page_sk)\n  select  channel\n        , id\n        , sum(sales) as sales\n        , sum(returns) as returns\n        , sum(profit) as profit\n from \n (select 'store channel' as channel\n        , ss.s_store_sk as id\n        , sales\n        , coalesce(returns, 0) as returns\n        , (profit - coalesce(profit_loss,0)) as profit\n from   ss left join sr\n        on  ss.s_store_sk = sr.s_store_sk\n union all\n select 'catalog channel' as channel\n        , cs_call_center_sk as id\n        , sales\n        , returns\n        , (profit - profit_loss) as profit\n from  cs\n       , cr\n union all\n select 'web channel' as channel\n        , ws.wp_web_page_sk as id\n        , sales\n        , coalesce(returns, 0) as returns\n        , (profit - coalesce(profit_loss,0)) as profit\n from   ws left join wr\n        on  ws.wp_web_page_sk = wr.wp_web_page_sk\n ) x\n group by rollup (channel, id)\n order by channel\n         ,id\n limit 100;\n\n-- end query 58 in stream 0 using template query77.tpl\n",
    "indexes": "web_sales.ws_net_profit",
    "wo plan est": {
      "Node Type": "Limit",
      "Parallel Aware": false,
      "Async Capable": false,
      "Startup Cost": 1505243.45,
      "Total Cost": 1505243.7,
      "Plan Rows": 100,
      "Plan Width": 132,
      "Plans": [
        {
          "Node Type": "Sort",
          "Parent Relationship": "Outer",
          "Parallel Aware": false,
          "Async Capable": false,
          "Startup Cost": 1505243.45,
          "Total Cost": 1505244.45,
          "Plan Rows": 401,
          "Plan Width": 132,
          "Sort Key": [
            "('store channel'::text)",
            "store.s_store_sk"
          ],
          "Plans": [
            {
              "Node Type": "Aggregate",
              "Strategy": "Mixed",
              "Partial Mode": "Simple",
              "Parent Relationship": "Outer",
              "Parallel Aware": false,
              "Async Capable": false,
              "Startup Cost": 752755.06,
              "Total Cost": 1505228.12,
              "Plan Rows": 401,
              "Plan Width": 132,
              "Grouping Sets": [
                {
                  "Hash Keys": [
                    [
                      "('store channel'::text)",
                      "store.s_store_sk"
                    ]
                  ]
                },
                {
                  "Hash Keys": [
                    [
                      "('store channel'::text)"
                    ]
                  ]
                },
                {
                  "Group Keys": [
                    []
                  ]
                }
              ],
              "Planned Partitions": 0,
              "Plans": [
                {
                  "Node Type": "Append",
                  "Parent Relationship": "Outer",
                  "Parallel Aware": false,
                  "Async Capable": false,
                  "Startup Cost": 752755.06,
                  "Total Cost": 1505194.76,
                  "Plan Rows": 878,
                  "Plan Width": 132,
                  "Subplans Removed": 0,
                  "Plans": [
                    {
                      "Node Type": "Merge Join",
                      "Parent Relationship": "Member",
                      "Parallel Aware": false,
                      "Async Capable": false,
                      "Join Type": "Left",
                      "Startup Cost": 752755.06,
                      "Total Cost": 752953.3,
                      "Plan Rows": 102,
                      "Plan Width": 132,
                      "Inner Unique": true,
                      "Merge Cond": "(store.s_store_sk = store_1.s_store_sk)",
                      "Plans": [
                        {
                          "Node Type": "Aggregate",
                          "Strategy": "Sorted",
                          "Partial Mode": "Finalize",
                          "Parent Relationship": "Outer",
                          "Parallel Aware": false,
                          "Async Capable": false,
                          "Startup Cost": 685291.07,
                          "Total Cost": 685443.67,
                          "Plan Rows": 102,
                          "Plan Width": 68,
                          "Group Key": [
                            "store.s_store_sk"
                          ],
                          "Plans": [
                            {
                              "Node Type": "Gather Merge",
                              "Parent Relationship": "Outer",
                              "Parallel Aware": false,
                              "Async Capable": false,
                              "Startup Cost": 685291.07,
                              "Total Cost": 685439.59,
                              "Plan Rows": 204,
                              "Plan Width": 68,
                              "Workers Planned": 2,
                              "Plans": [
                                {
                                  "Node Type": "Aggregate",
                                  "Strategy": "Sorted",
                                  "Partial Mode": "Partial",
                                  "Parent Relationship": "Outer",
                                  "Parallel Aware": false,
                                  "Async Capable": false,
                                  "Startup Cost": 684291.04,
                                  "Total Cost": 684416.02,
                                  "Plan Rows": 102,
                                  "Plan Width": 68,
                                  "Group Key": [
                                    "store.s_store_sk"
                                  ],
                                  "Plans": [
                                    {
                                      "Node Type": "Merge Join",
                                      "Parent Relationship": "Outer",
                                      "Parallel Aware": false,
                                      "Async Capable": false,
                                      "Join Type": "Inner",
                                      "Startup Cost": 684291.04,
                                      "Total Cost": 684380.82,
                                      "Plan Rows": 4489,
                                      "Plan Width": 16,
                                      "Inner Unique": false,
                                      "Merge Cond": "(store_sales.ss_store_sk = store.s_store_sk)",
                                      "Plans": [
                                        {
                                          "Node Type": "Sort",
                                          "Parent Relationship": "Outer",
                                          "Parallel Aware": false,
                                          "Async Capable": false,
                                          "Startup Cost": 684281.62,
                                          "Total Cost": 684293.38,
                                          "Plan Rows": 4703,
                                          "Plan Width": 16,
                                          "Sort Key": [
                                            "store_sales.ss_store_sk"
                                          ],
                                          "Plans": [
                                            {
                                              "Node Type": "Hash Join",
                                              "Parent Relationship": "Outer",
                                              "Parallel Aware": true,
                                              "Async Capable": false,
                                              "Join Type": "Inner",
                                              "Startup Cost": 2049.78,
                                              "Total Cost": 683994.75,
                                              "Plan Rows": 4703,
                                              "Plan Width": 16,
                                              "Inner Unique": false,
                                              "Hash Cond": "(store_sales.ss_sold_date_sk = date_dim.d_date_sk)",
                                              "Plans": [
                                                {
                                                  "Node Type": "Seq Scan",
                                                  "Parent Relationship": "Outer",
                                                  "Parallel Aware": true,
                                                  "Async Capable": false,
                                                  "Relation Name": "store_sales",
                                                  "Alias": "store_sales",
                                                  "Startup Cost": 0.0,
                                                  "Total Cost": 636914.37,
                                                  "Plan Rows": 12000637,
                                                  "Plan Width": 20,
                                                  "parent": 10,
                                                  "ID": 11
                                                },
                                                {
                                                  "Node Type": "Hash",
                                                  "Parent Relationship": "Inner",
                                                  "Parallel Aware": true,
                                                  "Async Capable": false,
                                                  "Startup Cost": 2049.55,
                                                  "Total Cost": 2049.55,
                                                  "Plan Rows": 18,
                                                  "Plan Width": 4,
                                                  "Plans": [
                                                    {
                                                      "Node Type": "Seq Scan",
                                                      "Parent Relationship": "Outer",
                                                      "Parallel Aware": true,
                                                      "Async Capable": false,
                                                      "Relation Name": "date_dim",
                                                      "Alias": "date_dim",
                                                      "Startup Cost": 0.0,
                                                      "Total Cost": 2049.55,
                                                      "Plan Rows": 18,
                                                      "Plan Width": 4,
                                                      "Filter": "((d_date >= '1999-08-14'::date) AND (d_date <= '1999-09-13 00:00:00'::timestamp without time zone))",
                                                      "parent": 12,
                                                      "ID": 13
                                                    }
                                                  ],
                                                  "parent": 10,
                                                  "ID": 12,
                                                  "left": 13
                                                }
                                              ],
                                              "parent": 9,
                                              "ID": 10,
                                              "left": 11,
                                              "right": 12
                                            }
                                          ],
                                          "parent": 8,
                                          "ID": 9,
                                          "left": 10
                                        },
                                        {
                                          "Node Type": "Sort",
                                          "Parent Relationship": "Inner",
                                          "Parallel Aware": false,
                                          "Async Capable": false,
                                          "Startup Cost": 9.42,
                                          "Total Cost": 9.68,
                                          "Plan Rows": 102,
                                          "Plan Width": 4,
                                          "Sort Key": [
                                            "store.s_store_sk"
                                          ],
                                          "Plans": [
                                            {
                                              "Node Type": "Seq Scan",
                                              "Parent Relationship": "Outer",
                                              "Parallel Aware": false,
                                              "Async Capable": false,
                                              "Relation Name": "store",
                                              "Alias": "store",
                                              "Startup Cost": 0.0,
                                              "Total Cost": 6.02,
                                              "Plan Rows": 102,
                                              "Plan Width": 4,
                                              "parent": 14,
                                              "ID": 15
                                            }
                                          ],
                                          "parent": 8,
                                          "ID": 14,
                                          "left": 15
                                        }
                                      ],
                                      "parent": 7,
                                      "ID": 8,
                                      "left": 9,
                                      "right": 14
                                    }
                                  ],
                                  "parent": 6,
                                  "ID": 7,
                                  "left": 8
                                }
                              ],
                              "parent": 5,
                              "ID": 6,
                              "left": 7
                            }
                          ],
                          "parent": 4,
                          "ID": 5,
                          "left": 6
                        },
                        {
                          "Node Type": "Aggregate",
                          "Strategy": "Sorted",
                          "Partial Mode": "Finalize",
                          "Parent Relationship": "Inner",
                          "Parallel Aware": false,
                          "Async Capable": false,
                          "Startup Cost": 67464.0,
                          "Total Cost": 67505.8,
                          "Plan Rows": 102,
                          "Plan Width": 68,
                          "Group Key": [
                            "store_1.s_store_sk"
                          ],
                          "Plans": [
                            {
                              "Node Type": "Gather Merge",
                              "Parent Relationship": "Outer",
                              "Parallel Aware": false,
                              "Async Capable": false,
                              "Startup Cost": 67464.0,
                              "Total Cost": 67501.72,
                              "Plan Rows": 204,
                              "Plan Width": 68,
                              "Workers Planned": 2,
                              "Plans": [
                                {
                                  "Node Type": "Aggregate",
                                  "Strategy": "Sorted",
                                  "Partial Mode": "Partial",
                                  "Parent Relationship": "Outer",
                                  "Parallel Aware": false,
                                  "Async Capable": false,
                                  "Startup Cost": 66463.97,
                                  "Total Cost": 66478.15,
                                  "Plan Rows": 102,
                                  "Plan Width": 68,
                                  "Group Key": [
                                    "store_1.s_store_sk"
                                  ],
                                  "Plans": [
                                    {
                                      "Node Type": "Merge Join",
                                      "Parent Relationship": "Outer",
                                      "Parallel Aware": false,
                                      "Async Capable": false,
                                      "Join Type": "Inner",
                                      "Startup Cost": 66463.97,
                                      "Total Cost": 66473.17,
                                      "Plan Rows": 460,
                                      "Plan Width": 16,
                                      "Inner Unique": false,
                                      "Merge Cond": "(store_returns.sr_store_sk = store_1.s_store_sk)",
                                      "Plans": [
                                        {
                                          "Node Type": "Sort",
                                          "Parent Relationship": "Outer",
                                          "Parallel Aware": false,
                                          "Async Capable": false,
                                          "Startup Cost": 66454.55,
                                          "Total Cost": 66455.74,
                                          "Plan Rows": 476,
                                          "Plan Width": 16,
                                          "Sort Key": [
                                            "store_returns.sr_store_sk"
                                          ],
                                          "Plans": [
                                            {
                                              "Node Type": "Hash Join",
                                              "Parent Relationship": "Outer",
                                              "Parallel Aware": true,
                                              "Async Capable": false,
                                              "Join Type": "Inner",
                                              "Startup Cost": 2049.78,
                                              "Total Cost": 66433.38,
                                              "Plan Rows": 476,
                                              "Plan Width": 16,
                                              "Inner Unique": false,
                                              "Hash Cond": "(store_returns.sr_returned_date_sk = date_dim_1.d_date_sk)",
                                              "Plans": [
                                                {
                                                  "Node Type": "Seq Scan",
                                                  "Parent Relationship": "Outer",
                                                  "Parallel Aware": true,
                                                  "Async Capable": false,
                                                  "Relation Name": "store_returns",
                                                  "Alias": "store_returns",
                                                  "Startup Cost": 0.0,
                                                  "Total Cost": 59887.64,
                                                  "Plan Rows": 1198164,
                                                  "Plan Width": 20,
                                                  "parent": 21,
                                                  "ID": 22
                                                },
                                                {
                                                  "Node Type": "Hash",
                                                  "Parent Relationship": "Inner",
                                                  "Parallel Aware": true,
                                                  "Async Capable": false,
                                                  "Startup Cost": 2049.55,
                                                  "Total Cost": 2049.55,
                                                  "Plan Rows": 18,
                                                  "Plan Width": 4,
                                                  "Plans": [
                                                    {
                                                      "Node Type": "Seq Scan",
                                                      "Parent Relationship": "Outer",
                                                      "Parallel Aware": true,
                                                      "Async Capable": false,
                                                      "Relation Name": "date_dim",
                                                      "Alias": "date_dim_1",
                                                      "Startup Cost": 0.0,
                                                      "Total Cost": 2049.55,
                                                      "Plan Rows": 18,
                                                      "Plan Width": 4,
                                                      "Filter": "((d_date >= '1999-08-14'::date) AND (d_date <= '1999-09-13 00:00:00'::timestamp without time zone))",
                                                      "parent": 23,
                                                      "ID": 24
                                                    }
                                                  ],
                                                  "parent": 21,
                                                  "ID": 23,
                                                  "left": 24
                                                }
                                              ],
                                              "parent": 20,
                                              "ID": 21,
                                              "left": 22,
                                              "right": 23
                                            }
                                          ],
                                          "parent": 19,
                                          "ID": 20,
                                          "left": 21
                                        },
                                        {
                                          "Node Type": "Sort",
                                          "Parent Relationship": "Inner",
                                          "Parallel Aware": false,
                                          "Async Capable": false,
                                          "Startup Cost": 9.42,
                                          "Total Cost": 9.68,
                                          "Plan Rows": 102,
                                          "Plan Width": 4,
                                          "Sort Key": [
                                            "store_1.s_store_sk"
                                          ],
                                          "Plans": [
                                            {
                                              "Node Type": "Seq Scan",
                                              "Parent Relationship": "Outer",
                                              "Parallel Aware": false,
                                              "Async Capable": false,
                                              "Relation Name": "store",
                                              "Alias": "store_1",
                                              "Startup Cost": 0.0,
                                              "Total Cost": 6.02,
                                              "Plan Rows": 102,
                                              "Plan Width": 4,
                                              "parent": 25,
                                              "ID": 26
                                            }
                                          ],
                                          "parent": 19,
                                          "ID": 25,
                                          "left": 26
                                        }
                                      ],
                                      "parent": 18,
                                      "ID": 19,
                                      "left": 20,
                                      "right": 25
                                    }
                                  ],
                                  "parent": 17,
                                  "ID": 18,
                                  "left": 19
                                }
                              ],
                              "parent": 16,
                              "ID": 17,
                              "left": 18
                            }
                          ],
                          "parent": 4,
                          "ID": 16,
                          "left": 17
                        }
                      ],
                      "parent": 3,
                      "ID": 4,
                      "left": 5,
                      "right": 16
                    },
                    {
                      "Node Type": "Nested Loop",
                      "Parent Relationship": "Member",
                      "Parallel Aware": false,
                      "Async Capable": false,
                      "Join Type": "Inner",
                      "Startup Cost": 499452.25,
                      "Total Cost": 499502.11,
                      "Plan Rows": 576,
                      "Plan Width": 132,
                      "Inner Unique": false,
                      "Plans": [
                        {
                          "Node Type": "Aggregate",
                          "Strategy": "Sorted",
                          "Partial Mode": "Finalize",
                          "Parent Relationship": "Outer",
                          "Parallel Aware": false,
                          "Async Capable": false,
                          "Startup Cost": 459392.64,
                          "Total Cost": 459424.0,
                          "Plan Rows": 24,
                          "Plan Width": 68,
                          "Group Key": [
                            "catalog_sales.cs_call_center_sk"
                          ],
                          "Plans": [
                            {
                              "Node Type": "Gather Merge",
                              "Parent Relationship": "Outer",
                              "Parallel Aware": false,
                              "Async Capable": false,
                              "Startup Cost": 459392.64,
                              "Total Cost": 459423.04,
                              "Plan Rows": 48,
                              "Plan Width": 68,
                              "Workers Planned": 2,
                              "Plans": [
                                {
                                  "Node Type": "Aggregate",
                                  "Strategy": "Sorted",
                                  "Partial Mode": "Partial",
                                  "Parent Relationship": "Outer",
                                  "Parallel Aware": false,
                                  "Async Capable": false,
                                  "Startup Cost": 458392.62,
                                  "Total Cost": 458417.48,
                                  "Plan Rows": 24,
                                  "Plan Width": 68,
                                  "Group Key": [
                                    "catalog_sales.cs_call_center_sk"
                                  ],
                                  "Plans": [
                                    {
                                      "Node Type": "Sort",
                                      "Parent Relationship": "Outer",
                                      "Parallel Aware": false,
                                      "Async Capable": false,
                                      "Startup Cost": 458392.62,
                                      "Total Cost": 458398.74,
                                      "Plan Rows": 2450,
                                      "Plan Width": 16,
                                      "Sort Key": [
                                        "catalog_sales.cs_call_center_sk"
                                      ],
                                      "Plans": [
                                        {
                                          "Node Type": "Hash Join",
                                          "Parent Relationship": "Outer",
                                          "Parallel Aware": true,
                                          "Async Capable": false,
                                          "Join Type": "Inner",
                                          "Startup Cost": 2049.78,
                                          "Total Cost": 458254.7,
                                          "Plan Rows": 2450,
                                          "Plan Width": 16,
                                          "Inner Unique": false,
                                          "Hash Cond": "(catalog_sales.cs_sold_date_sk = date_dim_2.d_date_sk)",
                                          "Plans": [
                                            {
                                              "Node Type": "Seq Scan",
                                              "Parent Relationship": "Outer",
                                              "Parallel Aware": true,
                                              "Async Capable": false,
                                              "Relation Name": "catalog_sales",
                                              "Alias": "catalog_sales",
                                              "Startup Cost": 0.0,
                                              "Total Cost": 433688.25,
                                              "Plan Rows": 6000525,
                                              "Plan Width": 20,
                                              "parent": 32,
                                              "ID": 33
                                            },
                                            {
                                              "Node Type": "Hash",
                                              "Parent Relationship": "Inner",
                                              "Parallel Aware": true,
                                              "Async Capable": false,
                                              "Startup Cost": 2049.55,
                                              "Total Cost": 2049.55,
                                              "Plan Rows": 18,
                                              "Plan Width": 4,
                                              "Plans": [
                                                {
                                                  "Node Type": "Seq Scan",
                                                  "Parent Relationship": "Outer",
                                                  "Parallel Aware": true,
                                                  "Async Capable": false,
                                                  "Relation Name": "date_dim",
                                                  "Alias": "date_dim_2",
                                                  "Startup Cost": 0.0,
                                                  "Total Cost": 2049.55,
                                                  "Plan Rows": 18,
                                                  "Plan Width": 4,
                                                  "Filter": "((d_date >= '1999-08-14'::date) AND (d_date <= '1999-09-13 00:00:00'::timestamp without time zone))",
                                                  "parent": 34,
                                                  "ID": 35
                                                }
                                              ],
                                              "parent": 32,
                                              "ID": 34,
                                              "left": 35
                                            }
                                          ],
                                          "parent": 31,
                                          "ID": 32,
                                          "left": 33,
                                          "right": 34
                                        }
                                      ],
                                      "parent": 30,
                                      "ID": 31,
                                      "left": 32
                                    }
                                  ],
                                  "parent": 29,
                                  "ID": 30,
                                  "left": 31
                                }
                              ],
                              "parent": 28,
                              "ID": 29,
                              "left": 30
                            }
                          ],
                          "parent": 27,
                          "ID": 28,
                          "left": 29
                        },
                        {
                          "Node Type": "Materialize",
                          "Parent Relationship": "Inner",
                          "Parallel Aware": false,
                          "Async Capable": false,
                          "Startup Cost": 40059.61,
                          "Total Cost": 40069.29,
                          "Plan Rows": 24,
                          "Plan Width": 64,
                          "Plans": [
                            {
                              "Node Type": "Subquery Scan",
                              "Parent Relationship": "Outer",
                              "Parallel Aware": false,
                              "Async Capable": false,
                              "Alias": "cr",
                              "Startup Cost": 40059.61,
                              "Total Cost": 40069.17,
                              "Plan Rows": 24,
                              "Plan Width": 64,
                              "Plans": [
                                {
                                  "Node Type": "Aggregate",
                                  "Strategy": "Sorted",
                                  "Partial Mode": "Finalize",
                                  "Parent Relationship": "Subquery",
                                  "Parallel Aware": false,
                                  "Async Capable": false,
                                  "Startup Cost": 40059.61,
                                  "Total Cost": 40068.93,
                                  "Plan Rows": 24,
                                  "Plan Width": 68,
                                  "Group Key": [
                                    "catalog_returns.cr_call_center_sk"
                                  ],
                                  "Plans": [
                                    {
                                      "Node Type": "Gather Merge",
                                      "Parent Relationship": "Outer",
                                      "Parallel Aware": false,
                                      "Async Capable": false,
                                      "Startup Cost": 40059.61,
                                      "Total Cost": 40067.97,
                                      "Plan Rows": 48,
                                      "Plan Width": 68,
                                      "Workers Planned": 2,
                                      "Plans": [
                                        {
                                          "Node Type": "Aggregate",
                                          "Strategy": "Sorted",
                                          "Partial Mode": "Partial",
                                          "Parent Relationship": "Outer",
                                          "Parallel Aware": false,
                                          "Async Capable": false,
                                          "Startup Cost": 39059.58,
                                          "Total Cost": 39062.4,
                                          "Plan Rows": 24,
                                          "Plan Width": 68,
                                          "Group Key": [
                                            "catalog_returns.cr_call_center_sk"
                                          ],
                                          "Plans": [
                                            {
                                              "Node Type": "Sort",
                                              "Parent Relationship": "Outer",
                                              "Parallel Aware": false,
                                              "Async Capable": false,
                                              "Startup Cost": 39059.58,
                                              "Total Cost": 39060.2,
                                              "Plan Rows": 246,
                                              "Plan Width": 16,
                                              "Sort Key": [
                                                "catalog_returns.cr_call_center_sk"
                                              ],
                                              "Plans": [
                                                {
                                                  "Node Type": "Hash Join",
                                                  "Parent Relationship": "Outer",
                                                  "Parallel Aware": true,
                                                  "Async Capable": false,
                                                  "Join Type": "Inner",
                                                  "Startup Cost": 2049.78,
                                                  "Total Cost": 39049.82,
                                                  "Plan Rows": 246,
                                                  "Plan Width": 16,
                                                  "Inner Unique": false,
                                                  "Hash Cond": "(catalog_returns.cr_returned_date_sk = date_dim_3.d_date_sk)",
                                                  "Plans": [
                                                    {
                                                      "Node Type": "Seq Scan",
                                                      "Parent Relationship": "Outer",
                                                      "Parallel Aware": true,
                                                      "Async Capable": false,
                                                      "Relation Name": "catalog_returns",
                                                      "Alias": "catalog_returns",
                                                      "Startup Cost": 0.0,
                                                      "Total Cost": 34748.95,
                                                      "Plan Rows": 599895,
                                                      "Plan Width": 20,
                                                      "parent": 42,
                                                      "ID": 43
                                                    },
                                                    {
                                                      "Node Type": "Hash",
                                                      "Parent Relationship": "Inner",
                                                      "Parallel Aware": true,
                                                      "Async Capable": false,
                                                      "Startup Cost": 2049.55,
                                                      "Total Cost": 2049.55,
                                                      "Plan Rows": 18,
                                                      "Plan Width": 4,
                                                      "Plans": [
                                                        {
                                                          "Node Type": "Seq Scan",
                                                          "Parent Relationship": "Outer",
                                                          "Parallel Aware": true,
                                                          "Async Capable": false,
                                                          "Relation Name": "date_dim",
                                                          "Alias": "date_dim_3",
                                                          "Startup Cost": 0.0,
                                                          "Total Cost": 2049.55,
                                                          "Plan Rows": 18,
                                                          "Plan Width": 4,
                                                          "Filter": "((d_date >= '1999-08-14'::date) AND (d_date <= '1999-09-13 00:00:00'::timestamp without time zone))",
                                                          "parent": 44,
                                                          "ID": 45
                                                        }
                                                      ],
                                                      "parent": 42,
                                                      "ID": 44,
                                                      "left": 45
                                                    }
                                                  ],
                                                  "parent": 41,
                                                  "ID": 42,
                                                  "left": 43,
                                                  "right": 44
                                                }
                                              ],
                                              "parent": 40,
                                              "ID": 41,
                                              "left": 42
                                            }
                                          ],
                                          "parent": 39,
                                          "ID": 40,
                                          "left": 41
                                        }
                                      ],
                                      "parent": 38,
                                      "ID": 39,
                                      "left": 40
                                    }
                                  ],
                                  "parent": 37,
                                  "ID": 38,
                                  "left": 39
                                }
                              ],
                              "parent": 36,
                              "ID": 37,
                              "left": 38
                            }
                          ],
                          "parent": 27,
                          "ID": 36,
                          "left": 37
                        }
                      ],
                      "parent": 3,
                      "ID": 27,
                      "left": 28,
                      "right": 36
                    },
                    {
                      "Node Type": "Merge Join",
                      "Parent Relationship": "Member",
                      "Parallel Aware": false,
                      "Async Capable": false,
                      "Join Type": "Left",
                      "Startup Cost": 252590.79,
                      "Total Cost": 252726.18,
                      "Plan Rows": 200,
                      "Plan Width": 132,
                      "Inner Unique": true,
                      "Merge Cond": "(web_page.wp_web_page_sk = web_page_1.wp_web_page_sk)",
                      "Plans": [
                        {
                          "Node Type": "Aggregate",
                          "Strategy": "Sorted",
                          "Partial Mode": "Finalize",
                          "Parent Relationship": "Outer",
                          "Parallel Aware": false,
                          "Async Capable": false,
                          "Startup Cost": 232119.07,
                          "Total Cost": 232210.1,
                          "Plan Rows": 200,
                          "Plan Width": 68,
                          "Group Key": [
                            "web_page.wp_web_page_sk"
                          ],
                          "Plans": [
                            {
                              "Node Type": "Gather Merge",
                              "Parent Relationship": "Outer",
                              "Parallel Aware": false,
                              "Async Capable": false,
                              "Startup Cost": 232119.07,
                              "Total Cost": 232202.1,
                              "Plan Rows": 400,
                              "Plan Width": 68,
                              "Workers Planned": 2,
                              "Plans": [
                                {
                                  "Node Type": "Aggregate",
                                  "Strategy": "Sorted",
                                  "Partial Mode": "Partial",
                                  "Parent Relationship": "Outer",
                                  "Parallel Aware": false,
                                  "Async Capable": false,
                                  "Startup Cost": 231119.05,
                                  "Total Cost": 231155.9,
                                  "Plan Rows": 200,
                                  "Plan Width": 68,
                                  "Group Key": [
                                    "web_page.wp_web_page_sk"
                                  ],
                                  "Plans": [
                                    {
                                      "Node Type": "Merge Join",
                                      "Parent Relationship": "Outer",
                                      "Parallel Aware": false,
                                      "Async Capable": false,
                                      "Join Type": "Inner",
                                      "Startup Cost": 231119.05,
                                      "Total Cost": 231143.67,
                                      "Plan Rows": 1231,
                                      "Plan Width": 16,
                                      "Inner Unique": false,
                                      "Merge Cond": "(web_sales.ws_web_page_sk = web_page.wp_web_page_sk)",
                                      "Plans": [
                                        {
                                          "Node Type": "Sort",
                                          "Parent Relationship": "Outer",
                                          "Parallel Aware": false,
                                          "Async Capable": false,
                                          "Startup Cost": 231104.41,
                                          "Total Cost": 231107.48,
                                          "Plan Rows": 1231,
                                          "Plan Width": 16,
                                          "Sort Key": [
                                            "web_sales.ws_web_page_sk"
                                          ],
                                          "Plans": [
                                            {
                                              "Node Type": "Hash Join",
                                              "Parent Relationship": "Outer",
                                              "Parallel Aware": true,
                                              "Async Capable": false,
                                              "Join Type": "Inner",
                                              "Startup Cost": 2049.78,
                                              "Total Cost": 231041.22,
                                              "Plan Rows": 1231,
                                              "Plan Width": 16,
                                              "Inner Unique": false,
                                              "Hash Cond": "(web_sales.ws_sold_date_sk = date_dim_4.d_date_sk)",
                                              "Plans": [
                                                {
                                                  "Node Type": "Seq Scan",
                                                  "Parent Relationship": "Outer",
                                                  "Parallel Aware": true,
                                                  "Async Capable": false,
                                                  "Relation Name": "web_sales",
                                                  "Alias": "web_sales",
                                                  "Startup Cost": 0.0,
                                                  "Total Cost": 217737.86,
                                                  "Plan Rows": 2998986,
                                                  "Plan Width": 20,
                                                  "parent": 52,
                                                  "ID": 53
                                                },
                                                {
                                                  "Node Type": "Hash",
                                                  "Parent Relationship": "Inner",
                                                  "Parallel Aware": true,
                                                  "Async Capable": false,
                                                  "Startup Cost": 2049.55,
                                                  "Total Cost": 2049.55,
                                                  "Plan Rows": 18,
                                                  "Plan Width": 4,
                                                  "Plans": [
                                                    {
                                                      "Node Type": "Seq Scan",
                                                      "Parent Relationship": "Outer",
                                                      "Parallel Aware": true,
                                                      "Async Capable": false,
                                                      "Relation Name": "date_dim",
                                                      "Alias": "date_dim_4",
                                                      "Startup Cost": 0.0,
                                                      "Total Cost": 2049.55,
                                                      "Plan Rows": 18,
                                                      "Plan Width": 4,
                                                      "Filter": "((d_date >= '1999-08-14'::date) AND (d_date <= '1999-09-13 00:00:00'::timestamp without time zone))",
                                                      "parent": 54,
                                                      "ID": 55
                                                    }
                                                  ],
                                                  "parent": 52,
                                                  "ID": 54,
                                                  "left": 55
                                                }
                                              ],
                                              "parent": 51,
                                              "ID": 52,
                                              "left": 53,
                                              "right": 54
                                            }
                                          ],
                                          "parent": 50,
                                          "ID": 51,
                                          "left": 52
                                        },
                                        {
                                          "Node Type": "Sort",
                                          "Parent Relationship": "Inner",
                                          "Parallel Aware": false,
                                          "Async Capable": false,
                                          "Startup Cost": 14.64,
                                          "Total Cost": 15.14,
                                          "Plan Rows": 200,
                                          "Plan Width": 4,
                                          "Sort Key": [
                                            "web_page.wp_web_page_sk"
                                          ],
                                          "Plans": [
                                            {
                                              "Node Type": "Seq Scan",
                                              "Parent Relationship": "Outer",
                                              "Parallel Aware": false,
                                              "Async Capable": false,
                                              "Relation Name": "web_page",
                                              "Alias": "web_page",
                                              "Startup Cost": 0.0,
                                              "Total Cost": 7.0,
                                              "Plan Rows": 200,
                                              "Plan Width": 4,
                                              "parent": 56,
                                              "ID": 57
                                            }
                                          ],
                                          "parent": 50,
                                          "ID": 56,
                                          "left": 57
                                        }
                                      ],
                                      "parent": 49,
                                      "ID": 50,
                                      "left": 51,
                                      "right": 56
                                    }
                                  ],
                                  "parent": 48,
                                  "ID": 49,
                                  "left": 50
                                }
                              ],
                              "parent": 47,
                              "ID": 48,
                              "left": 49
                            }
                          ],
                          "parent": 46,
                          "ID": 47,
                          "left": 48
                        },
                        {
                          "Node Type": "Aggregate",
                          "Strategy": "Sorted",
                          "Partial Mode": "Finalize",
                          "Parent Relationship": "Inner",
                          "Parallel Aware": false,
                          "Async Capable": false,
                          "Startup Cost": 20471.72,
                          "Total Cost": 20508.59,
                          "Plan Rows": 200,
                          "Plan Width": 68,
                          "Group Key": [
                            "web_page_1.wp_web_page_sk"
                          ],
                          "Plans": [
                            {
                              "Node Type": "Gather Merge",
                              "Parent Relationship": "Outer",
                              "Parallel Aware": false,
                              "Async Capable": false,
                              "Startup Cost": 20471.72,
                              "Total Cost": 20502.79,
                              "Plan Rows": 224,
                              "Plan Width": 68,
                              "Workers Planned": 2,
                              "Plans": [
                                {
                                  "Node Type": "Aggregate",
                                  "Strategy": "Sorted",
                                  "Partial Mode": "Partial",
                                  "Parent Relationship": "Outer",
                                  "Parallel Aware": false,
                                  "Async Capable": false,
                                  "Startup Cost": 19471.69,
                                  "Total Cost": 19476.91,
                                  "Plan Rows": 112,
                                  "Plan Width": 68,
                                  "Group Key": [
                                    "web_page_1.wp_web_page_sk"
                                  ],
                                  "Plans": [
                                    {
                                      "Node Type": "Merge Join",
                                      "Parent Relationship": "Outer",
                                      "Parallel Aware": false,
                                      "Async Capable": false,
                                      "Join Type": "Inner",
                                      "Startup Cost": 19471.69,
                                      "Total Cost": 19474.39,
                                      "Plan Rows": 112,
                                      "Plan Width": 16,
                                      "Inner Unique": false,
                                      "Merge Cond": "(web_returns.wr_web_page_sk = web_page_1.wp_web_page_sk)",
                                      "Plans": [
                                        {
                                          "Node Type": "Sort",
                                          "Parent Relationship": "Outer",
                                          "Parallel Aware": false,
                                          "Async Capable": false,
                                          "Startup Cost": 19457.05,
                                          "Total Cost": 19457.35,
                                          "Plan Rows": 118,
                                          "Plan Width": 16,
                                          "Sort Key": [
                                            "web_returns.wr_web_page_sk"
                                          ],
                                          "Plans": [
                                            {
                                              "Node Type": "Hash Join",
                                              "Parent Relationship": "Outer",
                                              "Parallel Aware": true,
                                              "Async Capable": false,
                                              "Join Type": "Inner",
                                              "Startup Cost": 2049.78,
                                              "Total Cost": 19452.99,
                                              "Plan Rows": 118,
                                              "Plan Width": 16,
                                              "Inner Unique": false,
                                              "Hash Cond": "(web_returns.wr_returned_date_sk = date_dim_5.d_date_sk)",
                                              "Plans": [
                                                {
                                                  "Node Type": "Seq Scan",
                                                  "Parent Relationship": "Outer",
                                                  "Parallel Aware": true,
                                                  "Async Capable": false,
                                                  "Relation Name": "web_returns",
                                                  "Alias": "web_returns",
                                                  "Startup Cost": 0.0,
                                                  "Total Cost": 16278.74,
                                                  "Plan Rows": 299674,
                                                  "Plan Width": 20,
                                                  "parent": 63,
                                                  "ID": 64
                                                },
                                                {
                                                  "Node Type": "Hash",
                                                  "Parent Relationship": "Inner",
                                                  "Parallel Aware": true,
                                                  "Async Capable": false,
                                                  "Startup Cost": 2049.55,
                                                  "Total Cost": 2049.55,
                                                  "Plan Rows": 18,
                                                  "Plan Width": 4,
                                                  "Plans": [
                                                    {
                                                      "Node Type": "Seq Scan",
                                                      "Parent Relationship": "Outer",
                                                      "Parallel Aware": true,
                                                      "Async Capable": false,
                                                      "Relation Name": "date_dim",
                                                      "Alias": "date_dim_5",
                                                      "Startup Cost": 0.0,
                                                      "Total Cost": 2049.55,
                                                      "Plan Rows": 18,
                                                      "Plan Width": 4,
                                                      "Filter": "((d_date >= '1999-08-14'::date) AND (d_date <= '1999-09-13 00:00:00'::timestamp without time zone))",
                                                      "parent": 65,
                                                      "ID": 66
                                                    }
                                                  ],
                                                  "parent": 63,
                                                  "ID": 65,
                                                  "left": 66
                                                }
                                              ],
                                              "parent": 62,
                                              "ID": 63,
                                              "left": 64,
                                              "right": 65
                                            }
                                          ],
                                          "parent": 61,
                                          "ID": 62,
                                          "left": 63
                                        },
                                        {
                                          "Node Type": "Sort",
                                          "Parent Relationship": "Inner",
                                          "Parallel Aware": false,
                                          "Async Capable": false,
                                          "Startup Cost": 14.64,
                                          "Total Cost": 15.14,
                                          "Plan Rows": 200,
                                          "Plan Width": 4,
                                          "Sort Key": [
                                            "web_page_1.wp_web_page_sk"
                                          ],
                                          "Plans": [
                                            {
                                              "Node Type": "Seq Scan",
                                              "Parent Relationship": "Outer",
                                              "Parallel Aware": false,
                                              "Async Capable": false,
                                              "Relation Name": "web_page",
                                              "Alias": "web_page_1",
                                              "Startup Cost": 0.0,
                                              "Total Cost": 7.0,
                                              "Plan Rows": 200,
                                              "Plan Width": 4,
                                              "parent": 67,
                                              "ID": 68
                                            }
                                          ],
                                          "parent": 61,
                                          "ID": 67,
                                          "left": 68
                                        }
                                      ],
                                      "parent": 60,
                                      "ID": 61,
                                      "left": 62,
                                      "right": 67
                                    }
                                  ],
                                  "parent": 59,
                                  "ID": 60,
                                  "left": 61
                                }
                              ],
                              "parent": 58,
                              "ID": 59,
                              "left": 60
                            }
                          ],
                          "parent": 46,
                          "ID": 58,
                          "left": 59
                        }
                      ],
                      "parent": 3,
                      "ID": 46,
                      "left": 47,
                      "right": 58
                    }
                  ],
                  "parent": 2,
                  "ID": 3,
                  "left": 4,
                  "right": 27
                }
              ],
              "parent": 1,
              "ID": 2,
              "left": 3
            }
          ],
          "parent": 0,
          "ID": 1,
          "left": 2
        }
      ],
      "parent": null,
      "ID": 0,
      "left": 1
    },
    "feat": {
      "utility": 0.0,
      "query_shape": [
        [
          "Seq Scan",
          "Hash Join",
          "Sort",
          "Merge Join",
          "Aggregate",
          "Gather Merge",
          "Append"
        ],
        [
          "Seq Scan",
          "Hash",
          "Hash Join",
          "Sort",
          "Merge Join",
          "Aggregate",
          "Gather Merge",
          "Append"
        ],
        [
          "Seq Scan",
          "Sort",
          "Merge Join",
          "Aggregate",
          "Gather Merge",
          "Append"
        ],
        [
          "Seq Scan",
          "Hash Join",
          "Sort",
          "Merge Join",
          "Aggregate",
          "Gather Merge",
          "Append"
        ],
        [
          "Seq Scan",
          "Hash",
          "Hash Join",
          "Sort",
          "Merge Join",
          "Aggregate",
          "Gather Merge",
          "Append"
        ],
        [
          "Seq Scan",
          "Sort",
          "Merge Join",
          "Aggregate",
          "Gather Merge",
          "Append"
        ],
        [
          "Seq Scan",
          "Hash Join",
          "Sort",
          "Aggregate",
          "Gather Merge",
          "Nested Loop",
          "Append"
        ],
        [
          "Seq Scan",
          "Hash",
          "Hash Join",
          "Sort",
          "Aggregate",
          "Gather Merge",
          "Nested Loop",
          "Append"
        ],
        [
          "Seq Scan",
          "Hash Join",
          "Sort",
          "Aggregate",
          "Gather Merge",
          "Subquery Scan",
          "Materialize",
          "Nested Loop",
          "Append"
        ],
        [
          "Seq Scan",
          "Hash",
          "Hash Join",
          "Sort",
          "Aggregate",
          "Gather Merge",
          "Subquery Scan",
          "Materialize",
          "Nested Loop",
          "Append"
        ],
        [
          "Seq Scan",
          "Hash Join",
          "Sort",
          "Merge Join",
          "Aggregate",
          "Gather Merge",
          "Append"
        ],
        [
          "Seq Scan",
          "Hash",
          "Hash Join",
          "Sort",
          "Merge Join",
          "Aggregate",
          "Gather Merge",
          "Append"
        ],
        [
          "Seq Scan",
          "Sort",
          "Merge Join",
          "Aggregate",
          "Gather Merge",
          "Append"
        ],
        [
          "Seq Scan",
          "Hash Join",
          "Sort",
          "Merge Join",
          "Aggregate",
          "Gather Merge",
          "Append"
        ],
        [
          "Seq Scan",
          "Hash",
          "Hash Join",
          "Sort",
          "Merge Join",
          "Aggregate",
          "Gather Merge",
          "Append"
        ],
        [
          "Seq Scan",
          "Sort",
          "Merge Join",
          "Aggregate",
          "Gather Merge",
          "Append"
        ]
      ],
      "index_shape": [],
      "physical_operator": {}
    }
  },
  {
    "query": "select  substr(r_reason_desc,1,20)\n       ,avg(ws_quantity)\n       ,avg(wr_refunded_cash)\n       ,avg(wr_fee)\n from web_sales, web_returns, web_page, customer_demographics cd1,\n      customer_demographics cd2, customer_address, date_dim, reason \n where ws_web_page_sk = wp_web_page_sk\n   and ws_item_sk = wr_item_sk\n   and ws_order_number = wr_order_number\n   and ws_sold_date_sk = d_date_sk and d_year = 1998\n   and cd1.cd_demo_sk = wr_refunded_cdemo_sk \n   and cd2.cd_demo_sk = wr_returning_cdemo_sk\n   and ca_address_sk = wr_refunded_addr_sk\n   and r_reason_sk = wr_reason_sk\n   and\n   (\n    (\n     cd1.cd_marital_status = 'M'\n     and\n     cd1.cd_marital_status = cd2.cd_marital_status\n     and\n     cd1.cd_education_status = 'Secondary'\n     and \n     cd1.cd_education_status = cd2.cd_education_status\n     and\n     ws_sales_price between 100.00 and 150.00\n    )\n   or\n    (\n     cd1.cd_marital_status = 'W'\n     and\n     cd1.cd_marital_status = cd2.cd_marital_status\n     and\n     cd1.cd_education_status = 'Primary' \n     and\n     cd1.cd_education_status = cd2.cd_education_status\n     and\n     ws_sales_price between 50.00 and 100.00\n    )\n   or\n    (\n     cd1.cd_marital_status = 'D'\n     and\n     cd1.cd_marital_status = cd2.cd_marital_status\n     and\n     cd1.cd_education_status = 'College'\n     and\n     cd1.cd_education_status = cd2.cd_education_status\n     and\n     ws_sales_price between 150.00 and 200.00\n    )\n   )\n   and\n   (\n    (\n     ca_country = 'United States'\n     and\n     ca_state in ('GA', 'NE', 'KY')\n     and ws_net_profit between 100 and 200  \n    )\n    or\n    (\n     ca_country = 'United States'\n     and\n     ca_state in ('CA', 'VA', 'FL')\n     and ws_net_profit between 150 and 300  \n    )\n    or\n    (\n     ca_country = 'United States'\n     and\n     ca_state in ('IN', 'WV', 'OK')\n     and ws_net_profit between 50 and 250  \n    )\n   )\ngroup by r_reason_desc\norder by substr(r_reason_desc,1,20)\n        ,avg(ws_quantity)\n        ,avg(wr_refunded_cash)\n        ,avg(wr_fee)\nlimit 100;\n\n-- end query 65 in stream 3 using template query85.tpl\n",
    "indexes": "customer_address.ca_address_sk",
    "wo plan est": {
      "Node Type": "Limit",
      "Parallel Aware": false,
      "Async Capable": false,
      "Startup Cost": 413078.35,
      "Total Cost": 413078.35,
      "Plan Rows": 1,
      "Plan Width": 229,
      "Plans": [
        {
          "Node Type": "Sort",
          "Parent Relationship": "Outer",
          "Parallel Aware": false,
          "Async Capable": false,
          "Startup Cost": 413078.35,
          "Total Cost": 413078.35,
          "Plan Rows": 1,
          "Plan Width": 229,
          "Sort Key": [
            "(substr((reason.r_reason_desc)::text, 1, 20))",
            "(avg(web_sales.ws_quantity))",
            "(avg(web_returns.wr_refunded_cash))",
            "(avg(web_returns.wr_fee))"
          ],
          "Plans": [
            {
              "Node Type": "Aggregate",
              "Strategy": "Sorted",
              "Partial Mode": "Simple",
              "Parent Relationship": "Outer",
              "Parallel Aware": false,
              "Async Capable": false,
              "Startup Cost": 413078.3,
              "Total Cost": 413078.34,
              "Plan Rows": 1,
              "Plan Width": 229,
              "Group Key": [
                "reason.r_reason_desc"
              ],
              "Plans": [
                {
                  "Node Type": "Sort",
                  "Parent Relationship": "Outer",
                  "Parallel Aware": false,
                  "Async Capable": false,
                  "Startup Cost": 413078.3,
                  "Total Cost": 413078.31,
                  "Plan Rows": 1,
                  "Plan Width": 117,
                  "Sort Key": [
                    "reason.r_reason_desc"
                  ],
                  "Plans": [
                    {
                      "Node Type": "Nested Loop",
                      "Parent Relationship": "Outer",
                      "Parallel Aware": false,
                      "Async Capable": false,
                      "Join Type": "Inner",
                      "Startup Cost": 370475.3,
                      "Total Cost": 413078.29,
                      "Plan Rows": 1,
                      "Plan Width": 117,
                      "Inner Unique": false,
                      "Join Filter": "(web_returns.wr_reason_sk = reason.r_reason_sk)",
                      "Plans": [
                        {
                          "Node Type": "Nested Loop",
                          "Parent Relationship": "Outer",
                          "Parallel Aware": false,
                          "Async Capable": false,
                          "Join Type": "Inner",
                          "Startup Cost": 370475.3,
                          "Total Cost": 413076.28,
                          "Plan Rows": 1,
                          "Plan Width": 20,
                          "Inner Unique": false,
                          "Join Filter": "(web_sales.ws_web_page_sk = web_page.wp_web_page_sk)",
                          "Plans": [
                            {
                              "Node Type": "Gather",
                              "Parent Relationship": "Outer",
                              "Parallel Aware": false,
                              "Async Capable": false,
                              "Startup Cost": 370475.3,
                              "Total Cost": 413066.78,
                              "Plan Rows": 1,
                              "Plan Width": 24,
                              "Workers Planned": 2,
                              "Single Copy": false,
                              "Plans": [
                                {
                                  "Node Type": "Hash Join",
                                  "Parent Relationship": "Outer",
                                  "Parallel Aware": true,
                                  "Async Capable": false,
                                  "Join Type": "Inner",
                                  "Startup Cost": 369475.3,
                                  "Total Cost": 412066.68,
                                  "Plan Rows": 1,
                                  "Plan Width": 24,
                                  "Inner Unique": false,
                                  "Hash Cond": "((cd1.cd_demo_sk = web_returns.wr_refunded_cdemo_sk) AND (cd1.cd_marital_status = cd2.cd_marital_status) AND (cd1.cd_education_status = cd2.cd_education_status))",
                                  "Join Filter": "(((cd1.cd_marital_status = 'M'::bpchar) AND (cd1.cd_education_status = 'Secondary'::bpchar) AND (web_sales.ws_sales_price >= 100.00) AND (web_sales.ws_sales_price <= 150.00)) OR ((cd1.cd_marital_status = 'W'::bpchar) AND (cd1.cd_education_status = 'Primary'::bpchar) AND (web_sales.ws_sales_price >= 50.00) AND (web_sales.ws_sales_price <= 100.00)) OR ((cd1.cd_marital_status = 'D'::bpchar) AND (cd1.cd_education_status = 'College'::bpchar) AND (web_sales.ws_sales_price >= 150.00) AND (web_sales.ws_sales_price <= 200.00)))",
                                  "Plans": [
                                    {
                                      "Node Type": "Seq Scan",
                                      "Parent Relationship": "Outer",
                                      "Parallel Aware": true,
                                      "Async Capable": false,
                                      "Relation Name": "customer_demographics",
                                      "Alias": "cd1",
                                      "Startup Cost": 0.0,
                                      "Total Cost": 41836.33,
                                      "Plan Rows": 67112,
                                      "Plan Width": 27,
                                      "Filter": "(((cd_marital_status = 'M'::bpchar) AND (cd_education_status = 'Secondary'::bpchar)) OR ((cd_marital_status = 'W'::bpchar) AND (cd_education_status = 'Primary'::bpchar)) OR ((cd_marital_status = 'D'::bpchar) AND (cd_education_status = 'College'::bpchar)))",
                                      "parent": 7,
                                      "ID": 8
                                    },
                                    {
                                      "Node Type": "Hash",
                                      "Parent Relationship": "Inner",
                                      "Parallel Aware": true,
                                      "Async Capable": false,
                                      "Startup Cost": 369475.28,
                                      "Total Cost": 369475.28,
                                      "Plan Rows": 1,
                                      "Plan Width": 57,
                                      "Plans": [
                                        {
                                          "Node Type": "Hash Join",
                                          "Parent Relationship": "Outer",
                                          "Parallel Aware": true,
                                          "Async Capable": false,
                                          "Join Type": "Inner",
                                          "Startup Cost": 336642.69,
                                          "Total Cost": 369475.28,
                                          "Plan Rows": 1,
                                          "Plan Width": 57,
                                          "Inner Unique": false,
                                          "Hash Cond": "(cd2.cd_demo_sk = web_returns.wr_returning_cdemo_sk)",
                                          "Plans": [
                                            {
                                              "Node Type": "Seq Scan",
                                              "Parent Relationship": "Outer",
                                              "Parallel Aware": true,
                                              "Async Capable": false,
                                              "Relation Name": "customer_demographics",
                                              "Alias": "cd2",
                                              "Startup Cost": 0.0,
                                              "Total Cost": 29831.33,
                                              "Plan Rows": 800333,
                                              "Plan Width": 27,
                                              "parent": 10,
                                              "ID": 11
                                            },
                                            {
                                              "Node Type": "Hash",
                                              "Parent Relationship": "Inner",
                                              "Parallel Aware": true,
                                              "Async Capable": false,
                                              "Startup Cost": 336642.67,
                                              "Total Cost": 336642.67,
                                              "Plan Rows": 1,
                                              "Plan Width": 38,
                                              "Plans": [
                                                {
                                                  "Node Type": "Hash Join",
                                                  "Parent Relationship": "Outer",
                                                  "Parallel Aware": true,
                                                  "Async Capable": false,
                                                  "Join Type": "Inner",
                                                  "Startup Cost": 318452.05,
                                                  "Total Cost": 336642.67,
                                                  "Plan Rows": 1,
                                                  "Plan Width": 38,
                                                  "Inner Unique": false,
                                                  "Hash Cond": "((web_returns.wr_item_sk = web_sales.ws_item_sk) AND (web_returns.wr_order_number = web_sales.ws_order_number))",
                                                  "Join Filter": "(((customer_address.ca_state = ANY ('{GA,NE,KY}'::bpchar[])) AND (web_sales.ws_net_profit >= '100'::numeric) AND (web_sales.ws_net_profit <= '200'::numeric)) OR ((customer_address.ca_state = ANY ('{CA,VA,FL}'::bpchar[])) AND (web_sales.ws_net_profit >= '150'::numeric) AND (web_sales.ws_net_profit <= '300'::numeric)) OR ((customer_address.ca_state = ANY ('{IN,WV,OK}'::bpchar[])) AND (web_sales.ws_net_profit >= '50'::numeric) AND (web_sales.ws_net_profit <= '250'::numeric)))",
                                                  "Plans": [
                                                    {
                                                      "Node Type": "Hash Join",
                                                      "Parent Relationship": "Outer",
                                                      "Parallel Aware": true,
                                                      "Async Capable": false,
                                                      "Join Type": "Inner",
                                                      "Startup Cost": 8216.31,
                                                      "Total Cost": 25900.27,
                                                      "Plan Rows": 67550,
                                                      "Plan Width": 35,
                                                      "Inner Unique": false,
                                                      "Hash Cond": "(web_returns.wr_refunded_addr_sk = customer_address.ca_address_sk)",
                                                      "Plans": [
                                                        {
                                                          "Node Type": "Seq Scan",
                                                          "Parent Relationship": "Outer",
                                                          "Parallel Aware": true,
                                                          "Async Capable": false,
                                                          "Relation Name": "web_returns",
                                                          "Alias": "web_returns",
                                                          "Startup Cost": 0.0,
                                                          "Total Cost": 16278.74,
                                                          "Plan Rows": 299674,
                                                          "Plan Width": 36,
                                                          "parent": 14,
                                                          "ID": 15
                                                        },
                                                        {
                                                          "Node Type": "Hash",
                                                          "Parent Relationship": "Inner",
                                                          "Parallel Aware": true,
                                                          "Async Capable": false,
                                                          "Startup Cost": 7908.96,
                                                          "Total Cost": 7908.96,
                                                          "Plan Rows": 24588,
                                                          "Plan Width": 7,
                                                          "Plans": [
                                                            {
                                                              "Node Type": "Seq Scan",
                                                              "Parent Relationship": "Outer",
                                                              "Parallel Aware": true,
                                                              "Async Capable": false,
                                                              "Relation Name": "customer_address",
                                                              "Alias": "customer_address",
                                                              "Startup Cost": 0.0,
                                                              "Total Cost": 7908.96,
                                                              "Plan Rows": 24588,
                                                              "Plan Width": 7,
                                                              "Filter": "(((ca_country)::text = 'United States'::text) AND ((ca_state = ANY ('{GA,NE,KY}'::bpchar[])) OR (ca_state = ANY ('{CA,VA,FL}'::bpchar[])) OR (ca_state = ANY ('{IN,WV,OK}'::bpchar[]))))",
                                                              "parent": 16,
                                                              "ID": 17
                                                            }
                                                          ],
                                                          "parent": 14,
                                                          "ID": 16,
                                                          "left": 17
                                                        }
                                                      ],
                                                      "parent": 13,
                                                      "ID": 14,
                                                      "left": 15,
                                                      "right": 16
                                                    },
                                                    {
                                                      "Node Type": "Hash",
                                                      "Parent Relationship": "Inner",
                                                      "Parallel Aware": true,
                                                      "Async Capable": false,
                                                      "Startup Cost": 310224.49,
                                                      "Total Cost": 310224.49,
                                                      "Plan Rows": 750,
                                                      "Plan Width": 28,
                                                      "Plans": [
                                                        {
                                                          "Node Type": "Hash Join",
                                                          "Parent Relationship": "Outer",
                                                          "Parallel Aware": true,
                                                          "Async Capable": false,
                                                          "Join Type": "Inner",
                                                          "Startup Cost": 1944.79,
                                                          "Total Cost": 310224.49,
                                                          "Plan Rows": 750,
                                                          "Plan Width": 28,
                                                          "Inner Unique": false,
                                                          "Hash Cond": "(web_sales.ws_sold_date_sk = date_dim.d_date_sk)",
                                                          "Plans": [
                                                            {
                                                              "Node Type": "Seq Scan",
                                                              "Parent Relationship": "Outer",
                                                              "Parallel Aware": true,
                                                              "Async Capable": false,
                                                              "Relation Name": "web_sales",
                                                              "Alias": "web_sales",
                                                              "Startup Cost": 0.0,
                                                              "Total Cost": 307707.43,
                                                              "Plan Rows": 151429,
                                                              "Plan Width": 32,
                                                              "Filter": "((((ws_sales_price >= 100.00) AND (ws_sales_price <= 150.00)) OR ((ws_sales_price >= 50.00) AND (ws_sales_price <= 100.00)) OR ((ws_sales_price >= 150.00) AND (ws_sales_price <= 200.00))) AND (((ws_net_profit >= '100'::numeric) AND (ws_net_profit <= '200'::numeric)) OR ((ws_net_profit >= '150'::numeric) AND (ws_net_profit <= '300'::numeric)) OR ((ws_net_profit >= '50'::numeric) AND (ws_net_profit <= '250'::numeric))))",
                                                              "parent": 19,
                                                              "ID": 20
                                                            },
                                                            {
                                                              "Node Type": "Hash",
                                                              "Parent Relationship": "Inner",
                                                              "Parallel Aware": true,
                                                              "Async Capable": false,
                                                              "Startup Cost": 1942.12,
                                                              "Total Cost": 1942.12,
                                                              "Plan Rows": 213,
                                                              "Plan Width": 4,
                                                              "Plans": [
                                                                {
                                                                  "Node Type": "Seq Scan",
                                                                  "Parent Relationship": "Outer",
                                                                  "Parallel Aware": true,
                                                                  "Async Capable": false,
                                                                  "Relation Name": "date_dim",
                                                                  "Alias": "date_dim",
                                                                  "Startup Cost": 0.0,
                                                                  "Total Cost": 1942.12,
                                                                  "Plan Rows": 213,
                                                                  "Plan Width": 4,
                                                                  "Filter": "(d_year = 1998)",
                                                                  "parent": 21,
                                                                  "ID": 22
                                                                }
                                                              ],
                                                              "parent": 19,
                                                              "ID": 21,
                                                              "left": 22
                                                            }
                                                          ],
                                                          "parent": 18,
                                                          "ID": 19,
                                                          "left": 20,
                                                          "right": 21
                                                        }
                                                      ],
                                                      "parent": 13,
                                                      "ID": 18,
                                                      "left": 19
                                                    }
                                                  ],
                                                  "parent": 12,
                                                  "ID": 13,
                                                  "left": 14,
                                                  "right": 18
                                                }
                                              ],
                                              "parent": 10,
                                              "ID": 12,
                                              "left": 13
                                            }
                                          ],
                                          "parent": 9,
                                          "ID": 10,
                                          "left": 11,
                                          "right": 12
                                        }
                                      ],
                                      "parent": 7,
                                      "ID": 9,
                                      "left": 10
                                    }
                                  ],
                                  "parent": 6,
                                  "ID": 7,
                                  "left": 8,
                                  "right": 9
                                }
                              ],
                              "parent": 5,
                              "ID": 6,
                              "left": 7
                            },
                            {
                              "Node Type": "Seq Scan",
                              "Parent Relationship": "Inner",
                              "Parallel Aware": false,
                              "Async Capable": false,
                              "Relation Name": "web_page",
                              "Alias": "web_page",
                              "Startup Cost": 0.0,
                              "Total Cost": 7.0,
                              "Plan Rows": 200,
                              "Plan Width": 4,
                              "parent": 5,
                              "ID": 23
                            }
                          ],
                          "parent": 4,
                          "ID": 5,
                          "left": 6,
                          "right": 23
                        },
                        {
                          "Node Type": "Seq Scan",
                          "Parent Relationship": "Inner",
                          "Parallel Aware": false,
                          "Async Capable": false,
                          "Relation Name": "reason",
                          "Alias": "reason",
                          "Startup Cost": 0.0,
                          "Total Cost": 1.45,
                          "Plan Rows": 45,
                          "Plan Width": 105,
                          "parent": 4,
                          "ID": 24
                        }
                      ],
                      "parent": 3,
                      "ID": 4,
                      "left": 5,
                      "right": 24
                    }
                  ],
                  "parent": 2,
                  "ID": 3,
                  "left": 4
                }
              ],
              "parent": 1,
              "ID": 2,
              "left": 3
            }
          ],
          "parent": 0,
          "ID": 1,
          "left": 2
        }
      ],
      "parent": null,
      "ID": 0,
      "left": 1
    },
    "feat": {
      "utility": 3.4996017014589826e-06,
      "query_shape": [
        [
          "Seq Scan",
          "Hash Join",
          "Gather",
          "Nested Loop",
          "Sort",
          "Aggregate"
        ],
        [
          "Seq Scan",
          "Hash Join",
          "Hash",
          "Gather",
          "Nested Loop",
          "Sort",
          "Aggregate"
        ],
        [
          "Seq Scan",
          "Hash Join",
          "Hash",
          "Gather",
          "Nested Loop",
          "Sort",
          "Aggregate"
        ],
        [
          "Seq Scan",
          "Hash",
          "Hash Join",
          "Gather",
          "Nested Loop",
          "Sort",
          "Aggregate"
        ],
        [
          "Seq Scan",
          "Hash Join",
          "Hash",
          "Gather",
          "Nested Loop",
          "Sort",
          "Aggregate"
        ],
        [
          "Seq Scan",
          "Hash",
          "Hash Join",
          "Gather",
          "Nested Loop",
          "Sort",
          "Aggregate"
        ],
        [
          "Seq Scan",
          "Nested Loop",
          "Sort",
          "Aggregate"
        ],
        [
          "Seq Scan",
          "Nested Loop",
          "Sort",
          "Aggregate"
        ]
      ],
      "index_shape": [
        "join"
      ],
      "physical_operator": {
        "Hash Join": [
          0.003027795520090212
        ]
      }
    }
  },
  {
    "query": "select  substr(r_reason_desc,1,20)\n       ,avg(ws_quantity)\n       ,avg(wr_refunded_cash)\n       ,avg(wr_fee)\n from web_sales, web_returns, web_page, customer_demographics cd1,\n      customer_demographics cd2, customer_address, date_dim, reason \n where ws_web_page_sk = wp_web_page_sk\n   and ws_item_sk = wr_item_sk\n   and ws_order_number = wr_order_number\n   and ws_sold_date_sk = d_date_sk and d_year = 1998\n   and cd1.cd_demo_sk = wr_refunded_cdemo_sk \n   and cd2.cd_demo_sk = wr_returning_cdemo_sk\n   and ca_address_sk = wr_refunded_addr_sk\n   and r_reason_sk = wr_reason_sk\n   and\n   (\n    (\n     cd1.cd_marital_status = 'M'\n     and\n     cd1.cd_marital_status = cd2.cd_marital_status\n     and\n     cd1.cd_education_status = 'Secondary'\n     and \n     cd1.cd_education_status = cd2.cd_education_status\n     and\n     ws_sales_price between 100.00 and 150.00\n    )\n   or\n    (\n     cd1.cd_marital_status = 'W'\n     and\n     cd1.cd_marital_status = cd2.cd_marital_status\n     and\n     cd1.cd_education_status = 'Primary' \n     and\n     cd1.cd_education_status = cd2.cd_education_status\n     and\n     ws_sales_price between 50.00 and 100.00\n    )\n   or\n    (\n     cd1.cd_marital_status = 'D'\n     and\n     cd1.cd_marital_status = cd2.cd_marital_status\n     and\n     cd1.cd_education_status = 'College'\n     and\n     cd1.cd_education_status = cd2.cd_education_status\n     and\n     ws_sales_price between 150.00 and 200.00\n    )\n   )\n   and\n   (\n    (\n     ca_country = 'United States'\n     and\n     ca_state in ('GA', 'NE', 'KY')\n     and ws_net_profit between 100 and 200  \n    )\n    or\n    (\n     ca_country = 'United States'\n     and\n     ca_state in ('CA', 'VA', 'FL')\n     and ws_net_profit between 150 and 300  \n    )\n    or\n    (\n     ca_country = 'United States'\n     and\n     ca_state in ('IN', 'WV', 'OK')\n     and ws_net_profit between 50 and 250  \n    )\n   )\ngroup by r_reason_desc\norder by substr(r_reason_desc,1,20)\n        ,avg(ws_quantity)\n        ,avg(wr_refunded_cash)\n        ,avg(wr_fee)\nlimit 100;\n\n-- end query 65 in stream 3 using template query85.tpl\n",
    "indexes": "customer_address.ca_state",
    "wo plan est": {
      "Node Type": "Limit",
      "Parallel Aware": false,
      "Async Capable": false,
      "Startup Cost": 413078.35,
      "Total Cost": 413078.35,
      "Plan Rows": 1,
      "Plan Width": 229,
      "Plans": [
        {
          "Node Type": "Sort",
          "Parent Relationship": "Outer",
          "Parallel Aware": false,
          "Async Capable": false,
          "Startup Cost": 413078.35,
          "Total Cost": 413078.35,
          "Plan Rows": 1,
          "Plan Width": 229,
          "Sort Key": [
            "(substr((reason.r_reason_desc)::text, 1, 20))",
            "(avg(web_sales.ws_quantity))",
            "(avg(web_returns.wr_refunded_cash))",
            "(avg(web_returns.wr_fee))"
          ],
          "Plans": [
            {
              "Node Type": "Aggregate",
              "Strategy": "Sorted",
              "Partial Mode": "Simple",
              "Parent Relationship": "Outer",
              "Parallel Aware": false,
              "Async Capable": false,
              "Startup Cost": 413078.3,
              "Total Cost": 413078.34,
              "Plan Rows": 1,
              "Plan Width": 229,
              "Group Key": [
                "reason.r_reason_desc"
              ],
              "Plans": [
                {
                  "Node Type": "Sort",
                  "Parent Relationship": "Outer",
                  "Parallel Aware": false,
                  "Async Capable": false,
                  "Startup Cost": 413078.3,
                  "Total Cost": 413078.31,
                  "Plan Rows": 1,
                  "Plan Width": 117,
                  "Sort Key": [
                    "reason.r_reason_desc"
                  ],
                  "Plans": [
                    {
                      "Node Type": "Nested Loop",
                      "Parent Relationship": "Outer",
                      "Parallel Aware": false,
                      "Async Capable": false,
                      "Join Type": "Inner",
                      "Startup Cost": 370475.3,
                      "Total Cost": 413078.29,
                      "Plan Rows": 1,
                      "Plan Width": 117,
                      "Inner Unique": false,
                      "Join Filter": "(web_returns.wr_reason_sk = reason.r_reason_sk)",
                      "Plans": [
                        {
                          "Node Type": "Nested Loop",
                          "Parent Relationship": "Outer",
                          "Parallel Aware": false,
                          "Async Capable": false,
                          "Join Type": "Inner",
                          "Startup Cost": 370475.3,
                          "Total Cost": 413076.28,
                          "Plan Rows": 1,
                          "Plan Width": 20,
                          "Inner Unique": false,
                          "Join Filter": "(web_sales.ws_web_page_sk = web_page.wp_web_page_sk)",
                          "Plans": [
                            {
                              "Node Type": "Gather",
                              "Parent Relationship": "Outer",
                              "Parallel Aware": false,
                              "Async Capable": false,
                              "Startup Cost": 370475.3,
                              "Total Cost": 413066.78,
                              "Plan Rows": 1,
                              "Plan Width": 24,
                              "Workers Planned": 2,
                              "Single Copy": false,
                              "Plans": [
                                {
                                  "Node Type": "Hash Join",
                                  "Parent Relationship": "Outer",
                                  "Parallel Aware": true,
                                  "Async Capable": false,
                                  "Join Type": "Inner",
                                  "Startup Cost": 369475.3,
                                  "Total Cost": 412066.68,
                                  "Plan Rows": 1,
                                  "Plan Width": 24,
                                  "Inner Unique": false,
                                  "Hash Cond": "((cd1.cd_demo_sk = web_returns.wr_refunded_cdemo_sk) AND (cd1.cd_marital_status = cd2.cd_marital_status) AND (cd1.cd_education_status = cd2.cd_education_status))",
                                  "Join Filter": "(((cd1.cd_marital_status = 'M'::bpchar) AND (cd1.cd_education_status = 'Secondary'::bpchar) AND (web_sales.ws_sales_price >= 100.00) AND (web_sales.ws_sales_price <= 150.00)) OR ((cd1.cd_marital_status = 'W'::bpchar) AND (cd1.cd_education_status = 'Primary'::bpchar) AND (web_sales.ws_sales_price >= 50.00) AND (web_sales.ws_sales_price <= 100.00)) OR ((cd1.cd_marital_status = 'D'::bpchar) AND (cd1.cd_education_status = 'College'::bpchar) AND (web_sales.ws_sales_price >= 150.00) AND (web_sales.ws_sales_price <= 200.00)))",
                                  "Plans": [
                                    {
                                      "Node Type": "Seq Scan",
                                      "Parent Relationship": "Outer",
                                      "Parallel Aware": true,
                                      "Async Capable": false,
                                      "Relation Name": "customer_demographics",
                                      "Alias": "cd1",
                                      "Startup Cost": 0.0,
                                      "Total Cost": 41836.33,
                                      "Plan Rows": 67112,
                                      "Plan Width": 27,
                                      "Filter": "(((cd_marital_status = 'M'::bpchar) AND (cd_education_status = 'Secondary'::bpchar)) OR ((cd_marital_status = 'W'::bpchar) AND (cd_education_status = 'Primary'::bpchar)) OR ((cd_marital_status = 'D'::bpchar) AND (cd_education_status = 'College'::bpchar)))",
                                      "parent": 7,
                                      "ID": 8
                                    },
                                    {
                                      "Node Type": "Hash",
                                      "Parent Relationship": "Inner",
                                      "Parallel Aware": true,
                                      "Async Capable": false,
                                      "Startup Cost": 369475.28,
                                      "Total Cost": 369475.28,
                                      "Plan Rows": 1,
                                      "Plan Width": 57,
                                      "Plans": [
                                        {
                                          "Node Type": "Hash Join",
                                          "Parent Relationship": "Outer",
                                          "Parallel Aware": true,
                                          "Async Capable": false,
                                          "Join Type": "Inner",
                                          "Startup Cost": 336642.69,
                                          "Total Cost": 369475.28,
                                          "Plan Rows": 1,
                                          "Plan Width": 57,
                                          "Inner Unique": false,
                                          "Hash Cond": "(cd2.cd_demo_sk = web_returns.wr_returning_cdemo_sk)",
                                          "Plans": [
                                            {
                                              "Node Type": "Seq Scan",
                                              "Parent Relationship": "Outer",
                                              "Parallel Aware": true,
                                              "Async Capable": false,
                                              "Relation Name": "customer_demographics",
                                              "Alias": "cd2",
                                              "Startup Cost": 0.0,
                                              "Total Cost": 29831.33,
                                              "Plan Rows": 800333,
                                              "Plan Width": 27,
                                              "parent": 10,
                                              "ID": 11
                                            },
                                            {
                                              "Node Type": "Hash",
                                              "Parent Relationship": "Inner",
                                              "Parallel Aware": true,
                                              "Async Capable": false,
                                              "Startup Cost": 336642.67,
                                              "Total Cost": 336642.67,
                                              "Plan Rows": 1,
                                              "Plan Width": 38,
                                              "Plans": [
                                                {
                                                  "Node Type": "Hash Join",
                                                  "Parent Relationship": "Outer",
                                                  "Parallel Aware": true,
                                                  "Async Capable": false,
                                                  "Join Type": "Inner",
                                                  "Startup Cost": 318452.05,
                                                  "Total Cost": 336642.67,
                                                  "Plan Rows": 1,
                                                  "Plan Width": 38,
                                                  "Inner Unique": false,
                                                  "Hash Cond": "((web_returns.wr_item_sk = web_sales.ws_item_sk) AND (web_returns.wr_order_number = web_sales.ws_order_number))",
                                                  "Join Filter": "(((customer_address.ca_state = ANY ('{GA,NE,KY}'::bpchar[])) AND (web_sales.ws_net_profit >= '100'::numeric) AND (web_sales.ws_net_profit <= '200'::numeric)) OR ((customer_address.ca_state = ANY ('{CA,VA,FL}'::bpchar[])) AND (web_sales.ws_net_profit >= '150'::numeric) AND (web_sales.ws_net_profit <= '300'::numeric)) OR ((customer_address.ca_state = ANY ('{IN,WV,OK}'::bpchar[])) AND (web_sales.ws_net_profit >= '50'::numeric) AND (web_sales.ws_net_profit <= '250'::numeric)))",
                                                  "Plans": [
                                                    {
                                                      "Node Type": "Hash Join",
                                                      "Parent Relationship": "Outer",
                                                      "Parallel Aware": true,
                                                      "Async Capable": false,
                                                      "Join Type": "Inner",
                                                      "Startup Cost": 8216.31,
                                                      "Total Cost": 25900.27,
                                                      "Plan Rows": 67550,
                                                      "Plan Width": 35,
                                                      "Inner Unique": false,
                                                      "Hash Cond": "(web_returns.wr_refunded_addr_sk = customer_address.ca_address_sk)",
                                                      "Plans": [
                                                        {
                                                          "Node Type": "Seq Scan",
                                                          "Parent Relationship": "Outer",
                                                          "Parallel Aware": true,
                                                          "Async Capable": false,
                                                          "Relation Name": "web_returns",
                                                          "Alias": "web_returns",
                                                          "Startup Cost": 0.0,
                                                          "Total Cost": 16278.74,
                                                          "Plan Rows": 299674,
                                                          "Plan Width": 36,
                                                          "parent": 14,
                                                          "ID": 15
                                                        },
                                                        {
                                                          "Node Type": "Hash",
                                                          "Parent Relationship": "Inner",
                                                          "Parallel Aware": true,
                                                          "Async Capable": false,
                                                          "Startup Cost": 7908.96,
                                                          "Total Cost": 7908.96,
                                                          "Plan Rows": 24588,
                                                          "Plan Width": 7,
                                                          "Plans": [
                                                            {
                                                              "Node Type": "Seq Scan",
                                                              "Parent Relationship": "Outer",
                                                              "Parallel Aware": true,
                                                              "Async Capable": false,
                                                              "Relation Name": "customer_address",
                                                              "Alias": "customer_address",
                                                              "Startup Cost": 0.0,
                                                              "Total Cost": 7908.96,
                                                              "Plan Rows": 24588,
                                                              "Plan Width": 7,
                                                              "Filter": "(((ca_country)::text = 'United States'::text) AND ((ca_state = ANY ('{GA,NE,KY}'::bpchar[])) OR (ca_state = ANY ('{CA,VA,FL}'::bpchar[])) OR (ca_state = ANY ('{IN,WV,OK}'::bpchar[]))))",
                                                              "parent": 16,
                                                              "ID": 17
                                                            }
                                                          ],
                                                          "parent": 14,
                                                          "ID": 16,
                                                          "left": 17
                                                        }
                                                      ],
                                                      "parent": 13,
                                                      "ID": 14,
                                                      "left": 15,
                                                      "right": 16
                                                    },
                                                    {
                                                      "Node Type": "Hash",
                                                      "Parent Relationship": "Inner",
                                                      "Parallel Aware": true,
                                                      "Async Capable": false,
                                                      "Startup Cost": 310224.49,
                                                      "Total Cost": 310224.49,
                                                      "Plan Rows": 750,
                                                      "Plan Width": 28,
                                                      "Plans": [
                                                        {
                                                          "Node Type": "Hash Join",
                                                          "Parent Relationship": "Outer",
                                                          "Parallel Aware": true,
                                                          "Async Capable": false,
                                                          "Join Type": "Inner",
                                                          "Startup Cost": 1944.79,
                                                          "Total Cost": 310224.49,
                                                          "Plan Rows": 750,
                                                          "Plan Width": 28,
                                                          "Inner Unique": false,
                                                          "Hash Cond": "(web_sales.ws_sold_date_sk = date_dim.d_date_sk)",
                                                          "Plans": [
                                                            {
                                                              "Node Type": "Seq Scan",
                                                              "Parent Relationship": "Outer",
                                                              "Parallel Aware": true,
                                                              "Async Capable": false,
                                                              "Relation Name": "web_sales",
                                                              "Alias": "web_sales",
                                                              "Startup Cost": 0.0,
                                                              "Total Cost": 307707.43,
                                                              "Plan Rows": 151429,
                                                              "Plan Width": 32,
                                                              "Filter": "((((ws_sales_price >= 100.00) AND (ws_sales_price <= 150.00)) OR ((ws_sales_price >= 50.00) AND (ws_sales_price <= 100.00)) OR ((ws_sales_price >= 150.00) AND (ws_sales_price <= 200.00))) AND (((ws_net_profit >= '100'::numeric) AND (ws_net_profit <= '200'::numeric)) OR ((ws_net_profit >= '150'::numeric) AND (ws_net_profit <= '300'::numeric)) OR ((ws_net_profit >= '50'::numeric) AND (ws_net_profit <= '250'::numeric))))",
                                                              "parent": 19,
                                                              "ID": 20
                                                            },
                                                            {
                                                              "Node Type": "Hash",
                                                              "Parent Relationship": "Inner",
                                                              "Parallel Aware": true,
                                                              "Async Capable": false,
                                                              "Startup Cost": 1942.12,
                                                              "Total Cost": 1942.12,
                                                              "Plan Rows": 213,
                                                              "Plan Width": 4,
                                                              "Plans": [
                                                                {
                                                                  "Node Type": "Seq Scan",
                                                                  "Parent Relationship": "Outer",
                                                                  "Parallel Aware": true,
                                                                  "Async Capable": false,
                                                                  "Relation Name": "date_dim",
                                                                  "Alias": "date_dim",
                                                                  "Startup Cost": 0.0,
                                                                  "Total Cost": 1942.12,
                                                                  "Plan Rows": 213,
                                                                  "Plan Width": 4,
                                                                  "Filter": "(d_year = 1998)",
                                                                  "parent": 21,
                                                                  "ID": 22
                                                                }
                                                              ],
                                                              "parent": 19,
                                                              "ID": 21,
                                                              "left": 22
                                                            }
                                                          ],
                                                          "parent": 18,
                                                          "ID": 19,
                                                          "left": 20,
                                                          "right": 21
                                                        }
                                                      ],
                                                      "parent": 13,
                                                      "ID": 18,
                                                      "left": 19
                                                    }
                                                  ],
                                                  "parent": 12,
                                                  "ID": 13,
                                                  "left": 14,
                                                  "right": 18
                                                }
                                              ],
                                              "parent": 10,
                                              "ID": 12,
                                              "left": 13
                                            }
                                          ],
                                          "parent": 9,
                                          "ID": 10,
                                          "left": 11,
                                          "right": 12
                                        }
                                      ],
                                      "parent": 7,
                                      "ID": 9,
                                      "left": 10
                                    }
                                  ],
                                  "parent": 6,
                                  "ID": 7,
                                  "left": 8,
                                  "right": 9
                                }
                              ],
                              "parent": 5,
                              "ID": 6,
                              "left": 7
                            },
                            {
                              "Node Type": "Seq Scan",
                              "Parent Relationship": "Inner",
                              "Parallel Aware": false,
                              "Async Capable": false,
                              "Relation Name": "web_page",
                              "Alias": "web_page",
                              "Startup Cost": 0.0,
                              "Total Cost": 7.0,
                              "Plan Rows": 200,
                              "Plan Width": 4,
                              "parent": 5,
                              "ID": 23
                            }
                          ],
                          "parent": 4,
                          "ID": 5,
                          "left": 6,
                          "right": 23
                        },
                        {
                          "Node Type": "Seq Scan",
                          "Parent Relationship": "Inner",
                          "Parallel Aware": false,
                          "Async Capable": false,
                          "Relation Name": "reason",
                          "Alias": "reason",
                          "Startup Cost": 0.0,
                          "Total Cost": 1.45,
                          "Plan Rows": 45,
                          "Plan Width": 105,
                          "parent": 4,
                          "ID": 24
                        }
                      ],
                      "parent": 3,
                      "ID": 4,
                      "left": 5,
                      "right": 24
                    }
                  ],
                  "parent": 2,
                  "ID": 3,
                  "left": 4
                }
              ],
              "parent": 1,
              "ID": 2,
              "left": 3
            }
          ],
          "parent": 0,
          "ID": 1,
          "left": 2
        }
      ],
      "parent": null,
      "ID": 0,
      "left": 1
    },
    "feat": {
      "utility": 0.017266815756294684,
      "query_shape": [
        [
          "Seq Scan",
          "Hash Join",
          "Gather",
          "Nested Loop",
          "Sort",
          "Aggregate"
        ],
        [
          "Seq Scan",
          "Hash Join",
          "Hash",
          "Gather",
          "Nested Loop",
          "Sort",
          "Aggregate"
        ],
        [
          "Seq Scan",
          "Hash Join",
          "Hash",
          "Gather",
          "Nested Loop",
          "Sort",
          "Aggregate"
        ],
        [
          "Seq Scan",
          "Hash",
          "Hash Join",
          "Gather",
          "Nested Loop",
          "Sort",
          "Aggregate"
        ],
        [
          "Seq Scan",
          "Hash Join",
          "Hash",
          "Gather",
          "Nested Loop",
          "Sort",
          "Aggregate"
        ],
        [
          "Seq Scan",
          "Hash",
          "Hash Join",
          "Gather",
          "Nested Loop",
          "Sort",
          "Aggregate"
        ],
        [
          "Seq Scan",
          "Nested Loop",
          "Sort",
          "Aggregate"
        ],
        [
          "Seq Scan",
          "Nested Loop",
          "Sort",
          "Aggregate"
        ]
      ],
      "index_shape": [
        "join"
      ],
      "physical_operator": {
        "Seq Scan": [
          0.098352
        ],
        "Hash Join": [
          0.00014049364873303083
        ]
      }
    }
  },
  {
    "query": "select  substr(r_reason_desc,1,20)\n       ,avg(ws_quantity)\n       ,avg(wr_refunded_cash)\n       ,avg(wr_fee)\n from web_sales, web_returns, web_page, customer_demographics cd1,\n      customer_demographics cd2, customer_address, date_dim, reason \n where ws_web_page_sk = wp_web_page_sk\n   and ws_item_sk = wr_item_sk\n   and ws_order_number = wr_order_number\n   and ws_sold_date_sk = d_date_sk and d_year = 1998\n   and cd1.cd_demo_sk = wr_refunded_cdemo_sk \n   and cd2.cd_demo_sk = wr_returning_cdemo_sk\n   and ca_address_sk = wr_refunded_addr_sk\n   and r_reason_sk = wr_reason_sk\n   and\n   (\n    (\n     cd1.cd_marital_status = 'M'\n     and\n     cd1.cd_marital_status = cd2.cd_marital_status\n     and\n     cd1.cd_education_status = 'Secondary'\n     and \n     cd1.cd_education_status = cd2.cd_education_status\n     and\n     ws_sales_price between 100.00 and 150.00\n    )\n   or\n    (\n     cd1.cd_marital_status = 'W'\n     and\n     cd1.cd_marital_status = cd2.cd_marital_status\n     and\n     cd1.cd_education_status = 'Primary' \n     and\n     cd1.cd_education_status = cd2.cd_education_status\n     and\n     ws_sales_price between 50.00 and 100.00\n    )\n   or\n    (\n     cd1.cd_marital_status = 'D'\n     and\n     cd1.cd_marital_status = cd2.cd_marital_status\n     and\n     cd1.cd_education_status = 'College'\n     and\n     cd1.cd_education_status = cd2.cd_education_status\n     and\n     ws_sales_price between 150.00 and 200.00\n    )\n   )\n   and\n   (\n    (\n     ca_country = 'United States'\n     and\n     ca_state in ('GA', 'NE', 'KY')\n     and ws_net_profit between 100 and 200  \n    )\n    or\n    (\n     ca_country = 'United States'\n     and\n     ca_state in ('CA', 'VA', 'FL')\n     and ws_net_profit between 150 and 300  \n    )\n    or\n    (\n     ca_country = 'United States'\n     and\n     ca_state in ('IN', 'WV', 'OK')\n     and ws_net_profit between 50 and 250  \n    )\n   )\ngroup by r_reason_desc\norder by substr(r_reason_desc,1,20)\n        ,avg(ws_quantity)\n        ,avg(wr_refunded_cash)\n        ,avg(wr_fee)\nlimit 100;\n\n-- end query 65 in stream 3 using template query85.tpl\n",
    "indexes": "customer_address.ca_country",
    "wo plan est": {
      "Node Type": "Limit",
      "Parallel Aware": false,
      "Async Capable": false,
      "Startup Cost": 413078.35,
      "Total Cost": 413078.35,
      "Plan Rows": 1,
      "Plan Width": 229,
      "Plans": [
        {
          "Node Type": "Sort",
          "Parent Relationship": "Outer",
          "Parallel Aware": false,
          "Async Capable": false,
          "Startup Cost": 413078.35,
          "Total Cost": 413078.35,
          "Plan Rows": 1,
          "Plan Width": 229,
          "Sort Key": [
            "(substr((reason.r_reason_desc)::text, 1, 20))",
            "(avg(web_sales.ws_quantity))",
            "(avg(web_returns.wr_refunded_cash))",
            "(avg(web_returns.wr_fee))"
          ],
          "Plans": [
            {
              "Node Type": "Aggregate",
              "Strategy": "Sorted",
              "Partial Mode": "Simple",
              "Parent Relationship": "Outer",
              "Parallel Aware": false,
              "Async Capable": false,
              "Startup Cost": 413078.3,
              "Total Cost": 413078.34,
              "Plan Rows": 1,
              "Plan Width": 229,
              "Group Key": [
                "reason.r_reason_desc"
              ],
              "Plans": [
                {
                  "Node Type": "Sort",
                  "Parent Relationship": "Outer",
                  "Parallel Aware": false,
                  "Async Capable": false,
                  "Startup Cost": 413078.3,
                  "Total Cost": 413078.31,
                  "Plan Rows": 1,
                  "Plan Width": 117,
                  "Sort Key": [
                    "reason.r_reason_desc"
                  ],
                  "Plans": [
                    {
                      "Node Type": "Nested Loop",
                      "Parent Relationship": "Outer",
                      "Parallel Aware": false,
                      "Async Capable": false,
                      "Join Type": "Inner",
                      "Startup Cost": 370475.3,
                      "Total Cost": 413078.29,
                      "Plan Rows": 1,
                      "Plan Width": 117,
                      "Inner Unique": false,
                      "Join Filter": "(web_returns.wr_reason_sk = reason.r_reason_sk)",
                      "Plans": [
                        {
                          "Node Type": "Nested Loop",
                          "Parent Relationship": "Outer",
                          "Parallel Aware": false,
                          "Async Capable": false,
                          "Join Type": "Inner",
                          "Startup Cost": 370475.3,
                          "Total Cost": 413076.28,
                          "Plan Rows": 1,
                          "Plan Width": 20,
                          "Inner Unique": false,
                          "Join Filter": "(web_sales.ws_web_page_sk = web_page.wp_web_page_sk)",
                          "Plans": [
                            {
                              "Node Type": "Gather",
                              "Parent Relationship": "Outer",
                              "Parallel Aware": false,
                              "Async Capable": false,
                              "Startup Cost": 370475.3,
                              "Total Cost": 413066.78,
                              "Plan Rows": 1,
                              "Plan Width": 24,
                              "Workers Planned": 2,
                              "Single Copy": false,
                              "Plans": [
                                {
                                  "Node Type": "Hash Join",
                                  "Parent Relationship": "Outer",
                                  "Parallel Aware": true,
                                  "Async Capable": false,
                                  "Join Type": "Inner",
                                  "Startup Cost": 369475.3,
                                  "Total Cost": 412066.68,
                                  "Plan Rows": 1,
                                  "Plan Width": 24,
                                  "Inner Unique": false,
                                  "Hash Cond": "((cd1.cd_demo_sk = web_returns.wr_refunded_cdemo_sk) AND (cd1.cd_marital_status = cd2.cd_marital_status) AND (cd1.cd_education_status = cd2.cd_education_status))",
                                  "Join Filter": "(((cd1.cd_marital_status = 'M'::bpchar) AND (cd1.cd_education_status = 'Secondary'::bpchar) AND (web_sales.ws_sales_price >= 100.00) AND (web_sales.ws_sales_price <= 150.00)) OR ((cd1.cd_marital_status = 'W'::bpchar) AND (cd1.cd_education_status = 'Primary'::bpchar) AND (web_sales.ws_sales_price >= 50.00) AND (web_sales.ws_sales_price <= 100.00)) OR ((cd1.cd_marital_status = 'D'::bpchar) AND (cd1.cd_education_status = 'College'::bpchar) AND (web_sales.ws_sales_price >= 150.00) AND (web_sales.ws_sales_price <= 200.00)))",
                                  "Plans": [
                                    {
                                      "Node Type": "Seq Scan",
                                      "Parent Relationship": "Outer",
                                      "Parallel Aware": true,
                                      "Async Capable": false,
                                      "Relation Name": "customer_demographics",
                                      "Alias": "cd1",
                                      "Startup Cost": 0.0,
                                      "Total Cost": 41836.33,
                                      "Plan Rows": 67112,
                                      "Plan Width": 27,
                                      "Filter": "(((cd_marital_status = 'M'::bpchar) AND (cd_education_status = 'Secondary'::bpchar)) OR ((cd_marital_status = 'W'::bpchar) AND (cd_education_status = 'Primary'::bpchar)) OR ((cd_marital_status = 'D'::bpchar) AND (cd_education_status = 'College'::bpchar)))",
                                      "parent": 7,
                                      "ID": 8
                                    },
                                    {
                                      "Node Type": "Hash",
                                      "Parent Relationship": "Inner",
                                      "Parallel Aware": true,
                                      "Async Capable": false,
                                      "Startup Cost": 369475.28,
                                      "Total Cost": 369475.28,
                                      "Plan Rows": 1,
                                      "Plan Width": 57,
                                      "Plans": [
                                        {
                                          "Node Type": "Hash Join",
                                          "Parent Relationship": "Outer",
                                          "Parallel Aware": true,
                                          "Async Capable": false,
                                          "Join Type": "Inner",
                                          "Startup Cost": 336642.69,
                                          "Total Cost": 369475.28,
                                          "Plan Rows": 1,
                                          "Plan Width": 57,
                                          "Inner Unique": false,
                                          "Hash Cond": "(cd2.cd_demo_sk = web_returns.wr_returning_cdemo_sk)",
                                          "Plans": [
                                            {
                                              "Node Type": "Seq Scan",
                                              "Parent Relationship": "Outer",
                                              "Parallel Aware": true,
                                              "Async Capable": false,
                                              "Relation Name": "customer_demographics",
                                              "Alias": "cd2",
                                              "Startup Cost": 0.0,
                                              "Total Cost": 29831.33,
                                              "Plan Rows": 800333,
                                              "Plan Width": 27,
                                              "parent": 10,
                                              "ID": 11
                                            },
                                            {
                                              "Node Type": "Hash",
                                              "Parent Relationship": "Inner",
                                              "Parallel Aware": true,
                                              "Async Capable": false,
                                              "Startup Cost": 336642.67,
                                              "Total Cost": 336642.67,
                                              "Plan Rows": 1,
                                              "Plan Width": 38,
                                              "Plans": [
                                                {
                                                  "Node Type": "Hash Join",
                                                  "Parent Relationship": "Outer",
                                                  "Parallel Aware": true,
                                                  "Async Capable": false,
                                                  "Join Type": "Inner",
                                                  "Startup Cost": 318452.05,
                                                  "Total Cost": 336642.67,
                                                  "Plan Rows": 1,
                                                  "Plan Width": 38,
                                                  "Inner Unique": false,
                                                  "Hash Cond": "((web_returns.wr_item_sk = web_sales.ws_item_sk) AND (web_returns.wr_order_number = web_sales.ws_order_number))",
                                                  "Join Filter": "(((customer_address.ca_state = ANY ('{GA,NE,KY}'::bpchar[])) AND (web_sales.ws_net_profit >= '100'::numeric) AND (web_sales.ws_net_profit <= '200'::numeric)) OR ((customer_address.ca_state = ANY ('{CA,VA,FL}'::bpchar[])) AND (web_sales.ws_net_profit >= '150'::numeric) AND (web_sales.ws_net_profit <= '300'::numeric)) OR ((customer_address.ca_state = ANY ('{IN,WV,OK}'::bpchar[])) AND (web_sales.ws_net_profit >= '50'::numeric) AND (web_sales.ws_net_profit <= '250'::numeric)))",
                                                  "Plans": [
                                                    {
                                                      "Node Type": "Hash Join",
                                                      "Parent Relationship": "Outer",
                                                      "Parallel Aware": true,
                                                      "Async Capable": false,
                                                      "Join Type": "Inner",
                                                      "Startup Cost": 8216.31,
                                                      "Total Cost": 25900.27,
                                                      "Plan Rows": 67550,
                                                      "Plan Width": 35,
                                                      "Inner Unique": false,
                                                      "Hash Cond": "(web_returns.wr_refunded_addr_sk = customer_address.ca_address_sk)",
                                                      "Plans": [
                                                        {
                                                          "Node Type": "Seq Scan",
                                                          "Parent Relationship": "Outer",
                                                          "Parallel Aware": true,
                                                          "Async Capable": false,
                                                          "Relation Name": "web_returns",
                                                          "Alias": "web_returns",
                                                          "Startup Cost": 0.0,
                                                          "Total Cost": 16278.74,
                                                          "Plan Rows": 299674,
                                                          "Plan Width": 36,
                                                          "parent": 14,
                                                          "ID": 15
                                                        },
                                                        {
                                                          "Node Type": "Hash",
                                                          "Parent Relationship": "Inner",
                                                          "Parallel Aware": true,
                                                          "Async Capable": false,
                                                          "Startup Cost": 7908.96,
                                                          "Total Cost": 7908.96,
                                                          "Plan Rows": 24588,
                                                          "Plan Width": 7,
                                                          "Plans": [
                                                            {
                                                              "Node Type": "Seq Scan",
                                                              "Parent Relationship": "Outer",
                                                              "Parallel Aware": true,
                                                              "Async Capable": false,
                                                              "Relation Name": "customer_address",
                                                              "Alias": "customer_address",
                                                              "Startup Cost": 0.0,
                                                              "Total Cost": 7908.96,
                                                              "Plan Rows": 24588,
                                                              "Plan Width": 7,
                                                              "Filter": "(((ca_country)::text = 'United States'::text) AND ((ca_state = ANY ('{GA,NE,KY}'::bpchar[])) OR (ca_state = ANY ('{CA,VA,FL}'::bpchar[])) OR (ca_state = ANY ('{IN,WV,OK}'::bpchar[]))))",
                                                              "parent": 16,
                                                              "ID": 17
                                                            }
                                                          ],
                                                          "parent": 14,
                                                          "ID": 16,
                                                          "left": 17
                                                        }
                                                      ],
                                                      "parent": 13,
                                                      "ID": 14,
                                                      "left": 15,
                                                      "right": 16
                                                    },
                                                    {
                                                      "Node Type": "Hash",
                                                      "Parent Relationship": "Inner",
                                                      "Parallel Aware": true,
                                                      "Async Capable": false,
                                                      "Startup Cost": 310224.49,
                                                      "Total Cost": 310224.49,
                                                      "Plan Rows": 750,
                                                      "Plan Width": 28,
                                                      "Plans": [
                                                        {
                                                          "Node Type": "Hash Join",
                                                          "Parent Relationship": "Outer",
                                                          "Parallel Aware": true,
                                                          "Async Capable": false,
                                                          "Join Type": "Inner",
                                                          "Startup Cost": 1944.79,
                                                          "Total Cost": 310224.49,
                                                          "Plan Rows": 750,
                                                          "Plan Width": 28,
                                                          "Inner Unique": false,
                                                          "Hash Cond": "(web_sales.ws_sold_date_sk = date_dim.d_date_sk)",
                                                          "Plans": [
                                                            {
                                                              "Node Type": "Seq Scan",
                                                              "Parent Relationship": "Outer",
                                                              "Parallel Aware": true,
                                                              "Async Capable": false,
                                                              "Relation Name": "web_sales",
                                                              "Alias": "web_sales",
                                                              "Startup Cost": 0.0,
                                                              "Total Cost": 307707.43,
                                                              "Plan Rows": 151429,
                                                              "Plan Width": 32,
                                                              "Filter": "((((ws_sales_price >= 100.00) AND (ws_sales_price <= 150.00)) OR ((ws_sales_price >= 50.00) AND (ws_sales_price <= 100.00)) OR ((ws_sales_price >= 150.00) AND (ws_sales_price <= 200.00))) AND (((ws_net_profit >= '100'::numeric) AND (ws_net_profit <= '200'::numeric)) OR ((ws_net_profit >= '150'::numeric) AND (ws_net_profit <= '300'::numeric)) OR ((ws_net_profit >= '50'::numeric) AND (ws_net_profit <= '250'::numeric))))",
                                                              "parent": 19,
                                                              "ID": 20
                                                            },
                                                            {
                                                              "Node Type": "Hash",
                                                              "Parent Relationship": "Inner",
                                                              "Parallel Aware": true,
                                                              "Async Capable": false,
                                                              "Startup Cost": 1942.12,
                                                              "Total Cost": 1942.12,
                                                              "Plan Rows": 213,
                                                              "Plan Width": 4,
                                                              "Plans": [
                                                                {
                                                                  "Node Type": "Seq Scan",
                                                                  "Parent Relationship": "Outer",
                                                                  "Parallel Aware": true,
                                                                  "Async Capable": false,
                                                                  "Relation Name": "date_dim",
                                                                  "Alias": "date_dim",
                                                                  "Startup Cost": 0.0,
                                                                  "Total Cost": 1942.12,
                                                                  "Plan Rows": 213,
                                                                  "Plan Width": 4,
                                                                  "Filter": "(d_year = 1998)",
                                                                  "parent": 21,
                                                                  "ID": 22
                                                                }
                                                              ],
                                                              "parent": 19,
                                                              "ID": 21,
                                                              "left": 22
                                                            }
                                                          ],
                                                          "parent": 18,
                                                          "ID": 19,
                                                          "left": 20,
                                                          "right": 21
                                                        }
                                                      ],
                                                      "parent": 13,
                                                      "ID": 18,
                                                      "left": 19
                                                    }
                                                  ],
                                                  "parent": 12,
                                                  "ID": 13,
                                                  "left": 14,
                                                  "right": 18
                                                }
                                              ],
                                              "parent": 10,
                                              "ID": 12,
                                              "left": 13
                                            }
                                          ],
                                          "parent": 9,
                                          "ID": 10,
                                          "left": 11,
                                          "right": 12
                                        }
                                      ],
                                      "parent": 7,
                                      "ID": 9,
                                      "left": 10
                                    }
                                  ],
                                  "parent": 6,
                                  "ID": 7,
                                  "left": 8,
                                  "right": 9
                                }
                              ],
                              "parent": 5,
                              "ID": 6,
                              "left": 7
                            },
                            {
                              "Node Type": "Seq Scan",
                              "Parent Relationship": "Inner",
                              "Parallel Aware": false,
                              "Async Capable": false,
                              "Relation Name": "web_page",
                              "Alias": "web_page",
                              "Startup Cost": 0.0,
                              "Total Cost": 7.0,
                              "Plan Rows": 200,
                              "Plan Width": 4,
                              "parent": 5,
                              "ID": 23
                            }
                          ],
                          "parent": 4,
                          "ID": 5,
                          "left": 6,
                          "right": 23
                        },
                        {
                          "Node Type": "Seq Scan",
                          "Parent Relationship": "Inner",
                          "Parallel Aware": false,
                          "Async Capable": false,
                          "Relation Name": "reason",
                          "Alias": "reason",
                          "Startup Cost": 0.0,
                          "Total Cost": 1.45,
                          "Plan Rows": 45,
                          "Plan Width": 105,
                          "parent": 4,
                          "ID": 24
                        }
                      ],
                      "parent": 3,
                      "ID": 4,
                      "left": 5,
                      "right": 24
                    }
                  ],
                  "parent": 2,
                  "ID": 3,
                  "left": 4
                }
              ],
              "parent": 1,
              "ID": 2,
              "left": 3
            }
          ],
          "parent": 0,
          "ID": 1,
          "left": 2
        }
      ],
      "parent": null,
      "ID": 0,
      "left": 1
    },
    "feat": {
      "utility": 0.017263306019499693,
      "query_shape": [
        [
          "Seq Scan",
          "Hash Join",
          "Gather",
          "Nested Loop",
          "Sort",
          "Aggregate"
        ],
        [
          "Seq Scan",
          "Hash Join",
          "Hash",
          "Gather",
          "Nested Loop",
          "Sort",
          "Aggregate"
        ],
        [
          "Seq Scan",
          "Hash Join",
          "Hash",
          "Gather",
          "Nested Loop",
          "Sort",
          "Aggregate"
        ],
        [
          "Seq Scan",
          "Hash",
          "Hash Join",
          "Gather",
          "Nested Loop",
          "Sort",
          "Aggregate"
        ],
        [
          "Seq Scan",
          "Hash Join",
          "Hash",
          "Gather",
          "Nested Loop",
          "Sort",
          "Aggregate"
        ],
        [
          "Seq Scan",
          "Hash",
          "Hash Join",
          "Gather",
          "Nested Loop",
          "Sort",
          "Aggregate"
        ],
        [
          "Seq Scan",
          "Nested Loop",
          "Sort",
          "Aggregate"
        ],
        [
          "Seq Scan",
          "Nested Loop",
          "Sort",
          "Aggregate"
        ]
      ],
      "index_shape": [
        "selection"
      ],
      "physical_operator": {
        "Seq Scan": [
          0.098352
        ]
      }
    }
  },
  {
    "query": "select  substr(r_reason_desc,1,20)\n       ,avg(ws_quantity)\n       ,avg(wr_refunded_cash)\n       ,avg(wr_fee)\n from web_sales, web_returns, web_page, customer_demographics cd1,\n      customer_demographics cd2, customer_address, date_dim, reason \n where ws_web_page_sk = wp_web_page_sk\n   and ws_item_sk = wr_item_sk\n   and ws_order_number = wr_order_number\n   and ws_sold_date_sk = d_date_sk and d_year = 1998\n   and cd1.cd_demo_sk = wr_refunded_cdemo_sk \n   and cd2.cd_demo_sk = wr_returning_cdemo_sk\n   and ca_address_sk = wr_refunded_addr_sk\n   and r_reason_sk = wr_reason_sk\n   and\n   (\n    (\n     cd1.cd_marital_status = 'M'\n     and\n     cd1.cd_marital_status = cd2.cd_marital_status\n     and\n     cd1.cd_education_status = 'Secondary'\n     and \n     cd1.cd_education_status = cd2.cd_education_status\n     and\n     ws_sales_price between 100.00 and 150.00\n    )\n   or\n    (\n     cd1.cd_marital_status = 'W'\n     and\n     cd1.cd_marital_status = cd2.cd_marital_status\n     and\n     cd1.cd_education_status = 'Primary' \n     and\n     cd1.cd_education_status = cd2.cd_education_status\n     and\n     ws_sales_price between 50.00 and 100.00\n    )\n   or\n    (\n     cd1.cd_marital_status = 'D'\n     and\n     cd1.cd_marital_status = cd2.cd_marital_status\n     and\n     cd1.cd_education_status = 'College'\n     and\n     cd1.cd_education_status = cd2.cd_education_status\n     and\n     ws_sales_price between 150.00 and 200.00\n    )\n   )\n   and\n   (\n    (\n     ca_country = 'United States'\n     and\n     ca_state in ('GA', 'NE', 'KY')\n     and ws_net_profit between 100 and 200  \n    )\n    or\n    (\n     ca_country = 'United States'\n     and\n     ca_state in ('CA', 'VA', 'FL')\n     and ws_net_profit between 150 and 300  \n    )\n    or\n    (\n     ca_country = 'United States'\n     and\n     ca_state in ('IN', 'WV', 'OK')\n     and ws_net_profit between 50 and 250  \n    )\n   )\ngroup by r_reason_desc\norder by substr(r_reason_desc,1,20)\n        ,avg(ws_quantity)\n        ,avg(wr_refunded_cash)\n        ,avg(wr_fee)\nlimit 100;\n\n-- end query 65 in stream 3 using template query85.tpl\n",
    "indexes": "customer_demographics.cd_demo_sk",
    "wo plan est": {
      "Node Type": "Limit",
      "Parallel Aware": false,
      "Async Capable": false,
      "Startup Cost": 413078.35,
      "Total Cost": 413078.35,
      "Plan Rows": 1,
      "Plan Width": 229,
      "Plans": [
        {
          "Node Type": "Sort",
          "Parent Relationship": "Outer",
          "Parallel Aware": false,
          "Async Capable": false,
          "Startup Cost": 413078.35,
          "Total Cost": 413078.35,
          "Plan Rows": 1,
          "Plan Width": 229,
          "Sort Key": [
            "(substr((reason.r_reason_desc)::text, 1, 20))",
            "(avg(web_sales.ws_quantity))",
            "(avg(web_returns.wr_refunded_cash))",
            "(avg(web_returns.wr_fee))"
          ],
          "Plans": [
            {
              "Node Type": "Aggregate",
              "Strategy": "Sorted",
              "Partial Mode": "Simple",
              "Parent Relationship": "Outer",
              "Parallel Aware": false,
              "Async Capable": false,
              "Startup Cost": 413078.3,
              "Total Cost": 413078.34,
              "Plan Rows": 1,
              "Plan Width": 229,
              "Group Key": [
                "reason.r_reason_desc"
              ],
              "Plans": [
                {
                  "Node Type": "Sort",
                  "Parent Relationship": "Outer",
                  "Parallel Aware": false,
                  "Async Capable": false,
                  "Startup Cost": 413078.3,
                  "Total Cost": 413078.31,
                  "Plan Rows": 1,
                  "Plan Width": 117,
                  "Sort Key": [
                    "reason.r_reason_desc"
                  ],
                  "Plans": [
                    {
                      "Node Type": "Nested Loop",
                      "Parent Relationship": "Outer",
                      "Parallel Aware": false,
                      "Async Capable": false,
                      "Join Type": "Inner",
                      "Startup Cost": 370475.3,
                      "Total Cost": 413078.29,
                      "Plan Rows": 1,
                      "Plan Width": 117,
                      "Inner Unique": false,
                      "Join Filter": "(web_returns.wr_reason_sk = reason.r_reason_sk)",
                      "Plans": [
                        {
                          "Node Type": "Nested Loop",
                          "Parent Relationship": "Outer",
                          "Parallel Aware": false,
                          "Async Capable": false,
                          "Join Type": "Inner",
                          "Startup Cost": 370475.3,
                          "Total Cost": 413076.28,
                          "Plan Rows": 1,
                          "Plan Width": 20,
                          "Inner Unique": false,
                          "Join Filter": "(web_sales.ws_web_page_sk = web_page.wp_web_page_sk)",
                          "Plans": [
                            {
                              "Node Type": "Gather",
                              "Parent Relationship": "Outer",
                              "Parallel Aware": false,
                              "Async Capable": false,
                              "Startup Cost": 370475.3,
                              "Total Cost": 413066.78,
                              "Plan Rows": 1,
                              "Plan Width": 24,
                              "Workers Planned": 2,
                              "Single Copy": false,
                              "Plans": [
                                {
                                  "Node Type": "Hash Join",
                                  "Parent Relationship": "Outer",
                                  "Parallel Aware": true,
                                  "Async Capable": false,
                                  "Join Type": "Inner",
                                  "Startup Cost": 369475.3,
                                  "Total Cost": 412066.68,
                                  "Plan Rows": 1,
                                  "Plan Width": 24,
                                  "Inner Unique": false,
                                  "Hash Cond": "((cd1.cd_demo_sk = web_returns.wr_refunded_cdemo_sk) AND (cd1.cd_marital_status = cd2.cd_marital_status) AND (cd1.cd_education_status = cd2.cd_education_status))",
                                  "Join Filter": "(((cd1.cd_marital_status = 'M'::bpchar) AND (cd1.cd_education_status = 'Secondary'::bpchar) AND (web_sales.ws_sales_price >= 100.00) AND (web_sales.ws_sales_price <= 150.00)) OR ((cd1.cd_marital_status = 'W'::bpchar) AND (cd1.cd_education_status = 'Primary'::bpchar) AND (web_sales.ws_sales_price >= 50.00) AND (web_sales.ws_sales_price <= 100.00)) OR ((cd1.cd_marital_status = 'D'::bpchar) AND (cd1.cd_education_status = 'College'::bpchar) AND (web_sales.ws_sales_price >= 150.00) AND (web_sales.ws_sales_price <= 200.00)))",
                                  "Plans": [
                                    {
                                      "Node Type": "Seq Scan",
                                      "Parent Relationship": "Outer",
                                      "Parallel Aware": true,
                                      "Async Capable": false,
                                      "Relation Name": "customer_demographics",
                                      "Alias": "cd1",
                                      "Startup Cost": 0.0,
                                      "Total Cost": 41836.33,
                                      "Plan Rows": 67112,
                                      "Plan Width": 27,
                                      "Filter": "(((cd_marital_status = 'M'::bpchar) AND (cd_education_status = 'Secondary'::bpchar)) OR ((cd_marital_status = 'W'::bpchar) AND (cd_education_status = 'Primary'::bpchar)) OR ((cd_marital_status = 'D'::bpchar) AND (cd_education_status = 'College'::bpchar)))",
                                      "parent": 7,
                                      "ID": 8
                                    },
                                    {
                                      "Node Type": "Hash",
                                      "Parent Relationship": "Inner",
                                      "Parallel Aware": true,
                                      "Async Capable": false,
                                      "Startup Cost": 369475.28,
                                      "Total Cost": 369475.28,
                                      "Plan Rows": 1,
                                      "Plan Width": 57,
                                      "Plans": [
                                        {
                                          "Node Type": "Hash Join",
                                          "Parent Relationship": "Outer",
                                          "Parallel Aware": true,
                                          "Async Capable": false,
                                          "Join Type": "Inner",
                                          "Startup Cost": 336642.69,
                                          "Total Cost": 369475.28,
                                          "Plan Rows": 1,
                                          "Plan Width": 57,
                                          "Inner Unique": false,
                                          "Hash Cond": "(cd2.cd_demo_sk = web_returns.wr_returning_cdemo_sk)",
                                          "Plans": [
                                            {
                                              "Node Type": "Seq Scan",
                                              "Parent Relationship": "Outer",
                                              "Parallel Aware": true,
                                              "Async Capable": false,
                                              "Relation Name": "customer_demographics",
                                              "Alias": "cd2",
                                              "Startup Cost": 0.0,
                                              "Total Cost": 29831.33,
                                              "Plan Rows": 800333,
                                              "Plan Width": 27,
                                              "parent": 10,
                                              "ID": 11
                                            },
                                            {
                                              "Node Type": "Hash",
                                              "Parent Relationship": "Inner",
                                              "Parallel Aware": true,
                                              "Async Capable": false,
                                              "Startup Cost": 336642.67,
                                              "Total Cost": 336642.67,
                                              "Plan Rows": 1,
                                              "Plan Width": 38,
                                              "Plans": [
                                                {
                                                  "Node Type": "Hash Join",
                                                  "Parent Relationship": "Outer",
                                                  "Parallel Aware": true,
                                                  "Async Capable": false,
                                                  "Join Type": "Inner",
                                                  "Startup Cost": 318452.05,
                                                  "Total Cost": 336642.67,
                                                  "Plan Rows": 1,
                                                  "Plan Width": 38,
                                                  "Inner Unique": false,
                                                  "Hash Cond": "((web_returns.wr_item_sk = web_sales.ws_item_sk) AND (web_returns.wr_order_number = web_sales.ws_order_number))",
                                                  "Join Filter": "(((customer_address.ca_state = ANY ('{GA,NE,KY}'::bpchar[])) AND (web_sales.ws_net_profit >= '100'::numeric) AND (web_sales.ws_net_profit <= '200'::numeric)) OR ((customer_address.ca_state = ANY ('{CA,VA,FL}'::bpchar[])) AND (web_sales.ws_net_profit >= '150'::numeric) AND (web_sales.ws_net_profit <= '300'::numeric)) OR ((customer_address.ca_state = ANY ('{IN,WV,OK}'::bpchar[])) AND (web_sales.ws_net_profit >= '50'::numeric) AND (web_sales.ws_net_profit <= '250'::numeric)))",
                                                  "Plans": [
                                                    {
                                                      "Node Type": "Hash Join",
                                                      "Parent Relationship": "Outer",
                                                      "Parallel Aware": true,
                                                      "Async Capable": false,
                                                      "Join Type": "Inner",
                                                      "Startup Cost": 8216.31,
                                                      "Total Cost": 25900.27,
                                                      "Plan Rows": 67550,
                                                      "Plan Width": 35,
                                                      "Inner Unique": false,
                                                      "Hash Cond": "(web_returns.wr_refunded_addr_sk = customer_address.ca_address_sk)",
                                                      "Plans": [
                                                        {
                                                          "Node Type": "Seq Scan",
                                                          "Parent Relationship": "Outer",
                                                          "Parallel Aware": true,
                                                          "Async Capable": false,
                                                          "Relation Name": "web_returns",
                                                          "Alias": "web_returns",
                                                          "Startup Cost": 0.0,
                                                          "Total Cost": 16278.74,
                                                          "Plan Rows": 299674,
                                                          "Plan Width": 36,
                                                          "parent": 14,
                                                          "ID": 15
                                                        },
                                                        {
                                                          "Node Type": "Hash",
                                                          "Parent Relationship": "Inner",
                                                          "Parallel Aware": true,
                                                          "Async Capable": false,
                                                          "Startup Cost": 7908.96,
                                                          "Total Cost": 7908.96,
                                                          "Plan Rows": 24588,
                                                          "Plan Width": 7,
                                                          "Plans": [
                                                            {
                                                              "Node Type": "Seq Scan",
                                                              "Parent Relationship": "Outer",
                                                              "Parallel Aware": true,
                                                              "Async Capable": false,
                                                              "Relation Name": "customer_address",
                                                              "Alias": "customer_address",
                                                              "Startup Cost": 0.0,
                                                              "Total Cost": 7908.96,
                                                              "Plan Rows": 24588,
                                                              "Plan Width": 7,
                                                              "Filter": "(((ca_country)::text = 'United States'::text) AND ((ca_state = ANY ('{GA,NE,KY}'::bpchar[])) OR (ca_state = ANY ('{CA,VA,FL}'::bpchar[])) OR (ca_state = ANY ('{IN,WV,OK}'::bpchar[]))))",
                                                              "parent": 16,
                                                              "ID": 17
                                                            }
                                                          ],
                                                          "parent": 14,
                                                          "ID": 16,
                                                          "left": 17
                                                        }
                                                      ],
                                                      "parent": 13,
                                                      "ID": 14,
                                                      "left": 15,
                                                      "right": 16
                                                    },
                                                    {
                                                      "Node Type": "Hash",
                                                      "Parent Relationship": "Inner",
                                                      "Parallel Aware": true,
                                                      "Async Capable": false,
                                                      "Startup Cost": 310224.49,
                                                      "Total Cost": 310224.49,
                                                      "Plan Rows": 750,
                                                      "Plan Width": 28,
                                                      "Plans": [
                                                        {
                                                          "Node Type": "Hash Join",
                                                          "Parent Relationship": "Outer",
                                                          "Parallel Aware": true,
                                                          "Async Capable": false,
                                                          "Join Type": "Inner",
                                                          "Startup Cost": 1944.79,
                                                          "Total Cost": 310224.49,
                                                          "Plan Rows": 750,
                                                          "Plan Width": 28,
                                                          "Inner Unique": false,
                                                          "Hash Cond": "(web_sales.ws_sold_date_sk = date_dim.d_date_sk)",
                                                          "Plans": [
                                                            {
                                                              "Node Type": "Seq Scan",
                                                              "Parent Relationship": "Outer",
                                                              "Parallel Aware": true,
                                                              "Async Capable": false,
                                                              "Relation Name": "web_sales",
                                                              "Alias": "web_sales",
                                                              "Startup Cost": 0.0,
                                                              "Total Cost": 307707.43,
                                                              "Plan Rows": 151429,
                                                              "Plan Width": 32,
                                                              "Filter": "((((ws_sales_price >= 100.00) AND (ws_sales_price <= 150.00)) OR ((ws_sales_price >= 50.00) AND (ws_sales_price <= 100.00)) OR ((ws_sales_price >= 150.00) AND (ws_sales_price <= 200.00))) AND (((ws_net_profit >= '100'::numeric) AND (ws_net_profit <= '200'::numeric)) OR ((ws_net_profit >= '150'::numeric) AND (ws_net_profit <= '300'::numeric)) OR ((ws_net_profit >= '50'::numeric) AND (ws_net_profit <= '250'::numeric))))",
                                                              "parent": 19,
                                                              "ID": 20
                                                            },
                                                            {
                                                              "Node Type": "Hash",
                                                              "Parent Relationship": "Inner",
                                                              "Parallel Aware": true,
                                                              "Async Capable": false,
                                                              "Startup Cost": 1942.12,
                                                              "Total Cost": 1942.12,
                                                              "Plan Rows": 213,
                                                              "Plan Width": 4,
                                                              "Plans": [
                                                                {
                                                                  "Node Type": "Seq Scan",
                                                                  "Parent Relationship": "Outer",
                                                                  "Parallel Aware": true,
                                                                  "Async Capable": false,
                                                                  "Relation Name": "date_dim",
                                                                  "Alias": "date_dim",
                                                                  "Startup Cost": 0.0,
                                                                  "Total Cost": 1942.12,
                                                                  "Plan Rows": 213,
                                                                  "Plan Width": 4,
                                                                  "Filter": "(d_year = 1998)",
                                                                  "parent": 21,
                                                                  "ID": 22
                                                                }
                                                              ],
                                                              "parent": 19,
                                                              "ID": 21,
                                                              "left": 22
                                                            }
                                                          ],
                                                          "parent": 18,
                                                          "ID": 19,
                                                          "left": 20,
                                                          "right": 21
                                                        }
                                                      ],
                                                      "parent": 13,
                                                      "ID": 18,
                                                      "left": 19
                                                    }
                                                  ],
                                                  "parent": 12,
                                                  "ID": 13,
                                                  "left": 14,
                                                  "right": 18
                                                }
                                              ],
                                              "parent": 10,
                                              "ID": 12,
                                              "left": 13
                                            }
                                          ],
                                          "parent": 9,
                                          "ID": 10,
                                          "left": 11,
                                          "right": 12
                                        }
                                      ],
                                      "parent": 7,
                                      "ID": 9,
                                      "left": 10
                                    }
                                  ],
                                  "parent": 6,
                                  "ID": 7,
                                  "left": 8,
                                  "right": 9
                                }
                              ],
                              "parent": 5,
                              "ID": 6,
                              "left": 7
                            },
                            {
                              "Node Type": "Seq Scan",
                              "Parent Relationship": "Inner",
                              "Parallel Aware": false,
                              "Async Capable": false,
                              "Relation Name": "web_page",
                              "Alias": "web_page",
                              "Startup Cost": 0.0,
                              "Total Cost": 7.0,
                              "Plan Rows": 200,
                              "Plan Width": 4,
                              "parent": 5,
                              "ID": 23
                            }
                          ],
                          "parent": 4,
                          "ID": 5,
                          "left": 6,
                          "right": 23
                        },
                        {
                          "Node Type": "Seq Scan",
                          "Parent Relationship": "Inner",
                          "Parallel Aware": false,
                          "Async Capable": false,
                          "Relation Name": "reason",
                          "Alias": "reason",
                          "Startup Cost": 0.0,
                          "Total Cost": 1.45,
                          "Plan Rows": 45,
                          "Plan Width": 105,
                          "parent": 4,
                          "ID": 24
                        }
                      ],
                      "parent": 3,
                      "ID": 4,
                      "left": 5,
                      "right": 24
                    }
                  ],
                  "parent": 2,
                  "ID": 3,
                  "left": 4
                }
              ],
              "parent": 1,
              "ID": 2,
              "left": 3
            }
          ],
          "parent": 0,
          "ID": 1,
          "left": 2
        }
      ],
      "parent": null,
      "ID": 0,
      "left": 1
    },
    "feat": {
      "utility": 0.0,
      "query_shape": [
        [
          "Seq Scan",
          "Hash Join",
          "Gather",
          "Nested Loop",
          "Sort",
          "Aggregate"
        ],
        [
          "Seq Scan",
          "Hash Join",
          "Hash",
          "Gather",
          "Nested Loop",
          "Sort",
          "Aggregate"
        ],
        [
          "Seq Scan",
          "Hash Join",
          "Hash",
          "Gather",
          "Nested Loop",
          "Sort",
          "Aggregate"
        ],
        [
          "Seq Scan",
          "Hash",
          "Hash Join",
          "Gather",
          "Nested Loop",
          "Sort",
          "Aggregate"
        ],
        [
          "Seq Scan",
          "Hash Join",
          "Hash",
          "Gather",
          "Nested Loop",
          "Sort",
          "Aggregate"
        ],
        [
          "Seq Scan",
          "Hash",
          "Hash Join",
          "Gather",
          "Nested Loop",
          "Sort",
          "Aggregate"
        ],
        [
          "Seq Scan",
          "Nested Loop",
          "Sort",
          "Aggregate"
        ],
        [
          "Seq Scan",
          "Nested Loop",
          "Sort",
          "Aggregate"
        ]
      ],
      "index_shape": [],
      "physical_operator": {}
    }
  },
  {
    "query": "select  substr(r_reason_desc,1,20)\n       ,avg(ws_quantity)\n       ,avg(wr_refunded_cash)\n       ,avg(wr_fee)\n from web_sales, web_returns, web_page, customer_demographics cd1,\n      customer_demographics cd2, customer_address, date_dim, reason \n where ws_web_page_sk = wp_web_page_sk\n   and ws_item_sk = wr_item_sk\n   and ws_order_number = wr_order_number\n   and ws_sold_date_sk = d_date_sk and d_year = 1998\n   and cd1.cd_demo_sk = wr_refunded_cdemo_sk \n   and cd2.cd_demo_sk = wr_returning_cdemo_sk\n   and ca_address_sk = wr_refunded_addr_sk\n   and r_reason_sk = wr_reason_sk\n   and\n   (\n    (\n     cd1.cd_marital_status = 'M'\n     and\n     cd1.cd_marital_status = cd2.cd_marital_status\n     and\n     cd1.cd_education_status = 'Secondary'\n     and \n     cd1.cd_education_status = cd2.cd_education_status\n     and\n     ws_sales_price between 100.00 and 150.00\n    )\n   or\n    (\n     cd1.cd_marital_status = 'W'\n     and\n     cd1.cd_marital_status = cd2.cd_marital_status\n     and\n     cd1.cd_education_status = 'Primary' \n     and\n     cd1.cd_education_status = cd2.cd_education_status\n     and\n     ws_sales_price between 50.00 and 100.00\n    )\n   or\n    (\n     cd1.cd_marital_status = 'D'\n     and\n     cd1.cd_marital_status = cd2.cd_marital_status\n     and\n     cd1.cd_education_status = 'College'\n     and\n     cd1.cd_education_status = cd2.cd_education_status\n     and\n     ws_sales_price between 150.00 and 200.00\n    )\n   )\n   and\n   (\n    (\n     ca_country = 'United States'\n     and\n     ca_state in ('GA', 'NE', 'KY')\n     and ws_net_profit between 100 and 200  \n    )\n    or\n    (\n     ca_country = 'United States'\n     and\n     ca_state in ('CA', 'VA', 'FL')\n     and ws_net_profit between 150 and 300  \n    )\n    or\n    (\n     ca_country = 'United States'\n     and\n     ca_state in ('IN', 'WV', 'OK')\n     and ws_net_profit between 50 and 250  \n    )\n   )\ngroup by r_reason_desc\norder by substr(r_reason_desc,1,20)\n        ,avg(ws_quantity)\n        ,avg(wr_refunded_cash)\n        ,avg(wr_fee)\nlimit 100;\n\n-- end query 65 in stream 3 using template query85.tpl\n",
    "indexes": "customer_demographics.cd_marital_status",
    "wo plan est": {
      "Node Type": "Limit",
      "Parallel Aware": false,
      "Async Capable": false,
      "Startup Cost": 413078.35,
      "Total Cost": 413078.35,
      "Plan Rows": 1,
      "Plan Width": 229,
      "Plans": [
        {
          "Node Type": "Sort",
          "Parent Relationship": "Outer",
          "Parallel Aware": false,
          "Async Capable": false,
          "Startup Cost": 413078.35,
          "Total Cost": 413078.35,
          "Plan Rows": 1,
          "Plan Width": 229,
          "Sort Key": [
            "(substr((reason.r_reason_desc)::text, 1, 20))",
            "(avg(web_sales.ws_quantity))",
            "(avg(web_returns.wr_refunded_cash))",
            "(avg(web_returns.wr_fee))"
          ],
          "Plans": [
            {
              "Node Type": "Aggregate",
              "Strategy": "Sorted",
              "Partial Mode": "Simple",
              "Parent Relationship": "Outer",
              "Parallel Aware": false,
              "Async Capable": false,
              "Startup Cost": 413078.3,
              "Total Cost": 413078.34,
              "Plan Rows": 1,
              "Plan Width": 229,
              "Group Key": [
                "reason.r_reason_desc"
              ],
              "Plans": [
                {
                  "Node Type": "Sort",
                  "Parent Relationship": "Outer",
                  "Parallel Aware": false,
                  "Async Capable": false,
                  "Startup Cost": 413078.3,
                  "Total Cost": 413078.31,
                  "Plan Rows": 1,
                  "Plan Width": 117,
                  "Sort Key": [
                    "reason.r_reason_desc"
                  ],
                  "Plans": [
                    {
                      "Node Type": "Nested Loop",
                      "Parent Relationship": "Outer",
                      "Parallel Aware": false,
                      "Async Capable": false,
                      "Join Type": "Inner",
                      "Startup Cost": 370475.3,
                      "Total Cost": 413078.29,
                      "Plan Rows": 1,
                      "Plan Width": 117,
                      "Inner Unique": false,
                      "Join Filter": "(web_returns.wr_reason_sk = reason.r_reason_sk)",
                      "Plans": [
                        {
                          "Node Type": "Nested Loop",
                          "Parent Relationship": "Outer",
                          "Parallel Aware": false,
                          "Async Capable": false,
                          "Join Type": "Inner",
                          "Startup Cost": 370475.3,
                          "Total Cost": 413076.28,
                          "Plan Rows": 1,
                          "Plan Width": 20,
                          "Inner Unique": false,
                          "Join Filter": "(web_sales.ws_web_page_sk = web_page.wp_web_page_sk)",
                          "Plans": [
                            {
                              "Node Type": "Gather",
                              "Parent Relationship": "Outer",
                              "Parallel Aware": false,
                              "Async Capable": false,
                              "Startup Cost": 370475.3,
                              "Total Cost": 413066.78,
                              "Plan Rows": 1,
                              "Plan Width": 24,
                              "Workers Planned": 2,
                              "Single Copy": false,
                              "Plans": [
                                {
                                  "Node Type": "Hash Join",
                                  "Parent Relationship": "Outer",
                                  "Parallel Aware": true,
                                  "Async Capable": false,
                                  "Join Type": "Inner",
                                  "Startup Cost": 369475.3,
                                  "Total Cost": 412066.68,
                                  "Plan Rows": 1,
                                  "Plan Width": 24,
                                  "Inner Unique": false,
                                  "Hash Cond": "((cd1.cd_demo_sk = web_returns.wr_refunded_cdemo_sk) AND (cd1.cd_marital_status = cd2.cd_marital_status) AND (cd1.cd_education_status = cd2.cd_education_status))",
                                  "Join Filter": "(((cd1.cd_marital_status = 'M'::bpchar) AND (cd1.cd_education_status = 'Secondary'::bpchar) AND (web_sales.ws_sales_price >= 100.00) AND (web_sales.ws_sales_price <= 150.00)) OR ((cd1.cd_marital_status = 'W'::bpchar) AND (cd1.cd_education_status = 'Primary'::bpchar) AND (web_sales.ws_sales_price >= 50.00) AND (web_sales.ws_sales_price <= 100.00)) OR ((cd1.cd_marital_status = 'D'::bpchar) AND (cd1.cd_education_status = 'College'::bpchar) AND (web_sales.ws_sales_price >= 150.00) AND (web_sales.ws_sales_price <= 200.00)))",
                                  "Plans": [
                                    {
                                      "Node Type": "Seq Scan",
                                      "Parent Relationship": "Outer",
                                      "Parallel Aware": true,
                                      "Async Capable": false,
                                      "Relation Name": "customer_demographics",
                                      "Alias": "cd1",
                                      "Startup Cost": 0.0,
                                      "Total Cost": 41836.33,
                                      "Plan Rows": 67112,
                                      "Plan Width": 27,
                                      "Filter": "(((cd_marital_status = 'M'::bpchar) AND (cd_education_status = 'Secondary'::bpchar)) OR ((cd_marital_status = 'W'::bpchar) AND (cd_education_status = 'Primary'::bpchar)) OR ((cd_marital_status = 'D'::bpchar) AND (cd_education_status = 'College'::bpchar)))",
                                      "parent": 7,
                                      "ID": 8
                                    },
                                    {
                                      "Node Type": "Hash",
                                      "Parent Relationship": "Inner",
                                      "Parallel Aware": true,
                                      "Async Capable": false,
                                      "Startup Cost": 369475.28,
                                      "Total Cost": 369475.28,
                                      "Plan Rows": 1,
                                      "Plan Width": 57,
                                      "Plans": [
                                        {
                                          "Node Type": "Hash Join",
                                          "Parent Relationship": "Outer",
                                          "Parallel Aware": true,
                                          "Async Capable": false,
                                          "Join Type": "Inner",
                                          "Startup Cost": 336642.69,
                                          "Total Cost": 369475.28,
                                          "Plan Rows": 1,
                                          "Plan Width": 57,
                                          "Inner Unique": false,
                                          "Hash Cond": "(cd2.cd_demo_sk = web_returns.wr_returning_cdemo_sk)",
                                          "Plans": [
                                            {
                                              "Node Type": "Seq Scan",
                                              "Parent Relationship": "Outer",
                                              "Parallel Aware": true,
                                              "Async Capable": false,
                                              "Relation Name": "customer_demographics",
                                              "Alias": "cd2",
                                              "Startup Cost": 0.0,
                                              "Total Cost": 29831.33,
                                              "Plan Rows": 800333,
                                              "Plan Width": 27,
                                              "parent": 10,
                                              "ID": 11
                                            },
                                            {
                                              "Node Type": "Hash",
                                              "Parent Relationship": "Inner",
                                              "Parallel Aware": true,
                                              "Async Capable": false,
                                              "Startup Cost": 336642.67,
                                              "Total Cost": 336642.67,
                                              "Plan Rows": 1,
                                              "Plan Width": 38,
                                              "Plans": [
                                                {
                                                  "Node Type": "Hash Join",
                                                  "Parent Relationship": "Outer",
                                                  "Parallel Aware": true,
                                                  "Async Capable": false,
                                                  "Join Type": "Inner",
                                                  "Startup Cost": 318452.05,
                                                  "Total Cost": 336642.67,
                                                  "Plan Rows": 1,
                                                  "Plan Width": 38,
                                                  "Inner Unique": false,
                                                  "Hash Cond": "((web_returns.wr_item_sk = web_sales.ws_item_sk) AND (web_returns.wr_order_number = web_sales.ws_order_number))",
                                                  "Join Filter": "(((customer_address.ca_state = ANY ('{GA,NE,KY}'::bpchar[])) AND (web_sales.ws_net_profit >= '100'::numeric) AND (web_sales.ws_net_profit <= '200'::numeric)) OR ((customer_address.ca_state = ANY ('{CA,VA,FL}'::bpchar[])) AND (web_sales.ws_net_profit >= '150'::numeric) AND (web_sales.ws_net_profit <= '300'::numeric)) OR ((customer_address.ca_state = ANY ('{IN,WV,OK}'::bpchar[])) AND (web_sales.ws_net_profit >= '50'::numeric) AND (web_sales.ws_net_profit <= '250'::numeric)))",
                                                  "Plans": [
                                                    {
                                                      "Node Type": "Hash Join",
                                                      "Parent Relationship": "Outer",
                                                      "Parallel Aware": true,
                                                      "Async Capable": false,
                                                      "Join Type": "Inner",
                                                      "Startup Cost": 8216.31,
                                                      "Total Cost": 25900.27,
                                                      "Plan Rows": 67550,
                                                      "Plan Width": 35,
                                                      "Inner Unique": false,
                                                      "Hash Cond": "(web_returns.wr_refunded_addr_sk = customer_address.ca_address_sk)",
                                                      "Plans": [
                                                        {
                                                          "Node Type": "Seq Scan",
                                                          "Parent Relationship": "Outer",
                                                          "Parallel Aware": true,
                                                          "Async Capable": false,
                                                          "Relation Name": "web_returns",
                                                          "Alias": "web_returns",
                                                          "Startup Cost": 0.0,
                                                          "Total Cost": 16278.74,
                                                          "Plan Rows": 299674,
                                                          "Plan Width": 36,
                                                          "parent": 14,
                                                          "ID": 15
                                                        },
                                                        {
                                                          "Node Type": "Hash",
                                                          "Parent Relationship": "Inner",
                                                          "Parallel Aware": true,
                                                          "Async Capable": false,
                                                          "Startup Cost": 7908.96,
                                                          "Total Cost": 7908.96,
                                                          "Plan Rows": 24588,
                                                          "Plan Width": 7,
                                                          "Plans": [
                                                            {
                                                              "Node Type": "Seq Scan",
                                                              "Parent Relationship": "Outer",
                                                              "Parallel Aware": true,
                                                              "Async Capable": false,
                                                              "Relation Name": "customer_address",
                                                              "Alias": "customer_address",
                                                              "Startup Cost": 0.0,
                                                              "Total Cost": 7908.96,
                                                              "Plan Rows": 24588,
                                                              "Plan Width": 7,
                                                              "Filter": "(((ca_country)::text = 'United States'::text) AND ((ca_state = ANY ('{GA,NE,KY}'::bpchar[])) OR (ca_state = ANY ('{CA,VA,FL}'::bpchar[])) OR (ca_state = ANY ('{IN,WV,OK}'::bpchar[]))))",
                                                              "parent": 16,
                                                              "ID": 17
                                                            }
                                                          ],
                                                          "parent": 14,
                                                          "ID": 16,
                                                          "left": 17
                                                        }
                                                      ],
                                                      "parent": 13,
                                                      "ID": 14,
                                                      "left": 15,
                                                      "right": 16
                                                    },
                                                    {
                                                      "Node Type": "Hash",
                                                      "Parent Relationship": "Inner",
                                                      "Parallel Aware": true,
                                                      "Async Capable": false,
                                                      "Startup Cost": 310224.49,
                                                      "Total Cost": 310224.49,
                                                      "Plan Rows": 750,
                                                      "Plan Width": 28,
                                                      "Plans": [
                                                        {
                                                          "Node Type": "Hash Join",
                                                          "Parent Relationship": "Outer",
                                                          "Parallel Aware": true,
                                                          "Async Capable": false,
                                                          "Join Type": "Inner",
                                                          "Startup Cost": 1944.79,
                                                          "Total Cost": 310224.49,
                                                          "Plan Rows": 750,
                                                          "Plan Width": 28,
                                                          "Inner Unique": false,
                                                          "Hash Cond": "(web_sales.ws_sold_date_sk = date_dim.d_date_sk)",
                                                          "Plans": [
                                                            {
                                                              "Node Type": "Seq Scan",
                                                              "Parent Relationship": "Outer",
                                                              "Parallel Aware": true,
                                                              "Async Capable": false,
                                                              "Relation Name": "web_sales",
                                                              "Alias": "web_sales",
                                                              "Startup Cost": 0.0,
                                                              "Total Cost": 307707.43,
                                                              "Plan Rows": 151429,
                                                              "Plan Width": 32,
                                                              "Filter": "((((ws_sales_price >= 100.00) AND (ws_sales_price <= 150.00)) OR ((ws_sales_price >= 50.00) AND (ws_sales_price <= 100.00)) OR ((ws_sales_price >= 150.00) AND (ws_sales_price <= 200.00))) AND (((ws_net_profit >= '100'::numeric) AND (ws_net_profit <= '200'::numeric)) OR ((ws_net_profit >= '150'::numeric) AND (ws_net_profit <= '300'::numeric)) OR ((ws_net_profit >= '50'::numeric) AND (ws_net_profit <= '250'::numeric))))",
                                                              "parent": 19,
                                                              "ID": 20
                                                            },
                                                            {
                                                              "Node Type": "Hash",
                                                              "Parent Relationship": "Inner",
                                                              "Parallel Aware": true,
                                                              "Async Capable": false,
                                                              "Startup Cost": 1942.12,
                                                              "Total Cost": 1942.12,
                                                              "Plan Rows": 213,
                                                              "Plan Width": 4,
                                                              "Plans": [
                                                                {
                                                                  "Node Type": "Seq Scan",
                                                                  "Parent Relationship": "Outer",
                                                                  "Parallel Aware": true,
                                                                  "Async Capable": false,
                                                                  "Relation Name": "date_dim",
                                                                  "Alias": "date_dim",
                                                                  "Startup Cost": 0.0,
                                                                  "Total Cost": 1942.12,
                                                                  "Plan Rows": 213,
                                                                  "Plan Width": 4,
                                                                  "Filter": "(d_year = 1998)",
                                                                  "parent": 21,
                                                                  "ID": 22
                                                                }
                                                              ],
                                                              "parent": 19,
                                                              "ID": 21,
                                                              "left": 22
                                                            }
                                                          ],
                                                          "parent": 18,
                                                          "ID": 19,
                                                          "left": 20,
                                                          "right": 21
                                                        }
                                                      ],
                                                      "parent": 13,
                                                      "ID": 18,
                                                      "left": 19
                                                    }
                                                  ],
                                                  "parent": 12,
                                                  "ID": 13,
                                                  "left": 14,
                                                  "right": 18
                                                }
                                              ],
                                              "parent": 10,
                                              "ID": 12,
                                              "left": 13
                                            }
                                          ],
                                          "parent": 9,
                                          "ID": 10,
                                          "left": 11,
                                          "right": 12
                                        }
                                      ],
                                      "parent": 7,
                                      "ID": 9,
                                      "left": 10
                                    }
                                  ],
                                  "parent": 6,
                                  "ID": 7,
                                  "left": 8,
                                  "right": 9
                                }
                              ],
                              "parent": 5,
                              "ID": 6,
                              "left": 7
                            },
                            {
                              "Node Type": "Seq Scan",
                              "Parent Relationship": "Inner",
                              "Parallel Aware": false,
                              "Async Capable": false,
                              "Relation Name": "web_page",
                              "Alias": "web_page",
                              "Startup Cost": 0.0,
                              "Total Cost": 7.0,
                              "Plan Rows": 200,
                              "Plan Width": 4,
                              "parent": 5,
                              "ID": 23
                            }
                          ],
                          "parent": 4,
                          "ID": 5,
                          "left": 6,
                          "right": 23
                        },
                        {
                          "Node Type": "Seq Scan",
                          "Parent Relationship": "Inner",
                          "Parallel Aware": false,
                          "Async Capable": false,
                          "Relation Name": "reason",
                          "Alias": "reason",
                          "Startup Cost": 0.0,
                          "Total Cost": 1.45,
                          "Plan Rows": 45,
                          "Plan Width": 105,
                          "parent": 4,
                          "ID": 24
                        }
                      ],
                      "parent": 3,
                      "ID": 4,
                      "left": 5,
                      "right": 24
                    }
                  ],
                  "parent": 2,
                  "ID": 3,
                  "left": 4
                }
              ],
              "parent": 1,
              "ID": 2,
              "left": 3
            }
          ],
          "parent": 0,
          "ID": 1,
          "left": 2
        }
      ],
      "parent": null,
      "ID": 0,
      "left": 1
    },
    "feat": {
      "utility": 0.09774074339376854,
      "query_shape": [
        [
          "Seq Scan",
          "Hash Join",
          "Gather",
          "Nested Loop",
          "Sort",
          "Aggregate"
        ],
        [
          "Seq Scan",
          "Hash Join",
          "Hash",
          "Gather",
          "Nested Loop",
          "Sort",
          "Aggregate"
        ],
        [
          "Seq Scan",
          "Hash Join",
          "Hash",
          "Gather",
          "Nested Loop",
          "Sort",
          "Aggregate"
        ],
        [
          "Seq Scan",
          "Hash",
          "Hash Join",
          "Gather",
          "Nested Loop",
          "Sort",
          "Aggregate"
        ],
        [
          "Seq Scan",
          "Hash Join",
          "Hash",
          "Gather",
          "Nested Loop",
          "Sort",
          "Aggregate"
        ],
        [
          "Seq Scan",
          "Hash",
          "Hash Join",
          "Gather",
          "Nested Loop",
          "Sort",
          "Aggregate"
        ],
        [
          "Seq Scan",
          "Nested Loop",
          "Sort",
          "Aggregate"
        ],
        [
          "Seq Scan",
          "Nested Loop",
          "Sort",
          "Aggregate"
        ]
      ],
      "index_shape": [
        "selection"
      ],
      "physical_operator": {
        "Seq Scan": [
          0.03493960849645983
        ]
      }
    }
  },
  {
    "query": "select  substr(r_reason_desc,1,20)\n       ,avg(ws_quantity)\n       ,avg(wr_refunded_cash)\n       ,avg(wr_fee)\n from web_sales, web_returns, web_page, customer_demographics cd1,\n      customer_demographics cd2, customer_address, date_dim, reason \n where ws_web_page_sk = wp_web_page_sk\n   and ws_item_sk = wr_item_sk\n   and ws_order_number = wr_order_number\n   and ws_sold_date_sk = d_date_sk and d_year = 1998\n   and cd1.cd_demo_sk = wr_refunded_cdemo_sk \n   and cd2.cd_demo_sk = wr_returning_cdemo_sk\n   and ca_address_sk = wr_refunded_addr_sk\n   and r_reason_sk = wr_reason_sk\n   and\n   (\n    (\n     cd1.cd_marital_status = 'M'\n     and\n     cd1.cd_marital_status = cd2.cd_marital_status\n     and\n     cd1.cd_education_status = 'Secondary'\n     and \n     cd1.cd_education_status = cd2.cd_education_status\n     and\n     ws_sales_price between 100.00 and 150.00\n    )\n   or\n    (\n     cd1.cd_marital_status = 'W'\n     and\n     cd1.cd_marital_status = cd2.cd_marital_status\n     and\n     cd1.cd_education_status = 'Primary' \n     and\n     cd1.cd_education_status = cd2.cd_education_status\n     and\n     ws_sales_price between 50.00 and 100.00\n    )\n   or\n    (\n     cd1.cd_marital_status = 'D'\n     and\n     cd1.cd_marital_status = cd2.cd_marital_status\n     and\n     cd1.cd_education_status = 'College'\n     and\n     cd1.cd_education_status = cd2.cd_education_status\n     and\n     ws_sales_price between 150.00 and 200.00\n    )\n   )\n   and\n   (\n    (\n     ca_country = 'United States'\n     and\n     ca_state in ('GA', 'NE', 'KY')\n     and ws_net_profit between 100 and 200  \n    )\n    or\n    (\n     ca_country = 'United States'\n     and\n     ca_state in ('CA', 'VA', 'FL')\n     and ws_net_profit between 150 and 300  \n    )\n    or\n    (\n     ca_country = 'United States'\n     and\n     ca_state in ('IN', 'WV', 'OK')\n     and ws_net_profit between 50 and 250  \n    )\n   )\ngroup by r_reason_desc\norder by substr(r_reason_desc,1,20)\n        ,avg(ws_quantity)\n        ,avg(wr_refunded_cash)\n        ,avg(wr_fee)\nlimit 100;\n\n-- end query 65 in stream 3 using template query85.tpl\n",
    "indexes": "customer_demographics.cd_education_status",
    "wo plan est": {
      "Node Type": "Limit",
      "Parallel Aware": false,
      "Async Capable": false,
      "Startup Cost": 413078.35,
      "Total Cost": 413078.35,
      "Plan Rows": 1,
      "Plan Width": 229,
      "Plans": [
        {
          "Node Type": "Sort",
          "Parent Relationship": "Outer",
          "Parallel Aware": false,
          "Async Capable": false,
          "Startup Cost": 413078.35,
          "Total Cost": 413078.35,
          "Plan Rows": 1,
          "Plan Width": 229,
          "Sort Key": [
            "(substr((reason.r_reason_desc)::text, 1, 20))",
            "(avg(web_sales.ws_quantity))",
            "(avg(web_returns.wr_refunded_cash))",
            "(avg(web_returns.wr_fee))"
          ],
          "Plans": [
            {
              "Node Type": "Aggregate",
              "Strategy": "Sorted",
              "Partial Mode": "Simple",
              "Parent Relationship": "Outer",
              "Parallel Aware": false,
              "Async Capable": false,
              "Startup Cost": 413078.3,
              "Total Cost": 413078.34,
              "Plan Rows": 1,
              "Plan Width": 229,
              "Group Key": [
                "reason.r_reason_desc"
              ],
              "Plans": [
                {
                  "Node Type": "Sort",
                  "Parent Relationship": "Outer",
                  "Parallel Aware": false,
                  "Async Capable": false,
                  "Startup Cost": 413078.3,
                  "Total Cost": 413078.31,
                  "Plan Rows": 1,
                  "Plan Width": 117,
                  "Sort Key": [
                    "reason.r_reason_desc"
                  ],
                  "Plans": [
                    {
                      "Node Type": "Nested Loop",
                      "Parent Relationship": "Outer",
                      "Parallel Aware": false,
                      "Async Capable": false,
                      "Join Type": "Inner",
                      "Startup Cost": 370475.3,
                      "Total Cost": 413078.29,
                      "Plan Rows": 1,
                      "Plan Width": 117,
                      "Inner Unique": false,
                      "Join Filter": "(web_returns.wr_reason_sk = reason.r_reason_sk)",
                      "Plans": [
                        {
                          "Node Type": "Nested Loop",
                          "Parent Relationship": "Outer",
                          "Parallel Aware": false,
                          "Async Capable": false,
                          "Join Type": "Inner",
                          "Startup Cost": 370475.3,
                          "Total Cost": 413076.28,
                          "Plan Rows": 1,
                          "Plan Width": 20,
                          "Inner Unique": false,
                          "Join Filter": "(web_sales.ws_web_page_sk = web_page.wp_web_page_sk)",
                          "Plans": [
                            {
                              "Node Type": "Gather",
                              "Parent Relationship": "Outer",
                              "Parallel Aware": false,
                              "Async Capable": false,
                              "Startup Cost": 370475.3,
                              "Total Cost": 413066.78,
                              "Plan Rows": 1,
                              "Plan Width": 24,
                              "Workers Planned": 2,
                              "Single Copy": false,
                              "Plans": [
                                {
                                  "Node Type": "Hash Join",
                                  "Parent Relationship": "Outer",
                                  "Parallel Aware": true,
                                  "Async Capable": false,
                                  "Join Type": "Inner",
                                  "Startup Cost": 369475.3,
                                  "Total Cost": 412066.68,
                                  "Plan Rows": 1,
                                  "Plan Width": 24,
                                  "Inner Unique": false,
                                  "Hash Cond": "((cd1.cd_demo_sk = web_returns.wr_refunded_cdemo_sk) AND (cd1.cd_marital_status = cd2.cd_marital_status) AND (cd1.cd_education_status = cd2.cd_education_status))",
                                  "Join Filter": "(((cd1.cd_marital_status = 'M'::bpchar) AND (cd1.cd_education_status = 'Secondary'::bpchar) AND (web_sales.ws_sales_price >= 100.00) AND (web_sales.ws_sales_price <= 150.00)) OR ((cd1.cd_marital_status = 'W'::bpchar) AND (cd1.cd_education_status = 'Primary'::bpchar) AND (web_sales.ws_sales_price >= 50.00) AND (web_sales.ws_sales_price <= 100.00)) OR ((cd1.cd_marital_status = 'D'::bpchar) AND (cd1.cd_education_status = 'College'::bpchar) AND (web_sales.ws_sales_price >= 150.00) AND (web_sales.ws_sales_price <= 200.00)))",
                                  "Plans": [
                                    {
                                      "Node Type": "Seq Scan",
                                      "Parent Relationship": "Outer",
                                      "Parallel Aware": true,
                                      "Async Capable": false,
                                      "Relation Name": "customer_demographics",
                                      "Alias": "cd1",
                                      "Startup Cost": 0.0,
                                      "Total Cost": 41836.33,
                                      "Plan Rows": 67112,
                                      "Plan Width": 27,
                                      "Filter": "(((cd_marital_status = 'M'::bpchar) AND (cd_education_status = 'Secondary'::bpchar)) OR ((cd_marital_status = 'W'::bpchar) AND (cd_education_status = 'Primary'::bpchar)) OR ((cd_marital_status = 'D'::bpchar) AND (cd_education_status = 'College'::bpchar)))",
                                      "parent": 7,
                                      "ID": 8
                                    },
                                    {
                                      "Node Type": "Hash",
                                      "Parent Relationship": "Inner",
                                      "Parallel Aware": true,
                                      "Async Capable": false,
                                      "Startup Cost": 369475.28,
                                      "Total Cost": 369475.28,
                                      "Plan Rows": 1,
                                      "Plan Width": 57,
                                      "Plans": [
                                        {
                                          "Node Type": "Hash Join",
                                          "Parent Relationship": "Outer",
                                          "Parallel Aware": true,
                                          "Async Capable": false,
                                          "Join Type": "Inner",
                                          "Startup Cost": 336642.69,
                                          "Total Cost": 369475.28,
                                          "Plan Rows": 1,
                                          "Plan Width": 57,
                                          "Inner Unique": false,
                                          "Hash Cond": "(cd2.cd_demo_sk = web_returns.wr_returning_cdemo_sk)",
                                          "Plans": [
                                            {
                                              "Node Type": "Seq Scan",
                                              "Parent Relationship": "Outer",
                                              "Parallel Aware": true,
                                              "Async Capable": false,
                                              "Relation Name": "customer_demographics",
                                              "Alias": "cd2",
                                              "Startup Cost": 0.0,
                                              "Total Cost": 29831.33,
                                              "Plan Rows": 800333,
                                              "Plan Width": 27,
                                              "parent": 10,
                                              "ID": 11
                                            },
                                            {
                                              "Node Type": "Hash",
                                              "Parent Relationship": "Inner",
                                              "Parallel Aware": true,
                                              "Async Capable": false,
                                              "Startup Cost": 336642.67,
                                              "Total Cost": 336642.67,
                                              "Plan Rows": 1,
                                              "Plan Width": 38,
                                              "Plans": [
                                                {
                                                  "Node Type": "Hash Join",
                                                  "Parent Relationship": "Outer",
                                                  "Parallel Aware": true,
                                                  "Async Capable": false,
                                                  "Join Type": "Inner",
                                                  "Startup Cost": 318452.05,
                                                  "Total Cost": 336642.67,
                                                  "Plan Rows": 1,
                                                  "Plan Width": 38,
                                                  "Inner Unique": false,
                                                  "Hash Cond": "((web_returns.wr_item_sk = web_sales.ws_item_sk) AND (web_returns.wr_order_number = web_sales.ws_order_number))",
                                                  "Join Filter": "(((customer_address.ca_state = ANY ('{GA,NE,KY}'::bpchar[])) AND (web_sales.ws_net_profit >= '100'::numeric) AND (web_sales.ws_net_profit <= '200'::numeric)) OR ((customer_address.ca_state = ANY ('{CA,VA,FL}'::bpchar[])) AND (web_sales.ws_net_profit >= '150'::numeric) AND (web_sales.ws_net_profit <= '300'::numeric)) OR ((customer_address.ca_state = ANY ('{IN,WV,OK}'::bpchar[])) AND (web_sales.ws_net_profit >= '50'::numeric) AND (web_sales.ws_net_profit <= '250'::numeric)))",
                                                  "Plans": [
                                                    {
                                                      "Node Type": "Hash Join",
                                                      "Parent Relationship": "Outer",
                                                      "Parallel Aware": true,
                                                      "Async Capable": false,
                                                      "Join Type": "Inner",
                                                      "Startup Cost": 8216.31,
                                                      "Total Cost": 25900.27,
                                                      "Plan Rows": 67550,
                                                      "Plan Width": 35,
                                                      "Inner Unique": false,
                                                      "Hash Cond": "(web_returns.wr_refunded_addr_sk = customer_address.ca_address_sk)",
                                                      "Plans": [
                                                        {
                                                          "Node Type": "Seq Scan",
                                                          "Parent Relationship": "Outer",
                                                          "Parallel Aware": true,
                                                          "Async Capable": false,
                                                          "Relation Name": "web_returns",
                                                          "Alias": "web_returns",
                                                          "Startup Cost": 0.0,
                                                          "Total Cost": 16278.74,
                                                          "Plan Rows": 299674,
                                                          "Plan Width": 36,
                                                          "parent": 14,
                                                          "ID": 15
                                                        },
                                                        {
                                                          "Node Type": "Hash",
                                                          "Parent Relationship": "Inner",
                                                          "Parallel Aware": true,
                                                          "Async Capable": false,
                                                          "Startup Cost": 7908.96,
                                                          "Total Cost": 7908.96,
                                                          "Plan Rows": 24588,
                                                          "Plan Width": 7,
                                                          "Plans": [
                                                            {
                                                              "Node Type": "Seq Scan",
                                                              "Parent Relationship": "Outer",
                                                              "Parallel Aware": true,
                                                              "Async Capable": false,
                                                              "Relation Name": "customer_address",
                                                              "Alias": "customer_address",
                                                              "Startup Cost": 0.0,
                                                              "Total Cost": 7908.96,
                                                              "Plan Rows": 24588,
                                                              "Plan Width": 7,
                                                              "Filter": "(((ca_country)::text = 'United States'::text) AND ((ca_state = ANY ('{GA,NE,KY}'::bpchar[])) OR (ca_state = ANY ('{CA,VA,FL}'::bpchar[])) OR (ca_state = ANY ('{IN,WV,OK}'::bpchar[]))))",
                                                              "parent": 16,
                                                              "ID": 17
                                                            }
                                                          ],
                                                          "parent": 14,
                                                          "ID": 16,
                                                          "left": 17
                                                        }
                                                      ],
                                                      "parent": 13,
                                                      "ID": 14,
                                                      "left": 15,
                                                      "right": 16
                                                    },
                                                    {
                                                      "Node Type": "Hash",
                                                      "Parent Relationship": "Inner",
                                                      "Parallel Aware": true,
                                                      "Async Capable": false,
                                                      "Startup Cost": 310224.49,
                                                      "Total Cost": 310224.49,
                                                      "Plan Rows": 750,
                                                      "Plan Width": 28,
                                                      "Plans": [
                                                        {
                                                          "Node Type": "Hash Join",
                                                          "Parent Relationship": "Outer",
                                                          "Parallel Aware": true,
                                                          "Async Capable": false,
                                                          "Join Type": "Inner",
                                                          "Startup Cost": 1944.79,
                                                          "Total Cost": 310224.49,
                                                          "Plan Rows": 750,
                                                          "Plan Width": 28,
                                                          "Inner Unique": false,
                                                          "Hash Cond": "(web_sales.ws_sold_date_sk = date_dim.d_date_sk)",
                                                          "Plans": [
                                                            {
                                                              "Node Type": "Seq Scan",
                                                              "Parent Relationship": "Outer",
                                                              "Parallel Aware": true,
                                                              "Async Capable": false,
                                                              "Relation Name": "web_sales",
                                                              "Alias": "web_sales",
                                                              "Startup Cost": 0.0,
                                                              "Total Cost": 307707.43,
                                                              "Plan Rows": 151429,
                                                              "Plan Width": 32,
                                                              "Filter": "((((ws_sales_price >= 100.00) AND (ws_sales_price <= 150.00)) OR ((ws_sales_price >= 50.00) AND (ws_sales_price <= 100.00)) OR ((ws_sales_price >= 150.00) AND (ws_sales_price <= 200.00))) AND (((ws_net_profit >= '100'::numeric) AND (ws_net_profit <= '200'::numeric)) OR ((ws_net_profit >= '150'::numeric) AND (ws_net_profit <= '300'::numeric)) OR ((ws_net_profit >= '50'::numeric) AND (ws_net_profit <= '250'::numeric))))",
                                                              "parent": 19,
                                                              "ID": 20
                                                            },
                                                            {
                                                              "Node Type": "Hash",
                                                              "Parent Relationship": "Inner",
                                                              "Parallel Aware": true,
                                                              "Async Capable": false,
                                                              "Startup Cost": 1942.12,
                                                              "Total Cost": 1942.12,
                                                              "Plan Rows": 213,
                                                              "Plan Width": 4,
                                                              "Plans": [
                                                                {
                                                                  "Node Type": "Seq Scan",
                                                                  "Parent Relationship": "Outer",
                                                                  "Parallel Aware": true,
                                                                  "Async Capable": false,
                                                                  "Relation Name": "date_dim",
                                                                  "Alias": "date_dim",
                                                                  "Startup Cost": 0.0,
                                                                  "Total Cost": 1942.12,
                                                                  "Plan Rows": 213,
                                                                  "Plan Width": 4,
                                                                  "Filter": "(d_year = 1998)",
                                                                  "parent": 21,
                                                                  "ID": 22
                                                                }
                                                              ],
                                                              "parent": 19,
                                                              "ID": 21,
                                                              "left": 22
                                                            }
                                                          ],
                                                          "parent": 18,
                                                          "ID": 19,
                                                          "left": 20,
                                                          "right": 21
                                                        }
                                                      ],
                                                      "parent": 13,
                                                      "ID": 18,
                                                      "left": 19
                                                    }
                                                  ],
                                                  "parent": 12,
                                                  "ID": 13,
                                                  "left": 14,
                                                  "right": 18
                                                }
                                              ],
                                              "parent": 10,
                                              "ID": 12,
                                              "left": 13
                                            }
                                          ],
                                          "parent": 9,
                                          "ID": 10,
                                          "left": 11,
                                          "right": 12
                                        }
                                      ],
                                      "parent": 7,
                                      "ID": 9,
                                      "left": 10
                                    }
                                  ],
                                  "parent": 6,
                                  "ID": 7,
                                  "left": 8,
                                  "right": 9
                                }
                              ],
                              "parent": 5,
                              "ID": 6,
                              "left": 7
                            },
                            {
                              "Node Type": "Seq Scan",
                              "Parent Relationship": "Inner",
                              "Parallel Aware": false,
                              "Async Capable": false,
                              "Relation Name": "web_page",
                              "Alias": "web_page",
                              "Startup Cost": 0.0,
                              "Total Cost": 7.0,
                              "Plan Rows": 200,
                              "Plan Width": 4,
                              "parent": 5,
                              "ID": 23
                            }
                          ],
                          "parent": 4,
                          "ID": 5,
                          "left": 6,
                          "right": 23
                        },
                        {
                          "Node Type": "Seq Scan",
                          "Parent Relationship": "Inner",
                          "Parallel Aware": false,
                          "Async Capable": false,
                          "Relation Name": "reason",
                          "Alias": "reason",
                          "Startup Cost": 0.0,
                          "Total Cost": 1.45,
                          "Plan Rows": 45,
                          "Plan Width": 105,
                          "parent": 4,
                          "ID": 24
                        }
                      ],
                      "parent": 3,
                      "ID": 4,
                      "left": 5,
                      "right": 24
                    }
                  ],
                  "parent": 2,
                  "ID": 3,
                  "left": 4
                }
              ],
              "parent": 1,
              "ID": 2,
              "left": 3
            }
          ],
          "parent": 0,
          "ID": 1,
          "left": 2
        }
      ],
      "parent": null,
      "ID": 0,
      "left": 1
    },
    "feat": {
      "utility": 0.09774074339376854,
      "query_shape": [
        [
          "Seq Scan",
          "Hash Join",
          "Gather",
          "Nested Loop",
          "Sort",
          "Aggregate"
        ],
        [
          "Seq Scan",
          "Hash Join",
          "Hash",
          "Gather",
          "Nested Loop",
          "Sort",
          "Aggregate"
        ],
        [
          "Seq Scan",
          "Hash Join",
          "Hash",
          "Gather",
          "Nested Loop",
          "Sort",
          "Aggregate"
        ],
        [
          "Seq Scan",
          "Hash",
          "Hash Join",
          "Gather",
          "Nested Loop",
          "Sort",
          "Aggregate"
        ],
        [
          "Seq Scan",
          "Hash Join",
          "Hash",
          "Gather",
          "Nested Loop",
          "Sort",
          "Aggregate"
        ],
        [
          "Seq Scan",
          "Hash",
          "Hash Join",
          "Gather",
          "Nested Loop",
          "Sort",
          "Aggregate"
        ],
        [
          "Seq Scan",
          "Nested Loop",
          "Sort",
          "Aggregate"
        ],
        [
          "Seq Scan",
          "Nested Loop",
          "Sort",
          "Aggregate"
        ]
      ],
      "index_shape": [
        "selection"
      ],
      "physical_operator": {
        "Seq Scan": [
          0.03493960849645983
        ]
      }
    }
  },
  {
    "query": "select  substr(r_reason_desc,1,20)\n       ,avg(ws_quantity)\n       ,avg(wr_refunded_cash)\n       ,avg(wr_fee)\n from web_sales, web_returns, web_page, customer_demographics cd1,\n      customer_demographics cd2, customer_address, date_dim, reason \n where ws_web_page_sk = wp_web_page_sk\n   and ws_item_sk = wr_item_sk\n   and ws_order_number = wr_order_number\n   and ws_sold_date_sk = d_date_sk and d_year = 1998\n   and cd1.cd_demo_sk = wr_refunded_cdemo_sk \n   and cd2.cd_demo_sk = wr_returning_cdemo_sk\n   and ca_address_sk = wr_refunded_addr_sk\n   and r_reason_sk = wr_reason_sk\n   and\n   (\n    (\n     cd1.cd_marital_status = 'M'\n     and\n     cd1.cd_marital_status = cd2.cd_marital_status\n     and\n     cd1.cd_education_status = 'Secondary'\n     and \n     cd1.cd_education_status = cd2.cd_education_status\n     and\n     ws_sales_price between 100.00 and 150.00\n    )\n   or\n    (\n     cd1.cd_marital_status = 'W'\n     and\n     cd1.cd_marital_status = cd2.cd_marital_status\n     and\n     cd1.cd_education_status = 'Primary' \n     and\n     cd1.cd_education_status = cd2.cd_education_status\n     and\n     ws_sales_price between 50.00 and 100.00\n    )\n   or\n    (\n     cd1.cd_marital_status = 'D'\n     and\n     cd1.cd_marital_status = cd2.cd_marital_status\n     and\n     cd1.cd_education_status = 'College'\n     and\n     cd1.cd_education_status = cd2.cd_education_status\n     and\n     ws_sales_price between 150.00 and 200.00\n    )\n   )\n   and\n   (\n    (\n     ca_country = 'United States'\n     and\n     ca_state in ('GA', 'NE', 'KY')\n     and ws_net_profit between 100 and 200  \n    )\n    or\n    (\n     ca_country = 'United States'\n     and\n     ca_state in ('CA', 'VA', 'FL')\n     and ws_net_profit between 150 and 300  \n    )\n    or\n    (\n     ca_country = 'United States'\n     and\n     ca_state in ('IN', 'WV', 'OK')\n     and ws_net_profit between 50 and 250  \n    )\n   )\ngroup by r_reason_desc\norder by substr(r_reason_desc,1,20)\n        ,avg(ws_quantity)\n        ,avg(wr_refunded_cash)\n        ,avg(wr_fee)\nlimit 100;\n\n-- end query 65 in stream 3 using template query85.tpl\n",
    "indexes": "date_dim.d_year",
    "wo plan est": {
      "Node Type": "Limit",
      "Parallel Aware": false,
      "Async Capable": false,
      "Startup Cost": 413078.35,
      "Total Cost": 413078.35,
      "Plan Rows": 1,
      "Plan Width": 229,
      "Plans": [
        {
          "Node Type": "Sort",
          "Parent Relationship": "Outer",
          "Parallel Aware": false,
          "Async Capable": false,
          "Startup Cost": 413078.35,
          "Total Cost": 413078.35,
          "Plan Rows": 1,
          "Plan Width": 229,
          "Sort Key": [
            "(substr((reason.r_reason_desc)::text, 1, 20))",
            "(avg(web_sales.ws_quantity))",
            "(avg(web_returns.wr_refunded_cash))",
            "(avg(web_returns.wr_fee))"
          ],
          "Plans": [
            {
              "Node Type": "Aggregate",
              "Strategy": "Sorted",
              "Partial Mode": "Simple",
              "Parent Relationship": "Outer",
              "Parallel Aware": false,
              "Async Capable": false,
              "Startup Cost": 413078.3,
              "Total Cost": 413078.34,
              "Plan Rows": 1,
              "Plan Width": 229,
              "Group Key": [
                "reason.r_reason_desc"
              ],
              "Plans": [
                {
                  "Node Type": "Sort",
                  "Parent Relationship": "Outer",
                  "Parallel Aware": false,
                  "Async Capable": false,
                  "Startup Cost": 413078.3,
                  "Total Cost": 413078.31,
                  "Plan Rows": 1,
                  "Plan Width": 117,
                  "Sort Key": [
                    "reason.r_reason_desc"
                  ],
                  "Plans": [
                    {
                      "Node Type": "Nested Loop",
                      "Parent Relationship": "Outer",
                      "Parallel Aware": false,
                      "Async Capable": false,
                      "Join Type": "Inner",
                      "Startup Cost": 370475.3,
                      "Total Cost": 413078.29,
                      "Plan Rows": 1,
                      "Plan Width": 117,
                      "Inner Unique": false,
                      "Join Filter": "(web_returns.wr_reason_sk = reason.r_reason_sk)",
                      "Plans": [
                        {
                          "Node Type": "Nested Loop",
                          "Parent Relationship": "Outer",
                          "Parallel Aware": false,
                          "Async Capable": false,
                          "Join Type": "Inner",
                          "Startup Cost": 370475.3,
                          "Total Cost": 413076.28,
                          "Plan Rows": 1,
                          "Plan Width": 20,
                          "Inner Unique": false,
                          "Join Filter": "(web_sales.ws_web_page_sk = web_page.wp_web_page_sk)",
                          "Plans": [
                            {
                              "Node Type": "Gather",
                              "Parent Relationship": "Outer",
                              "Parallel Aware": false,
                              "Async Capable": false,
                              "Startup Cost": 370475.3,
                              "Total Cost": 413066.78,
                              "Plan Rows": 1,
                              "Plan Width": 24,
                              "Workers Planned": 2,
                              "Single Copy": false,
                              "Plans": [
                                {
                                  "Node Type": "Hash Join",
                                  "Parent Relationship": "Outer",
                                  "Parallel Aware": true,
                                  "Async Capable": false,
                                  "Join Type": "Inner",
                                  "Startup Cost": 369475.3,
                                  "Total Cost": 412066.68,
                                  "Plan Rows": 1,
                                  "Plan Width": 24,
                                  "Inner Unique": false,
                                  "Hash Cond": "((cd1.cd_demo_sk = web_returns.wr_refunded_cdemo_sk) AND (cd1.cd_marital_status = cd2.cd_marital_status) AND (cd1.cd_education_status = cd2.cd_education_status))",
                                  "Join Filter": "(((cd1.cd_marital_status = 'M'::bpchar) AND (cd1.cd_education_status = 'Secondary'::bpchar) AND (web_sales.ws_sales_price >= 100.00) AND (web_sales.ws_sales_price <= 150.00)) OR ((cd1.cd_marital_status = 'W'::bpchar) AND (cd1.cd_education_status = 'Primary'::bpchar) AND (web_sales.ws_sales_price >= 50.00) AND (web_sales.ws_sales_price <= 100.00)) OR ((cd1.cd_marital_status = 'D'::bpchar) AND (cd1.cd_education_status = 'College'::bpchar) AND (web_sales.ws_sales_price >= 150.00) AND (web_sales.ws_sales_price <= 200.00)))",
                                  "Plans": [
                                    {
                                      "Node Type": "Seq Scan",
                                      "Parent Relationship": "Outer",
                                      "Parallel Aware": true,
                                      "Async Capable": false,
                                      "Relation Name": "customer_demographics",
                                      "Alias": "cd1",
                                      "Startup Cost": 0.0,
                                      "Total Cost": 41836.33,
                                      "Plan Rows": 67112,
                                      "Plan Width": 27,
                                      "Filter": "(((cd_marital_status = 'M'::bpchar) AND (cd_education_status = 'Secondary'::bpchar)) OR ((cd_marital_status = 'W'::bpchar) AND (cd_education_status = 'Primary'::bpchar)) OR ((cd_marital_status = 'D'::bpchar) AND (cd_education_status = 'College'::bpchar)))",
                                      "parent": 7,
                                      "ID": 8
                                    },
                                    {
                                      "Node Type": "Hash",
                                      "Parent Relationship": "Inner",
                                      "Parallel Aware": true,
                                      "Async Capable": false,
                                      "Startup Cost": 369475.28,
                                      "Total Cost": 369475.28,
                                      "Plan Rows": 1,
                                      "Plan Width": 57,
                                      "Plans": [
                                        {
                                          "Node Type": "Hash Join",
                                          "Parent Relationship": "Outer",
                                          "Parallel Aware": true,
                                          "Async Capable": false,
                                          "Join Type": "Inner",
                                          "Startup Cost": 336642.69,
                                          "Total Cost": 369475.28,
                                          "Plan Rows": 1,
                                          "Plan Width": 57,
                                          "Inner Unique": false,
                                          "Hash Cond": "(cd2.cd_demo_sk = web_returns.wr_returning_cdemo_sk)",
                                          "Plans": [
                                            {
                                              "Node Type": "Seq Scan",
                                              "Parent Relationship": "Outer",
                                              "Parallel Aware": true,
                                              "Async Capable": false,
                                              "Relation Name": "customer_demographics",
                                              "Alias": "cd2",
                                              "Startup Cost": 0.0,
                                              "Total Cost": 29831.33,
                                              "Plan Rows": 800333,
                                              "Plan Width": 27,
                                              "parent": 10,
                                              "ID": 11
                                            },
                                            {
                                              "Node Type": "Hash",
                                              "Parent Relationship": "Inner",
                                              "Parallel Aware": true,
                                              "Async Capable": false,
                                              "Startup Cost": 336642.67,
                                              "Total Cost": 336642.67,
                                              "Plan Rows": 1,
                                              "Plan Width": 38,
                                              "Plans": [
                                                {
                                                  "Node Type": "Hash Join",
                                                  "Parent Relationship": "Outer",
                                                  "Parallel Aware": true,
                                                  "Async Capable": false,
                                                  "Join Type": "Inner",
                                                  "Startup Cost": 318452.05,
                                                  "Total Cost": 336642.67,
                                                  "Plan Rows": 1,
                                                  "Plan Width": 38,
                                                  "Inner Unique": false,
                                                  "Hash Cond": "((web_returns.wr_item_sk = web_sales.ws_item_sk) AND (web_returns.wr_order_number = web_sales.ws_order_number))",
                                                  "Join Filter": "(((customer_address.ca_state = ANY ('{GA,NE,KY}'::bpchar[])) AND (web_sales.ws_net_profit >= '100'::numeric) AND (web_sales.ws_net_profit <= '200'::numeric)) OR ((customer_address.ca_state = ANY ('{CA,VA,FL}'::bpchar[])) AND (web_sales.ws_net_profit >= '150'::numeric) AND (web_sales.ws_net_profit <= '300'::numeric)) OR ((customer_address.ca_state = ANY ('{IN,WV,OK}'::bpchar[])) AND (web_sales.ws_net_profit >= '50'::numeric) AND (web_sales.ws_net_profit <= '250'::numeric)))",
                                                  "Plans": [
                                                    {
                                                      "Node Type": "Hash Join",
                                                      "Parent Relationship": "Outer",
                                                      "Parallel Aware": true,
                                                      "Async Capable": false,
                                                      "Join Type": "Inner",
                                                      "Startup Cost": 8216.31,
                                                      "Total Cost": 25900.27,
                                                      "Plan Rows": 67550,
                                                      "Plan Width": 35,
                                                      "Inner Unique": false,
                                                      "Hash Cond": "(web_returns.wr_refunded_addr_sk = customer_address.ca_address_sk)",
                                                      "Plans": [
                                                        {
                                                          "Node Type": "Seq Scan",
                                                          "Parent Relationship": "Outer",
                                                          "Parallel Aware": true,
                                                          "Async Capable": false,
                                                          "Relation Name": "web_returns",
                                                          "Alias": "web_returns",
                                                          "Startup Cost": 0.0,
                                                          "Total Cost": 16278.74,
                                                          "Plan Rows": 299674,
                                                          "Plan Width": 36,
                                                          "parent": 14,
                                                          "ID": 15
                                                        },
                                                        {
                                                          "Node Type": "Hash",
                                                          "Parent Relationship": "Inner",
                                                          "Parallel Aware": true,
                                                          "Async Capable": false,
                                                          "Startup Cost": 7908.96,
                                                          "Total Cost": 7908.96,
                                                          "Plan Rows": 24588,
                                                          "Plan Width": 7,
                                                          "Plans": [
                                                            {
                                                              "Node Type": "Seq Scan",
                                                              "Parent Relationship": "Outer",
                                                              "Parallel Aware": true,
                                                              "Async Capable": false,
                                                              "Relation Name": "customer_address",
                                                              "Alias": "customer_address",
                                                              "Startup Cost": 0.0,
                                                              "Total Cost": 7908.96,
                                                              "Plan Rows": 24588,
                                                              "Plan Width": 7,
                                                              "Filter": "(((ca_country)::text = 'United States'::text) AND ((ca_state = ANY ('{GA,NE,KY}'::bpchar[])) OR (ca_state = ANY ('{CA,VA,FL}'::bpchar[])) OR (ca_state = ANY ('{IN,WV,OK}'::bpchar[]))))",
                                                              "parent": 16,
                                                              "ID": 17
                                                            }
                                                          ],
                                                          "parent": 14,
                                                          "ID": 16,
                                                          "left": 17
                                                        }
                                                      ],
                                                      "parent": 13,
                                                      "ID": 14,
                                                      "left": 15,
                                                      "right": 16
                                                    },
                                                    {
                                                      "Node Type": "Hash",
                                                      "Parent Relationship": "Inner",
                                                      "Parallel Aware": true,
                                                      "Async Capable": false,
                                                      "Startup Cost": 310224.49,
                                                      "Total Cost": 310224.49,
                                                      "Plan Rows": 750,
                                                      "Plan Width": 28,
                                                      "Plans": [
                                                        {
                                                          "Node Type": "Hash Join",
                                                          "Parent Relationship": "Outer",
                                                          "Parallel Aware": true,
                                                          "Async Capable": false,
                                                          "Join Type": "Inner",
                                                          "Startup Cost": 1944.79,
                                                          "Total Cost": 310224.49,
                                                          "Plan Rows": 750,
                                                          "Plan Width": 28,
                                                          "Inner Unique": false,
                                                          "Hash Cond": "(web_sales.ws_sold_date_sk = date_dim.d_date_sk)",
                                                          "Plans": [
                                                            {
                                                              "Node Type": "Seq Scan",
                                                              "Parent Relationship": "Outer",
                                                              "Parallel Aware": true,
                                                              "Async Capable": false,
                                                              "Relation Name": "web_sales",
                                                              "Alias": "web_sales",
                                                              "Startup Cost": 0.0,
                                                              "Total Cost": 307707.43,
                                                              "Plan Rows": 151429,
                                                              "Plan Width": 32,
                                                              "Filter": "((((ws_sales_price >= 100.00) AND (ws_sales_price <= 150.00)) OR ((ws_sales_price >= 50.00) AND (ws_sales_price <= 100.00)) OR ((ws_sales_price >= 150.00) AND (ws_sales_price <= 200.00))) AND (((ws_net_profit >= '100'::numeric) AND (ws_net_profit <= '200'::numeric)) OR ((ws_net_profit >= '150'::numeric) AND (ws_net_profit <= '300'::numeric)) OR ((ws_net_profit >= '50'::numeric) AND (ws_net_profit <= '250'::numeric))))",
                                                              "parent": 19,
                                                              "ID": 20
                                                            },
                                                            {
                                                              "Node Type": "Hash",
                                                              "Parent Relationship": "Inner",
                                                              "Parallel Aware": true,
                                                              "Async Capable": false,
                                                              "Startup Cost": 1942.12,
                                                              "Total Cost": 1942.12,
                                                              "Plan Rows": 213,
                                                              "Plan Width": 4,
                                                              "Plans": [
                                                                {
                                                                  "Node Type": "Seq Scan",
                                                                  "Parent Relationship": "Outer",
                                                                  "Parallel Aware": true,
                                                                  "Async Capable": false,
                                                                  "Relation Name": "date_dim",
                                                                  "Alias": "date_dim",
                                                                  "Startup Cost": 0.0,
                                                                  "Total Cost": 1942.12,
                                                                  "Plan Rows": 213,
                                                                  "Plan Width": 4,
                                                                  "Filter": "(d_year = 1998)",
                                                                  "parent": 21,
                                                                  "ID": 22
                                                                }
                                                              ],
                                                              "parent": 19,
                                                              "ID": 21,
                                                              "left": 22
                                                            }
                                                          ],
                                                          "parent": 18,
                                                          "ID": 19,
                                                          "left": 20,
                                                          "right": 21
                                                        }
                                                      ],
                                                      "parent": 13,
                                                      "ID": 18,
                                                      "left": 19
                                                    }
                                                  ],
                                                  "parent": 12,
                                                  "ID": 13,
                                                  "left": 14,
                                                  "right": 18
                                                }
                                              ],
                                              "parent": 10,
                                              "ID": 12,
                                              "left": 13
                                            }
                                          ],
                                          "parent": 9,
                                          "ID": 10,
                                          "left": 11,
                                          "right": 12
                                        }
                                      ],
                                      "parent": 7,
                                      "ID": 9,
                                      "left": 10
                                    }
                                  ],
                                  "parent": 6,
                                  "ID": 7,
                                  "left": 8,
                                  "right": 9
                                }
                              ],
                              "parent": 5,
                              "ID": 6,
                              "left": 7
                            },
                            {
                              "Node Type": "Seq Scan",
                              "Parent Relationship": "Inner",
                              "Parallel Aware": false,
                              "Async Capable": false,
                              "Relation Name": "web_page",
                              "Alias": "web_page",
                              "Startup Cost": 0.0,
                              "Total Cost": 7.0,
                              "Plan Rows": 200,
                              "Plan Width": 4,
                              "parent": 5,
                              "ID": 23
                            }
                          ],
                          "parent": 4,
                          "ID": 5,
                          "left": 6,
                          "right": 23
                        },
                        {
                          "Node Type": "Seq Scan",
                          "Parent Relationship": "Inner",
                          "Parallel Aware": false,
                          "Async Capable": false,
                          "Relation Name": "reason",
                          "Alias": "reason",
                          "Startup Cost": 0.0,
                          "Total Cost": 1.45,
                          "Plan Rows": 45,
                          "Plan Width": 105,
                          "parent": 4,
                          "ID": 24
                        }
                      ],
                      "parent": 3,
                      "ID": 4,
                      "left": 5,
                      "right": 24
                    }
                  ],
                  "parent": 2,
                  "ID": 3,
                  "left": 4
                }
              ],
              "parent": 1,
              "ID": 2,
              "left": 3
            }
          ],
          "parent": 0,
          "ID": 1,
          "left": 2
        }
      ],
      "parent": null,
      "ID": 0,
      "left": 1
    },
    "feat": {
      "utility": 0.004687868699601123,
      "query_shape": [
        [
          "Seq Scan",
          "Hash Join",
          "Gather",
          "Nested Loop",
          "Sort",
          "Aggregate"
        ],
        [
          "Seq Scan",
          "Hash Join",
          "Hash",
          "Gather",
          "Nested Loop",
          "Sort",
          "Aggregate"
        ],
        [
          "Seq Scan",
          "Hash Join",
          "Hash",
          "Gather",
          "Nested Loop",
          "Sort",
          "Aggregate"
        ],
        [
          "Seq Scan",
          "Hash",
          "Hash Join",
          "Gather",
          "Nested Loop",
          "Sort",
          "Aggregate"
        ],
        [
          "Seq Scan",
          "Hash Join",
          "Hash",
          "Gather",
          "Nested Loop",
          "Sort",
          "Aggregate"
        ],
        [
          "Seq Scan",
          "Hash",
          "Hash Join",
          "Gather",
          "Nested Loop",
          "Sort",
          "Aggregate"
        ],
        [
          "Seq Scan",
          "Nested Loop",
          "Sort",
          "Aggregate"
        ],
        [
          "Seq Scan",
          "Nested Loop",
          "Sort",
          "Aggregate"
        ]
      ],
      "index_shape": [
        "selection"
      ],
      "physical_operator": {
        "Seq Scan": [
          0.0029158510041205066
        ]
      }
    }
  },
  {
    "query": "select  substr(r_reason_desc,1,20)\n       ,avg(ws_quantity)\n       ,avg(wr_refunded_cash)\n       ,avg(wr_fee)\n from web_sales, web_returns, web_page, customer_demographics cd1,\n      customer_demographics cd2, customer_address, date_dim, reason \n where ws_web_page_sk = wp_web_page_sk\n   and ws_item_sk = wr_item_sk\n   and ws_order_number = wr_order_number\n   and ws_sold_date_sk = d_date_sk and d_year = 1998\n   and cd1.cd_demo_sk = wr_refunded_cdemo_sk \n   and cd2.cd_demo_sk = wr_returning_cdemo_sk\n   and ca_address_sk = wr_refunded_addr_sk\n   and r_reason_sk = wr_reason_sk\n   and\n   (\n    (\n     cd1.cd_marital_status = 'M'\n     and\n     cd1.cd_marital_status = cd2.cd_marital_status\n     and\n     cd1.cd_education_status = 'Secondary'\n     and \n     cd1.cd_education_status = cd2.cd_education_status\n     and\n     ws_sales_price between 100.00 and 150.00\n    )\n   or\n    (\n     cd1.cd_marital_status = 'W'\n     and\n     cd1.cd_marital_status = cd2.cd_marital_status\n     and\n     cd1.cd_education_status = 'Primary' \n     and\n     cd1.cd_education_status = cd2.cd_education_status\n     and\n     ws_sales_price between 50.00 and 100.00\n    )\n   or\n    (\n     cd1.cd_marital_status = 'D'\n     and\n     cd1.cd_marital_status = cd2.cd_marital_status\n     and\n     cd1.cd_education_status = 'College'\n     and\n     cd1.cd_education_status = cd2.cd_education_status\n     and\n     ws_sales_price between 150.00 and 200.00\n    )\n   )\n   and\n   (\n    (\n     ca_country = 'United States'\n     and\n     ca_state in ('GA', 'NE', 'KY')\n     and ws_net_profit between 100 and 200  \n    )\n    or\n    (\n     ca_country = 'United States'\n     and\n     ca_state in ('CA', 'VA', 'FL')\n     and ws_net_profit between 150 and 300  \n    )\n    or\n    (\n     ca_country = 'United States'\n     and\n     ca_state in ('IN', 'WV', 'OK')\n     and ws_net_profit between 50 and 250  \n    )\n   )\ngroup by r_reason_desc\norder by substr(r_reason_desc,1,20)\n        ,avg(ws_quantity)\n        ,avg(wr_refunded_cash)\n        ,avg(wr_fee)\nlimit 100;\n\n-- end query 65 in stream 3 using template query85.tpl\n",
    "indexes": "date_dim.d_date_sk",
    "wo plan est": {
      "Node Type": "Limit",
      "Parallel Aware": false,
      "Async Capable": false,
      "Startup Cost": 413078.35,
      "Total Cost": 413078.35,
      "Plan Rows": 1,
      "Plan Width": 229,
      "Plans": [
        {
          "Node Type": "Sort",
          "Parent Relationship": "Outer",
          "Parallel Aware": false,
          "Async Capable": false,
          "Startup Cost": 413078.35,
          "Total Cost": 413078.35,
          "Plan Rows": 1,
          "Plan Width": 229,
          "Sort Key": [
            "(substr((reason.r_reason_desc)::text, 1, 20))",
            "(avg(web_sales.ws_quantity))",
            "(avg(web_returns.wr_refunded_cash))",
            "(avg(web_returns.wr_fee))"
          ],
          "Plans": [
            {
              "Node Type": "Aggregate",
              "Strategy": "Sorted",
              "Partial Mode": "Simple",
              "Parent Relationship": "Outer",
              "Parallel Aware": false,
              "Async Capable": false,
              "Startup Cost": 413078.3,
              "Total Cost": 413078.34,
              "Plan Rows": 1,
              "Plan Width": 229,
              "Group Key": [
                "reason.r_reason_desc"
              ],
              "Plans": [
                {
                  "Node Type": "Sort",
                  "Parent Relationship": "Outer",
                  "Parallel Aware": false,
                  "Async Capable": false,
                  "Startup Cost": 413078.3,
                  "Total Cost": 413078.31,
                  "Plan Rows": 1,
                  "Plan Width": 117,
                  "Sort Key": [
                    "reason.r_reason_desc"
                  ],
                  "Plans": [
                    {
                      "Node Type": "Nested Loop",
                      "Parent Relationship": "Outer",
                      "Parallel Aware": false,
                      "Async Capable": false,
                      "Join Type": "Inner",
                      "Startup Cost": 370475.3,
                      "Total Cost": 413078.29,
                      "Plan Rows": 1,
                      "Plan Width": 117,
                      "Inner Unique": false,
                      "Join Filter": "(web_returns.wr_reason_sk = reason.r_reason_sk)",
                      "Plans": [
                        {
                          "Node Type": "Nested Loop",
                          "Parent Relationship": "Outer",
                          "Parallel Aware": false,
                          "Async Capable": false,
                          "Join Type": "Inner",
                          "Startup Cost": 370475.3,
                          "Total Cost": 413076.28,
                          "Plan Rows": 1,
                          "Plan Width": 20,
                          "Inner Unique": false,
                          "Join Filter": "(web_sales.ws_web_page_sk = web_page.wp_web_page_sk)",
                          "Plans": [
                            {
                              "Node Type": "Gather",
                              "Parent Relationship": "Outer",
                              "Parallel Aware": false,
                              "Async Capable": false,
                              "Startup Cost": 370475.3,
                              "Total Cost": 413066.78,
                              "Plan Rows": 1,
                              "Plan Width": 24,
                              "Workers Planned": 2,
                              "Single Copy": false,
                              "Plans": [
                                {
                                  "Node Type": "Hash Join",
                                  "Parent Relationship": "Outer",
                                  "Parallel Aware": true,
                                  "Async Capable": false,
                                  "Join Type": "Inner",
                                  "Startup Cost": 369475.3,
                                  "Total Cost": 412066.68,
                                  "Plan Rows": 1,
                                  "Plan Width": 24,
                                  "Inner Unique": false,
                                  "Hash Cond": "((cd1.cd_demo_sk = web_returns.wr_refunded_cdemo_sk) AND (cd1.cd_marital_status = cd2.cd_marital_status) AND (cd1.cd_education_status = cd2.cd_education_status))",
                                  "Join Filter": "(((cd1.cd_marital_status = 'M'::bpchar) AND (cd1.cd_education_status = 'Secondary'::bpchar) AND (web_sales.ws_sales_price >= 100.00) AND (web_sales.ws_sales_price <= 150.00)) OR ((cd1.cd_marital_status = 'W'::bpchar) AND (cd1.cd_education_status = 'Primary'::bpchar) AND (web_sales.ws_sales_price >= 50.00) AND (web_sales.ws_sales_price <= 100.00)) OR ((cd1.cd_marital_status = 'D'::bpchar) AND (cd1.cd_education_status = 'College'::bpchar) AND (web_sales.ws_sales_price >= 150.00) AND (web_sales.ws_sales_price <= 200.00)))",
                                  "Plans": [
                                    {
                                      "Node Type": "Seq Scan",
                                      "Parent Relationship": "Outer",
                                      "Parallel Aware": true,
                                      "Async Capable": false,
                                      "Relation Name": "customer_demographics",
                                      "Alias": "cd1",
                                      "Startup Cost": 0.0,
                                      "Total Cost": 41836.33,
                                      "Plan Rows": 67112,
                                      "Plan Width": 27,
                                      "Filter": "(((cd_marital_status = 'M'::bpchar) AND (cd_education_status = 'Secondary'::bpchar)) OR ((cd_marital_status = 'W'::bpchar) AND (cd_education_status = 'Primary'::bpchar)) OR ((cd_marital_status = 'D'::bpchar) AND (cd_education_status = 'College'::bpchar)))",
                                      "parent": 7,
                                      "ID": 8
                                    },
                                    {
                                      "Node Type": "Hash",
                                      "Parent Relationship": "Inner",
                                      "Parallel Aware": true,
                                      "Async Capable": false,
                                      "Startup Cost": 369475.28,
                                      "Total Cost": 369475.28,
                                      "Plan Rows": 1,
                                      "Plan Width": 57,
                                      "Plans": [
                                        {
                                          "Node Type": "Hash Join",
                                          "Parent Relationship": "Outer",
                                          "Parallel Aware": true,
                                          "Async Capable": false,
                                          "Join Type": "Inner",
                                          "Startup Cost": 336642.69,
                                          "Total Cost": 369475.28,
                                          "Plan Rows": 1,
                                          "Plan Width": 57,
                                          "Inner Unique": false,
                                          "Hash Cond": "(cd2.cd_demo_sk = web_returns.wr_returning_cdemo_sk)",
                                          "Plans": [
                                            {
                                              "Node Type": "Seq Scan",
                                              "Parent Relationship": "Outer",
                                              "Parallel Aware": true,
                                              "Async Capable": false,
                                              "Relation Name": "customer_demographics",
                                              "Alias": "cd2",
                                              "Startup Cost": 0.0,
                                              "Total Cost": 29831.33,
                                              "Plan Rows": 800333,
                                              "Plan Width": 27,
                                              "parent": 10,
                                              "ID": 11
                                            },
                                            {
                                              "Node Type": "Hash",
                                              "Parent Relationship": "Inner",
                                              "Parallel Aware": true,
                                              "Async Capable": false,
                                              "Startup Cost": 336642.67,
                                              "Total Cost": 336642.67,
                                              "Plan Rows": 1,
                                              "Plan Width": 38,
                                              "Plans": [
                                                {
                                                  "Node Type": "Hash Join",
                                                  "Parent Relationship": "Outer",
                                                  "Parallel Aware": true,
                                                  "Async Capable": false,
                                                  "Join Type": "Inner",
                                                  "Startup Cost": 318452.05,
                                                  "Total Cost": 336642.67,
                                                  "Plan Rows": 1,
                                                  "Plan Width": 38,
                                                  "Inner Unique": false,
                                                  "Hash Cond": "((web_returns.wr_item_sk = web_sales.ws_item_sk) AND (web_returns.wr_order_number = web_sales.ws_order_number))",
                                                  "Join Filter": "(((customer_address.ca_state = ANY ('{GA,NE,KY}'::bpchar[])) AND (web_sales.ws_net_profit >= '100'::numeric) AND (web_sales.ws_net_profit <= '200'::numeric)) OR ((customer_address.ca_state = ANY ('{CA,VA,FL}'::bpchar[])) AND (web_sales.ws_net_profit >= '150'::numeric) AND (web_sales.ws_net_profit <= '300'::numeric)) OR ((customer_address.ca_state = ANY ('{IN,WV,OK}'::bpchar[])) AND (web_sales.ws_net_profit >= '50'::numeric) AND (web_sales.ws_net_profit <= '250'::numeric)))",
                                                  "Plans": [
                                                    {
                                                      "Node Type": "Hash Join",
                                                      "Parent Relationship": "Outer",
                                                      "Parallel Aware": true,
                                                      "Async Capable": false,
                                                      "Join Type": "Inner",
                                                      "Startup Cost": 8216.31,
                                                      "Total Cost": 25900.27,
                                                      "Plan Rows": 67550,
                                                      "Plan Width": 35,
                                                      "Inner Unique": false,
                                                      "Hash Cond": "(web_returns.wr_refunded_addr_sk = customer_address.ca_address_sk)",
                                                      "Plans": [
                                                        {
                                                          "Node Type": "Seq Scan",
                                                          "Parent Relationship": "Outer",
                                                          "Parallel Aware": true,
                                                          "Async Capable": false,
                                                          "Relation Name": "web_returns",
                                                          "Alias": "web_returns",
                                                          "Startup Cost": 0.0,
                                                          "Total Cost": 16278.74,
                                                          "Plan Rows": 299674,
                                                          "Plan Width": 36,
                                                          "parent": 14,
                                                          "ID": 15
                                                        },
                                                        {
                                                          "Node Type": "Hash",
                                                          "Parent Relationship": "Inner",
                                                          "Parallel Aware": true,
                                                          "Async Capable": false,
                                                          "Startup Cost": 7908.96,
                                                          "Total Cost": 7908.96,
                                                          "Plan Rows": 24588,
                                                          "Plan Width": 7,
                                                          "Plans": [
                                                            {
                                                              "Node Type": "Seq Scan",
                                                              "Parent Relationship": "Outer",
                                                              "Parallel Aware": true,
                                                              "Async Capable": false,
                                                              "Relation Name": "customer_address",
                                                              "Alias": "customer_address",
                                                              "Startup Cost": 0.0,
                                                              "Total Cost": 7908.96,
                                                              "Plan Rows": 24588,
                                                              "Plan Width": 7,
                                                              "Filter": "(((ca_country)::text = 'United States'::text) AND ((ca_state = ANY ('{GA,NE,KY}'::bpchar[])) OR (ca_state = ANY ('{CA,VA,FL}'::bpchar[])) OR (ca_state = ANY ('{IN,WV,OK}'::bpchar[]))))",
                                                              "parent": 16,
                                                              "ID": 17
                                                            }
                                                          ],
                                                          "parent": 14,
                                                          "ID": 16,
                                                          "left": 17
                                                        }
                                                      ],
                                                      "parent": 13,
                                                      "ID": 14,
                                                      "left": 15,
                                                      "right": 16
                                                    },
                                                    {
                                                      "Node Type": "Hash",
                                                      "Parent Relationship": "Inner",
                                                      "Parallel Aware": true,
                                                      "Async Capable": false,
                                                      "Startup Cost": 310224.49,
                                                      "Total Cost": 310224.49,
                                                      "Plan Rows": 750,
                                                      "Plan Width": 28,
                                                      "Plans": [
                                                        {
                                                          "Node Type": "Hash Join",
                                                          "Parent Relationship": "Outer",
                                                          "Parallel Aware": true,
                                                          "Async Capable": false,
                                                          "Join Type": "Inner",
                                                          "Startup Cost": 1944.79,
                                                          "Total Cost": 310224.49,
                                                          "Plan Rows": 750,
                                                          "Plan Width": 28,
                                                          "Inner Unique": false,
                                                          "Hash Cond": "(web_sales.ws_sold_date_sk = date_dim.d_date_sk)",
                                                          "Plans": [
                                                            {
                                                              "Node Type": "Seq Scan",
                                                              "Parent Relationship": "Outer",
                                                              "Parallel Aware": true,
                                                              "Async Capable": false,
                                                              "Relation Name": "web_sales",
                                                              "Alias": "web_sales",
                                                              "Startup Cost": 0.0,
                                                              "Total Cost": 307707.43,
                                                              "Plan Rows": 151429,
                                                              "Plan Width": 32,
                                                              "Filter": "((((ws_sales_price >= 100.00) AND (ws_sales_price <= 150.00)) OR ((ws_sales_price >= 50.00) AND (ws_sales_price <= 100.00)) OR ((ws_sales_price >= 150.00) AND (ws_sales_price <= 200.00))) AND (((ws_net_profit >= '100'::numeric) AND (ws_net_profit <= '200'::numeric)) OR ((ws_net_profit >= '150'::numeric) AND (ws_net_profit <= '300'::numeric)) OR ((ws_net_profit >= '50'::numeric) AND (ws_net_profit <= '250'::numeric))))",
                                                              "parent": 19,
                                                              "ID": 20
                                                            },
                                                            {
                                                              "Node Type": "Hash",
                                                              "Parent Relationship": "Inner",
                                                              "Parallel Aware": true,
                                                              "Async Capable": false,
                                                              "Startup Cost": 1942.12,
                                                              "Total Cost": 1942.12,
                                                              "Plan Rows": 213,
                                                              "Plan Width": 4,
                                                              "Plans": [
                                                                {
                                                                  "Node Type": "Seq Scan",
                                                                  "Parent Relationship": "Outer",
                                                                  "Parallel Aware": true,
                                                                  "Async Capable": false,
                                                                  "Relation Name": "date_dim",
                                                                  "Alias": "date_dim",
                                                                  "Startup Cost": 0.0,
                                                                  "Total Cost": 1942.12,
                                                                  "Plan Rows": 213,
                                                                  "Plan Width": 4,
                                                                  "Filter": "(d_year = 1998)",
                                                                  "parent": 21,
                                                                  "ID": 22
                                                                }
                                                              ],
                                                              "parent": 19,
                                                              "ID": 21,
                                                              "left": 22
                                                            }
                                                          ],
                                                          "parent": 18,
                                                          "ID": 19,
                                                          "left": 20,
                                                          "right": 21
                                                        }
                                                      ],
                                                      "parent": 13,
                                                      "ID": 18,
                                                      "left": 19
                                                    }
                                                  ],
                                                  "parent": 12,
                                                  "ID": 13,
                                                  "left": 14,
                                                  "right": 18
                                                }
                                              ],
                                              "parent": 10,
                                              "ID": 12,
                                              "left": 13
                                            }
                                          ],
                                          "parent": 9,
                                          "ID": 10,
                                          "left": 11,
                                          "right": 12
                                        }
                                      ],
                                      "parent": 7,
                                      "ID": 9,
                                      "left": 10
                                    }
                                  ],
                                  "parent": 6,
                                  "ID": 7,
                                  "left": 8,
                                  "right": 9
                                }
                              ],
                              "parent": 5,
                              "ID": 6,
                              "left": 7
                            },
                            {
                              "Node Type": "Seq Scan",
                              "Parent Relationship": "Inner",
                              "Parallel Aware": false,
                              "Async Capable": false,
                              "Relation Name": "web_page",
                              "Alias": "web_page",
                              "Startup Cost": 0.0,
                              "Total Cost": 7.0,
                              "Plan Rows": 200,
                              "Plan Width": 4,
                              "parent": 5,
                              "ID": 23
                            }
                          ],
                          "parent": 4,
                          "ID": 5,
                          "left": 6,
                          "right": 23
                        },
                        {
                          "Node Type": "Seq Scan",
                          "Parent Relationship": "Inner",
                          "Parallel Aware": false,
                          "Async Capable": false,
                          "Relation Name": "reason",
                          "Alias": "reason",
                          "Startup Cost": 0.0,
                          "Total Cost": 1.45,
                          "Plan Rows": 45,
                          "Plan Width": 105,
                          "parent": 4,
                          "ID": 24
                        }
                      ],
                      "parent": 3,
                      "ID": 4,
                      "left": 5,
                      "right": 24
                    }
                  ],
                  "parent": 2,
                  "ID": 3,
                  "left": 4
                }
              ],
              "parent": 1,
              "ID": 2,
              "left": 3
            }
          ],
          "parent": 0,
          "ID": 1,
          "left": 2
        }
      ],
      "parent": null,
      "ID": 0,
      "left": 1
    },
    "feat": {
      "utility": 3.4933032765962084e-06,
      "query_shape": [
        [
          "Seq Scan",
          "Hash Join",
          "Gather",
          "Nested Loop",
          "Sort",
          "Aggregate"
        ],
        [
          "Seq Scan",
          "Hash Join",
          "Hash",
          "Gather",
          "Nested Loop",
          "Sort",
          "Aggregate"
        ],
        [
          "Seq Scan",
          "Hash Join",
          "Hash",
          "Gather",
          "Nested Loop",
          "Sort",
          "Aggregate"
        ],
        [
          "Seq Scan",
          "Hash",
          "Hash Join",
          "Gather",
          "Nested Loop",
          "Sort",
          "Aggregate"
        ],
        [
          "Seq Scan",
          "Hash Join",
          "Hash",
          "Gather",
          "Nested Loop",
          "Sort",
          "Aggregate"
        ],
        [
          "Seq Scan",
          "Hash",
          "Hash Join",
          "Gather",
          "Nested Loop",
          "Sort",
          "Aggregate"
        ],
        [
          "Seq Scan",
          "Nested Loop",
          "Sort",
          "Aggregate"
        ],
        [
          "Seq Scan",
          "Nested Loop",
          "Sort",
          "Aggregate"
        ]
      ],
      "index_shape": [
        "join"
      ],
      "physical_operator": {
        "Hash Join": [
          0.004822101002789471
        ]
      }
    }
  },
  {
    "query": "select  substr(r_reason_desc,1,20)\n       ,avg(ws_quantity)\n       ,avg(wr_refunded_cash)\n       ,avg(wr_fee)\n from web_sales, web_returns, web_page, customer_demographics cd1,\n      customer_demographics cd2, customer_address, date_dim, reason \n where ws_web_page_sk = wp_web_page_sk\n   and ws_item_sk = wr_item_sk\n   and ws_order_number = wr_order_number\n   and ws_sold_date_sk = d_date_sk and d_year = 1998\n   and cd1.cd_demo_sk = wr_refunded_cdemo_sk \n   and cd2.cd_demo_sk = wr_returning_cdemo_sk\n   and ca_address_sk = wr_refunded_addr_sk\n   and r_reason_sk = wr_reason_sk\n   and\n   (\n    (\n     cd1.cd_marital_status = 'M'\n     and\n     cd1.cd_marital_status = cd2.cd_marital_status\n     and\n     cd1.cd_education_status = 'Secondary'\n     and \n     cd1.cd_education_status = cd2.cd_education_status\n     and\n     ws_sales_price between 100.00 and 150.00\n    )\n   or\n    (\n     cd1.cd_marital_status = 'W'\n     and\n     cd1.cd_marital_status = cd2.cd_marital_status\n     and\n     cd1.cd_education_status = 'Primary' \n     and\n     cd1.cd_education_status = cd2.cd_education_status\n     and\n     ws_sales_price between 50.00 and 100.00\n    )\n   or\n    (\n     cd1.cd_marital_status = 'D'\n     and\n     cd1.cd_marital_status = cd2.cd_marital_status\n     and\n     cd1.cd_education_status = 'College'\n     and\n     cd1.cd_education_status = cd2.cd_education_status\n     and\n     ws_sales_price between 150.00 and 200.00\n    )\n   )\n   and\n   (\n    (\n     ca_country = 'United States'\n     and\n     ca_state in ('GA', 'NE', 'KY')\n     and ws_net_profit between 100 and 200  \n    )\n    or\n    (\n     ca_country = 'United States'\n     and\n     ca_state in ('CA', 'VA', 'FL')\n     and ws_net_profit between 150 and 300  \n    )\n    or\n    (\n     ca_country = 'United States'\n     and\n     ca_state in ('IN', 'WV', 'OK')\n     and ws_net_profit between 50 and 250  \n    )\n   )\ngroup by r_reason_desc\norder by substr(r_reason_desc,1,20)\n        ,avg(ws_quantity)\n        ,avg(wr_refunded_cash)\n        ,avg(wr_fee)\nlimit 100;\n\n-- end query 65 in stream 3 using template query85.tpl\n",
    "indexes": "date_dim.d_date",
    "wo plan est": {
      "Node Type": "Limit",
      "Parallel Aware": false,
      "Async Capable": false,
      "Startup Cost": 413078.35,
      "Total Cost": 413078.35,
      "Plan Rows": 1,
      "Plan Width": 229,
      "Plans": [
        {
          "Node Type": "Sort",
          "Parent Relationship": "Outer",
          "Parallel Aware": false,
          "Async Capable": false,
          "Startup Cost": 413078.35,
          "Total Cost": 413078.35,
          "Plan Rows": 1,
          "Plan Width": 229,
          "Sort Key": [
            "(substr((reason.r_reason_desc)::text, 1, 20))",
            "(avg(web_sales.ws_quantity))",
            "(avg(web_returns.wr_refunded_cash))",
            "(avg(web_returns.wr_fee))"
          ],
          "Plans": [
            {
              "Node Type": "Aggregate",
              "Strategy": "Sorted",
              "Partial Mode": "Simple",
              "Parent Relationship": "Outer",
              "Parallel Aware": false,
              "Async Capable": false,
              "Startup Cost": 413078.3,
              "Total Cost": 413078.34,
              "Plan Rows": 1,
              "Plan Width": 229,
              "Group Key": [
                "reason.r_reason_desc"
              ],
              "Plans": [
                {
                  "Node Type": "Sort",
                  "Parent Relationship": "Outer",
                  "Parallel Aware": false,
                  "Async Capable": false,
                  "Startup Cost": 413078.3,
                  "Total Cost": 413078.31,
                  "Plan Rows": 1,
                  "Plan Width": 117,
                  "Sort Key": [
                    "reason.r_reason_desc"
                  ],
                  "Plans": [
                    {
                      "Node Type": "Nested Loop",
                      "Parent Relationship": "Outer",
                      "Parallel Aware": false,
                      "Async Capable": false,
                      "Join Type": "Inner",
                      "Startup Cost": 370475.3,
                      "Total Cost": 413078.29,
                      "Plan Rows": 1,
                      "Plan Width": 117,
                      "Inner Unique": false,
                      "Join Filter": "(web_returns.wr_reason_sk = reason.r_reason_sk)",
                      "Plans": [
                        {
                          "Node Type": "Nested Loop",
                          "Parent Relationship": "Outer",
                          "Parallel Aware": false,
                          "Async Capable": false,
                          "Join Type": "Inner",
                          "Startup Cost": 370475.3,
                          "Total Cost": 413076.28,
                          "Plan Rows": 1,
                          "Plan Width": 20,
                          "Inner Unique": false,
                          "Join Filter": "(web_sales.ws_web_page_sk = web_page.wp_web_page_sk)",
                          "Plans": [
                            {
                              "Node Type": "Gather",
                              "Parent Relationship": "Outer",
                              "Parallel Aware": false,
                              "Async Capable": false,
                              "Startup Cost": 370475.3,
                              "Total Cost": 413066.78,
                              "Plan Rows": 1,
                              "Plan Width": 24,
                              "Workers Planned": 2,
                              "Single Copy": false,
                              "Plans": [
                                {
                                  "Node Type": "Hash Join",
                                  "Parent Relationship": "Outer",
                                  "Parallel Aware": true,
                                  "Async Capable": false,
                                  "Join Type": "Inner",
                                  "Startup Cost": 369475.3,
                                  "Total Cost": 412066.68,
                                  "Plan Rows": 1,
                                  "Plan Width": 24,
                                  "Inner Unique": false,
                                  "Hash Cond": "((cd1.cd_demo_sk = web_returns.wr_refunded_cdemo_sk) AND (cd1.cd_marital_status = cd2.cd_marital_status) AND (cd1.cd_education_status = cd2.cd_education_status))",
                                  "Join Filter": "(((cd1.cd_marital_status = 'M'::bpchar) AND (cd1.cd_education_status = 'Secondary'::bpchar) AND (web_sales.ws_sales_price >= 100.00) AND (web_sales.ws_sales_price <= 150.00)) OR ((cd1.cd_marital_status = 'W'::bpchar) AND (cd1.cd_education_status = 'Primary'::bpchar) AND (web_sales.ws_sales_price >= 50.00) AND (web_sales.ws_sales_price <= 100.00)) OR ((cd1.cd_marital_status = 'D'::bpchar) AND (cd1.cd_education_status = 'College'::bpchar) AND (web_sales.ws_sales_price >= 150.00) AND (web_sales.ws_sales_price <= 200.00)))",
                                  "Plans": [
                                    {
                                      "Node Type": "Seq Scan",
                                      "Parent Relationship": "Outer",
                                      "Parallel Aware": true,
                                      "Async Capable": false,
                                      "Relation Name": "customer_demographics",
                                      "Alias": "cd1",
                                      "Startup Cost": 0.0,
                                      "Total Cost": 41836.33,
                                      "Plan Rows": 67112,
                                      "Plan Width": 27,
                                      "Filter": "(((cd_marital_status = 'M'::bpchar) AND (cd_education_status = 'Secondary'::bpchar)) OR ((cd_marital_status = 'W'::bpchar) AND (cd_education_status = 'Primary'::bpchar)) OR ((cd_marital_status = 'D'::bpchar) AND (cd_education_status = 'College'::bpchar)))",
                                      "parent": 7,
                                      "ID": 8
                                    },
                                    {
                                      "Node Type": "Hash",
                                      "Parent Relationship": "Inner",
                                      "Parallel Aware": true,
                                      "Async Capable": false,
                                      "Startup Cost": 369475.28,
                                      "Total Cost": 369475.28,
                                      "Plan Rows": 1,
                                      "Plan Width": 57,
                                      "Plans": [
                                        {
                                          "Node Type": "Hash Join",
                                          "Parent Relationship": "Outer",
                                          "Parallel Aware": true,
                                          "Async Capable": false,
                                          "Join Type": "Inner",
                                          "Startup Cost": 336642.69,
                                          "Total Cost": 369475.28,
                                          "Plan Rows": 1,
                                          "Plan Width": 57,
                                          "Inner Unique": false,
                                          "Hash Cond": "(cd2.cd_demo_sk = web_returns.wr_returning_cdemo_sk)",
                                          "Plans": [
                                            {
                                              "Node Type": "Seq Scan",
                                              "Parent Relationship": "Outer",
                                              "Parallel Aware": true,
                                              "Async Capable": false,
                                              "Relation Name": "customer_demographics",
                                              "Alias": "cd2",
                                              "Startup Cost": 0.0,
                                              "Total Cost": 29831.33,
                                              "Plan Rows": 800333,
                                              "Plan Width": 27,
                                              "parent": 10,
                                              "ID": 11
                                            },
                                            {
                                              "Node Type": "Hash",
                                              "Parent Relationship": "Inner",
                                              "Parallel Aware": true,
                                              "Async Capable": false,
                                              "Startup Cost": 336642.67,
                                              "Total Cost": 336642.67,
                                              "Plan Rows": 1,
                                              "Plan Width": 38,
                                              "Plans": [
                                                {
                                                  "Node Type": "Hash Join",
                                                  "Parent Relationship": "Outer",
                                                  "Parallel Aware": true,
                                                  "Async Capable": false,
                                                  "Join Type": "Inner",
                                                  "Startup Cost": 318452.05,
                                                  "Total Cost": 336642.67,
                                                  "Plan Rows": 1,
                                                  "Plan Width": 38,
                                                  "Inner Unique": false,
                                                  "Hash Cond": "((web_returns.wr_item_sk = web_sales.ws_item_sk) AND (web_returns.wr_order_number = web_sales.ws_order_number))",
                                                  "Join Filter": "(((customer_address.ca_state = ANY ('{GA,NE,KY}'::bpchar[])) AND (web_sales.ws_net_profit >= '100'::numeric) AND (web_sales.ws_net_profit <= '200'::numeric)) OR ((customer_address.ca_state = ANY ('{CA,VA,FL}'::bpchar[])) AND (web_sales.ws_net_profit >= '150'::numeric) AND (web_sales.ws_net_profit <= '300'::numeric)) OR ((customer_address.ca_state = ANY ('{IN,WV,OK}'::bpchar[])) AND (web_sales.ws_net_profit >= '50'::numeric) AND (web_sales.ws_net_profit <= '250'::numeric)))",
                                                  "Plans": [
                                                    {
                                                      "Node Type": "Hash Join",
                                                      "Parent Relationship": "Outer",
                                                      "Parallel Aware": true,
                                                      "Async Capable": false,
                                                      "Join Type": "Inner",
                                                      "Startup Cost": 8216.31,
                                                      "Total Cost": 25900.27,
                                                      "Plan Rows": 67550,
                                                      "Plan Width": 35,
                                                      "Inner Unique": false,
                                                      "Hash Cond": "(web_returns.wr_refunded_addr_sk = customer_address.ca_address_sk)",
                                                      "Plans": [
                                                        {
                                                          "Node Type": "Seq Scan",
                                                          "Parent Relationship": "Outer",
                                                          "Parallel Aware": true,
                                                          "Async Capable": false,
                                                          "Relation Name": "web_returns",
                                                          "Alias": "web_returns",
                                                          "Startup Cost": 0.0,
                                                          "Total Cost": 16278.74,
                                                          "Plan Rows": 299674,
                                                          "Plan Width": 36,
                                                          "parent": 14,
                                                          "ID": 15
                                                        },
                                                        {
                                                          "Node Type": "Hash",
                                                          "Parent Relationship": "Inner",
                                                          "Parallel Aware": true,
                                                          "Async Capable": false,
                                                          "Startup Cost": 7908.96,
                                                          "Total Cost": 7908.96,
                                                          "Plan Rows": 24588,
                                                          "Plan Width": 7,
                                                          "Plans": [
                                                            {
                                                              "Node Type": "Seq Scan",
                                                              "Parent Relationship": "Outer",
                                                              "Parallel Aware": true,
                                                              "Async Capable": false,
                                                              "Relation Name": "customer_address",
                                                              "Alias": "customer_address",
                                                              "Startup Cost": 0.0,
                                                              "Total Cost": 7908.96,
                                                              "Plan Rows": 24588,
                                                              "Plan Width": 7,
                                                              "Filter": "(((ca_country)::text = 'United States'::text) AND ((ca_state = ANY ('{GA,NE,KY}'::bpchar[])) OR (ca_state = ANY ('{CA,VA,FL}'::bpchar[])) OR (ca_state = ANY ('{IN,WV,OK}'::bpchar[]))))",
                                                              "parent": 16,
                                                              "ID": 17
                                                            }
                                                          ],
                                                          "parent": 14,
                                                          "ID": 16,
                                                          "left": 17
                                                        }
                                                      ],
                                                      "parent": 13,
                                                      "ID": 14,
                                                      "left": 15,
                                                      "right": 16
                                                    },
                                                    {
                                                      "Node Type": "Hash",
                                                      "Parent Relationship": "Inner",
                                                      "Parallel Aware": true,
                                                      "Async Capable": false,
                                                      "Startup Cost": 310224.49,
                                                      "Total Cost": 310224.49,
                                                      "Plan Rows": 750,
                                                      "Plan Width": 28,
                                                      "Plans": [
                                                        {
                                                          "Node Type": "Hash Join",
                                                          "Parent Relationship": "Outer",
                                                          "Parallel Aware": true,
                                                          "Async Capable": false,
                                                          "Join Type": "Inner",
                                                          "Startup Cost": 1944.79,
                                                          "Total Cost": 310224.49,
                                                          "Plan Rows": 750,
                                                          "Plan Width": 28,
                                                          "Inner Unique": false,
                                                          "Hash Cond": "(web_sales.ws_sold_date_sk = date_dim.d_date_sk)",
                                                          "Plans": [
                                                            {
                                                              "Node Type": "Seq Scan",
                                                              "Parent Relationship": "Outer",
                                                              "Parallel Aware": true,
                                                              "Async Capable": false,
                                                              "Relation Name": "web_sales",
                                                              "Alias": "web_sales",
                                                              "Startup Cost": 0.0,
                                                              "Total Cost": 307707.43,
                                                              "Plan Rows": 151429,
                                                              "Plan Width": 32,
                                                              "Filter": "((((ws_sales_price >= 100.00) AND (ws_sales_price <= 150.00)) OR ((ws_sales_price >= 50.00) AND (ws_sales_price <= 100.00)) OR ((ws_sales_price >= 150.00) AND (ws_sales_price <= 200.00))) AND (((ws_net_profit >= '100'::numeric) AND (ws_net_profit <= '200'::numeric)) OR ((ws_net_profit >= '150'::numeric) AND (ws_net_profit <= '300'::numeric)) OR ((ws_net_profit >= '50'::numeric) AND (ws_net_profit <= '250'::numeric))))",
                                                              "parent": 19,
                                                              "ID": 20
                                                            },
                                                            {
                                                              "Node Type": "Hash",
                                                              "Parent Relationship": "Inner",
                                                              "Parallel Aware": true,
                                                              "Async Capable": false,
                                                              "Startup Cost": 1942.12,
                                                              "Total Cost": 1942.12,
                                                              "Plan Rows": 213,
                                                              "Plan Width": 4,
                                                              "Plans": [
                                                                {
                                                                  "Node Type": "Seq Scan",
                                                                  "Parent Relationship": "Outer",
                                                                  "Parallel Aware": true,
                                                                  "Async Capable": false,
                                                                  "Relation Name": "date_dim",
                                                                  "Alias": "date_dim",
                                                                  "Startup Cost": 0.0,
                                                                  "Total Cost": 1942.12,
                                                                  "Plan Rows": 213,
                                                                  "Plan Width": 4,
                                                                  "Filter": "(d_year = 1998)",
                                                                  "parent": 21,
                                                                  "ID": 22
                                                                }
                                                              ],
                                                              "parent": 19,
                                                              "ID": 21,
                                                              "left": 22
                                                            }
                                                          ],
                                                          "parent": 18,
                                                          "ID": 19,
                                                          "left": 20,
                                                          "right": 21
                                                        }
                                                      ],
                                                      "parent": 13,
                                                      "ID": 18,
                                                      "left": 19
                                                    }
                                                  ],
                                                  "parent": 12,
                                                  "ID": 13,
                                                  "left": 14,
                                                  "right": 18
                                                }
                                              ],
                                              "parent": 10,
                                              "ID": 12,
                                              "left": 13
                                            }
                                          ],
                                          "parent": 9,
                                          "ID": 10,
                                          "left": 11,
                                          "right": 12
                                        }
                                      ],
                                      "parent": 7,
                                      "ID": 9,
                                      "left": 10
                                    }
                                  ],
                                  "parent": 6,
                                  "ID": 7,
                                  "left": 8,
                                  "right": 9
                                }
                              ],
                              "parent": 5,
                              "ID": 6,
                              "left": 7
                            },
                            {
                              "Node Type": "Seq Scan",
                              "Parent Relationship": "Inner",
                              "Parallel Aware": false,
                              "Async Capable": false,
                              "Relation Name": "web_page",
                              "Alias": "web_page",
                              "Startup Cost": 0.0,
                              "Total Cost": 7.0,
                              "Plan Rows": 200,
                              "Plan Width": 4,
                              "parent": 5,
                              "ID": 23
                            }
                          ],
                          "parent": 4,
                          "ID": 5,
                          "left": 6,
                          "right": 23
                        },
                        {
                          "Node Type": "Seq Scan",
                          "Parent Relationship": "Inner",
                          "Parallel Aware": false,
                          "Async Capable": false,
                          "Relation Name": "reason",
                          "Alias": "reason",
                          "Startup Cost": 0.0,
                          "Total Cost": 1.45,
                          "Plan Rows": 45,
                          "Plan Width": 105,
                          "parent": 4,
                          "ID": 24
                        }
                      ],
                      "parent": 3,
                      "ID": 4,
                      "left": 5,
                      "right": 24
                    }
                  ],
                  "parent": 2,
                  "ID": 3,
                  "left": 4
                }
              ],
              "parent": 1,
              "ID": 2,
              "left": 3
            }
          ],
          "parent": 0,
          "ID": 1,
          "left": 2
        }
      ],
      "parent": null,
      "ID": 0,
      "left": 1
    },
    "feat": {
      "utility": 3.4933032765962084e-06,
      "query_shape": [
        [
          "Seq Scan",
          "Hash Join",
          "Gather",
          "Nested Loop",
          "Sort",
          "Aggregate"
        ],
        [
          "Seq Scan",
          "Hash Join",
          "Hash",
          "Gather",
          "Nested Loop",
          "Sort",
          "Aggregate"
        ],
        [
          "Seq Scan",
          "Hash Join",
          "Hash",
          "Gather",
          "Nested Loop",
          "Sort",
          "Aggregate"
        ],
        [
          "Seq Scan",
          "Hash",
          "Hash Join",
          "Gather",
          "Nested Loop",
          "Sort",
          "Aggregate"
        ],
        [
          "Seq Scan",
          "Hash Join",
          "Hash",
          "Gather",
          "Nested Loop",
          "Sort",
          "Aggregate"
        ],
        [
          "Seq Scan",
          "Hash",
          "Hash Join",
          "Gather",
          "Nested Loop",
          "Sort",
          "Aggregate"
        ],
        [
          "Seq Scan",
          "Nested Loop",
          "Sort",
          "Aggregate"
        ],
        [
          "Seq Scan",
          "Nested Loop",
          "Sort",
          "Aggregate"
        ]
      ],
      "index_shape": [
        "join"
      ],
      "physical_operator": {
        "Hash Join": [
          0.004822101002789471
        ]
      }
    }
  },
  {
    "query": "select  substr(r_reason_desc,1,20)\n       ,avg(ws_quantity)\n       ,avg(wr_refunded_cash)\n       ,avg(wr_fee)\n from web_sales, web_returns, web_page, customer_demographics cd1,\n      customer_demographics cd2, customer_address, date_dim, reason \n where ws_web_page_sk = wp_web_page_sk\n   and ws_item_sk = wr_item_sk\n   and ws_order_number = wr_order_number\n   and ws_sold_date_sk = d_date_sk and d_year = 1998\n   and cd1.cd_demo_sk = wr_refunded_cdemo_sk \n   and cd2.cd_demo_sk = wr_returning_cdemo_sk\n   and ca_address_sk = wr_refunded_addr_sk\n   and r_reason_sk = wr_reason_sk\n   and\n   (\n    (\n     cd1.cd_marital_status = 'M'\n     and\n     cd1.cd_marital_status = cd2.cd_marital_status\n     and\n     cd1.cd_education_status = 'Secondary'\n     and \n     cd1.cd_education_status = cd2.cd_education_status\n     and\n     ws_sales_price between 100.00 and 150.00\n    )\n   or\n    (\n     cd1.cd_marital_status = 'W'\n     and\n     cd1.cd_marital_status = cd2.cd_marital_status\n     and\n     cd1.cd_education_status = 'Primary' \n     and\n     cd1.cd_education_status = cd2.cd_education_status\n     and\n     ws_sales_price between 50.00 and 100.00\n    )\n   or\n    (\n     cd1.cd_marital_status = 'D'\n     and\n     cd1.cd_marital_status = cd2.cd_marital_status\n     and\n     cd1.cd_education_status = 'College'\n     and\n     cd1.cd_education_status = cd2.cd_education_status\n     and\n     ws_sales_price between 150.00 and 200.00\n    )\n   )\n   and\n   (\n    (\n     ca_country = 'United States'\n     and\n     ca_state in ('GA', 'NE', 'KY')\n     and ws_net_profit between 100 and 200  \n    )\n    or\n    (\n     ca_country = 'United States'\n     and\n     ca_state in ('CA', 'VA', 'FL')\n     and ws_net_profit between 150 and 300  \n    )\n    or\n    (\n     ca_country = 'United States'\n     and\n     ca_state in ('IN', 'WV', 'OK')\n     and ws_net_profit between 50 and 250  \n    )\n   )\ngroup by r_reason_desc\norder by substr(r_reason_desc,1,20)\n        ,avg(ws_quantity)\n        ,avg(wr_refunded_cash)\n        ,avg(wr_fee)\nlimit 100;\n\n-- end query 65 in stream 3 using template query85.tpl\n",
    "indexes": "reason.r_reason_sk",
    "wo plan est": {
      "Node Type": "Limit",
      "Parallel Aware": false,
      "Async Capable": false,
      "Startup Cost": 413078.35,
      "Total Cost": 413078.35,
      "Plan Rows": 1,
      "Plan Width": 229,
      "Plans": [
        {
          "Node Type": "Sort",
          "Parent Relationship": "Outer",
          "Parallel Aware": false,
          "Async Capable": false,
          "Startup Cost": 413078.35,
          "Total Cost": 413078.35,
          "Plan Rows": 1,
          "Plan Width": 229,
          "Sort Key": [
            "(substr((reason.r_reason_desc)::text, 1, 20))",
            "(avg(web_sales.ws_quantity))",
            "(avg(web_returns.wr_refunded_cash))",
            "(avg(web_returns.wr_fee))"
          ],
          "Plans": [
            {
              "Node Type": "Aggregate",
              "Strategy": "Sorted",
              "Partial Mode": "Simple",
              "Parent Relationship": "Outer",
              "Parallel Aware": false,
              "Async Capable": false,
              "Startup Cost": 413078.3,
              "Total Cost": 413078.34,
              "Plan Rows": 1,
              "Plan Width": 229,
              "Group Key": [
                "reason.r_reason_desc"
              ],
              "Plans": [
                {
                  "Node Type": "Sort",
                  "Parent Relationship": "Outer",
                  "Parallel Aware": false,
                  "Async Capable": false,
                  "Startup Cost": 413078.3,
                  "Total Cost": 413078.31,
                  "Plan Rows": 1,
                  "Plan Width": 117,
                  "Sort Key": [
                    "reason.r_reason_desc"
                  ],
                  "Plans": [
                    {
                      "Node Type": "Nested Loop",
                      "Parent Relationship": "Outer",
                      "Parallel Aware": false,
                      "Async Capable": false,
                      "Join Type": "Inner",
                      "Startup Cost": 370475.3,
                      "Total Cost": 413078.29,
                      "Plan Rows": 1,
                      "Plan Width": 117,
                      "Inner Unique": false,
                      "Join Filter": "(web_returns.wr_reason_sk = reason.r_reason_sk)",
                      "Plans": [
                        {
                          "Node Type": "Nested Loop",
                          "Parent Relationship": "Outer",
                          "Parallel Aware": false,
                          "Async Capable": false,
                          "Join Type": "Inner",
                          "Startup Cost": 370475.3,
                          "Total Cost": 413076.28,
                          "Plan Rows": 1,
                          "Plan Width": 20,
                          "Inner Unique": false,
                          "Join Filter": "(web_sales.ws_web_page_sk = web_page.wp_web_page_sk)",
                          "Plans": [
                            {
                              "Node Type": "Gather",
                              "Parent Relationship": "Outer",
                              "Parallel Aware": false,
                              "Async Capable": false,
                              "Startup Cost": 370475.3,
                              "Total Cost": 413066.78,
                              "Plan Rows": 1,
                              "Plan Width": 24,
                              "Workers Planned": 2,
                              "Single Copy": false,
                              "Plans": [
                                {
                                  "Node Type": "Hash Join",
                                  "Parent Relationship": "Outer",
                                  "Parallel Aware": true,
                                  "Async Capable": false,
                                  "Join Type": "Inner",
                                  "Startup Cost": 369475.3,
                                  "Total Cost": 412066.68,
                                  "Plan Rows": 1,
                                  "Plan Width": 24,
                                  "Inner Unique": false,
                                  "Hash Cond": "((cd1.cd_demo_sk = web_returns.wr_refunded_cdemo_sk) AND (cd1.cd_marital_status = cd2.cd_marital_status) AND (cd1.cd_education_status = cd2.cd_education_status))",
                                  "Join Filter": "(((cd1.cd_marital_status = 'M'::bpchar) AND (cd1.cd_education_status = 'Secondary'::bpchar) AND (web_sales.ws_sales_price >= 100.00) AND (web_sales.ws_sales_price <= 150.00)) OR ((cd1.cd_marital_status = 'W'::bpchar) AND (cd1.cd_education_status = 'Primary'::bpchar) AND (web_sales.ws_sales_price >= 50.00) AND (web_sales.ws_sales_price <= 100.00)) OR ((cd1.cd_marital_status = 'D'::bpchar) AND (cd1.cd_education_status = 'College'::bpchar) AND (web_sales.ws_sales_price >= 150.00) AND (web_sales.ws_sales_price <= 200.00)))",
                                  "Plans": [
                                    {
                                      "Node Type": "Seq Scan",
                                      "Parent Relationship": "Outer",
                                      "Parallel Aware": true,
                                      "Async Capable": false,
                                      "Relation Name": "customer_demographics",
                                      "Alias": "cd1",
                                      "Startup Cost": 0.0,
                                      "Total Cost": 41836.33,
                                      "Plan Rows": 67112,
                                      "Plan Width": 27,
                                      "Filter": "(((cd_marital_status = 'M'::bpchar) AND (cd_education_status = 'Secondary'::bpchar)) OR ((cd_marital_status = 'W'::bpchar) AND (cd_education_status = 'Primary'::bpchar)) OR ((cd_marital_status = 'D'::bpchar) AND (cd_education_status = 'College'::bpchar)))",
                                      "parent": 7,
                                      "ID": 8
                                    },
                                    {
                                      "Node Type": "Hash",
                                      "Parent Relationship": "Inner",
                                      "Parallel Aware": true,
                                      "Async Capable": false,
                                      "Startup Cost": 369475.28,
                                      "Total Cost": 369475.28,
                                      "Plan Rows": 1,
                                      "Plan Width": 57,
                                      "Plans": [
                                        {
                                          "Node Type": "Hash Join",
                                          "Parent Relationship": "Outer",
                                          "Parallel Aware": true,
                                          "Async Capable": false,
                                          "Join Type": "Inner",
                                          "Startup Cost": 336642.69,
                                          "Total Cost": 369475.28,
                                          "Plan Rows": 1,
                                          "Plan Width": 57,
                                          "Inner Unique": false,
                                          "Hash Cond": "(cd2.cd_demo_sk = web_returns.wr_returning_cdemo_sk)",
                                          "Plans": [
                                            {
                                              "Node Type": "Seq Scan",
                                              "Parent Relationship": "Outer",
                                              "Parallel Aware": true,
                                              "Async Capable": false,
                                              "Relation Name": "customer_demographics",
                                              "Alias": "cd2",
                                              "Startup Cost": 0.0,
                                              "Total Cost": 29831.33,
                                              "Plan Rows": 800333,
                                              "Plan Width": 27,
                                              "parent": 10,
                                              "ID": 11
                                            },
                                            {
                                              "Node Type": "Hash",
                                              "Parent Relationship": "Inner",
                                              "Parallel Aware": true,
                                              "Async Capable": false,
                                              "Startup Cost": 336642.67,
                                              "Total Cost": 336642.67,
                                              "Plan Rows": 1,
                                              "Plan Width": 38,
                                              "Plans": [
                                                {
                                                  "Node Type": "Hash Join",
                                                  "Parent Relationship": "Outer",
                                                  "Parallel Aware": true,
                                                  "Async Capable": false,
                                                  "Join Type": "Inner",
                                                  "Startup Cost": 318452.05,
                                                  "Total Cost": 336642.67,
                                                  "Plan Rows": 1,
                                                  "Plan Width": 38,
                                                  "Inner Unique": false,
                                                  "Hash Cond": "((web_returns.wr_item_sk = web_sales.ws_item_sk) AND (web_returns.wr_order_number = web_sales.ws_order_number))",
                                                  "Join Filter": "(((customer_address.ca_state = ANY ('{GA,NE,KY}'::bpchar[])) AND (web_sales.ws_net_profit >= '100'::numeric) AND (web_sales.ws_net_profit <= '200'::numeric)) OR ((customer_address.ca_state = ANY ('{CA,VA,FL}'::bpchar[])) AND (web_sales.ws_net_profit >= '150'::numeric) AND (web_sales.ws_net_profit <= '300'::numeric)) OR ((customer_address.ca_state = ANY ('{IN,WV,OK}'::bpchar[])) AND (web_sales.ws_net_profit >= '50'::numeric) AND (web_sales.ws_net_profit <= '250'::numeric)))",
                                                  "Plans": [
                                                    {
                                                      "Node Type": "Hash Join",
                                                      "Parent Relationship": "Outer",
                                                      "Parallel Aware": true,
                                                      "Async Capable": false,
                                                      "Join Type": "Inner",
                                                      "Startup Cost": 8216.31,
                                                      "Total Cost": 25900.27,
                                                      "Plan Rows": 67550,
                                                      "Plan Width": 35,
                                                      "Inner Unique": false,
                                                      "Hash Cond": "(web_returns.wr_refunded_addr_sk = customer_address.ca_address_sk)",
                                                      "Plans": [
                                                        {
                                                          "Node Type": "Seq Scan",
                                                          "Parent Relationship": "Outer",
                                                          "Parallel Aware": true,
                                                          "Async Capable": false,
                                                          "Relation Name": "web_returns",
                                                          "Alias": "web_returns",
                                                          "Startup Cost": 0.0,
                                                          "Total Cost": 16278.74,
                                                          "Plan Rows": 299674,
                                                          "Plan Width": 36,
                                                          "parent": 14,
                                                          "ID": 15
                                                        },
                                                        {
                                                          "Node Type": "Hash",
                                                          "Parent Relationship": "Inner",
                                                          "Parallel Aware": true,
                                                          "Async Capable": false,
                                                          "Startup Cost": 7908.96,
                                                          "Total Cost": 7908.96,
                                                          "Plan Rows": 24588,
                                                          "Plan Width": 7,
                                                          "Plans": [
                                                            {
                                                              "Node Type": "Seq Scan",
                                                              "Parent Relationship": "Outer",
                                                              "Parallel Aware": true,
                                                              "Async Capable": false,
                                                              "Relation Name": "customer_address",
                                                              "Alias": "customer_address",
                                                              "Startup Cost": 0.0,
                                                              "Total Cost": 7908.96,
                                                              "Plan Rows": 24588,
                                                              "Plan Width": 7,
                                                              "Filter": "(((ca_country)::text = 'United States'::text) AND ((ca_state = ANY ('{GA,NE,KY}'::bpchar[])) OR (ca_state = ANY ('{CA,VA,FL}'::bpchar[])) OR (ca_state = ANY ('{IN,WV,OK}'::bpchar[]))))",
                                                              "parent": 16,
                                                              "ID": 17
                                                            }
                                                          ],
                                                          "parent": 14,
                                                          "ID": 16,
                                                          "left": 17
                                                        }
                                                      ],
                                                      "parent": 13,
                                                      "ID": 14,
                                                      "left": 15,
                                                      "right": 16
                                                    },
                                                    {
                                                      "Node Type": "Hash",
                                                      "Parent Relationship": "Inner",
                                                      "Parallel Aware": true,
                                                      "Async Capable": false,
                                                      "Startup Cost": 310224.49,
                                                      "Total Cost": 310224.49,
                                                      "Plan Rows": 750,
                                                      "Plan Width": 28,
                                                      "Plans": [
                                                        {
                                                          "Node Type": "Hash Join",
                                                          "Parent Relationship": "Outer",
                                                          "Parallel Aware": true,
                                                          "Async Capable": false,
                                                          "Join Type": "Inner",
                                                          "Startup Cost": 1944.79,
                                                          "Total Cost": 310224.49,
                                                          "Plan Rows": 750,
                                                          "Plan Width": 28,
                                                          "Inner Unique": false,
                                                          "Hash Cond": "(web_sales.ws_sold_date_sk = date_dim.d_date_sk)",
                                                          "Plans": [
                                                            {
                                                              "Node Type": "Seq Scan",
                                                              "Parent Relationship": "Outer",
                                                              "Parallel Aware": true,
                                                              "Async Capable": false,
                                                              "Relation Name": "web_sales",
                                                              "Alias": "web_sales",
                                                              "Startup Cost": 0.0,
                                                              "Total Cost": 307707.43,
                                                              "Plan Rows": 151429,
                                                              "Plan Width": 32,
                                                              "Filter": "((((ws_sales_price >= 100.00) AND (ws_sales_price <= 150.00)) OR ((ws_sales_price >= 50.00) AND (ws_sales_price <= 100.00)) OR ((ws_sales_price >= 150.00) AND (ws_sales_price <= 200.00))) AND (((ws_net_profit >= '100'::numeric) AND (ws_net_profit <= '200'::numeric)) OR ((ws_net_profit >= '150'::numeric) AND (ws_net_profit <= '300'::numeric)) OR ((ws_net_profit >= '50'::numeric) AND (ws_net_profit <= '250'::numeric))))",
                                                              "parent": 19,
                                                              "ID": 20
                                                            },
                                                            {
                                                              "Node Type": "Hash",
                                                              "Parent Relationship": "Inner",
                                                              "Parallel Aware": true,
                                                              "Async Capable": false,
                                                              "Startup Cost": 1942.12,
                                                              "Total Cost": 1942.12,
                                                              "Plan Rows": 213,
                                                              "Plan Width": 4,
                                                              "Plans": [
                                                                {
                                                                  "Node Type": "Seq Scan",
                                                                  "Parent Relationship": "Outer",
                                                                  "Parallel Aware": true,
                                                                  "Async Capable": false,
                                                                  "Relation Name": "date_dim",
                                                                  "Alias": "date_dim",
                                                                  "Startup Cost": 0.0,
                                                                  "Total Cost": 1942.12,
                                                                  "Plan Rows": 213,
                                                                  "Plan Width": 4,
                                                                  "Filter": "(d_year = 1998)",
                                                                  "parent": 21,
                                                                  "ID": 22
                                                                }
                                                              ],
                                                              "parent": 19,
                                                              "ID": 21,
                                                              "left": 22
                                                            }
                                                          ],
                                                          "parent": 18,
                                                          "ID": 19,
                                                          "left": 20,
                                                          "right": 21
                                                        }
                                                      ],
                                                      "parent": 13,
                                                      "ID": 18,
                                                      "left": 19
                                                    }
                                                  ],
                                                  "parent": 12,
                                                  "ID": 13,
                                                  "left": 14,
                                                  "right": 18
                                                }
                                              ],
                                              "parent": 10,
                                              "ID": 12,
                                              "left": 13
                                            }
                                          ],
                                          "parent": 9,
                                          "ID": 10,
                                          "left": 11,
                                          "right": 12
                                        }
                                      ],
                                      "parent": 7,
                                      "ID": 9,
                                      "left": 10
                                    }
                                  ],
                                  "parent": 6,
                                  "ID": 7,
                                  "left": 8,
                                  "right": 9
                                }
                              ],
                              "parent": 5,
                              "ID": 6,
                              "left": 7
                            },
                            {
                              "Node Type": "Seq Scan",
                              "Parent Relationship": "Inner",
                              "Parallel Aware": false,
                              "Async Capable": false,
                              "Relation Name": "web_page",
                              "Alias": "web_page",
                              "Startup Cost": 0.0,
                              "Total Cost": 7.0,
                              "Plan Rows": 200,
                              "Plan Width": 4,
                              "parent": 5,
                              "ID": 23
                            }
                          ],
                          "parent": 4,
                          "ID": 5,
                          "left": 6,
                          "right": 23
                        },
                        {
                          "Node Type": "Seq Scan",
                          "Parent Relationship": "Inner",
                          "Parallel Aware": false,
                          "Async Capable": false,
                          "Relation Name": "reason",
                          "Alias": "reason",
                          "Startup Cost": 0.0,
                          "Total Cost": 1.45,
                          "Plan Rows": 45,
                          "Plan Width": 105,
                          "parent": 4,
                          "ID": 24
                        }
                      ],
                      "parent": 3,
                      "ID": 4,
                      "left": 5,
                      "right": 24
                    }
                  ],
                  "parent": 2,
                  "ID": 3,
                  "left": 4
                }
              ],
              "parent": 1,
              "ID": 2,
              "left": 3
            }
          ],
          "parent": 0,
          "ID": 1,
          "left": 2
        }
      ],
      "parent": null,
      "ID": 0,
      "left": 1
    },
    "feat": {
      "utility": 2.9869557728576683e-06,
      "query_shape": [
        [
          "Seq Scan",
          "Hash Join",
          "Gather",
          "Nested Loop",
          "Sort",
          "Aggregate"
        ],
        [
          "Seq Scan",
          "Hash Join",
          "Hash",
          "Gather",
          "Nested Loop",
          "Sort",
          "Aggregate"
        ],
        [
          "Seq Scan",
          "Hash Join",
          "Hash",
          "Gather",
          "Nested Loop",
          "Sort",
          "Aggregate"
        ],
        [
          "Seq Scan",
          "Hash",
          "Hash Join",
          "Gather",
          "Nested Loop",
          "Sort",
          "Aggregate"
        ],
        [
          "Seq Scan",
          "Hash Join",
          "Hash",
          "Gather",
          "Nested Loop",
          "Sort",
          "Aggregate"
        ],
        [
          "Seq Scan",
          "Hash",
          "Hash Join",
          "Gather",
          "Nested Loop",
          "Sort",
          "Aggregate"
        ],
        [
          "Seq Scan",
          "Nested Loop",
          "Sort",
          "Aggregate"
        ],
        [
          "Seq Scan",
          "Nested Loop",
          "Sort",
          "Aggregate"
        ]
      ],
      "index_shape": [
        "join"
      ],
      "physical_operator": {
        "Nested Loop": [
          0.14907119849998599
        ]
      }
    }
  },
  {
    "query": "select  substr(r_reason_desc,1,20)\n       ,avg(ws_quantity)\n       ,avg(wr_refunded_cash)\n       ,avg(wr_fee)\n from web_sales, web_returns, web_page, customer_demographics cd1,\n      customer_demographics cd2, customer_address, date_dim, reason \n where ws_web_page_sk = wp_web_page_sk\n   and ws_item_sk = wr_item_sk\n   and ws_order_number = wr_order_number\n   and ws_sold_date_sk = d_date_sk and d_year = 1998\n   and cd1.cd_demo_sk = wr_refunded_cdemo_sk \n   and cd2.cd_demo_sk = wr_returning_cdemo_sk\n   and ca_address_sk = wr_refunded_addr_sk\n   and r_reason_sk = wr_reason_sk\n   and\n   (\n    (\n     cd1.cd_marital_status = 'M'\n     and\n     cd1.cd_marital_status = cd2.cd_marital_status\n     and\n     cd1.cd_education_status = 'Secondary'\n     and \n     cd1.cd_education_status = cd2.cd_education_status\n     and\n     ws_sales_price between 100.00 and 150.00\n    )\n   or\n    (\n     cd1.cd_marital_status = 'W'\n     and\n     cd1.cd_marital_status = cd2.cd_marital_status\n     and\n     cd1.cd_education_status = 'Primary' \n     and\n     cd1.cd_education_status = cd2.cd_education_status\n     and\n     ws_sales_price between 50.00 and 100.00\n    )\n   or\n    (\n     cd1.cd_marital_status = 'D'\n     and\n     cd1.cd_marital_status = cd2.cd_marital_status\n     and\n     cd1.cd_education_status = 'College'\n     and\n     cd1.cd_education_status = cd2.cd_education_status\n     and\n     ws_sales_price between 150.00 and 200.00\n    )\n   )\n   and\n   (\n    (\n     ca_country = 'United States'\n     and\n     ca_state in ('GA', 'NE', 'KY')\n     and ws_net_profit between 100 and 200  \n    )\n    or\n    (\n     ca_country = 'United States'\n     and\n     ca_state in ('CA', 'VA', 'FL')\n     and ws_net_profit between 150 and 300  \n    )\n    or\n    (\n     ca_country = 'United States'\n     and\n     ca_state in ('IN', 'WV', 'OK')\n     and ws_net_profit between 50 and 250  \n    )\n   )\ngroup by r_reason_desc\norder by substr(r_reason_desc,1,20)\n        ,avg(ws_quantity)\n        ,avg(wr_refunded_cash)\n        ,avg(wr_fee)\nlimit 100;\n\n-- end query 65 in stream 3 using template query85.tpl\n",
    "indexes": "reason.r_reason_desc",
    "wo plan est": {
      "Node Type": "Limit",
      "Parallel Aware": false,
      "Async Capable": false,
      "Startup Cost": 413078.35,
      "Total Cost": 413078.35,
      "Plan Rows": 1,
      "Plan Width": 229,
      "Plans": [
        {
          "Node Type": "Sort",
          "Parent Relationship": "Outer",
          "Parallel Aware": false,
          "Async Capable": false,
          "Startup Cost": 413078.35,
          "Total Cost": 413078.35,
          "Plan Rows": 1,
          "Plan Width": 229,
          "Sort Key": [
            "(substr((reason.r_reason_desc)::text, 1, 20))",
            "(avg(web_sales.ws_quantity))",
            "(avg(web_returns.wr_refunded_cash))",
            "(avg(web_returns.wr_fee))"
          ],
          "Plans": [
            {
              "Node Type": "Aggregate",
              "Strategy": "Sorted",
              "Partial Mode": "Simple",
              "Parent Relationship": "Outer",
              "Parallel Aware": false,
              "Async Capable": false,
              "Startup Cost": 413078.3,
              "Total Cost": 413078.34,
              "Plan Rows": 1,
              "Plan Width": 229,
              "Group Key": [
                "reason.r_reason_desc"
              ],
              "Plans": [
                {
                  "Node Type": "Sort",
                  "Parent Relationship": "Outer",
                  "Parallel Aware": false,
                  "Async Capable": false,
                  "Startup Cost": 413078.3,
                  "Total Cost": 413078.31,
                  "Plan Rows": 1,
                  "Plan Width": 117,
                  "Sort Key": [
                    "reason.r_reason_desc"
                  ],
                  "Plans": [
                    {
                      "Node Type": "Nested Loop",
                      "Parent Relationship": "Outer",
                      "Parallel Aware": false,
                      "Async Capable": false,
                      "Join Type": "Inner",
                      "Startup Cost": 370475.3,
                      "Total Cost": 413078.29,
                      "Plan Rows": 1,
                      "Plan Width": 117,
                      "Inner Unique": false,
                      "Join Filter": "(web_returns.wr_reason_sk = reason.r_reason_sk)",
                      "Plans": [
                        {
                          "Node Type": "Nested Loop",
                          "Parent Relationship": "Outer",
                          "Parallel Aware": false,
                          "Async Capable": false,
                          "Join Type": "Inner",
                          "Startup Cost": 370475.3,
                          "Total Cost": 413076.28,
                          "Plan Rows": 1,
                          "Plan Width": 20,
                          "Inner Unique": false,
                          "Join Filter": "(web_sales.ws_web_page_sk = web_page.wp_web_page_sk)",
                          "Plans": [
                            {
                              "Node Type": "Gather",
                              "Parent Relationship": "Outer",
                              "Parallel Aware": false,
                              "Async Capable": false,
                              "Startup Cost": 370475.3,
                              "Total Cost": 413066.78,
                              "Plan Rows": 1,
                              "Plan Width": 24,
                              "Workers Planned": 2,
                              "Single Copy": false,
                              "Plans": [
                                {
                                  "Node Type": "Hash Join",
                                  "Parent Relationship": "Outer",
                                  "Parallel Aware": true,
                                  "Async Capable": false,
                                  "Join Type": "Inner",
                                  "Startup Cost": 369475.3,
                                  "Total Cost": 412066.68,
                                  "Plan Rows": 1,
                                  "Plan Width": 24,
                                  "Inner Unique": false,
                                  "Hash Cond": "((cd1.cd_demo_sk = web_returns.wr_refunded_cdemo_sk) AND (cd1.cd_marital_status = cd2.cd_marital_status) AND (cd1.cd_education_status = cd2.cd_education_status))",
                                  "Join Filter": "(((cd1.cd_marital_status = 'M'::bpchar) AND (cd1.cd_education_status = 'Secondary'::bpchar) AND (web_sales.ws_sales_price >= 100.00) AND (web_sales.ws_sales_price <= 150.00)) OR ((cd1.cd_marital_status = 'W'::bpchar) AND (cd1.cd_education_status = 'Primary'::bpchar) AND (web_sales.ws_sales_price >= 50.00) AND (web_sales.ws_sales_price <= 100.00)) OR ((cd1.cd_marital_status = 'D'::bpchar) AND (cd1.cd_education_status = 'College'::bpchar) AND (web_sales.ws_sales_price >= 150.00) AND (web_sales.ws_sales_price <= 200.00)))",
                                  "Plans": [
                                    {
                                      "Node Type": "Seq Scan",
                                      "Parent Relationship": "Outer",
                                      "Parallel Aware": true,
                                      "Async Capable": false,
                                      "Relation Name": "customer_demographics",
                                      "Alias": "cd1",
                                      "Startup Cost": 0.0,
                                      "Total Cost": 41836.33,
                                      "Plan Rows": 67112,
                                      "Plan Width": 27,
                                      "Filter": "(((cd_marital_status = 'M'::bpchar) AND (cd_education_status = 'Secondary'::bpchar)) OR ((cd_marital_status = 'W'::bpchar) AND (cd_education_status = 'Primary'::bpchar)) OR ((cd_marital_status = 'D'::bpchar) AND (cd_education_status = 'College'::bpchar)))",
                                      "parent": 7,
                                      "ID": 8
                                    },
                                    {
                                      "Node Type": "Hash",
                                      "Parent Relationship": "Inner",
                                      "Parallel Aware": true,
                                      "Async Capable": false,
                                      "Startup Cost": 369475.28,
                                      "Total Cost": 369475.28,
                                      "Plan Rows": 1,
                                      "Plan Width": 57,
                                      "Plans": [
                                        {
                                          "Node Type": "Hash Join",
                                          "Parent Relationship": "Outer",
                                          "Parallel Aware": true,
                                          "Async Capable": false,
                                          "Join Type": "Inner",
                                          "Startup Cost": 336642.69,
                                          "Total Cost": 369475.28,
                                          "Plan Rows": 1,
                                          "Plan Width": 57,
                                          "Inner Unique": false,
                                          "Hash Cond": "(cd2.cd_demo_sk = web_returns.wr_returning_cdemo_sk)",
                                          "Plans": [
                                            {
                                              "Node Type": "Seq Scan",
                                              "Parent Relationship": "Outer",
                                              "Parallel Aware": true,
                                              "Async Capable": false,
                                              "Relation Name": "customer_demographics",
                                              "Alias": "cd2",
                                              "Startup Cost": 0.0,
                                              "Total Cost": 29831.33,
                                              "Plan Rows": 800333,
                                              "Plan Width": 27,
                                              "parent": 10,
                                              "ID": 11
                                            },
                                            {
                                              "Node Type": "Hash",
                                              "Parent Relationship": "Inner",
                                              "Parallel Aware": true,
                                              "Async Capable": false,
                                              "Startup Cost": 336642.67,
                                              "Total Cost": 336642.67,
                                              "Plan Rows": 1,
                                              "Plan Width": 38,
                                              "Plans": [
                                                {
                                                  "Node Type": "Hash Join",
                                                  "Parent Relationship": "Outer",
                                                  "Parallel Aware": true,
                                                  "Async Capable": false,
                                                  "Join Type": "Inner",
                                                  "Startup Cost": 318452.05,
                                                  "Total Cost": 336642.67,
                                                  "Plan Rows": 1,
                                                  "Plan Width": 38,
                                                  "Inner Unique": false,
                                                  "Hash Cond": "((web_returns.wr_item_sk = web_sales.ws_item_sk) AND (web_returns.wr_order_number = web_sales.ws_order_number))",
                                                  "Join Filter": "(((customer_address.ca_state = ANY ('{GA,NE,KY}'::bpchar[])) AND (web_sales.ws_net_profit >= '100'::numeric) AND (web_sales.ws_net_profit <= '200'::numeric)) OR ((customer_address.ca_state = ANY ('{CA,VA,FL}'::bpchar[])) AND (web_sales.ws_net_profit >= '150'::numeric) AND (web_sales.ws_net_profit <= '300'::numeric)) OR ((customer_address.ca_state = ANY ('{IN,WV,OK}'::bpchar[])) AND (web_sales.ws_net_profit >= '50'::numeric) AND (web_sales.ws_net_profit <= '250'::numeric)))",
                                                  "Plans": [
                                                    {
                                                      "Node Type": "Hash Join",
                                                      "Parent Relationship": "Outer",
                                                      "Parallel Aware": true,
                                                      "Async Capable": false,
                                                      "Join Type": "Inner",
                                                      "Startup Cost": 8216.31,
                                                      "Total Cost": 25900.27,
                                                      "Plan Rows": 67550,
                                                      "Plan Width": 35,
                                                      "Inner Unique": false,
                                                      "Hash Cond": "(web_returns.wr_refunded_addr_sk = customer_address.ca_address_sk)",
                                                      "Plans": [
                                                        {
                                                          "Node Type": "Seq Scan",
                                                          "Parent Relationship": "Outer",
                                                          "Parallel Aware": true,
                                                          "Async Capable": false,
                                                          "Relation Name": "web_returns",
                                                          "Alias": "web_returns",
                                                          "Startup Cost": 0.0,
                                                          "Total Cost": 16278.74,
                                                          "Plan Rows": 299674,
                                                          "Plan Width": 36,
                                                          "parent": 14,
                                                          "ID": 15
                                                        },
                                                        {
                                                          "Node Type": "Hash",
                                                          "Parent Relationship": "Inner",
                                                          "Parallel Aware": true,
                                                          "Async Capable": false,
                                                          "Startup Cost": 7908.96,
                                                          "Total Cost": 7908.96,
                                                          "Plan Rows": 24588,
                                                          "Plan Width": 7,
                                                          "Plans": [
                                                            {
                                                              "Node Type": "Seq Scan",
                                                              "Parent Relationship": "Outer",
                                                              "Parallel Aware": true,
                                                              "Async Capable": false,
                                                              "Relation Name": "customer_address",
                                                              "Alias": "customer_address",
                                                              "Startup Cost": 0.0,
                                                              "Total Cost": 7908.96,
                                                              "Plan Rows": 24588,
                                                              "Plan Width": 7,
                                                              "Filter": "(((ca_country)::text = 'United States'::text) AND ((ca_state = ANY ('{GA,NE,KY}'::bpchar[])) OR (ca_state = ANY ('{CA,VA,FL}'::bpchar[])) OR (ca_state = ANY ('{IN,WV,OK}'::bpchar[]))))",
                                                              "parent": 16,
                                                              "ID": 17
                                                            }
                                                          ],
                                                          "parent": 14,
                                                          "ID": 16,
                                                          "left": 17
                                                        }
                                                      ],
                                                      "parent": 13,
                                                      "ID": 14,
                                                      "left": 15,
                                                      "right": 16
                                                    },
                                                    {
                                                      "Node Type": "Hash",
                                                      "Parent Relationship": "Inner",
                                                      "Parallel Aware": true,
                                                      "Async Capable": false,
                                                      "Startup Cost": 310224.49,
                                                      "Total Cost": 310224.49,
                                                      "Plan Rows": 750,
                                                      "Plan Width": 28,
                                                      "Plans": [
                                                        {
                                                          "Node Type": "Hash Join",
                                                          "Parent Relationship": "Outer",
                                                          "Parallel Aware": true,
                                                          "Async Capable": false,
                                                          "Join Type": "Inner",
                                                          "Startup Cost": 1944.79,
                                                          "Total Cost": 310224.49,
                                                          "Plan Rows": 750,
                                                          "Plan Width": 28,
                                                          "Inner Unique": false,
                                                          "Hash Cond": "(web_sales.ws_sold_date_sk = date_dim.d_date_sk)",
                                                          "Plans": [
                                                            {
                                                              "Node Type": "Seq Scan",
                                                              "Parent Relationship": "Outer",
                                                              "Parallel Aware": true,
                                                              "Async Capable": false,
                                                              "Relation Name": "web_sales",
                                                              "Alias": "web_sales",
                                                              "Startup Cost": 0.0,
                                                              "Total Cost": 307707.43,
                                                              "Plan Rows": 151429,
                                                              "Plan Width": 32,
                                                              "Filter": "((((ws_sales_price >= 100.00) AND (ws_sales_price <= 150.00)) OR ((ws_sales_price >= 50.00) AND (ws_sales_price <= 100.00)) OR ((ws_sales_price >= 150.00) AND (ws_sales_price <= 200.00))) AND (((ws_net_profit >= '100'::numeric) AND (ws_net_profit <= '200'::numeric)) OR ((ws_net_profit >= '150'::numeric) AND (ws_net_profit <= '300'::numeric)) OR ((ws_net_profit >= '50'::numeric) AND (ws_net_profit <= '250'::numeric))))",
                                                              "parent": 19,
                                                              "ID": 20
                                                            },
                                                            {
                                                              "Node Type": "Hash",
                                                              "Parent Relationship": "Inner",
                                                              "Parallel Aware": true,
                                                              "Async Capable": false,
                                                              "Startup Cost": 1942.12,
                                                              "Total Cost": 1942.12,
                                                              "Plan Rows": 213,
                                                              "Plan Width": 4,
                                                              "Plans": [
                                                                {
                                                                  "Node Type": "Seq Scan",
                                                                  "Parent Relationship": "Outer",
                                                                  "Parallel Aware": true,
                                                                  "Async Capable": false,
                                                                  "Relation Name": "date_dim",
                                                                  "Alias": "date_dim",
                                                                  "Startup Cost": 0.0,
                                                                  "Total Cost": 1942.12,
                                                                  "Plan Rows": 213,
                                                                  "Plan Width": 4,
                                                                  "Filter": "(d_year = 1998)",
                                                                  "parent": 21,
                                                                  "ID": 22
                                                                }
                                                              ],
                                                              "parent": 19,
                                                              "ID": 21,
                                                              "left": 22
                                                            }
                                                          ],
                                                          "parent": 18,
                                                          "ID": 19,
                                                          "left": 20,
                                                          "right": 21
                                                        }
                                                      ],
                                                      "parent": 13,
                                                      "ID": 18,
                                                      "left": 19
                                                    }
                                                  ],
                                                  "parent": 12,
                                                  "ID": 13,
                                                  "left": 14,
                                                  "right": 18
                                                }
                                              ],
                                              "parent": 10,
                                              "ID": 12,
                                              "left": 13
                                            }
                                          ],
                                          "parent": 9,
                                          "ID": 10,
                                          "left": 11,
                                          "right": 12
                                        }
                                      ],
                                      "parent": 7,
                                      "ID": 9,
                                      "left": 10
                                    }
                                  ],
                                  "parent": 6,
                                  "ID": 7,
                                  "left": 8,
                                  "right": 9
                                }
                              ],
                              "parent": 5,
                              "ID": 6,
                              "left": 7
                            },
                            {
                              "Node Type": "Seq Scan",
                              "Parent Relationship": "Inner",
                              "Parallel Aware": false,
                              "Async Capable": false,
                              "Relation Name": "web_page",
                              "Alias": "web_page",
                              "Startup Cost": 0.0,
                              "Total Cost": 7.0,
                              "Plan Rows": 200,
                              "Plan Width": 4,
                              "parent": 5,
                              "ID": 23
                            }
                          ],
                          "parent": 4,
                          "ID": 5,
                          "left": 6,
                          "right": 23
                        },
                        {
                          "Node Type": "Seq Scan",
                          "Parent Relationship": "Inner",
                          "Parallel Aware": false,
                          "Async Capable": false,
                          "Relation Name": "reason",
                          "Alias": "reason",
                          "Startup Cost": 0.0,
                          "Total Cost": 1.45,
                          "Plan Rows": 45,
                          "Plan Width": 105,
                          "parent": 4,
                          "ID": 24
                        }
                      ],
                      "parent": 3,
                      "ID": 4,
                      "left": 5,
                      "right": 24
                    }
                  ],
                  "parent": 2,
                  "ID": 3,
                  "left": 4
                }
              ],
              "parent": 1,
              "ID": 2,
              "left": 3
            }
          ],
          "parent": 0,
          "ID": 1,
          "left": 2
        }
      ],
      "parent": null,
      "ID": 0,
      "left": 1
    },
    "feat": {
      "utility": 0.0,
      "query_shape": [
        [
          "Seq Scan",
          "Hash Join",
          "Gather",
          "Nested Loop",
          "Sort",
          "Aggregate"
        ],
        [
          "Seq Scan",
          "Hash Join",
          "Hash",
          "Gather",
          "Nested Loop",
          "Sort",
          "Aggregate"
        ],
        [
          "Seq Scan",
          "Hash Join",
          "Hash",
          "Gather",
          "Nested Loop",
          "Sort",
          "Aggregate"
        ],
        [
          "Seq Scan",
          "Hash",
          "Hash Join",
          "Gather",
          "Nested Loop",
          "Sort",
          "Aggregate"
        ],
        [
          "Seq Scan",
          "Hash Join",
          "Hash",
          "Gather",
          "Nested Loop",
          "Sort",
          "Aggregate"
        ],
        [
          "Seq Scan",
          "Hash",
          "Hash Join",
          "Gather",
          "Nested Loop",
          "Sort",
          "Aggregate"
        ],
        [
          "Seq Scan",
          "Nested Loop",
          "Sort",
          "Aggregate"
        ],
        [
          "Seq Scan",
          "Nested Loop",
          "Sort",
          "Aggregate"
        ]
      ],
      "index_shape": [
        "order-by"
      ],
      "physical_operator": {
        "Sort": [
          "[0. 0. 0. 0. 0. 0. 0. 0. 0. 0. 0. 0. 0. 0. 0. 0. 0. 0. 0. 0. 0. 0. 0. 0.\n 0. 0. 0. 0. 0. 0. 0. 0. 0. 0. 0. 0. 0. 0. 0. 0. 0. 0. 0. 0. 0. 0. 0. 0.\n 0. 0. 0.]",
          "[0. 0. 0. 0. 0. 0. 0. 0. 0. 0. 0. 0. 0. 0. 0. 0. 0. 0. 0. 0. 0. 0. 0. 0.\n 0. 0. 0. 0. 0. 0. 0. 0. 0. 0. 0. 0. 0. 0. 0. 0. 0. 0. 0. 0. 0. 0. 0. 0.\n 0. 0. 0.]"
        ],
        "Aggregate": [
          "[0. 0. 0. 0. 0. 0. 0. 0. 0. 0. 0. 0. 0. 0. 0. 0. 0. 0. 0. 0. 0. 0. 0. 0.\n 0. 0. 0. 0. 0. 0. 0. 0. 0. 0. 0. 0. 0. 0. 0. 0. 0. 0. 0. 0. 0. 0. 0. 0.\n 0. 0. 0.]"
        ]
      }
    }
  },
  {
    "query": "select  substr(r_reason_desc,1,20)\n       ,avg(ws_quantity)\n       ,avg(wr_refunded_cash)\n       ,avg(wr_fee)\n from web_sales, web_returns, web_page, customer_demographics cd1,\n      customer_demographics cd2, customer_address, date_dim, reason \n where ws_web_page_sk = wp_web_page_sk\n   and ws_item_sk = wr_item_sk\n   and ws_order_number = wr_order_number\n   and ws_sold_date_sk = d_date_sk and d_year = 1998\n   and cd1.cd_demo_sk = wr_refunded_cdemo_sk \n   and cd2.cd_demo_sk = wr_returning_cdemo_sk\n   and ca_address_sk = wr_refunded_addr_sk\n   and r_reason_sk = wr_reason_sk\n   and\n   (\n    (\n     cd1.cd_marital_status = 'M'\n     and\n     cd1.cd_marital_status = cd2.cd_marital_status\n     and\n     cd1.cd_education_status = 'Secondary'\n     and \n     cd1.cd_education_status = cd2.cd_education_status\n     and\n     ws_sales_price between 100.00 and 150.00\n    )\n   or\n    (\n     cd1.cd_marital_status = 'W'\n     and\n     cd1.cd_marital_status = cd2.cd_marital_status\n     and\n     cd1.cd_education_status = 'Primary' \n     and\n     cd1.cd_education_status = cd2.cd_education_status\n     and\n     ws_sales_price between 50.00 and 100.00\n    )\n   or\n    (\n     cd1.cd_marital_status = 'D'\n     and\n     cd1.cd_marital_status = cd2.cd_marital_status\n     and\n     cd1.cd_education_status = 'College'\n     and\n     cd1.cd_education_status = cd2.cd_education_status\n     and\n     ws_sales_price between 150.00 and 200.00\n    )\n   )\n   and\n   (\n    (\n     ca_country = 'United States'\n     and\n     ca_state in ('GA', 'NE', 'KY')\n     and ws_net_profit between 100 and 200  \n    )\n    or\n    (\n     ca_country = 'United States'\n     and\n     ca_state in ('CA', 'VA', 'FL')\n     and ws_net_profit between 150 and 300  \n    )\n    or\n    (\n     ca_country = 'United States'\n     and\n     ca_state in ('IN', 'WV', 'OK')\n     and ws_net_profit between 50 and 250  \n    )\n   )\ngroup by r_reason_desc\norder by substr(r_reason_desc,1,20)\n        ,avg(ws_quantity)\n        ,avg(wr_refunded_cash)\n        ,avg(wr_fee)\nlimit 100;\n\n-- end query 65 in stream 3 using template query85.tpl\n",
    "indexes": "web_page.wp_web_page_sk",
    "wo plan est": {
      "Node Type": "Limit",
      "Parallel Aware": false,
      "Async Capable": false,
      "Startup Cost": 413078.35,
      "Total Cost": 413078.35,
      "Plan Rows": 1,
      "Plan Width": 229,
      "Plans": [
        {
          "Node Type": "Sort",
          "Parent Relationship": "Outer",
          "Parallel Aware": false,
          "Async Capable": false,
          "Startup Cost": 413078.35,
          "Total Cost": 413078.35,
          "Plan Rows": 1,
          "Plan Width": 229,
          "Sort Key": [
            "(substr((reason.r_reason_desc)::text, 1, 20))",
            "(avg(web_sales.ws_quantity))",
            "(avg(web_returns.wr_refunded_cash))",
            "(avg(web_returns.wr_fee))"
          ],
          "Plans": [
            {
              "Node Type": "Aggregate",
              "Strategy": "Sorted",
              "Partial Mode": "Simple",
              "Parent Relationship": "Outer",
              "Parallel Aware": false,
              "Async Capable": false,
              "Startup Cost": 413078.3,
              "Total Cost": 413078.34,
              "Plan Rows": 1,
              "Plan Width": 229,
              "Group Key": [
                "reason.r_reason_desc"
              ],
              "Plans": [
                {
                  "Node Type": "Sort",
                  "Parent Relationship": "Outer",
                  "Parallel Aware": false,
                  "Async Capable": false,
                  "Startup Cost": 413078.3,
                  "Total Cost": 413078.31,
                  "Plan Rows": 1,
                  "Plan Width": 117,
                  "Sort Key": [
                    "reason.r_reason_desc"
                  ],
                  "Plans": [
                    {
                      "Node Type": "Nested Loop",
                      "Parent Relationship": "Outer",
                      "Parallel Aware": false,
                      "Async Capable": false,
                      "Join Type": "Inner",
                      "Startup Cost": 370475.3,
                      "Total Cost": 413078.29,
                      "Plan Rows": 1,
                      "Plan Width": 117,
                      "Inner Unique": false,
                      "Join Filter": "(web_returns.wr_reason_sk = reason.r_reason_sk)",
                      "Plans": [
                        {
                          "Node Type": "Nested Loop",
                          "Parent Relationship": "Outer",
                          "Parallel Aware": false,
                          "Async Capable": false,
                          "Join Type": "Inner",
                          "Startup Cost": 370475.3,
                          "Total Cost": 413076.28,
                          "Plan Rows": 1,
                          "Plan Width": 20,
                          "Inner Unique": false,
                          "Join Filter": "(web_sales.ws_web_page_sk = web_page.wp_web_page_sk)",
                          "Plans": [
                            {
                              "Node Type": "Gather",
                              "Parent Relationship": "Outer",
                              "Parallel Aware": false,
                              "Async Capable": false,
                              "Startup Cost": 370475.3,
                              "Total Cost": 413066.78,
                              "Plan Rows": 1,
                              "Plan Width": 24,
                              "Workers Planned": 2,
                              "Single Copy": false,
                              "Plans": [
                                {
                                  "Node Type": "Hash Join",
                                  "Parent Relationship": "Outer",
                                  "Parallel Aware": true,
                                  "Async Capable": false,
                                  "Join Type": "Inner",
                                  "Startup Cost": 369475.3,
                                  "Total Cost": 412066.68,
                                  "Plan Rows": 1,
                                  "Plan Width": 24,
                                  "Inner Unique": false,
                                  "Hash Cond": "((cd1.cd_demo_sk = web_returns.wr_refunded_cdemo_sk) AND (cd1.cd_marital_status = cd2.cd_marital_status) AND (cd1.cd_education_status = cd2.cd_education_status))",
                                  "Join Filter": "(((cd1.cd_marital_status = 'M'::bpchar) AND (cd1.cd_education_status = 'Secondary'::bpchar) AND (web_sales.ws_sales_price >= 100.00) AND (web_sales.ws_sales_price <= 150.00)) OR ((cd1.cd_marital_status = 'W'::bpchar) AND (cd1.cd_education_status = 'Primary'::bpchar) AND (web_sales.ws_sales_price >= 50.00) AND (web_sales.ws_sales_price <= 100.00)) OR ((cd1.cd_marital_status = 'D'::bpchar) AND (cd1.cd_education_status = 'College'::bpchar) AND (web_sales.ws_sales_price >= 150.00) AND (web_sales.ws_sales_price <= 200.00)))",
                                  "Plans": [
                                    {
                                      "Node Type": "Seq Scan",
                                      "Parent Relationship": "Outer",
                                      "Parallel Aware": true,
                                      "Async Capable": false,
                                      "Relation Name": "customer_demographics",
                                      "Alias": "cd1",
                                      "Startup Cost": 0.0,
                                      "Total Cost": 41836.33,
                                      "Plan Rows": 67112,
                                      "Plan Width": 27,
                                      "Filter": "(((cd_marital_status = 'M'::bpchar) AND (cd_education_status = 'Secondary'::bpchar)) OR ((cd_marital_status = 'W'::bpchar) AND (cd_education_status = 'Primary'::bpchar)) OR ((cd_marital_status = 'D'::bpchar) AND (cd_education_status = 'College'::bpchar)))",
                                      "parent": 7,
                                      "ID": 8
                                    },
                                    {
                                      "Node Type": "Hash",
                                      "Parent Relationship": "Inner",
                                      "Parallel Aware": true,
                                      "Async Capable": false,
                                      "Startup Cost": 369475.28,
                                      "Total Cost": 369475.28,
                                      "Plan Rows": 1,
                                      "Plan Width": 57,
                                      "Plans": [
                                        {
                                          "Node Type": "Hash Join",
                                          "Parent Relationship": "Outer",
                                          "Parallel Aware": true,
                                          "Async Capable": false,
                                          "Join Type": "Inner",
                                          "Startup Cost": 336642.69,
                                          "Total Cost": 369475.28,
                                          "Plan Rows": 1,
                                          "Plan Width": 57,
                                          "Inner Unique": false,
                                          "Hash Cond": "(cd2.cd_demo_sk = web_returns.wr_returning_cdemo_sk)",
                                          "Plans": [
                                            {
                                              "Node Type": "Seq Scan",
                                              "Parent Relationship": "Outer",
                                              "Parallel Aware": true,
                                              "Async Capable": false,
                                              "Relation Name": "customer_demographics",
                                              "Alias": "cd2",
                                              "Startup Cost": 0.0,
                                              "Total Cost": 29831.33,
                                              "Plan Rows": 800333,
                                              "Plan Width": 27,
                                              "parent": 10,
                                              "ID": 11
                                            },
                                            {
                                              "Node Type": "Hash",
                                              "Parent Relationship": "Inner",
                                              "Parallel Aware": true,
                                              "Async Capable": false,
                                              "Startup Cost": 336642.67,
                                              "Total Cost": 336642.67,
                                              "Plan Rows": 1,
                                              "Plan Width": 38,
                                              "Plans": [
                                                {
                                                  "Node Type": "Hash Join",
                                                  "Parent Relationship": "Outer",
                                                  "Parallel Aware": true,
                                                  "Async Capable": false,
                                                  "Join Type": "Inner",
                                                  "Startup Cost": 318452.05,
                                                  "Total Cost": 336642.67,
                                                  "Plan Rows": 1,
                                                  "Plan Width": 38,
                                                  "Inner Unique": false,
                                                  "Hash Cond": "((web_returns.wr_item_sk = web_sales.ws_item_sk) AND (web_returns.wr_order_number = web_sales.ws_order_number))",
                                                  "Join Filter": "(((customer_address.ca_state = ANY ('{GA,NE,KY}'::bpchar[])) AND (web_sales.ws_net_profit >= '100'::numeric) AND (web_sales.ws_net_profit <= '200'::numeric)) OR ((customer_address.ca_state = ANY ('{CA,VA,FL}'::bpchar[])) AND (web_sales.ws_net_profit >= '150'::numeric) AND (web_sales.ws_net_profit <= '300'::numeric)) OR ((customer_address.ca_state = ANY ('{IN,WV,OK}'::bpchar[])) AND (web_sales.ws_net_profit >= '50'::numeric) AND (web_sales.ws_net_profit <= '250'::numeric)))",
                                                  "Plans": [
                                                    {
                                                      "Node Type": "Hash Join",
                                                      "Parent Relationship": "Outer",
                                                      "Parallel Aware": true,
                                                      "Async Capable": false,
                                                      "Join Type": "Inner",
                                                      "Startup Cost": 8216.31,
                                                      "Total Cost": 25900.27,
                                                      "Plan Rows": 67550,
                                                      "Plan Width": 35,
                                                      "Inner Unique": false,
                                                      "Hash Cond": "(web_returns.wr_refunded_addr_sk = customer_address.ca_address_sk)",
                                                      "Plans": [
                                                        {
                                                          "Node Type": "Seq Scan",
                                                          "Parent Relationship": "Outer",
                                                          "Parallel Aware": true,
                                                          "Async Capable": false,
                                                          "Relation Name": "web_returns",
                                                          "Alias": "web_returns",
                                                          "Startup Cost": 0.0,
                                                          "Total Cost": 16278.74,
                                                          "Plan Rows": 299674,
                                                          "Plan Width": 36,
                                                          "parent": 14,
                                                          "ID": 15
                                                        },
                                                        {
                                                          "Node Type": "Hash",
                                                          "Parent Relationship": "Inner",
                                                          "Parallel Aware": true,
                                                          "Async Capable": false,
                                                          "Startup Cost": 7908.96,
                                                          "Total Cost": 7908.96,
                                                          "Plan Rows": 24588,
                                                          "Plan Width": 7,
                                                          "Plans": [
                                                            {
                                                              "Node Type": "Seq Scan",
                                                              "Parent Relationship": "Outer",
                                                              "Parallel Aware": true,
                                                              "Async Capable": false,
                                                              "Relation Name": "customer_address",
                                                              "Alias": "customer_address",
                                                              "Startup Cost": 0.0,
                                                              "Total Cost": 7908.96,
                                                              "Plan Rows": 24588,
                                                              "Plan Width": 7,
                                                              "Filter": "(((ca_country)::text = 'United States'::text) AND ((ca_state = ANY ('{GA,NE,KY}'::bpchar[])) OR (ca_state = ANY ('{CA,VA,FL}'::bpchar[])) OR (ca_state = ANY ('{IN,WV,OK}'::bpchar[]))))",
                                                              "parent": 16,
                                                              "ID": 17
                                                            }
                                                          ],
                                                          "parent": 14,
                                                          "ID": 16,
                                                          "left": 17
                                                        }
                                                      ],
                                                      "parent": 13,
                                                      "ID": 14,
                                                      "left": 15,
                                                      "right": 16
                                                    },
                                                    {
                                                      "Node Type": "Hash",
                                                      "Parent Relationship": "Inner",
                                                      "Parallel Aware": true,
                                                      "Async Capable": false,
                                                      "Startup Cost": 310224.49,
                                                      "Total Cost": 310224.49,
                                                      "Plan Rows": 750,
                                                      "Plan Width": 28,
                                                      "Plans": [
                                                        {
                                                          "Node Type": "Hash Join",
                                                          "Parent Relationship": "Outer",
                                                          "Parallel Aware": true,
                                                          "Async Capable": false,
                                                          "Join Type": "Inner",
                                                          "Startup Cost": 1944.79,
                                                          "Total Cost": 310224.49,
                                                          "Plan Rows": 750,
                                                          "Plan Width": 28,
                                                          "Inner Unique": false,
                                                          "Hash Cond": "(web_sales.ws_sold_date_sk = date_dim.d_date_sk)",
                                                          "Plans": [
                                                            {
                                                              "Node Type": "Seq Scan",
                                                              "Parent Relationship": "Outer",
                                                              "Parallel Aware": true,
                                                              "Async Capable": false,
                                                              "Relation Name": "web_sales",
                                                              "Alias": "web_sales",
                                                              "Startup Cost": 0.0,
                                                              "Total Cost": 307707.43,
                                                              "Plan Rows": 151429,
                                                              "Plan Width": 32,
                                                              "Filter": "((((ws_sales_price >= 100.00) AND (ws_sales_price <= 150.00)) OR ((ws_sales_price >= 50.00) AND (ws_sales_price <= 100.00)) OR ((ws_sales_price >= 150.00) AND (ws_sales_price <= 200.00))) AND (((ws_net_profit >= '100'::numeric) AND (ws_net_profit <= '200'::numeric)) OR ((ws_net_profit >= '150'::numeric) AND (ws_net_profit <= '300'::numeric)) OR ((ws_net_profit >= '50'::numeric) AND (ws_net_profit <= '250'::numeric))))",
                                                              "parent": 19,
                                                              "ID": 20
                                                            },
                                                            {
                                                              "Node Type": "Hash",
                                                              "Parent Relationship": "Inner",
                                                              "Parallel Aware": true,
                                                              "Async Capable": false,
                                                              "Startup Cost": 1942.12,
                                                              "Total Cost": 1942.12,
                                                              "Plan Rows": 213,
                                                              "Plan Width": 4,
                                                              "Plans": [
                                                                {
                                                                  "Node Type": "Seq Scan",
                                                                  "Parent Relationship": "Outer",
                                                                  "Parallel Aware": true,
                                                                  "Async Capable": false,
                                                                  "Relation Name": "date_dim",
                                                                  "Alias": "date_dim",
                                                                  "Startup Cost": 0.0,
                                                                  "Total Cost": 1942.12,
                                                                  "Plan Rows": 213,
                                                                  "Plan Width": 4,
                                                                  "Filter": "(d_year = 1998)",
                                                                  "parent": 21,
                                                                  "ID": 22
                                                                }
                                                              ],
                                                              "parent": 19,
                                                              "ID": 21,
                                                              "left": 22
                                                            }
                                                          ],
                                                          "parent": 18,
                                                          "ID": 19,
                                                          "left": 20,
                                                          "right": 21
                                                        }
                                                      ],
                                                      "parent": 13,
                                                      "ID": 18,
                                                      "left": 19
                                                    }
                                                  ],
                                                  "parent": 12,
                                                  "ID": 13,
                                                  "left": 14,
                                                  "right": 18
                                                }
                                              ],
                                              "parent": 10,
                                              "ID": 12,
                                              "left": 13
                                            }
                                          ],
                                          "parent": 9,
                                          "ID": 10,
                                          "left": 11,
                                          "right": 12
                                        }
                                      ],
                                      "parent": 7,
                                      "ID": 9,
                                      "left": 10
                                    }
                                  ],
                                  "parent": 6,
                                  "ID": 7,
                                  "left": 8,
                                  "right": 9
                                }
                              ],
                              "parent": 5,
                              "ID": 6,
                              "left": 7
                            },
                            {
                              "Node Type": "Seq Scan",
                              "Parent Relationship": "Inner",
                              "Parallel Aware": false,
                              "Async Capable": false,
                              "Relation Name": "web_page",
                              "Alias": "web_page",
                              "Startup Cost": 0.0,
                              "Total Cost": 7.0,
                              "Plan Rows": 200,
                              "Plan Width": 4,
                              "parent": 5,
                              "ID": 23
                            }
                          ],
                          "parent": 4,
                          "ID": 5,
                          "left": 6,
                          "right": 23
                        },
                        {
                          "Node Type": "Seq Scan",
                          "Parent Relationship": "Inner",
                          "Parallel Aware": false,
                          "Async Capable": false,
                          "Relation Name": "reason",
                          "Alias": "reason",
                          "Startup Cost": 0.0,
                          "Total Cost": 1.45,
                          "Plan Rows": 45,
                          "Plan Width": 105,
                          "parent": 4,
                          "ID": 24
                        }
                      ],
                      "parent": 3,
                      "ID": 4,
                      "left": 5,
                      "right": 24
                    }
                  ],
                  "parent": 2,
                  "ID": 3,
                  "left": 4
                }
              ],
              "parent": 1,
              "ID": 2,
              "left": 3
            }
          ],
          "parent": 0,
          "ID": 1,
          "left": 2
        }
      ],
      "parent": null,
      "ID": 0,
      "left": 1
    },
    "feat": {
      "utility": 3.2620192191819077e-06,
      "query_shape": [
        [
          "Seq Scan",
          "Hash Join",
          "Gather",
          "Nested Loop",
          "Sort",
          "Aggregate"
        ],
        [
          "Seq Scan",
          "Hash Join",
          "Hash",
          "Gather",
          "Nested Loop",
          "Sort",
          "Aggregate"
        ],
        [
          "Seq Scan",
          "Hash Join",
          "Hash",
          "Gather",
          "Nested Loop",
          "Sort",
          "Aggregate"
        ],
        [
          "Seq Scan",
          "Hash",
          "Hash Join",
          "Gather",
          "Nested Loop",
          "Sort",
          "Aggregate"
        ],
        [
          "Seq Scan",
          "Hash Join",
          "Hash",
          "Gather",
          "Nested Loop",
          "Sort",
          "Aggregate"
        ],
        [
          "Seq Scan",
          "Hash",
          "Hash Join",
          "Gather",
          "Nested Loop",
          "Sort",
          "Aggregate"
        ],
        [
          "Seq Scan",
          "Nested Loop",
          "Sort",
          "Aggregate"
        ],
        [
          "Seq Scan",
          "Nested Loop",
          "Sort",
          "Aggregate"
        ]
      ],
      "index_shape": [
        "join"
      ],
      "physical_operator": {
        "Nested Loop": [
          0.07071067811865475
        ]
      }
    }
  },
  {
    "query": "select  substr(r_reason_desc,1,20)\n       ,avg(ws_quantity)\n       ,avg(wr_refunded_cash)\n       ,avg(wr_fee)\n from web_sales, web_returns, web_page, customer_demographics cd1,\n      customer_demographics cd2, customer_address, date_dim, reason \n where ws_web_page_sk = wp_web_page_sk\n   and ws_item_sk = wr_item_sk\n   and ws_order_number = wr_order_number\n   and ws_sold_date_sk = d_date_sk and d_year = 1998\n   and cd1.cd_demo_sk = wr_refunded_cdemo_sk \n   and cd2.cd_demo_sk = wr_returning_cdemo_sk\n   and ca_address_sk = wr_refunded_addr_sk\n   and r_reason_sk = wr_reason_sk\n   and\n   (\n    (\n     cd1.cd_marital_status = 'M'\n     and\n     cd1.cd_marital_status = cd2.cd_marital_status\n     and\n     cd1.cd_education_status = 'Secondary'\n     and \n     cd1.cd_education_status = cd2.cd_education_status\n     and\n     ws_sales_price between 100.00 and 150.00\n    )\n   or\n    (\n     cd1.cd_marital_status = 'W'\n     and\n     cd1.cd_marital_status = cd2.cd_marital_status\n     and\n     cd1.cd_education_status = 'Primary' \n     and\n     cd1.cd_education_status = cd2.cd_education_status\n     and\n     ws_sales_price between 50.00 and 100.00\n    )\n   or\n    (\n     cd1.cd_marital_status = 'D'\n     and\n     cd1.cd_marital_status = cd2.cd_marital_status\n     and\n     cd1.cd_education_status = 'College'\n     and\n     cd1.cd_education_status = cd2.cd_education_status\n     and\n     ws_sales_price between 150.00 and 200.00\n    )\n   )\n   and\n   (\n    (\n     ca_country = 'United States'\n     and\n     ca_state in ('GA', 'NE', 'KY')\n     and ws_net_profit between 100 and 200  \n    )\n    or\n    (\n     ca_country = 'United States'\n     and\n     ca_state in ('CA', 'VA', 'FL')\n     and ws_net_profit between 150 and 300  \n    )\n    or\n    (\n     ca_country = 'United States'\n     and\n     ca_state in ('IN', 'WV', 'OK')\n     and ws_net_profit between 50 and 250  \n    )\n   )\ngroup by r_reason_desc\norder by substr(r_reason_desc,1,20)\n        ,avg(ws_quantity)\n        ,avg(wr_refunded_cash)\n        ,avg(wr_fee)\nlimit 100;\n\n-- end query 65 in stream 3 using template query85.tpl\n",
    "indexes": "web_returns.wr_item_sk",
    "wo plan est": {
      "Node Type": "Limit",
      "Parallel Aware": false,
      "Async Capable": false,
      "Startup Cost": 413078.35,
      "Total Cost": 413078.35,
      "Plan Rows": 1,
      "Plan Width": 229,
      "Plans": [
        {
          "Node Type": "Sort",
          "Parent Relationship": "Outer",
          "Parallel Aware": false,
          "Async Capable": false,
          "Startup Cost": 413078.35,
          "Total Cost": 413078.35,
          "Plan Rows": 1,
          "Plan Width": 229,
          "Sort Key": [
            "(substr((reason.r_reason_desc)::text, 1, 20))",
            "(avg(web_sales.ws_quantity))",
            "(avg(web_returns.wr_refunded_cash))",
            "(avg(web_returns.wr_fee))"
          ],
          "Plans": [
            {
              "Node Type": "Aggregate",
              "Strategy": "Sorted",
              "Partial Mode": "Simple",
              "Parent Relationship": "Outer",
              "Parallel Aware": false,
              "Async Capable": false,
              "Startup Cost": 413078.3,
              "Total Cost": 413078.34,
              "Plan Rows": 1,
              "Plan Width": 229,
              "Group Key": [
                "reason.r_reason_desc"
              ],
              "Plans": [
                {
                  "Node Type": "Sort",
                  "Parent Relationship": "Outer",
                  "Parallel Aware": false,
                  "Async Capable": false,
                  "Startup Cost": 413078.3,
                  "Total Cost": 413078.31,
                  "Plan Rows": 1,
                  "Plan Width": 117,
                  "Sort Key": [
                    "reason.r_reason_desc"
                  ],
                  "Plans": [
                    {
                      "Node Type": "Nested Loop",
                      "Parent Relationship": "Outer",
                      "Parallel Aware": false,
                      "Async Capable": false,
                      "Join Type": "Inner",
                      "Startup Cost": 370475.3,
                      "Total Cost": 413078.29,
                      "Plan Rows": 1,
                      "Plan Width": 117,
                      "Inner Unique": false,
                      "Join Filter": "(web_returns.wr_reason_sk = reason.r_reason_sk)",
                      "Plans": [
                        {
                          "Node Type": "Nested Loop",
                          "Parent Relationship": "Outer",
                          "Parallel Aware": false,
                          "Async Capable": false,
                          "Join Type": "Inner",
                          "Startup Cost": 370475.3,
                          "Total Cost": 413076.28,
                          "Plan Rows": 1,
                          "Plan Width": 20,
                          "Inner Unique": false,
                          "Join Filter": "(web_sales.ws_web_page_sk = web_page.wp_web_page_sk)",
                          "Plans": [
                            {
                              "Node Type": "Gather",
                              "Parent Relationship": "Outer",
                              "Parallel Aware": false,
                              "Async Capable": false,
                              "Startup Cost": 370475.3,
                              "Total Cost": 413066.78,
                              "Plan Rows": 1,
                              "Plan Width": 24,
                              "Workers Planned": 2,
                              "Single Copy": false,
                              "Plans": [
                                {
                                  "Node Type": "Hash Join",
                                  "Parent Relationship": "Outer",
                                  "Parallel Aware": true,
                                  "Async Capable": false,
                                  "Join Type": "Inner",
                                  "Startup Cost": 369475.3,
                                  "Total Cost": 412066.68,
                                  "Plan Rows": 1,
                                  "Plan Width": 24,
                                  "Inner Unique": false,
                                  "Hash Cond": "((cd1.cd_demo_sk = web_returns.wr_refunded_cdemo_sk) AND (cd1.cd_marital_status = cd2.cd_marital_status) AND (cd1.cd_education_status = cd2.cd_education_status))",
                                  "Join Filter": "(((cd1.cd_marital_status = 'M'::bpchar) AND (cd1.cd_education_status = 'Secondary'::bpchar) AND (web_sales.ws_sales_price >= 100.00) AND (web_sales.ws_sales_price <= 150.00)) OR ((cd1.cd_marital_status = 'W'::bpchar) AND (cd1.cd_education_status = 'Primary'::bpchar) AND (web_sales.ws_sales_price >= 50.00) AND (web_sales.ws_sales_price <= 100.00)) OR ((cd1.cd_marital_status = 'D'::bpchar) AND (cd1.cd_education_status = 'College'::bpchar) AND (web_sales.ws_sales_price >= 150.00) AND (web_sales.ws_sales_price <= 200.00)))",
                                  "Plans": [
                                    {
                                      "Node Type": "Seq Scan",
                                      "Parent Relationship": "Outer",
                                      "Parallel Aware": true,
                                      "Async Capable": false,
                                      "Relation Name": "customer_demographics",
                                      "Alias": "cd1",
                                      "Startup Cost": 0.0,
                                      "Total Cost": 41836.33,
                                      "Plan Rows": 67112,
                                      "Plan Width": 27,
                                      "Filter": "(((cd_marital_status = 'M'::bpchar) AND (cd_education_status = 'Secondary'::bpchar)) OR ((cd_marital_status = 'W'::bpchar) AND (cd_education_status = 'Primary'::bpchar)) OR ((cd_marital_status = 'D'::bpchar) AND (cd_education_status = 'College'::bpchar)))",
                                      "parent": 7,
                                      "ID": 8
                                    },
                                    {
                                      "Node Type": "Hash",
                                      "Parent Relationship": "Inner",
                                      "Parallel Aware": true,
                                      "Async Capable": false,
                                      "Startup Cost": 369475.28,
                                      "Total Cost": 369475.28,
                                      "Plan Rows": 1,
                                      "Plan Width": 57,
                                      "Plans": [
                                        {
                                          "Node Type": "Hash Join",
                                          "Parent Relationship": "Outer",
                                          "Parallel Aware": true,
                                          "Async Capable": false,
                                          "Join Type": "Inner",
                                          "Startup Cost": 336642.69,
                                          "Total Cost": 369475.28,
                                          "Plan Rows": 1,
                                          "Plan Width": 57,
                                          "Inner Unique": false,
                                          "Hash Cond": "(cd2.cd_demo_sk = web_returns.wr_returning_cdemo_sk)",
                                          "Plans": [
                                            {
                                              "Node Type": "Seq Scan",
                                              "Parent Relationship": "Outer",
                                              "Parallel Aware": true,
                                              "Async Capable": false,
                                              "Relation Name": "customer_demographics",
                                              "Alias": "cd2",
                                              "Startup Cost": 0.0,
                                              "Total Cost": 29831.33,
                                              "Plan Rows": 800333,
                                              "Plan Width": 27,
                                              "parent": 10,
                                              "ID": 11
                                            },
                                            {
                                              "Node Type": "Hash",
                                              "Parent Relationship": "Inner",
                                              "Parallel Aware": true,
                                              "Async Capable": false,
                                              "Startup Cost": 336642.67,
                                              "Total Cost": 336642.67,
                                              "Plan Rows": 1,
                                              "Plan Width": 38,
                                              "Plans": [
                                                {
                                                  "Node Type": "Hash Join",
                                                  "Parent Relationship": "Outer",
                                                  "Parallel Aware": true,
                                                  "Async Capable": false,
                                                  "Join Type": "Inner",
                                                  "Startup Cost": 318452.05,
                                                  "Total Cost": 336642.67,
                                                  "Plan Rows": 1,
                                                  "Plan Width": 38,
                                                  "Inner Unique": false,
                                                  "Hash Cond": "((web_returns.wr_item_sk = web_sales.ws_item_sk) AND (web_returns.wr_order_number = web_sales.ws_order_number))",
                                                  "Join Filter": "(((customer_address.ca_state = ANY ('{GA,NE,KY}'::bpchar[])) AND (web_sales.ws_net_profit >= '100'::numeric) AND (web_sales.ws_net_profit <= '200'::numeric)) OR ((customer_address.ca_state = ANY ('{CA,VA,FL}'::bpchar[])) AND (web_sales.ws_net_profit >= '150'::numeric) AND (web_sales.ws_net_profit <= '300'::numeric)) OR ((customer_address.ca_state = ANY ('{IN,WV,OK}'::bpchar[])) AND (web_sales.ws_net_profit >= '50'::numeric) AND (web_sales.ws_net_profit <= '250'::numeric)))",
                                                  "Plans": [
                                                    {
                                                      "Node Type": "Hash Join",
                                                      "Parent Relationship": "Outer",
                                                      "Parallel Aware": true,
                                                      "Async Capable": false,
                                                      "Join Type": "Inner",
                                                      "Startup Cost": 8216.31,
                                                      "Total Cost": 25900.27,
                                                      "Plan Rows": 67550,
                                                      "Plan Width": 35,
                                                      "Inner Unique": false,
                                                      "Hash Cond": "(web_returns.wr_refunded_addr_sk = customer_address.ca_address_sk)",
                                                      "Plans": [
                                                        {
                                                          "Node Type": "Seq Scan",
                                                          "Parent Relationship": "Outer",
                                                          "Parallel Aware": true,
                                                          "Async Capable": false,
                                                          "Relation Name": "web_returns",
                                                          "Alias": "web_returns",
                                                          "Startup Cost": 0.0,
                                                          "Total Cost": 16278.74,
                                                          "Plan Rows": 299674,
                                                          "Plan Width": 36,
                                                          "parent": 14,
                                                          "ID": 15
                                                        },
                                                        {
                                                          "Node Type": "Hash",
                                                          "Parent Relationship": "Inner",
                                                          "Parallel Aware": true,
                                                          "Async Capable": false,
                                                          "Startup Cost": 7908.96,
                                                          "Total Cost": 7908.96,
                                                          "Plan Rows": 24588,
                                                          "Plan Width": 7,
                                                          "Plans": [
                                                            {
                                                              "Node Type": "Seq Scan",
                                                              "Parent Relationship": "Outer",
                                                              "Parallel Aware": true,
                                                              "Async Capable": false,
                                                              "Relation Name": "customer_address",
                                                              "Alias": "customer_address",
                                                              "Startup Cost": 0.0,
                                                              "Total Cost": 7908.96,
                                                              "Plan Rows": 24588,
                                                              "Plan Width": 7,
                                                              "Filter": "(((ca_country)::text = 'United States'::text) AND ((ca_state = ANY ('{GA,NE,KY}'::bpchar[])) OR (ca_state = ANY ('{CA,VA,FL}'::bpchar[])) OR (ca_state = ANY ('{IN,WV,OK}'::bpchar[]))))",
                                                              "parent": 16,
                                                              "ID": 17
                                                            }
                                                          ],
                                                          "parent": 14,
                                                          "ID": 16,
                                                          "left": 17
                                                        }
                                                      ],
                                                      "parent": 13,
                                                      "ID": 14,
                                                      "left": 15,
                                                      "right": 16
                                                    },
                                                    {
                                                      "Node Type": "Hash",
                                                      "Parent Relationship": "Inner",
                                                      "Parallel Aware": true,
                                                      "Async Capable": false,
                                                      "Startup Cost": 310224.49,
                                                      "Total Cost": 310224.49,
                                                      "Plan Rows": 750,
                                                      "Plan Width": 28,
                                                      "Plans": [
                                                        {
                                                          "Node Type": "Hash Join",
                                                          "Parent Relationship": "Outer",
                                                          "Parallel Aware": true,
                                                          "Async Capable": false,
                                                          "Join Type": "Inner",
                                                          "Startup Cost": 1944.79,
                                                          "Total Cost": 310224.49,
                                                          "Plan Rows": 750,
                                                          "Plan Width": 28,
                                                          "Inner Unique": false,
                                                          "Hash Cond": "(web_sales.ws_sold_date_sk = date_dim.d_date_sk)",
                                                          "Plans": [
                                                            {
                                                              "Node Type": "Seq Scan",
                                                              "Parent Relationship": "Outer",
                                                              "Parallel Aware": true,
                                                              "Async Capable": false,
                                                              "Relation Name": "web_sales",
                                                              "Alias": "web_sales",
                                                              "Startup Cost": 0.0,
                                                              "Total Cost": 307707.43,
                                                              "Plan Rows": 151429,
                                                              "Plan Width": 32,
                                                              "Filter": "((((ws_sales_price >= 100.00) AND (ws_sales_price <= 150.00)) OR ((ws_sales_price >= 50.00) AND (ws_sales_price <= 100.00)) OR ((ws_sales_price >= 150.00) AND (ws_sales_price <= 200.00))) AND (((ws_net_profit >= '100'::numeric) AND (ws_net_profit <= '200'::numeric)) OR ((ws_net_profit >= '150'::numeric) AND (ws_net_profit <= '300'::numeric)) OR ((ws_net_profit >= '50'::numeric) AND (ws_net_profit <= '250'::numeric))))",
                                                              "parent": 19,
                                                              "ID": 20
                                                            },
                                                            {
                                                              "Node Type": "Hash",
                                                              "Parent Relationship": "Inner",
                                                              "Parallel Aware": true,
                                                              "Async Capable": false,
                                                              "Startup Cost": 1942.12,
                                                              "Total Cost": 1942.12,
                                                              "Plan Rows": 213,
                                                              "Plan Width": 4,
                                                              "Plans": [
                                                                {
                                                                  "Node Type": "Seq Scan",
                                                                  "Parent Relationship": "Outer",
                                                                  "Parallel Aware": true,
                                                                  "Async Capable": false,
                                                                  "Relation Name": "date_dim",
                                                                  "Alias": "date_dim",
                                                                  "Startup Cost": 0.0,
                                                                  "Total Cost": 1942.12,
                                                                  "Plan Rows": 213,
                                                                  "Plan Width": 4,
                                                                  "Filter": "(d_year = 1998)",
                                                                  "parent": 21,
                                                                  "ID": 22
                                                                }
                                                              ],
                                                              "parent": 19,
                                                              "ID": 21,
                                                              "left": 22
                                                            }
                                                          ],
                                                          "parent": 18,
                                                          "ID": 19,
                                                          "left": 20,
                                                          "right": 21
                                                        }
                                                      ],
                                                      "parent": 13,
                                                      "ID": 18,
                                                      "left": 19
                                                    }
                                                  ],
                                                  "parent": 12,
                                                  "ID": 13,
                                                  "left": 14,
                                                  "right": 18
                                                }
                                              ],
                                              "parent": 10,
                                              "ID": 12,
                                              "left": 13
                                            }
                                          ],
                                          "parent": 9,
                                          "ID": 10,
                                          "left": 11,
                                          "right": 12
                                        }
                                      ],
                                      "parent": 7,
                                      "ID": 9,
                                      "left": 10
                                    }
                                  ],
                                  "parent": 6,
                                  "ID": 7,
                                  "left": 8,
                                  "right": 9
                                }
                              ],
                              "parent": 5,
                              "ID": 6,
                              "left": 7
                            },
                            {
                              "Node Type": "Seq Scan",
                              "Parent Relationship": "Inner",
                              "Parallel Aware": false,
                              "Async Capable": false,
                              "Relation Name": "web_page",
                              "Alias": "web_page",
                              "Startup Cost": 0.0,
                              "Total Cost": 7.0,
                              "Plan Rows": 200,
                              "Plan Width": 4,
                              "parent": 5,
                              "ID": 23
                            }
                          ],
                          "parent": 4,
                          "ID": 5,
                          "left": 6,
                          "right": 23
                        },
                        {
                          "Node Type": "Seq Scan",
                          "Parent Relationship": "Inner",
                          "Parallel Aware": false,
                          "Async Capable": false,
                          "Relation Name": "reason",
                          "Alias": "reason",
                          "Startup Cost": 0.0,
                          "Total Cost": 1.45,
                          "Plan Rows": 45,
                          "Plan Width": 105,
                          "parent": 4,
                          "ID": 24
                        }
                      ],
                      "parent": 3,
                      "ID": 4,
                      "left": 5,
                      "right": 24
                    }
                  ],
                  "parent": 2,
                  "ID": 3,
                  "left": 4
                }
              ],
              "parent": 1,
              "ID": 2,
              "left": 3
            }
          ],
          "parent": 0,
          "ID": 1,
          "left": 2
        }
      ],
      "parent": null,
      "ID": 0,
      "left": 1
    },
    "feat": {
      "utility": 3.5097367949914033e-06,
      "query_shape": [
        [
          "Seq Scan",
          "Hash Join",
          "Gather",
          "Nested Loop",
          "Sort",
          "Aggregate"
        ],
        [
          "Seq Scan",
          "Hash Join",
          "Hash",
          "Gather",
          "Nested Loop",
          "Sort",
          "Aggregate"
        ],
        [
          "Seq Scan",
          "Hash Join",
          "Hash",
          "Gather",
          "Nested Loop",
          "Sort",
          "Aggregate"
        ],
        [
          "Seq Scan",
          "Hash",
          "Hash Join",
          "Gather",
          "Nested Loop",
          "Sort",
          "Aggregate"
        ],
        [
          "Seq Scan",
          "Hash Join",
          "Hash",
          "Gather",
          "Nested Loop",
          "Sort",
          "Aggregate"
        ],
        [
          "Seq Scan",
          "Hash",
          "Hash Join",
          "Gather",
          "Nested Loop",
          "Sort",
          "Aggregate"
        ],
        [
          "Seq Scan",
          "Nested Loop",
          "Sort",
          "Aggregate"
        ],
        [
          "Seq Scan",
          "Nested Loop",
          "Sort",
          "Aggregate"
        ]
      ],
      "index_shape": [
        "join"
      ],
      "physical_operator": {
        "Hash Join": [
          0.00014049364873303083
        ]
      }
    }
  },
  {
    "query": "select  substr(r_reason_desc,1,20)\n       ,avg(ws_quantity)\n       ,avg(wr_refunded_cash)\n       ,avg(wr_fee)\n from web_sales, web_returns, web_page, customer_demographics cd1,\n      customer_demographics cd2, customer_address, date_dim, reason \n where ws_web_page_sk = wp_web_page_sk\n   and ws_item_sk = wr_item_sk\n   and ws_order_number = wr_order_number\n   and ws_sold_date_sk = d_date_sk and d_year = 1998\n   and cd1.cd_demo_sk = wr_refunded_cdemo_sk \n   and cd2.cd_demo_sk = wr_returning_cdemo_sk\n   and ca_address_sk = wr_refunded_addr_sk\n   and r_reason_sk = wr_reason_sk\n   and\n   (\n    (\n     cd1.cd_marital_status = 'M'\n     and\n     cd1.cd_marital_status = cd2.cd_marital_status\n     and\n     cd1.cd_education_status = 'Secondary'\n     and \n     cd1.cd_education_status = cd2.cd_education_status\n     and\n     ws_sales_price between 100.00 and 150.00\n    )\n   or\n    (\n     cd1.cd_marital_status = 'W'\n     and\n     cd1.cd_marital_status = cd2.cd_marital_status\n     and\n     cd1.cd_education_status = 'Primary' \n     and\n     cd1.cd_education_status = cd2.cd_education_status\n     and\n     ws_sales_price between 50.00 and 100.00\n    )\n   or\n    (\n     cd1.cd_marital_status = 'D'\n     and\n     cd1.cd_marital_status = cd2.cd_marital_status\n     and\n     cd1.cd_education_status = 'College'\n     and\n     cd1.cd_education_status = cd2.cd_education_status\n     and\n     ws_sales_price between 150.00 and 200.00\n    )\n   )\n   and\n   (\n    (\n     ca_country = 'United States'\n     and\n     ca_state in ('GA', 'NE', 'KY')\n     and ws_net_profit between 100 and 200  \n    )\n    or\n    (\n     ca_country = 'United States'\n     and\n     ca_state in ('CA', 'VA', 'FL')\n     and ws_net_profit between 150 and 300  \n    )\n    or\n    (\n     ca_country = 'United States'\n     and\n     ca_state in ('IN', 'WV', 'OK')\n     and ws_net_profit between 50 and 250  \n    )\n   )\ngroup by r_reason_desc\norder by substr(r_reason_desc,1,20)\n        ,avg(ws_quantity)\n        ,avg(wr_refunded_cash)\n        ,avg(wr_fee)\nlimit 100;\n\n-- end query 65 in stream 3 using template query85.tpl\n",
    "indexes": "web_returns.wr_refunded_cdemo_sk",
    "wo plan est": {
      "Node Type": "Limit",
      "Parallel Aware": false,
      "Async Capable": false,
      "Startup Cost": 413078.35,
      "Total Cost": 413078.35,
      "Plan Rows": 1,
      "Plan Width": 229,
      "Plans": [
        {
          "Node Type": "Sort",
          "Parent Relationship": "Outer",
          "Parallel Aware": false,
          "Async Capable": false,
          "Startup Cost": 413078.35,
          "Total Cost": 413078.35,
          "Plan Rows": 1,
          "Plan Width": 229,
          "Sort Key": [
            "(substr((reason.r_reason_desc)::text, 1, 20))",
            "(avg(web_sales.ws_quantity))",
            "(avg(web_returns.wr_refunded_cash))",
            "(avg(web_returns.wr_fee))"
          ],
          "Plans": [
            {
              "Node Type": "Aggregate",
              "Strategy": "Sorted",
              "Partial Mode": "Simple",
              "Parent Relationship": "Outer",
              "Parallel Aware": false,
              "Async Capable": false,
              "Startup Cost": 413078.3,
              "Total Cost": 413078.34,
              "Plan Rows": 1,
              "Plan Width": 229,
              "Group Key": [
                "reason.r_reason_desc"
              ],
              "Plans": [
                {
                  "Node Type": "Sort",
                  "Parent Relationship": "Outer",
                  "Parallel Aware": false,
                  "Async Capable": false,
                  "Startup Cost": 413078.3,
                  "Total Cost": 413078.31,
                  "Plan Rows": 1,
                  "Plan Width": 117,
                  "Sort Key": [
                    "reason.r_reason_desc"
                  ],
                  "Plans": [
                    {
                      "Node Type": "Nested Loop",
                      "Parent Relationship": "Outer",
                      "Parallel Aware": false,
                      "Async Capable": false,
                      "Join Type": "Inner",
                      "Startup Cost": 370475.3,
                      "Total Cost": 413078.29,
                      "Plan Rows": 1,
                      "Plan Width": 117,
                      "Inner Unique": false,
                      "Join Filter": "(web_returns.wr_reason_sk = reason.r_reason_sk)",
                      "Plans": [
                        {
                          "Node Type": "Nested Loop",
                          "Parent Relationship": "Outer",
                          "Parallel Aware": false,
                          "Async Capable": false,
                          "Join Type": "Inner",
                          "Startup Cost": 370475.3,
                          "Total Cost": 413076.28,
                          "Plan Rows": 1,
                          "Plan Width": 20,
                          "Inner Unique": false,
                          "Join Filter": "(web_sales.ws_web_page_sk = web_page.wp_web_page_sk)",
                          "Plans": [
                            {
                              "Node Type": "Gather",
                              "Parent Relationship": "Outer",
                              "Parallel Aware": false,
                              "Async Capable": false,
                              "Startup Cost": 370475.3,
                              "Total Cost": 413066.78,
                              "Plan Rows": 1,
                              "Plan Width": 24,
                              "Workers Planned": 2,
                              "Single Copy": false,
                              "Plans": [
                                {
                                  "Node Type": "Hash Join",
                                  "Parent Relationship": "Outer",
                                  "Parallel Aware": true,
                                  "Async Capable": false,
                                  "Join Type": "Inner",
                                  "Startup Cost": 369475.3,
                                  "Total Cost": 412066.68,
                                  "Plan Rows": 1,
                                  "Plan Width": 24,
                                  "Inner Unique": false,
                                  "Hash Cond": "((cd1.cd_demo_sk = web_returns.wr_refunded_cdemo_sk) AND (cd1.cd_marital_status = cd2.cd_marital_status) AND (cd1.cd_education_status = cd2.cd_education_status))",
                                  "Join Filter": "(((cd1.cd_marital_status = 'M'::bpchar) AND (cd1.cd_education_status = 'Secondary'::bpchar) AND (web_sales.ws_sales_price >= 100.00) AND (web_sales.ws_sales_price <= 150.00)) OR ((cd1.cd_marital_status = 'W'::bpchar) AND (cd1.cd_education_status = 'Primary'::bpchar) AND (web_sales.ws_sales_price >= 50.00) AND (web_sales.ws_sales_price <= 100.00)) OR ((cd1.cd_marital_status = 'D'::bpchar) AND (cd1.cd_education_status = 'College'::bpchar) AND (web_sales.ws_sales_price >= 150.00) AND (web_sales.ws_sales_price <= 200.00)))",
                                  "Plans": [
                                    {
                                      "Node Type": "Seq Scan",
                                      "Parent Relationship": "Outer",
                                      "Parallel Aware": true,
                                      "Async Capable": false,
                                      "Relation Name": "customer_demographics",
                                      "Alias": "cd1",
                                      "Startup Cost": 0.0,
                                      "Total Cost": 41836.33,
                                      "Plan Rows": 67112,
                                      "Plan Width": 27,
                                      "Filter": "(((cd_marital_status = 'M'::bpchar) AND (cd_education_status = 'Secondary'::bpchar)) OR ((cd_marital_status = 'W'::bpchar) AND (cd_education_status = 'Primary'::bpchar)) OR ((cd_marital_status = 'D'::bpchar) AND (cd_education_status = 'College'::bpchar)))",
                                      "parent": 7,
                                      "ID": 8
                                    },
                                    {
                                      "Node Type": "Hash",
                                      "Parent Relationship": "Inner",
                                      "Parallel Aware": true,
                                      "Async Capable": false,
                                      "Startup Cost": 369475.28,
                                      "Total Cost": 369475.28,
                                      "Plan Rows": 1,
                                      "Plan Width": 57,
                                      "Plans": [
                                        {
                                          "Node Type": "Hash Join",
                                          "Parent Relationship": "Outer",
                                          "Parallel Aware": true,
                                          "Async Capable": false,
                                          "Join Type": "Inner",
                                          "Startup Cost": 336642.69,
                                          "Total Cost": 369475.28,
                                          "Plan Rows": 1,
                                          "Plan Width": 57,
                                          "Inner Unique": false,
                                          "Hash Cond": "(cd2.cd_demo_sk = web_returns.wr_returning_cdemo_sk)",
                                          "Plans": [
                                            {
                                              "Node Type": "Seq Scan",
                                              "Parent Relationship": "Outer",
                                              "Parallel Aware": true,
                                              "Async Capable": false,
                                              "Relation Name": "customer_demographics",
                                              "Alias": "cd2",
                                              "Startup Cost": 0.0,
                                              "Total Cost": 29831.33,
                                              "Plan Rows": 800333,
                                              "Plan Width": 27,
                                              "parent": 10,
                                              "ID": 11
                                            },
                                            {
                                              "Node Type": "Hash",
                                              "Parent Relationship": "Inner",
                                              "Parallel Aware": true,
                                              "Async Capable": false,
                                              "Startup Cost": 336642.67,
                                              "Total Cost": 336642.67,
                                              "Plan Rows": 1,
                                              "Plan Width": 38,
                                              "Plans": [
                                                {
                                                  "Node Type": "Hash Join",
                                                  "Parent Relationship": "Outer",
                                                  "Parallel Aware": true,
                                                  "Async Capable": false,
                                                  "Join Type": "Inner",
                                                  "Startup Cost": 318452.05,
                                                  "Total Cost": 336642.67,
                                                  "Plan Rows": 1,
                                                  "Plan Width": 38,
                                                  "Inner Unique": false,
                                                  "Hash Cond": "((web_returns.wr_item_sk = web_sales.ws_item_sk) AND (web_returns.wr_order_number = web_sales.ws_order_number))",
                                                  "Join Filter": "(((customer_address.ca_state = ANY ('{GA,NE,KY}'::bpchar[])) AND (web_sales.ws_net_profit >= '100'::numeric) AND (web_sales.ws_net_profit <= '200'::numeric)) OR ((customer_address.ca_state = ANY ('{CA,VA,FL}'::bpchar[])) AND (web_sales.ws_net_profit >= '150'::numeric) AND (web_sales.ws_net_profit <= '300'::numeric)) OR ((customer_address.ca_state = ANY ('{IN,WV,OK}'::bpchar[])) AND (web_sales.ws_net_profit >= '50'::numeric) AND (web_sales.ws_net_profit <= '250'::numeric)))",
                                                  "Plans": [
                                                    {
                                                      "Node Type": "Hash Join",
                                                      "Parent Relationship": "Outer",
                                                      "Parallel Aware": true,
                                                      "Async Capable": false,
                                                      "Join Type": "Inner",
                                                      "Startup Cost": 8216.31,
                                                      "Total Cost": 25900.27,
                                                      "Plan Rows": 67550,
                                                      "Plan Width": 35,
                                                      "Inner Unique": false,
                                                      "Hash Cond": "(web_returns.wr_refunded_addr_sk = customer_address.ca_address_sk)",
                                                      "Plans": [
                                                        {
                                                          "Node Type": "Seq Scan",
                                                          "Parent Relationship": "Outer",
                                                          "Parallel Aware": true,
                                                          "Async Capable": false,
                                                          "Relation Name": "web_returns",
                                                          "Alias": "web_returns",
                                                          "Startup Cost": 0.0,
                                                          "Total Cost": 16278.74,
                                                          "Plan Rows": 299674,
                                                          "Plan Width": 36,
                                                          "parent": 14,
                                                          "ID": 15
                                                        },
                                                        {
                                                          "Node Type": "Hash",
                                                          "Parent Relationship": "Inner",
                                                          "Parallel Aware": true,
                                                          "Async Capable": false,
                                                          "Startup Cost": 7908.96,
                                                          "Total Cost": 7908.96,
                                                          "Plan Rows": 24588,
                                                          "Plan Width": 7,
                                                          "Plans": [
                                                            {
                                                              "Node Type": "Seq Scan",
                                                              "Parent Relationship": "Outer",
                                                              "Parallel Aware": true,
                                                              "Async Capable": false,
                                                              "Relation Name": "customer_address",
                                                              "Alias": "customer_address",
                                                              "Startup Cost": 0.0,
                                                              "Total Cost": 7908.96,
                                                              "Plan Rows": 24588,
                                                              "Plan Width": 7,
                                                              "Filter": "(((ca_country)::text = 'United States'::text) AND ((ca_state = ANY ('{GA,NE,KY}'::bpchar[])) OR (ca_state = ANY ('{CA,VA,FL}'::bpchar[])) OR (ca_state = ANY ('{IN,WV,OK}'::bpchar[]))))",
                                                              "parent": 16,
                                                              "ID": 17
                                                            }
                                                          ],
                                                          "parent": 14,
                                                          "ID": 16,
                                                          "left": 17
                                                        }
                                                      ],
                                                      "parent": 13,
                                                      "ID": 14,
                                                      "left": 15,
                                                      "right": 16
                                                    },
                                                    {
                                                      "Node Type": "Hash",
                                                      "Parent Relationship": "Inner",
                                                      "Parallel Aware": true,
                                                      "Async Capable": false,
                                                      "Startup Cost": 310224.49,
                                                      "Total Cost": 310224.49,
                                                      "Plan Rows": 750,
                                                      "Plan Width": 28,
                                                      "Plans": [
                                                        {
                                                          "Node Type": "Hash Join",
                                                          "Parent Relationship": "Outer",
                                                          "Parallel Aware": true,
                                                          "Async Capable": false,
                                                          "Join Type": "Inner",
                                                          "Startup Cost": 1944.79,
                                                          "Total Cost": 310224.49,
                                                          "Plan Rows": 750,
                                                          "Plan Width": 28,
                                                          "Inner Unique": false,
                                                          "Hash Cond": "(web_sales.ws_sold_date_sk = date_dim.d_date_sk)",
                                                          "Plans": [
                                                            {
                                                              "Node Type": "Seq Scan",
                                                              "Parent Relationship": "Outer",
                                                              "Parallel Aware": true,
                                                              "Async Capable": false,
                                                              "Relation Name": "web_sales",
                                                              "Alias": "web_sales",
                                                              "Startup Cost": 0.0,
                                                              "Total Cost": 307707.43,
                                                              "Plan Rows": 151429,
                                                              "Plan Width": 32,
                                                              "Filter": "((((ws_sales_price >= 100.00) AND (ws_sales_price <= 150.00)) OR ((ws_sales_price >= 50.00) AND (ws_sales_price <= 100.00)) OR ((ws_sales_price >= 150.00) AND (ws_sales_price <= 200.00))) AND (((ws_net_profit >= '100'::numeric) AND (ws_net_profit <= '200'::numeric)) OR ((ws_net_profit >= '150'::numeric) AND (ws_net_profit <= '300'::numeric)) OR ((ws_net_profit >= '50'::numeric) AND (ws_net_profit <= '250'::numeric))))",
                                                              "parent": 19,
                                                              "ID": 20
                                                            },
                                                            {
                                                              "Node Type": "Hash",
                                                              "Parent Relationship": "Inner",
                                                              "Parallel Aware": true,
                                                              "Async Capable": false,
                                                              "Startup Cost": 1942.12,
                                                              "Total Cost": 1942.12,
                                                              "Plan Rows": 213,
                                                              "Plan Width": 4,
                                                              "Plans": [
                                                                {
                                                                  "Node Type": "Seq Scan",
                                                                  "Parent Relationship": "Outer",
                                                                  "Parallel Aware": true,
                                                                  "Async Capable": false,
                                                                  "Relation Name": "date_dim",
                                                                  "Alias": "date_dim",
                                                                  "Startup Cost": 0.0,
                                                                  "Total Cost": 1942.12,
                                                                  "Plan Rows": 213,
                                                                  "Plan Width": 4,
                                                                  "Filter": "(d_year = 1998)",
                                                                  "parent": 21,
                                                                  "ID": 22
                                                                }
                                                              ],
                                                              "parent": 19,
                                                              "ID": 21,
                                                              "left": 22
                                                            }
                                                          ],
                                                          "parent": 18,
                                                          "ID": 19,
                                                          "left": 20,
                                                          "right": 21
                                                        }
                                                      ],
                                                      "parent": 13,
                                                      "ID": 18,
                                                      "left": 19
                                                    }
                                                  ],
                                                  "parent": 12,
                                                  "ID": 13,
                                                  "left": 14,
                                                  "right": 18
                                                }
                                              ],
                                              "parent": 10,
                                              "ID": 12,
                                              "left": 13
                                            }
                                          ],
                                          "parent": 9,
                                          "ID": 10,
                                          "left": 11,
                                          "right": 12
                                        }
                                      ],
                                      "parent": 7,
                                      "ID": 9,
                                      "left": 10
                                    }
                                  ],
                                  "parent": 6,
                                  "ID": 7,
                                  "left": 8,
                                  "right": 9
                                }
                              ],
                              "parent": 5,
                              "ID": 6,
                              "left": 7
                            },
                            {
                              "Node Type": "Seq Scan",
                              "Parent Relationship": "Inner",
                              "Parallel Aware": false,
                              "Async Capable": false,
                              "Relation Name": "web_page",
                              "Alias": "web_page",
                              "Startup Cost": 0.0,
                              "Total Cost": 7.0,
                              "Plan Rows": 200,
                              "Plan Width": 4,
                              "parent": 5,
                              "ID": 23
                            }
                          ],
                          "parent": 4,
                          "ID": 5,
                          "left": 6,
                          "right": 23
                        },
                        {
                          "Node Type": "Seq Scan",
                          "Parent Relationship": "Inner",
                          "Parallel Aware": false,
                          "Async Capable": false,
                          "Relation Name": "reason",
                          "Alias": "reason",
                          "Startup Cost": 0.0,
                          "Total Cost": 1.45,
                          "Plan Rows": 45,
                          "Plan Width": 105,
                          "parent": 4,
                          "ID": 24
                        }
                      ],
                      "parent": 3,
                      "ID": 4,
                      "left": 5,
                      "right": 24
                    }
                  ],
                  "parent": 2,
                  "ID": 3,
                  "left": 4
                }
              ],
              "parent": 1,
              "ID": 2,
              "left": 3
            }
          ],
          "parent": 0,
          "ID": 1,
          "left": 2
        }
      ],
      "parent": null,
      "ID": 0,
      "left": 1
    },
    "feat": {
      "utility": 3.496680079104982e-06,
      "query_shape": [
        [
          "Seq Scan",
          "Hash Join",
          "Gather",
          "Nested Loop",
          "Sort",
          "Aggregate"
        ],
        [
          "Seq Scan",
          "Hash Join",
          "Hash",
          "Gather",
          "Nested Loop",
          "Sort",
          "Aggregate"
        ],
        [
          "Seq Scan",
          "Hash Join",
          "Hash",
          "Gather",
          "Nested Loop",
          "Sort",
          "Aggregate"
        ],
        [
          "Seq Scan",
          "Hash",
          "Hash Join",
          "Gather",
          "Nested Loop",
          "Sort",
          "Aggregate"
        ],
        [
          "Seq Scan",
          "Hash Join",
          "Hash",
          "Gather",
          "Nested Loop",
          "Sort",
          "Aggregate"
        ],
        [
          "Seq Scan",
          "Hash",
          "Hash Join",
          "Gather",
          "Nested Loop",
          "Sort",
          "Aggregate"
        ],
        [
          "Seq Scan",
          "Nested Loop",
          "Sort",
          "Aggregate"
        ],
        [
          "Seq Scan",
          "Nested Loop",
          "Sort",
          "Aggregate"
        ]
      ],
      "index_shape": [
        "join"
      ],
      "physical_operator": {
        "Hash Join": [
          0.003860112031341151
        ]
      }
    }
  },
  {
    "query": "select  substr(r_reason_desc,1,20)\n       ,avg(ws_quantity)\n       ,avg(wr_refunded_cash)\n       ,avg(wr_fee)\n from web_sales, web_returns, web_page, customer_demographics cd1,\n      customer_demographics cd2, customer_address, date_dim, reason \n where ws_web_page_sk = wp_web_page_sk\n   and ws_item_sk = wr_item_sk\n   and ws_order_number = wr_order_number\n   and ws_sold_date_sk = d_date_sk and d_year = 1998\n   and cd1.cd_demo_sk = wr_refunded_cdemo_sk \n   and cd2.cd_demo_sk = wr_returning_cdemo_sk\n   and ca_address_sk = wr_refunded_addr_sk\n   and r_reason_sk = wr_reason_sk\n   and\n   (\n    (\n     cd1.cd_marital_status = 'M'\n     and\n     cd1.cd_marital_status = cd2.cd_marital_status\n     and\n     cd1.cd_education_status = 'Secondary'\n     and \n     cd1.cd_education_status = cd2.cd_education_status\n     and\n     ws_sales_price between 100.00 and 150.00\n    )\n   or\n    (\n     cd1.cd_marital_status = 'W'\n     and\n     cd1.cd_marital_status = cd2.cd_marital_status\n     and\n     cd1.cd_education_status = 'Primary' \n     and\n     cd1.cd_education_status = cd2.cd_education_status\n     and\n     ws_sales_price between 50.00 and 100.00\n    )\n   or\n    (\n     cd1.cd_marital_status = 'D'\n     and\n     cd1.cd_marital_status = cd2.cd_marital_status\n     and\n     cd1.cd_education_status = 'College'\n     and\n     cd1.cd_education_status = cd2.cd_education_status\n     and\n     ws_sales_price between 150.00 and 200.00\n    )\n   )\n   and\n   (\n    (\n     ca_country = 'United States'\n     and\n     ca_state in ('GA', 'NE', 'KY')\n     and ws_net_profit between 100 and 200  \n    )\n    or\n    (\n     ca_country = 'United States'\n     and\n     ca_state in ('CA', 'VA', 'FL')\n     and ws_net_profit between 150 and 300  \n    )\n    or\n    (\n     ca_country = 'United States'\n     and\n     ca_state in ('IN', 'WV', 'OK')\n     and ws_net_profit between 50 and 250  \n    )\n   )\ngroup by r_reason_desc\norder by substr(r_reason_desc,1,20)\n        ,avg(ws_quantity)\n        ,avg(wr_refunded_cash)\n        ,avg(wr_fee)\nlimit 100;\n\n-- end query 65 in stream 3 using template query85.tpl\n",
    "indexes": "web_returns.wr_refunded_addr_sk",
    "wo plan est": {
      "Node Type": "Limit",
      "Parallel Aware": false,
      "Async Capable": false,
      "Startup Cost": 413078.35,
      "Total Cost": 413078.35,
      "Plan Rows": 1,
      "Plan Width": 229,
      "Plans": [
        {
          "Node Type": "Sort",
          "Parent Relationship": "Outer",
          "Parallel Aware": false,
          "Async Capable": false,
          "Startup Cost": 413078.35,
          "Total Cost": 413078.35,
          "Plan Rows": 1,
          "Plan Width": 229,
          "Sort Key": [
            "(substr((reason.r_reason_desc)::text, 1, 20))",
            "(avg(web_sales.ws_quantity))",
            "(avg(web_returns.wr_refunded_cash))",
            "(avg(web_returns.wr_fee))"
          ],
          "Plans": [
            {
              "Node Type": "Aggregate",
              "Strategy": "Sorted",
              "Partial Mode": "Simple",
              "Parent Relationship": "Outer",
              "Parallel Aware": false,
              "Async Capable": false,
              "Startup Cost": 413078.3,
              "Total Cost": 413078.34,
              "Plan Rows": 1,
              "Plan Width": 229,
              "Group Key": [
                "reason.r_reason_desc"
              ],
              "Plans": [
                {
                  "Node Type": "Sort",
                  "Parent Relationship": "Outer",
                  "Parallel Aware": false,
                  "Async Capable": false,
                  "Startup Cost": 413078.3,
                  "Total Cost": 413078.31,
                  "Plan Rows": 1,
                  "Plan Width": 117,
                  "Sort Key": [
                    "reason.r_reason_desc"
                  ],
                  "Plans": [
                    {
                      "Node Type": "Nested Loop",
                      "Parent Relationship": "Outer",
                      "Parallel Aware": false,
                      "Async Capable": false,
                      "Join Type": "Inner",
                      "Startup Cost": 370475.3,
                      "Total Cost": 413078.29,
                      "Plan Rows": 1,
                      "Plan Width": 117,
                      "Inner Unique": false,
                      "Join Filter": "(web_returns.wr_reason_sk = reason.r_reason_sk)",
                      "Plans": [
                        {
                          "Node Type": "Nested Loop",
                          "Parent Relationship": "Outer",
                          "Parallel Aware": false,
                          "Async Capable": false,
                          "Join Type": "Inner",
                          "Startup Cost": 370475.3,
                          "Total Cost": 413076.28,
                          "Plan Rows": 1,
                          "Plan Width": 20,
                          "Inner Unique": false,
                          "Join Filter": "(web_sales.ws_web_page_sk = web_page.wp_web_page_sk)",
                          "Plans": [
                            {
                              "Node Type": "Gather",
                              "Parent Relationship": "Outer",
                              "Parallel Aware": false,
                              "Async Capable": false,
                              "Startup Cost": 370475.3,
                              "Total Cost": 413066.78,
                              "Plan Rows": 1,
                              "Plan Width": 24,
                              "Workers Planned": 2,
                              "Single Copy": false,
                              "Plans": [
                                {
                                  "Node Type": "Hash Join",
                                  "Parent Relationship": "Outer",
                                  "Parallel Aware": true,
                                  "Async Capable": false,
                                  "Join Type": "Inner",
                                  "Startup Cost": 369475.3,
                                  "Total Cost": 412066.68,
                                  "Plan Rows": 1,
                                  "Plan Width": 24,
                                  "Inner Unique": false,
                                  "Hash Cond": "((cd1.cd_demo_sk = web_returns.wr_refunded_cdemo_sk) AND (cd1.cd_marital_status = cd2.cd_marital_status) AND (cd1.cd_education_status = cd2.cd_education_status))",
                                  "Join Filter": "(((cd1.cd_marital_status = 'M'::bpchar) AND (cd1.cd_education_status = 'Secondary'::bpchar) AND (web_sales.ws_sales_price >= 100.00) AND (web_sales.ws_sales_price <= 150.00)) OR ((cd1.cd_marital_status = 'W'::bpchar) AND (cd1.cd_education_status = 'Primary'::bpchar) AND (web_sales.ws_sales_price >= 50.00) AND (web_sales.ws_sales_price <= 100.00)) OR ((cd1.cd_marital_status = 'D'::bpchar) AND (cd1.cd_education_status = 'College'::bpchar) AND (web_sales.ws_sales_price >= 150.00) AND (web_sales.ws_sales_price <= 200.00)))",
                                  "Plans": [
                                    {
                                      "Node Type": "Seq Scan",
                                      "Parent Relationship": "Outer",
                                      "Parallel Aware": true,
                                      "Async Capable": false,
                                      "Relation Name": "customer_demographics",
                                      "Alias": "cd1",
                                      "Startup Cost": 0.0,
                                      "Total Cost": 41836.33,
                                      "Plan Rows": 67112,
                                      "Plan Width": 27,
                                      "Filter": "(((cd_marital_status = 'M'::bpchar) AND (cd_education_status = 'Secondary'::bpchar)) OR ((cd_marital_status = 'W'::bpchar) AND (cd_education_status = 'Primary'::bpchar)) OR ((cd_marital_status = 'D'::bpchar) AND (cd_education_status = 'College'::bpchar)))",
                                      "parent": 7,
                                      "ID": 8
                                    },
                                    {
                                      "Node Type": "Hash",
                                      "Parent Relationship": "Inner",
                                      "Parallel Aware": true,
                                      "Async Capable": false,
                                      "Startup Cost": 369475.28,
                                      "Total Cost": 369475.28,
                                      "Plan Rows": 1,
                                      "Plan Width": 57,
                                      "Plans": [
                                        {
                                          "Node Type": "Hash Join",
                                          "Parent Relationship": "Outer",
                                          "Parallel Aware": true,
                                          "Async Capable": false,
                                          "Join Type": "Inner",
                                          "Startup Cost": 336642.69,
                                          "Total Cost": 369475.28,
                                          "Plan Rows": 1,
                                          "Plan Width": 57,
                                          "Inner Unique": false,
                                          "Hash Cond": "(cd2.cd_demo_sk = web_returns.wr_returning_cdemo_sk)",
                                          "Plans": [
                                            {
                                              "Node Type": "Seq Scan",
                                              "Parent Relationship": "Outer",
                                              "Parallel Aware": true,
                                              "Async Capable": false,
                                              "Relation Name": "customer_demographics",
                                              "Alias": "cd2",
                                              "Startup Cost": 0.0,
                                              "Total Cost": 29831.33,
                                              "Plan Rows": 800333,
                                              "Plan Width": 27,
                                              "parent": 10,
                                              "ID": 11
                                            },
                                            {
                                              "Node Type": "Hash",
                                              "Parent Relationship": "Inner",
                                              "Parallel Aware": true,
                                              "Async Capable": false,
                                              "Startup Cost": 336642.67,
                                              "Total Cost": 336642.67,
                                              "Plan Rows": 1,
                                              "Plan Width": 38,
                                              "Plans": [
                                                {
                                                  "Node Type": "Hash Join",
                                                  "Parent Relationship": "Outer",
                                                  "Parallel Aware": true,
                                                  "Async Capable": false,
                                                  "Join Type": "Inner",
                                                  "Startup Cost": 318452.05,
                                                  "Total Cost": 336642.67,
                                                  "Plan Rows": 1,
                                                  "Plan Width": 38,
                                                  "Inner Unique": false,
                                                  "Hash Cond": "((web_returns.wr_item_sk = web_sales.ws_item_sk) AND (web_returns.wr_order_number = web_sales.ws_order_number))",
                                                  "Join Filter": "(((customer_address.ca_state = ANY ('{GA,NE,KY}'::bpchar[])) AND (web_sales.ws_net_profit >= '100'::numeric) AND (web_sales.ws_net_profit <= '200'::numeric)) OR ((customer_address.ca_state = ANY ('{CA,VA,FL}'::bpchar[])) AND (web_sales.ws_net_profit >= '150'::numeric) AND (web_sales.ws_net_profit <= '300'::numeric)) OR ((customer_address.ca_state = ANY ('{IN,WV,OK}'::bpchar[])) AND (web_sales.ws_net_profit >= '50'::numeric) AND (web_sales.ws_net_profit <= '250'::numeric)))",
                                                  "Plans": [
                                                    {
                                                      "Node Type": "Hash Join",
                                                      "Parent Relationship": "Outer",
                                                      "Parallel Aware": true,
                                                      "Async Capable": false,
                                                      "Join Type": "Inner",
                                                      "Startup Cost": 8216.31,
                                                      "Total Cost": 25900.27,
                                                      "Plan Rows": 67550,
                                                      "Plan Width": 35,
                                                      "Inner Unique": false,
                                                      "Hash Cond": "(web_returns.wr_refunded_addr_sk = customer_address.ca_address_sk)",
                                                      "Plans": [
                                                        {
                                                          "Node Type": "Seq Scan",
                                                          "Parent Relationship": "Outer",
                                                          "Parallel Aware": true,
                                                          "Async Capable": false,
                                                          "Relation Name": "web_returns",
                                                          "Alias": "web_returns",
                                                          "Startup Cost": 0.0,
                                                          "Total Cost": 16278.74,
                                                          "Plan Rows": 299674,
                                                          "Plan Width": 36,
                                                          "parent": 14,
                                                          "ID": 15
                                                        },
                                                        {
                                                          "Node Type": "Hash",
                                                          "Parent Relationship": "Inner",
                                                          "Parallel Aware": true,
                                                          "Async Capable": false,
                                                          "Startup Cost": 7908.96,
                                                          "Total Cost": 7908.96,
                                                          "Plan Rows": 24588,
                                                          "Plan Width": 7,
                                                          "Plans": [
                                                            {
                                                              "Node Type": "Seq Scan",
                                                              "Parent Relationship": "Outer",
                                                              "Parallel Aware": true,
                                                              "Async Capable": false,
                                                              "Relation Name": "customer_address",
                                                              "Alias": "customer_address",
                                                              "Startup Cost": 0.0,
                                                              "Total Cost": 7908.96,
                                                              "Plan Rows": 24588,
                                                              "Plan Width": 7,
                                                              "Filter": "(((ca_country)::text = 'United States'::text) AND ((ca_state = ANY ('{GA,NE,KY}'::bpchar[])) OR (ca_state = ANY ('{CA,VA,FL}'::bpchar[])) OR (ca_state = ANY ('{IN,WV,OK}'::bpchar[]))))",
                                                              "parent": 16,
                                                              "ID": 17
                                                            }
                                                          ],
                                                          "parent": 14,
                                                          "ID": 16,
                                                          "left": 17
                                                        }
                                                      ],
                                                      "parent": 13,
                                                      "ID": 14,
                                                      "left": 15,
                                                      "right": 16
                                                    },
                                                    {
                                                      "Node Type": "Hash",
                                                      "Parent Relationship": "Inner",
                                                      "Parallel Aware": true,
                                                      "Async Capable": false,
                                                      "Startup Cost": 310224.49,
                                                      "Total Cost": 310224.49,
                                                      "Plan Rows": 750,
                                                      "Plan Width": 28,
                                                      "Plans": [
                                                        {
                                                          "Node Type": "Hash Join",
                                                          "Parent Relationship": "Outer",
                                                          "Parallel Aware": true,
                                                          "Async Capable": false,
                                                          "Join Type": "Inner",
                                                          "Startup Cost": 1944.79,
                                                          "Total Cost": 310224.49,
                                                          "Plan Rows": 750,
                                                          "Plan Width": 28,
                                                          "Inner Unique": false,
                                                          "Hash Cond": "(web_sales.ws_sold_date_sk = date_dim.d_date_sk)",
                                                          "Plans": [
                                                            {
                                                              "Node Type": "Seq Scan",
                                                              "Parent Relationship": "Outer",
                                                              "Parallel Aware": true,
                                                              "Async Capable": false,
                                                              "Relation Name": "web_sales",
                                                              "Alias": "web_sales",
                                                              "Startup Cost": 0.0,
                                                              "Total Cost": 307707.43,
                                                              "Plan Rows": 151429,
                                                              "Plan Width": 32,
                                                              "Filter": "((((ws_sales_price >= 100.00) AND (ws_sales_price <= 150.00)) OR ((ws_sales_price >= 50.00) AND (ws_sales_price <= 100.00)) OR ((ws_sales_price >= 150.00) AND (ws_sales_price <= 200.00))) AND (((ws_net_profit >= '100'::numeric) AND (ws_net_profit <= '200'::numeric)) OR ((ws_net_profit >= '150'::numeric) AND (ws_net_profit <= '300'::numeric)) OR ((ws_net_profit >= '50'::numeric) AND (ws_net_profit <= '250'::numeric))))",
                                                              "parent": 19,
                                                              "ID": 20
                                                            },
                                                            {
                                                              "Node Type": "Hash",
                                                              "Parent Relationship": "Inner",
                                                              "Parallel Aware": true,
                                                              "Async Capable": false,
                                                              "Startup Cost": 1942.12,
                                                              "Total Cost": 1942.12,
                                                              "Plan Rows": 213,
                                                              "Plan Width": 4,
                                                              "Plans": [
                                                                {
                                                                  "Node Type": "Seq Scan",
                                                                  "Parent Relationship": "Outer",
                                                                  "Parallel Aware": true,
                                                                  "Async Capable": false,
                                                                  "Relation Name": "date_dim",
                                                                  "Alias": "date_dim",
                                                                  "Startup Cost": 0.0,
                                                                  "Total Cost": 1942.12,
                                                                  "Plan Rows": 213,
                                                                  "Plan Width": 4,
                                                                  "Filter": "(d_year = 1998)",
                                                                  "parent": 21,
                                                                  "ID": 22
                                                                }
                                                              ],
                                                              "parent": 19,
                                                              "ID": 21,
                                                              "left": 22
                                                            }
                                                          ],
                                                          "parent": 18,
                                                          "ID": 19,
                                                          "left": 20,
                                                          "right": 21
                                                        }
                                                      ],
                                                      "parent": 13,
                                                      "ID": 18,
                                                      "left": 19
                                                    }
                                                  ],
                                                  "parent": 12,
                                                  "ID": 13,
                                                  "left": 14,
                                                  "right": 18
                                                }
                                              ],
                                              "parent": 10,
                                              "ID": 12,
                                              "left": 13
                                            }
                                          ],
                                          "parent": 9,
                                          "ID": 10,
                                          "left": 11,
                                          "right": 12
                                        }
                                      ],
                                      "parent": 7,
                                      "ID": 9,
                                      "left": 10
                                    }
                                  ],
                                  "parent": 6,
                                  "ID": 7,
                                  "left": 8,
                                  "right": 9
                                }
                              ],
                              "parent": 5,
                              "ID": 6,
                              "left": 7
                            },
                            {
                              "Node Type": "Seq Scan",
                              "Parent Relationship": "Inner",
                              "Parallel Aware": false,
                              "Async Capable": false,
                              "Relation Name": "web_page",
                              "Alias": "web_page",
                              "Startup Cost": 0.0,
                              "Total Cost": 7.0,
                              "Plan Rows": 200,
                              "Plan Width": 4,
                              "parent": 5,
                              "ID": 23
                            }
                          ],
                          "parent": 4,
                          "ID": 5,
                          "left": 6,
                          "right": 23
                        },
                        {
                          "Node Type": "Seq Scan",
                          "Parent Relationship": "Inner",
                          "Parallel Aware": false,
                          "Async Capable": false,
                          "Relation Name": "reason",
                          "Alias": "reason",
                          "Startup Cost": 0.0,
                          "Total Cost": 1.45,
                          "Plan Rows": 45,
                          "Plan Width": 105,
                          "parent": 4,
                          "ID": 24
                        }
                      ],
                      "parent": 3,
                      "ID": 4,
                      "left": 5,
                      "right": 24
                    }
                  ],
                  "parent": 2,
                  "ID": 3,
                  "left": 4
                }
              ],
              "parent": 1,
              "ID": 2,
              "left": 3
            }
          ],
          "parent": 0,
          "ID": 1,
          "left": 2
        }
      ],
      "parent": null,
      "ID": 0,
      "left": 1
    },
    "feat": {
      "utility": 3.4996017014589826e-06,
      "query_shape": [
        [
          "Seq Scan",
          "Hash Join",
          "Gather",
          "Nested Loop",
          "Sort",
          "Aggregate"
        ],
        [
          "Seq Scan",
          "Hash Join",
          "Hash",
          "Gather",
          "Nested Loop",
          "Sort",
          "Aggregate"
        ],
        [
          "Seq Scan",
          "Hash Join",
          "Hash",
          "Gather",
          "Nested Loop",
          "Sort",
          "Aggregate"
        ],
        [
          "Seq Scan",
          "Hash",
          "Hash Join",
          "Gather",
          "Nested Loop",
          "Sort",
          "Aggregate"
        ],
        [
          "Seq Scan",
          "Hash Join",
          "Hash",
          "Gather",
          "Nested Loop",
          "Sort",
          "Aggregate"
        ],
        [
          "Seq Scan",
          "Hash",
          "Hash Join",
          "Gather",
          "Nested Loop",
          "Sort",
          "Aggregate"
        ],
        [
          "Seq Scan",
          "Nested Loop",
          "Sort",
          "Aggregate"
        ],
        [
          "Seq Scan",
          "Nested Loop",
          "Sort",
          "Aggregate"
        ]
      ],
      "index_shape": [
        "join"
      ],
      "physical_operator": {
        "Hash Join": [
          0.003027795520090212
        ]
      }
    }
  },
  {
    "query": "select  substr(r_reason_desc,1,20)\n       ,avg(ws_quantity)\n       ,avg(wr_refunded_cash)\n       ,avg(wr_fee)\n from web_sales, web_returns, web_page, customer_demographics cd1,\n      customer_demographics cd2, customer_address, date_dim, reason \n where ws_web_page_sk = wp_web_page_sk\n   and ws_item_sk = wr_item_sk\n   and ws_order_number = wr_order_number\n   and ws_sold_date_sk = d_date_sk and d_year = 1998\n   and cd1.cd_demo_sk = wr_refunded_cdemo_sk \n   and cd2.cd_demo_sk = wr_returning_cdemo_sk\n   and ca_address_sk = wr_refunded_addr_sk\n   and r_reason_sk = wr_reason_sk\n   and\n   (\n    (\n     cd1.cd_marital_status = 'M'\n     and\n     cd1.cd_marital_status = cd2.cd_marital_status\n     and\n     cd1.cd_education_status = 'Secondary'\n     and \n     cd1.cd_education_status = cd2.cd_education_status\n     and\n     ws_sales_price between 100.00 and 150.00\n    )\n   or\n    (\n     cd1.cd_marital_status = 'W'\n     and\n     cd1.cd_marital_status = cd2.cd_marital_status\n     and\n     cd1.cd_education_status = 'Primary' \n     and\n     cd1.cd_education_status = cd2.cd_education_status\n     and\n     ws_sales_price between 50.00 and 100.00\n    )\n   or\n    (\n     cd1.cd_marital_status = 'D'\n     and\n     cd1.cd_marital_status = cd2.cd_marital_status\n     and\n     cd1.cd_education_status = 'College'\n     and\n     cd1.cd_education_status = cd2.cd_education_status\n     and\n     ws_sales_price between 150.00 and 200.00\n    )\n   )\n   and\n   (\n    (\n     ca_country = 'United States'\n     and\n     ca_state in ('GA', 'NE', 'KY')\n     and ws_net_profit between 100 and 200  \n    )\n    or\n    (\n     ca_country = 'United States'\n     and\n     ca_state in ('CA', 'VA', 'FL')\n     and ws_net_profit between 150 and 300  \n    )\n    or\n    (\n     ca_country = 'United States'\n     and\n     ca_state in ('IN', 'WV', 'OK')\n     and ws_net_profit between 50 and 250  \n    )\n   )\ngroup by r_reason_desc\norder by substr(r_reason_desc,1,20)\n        ,avg(ws_quantity)\n        ,avg(wr_refunded_cash)\n        ,avg(wr_fee)\nlimit 100;\n\n-- end query 65 in stream 3 using template query85.tpl\n",
    "indexes": "web_returns.wr_returning_cdemo_sk",
    "wo plan est": {
      "Node Type": "Limit",
      "Parallel Aware": false,
      "Async Capable": false,
      "Startup Cost": 413078.35,
      "Total Cost": 413078.35,
      "Plan Rows": 1,
      "Plan Width": 229,
      "Plans": [
        {
          "Node Type": "Sort",
          "Parent Relationship": "Outer",
          "Parallel Aware": false,
          "Async Capable": false,
          "Startup Cost": 413078.35,
          "Total Cost": 413078.35,
          "Plan Rows": 1,
          "Plan Width": 229,
          "Sort Key": [
            "(substr((reason.r_reason_desc)::text, 1, 20))",
            "(avg(web_sales.ws_quantity))",
            "(avg(web_returns.wr_refunded_cash))",
            "(avg(web_returns.wr_fee))"
          ],
          "Plans": [
            {
              "Node Type": "Aggregate",
              "Strategy": "Sorted",
              "Partial Mode": "Simple",
              "Parent Relationship": "Outer",
              "Parallel Aware": false,
              "Async Capable": false,
              "Startup Cost": 413078.3,
              "Total Cost": 413078.34,
              "Plan Rows": 1,
              "Plan Width": 229,
              "Group Key": [
                "reason.r_reason_desc"
              ],
              "Plans": [
                {
                  "Node Type": "Sort",
                  "Parent Relationship": "Outer",
                  "Parallel Aware": false,
                  "Async Capable": false,
                  "Startup Cost": 413078.3,
                  "Total Cost": 413078.31,
                  "Plan Rows": 1,
                  "Plan Width": 117,
                  "Sort Key": [
                    "reason.r_reason_desc"
                  ],
                  "Plans": [
                    {
                      "Node Type": "Nested Loop",
                      "Parent Relationship": "Outer",
                      "Parallel Aware": false,
                      "Async Capable": false,
                      "Join Type": "Inner",
                      "Startup Cost": 370475.3,
                      "Total Cost": 413078.29,
                      "Plan Rows": 1,
                      "Plan Width": 117,
                      "Inner Unique": false,
                      "Join Filter": "(web_returns.wr_reason_sk = reason.r_reason_sk)",
                      "Plans": [
                        {
                          "Node Type": "Nested Loop",
                          "Parent Relationship": "Outer",
                          "Parallel Aware": false,
                          "Async Capable": false,
                          "Join Type": "Inner",
                          "Startup Cost": 370475.3,
                          "Total Cost": 413076.28,
                          "Plan Rows": 1,
                          "Plan Width": 20,
                          "Inner Unique": false,
                          "Join Filter": "(web_sales.ws_web_page_sk = web_page.wp_web_page_sk)",
                          "Plans": [
                            {
                              "Node Type": "Gather",
                              "Parent Relationship": "Outer",
                              "Parallel Aware": false,
                              "Async Capable": false,
                              "Startup Cost": 370475.3,
                              "Total Cost": 413066.78,
                              "Plan Rows": 1,
                              "Plan Width": 24,
                              "Workers Planned": 2,
                              "Single Copy": false,
                              "Plans": [
                                {
                                  "Node Type": "Hash Join",
                                  "Parent Relationship": "Outer",
                                  "Parallel Aware": true,
                                  "Async Capable": false,
                                  "Join Type": "Inner",
                                  "Startup Cost": 369475.3,
                                  "Total Cost": 412066.68,
                                  "Plan Rows": 1,
                                  "Plan Width": 24,
                                  "Inner Unique": false,
                                  "Hash Cond": "((cd1.cd_demo_sk = web_returns.wr_refunded_cdemo_sk) AND (cd1.cd_marital_status = cd2.cd_marital_status) AND (cd1.cd_education_status = cd2.cd_education_status))",
                                  "Join Filter": "(((cd1.cd_marital_status = 'M'::bpchar) AND (cd1.cd_education_status = 'Secondary'::bpchar) AND (web_sales.ws_sales_price >= 100.00) AND (web_sales.ws_sales_price <= 150.00)) OR ((cd1.cd_marital_status = 'W'::bpchar) AND (cd1.cd_education_status = 'Primary'::bpchar) AND (web_sales.ws_sales_price >= 50.00) AND (web_sales.ws_sales_price <= 100.00)) OR ((cd1.cd_marital_status = 'D'::bpchar) AND (cd1.cd_education_status = 'College'::bpchar) AND (web_sales.ws_sales_price >= 150.00) AND (web_sales.ws_sales_price <= 200.00)))",
                                  "Plans": [
                                    {
                                      "Node Type": "Seq Scan",
                                      "Parent Relationship": "Outer",
                                      "Parallel Aware": true,
                                      "Async Capable": false,
                                      "Relation Name": "customer_demographics",
                                      "Alias": "cd1",
                                      "Startup Cost": 0.0,
                                      "Total Cost": 41836.33,
                                      "Plan Rows": 67112,
                                      "Plan Width": 27,
                                      "Filter": "(((cd_marital_status = 'M'::bpchar) AND (cd_education_status = 'Secondary'::bpchar)) OR ((cd_marital_status = 'W'::bpchar) AND (cd_education_status = 'Primary'::bpchar)) OR ((cd_marital_status = 'D'::bpchar) AND (cd_education_status = 'College'::bpchar)))",
                                      "parent": 7,
                                      "ID": 8
                                    },
                                    {
                                      "Node Type": "Hash",
                                      "Parent Relationship": "Inner",
                                      "Parallel Aware": true,
                                      "Async Capable": false,
                                      "Startup Cost": 369475.28,
                                      "Total Cost": 369475.28,
                                      "Plan Rows": 1,
                                      "Plan Width": 57,
                                      "Plans": [
                                        {
                                          "Node Type": "Hash Join",
                                          "Parent Relationship": "Outer",
                                          "Parallel Aware": true,
                                          "Async Capable": false,
                                          "Join Type": "Inner",
                                          "Startup Cost": 336642.69,
                                          "Total Cost": 369475.28,
                                          "Plan Rows": 1,
                                          "Plan Width": 57,
                                          "Inner Unique": false,
                                          "Hash Cond": "(cd2.cd_demo_sk = web_returns.wr_returning_cdemo_sk)",
                                          "Plans": [
                                            {
                                              "Node Type": "Seq Scan",
                                              "Parent Relationship": "Outer",
                                              "Parallel Aware": true,
                                              "Async Capable": false,
                                              "Relation Name": "customer_demographics",
                                              "Alias": "cd2",
                                              "Startup Cost": 0.0,
                                              "Total Cost": 29831.33,
                                              "Plan Rows": 800333,
                                              "Plan Width": 27,
                                              "parent": 10,
                                              "ID": 11
                                            },
                                            {
                                              "Node Type": "Hash",
                                              "Parent Relationship": "Inner",
                                              "Parallel Aware": true,
                                              "Async Capable": false,
                                              "Startup Cost": 336642.67,
                                              "Total Cost": 336642.67,
                                              "Plan Rows": 1,
                                              "Plan Width": 38,
                                              "Plans": [
                                                {
                                                  "Node Type": "Hash Join",
                                                  "Parent Relationship": "Outer",
                                                  "Parallel Aware": true,
                                                  "Async Capable": false,
                                                  "Join Type": "Inner",
                                                  "Startup Cost": 318452.05,
                                                  "Total Cost": 336642.67,
                                                  "Plan Rows": 1,
                                                  "Plan Width": 38,
                                                  "Inner Unique": false,
                                                  "Hash Cond": "((web_returns.wr_item_sk = web_sales.ws_item_sk) AND (web_returns.wr_order_number = web_sales.ws_order_number))",
                                                  "Join Filter": "(((customer_address.ca_state = ANY ('{GA,NE,KY}'::bpchar[])) AND (web_sales.ws_net_profit >= '100'::numeric) AND (web_sales.ws_net_profit <= '200'::numeric)) OR ((customer_address.ca_state = ANY ('{CA,VA,FL}'::bpchar[])) AND (web_sales.ws_net_profit >= '150'::numeric) AND (web_sales.ws_net_profit <= '300'::numeric)) OR ((customer_address.ca_state = ANY ('{IN,WV,OK}'::bpchar[])) AND (web_sales.ws_net_profit >= '50'::numeric) AND (web_sales.ws_net_profit <= '250'::numeric)))",
                                                  "Plans": [
                                                    {
                                                      "Node Type": "Hash Join",
                                                      "Parent Relationship": "Outer",
                                                      "Parallel Aware": true,
                                                      "Async Capable": false,
                                                      "Join Type": "Inner",
                                                      "Startup Cost": 8216.31,
                                                      "Total Cost": 25900.27,
                                                      "Plan Rows": 67550,
                                                      "Plan Width": 35,
                                                      "Inner Unique": false,
                                                      "Hash Cond": "(web_returns.wr_refunded_addr_sk = customer_address.ca_address_sk)",
                                                      "Plans": [
                                                        {
                                                          "Node Type": "Seq Scan",
                                                          "Parent Relationship": "Outer",
                                                          "Parallel Aware": true,
                                                          "Async Capable": false,
                                                          "Relation Name": "web_returns",
                                                          "Alias": "web_returns",
                                                          "Startup Cost": 0.0,
                                                          "Total Cost": 16278.74,
                                                          "Plan Rows": 299674,
                                                          "Plan Width": 36,
                                                          "parent": 14,
                                                          "ID": 15
                                                        },
                                                        {
                                                          "Node Type": "Hash",
                                                          "Parent Relationship": "Inner",
                                                          "Parallel Aware": true,
                                                          "Async Capable": false,
                                                          "Startup Cost": 7908.96,
                                                          "Total Cost": 7908.96,
                                                          "Plan Rows": 24588,
                                                          "Plan Width": 7,
                                                          "Plans": [
                                                            {
                                                              "Node Type": "Seq Scan",
                                                              "Parent Relationship": "Outer",
                                                              "Parallel Aware": true,
                                                              "Async Capable": false,
                                                              "Relation Name": "customer_address",
                                                              "Alias": "customer_address",
                                                              "Startup Cost": 0.0,
                                                              "Total Cost": 7908.96,
                                                              "Plan Rows": 24588,
                                                              "Plan Width": 7,
                                                              "Filter": "(((ca_country)::text = 'United States'::text) AND ((ca_state = ANY ('{GA,NE,KY}'::bpchar[])) OR (ca_state = ANY ('{CA,VA,FL}'::bpchar[])) OR (ca_state = ANY ('{IN,WV,OK}'::bpchar[]))))",
                                                              "parent": 16,
                                                              "ID": 17
                                                            }
                                                          ],
                                                          "parent": 14,
                                                          "ID": 16,
                                                          "left": 17
                                                        }
                                                      ],
                                                      "parent": 13,
                                                      "ID": 14,
                                                      "left": 15,
                                                      "right": 16
                                                    },
                                                    {
                                                      "Node Type": "Hash",
                                                      "Parent Relationship": "Inner",
                                                      "Parallel Aware": true,
                                                      "Async Capable": false,
                                                      "Startup Cost": 310224.49,
                                                      "Total Cost": 310224.49,
                                                      "Plan Rows": 750,
                                                      "Plan Width": 28,
                                                      "Plans": [
                                                        {
                                                          "Node Type": "Hash Join",
                                                          "Parent Relationship": "Outer",
                                                          "Parallel Aware": true,
                                                          "Async Capable": false,
                                                          "Join Type": "Inner",
                                                          "Startup Cost": 1944.79,
                                                          "Total Cost": 310224.49,
                                                          "Plan Rows": 750,
                                                          "Plan Width": 28,
                                                          "Inner Unique": false,
                                                          "Hash Cond": "(web_sales.ws_sold_date_sk = date_dim.d_date_sk)",
                                                          "Plans": [
                                                            {
                                                              "Node Type": "Seq Scan",
                                                              "Parent Relationship": "Outer",
                                                              "Parallel Aware": true,
                                                              "Async Capable": false,
                                                              "Relation Name": "web_sales",
                                                              "Alias": "web_sales",
                                                              "Startup Cost": 0.0,
                                                              "Total Cost": 307707.43,
                                                              "Plan Rows": 151429,
                                                              "Plan Width": 32,
                                                              "Filter": "((((ws_sales_price >= 100.00) AND (ws_sales_price <= 150.00)) OR ((ws_sales_price >= 50.00) AND (ws_sales_price <= 100.00)) OR ((ws_sales_price >= 150.00) AND (ws_sales_price <= 200.00))) AND (((ws_net_profit >= '100'::numeric) AND (ws_net_profit <= '200'::numeric)) OR ((ws_net_profit >= '150'::numeric) AND (ws_net_profit <= '300'::numeric)) OR ((ws_net_profit >= '50'::numeric) AND (ws_net_profit <= '250'::numeric))))",
                                                              "parent": 19,
                                                              "ID": 20
                                                            },
                                                            {
                                                              "Node Type": "Hash",
                                                              "Parent Relationship": "Inner",
                                                              "Parallel Aware": true,
                                                              "Async Capable": false,
                                                              "Startup Cost": 1942.12,
                                                              "Total Cost": 1942.12,
                                                              "Plan Rows": 213,
                                                              "Plan Width": 4,
                                                              "Plans": [
                                                                {
                                                                  "Node Type": "Seq Scan",
                                                                  "Parent Relationship": "Outer",
                                                                  "Parallel Aware": true,
                                                                  "Async Capable": false,
                                                                  "Relation Name": "date_dim",
                                                                  "Alias": "date_dim",
                                                                  "Startup Cost": 0.0,
                                                                  "Total Cost": 1942.12,
                                                                  "Plan Rows": 213,
                                                                  "Plan Width": 4,
                                                                  "Filter": "(d_year = 1998)",
                                                                  "parent": 21,
                                                                  "ID": 22
                                                                }
                                                              ],
                                                              "parent": 19,
                                                              "ID": 21,
                                                              "left": 22
                                                            }
                                                          ],
                                                          "parent": 18,
                                                          "ID": 19,
                                                          "left": 20,
                                                          "right": 21
                                                        }
                                                      ],
                                                      "parent": 13,
                                                      "ID": 18,
                                                      "left": 19
                                                    }
                                                  ],
                                                  "parent": 12,
                                                  "ID": 13,
                                                  "left": 14,
                                                  "right": 18
                                                }
                                              ],
                                              "parent": 10,
                                              "ID": 12,
                                              "left": 13
                                            }
                                          ],
                                          "parent": 9,
                                          "ID": 10,
                                          "left": 11,
                                          "right": 12
                                        }
                                      ],
                                      "parent": 7,
                                      "ID": 9,
                                      "left": 10
                                    }
                                  ],
                                  "parent": 6,
                                  "ID": 7,
                                  "left": 8,
                                  "right": 9
                                }
                              ],
                              "parent": 5,
                              "ID": 6,
                              "left": 7
                            },
                            {
                              "Node Type": "Seq Scan",
                              "Parent Relationship": "Inner",
                              "Parallel Aware": false,
                              "Async Capable": false,
                              "Relation Name": "web_page",
                              "Alias": "web_page",
                              "Startup Cost": 0.0,
                              "Total Cost": 7.0,
                              "Plan Rows": 200,
                              "Plan Width": 4,
                              "parent": 5,
                              "ID": 23
                            }
                          ],
                          "parent": 4,
                          "ID": 5,
                          "left": 6,
                          "right": 23
                        },
                        {
                          "Node Type": "Seq Scan",
                          "Parent Relationship": "Inner",
                          "Parallel Aware": false,
                          "Async Capable": false,
                          "Relation Name": "reason",
                          "Alias": "reason",
                          "Startup Cost": 0.0,
                          "Total Cost": 1.45,
                          "Plan Rows": 45,
                          "Plan Width": 105,
                          "parent": 4,
                          "ID": 24
                        }
                      ],
                      "parent": 3,
                      "ID": 4,
                      "left": 5,
                      "right": 24
                    }
                  ],
                  "parent": 2,
                  "ID": 3,
                  "left": 4
                }
              ],
              "parent": 1,
              "ID": 2,
              "left": 3
            }
          ],
          "parent": 0,
          "ID": 1,
          "left": 2
        }
      ],
      "parent": null,
      "ID": 0,
      "left": 1
    },
    "feat": {
      "utility": 3.506306220146157e-06,
      "query_shape": [
        [
          "Seq Scan",
          "Hash Join",
          "Gather",
          "Nested Loop",
          "Sort",
          "Aggregate"
        ],
        [
          "Seq Scan",
          "Hash Join",
          "Hash",
          "Gather",
          "Nested Loop",
          "Sort",
          "Aggregate"
        ],
        [
          "Seq Scan",
          "Hash Join",
          "Hash",
          "Gather",
          "Nested Loop",
          "Sort",
          "Aggregate"
        ],
        [
          "Seq Scan",
          "Hash",
          "Hash Join",
          "Gather",
          "Nested Loop",
          "Sort",
          "Aggregate"
        ],
        [
          "Seq Scan",
          "Hash Join",
          "Hash",
          "Gather",
          "Nested Loop",
          "Sort",
          "Aggregate"
        ],
        [
          "Seq Scan",
          "Hash",
          "Hash Join",
          "Gather",
          "Nested Loop",
          "Sort",
          "Aggregate"
        ],
        [
          "Seq Scan",
          "Nested Loop",
          "Sort",
          "Aggregate"
        ],
        [
          "Seq Scan",
          "Nested Loop",
          "Sort",
          "Aggregate"
        ]
      ],
      "index_shape": [
        "join"
      ],
      "physical_operator": {
        "Hash Join": [
          0.0011178013705439639
        ]
      }
    }
  },
  {
    "query": "select  substr(r_reason_desc,1,20)\n       ,avg(ws_quantity)\n       ,avg(wr_refunded_cash)\n       ,avg(wr_fee)\n from web_sales, web_returns, web_page, customer_demographics cd1,\n      customer_demographics cd2, customer_address, date_dim, reason \n where ws_web_page_sk = wp_web_page_sk\n   and ws_item_sk = wr_item_sk\n   and ws_order_number = wr_order_number\n   and ws_sold_date_sk = d_date_sk and d_year = 1998\n   and cd1.cd_demo_sk = wr_refunded_cdemo_sk \n   and cd2.cd_demo_sk = wr_returning_cdemo_sk\n   and ca_address_sk = wr_refunded_addr_sk\n   and r_reason_sk = wr_reason_sk\n   and\n   (\n    (\n     cd1.cd_marital_status = 'M'\n     and\n     cd1.cd_marital_status = cd2.cd_marital_status\n     and\n     cd1.cd_education_status = 'Secondary'\n     and \n     cd1.cd_education_status = cd2.cd_education_status\n     and\n     ws_sales_price between 100.00 and 150.00\n    )\n   or\n    (\n     cd1.cd_marital_status = 'W'\n     and\n     cd1.cd_marital_status = cd2.cd_marital_status\n     and\n     cd1.cd_education_status = 'Primary' \n     and\n     cd1.cd_education_status = cd2.cd_education_status\n     and\n     ws_sales_price between 50.00 and 100.00\n    )\n   or\n    (\n     cd1.cd_marital_status = 'D'\n     and\n     cd1.cd_marital_status = cd2.cd_marital_status\n     and\n     cd1.cd_education_status = 'College'\n     and\n     cd1.cd_education_status = cd2.cd_education_status\n     and\n     ws_sales_price between 150.00 and 200.00\n    )\n   )\n   and\n   (\n    (\n     ca_country = 'United States'\n     and\n     ca_state in ('GA', 'NE', 'KY')\n     and ws_net_profit between 100 and 200  \n    )\n    or\n    (\n     ca_country = 'United States'\n     and\n     ca_state in ('CA', 'VA', 'FL')\n     and ws_net_profit between 150 and 300  \n    )\n    or\n    (\n     ca_country = 'United States'\n     and\n     ca_state in ('IN', 'WV', 'OK')\n     and ws_net_profit between 50 and 250  \n    )\n   )\ngroup by r_reason_desc\norder by substr(r_reason_desc,1,20)\n        ,avg(ws_quantity)\n        ,avg(wr_refunded_cash)\n        ,avg(wr_fee)\nlimit 100;\n\n-- end query 65 in stream 3 using template query85.tpl\n",
    "indexes": "web_returns.wr_reason_sk",
    "wo plan est": {
      "Node Type": "Limit",
      "Parallel Aware": false,
      "Async Capable": false,
      "Startup Cost": 413078.35,
      "Total Cost": 413078.35,
      "Plan Rows": 1,
      "Plan Width": 229,
      "Plans": [
        {
          "Node Type": "Sort",
          "Parent Relationship": "Outer",
          "Parallel Aware": false,
          "Async Capable": false,
          "Startup Cost": 413078.35,
          "Total Cost": 413078.35,
          "Plan Rows": 1,
          "Plan Width": 229,
          "Sort Key": [
            "(substr((reason.r_reason_desc)::text, 1, 20))",
            "(avg(web_sales.ws_quantity))",
            "(avg(web_returns.wr_refunded_cash))",
            "(avg(web_returns.wr_fee))"
          ],
          "Plans": [
            {
              "Node Type": "Aggregate",
              "Strategy": "Sorted",
              "Partial Mode": "Simple",
              "Parent Relationship": "Outer",
              "Parallel Aware": false,
              "Async Capable": false,
              "Startup Cost": 413078.3,
              "Total Cost": 413078.34,
              "Plan Rows": 1,
              "Plan Width": 229,
              "Group Key": [
                "reason.r_reason_desc"
              ],
              "Plans": [
                {
                  "Node Type": "Sort",
                  "Parent Relationship": "Outer",
                  "Parallel Aware": false,
                  "Async Capable": false,
                  "Startup Cost": 413078.3,
                  "Total Cost": 413078.31,
                  "Plan Rows": 1,
                  "Plan Width": 117,
                  "Sort Key": [
                    "reason.r_reason_desc"
                  ],
                  "Plans": [
                    {
                      "Node Type": "Nested Loop",
                      "Parent Relationship": "Outer",
                      "Parallel Aware": false,
                      "Async Capable": false,
                      "Join Type": "Inner",
                      "Startup Cost": 370475.3,
                      "Total Cost": 413078.29,
                      "Plan Rows": 1,
                      "Plan Width": 117,
                      "Inner Unique": false,
                      "Join Filter": "(web_returns.wr_reason_sk = reason.r_reason_sk)",
                      "Plans": [
                        {
                          "Node Type": "Nested Loop",
                          "Parent Relationship": "Outer",
                          "Parallel Aware": false,
                          "Async Capable": false,
                          "Join Type": "Inner",
                          "Startup Cost": 370475.3,
                          "Total Cost": 413076.28,
                          "Plan Rows": 1,
                          "Plan Width": 20,
                          "Inner Unique": false,
                          "Join Filter": "(web_sales.ws_web_page_sk = web_page.wp_web_page_sk)",
                          "Plans": [
                            {
                              "Node Type": "Gather",
                              "Parent Relationship": "Outer",
                              "Parallel Aware": false,
                              "Async Capable": false,
                              "Startup Cost": 370475.3,
                              "Total Cost": 413066.78,
                              "Plan Rows": 1,
                              "Plan Width": 24,
                              "Workers Planned": 2,
                              "Single Copy": false,
                              "Plans": [
                                {
                                  "Node Type": "Hash Join",
                                  "Parent Relationship": "Outer",
                                  "Parallel Aware": true,
                                  "Async Capable": false,
                                  "Join Type": "Inner",
                                  "Startup Cost": 369475.3,
                                  "Total Cost": 412066.68,
                                  "Plan Rows": 1,
                                  "Plan Width": 24,
                                  "Inner Unique": false,
                                  "Hash Cond": "((cd1.cd_demo_sk = web_returns.wr_refunded_cdemo_sk) AND (cd1.cd_marital_status = cd2.cd_marital_status) AND (cd1.cd_education_status = cd2.cd_education_status))",
                                  "Join Filter": "(((cd1.cd_marital_status = 'M'::bpchar) AND (cd1.cd_education_status = 'Secondary'::bpchar) AND (web_sales.ws_sales_price >= 100.00) AND (web_sales.ws_sales_price <= 150.00)) OR ((cd1.cd_marital_status = 'W'::bpchar) AND (cd1.cd_education_status = 'Primary'::bpchar) AND (web_sales.ws_sales_price >= 50.00) AND (web_sales.ws_sales_price <= 100.00)) OR ((cd1.cd_marital_status = 'D'::bpchar) AND (cd1.cd_education_status = 'College'::bpchar) AND (web_sales.ws_sales_price >= 150.00) AND (web_sales.ws_sales_price <= 200.00)))",
                                  "Plans": [
                                    {
                                      "Node Type": "Seq Scan",
                                      "Parent Relationship": "Outer",
                                      "Parallel Aware": true,
                                      "Async Capable": false,
                                      "Relation Name": "customer_demographics",
                                      "Alias": "cd1",
                                      "Startup Cost": 0.0,
                                      "Total Cost": 41836.33,
                                      "Plan Rows": 67112,
                                      "Plan Width": 27,
                                      "Filter": "(((cd_marital_status = 'M'::bpchar) AND (cd_education_status = 'Secondary'::bpchar)) OR ((cd_marital_status = 'W'::bpchar) AND (cd_education_status = 'Primary'::bpchar)) OR ((cd_marital_status = 'D'::bpchar) AND (cd_education_status = 'College'::bpchar)))",
                                      "parent": 7,
                                      "ID": 8
                                    },
                                    {
                                      "Node Type": "Hash",
                                      "Parent Relationship": "Inner",
                                      "Parallel Aware": true,
                                      "Async Capable": false,
                                      "Startup Cost": 369475.28,
                                      "Total Cost": 369475.28,
                                      "Plan Rows": 1,
                                      "Plan Width": 57,
                                      "Plans": [
                                        {
                                          "Node Type": "Hash Join",
                                          "Parent Relationship": "Outer",
                                          "Parallel Aware": true,
                                          "Async Capable": false,
                                          "Join Type": "Inner",
                                          "Startup Cost": 336642.69,
                                          "Total Cost": 369475.28,
                                          "Plan Rows": 1,
                                          "Plan Width": 57,
                                          "Inner Unique": false,
                                          "Hash Cond": "(cd2.cd_demo_sk = web_returns.wr_returning_cdemo_sk)",
                                          "Plans": [
                                            {
                                              "Node Type": "Seq Scan",
                                              "Parent Relationship": "Outer",
                                              "Parallel Aware": true,
                                              "Async Capable": false,
                                              "Relation Name": "customer_demographics",
                                              "Alias": "cd2",
                                              "Startup Cost": 0.0,
                                              "Total Cost": 29831.33,
                                              "Plan Rows": 800333,
                                              "Plan Width": 27,
                                              "parent": 10,
                                              "ID": 11
                                            },
                                            {
                                              "Node Type": "Hash",
                                              "Parent Relationship": "Inner",
                                              "Parallel Aware": true,
                                              "Async Capable": false,
                                              "Startup Cost": 336642.67,
                                              "Total Cost": 336642.67,
                                              "Plan Rows": 1,
                                              "Plan Width": 38,
                                              "Plans": [
                                                {
                                                  "Node Type": "Hash Join",
                                                  "Parent Relationship": "Outer",
                                                  "Parallel Aware": true,
                                                  "Async Capable": false,
                                                  "Join Type": "Inner",
                                                  "Startup Cost": 318452.05,
                                                  "Total Cost": 336642.67,
                                                  "Plan Rows": 1,
                                                  "Plan Width": 38,
                                                  "Inner Unique": false,
                                                  "Hash Cond": "((web_returns.wr_item_sk = web_sales.ws_item_sk) AND (web_returns.wr_order_number = web_sales.ws_order_number))",
                                                  "Join Filter": "(((customer_address.ca_state = ANY ('{GA,NE,KY}'::bpchar[])) AND (web_sales.ws_net_profit >= '100'::numeric) AND (web_sales.ws_net_profit <= '200'::numeric)) OR ((customer_address.ca_state = ANY ('{CA,VA,FL}'::bpchar[])) AND (web_sales.ws_net_profit >= '150'::numeric) AND (web_sales.ws_net_profit <= '300'::numeric)) OR ((customer_address.ca_state = ANY ('{IN,WV,OK}'::bpchar[])) AND (web_sales.ws_net_profit >= '50'::numeric) AND (web_sales.ws_net_profit <= '250'::numeric)))",
                                                  "Plans": [
                                                    {
                                                      "Node Type": "Hash Join",
                                                      "Parent Relationship": "Outer",
                                                      "Parallel Aware": true,
                                                      "Async Capable": false,
                                                      "Join Type": "Inner",
                                                      "Startup Cost": 8216.31,
                                                      "Total Cost": 25900.27,
                                                      "Plan Rows": 67550,
                                                      "Plan Width": 35,
                                                      "Inner Unique": false,
                                                      "Hash Cond": "(web_returns.wr_refunded_addr_sk = customer_address.ca_address_sk)",
                                                      "Plans": [
                                                        {
                                                          "Node Type": "Seq Scan",
                                                          "Parent Relationship": "Outer",
                                                          "Parallel Aware": true,
                                                          "Async Capable": false,
                                                          "Relation Name": "web_returns",
                                                          "Alias": "web_returns",
                                                          "Startup Cost": 0.0,
                                                          "Total Cost": 16278.74,
                                                          "Plan Rows": 299674,
                                                          "Plan Width": 36,
                                                          "parent": 14,
                                                          "ID": 15
                                                        },
                                                        {
                                                          "Node Type": "Hash",
                                                          "Parent Relationship": "Inner",
                                                          "Parallel Aware": true,
                                                          "Async Capable": false,
                                                          "Startup Cost": 7908.96,
                                                          "Total Cost": 7908.96,
                                                          "Plan Rows": 24588,
                                                          "Plan Width": 7,
                                                          "Plans": [
                                                            {
                                                              "Node Type": "Seq Scan",
                                                              "Parent Relationship": "Outer",
                                                              "Parallel Aware": true,
                                                              "Async Capable": false,
                                                              "Relation Name": "customer_address",
                                                              "Alias": "customer_address",
                                                              "Startup Cost": 0.0,
                                                              "Total Cost": 7908.96,
                                                              "Plan Rows": 24588,
                                                              "Plan Width": 7,
                                                              "Filter": "(((ca_country)::text = 'United States'::text) AND ((ca_state = ANY ('{GA,NE,KY}'::bpchar[])) OR (ca_state = ANY ('{CA,VA,FL}'::bpchar[])) OR (ca_state = ANY ('{IN,WV,OK}'::bpchar[]))))",
                                                              "parent": 16,
                                                              "ID": 17
                                                            }
                                                          ],
                                                          "parent": 14,
                                                          "ID": 16,
                                                          "left": 17
                                                        }
                                                      ],
                                                      "parent": 13,
                                                      "ID": 14,
                                                      "left": 15,
                                                      "right": 16
                                                    },
                                                    {
                                                      "Node Type": "Hash",
                                                      "Parent Relationship": "Inner",
                                                      "Parallel Aware": true,
                                                      "Async Capable": false,
                                                      "Startup Cost": 310224.49,
                                                      "Total Cost": 310224.49,
                                                      "Plan Rows": 750,
                                                      "Plan Width": 28,
                                                      "Plans": [
                                                        {
                                                          "Node Type": "Hash Join",
                                                          "Parent Relationship": "Outer",
                                                          "Parallel Aware": true,
                                                          "Async Capable": false,
                                                          "Join Type": "Inner",
                                                          "Startup Cost": 1944.79,
                                                          "Total Cost": 310224.49,
                                                          "Plan Rows": 750,
                                                          "Plan Width": 28,
                                                          "Inner Unique": false,
                                                          "Hash Cond": "(web_sales.ws_sold_date_sk = date_dim.d_date_sk)",
                                                          "Plans": [
                                                            {
                                                              "Node Type": "Seq Scan",
                                                              "Parent Relationship": "Outer",
                                                              "Parallel Aware": true,
                                                              "Async Capable": false,
                                                              "Relation Name": "web_sales",
                                                              "Alias": "web_sales",
                                                              "Startup Cost": 0.0,
                                                              "Total Cost": 307707.43,
                                                              "Plan Rows": 151429,
                                                              "Plan Width": 32,
                                                              "Filter": "((((ws_sales_price >= 100.00) AND (ws_sales_price <= 150.00)) OR ((ws_sales_price >= 50.00) AND (ws_sales_price <= 100.00)) OR ((ws_sales_price >= 150.00) AND (ws_sales_price <= 200.00))) AND (((ws_net_profit >= '100'::numeric) AND (ws_net_profit <= '200'::numeric)) OR ((ws_net_profit >= '150'::numeric) AND (ws_net_profit <= '300'::numeric)) OR ((ws_net_profit >= '50'::numeric) AND (ws_net_profit <= '250'::numeric))))",
                                                              "parent": 19,
                                                              "ID": 20
                                                            },
                                                            {
                                                              "Node Type": "Hash",
                                                              "Parent Relationship": "Inner",
                                                              "Parallel Aware": true,
                                                              "Async Capable": false,
                                                              "Startup Cost": 1942.12,
                                                              "Total Cost": 1942.12,
                                                              "Plan Rows": 213,
                                                              "Plan Width": 4,
                                                              "Plans": [
                                                                {
                                                                  "Node Type": "Seq Scan",
                                                                  "Parent Relationship": "Outer",
                                                                  "Parallel Aware": true,
                                                                  "Async Capable": false,
                                                                  "Relation Name": "date_dim",
                                                                  "Alias": "date_dim",
                                                                  "Startup Cost": 0.0,
                                                                  "Total Cost": 1942.12,
                                                                  "Plan Rows": 213,
                                                                  "Plan Width": 4,
                                                                  "Filter": "(d_year = 1998)",
                                                                  "parent": 21,
                                                                  "ID": 22
                                                                }
                                                              ],
                                                              "parent": 19,
                                                              "ID": 21,
                                                              "left": 22
                                                            }
                                                          ],
                                                          "parent": 18,
                                                          "ID": 19,
                                                          "left": 20,
                                                          "right": 21
                                                        }
                                                      ],
                                                      "parent": 13,
                                                      "ID": 18,
                                                      "left": 19
                                                    }
                                                  ],
                                                  "parent": 12,
                                                  "ID": 13,
                                                  "left": 14,
                                                  "right": 18
                                                }
                                              ],
                                              "parent": 10,
                                              "ID": 12,
                                              "left": 13
                                            }
                                          ],
                                          "parent": 9,
                                          "ID": 10,
                                          "left": 11,
                                          "right": 12
                                        }
                                      ],
                                      "parent": 7,
                                      "ID": 9,
                                      "left": 10
                                    }
                                  ],
                                  "parent": 6,
                                  "ID": 7,
                                  "left": 8,
                                  "right": 9
                                }
                              ],
                              "parent": 5,
                              "ID": 6,
                              "left": 7
                            },
                            {
                              "Node Type": "Seq Scan",
                              "Parent Relationship": "Inner",
                              "Parallel Aware": false,
                              "Async Capable": false,
                              "Relation Name": "web_page",
                              "Alias": "web_page",
                              "Startup Cost": 0.0,
                              "Total Cost": 7.0,
                              "Plan Rows": 200,
                              "Plan Width": 4,
                              "parent": 5,
                              "ID": 23
                            }
                          ],
                          "parent": 4,
                          "ID": 5,
                          "left": 6,
                          "right": 23
                        },
                        {
                          "Node Type": "Seq Scan",
                          "Parent Relationship": "Inner",
                          "Parallel Aware": false,
                          "Async Capable": false,
                          "Relation Name": "reason",
                          "Alias": "reason",
                          "Startup Cost": 0.0,
                          "Total Cost": 1.45,
                          "Plan Rows": 45,
                          "Plan Width": 105,
                          "parent": 4,
                          "ID": 24
                        }
                      ],
                      "parent": 3,
                      "ID": 4,
                      "left": 5,
                      "right": 24
                    }
                  ],
                  "parent": 2,
                  "ID": 3,
                  "left": 4
                }
              ],
              "parent": 1,
              "ID": 2,
              "left": 3
            }
          ],
          "parent": 0,
          "ID": 1,
          "left": 2
        }
      ],
      "parent": null,
      "ID": 0,
      "left": 1
    },
    "feat": {
      "utility": 2.9869557728576683e-06,
      "query_shape": [
        [
          "Seq Scan",
          "Hash Join",
          "Gather",
          "Nested Loop",
          "Sort",
          "Aggregate"
        ],
        [
          "Seq Scan",
          "Hash Join",
          "Hash",
          "Gather",
          "Nested Loop",
          "Sort",
          "Aggregate"
        ],
        [
          "Seq Scan",
          "Hash Join",
          "Hash",
          "Gather",
          "Nested Loop",
          "Sort",
          "Aggregate"
        ],
        [
          "Seq Scan",
          "Hash",
          "Hash Join",
          "Gather",
          "Nested Loop",
          "Sort",
          "Aggregate"
        ],
        [
          "Seq Scan",
          "Hash Join",
          "Hash",
          "Gather",
          "Nested Loop",
          "Sort",
          "Aggregate"
        ],
        [
          "Seq Scan",
          "Hash",
          "Hash Join",
          "Gather",
          "Nested Loop",
          "Sort",
          "Aggregate"
        ],
        [
          "Seq Scan",
          "Nested Loop",
          "Sort",
          "Aggregate"
        ],
        [
          "Seq Scan",
          "Nested Loop",
          "Sort",
          "Aggregate"
        ]
      ],
      "index_shape": [
        "join"
      ],
      "physical_operator": {
        "Nested Loop": [
          0.14907119849998599
        ]
      }
    }
  },
  {
    "query": "select  substr(r_reason_desc,1,20)\n       ,avg(ws_quantity)\n       ,avg(wr_refunded_cash)\n       ,avg(wr_fee)\n from web_sales, web_returns, web_page, customer_demographics cd1,\n      customer_demographics cd2, customer_address, date_dim, reason \n where ws_web_page_sk = wp_web_page_sk\n   and ws_item_sk = wr_item_sk\n   and ws_order_number = wr_order_number\n   and ws_sold_date_sk = d_date_sk and d_year = 1998\n   and cd1.cd_demo_sk = wr_refunded_cdemo_sk \n   and cd2.cd_demo_sk = wr_returning_cdemo_sk\n   and ca_address_sk = wr_refunded_addr_sk\n   and r_reason_sk = wr_reason_sk\n   and\n   (\n    (\n     cd1.cd_marital_status = 'M'\n     and\n     cd1.cd_marital_status = cd2.cd_marital_status\n     and\n     cd1.cd_education_status = 'Secondary'\n     and \n     cd1.cd_education_status = cd2.cd_education_status\n     and\n     ws_sales_price between 100.00 and 150.00\n    )\n   or\n    (\n     cd1.cd_marital_status = 'W'\n     and\n     cd1.cd_marital_status = cd2.cd_marital_status\n     and\n     cd1.cd_education_status = 'Primary' \n     and\n     cd1.cd_education_status = cd2.cd_education_status\n     and\n     ws_sales_price between 50.00 and 100.00\n    )\n   or\n    (\n     cd1.cd_marital_status = 'D'\n     and\n     cd1.cd_marital_status = cd2.cd_marital_status\n     and\n     cd1.cd_education_status = 'College'\n     and\n     cd1.cd_education_status = cd2.cd_education_status\n     and\n     ws_sales_price between 150.00 and 200.00\n    )\n   )\n   and\n   (\n    (\n     ca_country = 'United States'\n     and\n     ca_state in ('GA', 'NE', 'KY')\n     and ws_net_profit between 100 and 200  \n    )\n    or\n    (\n     ca_country = 'United States'\n     and\n     ca_state in ('CA', 'VA', 'FL')\n     and ws_net_profit between 150 and 300  \n    )\n    or\n    (\n     ca_country = 'United States'\n     and\n     ca_state in ('IN', 'WV', 'OK')\n     and ws_net_profit between 50 and 250  \n    )\n   )\ngroup by r_reason_desc\norder by substr(r_reason_desc,1,20)\n        ,avg(ws_quantity)\n        ,avg(wr_refunded_cash)\n        ,avg(wr_fee)\nlimit 100;\n\n-- end query 65 in stream 3 using template query85.tpl\n",
    "indexes": "web_returns.wr_order_number",
    "wo plan est": {
      "Node Type": "Limit",
      "Parallel Aware": false,
      "Async Capable": false,
      "Startup Cost": 413078.35,
      "Total Cost": 413078.35,
      "Plan Rows": 1,
      "Plan Width": 229,
      "Plans": [
        {
          "Node Type": "Sort",
          "Parent Relationship": "Outer",
          "Parallel Aware": false,
          "Async Capable": false,
          "Startup Cost": 413078.35,
          "Total Cost": 413078.35,
          "Plan Rows": 1,
          "Plan Width": 229,
          "Sort Key": [
            "(substr((reason.r_reason_desc)::text, 1, 20))",
            "(avg(web_sales.ws_quantity))",
            "(avg(web_returns.wr_refunded_cash))",
            "(avg(web_returns.wr_fee))"
          ],
          "Plans": [
            {
              "Node Type": "Aggregate",
              "Strategy": "Sorted",
              "Partial Mode": "Simple",
              "Parent Relationship": "Outer",
              "Parallel Aware": false,
              "Async Capable": false,
              "Startup Cost": 413078.3,
              "Total Cost": 413078.34,
              "Plan Rows": 1,
              "Plan Width": 229,
              "Group Key": [
                "reason.r_reason_desc"
              ],
              "Plans": [
                {
                  "Node Type": "Sort",
                  "Parent Relationship": "Outer",
                  "Parallel Aware": false,
                  "Async Capable": false,
                  "Startup Cost": 413078.3,
                  "Total Cost": 413078.31,
                  "Plan Rows": 1,
                  "Plan Width": 117,
                  "Sort Key": [
                    "reason.r_reason_desc"
                  ],
                  "Plans": [
                    {
                      "Node Type": "Nested Loop",
                      "Parent Relationship": "Outer",
                      "Parallel Aware": false,
                      "Async Capable": false,
                      "Join Type": "Inner",
                      "Startup Cost": 370475.3,
                      "Total Cost": 413078.29,
                      "Plan Rows": 1,
                      "Plan Width": 117,
                      "Inner Unique": false,
                      "Join Filter": "(web_returns.wr_reason_sk = reason.r_reason_sk)",
                      "Plans": [
                        {
                          "Node Type": "Nested Loop",
                          "Parent Relationship": "Outer",
                          "Parallel Aware": false,
                          "Async Capable": false,
                          "Join Type": "Inner",
                          "Startup Cost": 370475.3,
                          "Total Cost": 413076.28,
                          "Plan Rows": 1,
                          "Plan Width": 20,
                          "Inner Unique": false,
                          "Join Filter": "(web_sales.ws_web_page_sk = web_page.wp_web_page_sk)",
                          "Plans": [
                            {
                              "Node Type": "Gather",
                              "Parent Relationship": "Outer",
                              "Parallel Aware": false,
                              "Async Capable": false,
                              "Startup Cost": 370475.3,
                              "Total Cost": 413066.78,
                              "Plan Rows": 1,
                              "Plan Width": 24,
                              "Workers Planned": 2,
                              "Single Copy": false,
                              "Plans": [
                                {
                                  "Node Type": "Hash Join",
                                  "Parent Relationship": "Outer",
                                  "Parallel Aware": true,
                                  "Async Capable": false,
                                  "Join Type": "Inner",
                                  "Startup Cost": 369475.3,
                                  "Total Cost": 412066.68,
                                  "Plan Rows": 1,
                                  "Plan Width": 24,
                                  "Inner Unique": false,
                                  "Hash Cond": "((cd1.cd_demo_sk = web_returns.wr_refunded_cdemo_sk) AND (cd1.cd_marital_status = cd2.cd_marital_status) AND (cd1.cd_education_status = cd2.cd_education_status))",
                                  "Join Filter": "(((cd1.cd_marital_status = 'M'::bpchar) AND (cd1.cd_education_status = 'Secondary'::bpchar) AND (web_sales.ws_sales_price >= 100.00) AND (web_sales.ws_sales_price <= 150.00)) OR ((cd1.cd_marital_status = 'W'::bpchar) AND (cd1.cd_education_status = 'Primary'::bpchar) AND (web_sales.ws_sales_price >= 50.00) AND (web_sales.ws_sales_price <= 100.00)) OR ((cd1.cd_marital_status = 'D'::bpchar) AND (cd1.cd_education_status = 'College'::bpchar) AND (web_sales.ws_sales_price >= 150.00) AND (web_sales.ws_sales_price <= 200.00)))",
                                  "Plans": [
                                    {
                                      "Node Type": "Seq Scan",
                                      "Parent Relationship": "Outer",
                                      "Parallel Aware": true,
                                      "Async Capable": false,
                                      "Relation Name": "customer_demographics",
                                      "Alias": "cd1",
                                      "Startup Cost": 0.0,
                                      "Total Cost": 41836.33,
                                      "Plan Rows": 67112,
                                      "Plan Width": 27,
                                      "Filter": "(((cd_marital_status = 'M'::bpchar) AND (cd_education_status = 'Secondary'::bpchar)) OR ((cd_marital_status = 'W'::bpchar) AND (cd_education_status = 'Primary'::bpchar)) OR ((cd_marital_status = 'D'::bpchar) AND (cd_education_status = 'College'::bpchar)))",
                                      "parent": 7,
                                      "ID": 8
                                    },
                                    {
                                      "Node Type": "Hash",
                                      "Parent Relationship": "Inner",
                                      "Parallel Aware": true,
                                      "Async Capable": false,
                                      "Startup Cost": 369475.28,
                                      "Total Cost": 369475.28,
                                      "Plan Rows": 1,
                                      "Plan Width": 57,
                                      "Plans": [
                                        {
                                          "Node Type": "Hash Join",
                                          "Parent Relationship": "Outer",
                                          "Parallel Aware": true,
                                          "Async Capable": false,
                                          "Join Type": "Inner",
                                          "Startup Cost": 336642.69,
                                          "Total Cost": 369475.28,
                                          "Plan Rows": 1,
                                          "Plan Width": 57,
                                          "Inner Unique": false,
                                          "Hash Cond": "(cd2.cd_demo_sk = web_returns.wr_returning_cdemo_sk)",
                                          "Plans": [
                                            {
                                              "Node Type": "Seq Scan",
                                              "Parent Relationship": "Outer",
                                              "Parallel Aware": true,
                                              "Async Capable": false,
                                              "Relation Name": "customer_demographics",
                                              "Alias": "cd2",
                                              "Startup Cost": 0.0,
                                              "Total Cost": 29831.33,
                                              "Plan Rows": 800333,
                                              "Plan Width": 27,
                                              "parent": 10,
                                              "ID": 11
                                            },
                                            {
                                              "Node Type": "Hash",
                                              "Parent Relationship": "Inner",
                                              "Parallel Aware": true,
                                              "Async Capable": false,
                                              "Startup Cost": 336642.67,
                                              "Total Cost": 336642.67,
                                              "Plan Rows": 1,
                                              "Plan Width": 38,
                                              "Plans": [
                                                {
                                                  "Node Type": "Hash Join",
                                                  "Parent Relationship": "Outer",
                                                  "Parallel Aware": true,
                                                  "Async Capable": false,
                                                  "Join Type": "Inner",
                                                  "Startup Cost": 318452.05,
                                                  "Total Cost": 336642.67,
                                                  "Plan Rows": 1,
                                                  "Plan Width": 38,
                                                  "Inner Unique": false,
                                                  "Hash Cond": "((web_returns.wr_item_sk = web_sales.ws_item_sk) AND (web_returns.wr_order_number = web_sales.ws_order_number))",
                                                  "Join Filter": "(((customer_address.ca_state = ANY ('{GA,NE,KY}'::bpchar[])) AND (web_sales.ws_net_profit >= '100'::numeric) AND (web_sales.ws_net_profit <= '200'::numeric)) OR ((customer_address.ca_state = ANY ('{CA,VA,FL}'::bpchar[])) AND (web_sales.ws_net_profit >= '150'::numeric) AND (web_sales.ws_net_profit <= '300'::numeric)) OR ((customer_address.ca_state = ANY ('{IN,WV,OK}'::bpchar[])) AND (web_sales.ws_net_profit >= '50'::numeric) AND (web_sales.ws_net_profit <= '250'::numeric)))",
                                                  "Plans": [
                                                    {
                                                      "Node Type": "Hash Join",
                                                      "Parent Relationship": "Outer",
                                                      "Parallel Aware": true,
                                                      "Async Capable": false,
                                                      "Join Type": "Inner",
                                                      "Startup Cost": 8216.31,
                                                      "Total Cost": 25900.27,
                                                      "Plan Rows": 67550,
                                                      "Plan Width": 35,
                                                      "Inner Unique": false,
                                                      "Hash Cond": "(web_returns.wr_refunded_addr_sk = customer_address.ca_address_sk)",
                                                      "Plans": [
                                                        {
                                                          "Node Type": "Seq Scan",
                                                          "Parent Relationship": "Outer",
                                                          "Parallel Aware": true,
                                                          "Async Capable": false,
                                                          "Relation Name": "web_returns",
                                                          "Alias": "web_returns",
                                                          "Startup Cost": 0.0,
                                                          "Total Cost": 16278.74,
                                                          "Plan Rows": 299674,
                                                          "Plan Width": 36,
                                                          "parent": 14,
                                                          "ID": 15
                                                        },
                                                        {
                                                          "Node Type": "Hash",
                                                          "Parent Relationship": "Inner",
                                                          "Parallel Aware": true,
                                                          "Async Capable": false,
                                                          "Startup Cost": 7908.96,
                                                          "Total Cost": 7908.96,
                                                          "Plan Rows": 24588,
                                                          "Plan Width": 7,
                                                          "Plans": [
                                                            {
                                                              "Node Type": "Seq Scan",
                                                              "Parent Relationship": "Outer",
                                                              "Parallel Aware": true,
                                                              "Async Capable": false,
                                                              "Relation Name": "customer_address",
                                                              "Alias": "customer_address",
                                                              "Startup Cost": 0.0,
                                                              "Total Cost": 7908.96,
                                                              "Plan Rows": 24588,
                                                              "Plan Width": 7,
                                                              "Filter": "(((ca_country)::text = 'United States'::text) AND ((ca_state = ANY ('{GA,NE,KY}'::bpchar[])) OR (ca_state = ANY ('{CA,VA,FL}'::bpchar[])) OR (ca_state = ANY ('{IN,WV,OK}'::bpchar[]))))",
                                                              "parent": 16,
                                                              "ID": 17
                                                            }
                                                          ],
                                                          "parent": 14,
                                                          "ID": 16,
                                                          "left": 17
                                                        }
                                                      ],
                                                      "parent": 13,
                                                      "ID": 14,
                                                      "left": 15,
                                                      "right": 16
                                                    },
                                                    {
                                                      "Node Type": "Hash",
                                                      "Parent Relationship": "Inner",
                                                      "Parallel Aware": true,
                                                      "Async Capable": false,
                                                      "Startup Cost": 310224.49,
                                                      "Total Cost": 310224.49,
                                                      "Plan Rows": 750,
                                                      "Plan Width": 28,
                                                      "Plans": [
                                                        {
                                                          "Node Type": "Hash Join",
                                                          "Parent Relationship": "Outer",
                                                          "Parallel Aware": true,
                                                          "Async Capable": false,
                                                          "Join Type": "Inner",
                                                          "Startup Cost": 1944.79,
                                                          "Total Cost": 310224.49,
                                                          "Plan Rows": 750,
                                                          "Plan Width": 28,
                                                          "Inner Unique": false,
                                                          "Hash Cond": "(web_sales.ws_sold_date_sk = date_dim.d_date_sk)",
                                                          "Plans": [
                                                            {
                                                              "Node Type": "Seq Scan",
                                                              "Parent Relationship": "Outer",
                                                              "Parallel Aware": true,
                                                              "Async Capable": false,
                                                              "Relation Name": "web_sales",
                                                              "Alias": "web_sales",
                                                              "Startup Cost": 0.0,
                                                              "Total Cost": 307707.43,
                                                              "Plan Rows": 151429,
                                                              "Plan Width": 32,
                                                              "Filter": "((((ws_sales_price >= 100.00) AND (ws_sales_price <= 150.00)) OR ((ws_sales_price >= 50.00) AND (ws_sales_price <= 100.00)) OR ((ws_sales_price >= 150.00) AND (ws_sales_price <= 200.00))) AND (((ws_net_profit >= '100'::numeric) AND (ws_net_profit <= '200'::numeric)) OR ((ws_net_profit >= '150'::numeric) AND (ws_net_profit <= '300'::numeric)) OR ((ws_net_profit >= '50'::numeric) AND (ws_net_profit <= '250'::numeric))))",
                                                              "parent": 19,
                                                              "ID": 20
                                                            },
                                                            {
                                                              "Node Type": "Hash",
                                                              "Parent Relationship": "Inner",
                                                              "Parallel Aware": true,
                                                              "Async Capable": false,
                                                              "Startup Cost": 1942.12,
                                                              "Total Cost": 1942.12,
                                                              "Plan Rows": 213,
                                                              "Plan Width": 4,
                                                              "Plans": [
                                                                {
                                                                  "Node Type": "Seq Scan",
                                                                  "Parent Relationship": "Outer",
                                                                  "Parallel Aware": true,
                                                                  "Async Capable": false,
                                                                  "Relation Name": "date_dim",
                                                                  "Alias": "date_dim",
                                                                  "Startup Cost": 0.0,
                                                                  "Total Cost": 1942.12,
                                                                  "Plan Rows": 213,
                                                                  "Plan Width": 4,
                                                                  "Filter": "(d_year = 1998)",
                                                                  "parent": 21,
                                                                  "ID": 22
                                                                }
                                                              ],
                                                              "parent": 19,
                                                              "ID": 21,
                                                              "left": 22
                                                            }
                                                          ],
                                                          "parent": 18,
                                                          "ID": 19,
                                                          "left": 20,
                                                          "right": 21
                                                        }
                                                      ],
                                                      "parent": 13,
                                                      "ID": 18,
                                                      "left": 19
                                                    }
                                                  ],
                                                  "parent": 12,
                                                  "ID": 13,
                                                  "left": 14,
                                                  "right": 18
                                                }
                                              ],
                                              "parent": 10,
                                              "ID": 12,
                                              "left": 13
                                            }
                                          ],
                                          "parent": 9,
                                          "ID": 10,
                                          "left": 11,
                                          "right": 12
                                        }
                                      ],
                                      "parent": 7,
                                      "ID": 9,
                                      "left": 10
                                    }
                                  ],
                                  "parent": 6,
                                  "ID": 7,
                                  "left": 8,
                                  "right": 9
                                }
                              ],
                              "parent": 5,
                              "ID": 6,
                              "left": 7
                            },
                            {
                              "Node Type": "Seq Scan",
                              "Parent Relationship": "Inner",
                              "Parallel Aware": false,
                              "Async Capable": false,
                              "Relation Name": "web_page",
                              "Alias": "web_page",
                              "Startup Cost": 0.0,
                              "Total Cost": 7.0,
                              "Plan Rows": 200,
                              "Plan Width": 4,
                              "parent": 5,
                              "ID": 23
                            }
                          ],
                          "parent": 4,
                          "ID": 5,
                          "left": 6,
                          "right": 23
                        },
                        {
                          "Node Type": "Seq Scan",
                          "Parent Relationship": "Inner",
                          "Parallel Aware": false,
                          "Async Capable": false,
                          "Relation Name": "reason",
                          "Alias": "reason",
                          "Startup Cost": 0.0,
                          "Total Cost": 1.45,
                          "Plan Rows": 45,
                          "Plan Width": 105,
                          "parent": 4,
                          "ID": 24
                        }
                      ],
                      "parent": 3,
                      "ID": 4,
                      "left": 5,
                      "right": 24
                    }
                  ],
                  "parent": 2,
                  "ID": 3,
                  "left": 4
                }
              ],
              "parent": 1,
              "ID": 2,
              "left": 3
            }
          ],
          "parent": 0,
          "ID": 1,
          "left": 2
        }
      ],
      "parent": null,
      "ID": 0,
      "left": 1
    },
    "feat": {
      "utility": 3.5097367949914033e-06,
      "query_shape": [
        [
          "Seq Scan",
          "Hash Join",
          "Gather",
          "Nested Loop",
          "Sort",
          "Aggregate"
        ],
        [
          "Seq Scan",
          "Hash Join",
          "Hash",
          "Gather",
          "Nested Loop",
          "Sort",
          "Aggregate"
        ],
        [
          "Seq Scan",
          "Hash Join",
          "Hash",
          "Gather",
          "Nested Loop",
          "Sort",
          "Aggregate"
        ],
        [
          "Seq Scan",
          "Hash",
          "Hash Join",
          "Gather",
          "Nested Loop",
          "Sort",
          "Aggregate"
        ],
        [
          "Seq Scan",
          "Hash Join",
          "Hash",
          "Gather",
          "Nested Loop",
          "Sort",
          "Aggregate"
        ],
        [
          "Seq Scan",
          "Hash",
          "Hash Join",
          "Gather",
          "Nested Loop",
          "Sort",
          "Aggregate"
        ],
        [
          "Seq Scan",
          "Nested Loop",
          "Sort",
          "Aggregate"
        ],
        [
          "Seq Scan",
          "Nested Loop",
          "Sort",
          "Aggregate"
        ]
      ],
      "index_shape": [
        "join"
      ],
      "physical_operator": {
        "Hash Join": [
          0.00014049364873303083
        ]
      }
    }
  },
  {
    "query": "select  substr(r_reason_desc,1,20)\n       ,avg(ws_quantity)\n       ,avg(wr_refunded_cash)\n       ,avg(wr_fee)\n from web_sales, web_returns, web_page, customer_demographics cd1,\n      customer_demographics cd2, customer_address, date_dim, reason \n where ws_web_page_sk = wp_web_page_sk\n   and ws_item_sk = wr_item_sk\n   and ws_order_number = wr_order_number\n   and ws_sold_date_sk = d_date_sk and d_year = 1998\n   and cd1.cd_demo_sk = wr_refunded_cdemo_sk \n   and cd2.cd_demo_sk = wr_returning_cdemo_sk\n   and ca_address_sk = wr_refunded_addr_sk\n   and r_reason_sk = wr_reason_sk\n   and\n   (\n    (\n     cd1.cd_marital_status = 'M'\n     and\n     cd1.cd_marital_status = cd2.cd_marital_status\n     and\n     cd1.cd_education_status = 'Secondary'\n     and \n     cd1.cd_education_status = cd2.cd_education_status\n     and\n     ws_sales_price between 100.00 and 150.00\n    )\n   or\n    (\n     cd1.cd_marital_status = 'W'\n     and\n     cd1.cd_marital_status = cd2.cd_marital_status\n     and\n     cd1.cd_education_status = 'Primary' \n     and\n     cd1.cd_education_status = cd2.cd_education_status\n     and\n     ws_sales_price between 50.00 and 100.00\n    )\n   or\n    (\n     cd1.cd_marital_status = 'D'\n     and\n     cd1.cd_marital_status = cd2.cd_marital_status\n     and\n     cd1.cd_education_status = 'College'\n     and\n     cd1.cd_education_status = cd2.cd_education_status\n     and\n     ws_sales_price between 150.00 and 200.00\n    )\n   )\n   and\n   (\n    (\n     ca_country = 'United States'\n     and\n     ca_state in ('GA', 'NE', 'KY')\n     and ws_net_profit between 100 and 200  \n    )\n    or\n    (\n     ca_country = 'United States'\n     and\n     ca_state in ('CA', 'VA', 'FL')\n     and ws_net_profit between 150 and 300  \n    )\n    or\n    (\n     ca_country = 'United States'\n     and\n     ca_state in ('IN', 'WV', 'OK')\n     and ws_net_profit between 50 and 250  \n    )\n   )\ngroup by r_reason_desc\norder by substr(r_reason_desc,1,20)\n        ,avg(ws_quantity)\n        ,avg(wr_refunded_cash)\n        ,avg(wr_fee)\nlimit 100;\n\n-- end query 65 in stream 3 using template query85.tpl\n",
    "indexes": "web_returns.wr_fee",
    "wo plan est": {
      "Node Type": "Limit",
      "Parallel Aware": false,
      "Async Capable": false,
      "Startup Cost": 413078.35,
      "Total Cost": 413078.35,
      "Plan Rows": 1,
      "Plan Width": 229,
      "Plans": [
        {
          "Node Type": "Sort",
          "Parent Relationship": "Outer",
          "Parallel Aware": false,
          "Async Capable": false,
          "Startup Cost": 413078.35,
          "Total Cost": 413078.35,
          "Plan Rows": 1,
          "Plan Width": 229,
          "Sort Key": [
            "(substr((reason.r_reason_desc)::text, 1, 20))",
            "(avg(web_sales.ws_quantity))",
            "(avg(web_returns.wr_refunded_cash))",
            "(avg(web_returns.wr_fee))"
          ],
          "Plans": [
            {
              "Node Type": "Aggregate",
              "Strategy": "Sorted",
              "Partial Mode": "Simple",
              "Parent Relationship": "Outer",
              "Parallel Aware": false,
              "Async Capable": false,
              "Startup Cost": 413078.3,
              "Total Cost": 413078.34,
              "Plan Rows": 1,
              "Plan Width": 229,
              "Group Key": [
                "reason.r_reason_desc"
              ],
              "Plans": [
                {
                  "Node Type": "Sort",
                  "Parent Relationship": "Outer",
                  "Parallel Aware": false,
                  "Async Capable": false,
                  "Startup Cost": 413078.3,
                  "Total Cost": 413078.31,
                  "Plan Rows": 1,
                  "Plan Width": 117,
                  "Sort Key": [
                    "reason.r_reason_desc"
                  ],
                  "Plans": [
                    {
                      "Node Type": "Nested Loop",
                      "Parent Relationship": "Outer",
                      "Parallel Aware": false,
                      "Async Capable": false,
                      "Join Type": "Inner",
                      "Startup Cost": 370475.3,
                      "Total Cost": 413078.29,
                      "Plan Rows": 1,
                      "Plan Width": 117,
                      "Inner Unique": false,
                      "Join Filter": "(web_returns.wr_reason_sk = reason.r_reason_sk)",
                      "Plans": [
                        {
                          "Node Type": "Nested Loop",
                          "Parent Relationship": "Outer",
                          "Parallel Aware": false,
                          "Async Capable": false,
                          "Join Type": "Inner",
                          "Startup Cost": 370475.3,
                          "Total Cost": 413076.28,
                          "Plan Rows": 1,
                          "Plan Width": 20,
                          "Inner Unique": false,
                          "Join Filter": "(web_sales.ws_web_page_sk = web_page.wp_web_page_sk)",
                          "Plans": [
                            {
                              "Node Type": "Gather",
                              "Parent Relationship": "Outer",
                              "Parallel Aware": false,
                              "Async Capable": false,
                              "Startup Cost": 370475.3,
                              "Total Cost": 413066.78,
                              "Plan Rows": 1,
                              "Plan Width": 24,
                              "Workers Planned": 2,
                              "Single Copy": false,
                              "Plans": [
                                {
                                  "Node Type": "Hash Join",
                                  "Parent Relationship": "Outer",
                                  "Parallel Aware": true,
                                  "Async Capable": false,
                                  "Join Type": "Inner",
                                  "Startup Cost": 369475.3,
                                  "Total Cost": 412066.68,
                                  "Plan Rows": 1,
                                  "Plan Width": 24,
                                  "Inner Unique": false,
                                  "Hash Cond": "((cd1.cd_demo_sk = web_returns.wr_refunded_cdemo_sk) AND (cd1.cd_marital_status = cd2.cd_marital_status) AND (cd1.cd_education_status = cd2.cd_education_status))",
                                  "Join Filter": "(((cd1.cd_marital_status = 'M'::bpchar) AND (cd1.cd_education_status = 'Secondary'::bpchar) AND (web_sales.ws_sales_price >= 100.00) AND (web_sales.ws_sales_price <= 150.00)) OR ((cd1.cd_marital_status = 'W'::bpchar) AND (cd1.cd_education_status = 'Primary'::bpchar) AND (web_sales.ws_sales_price >= 50.00) AND (web_sales.ws_sales_price <= 100.00)) OR ((cd1.cd_marital_status = 'D'::bpchar) AND (cd1.cd_education_status = 'College'::bpchar) AND (web_sales.ws_sales_price >= 150.00) AND (web_sales.ws_sales_price <= 200.00)))",
                                  "Plans": [
                                    {
                                      "Node Type": "Seq Scan",
                                      "Parent Relationship": "Outer",
                                      "Parallel Aware": true,
                                      "Async Capable": false,
                                      "Relation Name": "customer_demographics",
                                      "Alias": "cd1",
                                      "Startup Cost": 0.0,
                                      "Total Cost": 41836.33,
                                      "Plan Rows": 67112,
                                      "Plan Width": 27,
                                      "Filter": "(((cd_marital_status = 'M'::bpchar) AND (cd_education_status = 'Secondary'::bpchar)) OR ((cd_marital_status = 'W'::bpchar) AND (cd_education_status = 'Primary'::bpchar)) OR ((cd_marital_status = 'D'::bpchar) AND (cd_education_status = 'College'::bpchar)))",
                                      "parent": 7,
                                      "ID": 8
                                    },
                                    {
                                      "Node Type": "Hash",
                                      "Parent Relationship": "Inner",
                                      "Parallel Aware": true,
                                      "Async Capable": false,
                                      "Startup Cost": 369475.28,
                                      "Total Cost": 369475.28,
                                      "Plan Rows": 1,
                                      "Plan Width": 57,
                                      "Plans": [
                                        {
                                          "Node Type": "Hash Join",
                                          "Parent Relationship": "Outer",
                                          "Parallel Aware": true,
                                          "Async Capable": false,
                                          "Join Type": "Inner",
                                          "Startup Cost": 336642.69,
                                          "Total Cost": 369475.28,
                                          "Plan Rows": 1,
                                          "Plan Width": 57,
                                          "Inner Unique": false,
                                          "Hash Cond": "(cd2.cd_demo_sk = web_returns.wr_returning_cdemo_sk)",
                                          "Plans": [
                                            {
                                              "Node Type": "Seq Scan",
                                              "Parent Relationship": "Outer",
                                              "Parallel Aware": true,
                                              "Async Capable": false,
                                              "Relation Name": "customer_demographics",
                                              "Alias": "cd2",
                                              "Startup Cost": 0.0,
                                              "Total Cost": 29831.33,
                                              "Plan Rows": 800333,
                                              "Plan Width": 27,
                                              "parent": 10,
                                              "ID": 11
                                            },
                                            {
                                              "Node Type": "Hash",
                                              "Parent Relationship": "Inner",
                                              "Parallel Aware": true,
                                              "Async Capable": false,
                                              "Startup Cost": 336642.67,
                                              "Total Cost": 336642.67,
                                              "Plan Rows": 1,
                                              "Plan Width": 38,
                                              "Plans": [
                                                {
                                                  "Node Type": "Hash Join",
                                                  "Parent Relationship": "Outer",
                                                  "Parallel Aware": true,
                                                  "Async Capable": false,
                                                  "Join Type": "Inner",
                                                  "Startup Cost": 318452.05,
                                                  "Total Cost": 336642.67,
                                                  "Plan Rows": 1,
                                                  "Plan Width": 38,
                                                  "Inner Unique": false,
                                                  "Hash Cond": "((web_returns.wr_item_sk = web_sales.ws_item_sk) AND (web_returns.wr_order_number = web_sales.ws_order_number))",
                                                  "Join Filter": "(((customer_address.ca_state = ANY ('{GA,NE,KY}'::bpchar[])) AND (web_sales.ws_net_profit >= '100'::numeric) AND (web_sales.ws_net_profit <= '200'::numeric)) OR ((customer_address.ca_state = ANY ('{CA,VA,FL}'::bpchar[])) AND (web_sales.ws_net_profit >= '150'::numeric) AND (web_sales.ws_net_profit <= '300'::numeric)) OR ((customer_address.ca_state = ANY ('{IN,WV,OK}'::bpchar[])) AND (web_sales.ws_net_profit >= '50'::numeric) AND (web_sales.ws_net_profit <= '250'::numeric)))",
                                                  "Plans": [
                                                    {
                                                      "Node Type": "Hash Join",
                                                      "Parent Relationship": "Outer",
                                                      "Parallel Aware": true,
                                                      "Async Capable": false,
                                                      "Join Type": "Inner",
                                                      "Startup Cost": 8216.31,
                                                      "Total Cost": 25900.27,
                                                      "Plan Rows": 67550,
                                                      "Plan Width": 35,
                                                      "Inner Unique": false,
                                                      "Hash Cond": "(web_returns.wr_refunded_addr_sk = customer_address.ca_address_sk)",
                                                      "Plans": [
                                                        {
                                                          "Node Type": "Seq Scan",
                                                          "Parent Relationship": "Outer",
                                                          "Parallel Aware": true,
                                                          "Async Capable": false,
                                                          "Relation Name": "web_returns",
                                                          "Alias": "web_returns",
                                                          "Startup Cost": 0.0,
                                                          "Total Cost": 16278.74,
                                                          "Plan Rows": 299674,
                                                          "Plan Width": 36,
                                                          "parent": 14,
                                                          "ID": 15
                                                        },
                                                        {
                                                          "Node Type": "Hash",
                                                          "Parent Relationship": "Inner",
                                                          "Parallel Aware": true,
                                                          "Async Capable": false,
                                                          "Startup Cost": 7908.96,
                                                          "Total Cost": 7908.96,
                                                          "Plan Rows": 24588,
                                                          "Plan Width": 7,
                                                          "Plans": [
                                                            {
                                                              "Node Type": "Seq Scan",
                                                              "Parent Relationship": "Outer",
                                                              "Parallel Aware": true,
                                                              "Async Capable": false,
                                                              "Relation Name": "customer_address",
                                                              "Alias": "customer_address",
                                                              "Startup Cost": 0.0,
                                                              "Total Cost": 7908.96,
                                                              "Plan Rows": 24588,
                                                              "Plan Width": 7,
                                                              "Filter": "(((ca_country)::text = 'United States'::text) AND ((ca_state = ANY ('{GA,NE,KY}'::bpchar[])) OR (ca_state = ANY ('{CA,VA,FL}'::bpchar[])) OR (ca_state = ANY ('{IN,WV,OK}'::bpchar[]))))",
                                                              "parent": 16,
                                                              "ID": 17
                                                            }
                                                          ],
                                                          "parent": 14,
                                                          "ID": 16,
                                                          "left": 17
                                                        }
                                                      ],
                                                      "parent": 13,
                                                      "ID": 14,
                                                      "left": 15,
                                                      "right": 16
                                                    },
                                                    {
                                                      "Node Type": "Hash",
                                                      "Parent Relationship": "Inner",
                                                      "Parallel Aware": true,
                                                      "Async Capable": false,
                                                      "Startup Cost": 310224.49,
                                                      "Total Cost": 310224.49,
                                                      "Plan Rows": 750,
                                                      "Plan Width": 28,
                                                      "Plans": [
                                                        {
                                                          "Node Type": "Hash Join",
                                                          "Parent Relationship": "Outer",
                                                          "Parallel Aware": true,
                                                          "Async Capable": false,
                                                          "Join Type": "Inner",
                                                          "Startup Cost": 1944.79,
                                                          "Total Cost": 310224.49,
                                                          "Plan Rows": 750,
                                                          "Plan Width": 28,
                                                          "Inner Unique": false,
                                                          "Hash Cond": "(web_sales.ws_sold_date_sk = date_dim.d_date_sk)",
                                                          "Plans": [
                                                            {
                                                              "Node Type": "Seq Scan",
                                                              "Parent Relationship": "Outer",
                                                              "Parallel Aware": true,
                                                              "Async Capable": false,
                                                              "Relation Name": "web_sales",
                                                              "Alias": "web_sales",
                                                              "Startup Cost": 0.0,
                                                              "Total Cost": 307707.43,
                                                              "Plan Rows": 151429,
                                                              "Plan Width": 32,
                                                              "Filter": "((((ws_sales_price >= 100.00) AND (ws_sales_price <= 150.00)) OR ((ws_sales_price >= 50.00) AND (ws_sales_price <= 100.00)) OR ((ws_sales_price >= 150.00) AND (ws_sales_price <= 200.00))) AND (((ws_net_profit >= '100'::numeric) AND (ws_net_profit <= '200'::numeric)) OR ((ws_net_profit >= '150'::numeric) AND (ws_net_profit <= '300'::numeric)) OR ((ws_net_profit >= '50'::numeric) AND (ws_net_profit <= '250'::numeric))))",
                                                              "parent": 19,
                                                              "ID": 20
                                                            },
                                                            {
                                                              "Node Type": "Hash",
                                                              "Parent Relationship": "Inner",
                                                              "Parallel Aware": true,
                                                              "Async Capable": false,
                                                              "Startup Cost": 1942.12,
                                                              "Total Cost": 1942.12,
                                                              "Plan Rows": 213,
                                                              "Plan Width": 4,
                                                              "Plans": [
                                                                {
                                                                  "Node Type": "Seq Scan",
                                                                  "Parent Relationship": "Outer",
                                                                  "Parallel Aware": true,
                                                                  "Async Capable": false,
                                                                  "Relation Name": "date_dim",
                                                                  "Alias": "date_dim",
                                                                  "Startup Cost": 0.0,
                                                                  "Total Cost": 1942.12,
                                                                  "Plan Rows": 213,
                                                                  "Plan Width": 4,
                                                                  "Filter": "(d_year = 1998)",
                                                                  "parent": 21,
                                                                  "ID": 22
                                                                }
                                                              ],
                                                              "parent": 19,
                                                              "ID": 21,
                                                              "left": 22
                                                            }
                                                          ],
                                                          "parent": 18,
                                                          "ID": 19,
                                                          "left": 20,
                                                          "right": 21
                                                        }
                                                      ],
                                                      "parent": 13,
                                                      "ID": 18,
                                                      "left": 19
                                                    }
                                                  ],
                                                  "parent": 12,
                                                  "ID": 13,
                                                  "left": 14,
                                                  "right": 18
                                                }
                                              ],
                                              "parent": 10,
                                              "ID": 12,
                                              "left": 13
                                            }
                                          ],
                                          "parent": 9,
                                          "ID": 10,
                                          "left": 11,
                                          "right": 12
                                        }
                                      ],
                                      "parent": 7,
                                      "ID": 9,
                                      "left": 10
                                    }
                                  ],
                                  "parent": 6,
                                  "ID": 7,
                                  "left": 8,
                                  "right": 9
                                }
                              ],
                              "parent": 5,
                              "ID": 6,
                              "left": 7
                            },
                            {
                              "Node Type": "Seq Scan",
                              "Parent Relationship": "Inner",
                              "Parallel Aware": false,
                              "Async Capable": false,
                              "Relation Name": "web_page",
                              "Alias": "web_page",
                              "Startup Cost": 0.0,
                              "Total Cost": 7.0,
                              "Plan Rows": 200,
                              "Plan Width": 4,
                              "parent": 5,
                              "ID": 23
                            }
                          ],
                          "parent": 4,
                          "ID": 5,
                          "left": 6,
                          "right": 23
                        },
                        {
                          "Node Type": "Seq Scan",
                          "Parent Relationship": "Inner",
                          "Parallel Aware": false,
                          "Async Capable": false,
                          "Relation Name": "reason",
                          "Alias": "reason",
                          "Startup Cost": 0.0,
                          "Total Cost": 1.45,
                          "Plan Rows": 45,
                          "Plan Width": 105,
                          "parent": 4,
                          "ID": 24
                        }
                      ],
                      "parent": 3,
                      "ID": 4,
                      "left": 5,
                      "right": 24
                    }
                  ],
                  "parent": 2,
                  "ID": 3,
                  "left": 4
                }
              ],
              "parent": 1,
              "ID": 2,
              "left": 3
            }
          ],
          "parent": 0,
          "ID": 1,
          "left": 2
        }
      ],
      "parent": null,
      "ID": 0,
      "left": 1
    },
    "feat": {
      "utility": 0.0,
      "query_shape": [
        [
          "Seq Scan",
          "Hash Join",
          "Gather",
          "Nested Loop",
          "Sort",
          "Aggregate"
        ],
        [
          "Seq Scan",
          "Hash Join",
          "Hash",
          "Gather",
          "Nested Loop",
          "Sort",
          "Aggregate"
        ],
        [
          "Seq Scan",
          "Hash Join",
          "Hash",
          "Gather",
          "Nested Loop",
          "Sort",
          "Aggregate"
        ],
        [
          "Seq Scan",
          "Hash",
          "Hash Join",
          "Gather",
          "Nested Loop",
          "Sort",
          "Aggregate"
        ],
        [
          "Seq Scan",
          "Hash Join",
          "Hash",
          "Gather",
          "Nested Loop",
          "Sort",
          "Aggregate"
        ],
        [
          "Seq Scan",
          "Hash",
          "Hash Join",
          "Gather",
          "Nested Loop",
          "Sort",
          "Aggregate"
        ],
        [
          "Seq Scan",
          "Nested Loop",
          "Sort",
          "Aggregate"
        ],
        [
          "Seq Scan",
          "Nested Loop",
          "Sort",
          "Aggregate"
        ]
      ],
      "index_shape": [
        "order-by"
      ],
      "physical_operator": {
        "Sort": [
          "[  0.5    2.45   4.47   6.45   8.41  10.42  12.42  14.41  16.37  18.35\n  20.37  22.33  24.33  26.31  28.33  30.32  32.32  34.3   36.3   38.27\n  40.29  42.3   44.29  46.25  48.27  50.25  52.25  54.22  56.21  58.18\n  60.18  62.18  64.17  66.17  68.17  70.17  72.13  74.14  76.14  78.16\n  80.13  82.1   84.09  86.09  88.07  90.09  92.07  94.04  96.02  98.01\n 100.  ]"
        ]
      }
    }
  },
  {
    "query": "select  substr(r_reason_desc,1,20)\n       ,avg(ws_quantity)\n       ,avg(wr_refunded_cash)\n       ,avg(wr_fee)\n from web_sales, web_returns, web_page, customer_demographics cd1,\n      customer_demographics cd2, customer_address, date_dim, reason \n where ws_web_page_sk = wp_web_page_sk\n   and ws_item_sk = wr_item_sk\n   and ws_order_number = wr_order_number\n   and ws_sold_date_sk = d_date_sk and d_year = 1998\n   and cd1.cd_demo_sk = wr_refunded_cdemo_sk \n   and cd2.cd_demo_sk = wr_returning_cdemo_sk\n   and ca_address_sk = wr_refunded_addr_sk\n   and r_reason_sk = wr_reason_sk\n   and\n   (\n    (\n     cd1.cd_marital_status = 'M'\n     and\n     cd1.cd_marital_status = cd2.cd_marital_status\n     and\n     cd1.cd_education_status = 'Secondary'\n     and \n     cd1.cd_education_status = cd2.cd_education_status\n     and\n     ws_sales_price between 100.00 and 150.00\n    )\n   or\n    (\n     cd1.cd_marital_status = 'W'\n     and\n     cd1.cd_marital_status = cd2.cd_marital_status\n     and\n     cd1.cd_education_status = 'Primary' \n     and\n     cd1.cd_education_status = cd2.cd_education_status\n     and\n     ws_sales_price between 50.00 and 100.00\n    )\n   or\n    (\n     cd1.cd_marital_status = 'D'\n     and\n     cd1.cd_marital_status = cd2.cd_marital_status\n     and\n     cd1.cd_education_status = 'College'\n     and\n     cd1.cd_education_status = cd2.cd_education_status\n     and\n     ws_sales_price between 150.00 and 200.00\n    )\n   )\n   and\n   (\n    (\n     ca_country = 'United States'\n     and\n     ca_state in ('GA', 'NE', 'KY')\n     and ws_net_profit between 100 and 200  \n    )\n    or\n    (\n     ca_country = 'United States'\n     and\n     ca_state in ('CA', 'VA', 'FL')\n     and ws_net_profit between 150 and 300  \n    )\n    or\n    (\n     ca_country = 'United States'\n     and\n     ca_state in ('IN', 'WV', 'OK')\n     and ws_net_profit between 50 and 250  \n    )\n   )\ngroup by r_reason_desc\norder by substr(r_reason_desc,1,20)\n        ,avg(ws_quantity)\n        ,avg(wr_refunded_cash)\n        ,avg(wr_fee)\nlimit 100;\n\n-- end query 65 in stream 3 using template query85.tpl\n",
    "indexes": "web_returns.wr_refunded_cash",
    "wo plan est": {
      "Node Type": "Limit",
      "Parallel Aware": false,
      "Async Capable": false,
      "Startup Cost": 413078.35,
      "Total Cost": 413078.35,
      "Plan Rows": 1,
      "Plan Width": 229,
      "Plans": [
        {
          "Node Type": "Sort",
          "Parent Relationship": "Outer",
          "Parallel Aware": false,
          "Async Capable": false,
          "Startup Cost": 413078.35,
          "Total Cost": 413078.35,
          "Plan Rows": 1,
          "Plan Width": 229,
          "Sort Key": [
            "(substr((reason.r_reason_desc)::text, 1, 20))",
            "(avg(web_sales.ws_quantity))",
            "(avg(web_returns.wr_refunded_cash))",
            "(avg(web_returns.wr_fee))"
          ],
          "Plans": [
            {
              "Node Type": "Aggregate",
              "Strategy": "Sorted",
              "Partial Mode": "Simple",
              "Parent Relationship": "Outer",
              "Parallel Aware": false,
              "Async Capable": false,
              "Startup Cost": 413078.3,
              "Total Cost": 413078.34,
              "Plan Rows": 1,
              "Plan Width": 229,
              "Group Key": [
                "reason.r_reason_desc"
              ],
              "Plans": [
                {
                  "Node Type": "Sort",
                  "Parent Relationship": "Outer",
                  "Parallel Aware": false,
                  "Async Capable": false,
                  "Startup Cost": 413078.3,
                  "Total Cost": 413078.31,
                  "Plan Rows": 1,
                  "Plan Width": 117,
                  "Sort Key": [
                    "reason.r_reason_desc"
                  ],
                  "Plans": [
                    {
                      "Node Type": "Nested Loop",
                      "Parent Relationship": "Outer",
                      "Parallel Aware": false,
                      "Async Capable": false,
                      "Join Type": "Inner",
                      "Startup Cost": 370475.3,
                      "Total Cost": 413078.29,
                      "Plan Rows": 1,
                      "Plan Width": 117,
                      "Inner Unique": false,
                      "Join Filter": "(web_returns.wr_reason_sk = reason.r_reason_sk)",
                      "Plans": [
                        {
                          "Node Type": "Nested Loop",
                          "Parent Relationship": "Outer",
                          "Parallel Aware": false,
                          "Async Capable": false,
                          "Join Type": "Inner",
                          "Startup Cost": 370475.3,
                          "Total Cost": 413076.28,
                          "Plan Rows": 1,
                          "Plan Width": 20,
                          "Inner Unique": false,
                          "Join Filter": "(web_sales.ws_web_page_sk = web_page.wp_web_page_sk)",
                          "Plans": [
                            {
                              "Node Type": "Gather",
                              "Parent Relationship": "Outer",
                              "Parallel Aware": false,
                              "Async Capable": false,
                              "Startup Cost": 370475.3,
                              "Total Cost": 413066.78,
                              "Plan Rows": 1,
                              "Plan Width": 24,
                              "Workers Planned": 2,
                              "Single Copy": false,
                              "Plans": [
                                {
                                  "Node Type": "Hash Join",
                                  "Parent Relationship": "Outer",
                                  "Parallel Aware": true,
                                  "Async Capable": false,
                                  "Join Type": "Inner",
                                  "Startup Cost": 369475.3,
                                  "Total Cost": 412066.68,
                                  "Plan Rows": 1,
                                  "Plan Width": 24,
                                  "Inner Unique": false,
                                  "Hash Cond": "((cd1.cd_demo_sk = web_returns.wr_refunded_cdemo_sk) AND (cd1.cd_marital_status = cd2.cd_marital_status) AND (cd1.cd_education_status = cd2.cd_education_status))",
                                  "Join Filter": "(((cd1.cd_marital_status = 'M'::bpchar) AND (cd1.cd_education_status = 'Secondary'::bpchar) AND (web_sales.ws_sales_price >= 100.00) AND (web_sales.ws_sales_price <= 150.00)) OR ((cd1.cd_marital_status = 'W'::bpchar) AND (cd1.cd_education_status = 'Primary'::bpchar) AND (web_sales.ws_sales_price >= 50.00) AND (web_sales.ws_sales_price <= 100.00)) OR ((cd1.cd_marital_status = 'D'::bpchar) AND (cd1.cd_education_status = 'College'::bpchar) AND (web_sales.ws_sales_price >= 150.00) AND (web_sales.ws_sales_price <= 200.00)))",
                                  "Plans": [
                                    {
                                      "Node Type": "Seq Scan",
                                      "Parent Relationship": "Outer",
                                      "Parallel Aware": true,
                                      "Async Capable": false,
                                      "Relation Name": "customer_demographics",
                                      "Alias": "cd1",
                                      "Startup Cost": 0.0,
                                      "Total Cost": 41836.33,
                                      "Plan Rows": 67112,
                                      "Plan Width": 27,
                                      "Filter": "(((cd_marital_status = 'M'::bpchar) AND (cd_education_status = 'Secondary'::bpchar)) OR ((cd_marital_status = 'W'::bpchar) AND (cd_education_status = 'Primary'::bpchar)) OR ((cd_marital_status = 'D'::bpchar) AND (cd_education_status = 'College'::bpchar)))",
                                      "parent": 7,
                                      "ID": 8
                                    },
                                    {
                                      "Node Type": "Hash",
                                      "Parent Relationship": "Inner",
                                      "Parallel Aware": true,
                                      "Async Capable": false,
                                      "Startup Cost": 369475.28,
                                      "Total Cost": 369475.28,
                                      "Plan Rows": 1,
                                      "Plan Width": 57,
                                      "Plans": [
                                        {
                                          "Node Type": "Hash Join",
                                          "Parent Relationship": "Outer",
                                          "Parallel Aware": true,
                                          "Async Capable": false,
                                          "Join Type": "Inner",
                                          "Startup Cost": 336642.69,
                                          "Total Cost": 369475.28,
                                          "Plan Rows": 1,
                                          "Plan Width": 57,
                                          "Inner Unique": false,
                                          "Hash Cond": "(cd2.cd_demo_sk = web_returns.wr_returning_cdemo_sk)",
                                          "Plans": [
                                            {
                                              "Node Type": "Seq Scan",
                                              "Parent Relationship": "Outer",
                                              "Parallel Aware": true,
                                              "Async Capable": false,
                                              "Relation Name": "customer_demographics",
                                              "Alias": "cd2",
                                              "Startup Cost": 0.0,
                                              "Total Cost": 29831.33,
                                              "Plan Rows": 800333,
                                              "Plan Width": 27,
                                              "parent": 10,
                                              "ID": 11
                                            },
                                            {
                                              "Node Type": "Hash",
                                              "Parent Relationship": "Inner",
                                              "Parallel Aware": true,
                                              "Async Capable": false,
                                              "Startup Cost": 336642.67,
                                              "Total Cost": 336642.67,
                                              "Plan Rows": 1,
                                              "Plan Width": 38,
                                              "Plans": [
                                                {
                                                  "Node Type": "Hash Join",
                                                  "Parent Relationship": "Outer",
                                                  "Parallel Aware": true,
                                                  "Async Capable": false,
                                                  "Join Type": "Inner",
                                                  "Startup Cost": 318452.05,
                                                  "Total Cost": 336642.67,
                                                  "Plan Rows": 1,
                                                  "Plan Width": 38,
                                                  "Inner Unique": false,
                                                  "Hash Cond": "((web_returns.wr_item_sk = web_sales.ws_item_sk) AND (web_returns.wr_order_number = web_sales.ws_order_number))",
                                                  "Join Filter": "(((customer_address.ca_state = ANY ('{GA,NE,KY}'::bpchar[])) AND (web_sales.ws_net_profit >= '100'::numeric) AND (web_sales.ws_net_profit <= '200'::numeric)) OR ((customer_address.ca_state = ANY ('{CA,VA,FL}'::bpchar[])) AND (web_sales.ws_net_profit >= '150'::numeric) AND (web_sales.ws_net_profit <= '300'::numeric)) OR ((customer_address.ca_state = ANY ('{IN,WV,OK}'::bpchar[])) AND (web_sales.ws_net_profit >= '50'::numeric) AND (web_sales.ws_net_profit <= '250'::numeric)))",
                                                  "Plans": [
                                                    {
                                                      "Node Type": "Hash Join",
                                                      "Parent Relationship": "Outer",
                                                      "Parallel Aware": true,
                                                      "Async Capable": false,
                                                      "Join Type": "Inner",
                                                      "Startup Cost": 8216.31,
                                                      "Total Cost": 25900.27,
                                                      "Plan Rows": 67550,
                                                      "Plan Width": 35,
                                                      "Inner Unique": false,
                                                      "Hash Cond": "(web_returns.wr_refunded_addr_sk = customer_address.ca_address_sk)",
                                                      "Plans": [
                                                        {
                                                          "Node Type": "Seq Scan",
                                                          "Parent Relationship": "Outer",
                                                          "Parallel Aware": true,
                                                          "Async Capable": false,
                                                          "Relation Name": "web_returns",
                                                          "Alias": "web_returns",
                                                          "Startup Cost": 0.0,
                                                          "Total Cost": 16278.74,
                                                          "Plan Rows": 299674,
                                                          "Plan Width": 36,
                                                          "parent": 14,
                                                          "ID": 15
                                                        },
                                                        {
                                                          "Node Type": "Hash",
                                                          "Parent Relationship": "Inner",
                                                          "Parallel Aware": true,
                                                          "Async Capable": false,
                                                          "Startup Cost": 7908.96,
                                                          "Total Cost": 7908.96,
                                                          "Plan Rows": 24588,
                                                          "Plan Width": 7,
                                                          "Plans": [
                                                            {
                                                              "Node Type": "Seq Scan",
                                                              "Parent Relationship": "Outer",
                                                              "Parallel Aware": true,
                                                              "Async Capable": false,
                                                              "Relation Name": "customer_address",
                                                              "Alias": "customer_address",
                                                              "Startup Cost": 0.0,
                                                              "Total Cost": 7908.96,
                                                              "Plan Rows": 24588,
                                                              "Plan Width": 7,
                                                              "Filter": "(((ca_country)::text = 'United States'::text) AND ((ca_state = ANY ('{GA,NE,KY}'::bpchar[])) OR (ca_state = ANY ('{CA,VA,FL}'::bpchar[])) OR (ca_state = ANY ('{IN,WV,OK}'::bpchar[]))))",
                                                              "parent": 16,
                                                              "ID": 17
                                                            }
                                                          ],
                                                          "parent": 14,
                                                          "ID": 16,
                                                          "left": 17
                                                        }
                                                      ],
                                                      "parent": 13,
                                                      "ID": 14,
                                                      "left": 15,
                                                      "right": 16
                                                    },
                                                    {
                                                      "Node Type": "Hash",
                                                      "Parent Relationship": "Inner",
                                                      "Parallel Aware": true,
                                                      "Async Capable": false,
                                                      "Startup Cost": 310224.49,
                                                      "Total Cost": 310224.49,
                                                      "Plan Rows": 750,
                                                      "Plan Width": 28,
                                                      "Plans": [
                                                        {
                                                          "Node Type": "Hash Join",
                                                          "Parent Relationship": "Outer",
                                                          "Parallel Aware": true,
                                                          "Async Capable": false,
                                                          "Join Type": "Inner",
                                                          "Startup Cost": 1944.79,
                                                          "Total Cost": 310224.49,
                                                          "Plan Rows": 750,
                                                          "Plan Width": 28,
                                                          "Inner Unique": false,
                                                          "Hash Cond": "(web_sales.ws_sold_date_sk = date_dim.d_date_sk)",
                                                          "Plans": [
                                                            {
                                                              "Node Type": "Seq Scan",
                                                              "Parent Relationship": "Outer",
                                                              "Parallel Aware": true,
                                                              "Async Capable": false,
                                                              "Relation Name": "web_sales",
                                                              "Alias": "web_sales",
                                                              "Startup Cost": 0.0,
                                                              "Total Cost": 307707.43,
                                                              "Plan Rows": 151429,
                                                              "Plan Width": 32,
                                                              "Filter": "((((ws_sales_price >= 100.00) AND (ws_sales_price <= 150.00)) OR ((ws_sales_price >= 50.00) AND (ws_sales_price <= 100.00)) OR ((ws_sales_price >= 150.00) AND (ws_sales_price <= 200.00))) AND (((ws_net_profit >= '100'::numeric) AND (ws_net_profit <= '200'::numeric)) OR ((ws_net_profit >= '150'::numeric) AND (ws_net_profit <= '300'::numeric)) OR ((ws_net_profit >= '50'::numeric) AND (ws_net_profit <= '250'::numeric))))",
                                                              "parent": 19,
                                                              "ID": 20
                                                            },
                                                            {
                                                              "Node Type": "Hash",
                                                              "Parent Relationship": "Inner",
                                                              "Parallel Aware": true,
                                                              "Async Capable": false,
                                                              "Startup Cost": 1942.12,
                                                              "Total Cost": 1942.12,
                                                              "Plan Rows": 213,
                                                              "Plan Width": 4,
                                                              "Plans": [
                                                                {
                                                                  "Node Type": "Seq Scan",
                                                                  "Parent Relationship": "Outer",
                                                                  "Parallel Aware": true,
                                                                  "Async Capable": false,
                                                                  "Relation Name": "date_dim",
                                                                  "Alias": "date_dim",
                                                                  "Startup Cost": 0.0,
                                                                  "Total Cost": 1942.12,
                                                                  "Plan Rows": 213,
                                                                  "Plan Width": 4,
                                                                  "Filter": "(d_year = 1998)",
                                                                  "parent": 21,
                                                                  "ID": 22
                                                                }
                                                              ],
                                                              "parent": 19,
                                                              "ID": 21,
                                                              "left": 22
                                                            }
                                                          ],
                                                          "parent": 18,
                                                          "ID": 19,
                                                          "left": 20,
                                                          "right": 21
                                                        }
                                                      ],
                                                      "parent": 13,
                                                      "ID": 18,
                                                      "left": 19
                                                    }
                                                  ],
                                                  "parent": 12,
                                                  "ID": 13,
                                                  "left": 14,
                                                  "right": 18
                                                }
                                              ],
                                              "parent": 10,
                                              "ID": 12,
                                              "left": 13
                                            }
                                          ],
                                          "parent": 9,
                                          "ID": 10,
                                          "left": 11,
                                          "right": 12
                                        }
                                      ],
                                      "parent": 7,
                                      "ID": 9,
                                      "left": 10
                                    }
                                  ],
                                  "parent": 6,
                                  "ID": 7,
                                  "left": 8,
                                  "right": 9
                                }
                              ],
                              "parent": 5,
                              "ID": 6,
                              "left": 7
                            },
                            {
                              "Node Type": "Seq Scan",
                              "Parent Relationship": "Inner",
                              "Parallel Aware": false,
                              "Async Capable": false,
                              "Relation Name": "web_page",
                              "Alias": "web_page",
                              "Startup Cost": 0.0,
                              "Total Cost": 7.0,
                              "Plan Rows": 200,
                              "Plan Width": 4,
                              "parent": 5,
                              "ID": 23
                            }
                          ],
                          "parent": 4,
                          "ID": 5,
                          "left": 6,
                          "right": 23
                        },
                        {
                          "Node Type": "Seq Scan",
                          "Parent Relationship": "Inner",
                          "Parallel Aware": false,
                          "Async Capable": false,
                          "Relation Name": "reason",
                          "Alias": "reason",
                          "Startup Cost": 0.0,
                          "Total Cost": 1.45,
                          "Plan Rows": 45,
                          "Plan Width": 105,
                          "parent": 4,
                          "ID": 24
                        }
                      ],
                      "parent": 3,
                      "ID": 4,
                      "left": 5,
                      "right": 24
                    }
                  ],
                  "parent": 2,
                  "ID": 3,
                  "left": 4
                }
              ],
              "parent": 1,
              "ID": 2,
              "left": 3
            }
          ],
          "parent": 0,
          "ID": 1,
          "left": 2
        }
      ],
      "parent": null,
      "ID": 0,
      "left": 1
    },
    "feat": {
      "utility": 0.0,
      "query_shape": [
        [
          "Seq Scan",
          "Hash Join",
          "Gather",
          "Nested Loop",
          "Sort",
          "Aggregate"
        ],
        [
          "Seq Scan",
          "Hash Join",
          "Hash",
          "Gather",
          "Nested Loop",
          "Sort",
          "Aggregate"
        ],
        [
          "Seq Scan",
          "Hash Join",
          "Hash",
          "Gather",
          "Nested Loop",
          "Sort",
          "Aggregate"
        ],
        [
          "Seq Scan",
          "Hash",
          "Hash Join",
          "Gather",
          "Nested Loop",
          "Sort",
          "Aggregate"
        ],
        [
          "Seq Scan",
          "Hash Join",
          "Hash",
          "Gather",
          "Nested Loop",
          "Sort",
          "Aggregate"
        ],
        [
          "Seq Scan",
          "Hash",
          "Hash Join",
          "Gather",
          "Nested Loop",
          "Sort",
          "Aggregate"
        ],
        [
          "Seq Scan",
          "Nested Loop",
          "Sort",
          "Aggregate"
        ],
        [
          "Seq Scan",
          "Nested Loop",
          "Sort",
          "Aggregate"
        ]
      ],
      "index_shape": [
        "order-by"
      ],
      "physical_operator": {
        "Sort": [
          "[0.0000000e+00 3.0000000e-02 1.6200000e+00 3.5600000e+00 5.9000000e+00\n 8.5600000e+00 1.1650000e+01 1.5070000e+01 1.8950000e+01 2.3250000e+01\n 2.8084000e+01 3.3420000e+01 3.9170000e+01 4.5570000e+01 5.2380000e+01\n 6.0140000e+01 6.8626400e+01 7.7920000e+01 8.8200000e+01 9.9390000e+01\n 1.1172000e+02 1.2513000e+02 1.3967880e+02 1.5584000e+02 1.7311960e+02\n 1.9250000e+02 2.1343000e+02 2.3649000e+02 2.6229000e+02 2.9002660e+02\n 3.2071000e+02 3.5510740e+02 3.9312000e+02 4.3455000e+02 4.8144000e+02\n 5.3409000e+02 5.9207440e+02 6.5868980e+02 7.3609000e+02 8.2232240e+02\n 9.2240600e+02 1.0378514e+03 1.1754136e+03 1.3379422e+03 1.5383328e+03\n 1.7919700e+03 2.1202700e+03 2.5787600e+03 3.2753692e+03 4.5796474e+03\n 2.4003810e+04]"
        ]
      }
    }
  },
  {
    "query": "select  substr(r_reason_desc,1,20)\n       ,avg(ws_quantity)\n       ,avg(wr_refunded_cash)\n       ,avg(wr_fee)\n from web_sales, web_returns, web_page, customer_demographics cd1,\n      customer_demographics cd2, customer_address, date_dim, reason \n where ws_web_page_sk = wp_web_page_sk\n   and ws_item_sk = wr_item_sk\n   and ws_order_number = wr_order_number\n   and ws_sold_date_sk = d_date_sk and d_year = 1998\n   and cd1.cd_demo_sk = wr_refunded_cdemo_sk \n   and cd2.cd_demo_sk = wr_returning_cdemo_sk\n   and ca_address_sk = wr_refunded_addr_sk\n   and r_reason_sk = wr_reason_sk\n   and\n   (\n    (\n     cd1.cd_marital_status = 'M'\n     and\n     cd1.cd_marital_status = cd2.cd_marital_status\n     and\n     cd1.cd_education_status = 'Secondary'\n     and \n     cd1.cd_education_status = cd2.cd_education_status\n     and\n     ws_sales_price between 100.00 and 150.00\n    )\n   or\n    (\n     cd1.cd_marital_status = 'W'\n     and\n     cd1.cd_marital_status = cd2.cd_marital_status\n     and\n     cd1.cd_education_status = 'Primary' \n     and\n     cd1.cd_education_status = cd2.cd_education_status\n     and\n     ws_sales_price between 50.00 and 100.00\n    )\n   or\n    (\n     cd1.cd_marital_status = 'D'\n     and\n     cd1.cd_marital_status = cd2.cd_marital_status\n     and\n     cd1.cd_education_status = 'College'\n     and\n     cd1.cd_education_status = cd2.cd_education_status\n     and\n     ws_sales_price between 150.00 and 200.00\n    )\n   )\n   and\n   (\n    (\n     ca_country = 'United States'\n     and\n     ca_state in ('GA', 'NE', 'KY')\n     and ws_net_profit between 100 and 200  \n    )\n    or\n    (\n     ca_country = 'United States'\n     and\n     ca_state in ('CA', 'VA', 'FL')\n     and ws_net_profit between 150 and 300  \n    )\n    or\n    (\n     ca_country = 'United States'\n     and\n     ca_state in ('IN', 'WV', 'OK')\n     and ws_net_profit between 50 and 250  \n    )\n   )\ngroup by r_reason_desc\norder by substr(r_reason_desc,1,20)\n        ,avg(ws_quantity)\n        ,avg(wr_refunded_cash)\n        ,avg(wr_fee)\nlimit 100;\n\n-- end query 65 in stream 3 using template query85.tpl\n",
    "indexes": "web_sales.ws_sold_date_sk",
    "wo plan est": {
      "Node Type": "Limit",
      "Parallel Aware": false,
      "Async Capable": false,
      "Startup Cost": 413078.35,
      "Total Cost": 413078.35,
      "Plan Rows": 1,
      "Plan Width": 229,
      "Plans": [
        {
          "Node Type": "Sort",
          "Parent Relationship": "Outer",
          "Parallel Aware": false,
          "Async Capable": false,
          "Startup Cost": 413078.35,
          "Total Cost": 413078.35,
          "Plan Rows": 1,
          "Plan Width": 229,
          "Sort Key": [
            "(substr((reason.r_reason_desc)::text, 1, 20))",
            "(avg(web_sales.ws_quantity))",
            "(avg(web_returns.wr_refunded_cash))",
            "(avg(web_returns.wr_fee))"
          ],
          "Plans": [
            {
              "Node Type": "Aggregate",
              "Strategy": "Sorted",
              "Partial Mode": "Simple",
              "Parent Relationship": "Outer",
              "Parallel Aware": false,
              "Async Capable": false,
              "Startup Cost": 413078.3,
              "Total Cost": 413078.34,
              "Plan Rows": 1,
              "Plan Width": 229,
              "Group Key": [
                "reason.r_reason_desc"
              ],
              "Plans": [
                {
                  "Node Type": "Sort",
                  "Parent Relationship": "Outer",
                  "Parallel Aware": false,
                  "Async Capable": false,
                  "Startup Cost": 413078.3,
                  "Total Cost": 413078.31,
                  "Plan Rows": 1,
                  "Plan Width": 117,
                  "Sort Key": [
                    "reason.r_reason_desc"
                  ],
                  "Plans": [
                    {
                      "Node Type": "Nested Loop",
                      "Parent Relationship": "Outer",
                      "Parallel Aware": false,
                      "Async Capable": false,
                      "Join Type": "Inner",
                      "Startup Cost": 370475.3,
                      "Total Cost": 413078.29,
                      "Plan Rows": 1,
                      "Plan Width": 117,
                      "Inner Unique": false,
                      "Join Filter": "(web_returns.wr_reason_sk = reason.r_reason_sk)",
                      "Plans": [
                        {
                          "Node Type": "Nested Loop",
                          "Parent Relationship": "Outer",
                          "Parallel Aware": false,
                          "Async Capable": false,
                          "Join Type": "Inner",
                          "Startup Cost": 370475.3,
                          "Total Cost": 413076.28,
                          "Plan Rows": 1,
                          "Plan Width": 20,
                          "Inner Unique": false,
                          "Join Filter": "(web_sales.ws_web_page_sk = web_page.wp_web_page_sk)",
                          "Plans": [
                            {
                              "Node Type": "Gather",
                              "Parent Relationship": "Outer",
                              "Parallel Aware": false,
                              "Async Capable": false,
                              "Startup Cost": 370475.3,
                              "Total Cost": 413066.78,
                              "Plan Rows": 1,
                              "Plan Width": 24,
                              "Workers Planned": 2,
                              "Single Copy": false,
                              "Plans": [
                                {
                                  "Node Type": "Hash Join",
                                  "Parent Relationship": "Outer",
                                  "Parallel Aware": true,
                                  "Async Capable": false,
                                  "Join Type": "Inner",
                                  "Startup Cost": 369475.3,
                                  "Total Cost": 412066.68,
                                  "Plan Rows": 1,
                                  "Plan Width": 24,
                                  "Inner Unique": false,
                                  "Hash Cond": "((cd1.cd_demo_sk = web_returns.wr_refunded_cdemo_sk) AND (cd1.cd_marital_status = cd2.cd_marital_status) AND (cd1.cd_education_status = cd2.cd_education_status))",
                                  "Join Filter": "(((cd1.cd_marital_status = 'M'::bpchar) AND (cd1.cd_education_status = 'Secondary'::bpchar) AND (web_sales.ws_sales_price >= 100.00) AND (web_sales.ws_sales_price <= 150.00)) OR ((cd1.cd_marital_status = 'W'::bpchar) AND (cd1.cd_education_status = 'Primary'::bpchar) AND (web_sales.ws_sales_price >= 50.00) AND (web_sales.ws_sales_price <= 100.00)) OR ((cd1.cd_marital_status = 'D'::bpchar) AND (cd1.cd_education_status = 'College'::bpchar) AND (web_sales.ws_sales_price >= 150.00) AND (web_sales.ws_sales_price <= 200.00)))",
                                  "Plans": [
                                    {
                                      "Node Type": "Seq Scan",
                                      "Parent Relationship": "Outer",
                                      "Parallel Aware": true,
                                      "Async Capable": false,
                                      "Relation Name": "customer_demographics",
                                      "Alias": "cd1",
                                      "Startup Cost": 0.0,
                                      "Total Cost": 41836.33,
                                      "Plan Rows": 67112,
                                      "Plan Width": 27,
                                      "Filter": "(((cd_marital_status = 'M'::bpchar) AND (cd_education_status = 'Secondary'::bpchar)) OR ((cd_marital_status = 'W'::bpchar) AND (cd_education_status = 'Primary'::bpchar)) OR ((cd_marital_status = 'D'::bpchar) AND (cd_education_status = 'College'::bpchar)))",
                                      "parent": 7,
                                      "ID": 8
                                    },
                                    {
                                      "Node Type": "Hash",
                                      "Parent Relationship": "Inner",
                                      "Parallel Aware": true,
                                      "Async Capable": false,
                                      "Startup Cost": 369475.28,
                                      "Total Cost": 369475.28,
                                      "Plan Rows": 1,
                                      "Plan Width": 57,
                                      "Plans": [
                                        {
                                          "Node Type": "Hash Join",
                                          "Parent Relationship": "Outer",
                                          "Parallel Aware": true,
                                          "Async Capable": false,
                                          "Join Type": "Inner",
                                          "Startup Cost": 336642.69,
                                          "Total Cost": 369475.28,
                                          "Plan Rows": 1,
                                          "Plan Width": 57,
                                          "Inner Unique": false,
                                          "Hash Cond": "(cd2.cd_demo_sk = web_returns.wr_returning_cdemo_sk)",
                                          "Plans": [
                                            {
                                              "Node Type": "Seq Scan",
                                              "Parent Relationship": "Outer",
                                              "Parallel Aware": true,
                                              "Async Capable": false,
                                              "Relation Name": "customer_demographics",
                                              "Alias": "cd2",
                                              "Startup Cost": 0.0,
                                              "Total Cost": 29831.33,
                                              "Plan Rows": 800333,
                                              "Plan Width": 27,
                                              "parent": 10,
                                              "ID": 11
                                            },
                                            {
                                              "Node Type": "Hash",
                                              "Parent Relationship": "Inner",
                                              "Parallel Aware": true,
                                              "Async Capable": false,
                                              "Startup Cost": 336642.67,
                                              "Total Cost": 336642.67,
                                              "Plan Rows": 1,
                                              "Plan Width": 38,
                                              "Plans": [
                                                {
                                                  "Node Type": "Hash Join",
                                                  "Parent Relationship": "Outer",
                                                  "Parallel Aware": true,
                                                  "Async Capable": false,
                                                  "Join Type": "Inner",
                                                  "Startup Cost": 318452.05,
                                                  "Total Cost": 336642.67,
                                                  "Plan Rows": 1,
                                                  "Plan Width": 38,
                                                  "Inner Unique": false,
                                                  "Hash Cond": "((web_returns.wr_item_sk = web_sales.ws_item_sk) AND (web_returns.wr_order_number = web_sales.ws_order_number))",
                                                  "Join Filter": "(((customer_address.ca_state = ANY ('{GA,NE,KY}'::bpchar[])) AND (web_sales.ws_net_profit >= '100'::numeric) AND (web_sales.ws_net_profit <= '200'::numeric)) OR ((customer_address.ca_state = ANY ('{CA,VA,FL}'::bpchar[])) AND (web_sales.ws_net_profit >= '150'::numeric) AND (web_sales.ws_net_profit <= '300'::numeric)) OR ((customer_address.ca_state = ANY ('{IN,WV,OK}'::bpchar[])) AND (web_sales.ws_net_profit >= '50'::numeric) AND (web_sales.ws_net_profit <= '250'::numeric)))",
                                                  "Plans": [
                                                    {
                                                      "Node Type": "Hash Join",
                                                      "Parent Relationship": "Outer",
                                                      "Parallel Aware": true,
                                                      "Async Capable": false,
                                                      "Join Type": "Inner",
                                                      "Startup Cost": 8216.31,
                                                      "Total Cost": 25900.27,
                                                      "Plan Rows": 67550,
                                                      "Plan Width": 35,
                                                      "Inner Unique": false,
                                                      "Hash Cond": "(web_returns.wr_refunded_addr_sk = customer_address.ca_address_sk)",
                                                      "Plans": [
                                                        {
                                                          "Node Type": "Seq Scan",
                                                          "Parent Relationship": "Outer",
                                                          "Parallel Aware": true,
                                                          "Async Capable": false,
                                                          "Relation Name": "web_returns",
                                                          "Alias": "web_returns",
                                                          "Startup Cost": 0.0,
                                                          "Total Cost": 16278.74,
                                                          "Plan Rows": 299674,
                                                          "Plan Width": 36,
                                                          "parent": 14,
                                                          "ID": 15
                                                        },
                                                        {
                                                          "Node Type": "Hash",
                                                          "Parent Relationship": "Inner",
                                                          "Parallel Aware": true,
                                                          "Async Capable": false,
                                                          "Startup Cost": 7908.96,
                                                          "Total Cost": 7908.96,
                                                          "Plan Rows": 24588,
                                                          "Plan Width": 7,
                                                          "Plans": [
                                                            {
                                                              "Node Type": "Seq Scan",
                                                              "Parent Relationship": "Outer",
                                                              "Parallel Aware": true,
                                                              "Async Capable": false,
                                                              "Relation Name": "customer_address",
                                                              "Alias": "customer_address",
                                                              "Startup Cost": 0.0,
                                                              "Total Cost": 7908.96,
                                                              "Plan Rows": 24588,
                                                              "Plan Width": 7,
                                                              "Filter": "(((ca_country)::text = 'United States'::text) AND ((ca_state = ANY ('{GA,NE,KY}'::bpchar[])) OR (ca_state = ANY ('{CA,VA,FL}'::bpchar[])) OR (ca_state = ANY ('{IN,WV,OK}'::bpchar[]))))",
                                                              "parent": 16,
                                                              "ID": 17
                                                            }
                                                          ],
                                                          "parent": 14,
                                                          "ID": 16,
                                                          "left": 17
                                                        }
                                                      ],
                                                      "parent": 13,
                                                      "ID": 14,
                                                      "left": 15,
                                                      "right": 16
                                                    },
                                                    {
                                                      "Node Type": "Hash",
                                                      "Parent Relationship": "Inner",
                                                      "Parallel Aware": true,
                                                      "Async Capable": false,
                                                      "Startup Cost": 310224.49,
                                                      "Total Cost": 310224.49,
                                                      "Plan Rows": 750,
                                                      "Plan Width": 28,
                                                      "Plans": [
                                                        {
                                                          "Node Type": "Hash Join",
                                                          "Parent Relationship": "Outer",
                                                          "Parallel Aware": true,
                                                          "Async Capable": false,
                                                          "Join Type": "Inner",
                                                          "Startup Cost": 1944.79,
                                                          "Total Cost": 310224.49,
                                                          "Plan Rows": 750,
                                                          "Plan Width": 28,
                                                          "Inner Unique": false,
                                                          "Hash Cond": "(web_sales.ws_sold_date_sk = date_dim.d_date_sk)",
                                                          "Plans": [
                                                            {
                                                              "Node Type": "Seq Scan",
                                                              "Parent Relationship": "Outer",
                                                              "Parallel Aware": true,
                                                              "Async Capable": false,
                                                              "Relation Name": "web_sales",
                                                              "Alias": "web_sales",
                                                              "Startup Cost": 0.0,
                                                              "Total Cost": 307707.43,
                                                              "Plan Rows": 151429,
                                                              "Plan Width": 32,
                                                              "Filter": "((((ws_sales_price >= 100.00) AND (ws_sales_price <= 150.00)) OR ((ws_sales_price >= 50.00) AND (ws_sales_price <= 100.00)) OR ((ws_sales_price >= 150.00) AND (ws_sales_price <= 200.00))) AND (((ws_net_profit >= '100'::numeric) AND (ws_net_profit <= '200'::numeric)) OR ((ws_net_profit >= '150'::numeric) AND (ws_net_profit <= '300'::numeric)) OR ((ws_net_profit >= '50'::numeric) AND (ws_net_profit <= '250'::numeric))))",
                                                              "parent": 19,
                                                              "ID": 20
                                                            },
                                                            {
                                                              "Node Type": "Hash",
                                                              "Parent Relationship": "Inner",
                                                              "Parallel Aware": true,
                                                              "Async Capable": false,
                                                              "Startup Cost": 1942.12,
                                                              "Total Cost": 1942.12,
                                                              "Plan Rows": 213,
                                                              "Plan Width": 4,
                                                              "Plans": [
                                                                {
                                                                  "Node Type": "Seq Scan",
                                                                  "Parent Relationship": "Outer",
                                                                  "Parallel Aware": true,
                                                                  "Async Capable": false,
                                                                  "Relation Name": "date_dim",
                                                                  "Alias": "date_dim",
                                                                  "Startup Cost": 0.0,
                                                                  "Total Cost": 1942.12,
                                                                  "Plan Rows": 213,
                                                                  "Plan Width": 4,
                                                                  "Filter": "(d_year = 1998)",
                                                                  "parent": 21,
                                                                  "ID": 22
                                                                }
                                                              ],
                                                              "parent": 19,
                                                              "ID": 21,
                                                              "left": 22
                                                            }
                                                          ],
                                                          "parent": 18,
                                                          "ID": 19,
                                                          "left": 20,
                                                          "right": 21
                                                        }
                                                      ],
                                                      "parent": 13,
                                                      "ID": 18,
                                                      "left": 19
                                                    }
                                                  ],
                                                  "parent": 12,
                                                  "ID": 13,
                                                  "left": 14,
                                                  "right": 18
                                                }
                                              ],
                                              "parent": 10,
                                              "ID": 12,
                                              "left": 13
                                            }
                                          ],
                                          "parent": 9,
                                          "ID": 10,
                                          "left": 11,
                                          "right": 12
                                        }
                                      ],
                                      "parent": 7,
                                      "ID": 9,
                                      "left": 10
                                    }
                                  ],
                                  "parent": 6,
                                  "ID": 7,
                                  "left": 8,
                                  "right": 9
                                }
                              ],
                              "parent": 5,
                              "ID": 6,
                              "left": 7
                            },
                            {
                              "Node Type": "Seq Scan",
                              "Parent Relationship": "Inner",
                              "Parallel Aware": false,
                              "Async Capable": false,
                              "Relation Name": "web_page",
                              "Alias": "web_page",
                              "Startup Cost": 0.0,
                              "Total Cost": 7.0,
                              "Plan Rows": 200,
                              "Plan Width": 4,
                              "parent": 5,
                              "ID": 23
                            }
                          ],
                          "parent": 4,
                          "ID": 5,
                          "left": 6,
                          "right": 23
                        },
                        {
                          "Node Type": "Seq Scan",
                          "Parent Relationship": "Inner",
                          "Parallel Aware": false,
                          "Async Capable": false,
                          "Relation Name": "reason",
                          "Alias": "reason",
                          "Startup Cost": 0.0,
                          "Total Cost": 1.45,
                          "Plan Rows": 45,
                          "Plan Width": 105,
                          "parent": 4,
                          "ID": 24
                        }
                      ],
                      "parent": 3,
                      "ID": 4,
                      "left": 5,
                      "right": 24
                    }
                  ],
                  "parent": 2,
                  "ID": 3,
                  "left": 4
                }
              ],
              "parent": 1,
              "ID": 2,
              "left": 3
            }
          ],
          "parent": 0,
          "ID": 1,
          "left": 2
        }
      ],
      "parent": null,
      "ID": 0,
      "left": 1
    },
    "feat": {
      "utility": 3.4933032765962084e-06,
      "query_shape": [
        [
          "Seq Scan",
          "Hash Join",
          "Gather",
          "Nested Loop",
          "Sort",
          "Aggregate"
        ],
        [
          "Seq Scan",
          "Hash Join",
          "Hash",
          "Gather",
          "Nested Loop",
          "Sort",
          "Aggregate"
        ],
        [
          "Seq Scan",
          "Hash Join",
          "Hash",
          "Gather",
          "Nested Loop",
          "Sort",
          "Aggregate"
        ],
        [
          "Seq Scan",
          "Hash",
          "Hash Join",
          "Gather",
          "Nested Loop",
          "Sort",
          "Aggregate"
        ],
        [
          "Seq Scan",
          "Hash Join",
          "Hash",
          "Gather",
          "Nested Loop",
          "Sort",
          "Aggregate"
        ],
        [
          "Seq Scan",
          "Hash",
          "Hash Join",
          "Gather",
          "Nested Loop",
          "Sort",
          "Aggregate"
        ],
        [
          "Seq Scan",
          "Nested Loop",
          "Sort",
          "Aggregate"
        ],
        [
          "Seq Scan",
          "Nested Loop",
          "Sort",
          "Aggregate"
        ]
      ],
      "index_shape": [
        "join"
      ],
      "physical_operator": {
        "Hash Join": [
          0.004822101002789471
        ]
      }
    }
  },
  {
    "query": "select  substr(r_reason_desc,1,20)\n       ,avg(ws_quantity)\n       ,avg(wr_refunded_cash)\n       ,avg(wr_fee)\n from web_sales, web_returns, web_page, customer_demographics cd1,\n      customer_demographics cd2, customer_address, date_dim, reason \n where ws_web_page_sk = wp_web_page_sk\n   and ws_item_sk = wr_item_sk\n   and ws_order_number = wr_order_number\n   and ws_sold_date_sk = d_date_sk and d_year = 1998\n   and cd1.cd_demo_sk = wr_refunded_cdemo_sk \n   and cd2.cd_demo_sk = wr_returning_cdemo_sk\n   and ca_address_sk = wr_refunded_addr_sk\n   and r_reason_sk = wr_reason_sk\n   and\n   (\n    (\n     cd1.cd_marital_status = 'M'\n     and\n     cd1.cd_marital_status = cd2.cd_marital_status\n     and\n     cd1.cd_education_status = 'Secondary'\n     and \n     cd1.cd_education_status = cd2.cd_education_status\n     and\n     ws_sales_price between 100.00 and 150.00\n    )\n   or\n    (\n     cd1.cd_marital_status = 'W'\n     and\n     cd1.cd_marital_status = cd2.cd_marital_status\n     and\n     cd1.cd_education_status = 'Primary' \n     and\n     cd1.cd_education_status = cd2.cd_education_status\n     and\n     ws_sales_price between 50.00 and 100.00\n    )\n   or\n    (\n     cd1.cd_marital_status = 'D'\n     and\n     cd1.cd_marital_status = cd2.cd_marital_status\n     and\n     cd1.cd_education_status = 'College'\n     and\n     cd1.cd_education_status = cd2.cd_education_status\n     and\n     ws_sales_price between 150.00 and 200.00\n    )\n   )\n   and\n   (\n    (\n     ca_country = 'United States'\n     and\n     ca_state in ('GA', 'NE', 'KY')\n     and ws_net_profit between 100 and 200  \n    )\n    or\n    (\n     ca_country = 'United States'\n     and\n     ca_state in ('CA', 'VA', 'FL')\n     and ws_net_profit between 150 and 300  \n    )\n    or\n    (\n     ca_country = 'United States'\n     and\n     ca_state in ('IN', 'WV', 'OK')\n     and ws_net_profit between 50 and 250  \n    )\n   )\ngroup by r_reason_desc\norder by substr(r_reason_desc,1,20)\n        ,avg(ws_quantity)\n        ,avg(wr_refunded_cash)\n        ,avg(wr_fee)\nlimit 100;\n\n-- end query 65 in stream 3 using template query85.tpl\n",
    "indexes": "web_sales.ws_item_sk",
    "wo plan est": {
      "Node Type": "Limit",
      "Parallel Aware": false,
      "Async Capable": false,
      "Startup Cost": 413078.35,
      "Total Cost": 413078.35,
      "Plan Rows": 1,
      "Plan Width": 229,
      "Plans": [
        {
          "Node Type": "Sort",
          "Parent Relationship": "Outer",
          "Parallel Aware": false,
          "Async Capable": false,
          "Startup Cost": 413078.35,
          "Total Cost": 413078.35,
          "Plan Rows": 1,
          "Plan Width": 229,
          "Sort Key": [
            "(substr((reason.r_reason_desc)::text, 1, 20))",
            "(avg(web_sales.ws_quantity))",
            "(avg(web_returns.wr_refunded_cash))",
            "(avg(web_returns.wr_fee))"
          ],
          "Plans": [
            {
              "Node Type": "Aggregate",
              "Strategy": "Sorted",
              "Partial Mode": "Simple",
              "Parent Relationship": "Outer",
              "Parallel Aware": false,
              "Async Capable": false,
              "Startup Cost": 413078.3,
              "Total Cost": 413078.34,
              "Plan Rows": 1,
              "Plan Width": 229,
              "Group Key": [
                "reason.r_reason_desc"
              ],
              "Plans": [
                {
                  "Node Type": "Sort",
                  "Parent Relationship": "Outer",
                  "Parallel Aware": false,
                  "Async Capable": false,
                  "Startup Cost": 413078.3,
                  "Total Cost": 413078.31,
                  "Plan Rows": 1,
                  "Plan Width": 117,
                  "Sort Key": [
                    "reason.r_reason_desc"
                  ],
                  "Plans": [
                    {
                      "Node Type": "Nested Loop",
                      "Parent Relationship": "Outer",
                      "Parallel Aware": false,
                      "Async Capable": false,
                      "Join Type": "Inner",
                      "Startup Cost": 370475.3,
                      "Total Cost": 413078.29,
                      "Plan Rows": 1,
                      "Plan Width": 117,
                      "Inner Unique": false,
                      "Join Filter": "(web_returns.wr_reason_sk = reason.r_reason_sk)",
                      "Plans": [
                        {
                          "Node Type": "Nested Loop",
                          "Parent Relationship": "Outer",
                          "Parallel Aware": false,
                          "Async Capable": false,
                          "Join Type": "Inner",
                          "Startup Cost": 370475.3,
                          "Total Cost": 413076.28,
                          "Plan Rows": 1,
                          "Plan Width": 20,
                          "Inner Unique": false,
                          "Join Filter": "(web_sales.ws_web_page_sk = web_page.wp_web_page_sk)",
                          "Plans": [
                            {
                              "Node Type": "Gather",
                              "Parent Relationship": "Outer",
                              "Parallel Aware": false,
                              "Async Capable": false,
                              "Startup Cost": 370475.3,
                              "Total Cost": 413066.78,
                              "Plan Rows": 1,
                              "Plan Width": 24,
                              "Workers Planned": 2,
                              "Single Copy": false,
                              "Plans": [
                                {
                                  "Node Type": "Hash Join",
                                  "Parent Relationship": "Outer",
                                  "Parallel Aware": true,
                                  "Async Capable": false,
                                  "Join Type": "Inner",
                                  "Startup Cost": 369475.3,
                                  "Total Cost": 412066.68,
                                  "Plan Rows": 1,
                                  "Plan Width": 24,
                                  "Inner Unique": false,
                                  "Hash Cond": "((cd1.cd_demo_sk = web_returns.wr_refunded_cdemo_sk) AND (cd1.cd_marital_status = cd2.cd_marital_status) AND (cd1.cd_education_status = cd2.cd_education_status))",
                                  "Join Filter": "(((cd1.cd_marital_status = 'M'::bpchar) AND (cd1.cd_education_status = 'Secondary'::bpchar) AND (web_sales.ws_sales_price >= 100.00) AND (web_sales.ws_sales_price <= 150.00)) OR ((cd1.cd_marital_status = 'W'::bpchar) AND (cd1.cd_education_status = 'Primary'::bpchar) AND (web_sales.ws_sales_price >= 50.00) AND (web_sales.ws_sales_price <= 100.00)) OR ((cd1.cd_marital_status = 'D'::bpchar) AND (cd1.cd_education_status = 'College'::bpchar) AND (web_sales.ws_sales_price >= 150.00) AND (web_sales.ws_sales_price <= 200.00)))",
                                  "Plans": [
                                    {
                                      "Node Type": "Seq Scan",
                                      "Parent Relationship": "Outer",
                                      "Parallel Aware": true,
                                      "Async Capable": false,
                                      "Relation Name": "customer_demographics",
                                      "Alias": "cd1",
                                      "Startup Cost": 0.0,
                                      "Total Cost": 41836.33,
                                      "Plan Rows": 67112,
                                      "Plan Width": 27,
                                      "Filter": "(((cd_marital_status = 'M'::bpchar) AND (cd_education_status = 'Secondary'::bpchar)) OR ((cd_marital_status = 'W'::bpchar) AND (cd_education_status = 'Primary'::bpchar)) OR ((cd_marital_status = 'D'::bpchar) AND (cd_education_status = 'College'::bpchar)))",
                                      "parent": 7,
                                      "ID": 8
                                    },
                                    {
                                      "Node Type": "Hash",
                                      "Parent Relationship": "Inner",
                                      "Parallel Aware": true,
                                      "Async Capable": false,
                                      "Startup Cost": 369475.28,
                                      "Total Cost": 369475.28,
                                      "Plan Rows": 1,
                                      "Plan Width": 57,
                                      "Plans": [
                                        {
                                          "Node Type": "Hash Join",
                                          "Parent Relationship": "Outer",
                                          "Parallel Aware": true,
                                          "Async Capable": false,
                                          "Join Type": "Inner",
                                          "Startup Cost": 336642.69,
                                          "Total Cost": 369475.28,
                                          "Plan Rows": 1,
                                          "Plan Width": 57,
                                          "Inner Unique": false,
                                          "Hash Cond": "(cd2.cd_demo_sk = web_returns.wr_returning_cdemo_sk)",
                                          "Plans": [
                                            {
                                              "Node Type": "Seq Scan",
                                              "Parent Relationship": "Outer",
                                              "Parallel Aware": true,
                                              "Async Capable": false,
                                              "Relation Name": "customer_demographics",
                                              "Alias": "cd2",
                                              "Startup Cost": 0.0,
                                              "Total Cost": 29831.33,
                                              "Plan Rows": 800333,
                                              "Plan Width": 27,
                                              "parent": 10,
                                              "ID": 11
                                            },
                                            {
                                              "Node Type": "Hash",
                                              "Parent Relationship": "Inner",
                                              "Parallel Aware": true,
                                              "Async Capable": false,
                                              "Startup Cost": 336642.67,
                                              "Total Cost": 336642.67,
                                              "Plan Rows": 1,
                                              "Plan Width": 38,
                                              "Plans": [
                                                {
                                                  "Node Type": "Hash Join",
                                                  "Parent Relationship": "Outer",
                                                  "Parallel Aware": true,
                                                  "Async Capable": false,
                                                  "Join Type": "Inner",
                                                  "Startup Cost": 318452.05,
                                                  "Total Cost": 336642.67,
                                                  "Plan Rows": 1,
                                                  "Plan Width": 38,
                                                  "Inner Unique": false,
                                                  "Hash Cond": "((web_returns.wr_item_sk = web_sales.ws_item_sk) AND (web_returns.wr_order_number = web_sales.ws_order_number))",
                                                  "Join Filter": "(((customer_address.ca_state = ANY ('{GA,NE,KY}'::bpchar[])) AND (web_sales.ws_net_profit >= '100'::numeric) AND (web_sales.ws_net_profit <= '200'::numeric)) OR ((customer_address.ca_state = ANY ('{CA,VA,FL}'::bpchar[])) AND (web_sales.ws_net_profit >= '150'::numeric) AND (web_sales.ws_net_profit <= '300'::numeric)) OR ((customer_address.ca_state = ANY ('{IN,WV,OK}'::bpchar[])) AND (web_sales.ws_net_profit >= '50'::numeric) AND (web_sales.ws_net_profit <= '250'::numeric)))",
                                                  "Plans": [
                                                    {
                                                      "Node Type": "Hash Join",
                                                      "Parent Relationship": "Outer",
                                                      "Parallel Aware": true,
                                                      "Async Capable": false,
                                                      "Join Type": "Inner",
                                                      "Startup Cost": 8216.31,
                                                      "Total Cost": 25900.27,
                                                      "Plan Rows": 67550,
                                                      "Plan Width": 35,
                                                      "Inner Unique": false,
                                                      "Hash Cond": "(web_returns.wr_refunded_addr_sk = customer_address.ca_address_sk)",
                                                      "Plans": [
                                                        {
                                                          "Node Type": "Seq Scan",
                                                          "Parent Relationship": "Outer",
                                                          "Parallel Aware": true,
                                                          "Async Capable": false,
                                                          "Relation Name": "web_returns",
                                                          "Alias": "web_returns",
                                                          "Startup Cost": 0.0,
                                                          "Total Cost": 16278.74,
                                                          "Plan Rows": 299674,
                                                          "Plan Width": 36,
                                                          "parent": 14,
                                                          "ID": 15
                                                        },
                                                        {
                                                          "Node Type": "Hash",
                                                          "Parent Relationship": "Inner",
                                                          "Parallel Aware": true,
                                                          "Async Capable": false,
                                                          "Startup Cost": 7908.96,
                                                          "Total Cost": 7908.96,
                                                          "Plan Rows": 24588,
                                                          "Plan Width": 7,
                                                          "Plans": [
                                                            {
                                                              "Node Type": "Seq Scan",
                                                              "Parent Relationship": "Outer",
                                                              "Parallel Aware": true,
                                                              "Async Capable": false,
                                                              "Relation Name": "customer_address",
                                                              "Alias": "customer_address",
                                                              "Startup Cost": 0.0,
                                                              "Total Cost": 7908.96,
                                                              "Plan Rows": 24588,
                                                              "Plan Width": 7,
                                                              "Filter": "(((ca_country)::text = 'United States'::text) AND ((ca_state = ANY ('{GA,NE,KY}'::bpchar[])) OR (ca_state = ANY ('{CA,VA,FL}'::bpchar[])) OR (ca_state = ANY ('{IN,WV,OK}'::bpchar[]))))",
                                                              "parent": 16,
                                                              "ID": 17
                                                            }
                                                          ],
                                                          "parent": 14,
                                                          "ID": 16,
                                                          "left": 17
                                                        }
                                                      ],
                                                      "parent": 13,
                                                      "ID": 14,
                                                      "left": 15,
                                                      "right": 16
                                                    },
                                                    {
                                                      "Node Type": "Hash",
                                                      "Parent Relationship": "Inner",
                                                      "Parallel Aware": true,
                                                      "Async Capable": false,
                                                      "Startup Cost": 310224.49,
                                                      "Total Cost": 310224.49,
                                                      "Plan Rows": 750,
                                                      "Plan Width": 28,
                                                      "Plans": [
                                                        {
                                                          "Node Type": "Hash Join",
                                                          "Parent Relationship": "Outer",
                                                          "Parallel Aware": true,
                                                          "Async Capable": false,
                                                          "Join Type": "Inner",
                                                          "Startup Cost": 1944.79,
                                                          "Total Cost": 310224.49,
                                                          "Plan Rows": 750,
                                                          "Plan Width": 28,
                                                          "Inner Unique": false,
                                                          "Hash Cond": "(web_sales.ws_sold_date_sk = date_dim.d_date_sk)",
                                                          "Plans": [
                                                            {
                                                              "Node Type": "Seq Scan",
                                                              "Parent Relationship": "Outer",
                                                              "Parallel Aware": true,
                                                              "Async Capable": false,
                                                              "Relation Name": "web_sales",
                                                              "Alias": "web_sales",
                                                              "Startup Cost": 0.0,
                                                              "Total Cost": 307707.43,
                                                              "Plan Rows": 151429,
                                                              "Plan Width": 32,
                                                              "Filter": "((((ws_sales_price >= 100.00) AND (ws_sales_price <= 150.00)) OR ((ws_sales_price >= 50.00) AND (ws_sales_price <= 100.00)) OR ((ws_sales_price >= 150.00) AND (ws_sales_price <= 200.00))) AND (((ws_net_profit >= '100'::numeric) AND (ws_net_profit <= '200'::numeric)) OR ((ws_net_profit >= '150'::numeric) AND (ws_net_profit <= '300'::numeric)) OR ((ws_net_profit >= '50'::numeric) AND (ws_net_profit <= '250'::numeric))))",
                                                              "parent": 19,
                                                              "ID": 20
                                                            },
                                                            {
                                                              "Node Type": "Hash",
                                                              "Parent Relationship": "Inner",
                                                              "Parallel Aware": true,
                                                              "Async Capable": false,
                                                              "Startup Cost": 1942.12,
                                                              "Total Cost": 1942.12,
                                                              "Plan Rows": 213,
                                                              "Plan Width": 4,
                                                              "Plans": [
                                                                {
                                                                  "Node Type": "Seq Scan",
                                                                  "Parent Relationship": "Outer",
                                                                  "Parallel Aware": true,
                                                                  "Async Capable": false,
                                                                  "Relation Name": "date_dim",
                                                                  "Alias": "date_dim",
                                                                  "Startup Cost": 0.0,
                                                                  "Total Cost": 1942.12,
                                                                  "Plan Rows": 213,
                                                                  "Plan Width": 4,
                                                                  "Filter": "(d_year = 1998)",
                                                                  "parent": 21,
                                                                  "ID": 22
                                                                }
                                                              ],
                                                              "parent": 19,
                                                              "ID": 21,
                                                              "left": 22
                                                            }
                                                          ],
                                                          "parent": 18,
                                                          "ID": 19,
                                                          "left": 20,
                                                          "right": 21
                                                        }
                                                      ],
                                                      "parent": 13,
                                                      "ID": 18,
                                                      "left": 19
                                                    }
                                                  ],
                                                  "parent": 12,
                                                  "ID": 13,
                                                  "left": 14,
                                                  "right": 18
                                                }
                                              ],
                                              "parent": 10,
                                              "ID": 12,
                                              "left": 13
                                            }
                                          ],
                                          "parent": 9,
                                          "ID": 10,
                                          "left": 11,
                                          "right": 12
                                        }
                                      ],
                                      "parent": 7,
                                      "ID": 9,
                                      "left": 10
                                    }
                                  ],
                                  "parent": 6,
                                  "ID": 7,
                                  "left": 8,
                                  "right": 9
                                }
                              ],
                              "parent": 5,
                              "ID": 6,
                              "left": 7
                            },
                            {
                              "Node Type": "Seq Scan",
                              "Parent Relationship": "Inner",
                              "Parallel Aware": false,
                              "Async Capable": false,
                              "Relation Name": "web_page",
                              "Alias": "web_page",
                              "Startup Cost": 0.0,
                              "Total Cost": 7.0,
                              "Plan Rows": 200,
                              "Plan Width": 4,
                              "parent": 5,
                              "ID": 23
                            }
                          ],
                          "parent": 4,
                          "ID": 5,
                          "left": 6,
                          "right": 23
                        },
                        {
                          "Node Type": "Seq Scan",
                          "Parent Relationship": "Inner",
                          "Parallel Aware": false,
                          "Async Capable": false,
                          "Relation Name": "reason",
                          "Alias": "reason",
                          "Startup Cost": 0.0,
                          "Total Cost": 1.45,
                          "Plan Rows": 45,
                          "Plan Width": 105,
                          "parent": 4,
                          "ID": 24
                        }
                      ],
                      "parent": 3,
                      "ID": 4,
                      "left": 5,
                      "right": 24
                    }
                  ],
                  "parent": 2,
                  "ID": 3,
                  "left": 4
                }
              ],
              "parent": 1,
              "ID": 2,
              "left": 3
            }
          ],
          "parent": 0,
          "ID": 1,
          "left": 2
        }
      ],
      "parent": null,
      "ID": 0,
      "left": 1
    },
    "feat": {
      "utility": 3.5097367949914033e-06,
      "query_shape": [
        [
          "Seq Scan",
          "Hash Join",
          "Gather",
          "Nested Loop",
          "Sort",
          "Aggregate"
        ],
        [
          "Seq Scan",
          "Hash Join",
          "Hash",
          "Gather",
          "Nested Loop",
          "Sort",
          "Aggregate"
        ],
        [
          "Seq Scan",
          "Hash Join",
          "Hash",
          "Gather",
          "Nested Loop",
          "Sort",
          "Aggregate"
        ],
        [
          "Seq Scan",
          "Hash",
          "Hash Join",
          "Gather",
          "Nested Loop",
          "Sort",
          "Aggregate"
        ],
        [
          "Seq Scan",
          "Hash Join",
          "Hash",
          "Gather",
          "Nested Loop",
          "Sort",
          "Aggregate"
        ],
        [
          "Seq Scan",
          "Hash",
          "Hash Join",
          "Gather",
          "Nested Loop",
          "Sort",
          "Aggregate"
        ],
        [
          "Seq Scan",
          "Nested Loop",
          "Sort",
          "Aggregate"
        ],
        [
          "Seq Scan",
          "Nested Loop",
          "Sort",
          "Aggregate"
        ]
      ],
      "index_shape": [
        "join"
      ],
      "physical_operator": {
        "Hash Join": [
          0.00014049364873303083
        ]
      }
    }
  },
  {
    "query": "select  substr(r_reason_desc,1,20)\n       ,avg(ws_quantity)\n       ,avg(wr_refunded_cash)\n       ,avg(wr_fee)\n from web_sales, web_returns, web_page, customer_demographics cd1,\n      customer_demographics cd2, customer_address, date_dim, reason \n where ws_web_page_sk = wp_web_page_sk\n   and ws_item_sk = wr_item_sk\n   and ws_order_number = wr_order_number\n   and ws_sold_date_sk = d_date_sk and d_year = 1998\n   and cd1.cd_demo_sk = wr_refunded_cdemo_sk \n   and cd2.cd_demo_sk = wr_returning_cdemo_sk\n   and ca_address_sk = wr_refunded_addr_sk\n   and r_reason_sk = wr_reason_sk\n   and\n   (\n    (\n     cd1.cd_marital_status = 'M'\n     and\n     cd1.cd_marital_status = cd2.cd_marital_status\n     and\n     cd1.cd_education_status = 'Secondary'\n     and \n     cd1.cd_education_status = cd2.cd_education_status\n     and\n     ws_sales_price between 100.00 and 150.00\n    )\n   or\n    (\n     cd1.cd_marital_status = 'W'\n     and\n     cd1.cd_marital_status = cd2.cd_marital_status\n     and\n     cd1.cd_education_status = 'Primary' \n     and\n     cd1.cd_education_status = cd2.cd_education_status\n     and\n     ws_sales_price between 50.00 and 100.00\n    )\n   or\n    (\n     cd1.cd_marital_status = 'D'\n     and\n     cd1.cd_marital_status = cd2.cd_marital_status\n     and\n     cd1.cd_education_status = 'College'\n     and\n     cd1.cd_education_status = cd2.cd_education_status\n     and\n     ws_sales_price between 150.00 and 200.00\n    )\n   )\n   and\n   (\n    (\n     ca_country = 'United States'\n     and\n     ca_state in ('GA', 'NE', 'KY')\n     and ws_net_profit between 100 and 200  \n    )\n    or\n    (\n     ca_country = 'United States'\n     and\n     ca_state in ('CA', 'VA', 'FL')\n     and ws_net_profit between 150 and 300  \n    )\n    or\n    (\n     ca_country = 'United States'\n     and\n     ca_state in ('IN', 'WV', 'OK')\n     and ws_net_profit between 50 and 250  \n    )\n   )\ngroup by r_reason_desc\norder by substr(r_reason_desc,1,20)\n        ,avg(ws_quantity)\n        ,avg(wr_refunded_cash)\n        ,avg(wr_fee)\nlimit 100;\n\n-- end query 65 in stream 3 using template query85.tpl\n",
    "indexes": "web_sales.ws_web_page_sk",
    "wo plan est": {
      "Node Type": "Limit",
      "Parallel Aware": false,
      "Async Capable": false,
      "Startup Cost": 413078.35,
      "Total Cost": 413078.35,
      "Plan Rows": 1,
      "Plan Width": 229,
      "Plans": [
        {
          "Node Type": "Sort",
          "Parent Relationship": "Outer",
          "Parallel Aware": false,
          "Async Capable": false,
          "Startup Cost": 413078.35,
          "Total Cost": 413078.35,
          "Plan Rows": 1,
          "Plan Width": 229,
          "Sort Key": [
            "(substr((reason.r_reason_desc)::text, 1, 20))",
            "(avg(web_sales.ws_quantity))",
            "(avg(web_returns.wr_refunded_cash))",
            "(avg(web_returns.wr_fee))"
          ],
          "Plans": [
            {
              "Node Type": "Aggregate",
              "Strategy": "Sorted",
              "Partial Mode": "Simple",
              "Parent Relationship": "Outer",
              "Parallel Aware": false,
              "Async Capable": false,
              "Startup Cost": 413078.3,
              "Total Cost": 413078.34,
              "Plan Rows": 1,
              "Plan Width": 229,
              "Group Key": [
                "reason.r_reason_desc"
              ],
              "Plans": [
                {
                  "Node Type": "Sort",
                  "Parent Relationship": "Outer",
                  "Parallel Aware": false,
                  "Async Capable": false,
                  "Startup Cost": 413078.3,
                  "Total Cost": 413078.31,
                  "Plan Rows": 1,
                  "Plan Width": 117,
                  "Sort Key": [
                    "reason.r_reason_desc"
                  ],
                  "Plans": [
                    {
                      "Node Type": "Nested Loop",
                      "Parent Relationship": "Outer",
                      "Parallel Aware": false,
                      "Async Capable": false,
                      "Join Type": "Inner",
                      "Startup Cost": 370475.3,
                      "Total Cost": 413078.29,
                      "Plan Rows": 1,
                      "Plan Width": 117,
                      "Inner Unique": false,
                      "Join Filter": "(web_returns.wr_reason_sk = reason.r_reason_sk)",
                      "Plans": [
                        {
                          "Node Type": "Nested Loop",
                          "Parent Relationship": "Outer",
                          "Parallel Aware": false,
                          "Async Capable": false,
                          "Join Type": "Inner",
                          "Startup Cost": 370475.3,
                          "Total Cost": 413076.28,
                          "Plan Rows": 1,
                          "Plan Width": 20,
                          "Inner Unique": false,
                          "Join Filter": "(web_sales.ws_web_page_sk = web_page.wp_web_page_sk)",
                          "Plans": [
                            {
                              "Node Type": "Gather",
                              "Parent Relationship": "Outer",
                              "Parallel Aware": false,
                              "Async Capable": false,
                              "Startup Cost": 370475.3,
                              "Total Cost": 413066.78,
                              "Plan Rows": 1,
                              "Plan Width": 24,
                              "Workers Planned": 2,
                              "Single Copy": false,
                              "Plans": [
                                {
                                  "Node Type": "Hash Join",
                                  "Parent Relationship": "Outer",
                                  "Parallel Aware": true,
                                  "Async Capable": false,
                                  "Join Type": "Inner",
                                  "Startup Cost": 369475.3,
                                  "Total Cost": 412066.68,
                                  "Plan Rows": 1,
                                  "Plan Width": 24,
                                  "Inner Unique": false,
                                  "Hash Cond": "((cd1.cd_demo_sk = web_returns.wr_refunded_cdemo_sk) AND (cd1.cd_marital_status = cd2.cd_marital_status) AND (cd1.cd_education_status = cd2.cd_education_status))",
                                  "Join Filter": "(((cd1.cd_marital_status = 'M'::bpchar) AND (cd1.cd_education_status = 'Secondary'::bpchar) AND (web_sales.ws_sales_price >= 100.00) AND (web_sales.ws_sales_price <= 150.00)) OR ((cd1.cd_marital_status = 'W'::bpchar) AND (cd1.cd_education_status = 'Primary'::bpchar) AND (web_sales.ws_sales_price >= 50.00) AND (web_sales.ws_sales_price <= 100.00)) OR ((cd1.cd_marital_status = 'D'::bpchar) AND (cd1.cd_education_status = 'College'::bpchar) AND (web_sales.ws_sales_price >= 150.00) AND (web_sales.ws_sales_price <= 200.00)))",
                                  "Plans": [
                                    {
                                      "Node Type": "Seq Scan",
                                      "Parent Relationship": "Outer",
                                      "Parallel Aware": true,
                                      "Async Capable": false,
                                      "Relation Name": "customer_demographics",
                                      "Alias": "cd1",
                                      "Startup Cost": 0.0,
                                      "Total Cost": 41836.33,
                                      "Plan Rows": 67112,
                                      "Plan Width": 27,
                                      "Filter": "(((cd_marital_status = 'M'::bpchar) AND (cd_education_status = 'Secondary'::bpchar)) OR ((cd_marital_status = 'W'::bpchar) AND (cd_education_status = 'Primary'::bpchar)) OR ((cd_marital_status = 'D'::bpchar) AND (cd_education_status = 'College'::bpchar)))",
                                      "parent": 7,
                                      "ID": 8
                                    },
                                    {
                                      "Node Type": "Hash",
                                      "Parent Relationship": "Inner",
                                      "Parallel Aware": true,
                                      "Async Capable": false,
                                      "Startup Cost": 369475.28,
                                      "Total Cost": 369475.28,
                                      "Plan Rows": 1,
                                      "Plan Width": 57,
                                      "Plans": [
                                        {
                                          "Node Type": "Hash Join",
                                          "Parent Relationship": "Outer",
                                          "Parallel Aware": true,
                                          "Async Capable": false,
                                          "Join Type": "Inner",
                                          "Startup Cost": 336642.69,
                                          "Total Cost": 369475.28,
                                          "Plan Rows": 1,
                                          "Plan Width": 57,
                                          "Inner Unique": false,
                                          "Hash Cond": "(cd2.cd_demo_sk = web_returns.wr_returning_cdemo_sk)",
                                          "Plans": [
                                            {
                                              "Node Type": "Seq Scan",
                                              "Parent Relationship": "Outer",
                                              "Parallel Aware": true,
                                              "Async Capable": false,
                                              "Relation Name": "customer_demographics",
                                              "Alias": "cd2",
                                              "Startup Cost": 0.0,
                                              "Total Cost": 29831.33,
                                              "Plan Rows": 800333,
                                              "Plan Width": 27,
                                              "parent": 10,
                                              "ID": 11
                                            },
                                            {
                                              "Node Type": "Hash",
                                              "Parent Relationship": "Inner",
                                              "Parallel Aware": true,
                                              "Async Capable": false,
                                              "Startup Cost": 336642.67,
                                              "Total Cost": 336642.67,
                                              "Plan Rows": 1,
                                              "Plan Width": 38,
                                              "Plans": [
                                                {
                                                  "Node Type": "Hash Join",
                                                  "Parent Relationship": "Outer",
                                                  "Parallel Aware": true,
                                                  "Async Capable": false,
                                                  "Join Type": "Inner",
                                                  "Startup Cost": 318452.05,
                                                  "Total Cost": 336642.67,
                                                  "Plan Rows": 1,
                                                  "Plan Width": 38,
                                                  "Inner Unique": false,
                                                  "Hash Cond": "((web_returns.wr_item_sk = web_sales.ws_item_sk) AND (web_returns.wr_order_number = web_sales.ws_order_number))",
                                                  "Join Filter": "(((customer_address.ca_state = ANY ('{GA,NE,KY}'::bpchar[])) AND (web_sales.ws_net_profit >= '100'::numeric) AND (web_sales.ws_net_profit <= '200'::numeric)) OR ((customer_address.ca_state = ANY ('{CA,VA,FL}'::bpchar[])) AND (web_sales.ws_net_profit >= '150'::numeric) AND (web_sales.ws_net_profit <= '300'::numeric)) OR ((customer_address.ca_state = ANY ('{IN,WV,OK}'::bpchar[])) AND (web_sales.ws_net_profit >= '50'::numeric) AND (web_sales.ws_net_profit <= '250'::numeric)))",
                                                  "Plans": [
                                                    {
                                                      "Node Type": "Hash Join",
                                                      "Parent Relationship": "Outer",
                                                      "Parallel Aware": true,
                                                      "Async Capable": false,
                                                      "Join Type": "Inner",
                                                      "Startup Cost": 8216.31,
                                                      "Total Cost": 25900.27,
                                                      "Plan Rows": 67550,
                                                      "Plan Width": 35,
                                                      "Inner Unique": false,
                                                      "Hash Cond": "(web_returns.wr_refunded_addr_sk = customer_address.ca_address_sk)",
                                                      "Plans": [
                                                        {
                                                          "Node Type": "Seq Scan",
                                                          "Parent Relationship": "Outer",
                                                          "Parallel Aware": true,
                                                          "Async Capable": false,
                                                          "Relation Name": "web_returns",
                                                          "Alias": "web_returns",
                                                          "Startup Cost": 0.0,
                                                          "Total Cost": 16278.74,
                                                          "Plan Rows": 299674,
                                                          "Plan Width": 36,
                                                          "parent": 14,
                                                          "ID": 15
                                                        },
                                                        {
                                                          "Node Type": "Hash",
                                                          "Parent Relationship": "Inner",
                                                          "Parallel Aware": true,
                                                          "Async Capable": false,
                                                          "Startup Cost": 7908.96,
                                                          "Total Cost": 7908.96,
                                                          "Plan Rows": 24588,
                                                          "Plan Width": 7,
                                                          "Plans": [
                                                            {
                                                              "Node Type": "Seq Scan",
                                                              "Parent Relationship": "Outer",
                                                              "Parallel Aware": true,
                                                              "Async Capable": false,
                                                              "Relation Name": "customer_address",
                                                              "Alias": "customer_address",
                                                              "Startup Cost": 0.0,
                                                              "Total Cost": 7908.96,
                                                              "Plan Rows": 24588,
                                                              "Plan Width": 7,
                                                              "Filter": "(((ca_country)::text = 'United States'::text) AND ((ca_state = ANY ('{GA,NE,KY}'::bpchar[])) OR (ca_state = ANY ('{CA,VA,FL}'::bpchar[])) OR (ca_state = ANY ('{IN,WV,OK}'::bpchar[]))))",
                                                              "parent": 16,
                                                              "ID": 17
                                                            }
                                                          ],
                                                          "parent": 14,
                                                          "ID": 16,
                                                          "left": 17
                                                        }
                                                      ],
                                                      "parent": 13,
                                                      "ID": 14,
                                                      "left": 15,
                                                      "right": 16
                                                    },
                                                    {
                                                      "Node Type": "Hash",
                                                      "Parent Relationship": "Inner",
                                                      "Parallel Aware": true,
                                                      "Async Capable": false,
                                                      "Startup Cost": 310224.49,
                                                      "Total Cost": 310224.49,
                                                      "Plan Rows": 750,
                                                      "Plan Width": 28,
                                                      "Plans": [
                                                        {
                                                          "Node Type": "Hash Join",
                                                          "Parent Relationship": "Outer",
                                                          "Parallel Aware": true,
                                                          "Async Capable": false,
                                                          "Join Type": "Inner",
                                                          "Startup Cost": 1944.79,
                                                          "Total Cost": 310224.49,
                                                          "Plan Rows": 750,
                                                          "Plan Width": 28,
                                                          "Inner Unique": false,
                                                          "Hash Cond": "(web_sales.ws_sold_date_sk = date_dim.d_date_sk)",
                                                          "Plans": [
                                                            {
                                                              "Node Type": "Seq Scan",
                                                              "Parent Relationship": "Outer",
                                                              "Parallel Aware": true,
                                                              "Async Capable": false,
                                                              "Relation Name": "web_sales",
                                                              "Alias": "web_sales",
                                                              "Startup Cost": 0.0,
                                                              "Total Cost": 307707.43,
                                                              "Plan Rows": 151429,
                                                              "Plan Width": 32,
                                                              "Filter": "((((ws_sales_price >= 100.00) AND (ws_sales_price <= 150.00)) OR ((ws_sales_price >= 50.00) AND (ws_sales_price <= 100.00)) OR ((ws_sales_price >= 150.00) AND (ws_sales_price <= 200.00))) AND (((ws_net_profit >= '100'::numeric) AND (ws_net_profit <= '200'::numeric)) OR ((ws_net_profit >= '150'::numeric) AND (ws_net_profit <= '300'::numeric)) OR ((ws_net_profit >= '50'::numeric) AND (ws_net_profit <= '250'::numeric))))",
                                                              "parent": 19,
                                                              "ID": 20
                                                            },
                                                            {
                                                              "Node Type": "Hash",
                                                              "Parent Relationship": "Inner",
                                                              "Parallel Aware": true,
                                                              "Async Capable": false,
                                                              "Startup Cost": 1942.12,
                                                              "Total Cost": 1942.12,
                                                              "Plan Rows": 213,
                                                              "Plan Width": 4,
                                                              "Plans": [
                                                                {
                                                                  "Node Type": "Seq Scan",
                                                                  "Parent Relationship": "Outer",
                                                                  "Parallel Aware": true,
                                                                  "Async Capable": false,
                                                                  "Relation Name": "date_dim",
                                                                  "Alias": "date_dim",
                                                                  "Startup Cost": 0.0,
                                                                  "Total Cost": 1942.12,
                                                                  "Plan Rows": 213,
                                                                  "Plan Width": 4,
                                                                  "Filter": "(d_year = 1998)",
                                                                  "parent": 21,
                                                                  "ID": 22
                                                                }
                                                              ],
                                                              "parent": 19,
                                                              "ID": 21,
                                                              "left": 22
                                                            }
                                                          ],
                                                          "parent": 18,
                                                          "ID": 19,
                                                          "left": 20,
                                                          "right": 21
                                                        }
                                                      ],
                                                      "parent": 13,
                                                      "ID": 18,
                                                      "left": 19
                                                    }
                                                  ],
                                                  "parent": 12,
                                                  "ID": 13,
                                                  "left": 14,
                                                  "right": 18
                                                }
                                              ],
                                              "parent": 10,
                                              "ID": 12,
                                              "left": 13
                                            }
                                          ],
                                          "parent": 9,
                                          "ID": 10,
                                          "left": 11,
                                          "right": 12
                                        }
                                      ],
                                      "parent": 7,
                                      "ID": 9,
                                      "left": 10
                                    }
                                  ],
                                  "parent": 6,
                                  "ID": 7,
                                  "left": 8,
                                  "right": 9
                                }
                              ],
                              "parent": 5,
                              "ID": 6,
                              "left": 7
                            },
                            {
                              "Node Type": "Seq Scan",
                              "Parent Relationship": "Inner",
                              "Parallel Aware": false,
                              "Async Capable": false,
                              "Relation Name": "web_page",
                              "Alias": "web_page",
                              "Startup Cost": 0.0,
                              "Total Cost": 7.0,
                              "Plan Rows": 200,
                              "Plan Width": 4,
                              "parent": 5,
                              "ID": 23
                            }
                          ],
                          "parent": 4,
                          "ID": 5,
                          "left": 6,
                          "right": 23
                        },
                        {
                          "Node Type": "Seq Scan",
                          "Parent Relationship": "Inner",
                          "Parallel Aware": false,
                          "Async Capable": false,
                          "Relation Name": "reason",
                          "Alias": "reason",
                          "Startup Cost": 0.0,
                          "Total Cost": 1.45,
                          "Plan Rows": 45,
                          "Plan Width": 105,
                          "parent": 4,
                          "ID": 24
                        }
                      ],
                      "parent": 3,
                      "ID": 4,
                      "left": 5,
                      "right": 24
                    }
                  ],
                  "parent": 2,
                  "ID": 3,
                  "left": 4
                }
              ],
              "parent": 1,
              "ID": 2,
              "left": 3
            }
          ],
          "parent": 0,
          "ID": 1,
          "left": 2
        }
      ],
      "parent": null,
      "ID": 0,
      "left": 1
    },
    "feat": {
      "utility": 3.2620192191819077e-06,
      "query_shape": [
        [
          "Seq Scan",
          "Hash Join",
          "Gather",
          "Nested Loop",
          "Sort",
          "Aggregate"
        ],
        [
          "Seq Scan",
          "Hash Join",
          "Hash",
          "Gather",
          "Nested Loop",
          "Sort",
          "Aggregate"
        ],
        [
          "Seq Scan",
          "Hash Join",
          "Hash",
          "Gather",
          "Nested Loop",
          "Sort",
          "Aggregate"
        ],
        [
          "Seq Scan",
          "Hash",
          "Hash Join",
          "Gather",
          "Nested Loop",
          "Sort",
          "Aggregate"
        ],
        [
          "Seq Scan",
          "Hash Join",
          "Hash",
          "Gather",
          "Nested Loop",
          "Sort",
          "Aggregate"
        ],
        [
          "Seq Scan",
          "Hash",
          "Hash Join",
          "Gather",
          "Nested Loop",
          "Sort",
          "Aggregate"
        ],
        [
          "Seq Scan",
          "Nested Loop",
          "Sort",
          "Aggregate"
        ],
        [
          "Seq Scan",
          "Nested Loop",
          "Sort",
          "Aggregate"
        ]
      ],
      "index_shape": [
        "join"
      ],
      "physical_operator": {
        "Nested Loop": [
          0.07071067811865475
        ]
      }
    }
  },
  {
    "query": "select  substr(r_reason_desc,1,20)\n       ,avg(ws_quantity)\n       ,avg(wr_refunded_cash)\n       ,avg(wr_fee)\n from web_sales, web_returns, web_page, customer_demographics cd1,\n      customer_demographics cd2, customer_address, date_dim, reason \n where ws_web_page_sk = wp_web_page_sk\n   and ws_item_sk = wr_item_sk\n   and ws_order_number = wr_order_number\n   and ws_sold_date_sk = d_date_sk and d_year = 1998\n   and cd1.cd_demo_sk = wr_refunded_cdemo_sk \n   and cd2.cd_demo_sk = wr_returning_cdemo_sk\n   and ca_address_sk = wr_refunded_addr_sk\n   and r_reason_sk = wr_reason_sk\n   and\n   (\n    (\n     cd1.cd_marital_status = 'M'\n     and\n     cd1.cd_marital_status = cd2.cd_marital_status\n     and\n     cd1.cd_education_status = 'Secondary'\n     and \n     cd1.cd_education_status = cd2.cd_education_status\n     and\n     ws_sales_price between 100.00 and 150.00\n    )\n   or\n    (\n     cd1.cd_marital_status = 'W'\n     and\n     cd1.cd_marital_status = cd2.cd_marital_status\n     and\n     cd1.cd_education_status = 'Primary' \n     and\n     cd1.cd_education_status = cd2.cd_education_status\n     and\n     ws_sales_price between 50.00 and 100.00\n    )\n   or\n    (\n     cd1.cd_marital_status = 'D'\n     and\n     cd1.cd_marital_status = cd2.cd_marital_status\n     and\n     cd1.cd_education_status = 'College'\n     and\n     cd1.cd_education_status = cd2.cd_education_status\n     and\n     ws_sales_price between 150.00 and 200.00\n    )\n   )\n   and\n   (\n    (\n     ca_country = 'United States'\n     and\n     ca_state in ('GA', 'NE', 'KY')\n     and ws_net_profit between 100 and 200  \n    )\n    or\n    (\n     ca_country = 'United States'\n     and\n     ca_state in ('CA', 'VA', 'FL')\n     and ws_net_profit between 150 and 300  \n    )\n    or\n    (\n     ca_country = 'United States'\n     and\n     ca_state in ('IN', 'WV', 'OK')\n     and ws_net_profit between 50 and 250  \n    )\n   )\ngroup by r_reason_desc\norder by substr(r_reason_desc,1,20)\n        ,avg(ws_quantity)\n        ,avg(wr_refunded_cash)\n        ,avg(wr_fee)\nlimit 100;\n\n-- end query 65 in stream 3 using template query85.tpl\n",
    "indexes": "web_sales.ws_order_number",
    "wo plan est": {
      "Node Type": "Limit",
      "Parallel Aware": false,
      "Async Capable": false,
      "Startup Cost": 413078.35,
      "Total Cost": 413078.35,
      "Plan Rows": 1,
      "Plan Width": 229,
      "Plans": [
        {
          "Node Type": "Sort",
          "Parent Relationship": "Outer",
          "Parallel Aware": false,
          "Async Capable": false,
          "Startup Cost": 413078.35,
          "Total Cost": 413078.35,
          "Plan Rows": 1,
          "Plan Width": 229,
          "Sort Key": [
            "(substr((reason.r_reason_desc)::text, 1, 20))",
            "(avg(web_sales.ws_quantity))",
            "(avg(web_returns.wr_refunded_cash))",
            "(avg(web_returns.wr_fee))"
          ],
          "Plans": [
            {
              "Node Type": "Aggregate",
              "Strategy": "Sorted",
              "Partial Mode": "Simple",
              "Parent Relationship": "Outer",
              "Parallel Aware": false,
              "Async Capable": false,
              "Startup Cost": 413078.3,
              "Total Cost": 413078.34,
              "Plan Rows": 1,
              "Plan Width": 229,
              "Group Key": [
                "reason.r_reason_desc"
              ],
              "Plans": [
                {
                  "Node Type": "Sort",
                  "Parent Relationship": "Outer",
                  "Parallel Aware": false,
                  "Async Capable": false,
                  "Startup Cost": 413078.3,
                  "Total Cost": 413078.31,
                  "Plan Rows": 1,
                  "Plan Width": 117,
                  "Sort Key": [
                    "reason.r_reason_desc"
                  ],
                  "Plans": [
                    {
                      "Node Type": "Nested Loop",
                      "Parent Relationship": "Outer",
                      "Parallel Aware": false,
                      "Async Capable": false,
                      "Join Type": "Inner",
                      "Startup Cost": 370475.3,
                      "Total Cost": 413078.29,
                      "Plan Rows": 1,
                      "Plan Width": 117,
                      "Inner Unique": false,
                      "Join Filter": "(web_returns.wr_reason_sk = reason.r_reason_sk)",
                      "Plans": [
                        {
                          "Node Type": "Nested Loop",
                          "Parent Relationship": "Outer",
                          "Parallel Aware": false,
                          "Async Capable": false,
                          "Join Type": "Inner",
                          "Startup Cost": 370475.3,
                          "Total Cost": 413076.28,
                          "Plan Rows": 1,
                          "Plan Width": 20,
                          "Inner Unique": false,
                          "Join Filter": "(web_sales.ws_web_page_sk = web_page.wp_web_page_sk)",
                          "Plans": [
                            {
                              "Node Type": "Gather",
                              "Parent Relationship": "Outer",
                              "Parallel Aware": false,
                              "Async Capable": false,
                              "Startup Cost": 370475.3,
                              "Total Cost": 413066.78,
                              "Plan Rows": 1,
                              "Plan Width": 24,
                              "Workers Planned": 2,
                              "Single Copy": false,
                              "Plans": [
                                {
                                  "Node Type": "Hash Join",
                                  "Parent Relationship": "Outer",
                                  "Parallel Aware": true,
                                  "Async Capable": false,
                                  "Join Type": "Inner",
                                  "Startup Cost": 369475.3,
                                  "Total Cost": 412066.68,
                                  "Plan Rows": 1,
                                  "Plan Width": 24,
                                  "Inner Unique": false,
                                  "Hash Cond": "((cd1.cd_demo_sk = web_returns.wr_refunded_cdemo_sk) AND (cd1.cd_marital_status = cd2.cd_marital_status) AND (cd1.cd_education_status = cd2.cd_education_status))",
                                  "Join Filter": "(((cd1.cd_marital_status = 'M'::bpchar) AND (cd1.cd_education_status = 'Secondary'::bpchar) AND (web_sales.ws_sales_price >= 100.00) AND (web_sales.ws_sales_price <= 150.00)) OR ((cd1.cd_marital_status = 'W'::bpchar) AND (cd1.cd_education_status = 'Primary'::bpchar) AND (web_sales.ws_sales_price >= 50.00) AND (web_sales.ws_sales_price <= 100.00)) OR ((cd1.cd_marital_status = 'D'::bpchar) AND (cd1.cd_education_status = 'College'::bpchar) AND (web_sales.ws_sales_price >= 150.00) AND (web_sales.ws_sales_price <= 200.00)))",
                                  "Plans": [
                                    {
                                      "Node Type": "Seq Scan",
                                      "Parent Relationship": "Outer",
                                      "Parallel Aware": true,
                                      "Async Capable": false,
                                      "Relation Name": "customer_demographics",
                                      "Alias": "cd1",
                                      "Startup Cost": 0.0,
                                      "Total Cost": 41836.33,
                                      "Plan Rows": 67112,
                                      "Plan Width": 27,
                                      "Filter": "(((cd_marital_status = 'M'::bpchar) AND (cd_education_status = 'Secondary'::bpchar)) OR ((cd_marital_status = 'W'::bpchar) AND (cd_education_status = 'Primary'::bpchar)) OR ((cd_marital_status = 'D'::bpchar) AND (cd_education_status = 'College'::bpchar)))",
                                      "parent": 7,
                                      "ID": 8
                                    },
                                    {
                                      "Node Type": "Hash",
                                      "Parent Relationship": "Inner",
                                      "Parallel Aware": true,
                                      "Async Capable": false,
                                      "Startup Cost": 369475.28,
                                      "Total Cost": 369475.28,
                                      "Plan Rows": 1,
                                      "Plan Width": 57,
                                      "Plans": [
                                        {
                                          "Node Type": "Hash Join",
                                          "Parent Relationship": "Outer",
                                          "Parallel Aware": true,
                                          "Async Capable": false,
                                          "Join Type": "Inner",
                                          "Startup Cost": 336642.69,
                                          "Total Cost": 369475.28,
                                          "Plan Rows": 1,
                                          "Plan Width": 57,
                                          "Inner Unique": false,
                                          "Hash Cond": "(cd2.cd_demo_sk = web_returns.wr_returning_cdemo_sk)",
                                          "Plans": [
                                            {
                                              "Node Type": "Seq Scan",
                                              "Parent Relationship": "Outer",
                                              "Parallel Aware": true,
                                              "Async Capable": false,
                                              "Relation Name": "customer_demographics",
                                              "Alias": "cd2",
                                              "Startup Cost": 0.0,
                                              "Total Cost": 29831.33,
                                              "Plan Rows": 800333,
                                              "Plan Width": 27,
                                              "parent": 10,
                                              "ID": 11
                                            },
                                            {
                                              "Node Type": "Hash",
                                              "Parent Relationship": "Inner",
                                              "Parallel Aware": true,
                                              "Async Capable": false,
                                              "Startup Cost": 336642.67,
                                              "Total Cost": 336642.67,
                                              "Plan Rows": 1,
                                              "Plan Width": 38,
                                              "Plans": [
                                                {
                                                  "Node Type": "Hash Join",
                                                  "Parent Relationship": "Outer",
                                                  "Parallel Aware": true,
                                                  "Async Capable": false,
                                                  "Join Type": "Inner",
                                                  "Startup Cost": 318452.05,
                                                  "Total Cost": 336642.67,
                                                  "Plan Rows": 1,
                                                  "Plan Width": 38,
                                                  "Inner Unique": false,
                                                  "Hash Cond": "((web_returns.wr_item_sk = web_sales.ws_item_sk) AND (web_returns.wr_order_number = web_sales.ws_order_number))",
                                                  "Join Filter": "(((customer_address.ca_state = ANY ('{GA,NE,KY}'::bpchar[])) AND (web_sales.ws_net_profit >= '100'::numeric) AND (web_sales.ws_net_profit <= '200'::numeric)) OR ((customer_address.ca_state = ANY ('{CA,VA,FL}'::bpchar[])) AND (web_sales.ws_net_profit >= '150'::numeric) AND (web_sales.ws_net_profit <= '300'::numeric)) OR ((customer_address.ca_state = ANY ('{IN,WV,OK}'::bpchar[])) AND (web_sales.ws_net_profit >= '50'::numeric) AND (web_sales.ws_net_profit <= '250'::numeric)))",
                                                  "Plans": [
                                                    {
                                                      "Node Type": "Hash Join",
                                                      "Parent Relationship": "Outer",
                                                      "Parallel Aware": true,
                                                      "Async Capable": false,
                                                      "Join Type": "Inner",
                                                      "Startup Cost": 8216.31,
                                                      "Total Cost": 25900.27,
                                                      "Plan Rows": 67550,
                                                      "Plan Width": 35,
                                                      "Inner Unique": false,
                                                      "Hash Cond": "(web_returns.wr_refunded_addr_sk = customer_address.ca_address_sk)",
                                                      "Plans": [
                                                        {
                                                          "Node Type": "Seq Scan",
                                                          "Parent Relationship": "Outer",
                                                          "Parallel Aware": true,
                                                          "Async Capable": false,
                                                          "Relation Name": "web_returns",
                                                          "Alias": "web_returns",
                                                          "Startup Cost": 0.0,
                                                          "Total Cost": 16278.74,
                                                          "Plan Rows": 299674,
                                                          "Plan Width": 36,
                                                          "parent": 14,
                                                          "ID": 15
                                                        },
                                                        {
                                                          "Node Type": "Hash",
                                                          "Parent Relationship": "Inner",
                                                          "Parallel Aware": true,
                                                          "Async Capable": false,
                                                          "Startup Cost": 7908.96,
                                                          "Total Cost": 7908.96,
                                                          "Plan Rows": 24588,
                                                          "Plan Width": 7,
                                                          "Plans": [
                                                            {
                                                              "Node Type": "Seq Scan",
                                                              "Parent Relationship": "Outer",
                                                              "Parallel Aware": true,
                                                              "Async Capable": false,
                                                              "Relation Name": "customer_address",
                                                              "Alias": "customer_address",
                                                              "Startup Cost": 0.0,
                                                              "Total Cost": 7908.96,
                                                              "Plan Rows": 24588,
                                                              "Plan Width": 7,
                                                              "Filter": "(((ca_country)::text = 'United States'::text) AND ((ca_state = ANY ('{GA,NE,KY}'::bpchar[])) OR (ca_state = ANY ('{CA,VA,FL}'::bpchar[])) OR (ca_state = ANY ('{IN,WV,OK}'::bpchar[]))))",
                                                              "parent": 16,
                                                              "ID": 17
                                                            }
                                                          ],
                                                          "parent": 14,
                                                          "ID": 16,
                                                          "left": 17
                                                        }
                                                      ],
                                                      "parent": 13,
                                                      "ID": 14,
                                                      "left": 15,
                                                      "right": 16
                                                    },
                                                    {
                                                      "Node Type": "Hash",
                                                      "Parent Relationship": "Inner",
                                                      "Parallel Aware": true,
                                                      "Async Capable": false,
                                                      "Startup Cost": 310224.49,
                                                      "Total Cost": 310224.49,
                                                      "Plan Rows": 750,
                                                      "Plan Width": 28,
                                                      "Plans": [
                                                        {
                                                          "Node Type": "Hash Join",
                                                          "Parent Relationship": "Outer",
                                                          "Parallel Aware": true,
                                                          "Async Capable": false,
                                                          "Join Type": "Inner",
                                                          "Startup Cost": 1944.79,
                                                          "Total Cost": 310224.49,
                                                          "Plan Rows": 750,
                                                          "Plan Width": 28,
                                                          "Inner Unique": false,
                                                          "Hash Cond": "(web_sales.ws_sold_date_sk = date_dim.d_date_sk)",
                                                          "Plans": [
                                                            {
                                                              "Node Type": "Seq Scan",
                                                              "Parent Relationship": "Outer",
                                                              "Parallel Aware": true,
                                                              "Async Capable": false,
                                                              "Relation Name": "web_sales",
                                                              "Alias": "web_sales",
                                                              "Startup Cost": 0.0,
                                                              "Total Cost": 307707.43,
                                                              "Plan Rows": 151429,
                                                              "Plan Width": 32,
                                                              "Filter": "((((ws_sales_price >= 100.00) AND (ws_sales_price <= 150.00)) OR ((ws_sales_price >= 50.00) AND (ws_sales_price <= 100.00)) OR ((ws_sales_price >= 150.00) AND (ws_sales_price <= 200.00))) AND (((ws_net_profit >= '100'::numeric) AND (ws_net_profit <= '200'::numeric)) OR ((ws_net_profit >= '150'::numeric) AND (ws_net_profit <= '300'::numeric)) OR ((ws_net_profit >= '50'::numeric) AND (ws_net_profit <= '250'::numeric))))",
                                                              "parent": 19,
                                                              "ID": 20
                                                            },
                                                            {
                                                              "Node Type": "Hash",
                                                              "Parent Relationship": "Inner",
                                                              "Parallel Aware": true,
                                                              "Async Capable": false,
                                                              "Startup Cost": 1942.12,
                                                              "Total Cost": 1942.12,
                                                              "Plan Rows": 213,
                                                              "Plan Width": 4,
                                                              "Plans": [
                                                                {
                                                                  "Node Type": "Seq Scan",
                                                                  "Parent Relationship": "Outer",
                                                                  "Parallel Aware": true,
                                                                  "Async Capable": false,
                                                                  "Relation Name": "date_dim",
                                                                  "Alias": "date_dim",
                                                                  "Startup Cost": 0.0,
                                                                  "Total Cost": 1942.12,
                                                                  "Plan Rows": 213,
                                                                  "Plan Width": 4,
                                                                  "Filter": "(d_year = 1998)",
                                                                  "parent": 21,
                                                                  "ID": 22
                                                                }
                                                              ],
                                                              "parent": 19,
                                                              "ID": 21,
                                                              "left": 22
                                                            }
                                                          ],
                                                          "parent": 18,
                                                          "ID": 19,
                                                          "left": 20,
                                                          "right": 21
                                                        }
                                                      ],
                                                      "parent": 13,
                                                      "ID": 18,
                                                      "left": 19
                                                    }
                                                  ],
                                                  "parent": 12,
                                                  "ID": 13,
                                                  "left": 14,
                                                  "right": 18
                                                }
                                              ],
                                              "parent": 10,
                                              "ID": 12,
                                              "left": 13
                                            }
                                          ],
                                          "parent": 9,
                                          "ID": 10,
                                          "left": 11,
                                          "right": 12
                                        }
                                      ],
                                      "parent": 7,
                                      "ID": 9,
                                      "left": 10
                                    }
                                  ],
                                  "parent": 6,
                                  "ID": 7,
                                  "left": 8,
                                  "right": 9
                                }
                              ],
                              "parent": 5,
                              "ID": 6,
                              "left": 7
                            },
                            {
                              "Node Type": "Seq Scan",
                              "Parent Relationship": "Inner",
                              "Parallel Aware": false,
                              "Async Capable": false,
                              "Relation Name": "web_page",
                              "Alias": "web_page",
                              "Startup Cost": 0.0,
                              "Total Cost": 7.0,
                              "Plan Rows": 200,
                              "Plan Width": 4,
                              "parent": 5,
                              "ID": 23
                            }
                          ],
                          "parent": 4,
                          "ID": 5,
                          "left": 6,
                          "right": 23
                        },
                        {
                          "Node Type": "Seq Scan",
                          "Parent Relationship": "Inner",
                          "Parallel Aware": false,
                          "Async Capable": false,
                          "Relation Name": "reason",
                          "Alias": "reason",
                          "Startup Cost": 0.0,
                          "Total Cost": 1.45,
                          "Plan Rows": 45,
                          "Plan Width": 105,
                          "parent": 4,
                          "ID": 24
                        }
                      ],
                      "parent": 3,
                      "ID": 4,
                      "left": 5,
                      "right": 24
                    }
                  ],
                  "parent": 2,
                  "ID": 3,
                  "left": 4
                }
              ],
              "parent": 1,
              "ID": 2,
              "left": 3
            }
          ],
          "parent": 0,
          "ID": 1,
          "left": 2
        }
      ],
      "parent": null,
      "ID": 0,
      "left": 1
    },
    "feat": {
      "utility": 3.5097367949914033e-06,
      "query_shape": [
        [
          "Seq Scan",
          "Hash Join",
          "Gather",
          "Nested Loop",
          "Sort",
          "Aggregate"
        ],
        [
          "Seq Scan",
          "Hash Join",
          "Hash",
          "Gather",
          "Nested Loop",
          "Sort",
          "Aggregate"
        ],
        [
          "Seq Scan",
          "Hash Join",
          "Hash",
          "Gather",
          "Nested Loop",
          "Sort",
          "Aggregate"
        ],
        [
          "Seq Scan",
          "Hash",
          "Hash Join",
          "Gather",
          "Nested Loop",
          "Sort",
          "Aggregate"
        ],
        [
          "Seq Scan",
          "Hash Join",
          "Hash",
          "Gather",
          "Nested Loop",
          "Sort",
          "Aggregate"
        ],
        [
          "Seq Scan",
          "Hash",
          "Hash Join",
          "Gather",
          "Nested Loop",
          "Sort",
          "Aggregate"
        ],
        [
          "Seq Scan",
          "Nested Loop",
          "Sort",
          "Aggregate"
        ],
        [
          "Seq Scan",
          "Nested Loop",
          "Sort",
          "Aggregate"
        ]
      ],
      "index_shape": [
        "join"
      ],
      "physical_operator": {
        "Hash Join": [
          0.00014049364873303083
        ]
      }
    }
  },
  {
    "query": "select  substr(r_reason_desc,1,20)\n       ,avg(ws_quantity)\n       ,avg(wr_refunded_cash)\n       ,avg(wr_fee)\n from web_sales, web_returns, web_page, customer_demographics cd1,\n      customer_demographics cd2, customer_address, date_dim, reason \n where ws_web_page_sk = wp_web_page_sk\n   and ws_item_sk = wr_item_sk\n   and ws_order_number = wr_order_number\n   and ws_sold_date_sk = d_date_sk and d_year = 1998\n   and cd1.cd_demo_sk = wr_refunded_cdemo_sk \n   and cd2.cd_demo_sk = wr_returning_cdemo_sk\n   and ca_address_sk = wr_refunded_addr_sk\n   and r_reason_sk = wr_reason_sk\n   and\n   (\n    (\n     cd1.cd_marital_status = 'M'\n     and\n     cd1.cd_marital_status = cd2.cd_marital_status\n     and\n     cd1.cd_education_status = 'Secondary'\n     and \n     cd1.cd_education_status = cd2.cd_education_status\n     and\n     ws_sales_price between 100.00 and 150.00\n    )\n   or\n    (\n     cd1.cd_marital_status = 'W'\n     and\n     cd1.cd_marital_status = cd2.cd_marital_status\n     and\n     cd1.cd_education_status = 'Primary' \n     and\n     cd1.cd_education_status = cd2.cd_education_status\n     and\n     ws_sales_price between 50.00 and 100.00\n    )\n   or\n    (\n     cd1.cd_marital_status = 'D'\n     and\n     cd1.cd_marital_status = cd2.cd_marital_status\n     and\n     cd1.cd_education_status = 'College'\n     and\n     cd1.cd_education_status = cd2.cd_education_status\n     and\n     ws_sales_price between 150.00 and 200.00\n    )\n   )\n   and\n   (\n    (\n     ca_country = 'United States'\n     and\n     ca_state in ('GA', 'NE', 'KY')\n     and ws_net_profit between 100 and 200  \n    )\n    or\n    (\n     ca_country = 'United States'\n     and\n     ca_state in ('CA', 'VA', 'FL')\n     and ws_net_profit between 150 and 300  \n    )\n    or\n    (\n     ca_country = 'United States'\n     and\n     ca_state in ('IN', 'WV', 'OK')\n     and ws_net_profit between 50 and 250  \n    )\n   )\ngroup by r_reason_desc\norder by substr(r_reason_desc,1,20)\n        ,avg(ws_quantity)\n        ,avg(wr_refunded_cash)\n        ,avg(wr_fee)\nlimit 100;\n\n-- end query 65 in stream 3 using template query85.tpl\n",
    "indexes": "web_sales.ws_quantity",
    "wo plan est": {
      "Node Type": "Limit",
      "Parallel Aware": false,
      "Async Capable": false,
      "Startup Cost": 413078.35,
      "Total Cost": 413078.35,
      "Plan Rows": 1,
      "Plan Width": 229,
      "Plans": [
        {
          "Node Type": "Sort",
          "Parent Relationship": "Outer",
          "Parallel Aware": false,
          "Async Capable": false,
          "Startup Cost": 413078.35,
          "Total Cost": 413078.35,
          "Plan Rows": 1,
          "Plan Width": 229,
          "Sort Key": [
            "(substr((reason.r_reason_desc)::text, 1, 20))",
            "(avg(web_sales.ws_quantity))",
            "(avg(web_returns.wr_refunded_cash))",
            "(avg(web_returns.wr_fee))"
          ],
          "Plans": [
            {
              "Node Type": "Aggregate",
              "Strategy": "Sorted",
              "Partial Mode": "Simple",
              "Parent Relationship": "Outer",
              "Parallel Aware": false,
              "Async Capable": false,
              "Startup Cost": 413078.3,
              "Total Cost": 413078.34,
              "Plan Rows": 1,
              "Plan Width": 229,
              "Group Key": [
                "reason.r_reason_desc"
              ],
              "Plans": [
                {
                  "Node Type": "Sort",
                  "Parent Relationship": "Outer",
                  "Parallel Aware": false,
                  "Async Capable": false,
                  "Startup Cost": 413078.3,
                  "Total Cost": 413078.31,
                  "Plan Rows": 1,
                  "Plan Width": 117,
                  "Sort Key": [
                    "reason.r_reason_desc"
                  ],
                  "Plans": [
                    {
                      "Node Type": "Nested Loop",
                      "Parent Relationship": "Outer",
                      "Parallel Aware": false,
                      "Async Capable": false,
                      "Join Type": "Inner",
                      "Startup Cost": 370475.3,
                      "Total Cost": 413078.29,
                      "Plan Rows": 1,
                      "Plan Width": 117,
                      "Inner Unique": false,
                      "Join Filter": "(web_returns.wr_reason_sk = reason.r_reason_sk)",
                      "Plans": [
                        {
                          "Node Type": "Nested Loop",
                          "Parent Relationship": "Outer",
                          "Parallel Aware": false,
                          "Async Capable": false,
                          "Join Type": "Inner",
                          "Startup Cost": 370475.3,
                          "Total Cost": 413076.28,
                          "Plan Rows": 1,
                          "Plan Width": 20,
                          "Inner Unique": false,
                          "Join Filter": "(web_sales.ws_web_page_sk = web_page.wp_web_page_sk)",
                          "Plans": [
                            {
                              "Node Type": "Gather",
                              "Parent Relationship": "Outer",
                              "Parallel Aware": false,
                              "Async Capable": false,
                              "Startup Cost": 370475.3,
                              "Total Cost": 413066.78,
                              "Plan Rows": 1,
                              "Plan Width": 24,
                              "Workers Planned": 2,
                              "Single Copy": false,
                              "Plans": [
                                {
                                  "Node Type": "Hash Join",
                                  "Parent Relationship": "Outer",
                                  "Parallel Aware": true,
                                  "Async Capable": false,
                                  "Join Type": "Inner",
                                  "Startup Cost": 369475.3,
                                  "Total Cost": 412066.68,
                                  "Plan Rows": 1,
                                  "Plan Width": 24,
                                  "Inner Unique": false,
                                  "Hash Cond": "((cd1.cd_demo_sk = web_returns.wr_refunded_cdemo_sk) AND (cd1.cd_marital_status = cd2.cd_marital_status) AND (cd1.cd_education_status = cd2.cd_education_status))",
                                  "Join Filter": "(((cd1.cd_marital_status = 'M'::bpchar) AND (cd1.cd_education_status = 'Secondary'::bpchar) AND (web_sales.ws_sales_price >= 100.00) AND (web_sales.ws_sales_price <= 150.00)) OR ((cd1.cd_marital_status = 'W'::bpchar) AND (cd1.cd_education_status = 'Primary'::bpchar) AND (web_sales.ws_sales_price >= 50.00) AND (web_sales.ws_sales_price <= 100.00)) OR ((cd1.cd_marital_status = 'D'::bpchar) AND (cd1.cd_education_status = 'College'::bpchar) AND (web_sales.ws_sales_price >= 150.00) AND (web_sales.ws_sales_price <= 200.00)))",
                                  "Plans": [
                                    {
                                      "Node Type": "Seq Scan",
                                      "Parent Relationship": "Outer",
                                      "Parallel Aware": true,
                                      "Async Capable": false,
                                      "Relation Name": "customer_demographics",
                                      "Alias": "cd1",
                                      "Startup Cost": 0.0,
                                      "Total Cost": 41836.33,
                                      "Plan Rows": 67112,
                                      "Plan Width": 27,
                                      "Filter": "(((cd_marital_status = 'M'::bpchar) AND (cd_education_status = 'Secondary'::bpchar)) OR ((cd_marital_status = 'W'::bpchar) AND (cd_education_status = 'Primary'::bpchar)) OR ((cd_marital_status = 'D'::bpchar) AND (cd_education_status = 'College'::bpchar)))",
                                      "parent": 7,
                                      "ID": 8
                                    },
                                    {
                                      "Node Type": "Hash",
                                      "Parent Relationship": "Inner",
                                      "Parallel Aware": true,
                                      "Async Capable": false,
                                      "Startup Cost": 369475.28,
                                      "Total Cost": 369475.28,
                                      "Plan Rows": 1,
                                      "Plan Width": 57,
                                      "Plans": [
                                        {
                                          "Node Type": "Hash Join",
                                          "Parent Relationship": "Outer",
                                          "Parallel Aware": true,
                                          "Async Capable": false,
                                          "Join Type": "Inner",
                                          "Startup Cost": 336642.69,
                                          "Total Cost": 369475.28,
                                          "Plan Rows": 1,
                                          "Plan Width": 57,
                                          "Inner Unique": false,
                                          "Hash Cond": "(cd2.cd_demo_sk = web_returns.wr_returning_cdemo_sk)",
                                          "Plans": [
                                            {
                                              "Node Type": "Seq Scan",
                                              "Parent Relationship": "Outer",
                                              "Parallel Aware": true,
                                              "Async Capable": false,
                                              "Relation Name": "customer_demographics",
                                              "Alias": "cd2",
                                              "Startup Cost": 0.0,
                                              "Total Cost": 29831.33,
                                              "Plan Rows": 800333,
                                              "Plan Width": 27,
                                              "parent": 10,
                                              "ID": 11
                                            },
                                            {
                                              "Node Type": "Hash",
                                              "Parent Relationship": "Inner",
                                              "Parallel Aware": true,
                                              "Async Capable": false,
                                              "Startup Cost": 336642.67,
                                              "Total Cost": 336642.67,
                                              "Plan Rows": 1,
                                              "Plan Width": 38,
                                              "Plans": [
                                                {
                                                  "Node Type": "Hash Join",
                                                  "Parent Relationship": "Outer",
                                                  "Parallel Aware": true,
                                                  "Async Capable": false,
                                                  "Join Type": "Inner",
                                                  "Startup Cost": 318452.05,
                                                  "Total Cost": 336642.67,
                                                  "Plan Rows": 1,
                                                  "Plan Width": 38,
                                                  "Inner Unique": false,
                                                  "Hash Cond": "((web_returns.wr_item_sk = web_sales.ws_item_sk) AND (web_returns.wr_order_number = web_sales.ws_order_number))",
                                                  "Join Filter": "(((customer_address.ca_state = ANY ('{GA,NE,KY}'::bpchar[])) AND (web_sales.ws_net_profit >= '100'::numeric) AND (web_sales.ws_net_profit <= '200'::numeric)) OR ((customer_address.ca_state = ANY ('{CA,VA,FL}'::bpchar[])) AND (web_sales.ws_net_profit >= '150'::numeric) AND (web_sales.ws_net_profit <= '300'::numeric)) OR ((customer_address.ca_state = ANY ('{IN,WV,OK}'::bpchar[])) AND (web_sales.ws_net_profit >= '50'::numeric) AND (web_sales.ws_net_profit <= '250'::numeric)))",
                                                  "Plans": [
                                                    {
                                                      "Node Type": "Hash Join",
                                                      "Parent Relationship": "Outer",
                                                      "Parallel Aware": true,
                                                      "Async Capable": false,
                                                      "Join Type": "Inner",
                                                      "Startup Cost": 8216.31,
                                                      "Total Cost": 25900.27,
                                                      "Plan Rows": 67550,
                                                      "Plan Width": 35,
                                                      "Inner Unique": false,
                                                      "Hash Cond": "(web_returns.wr_refunded_addr_sk = customer_address.ca_address_sk)",
                                                      "Plans": [
                                                        {
                                                          "Node Type": "Seq Scan",
                                                          "Parent Relationship": "Outer",
                                                          "Parallel Aware": true,
                                                          "Async Capable": false,
                                                          "Relation Name": "web_returns",
                                                          "Alias": "web_returns",
                                                          "Startup Cost": 0.0,
                                                          "Total Cost": 16278.74,
                                                          "Plan Rows": 299674,
                                                          "Plan Width": 36,
                                                          "parent": 14,
                                                          "ID": 15
                                                        },
                                                        {
                                                          "Node Type": "Hash",
                                                          "Parent Relationship": "Inner",
                                                          "Parallel Aware": true,
                                                          "Async Capable": false,
                                                          "Startup Cost": 7908.96,
                                                          "Total Cost": 7908.96,
                                                          "Plan Rows": 24588,
                                                          "Plan Width": 7,
                                                          "Plans": [
                                                            {
                                                              "Node Type": "Seq Scan",
                                                              "Parent Relationship": "Outer",
                                                              "Parallel Aware": true,
                                                              "Async Capable": false,
                                                              "Relation Name": "customer_address",
                                                              "Alias": "customer_address",
                                                              "Startup Cost": 0.0,
                                                              "Total Cost": 7908.96,
                                                              "Plan Rows": 24588,
                                                              "Plan Width": 7,
                                                              "Filter": "(((ca_country)::text = 'United States'::text) AND ((ca_state = ANY ('{GA,NE,KY}'::bpchar[])) OR (ca_state = ANY ('{CA,VA,FL}'::bpchar[])) OR (ca_state = ANY ('{IN,WV,OK}'::bpchar[]))))",
                                                              "parent": 16,
                                                              "ID": 17
                                                            }
                                                          ],
                                                          "parent": 14,
                                                          "ID": 16,
                                                          "left": 17
                                                        }
                                                      ],
                                                      "parent": 13,
                                                      "ID": 14,
                                                      "left": 15,
                                                      "right": 16
                                                    },
                                                    {
                                                      "Node Type": "Hash",
                                                      "Parent Relationship": "Inner",
                                                      "Parallel Aware": true,
                                                      "Async Capable": false,
                                                      "Startup Cost": 310224.49,
                                                      "Total Cost": 310224.49,
                                                      "Plan Rows": 750,
                                                      "Plan Width": 28,
                                                      "Plans": [
                                                        {
                                                          "Node Type": "Hash Join",
                                                          "Parent Relationship": "Outer",
                                                          "Parallel Aware": true,
                                                          "Async Capable": false,
                                                          "Join Type": "Inner",
                                                          "Startup Cost": 1944.79,
                                                          "Total Cost": 310224.49,
                                                          "Plan Rows": 750,
                                                          "Plan Width": 28,
                                                          "Inner Unique": false,
                                                          "Hash Cond": "(web_sales.ws_sold_date_sk = date_dim.d_date_sk)",
                                                          "Plans": [
                                                            {
                                                              "Node Type": "Seq Scan",
                                                              "Parent Relationship": "Outer",
                                                              "Parallel Aware": true,
                                                              "Async Capable": false,
                                                              "Relation Name": "web_sales",
                                                              "Alias": "web_sales",
                                                              "Startup Cost": 0.0,
                                                              "Total Cost": 307707.43,
                                                              "Plan Rows": 151429,
                                                              "Plan Width": 32,
                                                              "Filter": "((((ws_sales_price >= 100.00) AND (ws_sales_price <= 150.00)) OR ((ws_sales_price >= 50.00) AND (ws_sales_price <= 100.00)) OR ((ws_sales_price >= 150.00) AND (ws_sales_price <= 200.00))) AND (((ws_net_profit >= '100'::numeric) AND (ws_net_profit <= '200'::numeric)) OR ((ws_net_profit >= '150'::numeric) AND (ws_net_profit <= '300'::numeric)) OR ((ws_net_profit >= '50'::numeric) AND (ws_net_profit <= '250'::numeric))))",
                                                              "parent": 19,
                                                              "ID": 20
                                                            },
                                                            {
                                                              "Node Type": "Hash",
                                                              "Parent Relationship": "Inner",
                                                              "Parallel Aware": true,
                                                              "Async Capable": false,
                                                              "Startup Cost": 1942.12,
                                                              "Total Cost": 1942.12,
                                                              "Plan Rows": 213,
                                                              "Plan Width": 4,
                                                              "Plans": [
                                                                {
                                                                  "Node Type": "Seq Scan",
                                                                  "Parent Relationship": "Outer",
                                                                  "Parallel Aware": true,
                                                                  "Async Capable": false,
                                                                  "Relation Name": "date_dim",
                                                                  "Alias": "date_dim",
                                                                  "Startup Cost": 0.0,
                                                                  "Total Cost": 1942.12,
                                                                  "Plan Rows": 213,
                                                                  "Plan Width": 4,
                                                                  "Filter": "(d_year = 1998)",
                                                                  "parent": 21,
                                                                  "ID": 22
                                                                }
                                                              ],
                                                              "parent": 19,
                                                              "ID": 21,
                                                              "left": 22
                                                            }
                                                          ],
                                                          "parent": 18,
                                                          "ID": 19,
                                                          "left": 20,
                                                          "right": 21
                                                        }
                                                      ],
                                                      "parent": 13,
                                                      "ID": 18,
                                                      "left": 19
                                                    }
                                                  ],
                                                  "parent": 12,
                                                  "ID": 13,
                                                  "left": 14,
                                                  "right": 18
                                                }
                                              ],
                                              "parent": 10,
                                              "ID": 12,
                                              "left": 13
                                            }
                                          ],
                                          "parent": 9,
                                          "ID": 10,
                                          "left": 11,
                                          "right": 12
                                        }
                                      ],
                                      "parent": 7,
                                      "ID": 9,
                                      "left": 10
                                    }
                                  ],
                                  "parent": 6,
                                  "ID": 7,
                                  "left": 8,
                                  "right": 9
                                }
                              ],
                              "parent": 5,
                              "ID": 6,
                              "left": 7
                            },
                            {
                              "Node Type": "Seq Scan",
                              "Parent Relationship": "Inner",
                              "Parallel Aware": false,
                              "Async Capable": false,
                              "Relation Name": "web_page",
                              "Alias": "web_page",
                              "Startup Cost": 0.0,
                              "Total Cost": 7.0,
                              "Plan Rows": 200,
                              "Plan Width": 4,
                              "parent": 5,
                              "ID": 23
                            }
                          ],
                          "parent": 4,
                          "ID": 5,
                          "left": 6,
                          "right": 23
                        },
                        {
                          "Node Type": "Seq Scan",
                          "Parent Relationship": "Inner",
                          "Parallel Aware": false,
                          "Async Capable": false,
                          "Relation Name": "reason",
                          "Alias": "reason",
                          "Startup Cost": 0.0,
                          "Total Cost": 1.45,
                          "Plan Rows": 45,
                          "Plan Width": 105,
                          "parent": 4,
                          "ID": 24
                        }
                      ],
                      "parent": 3,
                      "ID": 4,
                      "left": 5,
                      "right": 24
                    }
                  ],
                  "parent": 2,
                  "ID": 3,
                  "left": 4
                }
              ],
              "parent": 1,
              "ID": 2,
              "left": 3
            }
          ],
          "parent": 0,
          "ID": 1,
          "left": 2
        }
      ],
      "parent": null,
      "ID": 0,
      "left": 1
    },
    "feat": {
      "utility": 0.0,
      "query_shape": [
        [
          "Seq Scan",
          "Hash Join",
          "Gather",
          "Nested Loop",
          "Sort",
          "Aggregate"
        ],
        [
          "Seq Scan",
          "Hash Join",
          "Hash",
          "Gather",
          "Nested Loop",
          "Sort",
          "Aggregate"
        ],
        [
          "Seq Scan",
          "Hash Join",
          "Hash",
          "Gather",
          "Nested Loop",
          "Sort",
          "Aggregate"
        ],
        [
          "Seq Scan",
          "Hash",
          "Hash Join",
          "Gather",
          "Nested Loop",
          "Sort",
          "Aggregate"
        ],
        [
          "Seq Scan",
          "Hash Join",
          "Hash",
          "Gather",
          "Nested Loop",
          "Sort",
          "Aggregate"
        ],
        [
          "Seq Scan",
          "Hash",
          "Hash Join",
          "Gather",
          "Nested Loop",
          "Sort",
          "Aggregate"
        ],
        [
          "Seq Scan",
          "Nested Loop",
          "Sort",
          "Aggregate"
        ],
        [
          "Seq Scan",
          "Nested Loop",
          "Sort",
          "Aggregate"
        ]
      ],
      "index_shape": [
        "order-by"
      ],
      "physical_operator": {
        "Sort": [
          "[  1.   2.   4.   6.   8.  10.  12.  14.  16.  18.  20.  22.  24.  26.\n  28.  30.  32.  34.  36.  39.  41.  43.  45.  47.  49.  51.  53.  55.\n  57.  59.  61.  63.  65.  67.  69.  71.  73.  75.  77.  79.  81.  83.\n  85.  87.  89.  91.  93.  95.  97.  99. 100.]"
        ]
      }
    }
  },
  {
    "query": "select  substr(r_reason_desc,1,20)\n       ,avg(ws_quantity)\n       ,avg(wr_refunded_cash)\n       ,avg(wr_fee)\n from web_sales, web_returns, web_page, customer_demographics cd1,\n      customer_demographics cd2, customer_address, date_dim, reason \n where ws_web_page_sk = wp_web_page_sk\n   and ws_item_sk = wr_item_sk\n   and ws_order_number = wr_order_number\n   and ws_sold_date_sk = d_date_sk and d_year = 1998\n   and cd1.cd_demo_sk = wr_refunded_cdemo_sk \n   and cd2.cd_demo_sk = wr_returning_cdemo_sk\n   and ca_address_sk = wr_refunded_addr_sk\n   and r_reason_sk = wr_reason_sk\n   and\n   (\n    (\n     cd1.cd_marital_status = 'M'\n     and\n     cd1.cd_marital_status = cd2.cd_marital_status\n     and\n     cd1.cd_education_status = 'Secondary'\n     and \n     cd1.cd_education_status = cd2.cd_education_status\n     and\n     ws_sales_price between 100.00 and 150.00\n    )\n   or\n    (\n     cd1.cd_marital_status = 'W'\n     and\n     cd1.cd_marital_status = cd2.cd_marital_status\n     and\n     cd1.cd_education_status = 'Primary' \n     and\n     cd1.cd_education_status = cd2.cd_education_status\n     and\n     ws_sales_price between 50.00 and 100.00\n    )\n   or\n    (\n     cd1.cd_marital_status = 'D'\n     and\n     cd1.cd_marital_status = cd2.cd_marital_status\n     and\n     cd1.cd_education_status = 'College'\n     and\n     cd1.cd_education_status = cd2.cd_education_status\n     and\n     ws_sales_price between 150.00 and 200.00\n    )\n   )\n   and\n   (\n    (\n     ca_country = 'United States'\n     and\n     ca_state in ('GA', 'NE', 'KY')\n     and ws_net_profit between 100 and 200  \n    )\n    or\n    (\n     ca_country = 'United States'\n     and\n     ca_state in ('CA', 'VA', 'FL')\n     and ws_net_profit between 150 and 300  \n    )\n    or\n    (\n     ca_country = 'United States'\n     and\n     ca_state in ('IN', 'WV', 'OK')\n     and ws_net_profit between 50 and 250  \n    )\n   )\ngroup by r_reason_desc\norder by substr(r_reason_desc,1,20)\n        ,avg(ws_quantity)\n        ,avg(wr_refunded_cash)\n        ,avg(wr_fee)\nlimit 100;\n\n-- end query 65 in stream 3 using template query85.tpl\n",
    "indexes": "web_sales.ws_sales_price",
    "wo plan est": {
      "Node Type": "Limit",
      "Parallel Aware": false,
      "Async Capable": false,
      "Startup Cost": 413078.35,
      "Total Cost": 413078.35,
      "Plan Rows": 1,
      "Plan Width": 229,
      "Plans": [
        {
          "Node Type": "Sort",
          "Parent Relationship": "Outer",
          "Parallel Aware": false,
          "Async Capable": false,
          "Startup Cost": 413078.35,
          "Total Cost": 413078.35,
          "Plan Rows": 1,
          "Plan Width": 229,
          "Sort Key": [
            "(substr((reason.r_reason_desc)::text, 1, 20))",
            "(avg(web_sales.ws_quantity))",
            "(avg(web_returns.wr_refunded_cash))",
            "(avg(web_returns.wr_fee))"
          ],
          "Plans": [
            {
              "Node Type": "Aggregate",
              "Strategy": "Sorted",
              "Partial Mode": "Simple",
              "Parent Relationship": "Outer",
              "Parallel Aware": false,
              "Async Capable": false,
              "Startup Cost": 413078.3,
              "Total Cost": 413078.34,
              "Plan Rows": 1,
              "Plan Width": 229,
              "Group Key": [
                "reason.r_reason_desc"
              ],
              "Plans": [
                {
                  "Node Type": "Sort",
                  "Parent Relationship": "Outer",
                  "Parallel Aware": false,
                  "Async Capable": false,
                  "Startup Cost": 413078.3,
                  "Total Cost": 413078.31,
                  "Plan Rows": 1,
                  "Plan Width": 117,
                  "Sort Key": [
                    "reason.r_reason_desc"
                  ],
                  "Plans": [
                    {
                      "Node Type": "Nested Loop",
                      "Parent Relationship": "Outer",
                      "Parallel Aware": false,
                      "Async Capable": false,
                      "Join Type": "Inner",
                      "Startup Cost": 370475.3,
                      "Total Cost": 413078.29,
                      "Plan Rows": 1,
                      "Plan Width": 117,
                      "Inner Unique": false,
                      "Join Filter": "(web_returns.wr_reason_sk = reason.r_reason_sk)",
                      "Plans": [
                        {
                          "Node Type": "Nested Loop",
                          "Parent Relationship": "Outer",
                          "Parallel Aware": false,
                          "Async Capable": false,
                          "Join Type": "Inner",
                          "Startup Cost": 370475.3,
                          "Total Cost": 413076.28,
                          "Plan Rows": 1,
                          "Plan Width": 20,
                          "Inner Unique": false,
                          "Join Filter": "(web_sales.ws_web_page_sk = web_page.wp_web_page_sk)",
                          "Plans": [
                            {
                              "Node Type": "Gather",
                              "Parent Relationship": "Outer",
                              "Parallel Aware": false,
                              "Async Capable": false,
                              "Startup Cost": 370475.3,
                              "Total Cost": 413066.78,
                              "Plan Rows": 1,
                              "Plan Width": 24,
                              "Workers Planned": 2,
                              "Single Copy": false,
                              "Plans": [
                                {
                                  "Node Type": "Hash Join",
                                  "Parent Relationship": "Outer",
                                  "Parallel Aware": true,
                                  "Async Capable": false,
                                  "Join Type": "Inner",
                                  "Startup Cost": 369475.3,
                                  "Total Cost": 412066.68,
                                  "Plan Rows": 1,
                                  "Plan Width": 24,
                                  "Inner Unique": false,
                                  "Hash Cond": "((cd1.cd_demo_sk = web_returns.wr_refunded_cdemo_sk) AND (cd1.cd_marital_status = cd2.cd_marital_status) AND (cd1.cd_education_status = cd2.cd_education_status))",
                                  "Join Filter": "(((cd1.cd_marital_status = 'M'::bpchar) AND (cd1.cd_education_status = 'Secondary'::bpchar) AND (web_sales.ws_sales_price >= 100.00) AND (web_sales.ws_sales_price <= 150.00)) OR ((cd1.cd_marital_status = 'W'::bpchar) AND (cd1.cd_education_status = 'Primary'::bpchar) AND (web_sales.ws_sales_price >= 50.00) AND (web_sales.ws_sales_price <= 100.00)) OR ((cd1.cd_marital_status = 'D'::bpchar) AND (cd1.cd_education_status = 'College'::bpchar) AND (web_sales.ws_sales_price >= 150.00) AND (web_sales.ws_sales_price <= 200.00)))",
                                  "Plans": [
                                    {
                                      "Node Type": "Seq Scan",
                                      "Parent Relationship": "Outer",
                                      "Parallel Aware": true,
                                      "Async Capable": false,
                                      "Relation Name": "customer_demographics",
                                      "Alias": "cd1",
                                      "Startup Cost": 0.0,
                                      "Total Cost": 41836.33,
                                      "Plan Rows": 67112,
                                      "Plan Width": 27,
                                      "Filter": "(((cd_marital_status = 'M'::bpchar) AND (cd_education_status = 'Secondary'::bpchar)) OR ((cd_marital_status = 'W'::bpchar) AND (cd_education_status = 'Primary'::bpchar)) OR ((cd_marital_status = 'D'::bpchar) AND (cd_education_status = 'College'::bpchar)))",
                                      "parent": 7,
                                      "ID": 8
                                    },
                                    {
                                      "Node Type": "Hash",
                                      "Parent Relationship": "Inner",
                                      "Parallel Aware": true,
                                      "Async Capable": false,
                                      "Startup Cost": 369475.28,
                                      "Total Cost": 369475.28,
                                      "Plan Rows": 1,
                                      "Plan Width": 57,
                                      "Plans": [
                                        {
                                          "Node Type": "Hash Join",
                                          "Parent Relationship": "Outer",
                                          "Parallel Aware": true,
                                          "Async Capable": false,
                                          "Join Type": "Inner",
                                          "Startup Cost": 336642.69,
                                          "Total Cost": 369475.28,
                                          "Plan Rows": 1,
                                          "Plan Width": 57,
                                          "Inner Unique": false,
                                          "Hash Cond": "(cd2.cd_demo_sk = web_returns.wr_returning_cdemo_sk)",
                                          "Plans": [
                                            {
                                              "Node Type": "Seq Scan",
                                              "Parent Relationship": "Outer",
                                              "Parallel Aware": true,
                                              "Async Capable": false,
                                              "Relation Name": "customer_demographics",
                                              "Alias": "cd2",
                                              "Startup Cost": 0.0,
                                              "Total Cost": 29831.33,
                                              "Plan Rows": 800333,
                                              "Plan Width": 27,
                                              "parent": 10,
                                              "ID": 11
                                            },
                                            {
                                              "Node Type": "Hash",
                                              "Parent Relationship": "Inner",
                                              "Parallel Aware": true,
                                              "Async Capable": false,
                                              "Startup Cost": 336642.67,
                                              "Total Cost": 336642.67,
                                              "Plan Rows": 1,
                                              "Plan Width": 38,
                                              "Plans": [
                                                {
                                                  "Node Type": "Hash Join",
                                                  "Parent Relationship": "Outer",
                                                  "Parallel Aware": true,
                                                  "Async Capable": false,
                                                  "Join Type": "Inner",
                                                  "Startup Cost": 318452.05,
                                                  "Total Cost": 336642.67,
                                                  "Plan Rows": 1,
                                                  "Plan Width": 38,
                                                  "Inner Unique": false,
                                                  "Hash Cond": "((web_returns.wr_item_sk = web_sales.ws_item_sk) AND (web_returns.wr_order_number = web_sales.ws_order_number))",
                                                  "Join Filter": "(((customer_address.ca_state = ANY ('{GA,NE,KY}'::bpchar[])) AND (web_sales.ws_net_profit >= '100'::numeric) AND (web_sales.ws_net_profit <= '200'::numeric)) OR ((customer_address.ca_state = ANY ('{CA,VA,FL}'::bpchar[])) AND (web_sales.ws_net_profit >= '150'::numeric) AND (web_sales.ws_net_profit <= '300'::numeric)) OR ((customer_address.ca_state = ANY ('{IN,WV,OK}'::bpchar[])) AND (web_sales.ws_net_profit >= '50'::numeric) AND (web_sales.ws_net_profit <= '250'::numeric)))",
                                                  "Plans": [
                                                    {
                                                      "Node Type": "Hash Join",
                                                      "Parent Relationship": "Outer",
                                                      "Parallel Aware": true,
                                                      "Async Capable": false,
                                                      "Join Type": "Inner",
                                                      "Startup Cost": 8216.31,
                                                      "Total Cost": 25900.27,
                                                      "Plan Rows": 67550,
                                                      "Plan Width": 35,
                                                      "Inner Unique": false,
                                                      "Hash Cond": "(web_returns.wr_refunded_addr_sk = customer_address.ca_address_sk)",
                                                      "Plans": [
                                                        {
                                                          "Node Type": "Seq Scan",
                                                          "Parent Relationship": "Outer",
                                                          "Parallel Aware": true,
                                                          "Async Capable": false,
                                                          "Relation Name": "web_returns",
                                                          "Alias": "web_returns",
                                                          "Startup Cost": 0.0,
                                                          "Total Cost": 16278.74,
                                                          "Plan Rows": 299674,
                                                          "Plan Width": 36,
                                                          "parent": 14,
                                                          "ID": 15
                                                        },
                                                        {
                                                          "Node Type": "Hash",
                                                          "Parent Relationship": "Inner",
                                                          "Parallel Aware": true,
                                                          "Async Capable": false,
                                                          "Startup Cost": 7908.96,
                                                          "Total Cost": 7908.96,
                                                          "Plan Rows": 24588,
                                                          "Plan Width": 7,
                                                          "Plans": [
                                                            {
                                                              "Node Type": "Seq Scan",
                                                              "Parent Relationship": "Outer",
                                                              "Parallel Aware": true,
                                                              "Async Capable": false,
                                                              "Relation Name": "customer_address",
                                                              "Alias": "customer_address",
                                                              "Startup Cost": 0.0,
                                                              "Total Cost": 7908.96,
                                                              "Plan Rows": 24588,
                                                              "Plan Width": 7,
                                                              "Filter": "(((ca_country)::text = 'United States'::text) AND ((ca_state = ANY ('{GA,NE,KY}'::bpchar[])) OR (ca_state = ANY ('{CA,VA,FL}'::bpchar[])) OR (ca_state = ANY ('{IN,WV,OK}'::bpchar[]))))",
                                                              "parent": 16,
                                                              "ID": 17
                                                            }
                                                          ],
                                                          "parent": 14,
                                                          "ID": 16,
                                                          "left": 17
                                                        }
                                                      ],
                                                      "parent": 13,
                                                      "ID": 14,
                                                      "left": 15,
                                                      "right": 16
                                                    },
                                                    {
                                                      "Node Type": "Hash",
                                                      "Parent Relationship": "Inner",
                                                      "Parallel Aware": true,
                                                      "Async Capable": false,
                                                      "Startup Cost": 310224.49,
                                                      "Total Cost": 310224.49,
                                                      "Plan Rows": 750,
                                                      "Plan Width": 28,
                                                      "Plans": [
                                                        {
                                                          "Node Type": "Hash Join",
                                                          "Parent Relationship": "Outer",
                                                          "Parallel Aware": true,
                                                          "Async Capable": false,
                                                          "Join Type": "Inner",
                                                          "Startup Cost": 1944.79,
                                                          "Total Cost": 310224.49,
                                                          "Plan Rows": 750,
                                                          "Plan Width": 28,
                                                          "Inner Unique": false,
                                                          "Hash Cond": "(web_sales.ws_sold_date_sk = date_dim.d_date_sk)",
                                                          "Plans": [
                                                            {
                                                              "Node Type": "Seq Scan",
                                                              "Parent Relationship": "Outer",
                                                              "Parallel Aware": true,
                                                              "Async Capable": false,
                                                              "Relation Name": "web_sales",
                                                              "Alias": "web_sales",
                                                              "Startup Cost": 0.0,
                                                              "Total Cost": 307707.43,
                                                              "Plan Rows": 151429,
                                                              "Plan Width": 32,
                                                              "Filter": "((((ws_sales_price >= 100.00) AND (ws_sales_price <= 150.00)) OR ((ws_sales_price >= 50.00) AND (ws_sales_price <= 100.00)) OR ((ws_sales_price >= 150.00) AND (ws_sales_price <= 200.00))) AND (((ws_net_profit >= '100'::numeric) AND (ws_net_profit <= '200'::numeric)) OR ((ws_net_profit >= '150'::numeric) AND (ws_net_profit <= '300'::numeric)) OR ((ws_net_profit >= '50'::numeric) AND (ws_net_profit <= '250'::numeric))))",
                                                              "parent": 19,
                                                              "ID": 20
                                                            },
                                                            {
                                                              "Node Type": "Hash",
                                                              "Parent Relationship": "Inner",
                                                              "Parallel Aware": true,
                                                              "Async Capable": false,
                                                              "Startup Cost": 1942.12,
                                                              "Total Cost": 1942.12,
                                                              "Plan Rows": 213,
                                                              "Plan Width": 4,
                                                              "Plans": [
                                                                {
                                                                  "Node Type": "Seq Scan",
                                                                  "Parent Relationship": "Outer",
                                                                  "Parallel Aware": true,
                                                                  "Async Capable": false,
                                                                  "Relation Name": "date_dim",
                                                                  "Alias": "date_dim",
                                                                  "Startup Cost": 0.0,
                                                                  "Total Cost": 1942.12,
                                                                  "Plan Rows": 213,
                                                                  "Plan Width": 4,
                                                                  "Filter": "(d_year = 1998)",
                                                                  "parent": 21,
                                                                  "ID": 22
                                                                }
                                                              ],
                                                              "parent": 19,
                                                              "ID": 21,
                                                              "left": 22
                                                            }
                                                          ],
                                                          "parent": 18,
                                                          "ID": 19,
                                                          "left": 20,
                                                          "right": 21
                                                        }
                                                      ],
                                                      "parent": 13,
                                                      "ID": 18,
                                                      "left": 19
                                                    }
                                                  ],
                                                  "parent": 12,
                                                  "ID": 13,
                                                  "left": 14,
                                                  "right": 18
                                                }
                                              ],
                                              "parent": 10,
                                              "ID": 12,
                                              "left": 13
                                            }
                                          ],
                                          "parent": 9,
                                          "ID": 10,
                                          "left": 11,
                                          "right": 12
                                        }
                                      ],
                                      "parent": 7,
                                      "ID": 9,
                                      "left": 10
                                    }
                                  ],
                                  "parent": 6,
                                  "ID": 7,
                                  "left": 8,
                                  "right": 9
                                }
                              ],
                              "parent": 5,
                              "ID": 6,
                              "left": 7
                            },
                            {
                              "Node Type": "Seq Scan",
                              "Parent Relationship": "Inner",
                              "Parallel Aware": false,
                              "Async Capable": false,
                              "Relation Name": "web_page",
                              "Alias": "web_page",
                              "Startup Cost": 0.0,
                              "Total Cost": 7.0,
                              "Plan Rows": 200,
                              "Plan Width": 4,
                              "parent": 5,
                              "ID": 23
                            }
                          ],
                          "parent": 4,
                          "ID": 5,
                          "left": 6,
                          "right": 23
                        },
                        {
                          "Node Type": "Seq Scan",
                          "Parent Relationship": "Inner",
                          "Parallel Aware": false,
                          "Async Capable": false,
                          "Relation Name": "reason",
                          "Alias": "reason",
                          "Startup Cost": 0.0,
                          "Total Cost": 1.45,
                          "Plan Rows": 45,
                          "Plan Width": 105,
                          "parent": 4,
                          "ID": 24
                        }
                      ],
                      "parent": 3,
                      "ID": 4,
                      "left": 5,
                      "right": 24
                    }
                  ],
                  "parent": 2,
                  "ID": 3,
                  "left": 4
                }
              ],
              "parent": 1,
              "ID": 2,
              "left": 3
            }
          ],
          "parent": 0,
          "ID": 1,
          "left": 2
        }
      ],
      "parent": null,
      "ID": 0,
      "left": 1
    },
    "feat": {
      "utility": 0.7292443262940895,
      "query_shape": [
        [
          "Seq Scan",
          "Hash Join",
          "Gather",
          "Nested Loop",
          "Sort",
          "Aggregate"
        ],
        [
          "Seq Scan",
          "Hash Join",
          "Hash",
          "Gather",
          "Nested Loop",
          "Sort",
          "Aggregate"
        ],
        [
          "Seq Scan",
          "Hash Join",
          "Hash",
          "Gather",
          "Nested Loop",
          "Sort",
          "Aggregate"
        ],
        [
          "Seq Scan",
          "Hash",
          "Hash Join",
          "Gather",
          "Nested Loop",
          "Sort",
          "Aggregate"
        ],
        [
          "Seq Scan",
          "Hash Join",
          "Hash",
          "Gather",
          "Nested Loop",
          "Sort",
          "Aggregate"
        ],
        [
          "Seq Scan",
          "Hash",
          "Hash Join",
          "Gather",
          "Nested Loop",
          "Sort",
          "Aggregate"
        ],
        [
          "Seq Scan",
          "Nested Loop",
          "Sort",
          "Aggregate"
        ],
        [
          "Seq Scan",
          "Nested Loop",
          "Sort",
          "Aggregate"
        ]
      ],
      "index_shape": [
        "join"
      ],
      "physical_operator": {
        "Seq Scan": [
          0.021038917878627328
        ],
        "Hash Join": [
          0.003860112031341151
        ]
      }
    }
  },
  {
    "query": "select  substr(r_reason_desc,1,20)\n       ,avg(ws_quantity)\n       ,avg(wr_refunded_cash)\n       ,avg(wr_fee)\n from web_sales, web_returns, web_page, customer_demographics cd1,\n      customer_demographics cd2, customer_address, date_dim, reason \n where ws_web_page_sk = wp_web_page_sk\n   and ws_item_sk = wr_item_sk\n   and ws_order_number = wr_order_number\n   and ws_sold_date_sk = d_date_sk and d_year = 1998\n   and cd1.cd_demo_sk = wr_refunded_cdemo_sk \n   and cd2.cd_demo_sk = wr_returning_cdemo_sk\n   and ca_address_sk = wr_refunded_addr_sk\n   and r_reason_sk = wr_reason_sk\n   and\n   (\n    (\n     cd1.cd_marital_status = 'M'\n     and\n     cd1.cd_marital_status = cd2.cd_marital_status\n     and\n     cd1.cd_education_status = 'Secondary'\n     and \n     cd1.cd_education_status = cd2.cd_education_status\n     and\n     ws_sales_price between 100.00 and 150.00\n    )\n   or\n    (\n     cd1.cd_marital_status = 'W'\n     and\n     cd1.cd_marital_status = cd2.cd_marital_status\n     and\n     cd1.cd_education_status = 'Primary' \n     and\n     cd1.cd_education_status = cd2.cd_education_status\n     and\n     ws_sales_price between 50.00 and 100.00\n    )\n   or\n    (\n     cd1.cd_marital_status = 'D'\n     and\n     cd1.cd_marital_status = cd2.cd_marital_status\n     and\n     cd1.cd_education_status = 'College'\n     and\n     cd1.cd_education_status = cd2.cd_education_status\n     and\n     ws_sales_price between 150.00 and 200.00\n    )\n   )\n   and\n   (\n    (\n     ca_country = 'United States'\n     and\n     ca_state in ('GA', 'NE', 'KY')\n     and ws_net_profit between 100 and 200  \n    )\n    or\n    (\n     ca_country = 'United States'\n     and\n     ca_state in ('CA', 'VA', 'FL')\n     and ws_net_profit between 150 and 300  \n    )\n    or\n    (\n     ca_country = 'United States'\n     and\n     ca_state in ('IN', 'WV', 'OK')\n     and ws_net_profit between 50 and 250  \n    )\n   )\ngroup by r_reason_desc\norder by substr(r_reason_desc,1,20)\n        ,avg(ws_quantity)\n        ,avg(wr_refunded_cash)\n        ,avg(wr_fee)\nlimit 100;\n\n-- end query 65 in stream 3 using template query85.tpl\n",
    "indexes": "web_sales.ws_net_profit",
    "wo plan est": {
      "Node Type": "Limit",
      "Parallel Aware": false,
      "Async Capable": false,
      "Startup Cost": 413078.35,
      "Total Cost": 413078.35,
      "Plan Rows": 1,
      "Plan Width": 229,
      "Plans": [
        {
          "Node Type": "Sort",
          "Parent Relationship": "Outer",
          "Parallel Aware": false,
          "Async Capable": false,
          "Startup Cost": 413078.35,
          "Total Cost": 413078.35,
          "Plan Rows": 1,
          "Plan Width": 229,
          "Sort Key": [
            "(substr((reason.r_reason_desc)::text, 1, 20))",
            "(avg(web_sales.ws_quantity))",
            "(avg(web_returns.wr_refunded_cash))",
            "(avg(web_returns.wr_fee))"
          ],
          "Plans": [
            {
              "Node Type": "Aggregate",
              "Strategy": "Sorted",
              "Partial Mode": "Simple",
              "Parent Relationship": "Outer",
              "Parallel Aware": false,
              "Async Capable": false,
              "Startup Cost": 413078.3,
              "Total Cost": 413078.34,
              "Plan Rows": 1,
              "Plan Width": 229,
              "Group Key": [
                "reason.r_reason_desc"
              ],
              "Plans": [
                {
                  "Node Type": "Sort",
                  "Parent Relationship": "Outer",
                  "Parallel Aware": false,
                  "Async Capable": false,
                  "Startup Cost": 413078.3,
                  "Total Cost": 413078.31,
                  "Plan Rows": 1,
                  "Plan Width": 117,
                  "Sort Key": [
                    "reason.r_reason_desc"
                  ],
                  "Plans": [
                    {
                      "Node Type": "Nested Loop",
                      "Parent Relationship": "Outer",
                      "Parallel Aware": false,
                      "Async Capable": false,
                      "Join Type": "Inner",
                      "Startup Cost": 370475.3,
                      "Total Cost": 413078.29,
                      "Plan Rows": 1,
                      "Plan Width": 117,
                      "Inner Unique": false,
                      "Join Filter": "(web_returns.wr_reason_sk = reason.r_reason_sk)",
                      "Plans": [
                        {
                          "Node Type": "Nested Loop",
                          "Parent Relationship": "Outer",
                          "Parallel Aware": false,
                          "Async Capable": false,
                          "Join Type": "Inner",
                          "Startup Cost": 370475.3,
                          "Total Cost": 413076.28,
                          "Plan Rows": 1,
                          "Plan Width": 20,
                          "Inner Unique": false,
                          "Join Filter": "(web_sales.ws_web_page_sk = web_page.wp_web_page_sk)",
                          "Plans": [
                            {
                              "Node Type": "Gather",
                              "Parent Relationship": "Outer",
                              "Parallel Aware": false,
                              "Async Capable": false,
                              "Startup Cost": 370475.3,
                              "Total Cost": 413066.78,
                              "Plan Rows": 1,
                              "Plan Width": 24,
                              "Workers Planned": 2,
                              "Single Copy": false,
                              "Plans": [
                                {
                                  "Node Type": "Hash Join",
                                  "Parent Relationship": "Outer",
                                  "Parallel Aware": true,
                                  "Async Capable": false,
                                  "Join Type": "Inner",
                                  "Startup Cost": 369475.3,
                                  "Total Cost": 412066.68,
                                  "Plan Rows": 1,
                                  "Plan Width": 24,
                                  "Inner Unique": false,
                                  "Hash Cond": "((cd1.cd_demo_sk = web_returns.wr_refunded_cdemo_sk) AND (cd1.cd_marital_status = cd2.cd_marital_status) AND (cd1.cd_education_status = cd2.cd_education_status))",
                                  "Join Filter": "(((cd1.cd_marital_status = 'M'::bpchar) AND (cd1.cd_education_status = 'Secondary'::bpchar) AND (web_sales.ws_sales_price >= 100.00) AND (web_sales.ws_sales_price <= 150.00)) OR ((cd1.cd_marital_status = 'W'::bpchar) AND (cd1.cd_education_status = 'Primary'::bpchar) AND (web_sales.ws_sales_price >= 50.00) AND (web_sales.ws_sales_price <= 100.00)) OR ((cd1.cd_marital_status = 'D'::bpchar) AND (cd1.cd_education_status = 'College'::bpchar) AND (web_sales.ws_sales_price >= 150.00) AND (web_sales.ws_sales_price <= 200.00)))",
                                  "Plans": [
                                    {
                                      "Node Type": "Seq Scan",
                                      "Parent Relationship": "Outer",
                                      "Parallel Aware": true,
                                      "Async Capable": false,
                                      "Relation Name": "customer_demographics",
                                      "Alias": "cd1",
                                      "Startup Cost": 0.0,
                                      "Total Cost": 41836.33,
                                      "Plan Rows": 67112,
                                      "Plan Width": 27,
                                      "Filter": "(((cd_marital_status = 'M'::bpchar) AND (cd_education_status = 'Secondary'::bpchar)) OR ((cd_marital_status = 'W'::bpchar) AND (cd_education_status = 'Primary'::bpchar)) OR ((cd_marital_status = 'D'::bpchar) AND (cd_education_status = 'College'::bpchar)))",
                                      "parent": 7,
                                      "ID": 8
                                    },
                                    {
                                      "Node Type": "Hash",
                                      "Parent Relationship": "Inner",
                                      "Parallel Aware": true,
                                      "Async Capable": false,
                                      "Startup Cost": 369475.28,
                                      "Total Cost": 369475.28,
                                      "Plan Rows": 1,
                                      "Plan Width": 57,
                                      "Plans": [
                                        {
                                          "Node Type": "Hash Join",
                                          "Parent Relationship": "Outer",
                                          "Parallel Aware": true,
                                          "Async Capable": false,
                                          "Join Type": "Inner",
                                          "Startup Cost": 336642.69,
                                          "Total Cost": 369475.28,
                                          "Plan Rows": 1,
                                          "Plan Width": 57,
                                          "Inner Unique": false,
                                          "Hash Cond": "(cd2.cd_demo_sk = web_returns.wr_returning_cdemo_sk)",
                                          "Plans": [
                                            {
                                              "Node Type": "Seq Scan",
                                              "Parent Relationship": "Outer",
                                              "Parallel Aware": true,
                                              "Async Capable": false,
                                              "Relation Name": "customer_demographics",
                                              "Alias": "cd2",
                                              "Startup Cost": 0.0,
                                              "Total Cost": 29831.33,
                                              "Plan Rows": 800333,
                                              "Plan Width": 27,
                                              "parent": 10,
                                              "ID": 11
                                            },
                                            {
                                              "Node Type": "Hash",
                                              "Parent Relationship": "Inner",
                                              "Parallel Aware": true,
                                              "Async Capable": false,
                                              "Startup Cost": 336642.67,
                                              "Total Cost": 336642.67,
                                              "Plan Rows": 1,
                                              "Plan Width": 38,
                                              "Plans": [
                                                {
                                                  "Node Type": "Hash Join",
                                                  "Parent Relationship": "Outer",
                                                  "Parallel Aware": true,
                                                  "Async Capable": false,
                                                  "Join Type": "Inner",
                                                  "Startup Cost": 318452.05,
                                                  "Total Cost": 336642.67,
                                                  "Plan Rows": 1,
                                                  "Plan Width": 38,
                                                  "Inner Unique": false,
                                                  "Hash Cond": "((web_returns.wr_item_sk = web_sales.ws_item_sk) AND (web_returns.wr_order_number = web_sales.ws_order_number))",
                                                  "Join Filter": "(((customer_address.ca_state = ANY ('{GA,NE,KY}'::bpchar[])) AND (web_sales.ws_net_profit >= '100'::numeric) AND (web_sales.ws_net_profit <= '200'::numeric)) OR ((customer_address.ca_state = ANY ('{CA,VA,FL}'::bpchar[])) AND (web_sales.ws_net_profit >= '150'::numeric) AND (web_sales.ws_net_profit <= '300'::numeric)) OR ((customer_address.ca_state = ANY ('{IN,WV,OK}'::bpchar[])) AND (web_sales.ws_net_profit >= '50'::numeric) AND (web_sales.ws_net_profit <= '250'::numeric)))",
                                                  "Plans": [
                                                    {
                                                      "Node Type": "Hash Join",
                                                      "Parent Relationship": "Outer",
                                                      "Parallel Aware": true,
                                                      "Async Capable": false,
                                                      "Join Type": "Inner",
                                                      "Startup Cost": 8216.31,
                                                      "Total Cost": 25900.27,
                                                      "Plan Rows": 67550,
                                                      "Plan Width": 35,
                                                      "Inner Unique": false,
                                                      "Hash Cond": "(web_returns.wr_refunded_addr_sk = customer_address.ca_address_sk)",
                                                      "Plans": [
                                                        {
                                                          "Node Type": "Seq Scan",
                                                          "Parent Relationship": "Outer",
                                                          "Parallel Aware": true,
                                                          "Async Capable": false,
                                                          "Relation Name": "web_returns",
                                                          "Alias": "web_returns",
                                                          "Startup Cost": 0.0,
                                                          "Total Cost": 16278.74,
                                                          "Plan Rows": 299674,
                                                          "Plan Width": 36,
                                                          "parent": 14,
                                                          "ID": 15
                                                        },
                                                        {
                                                          "Node Type": "Hash",
                                                          "Parent Relationship": "Inner",
                                                          "Parallel Aware": true,
                                                          "Async Capable": false,
                                                          "Startup Cost": 7908.96,
                                                          "Total Cost": 7908.96,
                                                          "Plan Rows": 24588,
                                                          "Plan Width": 7,
                                                          "Plans": [
                                                            {
                                                              "Node Type": "Seq Scan",
                                                              "Parent Relationship": "Outer",
                                                              "Parallel Aware": true,
                                                              "Async Capable": false,
                                                              "Relation Name": "customer_address",
                                                              "Alias": "customer_address",
                                                              "Startup Cost": 0.0,
                                                              "Total Cost": 7908.96,
                                                              "Plan Rows": 24588,
                                                              "Plan Width": 7,
                                                              "Filter": "(((ca_country)::text = 'United States'::text) AND ((ca_state = ANY ('{GA,NE,KY}'::bpchar[])) OR (ca_state = ANY ('{CA,VA,FL}'::bpchar[])) OR (ca_state = ANY ('{IN,WV,OK}'::bpchar[]))))",
                                                              "parent": 16,
                                                              "ID": 17
                                                            }
                                                          ],
                                                          "parent": 14,
                                                          "ID": 16,
                                                          "left": 17
                                                        }
                                                      ],
                                                      "parent": 13,
                                                      "ID": 14,
                                                      "left": 15,
                                                      "right": 16
                                                    },
                                                    {
                                                      "Node Type": "Hash",
                                                      "Parent Relationship": "Inner",
                                                      "Parallel Aware": true,
                                                      "Async Capable": false,
                                                      "Startup Cost": 310224.49,
                                                      "Total Cost": 310224.49,
                                                      "Plan Rows": 750,
                                                      "Plan Width": 28,
                                                      "Plans": [
                                                        {
                                                          "Node Type": "Hash Join",
                                                          "Parent Relationship": "Outer",
                                                          "Parallel Aware": true,
                                                          "Async Capable": false,
                                                          "Join Type": "Inner",
                                                          "Startup Cost": 1944.79,
                                                          "Total Cost": 310224.49,
                                                          "Plan Rows": 750,
                                                          "Plan Width": 28,
                                                          "Inner Unique": false,
                                                          "Hash Cond": "(web_sales.ws_sold_date_sk = date_dim.d_date_sk)",
                                                          "Plans": [
                                                            {
                                                              "Node Type": "Seq Scan",
                                                              "Parent Relationship": "Outer",
                                                              "Parallel Aware": true,
                                                              "Async Capable": false,
                                                              "Relation Name": "web_sales",
                                                              "Alias": "web_sales",
                                                              "Startup Cost": 0.0,
                                                              "Total Cost": 307707.43,
                                                              "Plan Rows": 151429,
                                                              "Plan Width": 32,
                                                              "Filter": "((((ws_sales_price >= 100.00) AND (ws_sales_price <= 150.00)) OR ((ws_sales_price >= 50.00) AND (ws_sales_price <= 100.00)) OR ((ws_sales_price >= 150.00) AND (ws_sales_price <= 200.00))) AND (((ws_net_profit >= '100'::numeric) AND (ws_net_profit <= '200'::numeric)) OR ((ws_net_profit >= '150'::numeric) AND (ws_net_profit <= '300'::numeric)) OR ((ws_net_profit >= '50'::numeric) AND (ws_net_profit <= '250'::numeric))))",
                                                              "parent": 19,
                                                              "ID": 20
                                                            },
                                                            {
                                                              "Node Type": "Hash",
                                                              "Parent Relationship": "Inner",
                                                              "Parallel Aware": true,
                                                              "Async Capable": false,
                                                              "Startup Cost": 1942.12,
                                                              "Total Cost": 1942.12,
                                                              "Plan Rows": 213,
                                                              "Plan Width": 4,
                                                              "Plans": [
                                                                {
                                                                  "Node Type": "Seq Scan",
                                                                  "Parent Relationship": "Outer",
                                                                  "Parallel Aware": true,
                                                                  "Async Capable": false,
                                                                  "Relation Name": "date_dim",
                                                                  "Alias": "date_dim",
                                                                  "Startup Cost": 0.0,
                                                                  "Total Cost": 1942.12,
                                                                  "Plan Rows": 213,
                                                                  "Plan Width": 4,
                                                                  "Filter": "(d_year = 1998)",
                                                                  "parent": 21,
                                                                  "ID": 22
                                                                }
                                                              ],
                                                              "parent": 19,
                                                              "ID": 21,
                                                              "left": 22
                                                            }
                                                          ],
                                                          "parent": 18,
                                                          "ID": 19,
                                                          "left": 20,
                                                          "right": 21
                                                        }
                                                      ],
                                                      "parent": 13,
                                                      "ID": 18,
                                                      "left": 19
                                                    }
                                                  ],
                                                  "parent": 12,
                                                  "ID": 13,
                                                  "left": 14,
                                                  "right": 18
                                                }
                                              ],
                                              "parent": 10,
                                              "ID": 12,
                                              "left": 13
                                            }
                                          ],
                                          "parent": 9,
                                          "ID": 10,
                                          "left": 11,
                                          "right": 12
                                        }
                                      ],
                                      "parent": 7,
                                      "ID": 9,
                                      "left": 10
                                    }
                                  ],
                                  "parent": 6,
                                  "ID": 7,
                                  "left": 8,
                                  "right": 9
                                }
                              ],
                              "parent": 5,
                              "ID": 6,
                              "left": 7
                            },
                            {
                              "Node Type": "Seq Scan",
                              "Parent Relationship": "Inner",
                              "Parallel Aware": false,
                              "Async Capable": false,
                              "Relation Name": "web_page",
                              "Alias": "web_page",
                              "Startup Cost": 0.0,
                              "Total Cost": 7.0,
                              "Plan Rows": 200,
                              "Plan Width": 4,
                              "parent": 5,
                              "ID": 23
                            }
                          ],
                          "parent": 4,
                          "ID": 5,
                          "left": 6,
                          "right": 23
                        },
                        {
                          "Node Type": "Seq Scan",
                          "Parent Relationship": "Inner",
                          "Parallel Aware": false,
                          "Async Capable": false,
                          "Relation Name": "reason",
                          "Alias": "reason",
                          "Startup Cost": 0.0,
                          "Total Cost": 1.45,
                          "Plan Rows": 45,
                          "Plan Width": 105,
                          "parent": 4,
                          "ID": 24
                        }
                      ],
                      "parent": 3,
                      "ID": 4,
                      "left": 5,
                      "right": 24
                    }
                  ],
                  "parent": 2,
                  "ID": 3,
                  "left": 4
                }
              ],
              "parent": 1,
              "ID": 2,
              "left": 3
            }
          ],
          "parent": 0,
          "ID": 1,
          "left": 2
        }
      ],
      "parent": null,
      "ID": 0,
      "left": 1
    },
    "feat": {
      "utility": 0.7292443393508055,
      "query_shape": [
        [
          "Seq Scan",
          "Hash Join",
          "Gather",
          "Nested Loop",
          "Sort",
          "Aggregate"
        ],
        [
          "Seq Scan",
          "Hash Join",
          "Hash",
          "Gather",
          "Nested Loop",
          "Sort",
          "Aggregate"
        ],
        [
          "Seq Scan",
          "Hash Join",
          "Hash",
          "Gather",
          "Nested Loop",
          "Sort",
          "Aggregate"
        ],
        [
          "Seq Scan",
          "Hash",
          "Hash Join",
          "Gather",
          "Nested Loop",
          "Sort",
          "Aggregate"
        ],
        [
          "Seq Scan",
          "Hash Join",
          "Hash",
          "Gather",
          "Nested Loop",
          "Sort",
          "Aggregate"
        ],
        [
          "Seq Scan",
          "Hash",
          "Hash Join",
          "Gather",
          "Nested Loop",
          "Sort",
          "Aggregate"
        ],
        [
          "Seq Scan",
          "Nested Loop",
          "Sort",
          "Aggregate"
        ],
        [
          "Seq Scan",
          "Nested Loop",
          "Sort",
          "Aggregate"
        ]
      ],
      "index_shape": [
        "join"
      ],
      "physical_operator": {
        "Seq Scan": [
          0.021038917878627328
        ],
        "Hash Join": [
          0.00014049364873303083
        ]
      }
    }
  }
]