[
  {
    "query": "select  \n  cd_gender,\n  cd_marital_status,\n  cd_education_status,\n  count(*) cnt1,\n  cd_purchase_estimate,\n  count(*) cnt2,\n  cd_credit_rating,\n  count(*) cnt3\n from\n  customer c,customer_address ca,customer_demographics\n where\n  c.c_current_addr_sk = ca.ca_address_sk and\n  ca_state in ('MT','FL','SC') and\n  cd_demo_sk = c.c_current_cdemo_sk and \n  exists (select *\n          from store_sales,date_dim\n          where c.c_customer_sk = ss_customer_sk and\n                ss_sold_date_sk = d_date_sk and\n                d_year = 2004 and\n                d_moy between 2 and 2+2) and\n   (not exists (select *\n            from web_sales,date_dim\n            where c.c_customer_sk = ws_bill_customer_sk and\n                  ws_sold_date_sk = d_date_sk and\n                  d_year = 2004 and\n                  d_moy between 2 and 2+2) and\n    not exists (select * \n            from catalog_sales,date_dim\n            where c.c_customer_sk = cs_ship_customer_sk and\n                  cs_sold_date_sk = d_date_sk and\n                  d_year = 2004 and\n                  d_moy between 2 and 2+2))\n group by cd_gender,\n          cd_marital_status,\n          cd_education_status,\n          cd_purchase_estimate,\n          cd_credit_rating\n order by cd_gender,\n          cd_marital_status,\n          cd_education_status,\n          cd_purchase_estimate,\n          cd_credit_rating\n limit 100;\n\n-- end query 51 in stream 0 using template query69.tpl\n",
    "indexes": "customer.c_customer_sk",
    "wo plan est": {
      "Node Type": "Limit",
      "Parallel Aware": false,
      "Async Capable": false,
      "Startup Cost": 747645.79,
      "Total Cost": 840733.75,
      "Plan Rows": 100,
      "Plan Width": 64,
      "Plans": [
        {
          "Node Type": "Aggregate",
          "Strategy": "Sorted",
          "Partial Mode": "Simple",
          "Parent Relationship": "Outer",
          "Parallel Aware": false,
          "Async Capable": false,
          "Startup Cost": 747645.79,
          "Total Cost": 2167237.2,
          "Plan Rows": 1525,
          "Plan Width": 64,
          "Group Key": [
            "customer_demographics.cd_gender",
            "customer_demographics.cd_marital_status",
            "customer_demographics.cd_education_status",
            "customer_demographics.cd_purchase_estimate",
            "customer_demographics.cd_credit_rating"
          ],
          "Plans": [
            {
              "Node Type": "Nested Loop",
              "Parent Relationship": "Outer",
              "Parallel Aware": false,
              "Async Capable": false,
              "Join Type": "Anti",
              "Startup Cost": 747645.79,
              "Total Cost": 2167199.07,
              "Plan Rows": 1525,
              "Plan Width": 40,
              "Inner Unique": false,
              "Join Filter": "(c.c_customer_sk = catalog_sales.cs_ship_customer_sk)",
              "Plans": [
                {
                  "Node Type": "Nested Loop",
                  "Parent Relationship": "Outer",
                  "Parallel Aware": false,
                  "Async Capable": false,
                  "Join Type": "Anti",
                  "Startup Cost": 744961.33,
                  "Total Cost": 1184008.71,
                  "Plan Rows": 1579,
                  "Plan Width": 44,
                  "Inner Unique": false,
                  "Join Filter": "(c.c_customer_sk = web_sales.ws_bill_customer_sk)",
                  "Plans": [
                    {
                      "Node Type": "Gather Merge",
                      "Parent Relationship": "Outer",
                      "Parallel Aware": false,
                      "Async Capable": false,
                      "Startup Cost": 741803.7,
                      "Total Cost": 741990.87,
                      "Plan Rows": 1607,
                      "Plan Width": 44,
                      "Workers Planned": 2,
                      "Plans": [
                        {
                          "Node Type": "Sort",
                          "Parent Relationship": "Outer",
                          "Parallel Aware": false,
                          "Async Capable": false,
                          "Startup Cost": 740803.68,
                          "Total Cost": 740805.36,
                          "Plan Rows": 670,
                          "Plan Width": 44,
                          "Sort Key": [
                            "customer_demographics.cd_gender",
                            "customer_demographics.cd_marital_status",
                            "customer_demographics.cd_education_status",
                            "customer_demographics.cd_purchase_estimate",
                            "customer_demographics.cd_credit_rating"
                          ],
                          "Plans": [
                            {
                              "Node Type": "Hash Join",
                              "Parent Relationship": "Outer",
                              "Parallel Aware": true,
                              "Async Capable": false,
                              "Join Type": "Inner",
                              "Startup Cost": 707936.86,
                              "Total Cost": 740772.23,
                              "Plan Rows": 670,
                              "Plan Width": 44,
                              "Inner Unique": false,
                              "Hash Cond": "(customer_demographics.cd_demo_sk = c.c_current_cdemo_sk)",
                              "Plans": [
                                {
                                  "Node Type": "Seq Scan",
                                  "Parent Relationship": "Outer",
                                  "Parallel Aware": true,
                                  "Async Capable": false,
                                  "Relation Name": "customer_demographics",
                                  "Alias": "customer_demographics",
                                  "Startup Cost": 0.0,
                                  "Total Cost": 29831.33,
                                  "Plan Rows": 800333,
                                  "Plan Width": 44,
                                  "parent": 6,
                                  "ID": 7
                                },
                                {
                                  "Node Type": "Hash",
                                  "Parent Relationship": "Inner",
                                  "Parallel Aware": true,
                                  "Async Capable": false,
                                  "Startup Cost": 707928.2,
                                  "Total Cost": 707928.2,
                                  "Plan Rows": 693,
                                  "Plan Width": 8,
                                  "Plans": [
                                    {
                                      "Node Type": "Hash Join",
                                      "Parent Relationship": "Outer",
                                      "Parallel Aware": true,
                                      "Async Capable": false,
                                      "Join Type": "Inner",
                                      "Startup Cost": 691264.24,
                                      "Total Cost": 707928.2,
                                      "Plan Rows": 693,
                                      "Plan Width": 8,
                                      "Inner Unique": false,
                                      "Hash Cond": "(c.c_current_addr_sk = ca.ca_address_sk)",
                                      "Plans": [
                                        {
                                          "Node Type": "Hash Join",
                                          "Parent Relationship": "Outer",
                                          "Parallel Aware": true,
                                          "Async Capable": false,
                                          "Join Type": "Semi",
                                          "Startup Cost": 684328.37,
                                          "Total Cost": 700940.06,
                                          "Plan Rows": 13167,
                                          "Plan Width": 12,
                                          "Inner Unique": false,
                                          "Hash Cond": "(c.c_customer_sk = store_sales.ss_customer_sk)",
                                          "Plans": [
                                            {
                                              "Node Type": "Seq Scan",
                                              "Parent Relationship": "Outer",
                                              "Parallel Aware": true,
                                              "Async Capable": false,
                                              "Relation Name": "customer",
                                              "Alias": "c",
                                              "Startup Cost": 0.0,
                                              "Total Cost": 15918.33,
                                              "Plan Rows": 208333,
                                              "Plan Width": 12,
                                              "parent": 10,
                                              "ID": 11
                                            },
                                            {
                                              "Node Type": "Hash",
                                              "Parent Relationship": "Inner",
                                              "Parallel Aware": true,
                                              "Async Capable": false,
                                              "Startup Cost": 684155.91,
                                              "Total Cost": 684155.91,
                                              "Plan Rows": 13797,
                                              "Plan Width": 4,
                                              "Plans": [
                                                {
                                                  "Node Type": "Hash Join",
                                                  "Parent Relationship": "Outer",
                                                  "Parallel Aware": true,
                                                  "Async Capable": false,
                                                  "Join Type": "Inner",
                                                  "Startup Cost": 2157.62,
                                                  "Total Cost": 684155.91,
                                                  "Plan Rows": 13797,
                                                  "Plan Width": 4,
                                                  "Inner Unique": false,
                                                  "Hash Cond": "(store_sales.ss_sold_date_sk = date_dim.d_date_sk)",
                                                  "Plans": [
                                                    {
                                                      "Node Type": "Seq Scan",
                                                      "Parent Relationship": "Outer",
                                                      "Parallel Aware": true,
                                                      "Async Capable": false,
                                                      "Relation Name": "store_sales",
                                                      "Alias": "store_sales",
                                                      "Startup Cost": 0.0,
                                                      "Total Cost": 636914.37,
                                                      "Plan Rows": 12000637,
                                                      "Plan Width": 8,
                                                      "parent": 13,
                                                      "ID": 14
                                                    },
                                                    {
                                                      "Node Type": "Hash",
                                                      "Parent Relationship": "Inner",
                                                      "Parallel Aware": true,
                                                      "Async Capable": false,
                                                      "Startup Cost": 2156.97,
                                                      "Total Cost": 2156.97,
                                                      "Plan Rows": 52,
                                                      "Plan Width": 4,
                                                      "Plans": [
                                                        {
                                                          "Node Type": "Seq Scan",
                                                          "Parent Relationship": "Outer",
                                                          "Parallel Aware": true,
                                                          "Async Capable": false,
                                                          "Relation Name": "date_dim",
                                                          "Alias": "date_dim",
                                                          "Startup Cost": 0.0,
                                                          "Total Cost": 2156.97,
                                                          "Plan Rows": 52,
                                                          "Plan Width": 4,
                                                          "Filter": "((d_moy >= 2) AND (d_moy <= 4) AND (d_year = 2004))",
                                                          "parent": 15,
                                                          "ID": 16
                                                        }
                                                      ],
                                                      "parent": 13,
                                                      "ID": 15,
                                                      "left": 16
                                                    }
                                                  ],
                                                  "parent": 12,
                                                  "ID": 13,
                                                  "left": 14,
                                                  "right": 15
                                                }
                                              ],
                                              "parent": 10,
                                              "ID": 12,
                                              "left": 13
                                            }
                                          ],
                                          "parent": 9,
                                          "ID": 10,
                                          "left": 11,
                                          "right": 12
                                        },
                                        {
                                          "Node Type": "Hash",
                                          "Parent Relationship": "Inner",
                                          "Parallel Aware": true,
                                          "Async Capable": false,
                                          "Startup Cost": 6867.29,
                                          "Total Cost": 6867.29,
                                          "Plan Rows": 5486,
                                          "Plan Width": 4,
                                          "Plans": [
                                            {
                                              "Node Type": "Seq Scan",
                                              "Parent Relationship": "Outer",
                                              "Parallel Aware": true,
                                              "Async Capable": false,
                                              "Relation Name": "customer_address",
                                              "Alias": "ca",
                                              "Startup Cost": 0.0,
                                              "Total Cost": 6867.29,
                                              "Plan Rows": 5486,
                                              "Plan Width": 4,
                                              "Filter": "(ca_state = ANY ('{MT,FL,SC}'::bpchar[]))",
                                              "parent": 17,
                                              "ID": 18
                                            }
                                          ],
                                          "parent": 9,
                                          "ID": 17,
                                          "left": 18
                                        }
                                      ],
                                      "parent": 8,
                                      "ID": 9,
                                      "left": 10,
                                      "right": 17
                                    }
                                  ],
                                  "parent": 6,
                                  "ID": 8,
                                  "left": 9
                                }
                              ],
                              "parent": 5,
                              "ID": 6,
                              "left": 7,
                              "right": 8
                            }
                          ],
                          "parent": 4,
                          "ID": 5,
                          "left": 6
                        }
                      ],
                      "parent": 3,
                      "ID": 4,
                      "left": 5
                    },
                    {
                      "Node Type": "Materialize",
                      "Parent Relationship": "Inner",
                      "Parallel Aware": false,
                      "Async Capable": false,
                      "Startup Cost": 3157.62,
                      "Total Cost": 233073.27,
                      "Plan Rows": 8669,
                      "Plan Width": 4,
                      "Plans": [
                        {
                          "Node Type": "Gather",
                          "Parent Relationship": "Outer",
                          "Parallel Aware": false,
                          "Async Capable": false,
                          "Startup Cost": 3157.62,
                          "Total Cost": 233029.92,
                          "Plan Rows": 8669,
                          "Plan Width": 4,
                          "Workers Planned": 2,
                          "Single Copy": false,
                          "Plans": [
                            {
                              "Node Type": "Hash Join",
                              "Parent Relationship": "Outer",
                              "Parallel Aware": true,
                              "Async Capable": false,
                              "Join Type": "Inner",
                              "Startup Cost": 2157.62,
                              "Total Cost": 231163.02,
                              "Plan Rows": 3612,
                              "Plan Width": 4,
                              "Inner Unique": false,
                              "Hash Cond": "(web_sales.ws_sold_date_sk = date_dim_1.d_date_sk)",
                              "Plans": [
                                {
                                  "Node Type": "Seq Scan",
                                  "Parent Relationship": "Outer",
                                  "Parallel Aware": true,
                                  "Async Capable": false,
                                  "Relation Name": "web_sales",
                                  "Alias": "web_sales",
                                  "Startup Cost": 0.0,
                                  "Total Cost": 217737.86,
                                  "Plan Rows": 2998986,
                                  "Plan Width": 8,
                                  "parent": 21,
                                  "ID": 22
                                },
                                {
                                  "Node Type": "Hash",
                                  "Parent Relationship": "Inner",
                                  "Parallel Aware": true,
                                  "Async Capable": false,
                                  "Startup Cost": 2156.97,
                                  "Total Cost": 2156.97,
                                  "Plan Rows": 52,
                                  "Plan Width": 4,
                                  "Plans": [
                                    {
                                      "Node Type": "Seq Scan",
                                      "Parent Relationship": "Outer",
                                      "Parallel Aware": true,
                                      "Async Capable": false,
                                      "Relation Name": "date_dim",
                                      "Alias": "date_dim_1",
                                      "Startup Cost": 0.0,
                                      "Total Cost": 2156.97,
                                      "Plan Rows": 52,
                                      "Plan Width": 4,
                                      "Filter": "((d_moy >= 2) AND (d_moy <= 4) AND (d_year = 2004))",
                                      "parent": 23,
                                      "ID": 24
                                    }
                                  ],
                                  "parent": 21,
                                  "ID": 23,
                                  "left": 24
                                }
                              ],
                              "parent": 20,
                              "ID": 21,
                              "left": 22,
                              "right": 23
                            }
                          ],
                          "parent": 19,
                          "ID": 20,
                          "left": 21
                        }
                      ],
                      "parent": 3,
                      "ID": 19,
                      "left": 20
                    }
                  ],
                  "parent": 2,
                  "ID": 3,
                  "left": 4,
                  "right": 19
                },
                {
                  "Node Type": "Materialize",
                  "Parent Relationship": "Inner",
                  "Parallel Aware": false,
                  "Async Capable": false,
                  "Startup Cost": 2684.46,
                  "Total Cost": 574643.56,
                  "Plan Rows": 17251,
                  "Plan Width": 4,
                  "Plans": [
                    {
                      "Node Type": "Hash Join",
                      "Parent Relationship": "Outer",
                      "Parallel Aware": false,
                      "Async Capable": false,
                      "Join Type": "Inner",
                      "Startup Cost": 2684.46,
                      "Total Cost": 574557.31,
                      "Plan Rows": 17251,
                      "Plan Width": 4,
                      "Inner Unique": false,
                      "Hash Cond": "(catalog_sales.cs_sold_date_sk = date_dim_2.d_date_sk)",
                      "Plans": [
                        {
                          "Node Type": "Seq Scan",
                          "Parent Relationship": "Outer",
                          "Parallel Aware": false,
                          "Async Capable": false,
                          "Relation Name": "catalog_sales",
                          "Alias": "catalog_sales",
                          "Startup Cost": 0.0,
                          "Total Cost": 517695.61,
                          "Plan Rows": 14401261,
                          "Plan Width": 8,
                          "parent": 26,
                          "ID": 27
                        },
                        {
                          "Node Type": "Hash",
                          "Parent Relationship": "Inner",
                          "Parallel Aware": false,
                          "Async Capable": false,
                          "Startup Cost": 2683.36,
                          "Total Cost": 2683.36,
                          "Plan Rows": 88,
                          "Plan Width": 4,
                          "Plans": [
                            {
                              "Node Type": "Seq Scan",
                              "Parent Relationship": "Outer",
                              "Parallel Aware": false,
                              "Async Capable": false,
                              "Relation Name": "date_dim",
                              "Alias": "date_dim_2",
                              "Startup Cost": 0.0,
                              "Total Cost": 2683.36,
                              "Plan Rows": 88,
                              "Plan Width": 4,
                              "Filter": "((d_moy >= 2) AND (d_moy <= 4) AND (d_year = 2004))",
                              "parent": 28,
                              "ID": 29
                            }
                          ],
                          "parent": 26,
                          "ID": 28,
                          "left": 29
                        }
                      ],
                      "parent": 25,
                      "ID": 26,
                      "left": 27,
                      "right": 28
                    }
                  ],
                  "parent": 2,
                  "ID": 25,
                  "left": 26
                }
              ],
              "parent": 1,
              "ID": 2,
              "left": 3,
              "right": 25
            }
          ],
          "parent": 0,
          "ID": 1,
          "left": 2
        }
      ],
      "parent": null,
      "ID": 0,
      "left": 1
    },
    "feat": {
      "utility": 0.009510372587901578,
      "query_shape": [
        [
          "Seq Scan",
          "Hash Join",
          "Sort",
          "Gather Merge",
          "Nested Loop",
          "Aggregate"
        ],
        [
          "Seq Scan",
          "Hash Join",
          "Hash",
          "Sort",
          "Gather Merge",
          "Nested Loop",
          "Aggregate"
        ],
        [
          "Seq Scan",
          "Hash Join",
          "Hash",
          "Sort",
          "Gather Merge",
          "Nested Loop",
          "Aggregate"
        ],
        [
          "Seq Scan",
          "Hash",
          "Hash Join",
          "Sort",
          "Gather Merge",
          "Nested Loop",
          "Aggregate"
        ],
        [
          "Seq Scan",
          "Hash",
          "Hash Join",
          "Sort",
          "Gather Merge",
          "Nested Loop",
          "Aggregate"
        ],
        [
          "Seq Scan",
          "Hash Join",
          "Gather",
          "Materialize",
          "Nested Loop",
          "Aggregate"
        ],
        [
          "Seq Scan",
          "Hash",
          "Hash Join",
          "Gather",
          "Materialize",
          "Nested Loop",
          "Aggregate"
        ],
        [
          "Seq Scan",
          "Hash Join",
          "Materialize",
          "Nested Loop",
          "Aggregate"
        ],
        [
          "Seq Scan",
          "Hash",
          "Hash Join",
          "Materialize",
          "Nested Loop",
          "Aggregate"
        ]
      ],
      "index_shape": [
        "join"
      ],
      "physical_operator": {
        "Nested Loop": [
          0.007482327603191828,
          0.010646298167296914
        ],
        "Hash Join": [
          0.002140287188004221
        ]
      }
    }
  },
  {
    "query": "select  \n  cd_gender,\n  cd_marital_status,\n  cd_education_status,\n  count(*) cnt1,\n  cd_purchase_estimate,\n  count(*) cnt2,\n  cd_credit_rating,\n  count(*) cnt3\n from\n  customer c,customer_address ca,customer_demographics\n where\n  c.c_current_addr_sk = ca.ca_address_sk and\n  ca_state in ('MT','FL','SC') and\n  cd_demo_sk = c.c_current_cdemo_sk and \n  exists (select *\n          from store_sales,date_dim\n          where c.c_customer_sk = ss_customer_sk and\n                ss_sold_date_sk = d_date_sk and\n                d_year = 2004 and\n                d_moy between 2 and 2+2) and\n   (not exists (select *\n            from web_sales,date_dim\n            where c.c_customer_sk = ws_bill_customer_sk and\n                  ws_sold_date_sk = d_date_sk and\n                  d_year = 2004 and\n                  d_moy between 2 and 2+2) and\n    not exists (select * \n            from catalog_sales,date_dim\n            where c.c_customer_sk = cs_ship_customer_sk and\n                  cs_sold_date_sk = d_date_sk and\n                  d_year = 2004 and\n                  d_moy between 2 and 2+2))\n group by cd_gender,\n          cd_marital_status,\n          cd_education_status,\n          cd_purchase_estimate,\n          cd_credit_rating\n order by cd_gender,\n          cd_marital_status,\n          cd_education_status,\n          cd_purchase_estimate,\n          cd_credit_rating\n limit 100;\n\n-- end query 51 in stream 0 using template query69.tpl\n",
    "indexes": "customer.c_current_addr_sk",
    "wo plan est": {
      "Node Type": "Limit",
      "Parallel Aware": false,
      "Async Capable": false,
      "Startup Cost": 747645.79,
      "Total Cost": 840733.75,
      "Plan Rows": 100,
      "Plan Width": 64,
      "Plans": [
        {
          "Node Type": "Aggregate",
          "Strategy": "Sorted",
          "Partial Mode": "Simple",
          "Parent Relationship": "Outer",
          "Parallel Aware": false,
          "Async Capable": false,
          "Startup Cost": 747645.79,
          "Total Cost": 2167237.2,
          "Plan Rows": 1525,
          "Plan Width": 64,
          "Group Key": [
            "customer_demographics.cd_gender",
            "customer_demographics.cd_marital_status",
            "customer_demographics.cd_education_status",
            "customer_demographics.cd_purchase_estimate",
            "customer_demographics.cd_credit_rating"
          ],
          "Plans": [
            {
              "Node Type": "Nested Loop",
              "Parent Relationship": "Outer",
              "Parallel Aware": false,
              "Async Capable": false,
              "Join Type": "Anti",
              "Startup Cost": 747645.79,
              "Total Cost": 2167199.07,
              "Plan Rows": 1525,
              "Plan Width": 40,
              "Inner Unique": false,
              "Join Filter": "(c.c_customer_sk = catalog_sales.cs_ship_customer_sk)",
              "Plans": [
                {
                  "Node Type": "Nested Loop",
                  "Parent Relationship": "Outer",
                  "Parallel Aware": false,
                  "Async Capable": false,
                  "Join Type": "Anti",
                  "Startup Cost": 744961.33,
                  "Total Cost": 1184008.71,
                  "Plan Rows": 1579,
                  "Plan Width": 44,
                  "Inner Unique": false,
                  "Join Filter": "(c.c_customer_sk = web_sales.ws_bill_customer_sk)",
                  "Plans": [
                    {
                      "Node Type": "Gather Merge",
                      "Parent Relationship": "Outer",
                      "Parallel Aware": false,
                      "Async Capable": false,
                      "Startup Cost": 741803.7,
                      "Total Cost": 741990.87,
                      "Plan Rows": 1607,
                      "Plan Width": 44,
                      "Workers Planned": 2,
                      "Plans": [
                        {
                          "Node Type": "Sort",
                          "Parent Relationship": "Outer",
                          "Parallel Aware": false,
                          "Async Capable": false,
                          "Startup Cost": 740803.68,
                          "Total Cost": 740805.36,
                          "Plan Rows": 670,
                          "Plan Width": 44,
                          "Sort Key": [
                            "customer_demographics.cd_gender",
                            "customer_demographics.cd_marital_status",
                            "customer_demographics.cd_education_status",
                            "customer_demographics.cd_purchase_estimate",
                            "customer_demographics.cd_credit_rating"
                          ],
                          "Plans": [
                            {
                              "Node Type": "Hash Join",
                              "Parent Relationship": "Outer",
                              "Parallel Aware": true,
                              "Async Capable": false,
                              "Join Type": "Inner",
                              "Startup Cost": 707936.86,
                              "Total Cost": 740772.23,
                              "Plan Rows": 670,
                              "Plan Width": 44,
                              "Inner Unique": false,
                              "Hash Cond": "(customer_demographics.cd_demo_sk = c.c_current_cdemo_sk)",
                              "Plans": [
                                {
                                  "Node Type": "Seq Scan",
                                  "Parent Relationship": "Outer",
                                  "Parallel Aware": true,
                                  "Async Capable": false,
                                  "Relation Name": "customer_demographics",
                                  "Alias": "customer_demographics",
                                  "Startup Cost": 0.0,
                                  "Total Cost": 29831.33,
                                  "Plan Rows": 800333,
                                  "Plan Width": 44,
                                  "parent": 6,
                                  "ID": 7
                                },
                                {
                                  "Node Type": "Hash",
                                  "Parent Relationship": "Inner",
                                  "Parallel Aware": true,
                                  "Async Capable": false,
                                  "Startup Cost": 707928.2,
                                  "Total Cost": 707928.2,
                                  "Plan Rows": 693,
                                  "Plan Width": 8,
                                  "Plans": [
                                    {
                                      "Node Type": "Hash Join",
                                      "Parent Relationship": "Outer",
                                      "Parallel Aware": true,
                                      "Async Capable": false,
                                      "Join Type": "Inner",
                                      "Startup Cost": 691264.24,
                                      "Total Cost": 707928.2,
                                      "Plan Rows": 693,
                                      "Plan Width": 8,
                                      "Inner Unique": false,
                                      "Hash Cond": "(c.c_current_addr_sk = ca.ca_address_sk)",
                                      "Plans": [
                                        {
                                          "Node Type": "Hash Join",
                                          "Parent Relationship": "Outer",
                                          "Parallel Aware": true,
                                          "Async Capable": false,
                                          "Join Type": "Semi",
                                          "Startup Cost": 684328.37,
                                          "Total Cost": 700940.06,
                                          "Plan Rows": 13167,
                                          "Plan Width": 12,
                                          "Inner Unique": false,
                                          "Hash Cond": "(c.c_customer_sk = store_sales.ss_customer_sk)",
                                          "Plans": [
                                            {
                                              "Node Type": "Seq Scan",
                                              "Parent Relationship": "Outer",
                                              "Parallel Aware": true,
                                              "Async Capable": false,
                                              "Relation Name": "customer",
                                              "Alias": "c",
                                              "Startup Cost": 0.0,
                                              "Total Cost": 15918.33,
                                              "Plan Rows": 208333,
                                              "Plan Width": 12,
                                              "parent": 10,
                                              "ID": 11
                                            },
                                            {
                                              "Node Type": "Hash",
                                              "Parent Relationship": "Inner",
                                              "Parallel Aware": true,
                                              "Async Capable": false,
                                              "Startup Cost": 684155.91,
                                              "Total Cost": 684155.91,
                                              "Plan Rows": 13797,
                                              "Plan Width": 4,
                                              "Plans": [
                                                {
                                                  "Node Type": "Hash Join",
                                                  "Parent Relationship": "Outer",
                                                  "Parallel Aware": true,
                                                  "Async Capable": false,
                                                  "Join Type": "Inner",
                                                  "Startup Cost": 2157.62,
                                                  "Total Cost": 684155.91,
                                                  "Plan Rows": 13797,
                                                  "Plan Width": 4,
                                                  "Inner Unique": false,
                                                  "Hash Cond": "(store_sales.ss_sold_date_sk = date_dim.d_date_sk)",
                                                  "Plans": [
                                                    {
                                                      "Node Type": "Seq Scan",
                                                      "Parent Relationship": "Outer",
                                                      "Parallel Aware": true,
                                                      "Async Capable": false,
                                                      "Relation Name": "store_sales",
                                                      "Alias": "store_sales",
                                                      "Startup Cost": 0.0,
                                                      "Total Cost": 636914.37,
                                                      "Plan Rows": 12000637,
                                                      "Plan Width": 8,
                                                      "parent": 13,
                                                      "ID": 14
                                                    },
                                                    {
                                                      "Node Type": "Hash",
                                                      "Parent Relationship": "Inner",
                                                      "Parallel Aware": true,
                                                      "Async Capable": false,
                                                      "Startup Cost": 2156.97,
                                                      "Total Cost": 2156.97,
                                                      "Plan Rows": 52,
                                                      "Plan Width": 4,
                                                      "Plans": [
                                                        {
                                                          "Node Type": "Seq Scan",
                                                          "Parent Relationship": "Outer",
                                                          "Parallel Aware": true,
                                                          "Async Capable": false,
                                                          "Relation Name": "date_dim",
                                                          "Alias": "date_dim",
                                                          "Startup Cost": 0.0,
                                                          "Total Cost": 2156.97,
                                                          "Plan Rows": 52,
                                                          "Plan Width": 4,
                                                          "Filter": "((d_moy >= 2) AND (d_moy <= 4) AND (d_year = 2004))",
                                                          "parent": 15,
                                                          "ID": 16
                                                        }
                                                      ],
                                                      "parent": 13,
                                                      "ID": 15,
                                                      "left": 16
                                                    }
                                                  ],
                                                  "parent": 12,
                                                  "ID": 13,
                                                  "left": 14,
                                                  "right": 15
                                                }
                                              ],
                                              "parent": 10,
                                              "ID": 12,
                                              "left": 13
                                            }
                                          ],
                                          "parent": 9,
                                          "ID": 10,
                                          "left": 11,
                                          "right": 12
                                        },
                                        {
                                          "Node Type": "Hash",
                                          "Parent Relationship": "Inner",
                                          "Parallel Aware": true,
                                          "Async Capable": false,
                                          "Startup Cost": 6867.29,
                                          "Total Cost": 6867.29,
                                          "Plan Rows": 5486,
                                          "Plan Width": 4,
                                          "Plans": [
                                            {
                                              "Node Type": "Seq Scan",
                                              "Parent Relationship": "Outer",
                                              "Parallel Aware": true,
                                              "Async Capable": false,
                                              "Relation Name": "customer_address",
                                              "Alias": "ca",
                                              "Startup Cost": 0.0,
                                              "Total Cost": 6867.29,
                                              "Plan Rows": 5486,
                                              "Plan Width": 4,
                                              "Filter": "(ca_state = ANY ('{MT,FL,SC}'::bpchar[]))",
                                              "parent": 17,
                                              "ID": 18
                                            }
                                          ],
                                          "parent": 9,
                                          "ID": 17,
                                          "left": 18
                                        }
                                      ],
                                      "parent": 8,
                                      "ID": 9,
                                      "left": 10,
                                      "right": 17
                                    }
                                  ],
                                  "parent": 6,
                                  "ID": 8,
                                  "left": 9
                                }
                              ],
                              "parent": 5,
                              "ID": 6,
                              "left": 7,
                              "right": 8
                            }
                          ],
                          "parent": 4,
                          "ID": 5,
                          "left": 6
                        }
                      ],
                      "parent": 3,
                      "ID": 4,
                      "left": 5
                    },
                    {
                      "Node Type": "Materialize",
                      "Parent Relationship": "Inner",
                      "Parallel Aware": false,
                      "Async Capable": false,
                      "Startup Cost": 3157.62,
                      "Total Cost": 233073.27,
                      "Plan Rows": 8669,
                      "Plan Width": 4,
                      "Plans": [
                        {
                          "Node Type": "Gather",
                          "Parent Relationship": "Outer",
                          "Parallel Aware": false,
                          "Async Capable": false,
                          "Startup Cost": 3157.62,
                          "Total Cost": 233029.92,
                          "Plan Rows": 8669,
                          "Plan Width": 4,
                          "Workers Planned": 2,
                          "Single Copy": false,
                          "Plans": [
                            {
                              "Node Type": "Hash Join",
                              "Parent Relationship": "Outer",
                              "Parallel Aware": true,
                              "Async Capable": false,
                              "Join Type": "Inner",
                              "Startup Cost": 2157.62,
                              "Total Cost": 231163.02,
                              "Plan Rows": 3612,
                              "Plan Width": 4,
                              "Inner Unique": false,
                              "Hash Cond": "(web_sales.ws_sold_date_sk = date_dim_1.d_date_sk)",
                              "Plans": [
                                {
                                  "Node Type": "Seq Scan",
                                  "Parent Relationship": "Outer",
                                  "Parallel Aware": true,
                                  "Async Capable": false,
                                  "Relation Name": "web_sales",
                                  "Alias": "web_sales",
                                  "Startup Cost": 0.0,
                                  "Total Cost": 217737.86,
                                  "Plan Rows": 2998986,
                                  "Plan Width": 8,
                                  "parent": 21,
                                  "ID": 22
                                },
                                {
                                  "Node Type": "Hash",
                                  "Parent Relationship": "Inner",
                                  "Parallel Aware": true,
                                  "Async Capable": false,
                                  "Startup Cost": 2156.97,
                                  "Total Cost": 2156.97,
                                  "Plan Rows": 52,
                                  "Plan Width": 4,
                                  "Plans": [
                                    {
                                      "Node Type": "Seq Scan",
                                      "Parent Relationship": "Outer",
                                      "Parallel Aware": true,
                                      "Async Capable": false,
                                      "Relation Name": "date_dim",
                                      "Alias": "date_dim_1",
                                      "Startup Cost": 0.0,
                                      "Total Cost": 2156.97,
                                      "Plan Rows": 52,
                                      "Plan Width": 4,
                                      "Filter": "((d_moy >= 2) AND (d_moy <= 4) AND (d_year = 2004))",
                                      "parent": 23,
                                      "ID": 24
                                    }
                                  ],
                                  "parent": 21,
                                  "ID": 23,
                                  "left": 24
                                }
                              ],
                              "parent": 20,
                              "ID": 21,
                              "left": 22,
                              "right": 23
                            }
                          ],
                          "parent": 19,
                          "ID": 20,
                          "left": 21
                        }
                      ],
                      "parent": 3,
                      "ID": 19,
                      "left": 20
                    }
                  ],
                  "parent": 2,
                  "ID": 3,
                  "left": 4,
                  "right": 19
                },
                {
                  "Node Type": "Materialize",
                  "Parent Relationship": "Inner",
                  "Parallel Aware": false,
                  "Async Capable": false,
                  "Startup Cost": 2684.46,
                  "Total Cost": 574643.56,
                  "Plan Rows": 17251,
                  "Plan Width": 4,
                  "Plans": [
                    {
                      "Node Type": "Hash Join",
                      "Parent Relationship": "Outer",
                      "Parallel Aware": false,
                      "Async Capable": false,
                      "Join Type": "Inner",
                      "Startup Cost": 2684.46,
                      "Total Cost": 574557.31,
                      "Plan Rows": 17251,
                      "Plan Width": 4,
                      "Inner Unique": false,
                      "Hash Cond": "(catalog_sales.cs_sold_date_sk = date_dim_2.d_date_sk)",
                      "Plans": [
                        {
                          "Node Type": "Seq Scan",
                          "Parent Relationship": "Outer",
                          "Parallel Aware": false,
                          "Async Capable": false,
                          "Relation Name": "catalog_sales",
                          "Alias": "catalog_sales",
                          "Startup Cost": 0.0,
                          "Total Cost": 517695.61,
                          "Plan Rows": 14401261,
                          "Plan Width": 8,
                          "parent": 26,
                          "ID": 27
                        },
                        {
                          "Node Type": "Hash",
                          "Parent Relationship": "Inner",
                          "Parallel Aware": false,
                          "Async Capable": false,
                          "Startup Cost": 2683.36,
                          "Total Cost": 2683.36,
                          "Plan Rows": 88,
                          "Plan Width": 4,
                          "Plans": [
                            {
                              "Node Type": "Seq Scan",
                              "Parent Relationship": "Outer",
                              "Parallel Aware": false,
                              "Async Capable": false,
                              "Relation Name": "date_dim",
                              "Alias": "date_dim_2",
                              "Startup Cost": 0.0,
                              "Total Cost": 2683.36,
                              "Plan Rows": 88,
                              "Plan Width": 4,
                              "Filter": "((d_moy >= 2) AND (d_moy <= 4) AND (d_year = 2004))",
                              "parent": 28,
                              "ID": 29
                            }
                          ],
                          "parent": 26,
                          "ID": 28,
                          "left": 29
                        }
                      ],
                      "parent": 25,
                      "ID": 26,
                      "left": 27,
                      "right": 28
                    }
                  ],
                  "parent": 2,
                  "ID": 25,
                  "left": 26
                }
              ],
              "parent": 1,
              "ID": 2,
              "left": 3,
              "right": 25
            }
          ],
          "parent": 0,
          "ID": 1,
          "left": 2
        }
      ],
      "parent": null,
      "ID": 0,
      "left": 1
    },
    "feat": {
      "utility": 0.0,
      "query_shape": [
        [
          "Seq Scan",
          "Hash Join",
          "Sort",
          "Gather Merge",
          "Nested Loop",
          "Aggregate"
        ],
        [
          "Seq Scan",
          "Hash Join",
          "Hash",
          "Sort",
          "Gather Merge",
          "Nested Loop",
          "Aggregate"
        ],
        [
          "Seq Scan",
          "Hash Join",
          "Hash",
          "Sort",
          "Gather Merge",
          "Nested Loop",
          "Aggregate"
        ],
        [
          "Seq Scan",
          "Hash",
          "Hash Join",
          "Sort",
          "Gather Merge",
          "Nested Loop",
          "Aggregate"
        ],
        [
          "Seq Scan",
          "Hash",
          "Hash Join",
          "Sort",
          "Gather Merge",
          "Nested Loop",
          "Aggregate"
        ],
        [
          "Seq Scan",
          "Hash Join",
          "Gather",
          "Materialize",
          "Nested Loop",
          "Aggregate"
        ],
        [
          "Seq Scan",
          "Hash",
          "Hash Join",
          "Gather",
          "Materialize",
          "Nested Loop",
          "Aggregate"
        ],
        [
          "Seq Scan",
          "Hash Join",
          "Materialize",
          "Nested Loop",
          "Aggregate"
        ],
        [
          "Seq Scan",
          "Hash",
          "Hash Join",
          "Materialize",
          "Nested Loop",
          "Aggregate"
        ]
      ],
      "index_shape": [
        "join"
      ],
      "physical_operator": {}
    }
  },
  {
    "query": "select  \n  cd_gender,\n  cd_marital_status,\n  cd_education_status,\n  count(*) cnt1,\n  cd_purchase_estimate,\n  count(*) cnt2,\n  cd_credit_rating,\n  count(*) cnt3\n from\n  customer c,customer_address ca,customer_demographics\n where\n  c.c_current_addr_sk = ca.ca_address_sk and\n  ca_state in ('MT','FL','SC') and\n  cd_demo_sk = c.c_current_cdemo_sk and \n  exists (select *\n          from store_sales,date_dim\n          where c.c_customer_sk = ss_customer_sk and\n                ss_sold_date_sk = d_date_sk and\n                d_year = 2004 and\n                d_moy between 2 and 2+2) and\n   (not exists (select *\n            from web_sales,date_dim\n            where c.c_customer_sk = ws_bill_customer_sk and\n                  ws_sold_date_sk = d_date_sk and\n                  d_year = 2004 and\n                  d_moy between 2 and 2+2) and\n    not exists (select * \n            from catalog_sales,date_dim\n            where c.c_customer_sk = cs_ship_customer_sk and\n                  cs_sold_date_sk = d_date_sk and\n                  d_year = 2004 and\n                  d_moy between 2 and 2+2))\n group by cd_gender,\n          cd_marital_status,\n          cd_education_status,\n          cd_purchase_estimate,\n          cd_credit_rating\n order by cd_gender,\n          cd_marital_status,\n          cd_education_status,\n          cd_purchase_estimate,\n          cd_credit_rating\n limit 100;\n\n-- end query 51 in stream 0 using template query69.tpl\n",
    "indexes": "customer.c_current_cdemo_sk",
    "wo plan est": {
      "Node Type": "Limit",
      "Parallel Aware": false,
      "Async Capable": false,
      "Startup Cost": 747645.79,
      "Total Cost": 840733.75,
      "Plan Rows": 100,
      "Plan Width": 64,
      "Plans": [
        {
          "Node Type": "Aggregate",
          "Strategy": "Sorted",
          "Partial Mode": "Simple",
          "Parent Relationship": "Outer",
          "Parallel Aware": false,
          "Async Capable": false,
          "Startup Cost": 747645.79,
          "Total Cost": 2167237.2,
          "Plan Rows": 1525,
          "Plan Width": 64,
          "Group Key": [
            "customer_demographics.cd_gender",
            "customer_demographics.cd_marital_status",
            "customer_demographics.cd_education_status",
            "customer_demographics.cd_purchase_estimate",
            "customer_demographics.cd_credit_rating"
          ],
          "Plans": [
            {
              "Node Type": "Nested Loop",
              "Parent Relationship": "Outer",
              "Parallel Aware": false,
              "Async Capable": false,
              "Join Type": "Anti",
              "Startup Cost": 747645.79,
              "Total Cost": 2167199.07,
              "Plan Rows": 1525,
              "Plan Width": 40,
              "Inner Unique": false,
              "Join Filter": "(c.c_customer_sk = catalog_sales.cs_ship_customer_sk)",
              "Plans": [
                {
                  "Node Type": "Nested Loop",
                  "Parent Relationship": "Outer",
                  "Parallel Aware": false,
                  "Async Capable": false,
                  "Join Type": "Anti",
                  "Startup Cost": 744961.33,
                  "Total Cost": 1184008.71,
                  "Plan Rows": 1579,
                  "Plan Width": 44,
                  "Inner Unique": false,
                  "Join Filter": "(c.c_customer_sk = web_sales.ws_bill_customer_sk)",
                  "Plans": [
                    {
                      "Node Type": "Gather Merge",
                      "Parent Relationship": "Outer",
                      "Parallel Aware": false,
                      "Async Capable": false,
                      "Startup Cost": 741803.7,
                      "Total Cost": 741990.87,
                      "Plan Rows": 1607,
                      "Plan Width": 44,
                      "Workers Planned": 2,
                      "Plans": [
                        {
                          "Node Type": "Sort",
                          "Parent Relationship": "Outer",
                          "Parallel Aware": false,
                          "Async Capable": false,
                          "Startup Cost": 740803.68,
                          "Total Cost": 740805.36,
                          "Plan Rows": 670,
                          "Plan Width": 44,
                          "Sort Key": [
                            "customer_demographics.cd_gender",
                            "customer_demographics.cd_marital_status",
                            "customer_demographics.cd_education_status",
                            "customer_demographics.cd_purchase_estimate",
                            "customer_demographics.cd_credit_rating"
                          ],
                          "Plans": [
                            {
                              "Node Type": "Hash Join",
                              "Parent Relationship": "Outer",
                              "Parallel Aware": true,
                              "Async Capable": false,
                              "Join Type": "Inner",
                              "Startup Cost": 707936.86,
                              "Total Cost": 740772.23,
                              "Plan Rows": 670,
                              "Plan Width": 44,
                              "Inner Unique": false,
                              "Hash Cond": "(customer_demographics.cd_demo_sk = c.c_current_cdemo_sk)",
                              "Plans": [
                                {
                                  "Node Type": "Seq Scan",
                                  "Parent Relationship": "Outer",
                                  "Parallel Aware": true,
                                  "Async Capable": false,
                                  "Relation Name": "customer_demographics",
                                  "Alias": "customer_demographics",
                                  "Startup Cost": 0.0,
                                  "Total Cost": 29831.33,
                                  "Plan Rows": 800333,
                                  "Plan Width": 44,
                                  "parent": 6,
                                  "ID": 7
                                },
                                {
                                  "Node Type": "Hash",
                                  "Parent Relationship": "Inner",
                                  "Parallel Aware": true,
                                  "Async Capable": false,
                                  "Startup Cost": 707928.2,
                                  "Total Cost": 707928.2,
                                  "Plan Rows": 693,
                                  "Plan Width": 8,
                                  "Plans": [
                                    {
                                      "Node Type": "Hash Join",
                                      "Parent Relationship": "Outer",
                                      "Parallel Aware": true,
                                      "Async Capable": false,
                                      "Join Type": "Inner",
                                      "Startup Cost": 691264.24,
                                      "Total Cost": 707928.2,
                                      "Plan Rows": 693,
                                      "Plan Width": 8,
                                      "Inner Unique": false,
                                      "Hash Cond": "(c.c_current_addr_sk = ca.ca_address_sk)",
                                      "Plans": [
                                        {
                                          "Node Type": "Hash Join",
                                          "Parent Relationship": "Outer",
                                          "Parallel Aware": true,
                                          "Async Capable": false,
                                          "Join Type": "Semi",
                                          "Startup Cost": 684328.37,
                                          "Total Cost": 700940.06,
                                          "Plan Rows": 13167,
                                          "Plan Width": 12,
                                          "Inner Unique": false,
                                          "Hash Cond": "(c.c_customer_sk = store_sales.ss_customer_sk)",
                                          "Plans": [
                                            {
                                              "Node Type": "Seq Scan",
                                              "Parent Relationship": "Outer",
                                              "Parallel Aware": true,
                                              "Async Capable": false,
                                              "Relation Name": "customer",
                                              "Alias": "c",
                                              "Startup Cost": 0.0,
                                              "Total Cost": 15918.33,
                                              "Plan Rows": 208333,
                                              "Plan Width": 12,
                                              "parent": 10,
                                              "ID": 11
                                            },
                                            {
                                              "Node Type": "Hash",
                                              "Parent Relationship": "Inner",
                                              "Parallel Aware": true,
                                              "Async Capable": false,
                                              "Startup Cost": 684155.91,
                                              "Total Cost": 684155.91,
                                              "Plan Rows": 13797,
                                              "Plan Width": 4,
                                              "Plans": [
                                                {
                                                  "Node Type": "Hash Join",
                                                  "Parent Relationship": "Outer",
                                                  "Parallel Aware": true,
                                                  "Async Capable": false,
                                                  "Join Type": "Inner",
                                                  "Startup Cost": 2157.62,
                                                  "Total Cost": 684155.91,
                                                  "Plan Rows": 13797,
                                                  "Plan Width": 4,
                                                  "Inner Unique": false,
                                                  "Hash Cond": "(store_sales.ss_sold_date_sk = date_dim.d_date_sk)",
                                                  "Plans": [
                                                    {
                                                      "Node Type": "Seq Scan",
                                                      "Parent Relationship": "Outer",
                                                      "Parallel Aware": true,
                                                      "Async Capable": false,
                                                      "Relation Name": "store_sales",
                                                      "Alias": "store_sales",
                                                      "Startup Cost": 0.0,
                                                      "Total Cost": 636914.37,
                                                      "Plan Rows": 12000637,
                                                      "Plan Width": 8,
                                                      "parent": 13,
                                                      "ID": 14
                                                    },
                                                    {
                                                      "Node Type": "Hash",
                                                      "Parent Relationship": "Inner",
                                                      "Parallel Aware": true,
                                                      "Async Capable": false,
                                                      "Startup Cost": 2156.97,
                                                      "Total Cost": 2156.97,
                                                      "Plan Rows": 52,
                                                      "Plan Width": 4,
                                                      "Plans": [
                                                        {
                                                          "Node Type": "Seq Scan",
                                                          "Parent Relationship": "Outer",
                                                          "Parallel Aware": true,
                                                          "Async Capable": false,
                                                          "Relation Name": "date_dim",
                                                          "Alias": "date_dim",
                                                          "Startup Cost": 0.0,
                                                          "Total Cost": 2156.97,
                                                          "Plan Rows": 52,
                                                          "Plan Width": 4,
                                                          "Filter": "((d_moy >= 2) AND (d_moy <= 4) AND (d_year = 2004))",
                                                          "parent": 15,
                                                          "ID": 16
                                                        }
                                                      ],
                                                      "parent": 13,
                                                      "ID": 15,
                                                      "left": 16
                                                    }
                                                  ],
                                                  "parent": 12,
                                                  "ID": 13,
                                                  "left": 14,
                                                  "right": 15
                                                }
                                              ],
                                              "parent": 10,
                                              "ID": 12,
                                              "left": 13
                                            }
                                          ],
                                          "parent": 9,
                                          "ID": 10,
                                          "left": 11,
                                          "right": 12
                                        },
                                        {
                                          "Node Type": "Hash",
                                          "Parent Relationship": "Inner",
                                          "Parallel Aware": true,
                                          "Async Capable": false,
                                          "Startup Cost": 6867.29,
                                          "Total Cost": 6867.29,
                                          "Plan Rows": 5486,
                                          "Plan Width": 4,
                                          "Plans": [
                                            {
                                              "Node Type": "Seq Scan",
                                              "Parent Relationship": "Outer",
                                              "Parallel Aware": true,
                                              "Async Capable": false,
                                              "Relation Name": "customer_address",
                                              "Alias": "ca",
                                              "Startup Cost": 0.0,
                                              "Total Cost": 6867.29,
                                              "Plan Rows": 5486,
                                              "Plan Width": 4,
                                              "Filter": "(ca_state = ANY ('{MT,FL,SC}'::bpchar[]))",
                                              "parent": 17,
                                              "ID": 18
                                            }
                                          ],
                                          "parent": 9,
                                          "ID": 17,
                                          "left": 18
                                        }
                                      ],
                                      "parent": 8,
                                      "ID": 9,
                                      "left": 10,
                                      "right": 17
                                    }
                                  ],
                                  "parent": 6,
                                  "ID": 8,
                                  "left": 9
                                }
                              ],
                              "parent": 5,
                              "ID": 6,
                              "left": 7,
                              "right": 8
                            }
                          ],
                          "parent": 4,
                          "ID": 5,
                          "left": 6
                        }
                      ],
                      "parent": 3,
                      "ID": 4,
                      "left": 5
                    },
                    {
                      "Node Type": "Materialize",
                      "Parent Relationship": "Inner",
                      "Parallel Aware": false,
                      "Async Capable": false,
                      "Startup Cost": 3157.62,
                      "Total Cost": 233073.27,
                      "Plan Rows": 8669,
                      "Plan Width": 4,
                      "Plans": [
                        {
                          "Node Type": "Gather",
                          "Parent Relationship": "Outer",
                          "Parallel Aware": false,
                          "Async Capable": false,
                          "Startup Cost": 3157.62,
                          "Total Cost": 233029.92,
                          "Plan Rows": 8669,
                          "Plan Width": 4,
                          "Workers Planned": 2,
                          "Single Copy": false,
                          "Plans": [
                            {
                              "Node Type": "Hash Join",
                              "Parent Relationship": "Outer",
                              "Parallel Aware": true,
                              "Async Capable": false,
                              "Join Type": "Inner",
                              "Startup Cost": 2157.62,
                              "Total Cost": 231163.02,
                              "Plan Rows": 3612,
                              "Plan Width": 4,
                              "Inner Unique": false,
                              "Hash Cond": "(web_sales.ws_sold_date_sk = date_dim_1.d_date_sk)",
                              "Plans": [
                                {
                                  "Node Type": "Seq Scan",
                                  "Parent Relationship": "Outer",
                                  "Parallel Aware": true,
                                  "Async Capable": false,
                                  "Relation Name": "web_sales",
                                  "Alias": "web_sales",
                                  "Startup Cost": 0.0,
                                  "Total Cost": 217737.86,
                                  "Plan Rows": 2998986,
                                  "Plan Width": 8,
                                  "parent": 21,
                                  "ID": 22
                                },
                                {
                                  "Node Type": "Hash",
                                  "Parent Relationship": "Inner",
                                  "Parallel Aware": true,
                                  "Async Capable": false,
                                  "Startup Cost": 2156.97,
                                  "Total Cost": 2156.97,
                                  "Plan Rows": 52,
                                  "Plan Width": 4,
                                  "Plans": [
                                    {
                                      "Node Type": "Seq Scan",
                                      "Parent Relationship": "Outer",
                                      "Parallel Aware": true,
                                      "Async Capable": false,
                                      "Relation Name": "date_dim",
                                      "Alias": "date_dim_1",
                                      "Startup Cost": 0.0,
                                      "Total Cost": 2156.97,
                                      "Plan Rows": 52,
                                      "Plan Width": 4,
                                      "Filter": "((d_moy >= 2) AND (d_moy <= 4) AND (d_year = 2004))",
                                      "parent": 23,
                                      "ID": 24
                                    }
                                  ],
                                  "parent": 21,
                                  "ID": 23,
                                  "left": 24
                                }
                              ],
                              "parent": 20,
                              "ID": 21,
                              "left": 22,
                              "right": 23
                            }
                          ],
                          "parent": 19,
                          "ID": 20,
                          "left": 21
                        }
                      ],
                      "parent": 3,
                      "ID": 19,
                      "left": 20
                    }
                  ],
                  "parent": 2,
                  "ID": 3,
                  "left": 4,
                  "right": 19
                },
                {
                  "Node Type": "Materialize",
                  "Parent Relationship": "Inner",
                  "Parallel Aware": false,
                  "Async Capable": false,
                  "Startup Cost": 2684.46,
                  "Total Cost": 574643.56,
                  "Plan Rows": 17251,
                  "Plan Width": 4,
                  "Plans": [
                    {
                      "Node Type": "Hash Join",
                      "Parent Relationship": "Outer",
                      "Parallel Aware": false,
                      "Async Capable": false,
                      "Join Type": "Inner",
                      "Startup Cost": 2684.46,
                      "Total Cost": 574557.31,
                      "Plan Rows": 17251,
                      "Plan Width": 4,
                      "Inner Unique": false,
                      "Hash Cond": "(catalog_sales.cs_sold_date_sk = date_dim_2.d_date_sk)",
                      "Plans": [
                        {
                          "Node Type": "Seq Scan",
                          "Parent Relationship": "Outer",
                          "Parallel Aware": false,
                          "Async Capable": false,
                          "Relation Name": "catalog_sales",
                          "Alias": "catalog_sales",
                          "Startup Cost": 0.0,
                          "Total Cost": 517695.61,
                          "Plan Rows": 14401261,
                          "Plan Width": 8,
                          "parent": 26,
                          "ID": 27
                        },
                        {
                          "Node Type": "Hash",
                          "Parent Relationship": "Inner",
                          "Parallel Aware": false,
                          "Async Capable": false,
                          "Startup Cost": 2683.36,
                          "Total Cost": 2683.36,
                          "Plan Rows": 88,
                          "Plan Width": 4,
                          "Plans": [
                            {
                              "Node Type": "Seq Scan",
                              "Parent Relationship": "Outer",
                              "Parallel Aware": false,
                              "Async Capable": false,
                              "Relation Name": "date_dim",
                              "Alias": "date_dim_2",
                              "Startup Cost": 0.0,
                              "Total Cost": 2683.36,
                              "Plan Rows": 88,
                              "Plan Width": 4,
                              "Filter": "((d_moy >= 2) AND (d_moy <= 4) AND (d_year = 2004))",
                              "parent": 28,
                              "ID": 29
                            }
                          ],
                          "parent": 26,
                          "ID": 28,
                          "left": 29
                        }
                      ],
                      "parent": 25,
                      "ID": 26,
                      "left": 27,
                      "right": 28
                    }
                  ],
                  "parent": 2,
                  "ID": 25,
                  "left": 26
                }
              ],
              "parent": 1,
              "ID": 2,
              "left": 3,
              "right": 25
            }
          ],
          "parent": 0,
          "ID": 1,
          "left": 2
        }
      ],
      "parent": null,
      "ID": 0,
      "left": 1
    },
    "feat": {
      "utility": 0.0031881802427379574,
      "query_shape": [
        [
          "Seq Scan",
          "Hash Join",
          "Sort",
          "Gather Merge",
          "Nested Loop",
          "Aggregate"
        ],
        [
          "Seq Scan",
          "Hash Join",
          "Hash",
          "Sort",
          "Gather Merge",
          "Nested Loop",
          "Aggregate"
        ],
        [
          "Seq Scan",
          "Hash Join",
          "Hash",
          "Sort",
          "Gather Merge",
          "Nested Loop",
          "Aggregate"
        ],
        [
          "Seq Scan",
          "Hash",
          "Hash Join",
          "Sort",
          "Gather Merge",
          "Nested Loop",
          "Aggregate"
        ],
        [
          "Seq Scan",
          "Hash",
          "Hash Join",
          "Sort",
          "Gather Merge",
          "Nested Loop",
          "Aggregate"
        ],
        [
          "Seq Scan",
          "Hash Join",
          "Gather",
          "Materialize",
          "Nested Loop",
          "Aggregate"
        ],
        [
          "Seq Scan",
          "Hash",
          "Hash Join",
          "Gather",
          "Materialize",
          "Nested Loop",
          "Aggregate"
        ],
        [
          "Seq Scan",
          "Hash Join",
          "Materialize",
          "Nested Loop",
          "Aggregate"
        ],
        [
          "Seq Scan",
          "Hash",
          "Hash Join",
          "Materialize",
          "Nested Loop",
          "Aggregate"
        ]
      ],
      "index_shape": [
        "join"
      ],
      "physical_operator": {
        "Hash Join": [
          0.0010990954799231097
        ]
      }
    }
  },
  {
    "query": "select  \n  cd_gender,\n  cd_marital_status,\n  cd_education_status,\n  count(*) cnt1,\n  cd_purchase_estimate,\n  count(*) cnt2,\n  cd_credit_rating,\n  count(*) cnt3\n from\n  customer c,customer_address ca,customer_demographics\n where\n  c.c_current_addr_sk = ca.ca_address_sk and\n  ca_state in ('MT','FL','SC') and\n  cd_demo_sk = c.c_current_cdemo_sk and \n  exists (select *\n          from store_sales,date_dim\n          where c.c_customer_sk = ss_customer_sk and\n                ss_sold_date_sk = d_date_sk and\n                d_year = 2004 and\n                d_moy between 2 and 2+2) and\n   (not exists (select *\n            from web_sales,date_dim\n            where c.c_customer_sk = ws_bill_customer_sk and\n                  ws_sold_date_sk = d_date_sk and\n                  d_year = 2004 and\n                  d_moy between 2 and 2+2) and\n    not exists (select * \n            from catalog_sales,date_dim\n            where c.c_customer_sk = cs_ship_customer_sk and\n                  cs_sold_date_sk = d_date_sk and\n                  d_year = 2004 and\n                  d_moy between 2 and 2+2))\n group by cd_gender,\n          cd_marital_status,\n          cd_education_status,\n          cd_purchase_estimate,\n          cd_credit_rating\n order by cd_gender,\n          cd_marital_status,\n          cd_education_status,\n          cd_purchase_estimate,\n          cd_credit_rating\n limit 100;\n\n-- end query 51 in stream 0 using template query69.tpl\n",
    "indexes": "customer_address.ca_address_sk",
    "wo plan est": {
      "Node Type": "Limit",
      "Parallel Aware": false,
      "Async Capable": false,
      "Startup Cost": 747645.79,
      "Total Cost": 840733.75,
      "Plan Rows": 100,
      "Plan Width": 64,
      "Plans": [
        {
          "Node Type": "Aggregate",
          "Strategy": "Sorted",
          "Partial Mode": "Simple",
          "Parent Relationship": "Outer",
          "Parallel Aware": false,
          "Async Capable": false,
          "Startup Cost": 747645.79,
          "Total Cost": 2167237.2,
          "Plan Rows": 1525,
          "Plan Width": 64,
          "Group Key": [
            "customer_demographics.cd_gender",
            "customer_demographics.cd_marital_status",
            "customer_demographics.cd_education_status",
            "customer_demographics.cd_purchase_estimate",
            "customer_demographics.cd_credit_rating"
          ],
          "Plans": [
            {
              "Node Type": "Nested Loop",
              "Parent Relationship": "Outer",
              "Parallel Aware": false,
              "Async Capable": false,
              "Join Type": "Anti",
              "Startup Cost": 747645.79,
              "Total Cost": 2167199.07,
              "Plan Rows": 1525,
              "Plan Width": 40,
              "Inner Unique": false,
              "Join Filter": "(c.c_customer_sk = catalog_sales.cs_ship_customer_sk)",
              "Plans": [
                {
                  "Node Type": "Nested Loop",
                  "Parent Relationship": "Outer",
                  "Parallel Aware": false,
                  "Async Capable": false,
                  "Join Type": "Anti",
                  "Startup Cost": 744961.33,
                  "Total Cost": 1184008.71,
                  "Plan Rows": 1579,
                  "Plan Width": 44,
                  "Inner Unique": false,
                  "Join Filter": "(c.c_customer_sk = web_sales.ws_bill_customer_sk)",
                  "Plans": [
                    {
                      "Node Type": "Gather Merge",
                      "Parent Relationship": "Outer",
                      "Parallel Aware": false,
                      "Async Capable": false,
                      "Startup Cost": 741803.7,
                      "Total Cost": 741990.87,
                      "Plan Rows": 1607,
                      "Plan Width": 44,
                      "Workers Planned": 2,
                      "Plans": [
                        {
                          "Node Type": "Sort",
                          "Parent Relationship": "Outer",
                          "Parallel Aware": false,
                          "Async Capable": false,
                          "Startup Cost": 740803.68,
                          "Total Cost": 740805.36,
                          "Plan Rows": 670,
                          "Plan Width": 44,
                          "Sort Key": [
                            "customer_demographics.cd_gender",
                            "customer_demographics.cd_marital_status",
                            "customer_demographics.cd_education_status",
                            "customer_demographics.cd_purchase_estimate",
                            "customer_demographics.cd_credit_rating"
                          ],
                          "Plans": [
                            {
                              "Node Type": "Hash Join",
                              "Parent Relationship": "Outer",
                              "Parallel Aware": true,
                              "Async Capable": false,
                              "Join Type": "Inner",
                              "Startup Cost": 707936.86,
                              "Total Cost": 740772.23,
                              "Plan Rows": 670,
                              "Plan Width": 44,
                              "Inner Unique": false,
                              "Hash Cond": "(customer_demographics.cd_demo_sk = c.c_current_cdemo_sk)",
                              "Plans": [
                                {
                                  "Node Type": "Seq Scan",
                                  "Parent Relationship": "Outer",
                                  "Parallel Aware": true,
                                  "Async Capable": false,
                                  "Relation Name": "customer_demographics",
                                  "Alias": "customer_demographics",
                                  "Startup Cost": 0.0,
                                  "Total Cost": 29831.33,
                                  "Plan Rows": 800333,
                                  "Plan Width": 44,
                                  "parent": 6,
                                  "ID": 7
                                },
                                {
                                  "Node Type": "Hash",
                                  "Parent Relationship": "Inner",
                                  "Parallel Aware": true,
                                  "Async Capable": false,
                                  "Startup Cost": 707928.2,
                                  "Total Cost": 707928.2,
                                  "Plan Rows": 693,
                                  "Plan Width": 8,
                                  "Plans": [
                                    {
                                      "Node Type": "Hash Join",
                                      "Parent Relationship": "Outer",
                                      "Parallel Aware": true,
                                      "Async Capable": false,
                                      "Join Type": "Inner",
                                      "Startup Cost": 691264.24,
                                      "Total Cost": 707928.2,
                                      "Plan Rows": 693,
                                      "Plan Width": 8,
                                      "Inner Unique": false,
                                      "Hash Cond": "(c.c_current_addr_sk = ca.ca_address_sk)",
                                      "Plans": [
                                        {
                                          "Node Type": "Hash Join",
                                          "Parent Relationship": "Outer",
                                          "Parallel Aware": true,
                                          "Async Capable": false,
                                          "Join Type": "Semi",
                                          "Startup Cost": 684328.37,
                                          "Total Cost": 700940.06,
                                          "Plan Rows": 13167,
                                          "Plan Width": 12,
                                          "Inner Unique": false,
                                          "Hash Cond": "(c.c_customer_sk = store_sales.ss_customer_sk)",
                                          "Plans": [
                                            {
                                              "Node Type": "Seq Scan",
                                              "Parent Relationship": "Outer",
                                              "Parallel Aware": true,
                                              "Async Capable": false,
                                              "Relation Name": "customer",
                                              "Alias": "c",
                                              "Startup Cost": 0.0,
                                              "Total Cost": 15918.33,
                                              "Plan Rows": 208333,
                                              "Plan Width": 12,
                                              "parent": 10,
                                              "ID": 11
                                            },
                                            {
                                              "Node Type": "Hash",
                                              "Parent Relationship": "Inner",
                                              "Parallel Aware": true,
                                              "Async Capable": false,
                                              "Startup Cost": 684155.91,
                                              "Total Cost": 684155.91,
                                              "Plan Rows": 13797,
                                              "Plan Width": 4,
                                              "Plans": [
                                                {
                                                  "Node Type": "Hash Join",
                                                  "Parent Relationship": "Outer",
                                                  "Parallel Aware": true,
                                                  "Async Capable": false,
                                                  "Join Type": "Inner",
                                                  "Startup Cost": 2157.62,
                                                  "Total Cost": 684155.91,
                                                  "Plan Rows": 13797,
                                                  "Plan Width": 4,
                                                  "Inner Unique": false,
                                                  "Hash Cond": "(store_sales.ss_sold_date_sk = date_dim.d_date_sk)",
                                                  "Plans": [
                                                    {
                                                      "Node Type": "Seq Scan",
                                                      "Parent Relationship": "Outer",
                                                      "Parallel Aware": true,
                                                      "Async Capable": false,
                                                      "Relation Name": "store_sales",
                                                      "Alias": "store_sales",
                                                      "Startup Cost": 0.0,
                                                      "Total Cost": 636914.37,
                                                      "Plan Rows": 12000637,
                                                      "Plan Width": 8,
                                                      "parent": 13,
                                                      "ID": 14
                                                    },
                                                    {
                                                      "Node Type": "Hash",
                                                      "Parent Relationship": "Inner",
                                                      "Parallel Aware": true,
                                                      "Async Capable": false,
                                                      "Startup Cost": 2156.97,
                                                      "Total Cost": 2156.97,
                                                      "Plan Rows": 52,
                                                      "Plan Width": 4,
                                                      "Plans": [
                                                        {
                                                          "Node Type": "Seq Scan",
                                                          "Parent Relationship": "Outer",
                                                          "Parallel Aware": true,
                                                          "Async Capable": false,
                                                          "Relation Name": "date_dim",
                                                          "Alias": "date_dim",
                                                          "Startup Cost": 0.0,
                                                          "Total Cost": 2156.97,
                                                          "Plan Rows": 52,
                                                          "Plan Width": 4,
                                                          "Filter": "((d_moy >= 2) AND (d_moy <= 4) AND (d_year = 2004))",
                                                          "parent": 15,
                                                          "ID": 16
                                                        }
                                                      ],
                                                      "parent": 13,
                                                      "ID": 15,
                                                      "left": 16
                                                    }
                                                  ],
                                                  "parent": 12,
                                                  "ID": 13,
                                                  "left": 14,
                                                  "right": 15
                                                }
                                              ],
                                              "parent": 10,
                                              "ID": 12,
                                              "left": 13
                                            }
                                          ],
                                          "parent": 9,
                                          "ID": 10,
                                          "left": 11,
                                          "right": 12
                                        },
                                        {
                                          "Node Type": "Hash",
                                          "Parent Relationship": "Inner",
                                          "Parallel Aware": true,
                                          "Async Capable": false,
                                          "Startup Cost": 6867.29,
                                          "Total Cost": 6867.29,
                                          "Plan Rows": 5486,
                                          "Plan Width": 4,
                                          "Plans": [
                                            {
                                              "Node Type": "Seq Scan",
                                              "Parent Relationship": "Outer",
                                              "Parallel Aware": true,
                                              "Async Capable": false,
                                              "Relation Name": "customer_address",
                                              "Alias": "ca",
                                              "Startup Cost": 0.0,
                                              "Total Cost": 6867.29,
                                              "Plan Rows": 5486,
                                              "Plan Width": 4,
                                              "Filter": "(ca_state = ANY ('{MT,FL,SC}'::bpchar[]))",
                                              "parent": 17,
                                              "ID": 18
                                            }
                                          ],
                                          "parent": 9,
                                          "ID": 17,
                                          "left": 18
                                        }
                                      ],
                                      "parent": 8,
                                      "ID": 9,
                                      "left": 10,
                                      "right": 17
                                    }
                                  ],
                                  "parent": 6,
                                  "ID": 8,
                                  "left": 9
                                }
                              ],
                              "parent": 5,
                              "ID": 6,
                              "left": 7,
                              "right": 8
                            }
                          ],
                          "parent": 4,
                          "ID": 5,
                          "left": 6
                        }
                      ],
                      "parent": 3,
                      "ID": 4,
                      "left": 5
                    },
                    {
                      "Node Type": "Materialize",
                      "Parent Relationship": "Inner",
                      "Parallel Aware": false,
                      "Async Capable": false,
                      "Startup Cost": 3157.62,
                      "Total Cost": 233073.27,
                      "Plan Rows": 8669,
                      "Plan Width": 4,
                      "Plans": [
                        {
                          "Node Type": "Gather",
                          "Parent Relationship": "Outer",
                          "Parallel Aware": false,
                          "Async Capable": false,
                          "Startup Cost": 3157.62,
                          "Total Cost": 233029.92,
                          "Plan Rows": 8669,
                          "Plan Width": 4,
                          "Workers Planned": 2,
                          "Single Copy": false,
                          "Plans": [
                            {
                              "Node Type": "Hash Join",
                              "Parent Relationship": "Outer",
                              "Parallel Aware": true,
                              "Async Capable": false,
                              "Join Type": "Inner",
                              "Startup Cost": 2157.62,
                              "Total Cost": 231163.02,
                              "Plan Rows": 3612,
                              "Plan Width": 4,
                              "Inner Unique": false,
                              "Hash Cond": "(web_sales.ws_sold_date_sk = date_dim_1.d_date_sk)",
                              "Plans": [
                                {
                                  "Node Type": "Seq Scan",
                                  "Parent Relationship": "Outer",
                                  "Parallel Aware": true,
                                  "Async Capable": false,
                                  "Relation Name": "web_sales",
                                  "Alias": "web_sales",
                                  "Startup Cost": 0.0,
                                  "Total Cost": 217737.86,
                                  "Plan Rows": 2998986,
                                  "Plan Width": 8,
                                  "parent": 21,
                                  "ID": 22
                                },
                                {
                                  "Node Type": "Hash",
                                  "Parent Relationship": "Inner",
                                  "Parallel Aware": true,
                                  "Async Capable": false,
                                  "Startup Cost": 2156.97,
                                  "Total Cost": 2156.97,
                                  "Plan Rows": 52,
                                  "Plan Width": 4,
                                  "Plans": [
                                    {
                                      "Node Type": "Seq Scan",
                                      "Parent Relationship": "Outer",
                                      "Parallel Aware": true,
                                      "Async Capable": false,
                                      "Relation Name": "date_dim",
                                      "Alias": "date_dim_1",
                                      "Startup Cost": 0.0,
                                      "Total Cost": 2156.97,
                                      "Plan Rows": 52,
                                      "Plan Width": 4,
                                      "Filter": "((d_moy >= 2) AND (d_moy <= 4) AND (d_year = 2004))",
                                      "parent": 23,
                                      "ID": 24
                                    }
                                  ],
                                  "parent": 21,
                                  "ID": 23,
                                  "left": 24
                                }
                              ],
                              "parent": 20,
                              "ID": 21,
                              "left": 22,
                              "right": 23
                            }
                          ],
                          "parent": 19,
                          "ID": 20,
                          "left": 21
                        }
                      ],
                      "parent": 3,
                      "ID": 19,
                      "left": 20
                    }
                  ],
                  "parent": 2,
                  "ID": 3,
                  "left": 4,
                  "right": 19
                },
                {
                  "Node Type": "Materialize",
                  "Parent Relationship": "Inner",
                  "Parallel Aware": false,
                  "Async Capable": false,
                  "Startup Cost": 2684.46,
                  "Total Cost": 574643.56,
                  "Plan Rows": 17251,
                  "Plan Width": 4,
                  "Plans": [
                    {
                      "Node Type": "Hash Join",
                      "Parent Relationship": "Outer",
                      "Parallel Aware": false,
                      "Async Capable": false,
                      "Join Type": "Inner",
                      "Startup Cost": 2684.46,
                      "Total Cost": 574557.31,
                      "Plan Rows": 17251,
                      "Plan Width": 4,
                      "Inner Unique": false,
                      "Hash Cond": "(catalog_sales.cs_sold_date_sk = date_dim_2.d_date_sk)",
                      "Plans": [
                        {
                          "Node Type": "Seq Scan",
                          "Parent Relationship": "Outer",
                          "Parallel Aware": false,
                          "Async Capable": false,
                          "Relation Name": "catalog_sales",
                          "Alias": "catalog_sales",
                          "Startup Cost": 0.0,
                          "Total Cost": 517695.61,
                          "Plan Rows": 14401261,
                          "Plan Width": 8,
                          "parent": 26,
                          "ID": 27
                        },
                        {
                          "Node Type": "Hash",
                          "Parent Relationship": "Inner",
                          "Parallel Aware": false,
                          "Async Capable": false,
                          "Startup Cost": 2683.36,
                          "Total Cost": 2683.36,
                          "Plan Rows": 88,
                          "Plan Width": 4,
                          "Plans": [
                            {
                              "Node Type": "Seq Scan",
                              "Parent Relationship": "Outer",
                              "Parallel Aware": false,
                              "Async Capable": false,
                              "Relation Name": "date_dim",
                              "Alias": "date_dim_2",
                              "Startup Cost": 0.0,
                              "Total Cost": 2683.36,
                              "Plan Rows": 88,
                              "Plan Width": 4,
                              "Filter": "((d_moy >= 2) AND (d_moy <= 4) AND (d_year = 2004))",
                              "parent": 28,
                              "ID": 29
                            }
                          ],
                          "parent": 26,
                          "ID": 28,
                          "left": 29
                        }
                      ],
                      "parent": 25,
                      "ID": 26,
                      "left": 27,
                      "right": 28
                    }
                  ],
                  "parent": 2,
                  "ID": 25,
                  "left": 26
                }
              ],
              "parent": 1,
              "ID": 2,
              "left": 3,
              "right": 25
            }
          ],
          "parent": 0,
          "ID": 1,
          "left": 2
        }
      ],
      "parent": null,
      "ID": 0,
      "left": 1
    },
    "feat": {
      "utility": 0.0,
      "query_shape": [
        [
          "Seq Scan",
          "Hash Join",
          "Sort",
          "Gather Merge",
          "Nested Loop",
          "Aggregate"
        ],
        [
          "Seq Scan",
          "Hash Join",
          "Hash",
          "Sort",
          "Gather Merge",
          "Nested Loop",
          "Aggregate"
        ],
        [
          "Seq Scan",
          "Hash Join",
          "Hash",
          "Sort",
          "Gather Merge",
          "Nested Loop",
          "Aggregate"
        ],
        [
          "Seq Scan",
          "Hash",
          "Hash Join",
          "Sort",
          "Gather Merge",
          "Nested Loop",
          "Aggregate"
        ],
        [
          "Seq Scan",
          "Hash",
          "Hash Join",
          "Sort",
          "Gather Merge",
          "Nested Loop",
          "Aggregate"
        ],
        [
          "Seq Scan",
          "Hash Join",
          "Gather",
          "Materialize",
          "Nested Loop",
          "Aggregate"
        ],
        [
          "Seq Scan",
          "Hash",
          "Hash Join",
          "Gather",
          "Materialize",
          "Nested Loop",
          "Aggregate"
        ],
        [
          "Seq Scan",
          "Hash Join",
          "Materialize",
          "Nested Loop",
          "Aggregate"
        ],
        [
          "Seq Scan",
          "Hash",
          "Hash Join",
          "Materialize",
          "Nested Loop",
          "Aggregate"
        ]
      ],
      "index_shape": [],
      "physical_operator": {}
    }
  },
  {
    "query": "select  \n  cd_gender,\n  cd_marital_status,\n  cd_education_status,\n  count(*) cnt1,\n  cd_purchase_estimate,\n  count(*) cnt2,\n  cd_credit_rating,\n  count(*) cnt3\n from\n  customer c,customer_address ca,customer_demographics\n where\n  c.c_current_addr_sk = ca.ca_address_sk and\n  ca_state in ('MT','FL','SC') and\n  cd_demo_sk = c.c_current_cdemo_sk and \n  exists (select *\n          from store_sales,date_dim\n          where c.c_customer_sk = ss_customer_sk and\n                ss_sold_date_sk = d_date_sk and\n                d_year = 2004 and\n                d_moy between 2 and 2+2) and\n   (not exists (select *\n            from web_sales,date_dim\n            where c.c_customer_sk = ws_bill_customer_sk and\n                  ws_sold_date_sk = d_date_sk and\n                  d_year = 2004 and\n                  d_moy between 2 and 2+2) and\n    not exists (select * \n            from catalog_sales,date_dim\n            where c.c_customer_sk = cs_ship_customer_sk and\n                  cs_sold_date_sk = d_date_sk and\n                  d_year = 2004 and\n                  d_moy between 2 and 2+2))\n group by cd_gender,\n          cd_marital_status,\n          cd_education_status,\n          cd_purchase_estimate,\n          cd_credit_rating\n order by cd_gender,\n          cd_marital_status,\n          cd_education_status,\n          cd_purchase_estimate,\n          cd_credit_rating\n limit 100;\n\n-- end query 51 in stream 0 using template query69.tpl\n",
    "indexes": "customer_address.ca_state",
    "wo plan est": {
      "Node Type": "Limit",
      "Parallel Aware": false,
      "Async Capable": false,
      "Startup Cost": 747645.79,
      "Total Cost": 840733.75,
      "Plan Rows": 100,
      "Plan Width": 64,
      "Plans": [
        {
          "Node Type": "Aggregate",
          "Strategy": "Sorted",
          "Partial Mode": "Simple",
          "Parent Relationship": "Outer",
          "Parallel Aware": false,
          "Async Capable": false,
          "Startup Cost": 747645.79,
          "Total Cost": 2167237.2,
          "Plan Rows": 1525,
          "Plan Width": 64,
          "Group Key": [
            "customer_demographics.cd_gender",
            "customer_demographics.cd_marital_status",
            "customer_demographics.cd_education_status",
            "customer_demographics.cd_purchase_estimate",
            "customer_demographics.cd_credit_rating"
          ],
          "Plans": [
            {
              "Node Type": "Nested Loop",
              "Parent Relationship": "Outer",
              "Parallel Aware": false,
              "Async Capable": false,
              "Join Type": "Anti",
              "Startup Cost": 747645.79,
              "Total Cost": 2167199.07,
              "Plan Rows": 1525,
              "Plan Width": 40,
              "Inner Unique": false,
              "Join Filter": "(c.c_customer_sk = catalog_sales.cs_ship_customer_sk)",
              "Plans": [
                {
                  "Node Type": "Nested Loop",
                  "Parent Relationship": "Outer",
                  "Parallel Aware": false,
                  "Async Capable": false,
                  "Join Type": "Anti",
                  "Startup Cost": 744961.33,
                  "Total Cost": 1184008.71,
                  "Plan Rows": 1579,
                  "Plan Width": 44,
                  "Inner Unique": false,
                  "Join Filter": "(c.c_customer_sk = web_sales.ws_bill_customer_sk)",
                  "Plans": [
                    {
                      "Node Type": "Gather Merge",
                      "Parent Relationship": "Outer",
                      "Parallel Aware": false,
                      "Async Capable": false,
                      "Startup Cost": 741803.7,
                      "Total Cost": 741990.87,
                      "Plan Rows": 1607,
                      "Plan Width": 44,
                      "Workers Planned": 2,
                      "Plans": [
                        {
                          "Node Type": "Sort",
                          "Parent Relationship": "Outer",
                          "Parallel Aware": false,
                          "Async Capable": false,
                          "Startup Cost": 740803.68,
                          "Total Cost": 740805.36,
                          "Plan Rows": 670,
                          "Plan Width": 44,
                          "Sort Key": [
                            "customer_demographics.cd_gender",
                            "customer_demographics.cd_marital_status",
                            "customer_demographics.cd_education_status",
                            "customer_demographics.cd_purchase_estimate",
                            "customer_demographics.cd_credit_rating"
                          ],
                          "Plans": [
                            {
                              "Node Type": "Hash Join",
                              "Parent Relationship": "Outer",
                              "Parallel Aware": true,
                              "Async Capable": false,
                              "Join Type": "Inner",
                              "Startup Cost": 707936.86,
                              "Total Cost": 740772.23,
                              "Plan Rows": 670,
                              "Plan Width": 44,
                              "Inner Unique": false,
                              "Hash Cond": "(customer_demographics.cd_demo_sk = c.c_current_cdemo_sk)",
                              "Plans": [
                                {
                                  "Node Type": "Seq Scan",
                                  "Parent Relationship": "Outer",
                                  "Parallel Aware": true,
                                  "Async Capable": false,
                                  "Relation Name": "customer_demographics",
                                  "Alias": "customer_demographics",
                                  "Startup Cost": 0.0,
                                  "Total Cost": 29831.33,
                                  "Plan Rows": 800333,
                                  "Plan Width": 44,
                                  "parent": 6,
                                  "ID": 7
                                },
                                {
                                  "Node Type": "Hash",
                                  "Parent Relationship": "Inner",
                                  "Parallel Aware": true,
                                  "Async Capable": false,
                                  "Startup Cost": 707928.2,
                                  "Total Cost": 707928.2,
                                  "Plan Rows": 693,
                                  "Plan Width": 8,
                                  "Plans": [
                                    {
                                      "Node Type": "Hash Join",
                                      "Parent Relationship": "Outer",
                                      "Parallel Aware": true,
                                      "Async Capable": false,
                                      "Join Type": "Inner",
                                      "Startup Cost": 691264.24,
                                      "Total Cost": 707928.2,
                                      "Plan Rows": 693,
                                      "Plan Width": 8,
                                      "Inner Unique": false,
                                      "Hash Cond": "(c.c_current_addr_sk = ca.ca_address_sk)",
                                      "Plans": [
                                        {
                                          "Node Type": "Hash Join",
                                          "Parent Relationship": "Outer",
                                          "Parallel Aware": true,
                                          "Async Capable": false,
                                          "Join Type": "Semi",
                                          "Startup Cost": 684328.37,
                                          "Total Cost": 700940.06,
                                          "Plan Rows": 13167,
                                          "Plan Width": 12,
                                          "Inner Unique": false,
                                          "Hash Cond": "(c.c_customer_sk = store_sales.ss_customer_sk)",
                                          "Plans": [
                                            {
                                              "Node Type": "Seq Scan",
                                              "Parent Relationship": "Outer",
                                              "Parallel Aware": true,
                                              "Async Capable": false,
                                              "Relation Name": "customer",
                                              "Alias": "c",
                                              "Startup Cost": 0.0,
                                              "Total Cost": 15918.33,
                                              "Plan Rows": 208333,
                                              "Plan Width": 12,
                                              "parent": 10,
                                              "ID": 11
                                            },
                                            {
                                              "Node Type": "Hash",
                                              "Parent Relationship": "Inner",
                                              "Parallel Aware": true,
                                              "Async Capable": false,
                                              "Startup Cost": 684155.91,
                                              "Total Cost": 684155.91,
                                              "Plan Rows": 13797,
                                              "Plan Width": 4,
                                              "Plans": [
                                                {
                                                  "Node Type": "Hash Join",
                                                  "Parent Relationship": "Outer",
                                                  "Parallel Aware": true,
                                                  "Async Capable": false,
                                                  "Join Type": "Inner",
                                                  "Startup Cost": 2157.62,
                                                  "Total Cost": 684155.91,
                                                  "Plan Rows": 13797,
                                                  "Plan Width": 4,
                                                  "Inner Unique": false,
                                                  "Hash Cond": "(store_sales.ss_sold_date_sk = date_dim.d_date_sk)",
                                                  "Plans": [
                                                    {
                                                      "Node Type": "Seq Scan",
                                                      "Parent Relationship": "Outer",
                                                      "Parallel Aware": true,
                                                      "Async Capable": false,
                                                      "Relation Name": "store_sales",
                                                      "Alias": "store_sales",
                                                      "Startup Cost": 0.0,
                                                      "Total Cost": 636914.37,
                                                      "Plan Rows": 12000637,
                                                      "Plan Width": 8,
                                                      "parent": 13,
                                                      "ID": 14
                                                    },
                                                    {
                                                      "Node Type": "Hash",
                                                      "Parent Relationship": "Inner",
                                                      "Parallel Aware": true,
                                                      "Async Capable": false,
                                                      "Startup Cost": 2156.97,
                                                      "Total Cost": 2156.97,
                                                      "Plan Rows": 52,
                                                      "Plan Width": 4,
                                                      "Plans": [
                                                        {
                                                          "Node Type": "Seq Scan",
                                                          "Parent Relationship": "Outer",
                                                          "Parallel Aware": true,
                                                          "Async Capable": false,
                                                          "Relation Name": "date_dim",
                                                          "Alias": "date_dim",
                                                          "Startup Cost": 0.0,
                                                          "Total Cost": 2156.97,
                                                          "Plan Rows": 52,
                                                          "Plan Width": 4,
                                                          "Filter": "((d_moy >= 2) AND (d_moy <= 4) AND (d_year = 2004))",
                                                          "parent": 15,
                                                          "ID": 16
                                                        }
                                                      ],
                                                      "parent": 13,
                                                      "ID": 15,
                                                      "left": 16
                                                    }
                                                  ],
                                                  "parent": 12,
                                                  "ID": 13,
                                                  "left": 14,
                                                  "right": 15
                                                }
                                              ],
                                              "parent": 10,
                                              "ID": 12,
                                              "left": 13
                                            }
                                          ],
                                          "parent": 9,
                                          "ID": 10,
                                          "left": 11,
                                          "right": 12
                                        },
                                        {
                                          "Node Type": "Hash",
                                          "Parent Relationship": "Inner",
                                          "Parallel Aware": true,
                                          "Async Capable": false,
                                          "Startup Cost": 6867.29,
                                          "Total Cost": 6867.29,
                                          "Plan Rows": 5486,
                                          "Plan Width": 4,
                                          "Plans": [
                                            {
                                              "Node Type": "Seq Scan",
                                              "Parent Relationship": "Outer",
                                              "Parallel Aware": true,
                                              "Async Capable": false,
                                              "Relation Name": "customer_address",
                                              "Alias": "ca",
                                              "Startup Cost": 0.0,
                                              "Total Cost": 6867.29,
                                              "Plan Rows": 5486,
                                              "Plan Width": 4,
                                              "Filter": "(ca_state = ANY ('{MT,FL,SC}'::bpchar[]))",
                                              "parent": 17,
                                              "ID": 18
                                            }
                                          ],
                                          "parent": 9,
                                          "ID": 17,
                                          "left": 18
                                        }
                                      ],
                                      "parent": 8,
                                      "ID": 9,
                                      "left": 10,
                                      "right": 17
                                    }
                                  ],
                                  "parent": 6,
                                  "ID": 8,
                                  "left": 9
                                }
                              ],
                              "parent": 5,
                              "ID": 6,
                              "left": 7,
                              "right": 8
                            }
                          ],
                          "parent": 4,
                          "ID": 5,
                          "left": 6
                        }
                      ],
                      "parent": 3,
                      "ID": 4,
                      "left": 5
                    },
                    {
                      "Node Type": "Materialize",
                      "Parent Relationship": "Inner",
                      "Parallel Aware": false,
                      "Async Capable": false,
                      "Startup Cost": 3157.62,
                      "Total Cost": 233073.27,
                      "Plan Rows": 8669,
                      "Plan Width": 4,
                      "Plans": [
                        {
                          "Node Type": "Gather",
                          "Parent Relationship": "Outer",
                          "Parallel Aware": false,
                          "Async Capable": false,
                          "Startup Cost": 3157.62,
                          "Total Cost": 233029.92,
                          "Plan Rows": 8669,
                          "Plan Width": 4,
                          "Workers Planned": 2,
                          "Single Copy": false,
                          "Plans": [
                            {
                              "Node Type": "Hash Join",
                              "Parent Relationship": "Outer",
                              "Parallel Aware": true,
                              "Async Capable": false,
                              "Join Type": "Inner",
                              "Startup Cost": 2157.62,
                              "Total Cost": 231163.02,
                              "Plan Rows": 3612,
                              "Plan Width": 4,
                              "Inner Unique": false,
                              "Hash Cond": "(web_sales.ws_sold_date_sk = date_dim_1.d_date_sk)",
                              "Plans": [
                                {
                                  "Node Type": "Seq Scan",
                                  "Parent Relationship": "Outer",
                                  "Parallel Aware": true,
                                  "Async Capable": false,
                                  "Relation Name": "web_sales",
                                  "Alias": "web_sales",
                                  "Startup Cost": 0.0,
                                  "Total Cost": 217737.86,
                                  "Plan Rows": 2998986,
                                  "Plan Width": 8,
                                  "parent": 21,
                                  "ID": 22
                                },
                                {
                                  "Node Type": "Hash",
                                  "Parent Relationship": "Inner",
                                  "Parallel Aware": true,
                                  "Async Capable": false,
                                  "Startup Cost": 2156.97,
                                  "Total Cost": 2156.97,
                                  "Plan Rows": 52,
                                  "Plan Width": 4,
                                  "Plans": [
                                    {
                                      "Node Type": "Seq Scan",
                                      "Parent Relationship": "Outer",
                                      "Parallel Aware": true,
                                      "Async Capable": false,
                                      "Relation Name": "date_dim",
                                      "Alias": "date_dim_1",
                                      "Startup Cost": 0.0,
                                      "Total Cost": 2156.97,
                                      "Plan Rows": 52,
                                      "Plan Width": 4,
                                      "Filter": "((d_moy >= 2) AND (d_moy <= 4) AND (d_year = 2004))",
                                      "parent": 23,
                                      "ID": 24
                                    }
                                  ],
                                  "parent": 21,
                                  "ID": 23,
                                  "left": 24
                                }
                              ],
                              "parent": 20,
                              "ID": 21,
                              "left": 22,
                              "right": 23
                            }
                          ],
                          "parent": 19,
                          "ID": 20,
                          "left": 21
                        }
                      ],
                      "parent": 3,
                      "ID": 19,
                      "left": 20
                    }
                  ],
                  "parent": 2,
                  "ID": 3,
                  "left": 4,
                  "right": 19
                },
                {
                  "Node Type": "Materialize",
                  "Parent Relationship": "Inner",
                  "Parallel Aware": false,
                  "Async Capable": false,
                  "Startup Cost": 2684.46,
                  "Total Cost": 574643.56,
                  "Plan Rows": 17251,
                  "Plan Width": 4,
                  "Plans": [
                    {
                      "Node Type": "Hash Join",
                      "Parent Relationship": "Outer",
                      "Parallel Aware": false,
                      "Async Capable": false,
                      "Join Type": "Inner",
                      "Startup Cost": 2684.46,
                      "Total Cost": 574557.31,
                      "Plan Rows": 17251,
                      "Plan Width": 4,
                      "Inner Unique": false,
                      "Hash Cond": "(catalog_sales.cs_sold_date_sk = date_dim_2.d_date_sk)",
                      "Plans": [
                        {
                          "Node Type": "Seq Scan",
                          "Parent Relationship": "Outer",
                          "Parallel Aware": false,
                          "Async Capable": false,
                          "Relation Name": "catalog_sales",
                          "Alias": "catalog_sales",
                          "Startup Cost": 0.0,
                          "Total Cost": 517695.61,
                          "Plan Rows": 14401261,
                          "Plan Width": 8,
                          "parent": 26,
                          "ID": 27
                        },
                        {
                          "Node Type": "Hash",
                          "Parent Relationship": "Inner",
                          "Parallel Aware": false,
                          "Async Capable": false,
                          "Startup Cost": 2683.36,
                          "Total Cost": 2683.36,
                          "Plan Rows": 88,
                          "Plan Width": 4,
                          "Plans": [
                            {
                              "Node Type": "Seq Scan",
                              "Parent Relationship": "Outer",
                              "Parallel Aware": false,
                              "Async Capable": false,
                              "Relation Name": "date_dim",
                              "Alias": "date_dim_2",
                              "Startup Cost": 0.0,
                              "Total Cost": 2683.36,
                              "Plan Rows": 88,
                              "Plan Width": 4,
                              "Filter": "((d_moy >= 2) AND (d_moy <= 4) AND (d_year = 2004))",
                              "parent": 28,
                              "ID": 29
                            }
                          ],
                          "parent": 26,
                          "ID": 28,
                          "left": 29
                        }
                      ],
                      "parent": 25,
                      "ID": 26,
                      "left": 27,
                      "right": 28
                    }
                  ],
                  "parent": 2,
                  "ID": 25,
                  "left": 26
                }
              ],
              "parent": 1,
              "ID": 2,
              "left": 3,
              "right": 25
            }
          ],
          "parent": 0,
          "ID": 1,
          "left": 2
        }
      ],
      "parent": null,
      "ID": 0,
      "left": 1
    },
    "feat": {
      "utility": 0.007988967004405378,
      "query_shape": [
        [
          "Seq Scan",
          "Hash Join",
          "Sort",
          "Gather Merge",
          "Nested Loop",
          "Aggregate"
        ],
        [
          "Seq Scan",
          "Hash Join",
          "Hash",
          "Sort",
          "Gather Merge",
          "Nested Loop",
          "Aggregate"
        ],
        [
          "Seq Scan",
          "Hash Join",
          "Hash",
          "Sort",
          "Gather Merge",
          "Nested Loop",
          "Aggregate"
        ],
        [
          "Seq Scan",
          "Hash",
          "Hash Join",
          "Sort",
          "Gather Merge",
          "Nested Loop",
          "Aggregate"
        ],
        [
          "Seq Scan",
          "Hash",
          "Hash Join",
          "Sort",
          "Gather Merge",
          "Nested Loop",
          "Aggregate"
        ],
        [
          "Seq Scan",
          "Hash Join",
          "Gather",
          "Materialize",
          "Nested Loop",
          "Aggregate"
        ],
        [
          "Seq Scan",
          "Hash",
          "Hash Join",
          "Gather",
          "Materialize",
          "Nested Loop",
          "Aggregate"
        ],
        [
          "Seq Scan",
          "Hash Join",
          "Materialize",
          "Nested Loop",
          "Aggregate"
        ],
        [
          "Seq Scan",
          "Hash",
          "Hash Join",
          "Materialize",
          "Nested Loop",
          "Aggregate"
        ]
      ],
      "index_shape": [
        "selection"
      ],
      "physical_operator": {
        "Seq Scan": [
          0.021943999999999964
        ]
      }
    }
  },
  {
    "query": "select  \n  cd_gender,\n  cd_marital_status,\n  cd_education_status,\n  count(*) cnt1,\n  cd_purchase_estimate,\n  count(*) cnt2,\n  cd_credit_rating,\n  count(*) cnt3\n from\n  customer c,customer_address ca,customer_demographics\n where\n  c.c_current_addr_sk = ca.ca_address_sk and\n  ca_state in ('MT','FL','SC') and\n  cd_demo_sk = c.c_current_cdemo_sk and \n  exists (select *\n          from store_sales,date_dim\n          where c.c_customer_sk = ss_customer_sk and\n                ss_sold_date_sk = d_date_sk and\n                d_year = 2004 and\n                d_moy between 2 and 2+2) and\n   (not exists (select *\n            from web_sales,date_dim\n            where c.c_customer_sk = ws_bill_customer_sk and\n                  ws_sold_date_sk = d_date_sk and\n                  d_year = 2004 and\n                  d_moy between 2 and 2+2) and\n    not exists (select * \n            from catalog_sales,date_dim\n            where c.c_customer_sk = cs_ship_customer_sk and\n                  cs_sold_date_sk = d_date_sk and\n                  d_year = 2004 and\n                  d_moy between 2 and 2+2))\n group by cd_gender,\n          cd_marital_status,\n          cd_education_status,\n          cd_purchase_estimate,\n          cd_credit_rating\n order by cd_gender,\n          cd_marital_status,\n          cd_education_status,\n          cd_purchase_estimate,\n          cd_credit_rating\n limit 100;\n\n-- end query 51 in stream 0 using template query69.tpl\n",
    "indexes": "customer_demographics.cd_purchase_estimate",
    "wo plan est": {
      "Node Type": "Limit",
      "Parallel Aware": false,
      "Async Capable": false,
      "Startup Cost": 747645.79,
      "Total Cost": 840733.75,
      "Plan Rows": 100,
      "Plan Width": 64,
      "Plans": [
        {
          "Node Type": "Aggregate",
          "Strategy": "Sorted",
          "Partial Mode": "Simple",
          "Parent Relationship": "Outer",
          "Parallel Aware": false,
          "Async Capable": false,
          "Startup Cost": 747645.79,
          "Total Cost": 2167237.2,
          "Plan Rows": 1525,
          "Plan Width": 64,
          "Group Key": [
            "customer_demographics.cd_gender",
            "customer_demographics.cd_marital_status",
            "customer_demographics.cd_education_status",
            "customer_demographics.cd_purchase_estimate",
            "customer_demographics.cd_credit_rating"
          ],
          "Plans": [
            {
              "Node Type": "Nested Loop",
              "Parent Relationship": "Outer",
              "Parallel Aware": false,
              "Async Capable": false,
              "Join Type": "Anti",
              "Startup Cost": 747645.79,
              "Total Cost": 2167199.07,
              "Plan Rows": 1525,
              "Plan Width": 40,
              "Inner Unique": false,
              "Join Filter": "(c.c_customer_sk = catalog_sales.cs_ship_customer_sk)",
              "Plans": [
                {
                  "Node Type": "Nested Loop",
                  "Parent Relationship": "Outer",
                  "Parallel Aware": false,
                  "Async Capable": false,
                  "Join Type": "Anti",
                  "Startup Cost": 744961.33,
                  "Total Cost": 1184008.71,
                  "Plan Rows": 1579,
                  "Plan Width": 44,
                  "Inner Unique": false,
                  "Join Filter": "(c.c_customer_sk = web_sales.ws_bill_customer_sk)",
                  "Plans": [
                    {
                      "Node Type": "Gather Merge",
                      "Parent Relationship": "Outer",
                      "Parallel Aware": false,
                      "Async Capable": false,
                      "Startup Cost": 741803.7,
                      "Total Cost": 741990.87,
                      "Plan Rows": 1607,
                      "Plan Width": 44,
                      "Workers Planned": 2,
                      "Plans": [
                        {
                          "Node Type": "Sort",
                          "Parent Relationship": "Outer",
                          "Parallel Aware": false,
                          "Async Capable": false,
                          "Startup Cost": 740803.68,
                          "Total Cost": 740805.36,
                          "Plan Rows": 670,
                          "Plan Width": 44,
                          "Sort Key": [
                            "customer_demographics.cd_gender",
                            "customer_demographics.cd_marital_status",
                            "customer_demographics.cd_education_status",
                            "customer_demographics.cd_purchase_estimate",
                            "customer_demographics.cd_credit_rating"
                          ],
                          "Plans": [
                            {
                              "Node Type": "Hash Join",
                              "Parent Relationship": "Outer",
                              "Parallel Aware": true,
                              "Async Capable": false,
                              "Join Type": "Inner",
                              "Startup Cost": 707936.86,
                              "Total Cost": 740772.23,
                              "Plan Rows": 670,
                              "Plan Width": 44,
                              "Inner Unique": false,
                              "Hash Cond": "(customer_demographics.cd_demo_sk = c.c_current_cdemo_sk)",
                              "Plans": [
                                {
                                  "Node Type": "Seq Scan",
                                  "Parent Relationship": "Outer",
                                  "Parallel Aware": true,
                                  "Async Capable": false,
                                  "Relation Name": "customer_demographics",
                                  "Alias": "customer_demographics",
                                  "Startup Cost": 0.0,
                                  "Total Cost": 29831.33,
                                  "Plan Rows": 800333,
                                  "Plan Width": 44,
                                  "parent": 6,
                                  "ID": 7
                                },
                                {
                                  "Node Type": "Hash",
                                  "Parent Relationship": "Inner",
                                  "Parallel Aware": true,
                                  "Async Capable": false,
                                  "Startup Cost": 707928.2,
                                  "Total Cost": 707928.2,
                                  "Plan Rows": 693,
                                  "Plan Width": 8,
                                  "Plans": [
                                    {
                                      "Node Type": "Hash Join",
                                      "Parent Relationship": "Outer",
                                      "Parallel Aware": true,
                                      "Async Capable": false,
                                      "Join Type": "Inner",
                                      "Startup Cost": 691264.24,
                                      "Total Cost": 707928.2,
                                      "Plan Rows": 693,
                                      "Plan Width": 8,
                                      "Inner Unique": false,
                                      "Hash Cond": "(c.c_current_addr_sk = ca.ca_address_sk)",
                                      "Plans": [
                                        {
                                          "Node Type": "Hash Join",
                                          "Parent Relationship": "Outer",
                                          "Parallel Aware": true,
                                          "Async Capable": false,
                                          "Join Type": "Semi",
                                          "Startup Cost": 684328.37,
                                          "Total Cost": 700940.06,
                                          "Plan Rows": 13167,
                                          "Plan Width": 12,
                                          "Inner Unique": false,
                                          "Hash Cond": "(c.c_customer_sk = store_sales.ss_customer_sk)",
                                          "Plans": [
                                            {
                                              "Node Type": "Seq Scan",
                                              "Parent Relationship": "Outer",
                                              "Parallel Aware": true,
                                              "Async Capable": false,
                                              "Relation Name": "customer",
                                              "Alias": "c",
                                              "Startup Cost": 0.0,
                                              "Total Cost": 15918.33,
                                              "Plan Rows": 208333,
                                              "Plan Width": 12,
                                              "parent": 10,
                                              "ID": 11
                                            },
                                            {
                                              "Node Type": "Hash",
                                              "Parent Relationship": "Inner",
                                              "Parallel Aware": true,
                                              "Async Capable": false,
                                              "Startup Cost": 684155.91,
                                              "Total Cost": 684155.91,
                                              "Plan Rows": 13797,
                                              "Plan Width": 4,
                                              "Plans": [
                                                {
                                                  "Node Type": "Hash Join",
                                                  "Parent Relationship": "Outer",
                                                  "Parallel Aware": true,
                                                  "Async Capable": false,
                                                  "Join Type": "Inner",
                                                  "Startup Cost": 2157.62,
                                                  "Total Cost": 684155.91,
                                                  "Plan Rows": 13797,
                                                  "Plan Width": 4,
                                                  "Inner Unique": false,
                                                  "Hash Cond": "(store_sales.ss_sold_date_sk = date_dim.d_date_sk)",
                                                  "Plans": [
                                                    {
                                                      "Node Type": "Seq Scan",
                                                      "Parent Relationship": "Outer",
                                                      "Parallel Aware": true,
                                                      "Async Capable": false,
                                                      "Relation Name": "store_sales",
                                                      "Alias": "store_sales",
                                                      "Startup Cost": 0.0,
                                                      "Total Cost": 636914.37,
                                                      "Plan Rows": 12000637,
                                                      "Plan Width": 8,
                                                      "parent": 13,
                                                      "ID": 14
                                                    },
                                                    {
                                                      "Node Type": "Hash",
                                                      "Parent Relationship": "Inner",
                                                      "Parallel Aware": true,
                                                      "Async Capable": false,
                                                      "Startup Cost": 2156.97,
                                                      "Total Cost": 2156.97,
                                                      "Plan Rows": 52,
                                                      "Plan Width": 4,
                                                      "Plans": [
                                                        {
                                                          "Node Type": "Seq Scan",
                                                          "Parent Relationship": "Outer",
                                                          "Parallel Aware": true,
                                                          "Async Capable": false,
                                                          "Relation Name": "date_dim",
                                                          "Alias": "date_dim",
                                                          "Startup Cost": 0.0,
                                                          "Total Cost": 2156.97,
                                                          "Plan Rows": 52,
                                                          "Plan Width": 4,
                                                          "Filter": "((d_moy >= 2) AND (d_moy <= 4) AND (d_year = 2004))",
                                                          "parent": 15,
                                                          "ID": 16
                                                        }
                                                      ],
                                                      "parent": 13,
                                                      "ID": 15,
                                                      "left": 16
                                                    }
                                                  ],
                                                  "parent": 12,
                                                  "ID": 13,
                                                  "left": 14,
                                                  "right": 15
                                                }
                                              ],
                                              "parent": 10,
                                              "ID": 12,
                                              "left": 13
                                            }
                                          ],
                                          "parent": 9,
                                          "ID": 10,
                                          "left": 11,
                                          "right": 12
                                        },
                                        {
                                          "Node Type": "Hash",
                                          "Parent Relationship": "Inner",
                                          "Parallel Aware": true,
                                          "Async Capable": false,
                                          "Startup Cost": 6867.29,
                                          "Total Cost": 6867.29,
                                          "Plan Rows": 5486,
                                          "Plan Width": 4,
                                          "Plans": [
                                            {
                                              "Node Type": "Seq Scan",
                                              "Parent Relationship": "Outer",
                                              "Parallel Aware": true,
                                              "Async Capable": false,
                                              "Relation Name": "customer_address",
                                              "Alias": "ca",
                                              "Startup Cost": 0.0,
                                              "Total Cost": 6867.29,
                                              "Plan Rows": 5486,
                                              "Plan Width": 4,
                                              "Filter": "(ca_state = ANY ('{MT,FL,SC}'::bpchar[]))",
                                              "parent": 17,
                                              "ID": 18
                                            }
                                          ],
                                          "parent": 9,
                                          "ID": 17,
                                          "left": 18
                                        }
                                      ],
                                      "parent": 8,
                                      "ID": 9,
                                      "left": 10,
                                      "right": 17
                                    }
                                  ],
                                  "parent": 6,
                                  "ID": 8,
                                  "left": 9
                                }
                              ],
                              "parent": 5,
                              "ID": 6,
                              "left": 7,
                              "right": 8
                            }
                          ],
                          "parent": 4,
                          "ID": 5,
                          "left": 6
                        }
                      ],
                      "parent": 3,
                      "ID": 4,
                      "left": 5
                    },
                    {
                      "Node Type": "Materialize",
                      "Parent Relationship": "Inner",
                      "Parallel Aware": false,
                      "Async Capable": false,
                      "Startup Cost": 3157.62,
                      "Total Cost": 233073.27,
                      "Plan Rows": 8669,
                      "Plan Width": 4,
                      "Plans": [
                        {
                          "Node Type": "Gather",
                          "Parent Relationship": "Outer",
                          "Parallel Aware": false,
                          "Async Capable": false,
                          "Startup Cost": 3157.62,
                          "Total Cost": 233029.92,
                          "Plan Rows": 8669,
                          "Plan Width": 4,
                          "Workers Planned": 2,
                          "Single Copy": false,
                          "Plans": [
                            {
                              "Node Type": "Hash Join",
                              "Parent Relationship": "Outer",
                              "Parallel Aware": true,
                              "Async Capable": false,
                              "Join Type": "Inner",
                              "Startup Cost": 2157.62,
                              "Total Cost": 231163.02,
                              "Plan Rows": 3612,
                              "Plan Width": 4,
                              "Inner Unique": false,
                              "Hash Cond": "(web_sales.ws_sold_date_sk = date_dim_1.d_date_sk)",
                              "Plans": [
                                {
                                  "Node Type": "Seq Scan",
                                  "Parent Relationship": "Outer",
                                  "Parallel Aware": true,
                                  "Async Capable": false,
                                  "Relation Name": "web_sales",
                                  "Alias": "web_sales",
                                  "Startup Cost": 0.0,
                                  "Total Cost": 217737.86,
                                  "Plan Rows": 2998986,
                                  "Plan Width": 8,
                                  "parent": 21,
                                  "ID": 22
                                },
                                {
                                  "Node Type": "Hash",
                                  "Parent Relationship": "Inner",
                                  "Parallel Aware": true,
                                  "Async Capable": false,
                                  "Startup Cost": 2156.97,
                                  "Total Cost": 2156.97,
                                  "Plan Rows": 52,
                                  "Plan Width": 4,
                                  "Plans": [
                                    {
                                      "Node Type": "Seq Scan",
                                      "Parent Relationship": "Outer",
                                      "Parallel Aware": true,
                                      "Async Capable": false,
                                      "Relation Name": "date_dim",
                                      "Alias": "date_dim_1",
                                      "Startup Cost": 0.0,
                                      "Total Cost": 2156.97,
                                      "Plan Rows": 52,
                                      "Plan Width": 4,
                                      "Filter": "((d_moy >= 2) AND (d_moy <= 4) AND (d_year = 2004))",
                                      "parent": 23,
                                      "ID": 24
                                    }
                                  ],
                                  "parent": 21,
                                  "ID": 23,
                                  "left": 24
                                }
                              ],
                              "parent": 20,
                              "ID": 21,
                              "left": 22,
                              "right": 23
                            }
                          ],
                          "parent": 19,
                          "ID": 20,
                          "left": 21
                        }
                      ],
                      "parent": 3,
                      "ID": 19,
                      "left": 20
                    }
                  ],
                  "parent": 2,
                  "ID": 3,
                  "left": 4,
                  "right": 19
                },
                {
                  "Node Type": "Materialize",
                  "Parent Relationship": "Inner",
                  "Parallel Aware": false,
                  "Async Capable": false,
                  "Startup Cost": 2684.46,
                  "Total Cost": 574643.56,
                  "Plan Rows": 17251,
                  "Plan Width": 4,
                  "Plans": [
                    {
                      "Node Type": "Hash Join",
                      "Parent Relationship": "Outer",
                      "Parallel Aware": false,
                      "Async Capable": false,
                      "Join Type": "Inner",
                      "Startup Cost": 2684.46,
                      "Total Cost": 574557.31,
                      "Plan Rows": 17251,
                      "Plan Width": 4,
                      "Inner Unique": false,
                      "Hash Cond": "(catalog_sales.cs_sold_date_sk = date_dim_2.d_date_sk)",
                      "Plans": [
                        {
                          "Node Type": "Seq Scan",
                          "Parent Relationship": "Outer",
                          "Parallel Aware": false,
                          "Async Capable": false,
                          "Relation Name": "catalog_sales",
                          "Alias": "catalog_sales",
                          "Startup Cost": 0.0,
                          "Total Cost": 517695.61,
                          "Plan Rows": 14401261,
                          "Plan Width": 8,
                          "parent": 26,
                          "ID": 27
                        },
                        {
                          "Node Type": "Hash",
                          "Parent Relationship": "Inner",
                          "Parallel Aware": false,
                          "Async Capable": false,
                          "Startup Cost": 2683.36,
                          "Total Cost": 2683.36,
                          "Plan Rows": 88,
                          "Plan Width": 4,
                          "Plans": [
                            {
                              "Node Type": "Seq Scan",
                              "Parent Relationship": "Outer",
                              "Parallel Aware": false,
                              "Async Capable": false,
                              "Relation Name": "date_dim",
                              "Alias": "date_dim_2",
                              "Startup Cost": 0.0,
                              "Total Cost": 2683.36,
                              "Plan Rows": 88,
                              "Plan Width": 4,
                              "Filter": "((d_moy >= 2) AND (d_moy <= 4) AND (d_year = 2004))",
                              "parent": 28,
                              "ID": 29
                            }
                          ],
                          "parent": 26,
                          "ID": 28,
                          "left": 29
                        }
                      ],
                      "parent": 25,
                      "ID": 26,
                      "left": 27,
                      "right": 28
                    }
                  ],
                  "parent": 2,
                  "ID": 25,
                  "left": 26
                }
              ],
              "parent": 1,
              "ID": 2,
              "left": 3,
              "right": 25
            }
          ],
          "parent": 0,
          "ID": 1,
          "left": 2
        }
      ],
      "parent": null,
      "ID": 0,
      "left": 1
    },
    "feat": {
      "utility": 0.0,
      "query_shape": [
        [
          "Seq Scan",
          "Hash Join",
          "Sort",
          "Gather Merge",
          "Nested Loop",
          "Aggregate"
        ],
        [
          "Seq Scan",
          "Hash Join",
          "Hash",
          "Sort",
          "Gather Merge",
          "Nested Loop",
          "Aggregate"
        ],
        [
          "Seq Scan",
          "Hash Join",
          "Hash",
          "Sort",
          "Gather Merge",
          "Nested Loop",
          "Aggregate"
        ],
        [
          "Seq Scan",
          "Hash",
          "Hash Join",
          "Sort",
          "Gather Merge",
          "Nested Loop",
          "Aggregate"
        ],
        [
          "Seq Scan",
          "Hash",
          "Hash Join",
          "Sort",
          "Gather Merge",
          "Nested Loop",
          "Aggregate"
        ],
        [
          "Seq Scan",
          "Hash Join",
          "Gather",
          "Materialize",
          "Nested Loop",
          "Aggregate"
        ],
        [
          "Seq Scan",
          "Hash",
          "Hash Join",
          "Gather",
          "Materialize",
          "Nested Loop",
          "Aggregate"
        ],
        [
          "Seq Scan",
          "Hash Join",
          "Materialize",
          "Nested Loop",
          "Aggregate"
        ],
        [
          "Seq Scan",
          "Hash",
          "Hash Join",
          "Materialize",
          "Nested Loop",
          "Aggregate"
        ]
      ],
      "index_shape": [
        "order-by"
      ],
      "physical_operator": {
        "Sort": [
          "[  500.           500.           500.          1000.\n  1000.          1450.00000001  1500.          1500.\n  2000.          2000.          2400.00000002  2500.\n  2500.          3000.          3000.          3349.99999998\n  3500.          3500.          4000.          4000.\n  4300.00000005  4500.          4500.          5000.\n  5000.          5250.          5500.          5500.\n  6000.          6000.          6199.99999995  6500.\n  6500.          7000.          7000.          7149.99999991\n  7500.          7500.          8000.          8000.\n  8100.00000009  8500.          8500.          9000.\n  9000.          9050.00000005  9500.          9500.\n 10000.         10000.         10000.        ]"
        ],
        "Aggregate": [
          "[  500.           500.           500.          1000.\n  1000.          1450.00000001  1500.          1500.\n  2000.          2000.          2400.00000002  2500.\n  2500.          3000.          3000.          3349.99999998\n  3500.          3500.          4000.          4000.\n  4300.00000005  4500.          4500.          5000.\n  5000.          5250.          5500.          5500.\n  6000.          6000.          6199.99999995  6500.\n  6500.          7000.          7000.          7149.99999991\n  7500.          7500.          8000.          8000.\n  8100.00000009  8500.          8500.          9000.\n  9000.          9050.00000005  9500.          9500.\n 10000.         10000.         10000.        ]"
        ]
      }
    }
  },
  {
    "query": "select  \n  cd_gender,\n  cd_marital_status,\n  cd_education_status,\n  count(*) cnt1,\n  cd_purchase_estimate,\n  count(*) cnt2,\n  cd_credit_rating,\n  count(*) cnt3\n from\n  customer c,customer_address ca,customer_demographics\n where\n  c.c_current_addr_sk = ca.ca_address_sk and\n  ca_state in ('MT','FL','SC') and\n  cd_demo_sk = c.c_current_cdemo_sk and \n  exists (select *\n          from store_sales,date_dim\n          where c.c_customer_sk = ss_customer_sk and\n                ss_sold_date_sk = d_date_sk and\n                d_year = 2004 and\n                d_moy between 2 and 2+2) and\n   (not exists (select *\n            from web_sales,date_dim\n            where c.c_customer_sk = ws_bill_customer_sk and\n                  ws_sold_date_sk = d_date_sk and\n                  d_year = 2004 and\n                  d_moy between 2 and 2+2) and\n    not exists (select * \n            from catalog_sales,date_dim\n            where c.c_customer_sk = cs_ship_customer_sk and\n                  cs_sold_date_sk = d_date_sk and\n                  d_year = 2004 and\n                  d_moy between 2 and 2+2))\n group by cd_gender,\n          cd_marital_status,\n          cd_education_status,\n          cd_purchase_estimate,\n          cd_credit_rating\n order by cd_gender,\n          cd_marital_status,\n          cd_education_status,\n          cd_purchase_estimate,\n          cd_credit_rating\n limit 100;\n\n-- end query 51 in stream 0 using template query69.tpl\n",
    "indexes": "customer_demographics.cd_demo_sk",
    "wo plan est": {
      "Node Type": "Limit",
      "Parallel Aware": false,
      "Async Capable": false,
      "Startup Cost": 747645.79,
      "Total Cost": 840733.75,
      "Plan Rows": 100,
      "Plan Width": 64,
      "Plans": [
        {
          "Node Type": "Aggregate",
          "Strategy": "Sorted",
          "Partial Mode": "Simple",
          "Parent Relationship": "Outer",
          "Parallel Aware": false,
          "Async Capable": false,
          "Startup Cost": 747645.79,
          "Total Cost": 2167237.2,
          "Plan Rows": 1525,
          "Plan Width": 64,
          "Group Key": [
            "customer_demographics.cd_gender",
            "customer_demographics.cd_marital_status",
            "customer_demographics.cd_education_status",
            "customer_demographics.cd_purchase_estimate",
            "customer_demographics.cd_credit_rating"
          ],
          "Plans": [
            {
              "Node Type": "Nested Loop",
              "Parent Relationship": "Outer",
              "Parallel Aware": false,
              "Async Capable": false,
              "Join Type": "Anti",
              "Startup Cost": 747645.79,
              "Total Cost": 2167199.07,
              "Plan Rows": 1525,
              "Plan Width": 40,
              "Inner Unique": false,
              "Join Filter": "(c.c_customer_sk = catalog_sales.cs_ship_customer_sk)",
              "Plans": [
                {
                  "Node Type": "Nested Loop",
                  "Parent Relationship": "Outer",
                  "Parallel Aware": false,
                  "Async Capable": false,
                  "Join Type": "Anti",
                  "Startup Cost": 744961.33,
                  "Total Cost": 1184008.71,
                  "Plan Rows": 1579,
                  "Plan Width": 44,
                  "Inner Unique": false,
                  "Join Filter": "(c.c_customer_sk = web_sales.ws_bill_customer_sk)",
                  "Plans": [
                    {
                      "Node Type": "Gather Merge",
                      "Parent Relationship": "Outer",
                      "Parallel Aware": false,
                      "Async Capable": false,
                      "Startup Cost": 741803.7,
                      "Total Cost": 741990.87,
                      "Plan Rows": 1607,
                      "Plan Width": 44,
                      "Workers Planned": 2,
                      "Plans": [
                        {
                          "Node Type": "Sort",
                          "Parent Relationship": "Outer",
                          "Parallel Aware": false,
                          "Async Capable": false,
                          "Startup Cost": 740803.68,
                          "Total Cost": 740805.36,
                          "Plan Rows": 670,
                          "Plan Width": 44,
                          "Sort Key": [
                            "customer_demographics.cd_gender",
                            "customer_demographics.cd_marital_status",
                            "customer_demographics.cd_education_status",
                            "customer_demographics.cd_purchase_estimate",
                            "customer_demographics.cd_credit_rating"
                          ],
                          "Plans": [
                            {
                              "Node Type": "Hash Join",
                              "Parent Relationship": "Outer",
                              "Parallel Aware": true,
                              "Async Capable": false,
                              "Join Type": "Inner",
                              "Startup Cost": 707936.86,
                              "Total Cost": 740772.23,
                              "Plan Rows": 670,
                              "Plan Width": 44,
                              "Inner Unique": false,
                              "Hash Cond": "(customer_demographics.cd_demo_sk = c.c_current_cdemo_sk)",
                              "Plans": [
                                {
                                  "Node Type": "Seq Scan",
                                  "Parent Relationship": "Outer",
                                  "Parallel Aware": true,
                                  "Async Capable": false,
                                  "Relation Name": "customer_demographics",
                                  "Alias": "customer_demographics",
                                  "Startup Cost": 0.0,
                                  "Total Cost": 29831.33,
                                  "Plan Rows": 800333,
                                  "Plan Width": 44,
                                  "parent": 6,
                                  "ID": 7
                                },
                                {
                                  "Node Type": "Hash",
                                  "Parent Relationship": "Inner",
                                  "Parallel Aware": true,
                                  "Async Capable": false,
                                  "Startup Cost": 707928.2,
                                  "Total Cost": 707928.2,
                                  "Plan Rows": 693,
                                  "Plan Width": 8,
                                  "Plans": [
                                    {
                                      "Node Type": "Hash Join",
                                      "Parent Relationship": "Outer",
                                      "Parallel Aware": true,
                                      "Async Capable": false,
                                      "Join Type": "Inner",
                                      "Startup Cost": 691264.24,
                                      "Total Cost": 707928.2,
                                      "Plan Rows": 693,
                                      "Plan Width": 8,
                                      "Inner Unique": false,
                                      "Hash Cond": "(c.c_current_addr_sk = ca.ca_address_sk)",
                                      "Plans": [
                                        {
                                          "Node Type": "Hash Join",
                                          "Parent Relationship": "Outer",
                                          "Parallel Aware": true,
                                          "Async Capable": false,
                                          "Join Type": "Semi",
                                          "Startup Cost": 684328.37,
                                          "Total Cost": 700940.06,
                                          "Plan Rows": 13167,
                                          "Plan Width": 12,
                                          "Inner Unique": false,
                                          "Hash Cond": "(c.c_customer_sk = store_sales.ss_customer_sk)",
                                          "Plans": [
                                            {
                                              "Node Type": "Seq Scan",
                                              "Parent Relationship": "Outer",
                                              "Parallel Aware": true,
                                              "Async Capable": false,
                                              "Relation Name": "customer",
                                              "Alias": "c",
                                              "Startup Cost": 0.0,
                                              "Total Cost": 15918.33,
                                              "Plan Rows": 208333,
                                              "Plan Width": 12,
                                              "parent": 10,
                                              "ID": 11
                                            },
                                            {
                                              "Node Type": "Hash",
                                              "Parent Relationship": "Inner",
                                              "Parallel Aware": true,
                                              "Async Capable": false,
                                              "Startup Cost": 684155.91,
                                              "Total Cost": 684155.91,
                                              "Plan Rows": 13797,
                                              "Plan Width": 4,
                                              "Plans": [
                                                {
                                                  "Node Type": "Hash Join",
                                                  "Parent Relationship": "Outer",
                                                  "Parallel Aware": true,
                                                  "Async Capable": false,
                                                  "Join Type": "Inner",
                                                  "Startup Cost": 2157.62,
                                                  "Total Cost": 684155.91,
                                                  "Plan Rows": 13797,
                                                  "Plan Width": 4,
                                                  "Inner Unique": false,
                                                  "Hash Cond": "(store_sales.ss_sold_date_sk = date_dim.d_date_sk)",
                                                  "Plans": [
                                                    {
                                                      "Node Type": "Seq Scan",
                                                      "Parent Relationship": "Outer",
                                                      "Parallel Aware": true,
                                                      "Async Capable": false,
                                                      "Relation Name": "store_sales",
                                                      "Alias": "store_sales",
                                                      "Startup Cost": 0.0,
                                                      "Total Cost": 636914.37,
                                                      "Plan Rows": 12000637,
                                                      "Plan Width": 8,
                                                      "parent": 13,
                                                      "ID": 14
                                                    },
                                                    {
                                                      "Node Type": "Hash",
                                                      "Parent Relationship": "Inner",
                                                      "Parallel Aware": true,
                                                      "Async Capable": false,
                                                      "Startup Cost": 2156.97,
                                                      "Total Cost": 2156.97,
                                                      "Plan Rows": 52,
                                                      "Plan Width": 4,
                                                      "Plans": [
                                                        {
                                                          "Node Type": "Seq Scan",
                                                          "Parent Relationship": "Outer",
                                                          "Parallel Aware": true,
                                                          "Async Capable": false,
                                                          "Relation Name": "date_dim",
                                                          "Alias": "date_dim",
                                                          "Startup Cost": 0.0,
                                                          "Total Cost": 2156.97,
                                                          "Plan Rows": 52,
                                                          "Plan Width": 4,
                                                          "Filter": "((d_moy >= 2) AND (d_moy <= 4) AND (d_year = 2004))",
                                                          "parent": 15,
                                                          "ID": 16
                                                        }
                                                      ],
                                                      "parent": 13,
                                                      "ID": 15,
                                                      "left": 16
                                                    }
                                                  ],
                                                  "parent": 12,
                                                  "ID": 13,
                                                  "left": 14,
                                                  "right": 15
                                                }
                                              ],
                                              "parent": 10,
                                              "ID": 12,
                                              "left": 13
                                            }
                                          ],
                                          "parent": 9,
                                          "ID": 10,
                                          "left": 11,
                                          "right": 12
                                        },
                                        {
                                          "Node Type": "Hash",
                                          "Parent Relationship": "Inner",
                                          "Parallel Aware": true,
                                          "Async Capable": false,
                                          "Startup Cost": 6867.29,
                                          "Total Cost": 6867.29,
                                          "Plan Rows": 5486,
                                          "Plan Width": 4,
                                          "Plans": [
                                            {
                                              "Node Type": "Seq Scan",
                                              "Parent Relationship": "Outer",
                                              "Parallel Aware": true,
                                              "Async Capable": false,
                                              "Relation Name": "customer_address",
                                              "Alias": "ca",
                                              "Startup Cost": 0.0,
                                              "Total Cost": 6867.29,
                                              "Plan Rows": 5486,
                                              "Plan Width": 4,
                                              "Filter": "(ca_state = ANY ('{MT,FL,SC}'::bpchar[]))",
                                              "parent": 17,
                                              "ID": 18
                                            }
                                          ],
                                          "parent": 9,
                                          "ID": 17,
                                          "left": 18
                                        }
                                      ],
                                      "parent": 8,
                                      "ID": 9,
                                      "left": 10,
                                      "right": 17
                                    }
                                  ],
                                  "parent": 6,
                                  "ID": 8,
                                  "left": 9
                                }
                              ],
                              "parent": 5,
                              "ID": 6,
                              "left": 7,
                              "right": 8
                            }
                          ],
                          "parent": 4,
                          "ID": 5,
                          "left": 6
                        }
                      ],
                      "parent": 3,
                      "ID": 4,
                      "left": 5
                    },
                    {
                      "Node Type": "Materialize",
                      "Parent Relationship": "Inner",
                      "Parallel Aware": false,
                      "Async Capable": false,
                      "Startup Cost": 3157.62,
                      "Total Cost": 233073.27,
                      "Plan Rows": 8669,
                      "Plan Width": 4,
                      "Plans": [
                        {
                          "Node Type": "Gather",
                          "Parent Relationship": "Outer",
                          "Parallel Aware": false,
                          "Async Capable": false,
                          "Startup Cost": 3157.62,
                          "Total Cost": 233029.92,
                          "Plan Rows": 8669,
                          "Plan Width": 4,
                          "Workers Planned": 2,
                          "Single Copy": false,
                          "Plans": [
                            {
                              "Node Type": "Hash Join",
                              "Parent Relationship": "Outer",
                              "Parallel Aware": true,
                              "Async Capable": false,
                              "Join Type": "Inner",
                              "Startup Cost": 2157.62,
                              "Total Cost": 231163.02,
                              "Plan Rows": 3612,
                              "Plan Width": 4,
                              "Inner Unique": false,
                              "Hash Cond": "(web_sales.ws_sold_date_sk = date_dim_1.d_date_sk)",
                              "Plans": [
                                {
                                  "Node Type": "Seq Scan",
                                  "Parent Relationship": "Outer",
                                  "Parallel Aware": true,
                                  "Async Capable": false,
                                  "Relation Name": "web_sales",
                                  "Alias": "web_sales",
                                  "Startup Cost": 0.0,
                                  "Total Cost": 217737.86,
                                  "Plan Rows": 2998986,
                                  "Plan Width": 8,
                                  "parent": 21,
                                  "ID": 22
                                },
                                {
                                  "Node Type": "Hash",
                                  "Parent Relationship": "Inner",
                                  "Parallel Aware": true,
                                  "Async Capable": false,
                                  "Startup Cost": 2156.97,
                                  "Total Cost": 2156.97,
                                  "Plan Rows": 52,
                                  "Plan Width": 4,
                                  "Plans": [
                                    {
                                      "Node Type": "Seq Scan",
                                      "Parent Relationship": "Outer",
                                      "Parallel Aware": true,
                                      "Async Capable": false,
                                      "Relation Name": "date_dim",
                                      "Alias": "date_dim_1",
                                      "Startup Cost": 0.0,
                                      "Total Cost": 2156.97,
                                      "Plan Rows": 52,
                                      "Plan Width": 4,
                                      "Filter": "((d_moy >= 2) AND (d_moy <= 4) AND (d_year = 2004))",
                                      "parent": 23,
                                      "ID": 24
                                    }
                                  ],
                                  "parent": 21,
                                  "ID": 23,
                                  "left": 24
                                }
                              ],
                              "parent": 20,
                              "ID": 21,
                              "left": 22,
                              "right": 23
                            }
                          ],
                          "parent": 19,
                          "ID": 20,
                          "left": 21
                        }
                      ],
                      "parent": 3,
                      "ID": 19,
                      "left": 20
                    }
                  ],
                  "parent": 2,
                  "ID": 3,
                  "left": 4,
                  "right": 19
                },
                {
                  "Node Type": "Materialize",
                  "Parent Relationship": "Inner",
                  "Parallel Aware": false,
                  "Async Capable": false,
                  "Startup Cost": 2684.46,
                  "Total Cost": 574643.56,
                  "Plan Rows": 17251,
                  "Plan Width": 4,
                  "Plans": [
                    {
                      "Node Type": "Hash Join",
                      "Parent Relationship": "Outer",
                      "Parallel Aware": false,
                      "Async Capable": false,
                      "Join Type": "Inner",
                      "Startup Cost": 2684.46,
                      "Total Cost": 574557.31,
                      "Plan Rows": 17251,
                      "Plan Width": 4,
                      "Inner Unique": false,
                      "Hash Cond": "(catalog_sales.cs_sold_date_sk = date_dim_2.d_date_sk)",
                      "Plans": [
                        {
                          "Node Type": "Seq Scan",
                          "Parent Relationship": "Outer",
                          "Parallel Aware": false,
                          "Async Capable": false,
                          "Relation Name": "catalog_sales",
                          "Alias": "catalog_sales",
                          "Startup Cost": 0.0,
                          "Total Cost": 517695.61,
                          "Plan Rows": 14401261,
                          "Plan Width": 8,
                          "parent": 26,
                          "ID": 27
                        },
                        {
                          "Node Type": "Hash",
                          "Parent Relationship": "Inner",
                          "Parallel Aware": false,
                          "Async Capable": false,
                          "Startup Cost": 2683.36,
                          "Total Cost": 2683.36,
                          "Plan Rows": 88,
                          "Plan Width": 4,
                          "Plans": [
                            {
                              "Node Type": "Seq Scan",
                              "Parent Relationship": "Outer",
                              "Parallel Aware": false,
                              "Async Capable": false,
                              "Relation Name": "date_dim",
                              "Alias": "date_dim_2",
                              "Startup Cost": 0.0,
                              "Total Cost": 2683.36,
                              "Plan Rows": 88,
                              "Plan Width": 4,
                              "Filter": "((d_moy >= 2) AND (d_moy <= 4) AND (d_year = 2004))",
                              "parent": 28,
                              "ID": 29
                            }
                          ],
                          "parent": 26,
                          "ID": 28,
                          "left": 29
                        }
                      ],
                      "parent": 25,
                      "ID": 26,
                      "left": 27,
                      "right": 28
                    }
                  ],
                  "parent": 2,
                  "ID": 25,
                  "left": 26
                }
              ],
              "parent": 1,
              "ID": 2,
              "left": 3,
              "right": 25
            }
          ],
          "parent": 0,
          "ID": 1,
          "left": 2
        }
      ],
      "parent": null,
      "ID": 0,
      "left": 1
    },
    "feat": {
      "utility": 0.0031881802427379574,
      "query_shape": [
        [
          "Seq Scan",
          "Hash Join",
          "Sort",
          "Gather Merge",
          "Nested Loop",
          "Aggregate"
        ],
        [
          "Seq Scan",
          "Hash Join",
          "Hash",
          "Sort",
          "Gather Merge",
          "Nested Loop",
          "Aggregate"
        ],
        [
          "Seq Scan",
          "Hash Join",
          "Hash",
          "Sort",
          "Gather Merge",
          "Nested Loop",
          "Aggregate"
        ],
        [
          "Seq Scan",
          "Hash",
          "Hash Join",
          "Sort",
          "Gather Merge",
          "Nested Loop",
          "Aggregate"
        ],
        [
          "Seq Scan",
          "Hash",
          "Hash Join",
          "Sort",
          "Gather Merge",
          "Nested Loop",
          "Aggregate"
        ],
        [
          "Seq Scan",
          "Hash Join",
          "Gather",
          "Materialize",
          "Nested Loop",
          "Aggregate"
        ],
        [
          "Seq Scan",
          "Hash",
          "Hash Join",
          "Gather",
          "Materialize",
          "Nested Loop",
          "Aggregate"
        ],
        [
          "Seq Scan",
          "Hash Join",
          "Materialize",
          "Nested Loop",
          "Aggregate"
        ],
        [
          "Seq Scan",
          "Hash",
          "Hash Join",
          "Materialize",
          "Nested Loop",
          "Aggregate"
        ]
      ],
      "index_shape": [
        "join"
      ],
      "physical_operator": {
        "Hash Join": [
          0.0010990954799231097
        ]
      }
    }
  },
  {
    "query": "select  \n  cd_gender,\n  cd_marital_status,\n  cd_education_status,\n  count(*) cnt1,\n  cd_purchase_estimate,\n  count(*) cnt2,\n  cd_credit_rating,\n  count(*) cnt3\n from\n  customer c,customer_address ca,customer_demographics\n where\n  c.c_current_addr_sk = ca.ca_address_sk and\n  ca_state in ('MT','FL','SC') and\n  cd_demo_sk = c.c_current_cdemo_sk and \n  exists (select *\n          from store_sales,date_dim\n          where c.c_customer_sk = ss_customer_sk and\n                ss_sold_date_sk = d_date_sk and\n                d_year = 2004 and\n                d_moy between 2 and 2+2) and\n   (not exists (select *\n            from web_sales,date_dim\n            where c.c_customer_sk = ws_bill_customer_sk and\n                  ws_sold_date_sk = d_date_sk and\n                  d_year = 2004 and\n                  d_moy between 2 and 2+2) and\n    not exists (select * \n            from catalog_sales,date_dim\n            where c.c_customer_sk = cs_ship_customer_sk and\n                  cs_sold_date_sk = d_date_sk and\n                  d_year = 2004 and\n                  d_moy between 2 and 2+2))\n group by cd_gender,\n          cd_marital_status,\n          cd_education_status,\n          cd_purchase_estimate,\n          cd_credit_rating\n order by cd_gender,\n          cd_marital_status,\n          cd_education_status,\n          cd_purchase_estimate,\n          cd_credit_rating\n limit 100;\n\n-- end query 51 in stream 0 using template query69.tpl\n",
    "indexes": "customer_demographics.cd_gender",
    "wo plan est": {
      "Node Type": "Limit",
      "Parallel Aware": false,
      "Async Capable": false,
      "Startup Cost": 747645.79,
      "Total Cost": 840733.75,
      "Plan Rows": 100,
      "Plan Width": 64,
      "Plans": [
        {
          "Node Type": "Aggregate",
          "Strategy": "Sorted",
          "Partial Mode": "Simple",
          "Parent Relationship": "Outer",
          "Parallel Aware": false,
          "Async Capable": false,
          "Startup Cost": 747645.79,
          "Total Cost": 2167237.2,
          "Plan Rows": 1525,
          "Plan Width": 64,
          "Group Key": [
            "customer_demographics.cd_gender",
            "customer_demographics.cd_marital_status",
            "customer_demographics.cd_education_status",
            "customer_demographics.cd_purchase_estimate",
            "customer_demographics.cd_credit_rating"
          ],
          "Plans": [
            {
              "Node Type": "Nested Loop",
              "Parent Relationship": "Outer",
              "Parallel Aware": false,
              "Async Capable": false,
              "Join Type": "Anti",
              "Startup Cost": 747645.79,
              "Total Cost": 2167199.07,
              "Plan Rows": 1525,
              "Plan Width": 40,
              "Inner Unique": false,
              "Join Filter": "(c.c_customer_sk = catalog_sales.cs_ship_customer_sk)",
              "Plans": [
                {
                  "Node Type": "Nested Loop",
                  "Parent Relationship": "Outer",
                  "Parallel Aware": false,
                  "Async Capable": false,
                  "Join Type": "Anti",
                  "Startup Cost": 744961.33,
                  "Total Cost": 1184008.71,
                  "Plan Rows": 1579,
                  "Plan Width": 44,
                  "Inner Unique": false,
                  "Join Filter": "(c.c_customer_sk = web_sales.ws_bill_customer_sk)",
                  "Plans": [
                    {
                      "Node Type": "Gather Merge",
                      "Parent Relationship": "Outer",
                      "Parallel Aware": false,
                      "Async Capable": false,
                      "Startup Cost": 741803.7,
                      "Total Cost": 741990.87,
                      "Plan Rows": 1607,
                      "Plan Width": 44,
                      "Workers Planned": 2,
                      "Plans": [
                        {
                          "Node Type": "Sort",
                          "Parent Relationship": "Outer",
                          "Parallel Aware": false,
                          "Async Capable": false,
                          "Startup Cost": 740803.68,
                          "Total Cost": 740805.36,
                          "Plan Rows": 670,
                          "Plan Width": 44,
                          "Sort Key": [
                            "customer_demographics.cd_gender",
                            "customer_demographics.cd_marital_status",
                            "customer_demographics.cd_education_status",
                            "customer_demographics.cd_purchase_estimate",
                            "customer_demographics.cd_credit_rating"
                          ],
                          "Plans": [
                            {
                              "Node Type": "Hash Join",
                              "Parent Relationship": "Outer",
                              "Parallel Aware": true,
                              "Async Capable": false,
                              "Join Type": "Inner",
                              "Startup Cost": 707936.86,
                              "Total Cost": 740772.23,
                              "Plan Rows": 670,
                              "Plan Width": 44,
                              "Inner Unique": false,
                              "Hash Cond": "(customer_demographics.cd_demo_sk = c.c_current_cdemo_sk)",
                              "Plans": [
                                {
                                  "Node Type": "Seq Scan",
                                  "Parent Relationship": "Outer",
                                  "Parallel Aware": true,
                                  "Async Capable": false,
                                  "Relation Name": "customer_demographics",
                                  "Alias": "customer_demographics",
                                  "Startup Cost": 0.0,
                                  "Total Cost": 29831.33,
                                  "Plan Rows": 800333,
                                  "Plan Width": 44,
                                  "parent": 6,
                                  "ID": 7
                                },
                                {
                                  "Node Type": "Hash",
                                  "Parent Relationship": "Inner",
                                  "Parallel Aware": true,
                                  "Async Capable": false,
                                  "Startup Cost": 707928.2,
                                  "Total Cost": 707928.2,
                                  "Plan Rows": 693,
                                  "Plan Width": 8,
                                  "Plans": [
                                    {
                                      "Node Type": "Hash Join",
                                      "Parent Relationship": "Outer",
                                      "Parallel Aware": true,
                                      "Async Capable": false,
                                      "Join Type": "Inner",
                                      "Startup Cost": 691264.24,
                                      "Total Cost": 707928.2,
                                      "Plan Rows": 693,
                                      "Plan Width": 8,
                                      "Inner Unique": false,
                                      "Hash Cond": "(c.c_current_addr_sk = ca.ca_address_sk)",
                                      "Plans": [
                                        {
                                          "Node Type": "Hash Join",
                                          "Parent Relationship": "Outer",
                                          "Parallel Aware": true,
                                          "Async Capable": false,
                                          "Join Type": "Semi",
                                          "Startup Cost": 684328.37,
                                          "Total Cost": 700940.06,
                                          "Plan Rows": 13167,
                                          "Plan Width": 12,
                                          "Inner Unique": false,
                                          "Hash Cond": "(c.c_customer_sk = store_sales.ss_customer_sk)",
                                          "Plans": [
                                            {
                                              "Node Type": "Seq Scan",
                                              "Parent Relationship": "Outer",
                                              "Parallel Aware": true,
                                              "Async Capable": false,
                                              "Relation Name": "customer",
                                              "Alias": "c",
                                              "Startup Cost": 0.0,
                                              "Total Cost": 15918.33,
                                              "Plan Rows": 208333,
                                              "Plan Width": 12,
                                              "parent": 10,
                                              "ID": 11
                                            },
                                            {
                                              "Node Type": "Hash",
                                              "Parent Relationship": "Inner",
                                              "Parallel Aware": true,
                                              "Async Capable": false,
                                              "Startup Cost": 684155.91,
                                              "Total Cost": 684155.91,
                                              "Plan Rows": 13797,
                                              "Plan Width": 4,
                                              "Plans": [
                                                {
                                                  "Node Type": "Hash Join",
                                                  "Parent Relationship": "Outer",
                                                  "Parallel Aware": true,
                                                  "Async Capable": false,
                                                  "Join Type": "Inner",
                                                  "Startup Cost": 2157.62,
                                                  "Total Cost": 684155.91,
                                                  "Plan Rows": 13797,
                                                  "Plan Width": 4,
                                                  "Inner Unique": false,
                                                  "Hash Cond": "(store_sales.ss_sold_date_sk = date_dim.d_date_sk)",
                                                  "Plans": [
                                                    {
                                                      "Node Type": "Seq Scan",
                                                      "Parent Relationship": "Outer",
                                                      "Parallel Aware": true,
                                                      "Async Capable": false,
                                                      "Relation Name": "store_sales",
                                                      "Alias": "store_sales",
                                                      "Startup Cost": 0.0,
                                                      "Total Cost": 636914.37,
                                                      "Plan Rows": 12000637,
                                                      "Plan Width": 8,
                                                      "parent": 13,
                                                      "ID": 14
                                                    },
                                                    {
                                                      "Node Type": "Hash",
                                                      "Parent Relationship": "Inner",
                                                      "Parallel Aware": true,
                                                      "Async Capable": false,
                                                      "Startup Cost": 2156.97,
                                                      "Total Cost": 2156.97,
                                                      "Plan Rows": 52,
                                                      "Plan Width": 4,
                                                      "Plans": [
                                                        {
                                                          "Node Type": "Seq Scan",
                                                          "Parent Relationship": "Outer",
                                                          "Parallel Aware": true,
                                                          "Async Capable": false,
                                                          "Relation Name": "date_dim",
                                                          "Alias": "date_dim",
                                                          "Startup Cost": 0.0,
                                                          "Total Cost": 2156.97,
                                                          "Plan Rows": 52,
                                                          "Plan Width": 4,
                                                          "Filter": "((d_moy >= 2) AND (d_moy <= 4) AND (d_year = 2004))",
                                                          "parent": 15,
                                                          "ID": 16
                                                        }
                                                      ],
                                                      "parent": 13,
                                                      "ID": 15,
                                                      "left": 16
                                                    }
                                                  ],
                                                  "parent": 12,
                                                  "ID": 13,
                                                  "left": 14,
                                                  "right": 15
                                                }
                                              ],
                                              "parent": 10,
                                              "ID": 12,
                                              "left": 13
                                            }
                                          ],
                                          "parent": 9,
                                          "ID": 10,
                                          "left": 11,
                                          "right": 12
                                        },
                                        {
                                          "Node Type": "Hash",
                                          "Parent Relationship": "Inner",
                                          "Parallel Aware": true,
                                          "Async Capable": false,
                                          "Startup Cost": 6867.29,
                                          "Total Cost": 6867.29,
                                          "Plan Rows": 5486,
                                          "Plan Width": 4,
                                          "Plans": [
                                            {
                                              "Node Type": "Seq Scan",
                                              "Parent Relationship": "Outer",
                                              "Parallel Aware": true,
                                              "Async Capable": false,
                                              "Relation Name": "customer_address",
                                              "Alias": "ca",
                                              "Startup Cost": 0.0,
                                              "Total Cost": 6867.29,
                                              "Plan Rows": 5486,
                                              "Plan Width": 4,
                                              "Filter": "(ca_state = ANY ('{MT,FL,SC}'::bpchar[]))",
                                              "parent": 17,
                                              "ID": 18
                                            }
                                          ],
                                          "parent": 9,
                                          "ID": 17,
                                          "left": 18
                                        }
                                      ],
                                      "parent": 8,
                                      "ID": 9,
                                      "left": 10,
                                      "right": 17
                                    }
                                  ],
                                  "parent": 6,
                                  "ID": 8,
                                  "left": 9
                                }
                              ],
                              "parent": 5,
                              "ID": 6,
                              "left": 7,
                              "right": 8
                            }
                          ],
                          "parent": 4,
                          "ID": 5,
                          "left": 6
                        }
                      ],
                      "parent": 3,
                      "ID": 4,
                      "left": 5
                    },
                    {
                      "Node Type": "Materialize",
                      "Parent Relationship": "Inner",
                      "Parallel Aware": false,
                      "Async Capable": false,
                      "Startup Cost": 3157.62,
                      "Total Cost": 233073.27,
                      "Plan Rows": 8669,
                      "Plan Width": 4,
                      "Plans": [
                        {
                          "Node Type": "Gather",
                          "Parent Relationship": "Outer",
                          "Parallel Aware": false,
                          "Async Capable": false,
                          "Startup Cost": 3157.62,
                          "Total Cost": 233029.92,
                          "Plan Rows": 8669,
                          "Plan Width": 4,
                          "Workers Planned": 2,
                          "Single Copy": false,
                          "Plans": [
                            {
                              "Node Type": "Hash Join",
                              "Parent Relationship": "Outer",
                              "Parallel Aware": true,
                              "Async Capable": false,
                              "Join Type": "Inner",
                              "Startup Cost": 2157.62,
                              "Total Cost": 231163.02,
                              "Plan Rows": 3612,
                              "Plan Width": 4,
                              "Inner Unique": false,
                              "Hash Cond": "(web_sales.ws_sold_date_sk = date_dim_1.d_date_sk)",
                              "Plans": [
                                {
                                  "Node Type": "Seq Scan",
                                  "Parent Relationship": "Outer",
                                  "Parallel Aware": true,
                                  "Async Capable": false,
                                  "Relation Name": "web_sales",
                                  "Alias": "web_sales",
                                  "Startup Cost": 0.0,
                                  "Total Cost": 217737.86,
                                  "Plan Rows": 2998986,
                                  "Plan Width": 8,
                                  "parent": 21,
                                  "ID": 22
                                },
                                {
                                  "Node Type": "Hash",
                                  "Parent Relationship": "Inner",
                                  "Parallel Aware": true,
                                  "Async Capable": false,
                                  "Startup Cost": 2156.97,
                                  "Total Cost": 2156.97,
                                  "Plan Rows": 52,
                                  "Plan Width": 4,
                                  "Plans": [
                                    {
                                      "Node Type": "Seq Scan",
                                      "Parent Relationship": "Outer",
                                      "Parallel Aware": true,
                                      "Async Capable": false,
                                      "Relation Name": "date_dim",
                                      "Alias": "date_dim_1",
                                      "Startup Cost": 0.0,
                                      "Total Cost": 2156.97,
                                      "Plan Rows": 52,
                                      "Plan Width": 4,
                                      "Filter": "((d_moy >= 2) AND (d_moy <= 4) AND (d_year = 2004))",
                                      "parent": 23,
                                      "ID": 24
                                    }
                                  ],
                                  "parent": 21,
                                  "ID": 23,
                                  "left": 24
                                }
                              ],
                              "parent": 20,
                              "ID": 21,
                              "left": 22,
                              "right": 23
                            }
                          ],
                          "parent": 19,
                          "ID": 20,
                          "left": 21
                        }
                      ],
                      "parent": 3,
                      "ID": 19,
                      "left": 20
                    }
                  ],
                  "parent": 2,
                  "ID": 3,
                  "left": 4,
                  "right": 19
                },
                {
                  "Node Type": "Materialize",
                  "Parent Relationship": "Inner",
                  "Parallel Aware": false,
                  "Async Capable": false,
                  "Startup Cost": 2684.46,
                  "Total Cost": 574643.56,
                  "Plan Rows": 17251,
                  "Plan Width": 4,
                  "Plans": [
                    {
                      "Node Type": "Hash Join",
                      "Parent Relationship": "Outer",
                      "Parallel Aware": false,
                      "Async Capable": false,
                      "Join Type": "Inner",
                      "Startup Cost": 2684.46,
                      "Total Cost": 574557.31,
                      "Plan Rows": 17251,
                      "Plan Width": 4,
                      "Inner Unique": false,
                      "Hash Cond": "(catalog_sales.cs_sold_date_sk = date_dim_2.d_date_sk)",
                      "Plans": [
                        {
                          "Node Type": "Seq Scan",
                          "Parent Relationship": "Outer",
                          "Parallel Aware": false,
                          "Async Capable": false,
                          "Relation Name": "catalog_sales",
                          "Alias": "catalog_sales",
                          "Startup Cost": 0.0,
                          "Total Cost": 517695.61,
                          "Plan Rows": 14401261,
                          "Plan Width": 8,
                          "parent": 26,
                          "ID": 27
                        },
                        {
                          "Node Type": "Hash",
                          "Parent Relationship": "Inner",
                          "Parallel Aware": false,
                          "Async Capable": false,
                          "Startup Cost": 2683.36,
                          "Total Cost": 2683.36,
                          "Plan Rows": 88,
                          "Plan Width": 4,
                          "Plans": [
                            {
                              "Node Type": "Seq Scan",
                              "Parent Relationship": "Outer",
                              "Parallel Aware": false,
                              "Async Capable": false,
                              "Relation Name": "date_dim",
                              "Alias": "date_dim_2",
                              "Startup Cost": 0.0,
                              "Total Cost": 2683.36,
                              "Plan Rows": 88,
                              "Plan Width": 4,
                              "Filter": "((d_moy >= 2) AND (d_moy <= 4) AND (d_year = 2004))",
                              "parent": 28,
                              "ID": 29
                            }
                          ],
                          "parent": 26,
                          "ID": 28,
                          "left": 29
                        }
                      ],
                      "parent": 25,
                      "ID": 26,
                      "left": 27,
                      "right": 28
                    }
                  ],
                  "parent": 2,
                  "ID": 25,
                  "left": 26
                }
              ],
              "parent": 1,
              "ID": 2,
              "left": 3,
              "right": 25
            }
          ],
          "parent": 0,
          "ID": 1,
          "left": 2
        }
      ],
      "parent": null,
      "ID": 0,
      "left": 1
    },
    "feat": {
      "utility": 0.0,
      "query_shape": [
        [
          "Seq Scan",
          "Hash Join",
          "Sort",
          "Gather Merge",
          "Nested Loop",
          "Aggregate"
        ],
        [
          "Seq Scan",
          "Hash Join",
          "Hash",
          "Sort",
          "Gather Merge",
          "Nested Loop",
          "Aggregate"
        ],
        [
          "Seq Scan",
          "Hash Join",
          "Hash",
          "Sort",
          "Gather Merge",
          "Nested Loop",
          "Aggregate"
        ],
        [
          "Seq Scan",
          "Hash",
          "Hash Join",
          "Sort",
          "Gather Merge",
          "Nested Loop",
          "Aggregate"
        ],
        [
          "Seq Scan",
          "Hash",
          "Hash Join",
          "Sort",
          "Gather Merge",
          "Nested Loop",
          "Aggregate"
        ],
        [
          "Seq Scan",
          "Hash Join",
          "Gather",
          "Materialize",
          "Nested Loop",
          "Aggregate"
        ],
        [
          "Seq Scan",
          "Hash",
          "Hash Join",
          "Gather",
          "Materialize",
          "Nested Loop",
          "Aggregate"
        ],
        [
          "Seq Scan",
          "Hash Join",
          "Materialize",
          "Nested Loop",
          "Aggregate"
        ],
        [
          "Seq Scan",
          "Hash",
          "Hash Join",
          "Materialize",
          "Nested Loop",
          "Aggregate"
        ]
      ],
      "index_shape": [
        "order-by"
      ],
      "physical_operator": {
        "Sort": [
          "[0. 0. 0. 0. 0. 0. 0. 0. 0. 0. 0. 0. 0. 0. 0. 0. 0. 0. 0. 0. 0. 0. 0. 0.\n 0. 0. 0. 0. 0. 0. 0. 0. 0. 0. 0. 0. 0. 0. 0. 0. 0. 0. 0. 0. 0. 0. 0. 0.\n 0. 0. 0.]"
        ],
        "Aggregate": [
          "[0. 0. 0. 0. 0. 0. 0. 0. 0. 0. 0. 0. 0. 0. 0. 0. 0. 0. 0. 0. 0. 0. 0. 0.\n 0. 0. 0. 0. 0. 0. 0. 0. 0. 0. 0. 0. 0. 0. 0. 0. 0. 0. 0. 0. 0. 0. 0. 0.\n 0. 0. 0.]"
        ]
      }
    }
  },
  {
    "query": "select  \n  cd_gender,\n  cd_marital_status,\n  cd_education_status,\n  count(*) cnt1,\n  cd_purchase_estimate,\n  count(*) cnt2,\n  cd_credit_rating,\n  count(*) cnt3\n from\n  customer c,customer_address ca,customer_demographics\n where\n  c.c_current_addr_sk = ca.ca_address_sk and\n  ca_state in ('MT','FL','SC') and\n  cd_demo_sk = c.c_current_cdemo_sk and \n  exists (select *\n          from store_sales,date_dim\n          where c.c_customer_sk = ss_customer_sk and\n                ss_sold_date_sk = d_date_sk and\n                d_year = 2004 and\n                d_moy between 2 and 2+2) and\n   (not exists (select *\n            from web_sales,date_dim\n            where c.c_customer_sk = ws_bill_customer_sk and\n                  ws_sold_date_sk = d_date_sk and\n                  d_year = 2004 and\n                  d_moy between 2 and 2+2) and\n    not exists (select * \n            from catalog_sales,date_dim\n            where c.c_customer_sk = cs_ship_customer_sk and\n                  cs_sold_date_sk = d_date_sk and\n                  d_year = 2004 and\n                  d_moy between 2 and 2+2))\n group by cd_gender,\n          cd_marital_status,\n          cd_education_status,\n          cd_purchase_estimate,\n          cd_credit_rating\n order by cd_gender,\n          cd_marital_status,\n          cd_education_status,\n          cd_purchase_estimate,\n          cd_credit_rating\n limit 100;\n\n-- end query 51 in stream 0 using template query69.tpl\n",
    "indexes": "customer_demographics.cd_marital_status",
    "wo plan est": {
      "Node Type": "Limit",
      "Parallel Aware": false,
      "Async Capable": false,
      "Startup Cost": 747645.79,
      "Total Cost": 840733.75,
      "Plan Rows": 100,
      "Plan Width": 64,
      "Plans": [
        {
          "Node Type": "Aggregate",
          "Strategy": "Sorted",
          "Partial Mode": "Simple",
          "Parent Relationship": "Outer",
          "Parallel Aware": false,
          "Async Capable": false,
          "Startup Cost": 747645.79,
          "Total Cost": 2167237.2,
          "Plan Rows": 1525,
          "Plan Width": 64,
          "Group Key": [
            "customer_demographics.cd_gender",
            "customer_demographics.cd_marital_status",
            "customer_demographics.cd_education_status",
            "customer_demographics.cd_purchase_estimate",
            "customer_demographics.cd_credit_rating"
          ],
          "Plans": [
            {
              "Node Type": "Nested Loop",
              "Parent Relationship": "Outer",
              "Parallel Aware": false,
              "Async Capable": false,
              "Join Type": "Anti",
              "Startup Cost": 747645.79,
              "Total Cost": 2167199.07,
              "Plan Rows": 1525,
              "Plan Width": 40,
              "Inner Unique": false,
              "Join Filter": "(c.c_customer_sk = catalog_sales.cs_ship_customer_sk)",
              "Plans": [
                {
                  "Node Type": "Nested Loop",
                  "Parent Relationship": "Outer",
                  "Parallel Aware": false,
                  "Async Capable": false,
                  "Join Type": "Anti",
                  "Startup Cost": 744961.33,
                  "Total Cost": 1184008.71,
                  "Plan Rows": 1579,
                  "Plan Width": 44,
                  "Inner Unique": false,
                  "Join Filter": "(c.c_customer_sk = web_sales.ws_bill_customer_sk)",
                  "Plans": [
                    {
                      "Node Type": "Gather Merge",
                      "Parent Relationship": "Outer",
                      "Parallel Aware": false,
                      "Async Capable": false,
                      "Startup Cost": 741803.7,
                      "Total Cost": 741990.87,
                      "Plan Rows": 1607,
                      "Plan Width": 44,
                      "Workers Planned": 2,
                      "Plans": [
                        {
                          "Node Type": "Sort",
                          "Parent Relationship": "Outer",
                          "Parallel Aware": false,
                          "Async Capable": false,
                          "Startup Cost": 740803.68,
                          "Total Cost": 740805.36,
                          "Plan Rows": 670,
                          "Plan Width": 44,
                          "Sort Key": [
                            "customer_demographics.cd_gender",
                            "customer_demographics.cd_marital_status",
                            "customer_demographics.cd_education_status",
                            "customer_demographics.cd_purchase_estimate",
                            "customer_demographics.cd_credit_rating"
                          ],
                          "Plans": [
                            {
                              "Node Type": "Hash Join",
                              "Parent Relationship": "Outer",
                              "Parallel Aware": true,
                              "Async Capable": false,
                              "Join Type": "Inner",
                              "Startup Cost": 707936.86,
                              "Total Cost": 740772.23,
                              "Plan Rows": 670,
                              "Plan Width": 44,
                              "Inner Unique": false,
                              "Hash Cond": "(customer_demographics.cd_demo_sk = c.c_current_cdemo_sk)",
                              "Plans": [
                                {
                                  "Node Type": "Seq Scan",
                                  "Parent Relationship": "Outer",
                                  "Parallel Aware": true,
                                  "Async Capable": false,
                                  "Relation Name": "customer_demographics",
                                  "Alias": "customer_demographics",
                                  "Startup Cost": 0.0,
                                  "Total Cost": 29831.33,
                                  "Plan Rows": 800333,
                                  "Plan Width": 44,
                                  "parent": 6,
                                  "ID": 7
                                },
                                {
                                  "Node Type": "Hash",
                                  "Parent Relationship": "Inner",
                                  "Parallel Aware": true,
                                  "Async Capable": false,
                                  "Startup Cost": 707928.2,
                                  "Total Cost": 707928.2,
                                  "Plan Rows": 693,
                                  "Plan Width": 8,
                                  "Plans": [
                                    {
                                      "Node Type": "Hash Join",
                                      "Parent Relationship": "Outer",
                                      "Parallel Aware": true,
                                      "Async Capable": false,
                                      "Join Type": "Inner",
                                      "Startup Cost": 691264.24,
                                      "Total Cost": 707928.2,
                                      "Plan Rows": 693,
                                      "Plan Width": 8,
                                      "Inner Unique": false,
                                      "Hash Cond": "(c.c_current_addr_sk = ca.ca_address_sk)",
                                      "Plans": [
                                        {
                                          "Node Type": "Hash Join",
                                          "Parent Relationship": "Outer",
                                          "Parallel Aware": true,
                                          "Async Capable": false,
                                          "Join Type": "Semi",
                                          "Startup Cost": 684328.37,
                                          "Total Cost": 700940.06,
                                          "Plan Rows": 13167,
                                          "Plan Width": 12,
                                          "Inner Unique": false,
                                          "Hash Cond": "(c.c_customer_sk = store_sales.ss_customer_sk)",
                                          "Plans": [
                                            {
                                              "Node Type": "Seq Scan",
                                              "Parent Relationship": "Outer",
                                              "Parallel Aware": true,
                                              "Async Capable": false,
                                              "Relation Name": "customer",
                                              "Alias": "c",
                                              "Startup Cost": 0.0,
                                              "Total Cost": 15918.33,
                                              "Plan Rows": 208333,
                                              "Plan Width": 12,
                                              "parent": 10,
                                              "ID": 11
                                            },
                                            {
                                              "Node Type": "Hash",
                                              "Parent Relationship": "Inner",
                                              "Parallel Aware": true,
                                              "Async Capable": false,
                                              "Startup Cost": 684155.91,
                                              "Total Cost": 684155.91,
                                              "Plan Rows": 13797,
                                              "Plan Width": 4,
                                              "Plans": [
                                                {
                                                  "Node Type": "Hash Join",
                                                  "Parent Relationship": "Outer",
                                                  "Parallel Aware": true,
                                                  "Async Capable": false,
                                                  "Join Type": "Inner",
                                                  "Startup Cost": 2157.62,
                                                  "Total Cost": 684155.91,
                                                  "Plan Rows": 13797,
                                                  "Plan Width": 4,
                                                  "Inner Unique": false,
                                                  "Hash Cond": "(store_sales.ss_sold_date_sk = date_dim.d_date_sk)",
                                                  "Plans": [
                                                    {
                                                      "Node Type": "Seq Scan",
                                                      "Parent Relationship": "Outer",
                                                      "Parallel Aware": true,
                                                      "Async Capable": false,
                                                      "Relation Name": "store_sales",
                                                      "Alias": "store_sales",
                                                      "Startup Cost": 0.0,
                                                      "Total Cost": 636914.37,
                                                      "Plan Rows": 12000637,
                                                      "Plan Width": 8,
                                                      "parent": 13,
                                                      "ID": 14
                                                    },
                                                    {
                                                      "Node Type": "Hash",
                                                      "Parent Relationship": "Inner",
                                                      "Parallel Aware": true,
                                                      "Async Capable": false,
                                                      "Startup Cost": 2156.97,
                                                      "Total Cost": 2156.97,
                                                      "Plan Rows": 52,
                                                      "Plan Width": 4,
                                                      "Plans": [
                                                        {
                                                          "Node Type": "Seq Scan",
                                                          "Parent Relationship": "Outer",
                                                          "Parallel Aware": true,
                                                          "Async Capable": false,
                                                          "Relation Name": "date_dim",
                                                          "Alias": "date_dim",
                                                          "Startup Cost": 0.0,
                                                          "Total Cost": 2156.97,
                                                          "Plan Rows": 52,
                                                          "Plan Width": 4,
                                                          "Filter": "((d_moy >= 2) AND (d_moy <= 4) AND (d_year = 2004))",
                                                          "parent": 15,
                                                          "ID": 16
                                                        }
                                                      ],
                                                      "parent": 13,
                                                      "ID": 15,
                                                      "left": 16
                                                    }
                                                  ],
                                                  "parent": 12,
                                                  "ID": 13,
                                                  "left": 14,
                                                  "right": 15
                                                }
                                              ],
                                              "parent": 10,
                                              "ID": 12,
                                              "left": 13
                                            }
                                          ],
                                          "parent": 9,
                                          "ID": 10,
                                          "left": 11,
                                          "right": 12
                                        },
                                        {
                                          "Node Type": "Hash",
                                          "Parent Relationship": "Inner",
                                          "Parallel Aware": true,
                                          "Async Capable": false,
                                          "Startup Cost": 6867.29,
                                          "Total Cost": 6867.29,
                                          "Plan Rows": 5486,
                                          "Plan Width": 4,
                                          "Plans": [
                                            {
                                              "Node Type": "Seq Scan",
                                              "Parent Relationship": "Outer",
                                              "Parallel Aware": true,
                                              "Async Capable": false,
                                              "Relation Name": "customer_address",
                                              "Alias": "ca",
                                              "Startup Cost": 0.0,
                                              "Total Cost": 6867.29,
                                              "Plan Rows": 5486,
                                              "Plan Width": 4,
                                              "Filter": "(ca_state = ANY ('{MT,FL,SC}'::bpchar[]))",
                                              "parent": 17,
                                              "ID": 18
                                            }
                                          ],
                                          "parent": 9,
                                          "ID": 17,
                                          "left": 18
                                        }
                                      ],
                                      "parent": 8,
                                      "ID": 9,
                                      "left": 10,
                                      "right": 17
                                    }
                                  ],
                                  "parent": 6,
                                  "ID": 8,
                                  "left": 9
                                }
                              ],
                              "parent": 5,
                              "ID": 6,
                              "left": 7,
                              "right": 8
                            }
                          ],
                          "parent": 4,
                          "ID": 5,
                          "left": 6
                        }
                      ],
                      "parent": 3,
                      "ID": 4,
                      "left": 5
                    },
                    {
                      "Node Type": "Materialize",
                      "Parent Relationship": "Inner",
                      "Parallel Aware": false,
                      "Async Capable": false,
                      "Startup Cost": 3157.62,
                      "Total Cost": 233073.27,
                      "Plan Rows": 8669,
                      "Plan Width": 4,
                      "Plans": [
                        {
                          "Node Type": "Gather",
                          "Parent Relationship": "Outer",
                          "Parallel Aware": false,
                          "Async Capable": false,
                          "Startup Cost": 3157.62,
                          "Total Cost": 233029.92,
                          "Plan Rows": 8669,
                          "Plan Width": 4,
                          "Workers Planned": 2,
                          "Single Copy": false,
                          "Plans": [
                            {
                              "Node Type": "Hash Join",
                              "Parent Relationship": "Outer",
                              "Parallel Aware": true,
                              "Async Capable": false,
                              "Join Type": "Inner",
                              "Startup Cost": 2157.62,
                              "Total Cost": 231163.02,
                              "Plan Rows": 3612,
                              "Plan Width": 4,
                              "Inner Unique": false,
                              "Hash Cond": "(web_sales.ws_sold_date_sk = date_dim_1.d_date_sk)",
                              "Plans": [
                                {
                                  "Node Type": "Seq Scan",
                                  "Parent Relationship": "Outer",
                                  "Parallel Aware": true,
                                  "Async Capable": false,
                                  "Relation Name": "web_sales",
                                  "Alias": "web_sales",
                                  "Startup Cost": 0.0,
                                  "Total Cost": 217737.86,
                                  "Plan Rows": 2998986,
                                  "Plan Width": 8,
                                  "parent": 21,
                                  "ID": 22
                                },
                                {
                                  "Node Type": "Hash",
                                  "Parent Relationship": "Inner",
                                  "Parallel Aware": true,
                                  "Async Capable": false,
                                  "Startup Cost": 2156.97,
                                  "Total Cost": 2156.97,
                                  "Plan Rows": 52,
                                  "Plan Width": 4,
                                  "Plans": [
                                    {
                                      "Node Type": "Seq Scan",
                                      "Parent Relationship": "Outer",
                                      "Parallel Aware": true,
                                      "Async Capable": false,
                                      "Relation Name": "date_dim",
                                      "Alias": "date_dim_1",
                                      "Startup Cost": 0.0,
                                      "Total Cost": 2156.97,
                                      "Plan Rows": 52,
                                      "Plan Width": 4,
                                      "Filter": "((d_moy >= 2) AND (d_moy <= 4) AND (d_year = 2004))",
                                      "parent": 23,
                                      "ID": 24
                                    }
                                  ],
                                  "parent": 21,
                                  "ID": 23,
                                  "left": 24
                                }
                              ],
                              "parent": 20,
                              "ID": 21,
                              "left": 22,
                              "right": 23
                            }
                          ],
                          "parent": 19,
                          "ID": 20,
                          "left": 21
                        }
                      ],
                      "parent": 3,
                      "ID": 19,
                      "left": 20
                    }
                  ],
                  "parent": 2,
                  "ID": 3,
                  "left": 4,
                  "right": 19
                },
                {
                  "Node Type": "Materialize",
                  "Parent Relationship": "Inner",
                  "Parallel Aware": false,
                  "Async Capable": false,
                  "Startup Cost": 2684.46,
                  "Total Cost": 574643.56,
                  "Plan Rows": 17251,
                  "Plan Width": 4,
                  "Plans": [
                    {
                      "Node Type": "Hash Join",
                      "Parent Relationship": "Outer",
                      "Parallel Aware": false,
                      "Async Capable": false,
                      "Join Type": "Inner",
                      "Startup Cost": 2684.46,
                      "Total Cost": 574557.31,
                      "Plan Rows": 17251,
                      "Plan Width": 4,
                      "Inner Unique": false,
                      "Hash Cond": "(catalog_sales.cs_sold_date_sk = date_dim_2.d_date_sk)",
                      "Plans": [
                        {
                          "Node Type": "Seq Scan",
                          "Parent Relationship": "Outer",
                          "Parallel Aware": false,
                          "Async Capable": false,
                          "Relation Name": "catalog_sales",
                          "Alias": "catalog_sales",
                          "Startup Cost": 0.0,
                          "Total Cost": 517695.61,
                          "Plan Rows": 14401261,
                          "Plan Width": 8,
                          "parent": 26,
                          "ID": 27
                        },
                        {
                          "Node Type": "Hash",
                          "Parent Relationship": "Inner",
                          "Parallel Aware": false,
                          "Async Capable": false,
                          "Startup Cost": 2683.36,
                          "Total Cost": 2683.36,
                          "Plan Rows": 88,
                          "Plan Width": 4,
                          "Plans": [
                            {
                              "Node Type": "Seq Scan",
                              "Parent Relationship": "Outer",
                              "Parallel Aware": false,
                              "Async Capable": false,
                              "Relation Name": "date_dim",
                              "Alias": "date_dim_2",
                              "Startup Cost": 0.0,
                              "Total Cost": 2683.36,
                              "Plan Rows": 88,
                              "Plan Width": 4,
                              "Filter": "((d_moy >= 2) AND (d_moy <= 4) AND (d_year = 2004))",
                              "parent": 28,
                              "ID": 29
                            }
                          ],
                          "parent": 26,
                          "ID": 28,
                          "left": 29
                        }
                      ],
                      "parent": 25,
                      "ID": 26,
                      "left": 27,
                      "right": 28
                    }
                  ],
                  "parent": 2,
                  "ID": 25,
                  "left": 26
                }
              ],
              "parent": 1,
              "ID": 2,
              "left": 3,
              "right": 25
            }
          ],
          "parent": 0,
          "ID": 1,
          "left": 2
        }
      ],
      "parent": null,
      "ID": 0,
      "left": 1
    },
    "feat": {
      "utility": 0.0,
      "query_shape": [
        [
          "Seq Scan",
          "Hash Join",
          "Sort",
          "Gather Merge",
          "Nested Loop",
          "Aggregate"
        ],
        [
          "Seq Scan",
          "Hash Join",
          "Hash",
          "Sort",
          "Gather Merge",
          "Nested Loop",
          "Aggregate"
        ],
        [
          "Seq Scan",
          "Hash Join",
          "Hash",
          "Sort",
          "Gather Merge",
          "Nested Loop",
          "Aggregate"
        ],
        [
          "Seq Scan",
          "Hash",
          "Hash Join",
          "Sort",
          "Gather Merge",
          "Nested Loop",
          "Aggregate"
        ],
        [
          "Seq Scan",
          "Hash",
          "Hash Join",
          "Sort",
          "Gather Merge",
          "Nested Loop",
          "Aggregate"
        ],
        [
          "Seq Scan",
          "Hash Join",
          "Gather",
          "Materialize",
          "Nested Loop",
          "Aggregate"
        ],
        [
          "Seq Scan",
          "Hash",
          "Hash Join",
          "Gather",
          "Materialize",
          "Nested Loop",
          "Aggregate"
        ],
        [
          "Seq Scan",
          "Hash Join",
          "Materialize",
          "Nested Loop",
          "Aggregate"
        ],
        [
          "Seq Scan",
          "Hash",
          "Hash Join",
          "Materialize",
          "Nested Loop",
          "Aggregate"
        ]
      ],
      "index_shape": [
        "order-by"
      ],
      "physical_operator": {
        "Sort": [
          "[0. 0. 0. 0. 0. 0. 0. 0. 0. 0. 0. 0. 0. 0. 0. 0. 0. 0. 0. 0. 0. 0. 0. 0.\n 0. 0. 0. 0. 0. 0. 0. 0. 0. 0. 0. 0. 0. 0. 0. 0. 0. 0. 0. 0. 0. 0. 0. 0.\n 0. 0. 0.]"
        ],
        "Aggregate": [
          "[0. 0. 0. 0. 0. 0. 0. 0. 0. 0. 0. 0. 0. 0. 0. 0. 0. 0. 0. 0. 0. 0. 0. 0.\n 0. 0. 0. 0. 0. 0. 0. 0. 0. 0. 0. 0. 0. 0. 0. 0. 0. 0. 0. 0. 0. 0. 0. 0.\n 0. 0. 0.]"
        ]
      }
    }
  },
  {
    "query": "select  \n  cd_gender,\n  cd_marital_status,\n  cd_education_status,\n  count(*) cnt1,\n  cd_purchase_estimate,\n  count(*) cnt2,\n  cd_credit_rating,\n  count(*) cnt3\n from\n  customer c,customer_address ca,customer_demographics\n where\n  c.c_current_addr_sk = ca.ca_address_sk and\n  ca_state in ('MT','FL','SC') and\n  cd_demo_sk = c.c_current_cdemo_sk and \n  exists (select *\n          from store_sales,date_dim\n          where c.c_customer_sk = ss_customer_sk and\n                ss_sold_date_sk = d_date_sk and\n                d_year = 2004 and\n                d_moy between 2 and 2+2) and\n   (not exists (select *\n            from web_sales,date_dim\n            where c.c_customer_sk = ws_bill_customer_sk and\n                  ws_sold_date_sk = d_date_sk and\n                  d_year = 2004 and\n                  d_moy between 2 and 2+2) and\n    not exists (select * \n            from catalog_sales,date_dim\n            where c.c_customer_sk = cs_ship_customer_sk and\n                  cs_sold_date_sk = d_date_sk and\n                  d_year = 2004 and\n                  d_moy between 2 and 2+2))\n group by cd_gender,\n          cd_marital_status,\n          cd_education_status,\n          cd_purchase_estimate,\n          cd_credit_rating\n order by cd_gender,\n          cd_marital_status,\n          cd_education_status,\n          cd_purchase_estimate,\n          cd_credit_rating\n limit 100;\n\n-- end query 51 in stream 0 using template query69.tpl\n",
    "indexes": "customer_demographics.cd_education_status",
    "wo plan est": {
      "Node Type": "Limit",
      "Parallel Aware": false,
      "Async Capable": false,
      "Startup Cost": 747645.79,
      "Total Cost": 840733.75,
      "Plan Rows": 100,
      "Plan Width": 64,
      "Plans": [
        {
          "Node Type": "Aggregate",
          "Strategy": "Sorted",
          "Partial Mode": "Simple",
          "Parent Relationship": "Outer",
          "Parallel Aware": false,
          "Async Capable": false,
          "Startup Cost": 747645.79,
          "Total Cost": 2167237.2,
          "Plan Rows": 1525,
          "Plan Width": 64,
          "Group Key": [
            "customer_demographics.cd_gender",
            "customer_demographics.cd_marital_status",
            "customer_demographics.cd_education_status",
            "customer_demographics.cd_purchase_estimate",
            "customer_demographics.cd_credit_rating"
          ],
          "Plans": [
            {
              "Node Type": "Nested Loop",
              "Parent Relationship": "Outer",
              "Parallel Aware": false,
              "Async Capable": false,
              "Join Type": "Anti",
              "Startup Cost": 747645.79,
              "Total Cost": 2167199.07,
              "Plan Rows": 1525,
              "Plan Width": 40,
              "Inner Unique": false,
              "Join Filter": "(c.c_customer_sk = catalog_sales.cs_ship_customer_sk)",
              "Plans": [
                {
                  "Node Type": "Nested Loop",
                  "Parent Relationship": "Outer",
                  "Parallel Aware": false,
                  "Async Capable": false,
                  "Join Type": "Anti",
                  "Startup Cost": 744961.33,
                  "Total Cost": 1184008.71,
                  "Plan Rows": 1579,
                  "Plan Width": 44,
                  "Inner Unique": false,
                  "Join Filter": "(c.c_customer_sk = web_sales.ws_bill_customer_sk)",
                  "Plans": [
                    {
                      "Node Type": "Gather Merge",
                      "Parent Relationship": "Outer",
                      "Parallel Aware": false,
                      "Async Capable": false,
                      "Startup Cost": 741803.7,
                      "Total Cost": 741990.87,
                      "Plan Rows": 1607,
                      "Plan Width": 44,
                      "Workers Planned": 2,
                      "Plans": [
                        {
                          "Node Type": "Sort",
                          "Parent Relationship": "Outer",
                          "Parallel Aware": false,
                          "Async Capable": false,
                          "Startup Cost": 740803.68,
                          "Total Cost": 740805.36,
                          "Plan Rows": 670,
                          "Plan Width": 44,
                          "Sort Key": [
                            "customer_demographics.cd_gender",
                            "customer_demographics.cd_marital_status",
                            "customer_demographics.cd_education_status",
                            "customer_demographics.cd_purchase_estimate",
                            "customer_demographics.cd_credit_rating"
                          ],
                          "Plans": [
                            {
                              "Node Type": "Hash Join",
                              "Parent Relationship": "Outer",
                              "Parallel Aware": true,
                              "Async Capable": false,
                              "Join Type": "Inner",
                              "Startup Cost": 707936.86,
                              "Total Cost": 740772.23,
                              "Plan Rows": 670,
                              "Plan Width": 44,
                              "Inner Unique": false,
                              "Hash Cond": "(customer_demographics.cd_demo_sk = c.c_current_cdemo_sk)",
                              "Plans": [
                                {
                                  "Node Type": "Seq Scan",
                                  "Parent Relationship": "Outer",
                                  "Parallel Aware": true,
                                  "Async Capable": false,
                                  "Relation Name": "customer_demographics",
                                  "Alias": "customer_demographics",
                                  "Startup Cost": 0.0,
                                  "Total Cost": 29831.33,
                                  "Plan Rows": 800333,
                                  "Plan Width": 44,
                                  "parent": 6,
                                  "ID": 7
                                },
                                {
                                  "Node Type": "Hash",
                                  "Parent Relationship": "Inner",
                                  "Parallel Aware": true,
                                  "Async Capable": false,
                                  "Startup Cost": 707928.2,
                                  "Total Cost": 707928.2,
                                  "Plan Rows": 693,
                                  "Plan Width": 8,
                                  "Plans": [
                                    {
                                      "Node Type": "Hash Join",
                                      "Parent Relationship": "Outer",
                                      "Parallel Aware": true,
                                      "Async Capable": false,
                                      "Join Type": "Inner",
                                      "Startup Cost": 691264.24,
                                      "Total Cost": 707928.2,
                                      "Plan Rows": 693,
                                      "Plan Width": 8,
                                      "Inner Unique": false,
                                      "Hash Cond": "(c.c_current_addr_sk = ca.ca_address_sk)",
                                      "Plans": [
                                        {
                                          "Node Type": "Hash Join",
                                          "Parent Relationship": "Outer",
                                          "Parallel Aware": true,
                                          "Async Capable": false,
                                          "Join Type": "Semi",
                                          "Startup Cost": 684328.37,
                                          "Total Cost": 700940.06,
                                          "Plan Rows": 13167,
                                          "Plan Width": 12,
                                          "Inner Unique": false,
                                          "Hash Cond": "(c.c_customer_sk = store_sales.ss_customer_sk)",
                                          "Plans": [
                                            {
                                              "Node Type": "Seq Scan",
                                              "Parent Relationship": "Outer",
                                              "Parallel Aware": true,
                                              "Async Capable": false,
                                              "Relation Name": "customer",
                                              "Alias": "c",
                                              "Startup Cost": 0.0,
                                              "Total Cost": 15918.33,
                                              "Plan Rows": 208333,
                                              "Plan Width": 12,
                                              "parent": 10,
                                              "ID": 11
                                            },
                                            {
                                              "Node Type": "Hash",
                                              "Parent Relationship": "Inner",
                                              "Parallel Aware": true,
                                              "Async Capable": false,
                                              "Startup Cost": 684155.91,
                                              "Total Cost": 684155.91,
                                              "Plan Rows": 13797,
                                              "Plan Width": 4,
                                              "Plans": [
                                                {
                                                  "Node Type": "Hash Join",
                                                  "Parent Relationship": "Outer",
                                                  "Parallel Aware": true,
                                                  "Async Capable": false,
                                                  "Join Type": "Inner",
                                                  "Startup Cost": 2157.62,
                                                  "Total Cost": 684155.91,
                                                  "Plan Rows": 13797,
                                                  "Plan Width": 4,
                                                  "Inner Unique": false,
                                                  "Hash Cond": "(store_sales.ss_sold_date_sk = date_dim.d_date_sk)",
                                                  "Plans": [
                                                    {
                                                      "Node Type": "Seq Scan",
                                                      "Parent Relationship": "Outer",
                                                      "Parallel Aware": true,
                                                      "Async Capable": false,
                                                      "Relation Name": "store_sales",
                                                      "Alias": "store_sales",
                                                      "Startup Cost": 0.0,
                                                      "Total Cost": 636914.37,
                                                      "Plan Rows": 12000637,
                                                      "Plan Width": 8,
                                                      "parent": 13,
                                                      "ID": 14
                                                    },
                                                    {
                                                      "Node Type": "Hash",
                                                      "Parent Relationship": "Inner",
                                                      "Parallel Aware": true,
                                                      "Async Capable": false,
                                                      "Startup Cost": 2156.97,
                                                      "Total Cost": 2156.97,
                                                      "Plan Rows": 52,
                                                      "Plan Width": 4,
                                                      "Plans": [
                                                        {
                                                          "Node Type": "Seq Scan",
                                                          "Parent Relationship": "Outer",
                                                          "Parallel Aware": true,
                                                          "Async Capable": false,
                                                          "Relation Name": "date_dim",
                                                          "Alias": "date_dim",
                                                          "Startup Cost": 0.0,
                                                          "Total Cost": 2156.97,
                                                          "Plan Rows": 52,
                                                          "Plan Width": 4,
                                                          "Filter": "((d_moy >= 2) AND (d_moy <= 4) AND (d_year = 2004))",
                                                          "parent": 15,
                                                          "ID": 16
                                                        }
                                                      ],
                                                      "parent": 13,
                                                      "ID": 15,
                                                      "left": 16
                                                    }
                                                  ],
                                                  "parent": 12,
                                                  "ID": 13,
                                                  "left": 14,
                                                  "right": 15
                                                }
                                              ],
                                              "parent": 10,
                                              "ID": 12,
                                              "left": 13
                                            }
                                          ],
                                          "parent": 9,
                                          "ID": 10,
                                          "left": 11,
                                          "right": 12
                                        },
                                        {
                                          "Node Type": "Hash",
                                          "Parent Relationship": "Inner",
                                          "Parallel Aware": true,
                                          "Async Capable": false,
                                          "Startup Cost": 6867.29,
                                          "Total Cost": 6867.29,
                                          "Plan Rows": 5486,
                                          "Plan Width": 4,
                                          "Plans": [
                                            {
                                              "Node Type": "Seq Scan",
                                              "Parent Relationship": "Outer",
                                              "Parallel Aware": true,
                                              "Async Capable": false,
                                              "Relation Name": "customer_address",
                                              "Alias": "ca",
                                              "Startup Cost": 0.0,
                                              "Total Cost": 6867.29,
                                              "Plan Rows": 5486,
                                              "Plan Width": 4,
                                              "Filter": "(ca_state = ANY ('{MT,FL,SC}'::bpchar[]))",
                                              "parent": 17,
                                              "ID": 18
                                            }
                                          ],
                                          "parent": 9,
                                          "ID": 17,
                                          "left": 18
                                        }
                                      ],
                                      "parent": 8,
                                      "ID": 9,
                                      "left": 10,
                                      "right": 17
                                    }
                                  ],
                                  "parent": 6,
                                  "ID": 8,
                                  "left": 9
                                }
                              ],
                              "parent": 5,
                              "ID": 6,
                              "left": 7,
                              "right": 8
                            }
                          ],
                          "parent": 4,
                          "ID": 5,
                          "left": 6
                        }
                      ],
                      "parent": 3,
                      "ID": 4,
                      "left": 5
                    },
                    {
                      "Node Type": "Materialize",
                      "Parent Relationship": "Inner",
                      "Parallel Aware": false,
                      "Async Capable": false,
                      "Startup Cost": 3157.62,
                      "Total Cost": 233073.27,
                      "Plan Rows": 8669,
                      "Plan Width": 4,
                      "Plans": [
                        {
                          "Node Type": "Gather",
                          "Parent Relationship": "Outer",
                          "Parallel Aware": false,
                          "Async Capable": false,
                          "Startup Cost": 3157.62,
                          "Total Cost": 233029.92,
                          "Plan Rows": 8669,
                          "Plan Width": 4,
                          "Workers Planned": 2,
                          "Single Copy": false,
                          "Plans": [
                            {
                              "Node Type": "Hash Join",
                              "Parent Relationship": "Outer",
                              "Parallel Aware": true,
                              "Async Capable": false,
                              "Join Type": "Inner",
                              "Startup Cost": 2157.62,
                              "Total Cost": 231163.02,
                              "Plan Rows": 3612,
                              "Plan Width": 4,
                              "Inner Unique": false,
                              "Hash Cond": "(web_sales.ws_sold_date_sk = date_dim_1.d_date_sk)",
                              "Plans": [
                                {
                                  "Node Type": "Seq Scan",
                                  "Parent Relationship": "Outer",
                                  "Parallel Aware": true,
                                  "Async Capable": false,
                                  "Relation Name": "web_sales",
                                  "Alias": "web_sales",
                                  "Startup Cost": 0.0,
                                  "Total Cost": 217737.86,
                                  "Plan Rows": 2998986,
                                  "Plan Width": 8,
                                  "parent": 21,
                                  "ID": 22
                                },
                                {
                                  "Node Type": "Hash",
                                  "Parent Relationship": "Inner",
                                  "Parallel Aware": true,
                                  "Async Capable": false,
                                  "Startup Cost": 2156.97,
                                  "Total Cost": 2156.97,
                                  "Plan Rows": 52,
                                  "Plan Width": 4,
                                  "Plans": [
                                    {
                                      "Node Type": "Seq Scan",
                                      "Parent Relationship": "Outer",
                                      "Parallel Aware": true,
                                      "Async Capable": false,
                                      "Relation Name": "date_dim",
                                      "Alias": "date_dim_1",
                                      "Startup Cost": 0.0,
                                      "Total Cost": 2156.97,
                                      "Plan Rows": 52,
                                      "Plan Width": 4,
                                      "Filter": "((d_moy >= 2) AND (d_moy <= 4) AND (d_year = 2004))",
                                      "parent": 23,
                                      "ID": 24
                                    }
                                  ],
                                  "parent": 21,
                                  "ID": 23,
                                  "left": 24
                                }
                              ],
                              "parent": 20,
                              "ID": 21,
                              "left": 22,
                              "right": 23
                            }
                          ],
                          "parent": 19,
                          "ID": 20,
                          "left": 21
                        }
                      ],
                      "parent": 3,
                      "ID": 19,
                      "left": 20
                    }
                  ],
                  "parent": 2,
                  "ID": 3,
                  "left": 4,
                  "right": 19
                },
                {
                  "Node Type": "Materialize",
                  "Parent Relationship": "Inner",
                  "Parallel Aware": false,
                  "Async Capable": false,
                  "Startup Cost": 2684.46,
                  "Total Cost": 574643.56,
                  "Plan Rows": 17251,
                  "Plan Width": 4,
                  "Plans": [
                    {
                      "Node Type": "Hash Join",
                      "Parent Relationship": "Outer",
                      "Parallel Aware": false,
                      "Async Capable": false,
                      "Join Type": "Inner",
                      "Startup Cost": 2684.46,
                      "Total Cost": 574557.31,
                      "Plan Rows": 17251,
                      "Plan Width": 4,
                      "Inner Unique": false,
                      "Hash Cond": "(catalog_sales.cs_sold_date_sk = date_dim_2.d_date_sk)",
                      "Plans": [
                        {
                          "Node Type": "Seq Scan",
                          "Parent Relationship": "Outer",
                          "Parallel Aware": false,
                          "Async Capable": false,
                          "Relation Name": "catalog_sales",
                          "Alias": "catalog_sales",
                          "Startup Cost": 0.0,
                          "Total Cost": 517695.61,
                          "Plan Rows": 14401261,
                          "Plan Width": 8,
                          "parent": 26,
                          "ID": 27
                        },
                        {
                          "Node Type": "Hash",
                          "Parent Relationship": "Inner",
                          "Parallel Aware": false,
                          "Async Capable": false,
                          "Startup Cost": 2683.36,
                          "Total Cost": 2683.36,
                          "Plan Rows": 88,
                          "Plan Width": 4,
                          "Plans": [
                            {
                              "Node Type": "Seq Scan",
                              "Parent Relationship": "Outer",
                              "Parallel Aware": false,
                              "Async Capable": false,
                              "Relation Name": "date_dim",
                              "Alias": "date_dim_2",
                              "Startup Cost": 0.0,
                              "Total Cost": 2683.36,
                              "Plan Rows": 88,
                              "Plan Width": 4,
                              "Filter": "((d_moy >= 2) AND (d_moy <= 4) AND (d_year = 2004))",
                              "parent": 28,
                              "ID": 29
                            }
                          ],
                          "parent": 26,
                          "ID": 28,
                          "left": 29
                        }
                      ],
                      "parent": 25,
                      "ID": 26,
                      "left": 27,
                      "right": 28
                    }
                  ],
                  "parent": 2,
                  "ID": 25,
                  "left": 26
                }
              ],
              "parent": 1,
              "ID": 2,
              "left": 3,
              "right": 25
            }
          ],
          "parent": 0,
          "ID": 1,
          "left": 2
        }
      ],
      "parent": null,
      "ID": 0,
      "left": 1
    },
    "feat": {
      "utility": 0.0,
      "query_shape": [
        [
          "Seq Scan",
          "Hash Join",
          "Sort",
          "Gather Merge",
          "Nested Loop",
          "Aggregate"
        ],
        [
          "Seq Scan",
          "Hash Join",
          "Hash",
          "Sort",
          "Gather Merge",
          "Nested Loop",
          "Aggregate"
        ],
        [
          "Seq Scan",
          "Hash Join",
          "Hash",
          "Sort",
          "Gather Merge",
          "Nested Loop",
          "Aggregate"
        ],
        [
          "Seq Scan",
          "Hash",
          "Hash Join",
          "Sort",
          "Gather Merge",
          "Nested Loop",
          "Aggregate"
        ],
        [
          "Seq Scan",
          "Hash",
          "Hash Join",
          "Sort",
          "Gather Merge",
          "Nested Loop",
          "Aggregate"
        ],
        [
          "Seq Scan",
          "Hash Join",
          "Gather",
          "Materialize",
          "Nested Loop",
          "Aggregate"
        ],
        [
          "Seq Scan",
          "Hash",
          "Hash Join",
          "Gather",
          "Materialize",
          "Nested Loop",
          "Aggregate"
        ],
        [
          "Seq Scan",
          "Hash Join",
          "Materialize",
          "Nested Loop",
          "Aggregate"
        ],
        [
          "Seq Scan",
          "Hash",
          "Hash Join",
          "Materialize",
          "Nested Loop",
          "Aggregate"
        ]
      ],
      "index_shape": [
        "order-by"
      ],
      "physical_operator": {
        "Sort": [
          "[0. 0. 0. 0. 0. 0. 0. 0. 0. 0. 0. 0. 0. 0. 0. 0. 0. 0. 0. 0. 0. 0. 0. 0.\n 0. 0. 0. 0. 0. 0. 0. 0. 0. 0. 0. 0. 0. 0. 0. 0. 0. 0. 0. 0. 0. 0. 0. 0.\n 0. 0. 0.]"
        ],
        "Aggregate": [
          "[0. 0. 0. 0. 0. 0. 0. 0. 0. 0. 0. 0. 0. 0. 0. 0. 0. 0. 0. 0. 0. 0. 0. 0.\n 0. 0. 0. 0. 0. 0. 0. 0. 0. 0. 0. 0. 0. 0. 0. 0. 0. 0. 0. 0. 0. 0. 0. 0.\n 0. 0. 0.]"
        ]
      }
    }
  },
  {
    "query": "select  \n  cd_gender,\n  cd_marital_status,\n  cd_education_status,\n  count(*) cnt1,\n  cd_purchase_estimate,\n  count(*) cnt2,\n  cd_credit_rating,\n  count(*) cnt3\n from\n  customer c,customer_address ca,customer_demographics\n where\n  c.c_current_addr_sk = ca.ca_address_sk and\n  ca_state in ('MT','FL','SC') and\n  cd_demo_sk = c.c_current_cdemo_sk and \n  exists (select *\n          from store_sales,date_dim\n          where c.c_customer_sk = ss_customer_sk and\n                ss_sold_date_sk = d_date_sk and\n                d_year = 2004 and\n                d_moy between 2 and 2+2) and\n   (not exists (select *\n            from web_sales,date_dim\n            where c.c_customer_sk = ws_bill_customer_sk and\n                  ws_sold_date_sk = d_date_sk and\n                  d_year = 2004 and\n                  d_moy between 2 and 2+2) and\n    not exists (select * \n            from catalog_sales,date_dim\n            where c.c_customer_sk = cs_ship_customer_sk and\n                  cs_sold_date_sk = d_date_sk and\n                  d_year = 2004 and\n                  d_moy between 2 and 2+2))\n group by cd_gender,\n          cd_marital_status,\n          cd_education_status,\n          cd_purchase_estimate,\n          cd_credit_rating\n order by cd_gender,\n          cd_marital_status,\n          cd_education_status,\n          cd_purchase_estimate,\n          cd_credit_rating\n limit 100;\n\n-- end query 51 in stream 0 using template query69.tpl\n",
    "indexes": "customer_demographics.cd_credit_rating",
    "wo plan est": {
      "Node Type": "Limit",
      "Parallel Aware": false,
      "Async Capable": false,
      "Startup Cost": 747645.79,
      "Total Cost": 840733.75,
      "Plan Rows": 100,
      "Plan Width": 64,
      "Plans": [
        {
          "Node Type": "Aggregate",
          "Strategy": "Sorted",
          "Partial Mode": "Simple",
          "Parent Relationship": "Outer",
          "Parallel Aware": false,
          "Async Capable": false,
          "Startup Cost": 747645.79,
          "Total Cost": 2167237.2,
          "Plan Rows": 1525,
          "Plan Width": 64,
          "Group Key": [
            "customer_demographics.cd_gender",
            "customer_demographics.cd_marital_status",
            "customer_demographics.cd_education_status",
            "customer_demographics.cd_purchase_estimate",
            "customer_demographics.cd_credit_rating"
          ],
          "Plans": [
            {
              "Node Type": "Nested Loop",
              "Parent Relationship": "Outer",
              "Parallel Aware": false,
              "Async Capable": false,
              "Join Type": "Anti",
              "Startup Cost": 747645.79,
              "Total Cost": 2167199.07,
              "Plan Rows": 1525,
              "Plan Width": 40,
              "Inner Unique": false,
              "Join Filter": "(c.c_customer_sk = catalog_sales.cs_ship_customer_sk)",
              "Plans": [
                {
                  "Node Type": "Nested Loop",
                  "Parent Relationship": "Outer",
                  "Parallel Aware": false,
                  "Async Capable": false,
                  "Join Type": "Anti",
                  "Startup Cost": 744961.33,
                  "Total Cost": 1184008.71,
                  "Plan Rows": 1579,
                  "Plan Width": 44,
                  "Inner Unique": false,
                  "Join Filter": "(c.c_customer_sk = web_sales.ws_bill_customer_sk)",
                  "Plans": [
                    {
                      "Node Type": "Gather Merge",
                      "Parent Relationship": "Outer",
                      "Parallel Aware": false,
                      "Async Capable": false,
                      "Startup Cost": 741803.7,
                      "Total Cost": 741990.87,
                      "Plan Rows": 1607,
                      "Plan Width": 44,
                      "Workers Planned": 2,
                      "Plans": [
                        {
                          "Node Type": "Sort",
                          "Parent Relationship": "Outer",
                          "Parallel Aware": false,
                          "Async Capable": false,
                          "Startup Cost": 740803.68,
                          "Total Cost": 740805.36,
                          "Plan Rows": 670,
                          "Plan Width": 44,
                          "Sort Key": [
                            "customer_demographics.cd_gender",
                            "customer_demographics.cd_marital_status",
                            "customer_demographics.cd_education_status",
                            "customer_demographics.cd_purchase_estimate",
                            "customer_demographics.cd_credit_rating"
                          ],
                          "Plans": [
                            {
                              "Node Type": "Hash Join",
                              "Parent Relationship": "Outer",
                              "Parallel Aware": true,
                              "Async Capable": false,
                              "Join Type": "Inner",
                              "Startup Cost": 707936.86,
                              "Total Cost": 740772.23,
                              "Plan Rows": 670,
                              "Plan Width": 44,
                              "Inner Unique": false,
                              "Hash Cond": "(customer_demographics.cd_demo_sk = c.c_current_cdemo_sk)",
                              "Plans": [
                                {
                                  "Node Type": "Seq Scan",
                                  "Parent Relationship": "Outer",
                                  "Parallel Aware": true,
                                  "Async Capable": false,
                                  "Relation Name": "customer_demographics",
                                  "Alias": "customer_demographics",
                                  "Startup Cost": 0.0,
                                  "Total Cost": 29831.33,
                                  "Plan Rows": 800333,
                                  "Plan Width": 44,
                                  "parent": 6,
                                  "ID": 7
                                },
                                {
                                  "Node Type": "Hash",
                                  "Parent Relationship": "Inner",
                                  "Parallel Aware": true,
                                  "Async Capable": false,
                                  "Startup Cost": 707928.2,
                                  "Total Cost": 707928.2,
                                  "Plan Rows": 693,
                                  "Plan Width": 8,
                                  "Plans": [
                                    {
                                      "Node Type": "Hash Join",
                                      "Parent Relationship": "Outer",
                                      "Parallel Aware": true,
                                      "Async Capable": false,
                                      "Join Type": "Inner",
                                      "Startup Cost": 691264.24,
                                      "Total Cost": 707928.2,
                                      "Plan Rows": 693,
                                      "Plan Width": 8,
                                      "Inner Unique": false,
                                      "Hash Cond": "(c.c_current_addr_sk = ca.ca_address_sk)",
                                      "Plans": [
                                        {
                                          "Node Type": "Hash Join",
                                          "Parent Relationship": "Outer",
                                          "Parallel Aware": true,
                                          "Async Capable": false,
                                          "Join Type": "Semi",
                                          "Startup Cost": 684328.37,
                                          "Total Cost": 700940.06,
                                          "Plan Rows": 13167,
                                          "Plan Width": 12,
                                          "Inner Unique": false,
                                          "Hash Cond": "(c.c_customer_sk = store_sales.ss_customer_sk)",
                                          "Plans": [
                                            {
                                              "Node Type": "Seq Scan",
                                              "Parent Relationship": "Outer",
                                              "Parallel Aware": true,
                                              "Async Capable": false,
                                              "Relation Name": "customer",
                                              "Alias": "c",
                                              "Startup Cost": 0.0,
                                              "Total Cost": 15918.33,
                                              "Plan Rows": 208333,
                                              "Plan Width": 12,
                                              "parent": 10,
                                              "ID": 11
                                            },
                                            {
                                              "Node Type": "Hash",
                                              "Parent Relationship": "Inner",
                                              "Parallel Aware": true,
                                              "Async Capable": false,
                                              "Startup Cost": 684155.91,
                                              "Total Cost": 684155.91,
                                              "Plan Rows": 13797,
                                              "Plan Width": 4,
                                              "Plans": [
                                                {
                                                  "Node Type": "Hash Join",
                                                  "Parent Relationship": "Outer",
                                                  "Parallel Aware": true,
                                                  "Async Capable": false,
                                                  "Join Type": "Inner",
                                                  "Startup Cost": 2157.62,
                                                  "Total Cost": 684155.91,
                                                  "Plan Rows": 13797,
                                                  "Plan Width": 4,
                                                  "Inner Unique": false,
                                                  "Hash Cond": "(store_sales.ss_sold_date_sk = date_dim.d_date_sk)",
                                                  "Plans": [
                                                    {
                                                      "Node Type": "Seq Scan",
                                                      "Parent Relationship": "Outer",
                                                      "Parallel Aware": true,
                                                      "Async Capable": false,
                                                      "Relation Name": "store_sales",
                                                      "Alias": "store_sales",
                                                      "Startup Cost": 0.0,
                                                      "Total Cost": 636914.37,
                                                      "Plan Rows": 12000637,
                                                      "Plan Width": 8,
                                                      "parent": 13,
                                                      "ID": 14
                                                    },
                                                    {
                                                      "Node Type": "Hash",
                                                      "Parent Relationship": "Inner",
                                                      "Parallel Aware": true,
                                                      "Async Capable": false,
                                                      "Startup Cost": 2156.97,
                                                      "Total Cost": 2156.97,
                                                      "Plan Rows": 52,
                                                      "Plan Width": 4,
                                                      "Plans": [
                                                        {
                                                          "Node Type": "Seq Scan",
                                                          "Parent Relationship": "Outer",
                                                          "Parallel Aware": true,
                                                          "Async Capable": false,
                                                          "Relation Name": "date_dim",
                                                          "Alias": "date_dim",
                                                          "Startup Cost": 0.0,
                                                          "Total Cost": 2156.97,
                                                          "Plan Rows": 52,
                                                          "Plan Width": 4,
                                                          "Filter": "((d_moy >= 2) AND (d_moy <= 4) AND (d_year = 2004))",
                                                          "parent": 15,
                                                          "ID": 16
                                                        }
                                                      ],
                                                      "parent": 13,
                                                      "ID": 15,
                                                      "left": 16
                                                    }
                                                  ],
                                                  "parent": 12,
                                                  "ID": 13,
                                                  "left": 14,
                                                  "right": 15
                                                }
                                              ],
                                              "parent": 10,
                                              "ID": 12,
                                              "left": 13
                                            }
                                          ],
                                          "parent": 9,
                                          "ID": 10,
                                          "left": 11,
                                          "right": 12
                                        },
                                        {
                                          "Node Type": "Hash",
                                          "Parent Relationship": "Inner",
                                          "Parallel Aware": true,
                                          "Async Capable": false,
                                          "Startup Cost": 6867.29,
                                          "Total Cost": 6867.29,
                                          "Plan Rows": 5486,
                                          "Plan Width": 4,
                                          "Plans": [
                                            {
                                              "Node Type": "Seq Scan",
                                              "Parent Relationship": "Outer",
                                              "Parallel Aware": true,
                                              "Async Capable": false,
                                              "Relation Name": "customer_address",
                                              "Alias": "ca",
                                              "Startup Cost": 0.0,
                                              "Total Cost": 6867.29,
                                              "Plan Rows": 5486,
                                              "Plan Width": 4,
                                              "Filter": "(ca_state = ANY ('{MT,FL,SC}'::bpchar[]))",
                                              "parent": 17,
                                              "ID": 18
                                            }
                                          ],
                                          "parent": 9,
                                          "ID": 17,
                                          "left": 18
                                        }
                                      ],
                                      "parent": 8,
                                      "ID": 9,
                                      "left": 10,
                                      "right": 17
                                    }
                                  ],
                                  "parent": 6,
                                  "ID": 8,
                                  "left": 9
                                }
                              ],
                              "parent": 5,
                              "ID": 6,
                              "left": 7,
                              "right": 8
                            }
                          ],
                          "parent": 4,
                          "ID": 5,
                          "left": 6
                        }
                      ],
                      "parent": 3,
                      "ID": 4,
                      "left": 5
                    },
                    {
                      "Node Type": "Materialize",
                      "Parent Relationship": "Inner",
                      "Parallel Aware": false,
                      "Async Capable": false,
                      "Startup Cost": 3157.62,
                      "Total Cost": 233073.27,
                      "Plan Rows": 8669,
                      "Plan Width": 4,
                      "Plans": [
                        {
                          "Node Type": "Gather",
                          "Parent Relationship": "Outer",
                          "Parallel Aware": false,
                          "Async Capable": false,
                          "Startup Cost": 3157.62,
                          "Total Cost": 233029.92,
                          "Plan Rows": 8669,
                          "Plan Width": 4,
                          "Workers Planned": 2,
                          "Single Copy": false,
                          "Plans": [
                            {
                              "Node Type": "Hash Join",
                              "Parent Relationship": "Outer",
                              "Parallel Aware": true,
                              "Async Capable": false,
                              "Join Type": "Inner",
                              "Startup Cost": 2157.62,
                              "Total Cost": 231163.02,
                              "Plan Rows": 3612,
                              "Plan Width": 4,
                              "Inner Unique": false,
                              "Hash Cond": "(web_sales.ws_sold_date_sk = date_dim_1.d_date_sk)",
                              "Plans": [
                                {
                                  "Node Type": "Seq Scan",
                                  "Parent Relationship": "Outer",
                                  "Parallel Aware": true,
                                  "Async Capable": false,
                                  "Relation Name": "web_sales",
                                  "Alias": "web_sales",
                                  "Startup Cost": 0.0,
                                  "Total Cost": 217737.86,
                                  "Plan Rows": 2998986,
                                  "Plan Width": 8,
                                  "parent": 21,
                                  "ID": 22
                                },
                                {
                                  "Node Type": "Hash",
                                  "Parent Relationship": "Inner",
                                  "Parallel Aware": true,
                                  "Async Capable": false,
                                  "Startup Cost": 2156.97,
                                  "Total Cost": 2156.97,
                                  "Plan Rows": 52,
                                  "Plan Width": 4,
                                  "Plans": [
                                    {
                                      "Node Type": "Seq Scan",
                                      "Parent Relationship": "Outer",
                                      "Parallel Aware": true,
                                      "Async Capable": false,
                                      "Relation Name": "date_dim",
                                      "Alias": "date_dim_1",
                                      "Startup Cost": 0.0,
                                      "Total Cost": 2156.97,
                                      "Plan Rows": 52,
                                      "Plan Width": 4,
                                      "Filter": "((d_moy >= 2) AND (d_moy <= 4) AND (d_year = 2004))",
                                      "parent": 23,
                                      "ID": 24
                                    }
                                  ],
                                  "parent": 21,
                                  "ID": 23,
                                  "left": 24
                                }
                              ],
                              "parent": 20,
                              "ID": 21,
                              "left": 22,
                              "right": 23
                            }
                          ],
                          "parent": 19,
                          "ID": 20,
                          "left": 21
                        }
                      ],
                      "parent": 3,
                      "ID": 19,
                      "left": 20
                    }
                  ],
                  "parent": 2,
                  "ID": 3,
                  "left": 4,
                  "right": 19
                },
                {
                  "Node Type": "Materialize",
                  "Parent Relationship": "Inner",
                  "Parallel Aware": false,
                  "Async Capable": false,
                  "Startup Cost": 2684.46,
                  "Total Cost": 574643.56,
                  "Plan Rows": 17251,
                  "Plan Width": 4,
                  "Plans": [
                    {
                      "Node Type": "Hash Join",
                      "Parent Relationship": "Outer",
                      "Parallel Aware": false,
                      "Async Capable": false,
                      "Join Type": "Inner",
                      "Startup Cost": 2684.46,
                      "Total Cost": 574557.31,
                      "Plan Rows": 17251,
                      "Plan Width": 4,
                      "Inner Unique": false,
                      "Hash Cond": "(catalog_sales.cs_sold_date_sk = date_dim_2.d_date_sk)",
                      "Plans": [
                        {
                          "Node Type": "Seq Scan",
                          "Parent Relationship": "Outer",
                          "Parallel Aware": false,
                          "Async Capable": false,
                          "Relation Name": "catalog_sales",
                          "Alias": "catalog_sales",
                          "Startup Cost": 0.0,
                          "Total Cost": 517695.61,
                          "Plan Rows": 14401261,
                          "Plan Width": 8,
                          "parent": 26,
                          "ID": 27
                        },
                        {
                          "Node Type": "Hash",
                          "Parent Relationship": "Inner",
                          "Parallel Aware": false,
                          "Async Capable": false,
                          "Startup Cost": 2683.36,
                          "Total Cost": 2683.36,
                          "Plan Rows": 88,
                          "Plan Width": 4,
                          "Plans": [
                            {
                              "Node Type": "Seq Scan",
                              "Parent Relationship": "Outer",
                              "Parallel Aware": false,
                              "Async Capable": false,
                              "Relation Name": "date_dim",
                              "Alias": "date_dim_2",
                              "Startup Cost": 0.0,
                              "Total Cost": 2683.36,
                              "Plan Rows": 88,
                              "Plan Width": 4,
                              "Filter": "((d_moy >= 2) AND (d_moy <= 4) AND (d_year = 2004))",
                              "parent": 28,
                              "ID": 29
                            }
                          ],
                          "parent": 26,
                          "ID": 28,
                          "left": 29
                        }
                      ],
                      "parent": 25,
                      "ID": 26,
                      "left": 27,
                      "right": 28
                    }
                  ],
                  "parent": 2,
                  "ID": 25,
                  "left": 26
                }
              ],
              "parent": 1,
              "ID": 2,
              "left": 3,
              "right": 25
            }
          ],
          "parent": 0,
          "ID": 1,
          "left": 2
        }
      ],
      "parent": null,
      "ID": 0,
      "left": 1
    },
    "feat": {
      "utility": 0.0,
      "query_shape": [
        [
          "Seq Scan",
          "Hash Join",
          "Sort",
          "Gather Merge",
          "Nested Loop",
          "Aggregate"
        ],
        [
          "Seq Scan",
          "Hash Join",
          "Hash",
          "Sort",
          "Gather Merge",
          "Nested Loop",
          "Aggregate"
        ],
        [
          "Seq Scan",
          "Hash Join",
          "Hash",
          "Sort",
          "Gather Merge",
          "Nested Loop",
          "Aggregate"
        ],
        [
          "Seq Scan",
          "Hash",
          "Hash Join",
          "Sort",
          "Gather Merge",
          "Nested Loop",
          "Aggregate"
        ],
        [
          "Seq Scan",
          "Hash",
          "Hash Join",
          "Sort",
          "Gather Merge",
          "Nested Loop",
          "Aggregate"
        ],
        [
          "Seq Scan",
          "Hash Join",
          "Gather",
          "Materialize",
          "Nested Loop",
          "Aggregate"
        ],
        [
          "Seq Scan",
          "Hash",
          "Hash Join",
          "Gather",
          "Materialize",
          "Nested Loop",
          "Aggregate"
        ],
        [
          "Seq Scan",
          "Hash Join",
          "Materialize",
          "Nested Loop",
          "Aggregate"
        ],
        [
          "Seq Scan",
          "Hash",
          "Hash Join",
          "Materialize",
          "Nested Loop",
          "Aggregate"
        ]
      ],
      "index_shape": [
        "order-by"
      ],
      "physical_operator": {
        "Sort": [
          "[0. 0. 0. 0. 0. 0. 0. 0. 0. 0. 0. 0. 0. 0. 0. 0. 0. 0. 0. 0. 0. 0. 0. 0.\n 0. 0. 0. 0. 0. 0. 0. 0. 0. 0. 0. 0. 0. 0. 0. 0. 0. 0. 0. 0. 0. 0. 0. 0.\n 0. 0. 0.]"
        ],
        "Aggregate": [
          "[0. 0. 0. 0. 0. 0. 0. 0. 0. 0. 0. 0. 0. 0. 0. 0. 0. 0. 0. 0. 0. 0. 0. 0.\n 0. 0. 0. 0. 0. 0. 0. 0. 0. 0. 0. 0. 0. 0. 0. 0. 0. 0. 0. 0. 0. 0. 0. 0.\n 0. 0. 0.]"
        ]
      }
    }
  },
  {
    "query": "select  \n  cd_gender,\n  cd_marital_status,\n  cd_education_status,\n  count(*) cnt1,\n  cd_purchase_estimate,\n  count(*) cnt2,\n  cd_credit_rating,\n  count(*) cnt3\n from\n  customer c,customer_address ca,customer_demographics\n where\n  c.c_current_addr_sk = ca.ca_address_sk and\n  ca_state in ('MT','FL','SC') and\n  cd_demo_sk = c.c_current_cdemo_sk and \n  exists (select *\n          from store_sales,date_dim\n          where c.c_customer_sk = ss_customer_sk and\n                ss_sold_date_sk = d_date_sk and\n                d_year = 2004 and\n                d_moy between 2 and 2+2) and\n   (not exists (select *\n            from web_sales,date_dim\n            where c.c_customer_sk = ws_bill_customer_sk and\n                  ws_sold_date_sk = d_date_sk and\n                  d_year = 2004 and\n                  d_moy between 2 and 2+2) and\n    not exists (select * \n            from catalog_sales,date_dim\n            where c.c_customer_sk = cs_ship_customer_sk and\n                  cs_sold_date_sk = d_date_sk and\n                  d_year = 2004 and\n                  d_moy between 2 and 2+2))\n group by cd_gender,\n          cd_marital_status,\n          cd_education_status,\n          cd_purchase_estimate,\n          cd_credit_rating\n order by cd_gender,\n          cd_marital_status,\n          cd_education_status,\n          cd_purchase_estimate,\n          cd_credit_rating\n limit 100;\n\n-- end query 51 in stream 0 using template query69.tpl\n",
    "indexes": "date_dim.d_year",
    "wo plan est": {
      "Node Type": "Limit",
      "Parallel Aware": false,
      "Async Capable": false,
      "Startup Cost": 747645.79,
      "Total Cost": 840733.75,
      "Plan Rows": 100,
      "Plan Width": 64,
      "Plans": [
        {
          "Node Type": "Aggregate",
          "Strategy": "Sorted",
          "Partial Mode": "Simple",
          "Parent Relationship": "Outer",
          "Parallel Aware": false,
          "Async Capable": false,
          "Startup Cost": 747645.79,
          "Total Cost": 2167237.2,
          "Plan Rows": 1525,
          "Plan Width": 64,
          "Group Key": [
            "customer_demographics.cd_gender",
            "customer_demographics.cd_marital_status",
            "customer_demographics.cd_education_status",
            "customer_demographics.cd_purchase_estimate",
            "customer_demographics.cd_credit_rating"
          ],
          "Plans": [
            {
              "Node Type": "Nested Loop",
              "Parent Relationship": "Outer",
              "Parallel Aware": false,
              "Async Capable": false,
              "Join Type": "Anti",
              "Startup Cost": 747645.79,
              "Total Cost": 2167199.07,
              "Plan Rows": 1525,
              "Plan Width": 40,
              "Inner Unique": false,
              "Join Filter": "(c.c_customer_sk = catalog_sales.cs_ship_customer_sk)",
              "Plans": [
                {
                  "Node Type": "Nested Loop",
                  "Parent Relationship": "Outer",
                  "Parallel Aware": false,
                  "Async Capable": false,
                  "Join Type": "Anti",
                  "Startup Cost": 744961.33,
                  "Total Cost": 1184008.71,
                  "Plan Rows": 1579,
                  "Plan Width": 44,
                  "Inner Unique": false,
                  "Join Filter": "(c.c_customer_sk = web_sales.ws_bill_customer_sk)",
                  "Plans": [
                    {
                      "Node Type": "Gather Merge",
                      "Parent Relationship": "Outer",
                      "Parallel Aware": false,
                      "Async Capable": false,
                      "Startup Cost": 741803.7,
                      "Total Cost": 741990.87,
                      "Plan Rows": 1607,
                      "Plan Width": 44,
                      "Workers Planned": 2,
                      "Plans": [
                        {
                          "Node Type": "Sort",
                          "Parent Relationship": "Outer",
                          "Parallel Aware": false,
                          "Async Capable": false,
                          "Startup Cost": 740803.68,
                          "Total Cost": 740805.36,
                          "Plan Rows": 670,
                          "Plan Width": 44,
                          "Sort Key": [
                            "customer_demographics.cd_gender",
                            "customer_demographics.cd_marital_status",
                            "customer_demographics.cd_education_status",
                            "customer_demographics.cd_purchase_estimate",
                            "customer_demographics.cd_credit_rating"
                          ],
                          "Plans": [
                            {
                              "Node Type": "Hash Join",
                              "Parent Relationship": "Outer",
                              "Parallel Aware": true,
                              "Async Capable": false,
                              "Join Type": "Inner",
                              "Startup Cost": 707936.86,
                              "Total Cost": 740772.23,
                              "Plan Rows": 670,
                              "Plan Width": 44,
                              "Inner Unique": false,
                              "Hash Cond": "(customer_demographics.cd_demo_sk = c.c_current_cdemo_sk)",
                              "Plans": [
                                {
                                  "Node Type": "Seq Scan",
                                  "Parent Relationship": "Outer",
                                  "Parallel Aware": true,
                                  "Async Capable": false,
                                  "Relation Name": "customer_demographics",
                                  "Alias": "customer_demographics",
                                  "Startup Cost": 0.0,
                                  "Total Cost": 29831.33,
                                  "Plan Rows": 800333,
                                  "Plan Width": 44,
                                  "parent": 6,
                                  "ID": 7
                                },
                                {
                                  "Node Type": "Hash",
                                  "Parent Relationship": "Inner",
                                  "Parallel Aware": true,
                                  "Async Capable": false,
                                  "Startup Cost": 707928.2,
                                  "Total Cost": 707928.2,
                                  "Plan Rows": 693,
                                  "Plan Width": 8,
                                  "Plans": [
                                    {
                                      "Node Type": "Hash Join",
                                      "Parent Relationship": "Outer",
                                      "Parallel Aware": true,
                                      "Async Capable": false,
                                      "Join Type": "Inner",
                                      "Startup Cost": 691264.24,
                                      "Total Cost": 707928.2,
                                      "Plan Rows": 693,
                                      "Plan Width": 8,
                                      "Inner Unique": false,
                                      "Hash Cond": "(c.c_current_addr_sk = ca.ca_address_sk)",
                                      "Plans": [
                                        {
                                          "Node Type": "Hash Join",
                                          "Parent Relationship": "Outer",
                                          "Parallel Aware": true,
                                          "Async Capable": false,
                                          "Join Type": "Semi",
                                          "Startup Cost": 684328.37,
                                          "Total Cost": 700940.06,
                                          "Plan Rows": 13167,
                                          "Plan Width": 12,
                                          "Inner Unique": false,
                                          "Hash Cond": "(c.c_customer_sk = store_sales.ss_customer_sk)",
                                          "Plans": [
                                            {
                                              "Node Type": "Seq Scan",
                                              "Parent Relationship": "Outer",
                                              "Parallel Aware": true,
                                              "Async Capable": false,
                                              "Relation Name": "customer",
                                              "Alias": "c",
                                              "Startup Cost": 0.0,
                                              "Total Cost": 15918.33,
                                              "Plan Rows": 208333,
                                              "Plan Width": 12,
                                              "parent": 10,
                                              "ID": 11
                                            },
                                            {
                                              "Node Type": "Hash",
                                              "Parent Relationship": "Inner",
                                              "Parallel Aware": true,
                                              "Async Capable": false,
                                              "Startup Cost": 684155.91,
                                              "Total Cost": 684155.91,
                                              "Plan Rows": 13797,
                                              "Plan Width": 4,
                                              "Plans": [
                                                {
                                                  "Node Type": "Hash Join",
                                                  "Parent Relationship": "Outer",
                                                  "Parallel Aware": true,
                                                  "Async Capable": false,
                                                  "Join Type": "Inner",
                                                  "Startup Cost": 2157.62,
                                                  "Total Cost": 684155.91,
                                                  "Plan Rows": 13797,
                                                  "Plan Width": 4,
                                                  "Inner Unique": false,
                                                  "Hash Cond": "(store_sales.ss_sold_date_sk = date_dim.d_date_sk)",
                                                  "Plans": [
                                                    {
                                                      "Node Type": "Seq Scan",
                                                      "Parent Relationship": "Outer",
                                                      "Parallel Aware": true,
                                                      "Async Capable": false,
                                                      "Relation Name": "store_sales",
                                                      "Alias": "store_sales",
                                                      "Startup Cost": 0.0,
                                                      "Total Cost": 636914.37,
                                                      "Plan Rows": 12000637,
                                                      "Plan Width": 8,
                                                      "parent": 13,
                                                      "ID": 14
                                                    },
                                                    {
                                                      "Node Type": "Hash",
                                                      "Parent Relationship": "Inner",
                                                      "Parallel Aware": true,
                                                      "Async Capable": false,
                                                      "Startup Cost": 2156.97,
                                                      "Total Cost": 2156.97,
                                                      "Plan Rows": 52,
                                                      "Plan Width": 4,
                                                      "Plans": [
                                                        {
                                                          "Node Type": "Seq Scan",
                                                          "Parent Relationship": "Outer",
                                                          "Parallel Aware": true,
                                                          "Async Capable": false,
                                                          "Relation Name": "date_dim",
                                                          "Alias": "date_dim",
                                                          "Startup Cost": 0.0,
                                                          "Total Cost": 2156.97,
                                                          "Plan Rows": 52,
                                                          "Plan Width": 4,
                                                          "Filter": "((d_moy >= 2) AND (d_moy <= 4) AND (d_year = 2004))",
                                                          "parent": 15,
                                                          "ID": 16
                                                        }
                                                      ],
                                                      "parent": 13,
                                                      "ID": 15,
                                                      "left": 16
                                                    }
                                                  ],
                                                  "parent": 12,
                                                  "ID": 13,
                                                  "left": 14,
                                                  "right": 15
                                                }
                                              ],
                                              "parent": 10,
                                              "ID": 12,
                                              "left": 13
                                            }
                                          ],
                                          "parent": 9,
                                          "ID": 10,
                                          "left": 11,
                                          "right": 12
                                        },
                                        {
                                          "Node Type": "Hash",
                                          "Parent Relationship": "Inner",
                                          "Parallel Aware": true,
                                          "Async Capable": false,
                                          "Startup Cost": 6867.29,
                                          "Total Cost": 6867.29,
                                          "Plan Rows": 5486,
                                          "Plan Width": 4,
                                          "Plans": [
                                            {
                                              "Node Type": "Seq Scan",
                                              "Parent Relationship": "Outer",
                                              "Parallel Aware": true,
                                              "Async Capable": false,
                                              "Relation Name": "customer_address",
                                              "Alias": "ca",
                                              "Startup Cost": 0.0,
                                              "Total Cost": 6867.29,
                                              "Plan Rows": 5486,
                                              "Plan Width": 4,
                                              "Filter": "(ca_state = ANY ('{MT,FL,SC}'::bpchar[]))",
                                              "parent": 17,
                                              "ID": 18
                                            }
                                          ],
                                          "parent": 9,
                                          "ID": 17,
                                          "left": 18
                                        }
                                      ],
                                      "parent": 8,
                                      "ID": 9,
                                      "left": 10,
                                      "right": 17
                                    }
                                  ],
                                  "parent": 6,
                                  "ID": 8,
                                  "left": 9
                                }
                              ],
                              "parent": 5,
                              "ID": 6,
                              "left": 7,
                              "right": 8
                            }
                          ],
                          "parent": 4,
                          "ID": 5,
                          "left": 6
                        }
                      ],
                      "parent": 3,
                      "ID": 4,
                      "left": 5
                    },
                    {
                      "Node Type": "Materialize",
                      "Parent Relationship": "Inner",
                      "Parallel Aware": false,
                      "Async Capable": false,
                      "Startup Cost": 3157.62,
                      "Total Cost": 233073.27,
                      "Plan Rows": 8669,
                      "Plan Width": 4,
                      "Plans": [
                        {
                          "Node Type": "Gather",
                          "Parent Relationship": "Outer",
                          "Parallel Aware": false,
                          "Async Capable": false,
                          "Startup Cost": 3157.62,
                          "Total Cost": 233029.92,
                          "Plan Rows": 8669,
                          "Plan Width": 4,
                          "Workers Planned": 2,
                          "Single Copy": false,
                          "Plans": [
                            {
                              "Node Type": "Hash Join",
                              "Parent Relationship": "Outer",
                              "Parallel Aware": true,
                              "Async Capable": false,
                              "Join Type": "Inner",
                              "Startup Cost": 2157.62,
                              "Total Cost": 231163.02,
                              "Plan Rows": 3612,
                              "Plan Width": 4,
                              "Inner Unique": false,
                              "Hash Cond": "(web_sales.ws_sold_date_sk = date_dim_1.d_date_sk)",
                              "Plans": [
                                {
                                  "Node Type": "Seq Scan",
                                  "Parent Relationship": "Outer",
                                  "Parallel Aware": true,
                                  "Async Capable": false,
                                  "Relation Name": "web_sales",
                                  "Alias": "web_sales",
                                  "Startup Cost": 0.0,
                                  "Total Cost": 217737.86,
                                  "Plan Rows": 2998986,
                                  "Plan Width": 8,
                                  "parent": 21,
                                  "ID": 22
                                },
                                {
                                  "Node Type": "Hash",
                                  "Parent Relationship": "Inner",
                                  "Parallel Aware": true,
                                  "Async Capable": false,
                                  "Startup Cost": 2156.97,
                                  "Total Cost": 2156.97,
                                  "Plan Rows": 52,
                                  "Plan Width": 4,
                                  "Plans": [
                                    {
                                      "Node Type": "Seq Scan",
                                      "Parent Relationship": "Outer",
                                      "Parallel Aware": true,
                                      "Async Capable": false,
                                      "Relation Name": "date_dim",
                                      "Alias": "date_dim_1",
                                      "Startup Cost": 0.0,
                                      "Total Cost": 2156.97,
                                      "Plan Rows": 52,
                                      "Plan Width": 4,
                                      "Filter": "((d_moy >= 2) AND (d_moy <= 4) AND (d_year = 2004))",
                                      "parent": 23,
                                      "ID": 24
                                    }
                                  ],
                                  "parent": 21,
                                  "ID": 23,
                                  "left": 24
                                }
                              ],
                              "parent": 20,
                              "ID": 21,
                              "left": 22,
                              "right": 23
                            }
                          ],
                          "parent": 19,
                          "ID": 20,
                          "left": 21
                        }
                      ],
                      "parent": 3,
                      "ID": 19,
                      "left": 20
                    }
                  ],
                  "parent": 2,
                  "ID": 3,
                  "left": 4,
                  "right": 19
                },
                {
                  "Node Type": "Materialize",
                  "Parent Relationship": "Inner",
                  "Parallel Aware": false,
                  "Async Capable": false,
                  "Startup Cost": 2684.46,
                  "Total Cost": 574643.56,
                  "Plan Rows": 17251,
                  "Plan Width": 4,
                  "Plans": [
                    {
                      "Node Type": "Hash Join",
                      "Parent Relationship": "Outer",
                      "Parallel Aware": false,
                      "Async Capable": false,
                      "Join Type": "Inner",
                      "Startup Cost": 2684.46,
                      "Total Cost": 574557.31,
                      "Plan Rows": 17251,
                      "Plan Width": 4,
                      "Inner Unique": false,
                      "Hash Cond": "(catalog_sales.cs_sold_date_sk = date_dim_2.d_date_sk)",
                      "Plans": [
                        {
                          "Node Type": "Seq Scan",
                          "Parent Relationship": "Outer",
                          "Parallel Aware": false,
                          "Async Capable": false,
                          "Relation Name": "catalog_sales",
                          "Alias": "catalog_sales",
                          "Startup Cost": 0.0,
                          "Total Cost": 517695.61,
                          "Plan Rows": 14401261,
                          "Plan Width": 8,
                          "parent": 26,
                          "ID": 27
                        },
                        {
                          "Node Type": "Hash",
                          "Parent Relationship": "Inner",
                          "Parallel Aware": false,
                          "Async Capable": false,
                          "Startup Cost": 2683.36,
                          "Total Cost": 2683.36,
                          "Plan Rows": 88,
                          "Plan Width": 4,
                          "Plans": [
                            {
                              "Node Type": "Seq Scan",
                              "Parent Relationship": "Outer",
                              "Parallel Aware": false,
                              "Async Capable": false,
                              "Relation Name": "date_dim",
                              "Alias": "date_dim_2",
                              "Startup Cost": 0.0,
                              "Total Cost": 2683.36,
                              "Plan Rows": 88,
                              "Plan Width": 4,
                              "Filter": "((d_moy >= 2) AND (d_moy <= 4) AND (d_year = 2004))",
                              "parent": 28,
                              "ID": 29
                            }
                          ],
                          "parent": 26,
                          "ID": 28,
                          "left": 29
                        }
                      ],
                      "parent": 25,
                      "ID": 26,
                      "left": 27,
                      "right": 28
                    }
                  ],
                  "parent": 2,
                  "ID": 25,
                  "left": 26
                }
              ],
              "parent": 1,
              "ID": 2,
              "left": 3,
              "right": 25
            }
          ],
          "parent": 0,
          "ID": 1,
          "left": 2
        }
      ],
      "parent": null,
      "ID": 0,
      "left": 1
    },
    "feat": {
      "utility": 0.008315351384641458,
      "query_shape": [
        [
          "Seq Scan",
          "Hash Join",
          "Sort",
          "Gather Merge",
          "Nested Loop",
          "Aggregate"
        ],
        [
          "Seq Scan",
          "Hash Join",
          "Hash",
          "Sort",
          "Gather Merge",
          "Nested Loop",
          "Aggregate"
        ],
        [
          "Seq Scan",
          "Hash Join",
          "Hash",
          "Sort",
          "Gather Merge",
          "Nested Loop",
          "Aggregate"
        ],
        [
          "Seq Scan",
          "Hash",
          "Hash Join",
          "Sort",
          "Gather Merge",
          "Nested Loop",
          "Aggregate"
        ],
        [
          "Seq Scan",
          "Hash",
          "Hash Join",
          "Sort",
          "Gather Merge",
          "Nested Loop",
          "Aggregate"
        ],
        [
          "Seq Scan",
          "Hash Join",
          "Gather",
          "Materialize",
          "Nested Loop",
          "Aggregate"
        ],
        [
          "Seq Scan",
          "Hash",
          "Hash Join",
          "Gather",
          "Materialize",
          "Nested Loop",
          "Aggregate"
        ],
        [
          "Seq Scan",
          "Hash Join",
          "Materialize",
          "Nested Loop",
          "Aggregate"
        ],
        [
          "Seq Scan",
          "Hash",
          "Hash Join",
          "Materialize",
          "Nested Loop",
          "Aggregate"
        ]
      ],
      "index_shape": [
        "selection"
      ],
      "physical_operator": {
        "Seq Scan": [
          0.0007118509493627689,
          0.0007118509493627689,
          0.0012046708373831816
        ]
      }
    }
  },
  {
    "query": "select  \n  cd_gender,\n  cd_marital_status,\n  cd_education_status,\n  count(*) cnt1,\n  cd_purchase_estimate,\n  count(*) cnt2,\n  cd_credit_rating,\n  count(*) cnt3\n from\n  customer c,customer_address ca,customer_demographics\n where\n  c.c_current_addr_sk = ca.ca_address_sk and\n  ca_state in ('MT','FL','SC') and\n  cd_demo_sk = c.c_current_cdemo_sk and \n  exists (select *\n          from store_sales,date_dim\n          where c.c_customer_sk = ss_customer_sk and\n                ss_sold_date_sk = d_date_sk and\n                d_year = 2004 and\n                d_moy between 2 and 2+2) and\n   (not exists (select *\n            from web_sales,date_dim\n            where c.c_customer_sk = ws_bill_customer_sk and\n                  ws_sold_date_sk = d_date_sk and\n                  d_year = 2004 and\n                  d_moy between 2 and 2+2) and\n    not exists (select * \n            from catalog_sales,date_dim\n            where c.c_customer_sk = cs_ship_customer_sk and\n                  cs_sold_date_sk = d_date_sk and\n                  d_year = 2004 and\n                  d_moy between 2 and 2+2))\n group by cd_gender,\n          cd_marital_status,\n          cd_education_status,\n          cd_purchase_estimate,\n          cd_credit_rating\n order by cd_gender,\n          cd_marital_status,\n          cd_education_status,\n          cd_purchase_estimate,\n          cd_credit_rating\n limit 100;\n\n-- end query 51 in stream 0 using template query69.tpl\n",
    "indexes": "date_dim.d_moy",
    "wo plan est": {
      "Node Type": "Limit",
      "Parallel Aware": false,
      "Async Capable": false,
      "Startup Cost": 747645.79,
      "Total Cost": 840733.75,
      "Plan Rows": 100,
      "Plan Width": 64,
      "Plans": [
        {
          "Node Type": "Aggregate",
          "Strategy": "Sorted",
          "Partial Mode": "Simple",
          "Parent Relationship": "Outer",
          "Parallel Aware": false,
          "Async Capable": false,
          "Startup Cost": 747645.79,
          "Total Cost": 2167237.2,
          "Plan Rows": 1525,
          "Plan Width": 64,
          "Group Key": [
            "customer_demographics.cd_gender",
            "customer_demographics.cd_marital_status",
            "customer_demographics.cd_education_status",
            "customer_demographics.cd_purchase_estimate",
            "customer_demographics.cd_credit_rating"
          ],
          "Plans": [
            {
              "Node Type": "Nested Loop",
              "Parent Relationship": "Outer",
              "Parallel Aware": false,
              "Async Capable": false,
              "Join Type": "Anti",
              "Startup Cost": 747645.79,
              "Total Cost": 2167199.07,
              "Plan Rows": 1525,
              "Plan Width": 40,
              "Inner Unique": false,
              "Join Filter": "(c.c_customer_sk = catalog_sales.cs_ship_customer_sk)",
              "Plans": [
                {
                  "Node Type": "Nested Loop",
                  "Parent Relationship": "Outer",
                  "Parallel Aware": false,
                  "Async Capable": false,
                  "Join Type": "Anti",
                  "Startup Cost": 744961.33,
                  "Total Cost": 1184008.71,
                  "Plan Rows": 1579,
                  "Plan Width": 44,
                  "Inner Unique": false,
                  "Join Filter": "(c.c_customer_sk = web_sales.ws_bill_customer_sk)",
                  "Plans": [
                    {
                      "Node Type": "Gather Merge",
                      "Parent Relationship": "Outer",
                      "Parallel Aware": false,
                      "Async Capable": false,
                      "Startup Cost": 741803.7,
                      "Total Cost": 741990.87,
                      "Plan Rows": 1607,
                      "Plan Width": 44,
                      "Workers Planned": 2,
                      "Plans": [
                        {
                          "Node Type": "Sort",
                          "Parent Relationship": "Outer",
                          "Parallel Aware": false,
                          "Async Capable": false,
                          "Startup Cost": 740803.68,
                          "Total Cost": 740805.36,
                          "Plan Rows": 670,
                          "Plan Width": 44,
                          "Sort Key": [
                            "customer_demographics.cd_gender",
                            "customer_demographics.cd_marital_status",
                            "customer_demographics.cd_education_status",
                            "customer_demographics.cd_purchase_estimate",
                            "customer_demographics.cd_credit_rating"
                          ],
                          "Plans": [
                            {
                              "Node Type": "Hash Join",
                              "Parent Relationship": "Outer",
                              "Parallel Aware": true,
                              "Async Capable": false,
                              "Join Type": "Inner",
                              "Startup Cost": 707936.86,
                              "Total Cost": 740772.23,
                              "Plan Rows": 670,
                              "Plan Width": 44,
                              "Inner Unique": false,
                              "Hash Cond": "(customer_demographics.cd_demo_sk = c.c_current_cdemo_sk)",
                              "Plans": [
                                {
                                  "Node Type": "Seq Scan",
                                  "Parent Relationship": "Outer",
                                  "Parallel Aware": true,
                                  "Async Capable": false,
                                  "Relation Name": "customer_demographics",
                                  "Alias": "customer_demographics",
                                  "Startup Cost": 0.0,
                                  "Total Cost": 29831.33,
                                  "Plan Rows": 800333,
                                  "Plan Width": 44,
                                  "parent": 6,
                                  "ID": 7
                                },
                                {
                                  "Node Type": "Hash",
                                  "Parent Relationship": "Inner",
                                  "Parallel Aware": true,
                                  "Async Capable": false,
                                  "Startup Cost": 707928.2,
                                  "Total Cost": 707928.2,
                                  "Plan Rows": 693,
                                  "Plan Width": 8,
                                  "Plans": [
                                    {
                                      "Node Type": "Hash Join",
                                      "Parent Relationship": "Outer",
                                      "Parallel Aware": true,
                                      "Async Capable": false,
                                      "Join Type": "Inner",
                                      "Startup Cost": 691264.24,
                                      "Total Cost": 707928.2,
                                      "Plan Rows": 693,
                                      "Plan Width": 8,
                                      "Inner Unique": false,
                                      "Hash Cond": "(c.c_current_addr_sk = ca.ca_address_sk)",
                                      "Plans": [
                                        {
                                          "Node Type": "Hash Join",
                                          "Parent Relationship": "Outer",
                                          "Parallel Aware": true,
                                          "Async Capable": false,
                                          "Join Type": "Semi",
                                          "Startup Cost": 684328.37,
                                          "Total Cost": 700940.06,
                                          "Plan Rows": 13167,
                                          "Plan Width": 12,
                                          "Inner Unique": false,
                                          "Hash Cond": "(c.c_customer_sk = store_sales.ss_customer_sk)",
                                          "Plans": [
                                            {
                                              "Node Type": "Seq Scan",
                                              "Parent Relationship": "Outer",
                                              "Parallel Aware": true,
                                              "Async Capable": false,
                                              "Relation Name": "customer",
                                              "Alias": "c",
                                              "Startup Cost": 0.0,
                                              "Total Cost": 15918.33,
                                              "Plan Rows": 208333,
                                              "Plan Width": 12,
                                              "parent": 10,
                                              "ID": 11
                                            },
                                            {
                                              "Node Type": "Hash",
                                              "Parent Relationship": "Inner",
                                              "Parallel Aware": true,
                                              "Async Capable": false,
                                              "Startup Cost": 684155.91,
                                              "Total Cost": 684155.91,
                                              "Plan Rows": 13797,
                                              "Plan Width": 4,
                                              "Plans": [
                                                {
                                                  "Node Type": "Hash Join",
                                                  "Parent Relationship": "Outer",
                                                  "Parallel Aware": true,
                                                  "Async Capable": false,
                                                  "Join Type": "Inner",
                                                  "Startup Cost": 2157.62,
                                                  "Total Cost": 684155.91,
                                                  "Plan Rows": 13797,
                                                  "Plan Width": 4,
                                                  "Inner Unique": false,
                                                  "Hash Cond": "(store_sales.ss_sold_date_sk = date_dim.d_date_sk)",
                                                  "Plans": [
                                                    {
                                                      "Node Type": "Seq Scan",
                                                      "Parent Relationship": "Outer",
                                                      "Parallel Aware": true,
                                                      "Async Capable": false,
                                                      "Relation Name": "store_sales",
                                                      "Alias": "store_sales",
                                                      "Startup Cost": 0.0,
                                                      "Total Cost": 636914.37,
                                                      "Plan Rows": 12000637,
                                                      "Plan Width": 8,
                                                      "parent": 13,
                                                      "ID": 14
                                                    },
                                                    {
                                                      "Node Type": "Hash",
                                                      "Parent Relationship": "Inner",
                                                      "Parallel Aware": true,
                                                      "Async Capable": false,
                                                      "Startup Cost": 2156.97,
                                                      "Total Cost": 2156.97,
                                                      "Plan Rows": 52,
                                                      "Plan Width": 4,
                                                      "Plans": [
                                                        {
                                                          "Node Type": "Seq Scan",
                                                          "Parent Relationship": "Outer",
                                                          "Parallel Aware": true,
                                                          "Async Capable": false,
                                                          "Relation Name": "date_dim",
                                                          "Alias": "date_dim",
                                                          "Startup Cost": 0.0,
                                                          "Total Cost": 2156.97,
                                                          "Plan Rows": 52,
                                                          "Plan Width": 4,
                                                          "Filter": "((d_moy >= 2) AND (d_moy <= 4) AND (d_year = 2004))",
                                                          "parent": 15,
                                                          "ID": 16
                                                        }
                                                      ],
                                                      "parent": 13,
                                                      "ID": 15,
                                                      "left": 16
                                                    }
                                                  ],
                                                  "parent": 12,
                                                  "ID": 13,
                                                  "left": 14,
                                                  "right": 15
                                                }
                                              ],
                                              "parent": 10,
                                              "ID": 12,
                                              "left": 13
                                            }
                                          ],
                                          "parent": 9,
                                          "ID": 10,
                                          "left": 11,
                                          "right": 12
                                        },
                                        {
                                          "Node Type": "Hash",
                                          "Parent Relationship": "Inner",
                                          "Parallel Aware": true,
                                          "Async Capable": false,
                                          "Startup Cost": 6867.29,
                                          "Total Cost": 6867.29,
                                          "Plan Rows": 5486,
                                          "Plan Width": 4,
                                          "Plans": [
                                            {
                                              "Node Type": "Seq Scan",
                                              "Parent Relationship": "Outer",
                                              "Parallel Aware": true,
                                              "Async Capable": false,
                                              "Relation Name": "customer_address",
                                              "Alias": "ca",
                                              "Startup Cost": 0.0,
                                              "Total Cost": 6867.29,
                                              "Plan Rows": 5486,
                                              "Plan Width": 4,
                                              "Filter": "(ca_state = ANY ('{MT,FL,SC}'::bpchar[]))",
                                              "parent": 17,
                                              "ID": 18
                                            }
                                          ],
                                          "parent": 9,
                                          "ID": 17,
                                          "left": 18
                                        }
                                      ],
                                      "parent": 8,
                                      "ID": 9,
                                      "left": 10,
                                      "right": 17
                                    }
                                  ],
                                  "parent": 6,
                                  "ID": 8,
                                  "left": 9
                                }
                              ],
                              "parent": 5,
                              "ID": 6,
                              "left": 7,
                              "right": 8
                            }
                          ],
                          "parent": 4,
                          "ID": 5,
                          "left": 6
                        }
                      ],
                      "parent": 3,
                      "ID": 4,
                      "left": 5
                    },
                    {
                      "Node Type": "Materialize",
                      "Parent Relationship": "Inner",
                      "Parallel Aware": false,
                      "Async Capable": false,
                      "Startup Cost": 3157.62,
                      "Total Cost": 233073.27,
                      "Plan Rows": 8669,
                      "Plan Width": 4,
                      "Plans": [
                        {
                          "Node Type": "Gather",
                          "Parent Relationship": "Outer",
                          "Parallel Aware": false,
                          "Async Capable": false,
                          "Startup Cost": 3157.62,
                          "Total Cost": 233029.92,
                          "Plan Rows": 8669,
                          "Plan Width": 4,
                          "Workers Planned": 2,
                          "Single Copy": false,
                          "Plans": [
                            {
                              "Node Type": "Hash Join",
                              "Parent Relationship": "Outer",
                              "Parallel Aware": true,
                              "Async Capable": false,
                              "Join Type": "Inner",
                              "Startup Cost": 2157.62,
                              "Total Cost": 231163.02,
                              "Plan Rows": 3612,
                              "Plan Width": 4,
                              "Inner Unique": false,
                              "Hash Cond": "(web_sales.ws_sold_date_sk = date_dim_1.d_date_sk)",
                              "Plans": [
                                {
                                  "Node Type": "Seq Scan",
                                  "Parent Relationship": "Outer",
                                  "Parallel Aware": true,
                                  "Async Capable": false,
                                  "Relation Name": "web_sales",
                                  "Alias": "web_sales",
                                  "Startup Cost": 0.0,
                                  "Total Cost": 217737.86,
                                  "Plan Rows": 2998986,
                                  "Plan Width": 8,
                                  "parent": 21,
                                  "ID": 22
                                },
                                {
                                  "Node Type": "Hash",
                                  "Parent Relationship": "Inner",
                                  "Parallel Aware": true,
                                  "Async Capable": false,
                                  "Startup Cost": 2156.97,
                                  "Total Cost": 2156.97,
                                  "Plan Rows": 52,
                                  "Plan Width": 4,
                                  "Plans": [
                                    {
                                      "Node Type": "Seq Scan",
                                      "Parent Relationship": "Outer",
                                      "Parallel Aware": true,
                                      "Async Capable": false,
                                      "Relation Name": "date_dim",
                                      "Alias": "date_dim_1",
                                      "Startup Cost": 0.0,
                                      "Total Cost": 2156.97,
                                      "Plan Rows": 52,
                                      "Plan Width": 4,
                                      "Filter": "((d_moy >= 2) AND (d_moy <= 4) AND (d_year = 2004))",
                                      "parent": 23,
                                      "ID": 24
                                    }
                                  ],
                                  "parent": 21,
                                  "ID": 23,
                                  "left": 24
                                }
                              ],
                              "parent": 20,
                              "ID": 21,
                              "left": 22,
                              "right": 23
                            }
                          ],
                          "parent": 19,
                          "ID": 20,
                          "left": 21
                        }
                      ],
                      "parent": 3,
                      "ID": 19,
                      "left": 20
                    }
                  ],
                  "parent": 2,
                  "ID": 3,
                  "left": 4,
                  "right": 19
                },
                {
                  "Node Type": "Materialize",
                  "Parent Relationship": "Inner",
                  "Parallel Aware": false,
                  "Async Capable": false,
                  "Startup Cost": 2684.46,
                  "Total Cost": 574643.56,
                  "Plan Rows": 17251,
                  "Plan Width": 4,
                  "Plans": [
                    {
                      "Node Type": "Hash Join",
                      "Parent Relationship": "Outer",
                      "Parallel Aware": false,
                      "Async Capable": false,
                      "Join Type": "Inner",
                      "Startup Cost": 2684.46,
                      "Total Cost": 574557.31,
                      "Plan Rows": 17251,
                      "Plan Width": 4,
                      "Inner Unique": false,
                      "Hash Cond": "(catalog_sales.cs_sold_date_sk = date_dim_2.d_date_sk)",
                      "Plans": [
                        {
                          "Node Type": "Seq Scan",
                          "Parent Relationship": "Outer",
                          "Parallel Aware": false,
                          "Async Capable": false,
                          "Relation Name": "catalog_sales",
                          "Alias": "catalog_sales",
                          "Startup Cost": 0.0,
                          "Total Cost": 517695.61,
                          "Plan Rows": 14401261,
                          "Plan Width": 8,
                          "parent": 26,
                          "ID": 27
                        },
                        {
                          "Node Type": "Hash",
                          "Parent Relationship": "Inner",
                          "Parallel Aware": false,
                          "Async Capable": false,
                          "Startup Cost": 2683.36,
                          "Total Cost": 2683.36,
                          "Plan Rows": 88,
                          "Plan Width": 4,
                          "Plans": [
                            {
                              "Node Type": "Seq Scan",
                              "Parent Relationship": "Outer",
                              "Parallel Aware": false,
                              "Async Capable": false,
                              "Relation Name": "date_dim",
                              "Alias": "date_dim_2",
                              "Startup Cost": 0.0,
                              "Total Cost": 2683.36,
                              "Plan Rows": 88,
                              "Plan Width": 4,
                              "Filter": "((d_moy >= 2) AND (d_moy <= 4) AND (d_year = 2004))",
                              "parent": 28,
                              "ID": 29
                            }
                          ],
                          "parent": 26,
                          "ID": 28,
                          "left": 29
                        }
                      ],
                      "parent": 25,
                      "ID": 26,
                      "left": 27,
                      "right": 28
                    }
                  ],
                  "parent": 2,
                  "ID": 25,
                  "left": 26
                }
              ],
              "parent": 1,
              "ID": 2,
              "left": 3,
              "right": 25
            }
          ],
          "parent": 0,
          "ID": 1,
          "left": 2
        }
      ],
      "parent": null,
      "ID": 0,
      "left": 1
    },
    "feat": {
      "utility": 0.008315351384641458,
      "query_shape": [
        [
          "Seq Scan",
          "Hash Join",
          "Sort",
          "Gather Merge",
          "Nested Loop",
          "Aggregate"
        ],
        [
          "Seq Scan",
          "Hash Join",
          "Hash",
          "Sort",
          "Gather Merge",
          "Nested Loop",
          "Aggregate"
        ],
        [
          "Seq Scan",
          "Hash Join",
          "Hash",
          "Sort",
          "Gather Merge",
          "Nested Loop",
          "Aggregate"
        ],
        [
          "Seq Scan",
          "Hash",
          "Hash Join",
          "Sort",
          "Gather Merge",
          "Nested Loop",
          "Aggregate"
        ],
        [
          "Seq Scan",
          "Hash",
          "Hash Join",
          "Sort",
          "Gather Merge",
          "Nested Loop",
          "Aggregate"
        ],
        [
          "Seq Scan",
          "Hash Join",
          "Gather",
          "Materialize",
          "Nested Loop",
          "Aggregate"
        ],
        [
          "Seq Scan",
          "Hash",
          "Hash Join",
          "Gather",
          "Materialize",
          "Nested Loop",
          "Aggregate"
        ],
        [
          "Seq Scan",
          "Hash Join",
          "Materialize",
          "Nested Loop",
          "Aggregate"
        ],
        [
          "Seq Scan",
          "Hash",
          "Hash Join",
          "Materialize",
          "Nested Loop",
          "Aggregate"
        ]
      ],
      "index_shape": [
        "selection"
      ],
      "physical_operator": {
        "Seq Scan": [
          0.0007118509493627689,
          0.0007118509493627689,
          0.0012046708373831816
        ]
      }
    }
  },
  {
    "query": "select  \n  cd_gender,\n  cd_marital_status,\n  cd_education_status,\n  count(*) cnt1,\n  cd_purchase_estimate,\n  count(*) cnt2,\n  cd_credit_rating,\n  count(*) cnt3\n from\n  customer c,customer_address ca,customer_demographics\n where\n  c.c_current_addr_sk = ca.ca_address_sk and\n  ca_state in ('MT','FL','SC') and\n  cd_demo_sk = c.c_current_cdemo_sk and \n  exists (select *\n          from store_sales,date_dim\n          where c.c_customer_sk = ss_customer_sk and\n                ss_sold_date_sk = d_date_sk and\n                d_year = 2004 and\n                d_moy between 2 and 2+2) and\n   (not exists (select *\n            from web_sales,date_dim\n            where c.c_customer_sk = ws_bill_customer_sk and\n                  ws_sold_date_sk = d_date_sk and\n                  d_year = 2004 and\n                  d_moy between 2 and 2+2) and\n    not exists (select * \n            from catalog_sales,date_dim\n            where c.c_customer_sk = cs_ship_customer_sk and\n                  cs_sold_date_sk = d_date_sk and\n                  d_year = 2004 and\n                  d_moy between 2 and 2+2))\n group by cd_gender,\n          cd_marital_status,\n          cd_education_status,\n          cd_purchase_estimate,\n          cd_credit_rating\n order by cd_gender,\n          cd_marital_status,\n          cd_education_status,\n          cd_purchase_estimate,\n          cd_credit_rating\n limit 100;\n\n-- end query 51 in stream 0 using template query69.tpl\n",
    "indexes": "date_dim.d_date_sk",
    "wo plan est": {
      "Node Type": "Limit",
      "Parallel Aware": false,
      "Async Capable": false,
      "Startup Cost": 747645.79,
      "Total Cost": 840733.75,
      "Plan Rows": 100,
      "Plan Width": 64,
      "Plans": [
        {
          "Node Type": "Aggregate",
          "Strategy": "Sorted",
          "Partial Mode": "Simple",
          "Parent Relationship": "Outer",
          "Parallel Aware": false,
          "Async Capable": false,
          "Startup Cost": 747645.79,
          "Total Cost": 2167237.2,
          "Plan Rows": 1525,
          "Plan Width": 64,
          "Group Key": [
            "customer_demographics.cd_gender",
            "customer_demographics.cd_marital_status",
            "customer_demographics.cd_education_status",
            "customer_demographics.cd_purchase_estimate",
            "customer_demographics.cd_credit_rating"
          ],
          "Plans": [
            {
              "Node Type": "Nested Loop",
              "Parent Relationship": "Outer",
              "Parallel Aware": false,
              "Async Capable": false,
              "Join Type": "Anti",
              "Startup Cost": 747645.79,
              "Total Cost": 2167199.07,
              "Plan Rows": 1525,
              "Plan Width": 40,
              "Inner Unique": false,
              "Join Filter": "(c.c_customer_sk = catalog_sales.cs_ship_customer_sk)",
              "Plans": [
                {
                  "Node Type": "Nested Loop",
                  "Parent Relationship": "Outer",
                  "Parallel Aware": false,
                  "Async Capable": false,
                  "Join Type": "Anti",
                  "Startup Cost": 744961.33,
                  "Total Cost": 1184008.71,
                  "Plan Rows": 1579,
                  "Plan Width": 44,
                  "Inner Unique": false,
                  "Join Filter": "(c.c_customer_sk = web_sales.ws_bill_customer_sk)",
                  "Plans": [
                    {
                      "Node Type": "Gather Merge",
                      "Parent Relationship": "Outer",
                      "Parallel Aware": false,
                      "Async Capable": false,
                      "Startup Cost": 741803.7,
                      "Total Cost": 741990.87,
                      "Plan Rows": 1607,
                      "Plan Width": 44,
                      "Workers Planned": 2,
                      "Plans": [
                        {
                          "Node Type": "Sort",
                          "Parent Relationship": "Outer",
                          "Parallel Aware": false,
                          "Async Capable": false,
                          "Startup Cost": 740803.68,
                          "Total Cost": 740805.36,
                          "Plan Rows": 670,
                          "Plan Width": 44,
                          "Sort Key": [
                            "customer_demographics.cd_gender",
                            "customer_demographics.cd_marital_status",
                            "customer_demographics.cd_education_status",
                            "customer_demographics.cd_purchase_estimate",
                            "customer_demographics.cd_credit_rating"
                          ],
                          "Plans": [
                            {
                              "Node Type": "Hash Join",
                              "Parent Relationship": "Outer",
                              "Parallel Aware": true,
                              "Async Capable": false,
                              "Join Type": "Inner",
                              "Startup Cost": 707936.86,
                              "Total Cost": 740772.23,
                              "Plan Rows": 670,
                              "Plan Width": 44,
                              "Inner Unique": false,
                              "Hash Cond": "(customer_demographics.cd_demo_sk = c.c_current_cdemo_sk)",
                              "Plans": [
                                {
                                  "Node Type": "Seq Scan",
                                  "Parent Relationship": "Outer",
                                  "Parallel Aware": true,
                                  "Async Capable": false,
                                  "Relation Name": "customer_demographics",
                                  "Alias": "customer_demographics",
                                  "Startup Cost": 0.0,
                                  "Total Cost": 29831.33,
                                  "Plan Rows": 800333,
                                  "Plan Width": 44,
                                  "parent": 6,
                                  "ID": 7
                                },
                                {
                                  "Node Type": "Hash",
                                  "Parent Relationship": "Inner",
                                  "Parallel Aware": true,
                                  "Async Capable": false,
                                  "Startup Cost": 707928.2,
                                  "Total Cost": 707928.2,
                                  "Plan Rows": 693,
                                  "Plan Width": 8,
                                  "Plans": [
                                    {
                                      "Node Type": "Hash Join",
                                      "Parent Relationship": "Outer",
                                      "Parallel Aware": true,
                                      "Async Capable": false,
                                      "Join Type": "Inner",
                                      "Startup Cost": 691264.24,
                                      "Total Cost": 707928.2,
                                      "Plan Rows": 693,
                                      "Plan Width": 8,
                                      "Inner Unique": false,
                                      "Hash Cond": "(c.c_current_addr_sk = ca.ca_address_sk)",
                                      "Plans": [
                                        {
                                          "Node Type": "Hash Join",
                                          "Parent Relationship": "Outer",
                                          "Parallel Aware": true,
                                          "Async Capable": false,
                                          "Join Type": "Semi",
                                          "Startup Cost": 684328.37,
                                          "Total Cost": 700940.06,
                                          "Plan Rows": 13167,
                                          "Plan Width": 12,
                                          "Inner Unique": false,
                                          "Hash Cond": "(c.c_customer_sk = store_sales.ss_customer_sk)",
                                          "Plans": [
                                            {
                                              "Node Type": "Seq Scan",
                                              "Parent Relationship": "Outer",
                                              "Parallel Aware": true,
                                              "Async Capable": false,
                                              "Relation Name": "customer",
                                              "Alias": "c",
                                              "Startup Cost": 0.0,
                                              "Total Cost": 15918.33,
                                              "Plan Rows": 208333,
                                              "Plan Width": 12,
                                              "parent": 10,
                                              "ID": 11
                                            },
                                            {
                                              "Node Type": "Hash",
                                              "Parent Relationship": "Inner",
                                              "Parallel Aware": true,
                                              "Async Capable": false,
                                              "Startup Cost": 684155.91,
                                              "Total Cost": 684155.91,
                                              "Plan Rows": 13797,
                                              "Plan Width": 4,
                                              "Plans": [
                                                {
                                                  "Node Type": "Hash Join",
                                                  "Parent Relationship": "Outer",
                                                  "Parallel Aware": true,
                                                  "Async Capable": false,
                                                  "Join Type": "Inner",
                                                  "Startup Cost": 2157.62,
                                                  "Total Cost": 684155.91,
                                                  "Plan Rows": 13797,
                                                  "Plan Width": 4,
                                                  "Inner Unique": false,
                                                  "Hash Cond": "(store_sales.ss_sold_date_sk = date_dim.d_date_sk)",
                                                  "Plans": [
                                                    {
                                                      "Node Type": "Seq Scan",
                                                      "Parent Relationship": "Outer",
                                                      "Parallel Aware": true,
                                                      "Async Capable": false,
                                                      "Relation Name": "store_sales",
                                                      "Alias": "store_sales",
                                                      "Startup Cost": 0.0,
                                                      "Total Cost": 636914.37,
                                                      "Plan Rows": 12000637,
                                                      "Plan Width": 8,
                                                      "parent": 13,
                                                      "ID": 14
                                                    },
                                                    {
                                                      "Node Type": "Hash",
                                                      "Parent Relationship": "Inner",
                                                      "Parallel Aware": true,
                                                      "Async Capable": false,
                                                      "Startup Cost": 2156.97,
                                                      "Total Cost": 2156.97,
                                                      "Plan Rows": 52,
                                                      "Plan Width": 4,
                                                      "Plans": [
                                                        {
                                                          "Node Type": "Seq Scan",
                                                          "Parent Relationship": "Outer",
                                                          "Parallel Aware": true,
                                                          "Async Capable": false,
                                                          "Relation Name": "date_dim",
                                                          "Alias": "date_dim",
                                                          "Startup Cost": 0.0,
                                                          "Total Cost": 2156.97,
                                                          "Plan Rows": 52,
                                                          "Plan Width": 4,
                                                          "Filter": "((d_moy >= 2) AND (d_moy <= 4) AND (d_year = 2004))",
                                                          "parent": 15,
                                                          "ID": 16
                                                        }
                                                      ],
                                                      "parent": 13,
                                                      "ID": 15,
                                                      "left": 16
                                                    }
                                                  ],
                                                  "parent": 12,
                                                  "ID": 13,
                                                  "left": 14,
                                                  "right": 15
                                                }
                                              ],
                                              "parent": 10,
                                              "ID": 12,
                                              "left": 13
                                            }
                                          ],
                                          "parent": 9,
                                          "ID": 10,
                                          "left": 11,
                                          "right": 12
                                        },
                                        {
                                          "Node Type": "Hash",
                                          "Parent Relationship": "Inner",
                                          "Parallel Aware": true,
                                          "Async Capable": false,
                                          "Startup Cost": 6867.29,
                                          "Total Cost": 6867.29,
                                          "Plan Rows": 5486,
                                          "Plan Width": 4,
                                          "Plans": [
                                            {
                                              "Node Type": "Seq Scan",
                                              "Parent Relationship": "Outer",
                                              "Parallel Aware": true,
                                              "Async Capable": false,
                                              "Relation Name": "customer_address",
                                              "Alias": "ca",
                                              "Startup Cost": 0.0,
                                              "Total Cost": 6867.29,
                                              "Plan Rows": 5486,
                                              "Plan Width": 4,
                                              "Filter": "(ca_state = ANY ('{MT,FL,SC}'::bpchar[]))",
                                              "parent": 17,
                                              "ID": 18
                                            }
                                          ],
                                          "parent": 9,
                                          "ID": 17,
                                          "left": 18
                                        }
                                      ],
                                      "parent": 8,
                                      "ID": 9,
                                      "left": 10,
                                      "right": 17
                                    }
                                  ],
                                  "parent": 6,
                                  "ID": 8,
                                  "left": 9
                                }
                              ],
                              "parent": 5,
                              "ID": 6,
                              "left": 7,
                              "right": 8
                            }
                          ],
                          "parent": 4,
                          "ID": 5,
                          "left": 6
                        }
                      ],
                      "parent": 3,
                      "ID": 4,
                      "left": 5
                    },
                    {
                      "Node Type": "Materialize",
                      "Parent Relationship": "Inner",
                      "Parallel Aware": false,
                      "Async Capable": false,
                      "Startup Cost": 3157.62,
                      "Total Cost": 233073.27,
                      "Plan Rows": 8669,
                      "Plan Width": 4,
                      "Plans": [
                        {
                          "Node Type": "Gather",
                          "Parent Relationship": "Outer",
                          "Parallel Aware": false,
                          "Async Capable": false,
                          "Startup Cost": 3157.62,
                          "Total Cost": 233029.92,
                          "Plan Rows": 8669,
                          "Plan Width": 4,
                          "Workers Planned": 2,
                          "Single Copy": false,
                          "Plans": [
                            {
                              "Node Type": "Hash Join",
                              "Parent Relationship": "Outer",
                              "Parallel Aware": true,
                              "Async Capable": false,
                              "Join Type": "Inner",
                              "Startup Cost": 2157.62,
                              "Total Cost": 231163.02,
                              "Plan Rows": 3612,
                              "Plan Width": 4,
                              "Inner Unique": false,
                              "Hash Cond": "(web_sales.ws_sold_date_sk = date_dim_1.d_date_sk)",
                              "Plans": [
                                {
                                  "Node Type": "Seq Scan",
                                  "Parent Relationship": "Outer",
                                  "Parallel Aware": true,
                                  "Async Capable": false,
                                  "Relation Name": "web_sales",
                                  "Alias": "web_sales",
                                  "Startup Cost": 0.0,
                                  "Total Cost": 217737.86,
                                  "Plan Rows": 2998986,
                                  "Plan Width": 8,
                                  "parent": 21,
                                  "ID": 22
                                },
                                {
                                  "Node Type": "Hash",
                                  "Parent Relationship": "Inner",
                                  "Parallel Aware": true,
                                  "Async Capable": false,
                                  "Startup Cost": 2156.97,
                                  "Total Cost": 2156.97,
                                  "Plan Rows": 52,
                                  "Plan Width": 4,
                                  "Plans": [
                                    {
                                      "Node Type": "Seq Scan",
                                      "Parent Relationship": "Outer",
                                      "Parallel Aware": true,
                                      "Async Capable": false,
                                      "Relation Name": "date_dim",
                                      "Alias": "date_dim_1",
                                      "Startup Cost": 0.0,
                                      "Total Cost": 2156.97,
                                      "Plan Rows": 52,
                                      "Plan Width": 4,
                                      "Filter": "((d_moy >= 2) AND (d_moy <= 4) AND (d_year = 2004))",
                                      "parent": 23,
                                      "ID": 24
                                    }
                                  ],
                                  "parent": 21,
                                  "ID": 23,
                                  "left": 24
                                }
                              ],
                              "parent": 20,
                              "ID": 21,
                              "left": 22,
                              "right": 23
                            }
                          ],
                          "parent": 19,
                          "ID": 20,
                          "left": 21
                        }
                      ],
                      "parent": 3,
                      "ID": 19,
                      "left": 20
                    }
                  ],
                  "parent": 2,
                  "ID": 3,
                  "left": 4,
                  "right": 19
                },
                {
                  "Node Type": "Materialize",
                  "Parent Relationship": "Inner",
                  "Parallel Aware": false,
                  "Async Capable": false,
                  "Startup Cost": 2684.46,
                  "Total Cost": 574643.56,
                  "Plan Rows": 17251,
                  "Plan Width": 4,
                  "Plans": [
                    {
                      "Node Type": "Hash Join",
                      "Parent Relationship": "Outer",
                      "Parallel Aware": false,
                      "Async Capable": false,
                      "Join Type": "Inner",
                      "Startup Cost": 2684.46,
                      "Total Cost": 574557.31,
                      "Plan Rows": 17251,
                      "Plan Width": 4,
                      "Inner Unique": false,
                      "Hash Cond": "(catalog_sales.cs_sold_date_sk = date_dim_2.d_date_sk)",
                      "Plans": [
                        {
                          "Node Type": "Seq Scan",
                          "Parent Relationship": "Outer",
                          "Parallel Aware": false,
                          "Async Capable": false,
                          "Relation Name": "catalog_sales",
                          "Alias": "catalog_sales",
                          "Startup Cost": 0.0,
                          "Total Cost": 517695.61,
                          "Plan Rows": 14401261,
                          "Plan Width": 8,
                          "parent": 26,
                          "ID": 27
                        },
                        {
                          "Node Type": "Hash",
                          "Parent Relationship": "Inner",
                          "Parallel Aware": false,
                          "Async Capable": false,
                          "Startup Cost": 2683.36,
                          "Total Cost": 2683.36,
                          "Plan Rows": 88,
                          "Plan Width": 4,
                          "Plans": [
                            {
                              "Node Type": "Seq Scan",
                              "Parent Relationship": "Outer",
                              "Parallel Aware": false,
                              "Async Capable": false,
                              "Relation Name": "date_dim",
                              "Alias": "date_dim_2",
                              "Startup Cost": 0.0,
                              "Total Cost": 2683.36,
                              "Plan Rows": 88,
                              "Plan Width": 4,
                              "Filter": "((d_moy >= 2) AND (d_moy <= 4) AND (d_year = 2004))",
                              "parent": 28,
                              "ID": 29
                            }
                          ],
                          "parent": 26,
                          "ID": 28,
                          "left": 29
                        }
                      ],
                      "parent": 25,
                      "ID": 26,
                      "left": 27,
                      "right": 28
                    }
                  ],
                  "parent": 2,
                  "ID": 25,
                  "left": 26
                }
              ],
              "parent": 1,
              "ID": 2,
              "left": 3,
              "right": 25
            }
          ],
          "parent": 0,
          "ID": 1,
          "left": 2
        }
      ],
      "parent": null,
      "ID": 0,
      "left": 1
    },
    "feat": {
      "utility": 0.00953292093389382,
      "query_shape": [
        [
          "Seq Scan",
          "Hash Join",
          "Sort",
          "Gather Merge",
          "Nested Loop",
          "Aggregate"
        ],
        [
          "Seq Scan",
          "Hash Join",
          "Hash",
          "Sort",
          "Gather Merge",
          "Nested Loop",
          "Aggregate"
        ],
        [
          "Seq Scan",
          "Hash Join",
          "Hash",
          "Sort",
          "Gather Merge",
          "Nested Loop",
          "Aggregate"
        ],
        [
          "Seq Scan",
          "Hash",
          "Hash Join",
          "Sort",
          "Gather Merge",
          "Nested Loop",
          "Aggregate"
        ],
        [
          "Seq Scan",
          "Hash",
          "Hash Join",
          "Sort",
          "Gather Merge",
          "Nested Loop",
          "Aggregate"
        ],
        [
          "Seq Scan",
          "Hash Join",
          "Gather",
          "Materialize",
          "Nested Loop",
          "Aggregate"
        ],
        [
          "Seq Scan",
          "Hash",
          "Hash Join",
          "Gather",
          "Materialize",
          "Nested Loop",
          "Aggregate"
        ],
        [
          "Seq Scan",
          "Hash Join",
          "Materialize",
          "Nested Loop",
          "Aggregate"
        ],
        [
          "Seq Scan",
          "Hash",
          "Hash Join",
          "Materialize",
          "Nested Loop",
          "Aggregate"
        ]
      ],
      "index_shape": [
        "join"
      ],
      "physical_operator": {
        "Hash Join": [
          0.00470206372588172,
          0.004812657768835067,
          0.0036894832314276482
        ]
      }
    }
  },
  {
    "query": "select  \n  cd_gender,\n  cd_marital_status,\n  cd_education_status,\n  count(*) cnt1,\n  cd_purchase_estimate,\n  count(*) cnt2,\n  cd_credit_rating,\n  count(*) cnt3\n from\n  customer c,customer_address ca,customer_demographics\n where\n  c.c_current_addr_sk = ca.ca_address_sk and\n  ca_state in ('MT','FL','SC') and\n  cd_demo_sk = c.c_current_cdemo_sk and \n  exists (select *\n          from store_sales,date_dim\n          where c.c_customer_sk = ss_customer_sk and\n                ss_sold_date_sk = d_date_sk and\n                d_year = 2004 and\n                d_moy between 2 and 2+2) and\n   (not exists (select *\n            from web_sales,date_dim\n            where c.c_customer_sk = ws_bill_customer_sk and\n                  ws_sold_date_sk = d_date_sk and\n                  d_year = 2004 and\n                  d_moy between 2 and 2+2) and\n    not exists (select * \n            from catalog_sales,date_dim\n            where c.c_customer_sk = cs_ship_customer_sk and\n                  cs_sold_date_sk = d_date_sk and\n                  d_year = 2004 and\n                  d_moy between 2 and 2+2))\n group by cd_gender,\n          cd_marital_status,\n          cd_education_status,\n          cd_purchase_estimate,\n          cd_credit_rating\n order by cd_gender,\n          cd_marital_status,\n          cd_education_status,\n          cd_purchase_estimate,\n          cd_credit_rating\n limit 100;\n\n-- end query 51 in stream 0 using template query69.tpl\n",
    "indexes": "date_dim.d_date",
    "wo plan est": {
      "Node Type": "Limit",
      "Parallel Aware": false,
      "Async Capable": false,
      "Startup Cost": 747645.79,
      "Total Cost": 840733.75,
      "Plan Rows": 100,
      "Plan Width": 64,
      "Plans": [
        {
          "Node Type": "Aggregate",
          "Strategy": "Sorted",
          "Partial Mode": "Simple",
          "Parent Relationship": "Outer",
          "Parallel Aware": false,
          "Async Capable": false,
          "Startup Cost": 747645.79,
          "Total Cost": 2167237.2,
          "Plan Rows": 1525,
          "Plan Width": 64,
          "Group Key": [
            "customer_demographics.cd_gender",
            "customer_demographics.cd_marital_status",
            "customer_demographics.cd_education_status",
            "customer_demographics.cd_purchase_estimate",
            "customer_demographics.cd_credit_rating"
          ],
          "Plans": [
            {
              "Node Type": "Nested Loop",
              "Parent Relationship": "Outer",
              "Parallel Aware": false,
              "Async Capable": false,
              "Join Type": "Anti",
              "Startup Cost": 747645.79,
              "Total Cost": 2167199.07,
              "Plan Rows": 1525,
              "Plan Width": 40,
              "Inner Unique": false,
              "Join Filter": "(c.c_customer_sk = catalog_sales.cs_ship_customer_sk)",
              "Plans": [
                {
                  "Node Type": "Nested Loop",
                  "Parent Relationship": "Outer",
                  "Parallel Aware": false,
                  "Async Capable": false,
                  "Join Type": "Anti",
                  "Startup Cost": 744961.33,
                  "Total Cost": 1184008.71,
                  "Plan Rows": 1579,
                  "Plan Width": 44,
                  "Inner Unique": false,
                  "Join Filter": "(c.c_customer_sk = web_sales.ws_bill_customer_sk)",
                  "Plans": [
                    {
                      "Node Type": "Gather Merge",
                      "Parent Relationship": "Outer",
                      "Parallel Aware": false,
                      "Async Capable": false,
                      "Startup Cost": 741803.7,
                      "Total Cost": 741990.87,
                      "Plan Rows": 1607,
                      "Plan Width": 44,
                      "Workers Planned": 2,
                      "Plans": [
                        {
                          "Node Type": "Sort",
                          "Parent Relationship": "Outer",
                          "Parallel Aware": false,
                          "Async Capable": false,
                          "Startup Cost": 740803.68,
                          "Total Cost": 740805.36,
                          "Plan Rows": 670,
                          "Plan Width": 44,
                          "Sort Key": [
                            "customer_demographics.cd_gender",
                            "customer_demographics.cd_marital_status",
                            "customer_demographics.cd_education_status",
                            "customer_demographics.cd_purchase_estimate",
                            "customer_demographics.cd_credit_rating"
                          ],
                          "Plans": [
                            {
                              "Node Type": "Hash Join",
                              "Parent Relationship": "Outer",
                              "Parallel Aware": true,
                              "Async Capable": false,
                              "Join Type": "Inner",
                              "Startup Cost": 707936.86,
                              "Total Cost": 740772.23,
                              "Plan Rows": 670,
                              "Plan Width": 44,
                              "Inner Unique": false,
                              "Hash Cond": "(customer_demographics.cd_demo_sk = c.c_current_cdemo_sk)",
                              "Plans": [
                                {
                                  "Node Type": "Seq Scan",
                                  "Parent Relationship": "Outer",
                                  "Parallel Aware": true,
                                  "Async Capable": false,
                                  "Relation Name": "customer_demographics",
                                  "Alias": "customer_demographics",
                                  "Startup Cost": 0.0,
                                  "Total Cost": 29831.33,
                                  "Plan Rows": 800333,
                                  "Plan Width": 44,
                                  "parent": 6,
                                  "ID": 7
                                },
                                {
                                  "Node Type": "Hash",
                                  "Parent Relationship": "Inner",
                                  "Parallel Aware": true,
                                  "Async Capable": false,
                                  "Startup Cost": 707928.2,
                                  "Total Cost": 707928.2,
                                  "Plan Rows": 693,
                                  "Plan Width": 8,
                                  "Plans": [
                                    {
                                      "Node Type": "Hash Join",
                                      "Parent Relationship": "Outer",
                                      "Parallel Aware": true,
                                      "Async Capable": false,
                                      "Join Type": "Inner",
                                      "Startup Cost": 691264.24,
                                      "Total Cost": 707928.2,
                                      "Plan Rows": 693,
                                      "Plan Width": 8,
                                      "Inner Unique": false,
                                      "Hash Cond": "(c.c_current_addr_sk = ca.ca_address_sk)",
                                      "Plans": [
                                        {
                                          "Node Type": "Hash Join",
                                          "Parent Relationship": "Outer",
                                          "Parallel Aware": true,
                                          "Async Capable": false,
                                          "Join Type": "Semi",
                                          "Startup Cost": 684328.37,
                                          "Total Cost": 700940.06,
                                          "Plan Rows": 13167,
                                          "Plan Width": 12,
                                          "Inner Unique": false,
                                          "Hash Cond": "(c.c_customer_sk = store_sales.ss_customer_sk)",
                                          "Plans": [
                                            {
                                              "Node Type": "Seq Scan",
                                              "Parent Relationship": "Outer",
                                              "Parallel Aware": true,
                                              "Async Capable": false,
                                              "Relation Name": "customer",
                                              "Alias": "c",
                                              "Startup Cost": 0.0,
                                              "Total Cost": 15918.33,
                                              "Plan Rows": 208333,
                                              "Plan Width": 12,
                                              "parent": 10,
                                              "ID": 11
                                            },
                                            {
                                              "Node Type": "Hash",
                                              "Parent Relationship": "Inner",
                                              "Parallel Aware": true,
                                              "Async Capable": false,
                                              "Startup Cost": 684155.91,
                                              "Total Cost": 684155.91,
                                              "Plan Rows": 13797,
                                              "Plan Width": 4,
                                              "Plans": [
                                                {
                                                  "Node Type": "Hash Join",
                                                  "Parent Relationship": "Outer",
                                                  "Parallel Aware": true,
                                                  "Async Capable": false,
                                                  "Join Type": "Inner",
                                                  "Startup Cost": 2157.62,
                                                  "Total Cost": 684155.91,
                                                  "Plan Rows": 13797,
                                                  "Plan Width": 4,
                                                  "Inner Unique": false,
                                                  "Hash Cond": "(store_sales.ss_sold_date_sk = date_dim.d_date_sk)",
                                                  "Plans": [
                                                    {
                                                      "Node Type": "Seq Scan",
                                                      "Parent Relationship": "Outer",
                                                      "Parallel Aware": true,
                                                      "Async Capable": false,
                                                      "Relation Name": "store_sales",
                                                      "Alias": "store_sales",
                                                      "Startup Cost": 0.0,
                                                      "Total Cost": 636914.37,
                                                      "Plan Rows": 12000637,
                                                      "Plan Width": 8,
                                                      "parent": 13,
                                                      "ID": 14
                                                    },
                                                    {
                                                      "Node Type": "Hash",
                                                      "Parent Relationship": "Inner",
                                                      "Parallel Aware": true,
                                                      "Async Capable": false,
                                                      "Startup Cost": 2156.97,
                                                      "Total Cost": 2156.97,
                                                      "Plan Rows": 52,
                                                      "Plan Width": 4,
                                                      "Plans": [
                                                        {
                                                          "Node Type": "Seq Scan",
                                                          "Parent Relationship": "Outer",
                                                          "Parallel Aware": true,
                                                          "Async Capable": false,
                                                          "Relation Name": "date_dim",
                                                          "Alias": "date_dim",
                                                          "Startup Cost": 0.0,
                                                          "Total Cost": 2156.97,
                                                          "Plan Rows": 52,
                                                          "Plan Width": 4,
                                                          "Filter": "((d_moy >= 2) AND (d_moy <= 4) AND (d_year = 2004))",
                                                          "parent": 15,
                                                          "ID": 16
                                                        }
                                                      ],
                                                      "parent": 13,
                                                      "ID": 15,
                                                      "left": 16
                                                    }
                                                  ],
                                                  "parent": 12,
                                                  "ID": 13,
                                                  "left": 14,
                                                  "right": 15
                                                }
                                              ],
                                              "parent": 10,
                                              "ID": 12,
                                              "left": 13
                                            }
                                          ],
                                          "parent": 9,
                                          "ID": 10,
                                          "left": 11,
                                          "right": 12
                                        },
                                        {
                                          "Node Type": "Hash",
                                          "Parent Relationship": "Inner",
                                          "Parallel Aware": true,
                                          "Async Capable": false,
                                          "Startup Cost": 6867.29,
                                          "Total Cost": 6867.29,
                                          "Plan Rows": 5486,
                                          "Plan Width": 4,
                                          "Plans": [
                                            {
                                              "Node Type": "Seq Scan",
                                              "Parent Relationship": "Outer",
                                              "Parallel Aware": true,
                                              "Async Capable": false,
                                              "Relation Name": "customer_address",
                                              "Alias": "ca",
                                              "Startup Cost": 0.0,
                                              "Total Cost": 6867.29,
                                              "Plan Rows": 5486,
                                              "Plan Width": 4,
                                              "Filter": "(ca_state = ANY ('{MT,FL,SC}'::bpchar[]))",
                                              "parent": 17,
                                              "ID": 18
                                            }
                                          ],
                                          "parent": 9,
                                          "ID": 17,
                                          "left": 18
                                        }
                                      ],
                                      "parent": 8,
                                      "ID": 9,
                                      "left": 10,
                                      "right": 17
                                    }
                                  ],
                                  "parent": 6,
                                  "ID": 8,
                                  "left": 9
                                }
                              ],
                              "parent": 5,
                              "ID": 6,
                              "left": 7,
                              "right": 8
                            }
                          ],
                          "parent": 4,
                          "ID": 5,
                          "left": 6
                        }
                      ],
                      "parent": 3,
                      "ID": 4,
                      "left": 5
                    },
                    {
                      "Node Type": "Materialize",
                      "Parent Relationship": "Inner",
                      "Parallel Aware": false,
                      "Async Capable": false,
                      "Startup Cost": 3157.62,
                      "Total Cost": 233073.27,
                      "Plan Rows": 8669,
                      "Plan Width": 4,
                      "Plans": [
                        {
                          "Node Type": "Gather",
                          "Parent Relationship": "Outer",
                          "Parallel Aware": false,
                          "Async Capable": false,
                          "Startup Cost": 3157.62,
                          "Total Cost": 233029.92,
                          "Plan Rows": 8669,
                          "Plan Width": 4,
                          "Workers Planned": 2,
                          "Single Copy": false,
                          "Plans": [
                            {
                              "Node Type": "Hash Join",
                              "Parent Relationship": "Outer",
                              "Parallel Aware": true,
                              "Async Capable": false,
                              "Join Type": "Inner",
                              "Startup Cost": 2157.62,
                              "Total Cost": 231163.02,
                              "Plan Rows": 3612,
                              "Plan Width": 4,
                              "Inner Unique": false,
                              "Hash Cond": "(web_sales.ws_sold_date_sk = date_dim_1.d_date_sk)",
                              "Plans": [
                                {
                                  "Node Type": "Seq Scan",
                                  "Parent Relationship": "Outer",
                                  "Parallel Aware": true,
                                  "Async Capable": false,
                                  "Relation Name": "web_sales",
                                  "Alias": "web_sales",
                                  "Startup Cost": 0.0,
                                  "Total Cost": 217737.86,
                                  "Plan Rows": 2998986,
                                  "Plan Width": 8,
                                  "parent": 21,
                                  "ID": 22
                                },
                                {
                                  "Node Type": "Hash",
                                  "Parent Relationship": "Inner",
                                  "Parallel Aware": true,
                                  "Async Capable": false,
                                  "Startup Cost": 2156.97,
                                  "Total Cost": 2156.97,
                                  "Plan Rows": 52,
                                  "Plan Width": 4,
                                  "Plans": [
                                    {
                                      "Node Type": "Seq Scan",
                                      "Parent Relationship": "Outer",
                                      "Parallel Aware": true,
                                      "Async Capable": false,
                                      "Relation Name": "date_dim",
                                      "Alias": "date_dim_1",
                                      "Startup Cost": 0.0,
                                      "Total Cost": 2156.97,
                                      "Plan Rows": 52,
                                      "Plan Width": 4,
                                      "Filter": "((d_moy >= 2) AND (d_moy <= 4) AND (d_year = 2004))",
                                      "parent": 23,
                                      "ID": 24
                                    }
                                  ],
                                  "parent": 21,
                                  "ID": 23,
                                  "left": 24
                                }
                              ],
                              "parent": 20,
                              "ID": 21,
                              "left": 22,
                              "right": 23
                            }
                          ],
                          "parent": 19,
                          "ID": 20,
                          "left": 21
                        }
                      ],
                      "parent": 3,
                      "ID": 19,
                      "left": 20
                    }
                  ],
                  "parent": 2,
                  "ID": 3,
                  "left": 4,
                  "right": 19
                },
                {
                  "Node Type": "Materialize",
                  "Parent Relationship": "Inner",
                  "Parallel Aware": false,
                  "Async Capable": false,
                  "Startup Cost": 2684.46,
                  "Total Cost": 574643.56,
                  "Plan Rows": 17251,
                  "Plan Width": 4,
                  "Plans": [
                    {
                      "Node Type": "Hash Join",
                      "Parent Relationship": "Outer",
                      "Parallel Aware": false,
                      "Async Capable": false,
                      "Join Type": "Inner",
                      "Startup Cost": 2684.46,
                      "Total Cost": 574557.31,
                      "Plan Rows": 17251,
                      "Plan Width": 4,
                      "Inner Unique": false,
                      "Hash Cond": "(catalog_sales.cs_sold_date_sk = date_dim_2.d_date_sk)",
                      "Plans": [
                        {
                          "Node Type": "Seq Scan",
                          "Parent Relationship": "Outer",
                          "Parallel Aware": false,
                          "Async Capable": false,
                          "Relation Name": "catalog_sales",
                          "Alias": "catalog_sales",
                          "Startup Cost": 0.0,
                          "Total Cost": 517695.61,
                          "Plan Rows": 14401261,
                          "Plan Width": 8,
                          "parent": 26,
                          "ID": 27
                        },
                        {
                          "Node Type": "Hash",
                          "Parent Relationship": "Inner",
                          "Parallel Aware": false,
                          "Async Capable": false,
                          "Startup Cost": 2683.36,
                          "Total Cost": 2683.36,
                          "Plan Rows": 88,
                          "Plan Width": 4,
                          "Plans": [
                            {
                              "Node Type": "Seq Scan",
                              "Parent Relationship": "Outer",
                              "Parallel Aware": false,
                              "Async Capable": false,
                              "Relation Name": "date_dim",
                              "Alias": "date_dim_2",
                              "Startup Cost": 0.0,
                              "Total Cost": 2683.36,
                              "Plan Rows": 88,
                              "Plan Width": 4,
                              "Filter": "((d_moy >= 2) AND (d_moy <= 4) AND (d_year = 2004))",
                              "parent": 28,
                              "ID": 29
                            }
                          ],
                          "parent": 26,
                          "ID": 28,
                          "left": 29
                        }
                      ],
                      "parent": 25,
                      "ID": 26,
                      "left": 27,
                      "right": 28
                    }
                  ],
                  "parent": 2,
                  "ID": 25,
                  "left": 26
                }
              ],
              "parent": 1,
              "ID": 2,
              "left": 3,
              "right": 25
            }
          ],
          "parent": 0,
          "ID": 1,
          "left": 2
        }
      ],
      "parent": null,
      "ID": 0,
      "left": 1
    },
    "feat": {
      "utility": 0.00953292093389382,
      "query_shape": [
        [
          "Seq Scan",
          "Hash Join",
          "Sort",
          "Gather Merge",
          "Nested Loop",
          "Aggregate"
        ],
        [
          "Seq Scan",
          "Hash Join",
          "Hash",
          "Sort",
          "Gather Merge",
          "Nested Loop",
          "Aggregate"
        ],
        [
          "Seq Scan",
          "Hash Join",
          "Hash",
          "Sort",
          "Gather Merge",
          "Nested Loop",
          "Aggregate"
        ],
        [
          "Seq Scan",
          "Hash",
          "Hash Join",
          "Sort",
          "Gather Merge",
          "Nested Loop",
          "Aggregate"
        ],
        [
          "Seq Scan",
          "Hash",
          "Hash Join",
          "Sort",
          "Gather Merge",
          "Nested Loop",
          "Aggregate"
        ],
        [
          "Seq Scan",
          "Hash Join",
          "Gather",
          "Materialize",
          "Nested Loop",
          "Aggregate"
        ],
        [
          "Seq Scan",
          "Hash",
          "Hash Join",
          "Gather",
          "Materialize",
          "Nested Loop",
          "Aggregate"
        ],
        [
          "Seq Scan",
          "Hash Join",
          "Materialize",
          "Nested Loop",
          "Aggregate"
        ],
        [
          "Seq Scan",
          "Hash",
          "Hash Join",
          "Materialize",
          "Nested Loop",
          "Aggregate"
        ]
      ],
      "index_shape": [
        "join"
      ],
      "physical_operator": {
        "Hash Join": [
          0.00470206372588172,
          0.004812657768835067,
          0.0036894832314276482
        ]
      }
    }
  },
  {
    "query": "select  \n  cd_gender,\n  cd_marital_status,\n  cd_education_status,\n  count(*) cnt1,\n  cd_purchase_estimate,\n  count(*) cnt2,\n  cd_credit_rating,\n  count(*) cnt3\n from\n  customer c,customer_address ca,customer_demographics\n where\n  c.c_current_addr_sk = ca.ca_address_sk and\n  ca_state in ('MT','FL','SC') and\n  cd_demo_sk = c.c_current_cdemo_sk and \n  exists (select *\n          from store_sales,date_dim\n          where c.c_customer_sk = ss_customer_sk and\n                ss_sold_date_sk = d_date_sk and\n                d_year = 2004 and\n                d_moy between 2 and 2+2) and\n   (not exists (select *\n            from web_sales,date_dim\n            where c.c_customer_sk = ws_bill_customer_sk and\n                  ws_sold_date_sk = d_date_sk and\n                  d_year = 2004 and\n                  d_moy between 2 and 2+2) and\n    not exists (select * \n            from catalog_sales,date_dim\n            where c.c_customer_sk = cs_ship_customer_sk and\n                  cs_sold_date_sk = d_date_sk and\n                  d_year = 2004 and\n                  d_moy between 2 and 2+2))\n group by cd_gender,\n          cd_marital_status,\n          cd_education_status,\n          cd_purchase_estimate,\n          cd_credit_rating\n order by cd_gender,\n          cd_marital_status,\n          cd_education_status,\n          cd_purchase_estimate,\n          cd_credit_rating\n limit 100;\n\n-- end query 51 in stream 0 using template query69.tpl\n",
    "indexes": "catalog_sales.cs_sold_date_sk",
    "wo plan est": {
      "Node Type": "Limit",
      "Parallel Aware": false,
      "Async Capable": false,
      "Startup Cost": 747645.79,
      "Total Cost": 840733.75,
      "Plan Rows": 100,
      "Plan Width": 64,
      "Plans": [
        {
          "Node Type": "Aggregate",
          "Strategy": "Sorted",
          "Partial Mode": "Simple",
          "Parent Relationship": "Outer",
          "Parallel Aware": false,
          "Async Capable": false,
          "Startup Cost": 747645.79,
          "Total Cost": 2167237.2,
          "Plan Rows": 1525,
          "Plan Width": 64,
          "Group Key": [
            "customer_demographics.cd_gender",
            "customer_demographics.cd_marital_status",
            "customer_demographics.cd_education_status",
            "customer_demographics.cd_purchase_estimate",
            "customer_demographics.cd_credit_rating"
          ],
          "Plans": [
            {
              "Node Type": "Nested Loop",
              "Parent Relationship": "Outer",
              "Parallel Aware": false,
              "Async Capable": false,
              "Join Type": "Anti",
              "Startup Cost": 747645.79,
              "Total Cost": 2167199.07,
              "Plan Rows": 1525,
              "Plan Width": 40,
              "Inner Unique": false,
              "Join Filter": "(c.c_customer_sk = catalog_sales.cs_ship_customer_sk)",
              "Plans": [
                {
                  "Node Type": "Nested Loop",
                  "Parent Relationship": "Outer",
                  "Parallel Aware": false,
                  "Async Capable": false,
                  "Join Type": "Anti",
                  "Startup Cost": 744961.33,
                  "Total Cost": 1184008.71,
                  "Plan Rows": 1579,
                  "Plan Width": 44,
                  "Inner Unique": false,
                  "Join Filter": "(c.c_customer_sk = web_sales.ws_bill_customer_sk)",
                  "Plans": [
                    {
                      "Node Type": "Gather Merge",
                      "Parent Relationship": "Outer",
                      "Parallel Aware": false,
                      "Async Capable": false,
                      "Startup Cost": 741803.7,
                      "Total Cost": 741990.87,
                      "Plan Rows": 1607,
                      "Plan Width": 44,
                      "Workers Planned": 2,
                      "Plans": [
                        {
                          "Node Type": "Sort",
                          "Parent Relationship": "Outer",
                          "Parallel Aware": false,
                          "Async Capable": false,
                          "Startup Cost": 740803.68,
                          "Total Cost": 740805.36,
                          "Plan Rows": 670,
                          "Plan Width": 44,
                          "Sort Key": [
                            "customer_demographics.cd_gender",
                            "customer_demographics.cd_marital_status",
                            "customer_demographics.cd_education_status",
                            "customer_demographics.cd_purchase_estimate",
                            "customer_demographics.cd_credit_rating"
                          ],
                          "Plans": [
                            {
                              "Node Type": "Hash Join",
                              "Parent Relationship": "Outer",
                              "Parallel Aware": true,
                              "Async Capable": false,
                              "Join Type": "Inner",
                              "Startup Cost": 707936.86,
                              "Total Cost": 740772.23,
                              "Plan Rows": 670,
                              "Plan Width": 44,
                              "Inner Unique": false,
                              "Hash Cond": "(customer_demographics.cd_demo_sk = c.c_current_cdemo_sk)",
                              "Plans": [
                                {
                                  "Node Type": "Seq Scan",
                                  "Parent Relationship": "Outer",
                                  "Parallel Aware": true,
                                  "Async Capable": false,
                                  "Relation Name": "customer_demographics",
                                  "Alias": "customer_demographics",
                                  "Startup Cost": 0.0,
                                  "Total Cost": 29831.33,
                                  "Plan Rows": 800333,
                                  "Plan Width": 44,
                                  "parent": 6,
                                  "ID": 7
                                },
                                {
                                  "Node Type": "Hash",
                                  "Parent Relationship": "Inner",
                                  "Parallel Aware": true,
                                  "Async Capable": false,
                                  "Startup Cost": 707928.2,
                                  "Total Cost": 707928.2,
                                  "Plan Rows": 693,
                                  "Plan Width": 8,
                                  "Plans": [
                                    {
                                      "Node Type": "Hash Join",
                                      "Parent Relationship": "Outer",
                                      "Parallel Aware": true,
                                      "Async Capable": false,
                                      "Join Type": "Inner",
                                      "Startup Cost": 691264.24,
                                      "Total Cost": 707928.2,
                                      "Plan Rows": 693,
                                      "Plan Width": 8,
                                      "Inner Unique": false,
                                      "Hash Cond": "(c.c_current_addr_sk = ca.ca_address_sk)",
                                      "Plans": [
                                        {
                                          "Node Type": "Hash Join",
                                          "Parent Relationship": "Outer",
                                          "Parallel Aware": true,
                                          "Async Capable": false,
                                          "Join Type": "Semi",
                                          "Startup Cost": 684328.37,
                                          "Total Cost": 700940.06,
                                          "Plan Rows": 13167,
                                          "Plan Width": 12,
                                          "Inner Unique": false,
                                          "Hash Cond": "(c.c_customer_sk = store_sales.ss_customer_sk)",
                                          "Plans": [
                                            {
                                              "Node Type": "Seq Scan",
                                              "Parent Relationship": "Outer",
                                              "Parallel Aware": true,
                                              "Async Capable": false,
                                              "Relation Name": "customer",
                                              "Alias": "c",
                                              "Startup Cost": 0.0,
                                              "Total Cost": 15918.33,
                                              "Plan Rows": 208333,
                                              "Plan Width": 12,
                                              "parent": 10,
                                              "ID": 11
                                            },
                                            {
                                              "Node Type": "Hash",
                                              "Parent Relationship": "Inner",
                                              "Parallel Aware": true,
                                              "Async Capable": false,
                                              "Startup Cost": 684155.91,
                                              "Total Cost": 684155.91,
                                              "Plan Rows": 13797,
                                              "Plan Width": 4,
                                              "Plans": [
                                                {
                                                  "Node Type": "Hash Join",
                                                  "Parent Relationship": "Outer",
                                                  "Parallel Aware": true,
                                                  "Async Capable": false,
                                                  "Join Type": "Inner",
                                                  "Startup Cost": 2157.62,
                                                  "Total Cost": 684155.91,
                                                  "Plan Rows": 13797,
                                                  "Plan Width": 4,
                                                  "Inner Unique": false,
                                                  "Hash Cond": "(store_sales.ss_sold_date_sk = date_dim.d_date_sk)",
                                                  "Plans": [
                                                    {
                                                      "Node Type": "Seq Scan",
                                                      "Parent Relationship": "Outer",
                                                      "Parallel Aware": true,
                                                      "Async Capable": false,
                                                      "Relation Name": "store_sales",
                                                      "Alias": "store_sales",
                                                      "Startup Cost": 0.0,
                                                      "Total Cost": 636914.37,
                                                      "Plan Rows": 12000637,
                                                      "Plan Width": 8,
                                                      "parent": 13,
                                                      "ID": 14
                                                    },
                                                    {
                                                      "Node Type": "Hash",
                                                      "Parent Relationship": "Inner",
                                                      "Parallel Aware": true,
                                                      "Async Capable": false,
                                                      "Startup Cost": 2156.97,
                                                      "Total Cost": 2156.97,
                                                      "Plan Rows": 52,
                                                      "Plan Width": 4,
                                                      "Plans": [
                                                        {
                                                          "Node Type": "Seq Scan",
                                                          "Parent Relationship": "Outer",
                                                          "Parallel Aware": true,
                                                          "Async Capable": false,
                                                          "Relation Name": "date_dim",
                                                          "Alias": "date_dim",
                                                          "Startup Cost": 0.0,
                                                          "Total Cost": 2156.97,
                                                          "Plan Rows": 52,
                                                          "Plan Width": 4,
                                                          "Filter": "((d_moy >= 2) AND (d_moy <= 4) AND (d_year = 2004))",
                                                          "parent": 15,
                                                          "ID": 16
                                                        }
                                                      ],
                                                      "parent": 13,
                                                      "ID": 15,
                                                      "left": 16
                                                    }
                                                  ],
                                                  "parent": 12,
                                                  "ID": 13,
                                                  "left": 14,
                                                  "right": 15
                                                }
                                              ],
                                              "parent": 10,
                                              "ID": 12,
                                              "left": 13
                                            }
                                          ],
                                          "parent": 9,
                                          "ID": 10,
                                          "left": 11,
                                          "right": 12
                                        },
                                        {
                                          "Node Type": "Hash",
                                          "Parent Relationship": "Inner",
                                          "Parallel Aware": true,
                                          "Async Capable": false,
                                          "Startup Cost": 6867.29,
                                          "Total Cost": 6867.29,
                                          "Plan Rows": 5486,
                                          "Plan Width": 4,
                                          "Plans": [
                                            {
                                              "Node Type": "Seq Scan",
                                              "Parent Relationship": "Outer",
                                              "Parallel Aware": true,
                                              "Async Capable": false,
                                              "Relation Name": "customer_address",
                                              "Alias": "ca",
                                              "Startup Cost": 0.0,
                                              "Total Cost": 6867.29,
                                              "Plan Rows": 5486,
                                              "Plan Width": 4,
                                              "Filter": "(ca_state = ANY ('{MT,FL,SC}'::bpchar[]))",
                                              "parent": 17,
                                              "ID": 18
                                            }
                                          ],
                                          "parent": 9,
                                          "ID": 17,
                                          "left": 18
                                        }
                                      ],
                                      "parent": 8,
                                      "ID": 9,
                                      "left": 10,
                                      "right": 17
                                    }
                                  ],
                                  "parent": 6,
                                  "ID": 8,
                                  "left": 9
                                }
                              ],
                              "parent": 5,
                              "ID": 6,
                              "left": 7,
                              "right": 8
                            }
                          ],
                          "parent": 4,
                          "ID": 5,
                          "left": 6
                        }
                      ],
                      "parent": 3,
                      "ID": 4,
                      "left": 5
                    },
                    {
                      "Node Type": "Materialize",
                      "Parent Relationship": "Inner",
                      "Parallel Aware": false,
                      "Async Capable": false,
                      "Startup Cost": 3157.62,
                      "Total Cost": 233073.27,
                      "Plan Rows": 8669,
                      "Plan Width": 4,
                      "Plans": [
                        {
                          "Node Type": "Gather",
                          "Parent Relationship": "Outer",
                          "Parallel Aware": false,
                          "Async Capable": false,
                          "Startup Cost": 3157.62,
                          "Total Cost": 233029.92,
                          "Plan Rows": 8669,
                          "Plan Width": 4,
                          "Workers Planned": 2,
                          "Single Copy": false,
                          "Plans": [
                            {
                              "Node Type": "Hash Join",
                              "Parent Relationship": "Outer",
                              "Parallel Aware": true,
                              "Async Capable": false,
                              "Join Type": "Inner",
                              "Startup Cost": 2157.62,
                              "Total Cost": 231163.02,
                              "Plan Rows": 3612,
                              "Plan Width": 4,
                              "Inner Unique": false,
                              "Hash Cond": "(web_sales.ws_sold_date_sk = date_dim_1.d_date_sk)",
                              "Plans": [
                                {
                                  "Node Type": "Seq Scan",
                                  "Parent Relationship": "Outer",
                                  "Parallel Aware": true,
                                  "Async Capable": false,
                                  "Relation Name": "web_sales",
                                  "Alias": "web_sales",
                                  "Startup Cost": 0.0,
                                  "Total Cost": 217737.86,
                                  "Plan Rows": 2998986,
                                  "Plan Width": 8,
                                  "parent": 21,
                                  "ID": 22
                                },
                                {
                                  "Node Type": "Hash",
                                  "Parent Relationship": "Inner",
                                  "Parallel Aware": true,
                                  "Async Capable": false,
                                  "Startup Cost": 2156.97,
                                  "Total Cost": 2156.97,
                                  "Plan Rows": 52,
                                  "Plan Width": 4,
                                  "Plans": [
                                    {
                                      "Node Type": "Seq Scan",
                                      "Parent Relationship": "Outer",
                                      "Parallel Aware": true,
                                      "Async Capable": false,
                                      "Relation Name": "date_dim",
                                      "Alias": "date_dim_1",
                                      "Startup Cost": 0.0,
                                      "Total Cost": 2156.97,
                                      "Plan Rows": 52,
                                      "Plan Width": 4,
                                      "Filter": "((d_moy >= 2) AND (d_moy <= 4) AND (d_year = 2004))",
                                      "parent": 23,
                                      "ID": 24
                                    }
                                  ],
                                  "parent": 21,
                                  "ID": 23,
                                  "left": 24
                                }
                              ],
                              "parent": 20,
                              "ID": 21,
                              "left": 22,
                              "right": 23
                            }
                          ],
                          "parent": 19,
                          "ID": 20,
                          "left": 21
                        }
                      ],
                      "parent": 3,
                      "ID": 19,
                      "left": 20
                    }
                  ],
                  "parent": 2,
                  "ID": 3,
                  "left": 4,
                  "right": 19
                },
                {
                  "Node Type": "Materialize",
                  "Parent Relationship": "Inner",
                  "Parallel Aware": false,
                  "Async Capable": false,
                  "Startup Cost": 2684.46,
                  "Total Cost": 574643.56,
                  "Plan Rows": 17251,
                  "Plan Width": 4,
                  "Plans": [
                    {
                      "Node Type": "Hash Join",
                      "Parent Relationship": "Outer",
                      "Parallel Aware": false,
                      "Async Capable": false,
                      "Join Type": "Inner",
                      "Startup Cost": 2684.46,
                      "Total Cost": 574557.31,
                      "Plan Rows": 17251,
                      "Plan Width": 4,
                      "Inner Unique": false,
                      "Hash Cond": "(catalog_sales.cs_sold_date_sk = date_dim_2.d_date_sk)",
                      "Plans": [
                        {
                          "Node Type": "Seq Scan",
                          "Parent Relationship": "Outer",
                          "Parallel Aware": false,
                          "Async Capable": false,
                          "Relation Name": "catalog_sales",
                          "Alias": "catalog_sales",
                          "Startup Cost": 0.0,
                          "Total Cost": 517695.61,
                          "Plan Rows": 14401261,
                          "Plan Width": 8,
                          "parent": 26,
                          "ID": 27
                        },
                        {
                          "Node Type": "Hash",
                          "Parent Relationship": "Inner",
                          "Parallel Aware": false,
                          "Async Capable": false,
                          "Startup Cost": 2683.36,
                          "Total Cost": 2683.36,
                          "Plan Rows": 88,
                          "Plan Width": 4,
                          "Plans": [
                            {
                              "Node Type": "Seq Scan",
                              "Parent Relationship": "Outer",
                              "Parallel Aware": false,
                              "Async Capable": false,
                              "Relation Name": "date_dim",
                              "Alias": "date_dim_2",
                              "Startup Cost": 0.0,
                              "Total Cost": 2683.36,
                              "Plan Rows": 88,
                              "Plan Width": 4,
                              "Filter": "((d_moy >= 2) AND (d_moy <= 4) AND (d_year = 2004))",
                              "parent": 28,
                              "ID": 29
                            }
                          ],
                          "parent": 26,
                          "ID": 28,
                          "left": 29
                        }
                      ],
                      "parent": 25,
                      "ID": 26,
                      "left": 27,
                      "right": 28
                    }
                  ],
                  "parent": 2,
                  "ID": 25,
                  "left": 26
                }
              ],
              "parent": 1,
              "ID": 2,
              "left": 3,
              "right": 25
            }
          ],
          "parent": 0,
          "ID": 1,
          "left": 2
        }
      ],
      "parent": null,
      "ID": 0,
      "left": 1
    },
    "feat": {
      "utility": 0.0031799125326848325,
      "query_shape": [
        [
          "Seq Scan",
          "Hash Join",
          "Sort",
          "Gather Merge",
          "Nested Loop",
          "Aggregate"
        ],
        [
          "Seq Scan",
          "Hash Join",
          "Hash",
          "Sort",
          "Gather Merge",
          "Nested Loop",
          "Aggregate"
        ],
        [
          "Seq Scan",
          "Hash Join",
          "Hash",
          "Sort",
          "Gather Merge",
          "Nested Loop",
          "Aggregate"
        ],
        [
          "Seq Scan",
          "Hash",
          "Hash Join",
          "Sort",
          "Gather Merge",
          "Nested Loop",
          "Aggregate"
        ],
        [
          "Seq Scan",
          "Hash",
          "Hash Join",
          "Sort",
          "Gather Merge",
          "Nested Loop",
          "Aggregate"
        ],
        [
          "Seq Scan",
          "Hash Join",
          "Gather",
          "Materialize",
          "Nested Loop",
          "Aggregate"
        ],
        [
          "Seq Scan",
          "Hash",
          "Hash Join",
          "Gather",
          "Materialize",
          "Nested Loop",
          "Aggregate"
        ],
        [
          "Seq Scan",
          "Hash Join",
          "Materialize",
          "Nested Loop",
          "Aggregate"
        ],
        [
          "Seq Scan",
          "Hash",
          "Hash Join",
          "Materialize",
          "Nested Loop",
          "Aggregate"
        ]
      ],
      "index_shape": [
        "join"
      ],
      "physical_operator": {
        "Hash Join": [
          0.0036894832314276482
        ]
      }
    }
  },
  {
    "query": "select  \n  cd_gender,\n  cd_marital_status,\n  cd_education_status,\n  count(*) cnt1,\n  cd_purchase_estimate,\n  count(*) cnt2,\n  cd_credit_rating,\n  count(*) cnt3\n from\n  customer c,customer_address ca,customer_demographics\n where\n  c.c_current_addr_sk = ca.ca_address_sk and\n  ca_state in ('MT','FL','SC') and\n  cd_demo_sk = c.c_current_cdemo_sk and \n  exists (select *\n          from store_sales,date_dim\n          where c.c_customer_sk = ss_customer_sk and\n                ss_sold_date_sk = d_date_sk and\n                d_year = 2004 and\n                d_moy between 2 and 2+2) and\n   (not exists (select *\n            from web_sales,date_dim\n            where c.c_customer_sk = ws_bill_customer_sk and\n                  ws_sold_date_sk = d_date_sk and\n                  d_year = 2004 and\n                  d_moy between 2 and 2+2) and\n    not exists (select * \n            from catalog_sales,date_dim\n            where c.c_customer_sk = cs_ship_customer_sk and\n                  cs_sold_date_sk = d_date_sk and\n                  d_year = 2004 and\n                  d_moy between 2 and 2+2))\n group by cd_gender,\n          cd_marital_status,\n          cd_education_status,\n          cd_purchase_estimate,\n          cd_credit_rating\n order by cd_gender,\n          cd_marital_status,\n          cd_education_status,\n          cd_purchase_estimate,\n          cd_credit_rating\n limit 100;\n\n-- end query 51 in stream 0 using template query69.tpl\n",
    "indexes": "catalog_sales.cs_ship_customer_sk",
    "wo plan est": {
      "Node Type": "Limit",
      "Parallel Aware": false,
      "Async Capable": false,
      "Startup Cost": 747645.79,
      "Total Cost": 840733.75,
      "Plan Rows": 100,
      "Plan Width": 64,
      "Plans": [
        {
          "Node Type": "Aggregate",
          "Strategy": "Sorted",
          "Partial Mode": "Simple",
          "Parent Relationship": "Outer",
          "Parallel Aware": false,
          "Async Capable": false,
          "Startup Cost": 747645.79,
          "Total Cost": 2167237.2,
          "Plan Rows": 1525,
          "Plan Width": 64,
          "Group Key": [
            "customer_demographics.cd_gender",
            "customer_demographics.cd_marital_status",
            "customer_demographics.cd_education_status",
            "customer_demographics.cd_purchase_estimate",
            "customer_demographics.cd_credit_rating"
          ],
          "Plans": [
            {
              "Node Type": "Nested Loop",
              "Parent Relationship": "Outer",
              "Parallel Aware": false,
              "Async Capable": false,
              "Join Type": "Anti",
              "Startup Cost": 747645.79,
              "Total Cost": 2167199.07,
              "Plan Rows": 1525,
              "Plan Width": 40,
              "Inner Unique": false,
              "Join Filter": "(c.c_customer_sk = catalog_sales.cs_ship_customer_sk)",
              "Plans": [
                {
                  "Node Type": "Nested Loop",
                  "Parent Relationship": "Outer",
                  "Parallel Aware": false,
                  "Async Capable": false,
                  "Join Type": "Anti",
                  "Startup Cost": 744961.33,
                  "Total Cost": 1184008.71,
                  "Plan Rows": 1579,
                  "Plan Width": 44,
                  "Inner Unique": false,
                  "Join Filter": "(c.c_customer_sk = web_sales.ws_bill_customer_sk)",
                  "Plans": [
                    {
                      "Node Type": "Gather Merge",
                      "Parent Relationship": "Outer",
                      "Parallel Aware": false,
                      "Async Capable": false,
                      "Startup Cost": 741803.7,
                      "Total Cost": 741990.87,
                      "Plan Rows": 1607,
                      "Plan Width": 44,
                      "Workers Planned": 2,
                      "Plans": [
                        {
                          "Node Type": "Sort",
                          "Parent Relationship": "Outer",
                          "Parallel Aware": false,
                          "Async Capable": false,
                          "Startup Cost": 740803.68,
                          "Total Cost": 740805.36,
                          "Plan Rows": 670,
                          "Plan Width": 44,
                          "Sort Key": [
                            "customer_demographics.cd_gender",
                            "customer_demographics.cd_marital_status",
                            "customer_demographics.cd_education_status",
                            "customer_demographics.cd_purchase_estimate",
                            "customer_demographics.cd_credit_rating"
                          ],
                          "Plans": [
                            {
                              "Node Type": "Hash Join",
                              "Parent Relationship": "Outer",
                              "Parallel Aware": true,
                              "Async Capable": false,
                              "Join Type": "Inner",
                              "Startup Cost": 707936.86,
                              "Total Cost": 740772.23,
                              "Plan Rows": 670,
                              "Plan Width": 44,
                              "Inner Unique": false,
                              "Hash Cond": "(customer_demographics.cd_demo_sk = c.c_current_cdemo_sk)",
                              "Plans": [
                                {
                                  "Node Type": "Seq Scan",
                                  "Parent Relationship": "Outer",
                                  "Parallel Aware": true,
                                  "Async Capable": false,
                                  "Relation Name": "customer_demographics",
                                  "Alias": "customer_demographics",
                                  "Startup Cost": 0.0,
                                  "Total Cost": 29831.33,
                                  "Plan Rows": 800333,
                                  "Plan Width": 44,
                                  "parent": 6,
                                  "ID": 7
                                },
                                {
                                  "Node Type": "Hash",
                                  "Parent Relationship": "Inner",
                                  "Parallel Aware": true,
                                  "Async Capable": false,
                                  "Startup Cost": 707928.2,
                                  "Total Cost": 707928.2,
                                  "Plan Rows": 693,
                                  "Plan Width": 8,
                                  "Plans": [
                                    {
                                      "Node Type": "Hash Join",
                                      "Parent Relationship": "Outer",
                                      "Parallel Aware": true,
                                      "Async Capable": false,
                                      "Join Type": "Inner",
                                      "Startup Cost": 691264.24,
                                      "Total Cost": 707928.2,
                                      "Plan Rows": 693,
                                      "Plan Width": 8,
                                      "Inner Unique": false,
                                      "Hash Cond": "(c.c_current_addr_sk = ca.ca_address_sk)",
                                      "Plans": [
                                        {
                                          "Node Type": "Hash Join",
                                          "Parent Relationship": "Outer",
                                          "Parallel Aware": true,
                                          "Async Capable": false,
                                          "Join Type": "Semi",
                                          "Startup Cost": 684328.37,
                                          "Total Cost": 700940.06,
                                          "Plan Rows": 13167,
                                          "Plan Width": 12,
                                          "Inner Unique": false,
                                          "Hash Cond": "(c.c_customer_sk = store_sales.ss_customer_sk)",
                                          "Plans": [
                                            {
                                              "Node Type": "Seq Scan",
                                              "Parent Relationship": "Outer",
                                              "Parallel Aware": true,
                                              "Async Capable": false,
                                              "Relation Name": "customer",
                                              "Alias": "c",
                                              "Startup Cost": 0.0,
                                              "Total Cost": 15918.33,
                                              "Plan Rows": 208333,
                                              "Plan Width": 12,
                                              "parent": 10,
                                              "ID": 11
                                            },
                                            {
                                              "Node Type": "Hash",
                                              "Parent Relationship": "Inner",
                                              "Parallel Aware": true,
                                              "Async Capable": false,
                                              "Startup Cost": 684155.91,
                                              "Total Cost": 684155.91,
                                              "Plan Rows": 13797,
                                              "Plan Width": 4,
                                              "Plans": [
                                                {
                                                  "Node Type": "Hash Join",
                                                  "Parent Relationship": "Outer",
                                                  "Parallel Aware": true,
                                                  "Async Capable": false,
                                                  "Join Type": "Inner",
                                                  "Startup Cost": 2157.62,
                                                  "Total Cost": 684155.91,
                                                  "Plan Rows": 13797,
                                                  "Plan Width": 4,
                                                  "Inner Unique": false,
                                                  "Hash Cond": "(store_sales.ss_sold_date_sk = date_dim.d_date_sk)",
                                                  "Plans": [
                                                    {
                                                      "Node Type": "Seq Scan",
                                                      "Parent Relationship": "Outer",
                                                      "Parallel Aware": true,
                                                      "Async Capable": false,
                                                      "Relation Name": "store_sales",
                                                      "Alias": "store_sales",
                                                      "Startup Cost": 0.0,
                                                      "Total Cost": 636914.37,
                                                      "Plan Rows": 12000637,
                                                      "Plan Width": 8,
                                                      "parent": 13,
                                                      "ID": 14
                                                    },
                                                    {
                                                      "Node Type": "Hash",
                                                      "Parent Relationship": "Inner",
                                                      "Parallel Aware": true,
                                                      "Async Capable": false,
                                                      "Startup Cost": 2156.97,
                                                      "Total Cost": 2156.97,
                                                      "Plan Rows": 52,
                                                      "Plan Width": 4,
                                                      "Plans": [
                                                        {
                                                          "Node Type": "Seq Scan",
                                                          "Parent Relationship": "Outer",
                                                          "Parallel Aware": true,
                                                          "Async Capable": false,
                                                          "Relation Name": "date_dim",
                                                          "Alias": "date_dim",
                                                          "Startup Cost": 0.0,
                                                          "Total Cost": 2156.97,
                                                          "Plan Rows": 52,
                                                          "Plan Width": 4,
                                                          "Filter": "((d_moy >= 2) AND (d_moy <= 4) AND (d_year = 2004))",
                                                          "parent": 15,
                                                          "ID": 16
                                                        }
                                                      ],
                                                      "parent": 13,
                                                      "ID": 15,
                                                      "left": 16
                                                    }
                                                  ],
                                                  "parent": 12,
                                                  "ID": 13,
                                                  "left": 14,
                                                  "right": 15
                                                }
                                              ],
                                              "parent": 10,
                                              "ID": 12,
                                              "left": 13
                                            }
                                          ],
                                          "parent": 9,
                                          "ID": 10,
                                          "left": 11,
                                          "right": 12
                                        },
                                        {
                                          "Node Type": "Hash",
                                          "Parent Relationship": "Inner",
                                          "Parallel Aware": true,
                                          "Async Capable": false,
                                          "Startup Cost": 6867.29,
                                          "Total Cost": 6867.29,
                                          "Plan Rows": 5486,
                                          "Plan Width": 4,
                                          "Plans": [
                                            {
                                              "Node Type": "Seq Scan",
                                              "Parent Relationship": "Outer",
                                              "Parallel Aware": true,
                                              "Async Capable": false,
                                              "Relation Name": "customer_address",
                                              "Alias": "ca",
                                              "Startup Cost": 0.0,
                                              "Total Cost": 6867.29,
                                              "Plan Rows": 5486,
                                              "Plan Width": 4,
                                              "Filter": "(ca_state = ANY ('{MT,FL,SC}'::bpchar[]))",
                                              "parent": 17,
                                              "ID": 18
                                            }
                                          ],
                                          "parent": 9,
                                          "ID": 17,
                                          "left": 18
                                        }
                                      ],
                                      "parent": 8,
                                      "ID": 9,
                                      "left": 10,
                                      "right": 17
                                    }
                                  ],
                                  "parent": 6,
                                  "ID": 8,
                                  "left": 9
                                }
                              ],
                              "parent": 5,
                              "ID": 6,
                              "left": 7,
                              "right": 8
                            }
                          ],
                          "parent": 4,
                          "ID": 5,
                          "left": 6
                        }
                      ],
                      "parent": 3,
                      "ID": 4,
                      "left": 5
                    },
                    {
                      "Node Type": "Materialize",
                      "Parent Relationship": "Inner",
                      "Parallel Aware": false,
                      "Async Capable": false,
                      "Startup Cost": 3157.62,
                      "Total Cost": 233073.27,
                      "Plan Rows": 8669,
                      "Plan Width": 4,
                      "Plans": [
                        {
                          "Node Type": "Gather",
                          "Parent Relationship": "Outer",
                          "Parallel Aware": false,
                          "Async Capable": false,
                          "Startup Cost": 3157.62,
                          "Total Cost": 233029.92,
                          "Plan Rows": 8669,
                          "Plan Width": 4,
                          "Workers Planned": 2,
                          "Single Copy": false,
                          "Plans": [
                            {
                              "Node Type": "Hash Join",
                              "Parent Relationship": "Outer",
                              "Parallel Aware": true,
                              "Async Capable": false,
                              "Join Type": "Inner",
                              "Startup Cost": 2157.62,
                              "Total Cost": 231163.02,
                              "Plan Rows": 3612,
                              "Plan Width": 4,
                              "Inner Unique": false,
                              "Hash Cond": "(web_sales.ws_sold_date_sk = date_dim_1.d_date_sk)",
                              "Plans": [
                                {
                                  "Node Type": "Seq Scan",
                                  "Parent Relationship": "Outer",
                                  "Parallel Aware": true,
                                  "Async Capable": false,
                                  "Relation Name": "web_sales",
                                  "Alias": "web_sales",
                                  "Startup Cost": 0.0,
                                  "Total Cost": 217737.86,
                                  "Plan Rows": 2998986,
                                  "Plan Width": 8,
                                  "parent": 21,
                                  "ID": 22
                                },
                                {
                                  "Node Type": "Hash",
                                  "Parent Relationship": "Inner",
                                  "Parallel Aware": true,
                                  "Async Capable": false,
                                  "Startup Cost": 2156.97,
                                  "Total Cost": 2156.97,
                                  "Plan Rows": 52,
                                  "Plan Width": 4,
                                  "Plans": [
                                    {
                                      "Node Type": "Seq Scan",
                                      "Parent Relationship": "Outer",
                                      "Parallel Aware": true,
                                      "Async Capable": false,
                                      "Relation Name": "date_dim",
                                      "Alias": "date_dim_1",
                                      "Startup Cost": 0.0,
                                      "Total Cost": 2156.97,
                                      "Plan Rows": 52,
                                      "Plan Width": 4,
                                      "Filter": "((d_moy >= 2) AND (d_moy <= 4) AND (d_year = 2004))",
                                      "parent": 23,
                                      "ID": 24
                                    }
                                  ],
                                  "parent": 21,
                                  "ID": 23,
                                  "left": 24
                                }
                              ],
                              "parent": 20,
                              "ID": 21,
                              "left": 22,
                              "right": 23
                            }
                          ],
                          "parent": 19,
                          "ID": 20,
                          "left": 21
                        }
                      ],
                      "parent": 3,
                      "ID": 19,
                      "left": 20
                    }
                  ],
                  "parent": 2,
                  "ID": 3,
                  "left": 4,
                  "right": 19
                },
                {
                  "Node Type": "Materialize",
                  "Parent Relationship": "Inner",
                  "Parallel Aware": false,
                  "Async Capable": false,
                  "Startup Cost": 2684.46,
                  "Total Cost": 574643.56,
                  "Plan Rows": 17251,
                  "Plan Width": 4,
                  "Plans": [
                    {
                      "Node Type": "Hash Join",
                      "Parent Relationship": "Outer",
                      "Parallel Aware": false,
                      "Async Capable": false,
                      "Join Type": "Inner",
                      "Startup Cost": 2684.46,
                      "Total Cost": 574557.31,
                      "Plan Rows": 17251,
                      "Plan Width": 4,
                      "Inner Unique": false,
                      "Hash Cond": "(catalog_sales.cs_sold_date_sk = date_dim_2.d_date_sk)",
                      "Plans": [
                        {
                          "Node Type": "Seq Scan",
                          "Parent Relationship": "Outer",
                          "Parallel Aware": false,
                          "Async Capable": false,
                          "Relation Name": "catalog_sales",
                          "Alias": "catalog_sales",
                          "Startup Cost": 0.0,
                          "Total Cost": 517695.61,
                          "Plan Rows": 14401261,
                          "Plan Width": 8,
                          "parent": 26,
                          "ID": 27
                        },
                        {
                          "Node Type": "Hash",
                          "Parent Relationship": "Inner",
                          "Parallel Aware": false,
                          "Async Capable": false,
                          "Startup Cost": 2683.36,
                          "Total Cost": 2683.36,
                          "Plan Rows": 88,
                          "Plan Width": 4,
                          "Plans": [
                            {
                              "Node Type": "Seq Scan",
                              "Parent Relationship": "Outer",
                              "Parallel Aware": false,
                              "Async Capable": false,
                              "Relation Name": "date_dim",
                              "Alias": "date_dim_2",
                              "Startup Cost": 0.0,
                              "Total Cost": 2683.36,
                              "Plan Rows": 88,
                              "Plan Width": 4,
                              "Filter": "((d_moy >= 2) AND (d_moy <= 4) AND (d_year = 2004))",
                              "parent": 28,
                              "ID": 29
                            }
                          ],
                          "parent": 26,
                          "ID": 28,
                          "left": 29
                        }
                      ],
                      "parent": 25,
                      "ID": 26,
                      "left": 27,
                      "right": 28
                    }
                  ],
                  "parent": 2,
                  "ID": 25,
                  "left": 26
                }
              ],
              "parent": 1,
              "ID": 2,
              "left": 3,
              "right": 25
            }
          ],
          "parent": 0,
          "ID": 1,
          "left": 2
        }
      ],
      "parent": null,
      "ID": 0,
      "left": 1
    },
    "feat": {
      "utility": 0.0031678069560103893,
      "query_shape": [
        [
          "Seq Scan",
          "Hash Join",
          "Sort",
          "Gather Merge",
          "Nested Loop",
          "Aggregate"
        ],
        [
          "Seq Scan",
          "Hash Join",
          "Hash",
          "Sort",
          "Gather Merge",
          "Nested Loop",
          "Aggregate"
        ],
        [
          "Seq Scan",
          "Hash Join",
          "Hash",
          "Sort",
          "Gather Merge",
          "Nested Loop",
          "Aggregate"
        ],
        [
          "Seq Scan",
          "Hash",
          "Hash Join",
          "Sort",
          "Gather Merge",
          "Nested Loop",
          "Aggregate"
        ],
        [
          "Seq Scan",
          "Hash",
          "Hash Join",
          "Sort",
          "Gather Merge",
          "Nested Loop",
          "Aggregate"
        ],
        [
          "Seq Scan",
          "Hash Join",
          "Gather",
          "Materialize",
          "Nested Loop",
          "Aggregate"
        ],
        [
          "Seq Scan",
          "Hash",
          "Hash Join",
          "Gather",
          "Materialize",
          "Nested Loop",
          "Aggregate"
        ],
        [
          "Seq Scan",
          "Hash Join",
          "Materialize",
          "Nested Loop",
          "Aggregate"
        ],
        [
          "Seq Scan",
          "Hash",
          "Hash Join",
          "Materialize",
          "Nested Loop",
          "Aggregate"
        ]
      ],
      "index_shape": [
        "join"
      ],
      "physical_operator": {
        "Nested Loop": [
          0.007482327603191828
        ]
      }
    }
  },
  {
    "query": "select  \n  cd_gender,\n  cd_marital_status,\n  cd_education_status,\n  count(*) cnt1,\n  cd_purchase_estimate,\n  count(*) cnt2,\n  cd_credit_rating,\n  count(*) cnt3\n from\n  customer c,customer_address ca,customer_demographics\n where\n  c.c_current_addr_sk = ca.ca_address_sk and\n  ca_state in ('MT','FL','SC') and\n  cd_demo_sk = c.c_current_cdemo_sk and \n  exists (select *\n          from store_sales,date_dim\n          where c.c_customer_sk = ss_customer_sk and\n                ss_sold_date_sk = d_date_sk and\n                d_year = 2004 and\n                d_moy between 2 and 2+2) and\n   (not exists (select *\n            from web_sales,date_dim\n            where c.c_customer_sk = ws_bill_customer_sk and\n                  ws_sold_date_sk = d_date_sk and\n                  d_year = 2004 and\n                  d_moy between 2 and 2+2) and\n    not exists (select * \n            from catalog_sales,date_dim\n            where c.c_customer_sk = cs_ship_customer_sk and\n                  cs_sold_date_sk = d_date_sk and\n                  d_year = 2004 and\n                  d_moy between 2 and 2+2))\n group by cd_gender,\n          cd_marital_status,\n          cd_education_status,\n          cd_purchase_estimate,\n          cd_credit_rating\n order by cd_gender,\n          cd_marital_status,\n          cd_education_status,\n          cd_purchase_estimate,\n          cd_credit_rating\n limit 100;\n\n-- end query 51 in stream 0 using template query69.tpl\n",
    "indexes": "store_sales.ss_sold_date_sk",
    "wo plan est": {
      "Node Type": "Limit",
      "Parallel Aware": false,
      "Async Capable": false,
      "Startup Cost": 747645.79,
      "Total Cost": 840733.75,
      "Plan Rows": 100,
      "Plan Width": 64,
      "Plans": [
        {
          "Node Type": "Aggregate",
          "Strategy": "Sorted",
          "Partial Mode": "Simple",
          "Parent Relationship": "Outer",
          "Parallel Aware": false,
          "Async Capable": false,
          "Startup Cost": 747645.79,
          "Total Cost": 2167237.2,
          "Plan Rows": 1525,
          "Plan Width": 64,
          "Group Key": [
            "customer_demographics.cd_gender",
            "customer_demographics.cd_marital_status",
            "customer_demographics.cd_education_status",
            "customer_demographics.cd_purchase_estimate",
            "customer_demographics.cd_credit_rating"
          ],
          "Plans": [
            {
              "Node Type": "Nested Loop",
              "Parent Relationship": "Outer",
              "Parallel Aware": false,
              "Async Capable": false,
              "Join Type": "Anti",
              "Startup Cost": 747645.79,
              "Total Cost": 2167199.07,
              "Plan Rows": 1525,
              "Plan Width": 40,
              "Inner Unique": false,
              "Join Filter": "(c.c_customer_sk = catalog_sales.cs_ship_customer_sk)",
              "Plans": [
                {
                  "Node Type": "Nested Loop",
                  "Parent Relationship": "Outer",
                  "Parallel Aware": false,
                  "Async Capable": false,
                  "Join Type": "Anti",
                  "Startup Cost": 744961.33,
                  "Total Cost": 1184008.71,
                  "Plan Rows": 1579,
                  "Plan Width": 44,
                  "Inner Unique": false,
                  "Join Filter": "(c.c_customer_sk = web_sales.ws_bill_customer_sk)",
                  "Plans": [
                    {
                      "Node Type": "Gather Merge",
                      "Parent Relationship": "Outer",
                      "Parallel Aware": false,
                      "Async Capable": false,
                      "Startup Cost": 741803.7,
                      "Total Cost": 741990.87,
                      "Plan Rows": 1607,
                      "Plan Width": 44,
                      "Workers Planned": 2,
                      "Plans": [
                        {
                          "Node Type": "Sort",
                          "Parent Relationship": "Outer",
                          "Parallel Aware": false,
                          "Async Capable": false,
                          "Startup Cost": 740803.68,
                          "Total Cost": 740805.36,
                          "Plan Rows": 670,
                          "Plan Width": 44,
                          "Sort Key": [
                            "customer_demographics.cd_gender",
                            "customer_demographics.cd_marital_status",
                            "customer_demographics.cd_education_status",
                            "customer_demographics.cd_purchase_estimate",
                            "customer_demographics.cd_credit_rating"
                          ],
                          "Plans": [
                            {
                              "Node Type": "Hash Join",
                              "Parent Relationship": "Outer",
                              "Parallel Aware": true,
                              "Async Capable": false,
                              "Join Type": "Inner",
                              "Startup Cost": 707936.86,
                              "Total Cost": 740772.23,
                              "Plan Rows": 670,
                              "Plan Width": 44,
                              "Inner Unique": false,
                              "Hash Cond": "(customer_demographics.cd_demo_sk = c.c_current_cdemo_sk)",
                              "Plans": [
                                {
                                  "Node Type": "Seq Scan",
                                  "Parent Relationship": "Outer",
                                  "Parallel Aware": true,
                                  "Async Capable": false,
                                  "Relation Name": "customer_demographics",
                                  "Alias": "customer_demographics",
                                  "Startup Cost": 0.0,
                                  "Total Cost": 29831.33,
                                  "Plan Rows": 800333,
                                  "Plan Width": 44,
                                  "parent": 6,
                                  "ID": 7
                                },
                                {
                                  "Node Type": "Hash",
                                  "Parent Relationship": "Inner",
                                  "Parallel Aware": true,
                                  "Async Capable": false,
                                  "Startup Cost": 707928.2,
                                  "Total Cost": 707928.2,
                                  "Plan Rows": 693,
                                  "Plan Width": 8,
                                  "Plans": [
                                    {
                                      "Node Type": "Hash Join",
                                      "Parent Relationship": "Outer",
                                      "Parallel Aware": true,
                                      "Async Capable": false,
                                      "Join Type": "Inner",
                                      "Startup Cost": 691264.24,
                                      "Total Cost": 707928.2,
                                      "Plan Rows": 693,
                                      "Plan Width": 8,
                                      "Inner Unique": false,
                                      "Hash Cond": "(c.c_current_addr_sk = ca.ca_address_sk)",
                                      "Plans": [
                                        {
                                          "Node Type": "Hash Join",
                                          "Parent Relationship": "Outer",
                                          "Parallel Aware": true,
                                          "Async Capable": false,
                                          "Join Type": "Semi",
                                          "Startup Cost": 684328.37,
                                          "Total Cost": 700940.06,
                                          "Plan Rows": 13167,
                                          "Plan Width": 12,
                                          "Inner Unique": false,
                                          "Hash Cond": "(c.c_customer_sk = store_sales.ss_customer_sk)",
                                          "Plans": [
                                            {
                                              "Node Type": "Seq Scan",
                                              "Parent Relationship": "Outer",
                                              "Parallel Aware": true,
                                              "Async Capable": false,
                                              "Relation Name": "customer",
                                              "Alias": "c",
                                              "Startup Cost": 0.0,
                                              "Total Cost": 15918.33,
                                              "Plan Rows": 208333,
                                              "Plan Width": 12,
                                              "parent": 10,
                                              "ID": 11
                                            },
                                            {
                                              "Node Type": "Hash",
                                              "Parent Relationship": "Inner",
                                              "Parallel Aware": true,
                                              "Async Capable": false,
                                              "Startup Cost": 684155.91,
                                              "Total Cost": 684155.91,
                                              "Plan Rows": 13797,
                                              "Plan Width": 4,
                                              "Plans": [
                                                {
                                                  "Node Type": "Hash Join",
                                                  "Parent Relationship": "Outer",
                                                  "Parallel Aware": true,
                                                  "Async Capable": false,
                                                  "Join Type": "Inner",
                                                  "Startup Cost": 2157.62,
                                                  "Total Cost": 684155.91,
                                                  "Plan Rows": 13797,
                                                  "Plan Width": 4,
                                                  "Inner Unique": false,
                                                  "Hash Cond": "(store_sales.ss_sold_date_sk = date_dim.d_date_sk)",
                                                  "Plans": [
                                                    {
                                                      "Node Type": "Seq Scan",
                                                      "Parent Relationship": "Outer",
                                                      "Parallel Aware": true,
                                                      "Async Capable": false,
                                                      "Relation Name": "store_sales",
                                                      "Alias": "store_sales",
                                                      "Startup Cost": 0.0,
                                                      "Total Cost": 636914.37,
                                                      "Plan Rows": 12000637,
                                                      "Plan Width": 8,
                                                      "parent": 13,
                                                      "ID": 14
                                                    },
                                                    {
                                                      "Node Type": "Hash",
                                                      "Parent Relationship": "Inner",
                                                      "Parallel Aware": true,
                                                      "Async Capable": false,
                                                      "Startup Cost": 2156.97,
                                                      "Total Cost": 2156.97,
                                                      "Plan Rows": 52,
                                                      "Plan Width": 4,
                                                      "Plans": [
                                                        {
                                                          "Node Type": "Seq Scan",
                                                          "Parent Relationship": "Outer",
                                                          "Parallel Aware": true,
                                                          "Async Capable": false,
                                                          "Relation Name": "date_dim",
                                                          "Alias": "date_dim",
                                                          "Startup Cost": 0.0,
                                                          "Total Cost": 2156.97,
                                                          "Plan Rows": 52,
                                                          "Plan Width": 4,
                                                          "Filter": "((d_moy >= 2) AND (d_moy <= 4) AND (d_year = 2004))",
                                                          "parent": 15,
                                                          "ID": 16
                                                        }
                                                      ],
                                                      "parent": 13,
                                                      "ID": 15,
                                                      "left": 16
                                                    }
                                                  ],
                                                  "parent": 12,
                                                  "ID": 13,
                                                  "left": 14,
                                                  "right": 15
                                                }
                                              ],
                                              "parent": 10,
                                              "ID": 12,
                                              "left": 13
                                            }
                                          ],
                                          "parent": 9,
                                          "ID": 10,
                                          "left": 11,
                                          "right": 12
                                        },
                                        {
                                          "Node Type": "Hash",
                                          "Parent Relationship": "Inner",
                                          "Parallel Aware": true,
                                          "Async Capable": false,
                                          "Startup Cost": 6867.29,
                                          "Total Cost": 6867.29,
                                          "Plan Rows": 5486,
                                          "Plan Width": 4,
                                          "Plans": [
                                            {
                                              "Node Type": "Seq Scan",
                                              "Parent Relationship": "Outer",
                                              "Parallel Aware": true,
                                              "Async Capable": false,
                                              "Relation Name": "customer_address",
                                              "Alias": "ca",
                                              "Startup Cost": 0.0,
                                              "Total Cost": 6867.29,
                                              "Plan Rows": 5486,
                                              "Plan Width": 4,
                                              "Filter": "(ca_state = ANY ('{MT,FL,SC}'::bpchar[]))",
                                              "parent": 17,
                                              "ID": 18
                                            }
                                          ],
                                          "parent": 9,
                                          "ID": 17,
                                          "left": 18
                                        }
                                      ],
                                      "parent": 8,
                                      "ID": 9,
                                      "left": 10,
                                      "right": 17
                                    }
                                  ],
                                  "parent": 6,
                                  "ID": 8,
                                  "left": 9
                                }
                              ],
                              "parent": 5,
                              "ID": 6,
                              "left": 7,
                              "right": 8
                            }
                          ],
                          "parent": 4,
                          "ID": 5,
                          "left": 6
                        }
                      ],
                      "parent": 3,
                      "ID": 4,
                      "left": 5
                    },
                    {
                      "Node Type": "Materialize",
                      "Parent Relationship": "Inner",
                      "Parallel Aware": false,
                      "Async Capable": false,
                      "Startup Cost": 3157.62,
                      "Total Cost": 233073.27,
                      "Plan Rows": 8669,
                      "Plan Width": 4,
                      "Plans": [
                        {
                          "Node Type": "Gather",
                          "Parent Relationship": "Outer",
                          "Parallel Aware": false,
                          "Async Capable": false,
                          "Startup Cost": 3157.62,
                          "Total Cost": 233029.92,
                          "Plan Rows": 8669,
                          "Plan Width": 4,
                          "Workers Planned": 2,
                          "Single Copy": false,
                          "Plans": [
                            {
                              "Node Type": "Hash Join",
                              "Parent Relationship": "Outer",
                              "Parallel Aware": true,
                              "Async Capable": false,
                              "Join Type": "Inner",
                              "Startup Cost": 2157.62,
                              "Total Cost": 231163.02,
                              "Plan Rows": 3612,
                              "Plan Width": 4,
                              "Inner Unique": false,
                              "Hash Cond": "(web_sales.ws_sold_date_sk = date_dim_1.d_date_sk)",
                              "Plans": [
                                {
                                  "Node Type": "Seq Scan",
                                  "Parent Relationship": "Outer",
                                  "Parallel Aware": true,
                                  "Async Capable": false,
                                  "Relation Name": "web_sales",
                                  "Alias": "web_sales",
                                  "Startup Cost": 0.0,
                                  "Total Cost": 217737.86,
                                  "Plan Rows": 2998986,
                                  "Plan Width": 8,
                                  "parent": 21,
                                  "ID": 22
                                },
                                {
                                  "Node Type": "Hash",
                                  "Parent Relationship": "Inner",
                                  "Parallel Aware": true,
                                  "Async Capable": false,
                                  "Startup Cost": 2156.97,
                                  "Total Cost": 2156.97,
                                  "Plan Rows": 52,
                                  "Plan Width": 4,
                                  "Plans": [
                                    {
                                      "Node Type": "Seq Scan",
                                      "Parent Relationship": "Outer",
                                      "Parallel Aware": true,
                                      "Async Capable": false,
                                      "Relation Name": "date_dim",
                                      "Alias": "date_dim_1",
                                      "Startup Cost": 0.0,
                                      "Total Cost": 2156.97,
                                      "Plan Rows": 52,
                                      "Plan Width": 4,
                                      "Filter": "((d_moy >= 2) AND (d_moy <= 4) AND (d_year = 2004))",
                                      "parent": 23,
                                      "ID": 24
                                    }
                                  ],
                                  "parent": 21,
                                  "ID": 23,
                                  "left": 24
                                }
                              ],
                              "parent": 20,
                              "ID": 21,
                              "left": 22,
                              "right": 23
                            }
                          ],
                          "parent": 19,
                          "ID": 20,
                          "left": 21
                        }
                      ],
                      "parent": 3,
                      "ID": 19,
                      "left": 20
                    }
                  ],
                  "parent": 2,
                  "ID": 3,
                  "left": 4,
                  "right": 19
                },
                {
                  "Node Type": "Materialize",
                  "Parent Relationship": "Inner",
                  "Parallel Aware": false,
                  "Async Capable": false,
                  "Startup Cost": 2684.46,
                  "Total Cost": 574643.56,
                  "Plan Rows": 17251,
                  "Plan Width": 4,
                  "Plans": [
                    {
                      "Node Type": "Hash Join",
                      "Parent Relationship": "Outer",
                      "Parallel Aware": false,
                      "Async Capable": false,
                      "Join Type": "Inner",
                      "Startup Cost": 2684.46,
                      "Total Cost": 574557.31,
                      "Plan Rows": 17251,
                      "Plan Width": 4,
                      "Inner Unique": false,
                      "Hash Cond": "(catalog_sales.cs_sold_date_sk = date_dim_2.d_date_sk)",
                      "Plans": [
                        {
                          "Node Type": "Seq Scan",
                          "Parent Relationship": "Outer",
                          "Parallel Aware": false,
                          "Async Capable": false,
                          "Relation Name": "catalog_sales",
                          "Alias": "catalog_sales",
                          "Startup Cost": 0.0,
                          "Total Cost": 517695.61,
                          "Plan Rows": 14401261,
                          "Plan Width": 8,
                          "parent": 26,
                          "ID": 27
                        },
                        {
                          "Node Type": "Hash",
                          "Parent Relationship": "Inner",
                          "Parallel Aware": false,
                          "Async Capable": false,
                          "Startup Cost": 2683.36,
                          "Total Cost": 2683.36,
                          "Plan Rows": 88,
                          "Plan Width": 4,
                          "Plans": [
                            {
                              "Node Type": "Seq Scan",
                              "Parent Relationship": "Outer",
                              "Parallel Aware": false,
                              "Async Capable": false,
                              "Relation Name": "date_dim",
                              "Alias": "date_dim_2",
                              "Startup Cost": 0.0,
                              "Total Cost": 2683.36,
                              "Plan Rows": 88,
                              "Plan Width": 4,
                              "Filter": "((d_moy >= 2) AND (d_moy <= 4) AND (d_year = 2004))",
                              "parent": 28,
                              "ID": 29
                            }
                          ],
                          "parent": 26,
                          "ID": 28,
                          "left": 29
                        }
                      ],
                      "parent": 25,
                      "ID": 26,
                      "left": 27,
                      "right": 28
                    }
                  ],
                  "parent": 2,
                  "ID": 25,
                  "left": 26
                }
              ],
              "parent": 1,
              "ID": 2,
              "left": 3,
              "right": 25
            }
          ],
          "parent": 0,
          "ID": 1,
          "left": 2
        }
      ],
      "parent": null,
      "ID": 0,
      "left": 1
    },
    "feat": {
      "utility": 0.0031766806914561457,
      "query_shape": [
        [
          "Seq Scan",
          "Hash Join",
          "Sort",
          "Gather Merge",
          "Nested Loop",
          "Aggregate"
        ],
        [
          "Seq Scan",
          "Hash Join",
          "Hash",
          "Sort",
          "Gather Merge",
          "Nested Loop",
          "Aggregate"
        ],
        [
          "Seq Scan",
          "Hash Join",
          "Hash",
          "Sort",
          "Gather Merge",
          "Nested Loop",
          "Aggregate"
        ],
        [
          "Seq Scan",
          "Hash",
          "Hash Join",
          "Sort",
          "Gather Merge",
          "Nested Loop",
          "Aggregate"
        ],
        [
          "Seq Scan",
          "Hash",
          "Hash Join",
          "Sort",
          "Gather Merge",
          "Nested Loop",
          "Aggregate"
        ],
        [
          "Seq Scan",
          "Hash Join",
          "Gather",
          "Materialize",
          "Nested Loop",
          "Aggregate"
        ],
        [
          "Seq Scan",
          "Hash",
          "Hash Join",
          "Gather",
          "Materialize",
          "Nested Loop",
          "Aggregate"
        ],
        [
          "Seq Scan",
          "Hash Join",
          "Materialize",
          "Nested Loop",
          "Aggregate"
        ],
        [
          "Seq Scan",
          "Hash",
          "Hash Join",
          "Materialize",
          "Nested Loop",
          "Aggregate"
        ]
      ],
      "index_shape": [
        "join"
      ],
      "physical_operator": {
        "Hash Join": [
          0.00470206372588172
        ]
      }
    }
  },
  {
    "query": "select  \n  cd_gender,\n  cd_marital_status,\n  cd_education_status,\n  count(*) cnt1,\n  cd_purchase_estimate,\n  count(*) cnt2,\n  cd_credit_rating,\n  count(*) cnt3\n from\n  customer c,customer_address ca,customer_demographics\n where\n  c.c_current_addr_sk = ca.ca_address_sk and\n  ca_state in ('MT','FL','SC') and\n  cd_demo_sk = c.c_current_cdemo_sk and \n  exists (select *\n          from store_sales,date_dim\n          where c.c_customer_sk = ss_customer_sk and\n                ss_sold_date_sk = d_date_sk and\n                d_year = 2004 and\n                d_moy between 2 and 2+2) and\n   (not exists (select *\n            from web_sales,date_dim\n            where c.c_customer_sk = ws_bill_customer_sk and\n                  ws_sold_date_sk = d_date_sk and\n                  d_year = 2004 and\n                  d_moy between 2 and 2+2) and\n    not exists (select * \n            from catalog_sales,date_dim\n            where c.c_customer_sk = cs_ship_customer_sk and\n                  cs_sold_date_sk = d_date_sk and\n                  d_year = 2004 and\n                  d_moy between 2 and 2+2))\n group by cd_gender,\n          cd_marital_status,\n          cd_education_status,\n          cd_purchase_estimate,\n          cd_credit_rating\n order by cd_gender,\n          cd_marital_status,\n          cd_education_status,\n          cd_purchase_estimate,\n          cd_credit_rating\n limit 100;\n\n-- end query 51 in stream 0 using template query69.tpl\n",
    "indexes": "store_sales.ss_customer_sk",
    "wo plan est": {
      "Node Type": "Limit",
      "Parallel Aware": false,
      "Async Capable": false,
      "Startup Cost": 747645.79,
      "Total Cost": 840733.75,
      "Plan Rows": 100,
      "Plan Width": 64,
      "Plans": [
        {
          "Node Type": "Aggregate",
          "Strategy": "Sorted",
          "Partial Mode": "Simple",
          "Parent Relationship": "Outer",
          "Parallel Aware": false,
          "Async Capable": false,
          "Startup Cost": 747645.79,
          "Total Cost": 2167237.2,
          "Plan Rows": 1525,
          "Plan Width": 64,
          "Group Key": [
            "customer_demographics.cd_gender",
            "customer_demographics.cd_marital_status",
            "customer_demographics.cd_education_status",
            "customer_demographics.cd_purchase_estimate",
            "customer_demographics.cd_credit_rating"
          ],
          "Plans": [
            {
              "Node Type": "Nested Loop",
              "Parent Relationship": "Outer",
              "Parallel Aware": false,
              "Async Capable": false,
              "Join Type": "Anti",
              "Startup Cost": 747645.79,
              "Total Cost": 2167199.07,
              "Plan Rows": 1525,
              "Plan Width": 40,
              "Inner Unique": false,
              "Join Filter": "(c.c_customer_sk = catalog_sales.cs_ship_customer_sk)",
              "Plans": [
                {
                  "Node Type": "Nested Loop",
                  "Parent Relationship": "Outer",
                  "Parallel Aware": false,
                  "Async Capable": false,
                  "Join Type": "Anti",
                  "Startup Cost": 744961.33,
                  "Total Cost": 1184008.71,
                  "Plan Rows": 1579,
                  "Plan Width": 44,
                  "Inner Unique": false,
                  "Join Filter": "(c.c_customer_sk = web_sales.ws_bill_customer_sk)",
                  "Plans": [
                    {
                      "Node Type": "Gather Merge",
                      "Parent Relationship": "Outer",
                      "Parallel Aware": false,
                      "Async Capable": false,
                      "Startup Cost": 741803.7,
                      "Total Cost": 741990.87,
                      "Plan Rows": 1607,
                      "Plan Width": 44,
                      "Workers Planned": 2,
                      "Plans": [
                        {
                          "Node Type": "Sort",
                          "Parent Relationship": "Outer",
                          "Parallel Aware": false,
                          "Async Capable": false,
                          "Startup Cost": 740803.68,
                          "Total Cost": 740805.36,
                          "Plan Rows": 670,
                          "Plan Width": 44,
                          "Sort Key": [
                            "customer_demographics.cd_gender",
                            "customer_demographics.cd_marital_status",
                            "customer_demographics.cd_education_status",
                            "customer_demographics.cd_purchase_estimate",
                            "customer_demographics.cd_credit_rating"
                          ],
                          "Plans": [
                            {
                              "Node Type": "Hash Join",
                              "Parent Relationship": "Outer",
                              "Parallel Aware": true,
                              "Async Capable": false,
                              "Join Type": "Inner",
                              "Startup Cost": 707936.86,
                              "Total Cost": 740772.23,
                              "Plan Rows": 670,
                              "Plan Width": 44,
                              "Inner Unique": false,
                              "Hash Cond": "(customer_demographics.cd_demo_sk = c.c_current_cdemo_sk)",
                              "Plans": [
                                {
                                  "Node Type": "Seq Scan",
                                  "Parent Relationship": "Outer",
                                  "Parallel Aware": true,
                                  "Async Capable": false,
                                  "Relation Name": "customer_demographics",
                                  "Alias": "customer_demographics",
                                  "Startup Cost": 0.0,
                                  "Total Cost": 29831.33,
                                  "Plan Rows": 800333,
                                  "Plan Width": 44,
                                  "parent": 6,
                                  "ID": 7
                                },
                                {
                                  "Node Type": "Hash",
                                  "Parent Relationship": "Inner",
                                  "Parallel Aware": true,
                                  "Async Capable": false,
                                  "Startup Cost": 707928.2,
                                  "Total Cost": 707928.2,
                                  "Plan Rows": 693,
                                  "Plan Width": 8,
                                  "Plans": [
                                    {
                                      "Node Type": "Hash Join",
                                      "Parent Relationship": "Outer",
                                      "Parallel Aware": true,
                                      "Async Capable": false,
                                      "Join Type": "Inner",
                                      "Startup Cost": 691264.24,
                                      "Total Cost": 707928.2,
                                      "Plan Rows": 693,
                                      "Plan Width": 8,
                                      "Inner Unique": false,
                                      "Hash Cond": "(c.c_current_addr_sk = ca.ca_address_sk)",
                                      "Plans": [
                                        {
                                          "Node Type": "Hash Join",
                                          "Parent Relationship": "Outer",
                                          "Parallel Aware": true,
                                          "Async Capable": false,
                                          "Join Type": "Semi",
                                          "Startup Cost": 684328.37,
                                          "Total Cost": 700940.06,
                                          "Plan Rows": 13167,
                                          "Plan Width": 12,
                                          "Inner Unique": false,
                                          "Hash Cond": "(c.c_customer_sk = store_sales.ss_customer_sk)",
                                          "Plans": [
                                            {
                                              "Node Type": "Seq Scan",
                                              "Parent Relationship": "Outer",
                                              "Parallel Aware": true,
                                              "Async Capable": false,
                                              "Relation Name": "customer",
                                              "Alias": "c",
                                              "Startup Cost": 0.0,
                                              "Total Cost": 15918.33,
                                              "Plan Rows": 208333,
                                              "Plan Width": 12,
                                              "parent": 10,
                                              "ID": 11
                                            },
                                            {
                                              "Node Type": "Hash",
                                              "Parent Relationship": "Inner",
                                              "Parallel Aware": true,
                                              "Async Capable": false,
                                              "Startup Cost": 684155.91,
                                              "Total Cost": 684155.91,
                                              "Plan Rows": 13797,
                                              "Plan Width": 4,
                                              "Plans": [
                                                {
                                                  "Node Type": "Hash Join",
                                                  "Parent Relationship": "Outer",
                                                  "Parallel Aware": true,
                                                  "Async Capable": false,
                                                  "Join Type": "Inner",
                                                  "Startup Cost": 2157.62,
                                                  "Total Cost": 684155.91,
                                                  "Plan Rows": 13797,
                                                  "Plan Width": 4,
                                                  "Inner Unique": false,
                                                  "Hash Cond": "(store_sales.ss_sold_date_sk = date_dim.d_date_sk)",
                                                  "Plans": [
                                                    {
                                                      "Node Type": "Seq Scan",
                                                      "Parent Relationship": "Outer",
                                                      "Parallel Aware": true,
                                                      "Async Capable": false,
                                                      "Relation Name": "store_sales",
                                                      "Alias": "store_sales",
                                                      "Startup Cost": 0.0,
                                                      "Total Cost": 636914.37,
                                                      "Plan Rows": 12000637,
                                                      "Plan Width": 8,
                                                      "parent": 13,
                                                      "ID": 14
                                                    },
                                                    {
                                                      "Node Type": "Hash",
                                                      "Parent Relationship": "Inner",
                                                      "Parallel Aware": true,
                                                      "Async Capable": false,
                                                      "Startup Cost": 2156.97,
                                                      "Total Cost": 2156.97,
                                                      "Plan Rows": 52,
                                                      "Plan Width": 4,
                                                      "Plans": [
                                                        {
                                                          "Node Type": "Seq Scan",
                                                          "Parent Relationship": "Outer",
                                                          "Parallel Aware": true,
                                                          "Async Capable": false,
                                                          "Relation Name": "date_dim",
                                                          "Alias": "date_dim",
                                                          "Startup Cost": 0.0,
                                                          "Total Cost": 2156.97,
                                                          "Plan Rows": 52,
                                                          "Plan Width": 4,
                                                          "Filter": "((d_moy >= 2) AND (d_moy <= 4) AND (d_year = 2004))",
                                                          "parent": 15,
                                                          "ID": 16
                                                        }
                                                      ],
                                                      "parent": 13,
                                                      "ID": 15,
                                                      "left": 16
                                                    }
                                                  ],
                                                  "parent": 12,
                                                  "ID": 13,
                                                  "left": 14,
                                                  "right": 15
                                                }
                                              ],
                                              "parent": 10,
                                              "ID": 12,
                                              "left": 13
                                            }
                                          ],
                                          "parent": 9,
                                          "ID": 10,
                                          "left": 11,
                                          "right": 12
                                        },
                                        {
                                          "Node Type": "Hash",
                                          "Parent Relationship": "Inner",
                                          "Parallel Aware": true,
                                          "Async Capable": false,
                                          "Startup Cost": 6867.29,
                                          "Total Cost": 6867.29,
                                          "Plan Rows": 5486,
                                          "Plan Width": 4,
                                          "Plans": [
                                            {
                                              "Node Type": "Seq Scan",
                                              "Parent Relationship": "Outer",
                                              "Parallel Aware": true,
                                              "Async Capable": false,
                                              "Relation Name": "customer_address",
                                              "Alias": "ca",
                                              "Startup Cost": 0.0,
                                              "Total Cost": 6867.29,
                                              "Plan Rows": 5486,
                                              "Plan Width": 4,
                                              "Filter": "(ca_state = ANY ('{MT,FL,SC}'::bpchar[]))",
                                              "parent": 17,
                                              "ID": 18
                                            }
                                          ],
                                          "parent": 9,
                                          "ID": 17,
                                          "left": 18
                                        }
                                      ],
                                      "parent": 8,
                                      "ID": 9,
                                      "left": 10,
                                      "right": 17
                                    }
                                  ],
                                  "parent": 6,
                                  "ID": 8,
                                  "left": 9
                                }
                              ],
                              "parent": 5,
                              "ID": 6,
                              "left": 7,
                              "right": 8
                            }
                          ],
                          "parent": 4,
                          "ID": 5,
                          "left": 6
                        }
                      ],
                      "parent": 3,
                      "ID": 4,
                      "left": 5
                    },
                    {
                      "Node Type": "Materialize",
                      "Parent Relationship": "Inner",
                      "Parallel Aware": false,
                      "Async Capable": false,
                      "Startup Cost": 3157.62,
                      "Total Cost": 233073.27,
                      "Plan Rows": 8669,
                      "Plan Width": 4,
                      "Plans": [
                        {
                          "Node Type": "Gather",
                          "Parent Relationship": "Outer",
                          "Parallel Aware": false,
                          "Async Capable": false,
                          "Startup Cost": 3157.62,
                          "Total Cost": 233029.92,
                          "Plan Rows": 8669,
                          "Plan Width": 4,
                          "Workers Planned": 2,
                          "Single Copy": false,
                          "Plans": [
                            {
                              "Node Type": "Hash Join",
                              "Parent Relationship": "Outer",
                              "Parallel Aware": true,
                              "Async Capable": false,
                              "Join Type": "Inner",
                              "Startup Cost": 2157.62,
                              "Total Cost": 231163.02,
                              "Plan Rows": 3612,
                              "Plan Width": 4,
                              "Inner Unique": false,
                              "Hash Cond": "(web_sales.ws_sold_date_sk = date_dim_1.d_date_sk)",
                              "Plans": [
                                {
                                  "Node Type": "Seq Scan",
                                  "Parent Relationship": "Outer",
                                  "Parallel Aware": true,
                                  "Async Capable": false,
                                  "Relation Name": "web_sales",
                                  "Alias": "web_sales",
                                  "Startup Cost": 0.0,
                                  "Total Cost": 217737.86,
                                  "Plan Rows": 2998986,
                                  "Plan Width": 8,
                                  "parent": 21,
                                  "ID": 22
                                },
                                {
                                  "Node Type": "Hash",
                                  "Parent Relationship": "Inner",
                                  "Parallel Aware": true,
                                  "Async Capable": false,
                                  "Startup Cost": 2156.97,
                                  "Total Cost": 2156.97,
                                  "Plan Rows": 52,
                                  "Plan Width": 4,
                                  "Plans": [
                                    {
                                      "Node Type": "Seq Scan",
                                      "Parent Relationship": "Outer",
                                      "Parallel Aware": true,
                                      "Async Capable": false,
                                      "Relation Name": "date_dim",
                                      "Alias": "date_dim_1",
                                      "Startup Cost": 0.0,
                                      "Total Cost": 2156.97,
                                      "Plan Rows": 52,
                                      "Plan Width": 4,
                                      "Filter": "((d_moy >= 2) AND (d_moy <= 4) AND (d_year = 2004))",
                                      "parent": 23,
                                      "ID": 24
                                    }
                                  ],
                                  "parent": 21,
                                  "ID": 23,
                                  "left": 24
                                }
                              ],
                              "parent": 20,
                              "ID": 21,
                              "left": 22,
                              "right": 23
                            }
                          ],
                          "parent": 19,
                          "ID": 20,
                          "left": 21
                        }
                      ],
                      "parent": 3,
                      "ID": 19,
                      "left": 20
                    }
                  ],
                  "parent": 2,
                  "ID": 3,
                  "left": 4,
                  "right": 19
                },
                {
                  "Node Type": "Materialize",
                  "Parent Relationship": "Inner",
                  "Parallel Aware": false,
                  "Async Capable": false,
                  "Startup Cost": 2684.46,
                  "Total Cost": 574643.56,
                  "Plan Rows": 17251,
                  "Plan Width": 4,
                  "Plans": [
                    {
                      "Node Type": "Hash Join",
                      "Parent Relationship": "Outer",
                      "Parallel Aware": false,
                      "Async Capable": false,
                      "Join Type": "Inner",
                      "Startup Cost": 2684.46,
                      "Total Cost": 574557.31,
                      "Plan Rows": 17251,
                      "Plan Width": 4,
                      "Inner Unique": false,
                      "Hash Cond": "(catalog_sales.cs_sold_date_sk = date_dim_2.d_date_sk)",
                      "Plans": [
                        {
                          "Node Type": "Seq Scan",
                          "Parent Relationship": "Outer",
                          "Parallel Aware": false,
                          "Async Capable": false,
                          "Relation Name": "catalog_sales",
                          "Alias": "catalog_sales",
                          "Startup Cost": 0.0,
                          "Total Cost": 517695.61,
                          "Plan Rows": 14401261,
                          "Plan Width": 8,
                          "parent": 26,
                          "ID": 27
                        },
                        {
                          "Node Type": "Hash",
                          "Parent Relationship": "Inner",
                          "Parallel Aware": false,
                          "Async Capable": false,
                          "Startup Cost": 2683.36,
                          "Total Cost": 2683.36,
                          "Plan Rows": 88,
                          "Plan Width": 4,
                          "Plans": [
                            {
                              "Node Type": "Seq Scan",
                              "Parent Relationship": "Outer",
                              "Parallel Aware": false,
                              "Async Capable": false,
                              "Relation Name": "date_dim",
                              "Alias": "date_dim_2",
                              "Startup Cost": 0.0,
                              "Total Cost": 2683.36,
                              "Plan Rows": 88,
                              "Plan Width": 4,
                              "Filter": "((d_moy >= 2) AND (d_moy <= 4) AND (d_year = 2004))",
                              "parent": 28,
                              "ID": 29
                            }
                          ],
                          "parent": 26,
                          "ID": 28,
                          "left": 29
                        }
                      ],
                      "parent": 25,
                      "ID": 26,
                      "left": 27,
                      "right": 28
                    }
                  ],
                  "parent": 2,
                  "ID": 25,
                  "left": 26
                }
              ],
              "parent": 1,
              "ID": 2,
              "left": 3,
              "right": 25
            }
          ],
          "parent": 0,
          "ID": 1,
          "left": 2
        }
      ],
      "parent": null,
      "ID": 0,
      "left": 1
    },
    "feat": {
      "utility": 0.003184857083435983,
      "query_shape": [
        [
          "Seq Scan",
          "Hash Join",
          "Sort",
          "Gather Merge",
          "Nested Loop",
          "Aggregate"
        ],
        [
          "Seq Scan",
          "Hash Join",
          "Hash",
          "Sort",
          "Gather Merge",
          "Nested Loop",
          "Aggregate"
        ],
        [
          "Seq Scan",
          "Hash Join",
          "Hash",
          "Sort",
          "Gather Merge",
          "Nested Loop",
          "Aggregate"
        ],
        [
          "Seq Scan",
          "Hash",
          "Hash Join",
          "Sort",
          "Gather Merge",
          "Nested Loop",
          "Aggregate"
        ],
        [
          "Seq Scan",
          "Hash",
          "Hash Join",
          "Sort",
          "Gather Merge",
          "Nested Loop",
          "Aggregate"
        ],
        [
          "Seq Scan",
          "Hash Join",
          "Gather",
          "Materialize",
          "Nested Loop",
          "Aggregate"
        ],
        [
          "Seq Scan",
          "Hash",
          "Hash Join",
          "Gather",
          "Materialize",
          "Nested Loop",
          "Aggregate"
        ],
        [
          "Seq Scan",
          "Hash Join",
          "Materialize",
          "Nested Loop",
          "Aggregate"
        ],
        [
          "Seq Scan",
          "Hash",
          "Hash Join",
          "Materialize",
          "Nested Loop",
          "Aggregate"
        ]
      ],
      "index_shape": [
        "join"
      ],
      "physical_operator": {
        "Hash Join": [
          0.002140287188004221
        ]
      }
    }
  },
  {
    "query": "select  \n  cd_gender,\n  cd_marital_status,\n  cd_education_status,\n  count(*) cnt1,\n  cd_purchase_estimate,\n  count(*) cnt2,\n  cd_credit_rating,\n  count(*) cnt3\n from\n  customer c,customer_address ca,customer_demographics\n where\n  c.c_current_addr_sk = ca.ca_address_sk and\n  ca_state in ('MT','FL','SC') and\n  cd_demo_sk = c.c_current_cdemo_sk and \n  exists (select *\n          from store_sales,date_dim\n          where c.c_customer_sk = ss_customer_sk and\n                ss_sold_date_sk = d_date_sk and\n                d_year = 2004 and\n                d_moy between 2 and 2+2) and\n   (not exists (select *\n            from web_sales,date_dim\n            where c.c_customer_sk = ws_bill_customer_sk and\n                  ws_sold_date_sk = d_date_sk and\n                  d_year = 2004 and\n                  d_moy between 2 and 2+2) and\n    not exists (select * \n            from catalog_sales,date_dim\n            where c.c_customer_sk = cs_ship_customer_sk and\n                  cs_sold_date_sk = d_date_sk and\n                  d_year = 2004 and\n                  d_moy between 2 and 2+2))\n group by cd_gender,\n          cd_marital_status,\n          cd_education_status,\n          cd_purchase_estimate,\n          cd_credit_rating\n order by cd_gender,\n          cd_marital_status,\n          cd_education_status,\n          cd_purchase_estimate,\n          cd_credit_rating\n limit 100;\n\n-- end query 51 in stream 0 using template query69.tpl\n",
    "indexes": "web_sales.ws_sold_date_sk",
    "wo plan est": {
      "Node Type": "Limit",
      "Parallel Aware": false,
      "Async Capable": false,
      "Startup Cost": 747645.79,
      "Total Cost": 840733.75,
      "Plan Rows": 100,
      "Plan Width": 64,
      "Plans": [
        {
          "Node Type": "Aggregate",
          "Strategy": "Sorted",
          "Partial Mode": "Simple",
          "Parent Relationship": "Outer",
          "Parallel Aware": false,
          "Async Capable": false,
          "Startup Cost": 747645.79,
          "Total Cost": 2167237.2,
          "Plan Rows": 1525,
          "Plan Width": 64,
          "Group Key": [
            "customer_demographics.cd_gender",
            "customer_demographics.cd_marital_status",
            "customer_demographics.cd_education_status",
            "customer_demographics.cd_purchase_estimate",
            "customer_demographics.cd_credit_rating"
          ],
          "Plans": [
            {
              "Node Type": "Nested Loop",
              "Parent Relationship": "Outer",
              "Parallel Aware": false,
              "Async Capable": false,
              "Join Type": "Anti",
              "Startup Cost": 747645.79,
              "Total Cost": 2167199.07,
              "Plan Rows": 1525,
              "Plan Width": 40,
              "Inner Unique": false,
              "Join Filter": "(c.c_customer_sk = catalog_sales.cs_ship_customer_sk)",
              "Plans": [
                {
                  "Node Type": "Nested Loop",
                  "Parent Relationship": "Outer",
                  "Parallel Aware": false,
                  "Async Capable": false,
                  "Join Type": "Anti",
                  "Startup Cost": 744961.33,
                  "Total Cost": 1184008.71,
                  "Plan Rows": 1579,
                  "Plan Width": 44,
                  "Inner Unique": false,
                  "Join Filter": "(c.c_customer_sk = web_sales.ws_bill_customer_sk)",
                  "Plans": [
                    {
                      "Node Type": "Gather Merge",
                      "Parent Relationship": "Outer",
                      "Parallel Aware": false,
                      "Async Capable": false,
                      "Startup Cost": 741803.7,
                      "Total Cost": 741990.87,
                      "Plan Rows": 1607,
                      "Plan Width": 44,
                      "Workers Planned": 2,
                      "Plans": [
                        {
                          "Node Type": "Sort",
                          "Parent Relationship": "Outer",
                          "Parallel Aware": false,
                          "Async Capable": false,
                          "Startup Cost": 740803.68,
                          "Total Cost": 740805.36,
                          "Plan Rows": 670,
                          "Plan Width": 44,
                          "Sort Key": [
                            "customer_demographics.cd_gender",
                            "customer_demographics.cd_marital_status",
                            "customer_demographics.cd_education_status",
                            "customer_demographics.cd_purchase_estimate",
                            "customer_demographics.cd_credit_rating"
                          ],
                          "Plans": [
                            {
                              "Node Type": "Hash Join",
                              "Parent Relationship": "Outer",
                              "Parallel Aware": true,
                              "Async Capable": false,
                              "Join Type": "Inner",
                              "Startup Cost": 707936.86,
                              "Total Cost": 740772.23,
                              "Plan Rows": 670,
                              "Plan Width": 44,
                              "Inner Unique": false,
                              "Hash Cond": "(customer_demographics.cd_demo_sk = c.c_current_cdemo_sk)",
                              "Plans": [
                                {
                                  "Node Type": "Seq Scan",
                                  "Parent Relationship": "Outer",
                                  "Parallel Aware": true,
                                  "Async Capable": false,
                                  "Relation Name": "customer_demographics",
                                  "Alias": "customer_demographics",
                                  "Startup Cost": 0.0,
                                  "Total Cost": 29831.33,
                                  "Plan Rows": 800333,
                                  "Plan Width": 44,
                                  "parent": 6,
                                  "ID": 7
                                },
                                {
                                  "Node Type": "Hash",
                                  "Parent Relationship": "Inner",
                                  "Parallel Aware": true,
                                  "Async Capable": false,
                                  "Startup Cost": 707928.2,
                                  "Total Cost": 707928.2,
                                  "Plan Rows": 693,
                                  "Plan Width": 8,
                                  "Plans": [
                                    {
                                      "Node Type": "Hash Join",
                                      "Parent Relationship": "Outer",
                                      "Parallel Aware": true,
                                      "Async Capable": false,
                                      "Join Type": "Inner",
                                      "Startup Cost": 691264.24,
                                      "Total Cost": 707928.2,
                                      "Plan Rows": 693,
                                      "Plan Width": 8,
                                      "Inner Unique": false,
                                      "Hash Cond": "(c.c_current_addr_sk = ca.ca_address_sk)",
                                      "Plans": [
                                        {
                                          "Node Type": "Hash Join",
                                          "Parent Relationship": "Outer",
                                          "Parallel Aware": true,
                                          "Async Capable": false,
                                          "Join Type": "Semi",
                                          "Startup Cost": 684328.37,
                                          "Total Cost": 700940.06,
                                          "Plan Rows": 13167,
                                          "Plan Width": 12,
                                          "Inner Unique": false,
                                          "Hash Cond": "(c.c_customer_sk = store_sales.ss_customer_sk)",
                                          "Plans": [
                                            {
                                              "Node Type": "Seq Scan",
                                              "Parent Relationship": "Outer",
                                              "Parallel Aware": true,
                                              "Async Capable": false,
                                              "Relation Name": "customer",
                                              "Alias": "c",
                                              "Startup Cost": 0.0,
                                              "Total Cost": 15918.33,
                                              "Plan Rows": 208333,
                                              "Plan Width": 12,
                                              "parent": 10,
                                              "ID": 11
                                            },
                                            {
                                              "Node Type": "Hash",
                                              "Parent Relationship": "Inner",
                                              "Parallel Aware": true,
                                              "Async Capable": false,
                                              "Startup Cost": 684155.91,
                                              "Total Cost": 684155.91,
                                              "Plan Rows": 13797,
                                              "Plan Width": 4,
                                              "Plans": [
                                                {
                                                  "Node Type": "Hash Join",
                                                  "Parent Relationship": "Outer",
                                                  "Parallel Aware": true,
                                                  "Async Capable": false,
                                                  "Join Type": "Inner",
                                                  "Startup Cost": 2157.62,
                                                  "Total Cost": 684155.91,
                                                  "Plan Rows": 13797,
                                                  "Plan Width": 4,
                                                  "Inner Unique": false,
                                                  "Hash Cond": "(store_sales.ss_sold_date_sk = date_dim.d_date_sk)",
                                                  "Plans": [
                                                    {
                                                      "Node Type": "Seq Scan",
                                                      "Parent Relationship": "Outer",
                                                      "Parallel Aware": true,
                                                      "Async Capable": false,
                                                      "Relation Name": "store_sales",
                                                      "Alias": "store_sales",
                                                      "Startup Cost": 0.0,
                                                      "Total Cost": 636914.37,
                                                      "Plan Rows": 12000637,
                                                      "Plan Width": 8,
                                                      "parent": 13,
                                                      "ID": 14
                                                    },
                                                    {
                                                      "Node Type": "Hash",
                                                      "Parent Relationship": "Inner",
                                                      "Parallel Aware": true,
                                                      "Async Capable": false,
                                                      "Startup Cost": 2156.97,
                                                      "Total Cost": 2156.97,
                                                      "Plan Rows": 52,
                                                      "Plan Width": 4,
                                                      "Plans": [
                                                        {
                                                          "Node Type": "Seq Scan",
                                                          "Parent Relationship": "Outer",
                                                          "Parallel Aware": true,
                                                          "Async Capable": false,
                                                          "Relation Name": "date_dim",
                                                          "Alias": "date_dim",
                                                          "Startup Cost": 0.0,
                                                          "Total Cost": 2156.97,
                                                          "Plan Rows": 52,
                                                          "Plan Width": 4,
                                                          "Filter": "((d_moy >= 2) AND (d_moy <= 4) AND (d_year = 2004))",
                                                          "parent": 15,
                                                          "ID": 16
                                                        }
                                                      ],
                                                      "parent": 13,
                                                      "ID": 15,
                                                      "left": 16
                                                    }
                                                  ],
                                                  "parent": 12,
                                                  "ID": 13,
                                                  "left": 14,
                                                  "right": 15
                                                }
                                              ],
                                              "parent": 10,
                                              "ID": 12,
                                              "left": 13
                                            }
                                          ],
                                          "parent": 9,
                                          "ID": 10,
                                          "left": 11,
                                          "right": 12
                                        },
                                        {
                                          "Node Type": "Hash",
                                          "Parent Relationship": "Inner",
                                          "Parallel Aware": true,
                                          "Async Capable": false,
                                          "Startup Cost": 6867.29,
                                          "Total Cost": 6867.29,
                                          "Plan Rows": 5486,
                                          "Plan Width": 4,
                                          "Plans": [
                                            {
                                              "Node Type": "Seq Scan",
                                              "Parent Relationship": "Outer",
                                              "Parallel Aware": true,
                                              "Async Capable": false,
                                              "Relation Name": "customer_address",
                                              "Alias": "ca",
                                              "Startup Cost": 0.0,
                                              "Total Cost": 6867.29,
                                              "Plan Rows": 5486,
                                              "Plan Width": 4,
                                              "Filter": "(ca_state = ANY ('{MT,FL,SC}'::bpchar[]))",
                                              "parent": 17,
                                              "ID": 18
                                            }
                                          ],
                                          "parent": 9,
                                          "ID": 17,
                                          "left": 18
                                        }
                                      ],
                                      "parent": 8,
                                      "ID": 9,
                                      "left": 10,
                                      "right": 17
                                    }
                                  ],
                                  "parent": 6,
                                  "ID": 8,
                                  "left": 9
                                }
                              ],
                              "parent": 5,
                              "ID": 6,
                              "left": 7,
                              "right": 8
                            }
                          ],
                          "parent": 4,
                          "ID": 5,
                          "left": 6
                        }
                      ],
                      "parent": 3,
                      "ID": 4,
                      "left": 5
                    },
                    {
                      "Node Type": "Materialize",
                      "Parent Relationship": "Inner",
                      "Parallel Aware": false,
                      "Async Capable": false,
                      "Startup Cost": 3157.62,
                      "Total Cost": 233073.27,
                      "Plan Rows": 8669,
                      "Plan Width": 4,
                      "Plans": [
                        {
                          "Node Type": "Gather",
                          "Parent Relationship": "Outer",
                          "Parallel Aware": false,
                          "Async Capable": false,
                          "Startup Cost": 3157.62,
                          "Total Cost": 233029.92,
                          "Plan Rows": 8669,
                          "Plan Width": 4,
                          "Workers Planned": 2,
                          "Single Copy": false,
                          "Plans": [
                            {
                              "Node Type": "Hash Join",
                              "Parent Relationship": "Outer",
                              "Parallel Aware": true,
                              "Async Capable": false,
                              "Join Type": "Inner",
                              "Startup Cost": 2157.62,
                              "Total Cost": 231163.02,
                              "Plan Rows": 3612,
                              "Plan Width": 4,
                              "Inner Unique": false,
                              "Hash Cond": "(web_sales.ws_sold_date_sk = date_dim_1.d_date_sk)",
                              "Plans": [
                                {
                                  "Node Type": "Seq Scan",
                                  "Parent Relationship": "Outer",
                                  "Parallel Aware": true,
                                  "Async Capable": false,
                                  "Relation Name": "web_sales",
                                  "Alias": "web_sales",
                                  "Startup Cost": 0.0,
                                  "Total Cost": 217737.86,
                                  "Plan Rows": 2998986,
                                  "Plan Width": 8,
                                  "parent": 21,
                                  "ID": 22
                                },
                                {
                                  "Node Type": "Hash",
                                  "Parent Relationship": "Inner",
                                  "Parallel Aware": true,
                                  "Async Capable": false,
                                  "Startup Cost": 2156.97,
                                  "Total Cost": 2156.97,
                                  "Plan Rows": 52,
                                  "Plan Width": 4,
                                  "Plans": [
                                    {
                                      "Node Type": "Seq Scan",
                                      "Parent Relationship": "Outer",
                                      "Parallel Aware": true,
                                      "Async Capable": false,
                                      "Relation Name": "date_dim",
                                      "Alias": "date_dim_1",
                                      "Startup Cost": 0.0,
                                      "Total Cost": 2156.97,
                                      "Plan Rows": 52,
                                      "Plan Width": 4,
                                      "Filter": "((d_moy >= 2) AND (d_moy <= 4) AND (d_year = 2004))",
                                      "parent": 23,
                                      "ID": 24
                                    }
                                  ],
                                  "parent": 21,
                                  "ID": 23,
                                  "left": 24
                                }
                              ],
                              "parent": 20,
                              "ID": 21,
                              "left": 22,
                              "right": 23
                            }
                          ],
                          "parent": 19,
                          "ID": 20,
                          "left": 21
                        }
                      ],
                      "parent": 3,
                      "ID": 19,
                      "left": 20
                    }
                  ],
                  "parent": 2,
                  "ID": 3,
                  "left": 4,
                  "right": 19
                },
                {
                  "Node Type": "Materialize",
                  "Parent Relationship": "Inner",
                  "Parallel Aware": false,
                  "Async Capable": false,
                  "Startup Cost": 2684.46,
                  "Total Cost": 574643.56,
                  "Plan Rows": 17251,
                  "Plan Width": 4,
                  "Plans": [
                    {
                      "Node Type": "Hash Join",
                      "Parent Relationship": "Outer",
                      "Parallel Aware": false,
                      "Async Capable": false,
                      "Join Type": "Inner",
                      "Startup Cost": 2684.46,
                      "Total Cost": 574557.31,
                      "Plan Rows": 17251,
                      "Plan Width": 4,
                      "Inner Unique": false,
                      "Hash Cond": "(catalog_sales.cs_sold_date_sk = date_dim_2.d_date_sk)",
                      "Plans": [
                        {
                          "Node Type": "Seq Scan",
                          "Parent Relationship": "Outer",
                          "Parallel Aware": false,
                          "Async Capable": false,
                          "Relation Name": "catalog_sales",
                          "Alias": "catalog_sales",
                          "Startup Cost": 0.0,
                          "Total Cost": 517695.61,
                          "Plan Rows": 14401261,
                          "Plan Width": 8,
                          "parent": 26,
                          "ID": 27
                        },
                        {
                          "Node Type": "Hash",
                          "Parent Relationship": "Inner",
                          "Parallel Aware": false,
                          "Async Capable": false,
                          "Startup Cost": 2683.36,
                          "Total Cost": 2683.36,
                          "Plan Rows": 88,
                          "Plan Width": 4,
                          "Plans": [
                            {
                              "Node Type": "Seq Scan",
                              "Parent Relationship": "Outer",
                              "Parallel Aware": false,
                              "Async Capable": false,
                              "Relation Name": "date_dim",
                              "Alias": "date_dim_2",
                              "Startup Cost": 0.0,
                              "Total Cost": 2683.36,
                              "Plan Rows": 88,
                              "Plan Width": 4,
                              "Filter": "((d_moy >= 2) AND (d_moy <= 4) AND (d_year = 2004))",
                              "parent": 28,
                              "ID": 29
                            }
                          ],
                          "parent": 26,
                          "ID": 28,
                          "left": 29
                        }
                      ],
                      "parent": 25,
                      "ID": 26,
                      "left": 27,
                      "right": 28
                    }
                  ],
                  "parent": 2,
                  "ID": 25,
                  "left": 26
                }
              ],
              "parent": 1,
              "ID": 2,
              "left": 3,
              "right": 25
            }
          ],
          "parent": 0,
          "ID": 1,
          "left": 2
        }
      ],
      "parent": null,
      "ID": 0,
      "left": 1
    },
    "feat": {
      "utility": 0.0031763277097528425,
      "query_shape": [
        [
          "Seq Scan",
          "Hash Join",
          "Sort",
          "Gather Merge",
          "Nested Loop",
          "Aggregate"
        ],
        [
          "Seq Scan",
          "Hash Join",
          "Hash",
          "Sort",
          "Gather Merge",
          "Nested Loop",
          "Aggregate"
        ],
        [
          "Seq Scan",
          "Hash Join",
          "Hash",
          "Sort",
          "Gather Merge",
          "Nested Loop",
          "Aggregate"
        ],
        [
          "Seq Scan",
          "Hash",
          "Hash Join",
          "Sort",
          "Gather Merge",
          "Nested Loop",
          "Aggregate"
        ],
        [
          "Seq Scan",
          "Hash",
          "Hash Join",
          "Sort",
          "Gather Merge",
          "Nested Loop",
          "Aggregate"
        ],
        [
          "Seq Scan",
          "Hash Join",
          "Gather",
          "Materialize",
          "Nested Loop",
          "Aggregate"
        ],
        [
          "Seq Scan",
          "Hash",
          "Hash Join",
          "Gather",
          "Materialize",
          "Nested Loop",
          "Aggregate"
        ],
        [
          "Seq Scan",
          "Hash Join",
          "Materialize",
          "Nested Loop",
          "Aggregate"
        ],
        [
          "Seq Scan",
          "Hash",
          "Hash Join",
          "Materialize",
          "Nested Loop",
          "Aggregate"
        ]
      ],
      "index_shape": [
        "join"
      ],
      "physical_operator": {
        "Hash Join": [
          0.004812657768835067
        ]
      }
    }
  },
  {
    "query": "select  \n  cd_gender,\n  cd_marital_status,\n  cd_education_status,\n  count(*) cnt1,\n  cd_purchase_estimate,\n  count(*) cnt2,\n  cd_credit_rating,\n  count(*) cnt3\n from\n  customer c,customer_address ca,customer_demographics\n where\n  c.c_current_addr_sk = ca.ca_address_sk and\n  ca_state in ('MT','FL','SC') and\n  cd_demo_sk = c.c_current_cdemo_sk and \n  exists (select *\n          from store_sales,date_dim\n          where c.c_customer_sk = ss_customer_sk and\n                ss_sold_date_sk = d_date_sk and\n                d_year = 2004 and\n                d_moy between 2 and 2+2) and\n   (not exists (select *\n            from web_sales,date_dim\n            where c.c_customer_sk = ws_bill_customer_sk and\n                  ws_sold_date_sk = d_date_sk and\n                  d_year = 2004 and\n                  d_moy between 2 and 2+2) and\n    not exists (select * \n            from catalog_sales,date_dim\n            where c.c_customer_sk = cs_ship_customer_sk and\n                  cs_sold_date_sk = d_date_sk and\n                  d_year = 2004 and\n                  d_moy between 2 and 2+2))\n group by cd_gender,\n          cd_marital_status,\n          cd_education_status,\n          cd_purchase_estimate,\n          cd_credit_rating\n order by cd_gender,\n          cd_marital_status,\n          cd_education_status,\n          cd_purchase_estimate,\n          cd_credit_rating\n limit 100;\n\n-- end query 51 in stream 0 using template query69.tpl\n",
    "indexes": "web_sales.ws_bill_customer_sk",
    "wo plan est": {
      "Node Type": "Limit",
      "Parallel Aware": false,
      "Async Capable": false,
      "Startup Cost": 747645.79,
      "Total Cost": 840733.75,
      "Plan Rows": 100,
      "Plan Width": 64,
      "Plans": [
        {
          "Node Type": "Aggregate",
          "Strategy": "Sorted",
          "Partial Mode": "Simple",
          "Parent Relationship": "Outer",
          "Parallel Aware": false,
          "Async Capable": false,
          "Startup Cost": 747645.79,
          "Total Cost": 2167237.2,
          "Plan Rows": 1525,
          "Plan Width": 64,
          "Group Key": [
            "customer_demographics.cd_gender",
            "customer_demographics.cd_marital_status",
            "customer_demographics.cd_education_status",
            "customer_demographics.cd_purchase_estimate",
            "customer_demographics.cd_credit_rating"
          ],
          "Plans": [
            {
              "Node Type": "Nested Loop",
              "Parent Relationship": "Outer",
              "Parallel Aware": false,
              "Async Capable": false,
              "Join Type": "Anti",
              "Startup Cost": 747645.79,
              "Total Cost": 2167199.07,
              "Plan Rows": 1525,
              "Plan Width": 40,
              "Inner Unique": false,
              "Join Filter": "(c.c_customer_sk = catalog_sales.cs_ship_customer_sk)",
              "Plans": [
                {
                  "Node Type": "Nested Loop",
                  "Parent Relationship": "Outer",
                  "Parallel Aware": false,
                  "Async Capable": false,
                  "Join Type": "Anti",
                  "Startup Cost": 744961.33,
                  "Total Cost": 1184008.71,
                  "Plan Rows": 1579,
                  "Plan Width": 44,
                  "Inner Unique": false,
                  "Join Filter": "(c.c_customer_sk = web_sales.ws_bill_customer_sk)",
                  "Plans": [
                    {
                      "Node Type": "Gather Merge",
                      "Parent Relationship": "Outer",
                      "Parallel Aware": false,
                      "Async Capable": false,
                      "Startup Cost": 741803.7,
                      "Total Cost": 741990.87,
                      "Plan Rows": 1607,
                      "Plan Width": 44,
                      "Workers Planned": 2,
                      "Plans": [
                        {
                          "Node Type": "Sort",
                          "Parent Relationship": "Outer",
                          "Parallel Aware": false,
                          "Async Capable": false,
                          "Startup Cost": 740803.68,
                          "Total Cost": 740805.36,
                          "Plan Rows": 670,
                          "Plan Width": 44,
                          "Sort Key": [
                            "customer_demographics.cd_gender",
                            "customer_demographics.cd_marital_status",
                            "customer_demographics.cd_education_status",
                            "customer_demographics.cd_purchase_estimate",
                            "customer_demographics.cd_credit_rating"
                          ],
                          "Plans": [
                            {
                              "Node Type": "Hash Join",
                              "Parent Relationship": "Outer",
                              "Parallel Aware": true,
                              "Async Capable": false,
                              "Join Type": "Inner",
                              "Startup Cost": 707936.86,
                              "Total Cost": 740772.23,
                              "Plan Rows": 670,
                              "Plan Width": 44,
                              "Inner Unique": false,
                              "Hash Cond": "(customer_demographics.cd_demo_sk = c.c_current_cdemo_sk)",
                              "Plans": [
                                {
                                  "Node Type": "Seq Scan",
                                  "Parent Relationship": "Outer",
                                  "Parallel Aware": true,
                                  "Async Capable": false,
                                  "Relation Name": "customer_demographics",
                                  "Alias": "customer_demographics",
                                  "Startup Cost": 0.0,
                                  "Total Cost": 29831.33,
                                  "Plan Rows": 800333,
                                  "Plan Width": 44,
                                  "parent": 6,
                                  "ID": 7
                                },
                                {
                                  "Node Type": "Hash",
                                  "Parent Relationship": "Inner",
                                  "Parallel Aware": true,
                                  "Async Capable": false,
                                  "Startup Cost": 707928.2,
                                  "Total Cost": 707928.2,
                                  "Plan Rows": 693,
                                  "Plan Width": 8,
                                  "Plans": [
                                    {
                                      "Node Type": "Hash Join",
                                      "Parent Relationship": "Outer",
                                      "Parallel Aware": true,
                                      "Async Capable": false,
                                      "Join Type": "Inner",
                                      "Startup Cost": 691264.24,
                                      "Total Cost": 707928.2,
                                      "Plan Rows": 693,
                                      "Plan Width": 8,
                                      "Inner Unique": false,
                                      "Hash Cond": "(c.c_current_addr_sk = ca.ca_address_sk)",
                                      "Plans": [
                                        {
                                          "Node Type": "Hash Join",
                                          "Parent Relationship": "Outer",
                                          "Parallel Aware": true,
                                          "Async Capable": false,
                                          "Join Type": "Semi",
                                          "Startup Cost": 684328.37,
                                          "Total Cost": 700940.06,
                                          "Plan Rows": 13167,
                                          "Plan Width": 12,
                                          "Inner Unique": false,
                                          "Hash Cond": "(c.c_customer_sk = store_sales.ss_customer_sk)",
                                          "Plans": [
                                            {
                                              "Node Type": "Seq Scan",
                                              "Parent Relationship": "Outer",
                                              "Parallel Aware": true,
                                              "Async Capable": false,
                                              "Relation Name": "customer",
                                              "Alias": "c",
                                              "Startup Cost": 0.0,
                                              "Total Cost": 15918.33,
                                              "Plan Rows": 208333,
                                              "Plan Width": 12,
                                              "parent": 10,
                                              "ID": 11
                                            },
                                            {
                                              "Node Type": "Hash",
                                              "Parent Relationship": "Inner",
                                              "Parallel Aware": true,
                                              "Async Capable": false,
                                              "Startup Cost": 684155.91,
                                              "Total Cost": 684155.91,
                                              "Plan Rows": 13797,
                                              "Plan Width": 4,
                                              "Plans": [
                                                {
                                                  "Node Type": "Hash Join",
                                                  "Parent Relationship": "Outer",
                                                  "Parallel Aware": true,
                                                  "Async Capable": false,
                                                  "Join Type": "Inner",
                                                  "Startup Cost": 2157.62,
                                                  "Total Cost": 684155.91,
                                                  "Plan Rows": 13797,
                                                  "Plan Width": 4,
                                                  "Inner Unique": false,
                                                  "Hash Cond": "(store_sales.ss_sold_date_sk = date_dim.d_date_sk)",
                                                  "Plans": [
                                                    {
                                                      "Node Type": "Seq Scan",
                                                      "Parent Relationship": "Outer",
                                                      "Parallel Aware": true,
                                                      "Async Capable": false,
                                                      "Relation Name": "store_sales",
                                                      "Alias": "store_sales",
                                                      "Startup Cost": 0.0,
                                                      "Total Cost": 636914.37,
                                                      "Plan Rows": 12000637,
                                                      "Plan Width": 8,
                                                      "parent": 13,
                                                      "ID": 14
                                                    },
                                                    {
                                                      "Node Type": "Hash",
                                                      "Parent Relationship": "Inner",
                                                      "Parallel Aware": true,
                                                      "Async Capable": false,
                                                      "Startup Cost": 2156.97,
                                                      "Total Cost": 2156.97,
                                                      "Plan Rows": 52,
                                                      "Plan Width": 4,
                                                      "Plans": [
                                                        {
                                                          "Node Type": "Seq Scan",
                                                          "Parent Relationship": "Outer",
                                                          "Parallel Aware": true,
                                                          "Async Capable": false,
                                                          "Relation Name": "date_dim",
                                                          "Alias": "date_dim",
                                                          "Startup Cost": 0.0,
                                                          "Total Cost": 2156.97,
                                                          "Plan Rows": 52,
                                                          "Plan Width": 4,
                                                          "Filter": "((d_moy >= 2) AND (d_moy <= 4) AND (d_year = 2004))",
                                                          "parent": 15,
                                                          "ID": 16
                                                        }
                                                      ],
                                                      "parent": 13,
                                                      "ID": 15,
                                                      "left": 16
                                                    }
                                                  ],
                                                  "parent": 12,
                                                  "ID": 13,
                                                  "left": 14,
                                                  "right": 15
                                                }
                                              ],
                                              "parent": 10,
                                              "ID": 12,
                                              "left": 13
                                            }
                                          ],
                                          "parent": 9,
                                          "ID": 10,
                                          "left": 11,
                                          "right": 12
                                        },
                                        {
                                          "Node Type": "Hash",
                                          "Parent Relationship": "Inner",
                                          "Parallel Aware": true,
                                          "Async Capable": false,
                                          "Startup Cost": 6867.29,
                                          "Total Cost": 6867.29,
                                          "Plan Rows": 5486,
                                          "Plan Width": 4,
                                          "Plans": [
                                            {
                                              "Node Type": "Seq Scan",
                                              "Parent Relationship": "Outer",
                                              "Parallel Aware": true,
                                              "Async Capable": false,
                                              "Relation Name": "customer_address",
                                              "Alias": "ca",
                                              "Startup Cost": 0.0,
                                              "Total Cost": 6867.29,
                                              "Plan Rows": 5486,
                                              "Plan Width": 4,
                                              "Filter": "(ca_state = ANY ('{MT,FL,SC}'::bpchar[]))",
                                              "parent": 17,
                                              "ID": 18
                                            }
                                          ],
                                          "parent": 9,
                                          "ID": 17,
                                          "left": 18
                                        }
                                      ],
                                      "parent": 8,
                                      "ID": 9,
                                      "left": 10,
                                      "right": 17
                                    }
                                  ],
                                  "parent": 6,
                                  "ID": 8,
                                  "left": 9
                                }
                              ],
                              "parent": 5,
                              "ID": 6,
                              "left": 7,
                              "right": 8
                            }
                          ],
                          "parent": 4,
                          "ID": 5,
                          "left": 6
                        }
                      ],
                      "parent": 3,
                      "ID": 4,
                      "left": 5
                    },
                    {
                      "Node Type": "Materialize",
                      "Parent Relationship": "Inner",
                      "Parallel Aware": false,
                      "Async Capable": false,
                      "Startup Cost": 3157.62,
                      "Total Cost": 233073.27,
                      "Plan Rows": 8669,
                      "Plan Width": 4,
                      "Plans": [
                        {
                          "Node Type": "Gather",
                          "Parent Relationship": "Outer",
                          "Parallel Aware": false,
                          "Async Capable": false,
                          "Startup Cost": 3157.62,
                          "Total Cost": 233029.92,
                          "Plan Rows": 8669,
                          "Plan Width": 4,
                          "Workers Planned": 2,
                          "Single Copy": false,
                          "Plans": [
                            {
                              "Node Type": "Hash Join",
                              "Parent Relationship": "Outer",
                              "Parallel Aware": true,
                              "Async Capable": false,
                              "Join Type": "Inner",
                              "Startup Cost": 2157.62,
                              "Total Cost": 231163.02,
                              "Plan Rows": 3612,
                              "Plan Width": 4,
                              "Inner Unique": false,
                              "Hash Cond": "(web_sales.ws_sold_date_sk = date_dim_1.d_date_sk)",
                              "Plans": [
                                {
                                  "Node Type": "Seq Scan",
                                  "Parent Relationship": "Outer",
                                  "Parallel Aware": true,
                                  "Async Capable": false,
                                  "Relation Name": "web_sales",
                                  "Alias": "web_sales",
                                  "Startup Cost": 0.0,
                                  "Total Cost": 217737.86,
                                  "Plan Rows": 2998986,
                                  "Plan Width": 8,
                                  "parent": 21,
                                  "ID": 22
                                },
                                {
                                  "Node Type": "Hash",
                                  "Parent Relationship": "Inner",
                                  "Parallel Aware": true,
                                  "Async Capable": false,
                                  "Startup Cost": 2156.97,
                                  "Total Cost": 2156.97,
                                  "Plan Rows": 52,
                                  "Plan Width": 4,
                                  "Plans": [
                                    {
                                      "Node Type": "Seq Scan",
                                      "Parent Relationship": "Outer",
                                      "Parallel Aware": true,
                                      "Async Capable": false,
                                      "Relation Name": "date_dim",
                                      "Alias": "date_dim_1",
                                      "Startup Cost": 0.0,
                                      "Total Cost": 2156.97,
                                      "Plan Rows": 52,
                                      "Plan Width": 4,
                                      "Filter": "((d_moy >= 2) AND (d_moy <= 4) AND (d_year = 2004))",
                                      "parent": 23,
                                      "ID": 24
                                    }
                                  ],
                                  "parent": 21,
                                  "ID": 23,
                                  "left": 24
                                }
                              ],
                              "parent": 20,
                              "ID": 21,
                              "left": 22,
                              "right": 23
                            }
                          ],
                          "parent": 19,
                          "ID": 20,
                          "left": 21
                        }
                      ],
                      "parent": 3,
                      "ID": 19,
                      "left": 20
                    }
                  ],
                  "parent": 2,
                  "ID": 3,
                  "left": 4,
                  "right": 19
                },
                {
                  "Node Type": "Materialize",
                  "Parent Relationship": "Inner",
                  "Parallel Aware": false,
                  "Async Capable": false,
                  "Startup Cost": 2684.46,
                  "Total Cost": 574643.56,
                  "Plan Rows": 17251,
                  "Plan Width": 4,
                  "Plans": [
                    {
                      "Node Type": "Hash Join",
                      "Parent Relationship": "Outer",
                      "Parallel Aware": false,
                      "Async Capable": false,
                      "Join Type": "Inner",
                      "Startup Cost": 2684.46,
                      "Total Cost": 574557.31,
                      "Plan Rows": 17251,
                      "Plan Width": 4,
                      "Inner Unique": false,
                      "Hash Cond": "(catalog_sales.cs_sold_date_sk = date_dim_2.d_date_sk)",
                      "Plans": [
                        {
                          "Node Type": "Seq Scan",
                          "Parent Relationship": "Outer",
                          "Parallel Aware": false,
                          "Async Capable": false,
                          "Relation Name": "catalog_sales",
                          "Alias": "catalog_sales",
                          "Startup Cost": 0.0,
                          "Total Cost": 517695.61,
                          "Plan Rows": 14401261,
                          "Plan Width": 8,
                          "parent": 26,
                          "ID": 27
                        },
                        {
                          "Node Type": "Hash",
                          "Parent Relationship": "Inner",
                          "Parallel Aware": false,
                          "Async Capable": false,
                          "Startup Cost": 2683.36,
                          "Total Cost": 2683.36,
                          "Plan Rows": 88,
                          "Plan Width": 4,
                          "Plans": [
                            {
                              "Node Type": "Seq Scan",
                              "Parent Relationship": "Outer",
                              "Parallel Aware": false,
                              "Async Capable": false,
                              "Relation Name": "date_dim",
                              "Alias": "date_dim_2",
                              "Startup Cost": 0.0,
                              "Total Cost": 2683.36,
                              "Plan Rows": 88,
                              "Plan Width": 4,
                              "Filter": "((d_moy >= 2) AND (d_moy <= 4) AND (d_year = 2004))",
                              "parent": 28,
                              "ID": 29
                            }
                          ],
                          "parent": 26,
                          "ID": 28,
                          "left": 29
                        }
                      ],
                      "parent": 25,
                      "ID": 26,
                      "left": 27,
                      "right": 28
                    }
                  ],
                  "parent": 2,
                  "ID": 25,
                  "left": 26
                }
              ],
              "parent": 1,
              "ID": 2,
              "left": 3,
              "right": 25
            }
          ],
          "parent": 0,
          "ID": 1,
          "left": 2
        }
      ],
      "parent": null,
      "ID": 0,
      "left": 1
    },
    "feat": {
      "utility": 0.0031577085484552066,
      "query_shape": [
        [
          "Seq Scan",
          "Hash Join",
          "Sort",
          "Gather Merge",
          "Nested Loop",
          "Aggregate"
        ],
        [
          "Seq Scan",
          "Hash Join",
          "Hash",
          "Sort",
          "Gather Merge",
          "Nested Loop",
          "Aggregate"
        ],
        [
          "Seq Scan",
          "Hash Join",
          "Hash",
          "Sort",
          "Gather Merge",
          "Nested Loop",
          "Aggregate"
        ],
        [
          "Seq Scan",
          "Hash",
          "Hash Join",
          "Sort",
          "Gather Merge",
          "Nested Loop",
          "Aggregate"
        ],
        [
          "Seq Scan",
          "Hash",
          "Hash Join",
          "Sort",
          "Gather Merge",
          "Nested Loop",
          "Aggregate"
        ],
        [
          "Seq Scan",
          "Hash Join",
          "Gather",
          "Materialize",
          "Nested Loop",
          "Aggregate"
        ],
        [
          "Seq Scan",
          "Hash",
          "Hash Join",
          "Gather",
          "Materialize",
          "Nested Loop",
          "Aggregate"
        ],
        [
          "Seq Scan",
          "Hash Join",
          "Materialize",
          "Nested Loop",
          "Aggregate"
        ],
        [
          "Seq Scan",
          "Hash",
          "Hash Join",
          "Materialize",
          "Nested Loop",
          "Aggregate"
        ]
      ],
      "index_shape": [
        "join"
      ],
      "physical_operator": {
        "Nested Loop": [
          0.010646298167296914
        ]
      }
    }
  },
  {
    "query": "select   \n     i_item_id\n    ,i_item_desc\n    ,s_store_id\n    ,s_store_name\n    ,stddev_samp(ss_quantity)        as store_sales_quantity\n    ,stddev_samp(sr_return_quantity) as store_returns_quantity\n    ,stddev_samp(cs_quantity)        as catalog_sales_quantity\n from\n    store_sales\n   ,store_returns\n   ,catalog_sales\n   ,date_dim             d1\n   ,date_dim             d2\n   ,date_dim             d3\n   ,store\n   ,item\n where\n     d1.d_moy               = 4 \n and d1.d_year              = 1999\n and d1.d_date_sk           = ss_sold_date_sk\n and i_item_sk              = ss_item_sk\n and s_store_sk             = ss_store_sk\n and ss_customer_sk         = sr_customer_sk\n and ss_item_sk             = sr_item_sk\n and ss_ticket_number       = sr_ticket_number\n and sr_returned_date_sk    = d2.d_date_sk\n and d2.d_moy               between 4 and  4 + 3 \n and d2.d_year              = 1999\n and sr_customer_sk         = cs_bill_customer_sk\n and sr_item_sk             = cs_item_sk\n and cs_sold_date_sk        = d3.d_date_sk     \n and d3.d_year              in (1999,1999+1,1999+2)\n group by\n    i_item_id\n   ,i_item_desc\n   ,s_store_id\n   ,s_store_name\n order by\n    i_item_id \n   ,i_item_desc\n   ,s_store_id\n   ,s_store_name\n limit 100;\n\n-- end query 19 in stream 0 using template query29.tpl\n",
    "indexes": "store_returns.sr_returned_date_sk",
    "wo plan est": {
      "Node Type": "Limit",
      "Parallel Aware": false,
      "Async Capable": false,
      "Startup Cost": 762542.58,
      "Total Cost": 1221390.95,
      "Plan Rows": 1,
      "Plan Width": 236,
      "Plans": [
        {
          "Node Type": "Aggregate",
          "Strategy": "Sorted",
          "Partial Mode": "Simple",
          "Parent Relationship": "Outer",
          "Parallel Aware": false,
          "Async Capable": false,
          "Startup Cost": 762542.58,
          "Total Cost": 1221390.95,
          "Plan Rows": 1,
          "Plan Width": 236,
          "Group Key": [
            "item.i_item_id",
            "item.i_item_desc",
            "store.s_store_id",
            "store.s_store_name"
          ],
          "Plans": [
            {
              "Node Type": "Nested Loop",
              "Parent Relationship": "Outer",
              "Parallel Aware": false,
              "Async Capable": false,
              "Join Type": "Inner",
              "Startup Cost": 762542.58,
              "Total Cost": 1221390.92,
              "Plan Rows": 1,
              "Plan Width": 152,
              "Inner Unique": false,
              "Join Filter": "((item.i_item_sk = store_returns.sr_item_sk) AND (store_sales.ss_customer_sk = store_returns.sr_customer_sk) AND (store_sales.ss_ticket_number = store_returns.sr_ticket_number))",
              "Plans": [
                {
                  "Node Type": "Gather Merge",
                  "Parent Relationship": "Outer",
                  "Parallel Aware": false,
                  "Async Capable": false,
                  "Startup Cost": 692960.09,
                  "Total Cost": 694214.78,
                  "Plan Rows": 10773,
                  "Plan Width": 160,
                  "Workers Planned": 2,
                  "Plans": [
                    {
                      "Node Type": "Sort",
                      "Parent Relationship": "Outer",
                      "Parallel Aware": false,
                      "Async Capable": false,
                      "Startup Cost": 691960.07,
                      "Total Cost": 691971.29,
                      "Plan Rows": 4489,
                      "Plan Width": 160,
                      "Sort Key": [
                        "item.i_item_id",
                        "item.i_item_desc",
                        "store.s_store_id",
                        "store.s_store_name"
                      ],
                      "Plans": [
                        {
                          "Node Type": "Hash Join",
                          "Parent Relationship": "Outer",
                          "Parallel Aware": true,
                          "Async Capable": false,
                          "Join Type": "Inner",
                          "Startup Cost": 684120.68,
                          "Total Cost": 691687.76,
                          "Plan Rows": 4489,
                          "Plan Width": 160,
                          "Inner Unique": false,
                          "Hash Cond": "(item.i_item_sk = store_sales.ss_item_sk)",
                          "Plans": [
                            {
                              "Node Type": "Seq Scan",
                              "Parent Relationship": "Outer",
                              "Parallel Aware": true,
                              "Async Capable": false,
                              "Relation Name": "item",
                              "Alias": "item",
                              "Startup Cost": 0.0,
                              "Total Cost": 7389.0,
                              "Plan Rows": 42500,
                              "Plan Width": 123,
                              "parent": 5,
                              "ID": 6
                            },
                            {
                              "Node Type": "Hash",
                              "Parent Relationship": "Inner",
                              "Parallel Aware": true,
                              "Async Capable": false,
                              "Startup Cost": 684064.57,
                              "Total Cost": 684064.57,
                              "Plan Rows": 4489,
                              "Plan Width": 37,
                              "Plans": [
                                {
                                  "Node Type": "Hash Join",
                                  "Parent Relationship": "Outer",
                                  "Parallel Aware": false,
                                  "Async Capable": false,
                                  "Join Type": "Inner",
                                  "Startup Cost": 2057.07,
                                  "Total Cost": 684064.57,
                                  "Plan Rows": 4489,
                                  "Plan Width": 37,
                                  "Inner Unique": false,
                                  "Hash Cond": "(store_sales.ss_store_sk = store.s_store_sk)",
                                  "Plans": [
                                    {
                                      "Node Type": "Hash Join",
                                      "Parent Relationship": "Outer",
                                      "Parallel Aware": true,
                                      "Async Capable": false,
                                      "Join Type": "Inner",
                                      "Startup Cost": 2049.78,
                                      "Total Cost": 683994.75,
                                      "Plan Rows": 4703,
                                      "Plan Width": 20,
                                      "Inner Unique": false,
                                      "Hash Cond": "(store_sales.ss_sold_date_sk = d1.d_date_sk)",
                                      "Plans": [
                                        {
                                          "Node Type": "Seq Scan",
                                          "Parent Relationship": "Outer",
                                          "Parallel Aware": true,
                                          "Async Capable": false,
                                          "Relation Name": "store_sales",
                                          "Alias": "store_sales",
                                          "Startup Cost": 0.0,
                                          "Total Cost": 636914.37,
                                          "Plan Rows": 12000637,
                                          "Plan Width": 24,
                                          "parent": 9,
                                          "ID": 10
                                        },
                                        {
                                          "Node Type": "Hash",
                                          "Parent Relationship": "Inner",
                                          "Parallel Aware": true,
                                          "Async Capable": false,
                                          "Startup Cost": 2049.55,
                                          "Total Cost": 2049.55,
                                          "Plan Rows": 18,
                                          "Plan Width": 4,
                                          "Plans": [
                                            {
                                              "Node Type": "Seq Scan",
                                              "Parent Relationship": "Outer",
                                              "Parallel Aware": true,
                                              "Async Capable": false,
                                              "Relation Name": "date_dim",
                                              "Alias": "d1",
                                              "Startup Cost": 0.0,
                                              "Total Cost": 2049.55,
                                              "Plan Rows": 18,
                                              "Plan Width": 4,
                                              "Filter": "((d_moy = 4) AND (d_year = 1999))",
                                              "parent": 11,
                                              "ID": 12
                                            }
                                          ],
                                          "parent": 9,
                                          "ID": 11,
                                          "left": 12
                                        }
                                      ],
                                      "parent": 8,
                                      "ID": 9,
                                      "left": 10,
                                      "right": 11
                                    },
                                    {
                                      "Node Type": "Hash",
                                      "Parent Relationship": "Inner",
                                      "Parallel Aware": false,
                                      "Async Capable": false,
                                      "Startup Cost": 6.02,
                                      "Total Cost": 6.02,
                                      "Plan Rows": 102,
                                      "Plan Width": 25,
                                      "Plans": [
                                        {
                                          "Node Type": "Seq Scan",
                                          "Parent Relationship": "Outer",
                                          "Parallel Aware": false,
                                          "Async Capable": false,
                                          "Relation Name": "store",
                                          "Alias": "store",
                                          "Startup Cost": 0.0,
                                          "Total Cost": 6.02,
                                          "Plan Rows": 102,
                                          "Plan Width": 25,
                                          "parent": 13,
                                          "ID": 14
                                        }
                                      ],
                                      "parent": 8,
                                      "ID": 13,
                                      "left": 14
                                    }
                                  ],
                                  "parent": 7,
                                  "ID": 8,
                                  "left": 9,
                                  "right": 13
                                }
                              ],
                              "parent": 5,
                              "ID": 7,
                              "left": 8
                            }
                          ],
                          "parent": 4,
                          "ID": 5,
                          "left": 6,
                          "right": 7
                        }
                      ],
                      "parent": 3,
                      "ID": 4,
                      "left": 5
                    }
                  ],
                  "parent": 2,
                  "ID": 3,
                  "left": 4
                },
                {
                  "Node Type": "Materialize",
                  "Parent Relationship": "Inner",
                  "Parallel Aware": false,
                  "Async Capable": false,
                  "Startup Cost": 69582.49,
                  "Total Cost": 526960.68,
                  "Plan Rows": 1,
                  "Plan Width": 28,
                  "Plans": [
                    {
                      "Node Type": "Gather",
                      "Parent Relationship": "Outer",
                      "Parallel Aware": false,
                      "Async Capable": false,
                      "Startup Cost": 69582.49,
                      "Total Cost": 526960.67,
                      "Plan Rows": 1,
                      "Plan Width": 28,
                      "Workers Planned": 2,
                      "Single Copy": false,
                      "Plans": [
                        {
                          "Node Type": "Hash Join",
                          "Parent Relationship": "Outer",
                          "Parallel Aware": true,
                          "Async Capable": false,
                          "Join Type": "Inner",
                          "Startup Cost": 68582.49,
                          "Total Cost": 525960.57,
                          "Plan Rows": 1,
                          "Plan Width": 28,
                          "Inner Unique": false,
                          "Hash Cond": "((catalog_sales.cs_item_sk = store_returns.sr_item_sk) AND (catalog_sales.cs_bill_customer_sk = store_returns.sr_customer_sk))",
                          "Plans": [
                            {
                              "Node Type": "Hash Join",
                              "Parent Relationship": "Outer",
                              "Parallel Aware": true,
                              "Async Capable": false,
                              "Join Type": "Inner",
                              "Startup Cost": 2003.83,
                              "Total Cost": 458715.99,
                              "Plan Rows": 88788,
                              "Plan Width": 12,
                              "Inner Unique": false,
                              "Hash Cond": "(catalog_sales.cs_sold_date_sk = d3.d_date_sk)",
                              "Plans": [
                                {
                                  "Node Type": "Seq Scan",
                                  "Parent Relationship": "Outer",
                                  "Parallel Aware": true,
                                  "Async Capable": false,
                                  "Relation Name": "catalog_sales",
                                  "Alias": "catalog_sales",
                                  "Startup Cost": 0.0,
                                  "Total Cost": 433688.25,
                                  "Plan Rows": 6000525,
                                  "Plan Width": 16,
                                  "parent": 18,
                                  "ID": 19
                                },
                                {
                                  "Node Type": "Hash",
                                  "Parent Relationship": "Inner",
                                  "Parallel Aware": true,
                                  "Async Capable": false,
                                  "Startup Cost": 1995.84,
                                  "Total Cost": 1995.84,
                                  "Plan Rows": 639,
                                  "Plan Width": 4,
                                  "Plans": [
                                    {
                                      "Node Type": "Seq Scan",
                                      "Parent Relationship": "Outer",
                                      "Parallel Aware": true,
                                      "Async Capable": false,
                                      "Relation Name": "date_dim",
                                      "Alias": "d3",
                                      "Startup Cost": 0.0,
                                      "Total Cost": 1995.84,
                                      "Plan Rows": 639,
                                      "Plan Width": 4,
                                      "Filter": "(d_year = ANY ('{1999,2000,2001}'::integer[]))",
                                      "parent": 20,
                                      "ID": 21
                                    }
                                  ],
                                  "parent": 18,
                                  "ID": 20,
                                  "left": 21
                                }
                              ],
                              "parent": 17,
                              "ID": 18,
                              "left": 19,
                              "right": 20
                            },
                            {
                              "Node Type": "Hash",
                              "Parent Relationship": "Inner",
                              "Parallel Aware": true,
                              "Async Capable": false,
                              "Startup Cost": 66549.88,
                              "Total Cost": 66549.88,
                              "Plan Rows": 1919,
                              "Plan Width": 16,
                              "Plans": [
                                {
                                  "Node Type": "Hash Join",
                                  "Parent Relationship": "Outer",
                                  "Parallel Aware": true,
                                  "Async Capable": false,
                                  "Join Type": "Inner",
                                  "Startup Cost": 2157.86,
                                  "Total Cost": 66549.88,
                                  "Plan Rows": 1919,
                                  "Plan Width": 16,
                                  "Inner Unique": false,
                                  "Hash Cond": "(store_returns.sr_returned_date_sk = d2.d_date_sk)",
                                  "Plans": [
                                    {
                                      "Node Type": "Seq Scan",
                                      "Parent Relationship": "Outer",
                                      "Parallel Aware": true,
                                      "Async Capable": false,
                                      "Relation Name": "store_returns",
                                      "Alias": "store_returns",
                                      "Startup Cost": 0.0,
                                      "Total Cost": 59887.64,
                                      "Plan Rows": 1198164,
                                      "Plan Width": 20,
                                      "parent": 23,
                                      "ID": 24
                                    },
                                    {
                                      "Node Type": "Hash",
                                      "Parent Relationship": "Inner",
                                      "Parallel Aware": true,
                                      "Async Capable": false,
                                      "Startup Cost": 2156.97,
                                      "Total Cost": 2156.97,
                                      "Plan Rows": 71,
                                      "Plan Width": 4,
                                      "Plans": [
                                        {
                                          "Node Type": "Seq Scan",
                                          "Parent Relationship": "Outer",
                                          "Parallel Aware": true,
                                          "Async Capable": false,
                                          "Relation Name": "date_dim",
                                          "Alias": "d2",
                                          "Startup Cost": 0.0,
                                          "Total Cost": 2156.97,
                                          "Plan Rows": 71,
                                          "Plan Width": 4,
                                          "Filter": "((d_moy >= 4) AND (d_moy <= 7) AND (d_year = 1999))",
                                          "parent": 25,
                                          "ID": 26
                                        }
                                      ],
                                      "parent": 23,
                                      "ID": 25,
                                      "left": 26
                                    }
                                  ],
                                  "parent": 22,
                                  "ID": 23,
                                  "left": 24,
                                  "right": 25
                                }
                              ],
                              "parent": 17,
                              "ID": 22,
                              "left": 23
                            }
                          ],
                          "parent": 16,
                          "ID": 17,
                          "left": 18,
                          "right": 22
                        }
                      ],
                      "parent": 15,
                      "ID": 16,
                      "left": 17
                    }
                  ],
                  "parent": 2,
                  "ID": 15,
                  "left": 16
                }
              ],
              "parent": 1,
              "ID": 2,
              "left": 3,
              "right": 15
            }
          ],
          "parent": 0,
          "ID": 1,
          "left": 2
        }
      ],
      "parent": null,
      "ID": 0,
      "left": 1
    },
    "feat": {
      "utility": 0.0017576071093544448,
      "query_shape": [
        [
          "Seq Scan",
          "Hash Join",
          "Sort",
          "Gather Merge",
          "Nested Loop",
          "Aggregate"
        ],
        [
          "Seq Scan",
          "Hash Join",
          "Hash",
          "Sort",
          "Gather Merge",
          "Nested Loop",
          "Aggregate"
        ],
        [
          "Seq Scan",
          "Hash",
          "Hash Join",
          "Sort",
          "Gather Merge",
          "Nested Loop",
          "Aggregate"
        ],
        [
          "Seq Scan",
          "Hash",
          "Hash Join",
          "Sort",
          "Gather Merge",
          "Nested Loop",
          "Aggregate"
        ],
        [
          "Seq Scan",
          "Hash Join",
          "Gather",
          "Materialize",
          "Nested Loop",
          "Aggregate"
        ],
        [
          "Seq Scan",
          "Hash",
          "Hash Join",
          "Gather",
          "Materialize",
          "Nested Loop",
          "Aggregate"
        ],
        [
          "Seq Scan",
          "Hash Join",
          "Hash",
          "Gather",
          "Materialize",
          "Nested Loop",
          "Aggregate"
        ],
        [
          "Seq Scan",
          "Hash",
          "Hash Join",
          "Gather",
          "Materialize",
          "Nested Loop",
          "Aggregate"
        ]
      ],
      "index_shape": [
        "join"
      ],
      "physical_operator": {
        "Hash Join": [
          0.00474952501834558
        ]
      }
    }
  },
  {
    "query": "select   \n     i_item_id\n    ,i_item_desc\n    ,s_store_id\n    ,s_store_name\n    ,stddev_samp(ss_quantity)        as store_sales_quantity\n    ,stddev_samp(sr_return_quantity) as store_returns_quantity\n    ,stddev_samp(cs_quantity)        as catalog_sales_quantity\n from\n    store_sales\n   ,store_returns\n   ,catalog_sales\n   ,date_dim             d1\n   ,date_dim             d2\n   ,date_dim             d3\n   ,store\n   ,item\n where\n     d1.d_moy               = 4 \n and d1.d_year              = 1999\n and d1.d_date_sk           = ss_sold_date_sk\n and i_item_sk              = ss_item_sk\n and s_store_sk             = ss_store_sk\n and ss_customer_sk         = sr_customer_sk\n and ss_item_sk             = sr_item_sk\n and ss_ticket_number       = sr_ticket_number\n and sr_returned_date_sk    = d2.d_date_sk\n and d2.d_moy               between 4 and  4 + 3 \n and d2.d_year              = 1999\n and sr_customer_sk         = cs_bill_customer_sk\n and sr_item_sk             = cs_item_sk\n and cs_sold_date_sk        = d3.d_date_sk     \n and d3.d_year              in (1999,1999+1,1999+2)\n group by\n    i_item_id\n   ,i_item_desc\n   ,s_store_id\n   ,s_store_name\n order by\n    i_item_id \n   ,i_item_desc\n   ,s_store_id\n   ,s_store_name\n limit 100;\n\n-- end query 19 in stream 0 using template query29.tpl\n",
    "indexes": "store_returns.sr_item_sk",
    "wo plan est": {
      "Node Type": "Limit",
      "Parallel Aware": false,
      "Async Capable": false,
      "Startup Cost": 762542.58,
      "Total Cost": 1221390.95,
      "Plan Rows": 1,
      "Plan Width": 236,
      "Plans": [
        {
          "Node Type": "Aggregate",
          "Strategy": "Sorted",
          "Partial Mode": "Simple",
          "Parent Relationship": "Outer",
          "Parallel Aware": false,
          "Async Capable": false,
          "Startup Cost": 762542.58,
          "Total Cost": 1221390.95,
          "Plan Rows": 1,
          "Plan Width": 236,
          "Group Key": [
            "item.i_item_id",
            "item.i_item_desc",
            "store.s_store_id",
            "store.s_store_name"
          ],
          "Plans": [
            {
              "Node Type": "Nested Loop",
              "Parent Relationship": "Outer",
              "Parallel Aware": false,
              "Async Capable": false,
              "Join Type": "Inner",
              "Startup Cost": 762542.58,
              "Total Cost": 1221390.92,
              "Plan Rows": 1,
              "Plan Width": 152,
              "Inner Unique": false,
              "Join Filter": "((item.i_item_sk = store_returns.sr_item_sk) AND (store_sales.ss_customer_sk = store_returns.sr_customer_sk) AND (store_sales.ss_ticket_number = store_returns.sr_ticket_number))",
              "Plans": [
                {
                  "Node Type": "Gather Merge",
                  "Parent Relationship": "Outer",
                  "Parallel Aware": false,
                  "Async Capable": false,
                  "Startup Cost": 692960.09,
                  "Total Cost": 694214.78,
                  "Plan Rows": 10773,
                  "Plan Width": 160,
                  "Workers Planned": 2,
                  "Plans": [
                    {
                      "Node Type": "Sort",
                      "Parent Relationship": "Outer",
                      "Parallel Aware": false,
                      "Async Capable": false,
                      "Startup Cost": 691960.07,
                      "Total Cost": 691971.29,
                      "Plan Rows": 4489,
                      "Plan Width": 160,
                      "Sort Key": [
                        "item.i_item_id",
                        "item.i_item_desc",
                        "store.s_store_id",
                        "store.s_store_name"
                      ],
                      "Plans": [
                        {
                          "Node Type": "Hash Join",
                          "Parent Relationship": "Outer",
                          "Parallel Aware": true,
                          "Async Capable": false,
                          "Join Type": "Inner",
                          "Startup Cost": 684120.68,
                          "Total Cost": 691687.76,
                          "Plan Rows": 4489,
                          "Plan Width": 160,
                          "Inner Unique": false,
                          "Hash Cond": "(item.i_item_sk = store_sales.ss_item_sk)",
                          "Plans": [
                            {
                              "Node Type": "Seq Scan",
                              "Parent Relationship": "Outer",
                              "Parallel Aware": true,
                              "Async Capable": false,
                              "Relation Name": "item",
                              "Alias": "item",
                              "Startup Cost": 0.0,
                              "Total Cost": 7389.0,
                              "Plan Rows": 42500,
                              "Plan Width": 123,
                              "parent": 5,
                              "ID": 6
                            },
                            {
                              "Node Type": "Hash",
                              "Parent Relationship": "Inner",
                              "Parallel Aware": true,
                              "Async Capable": false,
                              "Startup Cost": 684064.57,
                              "Total Cost": 684064.57,
                              "Plan Rows": 4489,
                              "Plan Width": 37,
                              "Plans": [
                                {
                                  "Node Type": "Hash Join",
                                  "Parent Relationship": "Outer",
                                  "Parallel Aware": false,
                                  "Async Capable": false,
                                  "Join Type": "Inner",
                                  "Startup Cost": 2057.07,
                                  "Total Cost": 684064.57,
                                  "Plan Rows": 4489,
                                  "Plan Width": 37,
                                  "Inner Unique": false,
                                  "Hash Cond": "(store_sales.ss_store_sk = store.s_store_sk)",
                                  "Plans": [
                                    {
                                      "Node Type": "Hash Join",
                                      "Parent Relationship": "Outer",
                                      "Parallel Aware": true,
                                      "Async Capable": false,
                                      "Join Type": "Inner",
                                      "Startup Cost": 2049.78,
                                      "Total Cost": 683994.75,
                                      "Plan Rows": 4703,
                                      "Plan Width": 20,
                                      "Inner Unique": false,
                                      "Hash Cond": "(store_sales.ss_sold_date_sk = d1.d_date_sk)",
                                      "Plans": [
                                        {
                                          "Node Type": "Seq Scan",
                                          "Parent Relationship": "Outer",
                                          "Parallel Aware": true,
                                          "Async Capable": false,
                                          "Relation Name": "store_sales",
                                          "Alias": "store_sales",
                                          "Startup Cost": 0.0,
                                          "Total Cost": 636914.37,
                                          "Plan Rows": 12000637,
                                          "Plan Width": 24,
                                          "parent": 9,
                                          "ID": 10
                                        },
                                        {
                                          "Node Type": "Hash",
                                          "Parent Relationship": "Inner",
                                          "Parallel Aware": true,
                                          "Async Capable": false,
                                          "Startup Cost": 2049.55,
                                          "Total Cost": 2049.55,
                                          "Plan Rows": 18,
                                          "Plan Width": 4,
                                          "Plans": [
                                            {
                                              "Node Type": "Seq Scan",
                                              "Parent Relationship": "Outer",
                                              "Parallel Aware": true,
                                              "Async Capable": false,
                                              "Relation Name": "date_dim",
                                              "Alias": "d1",
                                              "Startup Cost": 0.0,
                                              "Total Cost": 2049.55,
                                              "Plan Rows": 18,
                                              "Plan Width": 4,
                                              "Filter": "((d_moy = 4) AND (d_year = 1999))",
                                              "parent": 11,
                                              "ID": 12
                                            }
                                          ],
                                          "parent": 9,
                                          "ID": 11,
                                          "left": 12
                                        }
                                      ],
                                      "parent": 8,
                                      "ID": 9,
                                      "left": 10,
                                      "right": 11
                                    },
                                    {
                                      "Node Type": "Hash",
                                      "Parent Relationship": "Inner",
                                      "Parallel Aware": false,
                                      "Async Capable": false,
                                      "Startup Cost": 6.02,
                                      "Total Cost": 6.02,
                                      "Plan Rows": 102,
                                      "Plan Width": 25,
                                      "Plans": [
                                        {
                                          "Node Type": "Seq Scan",
                                          "Parent Relationship": "Outer",
                                          "Parallel Aware": false,
                                          "Async Capable": false,
                                          "Relation Name": "store",
                                          "Alias": "store",
                                          "Startup Cost": 0.0,
                                          "Total Cost": 6.02,
                                          "Plan Rows": 102,
                                          "Plan Width": 25,
                                          "parent": 13,
                                          "ID": 14
                                        }
                                      ],
                                      "parent": 8,
                                      "ID": 13,
                                      "left": 14
                                    }
                                  ],
                                  "parent": 7,
                                  "ID": 8,
                                  "left": 9,
                                  "right": 13
                                }
                              ],
                              "parent": 5,
                              "ID": 7,
                              "left": 8
                            }
                          ],
                          "parent": 4,
                          "ID": 5,
                          "left": 6,
                          "right": 7
                        }
                      ],
                      "parent": 3,
                      "ID": 4,
                      "left": 5
                    }
                  ],
                  "parent": 2,
                  "ID": 3,
                  "left": 4
                },
                {
                  "Node Type": "Materialize",
                  "Parent Relationship": "Inner",
                  "Parallel Aware": false,
                  "Async Capable": false,
                  "Startup Cost": 69582.49,
                  "Total Cost": 526960.68,
                  "Plan Rows": 1,
                  "Plan Width": 28,
                  "Plans": [
                    {
                      "Node Type": "Gather",
                      "Parent Relationship": "Outer",
                      "Parallel Aware": false,
                      "Async Capable": false,
                      "Startup Cost": 69582.49,
                      "Total Cost": 526960.67,
                      "Plan Rows": 1,
                      "Plan Width": 28,
                      "Workers Planned": 2,
                      "Single Copy": false,
                      "Plans": [
                        {
                          "Node Type": "Hash Join",
                          "Parent Relationship": "Outer",
                          "Parallel Aware": true,
                          "Async Capable": false,
                          "Join Type": "Inner",
                          "Startup Cost": 68582.49,
                          "Total Cost": 525960.57,
                          "Plan Rows": 1,
                          "Plan Width": 28,
                          "Inner Unique": false,
                          "Hash Cond": "((catalog_sales.cs_item_sk = store_returns.sr_item_sk) AND (catalog_sales.cs_bill_customer_sk = store_returns.sr_customer_sk))",
                          "Plans": [
                            {
                              "Node Type": "Hash Join",
                              "Parent Relationship": "Outer",
                              "Parallel Aware": true,
                              "Async Capable": false,
                              "Join Type": "Inner",
                              "Startup Cost": 2003.83,
                              "Total Cost": 458715.99,
                              "Plan Rows": 88788,
                              "Plan Width": 12,
                              "Inner Unique": false,
                              "Hash Cond": "(catalog_sales.cs_sold_date_sk = d3.d_date_sk)",
                              "Plans": [
                                {
                                  "Node Type": "Seq Scan",
                                  "Parent Relationship": "Outer",
                                  "Parallel Aware": true,
                                  "Async Capable": false,
                                  "Relation Name": "catalog_sales",
                                  "Alias": "catalog_sales",
                                  "Startup Cost": 0.0,
                                  "Total Cost": 433688.25,
                                  "Plan Rows": 6000525,
                                  "Plan Width": 16,
                                  "parent": 18,
                                  "ID": 19
                                },
                                {
                                  "Node Type": "Hash",
                                  "Parent Relationship": "Inner",
                                  "Parallel Aware": true,
                                  "Async Capable": false,
                                  "Startup Cost": 1995.84,
                                  "Total Cost": 1995.84,
                                  "Plan Rows": 639,
                                  "Plan Width": 4,
                                  "Plans": [
                                    {
                                      "Node Type": "Seq Scan",
                                      "Parent Relationship": "Outer",
                                      "Parallel Aware": true,
                                      "Async Capable": false,
                                      "Relation Name": "date_dim",
                                      "Alias": "d3",
                                      "Startup Cost": 0.0,
                                      "Total Cost": 1995.84,
                                      "Plan Rows": 639,
                                      "Plan Width": 4,
                                      "Filter": "(d_year = ANY ('{1999,2000,2001}'::integer[]))",
                                      "parent": 20,
                                      "ID": 21
                                    }
                                  ],
                                  "parent": 18,
                                  "ID": 20,
                                  "left": 21
                                }
                              ],
                              "parent": 17,
                              "ID": 18,
                              "left": 19,
                              "right": 20
                            },
                            {
                              "Node Type": "Hash",
                              "Parent Relationship": "Inner",
                              "Parallel Aware": true,
                              "Async Capable": false,
                              "Startup Cost": 66549.88,
                              "Total Cost": 66549.88,
                              "Plan Rows": 1919,
                              "Plan Width": 16,
                              "Plans": [
                                {
                                  "Node Type": "Hash Join",
                                  "Parent Relationship": "Outer",
                                  "Parallel Aware": true,
                                  "Async Capable": false,
                                  "Join Type": "Inner",
                                  "Startup Cost": 2157.86,
                                  "Total Cost": 66549.88,
                                  "Plan Rows": 1919,
                                  "Plan Width": 16,
                                  "Inner Unique": false,
                                  "Hash Cond": "(store_returns.sr_returned_date_sk = d2.d_date_sk)",
                                  "Plans": [
                                    {
                                      "Node Type": "Seq Scan",
                                      "Parent Relationship": "Outer",
                                      "Parallel Aware": true,
                                      "Async Capable": false,
                                      "Relation Name": "store_returns",
                                      "Alias": "store_returns",
                                      "Startup Cost": 0.0,
                                      "Total Cost": 59887.64,
                                      "Plan Rows": 1198164,
                                      "Plan Width": 20,
                                      "parent": 23,
                                      "ID": 24
                                    },
                                    {
                                      "Node Type": "Hash",
                                      "Parent Relationship": "Inner",
                                      "Parallel Aware": true,
                                      "Async Capable": false,
                                      "Startup Cost": 2156.97,
                                      "Total Cost": 2156.97,
                                      "Plan Rows": 71,
                                      "Plan Width": 4,
                                      "Plans": [
                                        {
                                          "Node Type": "Seq Scan",
                                          "Parent Relationship": "Outer",
                                          "Parallel Aware": true,
                                          "Async Capable": false,
                                          "Relation Name": "date_dim",
                                          "Alias": "d2",
                                          "Startup Cost": 0.0,
                                          "Total Cost": 2156.97,
                                          "Plan Rows": 71,
                                          "Plan Width": 4,
                                          "Filter": "((d_moy >= 4) AND (d_moy <= 7) AND (d_year = 1999))",
                                          "parent": 25,
                                          "ID": 26
                                        }
                                      ],
                                      "parent": 23,
                                      "ID": 25,
                                      "left": 26
                                    }
                                  ],
                                  "parent": 22,
                                  "ID": 23,
                                  "left": 24,
                                  "right": 25
                                }
                              ],
                              "parent": 17,
                              "ID": 22,
                              "left": 23
                            }
                          ],
                          "parent": 16,
                          "ID": 17,
                          "left": 18,
                          "right": 22
                        }
                      ],
                      "parent": 15,
                      "ID": 16,
                      "left": 17
                    }
                  ],
                  "parent": 2,
                  "ID": 15,
                  "left": 16
                }
              ],
              "parent": 1,
              "ID": 2,
              "left": 3,
              "right": 15
            }
          ],
          "parent": 0,
          "ID": 1,
          "left": 2
        }
      ],
      "parent": null,
      "ID": 0,
      "left": 1
    },
    "feat": {
      "utility": 0.0035148396244420337,
      "query_shape": [
        [
          "Seq Scan",
          "Hash Join",
          "Sort",
          "Gather Merge",
          "Nested Loop",
          "Aggregate"
        ],
        [
          "Seq Scan",
          "Hash Join",
          "Hash",
          "Sort",
          "Gather Merge",
          "Nested Loop",
          "Aggregate"
        ],
        [
          "Seq Scan",
          "Hash",
          "Hash Join",
          "Sort",
          "Gather Merge",
          "Nested Loop",
          "Aggregate"
        ],
        [
          "Seq Scan",
          "Hash",
          "Hash Join",
          "Sort",
          "Gather Merge",
          "Nested Loop",
          "Aggregate"
        ],
        [
          "Seq Scan",
          "Hash Join",
          "Gather",
          "Materialize",
          "Nested Loop",
          "Aggregate"
        ],
        [
          "Seq Scan",
          "Hash",
          "Hash Join",
          "Gather",
          "Materialize",
          "Nested Loop",
          "Aggregate"
        ],
        [
          "Seq Scan",
          "Hash Join",
          "Hash",
          "Gather",
          "Materialize",
          "Nested Loop",
          "Aggregate"
        ],
        [
          "Seq Scan",
          "Hash",
          "Hash Join",
          "Gather",
          "Materialize",
          "Nested Loop",
          "Aggregate"
        ]
      ],
      "index_shape": [
        "join"
      ],
      "physical_operator": {
        "Nested Loop": [
          0.009634555216934666
        ],
        "Hash Join": [
          7.660998476035106e-05
        ]
      }
    }
  },
  {
    "query": "select   \n     i_item_id\n    ,i_item_desc\n    ,s_store_id\n    ,s_store_name\n    ,stddev_samp(ss_quantity)        as store_sales_quantity\n    ,stddev_samp(sr_return_quantity) as store_returns_quantity\n    ,stddev_samp(cs_quantity)        as catalog_sales_quantity\n from\n    store_sales\n   ,store_returns\n   ,catalog_sales\n   ,date_dim             d1\n   ,date_dim             d2\n   ,date_dim             d3\n   ,store\n   ,item\n where\n     d1.d_moy               = 4 \n and d1.d_year              = 1999\n and d1.d_date_sk           = ss_sold_date_sk\n and i_item_sk              = ss_item_sk\n and s_store_sk             = ss_store_sk\n and ss_customer_sk         = sr_customer_sk\n and ss_item_sk             = sr_item_sk\n and ss_ticket_number       = sr_ticket_number\n and sr_returned_date_sk    = d2.d_date_sk\n and d2.d_moy               between 4 and  4 + 3 \n and d2.d_year              = 1999\n and sr_customer_sk         = cs_bill_customer_sk\n and sr_item_sk             = cs_item_sk\n and cs_sold_date_sk        = d3.d_date_sk     \n and d3.d_year              in (1999,1999+1,1999+2)\n group by\n    i_item_id\n   ,i_item_desc\n   ,s_store_id\n   ,s_store_name\n order by\n    i_item_id \n   ,i_item_desc\n   ,s_store_id\n   ,s_store_name\n limit 100;\n\n-- end query 19 in stream 0 using template query29.tpl\n",
    "indexes": "store_returns.sr_customer_sk",
    "wo plan est": {
      "Node Type": "Limit",
      "Parallel Aware": false,
      "Async Capable": false,
      "Startup Cost": 762542.58,
      "Total Cost": 1221390.95,
      "Plan Rows": 1,
      "Plan Width": 236,
      "Plans": [
        {
          "Node Type": "Aggregate",
          "Strategy": "Sorted",
          "Partial Mode": "Simple",
          "Parent Relationship": "Outer",
          "Parallel Aware": false,
          "Async Capable": false,
          "Startup Cost": 762542.58,
          "Total Cost": 1221390.95,
          "Plan Rows": 1,
          "Plan Width": 236,
          "Group Key": [
            "item.i_item_id",
            "item.i_item_desc",
            "store.s_store_id",
            "store.s_store_name"
          ],
          "Plans": [
            {
              "Node Type": "Nested Loop",
              "Parent Relationship": "Outer",
              "Parallel Aware": false,
              "Async Capable": false,
              "Join Type": "Inner",
              "Startup Cost": 762542.58,
              "Total Cost": 1221390.92,
              "Plan Rows": 1,
              "Plan Width": 152,
              "Inner Unique": false,
              "Join Filter": "((item.i_item_sk = store_returns.sr_item_sk) AND (store_sales.ss_customer_sk = store_returns.sr_customer_sk) AND (store_sales.ss_ticket_number = store_returns.sr_ticket_number))",
              "Plans": [
                {
                  "Node Type": "Gather Merge",
                  "Parent Relationship": "Outer",
                  "Parallel Aware": false,
                  "Async Capable": false,
                  "Startup Cost": 692960.09,
                  "Total Cost": 694214.78,
                  "Plan Rows": 10773,
                  "Plan Width": 160,
                  "Workers Planned": 2,
                  "Plans": [
                    {
                      "Node Type": "Sort",
                      "Parent Relationship": "Outer",
                      "Parallel Aware": false,
                      "Async Capable": false,
                      "Startup Cost": 691960.07,
                      "Total Cost": 691971.29,
                      "Plan Rows": 4489,
                      "Plan Width": 160,
                      "Sort Key": [
                        "item.i_item_id",
                        "item.i_item_desc",
                        "store.s_store_id",
                        "store.s_store_name"
                      ],
                      "Plans": [
                        {
                          "Node Type": "Hash Join",
                          "Parent Relationship": "Outer",
                          "Parallel Aware": true,
                          "Async Capable": false,
                          "Join Type": "Inner",
                          "Startup Cost": 684120.68,
                          "Total Cost": 691687.76,
                          "Plan Rows": 4489,
                          "Plan Width": 160,
                          "Inner Unique": false,
                          "Hash Cond": "(item.i_item_sk = store_sales.ss_item_sk)",
                          "Plans": [
                            {
                              "Node Type": "Seq Scan",
                              "Parent Relationship": "Outer",
                              "Parallel Aware": true,
                              "Async Capable": false,
                              "Relation Name": "item",
                              "Alias": "item",
                              "Startup Cost": 0.0,
                              "Total Cost": 7389.0,
                              "Plan Rows": 42500,
                              "Plan Width": 123,
                              "parent": 5,
                              "ID": 6
                            },
                            {
                              "Node Type": "Hash",
                              "Parent Relationship": "Inner",
                              "Parallel Aware": true,
                              "Async Capable": false,
                              "Startup Cost": 684064.57,
                              "Total Cost": 684064.57,
                              "Plan Rows": 4489,
                              "Plan Width": 37,
                              "Plans": [
                                {
                                  "Node Type": "Hash Join",
                                  "Parent Relationship": "Outer",
                                  "Parallel Aware": false,
                                  "Async Capable": false,
                                  "Join Type": "Inner",
                                  "Startup Cost": 2057.07,
                                  "Total Cost": 684064.57,
                                  "Plan Rows": 4489,
                                  "Plan Width": 37,
                                  "Inner Unique": false,
                                  "Hash Cond": "(store_sales.ss_store_sk = store.s_store_sk)",
                                  "Plans": [
                                    {
                                      "Node Type": "Hash Join",
                                      "Parent Relationship": "Outer",
                                      "Parallel Aware": true,
                                      "Async Capable": false,
                                      "Join Type": "Inner",
                                      "Startup Cost": 2049.78,
                                      "Total Cost": 683994.75,
                                      "Plan Rows": 4703,
                                      "Plan Width": 20,
                                      "Inner Unique": false,
                                      "Hash Cond": "(store_sales.ss_sold_date_sk = d1.d_date_sk)",
                                      "Plans": [
                                        {
                                          "Node Type": "Seq Scan",
                                          "Parent Relationship": "Outer",
                                          "Parallel Aware": true,
                                          "Async Capable": false,
                                          "Relation Name": "store_sales",
                                          "Alias": "store_sales",
                                          "Startup Cost": 0.0,
                                          "Total Cost": 636914.37,
                                          "Plan Rows": 12000637,
                                          "Plan Width": 24,
                                          "parent": 9,
                                          "ID": 10
                                        },
                                        {
                                          "Node Type": "Hash",
                                          "Parent Relationship": "Inner",
                                          "Parallel Aware": true,
                                          "Async Capable": false,
                                          "Startup Cost": 2049.55,
                                          "Total Cost": 2049.55,
                                          "Plan Rows": 18,
                                          "Plan Width": 4,
                                          "Plans": [
                                            {
                                              "Node Type": "Seq Scan",
                                              "Parent Relationship": "Outer",
                                              "Parallel Aware": true,
                                              "Async Capable": false,
                                              "Relation Name": "date_dim",
                                              "Alias": "d1",
                                              "Startup Cost": 0.0,
                                              "Total Cost": 2049.55,
                                              "Plan Rows": 18,
                                              "Plan Width": 4,
                                              "Filter": "((d_moy = 4) AND (d_year = 1999))",
                                              "parent": 11,
                                              "ID": 12
                                            }
                                          ],
                                          "parent": 9,
                                          "ID": 11,
                                          "left": 12
                                        }
                                      ],
                                      "parent": 8,
                                      "ID": 9,
                                      "left": 10,
                                      "right": 11
                                    },
                                    {
                                      "Node Type": "Hash",
                                      "Parent Relationship": "Inner",
                                      "Parallel Aware": false,
                                      "Async Capable": false,
                                      "Startup Cost": 6.02,
                                      "Total Cost": 6.02,
                                      "Plan Rows": 102,
                                      "Plan Width": 25,
                                      "Plans": [
                                        {
                                          "Node Type": "Seq Scan",
                                          "Parent Relationship": "Outer",
                                          "Parallel Aware": false,
                                          "Async Capable": false,
                                          "Relation Name": "store",
                                          "Alias": "store",
                                          "Startup Cost": 0.0,
                                          "Total Cost": 6.02,
                                          "Plan Rows": 102,
                                          "Plan Width": 25,
                                          "parent": 13,
                                          "ID": 14
                                        }
                                      ],
                                      "parent": 8,
                                      "ID": 13,
                                      "left": 14
                                    }
                                  ],
                                  "parent": 7,
                                  "ID": 8,
                                  "left": 9,
                                  "right": 13
                                }
                              ],
                              "parent": 5,
                              "ID": 7,
                              "left": 8
                            }
                          ],
                          "parent": 4,
                          "ID": 5,
                          "left": 6,
                          "right": 7
                        }
                      ],
                      "parent": 3,
                      "ID": 4,
                      "left": 5
                    }
                  ],
                  "parent": 2,
                  "ID": 3,
                  "left": 4
                },
                {
                  "Node Type": "Materialize",
                  "Parent Relationship": "Inner",
                  "Parallel Aware": false,
                  "Async Capable": false,
                  "Startup Cost": 69582.49,
                  "Total Cost": 526960.68,
                  "Plan Rows": 1,
                  "Plan Width": 28,
                  "Plans": [
                    {
                      "Node Type": "Gather",
                      "Parent Relationship": "Outer",
                      "Parallel Aware": false,
                      "Async Capable": false,
                      "Startup Cost": 69582.49,
                      "Total Cost": 526960.67,
                      "Plan Rows": 1,
                      "Plan Width": 28,
                      "Workers Planned": 2,
                      "Single Copy": false,
                      "Plans": [
                        {
                          "Node Type": "Hash Join",
                          "Parent Relationship": "Outer",
                          "Parallel Aware": true,
                          "Async Capable": false,
                          "Join Type": "Inner",
                          "Startup Cost": 68582.49,
                          "Total Cost": 525960.57,
                          "Plan Rows": 1,
                          "Plan Width": 28,
                          "Inner Unique": false,
                          "Hash Cond": "((catalog_sales.cs_item_sk = store_returns.sr_item_sk) AND (catalog_sales.cs_bill_customer_sk = store_returns.sr_customer_sk))",
                          "Plans": [
                            {
                              "Node Type": "Hash Join",
                              "Parent Relationship": "Outer",
                              "Parallel Aware": true,
                              "Async Capable": false,
                              "Join Type": "Inner",
                              "Startup Cost": 2003.83,
                              "Total Cost": 458715.99,
                              "Plan Rows": 88788,
                              "Plan Width": 12,
                              "Inner Unique": false,
                              "Hash Cond": "(catalog_sales.cs_sold_date_sk = d3.d_date_sk)",
                              "Plans": [
                                {
                                  "Node Type": "Seq Scan",
                                  "Parent Relationship": "Outer",
                                  "Parallel Aware": true,
                                  "Async Capable": false,
                                  "Relation Name": "catalog_sales",
                                  "Alias": "catalog_sales",
                                  "Startup Cost": 0.0,
                                  "Total Cost": 433688.25,
                                  "Plan Rows": 6000525,
                                  "Plan Width": 16,
                                  "parent": 18,
                                  "ID": 19
                                },
                                {
                                  "Node Type": "Hash",
                                  "Parent Relationship": "Inner",
                                  "Parallel Aware": true,
                                  "Async Capable": false,
                                  "Startup Cost": 1995.84,
                                  "Total Cost": 1995.84,
                                  "Plan Rows": 639,
                                  "Plan Width": 4,
                                  "Plans": [
                                    {
                                      "Node Type": "Seq Scan",
                                      "Parent Relationship": "Outer",
                                      "Parallel Aware": true,
                                      "Async Capable": false,
                                      "Relation Name": "date_dim",
                                      "Alias": "d3",
                                      "Startup Cost": 0.0,
                                      "Total Cost": 1995.84,
                                      "Plan Rows": 639,
                                      "Plan Width": 4,
                                      "Filter": "(d_year = ANY ('{1999,2000,2001}'::integer[]))",
                                      "parent": 20,
                                      "ID": 21
                                    }
                                  ],
                                  "parent": 18,
                                  "ID": 20,
                                  "left": 21
                                }
                              ],
                              "parent": 17,
                              "ID": 18,
                              "left": 19,
                              "right": 20
                            },
                            {
                              "Node Type": "Hash",
                              "Parent Relationship": "Inner",
                              "Parallel Aware": true,
                              "Async Capable": false,
                              "Startup Cost": 66549.88,
                              "Total Cost": 66549.88,
                              "Plan Rows": 1919,
                              "Plan Width": 16,
                              "Plans": [
                                {
                                  "Node Type": "Hash Join",
                                  "Parent Relationship": "Outer",
                                  "Parallel Aware": true,
                                  "Async Capable": false,
                                  "Join Type": "Inner",
                                  "Startup Cost": 2157.86,
                                  "Total Cost": 66549.88,
                                  "Plan Rows": 1919,
                                  "Plan Width": 16,
                                  "Inner Unique": false,
                                  "Hash Cond": "(store_returns.sr_returned_date_sk = d2.d_date_sk)",
                                  "Plans": [
                                    {
                                      "Node Type": "Seq Scan",
                                      "Parent Relationship": "Outer",
                                      "Parallel Aware": true,
                                      "Async Capable": false,
                                      "Relation Name": "store_returns",
                                      "Alias": "store_returns",
                                      "Startup Cost": 0.0,
                                      "Total Cost": 59887.64,
                                      "Plan Rows": 1198164,
                                      "Plan Width": 20,
                                      "parent": 23,
                                      "ID": 24
                                    },
                                    {
                                      "Node Type": "Hash",
                                      "Parent Relationship": "Inner",
                                      "Parallel Aware": true,
                                      "Async Capable": false,
                                      "Startup Cost": 2156.97,
                                      "Total Cost": 2156.97,
                                      "Plan Rows": 71,
                                      "Plan Width": 4,
                                      "Plans": [
                                        {
                                          "Node Type": "Seq Scan",
                                          "Parent Relationship": "Outer",
                                          "Parallel Aware": true,
                                          "Async Capable": false,
                                          "Relation Name": "date_dim",
                                          "Alias": "d2",
                                          "Startup Cost": 0.0,
                                          "Total Cost": 2156.97,
                                          "Plan Rows": 71,
                                          "Plan Width": 4,
                                          "Filter": "((d_moy >= 4) AND (d_moy <= 7) AND (d_year = 1999))",
                                          "parent": 25,
                                          "ID": 26
                                        }
                                      ],
                                      "parent": 23,
                                      "ID": 25,
                                      "left": 26
                                    }
                                  ],
                                  "parent": 22,
                                  "ID": 23,
                                  "left": 24,
                                  "right": 25
                                }
                              ],
                              "parent": 17,
                              "ID": 22,
                              "left": 23
                            }
                          ],
                          "parent": 16,
                          "ID": 17,
                          "left": 18,
                          "right": 22
                        }
                      ],
                      "parent": 15,
                      "ID": 16,
                      "left": 17
                    }
                  ],
                  "parent": 2,
                  "ID": 15,
                  "left": 16
                }
              ],
              "parent": 1,
              "ID": 2,
              "left": 3,
              "right": 15
            }
          ],
          "parent": 0,
          "ID": 1,
          "left": 2
        }
      ],
      "parent": null,
      "ID": 0,
      "left": 1
    },
    "feat": {
      "utility": 0.0035148396244420337,
      "query_shape": [
        [
          "Seq Scan",
          "Hash Join",
          "Sort",
          "Gather Merge",
          "Nested Loop",
          "Aggregate"
        ],
        [
          "Seq Scan",
          "Hash Join",
          "Hash",
          "Sort",
          "Gather Merge",
          "Nested Loop",
          "Aggregate"
        ],
        [
          "Seq Scan",
          "Hash",
          "Hash Join",
          "Sort",
          "Gather Merge",
          "Nested Loop",
          "Aggregate"
        ],
        [
          "Seq Scan",
          "Hash",
          "Hash Join",
          "Sort",
          "Gather Merge",
          "Nested Loop",
          "Aggregate"
        ],
        [
          "Seq Scan",
          "Hash Join",
          "Gather",
          "Materialize",
          "Nested Loop",
          "Aggregate"
        ],
        [
          "Seq Scan",
          "Hash",
          "Hash Join",
          "Gather",
          "Materialize",
          "Nested Loop",
          "Aggregate"
        ],
        [
          "Seq Scan",
          "Hash Join",
          "Hash",
          "Gather",
          "Materialize",
          "Nested Loop",
          "Aggregate"
        ],
        [
          "Seq Scan",
          "Hash",
          "Hash Join",
          "Gather",
          "Materialize",
          "Nested Loop",
          "Aggregate"
        ]
      ],
      "index_shape": [
        "join"
      ],
      "physical_operator": {
        "Nested Loop": [
          0.009634555216934666
        ],
        "Hash Join": [
          7.660998476035106e-05
        ]
      }
    }
  },
  {
    "query": "select   \n     i_item_id\n    ,i_item_desc\n    ,s_store_id\n    ,s_store_name\n    ,stddev_samp(ss_quantity)        as store_sales_quantity\n    ,stddev_samp(sr_return_quantity) as store_returns_quantity\n    ,stddev_samp(cs_quantity)        as catalog_sales_quantity\n from\n    store_sales\n   ,store_returns\n   ,catalog_sales\n   ,date_dim             d1\n   ,date_dim             d2\n   ,date_dim             d3\n   ,store\n   ,item\n where\n     d1.d_moy               = 4 \n and d1.d_year              = 1999\n and d1.d_date_sk           = ss_sold_date_sk\n and i_item_sk              = ss_item_sk\n and s_store_sk             = ss_store_sk\n and ss_customer_sk         = sr_customer_sk\n and ss_item_sk             = sr_item_sk\n and ss_ticket_number       = sr_ticket_number\n and sr_returned_date_sk    = d2.d_date_sk\n and d2.d_moy               between 4 and  4 + 3 \n and d2.d_year              = 1999\n and sr_customer_sk         = cs_bill_customer_sk\n and sr_item_sk             = cs_item_sk\n and cs_sold_date_sk        = d3.d_date_sk     \n and d3.d_year              in (1999,1999+1,1999+2)\n group by\n    i_item_id\n   ,i_item_desc\n   ,s_store_id\n   ,s_store_name\n order by\n    i_item_id \n   ,i_item_desc\n   ,s_store_id\n   ,s_store_name\n limit 100;\n\n-- end query 19 in stream 0 using template query29.tpl\n",
    "indexes": "store_returns.sr_ticket_number",
    "wo plan est": {
      "Node Type": "Limit",
      "Parallel Aware": false,
      "Async Capable": false,
      "Startup Cost": 762542.58,
      "Total Cost": 1221390.95,
      "Plan Rows": 1,
      "Plan Width": 236,
      "Plans": [
        {
          "Node Type": "Aggregate",
          "Strategy": "Sorted",
          "Partial Mode": "Simple",
          "Parent Relationship": "Outer",
          "Parallel Aware": false,
          "Async Capable": false,
          "Startup Cost": 762542.58,
          "Total Cost": 1221390.95,
          "Plan Rows": 1,
          "Plan Width": 236,
          "Group Key": [
            "item.i_item_id",
            "item.i_item_desc",
            "store.s_store_id",
            "store.s_store_name"
          ],
          "Plans": [
            {
              "Node Type": "Nested Loop",
              "Parent Relationship": "Outer",
              "Parallel Aware": false,
              "Async Capable": false,
              "Join Type": "Inner",
              "Startup Cost": 762542.58,
              "Total Cost": 1221390.92,
              "Plan Rows": 1,
              "Plan Width": 152,
              "Inner Unique": false,
              "Join Filter": "((item.i_item_sk = store_returns.sr_item_sk) AND (store_sales.ss_customer_sk = store_returns.sr_customer_sk) AND (store_sales.ss_ticket_number = store_returns.sr_ticket_number))",
              "Plans": [
                {
                  "Node Type": "Gather Merge",
                  "Parent Relationship": "Outer",
                  "Parallel Aware": false,
                  "Async Capable": false,
                  "Startup Cost": 692960.09,
                  "Total Cost": 694214.78,
                  "Plan Rows": 10773,
                  "Plan Width": 160,
                  "Workers Planned": 2,
                  "Plans": [
                    {
                      "Node Type": "Sort",
                      "Parent Relationship": "Outer",
                      "Parallel Aware": false,
                      "Async Capable": false,
                      "Startup Cost": 691960.07,
                      "Total Cost": 691971.29,
                      "Plan Rows": 4489,
                      "Plan Width": 160,
                      "Sort Key": [
                        "item.i_item_id",
                        "item.i_item_desc",
                        "store.s_store_id",
                        "store.s_store_name"
                      ],
                      "Plans": [
                        {
                          "Node Type": "Hash Join",
                          "Parent Relationship": "Outer",
                          "Parallel Aware": true,
                          "Async Capable": false,
                          "Join Type": "Inner",
                          "Startup Cost": 684120.68,
                          "Total Cost": 691687.76,
                          "Plan Rows": 4489,
                          "Plan Width": 160,
                          "Inner Unique": false,
                          "Hash Cond": "(item.i_item_sk = store_sales.ss_item_sk)",
                          "Plans": [
                            {
                              "Node Type": "Seq Scan",
                              "Parent Relationship": "Outer",
                              "Parallel Aware": true,
                              "Async Capable": false,
                              "Relation Name": "item",
                              "Alias": "item",
                              "Startup Cost": 0.0,
                              "Total Cost": 7389.0,
                              "Plan Rows": 42500,
                              "Plan Width": 123,
                              "parent": 5,
                              "ID": 6
                            },
                            {
                              "Node Type": "Hash",
                              "Parent Relationship": "Inner",
                              "Parallel Aware": true,
                              "Async Capable": false,
                              "Startup Cost": 684064.57,
                              "Total Cost": 684064.57,
                              "Plan Rows": 4489,
                              "Plan Width": 37,
                              "Plans": [
                                {
                                  "Node Type": "Hash Join",
                                  "Parent Relationship": "Outer",
                                  "Parallel Aware": false,
                                  "Async Capable": false,
                                  "Join Type": "Inner",
                                  "Startup Cost": 2057.07,
                                  "Total Cost": 684064.57,
                                  "Plan Rows": 4489,
                                  "Plan Width": 37,
                                  "Inner Unique": false,
                                  "Hash Cond": "(store_sales.ss_store_sk = store.s_store_sk)",
                                  "Plans": [
                                    {
                                      "Node Type": "Hash Join",
                                      "Parent Relationship": "Outer",
                                      "Parallel Aware": true,
                                      "Async Capable": false,
                                      "Join Type": "Inner",
                                      "Startup Cost": 2049.78,
                                      "Total Cost": 683994.75,
                                      "Plan Rows": 4703,
                                      "Plan Width": 20,
                                      "Inner Unique": false,
                                      "Hash Cond": "(store_sales.ss_sold_date_sk = d1.d_date_sk)",
                                      "Plans": [
                                        {
                                          "Node Type": "Seq Scan",
                                          "Parent Relationship": "Outer",
                                          "Parallel Aware": true,
                                          "Async Capable": false,
                                          "Relation Name": "store_sales",
                                          "Alias": "store_sales",
                                          "Startup Cost": 0.0,
                                          "Total Cost": 636914.37,
                                          "Plan Rows": 12000637,
                                          "Plan Width": 24,
                                          "parent": 9,
                                          "ID": 10
                                        },
                                        {
                                          "Node Type": "Hash",
                                          "Parent Relationship": "Inner",
                                          "Parallel Aware": true,
                                          "Async Capable": false,
                                          "Startup Cost": 2049.55,
                                          "Total Cost": 2049.55,
                                          "Plan Rows": 18,
                                          "Plan Width": 4,
                                          "Plans": [
                                            {
                                              "Node Type": "Seq Scan",
                                              "Parent Relationship": "Outer",
                                              "Parallel Aware": true,
                                              "Async Capable": false,
                                              "Relation Name": "date_dim",
                                              "Alias": "d1",
                                              "Startup Cost": 0.0,
                                              "Total Cost": 2049.55,
                                              "Plan Rows": 18,
                                              "Plan Width": 4,
                                              "Filter": "((d_moy = 4) AND (d_year = 1999))",
                                              "parent": 11,
                                              "ID": 12
                                            }
                                          ],
                                          "parent": 9,
                                          "ID": 11,
                                          "left": 12
                                        }
                                      ],
                                      "parent": 8,
                                      "ID": 9,
                                      "left": 10,
                                      "right": 11
                                    },
                                    {
                                      "Node Type": "Hash",
                                      "Parent Relationship": "Inner",
                                      "Parallel Aware": false,
                                      "Async Capable": false,
                                      "Startup Cost": 6.02,
                                      "Total Cost": 6.02,
                                      "Plan Rows": 102,
                                      "Plan Width": 25,
                                      "Plans": [
                                        {
                                          "Node Type": "Seq Scan",
                                          "Parent Relationship": "Outer",
                                          "Parallel Aware": false,
                                          "Async Capable": false,
                                          "Relation Name": "store",
                                          "Alias": "store",
                                          "Startup Cost": 0.0,
                                          "Total Cost": 6.02,
                                          "Plan Rows": 102,
                                          "Plan Width": 25,
                                          "parent": 13,
                                          "ID": 14
                                        }
                                      ],
                                      "parent": 8,
                                      "ID": 13,
                                      "left": 14
                                    }
                                  ],
                                  "parent": 7,
                                  "ID": 8,
                                  "left": 9,
                                  "right": 13
                                }
                              ],
                              "parent": 5,
                              "ID": 7,
                              "left": 8
                            }
                          ],
                          "parent": 4,
                          "ID": 5,
                          "left": 6,
                          "right": 7
                        }
                      ],
                      "parent": 3,
                      "ID": 4,
                      "left": 5
                    }
                  ],
                  "parent": 2,
                  "ID": 3,
                  "left": 4
                },
                {
                  "Node Type": "Materialize",
                  "Parent Relationship": "Inner",
                  "Parallel Aware": false,
                  "Async Capable": false,
                  "Startup Cost": 69582.49,
                  "Total Cost": 526960.68,
                  "Plan Rows": 1,
                  "Plan Width": 28,
                  "Plans": [
                    {
                      "Node Type": "Gather",
                      "Parent Relationship": "Outer",
                      "Parallel Aware": false,
                      "Async Capable": false,
                      "Startup Cost": 69582.49,
                      "Total Cost": 526960.67,
                      "Plan Rows": 1,
                      "Plan Width": 28,
                      "Workers Planned": 2,
                      "Single Copy": false,
                      "Plans": [
                        {
                          "Node Type": "Hash Join",
                          "Parent Relationship": "Outer",
                          "Parallel Aware": true,
                          "Async Capable": false,
                          "Join Type": "Inner",
                          "Startup Cost": 68582.49,
                          "Total Cost": 525960.57,
                          "Plan Rows": 1,
                          "Plan Width": 28,
                          "Inner Unique": false,
                          "Hash Cond": "((catalog_sales.cs_item_sk = store_returns.sr_item_sk) AND (catalog_sales.cs_bill_customer_sk = store_returns.sr_customer_sk))",
                          "Plans": [
                            {
                              "Node Type": "Hash Join",
                              "Parent Relationship": "Outer",
                              "Parallel Aware": true,
                              "Async Capable": false,
                              "Join Type": "Inner",
                              "Startup Cost": 2003.83,
                              "Total Cost": 458715.99,
                              "Plan Rows": 88788,
                              "Plan Width": 12,
                              "Inner Unique": false,
                              "Hash Cond": "(catalog_sales.cs_sold_date_sk = d3.d_date_sk)",
                              "Plans": [
                                {
                                  "Node Type": "Seq Scan",
                                  "Parent Relationship": "Outer",
                                  "Parallel Aware": true,
                                  "Async Capable": false,
                                  "Relation Name": "catalog_sales",
                                  "Alias": "catalog_sales",
                                  "Startup Cost": 0.0,
                                  "Total Cost": 433688.25,
                                  "Plan Rows": 6000525,
                                  "Plan Width": 16,
                                  "parent": 18,
                                  "ID": 19
                                },
                                {
                                  "Node Type": "Hash",
                                  "Parent Relationship": "Inner",
                                  "Parallel Aware": true,
                                  "Async Capable": false,
                                  "Startup Cost": 1995.84,
                                  "Total Cost": 1995.84,
                                  "Plan Rows": 639,
                                  "Plan Width": 4,
                                  "Plans": [
                                    {
                                      "Node Type": "Seq Scan",
                                      "Parent Relationship": "Outer",
                                      "Parallel Aware": true,
                                      "Async Capable": false,
                                      "Relation Name": "date_dim",
                                      "Alias": "d3",
                                      "Startup Cost": 0.0,
                                      "Total Cost": 1995.84,
                                      "Plan Rows": 639,
                                      "Plan Width": 4,
                                      "Filter": "(d_year = ANY ('{1999,2000,2001}'::integer[]))",
                                      "parent": 20,
                                      "ID": 21
                                    }
                                  ],
                                  "parent": 18,
                                  "ID": 20,
                                  "left": 21
                                }
                              ],
                              "parent": 17,
                              "ID": 18,
                              "left": 19,
                              "right": 20
                            },
                            {
                              "Node Type": "Hash",
                              "Parent Relationship": "Inner",
                              "Parallel Aware": true,
                              "Async Capable": false,
                              "Startup Cost": 66549.88,
                              "Total Cost": 66549.88,
                              "Plan Rows": 1919,
                              "Plan Width": 16,
                              "Plans": [
                                {
                                  "Node Type": "Hash Join",
                                  "Parent Relationship": "Outer",
                                  "Parallel Aware": true,
                                  "Async Capable": false,
                                  "Join Type": "Inner",
                                  "Startup Cost": 2157.86,
                                  "Total Cost": 66549.88,
                                  "Plan Rows": 1919,
                                  "Plan Width": 16,
                                  "Inner Unique": false,
                                  "Hash Cond": "(store_returns.sr_returned_date_sk = d2.d_date_sk)",
                                  "Plans": [
                                    {
                                      "Node Type": "Seq Scan",
                                      "Parent Relationship": "Outer",
                                      "Parallel Aware": true,
                                      "Async Capable": false,
                                      "Relation Name": "store_returns",
                                      "Alias": "store_returns",
                                      "Startup Cost": 0.0,
                                      "Total Cost": 59887.64,
                                      "Plan Rows": 1198164,
                                      "Plan Width": 20,
                                      "parent": 23,
                                      "ID": 24
                                    },
                                    {
                                      "Node Type": "Hash",
                                      "Parent Relationship": "Inner",
                                      "Parallel Aware": true,
                                      "Async Capable": false,
                                      "Startup Cost": 2156.97,
                                      "Total Cost": 2156.97,
                                      "Plan Rows": 71,
                                      "Plan Width": 4,
                                      "Plans": [
                                        {
                                          "Node Type": "Seq Scan",
                                          "Parent Relationship": "Outer",
                                          "Parallel Aware": true,
                                          "Async Capable": false,
                                          "Relation Name": "date_dim",
                                          "Alias": "d2",
                                          "Startup Cost": 0.0,
                                          "Total Cost": 2156.97,
                                          "Plan Rows": 71,
                                          "Plan Width": 4,
                                          "Filter": "((d_moy >= 4) AND (d_moy <= 7) AND (d_year = 1999))",
                                          "parent": 25,
                                          "ID": 26
                                        }
                                      ],
                                      "parent": 23,
                                      "ID": 25,
                                      "left": 26
                                    }
                                  ],
                                  "parent": 22,
                                  "ID": 23,
                                  "left": 24,
                                  "right": 25
                                }
                              ],
                              "parent": 17,
                              "ID": 22,
                              "left": 23
                            }
                          ],
                          "parent": 16,
                          "ID": 17,
                          "left": 18,
                          "right": 22
                        }
                      ],
                      "parent": 15,
                      "ID": 16,
                      "left": 17
                    }
                  ],
                  "parent": 2,
                  "ID": 15,
                  "left": 16
                }
              ],
              "parent": 1,
              "ID": 2,
              "left": 3,
              "right": 15
            }
          ],
          "parent": 0,
          "ID": 1,
          "left": 2
        }
      ],
      "parent": null,
      "ID": 0,
      "left": 1
    },
    "feat": {
      "utility": 0.0017489801716917323,
      "query_shape": [
        [
          "Seq Scan",
          "Hash Join",
          "Sort",
          "Gather Merge",
          "Nested Loop",
          "Aggregate"
        ],
        [
          "Seq Scan",
          "Hash Join",
          "Hash",
          "Sort",
          "Gather Merge",
          "Nested Loop",
          "Aggregate"
        ],
        [
          "Seq Scan",
          "Hash",
          "Hash Join",
          "Sort",
          "Gather Merge",
          "Nested Loop",
          "Aggregate"
        ],
        [
          "Seq Scan",
          "Hash",
          "Hash Join",
          "Sort",
          "Gather Merge",
          "Nested Loop",
          "Aggregate"
        ],
        [
          "Seq Scan",
          "Hash Join",
          "Gather",
          "Materialize",
          "Nested Loop",
          "Aggregate"
        ],
        [
          "Seq Scan",
          "Hash",
          "Hash Join",
          "Gather",
          "Materialize",
          "Nested Loop",
          "Aggregate"
        ],
        [
          "Seq Scan",
          "Hash Join",
          "Hash",
          "Gather",
          "Materialize",
          "Nested Loop",
          "Aggregate"
        ],
        [
          "Seq Scan",
          "Hash",
          "Hash Join",
          "Gather",
          "Materialize",
          "Nested Loop",
          "Aggregate"
        ]
      ],
      "index_shape": [
        "join"
      ],
      "physical_operator": {
        "Nested Loop": [
          0.009634555216934666
        ]
      }
    }
  },
  {
    "query": "select   \n     i_item_id\n    ,i_item_desc\n    ,s_store_id\n    ,s_store_name\n    ,stddev_samp(ss_quantity)        as store_sales_quantity\n    ,stddev_samp(sr_return_quantity) as store_returns_quantity\n    ,stddev_samp(cs_quantity)        as catalog_sales_quantity\n from\n    store_sales\n   ,store_returns\n   ,catalog_sales\n   ,date_dim             d1\n   ,date_dim             d2\n   ,date_dim             d3\n   ,store\n   ,item\n where\n     d1.d_moy               = 4 \n and d1.d_year              = 1999\n and d1.d_date_sk           = ss_sold_date_sk\n and i_item_sk              = ss_item_sk\n and s_store_sk             = ss_store_sk\n and ss_customer_sk         = sr_customer_sk\n and ss_item_sk             = sr_item_sk\n and ss_ticket_number       = sr_ticket_number\n and sr_returned_date_sk    = d2.d_date_sk\n and d2.d_moy               between 4 and  4 + 3 \n and d2.d_year              = 1999\n and sr_customer_sk         = cs_bill_customer_sk\n and sr_item_sk             = cs_item_sk\n and cs_sold_date_sk        = d3.d_date_sk     \n and d3.d_year              in (1999,1999+1,1999+2)\n group by\n    i_item_id\n   ,i_item_desc\n   ,s_store_id\n   ,s_store_name\n order by\n    i_item_id \n   ,i_item_desc\n   ,s_store_id\n   ,s_store_name\n limit 100;\n\n-- end query 19 in stream 0 using template query29.tpl\n",
    "indexes": "store_returns.sr_return_quantity",
    "wo plan est": {
      "Node Type": "Limit",
      "Parallel Aware": false,
      "Async Capable": false,
      "Startup Cost": 762542.58,
      "Total Cost": 1221390.95,
      "Plan Rows": 1,
      "Plan Width": 236,
      "Plans": [
        {
          "Node Type": "Aggregate",
          "Strategy": "Sorted",
          "Partial Mode": "Simple",
          "Parent Relationship": "Outer",
          "Parallel Aware": false,
          "Async Capable": false,
          "Startup Cost": 762542.58,
          "Total Cost": 1221390.95,
          "Plan Rows": 1,
          "Plan Width": 236,
          "Group Key": [
            "item.i_item_id",
            "item.i_item_desc",
            "store.s_store_id",
            "store.s_store_name"
          ],
          "Plans": [
            {
              "Node Type": "Nested Loop",
              "Parent Relationship": "Outer",
              "Parallel Aware": false,
              "Async Capable": false,
              "Join Type": "Inner",
              "Startup Cost": 762542.58,
              "Total Cost": 1221390.92,
              "Plan Rows": 1,
              "Plan Width": 152,
              "Inner Unique": false,
              "Join Filter": "((item.i_item_sk = store_returns.sr_item_sk) AND (store_sales.ss_customer_sk = store_returns.sr_customer_sk) AND (store_sales.ss_ticket_number = store_returns.sr_ticket_number))",
              "Plans": [
                {
                  "Node Type": "Gather Merge",
                  "Parent Relationship": "Outer",
                  "Parallel Aware": false,
                  "Async Capable": false,
                  "Startup Cost": 692960.09,
                  "Total Cost": 694214.78,
                  "Plan Rows": 10773,
                  "Plan Width": 160,
                  "Workers Planned": 2,
                  "Plans": [
                    {
                      "Node Type": "Sort",
                      "Parent Relationship": "Outer",
                      "Parallel Aware": false,
                      "Async Capable": false,
                      "Startup Cost": 691960.07,
                      "Total Cost": 691971.29,
                      "Plan Rows": 4489,
                      "Plan Width": 160,
                      "Sort Key": [
                        "item.i_item_id",
                        "item.i_item_desc",
                        "store.s_store_id",
                        "store.s_store_name"
                      ],
                      "Plans": [
                        {
                          "Node Type": "Hash Join",
                          "Parent Relationship": "Outer",
                          "Parallel Aware": true,
                          "Async Capable": false,
                          "Join Type": "Inner",
                          "Startup Cost": 684120.68,
                          "Total Cost": 691687.76,
                          "Plan Rows": 4489,
                          "Plan Width": 160,
                          "Inner Unique": false,
                          "Hash Cond": "(item.i_item_sk = store_sales.ss_item_sk)",
                          "Plans": [
                            {
                              "Node Type": "Seq Scan",
                              "Parent Relationship": "Outer",
                              "Parallel Aware": true,
                              "Async Capable": false,
                              "Relation Name": "item",
                              "Alias": "item",
                              "Startup Cost": 0.0,
                              "Total Cost": 7389.0,
                              "Plan Rows": 42500,
                              "Plan Width": 123,
                              "parent": 5,
                              "ID": 6
                            },
                            {
                              "Node Type": "Hash",
                              "Parent Relationship": "Inner",
                              "Parallel Aware": true,
                              "Async Capable": false,
                              "Startup Cost": 684064.57,
                              "Total Cost": 684064.57,
                              "Plan Rows": 4489,
                              "Plan Width": 37,
                              "Plans": [
                                {
                                  "Node Type": "Hash Join",
                                  "Parent Relationship": "Outer",
                                  "Parallel Aware": false,
                                  "Async Capable": false,
                                  "Join Type": "Inner",
                                  "Startup Cost": 2057.07,
                                  "Total Cost": 684064.57,
                                  "Plan Rows": 4489,
                                  "Plan Width": 37,
                                  "Inner Unique": false,
                                  "Hash Cond": "(store_sales.ss_store_sk = store.s_store_sk)",
                                  "Plans": [
                                    {
                                      "Node Type": "Hash Join",
                                      "Parent Relationship": "Outer",
                                      "Parallel Aware": true,
                                      "Async Capable": false,
                                      "Join Type": "Inner",
                                      "Startup Cost": 2049.78,
                                      "Total Cost": 683994.75,
                                      "Plan Rows": 4703,
                                      "Plan Width": 20,
                                      "Inner Unique": false,
                                      "Hash Cond": "(store_sales.ss_sold_date_sk = d1.d_date_sk)",
                                      "Plans": [
                                        {
                                          "Node Type": "Seq Scan",
                                          "Parent Relationship": "Outer",
                                          "Parallel Aware": true,
                                          "Async Capable": false,
                                          "Relation Name": "store_sales",
                                          "Alias": "store_sales",
                                          "Startup Cost": 0.0,
                                          "Total Cost": 636914.37,
                                          "Plan Rows": 12000637,
                                          "Plan Width": 24,
                                          "parent": 9,
                                          "ID": 10
                                        },
                                        {
                                          "Node Type": "Hash",
                                          "Parent Relationship": "Inner",
                                          "Parallel Aware": true,
                                          "Async Capable": false,
                                          "Startup Cost": 2049.55,
                                          "Total Cost": 2049.55,
                                          "Plan Rows": 18,
                                          "Plan Width": 4,
                                          "Plans": [
                                            {
                                              "Node Type": "Seq Scan",
                                              "Parent Relationship": "Outer",
                                              "Parallel Aware": true,
                                              "Async Capable": false,
                                              "Relation Name": "date_dim",
                                              "Alias": "d1",
                                              "Startup Cost": 0.0,
                                              "Total Cost": 2049.55,
                                              "Plan Rows": 18,
                                              "Plan Width": 4,
                                              "Filter": "((d_moy = 4) AND (d_year = 1999))",
                                              "parent": 11,
                                              "ID": 12
                                            }
                                          ],
                                          "parent": 9,
                                          "ID": 11,
                                          "left": 12
                                        }
                                      ],
                                      "parent": 8,
                                      "ID": 9,
                                      "left": 10,
                                      "right": 11
                                    },
                                    {
                                      "Node Type": "Hash",
                                      "Parent Relationship": "Inner",
                                      "Parallel Aware": false,
                                      "Async Capable": false,
                                      "Startup Cost": 6.02,
                                      "Total Cost": 6.02,
                                      "Plan Rows": 102,
                                      "Plan Width": 25,
                                      "Plans": [
                                        {
                                          "Node Type": "Seq Scan",
                                          "Parent Relationship": "Outer",
                                          "Parallel Aware": false,
                                          "Async Capable": false,
                                          "Relation Name": "store",
                                          "Alias": "store",
                                          "Startup Cost": 0.0,
                                          "Total Cost": 6.02,
                                          "Plan Rows": 102,
                                          "Plan Width": 25,
                                          "parent": 13,
                                          "ID": 14
                                        }
                                      ],
                                      "parent": 8,
                                      "ID": 13,
                                      "left": 14
                                    }
                                  ],
                                  "parent": 7,
                                  "ID": 8,
                                  "left": 9,
                                  "right": 13
                                }
                              ],
                              "parent": 5,
                              "ID": 7,
                              "left": 8
                            }
                          ],
                          "parent": 4,
                          "ID": 5,
                          "left": 6,
                          "right": 7
                        }
                      ],
                      "parent": 3,
                      "ID": 4,
                      "left": 5
                    }
                  ],
                  "parent": 2,
                  "ID": 3,
                  "left": 4
                },
                {
                  "Node Type": "Materialize",
                  "Parent Relationship": "Inner",
                  "Parallel Aware": false,
                  "Async Capable": false,
                  "Startup Cost": 69582.49,
                  "Total Cost": 526960.68,
                  "Plan Rows": 1,
                  "Plan Width": 28,
                  "Plans": [
                    {
                      "Node Type": "Gather",
                      "Parent Relationship": "Outer",
                      "Parallel Aware": false,
                      "Async Capable": false,
                      "Startup Cost": 69582.49,
                      "Total Cost": 526960.67,
                      "Plan Rows": 1,
                      "Plan Width": 28,
                      "Workers Planned": 2,
                      "Single Copy": false,
                      "Plans": [
                        {
                          "Node Type": "Hash Join",
                          "Parent Relationship": "Outer",
                          "Parallel Aware": true,
                          "Async Capable": false,
                          "Join Type": "Inner",
                          "Startup Cost": 68582.49,
                          "Total Cost": 525960.57,
                          "Plan Rows": 1,
                          "Plan Width": 28,
                          "Inner Unique": false,
                          "Hash Cond": "((catalog_sales.cs_item_sk = store_returns.sr_item_sk) AND (catalog_sales.cs_bill_customer_sk = store_returns.sr_customer_sk))",
                          "Plans": [
                            {
                              "Node Type": "Hash Join",
                              "Parent Relationship": "Outer",
                              "Parallel Aware": true,
                              "Async Capable": false,
                              "Join Type": "Inner",
                              "Startup Cost": 2003.83,
                              "Total Cost": 458715.99,
                              "Plan Rows": 88788,
                              "Plan Width": 12,
                              "Inner Unique": false,
                              "Hash Cond": "(catalog_sales.cs_sold_date_sk = d3.d_date_sk)",
                              "Plans": [
                                {
                                  "Node Type": "Seq Scan",
                                  "Parent Relationship": "Outer",
                                  "Parallel Aware": true,
                                  "Async Capable": false,
                                  "Relation Name": "catalog_sales",
                                  "Alias": "catalog_sales",
                                  "Startup Cost": 0.0,
                                  "Total Cost": 433688.25,
                                  "Plan Rows": 6000525,
                                  "Plan Width": 16,
                                  "parent": 18,
                                  "ID": 19
                                },
                                {
                                  "Node Type": "Hash",
                                  "Parent Relationship": "Inner",
                                  "Parallel Aware": true,
                                  "Async Capable": false,
                                  "Startup Cost": 1995.84,
                                  "Total Cost": 1995.84,
                                  "Plan Rows": 639,
                                  "Plan Width": 4,
                                  "Plans": [
                                    {
                                      "Node Type": "Seq Scan",
                                      "Parent Relationship": "Outer",
                                      "Parallel Aware": true,
                                      "Async Capable": false,
                                      "Relation Name": "date_dim",
                                      "Alias": "d3",
                                      "Startup Cost": 0.0,
                                      "Total Cost": 1995.84,
                                      "Plan Rows": 639,
                                      "Plan Width": 4,
                                      "Filter": "(d_year = ANY ('{1999,2000,2001}'::integer[]))",
                                      "parent": 20,
                                      "ID": 21
                                    }
                                  ],
                                  "parent": 18,
                                  "ID": 20,
                                  "left": 21
                                }
                              ],
                              "parent": 17,
                              "ID": 18,
                              "left": 19,
                              "right": 20
                            },
                            {
                              "Node Type": "Hash",
                              "Parent Relationship": "Inner",
                              "Parallel Aware": true,
                              "Async Capable": false,
                              "Startup Cost": 66549.88,
                              "Total Cost": 66549.88,
                              "Plan Rows": 1919,
                              "Plan Width": 16,
                              "Plans": [
                                {
                                  "Node Type": "Hash Join",
                                  "Parent Relationship": "Outer",
                                  "Parallel Aware": true,
                                  "Async Capable": false,
                                  "Join Type": "Inner",
                                  "Startup Cost": 2157.86,
                                  "Total Cost": 66549.88,
                                  "Plan Rows": 1919,
                                  "Plan Width": 16,
                                  "Inner Unique": false,
                                  "Hash Cond": "(store_returns.sr_returned_date_sk = d2.d_date_sk)",
                                  "Plans": [
                                    {
                                      "Node Type": "Seq Scan",
                                      "Parent Relationship": "Outer",
                                      "Parallel Aware": true,
                                      "Async Capable": false,
                                      "Relation Name": "store_returns",
                                      "Alias": "store_returns",
                                      "Startup Cost": 0.0,
                                      "Total Cost": 59887.64,
                                      "Plan Rows": 1198164,
                                      "Plan Width": 20,
                                      "parent": 23,
                                      "ID": 24
                                    },
                                    {
                                      "Node Type": "Hash",
                                      "Parent Relationship": "Inner",
                                      "Parallel Aware": true,
                                      "Async Capable": false,
                                      "Startup Cost": 2156.97,
                                      "Total Cost": 2156.97,
                                      "Plan Rows": 71,
                                      "Plan Width": 4,
                                      "Plans": [
                                        {
                                          "Node Type": "Seq Scan",
                                          "Parent Relationship": "Outer",
                                          "Parallel Aware": true,
                                          "Async Capable": false,
                                          "Relation Name": "date_dim",
                                          "Alias": "d2",
                                          "Startup Cost": 0.0,
                                          "Total Cost": 2156.97,
                                          "Plan Rows": 71,
                                          "Plan Width": 4,
                                          "Filter": "((d_moy >= 4) AND (d_moy <= 7) AND (d_year = 1999))",
                                          "parent": 25,
                                          "ID": 26
                                        }
                                      ],
                                      "parent": 23,
                                      "ID": 25,
                                      "left": 26
                                    }
                                  ],
                                  "parent": 22,
                                  "ID": 23,
                                  "left": 24,
                                  "right": 25
                                }
                              ],
                              "parent": 17,
                              "ID": 22,
                              "left": 23
                            }
                          ],
                          "parent": 16,
                          "ID": 17,
                          "left": 18,
                          "right": 22
                        }
                      ],
                      "parent": 15,
                      "ID": 16,
                      "left": 17
                    }
                  ],
                  "parent": 2,
                  "ID": 15,
                  "left": 16
                }
              ],
              "parent": 1,
              "ID": 2,
              "left": 3,
              "right": 15
            }
          ],
          "parent": 0,
          "ID": 1,
          "left": 2
        }
      ],
      "parent": null,
      "ID": 0,
      "left": 1
    },
    "feat": {
      "utility": 0.0,
      "query_shape": [
        [
          "Seq Scan",
          "Hash Join",
          "Sort",
          "Gather Merge",
          "Nested Loop",
          "Aggregate"
        ],
        [
          "Seq Scan",
          "Hash Join",
          "Hash",
          "Sort",
          "Gather Merge",
          "Nested Loop",
          "Aggregate"
        ],
        [
          "Seq Scan",
          "Hash",
          "Hash Join",
          "Sort",
          "Gather Merge",
          "Nested Loop",
          "Aggregate"
        ],
        [
          "Seq Scan",
          "Hash",
          "Hash Join",
          "Sort",
          "Gather Merge",
          "Nested Loop",
          "Aggregate"
        ],
        [
          "Seq Scan",
          "Hash Join",
          "Gather",
          "Materialize",
          "Nested Loop",
          "Aggregate"
        ],
        [
          "Seq Scan",
          "Hash",
          "Hash Join",
          "Gather",
          "Materialize",
          "Nested Loop",
          "Aggregate"
        ],
        [
          "Seq Scan",
          "Hash Join",
          "Hash",
          "Gather",
          "Materialize",
          "Nested Loop",
          "Aggregate"
        ],
        [
          "Seq Scan",
          "Hash",
          "Hash Join",
          "Gather",
          "Materialize",
          "Nested Loop",
          "Aggregate"
        ]
      ],
      "index_shape": [],
      "physical_operator": {}
    }
  },
  {
    "query": "select   \n     i_item_id\n    ,i_item_desc\n    ,s_store_id\n    ,s_store_name\n    ,stddev_samp(ss_quantity)        as store_sales_quantity\n    ,stddev_samp(sr_return_quantity) as store_returns_quantity\n    ,stddev_samp(cs_quantity)        as catalog_sales_quantity\n from\n    store_sales\n   ,store_returns\n   ,catalog_sales\n   ,date_dim             d1\n   ,date_dim             d2\n   ,date_dim             d3\n   ,store\n   ,item\n where\n     d1.d_moy               = 4 \n and d1.d_year              = 1999\n and d1.d_date_sk           = ss_sold_date_sk\n and i_item_sk              = ss_item_sk\n and s_store_sk             = ss_store_sk\n and ss_customer_sk         = sr_customer_sk\n and ss_item_sk             = sr_item_sk\n and ss_ticket_number       = sr_ticket_number\n and sr_returned_date_sk    = d2.d_date_sk\n and d2.d_moy               between 4 and  4 + 3 \n and d2.d_year              = 1999\n and sr_customer_sk         = cs_bill_customer_sk\n and sr_item_sk             = cs_item_sk\n and cs_sold_date_sk        = d3.d_date_sk     \n and d3.d_year              in (1999,1999+1,1999+2)\n group by\n    i_item_id\n   ,i_item_desc\n   ,s_store_id\n   ,s_store_name\n order by\n    i_item_id \n   ,i_item_desc\n   ,s_store_id\n   ,s_store_name\n limit 100;\n\n-- end query 19 in stream 0 using template query29.tpl\n",
    "indexes": "date_dim.d_year",
    "wo plan est": {
      "Node Type": "Limit",
      "Parallel Aware": false,
      "Async Capable": false,
      "Startup Cost": 762542.58,
      "Total Cost": 1221390.95,
      "Plan Rows": 1,
      "Plan Width": 236,
      "Plans": [
        {
          "Node Type": "Aggregate",
          "Strategy": "Sorted",
          "Partial Mode": "Simple",
          "Parent Relationship": "Outer",
          "Parallel Aware": false,
          "Async Capable": false,
          "Startup Cost": 762542.58,
          "Total Cost": 1221390.95,
          "Plan Rows": 1,
          "Plan Width": 236,
          "Group Key": [
            "item.i_item_id",
            "item.i_item_desc",
            "store.s_store_id",
            "store.s_store_name"
          ],
          "Plans": [
            {
              "Node Type": "Nested Loop",
              "Parent Relationship": "Outer",
              "Parallel Aware": false,
              "Async Capable": false,
              "Join Type": "Inner",
              "Startup Cost": 762542.58,
              "Total Cost": 1221390.92,
              "Plan Rows": 1,
              "Plan Width": 152,
              "Inner Unique": false,
              "Join Filter": "((item.i_item_sk = store_returns.sr_item_sk) AND (store_sales.ss_customer_sk = store_returns.sr_customer_sk) AND (store_sales.ss_ticket_number = store_returns.sr_ticket_number))",
              "Plans": [
                {
                  "Node Type": "Gather Merge",
                  "Parent Relationship": "Outer",
                  "Parallel Aware": false,
                  "Async Capable": false,
                  "Startup Cost": 692960.09,
                  "Total Cost": 694214.78,
                  "Plan Rows": 10773,
                  "Plan Width": 160,
                  "Workers Planned": 2,
                  "Plans": [
                    {
                      "Node Type": "Sort",
                      "Parent Relationship": "Outer",
                      "Parallel Aware": false,
                      "Async Capable": false,
                      "Startup Cost": 691960.07,
                      "Total Cost": 691971.29,
                      "Plan Rows": 4489,
                      "Plan Width": 160,
                      "Sort Key": [
                        "item.i_item_id",
                        "item.i_item_desc",
                        "store.s_store_id",
                        "store.s_store_name"
                      ],
                      "Plans": [
                        {
                          "Node Type": "Hash Join",
                          "Parent Relationship": "Outer",
                          "Parallel Aware": true,
                          "Async Capable": false,
                          "Join Type": "Inner",
                          "Startup Cost": 684120.68,
                          "Total Cost": 691687.76,
                          "Plan Rows": 4489,
                          "Plan Width": 160,
                          "Inner Unique": false,
                          "Hash Cond": "(item.i_item_sk = store_sales.ss_item_sk)",
                          "Plans": [
                            {
                              "Node Type": "Seq Scan",
                              "Parent Relationship": "Outer",
                              "Parallel Aware": true,
                              "Async Capable": false,
                              "Relation Name": "item",
                              "Alias": "item",
                              "Startup Cost": 0.0,
                              "Total Cost": 7389.0,
                              "Plan Rows": 42500,
                              "Plan Width": 123,
                              "parent": 5,
                              "ID": 6
                            },
                            {
                              "Node Type": "Hash",
                              "Parent Relationship": "Inner",
                              "Parallel Aware": true,
                              "Async Capable": false,
                              "Startup Cost": 684064.57,
                              "Total Cost": 684064.57,
                              "Plan Rows": 4489,
                              "Plan Width": 37,
                              "Plans": [
                                {
                                  "Node Type": "Hash Join",
                                  "Parent Relationship": "Outer",
                                  "Parallel Aware": false,
                                  "Async Capable": false,
                                  "Join Type": "Inner",
                                  "Startup Cost": 2057.07,
                                  "Total Cost": 684064.57,
                                  "Plan Rows": 4489,
                                  "Plan Width": 37,
                                  "Inner Unique": false,
                                  "Hash Cond": "(store_sales.ss_store_sk = store.s_store_sk)",
                                  "Plans": [
                                    {
                                      "Node Type": "Hash Join",
                                      "Parent Relationship": "Outer",
                                      "Parallel Aware": true,
                                      "Async Capable": false,
                                      "Join Type": "Inner",
                                      "Startup Cost": 2049.78,
                                      "Total Cost": 683994.75,
                                      "Plan Rows": 4703,
                                      "Plan Width": 20,
                                      "Inner Unique": false,
                                      "Hash Cond": "(store_sales.ss_sold_date_sk = d1.d_date_sk)",
                                      "Plans": [
                                        {
                                          "Node Type": "Seq Scan",
                                          "Parent Relationship": "Outer",
                                          "Parallel Aware": true,
                                          "Async Capable": false,
                                          "Relation Name": "store_sales",
                                          "Alias": "store_sales",
                                          "Startup Cost": 0.0,
                                          "Total Cost": 636914.37,
                                          "Plan Rows": 12000637,
                                          "Plan Width": 24,
                                          "parent": 9,
                                          "ID": 10
                                        },
                                        {
                                          "Node Type": "Hash",
                                          "Parent Relationship": "Inner",
                                          "Parallel Aware": true,
                                          "Async Capable": false,
                                          "Startup Cost": 2049.55,
                                          "Total Cost": 2049.55,
                                          "Plan Rows": 18,
                                          "Plan Width": 4,
                                          "Plans": [
                                            {
                                              "Node Type": "Seq Scan",
                                              "Parent Relationship": "Outer",
                                              "Parallel Aware": true,
                                              "Async Capable": false,
                                              "Relation Name": "date_dim",
                                              "Alias": "d1",
                                              "Startup Cost": 0.0,
                                              "Total Cost": 2049.55,
                                              "Plan Rows": 18,
                                              "Plan Width": 4,
                                              "Filter": "((d_moy = 4) AND (d_year = 1999))",
                                              "parent": 11,
                                              "ID": 12
                                            }
                                          ],
                                          "parent": 9,
                                          "ID": 11,
                                          "left": 12
                                        }
                                      ],
                                      "parent": 8,
                                      "ID": 9,
                                      "left": 10,
                                      "right": 11
                                    },
                                    {
                                      "Node Type": "Hash",
                                      "Parent Relationship": "Inner",
                                      "Parallel Aware": false,
                                      "Async Capable": false,
                                      "Startup Cost": 6.02,
                                      "Total Cost": 6.02,
                                      "Plan Rows": 102,
                                      "Plan Width": 25,
                                      "Plans": [
                                        {
                                          "Node Type": "Seq Scan",
                                          "Parent Relationship": "Outer",
                                          "Parallel Aware": false,
                                          "Async Capable": false,
                                          "Relation Name": "store",
                                          "Alias": "store",
                                          "Startup Cost": 0.0,
                                          "Total Cost": 6.02,
                                          "Plan Rows": 102,
                                          "Plan Width": 25,
                                          "parent": 13,
                                          "ID": 14
                                        }
                                      ],
                                      "parent": 8,
                                      "ID": 13,
                                      "left": 14
                                    }
                                  ],
                                  "parent": 7,
                                  "ID": 8,
                                  "left": 9,
                                  "right": 13
                                }
                              ],
                              "parent": 5,
                              "ID": 7,
                              "left": 8
                            }
                          ],
                          "parent": 4,
                          "ID": 5,
                          "left": 6,
                          "right": 7
                        }
                      ],
                      "parent": 3,
                      "ID": 4,
                      "left": 5
                    }
                  ],
                  "parent": 2,
                  "ID": 3,
                  "left": 4
                },
                {
                  "Node Type": "Materialize",
                  "Parent Relationship": "Inner",
                  "Parallel Aware": false,
                  "Async Capable": false,
                  "Startup Cost": 69582.49,
                  "Total Cost": 526960.68,
                  "Plan Rows": 1,
                  "Plan Width": 28,
                  "Plans": [
                    {
                      "Node Type": "Gather",
                      "Parent Relationship": "Outer",
                      "Parallel Aware": false,
                      "Async Capable": false,
                      "Startup Cost": 69582.49,
                      "Total Cost": 526960.67,
                      "Plan Rows": 1,
                      "Plan Width": 28,
                      "Workers Planned": 2,
                      "Single Copy": false,
                      "Plans": [
                        {
                          "Node Type": "Hash Join",
                          "Parent Relationship": "Outer",
                          "Parallel Aware": true,
                          "Async Capable": false,
                          "Join Type": "Inner",
                          "Startup Cost": 68582.49,
                          "Total Cost": 525960.57,
                          "Plan Rows": 1,
                          "Plan Width": 28,
                          "Inner Unique": false,
                          "Hash Cond": "((catalog_sales.cs_item_sk = store_returns.sr_item_sk) AND (catalog_sales.cs_bill_customer_sk = store_returns.sr_customer_sk))",
                          "Plans": [
                            {
                              "Node Type": "Hash Join",
                              "Parent Relationship": "Outer",
                              "Parallel Aware": true,
                              "Async Capable": false,
                              "Join Type": "Inner",
                              "Startup Cost": 2003.83,
                              "Total Cost": 458715.99,
                              "Plan Rows": 88788,
                              "Plan Width": 12,
                              "Inner Unique": false,
                              "Hash Cond": "(catalog_sales.cs_sold_date_sk = d3.d_date_sk)",
                              "Plans": [
                                {
                                  "Node Type": "Seq Scan",
                                  "Parent Relationship": "Outer",
                                  "Parallel Aware": true,
                                  "Async Capable": false,
                                  "Relation Name": "catalog_sales",
                                  "Alias": "catalog_sales",
                                  "Startup Cost": 0.0,
                                  "Total Cost": 433688.25,
                                  "Plan Rows": 6000525,
                                  "Plan Width": 16,
                                  "parent": 18,
                                  "ID": 19
                                },
                                {
                                  "Node Type": "Hash",
                                  "Parent Relationship": "Inner",
                                  "Parallel Aware": true,
                                  "Async Capable": false,
                                  "Startup Cost": 1995.84,
                                  "Total Cost": 1995.84,
                                  "Plan Rows": 639,
                                  "Plan Width": 4,
                                  "Plans": [
                                    {
                                      "Node Type": "Seq Scan",
                                      "Parent Relationship": "Outer",
                                      "Parallel Aware": true,
                                      "Async Capable": false,
                                      "Relation Name": "date_dim",
                                      "Alias": "d3",
                                      "Startup Cost": 0.0,
                                      "Total Cost": 1995.84,
                                      "Plan Rows": 639,
                                      "Plan Width": 4,
                                      "Filter": "(d_year = ANY ('{1999,2000,2001}'::integer[]))",
                                      "parent": 20,
                                      "ID": 21
                                    }
                                  ],
                                  "parent": 18,
                                  "ID": 20,
                                  "left": 21
                                }
                              ],
                              "parent": 17,
                              "ID": 18,
                              "left": 19,
                              "right": 20
                            },
                            {
                              "Node Type": "Hash",
                              "Parent Relationship": "Inner",
                              "Parallel Aware": true,
                              "Async Capable": false,
                              "Startup Cost": 66549.88,
                              "Total Cost": 66549.88,
                              "Plan Rows": 1919,
                              "Plan Width": 16,
                              "Plans": [
                                {
                                  "Node Type": "Hash Join",
                                  "Parent Relationship": "Outer",
                                  "Parallel Aware": true,
                                  "Async Capable": false,
                                  "Join Type": "Inner",
                                  "Startup Cost": 2157.86,
                                  "Total Cost": 66549.88,
                                  "Plan Rows": 1919,
                                  "Plan Width": 16,
                                  "Inner Unique": false,
                                  "Hash Cond": "(store_returns.sr_returned_date_sk = d2.d_date_sk)",
                                  "Plans": [
                                    {
                                      "Node Type": "Seq Scan",
                                      "Parent Relationship": "Outer",
                                      "Parallel Aware": true,
                                      "Async Capable": false,
                                      "Relation Name": "store_returns",
                                      "Alias": "store_returns",
                                      "Startup Cost": 0.0,
                                      "Total Cost": 59887.64,
                                      "Plan Rows": 1198164,
                                      "Plan Width": 20,
                                      "parent": 23,
                                      "ID": 24
                                    },
                                    {
                                      "Node Type": "Hash",
                                      "Parent Relationship": "Inner",
                                      "Parallel Aware": true,
                                      "Async Capable": false,
                                      "Startup Cost": 2156.97,
                                      "Total Cost": 2156.97,
                                      "Plan Rows": 71,
                                      "Plan Width": 4,
                                      "Plans": [
                                        {
                                          "Node Type": "Seq Scan",
                                          "Parent Relationship": "Outer",
                                          "Parallel Aware": true,
                                          "Async Capable": false,
                                          "Relation Name": "date_dim",
                                          "Alias": "d2",
                                          "Startup Cost": 0.0,
                                          "Total Cost": 2156.97,
                                          "Plan Rows": 71,
                                          "Plan Width": 4,
                                          "Filter": "((d_moy >= 4) AND (d_moy <= 7) AND (d_year = 1999))",
                                          "parent": 25,
                                          "ID": 26
                                        }
                                      ],
                                      "parent": 23,
                                      "ID": 25,
                                      "left": 26
                                    }
                                  ],
                                  "parent": 22,
                                  "ID": 23,
                                  "left": 24,
                                  "right": 25
                                }
                              ],
                              "parent": 17,
                              "ID": 22,
                              "left": 23
                            }
                          ],
                          "parent": 16,
                          "ID": 17,
                          "left": 18,
                          "right": 22
                        }
                      ],
                      "parent": 15,
                      "ID": 16,
                      "left": 17
                    }
                  ],
                  "parent": 2,
                  "ID": 15,
                  "left": 16
                }
              ],
              "parent": 1,
              "ID": 2,
              "left": 3,
              "right": 15
            }
          ],
          "parent": 0,
          "ID": 1,
          "left": 2
        }
      ],
      "parent": null,
      "ID": 0,
      "left": 1
    },
    "feat": {
      "utility": 0.005061687894921451,
      "query_shape": [
        [
          "Seq Scan",
          "Hash Join",
          "Sort",
          "Gather Merge",
          "Nested Loop",
          "Aggregate"
        ],
        [
          "Seq Scan",
          "Hash Join",
          "Hash",
          "Sort",
          "Gather Merge",
          "Nested Loop",
          "Aggregate"
        ],
        [
          "Seq Scan",
          "Hash",
          "Hash Join",
          "Sort",
          "Gather Merge",
          "Nested Loop",
          "Aggregate"
        ],
        [
          "Seq Scan",
          "Hash",
          "Hash Join",
          "Sort",
          "Gather Merge",
          "Nested Loop",
          "Aggregate"
        ],
        [
          "Seq Scan",
          "Hash Join",
          "Gather",
          "Materialize",
          "Nested Loop",
          "Aggregate"
        ],
        [
          "Seq Scan",
          "Hash",
          "Hash Join",
          "Gather",
          "Materialize",
          "Nested Loop",
          "Aggregate"
        ],
        [
          "Seq Scan",
          "Hash Join",
          "Hash",
          "Gather",
          "Materialize",
          "Nested Loop",
          "Aggregate"
        ],
        [
          "Seq Scan",
          "Hash",
          "Hash Join",
          "Gather",
          "Materialize",
          "Nested Loop",
          "Aggregate"
        ]
      ],
      "index_shape": [
        "selection"
      ],
      "physical_operator": {
        "Seq Scan": [
          0.0002464099440101508,
          0.00874755301236152,
          0.0009719503347068725
        ]
      }
    }
  },
  {
    "query": "select   \n     i_item_id\n    ,i_item_desc\n    ,s_store_id\n    ,s_store_name\n    ,stddev_samp(ss_quantity)        as store_sales_quantity\n    ,stddev_samp(sr_return_quantity) as store_returns_quantity\n    ,stddev_samp(cs_quantity)        as catalog_sales_quantity\n from\n    store_sales\n   ,store_returns\n   ,catalog_sales\n   ,date_dim             d1\n   ,date_dim             d2\n   ,date_dim             d3\n   ,store\n   ,item\n where\n     d1.d_moy               = 4 \n and d1.d_year              = 1999\n and d1.d_date_sk           = ss_sold_date_sk\n and i_item_sk              = ss_item_sk\n and s_store_sk             = ss_store_sk\n and ss_customer_sk         = sr_customer_sk\n and ss_item_sk             = sr_item_sk\n and ss_ticket_number       = sr_ticket_number\n and sr_returned_date_sk    = d2.d_date_sk\n and d2.d_moy               between 4 and  4 + 3 \n and d2.d_year              = 1999\n and sr_customer_sk         = cs_bill_customer_sk\n and sr_item_sk             = cs_item_sk\n and cs_sold_date_sk        = d3.d_date_sk     \n and d3.d_year              in (1999,1999+1,1999+2)\n group by\n    i_item_id\n   ,i_item_desc\n   ,s_store_id\n   ,s_store_name\n order by\n    i_item_id \n   ,i_item_desc\n   ,s_store_id\n   ,s_store_name\n limit 100;\n\n-- end query 19 in stream 0 using template query29.tpl\n",
    "indexes": "date_dim.d_moy",
    "wo plan est": {
      "Node Type": "Limit",
      "Parallel Aware": false,
      "Async Capable": false,
      "Startup Cost": 762542.58,
      "Total Cost": 1221390.95,
      "Plan Rows": 1,
      "Plan Width": 236,
      "Plans": [
        {
          "Node Type": "Aggregate",
          "Strategy": "Sorted",
          "Partial Mode": "Simple",
          "Parent Relationship": "Outer",
          "Parallel Aware": false,
          "Async Capable": false,
          "Startup Cost": 762542.58,
          "Total Cost": 1221390.95,
          "Plan Rows": 1,
          "Plan Width": 236,
          "Group Key": [
            "item.i_item_id",
            "item.i_item_desc",
            "store.s_store_id",
            "store.s_store_name"
          ],
          "Plans": [
            {
              "Node Type": "Nested Loop",
              "Parent Relationship": "Outer",
              "Parallel Aware": false,
              "Async Capable": false,
              "Join Type": "Inner",
              "Startup Cost": 762542.58,
              "Total Cost": 1221390.92,
              "Plan Rows": 1,
              "Plan Width": 152,
              "Inner Unique": false,
              "Join Filter": "((item.i_item_sk = store_returns.sr_item_sk) AND (store_sales.ss_customer_sk = store_returns.sr_customer_sk) AND (store_sales.ss_ticket_number = store_returns.sr_ticket_number))",
              "Plans": [
                {
                  "Node Type": "Gather Merge",
                  "Parent Relationship": "Outer",
                  "Parallel Aware": false,
                  "Async Capable": false,
                  "Startup Cost": 692960.09,
                  "Total Cost": 694214.78,
                  "Plan Rows": 10773,
                  "Plan Width": 160,
                  "Workers Planned": 2,
                  "Plans": [
                    {
                      "Node Type": "Sort",
                      "Parent Relationship": "Outer",
                      "Parallel Aware": false,
                      "Async Capable": false,
                      "Startup Cost": 691960.07,
                      "Total Cost": 691971.29,
                      "Plan Rows": 4489,
                      "Plan Width": 160,
                      "Sort Key": [
                        "item.i_item_id",
                        "item.i_item_desc",
                        "store.s_store_id",
                        "store.s_store_name"
                      ],
                      "Plans": [
                        {
                          "Node Type": "Hash Join",
                          "Parent Relationship": "Outer",
                          "Parallel Aware": true,
                          "Async Capable": false,
                          "Join Type": "Inner",
                          "Startup Cost": 684120.68,
                          "Total Cost": 691687.76,
                          "Plan Rows": 4489,
                          "Plan Width": 160,
                          "Inner Unique": false,
                          "Hash Cond": "(item.i_item_sk = store_sales.ss_item_sk)",
                          "Plans": [
                            {
                              "Node Type": "Seq Scan",
                              "Parent Relationship": "Outer",
                              "Parallel Aware": true,
                              "Async Capable": false,
                              "Relation Name": "item",
                              "Alias": "item",
                              "Startup Cost": 0.0,
                              "Total Cost": 7389.0,
                              "Plan Rows": 42500,
                              "Plan Width": 123,
                              "parent": 5,
                              "ID": 6
                            },
                            {
                              "Node Type": "Hash",
                              "Parent Relationship": "Inner",
                              "Parallel Aware": true,
                              "Async Capable": false,
                              "Startup Cost": 684064.57,
                              "Total Cost": 684064.57,
                              "Plan Rows": 4489,
                              "Plan Width": 37,
                              "Plans": [
                                {
                                  "Node Type": "Hash Join",
                                  "Parent Relationship": "Outer",
                                  "Parallel Aware": false,
                                  "Async Capable": false,
                                  "Join Type": "Inner",
                                  "Startup Cost": 2057.07,
                                  "Total Cost": 684064.57,
                                  "Plan Rows": 4489,
                                  "Plan Width": 37,
                                  "Inner Unique": false,
                                  "Hash Cond": "(store_sales.ss_store_sk = store.s_store_sk)",
                                  "Plans": [
                                    {
                                      "Node Type": "Hash Join",
                                      "Parent Relationship": "Outer",
                                      "Parallel Aware": true,
                                      "Async Capable": false,
                                      "Join Type": "Inner",
                                      "Startup Cost": 2049.78,
                                      "Total Cost": 683994.75,
                                      "Plan Rows": 4703,
                                      "Plan Width": 20,
                                      "Inner Unique": false,
                                      "Hash Cond": "(store_sales.ss_sold_date_sk = d1.d_date_sk)",
                                      "Plans": [
                                        {
                                          "Node Type": "Seq Scan",
                                          "Parent Relationship": "Outer",
                                          "Parallel Aware": true,
                                          "Async Capable": false,
                                          "Relation Name": "store_sales",
                                          "Alias": "store_sales",
                                          "Startup Cost": 0.0,
                                          "Total Cost": 636914.37,
                                          "Plan Rows": 12000637,
                                          "Plan Width": 24,
                                          "parent": 9,
                                          "ID": 10
                                        },
                                        {
                                          "Node Type": "Hash",
                                          "Parent Relationship": "Inner",
                                          "Parallel Aware": true,
                                          "Async Capable": false,
                                          "Startup Cost": 2049.55,
                                          "Total Cost": 2049.55,
                                          "Plan Rows": 18,
                                          "Plan Width": 4,
                                          "Plans": [
                                            {
                                              "Node Type": "Seq Scan",
                                              "Parent Relationship": "Outer",
                                              "Parallel Aware": true,
                                              "Async Capable": false,
                                              "Relation Name": "date_dim",
                                              "Alias": "d1",
                                              "Startup Cost": 0.0,
                                              "Total Cost": 2049.55,
                                              "Plan Rows": 18,
                                              "Plan Width": 4,
                                              "Filter": "((d_moy = 4) AND (d_year = 1999))",
                                              "parent": 11,
                                              "ID": 12
                                            }
                                          ],
                                          "parent": 9,
                                          "ID": 11,
                                          "left": 12
                                        }
                                      ],
                                      "parent": 8,
                                      "ID": 9,
                                      "left": 10,
                                      "right": 11
                                    },
                                    {
                                      "Node Type": "Hash",
                                      "Parent Relationship": "Inner",
                                      "Parallel Aware": false,
                                      "Async Capable": false,
                                      "Startup Cost": 6.02,
                                      "Total Cost": 6.02,
                                      "Plan Rows": 102,
                                      "Plan Width": 25,
                                      "Plans": [
                                        {
                                          "Node Type": "Seq Scan",
                                          "Parent Relationship": "Outer",
                                          "Parallel Aware": false,
                                          "Async Capable": false,
                                          "Relation Name": "store",
                                          "Alias": "store",
                                          "Startup Cost": 0.0,
                                          "Total Cost": 6.02,
                                          "Plan Rows": 102,
                                          "Plan Width": 25,
                                          "parent": 13,
                                          "ID": 14
                                        }
                                      ],
                                      "parent": 8,
                                      "ID": 13,
                                      "left": 14
                                    }
                                  ],
                                  "parent": 7,
                                  "ID": 8,
                                  "left": 9,
                                  "right": 13
                                }
                              ],
                              "parent": 5,
                              "ID": 7,
                              "left": 8
                            }
                          ],
                          "parent": 4,
                          "ID": 5,
                          "left": 6,
                          "right": 7
                        }
                      ],
                      "parent": 3,
                      "ID": 4,
                      "left": 5
                    }
                  ],
                  "parent": 2,
                  "ID": 3,
                  "left": 4
                },
                {
                  "Node Type": "Materialize",
                  "Parent Relationship": "Inner",
                  "Parallel Aware": false,
                  "Async Capable": false,
                  "Startup Cost": 69582.49,
                  "Total Cost": 526960.68,
                  "Plan Rows": 1,
                  "Plan Width": 28,
                  "Plans": [
                    {
                      "Node Type": "Gather",
                      "Parent Relationship": "Outer",
                      "Parallel Aware": false,
                      "Async Capable": false,
                      "Startup Cost": 69582.49,
                      "Total Cost": 526960.67,
                      "Plan Rows": 1,
                      "Plan Width": 28,
                      "Workers Planned": 2,
                      "Single Copy": false,
                      "Plans": [
                        {
                          "Node Type": "Hash Join",
                          "Parent Relationship": "Outer",
                          "Parallel Aware": true,
                          "Async Capable": false,
                          "Join Type": "Inner",
                          "Startup Cost": 68582.49,
                          "Total Cost": 525960.57,
                          "Plan Rows": 1,
                          "Plan Width": 28,
                          "Inner Unique": false,
                          "Hash Cond": "((catalog_sales.cs_item_sk = store_returns.sr_item_sk) AND (catalog_sales.cs_bill_customer_sk = store_returns.sr_customer_sk))",
                          "Plans": [
                            {
                              "Node Type": "Hash Join",
                              "Parent Relationship": "Outer",
                              "Parallel Aware": true,
                              "Async Capable": false,
                              "Join Type": "Inner",
                              "Startup Cost": 2003.83,
                              "Total Cost": 458715.99,
                              "Plan Rows": 88788,
                              "Plan Width": 12,
                              "Inner Unique": false,
                              "Hash Cond": "(catalog_sales.cs_sold_date_sk = d3.d_date_sk)",
                              "Plans": [
                                {
                                  "Node Type": "Seq Scan",
                                  "Parent Relationship": "Outer",
                                  "Parallel Aware": true,
                                  "Async Capable": false,
                                  "Relation Name": "catalog_sales",
                                  "Alias": "catalog_sales",
                                  "Startup Cost": 0.0,
                                  "Total Cost": 433688.25,
                                  "Plan Rows": 6000525,
                                  "Plan Width": 16,
                                  "parent": 18,
                                  "ID": 19
                                },
                                {
                                  "Node Type": "Hash",
                                  "Parent Relationship": "Inner",
                                  "Parallel Aware": true,
                                  "Async Capable": false,
                                  "Startup Cost": 1995.84,
                                  "Total Cost": 1995.84,
                                  "Plan Rows": 639,
                                  "Plan Width": 4,
                                  "Plans": [
                                    {
                                      "Node Type": "Seq Scan",
                                      "Parent Relationship": "Outer",
                                      "Parallel Aware": true,
                                      "Async Capable": false,
                                      "Relation Name": "date_dim",
                                      "Alias": "d3",
                                      "Startup Cost": 0.0,
                                      "Total Cost": 1995.84,
                                      "Plan Rows": 639,
                                      "Plan Width": 4,
                                      "Filter": "(d_year = ANY ('{1999,2000,2001}'::integer[]))",
                                      "parent": 20,
                                      "ID": 21
                                    }
                                  ],
                                  "parent": 18,
                                  "ID": 20,
                                  "left": 21
                                }
                              ],
                              "parent": 17,
                              "ID": 18,
                              "left": 19,
                              "right": 20
                            },
                            {
                              "Node Type": "Hash",
                              "Parent Relationship": "Inner",
                              "Parallel Aware": true,
                              "Async Capable": false,
                              "Startup Cost": 66549.88,
                              "Total Cost": 66549.88,
                              "Plan Rows": 1919,
                              "Plan Width": 16,
                              "Plans": [
                                {
                                  "Node Type": "Hash Join",
                                  "Parent Relationship": "Outer",
                                  "Parallel Aware": true,
                                  "Async Capable": false,
                                  "Join Type": "Inner",
                                  "Startup Cost": 2157.86,
                                  "Total Cost": 66549.88,
                                  "Plan Rows": 1919,
                                  "Plan Width": 16,
                                  "Inner Unique": false,
                                  "Hash Cond": "(store_returns.sr_returned_date_sk = d2.d_date_sk)",
                                  "Plans": [
                                    {
                                      "Node Type": "Seq Scan",
                                      "Parent Relationship": "Outer",
                                      "Parallel Aware": true,
                                      "Async Capable": false,
                                      "Relation Name": "store_returns",
                                      "Alias": "store_returns",
                                      "Startup Cost": 0.0,
                                      "Total Cost": 59887.64,
                                      "Plan Rows": 1198164,
                                      "Plan Width": 20,
                                      "parent": 23,
                                      "ID": 24
                                    },
                                    {
                                      "Node Type": "Hash",
                                      "Parent Relationship": "Inner",
                                      "Parallel Aware": true,
                                      "Async Capable": false,
                                      "Startup Cost": 2156.97,
                                      "Total Cost": 2156.97,
                                      "Plan Rows": 71,
                                      "Plan Width": 4,
                                      "Plans": [
                                        {
                                          "Node Type": "Seq Scan",
                                          "Parent Relationship": "Outer",
                                          "Parallel Aware": true,
                                          "Async Capable": false,
                                          "Relation Name": "date_dim",
                                          "Alias": "d2",
                                          "Startup Cost": 0.0,
                                          "Total Cost": 2156.97,
                                          "Plan Rows": 71,
                                          "Plan Width": 4,
                                          "Filter": "((d_moy >= 4) AND (d_moy <= 7) AND (d_year = 1999))",
                                          "parent": 25,
                                          "ID": 26
                                        }
                                      ],
                                      "parent": 23,
                                      "ID": 25,
                                      "left": 26
                                    }
                                  ],
                                  "parent": 22,
                                  "ID": 23,
                                  "left": 24,
                                  "right": 25
                                }
                              ],
                              "parent": 17,
                              "ID": 22,
                              "left": 23
                            }
                          ],
                          "parent": 16,
                          "ID": 17,
                          "left": 18,
                          "right": 22
                        }
                      ],
                      "parent": 15,
                      "ID": 16,
                      "left": 17
                    }
                  ],
                  "parent": 2,
                  "ID": 15,
                  "left": 16
                }
              ],
              "parent": 1,
              "ID": 2,
              "left": 3,
              "right": 15
            }
          ],
          "parent": 0,
          "ID": 1,
          "left": 2
        }
      ],
      "parent": null,
      "ID": 0,
      "left": 1
    },
    "feat": {
      "utility": 0.003441910637037062,
      "query_shape": [
        [
          "Seq Scan",
          "Hash Join",
          "Sort",
          "Gather Merge",
          "Nested Loop",
          "Aggregate"
        ],
        [
          "Seq Scan",
          "Hash Join",
          "Hash",
          "Sort",
          "Gather Merge",
          "Nested Loop",
          "Aggregate"
        ],
        [
          "Seq Scan",
          "Hash",
          "Hash Join",
          "Sort",
          "Gather Merge",
          "Nested Loop",
          "Aggregate"
        ],
        [
          "Seq Scan",
          "Hash",
          "Hash Join",
          "Sort",
          "Gather Merge",
          "Nested Loop",
          "Aggregate"
        ],
        [
          "Seq Scan",
          "Hash Join",
          "Gather",
          "Materialize",
          "Nested Loop",
          "Aggregate"
        ],
        [
          "Seq Scan",
          "Hash",
          "Hash Join",
          "Gather",
          "Materialize",
          "Nested Loop",
          "Aggregate"
        ],
        [
          "Seq Scan",
          "Hash Join",
          "Hash",
          "Gather",
          "Materialize",
          "Nested Loop",
          "Aggregate"
        ],
        [
          "Seq Scan",
          "Hash",
          "Hash Join",
          "Gather",
          "Materialize",
          "Nested Loop",
          "Aggregate"
        ]
      ],
      "index_shape": [
        "selection"
      ],
      "physical_operator": {
        "Seq Scan": [
          0.0002464099440101508,
          0.0009719503347068725
        ]
      }
    }
  },
  {
    "query": "select   \n     i_item_id\n    ,i_item_desc\n    ,s_store_id\n    ,s_store_name\n    ,stddev_samp(ss_quantity)        as store_sales_quantity\n    ,stddev_samp(sr_return_quantity) as store_returns_quantity\n    ,stddev_samp(cs_quantity)        as catalog_sales_quantity\n from\n    store_sales\n   ,store_returns\n   ,catalog_sales\n   ,date_dim             d1\n   ,date_dim             d2\n   ,date_dim             d3\n   ,store\n   ,item\n where\n     d1.d_moy               = 4 \n and d1.d_year              = 1999\n and d1.d_date_sk           = ss_sold_date_sk\n and i_item_sk              = ss_item_sk\n and s_store_sk             = ss_store_sk\n and ss_customer_sk         = sr_customer_sk\n and ss_item_sk             = sr_item_sk\n and ss_ticket_number       = sr_ticket_number\n and sr_returned_date_sk    = d2.d_date_sk\n and d2.d_moy               between 4 and  4 + 3 \n and d2.d_year              = 1999\n and sr_customer_sk         = cs_bill_customer_sk\n and sr_item_sk             = cs_item_sk\n and cs_sold_date_sk        = d3.d_date_sk     \n and d3.d_year              in (1999,1999+1,1999+2)\n group by\n    i_item_id\n   ,i_item_desc\n   ,s_store_id\n   ,s_store_name\n order by\n    i_item_id \n   ,i_item_desc\n   ,s_store_id\n   ,s_store_name\n limit 100;\n\n-- end query 19 in stream 0 using template query29.tpl\n",
    "indexes": "date_dim.d_date_sk",
    "wo plan est": {
      "Node Type": "Limit",
      "Parallel Aware": false,
      "Async Capable": false,
      "Startup Cost": 762542.58,
      "Total Cost": 1221390.95,
      "Plan Rows": 1,
      "Plan Width": 236,
      "Plans": [
        {
          "Node Type": "Aggregate",
          "Strategy": "Sorted",
          "Partial Mode": "Simple",
          "Parent Relationship": "Outer",
          "Parallel Aware": false,
          "Async Capable": false,
          "Startup Cost": 762542.58,
          "Total Cost": 1221390.95,
          "Plan Rows": 1,
          "Plan Width": 236,
          "Group Key": [
            "item.i_item_id",
            "item.i_item_desc",
            "store.s_store_id",
            "store.s_store_name"
          ],
          "Plans": [
            {
              "Node Type": "Nested Loop",
              "Parent Relationship": "Outer",
              "Parallel Aware": false,
              "Async Capable": false,
              "Join Type": "Inner",
              "Startup Cost": 762542.58,
              "Total Cost": 1221390.92,
              "Plan Rows": 1,
              "Plan Width": 152,
              "Inner Unique": false,
              "Join Filter": "((item.i_item_sk = store_returns.sr_item_sk) AND (store_sales.ss_customer_sk = store_returns.sr_customer_sk) AND (store_sales.ss_ticket_number = store_returns.sr_ticket_number))",
              "Plans": [
                {
                  "Node Type": "Gather Merge",
                  "Parent Relationship": "Outer",
                  "Parallel Aware": false,
                  "Async Capable": false,
                  "Startup Cost": 692960.09,
                  "Total Cost": 694214.78,
                  "Plan Rows": 10773,
                  "Plan Width": 160,
                  "Workers Planned": 2,
                  "Plans": [
                    {
                      "Node Type": "Sort",
                      "Parent Relationship": "Outer",
                      "Parallel Aware": false,
                      "Async Capable": false,
                      "Startup Cost": 691960.07,
                      "Total Cost": 691971.29,
                      "Plan Rows": 4489,
                      "Plan Width": 160,
                      "Sort Key": [
                        "item.i_item_id",
                        "item.i_item_desc",
                        "store.s_store_id",
                        "store.s_store_name"
                      ],
                      "Plans": [
                        {
                          "Node Type": "Hash Join",
                          "Parent Relationship": "Outer",
                          "Parallel Aware": true,
                          "Async Capable": false,
                          "Join Type": "Inner",
                          "Startup Cost": 684120.68,
                          "Total Cost": 691687.76,
                          "Plan Rows": 4489,
                          "Plan Width": 160,
                          "Inner Unique": false,
                          "Hash Cond": "(item.i_item_sk = store_sales.ss_item_sk)",
                          "Plans": [
                            {
                              "Node Type": "Seq Scan",
                              "Parent Relationship": "Outer",
                              "Parallel Aware": true,
                              "Async Capable": false,
                              "Relation Name": "item",
                              "Alias": "item",
                              "Startup Cost": 0.0,
                              "Total Cost": 7389.0,
                              "Plan Rows": 42500,
                              "Plan Width": 123,
                              "parent": 5,
                              "ID": 6
                            },
                            {
                              "Node Type": "Hash",
                              "Parent Relationship": "Inner",
                              "Parallel Aware": true,
                              "Async Capable": false,
                              "Startup Cost": 684064.57,
                              "Total Cost": 684064.57,
                              "Plan Rows": 4489,
                              "Plan Width": 37,
                              "Plans": [
                                {
                                  "Node Type": "Hash Join",
                                  "Parent Relationship": "Outer",
                                  "Parallel Aware": false,
                                  "Async Capable": false,
                                  "Join Type": "Inner",
                                  "Startup Cost": 2057.07,
                                  "Total Cost": 684064.57,
                                  "Plan Rows": 4489,
                                  "Plan Width": 37,
                                  "Inner Unique": false,
                                  "Hash Cond": "(store_sales.ss_store_sk = store.s_store_sk)",
                                  "Plans": [
                                    {
                                      "Node Type": "Hash Join",
                                      "Parent Relationship": "Outer",
                                      "Parallel Aware": true,
                                      "Async Capable": false,
                                      "Join Type": "Inner",
                                      "Startup Cost": 2049.78,
                                      "Total Cost": 683994.75,
                                      "Plan Rows": 4703,
                                      "Plan Width": 20,
                                      "Inner Unique": false,
                                      "Hash Cond": "(store_sales.ss_sold_date_sk = d1.d_date_sk)",
                                      "Plans": [
                                        {
                                          "Node Type": "Seq Scan",
                                          "Parent Relationship": "Outer",
                                          "Parallel Aware": true,
                                          "Async Capable": false,
                                          "Relation Name": "store_sales",
                                          "Alias": "store_sales",
                                          "Startup Cost": 0.0,
                                          "Total Cost": 636914.37,
                                          "Plan Rows": 12000637,
                                          "Plan Width": 24,
                                          "parent": 9,
                                          "ID": 10
                                        },
                                        {
                                          "Node Type": "Hash",
                                          "Parent Relationship": "Inner",
                                          "Parallel Aware": true,
                                          "Async Capable": false,
                                          "Startup Cost": 2049.55,
                                          "Total Cost": 2049.55,
                                          "Plan Rows": 18,
                                          "Plan Width": 4,
                                          "Plans": [
                                            {
                                              "Node Type": "Seq Scan",
                                              "Parent Relationship": "Outer",
                                              "Parallel Aware": true,
                                              "Async Capable": false,
                                              "Relation Name": "date_dim",
                                              "Alias": "d1",
                                              "Startup Cost": 0.0,
                                              "Total Cost": 2049.55,
                                              "Plan Rows": 18,
                                              "Plan Width": 4,
                                              "Filter": "((d_moy = 4) AND (d_year = 1999))",
                                              "parent": 11,
                                              "ID": 12
                                            }
                                          ],
                                          "parent": 9,
                                          "ID": 11,
                                          "left": 12
                                        }
                                      ],
                                      "parent": 8,
                                      "ID": 9,
                                      "left": 10,
                                      "right": 11
                                    },
                                    {
                                      "Node Type": "Hash",
                                      "Parent Relationship": "Inner",
                                      "Parallel Aware": false,
                                      "Async Capable": false,
                                      "Startup Cost": 6.02,
                                      "Total Cost": 6.02,
                                      "Plan Rows": 102,
                                      "Plan Width": 25,
                                      "Plans": [
                                        {
                                          "Node Type": "Seq Scan",
                                          "Parent Relationship": "Outer",
                                          "Parallel Aware": false,
                                          "Async Capable": false,
                                          "Relation Name": "store",
                                          "Alias": "store",
                                          "Startup Cost": 0.0,
                                          "Total Cost": 6.02,
                                          "Plan Rows": 102,
                                          "Plan Width": 25,
                                          "parent": 13,
                                          "ID": 14
                                        }
                                      ],
                                      "parent": 8,
                                      "ID": 13,
                                      "left": 14
                                    }
                                  ],
                                  "parent": 7,
                                  "ID": 8,
                                  "left": 9,
                                  "right": 13
                                }
                              ],
                              "parent": 5,
                              "ID": 7,
                              "left": 8
                            }
                          ],
                          "parent": 4,
                          "ID": 5,
                          "left": 6,
                          "right": 7
                        }
                      ],
                      "parent": 3,
                      "ID": 4,
                      "left": 5
                    }
                  ],
                  "parent": 2,
                  "ID": 3,
                  "left": 4
                },
                {
                  "Node Type": "Materialize",
                  "Parent Relationship": "Inner",
                  "Parallel Aware": false,
                  "Async Capable": false,
                  "Startup Cost": 69582.49,
                  "Total Cost": 526960.68,
                  "Plan Rows": 1,
                  "Plan Width": 28,
                  "Plans": [
                    {
                      "Node Type": "Gather",
                      "Parent Relationship": "Outer",
                      "Parallel Aware": false,
                      "Async Capable": false,
                      "Startup Cost": 69582.49,
                      "Total Cost": 526960.67,
                      "Plan Rows": 1,
                      "Plan Width": 28,
                      "Workers Planned": 2,
                      "Single Copy": false,
                      "Plans": [
                        {
                          "Node Type": "Hash Join",
                          "Parent Relationship": "Outer",
                          "Parallel Aware": true,
                          "Async Capable": false,
                          "Join Type": "Inner",
                          "Startup Cost": 68582.49,
                          "Total Cost": 525960.57,
                          "Plan Rows": 1,
                          "Plan Width": 28,
                          "Inner Unique": false,
                          "Hash Cond": "((catalog_sales.cs_item_sk = store_returns.sr_item_sk) AND (catalog_sales.cs_bill_customer_sk = store_returns.sr_customer_sk))",
                          "Plans": [
                            {
                              "Node Type": "Hash Join",
                              "Parent Relationship": "Outer",
                              "Parallel Aware": true,
                              "Async Capable": false,
                              "Join Type": "Inner",
                              "Startup Cost": 2003.83,
                              "Total Cost": 458715.99,
                              "Plan Rows": 88788,
                              "Plan Width": 12,
                              "Inner Unique": false,
                              "Hash Cond": "(catalog_sales.cs_sold_date_sk = d3.d_date_sk)",
                              "Plans": [
                                {
                                  "Node Type": "Seq Scan",
                                  "Parent Relationship": "Outer",
                                  "Parallel Aware": true,
                                  "Async Capable": false,
                                  "Relation Name": "catalog_sales",
                                  "Alias": "catalog_sales",
                                  "Startup Cost": 0.0,
                                  "Total Cost": 433688.25,
                                  "Plan Rows": 6000525,
                                  "Plan Width": 16,
                                  "parent": 18,
                                  "ID": 19
                                },
                                {
                                  "Node Type": "Hash",
                                  "Parent Relationship": "Inner",
                                  "Parallel Aware": true,
                                  "Async Capable": false,
                                  "Startup Cost": 1995.84,
                                  "Total Cost": 1995.84,
                                  "Plan Rows": 639,
                                  "Plan Width": 4,
                                  "Plans": [
                                    {
                                      "Node Type": "Seq Scan",
                                      "Parent Relationship": "Outer",
                                      "Parallel Aware": true,
                                      "Async Capable": false,
                                      "Relation Name": "date_dim",
                                      "Alias": "d3",
                                      "Startup Cost": 0.0,
                                      "Total Cost": 1995.84,
                                      "Plan Rows": 639,
                                      "Plan Width": 4,
                                      "Filter": "(d_year = ANY ('{1999,2000,2001}'::integer[]))",
                                      "parent": 20,
                                      "ID": 21
                                    }
                                  ],
                                  "parent": 18,
                                  "ID": 20,
                                  "left": 21
                                }
                              ],
                              "parent": 17,
                              "ID": 18,
                              "left": 19,
                              "right": 20
                            },
                            {
                              "Node Type": "Hash",
                              "Parent Relationship": "Inner",
                              "Parallel Aware": true,
                              "Async Capable": false,
                              "Startup Cost": 66549.88,
                              "Total Cost": 66549.88,
                              "Plan Rows": 1919,
                              "Plan Width": 16,
                              "Plans": [
                                {
                                  "Node Type": "Hash Join",
                                  "Parent Relationship": "Outer",
                                  "Parallel Aware": true,
                                  "Async Capable": false,
                                  "Join Type": "Inner",
                                  "Startup Cost": 2157.86,
                                  "Total Cost": 66549.88,
                                  "Plan Rows": 1919,
                                  "Plan Width": 16,
                                  "Inner Unique": false,
                                  "Hash Cond": "(store_returns.sr_returned_date_sk = d2.d_date_sk)",
                                  "Plans": [
                                    {
                                      "Node Type": "Seq Scan",
                                      "Parent Relationship": "Outer",
                                      "Parallel Aware": true,
                                      "Async Capable": false,
                                      "Relation Name": "store_returns",
                                      "Alias": "store_returns",
                                      "Startup Cost": 0.0,
                                      "Total Cost": 59887.64,
                                      "Plan Rows": 1198164,
                                      "Plan Width": 20,
                                      "parent": 23,
                                      "ID": 24
                                    },
                                    {
                                      "Node Type": "Hash",
                                      "Parent Relationship": "Inner",
                                      "Parallel Aware": true,
                                      "Async Capable": false,
                                      "Startup Cost": 2156.97,
                                      "Total Cost": 2156.97,
                                      "Plan Rows": 71,
                                      "Plan Width": 4,
                                      "Plans": [
                                        {
                                          "Node Type": "Seq Scan",
                                          "Parent Relationship": "Outer",
                                          "Parallel Aware": true,
                                          "Async Capable": false,
                                          "Relation Name": "date_dim",
                                          "Alias": "d2",
                                          "Startup Cost": 0.0,
                                          "Total Cost": 2156.97,
                                          "Plan Rows": 71,
                                          "Plan Width": 4,
                                          "Filter": "((d_moy >= 4) AND (d_moy <= 7) AND (d_year = 1999))",
                                          "parent": 25,
                                          "ID": 26
                                        }
                                      ],
                                      "parent": 23,
                                      "ID": 25,
                                      "left": 26
                                    }
                                  ],
                                  "parent": 22,
                                  "ID": 23,
                                  "left": 24,
                                  "right": 25
                                }
                              ],
                              "parent": 17,
                              "ID": 22,
                              "left": 23
                            }
                          ],
                          "parent": 16,
                          "ID": 17,
                          "left": 18,
                          "right": 22
                        }
                      ],
                      "parent": 15,
                      "ID": 16,
                      "left": 17
                    }
                  ],
                  "parent": 2,
                  "ID": 15,
                  "left": 16
                }
              ],
              "parent": 1,
              "ID": 2,
              "left": 3,
              "right": 15
            }
          ],
          "parent": 0,
          "ID": 1,
          "left": 2
        }
      ],
      "parent": null,
      "ID": 0,
      "left": 1
    },
    "feat": {
      "utility": 0.0,
      "query_shape": [
        [
          "Seq Scan",
          "Hash Join",
          "Sort",
          "Gather Merge",
          "Nested Loop",
          "Aggregate"
        ],
        [
          "Seq Scan",
          "Hash Join",
          "Hash",
          "Sort",
          "Gather Merge",
          "Nested Loop",
          "Aggregate"
        ],
        [
          "Seq Scan",
          "Hash",
          "Hash Join",
          "Sort",
          "Gather Merge",
          "Nested Loop",
          "Aggregate"
        ],
        [
          "Seq Scan",
          "Hash",
          "Hash Join",
          "Sort",
          "Gather Merge",
          "Nested Loop",
          "Aggregate"
        ],
        [
          "Seq Scan",
          "Hash Join",
          "Gather",
          "Materialize",
          "Nested Loop",
          "Aggregate"
        ],
        [
          "Seq Scan",
          "Hash",
          "Hash Join",
          "Gather",
          "Materialize",
          "Nested Loop",
          "Aggregate"
        ],
        [
          "Seq Scan",
          "Hash Join",
          "Hash",
          "Gather",
          "Materialize",
          "Nested Loop",
          "Aggregate"
        ],
        [
          "Seq Scan",
          "Hash",
          "Hash Join",
          "Gather",
          "Materialize",
          "Nested Loop",
          "Aggregate"
        ]
      ],
      "index_shape": [],
      "physical_operator": {}
    }
  },
  {
    "query": "select   \n     i_item_id\n    ,i_item_desc\n    ,s_store_id\n    ,s_store_name\n    ,stddev_samp(ss_quantity)        as store_sales_quantity\n    ,stddev_samp(sr_return_quantity) as store_returns_quantity\n    ,stddev_samp(cs_quantity)        as catalog_sales_quantity\n from\n    store_sales\n   ,store_returns\n   ,catalog_sales\n   ,date_dim             d1\n   ,date_dim             d2\n   ,date_dim             d3\n   ,store\n   ,item\n where\n     d1.d_moy               = 4 \n and d1.d_year              = 1999\n and d1.d_date_sk           = ss_sold_date_sk\n and i_item_sk              = ss_item_sk\n and s_store_sk             = ss_store_sk\n and ss_customer_sk         = sr_customer_sk\n and ss_item_sk             = sr_item_sk\n and ss_ticket_number       = sr_ticket_number\n and sr_returned_date_sk    = d2.d_date_sk\n and d2.d_moy               between 4 and  4 + 3 \n and d2.d_year              = 1999\n and sr_customer_sk         = cs_bill_customer_sk\n and sr_item_sk             = cs_item_sk\n and cs_sold_date_sk        = d3.d_date_sk     \n and d3.d_year              in (1999,1999+1,1999+2)\n group by\n    i_item_id\n   ,i_item_desc\n   ,s_store_id\n   ,s_store_name\n order by\n    i_item_id \n   ,i_item_desc\n   ,s_store_id\n   ,s_store_name\n limit 100;\n\n-- end query 19 in stream 0 using template query29.tpl\n",
    "indexes": "date_dim.d_date",
    "wo plan est": {
      "Node Type": "Limit",
      "Parallel Aware": false,
      "Async Capable": false,
      "Startup Cost": 762542.58,
      "Total Cost": 1221390.95,
      "Plan Rows": 1,
      "Plan Width": 236,
      "Plans": [
        {
          "Node Type": "Aggregate",
          "Strategy": "Sorted",
          "Partial Mode": "Simple",
          "Parent Relationship": "Outer",
          "Parallel Aware": false,
          "Async Capable": false,
          "Startup Cost": 762542.58,
          "Total Cost": 1221390.95,
          "Plan Rows": 1,
          "Plan Width": 236,
          "Group Key": [
            "item.i_item_id",
            "item.i_item_desc",
            "store.s_store_id",
            "store.s_store_name"
          ],
          "Plans": [
            {
              "Node Type": "Nested Loop",
              "Parent Relationship": "Outer",
              "Parallel Aware": false,
              "Async Capable": false,
              "Join Type": "Inner",
              "Startup Cost": 762542.58,
              "Total Cost": 1221390.92,
              "Plan Rows": 1,
              "Plan Width": 152,
              "Inner Unique": false,
              "Join Filter": "((item.i_item_sk = store_returns.sr_item_sk) AND (store_sales.ss_customer_sk = store_returns.sr_customer_sk) AND (store_sales.ss_ticket_number = store_returns.sr_ticket_number))",
              "Plans": [
                {
                  "Node Type": "Gather Merge",
                  "Parent Relationship": "Outer",
                  "Parallel Aware": false,
                  "Async Capable": false,
                  "Startup Cost": 692960.09,
                  "Total Cost": 694214.78,
                  "Plan Rows": 10773,
                  "Plan Width": 160,
                  "Workers Planned": 2,
                  "Plans": [
                    {
                      "Node Type": "Sort",
                      "Parent Relationship": "Outer",
                      "Parallel Aware": false,
                      "Async Capable": false,
                      "Startup Cost": 691960.07,
                      "Total Cost": 691971.29,
                      "Plan Rows": 4489,
                      "Plan Width": 160,
                      "Sort Key": [
                        "item.i_item_id",
                        "item.i_item_desc",
                        "store.s_store_id",
                        "store.s_store_name"
                      ],
                      "Plans": [
                        {
                          "Node Type": "Hash Join",
                          "Parent Relationship": "Outer",
                          "Parallel Aware": true,
                          "Async Capable": false,
                          "Join Type": "Inner",
                          "Startup Cost": 684120.68,
                          "Total Cost": 691687.76,
                          "Plan Rows": 4489,
                          "Plan Width": 160,
                          "Inner Unique": false,
                          "Hash Cond": "(item.i_item_sk = store_sales.ss_item_sk)",
                          "Plans": [
                            {
                              "Node Type": "Seq Scan",
                              "Parent Relationship": "Outer",
                              "Parallel Aware": true,
                              "Async Capable": false,
                              "Relation Name": "item",
                              "Alias": "item",
                              "Startup Cost": 0.0,
                              "Total Cost": 7389.0,
                              "Plan Rows": 42500,
                              "Plan Width": 123,
                              "parent": 5,
                              "ID": 6
                            },
                            {
                              "Node Type": "Hash",
                              "Parent Relationship": "Inner",
                              "Parallel Aware": true,
                              "Async Capable": false,
                              "Startup Cost": 684064.57,
                              "Total Cost": 684064.57,
                              "Plan Rows": 4489,
                              "Plan Width": 37,
                              "Plans": [
                                {
                                  "Node Type": "Hash Join",
                                  "Parent Relationship": "Outer",
                                  "Parallel Aware": false,
                                  "Async Capable": false,
                                  "Join Type": "Inner",
                                  "Startup Cost": 2057.07,
                                  "Total Cost": 684064.57,
                                  "Plan Rows": 4489,
                                  "Plan Width": 37,
                                  "Inner Unique": false,
                                  "Hash Cond": "(store_sales.ss_store_sk = store.s_store_sk)",
                                  "Plans": [
                                    {
                                      "Node Type": "Hash Join",
                                      "Parent Relationship": "Outer",
                                      "Parallel Aware": true,
                                      "Async Capable": false,
                                      "Join Type": "Inner",
                                      "Startup Cost": 2049.78,
                                      "Total Cost": 683994.75,
                                      "Plan Rows": 4703,
                                      "Plan Width": 20,
                                      "Inner Unique": false,
                                      "Hash Cond": "(store_sales.ss_sold_date_sk = d1.d_date_sk)",
                                      "Plans": [
                                        {
                                          "Node Type": "Seq Scan",
                                          "Parent Relationship": "Outer",
                                          "Parallel Aware": true,
                                          "Async Capable": false,
                                          "Relation Name": "store_sales",
                                          "Alias": "store_sales",
                                          "Startup Cost": 0.0,
                                          "Total Cost": 636914.37,
                                          "Plan Rows": 12000637,
                                          "Plan Width": 24,
                                          "parent": 9,
                                          "ID": 10
                                        },
                                        {
                                          "Node Type": "Hash",
                                          "Parent Relationship": "Inner",
                                          "Parallel Aware": true,
                                          "Async Capable": false,
                                          "Startup Cost": 2049.55,
                                          "Total Cost": 2049.55,
                                          "Plan Rows": 18,
                                          "Plan Width": 4,
                                          "Plans": [
                                            {
                                              "Node Type": "Seq Scan",
                                              "Parent Relationship": "Outer",
                                              "Parallel Aware": true,
                                              "Async Capable": false,
                                              "Relation Name": "date_dim",
                                              "Alias": "d1",
                                              "Startup Cost": 0.0,
                                              "Total Cost": 2049.55,
                                              "Plan Rows": 18,
                                              "Plan Width": 4,
                                              "Filter": "((d_moy = 4) AND (d_year = 1999))",
                                              "parent": 11,
                                              "ID": 12
                                            }
                                          ],
                                          "parent": 9,
                                          "ID": 11,
                                          "left": 12
                                        }
                                      ],
                                      "parent": 8,
                                      "ID": 9,
                                      "left": 10,
                                      "right": 11
                                    },
                                    {
                                      "Node Type": "Hash",
                                      "Parent Relationship": "Inner",
                                      "Parallel Aware": false,
                                      "Async Capable": false,
                                      "Startup Cost": 6.02,
                                      "Total Cost": 6.02,
                                      "Plan Rows": 102,
                                      "Plan Width": 25,
                                      "Plans": [
                                        {
                                          "Node Type": "Seq Scan",
                                          "Parent Relationship": "Outer",
                                          "Parallel Aware": false,
                                          "Async Capable": false,
                                          "Relation Name": "store",
                                          "Alias": "store",
                                          "Startup Cost": 0.0,
                                          "Total Cost": 6.02,
                                          "Plan Rows": 102,
                                          "Plan Width": 25,
                                          "parent": 13,
                                          "ID": 14
                                        }
                                      ],
                                      "parent": 8,
                                      "ID": 13,
                                      "left": 14
                                    }
                                  ],
                                  "parent": 7,
                                  "ID": 8,
                                  "left": 9,
                                  "right": 13
                                }
                              ],
                              "parent": 5,
                              "ID": 7,
                              "left": 8
                            }
                          ],
                          "parent": 4,
                          "ID": 5,
                          "left": 6,
                          "right": 7
                        }
                      ],
                      "parent": 3,
                      "ID": 4,
                      "left": 5
                    }
                  ],
                  "parent": 2,
                  "ID": 3,
                  "left": 4
                },
                {
                  "Node Type": "Materialize",
                  "Parent Relationship": "Inner",
                  "Parallel Aware": false,
                  "Async Capable": false,
                  "Startup Cost": 69582.49,
                  "Total Cost": 526960.68,
                  "Plan Rows": 1,
                  "Plan Width": 28,
                  "Plans": [
                    {
                      "Node Type": "Gather",
                      "Parent Relationship": "Outer",
                      "Parallel Aware": false,
                      "Async Capable": false,
                      "Startup Cost": 69582.49,
                      "Total Cost": 526960.67,
                      "Plan Rows": 1,
                      "Plan Width": 28,
                      "Workers Planned": 2,
                      "Single Copy": false,
                      "Plans": [
                        {
                          "Node Type": "Hash Join",
                          "Parent Relationship": "Outer",
                          "Parallel Aware": true,
                          "Async Capable": false,
                          "Join Type": "Inner",
                          "Startup Cost": 68582.49,
                          "Total Cost": 525960.57,
                          "Plan Rows": 1,
                          "Plan Width": 28,
                          "Inner Unique": false,
                          "Hash Cond": "((catalog_sales.cs_item_sk = store_returns.sr_item_sk) AND (catalog_sales.cs_bill_customer_sk = store_returns.sr_customer_sk))",
                          "Plans": [
                            {
                              "Node Type": "Hash Join",
                              "Parent Relationship": "Outer",
                              "Parallel Aware": true,
                              "Async Capable": false,
                              "Join Type": "Inner",
                              "Startup Cost": 2003.83,
                              "Total Cost": 458715.99,
                              "Plan Rows": 88788,
                              "Plan Width": 12,
                              "Inner Unique": false,
                              "Hash Cond": "(catalog_sales.cs_sold_date_sk = d3.d_date_sk)",
                              "Plans": [
                                {
                                  "Node Type": "Seq Scan",
                                  "Parent Relationship": "Outer",
                                  "Parallel Aware": true,
                                  "Async Capable": false,
                                  "Relation Name": "catalog_sales",
                                  "Alias": "catalog_sales",
                                  "Startup Cost": 0.0,
                                  "Total Cost": 433688.25,
                                  "Plan Rows": 6000525,
                                  "Plan Width": 16,
                                  "parent": 18,
                                  "ID": 19
                                },
                                {
                                  "Node Type": "Hash",
                                  "Parent Relationship": "Inner",
                                  "Parallel Aware": true,
                                  "Async Capable": false,
                                  "Startup Cost": 1995.84,
                                  "Total Cost": 1995.84,
                                  "Plan Rows": 639,
                                  "Plan Width": 4,
                                  "Plans": [
                                    {
                                      "Node Type": "Seq Scan",
                                      "Parent Relationship": "Outer",
                                      "Parallel Aware": true,
                                      "Async Capable": false,
                                      "Relation Name": "date_dim",
                                      "Alias": "d3",
                                      "Startup Cost": 0.0,
                                      "Total Cost": 1995.84,
                                      "Plan Rows": 639,
                                      "Plan Width": 4,
                                      "Filter": "(d_year = ANY ('{1999,2000,2001}'::integer[]))",
                                      "parent": 20,
                                      "ID": 21
                                    }
                                  ],
                                  "parent": 18,
                                  "ID": 20,
                                  "left": 21
                                }
                              ],
                              "parent": 17,
                              "ID": 18,
                              "left": 19,
                              "right": 20
                            },
                            {
                              "Node Type": "Hash",
                              "Parent Relationship": "Inner",
                              "Parallel Aware": true,
                              "Async Capable": false,
                              "Startup Cost": 66549.88,
                              "Total Cost": 66549.88,
                              "Plan Rows": 1919,
                              "Plan Width": 16,
                              "Plans": [
                                {
                                  "Node Type": "Hash Join",
                                  "Parent Relationship": "Outer",
                                  "Parallel Aware": true,
                                  "Async Capable": false,
                                  "Join Type": "Inner",
                                  "Startup Cost": 2157.86,
                                  "Total Cost": 66549.88,
                                  "Plan Rows": 1919,
                                  "Plan Width": 16,
                                  "Inner Unique": false,
                                  "Hash Cond": "(store_returns.sr_returned_date_sk = d2.d_date_sk)",
                                  "Plans": [
                                    {
                                      "Node Type": "Seq Scan",
                                      "Parent Relationship": "Outer",
                                      "Parallel Aware": true,
                                      "Async Capable": false,
                                      "Relation Name": "store_returns",
                                      "Alias": "store_returns",
                                      "Startup Cost": 0.0,
                                      "Total Cost": 59887.64,
                                      "Plan Rows": 1198164,
                                      "Plan Width": 20,
                                      "parent": 23,
                                      "ID": 24
                                    },
                                    {
                                      "Node Type": "Hash",
                                      "Parent Relationship": "Inner",
                                      "Parallel Aware": true,
                                      "Async Capable": false,
                                      "Startup Cost": 2156.97,
                                      "Total Cost": 2156.97,
                                      "Plan Rows": 71,
                                      "Plan Width": 4,
                                      "Plans": [
                                        {
                                          "Node Type": "Seq Scan",
                                          "Parent Relationship": "Outer",
                                          "Parallel Aware": true,
                                          "Async Capable": false,
                                          "Relation Name": "date_dim",
                                          "Alias": "d2",
                                          "Startup Cost": 0.0,
                                          "Total Cost": 2156.97,
                                          "Plan Rows": 71,
                                          "Plan Width": 4,
                                          "Filter": "((d_moy >= 4) AND (d_moy <= 7) AND (d_year = 1999))",
                                          "parent": 25,
                                          "ID": 26
                                        }
                                      ],
                                      "parent": 23,
                                      "ID": 25,
                                      "left": 26
                                    }
                                  ],
                                  "parent": 22,
                                  "ID": 23,
                                  "left": 24,
                                  "right": 25
                                }
                              ],
                              "parent": 17,
                              "ID": 22,
                              "left": 23
                            }
                          ],
                          "parent": 16,
                          "ID": 17,
                          "left": 18,
                          "right": 22
                        }
                      ],
                      "parent": 15,
                      "ID": 16,
                      "left": 17
                    }
                  ],
                  "parent": 2,
                  "ID": 15,
                  "left": 16
                }
              ],
              "parent": 1,
              "ID": 2,
              "left": 3,
              "right": 15
            }
          ],
          "parent": 0,
          "ID": 1,
          "left": 2
        }
      ],
      "parent": null,
      "ID": 0,
      "left": 1
    },
    "feat": {
      "utility": 0.0,
      "query_shape": [
        [
          "Seq Scan",
          "Hash Join",
          "Sort",
          "Gather Merge",
          "Nested Loop",
          "Aggregate"
        ],
        [
          "Seq Scan",
          "Hash Join",
          "Hash",
          "Sort",
          "Gather Merge",
          "Nested Loop",
          "Aggregate"
        ],
        [
          "Seq Scan",
          "Hash",
          "Hash Join",
          "Sort",
          "Gather Merge",
          "Nested Loop",
          "Aggregate"
        ],
        [
          "Seq Scan",
          "Hash",
          "Hash Join",
          "Sort",
          "Gather Merge",
          "Nested Loop",
          "Aggregate"
        ],
        [
          "Seq Scan",
          "Hash Join",
          "Gather",
          "Materialize",
          "Nested Loop",
          "Aggregate"
        ],
        [
          "Seq Scan",
          "Hash",
          "Hash Join",
          "Gather",
          "Materialize",
          "Nested Loop",
          "Aggregate"
        ],
        [
          "Seq Scan",
          "Hash Join",
          "Hash",
          "Gather",
          "Materialize",
          "Nested Loop",
          "Aggregate"
        ],
        [
          "Seq Scan",
          "Hash",
          "Hash Join",
          "Gather",
          "Materialize",
          "Nested Loop",
          "Aggregate"
        ]
      ],
      "index_shape": [],
      "physical_operator": {}
    }
  },
  {
    "query": "select   \n     i_item_id\n    ,i_item_desc\n    ,s_store_id\n    ,s_store_name\n    ,stddev_samp(ss_quantity)        as store_sales_quantity\n    ,stddev_samp(sr_return_quantity) as store_returns_quantity\n    ,stddev_samp(cs_quantity)        as catalog_sales_quantity\n from\n    store_sales\n   ,store_returns\n   ,catalog_sales\n   ,date_dim             d1\n   ,date_dim             d2\n   ,date_dim             d3\n   ,store\n   ,item\n where\n     d1.d_moy               = 4 \n and d1.d_year              = 1999\n and d1.d_date_sk           = ss_sold_date_sk\n and i_item_sk              = ss_item_sk\n and s_store_sk             = ss_store_sk\n and ss_customer_sk         = sr_customer_sk\n and ss_item_sk             = sr_item_sk\n and ss_ticket_number       = sr_ticket_number\n and sr_returned_date_sk    = d2.d_date_sk\n and d2.d_moy               between 4 and  4 + 3 \n and d2.d_year              = 1999\n and sr_customer_sk         = cs_bill_customer_sk\n and sr_item_sk             = cs_item_sk\n and cs_sold_date_sk        = d3.d_date_sk     \n and d3.d_year              in (1999,1999+1,1999+2)\n group by\n    i_item_id\n   ,i_item_desc\n   ,s_store_id\n   ,s_store_name\n order by\n    i_item_id \n   ,i_item_desc\n   ,s_store_id\n   ,s_store_name\n limit 100;\n\n-- end query 19 in stream 0 using template query29.tpl\n",
    "indexes": "item.i_item_sk",
    "wo plan est": {
      "Node Type": "Limit",
      "Parallel Aware": false,
      "Async Capable": false,
      "Startup Cost": 762542.58,
      "Total Cost": 1221390.95,
      "Plan Rows": 1,
      "Plan Width": 236,
      "Plans": [
        {
          "Node Type": "Aggregate",
          "Strategy": "Sorted",
          "Partial Mode": "Simple",
          "Parent Relationship": "Outer",
          "Parallel Aware": false,
          "Async Capable": false,
          "Startup Cost": 762542.58,
          "Total Cost": 1221390.95,
          "Plan Rows": 1,
          "Plan Width": 236,
          "Group Key": [
            "item.i_item_id",
            "item.i_item_desc",
            "store.s_store_id",
            "store.s_store_name"
          ],
          "Plans": [
            {
              "Node Type": "Nested Loop",
              "Parent Relationship": "Outer",
              "Parallel Aware": false,
              "Async Capable": false,
              "Join Type": "Inner",
              "Startup Cost": 762542.58,
              "Total Cost": 1221390.92,
              "Plan Rows": 1,
              "Plan Width": 152,
              "Inner Unique": false,
              "Join Filter": "((item.i_item_sk = store_returns.sr_item_sk) AND (store_sales.ss_customer_sk = store_returns.sr_customer_sk) AND (store_sales.ss_ticket_number = store_returns.sr_ticket_number))",
              "Plans": [
                {
                  "Node Type": "Gather Merge",
                  "Parent Relationship": "Outer",
                  "Parallel Aware": false,
                  "Async Capable": false,
                  "Startup Cost": 692960.09,
                  "Total Cost": 694214.78,
                  "Plan Rows": 10773,
                  "Plan Width": 160,
                  "Workers Planned": 2,
                  "Plans": [
                    {
                      "Node Type": "Sort",
                      "Parent Relationship": "Outer",
                      "Parallel Aware": false,
                      "Async Capable": false,
                      "Startup Cost": 691960.07,
                      "Total Cost": 691971.29,
                      "Plan Rows": 4489,
                      "Plan Width": 160,
                      "Sort Key": [
                        "item.i_item_id",
                        "item.i_item_desc",
                        "store.s_store_id",
                        "store.s_store_name"
                      ],
                      "Plans": [
                        {
                          "Node Type": "Hash Join",
                          "Parent Relationship": "Outer",
                          "Parallel Aware": true,
                          "Async Capable": false,
                          "Join Type": "Inner",
                          "Startup Cost": 684120.68,
                          "Total Cost": 691687.76,
                          "Plan Rows": 4489,
                          "Plan Width": 160,
                          "Inner Unique": false,
                          "Hash Cond": "(item.i_item_sk = store_sales.ss_item_sk)",
                          "Plans": [
                            {
                              "Node Type": "Seq Scan",
                              "Parent Relationship": "Outer",
                              "Parallel Aware": true,
                              "Async Capable": false,
                              "Relation Name": "item",
                              "Alias": "item",
                              "Startup Cost": 0.0,
                              "Total Cost": 7389.0,
                              "Plan Rows": 42500,
                              "Plan Width": 123,
                              "parent": 5,
                              "ID": 6
                            },
                            {
                              "Node Type": "Hash",
                              "Parent Relationship": "Inner",
                              "Parallel Aware": true,
                              "Async Capable": false,
                              "Startup Cost": 684064.57,
                              "Total Cost": 684064.57,
                              "Plan Rows": 4489,
                              "Plan Width": 37,
                              "Plans": [
                                {
                                  "Node Type": "Hash Join",
                                  "Parent Relationship": "Outer",
                                  "Parallel Aware": false,
                                  "Async Capable": false,
                                  "Join Type": "Inner",
                                  "Startup Cost": 2057.07,
                                  "Total Cost": 684064.57,
                                  "Plan Rows": 4489,
                                  "Plan Width": 37,
                                  "Inner Unique": false,
                                  "Hash Cond": "(store_sales.ss_store_sk = store.s_store_sk)",
                                  "Plans": [
                                    {
                                      "Node Type": "Hash Join",
                                      "Parent Relationship": "Outer",
                                      "Parallel Aware": true,
                                      "Async Capable": false,
                                      "Join Type": "Inner",
                                      "Startup Cost": 2049.78,
                                      "Total Cost": 683994.75,
                                      "Plan Rows": 4703,
                                      "Plan Width": 20,
                                      "Inner Unique": false,
                                      "Hash Cond": "(store_sales.ss_sold_date_sk = d1.d_date_sk)",
                                      "Plans": [
                                        {
                                          "Node Type": "Seq Scan",
                                          "Parent Relationship": "Outer",
                                          "Parallel Aware": true,
                                          "Async Capable": false,
                                          "Relation Name": "store_sales",
                                          "Alias": "store_sales",
                                          "Startup Cost": 0.0,
                                          "Total Cost": 636914.37,
                                          "Plan Rows": 12000637,
                                          "Plan Width": 24,
                                          "parent": 9,
                                          "ID": 10
                                        },
                                        {
                                          "Node Type": "Hash",
                                          "Parent Relationship": "Inner",
                                          "Parallel Aware": true,
                                          "Async Capable": false,
                                          "Startup Cost": 2049.55,
                                          "Total Cost": 2049.55,
                                          "Plan Rows": 18,
                                          "Plan Width": 4,
                                          "Plans": [
                                            {
                                              "Node Type": "Seq Scan",
                                              "Parent Relationship": "Outer",
                                              "Parallel Aware": true,
                                              "Async Capable": false,
                                              "Relation Name": "date_dim",
                                              "Alias": "d1",
                                              "Startup Cost": 0.0,
                                              "Total Cost": 2049.55,
                                              "Plan Rows": 18,
                                              "Plan Width": 4,
                                              "Filter": "((d_moy = 4) AND (d_year = 1999))",
                                              "parent": 11,
                                              "ID": 12
                                            }
                                          ],
                                          "parent": 9,
                                          "ID": 11,
                                          "left": 12
                                        }
                                      ],
                                      "parent": 8,
                                      "ID": 9,
                                      "left": 10,
                                      "right": 11
                                    },
                                    {
                                      "Node Type": "Hash",
                                      "Parent Relationship": "Inner",
                                      "Parallel Aware": false,
                                      "Async Capable": false,
                                      "Startup Cost": 6.02,
                                      "Total Cost": 6.02,
                                      "Plan Rows": 102,
                                      "Plan Width": 25,
                                      "Plans": [
                                        {
                                          "Node Type": "Seq Scan",
                                          "Parent Relationship": "Outer",
                                          "Parallel Aware": false,
                                          "Async Capable": false,
                                          "Relation Name": "store",
                                          "Alias": "store",
                                          "Startup Cost": 0.0,
                                          "Total Cost": 6.02,
                                          "Plan Rows": 102,
                                          "Plan Width": 25,
                                          "parent": 13,
                                          "ID": 14
                                        }
                                      ],
                                      "parent": 8,
                                      "ID": 13,
                                      "left": 14
                                    }
                                  ],
                                  "parent": 7,
                                  "ID": 8,
                                  "left": 9,
                                  "right": 13
                                }
                              ],
                              "parent": 5,
                              "ID": 7,
                              "left": 8
                            }
                          ],
                          "parent": 4,
                          "ID": 5,
                          "left": 6,
                          "right": 7
                        }
                      ],
                      "parent": 3,
                      "ID": 4,
                      "left": 5
                    }
                  ],
                  "parent": 2,
                  "ID": 3,
                  "left": 4
                },
                {
                  "Node Type": "Materialize",
                  "Parent Relationship": "Inner",
                  "Parallel Aware": false,
                  "Async Capable": false,
                  "Startup Cost": 69582.49,
                  "Total Cost": 526960.68,
                  "Plan Rows": 1,
                  "Plan Width": 28,
                  "Plans": [
                    {
                      "Node Type": "Gather",
                      "Parent Relationship": "Outer",
                      "Parallel Aware": false,
                      "Async Capable": false,
                      "Startup Cost": 69582.49,
                      "Total Cost": 526960.67,
                      "Plan Rows": 1,
                      "Plan Width": 28,
                      "Workers Planned": 2,
                      "Single Copy": false,
                      "Plans": [
                        {
                          "Node Type": "Hash Join",
                          "Parent Relationship": "Outer",
                          "Parallel Aware": true,
                          "Async Capable": false,
                          "Join Type": "Inner",
                          "Startup Cost": 68582.49,
                          "Total Cost": 525960.57,
                          "Plan Rows": 1,
                          "Plan Width": 28,
                          "Inner Unique": false,
                          "Hash Cond": "((catalog_sales.cs_item_sk = store_returns.sr_item_sk) AND (catalog_sales.cs_bill_customer_sk = store_returns.sr_customer_sk))",
                          "Plans": [
                            {
                              "Node Type": "Hash Join",
                              "Parent Relationship": "Outer",
                              "Parallel Aware": true,
                              "Async Capable": false,
                              "Join Type": "Inner",
                              "Startup Cost": 2003.83,
                              "Total Cost": 458715.99,
                              "Plan Rows": 88788,
                              "Plan Width": 12,
                              "Inner Unique": false,
                              "Hash Cond": "(catalog_sales.cs_sold_date_sk = d3.d_date_sk)",
                              "Plans": [
                                {
                                  "Node Type": "Seq Scan",
                                  "Parent Relationship": "Outer",
                                  "Parallel Aware": true,
                                  "Async Capable": false,
                                  "Relation Name": "catalog_sales",
                                  "Alias": "catalog_sales",
                                  "Startup Cost": 0.0,
                                  "Total Cost": 433688.25,
                                  "Plan Rows": 6000525,
                                  "Plan Width": 16,
                                  "parent": 18,
                                  "ID": 19
                                },
                                {
                                  "Node Type": "Hash",
                                  "Parent Relationship": "Inner",
                                  "Parallel Aware": true,
                                  "Async Capable": false,
                                  "Startup Cost": 1995.84,
                                  "Total Cost": 1995.84,
                                  "Plan Rows": 639,
                                  "Plan Width": 4,
                                  "Plans": [
                                    {
                                      "Node Type": "Seq Scan",
                                      "Parent Relationship": "Outer",
                                      "Parallel Aware": true,
                                      "Async Capable": false,
                                      "Relation Name": "date_dim",
                                      "Alias": "d3",
                                      "Startup Cost": 0.0,
                                      "Total Cost": 1995.84,
                                      "Plan Rows": 639,
                                      "Plan Width": 4,
                                      "Filter": "(d_year = ANY ('{1999,2000,2001}'::integer[]))",
                                      "parent": 20,
                                      "ID": 21
                                    }
                                  ],
                                  "parent": 18,
                                  "ID": 20,
                                  "left": 21
                                }
                              ],
                              "parent": 17,
                              "ID": 18,
                              "left": 19,
                              "right": 20
                            },
                            {
                              "Node Type": "Hash",
                              "Parent Relationship": "Inner",
                              "Parallel Aware": true,
                              "Async Capable": false,
                              "Startup Cost": 66549.88,
                              "Total Cost": 66549.88,
                              "Plan Rows": 1919,
                              "Plan Width": 16,
                              "Plans": [
                                {
                                  "Node Type": "Hash Join",
                                  "Parent Relationship": "Outer",
                                  "Parallel Aware": true,
                                  "Async Capable": false,
                                  "Join Type": "Inner",
                                  "Startup Cost": 2157.86,
                                  "Total Cost": 66549.88,
                                  "Plan Rows": 1919,
                                  "Plan Width": 16,
                                  "Inner Unique": false,
                                  "Hash Cond": "(store_returns.sr_returned_date_sk = d2.d_date_sk)",
                                  "Plans": [
                                    {
                                      "Node Type": "Seq Scan",
                                      "Parent Relationship": "Outer",
                                      "Parallel Aware": true,
                                      "Async Capable": false,
                                      "Relation Name": "store_returns",
                                      "Alias": "store_returns",
                                      "Startup Cost": 0.0,
                                      "Total Cost": 59887.64,
                                      "Plan Rows": 1198164,
                                      "Plan Width": 20,
                                      "parent": 23,
                                      "ID": 24
                                    },
                                    {
                                      "Node Type": "Hash",
                                      "Parent Relationship": "Inner",
                                      "Parallel Aware": true,
                                      "Async Capable": false,
                                      "Startup Cost": 2156.97,
                                      "Total Cost": 2156.97,
                                      "Plan Rows": 71,
                                      "Plan Width": 4,
                                      "Plans": [
                                        {
                                          "Node Type": "Seq Scan",
                                          "Parent Relationship": "Outer",
                                          "Parallel Aware": true,
                                          "Async Capable": false,
                                          "Relation Name": "date_dim",
                                          "Alias": "d2",
                                          "Startup Cost": 0.0,
                                          "Total Cost": 2156.97,
                                          "Plan Rows": 71,
                                          "Plan Width": 4,
                                          "Filter": "((d_moy >= 4) AND (d_moy <= 7) AND (d_year = 1999))",
                                          "parent": 25,
                                          "ID": 26
                                        }
                                      ],
                                      "parent": 23,
                                      "ID": 25,
                                      "left": 26
                                    }
                                  ],
                                  "parent": 22,
                                  "ID": 23,
                                  "left": 24,
                                  "right": 25
                                }
                              ],
                              "parent": 17,
                              "ID": 22,
                              "left": 23
                            }
                          ],
                          "parent": 16,
                          "ID": 17,
                          "left": 18,
                          "right": 22
                        }
                      ],
                      "parent": 15,
                      "ID": 16,
                      "left": 17
                    }
                  ],
                  "parent": 2,
                  "ID": 15,
                  "left": 16
                }
              ],
              "parent": 1,
              "ID": 2,
              "left": 3,
              "right": 15
            }
          ],
          "parent": 0,
          "ID": 1,
          "left": 2
        }
      ],
      "parent": null,
      "ID": 0,
      "left": 1
    },
    "feat": {
      "utility": 0.0035064085844839737,
      "query_shape": [
        [
          "Seq Scan",
          "Hash Join",
          "Sort",
          "Gather Merge",
          "Nested Loop",
          "Aggregate"
        ],
        [
          "Seq Scan",
          "Hash Join",
          "Hash",
          "Sort",
          "Gather Merge",
          "Nested Loop",
          "Aggregate"
        ],
        [
          "Seq Scan",
          "Hash",
          "Hash Join",
          "Sort",
          "Gather Merge",
          "Nested Loop",
          "Aggregate"
        ],
        [
          "Seq Scan",
          "Hash",
          "Hash Join",
          "Sort",
          "Gather Merge",
          "Nested Loop",
          "Aggregate"
        ],
        [
          "Seq Scan",
          "Hash Join",
          "Gather",
          "Materialize",
          "Nested Loop",
          "Aggregate"
        ],
        [
          "Seq Scan",
          "Hash",
          "Hash Join",
          "Gather",
          "Materialize",
          "Nested Loop",
          "Aggregate"
        ],
        [
          "Seq Scan",
          "Hash Join",
          "Hash",
          "Gather",
          "Materialize",
          "Nested Loop",
          "Aggregate"
        ],
        [
          "Seq Scan",
          "Hash",
          "Hash Join",
          "Gather",
          "Materialize",
          "Nested Loop",
          "Aggregate"
        ]
      ],
      "index_shape": [
        "join"
      ],
      "physical_operator": {
        "Nested Loop": [
          0.009634555216934666
        ],
        "Hash Join": [
          0.00485071250072666
        ]
      }
    }
  },
  {
    "query": "select   \n     i_item_id\n    ,i_item_desc\n    ,s_store_id\n    ,s_store_name\n    ,stddev_samp(ss_quantity)        as store_sales_quantity\n    ,stddev_samp(sr_return_quantity) as store_returns_quantity\n    ,stddev_samp(cs_quantity)        as catalog_sales_quantity\n from\n    store_sales\n   ,store_returns\n   ,catalog_sales\n   ,date_dim             d1\n   ,date_dim             d2\n   ,date_dim             d3\n   ,store\n   ,item\n where\n     d1.d_moy               = 4 \n and d1.d_year              = 1999\n and d1.d_date_sk           = ss_sold_date_sk\n and i_item_sk              = ss_item_sk\n and s_store_sk             = ss_store_sk\n and ss_customer_sk         = sr_customer_sk\n and ss_item_sk             = sr_item_sk\n and ss_ticket_number       = sr_ticket_number\n and sr_returned_date_sk    = d2.d_date_sk\n and d2.d_moy               between 4 and  4 + 3 \n and d2.d_year              = 1999\n and sr_customer_sk         = cs_bill_customer_sk\n and sr_item_sk             = cs_item_sk\n and cs_sold_date_sk        = d3.d_date_sk     \n and d3.d_year              in (1999,1999+1,1999+2)\n group by\n    i_item_id\n   ,i_item_desc\n   ,s_store_id\n   ,s_store_name\n order by\n    i_item_id \n   ,i_item_desc\n   ,s_store_id\n   ,s_store_name\n limit 100;\n\n-- end query 19 in stream 0 using template query29.tpl\n",
    "indexes": "item.i_item_id",
    "wo plan est": {
      "Node Type": "Limit",
      "Parallel Aware": false,
      "Async Capable": false,
      "Startup Cost": 762542.58,
      "Total Cost": 1221390.95,
      "Plan Rows": 1,
      "Plan Width": 236,
      "Plans": [
        {
          "Node Type": "Aggregate",
          "Strategy": "Sorted",
          "Partial Mode": "Simple",
          "Parent Relationship": "Outer",
          "Parallel Aware": false,
          "Async Capable": false,
          "Startup Cost": 762542.58,
          "Total Cost": 1221390.95,
          "Plan Rows": 1,
          "Plan Width": 236,
          "Group Key": [
            "item.i_item_id",
            "item.i_item_desc",
            "store.s_store_id",
            "store.s_store_name"
          ],
          "Plans": [
            {
              "Node Type": "Nested Loop",
              "Parent Relationship": "Outer",
              "Parallel Aware": false,
              "Async Capable": false,
              "Join Type": "Inner",
              "Startup Cost": 762542.58,
              "Total Cost": 1221390.92,
              "Plan Rows": 1,
              "Plan Width": 152,
              "Inner Unique": false,
              "Join Filter": "((item.i_item_sk = store_returns.sr_item_sk) AND (store_sales.ss_customer_sk = store_returns.sr_customer_sk) AND (store_sales.ss_ticket_number = store_returns.sr_ticket_number))",
              "Plans": [
                {
                  "Node Type": "Gather Merge",
                  "Parent Relationship": "Outer",
                  "Parallel Aware": false,
                  "Async Capable": false,
                  "Startup Cost": 692960.09,
                  "Total Cost": 694214.78,
                  "Plan Rows": 10773,
                  "Plan Width": 160,
                  "Workers Planned": 2,
                  "Plans": [
                    {
                      "Node Type": "Sort",
                      "Parent Relationship": "Outer",
                      "Parallel Aware": false,
                      "Async Capable": false,
                      "Startup Cost": 691960.07,
                      "Total Cost": 691971.29,
                      "Plan Rows": 4489,
                      "Plan Width": 160,
                      "Sort Key": [
                        "item.i_item_id",
                        "item.i_item_desc",
                        "store.s_store_id",
                        "store.s_store_name"
                      ],
                      "Plans": [
                        {
                          "Node Type": "Hash Join",
                          "Parent Relationship": "Outer",
                          "Parallel Aware": true,
                          "Async Capable": false,
                          "Join Type": "Inner",
                          "Startup Cost": 684120.68,
                          "Total Cost": 691687.76,
                          "Plan Rows": 4489,
                          "Plan Width": 160,
                          "Inner Unique": false,
                          "Hash Cond": "(item.i_item_sk = store_sales.ss_item_sk)",
                          "Plans": [
                            {
                              "Node Type": "Seq Scan",
                              "Parent Relationship": "Outer",
                              "Parallel Aware": true,
                              "Async Capable": false,
                              "Relation Name": "item",
                              "Alias": "item",
                              "Startup Cost": 0.0,
                              "Total Cost": 7389.0,
                              "Plan Rows": 42500,
                              "Plan Width": 123,
                              "parent": 5,
                              "ID": 6
                            },
                            {
                              "Node Type": "Hash",
                              "Parent Relationship": "Inner",
                              "Parallel Aware": true,
                              "Async Capable": false,
                              "Startup Cost": 684064.57,
                              "Total Cost": 684064.57,
                              "Plan Rows": 4489,
                              "Plan Width": 37,
                              "Plans": [
                                {
                                  "Node Type": "Hash Join",
                                  "Parent Relationship": "Outer",
                                  "Parallel Aware": false,
                                  "Async Capable": false,
                                  "Join Type": "Inner",
                                  "Startup Cost": 2057.07,
                                  "Total Cost": 684064.57,
                                  "Plan Rows": 4489,
                                  "Plan Width": 37,
                                  "Inner Unique": false,
                                  "Hash Cond": "(store_sales.ss_store_sk = store.s_store_sk)",
                                  "Plans": [
                                    {
                                      "Node Type": "Hash Join",
                                      "Parent Relationship": "Outer",
                                      "Parallel Aware": true,
                                      "Async Capable": false,
                                      "Join Type": "Inner",
                                      "Startup Cost": 2049.78,
                                      "Total Cost": 683994.75,
                                      "Plan Rows": 4703,
                                      "Plan Width": 20,
                                      "Inner Unique": false,
                                      "Hash Cond": "(store_sales.ss_sold_date_sk = d1.d_date_sk)",
                                      "Plans": [
                                        {
                                          "Node Type": "Seq Scan",
                                          "Parent Relationship": "Outer",
                                          "Parallel Aware": true,
                                          "Async Capable": false,
                                          "Relation Name": "store_sales",
                                          "Alias": "store_sales",
                                          "Startup Cost": 0.0,
                                          "Total Cost": 636914.37,
                                          "Plan Rows": 12000637,
                                          "Plan Width": 24,
                                          "parent": 9,
                                          "ID": 10
                                        },
                                        {
                                          "Node Type": "Hash",
                                          "Parent Relationship": "Inner",
                                          "Parallel Aware": true,
                                          "Async Capable": false,
                                          "Startup Cost": 2049.55,
                                          "Total Cost": 2049.55,
                                          "Plan Rows": 18,
                                          "Plan Width": 4,
                                          "Plans": [
                                            {
                                              "Node Type": "Seq Scan",
                                              "Parent Relationship": "Outer",
                                              "Parallel Aware": true,
                                              "Async Capable": false,
                                              "Relation Name": "date_dim",
                                              "Alias": "d1",
                                              "Startup Cost": 0.0,
                                              "Total Cost": 2049.55,
                                              "Plan Rows": 18,
                                              "Plan Width": 4,
                                              "Filter": "((d_moy = 4) AND (d_year = 1999))",
                                              "parent": 11,
                                              "ID": 12
                                            }
                                          ],
                                          "parent": 9,
                                          "ID": 11,
                                          "left": 12
                                        }
                                      ],
                                      "parent": 8,
                                      "ID": 9,
                                      "left": 10,
                                      "right": 11
                                    },
                                    {
                                      "Node Type": "Hash",
                                      "Parent Relationship": "Inner",
                                      "Parallel Aware": false,
                                      "Async Capable": false,
                                      "Startup Cost": 6.02,
                                      "Total Cost": 6.02,
                                      "Plan Rows": 102,
                                      "Plan Width": 25,
                                      "Plans": [
                                        {
                                          "Node Type": "Seq Scan",
                                          "Parent Relationship": "Outer",
                                          "Parallel Aware": false,
                                          "Async Capable": false,
                                          "Relation Name": "store",
                                          "Alias": "store",
                                          "Startup Cost": 0.0,
                                          "Total Cost": 6.02,
                                          "Plan Rows": 102,
                                          "Plan Width": 25,
                                          "parent": 13,
                                          "ID": 14
                                        }
                                      ],
                                      "parent": 8,
                                      "ID": 13,
                                      "left": 14
                                    }
                                  ],
                                  "parent": 7,
                                  "ID": 8,
                                  "left": 9,
                                  "right": 13
                                }
                              ],
                              "parent": 5,
                              "ID": 7,
                              "left": 8
                            }
                          ],
                          "parent": 4,
                          "ID": 5,
                          "left": 6,
                          "right": 7
                        }
                      ],
                      "parent": 3,
                      "ID": 4,
                      "left": 5
                    }
                  ],
                  "parent": 2,
                  "ID": 3,
                  "left": 4
                },
                {
                  "Node Type": "Materialize",
                  "Parent Relationship": "Inner",
                  "Parallel Aware": false,
                  "Async Capable": false,
                  "Startup Cost": 69582.49,
                  "Total Cost": 526960.68,
                  "Plan Rows": 1,
                  "Plan Width": 28,
                  "Plans": [
                    {
                      "Node Type": "Gather",
                      "Parent Relationship": "Outer",
                      "Parallel Aware": false,
                      "Async Capable": false,
                      "Startup Cost": 69582.49,
                      "Total Cost": 526960.67,
                      "Plan Rows": 1,
                      "Plan Width": 28,
                      "Workers Planned": 2,
                      "Single Copy": false,
                      "Plans": [
                        {
                          "Node Type": "Hash Join",
                          "Parent Relationship": "Outer",
                          "Parallel Aware": true,
                          "Async Capable": false,
                          "Join Type": "Inner",
                          "Startup Cost": 68582.49,
                          "Total Cost": 525960.57,
                          "Plan Rows": 1,
                          "Plan Width": 28,
                          "Inner Unique": false,
                          "Hash Cond": "((catalog_sales.cs_item_sk = store_returns.sr_item_sk) AND (catalog_sales.cs_bill_customer_sk = store_returns.sr_customer_sk))",
                          "Plans": [
                            {
                              "Node Type": "Hash Join",
                              "Parent Relationship": "Outer",
                              "Parallel Aware": true,
                              "Async Capable": false,
                              "Join Type": "Inner",
                              "Startup Cost": 2003.83,
                              "Total Cost": 458715.99,
                              "Plan Rows": 88788,
                              "Plan Width": 12,
                              "Inner Unique": false,
                              "Hash Cond": "(catalog_sales.cs_sold_date_sk = d3.d_date_sk)",
                              "Plans": [
                                {
                                  "Node Type": "Seq Scan",
                                  "Parent Relationship": "Outer",
                                  "Parallel Aware": true,
                                  "Async Capable": false,
                                  "Relation Name": "catalog_sales",
                                  "Alias": "catalog_sales",
                                  "Startup Cost": 0.0,
                                  "Total Cost": 433688.25,
                                  "Plan Rows": 6000525,
                                  "Plan Width": 16,
                                  "parent": 18,
                                  "ID": 19
                                },
                                {
                                  "Node Type": "Hash",
                                  "Parent Relationship": "Inner",
                                  "Parallel Aware": true,
                                  "Async Capable": false,
                                  "Startup Cost": 1995.84,
                                  "Total Cost": 1995.84,
                                  "Plan Rows": 639,
                                  "Plan Width": 4,
                                  "Plans": [
                                    {
                                      "Node Type": "Seq Scan",
                                      "Parent Relationship": "Outer",
                                      "Parallel Aware": true,
                                      "Async Capable": false,
                                      "Relation Name": "date_dim",
                                      "Alias": "d3",
                                      "Startup Cost": 0.0,
                                      "Total Cost": 1995.84,
                                      "Plan Rows": 639,
                                      "Plan Width": 4,
                                      "Filter": "(d_year = ANY ('{1999,2000,2001}'::integer[]))",
                                      "parent": 20,
                                      "ID": 21
                                    }
                                  ],
                                  "parent": 18,
                                  "ID": 20,
                                  "left": 21
                                }
                              ],
                              "parent": 17,
                              "ID": 18,
                              "left": 19,
                              "right": 20
                            },
                            {
                              "Node Type": "Hash",
                              "Parent Relationship": "Inner",
                              "Parallel Aware": true,
                              "Async Capable": false,
                              "Startup Cost": 66549.88,
                              "Total Cost": 66549.88,
                              "Plan Rows": 1919,
                              "Plan Width": 16,
                              "Plans": [
                                {
                                  "Node Type": "Hash Join",
                                  "Parent Relationship": "Outer",
                                  "Parallel Aware": true,
                                  "Async Capable": false,
                                  "Join Type": "Inner",
                                  "Startup Cost": 2157.86,
                                  "Total Cost": 66549.88,
                                  "Plan Rows": 1919,
                                  "Plan Width": 16,
                                  "Inner Unique": false,
                                  "Hash Cond": "(store_returns.sr_returned_date_sk = d2.d_date_sk)",
                                  "Plans": [
                                    {
                                      "Node Type": "Seq Scan",
                                      "Parent Relationship": "Outer",
                                      "Parallel Aware": true,
                                      "Async Capable": false,
                                      "Relation Name": "store_returns",
                                      "Alias": "store_returns",
                                      "Startup Cost": 0.0,
                                      "Total Cost": 59887.64,
                                      "Plan Rows": 1198164,
                                      "Plan Width": 20,
                                      "parent": 23,
                                      "ID": 24
                                    },
                                    {
                                      "Node Type": "Hash",
                                      "Parent Relationship": "Inner",
                                      "Parallel Aware": true,
                                      "Async Capable": false,
                                      "Startup Cost": 2156.97,
                                      "Total Cost": 2156.97,
                                      "Plan Rows": 71,
                                      "Plan Width": 4,
                                      "Plans": [
                                        {
                                          "Node Type": "Seq Scan",
                                          "Parent Relationship": "Outer",
                                          "Parallel Aware": true,
                                          "Async Capable": false,
                                          "Relation Name": "date_dim",
                                          "Alias": "d2",
                                          "Startup Cost": 0.0,
                                          "Total Cost": 2156.97,
                                          "Plan Rows": 71,
                                          "Plan Width": 4,
                                          "Filter": "((d_moy >= 4) AND (d_moy <= 7) AND (d_year = 1999))",
                                          "parent": 25,
                                          "ID": 26
                                        }
                                      ],
                                      "parent": 23,
                                      "ID": 25,
                                      "left": 26
                                    }
                                  ],
                                  "parent": 22,
                                  "ID": 23,
                                  "left": 24,
                                  "right": 25
                                }
                              ],
                              "parent": 17,
                              "ID": 22,
                              "left": 23
                            }
                          ],
                          "parent": 16,
                          "ID": 17,
                          "left": 18,
                          "right": 22
                        }
                      ],
                      "parent": 15,
                      "ID": 16,
                      "left": 17
                    }
                  ],
                  "parent": 2,
                  "ID": 15,
                  "left": 16
                }
              ],
              "parent": 1,
              "ID": 2,
              "left": 3,
              "right": 15
            }
          ],
          "parent": 0,
          "ID": 1,
          "left": 2
        }
      ],
      "parent": null,
      "ID": 0,
      "left": 1
    },
    "feat": {
      "utility": 0.0,
      "query_shape": [
        [
          "Seq Scan",
          "Hash Join",
          "Sort",
          "Gather Merge",
          "Nested Loop",
          "Aggregate"
        ],
        [
          "Seq Scan",
          "Hash Join",
          "Hash",
          "Sort",
          "Gather Merge",
          "Nested Loop",
          "Aggregate"
        ],
        [
          "Seq Scan",
          "Hash",
          "Hash Join",
          "Sort",
          "Gather Merge",
          "Nested Loop",
          "Aggregate"
        ],
        [
          "Seq Scan",
          "Hash",
          "Hash Join",
          "Sort",
          "Gather Merge",
          "Nested Loop",
          "Aggregate"
        ],
        [
          "Seq Scan",
          "Hash Join",
          "Gather",
          "Materialize",
          "Nested Loop",
          "Aggregate"
        ],
        [
          "Seq Scan",
          "Hash",
          "Hash Join",
          "Gather",
          "Materialize",
          "Nested Loop",
          "Aggregate"
        ],
        [
          "Seq Scan",
          "Hash Join",
          "Hash",
          "Gather",
          "Materialize",
          "Nested Loop",
          "Aggregate"
        ],
        [
          "Seq Scan",
          "Hash",
          "Hash Join",
          "Gather",
          "Materialize",
          "Nested Loop",
          "Aggregate"
        ]
      ],
      "index_shape": [
        "order-by"
      ],
      "physical_operator": {
        "Sort": [
          "[0. 0. 0. 0. 0. 0. 0. 0. 0. 0. 0. 0. 0. 0. 0. 0. 0. 0. 0. 0. 0. 0. 0. 0.\n 0. 0. 0. 0. 0. 0. 0. 0. 0. 0. 0. 0. 0. 0. 0. 0. 0. 0. 0. 0. 0. 0. 0. 0.\n 0. 0. 0.]"
        ],
        "Aggregate": [
          "[0. 0. 0. 0. 0. 0. 0. 0. 0. 0. 0. 0. 0. 0. 0. 0. 0. 0. 0. 0. 0. 0. 0. 0.\n 0. 0. 0. 0. 0. 0. 0. 0. 0. 0. 0. 0. 0. 0. 0. 0. 0. 0. 0. 0. 0. 0. 0. 0.\n 0. 0. 0.]"
        ]
      }
    }
  },
  {
    "query": "select   \n     i_item_id\n    ,i_item_desc\n    ,s_store_id\n    ,s_store_name\n    ,stddev_samp(ss_quantity)        as store_sales_quantity\n    ,stddev_samp(sr_return_quantity) as store_returns_quantity\n    ,stddev_samp(cs_quantity)        as catalog_sales_quantity\n from\n    store_sales\n   ,store_returns\n   ,catalog_sales\n   ,date_dim             d1\n   ,date_dim             d2\n   ,date_dim             d3\n   ,store\n   ,item\n where\n     d1.d_moy               = 4 \n and d1.d_year              = 1999\n and d1.d_date_sk           = ss_sold_date_sk\n and i_item_sk              = ss_item_sk\n and s_store_sk             = ss_store_sk\n and ss_customer_sk         = sr_customer_sk\n and ss_item_sk             = sr_item_sk\n and ss_ticket_number       = sr_ticket_number\n and sr_returned_date_sk    = d2.d_date_sk\n and d2.d_moy               between 4 and  4 + 3 \n and d2.d_year              = 1999\n and sr_customer_sk         = cs_bill_customer_sk\n and sr_item_sk             = cs_item_sk\n and cs_sold_date_sk        = d3.d_date_sk     \n and d3.d_year              in (1999,1999+1,1999+2)\n group by\n    i_item_id\n   ,i_item_desc\n   ,s_store_id\n   ,s_store_name\n order by\n    i_item_id \n   ,i_item_desc\n   ,s_store_id\n   ,s_store_name\n limit 100;\n\n-- end query 19 in stream 0 using template query29.tpl\n",
    "indexes": "item.i_item_desc",
    "wo plan est": {
      "Node Type": "Limit",
      "Parallel Aware": false,
      "Async Capable": false,
      "Startup Cost": 762542.58,
      "Total Cost": 1221390.95,
      "Plan Rows": 1,
      "Plan Width": 236,
      "Plans": [
        {
          "Node Type": "Aggregate",
          "Strategy": "Sorted",
          "Partial Mode": "Simple",
          "Parent Relationship": "Outer",
          "Parallel Aware": false,
          "Async Capable": false,
          "Startup Cost": 762542.58,
          "Total Cost": 1221390.95,
          "Plan Rows": 1,
          "Plan Width": 236,
          "Group Key": [
            "item.i_item_id",
            "item.i_item_desc",
            "store.s_store_id",
            "store.s_store_name"
          ],
          "Plans": [
            {
              "Node Type": "Nested Loop",
              "Parent Relationship": "Outer",
              "Parallel Aware": false,
              "Async Capable": false,
              "Join Type": "Inner",
              "Startup Cost": 762542.58,
              "Total Cost": 1221390.92,
              "Plan Rows": 1,
              "Plan Width": 152,
              "Inner Unique": false,
              "Join Filter": "((item.i_item_sk = store_returns.sr_item_sk) AND (store_sales.ss_customer_sk = store_returns.sr_customer_sk) AND (store_sales.ss_ticket_number = store_returns.sr_ticket_number))",
              "Plans": [
                {
                  "Node Type": "Gather Merge",
                  "Parent Relationship": "Outer",
                  "Parallel Aware": false,
                  "Async Capable": false,
                  "Startup Cost": 692960.09,
                  "Total Cost": 694214.78,
                  "Plan Rows": 10773,
                  "Plan Width": 160,
                  "Workers Planned": 2,
                  "Plans": [
                    {
                      "Node Type": "Sort",
                      "Parent Relationship": "Outer",
                      "Parallel Aware": false,
                      "Async Capable": false,
                      "Startup Cost": 691960.07,
                      "Total Cost": 691971.29,
                      "Plan Rows": 4489,
                      "Plan Width": 160,
                      "Sort Key": [
                        "item.i_item_id",
                        "item.i_item_desc",
                        "store.s_store_id",
                        "store.s_store_name"
                      ],
                      "Plans": [
                        {
                          "Node Type": "Hash Join",
                          "Parent Relationship": "Outer",
                          "Parallel Aware": true,
                          "Async Capable": false,
                          "Join Type": "Inner",
                          "Startup Cost": 684120.68,
                          "Total Cost": 691687.76,
                          "Plan Rows": 4489,
                          "Plan Width": 160,
                          "Inner Unique": false,
                          "Hash Cond": "(item.i_item_sk = store_sales.ss_item_sk)",
                          "Plans": [
                            {
                              "Node Type": "Seq Scan",
                              "Parent Relationship": "Outer",
                              "Parallel Aware": true,
                              "Async Capable": false,
                              "Relation Name": "item",
                              "Alias": "item",
                              "Startup Cost": 0.0,
                              "Total Cost": 7389.0,
                              "Plan Rows": 42500,
                              "Plan Width": 123,
                              "parent": 5,
                              "ID": 6
                            },
                            {
                              "Node Type": "Hash",
                              "Parent Relationship": "Inner",
                              "Parallel Aware": true,
                              "Async Capable": false,
                              "Startup Cost": 684064.57,
                              "Total Cost": 684064.57,
                              "Plan Rows": 4489,
                              "Plan Width": 37,
                              "Plans": [
                                {
                                  "Node Type": "Hash Join",
                                  "Parent Relationship": "Outer",
                                  "Parallel Aware": false,
                                  "Async Capable": false,
                                  "Join Type": "Inner",
                                  "Startup Cost": 2057.07,
                                  "Total Cost": 684064.57,
                                  "Plan Rows": 4489,
                                  "Plan Width": 37,
                                  "Inner Unique": false,
                                  "Hash Cond": "(store_sales.ss_store_sk = store.s_store_sk)",
                                  "Plans": [
                                    {
                                      "Node Type": "Hash Join",
                                      "Parent Relationship": "Outer",
                                      "Parallel Aware": true,
                                      "Async Capable": false,
                                      "Join Type": "Inner",
                                      "Startup Cost": 2049.78,
                                      "Total Cost": 683994.75,
                                      "Plan Rows": 4703,
                                      "Plan Width": 20,
                                      "Inner Unique": false,
                                      "Hash Cond": "(store_sales.ss_sold_date_sk = d1.d_date_sk)",
                                      "Plans": [
                                        {
                                          "Node Type": "Seq Scan",
                                          "Parent Relationship": "Outer",
                                          "Parallel Aware": true,
                                          "Async Capable": false,
                                          "Relation Name": "store_sales",
                                          "Alias": "store_sales",
                                          "Startup Cost": 0.0,
                                          "Total Cost": 636914.37,
                                          "Plan Rows": 12000637,
                                          "Plan Width": 24,
                                          "parent": 9,
                                          "ID": 10
                                        },
                                        {
                                          "Node Type": "Hash",
                                          "Parent Relationship": "Inner",
                                          "Parallel Aware": true,
                                          "Async Capable": false,
                                          "Startup Cost": 2049.55,
                                          "Total Cost": 2049.55,
                                          "Plan Rows": 18,
                                          "Plan Width": 4,
                                          "Plans": [
                                            {
                                              "Node Type": "Seq Scan",
                                              "Parent Relationship": "Outer",
                                              "Parallel Aware": true,
                                              "Async Capable": false,
                                              "Relation Name": "date_dim",
                                              "Alias": "d1",
                                              "Startup Cost": 0.0,
                                              "Total Cost": 2049.55,
                                              "Plan Rows": 18,
                                              "Plan Width": 4,
                                              "Filter": "((d_moy = 4) AND (d_year = 1999))",
                                              "parent": 11,
                                              "ID": 12
                                            }
                                          ],
                                          "parent": 9,
                                          "ID": 11,
                                          "left": 12
                                        }
                                      ],
                                      "parent": 8,
                                      "ID": 9,
                                      "left": 10,
                                      "right": 11
                                    },
                                    {
                                      "Node Type": "Hash",
                                      "Parent Relationship": "Inner",
                                      "Parallel Aware": false,
                                      "Async Capable": false,
                                      "Startup Cost": 6.02,
                                      "Total Cost": 6.02,
                                      "Plan Rows": 102,
                                      "Plan Width": 25,
                                      "Plans": [
                                        {
                                          "Node Type": "Seq Scan",
                                          "Parent Relationship": "Outer",
                                          "Parallel Aware": false,
                                          "Async Capable": false,
                                          "Relation Name": "store",
                                          "Alias": "store",
                                          "Startup Cost": 0.0,
                                          "Total Cost": 6.02,
                                          "Plan Rows": 102,
                                          "Plan Width": 25,
                                          "parent": 13,
                                          "ID": 14
                                        }
                                      ],
                                      "parent": 8,
                                      "ID": 13,
                                      "left": 14
                                    }
                                  ],
                                  "parent": 7,
                                  "ID": 8,
                                  "left": 9,
                                  "right": 13
                                }
                              ],
                              "parent": 5,
                              "ID": 7,
                              "left": 8
                            }
                          ],
                          "parent": 4,
                          "ID": 5,
                          "left": 6,
                          "right": 7
                        }
                      ],
                      "parent": 3,
                      "ID": 4,
                      "left": 5
                    }
                  ],
                  "parent": 2,
                  "ID": 3,
                  "left": 4
                },
                {
                  "Node Type": "Materialize",
                  "Parent Relationship": "Inner",
                  "Parallel Aware": false,
                  "Async Capable": false,
                  "Startup Cost": 69582.49,
                  "Total Cost": 526960.68,
                  "Plan Rows": 1,
                  "Plan Width": 28,
                  "Plans": [
                    {
                      "Node Type": "Gather",
                      "Parent Relationship": "Outer",
                      "Parallel Aware": false,
                      "Async Capable": false,
                      "Startup Cost": 69582.49,
                      "Total Cost": 526960.67,
                      "Plan Rows": 1,
                      "Plan Width": 28,
                      "Workers Planned": 2,
                      "Single Copy": false,
                      "Plans": [
                        {
                          "Node Type": "Hash Join",
                          "Parent Relationship": "Outer",
                          "Parallel Aware": true,
                          "Async Capable": false,
                          "Join Type": "Inner",
                          "Startup Cost": 68582.49,
                          "Total Cost": 525960.57,
                          "Plan Rows": 1,
                          "Plan Width": 28,
                          "Inner Unique": false,
                          "Hash Cond": "((catalog_sales.cs_item_sk = store_returns.sr_item_sk) AND (catalog_sales.cs_bill_customer_sk = store_returns.sr_customer_sk))",
                          "Plans": [
                            {
                              "Node Type": "Hash Join",
                              "Parent Relationship": "Outer",
                              "Parallel Aware": true,
                              "Async Capable": false,
                              "Join Type": "Inner",
                              "Startup Cost": 2003.83,
                              "Total Cost": 458715.99,
                              "Plan Rows": 88788,
                              "Plan Width": 12,
                              "Inner Unique": false,
                              "Hash Cond": "(catalog_sales.cs_sold_date_sk = d3.d_date_sk)",
                              "Plans": [
                                {
                                  "Node Type": "Seq Scan",
                                  "Parent Relationship": "Outer",
                                  "Parallel Aware": true,
                                  "Async Capable": false,
                                  "Relation Name": "catalog_sales",
                                  "Alias": "catalog_sales",
                                  "Startup Cost": 0.0,
                                  "Total Cost": 433688.25,
                                  "Plan Rows": 6000525,
                                  "Plan Width": 16,
                                  "parent": 18,
                                  "ID": 19
                                },
                                {
                                  "Node Type": "Hash",
                                  "Parent Relationship": "Inner",
                                  "Parallel Aware": true,
                                  "Async Capable": false,
                                  "Startup Cost": 1995.84,
                                  "Total Cost": 1995.84,
                                  "Plan Rows": 639,
                                  "Plan Width": 4,
                                  "Plans": [
                                    {
                                      "Node Type": "Seq Scan",
                                      "Parent Relationship": "Outer",
                                      "Parallel Aware": true,
                                      "Async Capable": false,
                                      "Relation Name": "date_dim",
                                      "Alias": "d3",
                                      "Startup Cost": 0.0,
                                      "Total Cost": 1995.84,
                                      "Plan Rows": 639,
                                      "Plan Width": 4,
                                      "Filter": "(d_year = ANY ('{1999,2000,2001}'::integer[]))",
                                      "parent": 20,
                                      "ID": 21
                                    }
                                  ],
                                  "parent": 18,
                                  "ID": 20,
                                  "left": 21
                                }
                              ],
                              "parent": 17,
                              "ID": 18,
                              "left": 19,
                              "right": 20
                            },
                            {
                              "Node Type": "Hash",
                              "Parent Relationship": "Inner",
                              "Parallel Aware": true,
                              "Async Capable": false,
                              "Startup Cost": 66549.88,
                              "Total Cost": 66549.88,
                              "Plan Rows": 1919,
                              "Plan Width": 16,
                              "Plans": [
                                {
                                  "Node Type": "Hash Join",
                                  "Parent Relationship": "Outer",
                                  "Parallel Aware": true,
                                  "Async Capable": false,
                                  "Join Type": "Inner",
                                  "Startup Cost": 2157.86,
                                  "Total Cost": 66549.88,
                                  "Plan Rows": 1919,
                                  "Plan Width": 16,
                                  "Inner Unique": false,
                                  "Hash Cond": "(store_returns.sr_returned_date_sk = d2.d_date_sk)",
                                  "Plans": [
                                    {
                                      "Node Type": "Seq Scan",
                                      "Parent Relationship": "Outer",
                                      "Parallel Aware": true,
                                      "Async Capable": false,
                                      "Relation Name": "store_returns",
                                      "Alias": "store_returns",
                                      "Startup Cost": 0.0,
                                      "Total Cost": 59887.64,
                                      "Plan Rows": 1198164,
                                      "Plan Width": 20,
                                      "parent": 23,
                                      "ID": 24
                                    },
                                    {
                                      "Node Type": "Hash",
                                      "Parent Relationship": "Inner",
                                      "Parallel Aware": true,
                                      "Async Capable": false,
                                      "Startup Cost": 2156.97,
                                      "Total Cost": 2156.97,
                                      "Plan Rows": 71,
                                      "Plan Width": 4,
                                      "Plans": [
                                        {
                                          "Node Type": "Seq Scan",
                                          "Parent Relationship": "Outer",
                                          "Parallel Aware": true,
                                          "Async Capable": false,
                                          "Relation Name": "date_dim",
                                          "Alias": "d2",
                                          "Startup Cost": 0.0,
                                          "Total Cost": 2156.97,
                                          "Plan Rows": 71,
                                          "Plan Width": 4,
                                          "Filter": "((d_moy >= 4) AND (d_moy <= 7) AND (d_year = 1999))",
                                          "parent": 25,
                                          "ID": 26
                                        }
                                      ],
                                      "parent": 23,
                                      "ID": 25,
                                      "left": 26
                                    }
                                  ],
                                  "parent": 22,
                                  "ID": 23,
                                  "left": 24,
                                  "right": 25
                                }
                              ],
                              "parent": 17,
                              "ID": 22,
                              "left": 23
                            }
                          ],
                          "parent": 16,
                          "ID": 17,
                          "left": 18,
                          "right": 22
                        }
                      ],
                      "parent": 15,
                      "ID": 16,
                      "left": 17
                    }
                  ],
                  "parent": 2,
                  "ID": 15,
                  "left": 16
                }
              ],
              "parent": 1,
              "ID": 2,
              "left": 3,
              "right": 15
            }
          ],
          "parent": 0,
          "ID": 1,
          "left": 2
        }
      ],
      "parent": null,
      "ID": 0,
      "left": 1
    },
    "feat": {
      "utility": 0.0,
      "query_shape": [
        [
          "Seq Scan",
          "Hash Join",
          "Sort",
          "Gather Merge",
          "Nested Loop",
          "Aggregate"
        ],
        [
          "Seq Scan",
          "Hash Join",
          "Hash",
          "Sort",
          "Gather Merge",
          "Nested Loop",
          "Aggregate"
        ],
        [
          "Seq Scan",
          "Hash",
          "Hash Join",
          "Sort",
          "Gather Merge",
          "Nested Loop",
          "Aggregate"
        ],
        [
          "Seq Scan",
          "Hash",
          "Hash Join",
          "Sort",
          "Gather Merge",
          "Nested Loop",
          "Aggregate"
        ],
        [
          "Seq Scan",
          "Hash Join",
          "Gather",
          "Materialize",
          "Nested Loop",
          "Aggregate"
        ],
        [
          "Seq Scan",
          "Hash",
          "Hash Join",
          "Gather",
          "Materialize",
          "Nested Loop",
          "Aggregate"
        ],
        [
          "Seq Scan",
          "Hash Join",
          "Hash",
          "Gather",
          "Materialize",
          "Nested Loop",
          "Aggregate"
        ],
        [
          "Seq Scan",
          "Hash",
          "Hash Join",
          "Gather",
          "Materialize",
          "Nested Loop",
          "Aggregate"
        ]
      ],
      "index_shape": [
        "order-by"
      ],
      "physical_operator": {
        "Sort": [
          "[0. 0. 0. 0. 0. 0. 0. 0. 0. 0. 0. 0. 0. 0. 0. 0. 0. 0. 0. 0. 0. 0. 0. 0.\n 0. 0. 0. 0. 0. 0. 0. 0. 0. 0. 0. 0. 0. 0. 0. 0. 0. 0. 0. 0. 0. 0. 0. 0.\n 0. 0. 0.]"
        ],
        "Aggregate": [
          "[0. 0. 0. 0. 0. 0. 0. 0. 0. 0. 0. 0. 0. 0. 0. 0. 0. 0. 0. 0. 0. 0. 0. 0.\n 0. 0. 0. 0. 0. 0. 0. 0. 0. 0. 0. 0. 0. 0. 0. 0. 0. 0. 0. 0. 0. 0. 0. 0.\n 0. 0. 0.]"
        ]
      }
    }
  },
  {
    "query": "select   \n     i_item_id\n    ,i_item_desc\n    ,s_store_id\n    ,s_store_name\n    ,stddev_samp(ss_quantity)        as store_sales_quantity\n    ,stddev_samp(sr_return_quantity) as store_returns_quantity\n    ,stddev_samp(cs_quantity)        as catalog_sales_quantity\n from\n    store_sales\n   ,store_returns\n   ,catalog_sales\n   ,date_dim             d1\n   ,date_dim             d2\n   ,date_dim             d3\n   ,store\n   ,item\n where\n     d1.d_moy               = 4 \n and d1.d_year              = 1999\n and d1.d_date_sk           = ss_sold_date_sk\n and i_item_sk              = ss_item_sk\n and s_store_sk             = ss_store_sk\n and ss_customer_sk         = sr_customer_sk\n and ss_item_sk             = sr_item_sk\n and ss_ticket_number       = sr_ticket_number\n and sr_returned_date_sk    = d2.d_date_sk\n and d2.d_moy               between 4 and  4 + 3 \n and d2.d_year              = 1999\n and sr_customer_sk         = cs_bill_customer_sk\n and sr_item_sk             = cs_item_sk\n and cs_sold_date_sk        = d3.d_date_sk     \n and d3.d_year              in (1999,1999+1,1999+2)\n group by\n    i_item_id\n   ,i_item_desc\n   ,s_store_id\n   ,s_store_name\n order by\n    i_item_id \n   ,i_item_desc\n   ,s_store_id\n   ,s_store_name\n limit 100;\n\n-- end query 19 in stream 0 using template query29.tpl\n",
    "indexes": "store.s_store_sk",
    "wo plan est": {
      "Node Type": "Limit",
      "Parallel Aware": false,
      "Async Capable": false,
      "Startup Cost": 762542.58,
      "Total Cost": 1221390.95,
      "Plan Rows": 1,
      "Plan Width": 236,
      "Plans": [
        {
          "Node Type": "Aggregate",
          "Strategy": "Sorted",
          "Partial Mode": "Simple",
          "Parent Relationship": "Outer",
          "Parallel Aware": false,
          "Async Capable": false,
          "Startup Cost": 762542.58,
          "Total Cost": 1221390.95,
          "Plan Rows": 1,
          "Plan Width": 236,
          "Group Key": [
            "item.i_item_id",
            "item.i_item_desc",
            "store.s_store_id",
            "store.s_store_name"
          ],
          "Plans": [
            {
              "Node Type": "Nested Loop",
              "Parent Relationship": "Outer",
              "Parallel Aware": false,
              "Async Capable": false,
              "Join Type": "Inner",
              "Startup Cost": 762542.58,
              "Total Cost": 1221390.92,
              "Plan Rows": 1,
              "Plan Width": 152,
              "Inner Unique": false,
              "Join Filter": "((item.i_item_sk = store_returns.sr_item_sk) AND (store_sales.ss_customer_sk = store_returns.sr_customer_sk) AND (store_sales.ss_ticket_number = store_returns.sr_ticket_number))",
              "Plans": [
                {
                  "Node Type": "Gather Merge",
                  "Parent Relationship": "Outer",
                  "Parallel Aware": false,
                  "Async Capable": false,
                  "Startup Cost": 692960.09,
                  "Total Cost": 694214.78,
                  "Plan Rows": 10773,
                  "Plan Width": 160,
                  "Workers Planned": 2,
                  "Plans": [
                    {
                      "Node Type": "Sort",
                      "Parent Relationship": "Outer",
                      "Parallel Aware": false,
                      "Async Capable": false,
                      "Startup Cost": 691960.07,
                      "Total Cost": 691971.29,
                      "Plan Rows": 4489,
                      "Plan Width": 160,
                      "Sort Key": [
                        "item.i_item_id",
                        "item.i_item_desc",
                        "store.s_store_id",
                        "store.s_store_name"
                      ],
                      "Plans": [
                        {
                          "Node Type": "Hash Join",
                          "Parent Relationship": "Outer",
                          "Parallel Aware": true,
                          "Async Capable": false,
                          "Join Type": "Inner",
                          "Startup Cost": 684120.68,
                          "Total Cost": 691687.76,
                          "Plan Rows": 4489,
                          "Plan Width": 160,
                          "Inner Unique": false,
                          "Hash Cond": "(item.i_item_sk = store_sales.ss_item_sk)",
                          "Plans": [
                            {
                              "Node Type": "Seq Scan",
                              "Parent Relationship": "Outer",
                              "Parallel Aware": true,
                              "Async Capable": false,
                              "Relation Name": "item",
                              "Alias": "item",
                              "Startup Cost": 0.0,
                              "Total Cost": 7389.0,
                              "Plan Rows": 42500,
                              "Plan Width": 123,
                              "parent": 5,
                              "ID": 6
                            },
                            {
                              "Node Type": "Hash",
                              "Parent Relationship": "Inner",
                              "Parallel Aware": true,
                              "Async Capable": false,
                              "Startup Cost": 684064.57,
                              "Total Cost": 684064.57,
                              "Plan Rows": 4489,
                              "Plan Width": 37,
                              "Plans": [
                                {
                                  "Node Type": "Hash Join",
                                  "Parent Relationship": "Outer",
                                  "Parallel Aware": false,
                                  "Async Capable": false,
                                  "Join Type": "Inner",
                                  "Startup Cost": 2057.07,
                                  "Total Cost": 684064.57,
                                  "Plan Rows": 4489,
                                  "Plan Width": 37,
                                  "Inner Unique": false,
                                  "Hash Cond": "(store_sales.ss_store_sk = store.s_store_sk)",
                                  "Plans": [
                                    {
                                      "Node Type": "Hash Join",
                                      "Parent Relationship": "Outer",
                                      "Parallel Aware": true,
                                      "Async Capable": false,
                                      "Join Type": "Inner",
                                      "Startup Cost": 2049.78,
                                      "Total Cost": 683994.75,
                                      "Plan Rows": 4703,
                                      "Plan Width": 20,
                                      "Inner Unique": false,
                                      "Hash Cond": "(store_sales.ss_sold_date_sk = d1.d_date_sk)",
                                      "Plans": [
                                        {
                                          "Node Type": "Seq Scan",
                                          "Parent Relationship": "Outer",
                                          "Parallel Aware": true,
                                          "Async Capable": false,
                                          "Relation Name": "store_sales",
                                          "Alias": "store_sales",
                                          "Startup Cost": 0.0,
                                          "Total Cost": 636914.37,
                                          "Plan Rows": 12000637,
                                          "Plan Width": 24,
                                          "parent": 9,
                                          "ID": 10
                                        },
                                        {
                                          "Node Type": "Hash",
                                          "Parent Relationship": "Inner",
                                          "Parallel Aware": true,
                                          "Async Capable": false,
                                          "Startup Cost": 2049.55,
                                          "Total Cost": 2049.55,
                                          "Plan Rows": 18,
                                          "Plan Width": 4,
                                          "Plans": [
                                            {
                                              "Node Type": "Seq Scan",
                                              "Parent Relationship": "Outer",
                                              "Parallel Aware": true,
                                              "Async Capable": false,
                                              "Relation Name": "date_dim",
                                              "Alias": "d1",
                                              "Startup Cost": 0.0,
                                              "Total Cost": 2049.55,
                                              "Plan Rows": 18,
                                              "Plan Width": 4,
                                              "Filter": "((d_moy = 4) AND (d_year = 1999))",
                                              "parent": 11,
                                              "ID": 12
                                            }
                                          ],
                                          "parent": 9,
                                          "ID": 11,
                                          "left": 12
                                        }
                                      ],
                                      "parent": 8,
                                      "ID": 9,
                                      "left": 10,
                                      "right": 11
                                    },
                                    {
                                      "Node Type": "Hash",
                                      "Parent Relationship": "Inner",
                                      "Parallel Aware": false,
                                      "Async Capable": false,
                                      "Startup Cost": 6.02,
                                      "Total Cost": 6.02,
                                      "Plan Rows": 102,
                                      "Plan Width": 25,
                                      "Plans": [
                                        {
                                          "Node Type": "Seq Scan",
                                          "Parent Relationship": "Outer",
                                          "Parallel Aware": false,
                                          "Async Capable": false,
                                          "Relation Name": "store",
                                          "Alias": "store",
                                          "Startup Cost": 0.0,
                                          "Total Cost": 6.02,
                                          "Plan Rows": 102,
                                          "Plan Width": 25,
                                          "parent": 13,
                                          "ID": 14
                                        }
                                      ],
                                      "parent": 8,
                                      "ID": 13,
                                      "left": 14
                                    }
                                  ],
                                  "parent": 7,
                                  "ID": 8,
                                  "left": 9,
                                  "right": 13
                                }
                              ],
                              "parent": 5,
                              "ID": 7,
                              "left": 8
                            }
                          ],
                          "parent": 4,
                          "ID": 5,
                          "left": 6,
                          "right": 7
                        }
                      ],
                      "parent": 3,
                      "ID": 4,
                      "left": 5
                    }
                  ],
                  "parent": 2,
                  "ID": 3,
                  "left": 4
                },
                {
                  "Node Type": "Materialize",
                  "Parent Relationship": "Inner",
                  "Parallel Aware": false,
                  "Async Capable": false,
                  "Startup Cost": 69582.49,
                  "Total Cost": 526960.68,
                  "Plan Rows": 1,
                  "Plan Width": 28,
                  "Plans": [
                    {
                      "Node Type": "Gather",
                      "Parent Relationship": "Outer",
                      "Parallel Aware": false,
                      "Async Capable": false,
                      "Startup Cost": 69582.49,
                      "Total Cost": 526960.67,
                      "Plan Rows": 1,
                      "Plan Width": 28,
                      "Workers Planned": 2,
                      "Single Copy": false,
                      "Plans": [
                        {
                          "Node Type": "Hash Join",
                          "Parent Relationship": "Outer",
                          "Parallel Aware": true,
                          "Async Capable": false,
                          "Join Type": "Inner",
                          "Startup Cost": 68582.49,
                          "Total Cost": 525960.57,
                          "Plan Rows": 1,
                          "Plan Width": 28,
                          "Inner Unique": false,
                          "Hash Cond": "((catalog_sales.cs_item_sk = store_returns.sr_item_sk) AND (catalog_sales.cs_bill_customer_sk = store_returns.sr_customer_sk))",
                          "Plans": [
                            {
                              "Node Type": "Hash Join",
                              "Parent Relationship": "Outer",
                              "Parallel Aware": true,
                              "Async Capable": false,
                              "Join Type": "Inner",
                              "Startup Cost": 2003.83,
                              "Total Cost": 458715.99,
                              "Plan Rows": 88788,
                              "Plan Width": 12,
                              "Inner Unique": false,
                              "Hash Cond": "(catalog_sales.cs_sold_date_sk = d3.d_date_sk)",
                              "Plans": [
                                {
                                  "Node Type": "Seq Scan",
                                  "Parent Relationship": "Outer",
                                  "Parallel Aware": true,
                                  "Async Capable": false,
                                  "Relation Name": "catalog_sales",
                                  "Alias": "catalog_sales",
                                  "Startup Cost": 0.0,
                                  "Total Cost": 433688.25,
                                  "Plan Rows": 6000525,
                                  "Plan Width": 16,
                                  "parent": 18,
                                  "ID": 19
                                },
                                {
                                  "Node Type": "Hash",
                                  "Parent Relationship": "Inner",
                                  "Parallel Aware": true,
                                  "Async Capable": false,
                                  "Startup Cost": 1995.84,
                                  "Total Cost": 1995.84,
                                  "Plan Rows": 639,
                                  "Plan Width": 4,
                                  "Plans": [
                                    {
                                      "Node Type": "Seq Scan",
                                      "Parent Relationship": "Outer",
                                      "Parallel Aware": true,
                                      "Async Capable": false,
                                      "Relation Name": "date_dim",
                                      "Alias": "d3",
                                      "Startup Cost": 0.0,
                                      "Total Cost": 1995.84,
                                      "Plan Rows": 639,
                                      "Plan Width": 4,
                                      "Filter": "(d_year = ANY ('{1999,2000,2001}'::integer[]))",
                                      "parent": 20,
                                      "ID": 21
                                    }
                                  ],
                                  "parent": 18,
                                  "ID": 20,
                                  "left": 21
                                }
                              ],
                              "parent": 17,
                              "ID": 18,
                              "left": 19,
                              "right": 20
                            },
                            {
                              "Node Type": "Hash",
                              "Parent Relationship": "Inner",
                              "Parallel Aware": true,
                              "Async Capable": false,
                              "Startup Cost": 66549.88,
                              "Total Cost": 66549.88,
                              "Plan Rows": 1919,
                              "Plan Width": 16,
                              "Plans": [
                                {
                                  "Node Type": "Hash Join",
                                  "Parent Relationship": "Outer",
                                  "Parallel Aware": true,
                                  "Async Capable": false,
                                  "Join Type": "Inner",
                                  "Startup Cost": 2157.86,
                                  "Total Cost": 66549.88,
                                  "Plan Rows": 1919,
                                  "Plan Width": 16,
                                  "Inner Unique": false,
                                  "Hash Cond": "(store_returns.sr_returned_date_sk = d2.d_date_sk)",
                                  "Plans": [
                                    {
                                      "Node Type": "Seq Scan",
                                      "Parent Relationship": "Outer",
                                      "Parallel Aware": true,
                                      "Async Capable": false,
                                      "Relation Name": "store_returns",
                                      "Alias": "store_returns",
                                      "Startup Cost": 0.0,
                                      "Total Cost": 59887.64,
                                      "Plan Rows": 1198164,
                                      "Plan Width": 20,
                                      "parent": 23,
                                      "ID": 24
                                    },
                                    {
                                      "Node Type": "Hash",
                                      "Parent Relationship": "Inner",
                                      "Parallel Aware": true,
                                      "Async Capable": false,
                                      "Startup Cost": 2156.97,
                                      "Total Cost": 2156.97,
                                      "Plan Rows": 71,
                                      "Plan Width": 4,
                                      "Plans": [
                                        {
                                          "Node Type": "Seq Scan",
                                          "Parent Relationship": "Outer",
                                          "Parallel Aware": true,
                                          "Async Capable": false,
                                          "Relation Name": "date_dim",
                                          "Alias": "d2",
                                          "Startup Cost": 0.0,
                                          "Total Cost": 2156.97,
                                          "Plan Rows": 71,
                                          "Plan Width": 4,
                                          "Filter": "((d_moy >= 4) AND (d_moy <= 7) AND (d_year = 1999))",
                                          "parent": 25,
                                          "ID": 26
                                        }
                                      ],
                                      "parent": 23,
                                      "ID": 25,
                                      "left": 26
                                    }
                                  ],
                                  "parent": 22,
                                  "ID": 23,
                                  "left": 24,
                                  "right": 25
                                }
                              ],
                              "parent": 17,
                              "ID": 22,
                              "left": 23
                            }
                          ],
                          "parent": 16,
                          "ID": 17,
                          "left": 18,
                          "right": 22
                        }
                      ],
                      "parent": 15,
                      "ID": 16,
                      "left": 17
                    }
                  ],
                  "parent": 2,
                  "ID": 15,
                  "left": 16
                }
              ],
              "parent": 1,
              "ID": 2,
              "left": 3,
              "right": 15
            }
          ],
          "parent": 0,
          "ID": 1,
          "left": 2
        }
      ],
      "parent": null,
      "ID": 0,
      "left": 1
    },
    "feat": {
      "utility": 0.0015951598311317351,
      "query_shape": [
        [
          "Seq Scan",
          "Hash Join",
          "Sort",
          "Gather Merge",
          "Nested Loop",
          "Aggregate"
        ],
        [
          "Seq Scan",
          "Hash Join",
          "Hash",
          "Sort",
          "Gather Merge",
          "Nested Loop",
          "Aggregate"
        ],
        [
          "Seq Scan",
          "Hash",
          "Hash Join",
          "Sort",
          "Gather Merge",
          "Nested Loop",
          "Aggregate"
        ],
        [
          "Seq Scan",
          "Hash",
          "Hash Join",
          "Sort",
          "Gather Merge",
          "Nested Loop",
          "Aggregate"
        ],
        [
          "Seq Scan",
          "Hash Join",
          "Gather",
          "Materialize",
          "Nested Loop",
          "Aggregate"
        ],
        [
          "Seq Scan",
          "Hash",
          "Hash Join",
          "Gather",
          "Materialize",
          "Nested Loop",
          "Aggregate"
        ],
        [
          "Seq Scan",
          "Hash Join",
          "Hash",
          "Gather",
          "Materialize",
          "Nested Loop",
          "Aggregate"
        ],
        [
          "Seq Scan",
          "Hash",
          "Hash Join",
          "Gather",
          "Materialize",
          "Nested Loop",
          "Aggregate"
        ]
      ],
      "index_shape": [
        "join"
      ],
      "physical_operator": {
        "Hash Join": [
          0.09673579996577163
        ]
      }
    }
  },
  {
    "query": "select   \n     i_item_id\n    ,i_item_desc\n    ,s_store_id\n    ,s_store_name\n    ,stddev_samp(ss_quantity)        as store_sales_quantity\n    ,stddev_samp(sr_return_quantity) as store_returns_quantity\n    ,stddev_samp(cs_quantity)        as catalog_sales_quantity\n from\n    store_sales\n   ,store_returns\n   ,catalog_sales\n   ,date_dim             d1\n   ,date_dim             d2\n   ,date_dim             d3\n   ,store\n   ,item\n where\n     d1.d_moy               = 4 \n and d1.d_year              = 1999\n and d1.d_date_sk           = ss_sold_date_sk\n and i_item_sk              = ss_item_sk\n and s_store_sk             = ss_store_sk\n and ss_customer_sk         = sr_customer_sk\n and ss_item_sk             = sr_item_sk\n and ss_ticket_number       = sr_ticket_number\n and sr_returned_date_sk    = d2.d_date_sk\n and d2.d_moy               between 4 and  4 + 3 \n and d2.d_year              = 1999\n and sr_customer_sk         = cs_bill_customer_sk\n and sr_item_sk             = cs_item_sk\n and cs_sold_date_sk        = d3.d_date_sk     \n and d3.d_year              in (1999,1999+1,1999+2)\n group by\n    i_item_id\n   ,i_item_desc\n   ,s_store_id\n   ,s_store_name\n order by\n    i_item_id \n   ,i_item_desc\n   ,s_store_id\n   ,s_store_name\n limit 100;\n\n-- end query 19 in stream 0 using template query29.tpl\n",
    "indexes": "store.s_store_id",
    "wo plan est": {
      "Node Type": "Limit",
      "Parallel Aware": false,
      "Async Capable": false,
      "Startup Cost": 762542.58,
      "Total Cost": 1221390.95,
      "Plan Rows": 1,
      "Plan Width": 236,
      "Plans": [
        {
          "Node Type": "Aggregate",
          "Strategy": "Sorted",
          "Partial Mode": "Simple",
          "Parent Relationship": "Outer",
          "Parallel Aware": false,
          "Async Capable": false,
          "Startup Cost": 762542.58,
          "Total Cost": 1221390.95,
          "Plan Rows": 1,
          "Plan Width": 236,
          "Group Key": [
            "item.i_item_id",
            "item.i_item_desc",
            "store.s_store_id",
            "store.s_store_name"
          ],
          "Plans": [
            {
              "Node Type": "Nested Loop",
              "Parent Relationship": "Outer",
              "Parallel Aware": false,
              "Async Capable": false,
              "Join Type": "Inner",
              "Startup Cost": 762542.58,
              "Total Cost": 1221390.92,
              "Plan Rows": 1,
              "Plan Width": 152,
              "Inner Unique": false,
              "Join Filter": "((item.i_item_sk = store_returns.sr_item_sk) AND (store_sales.ss_customer_sk = store_returns.sr_customer_sk) AND (store_sales.ss_ticket_number = store_returns.sr_ticket_number))",
              "Plans": [
                {
                  "Node Type": "Gather Merge",
                  "Parent Relationship": "Outer",
                  "Parallel Aware": false,
                  "Async Capable": false,
                  "Startup Cost": 692960.09,
                  "Total Cost": 694214.78,
                  "Plan Rows": 10773,
                  "Plan Width": 160,
                  "Workers Planned": 2,
                  "Plans": [
                    {
                      "Node Type": "Sort",
                      "Parent Relationship": "Outer",
                      "Parallel Aware": false,
                      "Async Capable": false,
                      "Startup Cost": 691960.07,
                      "Total Cost": 691971.29,
                      "Plan Rows": 4489,
                      "Plan Width": 160,
                      "Sort Key": [
                        "item.i_item_id",
                        "item.i_item_desc",
                        "store.s_store_id",
                        "store.s_store_name"
                      ],
                      "Plans": [
                        {
                          "Node Type": "Hash Join",
                          "Parent Relationship": "Outer",
                          "Parallel Aware": true,
                          "Async Capable": false,
                          "Join Type": "Inner",
                          "Startup Cost": 684120.68,
                          "Total Cost": 691687.76,
                          "Plan Rows": 4489,
                          "Plan Width": 160,
                          "Inner Unique": false,
                          "Hash Cond": "(item.i_item_sk = store_sales.ss_item_sk)",
                          "Plans": [
                            {
                              "Node Type": "Seq Scan",
                              "Parent Relationship": "Outer",
                              "Parallel Aware": true,
                              "Async Capable": false,
                              "Relation Name": "item",
                              "Alias": "item",
                              "Startup Cost": 0.0,
                              "Total Cost": 7389.0,
                              "Plan Rows": 42500,
                              "Plan Width": 123,
                              "parent": 5,
                              "ID": 6
                            },
                            {
                              "Node Type": "Hash",
                              "Parent Relationship": "Inner",
                              "Parallel Aware": true,
                              "Async Capable": false,
                              "Startup Cost": 684064.57,
                              "Total Cost": 684064.57,
                              "Plan Rows": 4489,
                              "Plan Width": 37,
                              "Plans": [
                                {
                                  "Node Type": "Hash Join",
                                  "Parent Relationship": "Outer",
                                  "Parallel Aware": false,
                                  "Async Capable": false,
                                  "Join Type": "Inner",
                                  "Startup Cost": 2057.07,
                                  "Total Cost": 684064.57,
                                  "Plan Rows": 4489,
                                  "Plan Width": 37,
                                  "Inner Unique": false,
                                  "Hash Cond": "(store_sales.ss_store_sk = store.s_store_sk)",
                                  "Plans": [
                                    {
                                      "Node Type": "Hash Join",
                                      "Parent Relationship": "Outer",
                                      "Parallel Aware": true,
                                      "Async Capable": false,
                                      "Join Type": "Inner",
                                      "Startup Cost": 2049.78,
                                      "Total Cost": 683994.75,
                                      "Plan Rows": 4703,
                                      "Plan Width": 20,
                                      "Inner Unique": false,
                                      "Hash Cond": "(store_sales.ss_sold_date_sk = d1.d_date_sk)",
                                      "Plans": [
                                        {
                                          "Node Type": "Seq Scan",
                                          "Parent Relationship": "Outer",
                                          "Parallel Aware": true,
                                          "Async Capable": false,
                                          "Relation Name": "store_sales",
                                          "Alias": "store_sales",
                                          "Startup Cost": 0.0,
                                          "Total Cost": 636914.37,
                                          "Plan Rows": 12000637,
                                          "Plan Width": 24,
                                          "parent": 9,
                                          "ID": 10
                                        },
                                        {
                                          "Node Type": "Hash",
                                          "Parent Relationship": "Inner",
                                          "Parallel Aware": true,
                                          "Async Capable": false,
                                          "Startup Cost": 2049.55,
                                          "Total Cost": 2049.55,
                                          "Plan Rows": 18,
                                          "Plan Width": 4,
                                          "Plans": [
                                            {
                                              "Node Type": "Seq Scan",
                                              "Parent Relationship": "Outer",
                                              "Parallel Aware": true,
                                              "Async Capable": false,
                                              "Relation Name": "date_dim",
                                              "Alias": "d1",
                                              "Startup Cost": 0.0,
                                              "Total Cost": 2049.55,
                                              "Plan Rows": 18,
                                              "Plan Width": 4,
                                              "Filter": "((d_moy = 4) AND (d_year = 1999))",
                                              "parent": 11,
                                              "ID": 12
                                            }
                                          ],
                                          "parent": 9,
                                          "ID": 11,
                                          "left": 12
                                        }
                                      ],
                                      "parent": 8,
                                      "ID": 9,
                                      "left": 10,
                                      "right": 11
                                    },
                                    {
                                      "Node Type": "Hash",
                                      "Parent Relationship": "Inner",
                                      "Parallel Aware": false,
                                      "Async Capable": false,
                                      "Startup Cost": 6.02,
                                      "Total Cost": 6.02,
                                      "Plan Rows": 102,
                                      "Plan Width": 25,
                                      "Plans": [
                                        {
                                          "Node Type": "Seq Scan",
                                          "Parent Relationship": "Outer",
                                          "Parallel Aware": false,
                                          "Async Capable": false,
                                          "Relation Name": "store",
                                          "Alias": "store",
                                          "Startup Cost": 0.0,
                                          "Total Cost": 6.02,
                                          "Plan Rows": 102,
                                          "Plan Width": 25,
                                          "parent": 13,
                                          "ID": 14
                                        }
                                      ],
                                      "parent": 8,
                                      "ID": 13,
                                      "left": 14
                                    }
                                  ],
                                  "parent": 7,
                                  "ID": 8,
                                  "left": 9,
                                  "right": 13
                                }
                              ],
                              "parent": 5,
                              "ID": 7,
                              "left": 8
                            }
                          ],
                          "parent": 4,
                          "ID": 5,
                          "left": 6,
                          "right": 7
                        }
                      ],
                      "parent": 3,
                      "ID": 4,
                      "left": 5
                    }
                  ],
                  "parent": 2,
                  "ID": 3,
                  "left": 4
                },
                {
                  "Node Type": "Materialize",
                  "Parent Relationship": "Inner",
                  "Parallel Aware": false,
                  "Async Capable": false,
                  "Startup Cost": 69582.49,
                  "Total Cost": 526960.68,
                  "Plan Rows": 1,
                  "Plan Width": 28,
                  "Plans": [
                    {
                      "Node Type": "Gather",
                      "Parent Relationship": "Outer",
                      "Parallel Aware": false,
                      "Async Capable": false,
                      "Startup Cost": 69582.49,
                      "Total Cost": 526960.67,
                      "Plan Rows": 1,
                      "Plan Width": 28,
                      "Workers Planned": 2,
                      "Single Copy": false,
                      "Plans": [
                        {
                          "Node Type": "Hash Join",
                          "Parent Relationship": "Outer",
                          "Parallel Aware": true,
                          "Async Capable": false,
                          "Join Type": "Inner",
                          "Startup Cost": 68582.49,
                          "Total Cost": 525960.57,
                          "Plan Rows": 1,
                          "Plan Width": 28,
                          "Inner Unique": false,
                          "Hash Cond": "((catalog_sales.cs_item_sk = store_returns.sr_item_sk) AND (catalog_sales.cs_bill_customer_sk = store_returns.sr_customer_sk))",
                          "Plans": [
                            {
                              "Node Type": "Hash Join",
                              "Parent Relationship": "Outer",
                              "Parallel Aware": true,
                              "Async Capable": false,
                              "Join Type": "Inner",
                              "Startup Cost": 2003.83,
                              "Total Cost": 458715.99,
                              "Plan Rows": 88788,
                              "Plan Width": 12,
                              "Inner Unique": false,
                              "Hash Cond": "(catalog_sales.cs_sold_date_sk = d3.d_date_sk)",
                              "Plans": [
                                {
                                  "Node Type": "Seq Scan",
                                  "Parent Relationship": "Outer",
                                  "Parallel Aware": true,
                                  "Async Capable": false,
                                  "Relation Name": "catalog_sales",
                                  "Alias": "catalog_sales",
                                  "Startup Cost": 0.0,
                                  "Total Cost": 433688.25,
                                  "Plan Rows": 6000525,
                                  "Plan Width": 16,
                                  "parent": 18,
                                  "ID": 19
                                },
                                {
                                  "Node Type": "Hash",
                                  "Parent Relationship": "Inner",
                                  "Parallel Aware": true,
                                  "Async Capable": false,
                                  "Startup Cost": 1995.84,
                                  "Total Cost": 1995.84,
                                  "Plan Rows": 639,
                                  "Plan Width": 4,
                                  "Plans": [
                                    {
                                      "Node Type": "Seq Scan",
                                      "Parent Relationship": "Outer",
                                      "Parallel Aware": true,
                                      "Async Capable": false,
                                      "Relation Name": "date_dim",
                                      "Alias": "d3",
                                      "Startup Cost": 0.0,
                                      "Total Cost": 1995.84,
                                      "Plan Rows": 639,
                                      "Plan Width": 4,
                                      "Filter": "(d_year = ANY ('{1999,2000,2001}'::integer[]))",
                                      "parent": 20,
                                      "ID": 21
                                    }
                                  ],
                                  "parent": 18,
                                  "ID": 20,
                                  "left": 21
                                }
                              ],
                              "parent": 17,
                              "ID": 18,
                              "left": 19,
                              "right": 20
                            },
                            {
                              "Node Type": "Hash",
                              "Parent Relationship": "Inner",
                              "Parallel Aware": true,
                              "Async Capable": false,
                              "Startup Cost": 66549.88,
                              "Total Cost": 66549.88,
                              "Plan Rows": 1919,
                              "Plan Width": 16,
                              "Plans": [
                                {
                                  "Node Type": "Hash Join",
                                  "Parent Relationship": "Outer",
                                  "Parallel Aware": true,
                                  "Async Capable": false,
                                  "Join Type": "Inner",
                                  "Startup Cost": 2157.86,
                                  "Total Cost": 66549.88,
                                  "Plan Rows": 1919,
                                  "Plan Width": 16,
                                  "Inner Unique": false,
                                  "Hash Cond": "(store_returns.sr_returned_date_sk = d2.d_date_sk)",
                                  "Plans": [
                                    {
                                      "Node Type": "Seq Scan",
                                      "Parent Relationship": "Outer",
                                      "Parallel Aware": true,
                                      "Async Capable": false,
                                      "Relation Name": "store_returns",
                                      "Alias": "store_returns",
                                      "Startup Cost": 0.0,
                                      "Total Cost": 59887.64,
                                      "Plan Rows": 1198164,
                                      "Plan Width": 20,
                                      "parent": 23,
                                      "ID": 24
                                    },
                                    {
                                      "Node Type": "Hash",
                                      "Parent Relationship": "Inner",
                                      "Parallel Aware": true,
                                      "Async Capable": false,
                                      "Startup Cost": 2156.97,
                                      "Total Cost": 2156.97,
                                      "Plan Rows": 71,
                                      "Plan Width": 4,
                                      "Plans": [
                                        {
                                          "Node Type": "Seq Scan",
                                          "Parent Relationship": "Outer",
                                          "Parallel Aware": true,
                                          "Async Capable": false,
                                          "Relation Name": "date_dim",
                                          "Alias": "d2",
                                          "Startup Cost": 0.0,
                                          "Total Cost": 2156.97,
                                          "Plan Rows": 71,
                                          "Plan Width": 4,
                                          "Filter": "((d_moy >= 4) AND (d_moy <= 7) AND (d_year = 1999))",
                                          "parent": 25,
                                          "ID": 26
                                        }
                                      ],
                                      "parent": 23,
                                      "ID": 25,
                                      "left": 26
                                    }
                                  ],
                                  "parent": 22,
                                  "ID": 23,
                                  "left": 24,
                                  "right": 25
                                }
                              ],
                              "parent": 17,
                              "ID": 22,
                              "left": 23
                            }
                          ],
                          "parent": 16,
                          "ID": 17,
                          "left": 18,
                          "right": 22
                        }
                      ],
                      "parent": 15,
                      "ID": 16,
                      "left": 17
                    }
                  ],
                  "parent": 2,
                  "ID": 15,
                  "left": 16
                }
              ],
              "parent": 1,
              "ID": 2,
              "left": 3,
              "right": 15
            }
          ],
          "parent": 0,
          "ID": 1,
          "left": 2
        }
      ],
      "parent": null,
      "ID": 0,
      "left": 1
    },
    "feat": {
      "utility": 0.0,
      "query_shape": [
        [
          "Seq Scan",
          "Hash Join",
          "Sort",
          "Gather Merge",
          "Nested Loop",
          "Aggregate"
        ],
        [
          "Seq Scan",
          "Hash Join",
          "Hash",
          "Sort",
          "Gather Merge",
          "Nested Loop",
          "Aggregate"
        ],
        [
          "Seq Scan",
          "Hash",
          "Hash Join",
          "Sort",
          "Gather Merge",
          "Nested Loop",
          "Aggregate"
        ],
        [
          "Seq Scan",
          "Hash",
          "Hash Join",
          "Sort",
          "Gather Merge",
          "Nested Loop",
          "Aggregate"
        ],
        [
          "Seq Scan",
          "Hash Join",
          "Gather",
          "Materialize",
          "Nested Loop",
          "Aggregate"
        ],
        [
          "Seq Scan",
          "Hash",
          "Hash Join",
          "Gather",
          "Materialize",
          "Nested Loop",
          "Aggregate"
        ],
        [
          "Seq Scan",
          "Hash Join",
          "Hash",
          "Gather",
          "Materialize",
          "Nested Loop",
          "Aggregate"
        ],
        [
          "Seq Scan",
          "Hash",
          "Hash Join",
          "Gather",
          "Materialize",
          "Nested Loop",
          "Aggregate"
        ]
      ],
      "index_shape": [
        "order-by"
      ],
      "physical_operator": {
        "Sort": [
          "[0. 0. 0. 0. 0. 0. 0. 0. 0. 0. 0. 0. 0. 0. 0. 0. 0. 0. 0. 0. 0. 0. 0. 0.\n 0. 0. 0. 0. 0. 0. 0. 0. 0. 0. 0. 0. 0. 0. 0. 0. 0. 0. 0. 0. 0. 0. 0. 0.\n 0. 0. 0.]"
        ],
        "Aggregate": [
          "[0. 0. 0. 0. 0. 0. 0. 0. 0. 0. 0. 0. 0. 0. 0. 0. 0. 0. 0. 0. 0. 0. 0. 0.\n 0. 0. 0. 0. 0. 0. 0. 0. 0. 0. 0. 0. 0. 0. 0. 0. 0. 0. 0. 0. 0. 0. 0. 0.\n 0. 0. 0.]"
        ]
      }
    }
  },
  {
    "query": "select   \n     i_item_id\n    ,i_item_desc\n    ,s_store_id\n    ,s_store_name\n    ,stddev_samp(ss_quantity)        as store_sales_quantity\n    ,stddev_samp(sr_return_quantity) as store_returns_quantity\n    ,stddev_samp(cs_quantity)        as catalog_sales_quantity\n from\n    store_sales\n   ,store_returns\n   ,catalog_sales\n   ,date_dim             d1\n   ,date_dim             d2\n   ,date_dim             d3\n   ,store\n   ,item\n where\n     d1.d_moy               = 4 \n and d1.d_year              = 1999\n and d1.d_date_sk           = ss_sold_date_sk\n and i_item_sk              = ss_item_sk\n and s_store_sk             = ss_store_sk\n and ss_customer_sk         = sr_customer_sk\n and ss_item_sk             = sr_item_sk\n and ss_ticket_number       = sr_ticket_number\n and sr_returned_date_sk    = d2.d_date_sk\n and d2.d_moy               between 4 and  4 + 3 \n and d2.d_year              = 1999\n and sr_customer_sk         = cs_bill_customer_sk\n and sr_item_sk             = cs_item_sk\n and cs_sold_date_sk        = d3.d_date_sk     \n and d3.d_year              in (1999,1999+1,1999+2)\n group by\n    i_item_id\n   ,i_item_desc\n   ,s_store_id\n   ,s_store_name\n order by\n    i_item_id \n   ,i_item_desc\n   ,s_store_id\n   ,s_store_name\n limit 100;\n\n-- end query 19 in stream 0 using template query29.tpl\n",
    "indexes": "store.s_store_name",
    "wo plan est": {
      "Node Type": "Limit",
      "Parallel Aware": false,
      "Async Capable": false,
      "Startup Cost": 762542.58,
      "Total Cost": 1221390.95,
      "Plan Rows": 1,
      "Plan Width": 236,
      "Plans": [
        {
          "Node Type": "Aggregate",
          "Strategy": "Sorted",
          "Partial Mode": "Simple",
          "Parent Relationship": "Outer",
          "Parallel Aware": false,
          "Async Capable": false,
          "Startup Cost": 762542.58,
          "Total Cost": 1221390.95,
          "Plan Rows": 1,
          "Plan Width": 236,
          "Group Key": [
            "item.i_item_id",
            "item.i_item_desc",
            "store.s_store_id",
            "store.s_store_name"
          ],
          "Plans": [
            {
              "Node Type": "Nested Loop",
              "Parent Relationship": "Outer",
              "Parallel Aware": false,
              "Async Capable": false,
              "Join Type": "Inner",
              "Startup Cost": 762542.58,
              "Total Cost": 1221390.92,
              "Plan Rows": 1,
              "Plan Width": 152,
              "Inner Unique": false,
              "Join Filter": "((item.i_item_sk = store_returns.sr_item_sk) AND (store_sales.ss_customer_sk = store_returns.sr_customer_sk) AND (store_sales.ss_ticket_number = store_returns.sr_ticket_number))",
              "Plans": [
                {
                  "Node Type": "Gather Merge",
                  "Parent Relationship": "Outer",
                  "Parallel Aware": false,
                  "Async Capable": false,
                  "Startup Cost": 692960.09,
                  "Total Cost": 694214.78,
                  "Plan Rows": 10773,
                  "Plan Width": 160,
                  "Workers Planned": 2,
                  "Plans": [
                    {
                      "Node Type": "Sort",
                      "Parent Relationship": "Outer",
                      "Parallel Aware": false,
                      "Async Capable": false,
                      "Startup Cost": 691960.07,
                      "Total Cost": 691971.29,
                      "Plan Rows": 4489,
                      "Plan Width": 160,
                      "Sort Key": [
                        "item.i_item_id",
                        "item.i_item_desc",
                        "store.s_store_id",
                        "store.s_store_name"
                      ],
                      "Plans": [
                        {
                          "Node Type": "Hash Join",
                          "Parent Relationship": "Outer",
                          "Parallel Aware": true,
                          "Async Capable": false,
                          "Join Type": "Inner",
                          "Startup Cost": 684120.68,
                          "Total Cost": 691687.76,
                          "Plan Rows": 4489,
                          "Plan Width": 160,
                          "Inner Unique": false,
                          "Hash Cond": "(item.i_item_sk = store_sales.ss_item_sk)",
                          "Plans": [
                            {
                              "Node Type": "Seq Scan",
                              "Parent Relationship": "Outer",
                              "Parallel Aware": true,
                              "Async Capable": false,
                              "Relation Name": "item",
                              "Alias": "item",
                              "Startup Cost": 0.0,
                              "Total Cost": 7389.0,
                              "Plan Rows": 42500,
                              "Plan Width": 123,
                              "parent": 5,
                              "ID": 6
                            },
                            {
                              "Node Type": "Hash",
                              "Parent Relationship": "Inner",
                              "Parallel Aware": true,
                              "Async Capable": false,
                              "Startup Cost": 684064.57,
                              "Total Cost": 684064.57,
                              "Plan Rows": 4489,
                              "Plan Width": 37,
                              "Plans": [
                                {
                                  "Node Type": "Hash Join",
                                  "Parent Relationship": "Outer",
                                  "Parallel Aware": false,
                                  "Async Capable": false,
                                  "Join Type": "Inner",
                                  "Startup Cost": 2057.07,
                                  "Total Cost": 684064.57,
                                  "Plan Rows": 4489,
                                  "Plan Width": 37,
                                  "Inner Unique": false,
                                  "Hash Cond": "(store_sales.ss_store_sk = store.s_store_sk)",
                                  "Plans": [
                                    {
                                      "Node Type": "Hash Join",
                                      "Parent Relationship": "Outer",
                                      "Parallel Aware": true,
                                      "Async Capable": false,
                                      "Join Type": "Inner",
                                      "Startup Cost": 2049.78,
                                      "Total Cost": 683994.75,
                                      "Plan Rows": 4703,
                                      "Plan Width": 20,
                                      "Inner Unique": false,
                                      "Hash Cond": "(store_sales.ss_sold_date_sk = d1.d_date_sk)",
                                      "Plans": [
                                        {
                                          "Node Type": "Seq Scan",
                                          "Parent Relationship": "Outer",
                                          "Parallel Aware": true,
                                          "Async Capable": false,
                                          "Relation Name": "store_sales",
                                          "Alias": "store_sales",
                                          "Startup Cost": 0.0,
                                          "Total Cost": 636914.37,
                                          "Plan Rows": 12000637,
                                          "Plan Width": 24,
                                          "parent": 9,
                                          "ID": 10
                                        },
                                        {
                                          "Node Type": "Hash",
                                          "Parent Relationship": "Inner",
                                          "Parallel Aware": true,
                                          "Async Capable": false,
                                          "Startup Cost": 2049.55,
                                          "Total Cost": 2049.55,
                                          "Plan Rows": 18,
                                          "Plan Width": 4,
                                          "Plans": [
                                            {
                                              "Node Type": "Seq Scan",
                                              "Parent Relationship": "Outer",
                                              "Parallel Aware": true,
                                              "Async Capable": false,
                                              "Relation Name": "date_dim",
                                              "Alias": "d1",
                                              "Startup Cost": 0.0,
                                              "Total Cost": 2049.55,
                                              "Plan Rows": 18,
                                              "Plan Width": 4,
                                              "Filter": "((d_moy = 4) AND (d_year = 1999))",
                                              "parent": 11,
                                              "ID": 12
                                            }
                                          ],
                                          "parent": 9,
                                          "ID": 11,
                                          "left": 12
                                        }
                                      ],
                                      "parent": 8,
                                      "ID": 9,
                                      "left": 10,
                                      "right": 11
                                    },
                                    {
                                      "Node Type": "Hash",
                                      "Parent Relationship": "Inner",
                                      "Parallel Aware": false,
                                      "Async Capable": false,
                                      "Startup Cost": 6.02,
                                      "Total Cost": 6.02,
                                      "Plan Rows": 102,
                                      "Plan Width": 25,
                                      "Plans": [
                                        {
                                          "Node Type": "Seq Scan",
                                          "Parent Relationship": "Outer",
                                          "Parallel Aware": false,
                                          "Async Capable": false,
                                          "Relation Name": "store",
                                          "Alias": "store",
                                          "Startup Cost": 0.0,
                                          "Total Cost": 6.02,
                                          "Plan Rows": 102,
                                          "Plan Width": 25,
                                          "parent": 13,
                                          "ID": 14
                                        }
                                      ],
                                      "parent": 8,
                                      "ID": 13,
                                      "left": 14
                                    }
                                  ],
                                  "parent": 7,
                                  "ID": 8,
                                  "left": 9,
                                  "right": 13
                                }
                              ],
                              "parent": 5,
                              "ID": 7,
                              "left": 8
                            }
                          ],
                          "parent": 4,
                          "ID": 5,
                          "left": 6,
                          "right": 7
                        }
                      ],
                      "parent": 3,
                      "ID": 4,
                      "left": 5
                    }
                  ],
                  "parent": 2,
                  "ID": 3,
                  "left": 4
                },
                {
                  "Node Type": "Materialize",
                  "Parent Relationship": "Inner",
                  "Parallel Aware": false,
                  "Async Capable": false,
                  "Startup Cost": 69582.49,
                  "Total Cost": 526960.68,
                  "Plan Rows": 1,
                  "Plan Width": 28,
                  "Plans": [
                    {
                      "Node Type": "Gather",
                      "Parent Relationship": "Outer",
                      "Parallel Aware": false,
                      "Async Capable": false,
                      "Startup Cost": 69582.49,
                      "Total Cost": 526960.67,
                      "Plan Rows": 1,
                      "Plan Width": 28,
                      "Workers Planned": 2,
                      "Single Copy": false,
                      "Plans": [
                        {
                          "Node Type": "Hash Join",
                          "Parent Relationship": "Outer",
                          "Parallel Aware": true,
                          "Async Capable": false,
                          "Join Type": "Inner",
                          "Startup Cost": 68582.49,
                          "Total Cost": 525960.57,
                          "Plan Rows": 1,
                          "Plan Width": 28,
                          "Inner Unique": false,
                          "Hash Cond": "((catalog_sales.cs_item_sk = store_returns.sr_item_sk) AND (catalog_sales.cs_bill_customer_sk = store_returns.sr_customer_sk))",
                          "Plans": [
                            {
                              "Node Type": "Hash Join",
                              "Parent Relationship": "Outer",
                              "Parallel Aware": true,
                              "Async Capable": false,
                              "Join Type": "Inner",
                              "Startup Cost": 2003.83,
                              "Total Cost": 458715.99,
                              "Plan Rows": 88788,
                              "Plan Width": 12,
                              "Inner Unique": false,
                              "Hash Cond": "(catalog_sales.cs_sold_date_sk = d3.d_date_sk)",
                              "Plans": [
                                {
                                  "Node Type": "Seq Scan",
                                  "Parent Relationship": "Outer",
                                  "Parallel Aware": true,
                                  "Async Capable": false,
                                  "Relation Name": "catalog_sales",
                                  "Alias": "catalog_sales",
                                  "Startup Cost": 0.0,
                                  "Total Cost": 433688.25,
                                  "Plan Rows": 6000525,
                                  "Plan Width": 16,
                                  "parent": 18,
                                  "ID": 19
                                },
                                {
                                  "Node Type": "Hash",
                                  "Parent Relationship": "Inner",
                                  "Parallel Aware": true,
                                  "Async Capable": false,
                                  "Startup Cost": 1995.84,
                                  "Total Cost": 1995.84,
                                  "Plan Rows": 639,
                                  "Plan Width": 4,
                                  "Plans": [
                                    {
                                      "Node Type": "Seq Scan",
                                      "Parent Relationship": "Outer",
                                      "Parallel Aware": true,
                                      "Async Capable": false,
                                      "Relation Name": "date_dim",
                                      "Alias": "d3",
                                      "Startup Cost": 0.0,
                                      "Total Cost": 1995.84,
                                      "Plan Rows": 639,
                                      "Plan Width": 4,
                                      "Filter": "(d_year = ANY ('{1999,2000,2001}'::integer[]))",
                                      "parent": 20,
                                      "ID": 21
                                    }
                                  ],
                                  "parent": 18,
                                  "ID": 20,
                                  "left": 21
                                }
                              ],
                              "parent": 17,
                              "ID": 18,
                              "left": 19,
                              "right": 20
                            },
                            {
                              "Node Type": "Hash",
                              "Parent Relationship": "Inner",
                              "Parallel Aware": true,
                              "Async Capable": false,
                              "Startup Cost": 66549.88,
                              "Total Cost": 66549.88,
                              "Plan Rows": 1919,
                              "Plan Width": 16,
                              "Plans": [
                                {
                                  "Node Type": "Hash Join",
                                  "Parent Relationship": "Outer",
                                  "Parallel Aware": true,
                                  "Async Capable": false,
                                  "Join Type": "Inner",
                                  "Startup Cost": 2157.86,
                                  "Total Cost": 66549.88,
                                  "Plan Rows": 1919,
                                  "Plan Width": 16,
                                  "Inner Unique": false,
                                  "Hash Cond": "(store_returns.sr_returned_date_sk = d2.d_date_sk)",
                                  "Plans": [
                                    {
                                      "Node Type": "Seq Scan",
                                      "Parent Relationship": "Outer",
                                      "Parallel Aware": true,
                                      "Async Capable": false,
                                      "Relation Name": "store_returns",
                                      "Alias": "store_returns",
                                      "Startup Cost": 0.0,
                                      "Total Cost": 59887.64,
                                      "Plan Rows": 1198164,
                                      "Plan Width": 20,
                                      "parent": 23,
                                      "ID": 24
                                    },
                                    {
                                      "Node Type": "Hash",
                                      "Parent Relationship": "Inner",
                                      "Parallel Aware": true,
                                      "Async Capable": false,
                                      "Startup Cost": 2156.97,
                                      "Total Cost": 2156.97,
                                      "Plan Rows": 71,
                                      "Plan Width": 4,
                                      "Plans": [
                                        {
                                          "Node Type": "Seq Scan",
                                          "Parent Relationship": "Outer",
                                          "Parallel Aware": true,
                                          "Async Capable": false,
                                          "Relation Name": "date_dim",
                                          "Alias": "d2",
                                          "Startup Cost": 0.0,
                                          "Total Cost": 2156.97,
                                          "Plan Rows": 71,
                                          "Plan Width": 4,
                                          "Filter": "((d_moy >= 4) AND (d_moy <= 7) AND (d_year = 1999))",
                                          "parent": 25,
                                          "ID": 26
                                        }
                                      ],
                                      "parent": 23,
                                      "ID": 25,
                                      "left": 26
                                    }
                                  ],
                                  "parent": 22,
                                  "ID": 23,
                                  "left": 24,
                                  "right": 25
                                }
                              ],
                              "parent": 17,
                              "ID": 22,
                              "left": 23
                            }
                          ],
                          "parent": 16,
                          "ID": 17,
                          "left": 18,
                          "right": 22
                        }
                      ],
                      "parent": 15,
                      "ID": 16,
                      "left": 17
                    }
                  ],
                  "parent": 2,
                  "ID": 15,
                  "left": 16
                }
              ],
              "parent": 1,
              "ID": 2,
              "left": 3,
              "right": 15
            }
          ],
          "parent": 0,
          "ID": 1,
          "left": 2
        }
      ],
      "parent": null,
      "ID": 0,
      "left": 1
    },
    "feat": {
      "utility": 0.0,
      "query_shape": [
        [
          "Seq Scan",
          "Hash Join",
          "Sort",
          "Gather Merge",
          "Nested Loop",
          "Aggregate"
        ],
        [
          "Seq Scan",
          "Hash Join",
          "Hash",
          "Sort",
          "Gather Merge",
          "Nested Loop",
          "Aggregate"
        ],
        [
          "Seq Scan",
          "Hash",
          "Hash Join",
          "Sort",
          "Gather Merge",
          "Nested Loop",
          "Aggregate"
        ],
        [
          "Seq Scan",
          "Hash",
          "Hash Join",
          "Sort",
          "Gather Merge",
          "Nested Loop",
          "Aggregate"
        ],
        [
          "Seq Scan",
          "Hash Join",
          "Gather",
          "Materialize",
          "Nested Loop",
          "Aggregate"
        ],
        [
          "Seq Scan",
          "Hash",
          "Hash Join",
          "Gather",
          "Materialize",
          "Nested Loop",
          "Aggregate"
        ],
        [
          "Seq Scan",
          "Hash Join",
          "Hash",
          "Gather",
          "Materialize",
          "Nested Loop",
          "Aggregate"
        ],
        [
          "Seq Scan",
          "Hash",
          "Hash Join",
          "Gather",
          "Materialize",
          "Nested Loop",
          "Aggregate"
        ]
      ],
      "index_shape": [
        "order-by"
      ],
      "physical_operator": {
        "Sort": [
          "[0. 0. 0. 0. 0. 0. 0. 0. 0. 0. 0. 0. 0. 0. 0. 0. 0. 0. 0. 0. 0. 0. 0. 0.\n 0. 0. 0. 0. 0. 0. 0. 0. 0. 0. 0. 0. 0. 0. 0. 0. 0. 0. 0. 0. 0. 0. 0. 0.\n 0. 0. 0.]"
        ],
        "Aggregate": [
          "[0. 0. 0. 0. 0. 0. 0. 0. 0. 0. 0. 0. 0. 0. 0. 0. 0. 0. 0. 0. 0. 0. 0. 0.\n 0. 0. 0. 0. 0. 0. 0. 0. 0. 0. 0. 0. 0. 0. 0. 0. 0. 0. 0. 0. 0. 0. 0. 0.\n 0. 0. 0.]"
        ]
      }
    }
  },
  {
    "query": "select   \n     i_item_id\n    ,i_item_desc\n    ,s_store_id\n    ,s_store_name\n    ,stddev_samp(ss_quantity)        as store_sales_quantity\n    ,stddev_samp(sr_return_quantity) as store_returns_quantity\n    ,stddev_samp(cs_quantity)        as catalog_sales_quantity\n from\n    store_sales\n   ,store_returns\n   ,catalog_sales\n   ,date_dim             d1\n   ,date_dim             d2\n   ,date_dim             d3\n   ,store\n   ,item\n where\n     d1.d_moy               = 4 \n and d1.d_year              = 1999\n and d1.d_date_sk           = ss_sold_date_sk\n and i_item_sk              = ss_item_sk\n and s_store_sk             = ss_store_sk\n and ss_customer_sk         = sr_customer_sk\n and ss_item_sk             = sr_item_sk\n and ss_ticket_number       = sr_ticket_number\n and sr_returned_date_sk    = d2.d_date_sk\n and d2.d_moy               between 4 and  4 + 3 \n and d2.d_year              = 1999\n and sr_customer_sk         = cs_bill_customer_sk\n and sr_item_sk             = cs_item_sk\n and cs_sold_date_sk        = d3.d_date_sk     \n and d3.d_year              in (1999,1999+1,1999+2)\n group by\n    i_item_id\n   ,i_item_desc\n   ,s_store_id\n   ,s_store_name\n order by\n    i_item_id \n   ,i_item_desc\n   ,s_store_id\n   ,s_store_name\n limit 100;\n\n-- end query 19 in stream 0 using template query29.tpl\n",
    "indexes": "catalog_sales.cs_sold_date_sk",
    "wo plan est": {
      "Node Type": "Limit",
      "Parallel Aware": false,
      "Async Capable": false,
      "Startup Cost": 762542.58,
      "Total Cost": 1221390.95,
      "Plan Rows": 1,
      "Plan Width": 236,
      "Plans": [
        {
          "Node Type": "Aggregate",
          "Strategy": "Sorted",
          "Partial Mode": "Simple",
          "Parent Relationship": "Outer",
          "Parallel Aware": false,
          "Async Capable": false,
          "Startup Cost": 762542.58,
          "Total Cost": 1221390.95,
          "Plan Rows": 1,
          "Plan Width": 236,
          "Group Key": [
            "item.i_item_id",
            "item.i_item_desc",
            "store.s_store_id",
            "store.s_store_name"
          ],
          "Plans": [
            {
              "Node Type": "Nested Loop",
              "Parent Relationship": "Outer",
              "Parallel Aware": false,
              "Async Capable": false,
              "Join Type": "Inner",
              "Startup Cost": 762542.58,
              "Total Cost": 1221390.92,
              "Plan Rows": 1,
              "Plan Width": 152,
              "Inner Unique": false,
              "Join Filter": "((item.i_item_sk = store_returns.sr_item_sk) AND (store_sales.ss_customer_sk = store_returns.sr_customer_sk) AND (store_sales.ss_ticket_number = store_returns.sr_ticket_number))",
              "Plans": [
                {
                  "Node Type": "Gather Merge",
                  "Parent Relationship": "Outer",
                  "Parallel Aware": false,
                  "Async Capable": false,
                  "Startup Cost": 692960.09,
                  "Total Cost": 694214.78,
                  "Plan Rows": 10773,
                  "Plan Width": 160,
                  "Workers Planned": 2,
                  "Plans": [
                    {
                      "Node Type": "Sort",
                      "Parent Relationship": "Outer",
                      "Parallel Aware": false,
                      "Async Capable": false,
                      "Startup Cost": 691960.07,
                      "Total Cost": 691971.29,
                      "Plan Rows": 4489,
                      "Plan Width": 160,
                      "Sort Key": [
                        "item.i_item_id",
                        "item.i_item_desc",
                        "store.s_store_id",
                        "store.s_store_name"
                      ],
                      "Plans": [
                        {
                          "Node Type": "Hash Join",
                          "Parent Relationship": "Outer",
                          "Parallel Aware": true,
                          "Async Capable": false,
                          "Join Type": "Inner",
                          "Startup Cost": 684120.68,
                          "Total Cost": 691687.76,
                          "Plan Rows": 4489,
                          "Plan Width": 160,
                          "Inner Unique": false,
                          "Hash Cond": "(item.i_item_sk = store_sales.ss_item_sk)",
                          "Plans": [
                            {
                              "Node Type": "Seq Scan",
                              "Parent Relationship": "Outer",
                              "Parallel Aware": true,
                              "Async Capable": false,
                              "Relation Name": "item",
                              "Alias": "item",
                              "Startup Cost": 0.0,
                              "Total Cost": 7389.0,
                              "Plan Rows": 42500,
                              "Plan Width": 123,
                              "parent": 5,
                              "ID": 6
                            },
                            {
                              "Node Type": "Hash",
                              "Parent Relationship": "Inner",
                              "Parallel Aware": true,
                              "Async Capable": false,
                              "Startup Cost": 684064.57,
                              "Total Cost": 684064.57,
                              "Plan Rows": 4489,
                              "Plan Width": 37,
                              "Plans": [
                                {
                                  "Node Type": "Hash Join",
                                  "Parent Relationship": "Outer",
                                  "Parallel Aware": false,
                                  "Async Capable": false,
                                  "Join Type": "Inner",
                                  "Startup Cost": 2057.07,
                                  "Total Cost": 684064.57,
                                  "Plan Rows": 4489,
                                  "Plan Width": 37,
                                  "Inner Unique": false,
                                  "Hash Cond": "(store_sales.ss_store_sk = store.s_store_sk)",
                                  "Plans": [
                                    {
                                      "Node Type": "Hash Join",
                                      "Parent Relationship": "Outer",
                                      "Parallel Aware": true,
                                      "Async Capable": false,
                                      "Join Type": "Inner",
                                      "Startup Cost": 2049.78,
                                      "Total Cost": 683994.75,
                                      "Plan Rows": 4703,
                                      "Plan Width": 20,
                                      "Inner Unique": false,
                                      "Hash Cond": "(store_sales.ss_sold_date_sk = d1.d_date_sk)",
                                      "Plans": [
                                        {
                                          "Node Type": "Seq Scan",
                                          "Parent Relationship": "Outer",
                                          "Parallel Aware": true,
                                          "Async Capable": false,
                                          "Relation Name": "store_sales",
                                          "Alias": "store_sales",
                                          "Startup Cost": 0.0,
                                          "Total Cost": 636914.37,
                                          "Plan Rows": 12000637,
                                          "Plan Width": 24,
                                          "parent": 9,
                                          "ID": 10
                                        },
                                        {
                                          "Node Type": "Hash",
                                          "Parent Relationship": "Inner",
                                          "Parallel Aware": true,
                                          "Async Capable": false,
                                          "Startup Cost": 2049.55,
                                          "Total Cost": 2049.55,
                                          "Plan Rows": 18,
                                          "Plan Width": 4,
                                          "Plans": [
                                            {
                                              "Node Type": "Seq Scan",
                                              "Parent Relationship": "Outer",
                                              "Parallel Aware": true,
                                              "Async Capable": false,
                                              "Relation Name": "date_dim",
                                              "Alias": "d1",
                                              "Startup Cost": 0.0,
                                              "Total Cost": 2049.55,
                                              "Plan Rows": 18,
                                              "Plan Width": 4,
                                              "Filter": "((d_moy = 4) AND (d_year = 1999))",
                                              "parent": 11,
                                              "ID": 12
                                            }
                                          ],
                                          "parent": 9,
                                          "ID": 11,
                                          "left": 12
                                        }
                                      ],
                                      "parent": 8,
                                      "ID": 9,
                                      "left": 10,
                                      "right": 11
                                    },
                                    {
                                      "Node Type": "Hash",
                                      "Parent Relationship": "Inner",
                                      "Parallel Aware": false,
                                      "Async Capable": false,
                                      "Startup Cost": 6.02,
                                      "Total Cost": 6.02,
                                      "Plan Rows": 102,
                                      "Plan Width": 25,
                                      "Plans": [
                                        {
                                          "Node Type": "Seq Scan",
                                          "Parent Relationship": "Outer",
                                          "Parallel Aware": false,
                                          "Async Capable": false,
                                          "Relation Name": "store",
                                          "Alias": "store",
                                          "Startup Cost": 0.0,
                                          "Total Cost": 6.02,
                                          "Plan Rows": 102,
                                          "Plan Width": 25,
                                          "parent": 13,
                                          "ID": 14
                                        }
                                      ],
                                      "parent": 8,
                                      "ID": 13,
                                      "left": 14
                                    }
                                  ],
                                  "parent": 7,
                                  "ID": 8,
                                  "left": 9,
                                  "right": 13
                                }
                              ],
                              "parent": 5,
                              "ID": 7,
                              "left": 8
                            }
                          ],
                          "parent": 4,
                          "ID": 5,
                          "left": 6,
                          "right": 7
                        }
                      ],
                      "parent": 3,
                      "ID": 4,
                      "left": 5
                    }
                  ],
                  "parent": 2,
                  "ID": 3,
                  "left": 4
                },
                {
                  "Node Type": "Materialize",
                  "Parent Relationship": "Inner",
                  "Parallel Aware": false,
                  "Async Capable": false,
                  "Startup Cost": 69582.49,
                  "Total Cost": 526960.68,
                  "Plan Rows": 1,
                  "Plan Width": 28,
                  "Plans": [
                    {
                      "Node Type": "Gather",
                      "Parent Relationship": "Outer",
                      "Parallel Aware": false,
                      "Async Capable": false,
                      "Startup Cost": 69582.49,
                      "Total Cost": 526960.67,
                      "Plan Rows": 1,
                      "Plan Width": 28,
                      "Workers Planned": 2,
                      "Single Copy": false,
                      "Plans": [
                        {
                          "Node Type": "Hash Join",
                          "Parent Relationship": "Outer",
                          "Parallel Aware": true,
                          "Async Capable": false,
                          "Join Type": "Inner",
                          "Startup Cost": 68582.49,
                          "Total Cost": 525960.57,
                          "Plan Rows": 1,
                          "Plan Width": 28,
                          "Inner Unique": false,
                          "Hash Cond": "((catalog_sales.cs_item_sk = store_returns.sr_item_sk) AND (catalog_sales.cs_bill_customer_sk = store_returns.sr_customer_sk))",
                          "Plans": [
                            {
                              "Node Type": "Hash Join",
                              "Parent Relationship": "Outer",
                              "Parallel Aware": true,
                              "Async Capable": false,
                              "Join Type": "Inner",
                              "Startup Cost": 2003.83,
                              "Total Cost": 458715.99,
                              "Plan Rows": 88788,
                              "Plan Width": 12,
                              "Inner Unique": false,
                              "Hash Cond": "(catalog_sales.cs_sold_date_sk = d3.d_date_sk)",
                              "Plans": [
                                {
                                  "Node Type": "Seq Scan",
                                  "Parent Relationship": "Outer",
                                  "Parallel Aware": true,
                                  "Async Capable": false,
                                  "Relation Name": "catalog_sales",
                                  "Alias": "catalog_sales",
                                  "Startup Cost": 0.0,
                                  "Total Cost": 433688.25,
                                  "Plan Rows": 6000525,
                                  "Plan Width": 16,
                                  "parent": 18,
                                  "ID": 19
                                },
                                {
                                  "Node Type": "Hash",
                                  "Parent Relationship": "Inner",
                                  "Parallel Aware": true,
                                  "Async Capable": false,
                                  "Startup Cost": 1995.84,
                                  "Total Cost": 1995.84,
                                  "Plan Rows": 639,
                                  "Plan Width": 4,
                                  "Plans": [
                                    {
                                      "Node Type": "Seq Scan",
                                      "Parent Relationship": "Outer",
                                      "Parallel Aware": true,
                                      "Async Capable": false,
                                      "Relation Name": "date_dim",
                                      "Alias": "d3",
                                      "Startup Cost": 0.0,
                                      "Total Cost": 1995.84,
                                      "Plan Rows": 639,
                                      "Plan Width": 4,
                                      "Filter": "(d_year = ANY ('{1999,2000,2001}'::integer[]))",
                                      "parent": 20,
                                      "ID": 21
                                    }
                                  ],
                                  "parent": 18,
                                  "ID": 20,
                                  "left": 21
                                }
                              ],
                              "parent": 17,
                              "ID": 18,
                              "left": 19,
                              "right": 20
                            },
                            {
                              "Node Type": "Hash",
                              "Parent Relationship": "Inner",
                              "Parallel Aware": true,
                              "Async Capable": false,
                              "Startup Cost": 66549.88,
                              "Total Cost": 66549.88,
                              "Plan Rows": 1919,
                              "Plan Width": 16,
                              "Plans": [
                                {
                                  "Node Type": "Hash Join",
                                  "Parent Relationship": "Outer",
                                  "Parallel Aware": true,
                                  "Async Capable": false,
                                  "Join Type": "Inner",
                                  "Startup Cost": 2157.86,
                                  "Total Cost": 66549.88,
                                  "Plan Rows": 1919,
                                  "Plan Width": 16,
                                  "Inner Unique": false,
                                  "Hash Cond": "(store_returns.sr_returned_date_sk = d2.d_date_sk)",
                                  "Plans": [
                                    {
                                      "Node Type": "Seq Scan",
                                      "Parent Relationship": "Outer",
                                      "Parallel Aware": true,
                                      "Async Capable": false,
                                      "Relation Name": "store_returns",
                                      "Alias": "store_returns",
                                      "Startup Cost": 0.0,
                                      "Total Cost": 59887.64,
                                      "Plan Rows": 1198164,
                                      "Plan Width": 20,
                                      "parent": 23,
                                      "ID": 24
                                    },
                                    {
                                      "Node Type": "Hash",
                                      "Parent Relationship": "Inner",
                                      "Parallel Aware": true,
                                      "Async Capable": false,
                                      "Startup Cost": 2156.97,
                                      "Total Cost": 2156.97,
                                      "Plan Rows": 71,
                                      "Plan Width": 4,
                                      "Plans": [
                                        {
                                          "Node Type": "Seq Scan",
                                          "Parent Relationship": "Outer",
                                          "Parallel Aware": true,
                                          "Async Capable": false,
                                          "Relation Name": "date_dim",
                                          "Alias": "d2",
                                          "Startup Cost": 0.0,
                                          "Total Cost": 2156.97,
                                          "Plan Rows": 71,
                                          "Plan Width": 4,
                                          "Filter": "((d_moy >= 4) AND (d_moy <= 7) AND (d_year = 1999))",
                                          "parent": 25,
                                          "ID": 26
                                        }
                                      ],
                                      "parent": 23,
                                      "ID": 25,
                                      "left": 26
                                    }
                                  ],
                                  "parent": 22,
                                  "ID": 23,
                                  "left": 24,
                                  "right": 25
                                }
                              ],
                              "parent": 17,
                              "ID": 22,
                              "left": 23
                            }
                          ],
                          "parent": 16,
                          "ID": 17,
                          "left": 18,
                          "right": 22
                        }
                      ],
                      "parent": 15,
                      "ID": 16,
                      "left": 17
                    }
                  ],
                  "parent": 2,
                  "ID": 15,
                  "left": 16
                }
              ],
              "parent": 1,
              "ID": 2,
              "left": 3,
              "right": 15
            }
          ],
          "parent": 0,
          "ID": 1,
          "left": 2
        }
      ],
      "parent": null,
      "ID": 0,
      "left": 1
    },
    "feat": {
      "utility": 0.001757496652377414,
      "query_shape": [
        [
          "Seq Scan",
          "Hash Join",
          "Sort",
          "Gather Merge",
          "Nested Loop",
          "Aggregate"
        ],
        [
          "Seq Scan",
          "Hash Join",
          "Hash",
          "Sort",
          "Gather Merge",
          "Nested Loop",
          "Aggregate"
        ],
        [
          "Seq Scan",
          "Hash",
          "Hash Join",
          "Sort",
          "Gather Merge",
          "Nested Loop",
          "Aggregate"
        ],
        [
          "Seq Scan",
          "Hash",
          "Hash Join",
          "Sort",
          "Gather Merge",
          "Nested Loop",
          "Aggregate"
        ],
        [
          "Seq Scan",
          "Hash Join",
          "Gather",
          "Materialize",
          "Nested Loop",
          "Aggregate"
        ],
        [
          "Seq Scan",
          "Hash",
          "Hash Join",
          "Gather",
          "Materialize",
          "Nested Loop",
          "Aggregate"
        ],
        [
          "Seq Scan",
          "Hash Join",
          "Hash",
          "Gather",
          "Materialize",
          "Nested Loop",
          "Aggregate"
        ],
        [
          "Seq Scan",
          "Hash",
          "Hash Join",
          "Gather",
          "Materialize",
          "Nested Loop",
          "Aggregate"
        ]
      ],
      "index_shape": [
        "join"
      ],
      "physical_operator": {
        "Hash Join": [
          0.0048120716240516994
        ]
      }
    }
  },
  {
    "query": "select   \n     i_item_id\n    ,i_item_desc\n    ,s_store_id\n    ,s_store_name\n    ,stddev_samp(ss_quantity)        as store_sales_quantity\n    ,stddev_samp(sr_return_quantity) as store_returns_quantity\n    ,stddev_samp(cs_quantity)        as catalog_sales_quantity\n from\n    store_sales\n   ,store_returns\n   ,catalog_sales\n   ,date_dim             d1\n   ,date_dim             d2\n   ,date_dim             d3\n   ,store\n   ,item\n where\n     d1.d_moy               = 4 \n and d1.d_year              = 1999\n and d1.d_date_sk           = ss_sold_date_sk\n and i_item_sk              = ss_item_sk\n and s_store_sk             = ss_store_sk\n and ss_customer_sk         = sr_customer_sk\n and ss_item_sk             = sr_item_sk\n and ss_ticket_number       = sr_ticket_number\n and sr_returned_date_sk    = d2.d_date_sk\n and d2.d_moy               between 4 and  4 + 3 \n and d2.d_year              = 1999\n and sr_customer_sk         = cs_bill_customer_sk\n and sr_item_sk             = cs_item_sk\n and cs_sold_date_sk        = d3.d_date_sk     \n and d3.d_year              in (1999,1999+1,1999+2)\n group by\n    i_item_id\n   ,i_item_desc\n   ,s_store_id\n   ,s_store_name\n order by\n    i_item_id \n   ,i_item_desc\n   ,s_store_id\n   ,s_store_name\n limit 100;\n\n-- end query 19 in stream 0 using template query29.tpl\n",
    "indexes": "catalog_sales.cs_bill_customer_sk",
    "wo plan est": {
      "Node Type": "Limit",
      "Parallel Aware": false,
      "Async Capable": false,
      "Startup Cost": 762542.58,
      "Total Cost": 1221390.95,
      "Plan Rows": 1,
      "Plan Width": 236,
      "Plans": [
        {
          "Node Type": "Aggregate",
          "Strategy": "Sorted",
          "Partial Mode": "Simple",
          "Parent Relationship": "Outer",
          "Parallel Aware": false,
          "Async Capable": false,
          "Startup Cost": 762542.58,
          "Total Cost": 1221390.95,
          "Plan Rows": 1,
          "Plan Width": 236,
          "Group Key": [
            "item.i_item_id",
            "item.i_item_desc",
            "store.s_store_id",
            "store.s_store_name"
          ],
          "Plans": [
            {
              "Node Type": "Nested Loop",
              "Parent Relationship": "Outer",
              "Parallel Aware": false,
              "Async Capable": false,
              "Join Type": "Inner",
              "Startup Cost": 762542.58,
              "Total Cost": 1221390.92,
              "Plan Rows": 1,
              "Plan Width": 152,
              "Inner Unique": false,
              "Join Filter": "((item.i_item_sk = store_returns.sr_item_sk) AND (store_sales.ss_customer_sk = store_returns.sr_customer_sk) AND (store_sales.ss_ticket_number = store_returns.sr_ticket_number))",
              "Plans": [
                {
                  "Node Type": "Gather Merge",
                  "Parent Relationship": "Outer",
                  "Parallel Aware": false,
                  "Async Capable": false,
                  "Startup Cost": 692960.09,
                  "Total Cost": 694214.78,
                  "Plan Rows": 10773,
                  "Plan Width": 160,
                  "Workers Planned": 2,
                  "Plans": [
                    {
                      "Node Type": "Sort",
                      "Parent Relationship": "Outer",
                      "Parallel Aware": false,
                      "Async Capable": false,
                      "Startup Cost": 691960.07,
                      "Total Cost": 691971.29,
                      "Plan Rows": 4489,
                      "Plan Width": 160,
                      "Sort Key": [
                        "item.i_item_id",
                        "item.i_item_desc",
                        "store.s_store_id",
                        "store.s_store_name"
                      ],
                      "Plans": [
                        {
                          "Node Type": "Hash Join",
                          "Parent Relationship": "Outer",
                          "Parallel Aware": true,
                          "Async Capable": false,
                          "Join Type": "Inner",
                          "Startup Cost": 684120.68,
                          "Total Cost": 691687.76,
                          "Plan Rows": 4489,
                          "Plan Width": 160,
                          "Inner Unique": false,
                          "Hash Cond": "(item.i_item_sk = store_sales.ss_item_sk)",
                          "Plans": [
                            {
                              "Node Type": "Seq Scan",
                              "Parent Relationship": "Outer",
                              "Parallel Aware": true,
                              "Async Capable": false,
                              "Relation Name": "item",
                              "Alias": "item",
                              "Startup Cost": 0.0,
                              "Total Cost": 7389.0,
                              "Plan Rows": 42500,
                              "Plan Width": 123,
                              "parent": 5,
                              "ID": 6
                            },
                            {
                              "Node Type": "Hash",
                              "Parent Relationship": "Inner",
                              "Parallel Aware": true,
                              "Async Capable": false,
                              "Startup Cost": 684064.57,
                              "Total Cost": 684064.57,
                              "Plan Rows": 4489,
                              "Plan Width": 37,
                              "Plans": [
                                {
                                  "Node Type": "Hash Join",
                                  "Parent Relationship": "Outer",
                                  "Parallel Aware": false,
                                  "Async Capable": false,
                                  "Join Type": "Inner",
                                  "Startup Cost": 2057.07,
                                  "Total Cost": 684064.57,
                                  "Plan Rows": 4489,
                                  "Plan Width": 37,
                                  "Inner Unique": false,
                                  "Hash Cond": "(store_sales.ss_store_sk = store.s_store_sk)",
                                  "Plans": [
                                    {
                                      "Node Type": "Hash Join",
                                      "Parent Relationship": "Outer",
                                      "Parallel Aware": true,
                                      "Async Capable": false,
                                      "Join Type": "Inner",
                                      "Startup Cost": 2049.78,
                                      "Total Cost": 683994.75,
                                      "Plan Rows": 4703,
                                      "Plan Width": 20,
                                      "Inner Unique": false,
                                      "Hash Cond": "(store_sales.ss_sold_date_sk = d1.d_date_sk)",
                                      "Plans": [
                                        {
                                          "Node Type": "Seq Scan",
                                          "Parent Relationship": "Outer",
                                          "Parallel Aware": true,
                                          "Async Capable": false,
                                          "Relation Name": "store_sales",
                                          "Alias": "store_sales",
                                          "Startup Cost": 0.0,
                                          "Total Cost": 636914.37,
                                          "Plan Rows": 12000637,
                                          "Plan Width": 24,
                                          "parent": 9,
                                          "ID": 10
                                        },
                                        {
                                          "Node Type": "Hash",
                                          "Parent Relationship": "Inner",
                                          "Parallel Aware": true,
                                          "Async Capable": false,
                                          "Startup Cost": 2049.55,
                                          "Total Cost": 2049.55,
                                          "Plan Rows": 18,
                                          "Plan Width": 4,
                                          "Plans": [
                                            {
                                              "Node Type": "Seq Scan",
                                              "Parent Relationship": "Outer",
                                              "Parallel Aware": true,
                                              "Async Capable": false,
                                              "Relation Name": "date_dim",
                                              "Alias": "d1",
                                              "Startup Cost": 0.0,
                                              "Total Cost": 2049.55,
                                              "Plan Rows": 18,
                                              "Plan Width": 4,
                                              "Filter": "((d_moy = 4) AND (d_year = 1999))",
                                              "parent": 11,
                                              "ID": 12
                                            }
                                          ],
                                          "parent": 9,
                                          "ID": 11,
                                          "left": 12
                                        }
                                      ],
                                      "parent": 8,
                                      "ID": 9,
                                      "left": 10,
                                      "right": 11
                                    },
                                    {
                                      "Node Type": "Hash",
                                      "Parent Relationship": "Inner",
                                      "Parallel Aware": false,
                                      "Async Capable": false,
                                      "Startup Cost": 6.02,
                                      "Total Cost": 6.02,
                                      "Plan Rows": 102,
                                      "Plan Width": 25,
                                      "Plans": [
                                        {
                                          "Node Type": "Seq Scan",
                                          "Parent Relationship": "Outer",
                                          "Parallel Aware": false,
                                          "Async Capable": false,
                                          "Relation Name": "store",
                                          "Alias": "store",
                                          "Startup Cost": 0.0,
                                          "Total Cost": 6.02,
                                          "Plan Rows": 102,
                                          "Plan Width": 25,
                                          "parent": 13,
                                          "ID": 14
                                        }
                                      ],
                                      "parent": 8,
                                      "ID": 13,
                                      "left": 14
                                    }
                                  ],
                                  "parent": 7,
                                  "ID": 8,
                                  "left": 9,
                                  "right": 13
                                }
                              ],
                              "parent": 5,
                              "ID": 7,
                              "left": 8
                            }
                          ],
                          "parent": 4,
                          "ID": 5,
                          "left": 6,
                          "right": 7
                        }
                      ],
                      "parent": 3,
                      "ID": 4,
                      "left": 5
                    }
                  ],
                  "parent": 2,
                  "ID": 3,
                  "left": 4
                },
                {
                  "Node Type": "Materialize",
                  "Parent Relationship": "Inner",
                  "Parallel Aware": false,
                  "Async Capable": false,
                  "Startup Cost": 69582.49,
                  "Total Cost": 526960.68,
                  "Plan Rows": 1,
                  "Plan Width": 28,
                  "Plans": [
                    {
                      "Node Type": "Gather",
                      "Parent Relationship": "Outer",
                      "Parallel Aware": false,
                      "Async Capable": false,
                      "Startup Cost": 69582.49,
                      "Total Cost": 526960.67,
                      "Plan Rows": 1,
                      "Plan Width": 28,
                      "Workers Planned": 2,
                      "Single Copy": false,
                      "Plans": [
                        {
                          "Node Type": "Hash Join",
                          "Parent Relationship": "Outer",
                          "Parallel Aware": true,
                          "Async Capable": false,
                          "Join Type": "Inner",
                          "Startup Cost": 68582.49,
                          "Total Cost": 525960.57,
                          "Plan Rows": 1,
                          "Plan Width": 28,
                          "Inner Unique": false,
                          "Hash Cond": "((catalog_sales.cs_item_sk = store_returns.sr_item_sk) AND (catalog_sales.cs_bill_customer_sk = store_returns.sr_customer_sk))",
                          "Plans": [
                            {
                              "Node Type": "Hash Join",
                              "Parent Relationship": "Outer",
                              "Parallel Aware": true,
                              "Async Capable": false,
                              "Join Type": "Inner",
                              "Startup Cost": 2003.83,
                              "Total Cost": 458715.99,
                              "Plan Rows": 88788,
                              "Plan Width": 12,
                              "Inner Unique": false,
                              "Hash Cond": "(catalog_sales.cs_sold_date_sk = d3.d_date_sk)",
                              "Plans": [
                                {
                                  "Node Type": "Seq Scan",
                                  "Parent Relationship": "Outer",
                                  "Parallel Aware": true,
                                  "Async Capable": false,
                                  "Relation Name": "catalog_sales",
                                  "Alias": "catalog_sales",
                                  "Startup Cost": 0.0,
                                  "Total Cost": 433688.25,
                                  "Plan Rows": 6000525,
                                  "Plan Width": 16,
                                  "parent": 18,
                                  "ID": 19
                                },
                                {
                                  "Node Type": "Hash",
                                  "Parent Relationship": "Inner",
                                  "Parallel Aware": true,
                                  "Async Capable": false,
                                  "Startup Cost": 1995.84,
                                  "Total Cost": 1995.84,
                                  "Plan Rows": 639,
                                  "Plan Width": 4,
                                  "Plans": [
                                    {
                                      "Node Type": "Seq Scan",
                                      "Parent Relationship": "Outer",
                                      "Parallel Aware": true,
                                      "Async Capable": false,
                                      "Relation Name": "date_dim",
                                      "Alias": "d3",
                                      "Startup Cost": 0.0,
                                      "Total Cost": 1995.84,
                                      "Plan Rows": 639,
                                      "Plan Width": 4,
                                      "Filter": "(d_year = ANY ('{1999,2000,2001}'::integer[]))",
                                      "parent": 20,
                                      "ID": 21
                                    }
                                  ],
                                  "parent": 18,
                                  "ID": 20,
                                  "left": 21
                                }
                              ],
                              "parent": 17,
                              "ID": 18,
                              "left": 19,
                              "right": 20
                            },
                            {
                              "Node Type": "Hash",
                              "Parent Relationship": "Inner",
                              "Parallel Aware": true,
                              "Async Capable": false,
                              "Startup Cost": 66549.88,
                              "Total Cost": 66549.88,
                              "Plan Rows": 1919,
                              "Plan Width": 16,
                              "Plans": [
                                {
                                  "Node Type": "Hash Join",
                                  "Parent Relationship": "Outer",
                                  "Parallel Aware": true,
                                  "Async Capable": false,
                                  "Join Type": "Inner",
                                  "Startup Cost": 2157.86,
                                  "Total Cost": 66549.88,
                                  "Plan Rows": 1919,
                                  "Plan Width": 16,
                                  "Inner Unique": false,
                                  "Hash Cond": "(store_returns.sr_returned_date_sk = d2.d_date_sk)",
                                  "Plans": [
                                    {
                                      "Node Type": "Seq Scan",
                                      "Parent Relationship": "Outer",
                                      "Parallel Aware": true,
                                      "Async Capable": false,
                                      "Relation Name": "store_returns",
                                      "Alias": "store_returns",
                                      "Startup Cost": 0.0,
                                      "Total Cost": 59887.64,
                                      "Plan Rows": 1198164,
                                      "Plan Width": 20,
                                      "parent": 23,
                                      "ID": 24
                                    },
                                    {
                                      "Node Type": "Hash",
                                      "Parent Relationship": "Inner",
                                      "Parallel Aware": true,
                                      "Async Capable": false,
                                      "Startup Cost": 2156.97,
                                      "Total Cost": 2156.97,
                                      "Plan Rows": 71,
                                      "Plan Width": 4,
                                      "Plans": [
                                        {
                                          "Node Type": "Seq Scan",
                                          "Parent Relationship": "Outer",
                                          "Parallel Aware": true,
                                          "Async Capable": false,
                                          "Relation Name": "date_dim",
                                          "Alias": "d2",
                                          "Startup Cost": 0.0,
                                          "Total Cost": 2156.97,
                                          "Plan Rows": 71,
                                          "Plan Width": 4,
                                          "Filter": "((d_moy >= 4) AND (d_moy <= 7) AND (d_year = 1999))",
                                          "parent": 25,
                                          "ID": 26
                                        }
                                      ],
                                      "parent": 23,
                                      "ID": 25,
                                      "left": 26
                                    }
                                  ],
                                  "parent": 22,
                                  "ID": 23,
                                  "left": 24,
                                  "right": 25
                                }
                              ],
                              "parent": 17,
                              "ID": 22,
                              "left": 23
                            }
                          ],
                          "parent": 16,
                          "ID": 17,
                          "left": 18,
                          "right": 22
                        }
                      ],
                      "parent": 15,
                      "ID": 16,
                      "left": 17
                    }
                  ],
                  "parent": 2,
                  "ID": 15,
                  "left": 16
                }
              ],
              "parent": 1,
              "ID": 2,
              "left": 3,
              "right": 15
            }
          ],
          "parent": 0,
          "ID": 1,
          "left": 2
        }
      ],
      "parent": null,
      "ID": 0,
      "left": 1
    },
    "feat": {
      "utility": 0.001765859452750302,
      "query_shape": [
        [
          "Seq Scan",
          "Hash Join",
          "Sort",
          "Gather Merge",
          "Nested Loop",
          "Aggregate"
        ],
        [
          "Seq Scan",
          "Hash Join",
          "Hash",
          "Sort",
          "Gather Merge",
          "Nested Loop",
          "Aggregate"
        ],
        [
          "Seq Scan",
          "Hash",
          "Hash Join",
          "Sort",
          "Gather Merge",
          "Nested Loop",
          "Aggregate"
        ],
        [
          "Seq Scan",
          "Hash",
          "Hash Join",
          "Sort",
          "Gather Merge",
          "Nested Loop",
          "Aggregate"
        ],
        [
          "Seq Scan",
          "Hash Join",
          "Gather",
          "Materialize",
          "Nested Loop",
          "Aggregate"
        ],
        [
          "Seq Scan",
          "Hash",
          "Hash Join",
          "Gather",
          "Materialize",
          "Nested Loop",
          "Aggregate"
        ],
        [
          "Seq Scan",
          "Hash Join",
          "Hash",
          "Gather",
          "Materialize",
          "Nested Loop",
          "Aggregate"
        ],
        [
          "Seq Scan",
          "Hash",
          "Hash Join",
          "Gather",
          "Materialize",
          "Nested Loop",
          "Aggregate"
        ]
      ],
      "index_shape": [
        "join"
      ],
      "physical_operator": {
        "Hash Join": [
          7.660998476035106e-05
        ]
      }
    }
  },
  {
    "query": "select   \n     i_item_id\n    ,i_item_desc\n    ,s_store_id\n    ,s_store_name\n    ,stddev_samp(ss_quantity)        as store_sales_quantity\n    ,stddev_samp(sr_return_quantity) as store_returns_quantity\n    ,stddev_samp(cs_quantity)        as catalog_sales_quantity\n from\n    store_sales\n   ,store_returns\n   ,catalog_sales\n   ,date_dim             d1\n   ,date_dim             d2\n   ,date_dim             d3\n   ,store\n   ,item\n where\n     d1.d_moy               = 4 \n and d1.d_year              = 1999\n and d1.d_date_sk           = ss_sold_date_sk\n and i_item_sk              = ss_item_sk\n and s_store_sk             = ss_store_sk\n and ss_customer_sk         = sr_customer_sk\n and ss_item_sk             = sr_item_sk\n and ss_ticket_number       = sr_ticket_number\n and sr_returned_date_sk    = d2.d_date_sk\n and d2.d_moy               between 4 and  4 + 3 \n and d2.d_year              = 1999\n and sr_customer_sk         = cs_bill_customer_sk\n and sr_item_sk             = cs_item_sk\n and cs_sold_date_sk        = d3.d_date_sk     \n and d3.d_year              in (1999,1999+1,1999+2)\n group by\n    i_item_id\n   ,i_item_desc\n   ,s_store_id\n   ,s_store_name\n order by\n    i_item_id \n   ,i_item_desc\n   ,s_store_id\n   ,s_store_name\n limit 100;\n\n-- end query 19 in stream 0 using template query29.tpl\n",
    "indexes": "catalog_sales.cs_item_sk",
    "wo plan est": {
      "Node Type": "Limit",
      "Parallel Aware": false,
      "Async Capable": false,
      "Startup Cost": 762542.58,
      "Total Cost": 1221390.95,
      "Plan Rows": 1,
      "Plan Width": 236,
      "Plans": [
        {
          "Node Type": "Aggregate",
          "Strategy": "Sorted",
          "Partial Mode": "Simple",
          "Parent Relationship": "Outer",
          "Parallel Aware": false,
          "Async Capable": false,
          "Startup Cost": 762542.58,
          "Total Cost": 1221390.95,
          "Plan Rows": 1,
          "Plan Width": 236,
          "Group Key": [
            "item.i_item_id",
            "item.i_item_desc",
            "store.s_store_id",
            "store.s_store_name"
          ],
          "Plans": [
            {
              "Node Type": "Nested Loop",
              "Parent Relationship": "Outer",
              "Parallel Aware": false,
              "Async Capable": false,
              "Join Type": "Inner",
              "Startup Cost": 762542.58,
              "Total Cost": 1221390.92,
              "Plan Rows": 1,
              "Plan Width": 152,
              "Inner Unique": false,
              "Join Filter": "((item.i_item_sk = store_returns.sr_item_sk) AND (store_sales.ss_customer_sk = store_returns.sr_customer_sk) AND (store_sales.ss_ticket_number = store_returns.sr_ticket_number))",
              "Plans": [
                {
                  "Node Type": "Gather Merge",
                  "Parent Relationship": "Outer",
                  "Parallel Aware": false,
                  "Async Capable": false,
                  "Startup Cost": 692960.09,
                  "Total Cost": 694214.78,
                  "Plan Rows": 10773,
                  "Plan Width": 160,
                  "Workers Planned": 2,
                  "Plans": [
                    {
                      "Node Type": "Sort",
                      "Parent Relationship": "Outer",
                      "Parallel Aware": false,
                      "Async Capable": false,
                      "Startup Cost": 691960.07,
                      "Total Cost": 691971.29,
                      "Plan Rows": 4489,
                      "Plan Width": 160,
                      "Sort Key": [
                        "item.i_item_id",
                        "item.i_item_desc",
                        "store.s_store_id",
                        "store.s_store_name"
                      ],
                      "Plans": [
                        {
                          "Node Type": "Hash Join",
                          "Parent Relationship": "Outer",
                          "Parallel Aware": true,
                          "Async Capable": false,
                          "Join Type": "Inner",
                          "Startup Cost": 684120.68,
                          "Total Cost": 691687.76,
                          "Plan Rows": 4489,
                          "Plan Width": 160,
                          "Inner Unique": false,
                          "Hash Cond": "(item.i_item_sk = store_sales.ss_item_sk)",
                          "Plans": [
                            {
                              "Node Type": "Seq Scan",
                              "Parent Relationship": "Outer",
                              "Parallel Aware": true,
                              "Async Capable": false,
                              "Relation Name": "item",
                              "Alias": "item",
                              "Startup Cost": 0.0,
                              "Total Cost": 7389.0,
                              "Plan Rows": 42500,
                              "Plan Width": 123,
                              "parent": 5,
                              "ID": 6
                            },
                            {
                              "Node Type": "Hash",
                              "Parent Relationship": "Inner",
                              "Parallel Aware": true,
                              "Async Capable": false,
                              "Startup Cost": 684064.57,
                              "Total Cost": 684064.57,
                              "Plan Rows": 4489,
                              "Plan Width": 37,
                              "Plans": [
                                {
                                  "Node Type": "Hash Join",
                                  "Parent Relationship": "Outer",
                                  "Parallel Aware": false,
                                  "Async Capable": false,
                                  "Join Type": "Inner",
                                  "Startup Cost": 2057.07,
                                  "Total Cost": 684064.57,
                                  "Plan Rows": 4489,
                                  "Plan Width": 37,
                                  "Inner Unique": false,
                                  "Hash Cond": "(store_sales.ss_store_sk = store.s_store_sk)",
                                  "Plans": [
                                    {
                                      "Node Type": "Hash Join",
                                      "Parent Relationship": "Outer",
                                      "Parallel Aware": true,
                                      "Async Capable": false,
                                      "Join Type": "Inner",
                                      "Startup Cost": 2049.78,
                                      "Total Cost": 683994.75,
                                      "Plan Rows": 4703,
                                      "Plan Width": 20,
                                      "Inner Unique": false,
                                      "Hash Cond": "(store_sales.ss_sold_date_sk = d1.d_date_sk)",
                                      "Plans": [
                                        {
                                          "Node Type": "Seq Scan",
                                          "Parent Relationship": "Outer",
                                          "Parallel Aware": true,
                                          "Async Capable": false,
                                          "Relation Name": "store_sales",
                                          "Alias": "store_sales",
                                          "Startup Cost": 0.0,
                                          "Total Cost": 636914.37,
                                          "Plan Rows": 12000637,
                                          "Plan Width": 24,
                                          "parent": 9,
                                          "ID": 10
                                        },
                                        {
                                          "Node Type": "Hash",
                                          "Parent Relationship": "Inner",
                                          "Parallel Aware": true,
                                          "Async Capable": false,
                                          "Startup Cost": 2049.55,
                                          "Total Cost": 2049.55,
                                          "Plan Rows": 18,
                                          "Plan Width": 4,
                                          "Plans": [
                                            {
                                              "Node Type": "Seq Scan",
                                              "Parent Relationship": "Outer",
                                              "Parallel Aware": true,
                                              "Async Capable": false,
                                              "Relation Name": "date_dim",
                                              "Alias": "d1",
                                              "Startup Cost": 0.0,
                                              "Total Cost": 2049.55,
                                              "Plan Rows": 18,
                                              "Plan Width": 4,
                                              "Filter": "((d_moy = 4) AND (d_year = 1999))",
                                              "parent": 11,
                                              "ID": 12
                                            }
                                          ],
                                          "parent": 9,
                                          "ID": 11,
                                          "left": 12
                                        }
                                      ],
                                      "parent": 8,
                                      "ID": 9,
                                      "left": 10,
                                      "right": 11
                                    },
                                    {
                                      "Node Type": "Hash",
                                      "Parent Relationship": "Inner",
                                      "Parallel Aware": false,
                                      "Async Capable": false,
                                      "Startup Cost": 6.02,
                                      "Total Cost": 6.02,
                                      "Plan Rows": 102,
                                      "Plan Width": 25,
                                      "Plans": [
                                        {
                                          "Node Type": "Seq Scan",
                                          "Parent Relationship": "Outer",
                                          "Parallel Aware": false,
                                          "Async Capable": false,
                                          "Relation Name": "store",
                                          "Alias": "store",
                                          "Startup Cost": 0.0,
                                          "Total Cost": 6.02,
                                          "Plan Rows": 102,
                                          "Plan Width": 25,
                                          "parent": 13,
                                          "ID": 14
                                        }
                                      ],
                                      "parent": 8,
                                      "ID": 13,
                                      "left": 14
                                    }
                                  ],
                                  "parent": 7,
                                  "ID": 8,
                                  "left": 9,
                                  "right": 13
                                }
                              ],
                              "parent": 5,
                              "ID": 7,
                              "left": 8
                            }
                          ],
                          "parent": 4,
                          "ID": 5,
                          "left": 6,
                          "right": 7
                        }
                      ],
                      "parent": 3,
                      "ID": 4,
                      "left": 5
                    }
                  ],
                  "parent": 2,
                  "ID": 3,
                  "left": 4
                },
                {
                  "Node Type": "Materialize",
                  "Parent Relationship": "Inner",
                  "Parallel Aware": false,
                  "Async Capable": false,
                  "Startup Cost": 69582.49,
                  "Total Cost": 526960.68,
                  "Plan Rows": 1,
                  "Plan Width": 28,
                  "Plans": [
                    {
                      "Node Type": "Gather",
                      "Parent Relationship": "Outer",
                      "Parallel Aware": false,
                      "Async Capable": false,
                      "Startup Cost": 69582.49,
                      "Total Cost": 526960.67,
                      "Plan Rows": 1,
                      "Plan Width": 28,
                      "Workers Planned": 2,
                      "Single Copy": false,
                      "Plans": [
                        {
                          "Node Type": "Hash Join",
                          "Parent Relationship": "Outer",
                          "Parallel Aware": true,
                          "Async Capable": false,
                          "Join Type": "Inner",
                          "Startup Cost": 68582.49,
                          "Total Cost": 525960.57,
                          "Plan Rows": 1,
                          "Plan Width": 28,
                          "Inner Unique": false,
                          "Hash Cond": "((catalog_sales.cs_item_sk = store_returns.sr_item_sk) AND (catalog_sales.cs_bill_customer_sk = store_returns.sr_customer_sk))",
                          "Plans": [
                            {
                              "Node Type": "Hash Join",
                              "Parent Relationship": "Outer",
                              "Parallel Aware": true,
                              "Async Capable": false,
                              "Join Type": "Inner",
                              "Startup Cost": 2003.83,
                              "Total Cost": 458715.99,
                              "Plan Rows": 88788,
                              "Plan Width": 12,
                              "Inner Unique": false,
                              "Hash Cond": "(catalog_sales.cs_sold_date_sk = d3.d_date_sk)",
                              "Plans": [
                                {
                                  "Node Type": "Seq Scan",
                                  "Parent Relationship": "Outer",
                                  "Parallel Aware": true,
                                  "Async Capable": false,
                                  "Relation Name": "catalog_sales",
                                  "Alias": "catalog_sales",
                                  "Startup Cost": 0.0,
                                  "Total Cost": 433688.25,
                                  "Plan Rows": 6000525,
                                  "Plan Width": 16,
                                  "parent": 18,
                                  "ID": 19
                                },
                                {
                                  "Node Type": "Hash",
                                  "Parent Relationship": "Inner",
                                  "Parallel Aware": true,
                                  "Async Capable": false,
                                  "Startup Cost": 1995.84,
                                  "Total Cost": 1995.84,
                                  "Plan Rows": 639,
                                  "Plan Width": 4,
                                  "Plans": [
                                    {
                                      "Node Type": "Seq Scan",
                                      "Parent Relationship": "Outer",
                                      "Parallel Aware": true,
                                      "Async Capable": false,
                                      "Relation Name": "date_dim",
                                      "Alias": "d3",
                                      "Startup Cost": 0.0,
                                      "Total Cost": 1995.84,
                                      "Plan Rows": 639,
                                      "Plan Width": 4,
                                      "Filter": "(d_year = ANY ('{1999,2000,2001}'::integer[]))",
                                      "parent": 20,
                                      "ID": 21
                                    }
                                  ],
                                  "parent": 18,
                                  "ID": 20,
                                  "left": 21
                                }
                              ],
                              "parent": 17,
                              "ID": 18,
                              "left": 19,
                              "right": 20
                            },
                            {
                              "Node Type": "Hash",
                              "Parent Relationship": "Inner",
                              "Parallel Aware": true,
                              "Async Capable": false,
                              "Startup Cost": 66549.88,
                              "Total Cost": 66549.88,
                              "Plan Rows": 1919,
                              "Plan Width": 16,
                              "Plans": [
                                {
                                  "Node Type": "Hash Join",
                                  "Parent Relationship": "Outer",
                                  "Parallel Aware": true,
                                  "Async Capable": false,
                                  "Join Type": "Inner",
                                  "Startup Cost": 2157.86,
                                  "Total Cost": 66549.88,
                                  "Plan Rows": 1919,
                                  "Plan Width": 16,
                                  "Inner Unique": false,
                                  "Hash Cond": "(store_returns.sr_returned_date_sk = d2.d_date_sk)",
                                  "Plans": [
                                    {
                                      "Node Type": "Seq Scan",
                                      "Parent Relationship": "Outer",
                                      "Parallel Aware": true,
                                      "Async Capable": false,
                                      "Relation Name": "store_returns",
                                      "Alias": "store_returns",
                                      "Startup Cost": 0.0,
                                      "Total Cost": 59887.64,
                                      "Plan Rows": 1198164,
                                      "Plan Width": 20,
                                      "parent": 23,
                                      "ID": 24
                                    },
                                    {
                                      "Node Type": "Hash",
                                      "Parent Relationship": "Inner",
                                      "Parallel Aware": true,
                                      "Async Capable": false,
                                      "Startup Cost": 2156.97,
                                      "Total Cost": 2156.97,
                                      "Plan Rows": 71,
                                      "Plan Width": 4,
                                      "Plans": [
                                        {
                                          "Node Type": "Seq Scan",
                                          "Parent Relationship": "Outer",
                                          "Parallel Aware": true,
                                          "Async Capable": false,
                                          "Relation Name": "date_dim",
                                          "Alias": "d2",
                                          "Startup Cost": 0.0,
                                          "Total Cost": 2156.97,
                                          "Plan Rows": 71,
                                          "Plan Width": 4,
                                          "Filter": "((d_moy >= 4) AND (d_moy <= 7) AND (d_year = 1999))",
                                          "parent": 25,
                                          "ID": 26
                                        }
                                      ],
                                      "parent": 23,
                                      "ID": 25,
                                      "left": 26
                                    }
                                  ],
                                  "parent": 22,
                                  "ID": 23,
                                  "left": 24,
                                  "right": 25
                                }
                              ],
                              "parent": 17,
                              "ID": 22,
                              "left": 23
                            }
                          ],
                          "parent": 16,
                          "ID": 17,
                          "left": 18,
                          "right": 22
                        }
                      ],
                      "parent": 15,
                      "ID": 16,
                      "left": 17
                    }
                  ],
                  "parent": 2,
                  "ID": 15,
                  "left": 16
                }
              ],
              "parent": 1,
              "ID": 2,
              "left": 3,
              "right": 15
            }
          ],
          "parent": 0,
          "ID": 1,
          "left": 2
        }
      ],
      "parent": null,
      "ID": 0,
      "left": 1
    },
    "feat": {
      "utility": 0.001765859452750302,
      "query_shape": [
        [
          "Seq Scan",
          "Hash Join",
          "Sort",
          "Gather Merge",
          "Nested Loop",
          "Aggregate"
        ],
        [
          "Seq Scan",
          "Hash Join",
          "Hash",
          "Sort",
          "Gather Merge",
          "Nested Loop",
          "Aggregate"
        ],
        [
          "Seq Scan",
          "Hash",
          "Hash Join",
          "Sort",
          "Gather Merge",
          "Nested Loop",
          "Aggregate"
        ],
        [
          "Seq Scan",
          "Hash",
          "Hash Join",
          "Sort",
          "Gather Merge",
          "Nested Loop",
          "Aggregate"
        ],
        [
          "Seq Scan",
          "Hash Join",
          "Gather",
          "Materialize",
          "Nested Loop",
          "Aggregate"
        ],
        [
          "Seq Scan",
          "Hash",
          "Hash Join",
          "Gather",
          "Materialize",
          "Nested Loop",
          "Aggregate"
        ],
        [
          "Seq Scan",
          "Hash Join",
          "Hash",
          "Gather",
          "Materialize",
          "Nested Loop",
          "Aggregate"
        ],
        [
          "Seq Scan",
          "Hash",
          "Hash Join",
          "Gather",
          "Materialize",
          "Nested Loop",
          "Aggregate"
        ]
      ],
      "index_shape": [
        "join"
      ],
      "physical_operator": {
        "Hash Join": [
          7.660998476035106e-05
        ]
      }
    }
  },
  {
    "query": "select   \n     i_item_id\n    ,i_item_desc\n    ,s_store_id\n    ,s_store_name\n    ,stddev_samp(ss_quantity)        as store_sales_quantity\n    ,stddev_samp(sr_return_quantity) as store_returns_quantity\n    ,stddev_samp(cs_quantity)        as catalog_sales_quantity\n from\n    store_sales\n   ,store_returns\n   ,catalog_sales\n   ,date_dim             d1\n   ,date_dim             d2\n   ,date_dim             d3\n   ,store\n   ,item\n where\n     d1.d_moy               = 4 \n and d1.d_year              = 1999\n and d1.d_date_sk           = ss_sold_date_sk\n and i_item_sk              = ss_item_sk\n and s_store_sk             = ss_store_sk\n and ss_customer_sk         = sr_customer_sk\n and ss_item_sk             = sr_item_sk\n and ss_ticket_number       = sr_ticket_number\n and sr_returned_date_sk    = d2.d_date_sk\n and d2.d_moy               between 4 and  4 + 3 \n and d2.d_year              = 1999\n and sr_customer_sk         = cs_bill_customer_sk\n and sr_item_sk             = cs_item_sk\n and cs_sold_date_sk        = d3.d_date_sk     \n and d3.d_year              in (1999,1999+1,1999+2)\n group by\n    i_item_id\n   ,i_item_desc\n   ,s_store_id\n   ,s_store_name\n order by\n    i_item_id \n   ,i_item_desc\n   ,s_store_id\n   ,s_store_name\n limit 100;\n\n-- end query 19 in stream 0 using template query29.tpl\n",
    "indexes": "catalog_sales.cs_quantity",
    "wo plan est": {
      "Node Type": "Limit",
      "Parallel Aware": false,
      "Async Capable": false,
      "Startup Cost": 762542.58,
      "Total Cost": 1221390.95,
      "Plan Rows": 1,
      "Plan Width": 236,
      "Plans": [
        {
          "Node Type": "Aggregate",
          "Strategy": "Sorted",
          "Partial Mode": "Simple",
          "Parent Relationship": "Outer",
          "Parallel Aware": false,
          "Async Capable": false,
          "Startup Cost": 762542.58,
          "Total Cost": 1221390.95,
          "Plan Rows": 1,
          "Plan Width": 236,
          "Group Key": [
            "item.i_item_id",
            "item.i_item_desc",
            "store.s_store_id",
            "store.s_store_name"
          ],
          "Plans": [
            {
              "Node Type": "Nested Loop",
              "Parent Relationship": "Outer",
              "Parallel Aware": false,
              "Async Capable": false,
              "Join Type": "Inner",
              "Startup Cost": 762542.58,
              "Total Cost": 1221390.92,
              "Plan Rows": 1,
              "Plan Width": 152,
              "Inner Unique": false,
              "Join Filter": "((item.i_item_sk = store_returns.sr_item_sk) AND (store_sales.ss_customer_sk = store_returns.sr_customer_sk) AND (store_sales.ss_ticket_number = store_returns.sr_ticket_number))",
              "Plans": [
                {
                  "Node Type": "Gather Merge",
                  "Parent Relationship": "Outer",
                  "Parallel Aware": false,
                  "Async Capable": false,
                  "Startup Cost": 692960.09,
                  "Total Cost": 694214.78,
                  "Plan Rows": 10773,
                  "Plan Width": 160,
                  "Workers Planned": 2,
                  "Plans": [
                    {
                      "Node Type": "Sort",
                      "Parent Relationship": "Outer",
                      "Parallel Aware": false,
                      "Async Capable": false,
                      "Startup Cost": 691960.07,
                      "Total Cost": 691971.29,
                      "Plan Rows": 4489,
                      "Plan Width": 160,
                      "Sort Key": [
                        "item.i_item_id",
                        "item.i_item_desc",
                        "store.s_store_id",
                        "store.s_store_name"
                      ],
                      "Plans": [
                        {
                          "Node Type": "Hash Join",
                          "Parent Relationship": "Outer",
                          "Parallel Aware": true,
                          "Async Capable": false,
                          "Join Type": "Inner",
                          "Startup Cost": 684120.68,
                          "Total Cost": 691687.76,
                          "Plan Rows": 4489,
                          "Plan Width": 160,
                          "Inner Unique": false,
                          "Hash Cond": "(item.i_item_sk = store_sales.ss_item_sk)",
                          "Plans": [
                            {
                              "Node Type": "Seq Scan",
                              "Parent Relationship": "Outer",
                              "Parallel Aware": true,
                              "Async Capable": false,
                              "Relation Name": "item",
                              "Alias": "item",
                              "Startup Cost": 0.0,
                              "Total Cost": 7389.0,
                              "Plan Rows": 42500,
                              "Plan Width": 123,
                              "parent": 5,
                              "ID": 6
                            },
                            {
                              "Node Type": "Hash",
                              "Parent Relationship": "Inner",
                              "Parallel Aware": true,
                              "Async Capable": false,
                              "Startup Cost": 684064.57,
                              "Total Cost": 684064.57,
                              "Plan Rows": 4489,
                              "Plan Width": 37,
                              "Plans": [
                                {
                                  "Node Type": "Hash Join",
                                  "Parent Relationship": "Outer",
                                  "Parallel Aware": false,
                                  "Async Capable": false,
                                  "Join Type": "Inner",
                                  "Startup Cost": 2057.07,
                                  "Total Cost": 684064.57,
                                  "Plan Rows": 4489,
                                  "Plan Width": 37,
                                  "Inner Unique": false,
                                  "Hash Cond": "(store_sales.ss_store_sk = store.s_store_sk)",
                                  "Plans": [
                                    {
                                      "Node Type": "Hash Join",
                                      "Parent Relationship": "Outer",
                                      "Parallel Aware": true,
                                      "Async Capable": false,
                                      "Join Type": "Inner",
                                      "Startup Cost": 2049.78,
                                      "Total Cost": 683994.75,
                                      "Plan Rows": 4703,
                                      "Plan Width": 20,
                                      "Inner Unique": false,
                                      "Hash Cond": "(store_sales.ss_sold_date_sk = d1.d_date_sk)",
                                      "Plans": [
                                        {
                                          "Node Type": "Seq Scan",
                                          "Parent Relationship": "Outer",
                                          "Parallel Aware": true,
                                          "Async Capable": false,
                                          "Relation Name": "store_sales",
                                          "Alias": "store_sales",
                                          "Startup Cost": 0.0,
                                          "Total Cost": 636914.37,
                                          "Plan Rows": 12000637,
                                          "Plan Width": 24,
                                          "parent": 9,
                                          "ID": 10
                                        },
                                        {
                                          "Node Type": "Hash",
                                          "Parent Relationship": "Inner",
                                          "Parallel Aware": true,
                                          "Async Capable": false,
                                          "Startup Cost": 2049.55,
                                          "Total Cost": 2049.55,
                                          "Plan Rows": 18,
                                          "Plan Width": 4,
                                          "Plans": [
                                            {
                                              "Node Type": "Seq Scan",
                                              "Parent Relationship": "Outer",
                                              "Parallel Aware": true,
                                              "Async Capable": false,
                                              "Relation Name": "date_dim",
                                              "Alias": "d1",
                                              "Startup Cost": 0.0,
                                              "Total Cost": 2049.55,
                                              "Plan Rows": 18,
                                              "Plan Width": 4,
                                              "Filter": "((d_moy = 4) AND (d_year = 1999))",
                                              "parent": 11,
                                              "ID": 12
                                            }
                                          ],
                                          "parent": 9,
                                          "ID": 11,
                                          "left": 12
                                        }
                                      ],
                                      "parent": 8,
                                      "ID": 9,
                                      "left": 10,
                                      "right": 11
                                    },
                                    {
                                      "Node Type": "Hash",
                                      "Parent Relationship": "Inner",
                                      "Parallel Aware": false,
                                      "Async Capable": false,
                                      "Startup Cost": 6.02,
                                      "Total Cost": 6.02,
                                      "Plan Rows": 102,
                                      "Plan Width": 25,
                                      "Plans": [
                                        {
                                          "Node Type": "Seq Scan",
                                          "Parent Relationship": "Outer",
                                          "Parallel Aware": false,
                                          "Async Capable": false,
                                          "Relation Name": "store",
                                          "Alias": "store",
                                          "Startup Cost": 0.0,
                                          "Total Cost": 6.02,
                                          "Plan Rows": 102,
                                          "Plan Width": 25,
                                          "parent": 13,
                                          "ID": 14
                                        }
                                      ],
                                      "parent": 8,
                                      "ID": 13,
                                      "left": 14
                                    }
                                  ],
                                  "parent": 7,
                                  "ID": 8,
                                  "left": 9,
                                  "right": 13
                                }
                              ],
                              "parent": 5,
                              "ID": 7,
                              "left": 8
                            }
                          ],
                          "parent": 4,
                          "ID": 5,
                          "left": 6,
                          "right": 7
                        }
                      ],
                      "parent": 3,
                      "ID": 4,
                      "left": 5
                    }
                  ],
                  "parent": 2,
                  "ID": 3,
                  "left": 4
                },
                {
                  "Node Type": "Materialize",
                  "Parent Relationship": "Inner",
                  "Parallel Aware": false,
                  "Async Capable": false,
                  "Startup Cost": 69582.49,
                  "Total Cost": 526960.68,
                  "Plan Rows": 1,
                  "Plan Width": 28,
                  "Plans": [
                    {
                      "Node Type": "Gather",
                      "Parent Relationship": "Outer",
                      "Parallel Aware": false,
                      "Async Capable": false,
                      "Startup Cost": 69582.49,
                      "Total Cost": 526960.67,
                      "Plan Rows": 1,
                      "Plan Width": 28,
                      "Workers Planned": 2,
                      "Single Copy": false,
                      "Plans": [
                        {
                          "Node Type": "Hash Join",
                          "Parent Relationship": "Outer",
                          "Parallel Aware": true,
                          "Async Capable": false,
                          "Join Type": "Inner",
                          "Startup Cost": 68582.49,
                          "Total Cost": 525960.57,
                          "Plan Rows": 1,
                          "Plan Width": 28,
                          "Inner Unique": false,
                          "Hash Cond": "((catalog_sales.cs_item_sk = store_returns.sr_item_sk) AND (catalog_sales.cs_bill_customer_sk = store_returns.sr_customer_sk))",
                          "Plans": [
                            {
                              "Node Type": "Hash Join",
                              "Parent Relationship": "Outer",
                              "Parallel Aware": true,
                              "Async Capable": false,
                              "Join Type": "Inner",
                              "Startup Cost": 2003.83,
                              "Total Cost": 458715.99,
                              "Plan Rows": 88788,
                              "Plan Width": 12,
                              "Inner Unique": false,
                              "Hash Cond": "(catalog_sales.cs_sold_date_sk = d3.d_date_sk)",
                              "Plans": [
                                {
                                  "Node Type": "Seq Scan",
                                  "Parent Relationship": "Outer",
                                  "Parallel Aware": true,
                                  "Async Capable": false,
                                  "Relation Name": "catalog_sales",
                                  "Alias": "catalog_sales",
                                  "Startup Cost": 0.0,
                                  "Total Cost": 433688.25,
                                  "Plan Rows": 6000525,
                                  "Plan Width": 16,
                                  "parent": 18,
                                  "ID": 19
                                },
                                {
                                  "Node Type": "Hash",
                                  "Parent Relationship": "Inner",
                                  "Parallel Aware": true,
                                  "Async Capable": false,
                                  "Startup Cost": 1995.84,
                                  "Total Cost": 1995.84,
                                  "Plan Rows": 639,
                                  "Plan Width": 4,
                                  "Plans": [
                                    {
                                      "Node Type": "Seq Scan",
                                      "Parent Relationship": "Outer",
                                      "Parallel Aware": true,
                                      "Async Capable": false,
                                      "Relation Name": "date_dim",
                                      "Alias": "d3",
                                      "Startup Cost": 0.0,
                                      "Total Cost": 1995.84,
                                      "Plan Rows": 639,
                                      "Plan Width": 4,
                                      "Filter": "(d_year = ANY ('{1999,2000,2001}'::integer[]))",
                                      "parent": 20,
                                      "ID": 21
                                    }
                                  ],
                                  "parent": 18,
                                  "ID": 20,
                                  "left": 21
                                }
                              ],
                              "parent": 17,
                              "ID": 18,
                              "left": 19,
                              "right": 20
                            },
                            {
                              "Node Type": "Hash",
                              "Parent Relationship": "Inner",
                              "Parallel Aware": true,
                              "Async Capable": false,
                              "Startup Cost": 66549.88,
                              "Total Cost": 66549.88,
                              "Plan Rows": 1919,
                              "Plan Width": 16,
                              "Plans": [
                                {
                                  "Node Type": "Hash Join",
                                  "Parent Relationship": "Outer",
                                  "Parallel Aware": true,
                                  "Async Capable": false,
                                  "Join Type": "Inner",
                                  "Startup Cost": 2157.86,
                                  "Total Cost": 66549.88,
                                  "Plan Rows": 1919,
                                  "Plan Width": 16,
                                  "Inner Unique": false,
                                  "Hash Cond": "(store_returns.sr_returned_date_sk = d2.d_date_sk)",
                                  "Plans": [
                                    {
                                      "Node Type": "Seq Scan",
                                      "Parent Relationship": "Outer",
                                      "Parallel Aware": true,
                                      "Async Capable": false,
                                      "Relation Name": "store_returns",
                                      "Alias": "store_returns",
                                      "Startup Cost": 0.0,
                                      "Total Cost": 59887.64,
                                      "Plan Rows": 1198164,
                                      "Plan Width": 20,
                                      "parent": 23,
                                      "ID": 24
                                    },
                                    {
                                      "Node Type": "Hash",
                                      "Parent Relationship": "Inner",
                                      "Parallel Aware": true,
                                      "Async Capable": false,
                                      "Startup Cost": 2156.97,
                                      "Total Cost": 2156.97,
                                      "Plan Rows": 71,
                                      "Plan Width": 4,
                                      "Plans": [
                                        {
                                          "Node Type": "Seq Scan",
                                          "Parent Relationship": "Outer",
                                          "Parallel Aware": true,
                                          "Async Capable": false,
                                          "Relation Name": "date_dim",
                                          "Alias": "d2",
                                          "Startup Cost": 0.0,
                                          "Total Cost": 2156.97,
                                          "Plan Rows": 71,
                                          "Plan Width": 4,
                                          "Filter": "((d_moy >= 4) AND (d_moy <= 7) AND (d_year = 1999))",
                                          "parent": 25,
                                          "ID": 26
                                        }
                                      ],
                                      "parent": 23,
                                      "ID": 25,
                                      "left": 26
                                    }
                                  ],
                                  "parent": 22,
                                  "ID": 23,
                                  "left": 24,
                                  "right": 25
                                }
                              ],
                              "parent": 17,
                              "ID": 22,
                              "left": 23
                            }
                          ],
                          "parent": 16,
                          "ID": 17,
                          "left": 18,
                          "right": 22
                        }
                      ],
                      "parent": 15,
                      "ID": 16,
                      "left": 17
                    }
                  ],
                  "parent": 2,
                  "ID": 15,
                  "left": 16
                }
              ],
              "parent": 1,
              "ID": 2,
              "left": 3,
              "right": 15
            }
          ],
          "parent": 0,
          "ID": 1,
          "left": 2
        }
      ],
      "parent": null,
      "ID": 0,
      "left": 1
    },
    "feat": {
      "utility": 0.0,
      "query_shape": [
        [
          "Seq Scan",
          "Hash Join",
          "Sort",
          "Gather Merge",
          "Nested Loop",
          "Aggregate"
        ],
        [
          "Seq Scan",
          "Hash Join",
          "Hash",
          "Sort",
          "Gather Merge",
          "Nested Loop",
          "Aggregate"
        ],
        [
          "Seq Scan",
          "Hash",
          "Hash Join",
          "Sort",
          "Gather Merge",
          "Nested Loop",
          "Aggregate"
        ],
        [
          "Seq Scan",
          "Hash",
          "Hash Join",
          "Sort",
          "Gather Merge",
          "Nested Loop",
          "Aggregate"
        ],
        [
          "Seq Scan",
          "Hash Join",
          "Gather",
          "Materialize",
          "Nested Loop",
          "Aggregate"
        ],
        [
          "Seq Scan",
          "Hash",
          "Hash Join",
          "Gather",
          "Materialize",
          "Nested Loop",
          "Aggregate"
        ],
        [
          "Seq Scan",
          "Hash Join",
          "Hash",
          "Gather",
          "Materialize",
          "Nested Loop",
          "Aggregate"
        ],
        [
          "Seq Scan",
          "Hash",
          "Hash Join",
          "Gather",
          "Materialize",
          "Nested Loop",
          "Aggregate"
        ]
      ],
      "index_shape": [],
      "physical_operator": {}
    }
  },
  {
    "query": "select   \n     i_item_id\n    ,i_item_desc\n    ,s_store_id\n    ,s_store_name\n    ,stddev_samp(ss_quantity)        as store_sales_quantity\n    ,stddev_samp(sr_return_quantity) as store_returns_quantity\n    ,stddev_samp(cs_quantity)        as catalog_sales_quantity\n from\n    store_sales\n   ,store_returns\n   ,catalog_sales\n   ,date_dim             d1\n   ,date_dim             d2\n   ,date_dim             d3\n   ,store\n   ,item\n where\n     d1.d_moy               = 4 \n and d1.d_year              = 1999\n and d1.d_date_sk           = ss_sold_date_sk\n and i_item_sk              = ss_item_sk\n and s_store_sk             = ss_store_sk\n and ss_customer_sk         = sr_customer_sk\n and ss_item_sk             = sr_item_sk\n and ss_ticket_number       = sr_ticket_number\n and sr_returned_date_sk    = d2.d_date_sk\n and d2.d_moy               between 4 and  4 + 3 \n and d2.d_year              = 1999\n and sr_customer_sk         = cs_bill_customer_sk\n and sr_item_sk             = cs_item_sk\n and cs_sold_date_sk        = d3.d_date_sk     \n and d3.d_year              in (1999,1999+1,1999+2)\n group by\n    i_item_id\n   ,i_item_desc\n   ,s_store_id\n   ,s_store_name\n order by\n    i_item_id \n   ,i_item_desc\n   ,s_store_id\n   ,s_store_name\n limit 100;\n\n-- end query 19 in stream 0 using template query29.tpl\n",
    "indexes": "store_sales.ss_sold_date_sk",
    "wo plan est": {
      "Node Type": "Limit",
      "Parallel Aware": false,
      "Async Capable": false,
      "Startup Cost": 762542.58,
      "Total Cost": 1221390.95,
      "Plan Rows": 1,
      "Plan Width": 236,
      "Plans": [
        {
          "Node Type": "Aggregate",
          "Strategy": "Sorted",
          "Partial Mode": "Simple",
          "Parent Relationship": "Outer",
          "Parallel Aware": false,
          "Async Capable": false,
          "Startup Cost": 762542.58,
          "Total Cost": 1221390.95,
          "Plan Rows": 1,
          "Plan Width": 236,
          "Group Key": [
            "item.i_item_id",
            "item.i_item_desc",
            "store.s_store_id",
            "store.s_store_name"
          ],
          "Plans": [
            {
              "Node Type": "Nested Loop",
              "Parent Relationship": "Outer",
              "Parallel Aware": false,
              "Async Capable": false,
              "Join Type": "Inner",
              "Startup Cost": 762542.58,
              "Total Cost": 1221390.92,
              "Plan Rows": 1,
              "Plan Width": 152,
              "Inner Unique": false,
              "Join Filter": "((item.i_item_sk = store_returns.sr_item_sk) AND (store_sales.ss_customer_sk = store_returns.sr_customer_sk) AND (store_sales.ss_ticket_number = store_returns.sr_ticket_number))",
              "Plans": [
                {
                  "Node Type": "Gather Merge",
                  "Parent Relationship": "Outer",
                  "Parallel Aware": false,
                  "Async Capable": false,
                  "Startup Cost": 692960.09,
                  "Total Cost": 694214.78,
                  "Plan Rows": 10773,
                  "Plan Width": 160,
                  "Workers Planned": 2,
                  "Plans": [
                    {
                      "Node Type": "Sort",
                      "Parent Relationship": "Outer",
                      "Parallel Aware": false,
                      "Async Capable": false,
                      "Startup Cost": 691960.07,
                      "Total Cost": 691971.29,
                      "Plan Rows": 4489,
                      "Plan Width": 160,
                      "Sort Key": [
                        "item.i_item_id",
                        "item.i_item_desc",
                        "store.s_store_id",
                        "store.s_store_name"
                      ],
                      "Plans": [
                        {
                          "Node Type": "Hash Join",
                          "Parent Relationship": "Outer",
                          "Parallel Aware": true,
                          "Async Capable": false,
                          "Join Type": "Inner",
                          "Startup Cost": 684120.68,
                          "Total Cost": 691687.76,
                          "Plan Rows": 4489,
                          "Plan Width": 160,
                          "Inner Unique": false,
                          "Hash Cond": "(item.i_item_sk = store_sales.ss_item_sk)",
                          "Plans": [
                            {
                              "Node Type": "Seq Scan",
                              "Parent Relationship": "Outer",
                              "Parallel Aware": true,
                              "Async Capable": false,
                              "Relation Name": "item",
                              "Alias": "item",
                              "Startup Cost": 0.0,
                              "Total Cost": 7389.0,
                              "Plan Rows": 42500,
                              "Plan Width": 123,
                              "parent": 5,
                              "ID": 6
                            },
                            {
                              "Node Type": "Hash",
                              "Parent Relationship": "Inner",
                              "Parallel Aware": true,
                              "Async Capable": false,
                              "Startup Cost": 684064.57,
                              "Total Cost": 684064.57,
                              "Plan Rows": 4489,
                              "Plan Width": 37,
                              "Plans": [
                                {
                                  "Node Type": "Hash Join",
                                  "Parent Relationship": "Outer",
                                  "Parallel Aware": false,
                                  "Async Capable": false,
                                  "Join Type": "Inner",
                                  "Startup Cost": 2057.07,
                                  "Total Cost": 684064.57,
                                  "Plan Rows": 4489,
                                  "Plan Width": 37,
                                  "Inner Unique": false,
                                  "Hash Cond": "(store_sales.ss_store_sk = store.s_store_sk)",
                                  "Plans": [
                                    {
                                      "Node Type": "Hash Join",
                                      "Parent Relationship": "Outer",
                                      "Parallel Aware": true,
                                      "Async Capable": false,
                                      "Join Type": "Inner",
                                      "Startup Cost": 2049.78,
                                      "Total Cost": 683994.75,
                                      "Plan Rows": 4703,
                                      "Plan Width": 20,
                                      "Inner Unique": false,
                                      "Hash Cond": "(store_sales.ss_sold_date_sk = d1.d_date_sk)",
                                      "Plans": [
                                        {
                                          "Node Type": "Seq Scan",
                                          "Parent Relationship": "Outer",
                                          "Parallel Aware": true,
                                          "Async Capable": false,
                                          "Relation Name": "store_sales",
                                          "Alias": "store_sales",
                                          "Startup Cost": 0.0,
                                          "Total Cost": 636914.37,
                                          "Plan Rows": 12000637,
                                          "Plan Width": 24,
                                          "parent": 9,
                                          "ID": 10
                                        },
                                        {
                                          "Node Type": "Hash",
                                          "Parent Relationship": "Inner",
                                          "Parallel Aware": true,
                                          "Async Capable": false,
                                          "Startup Cost": 2049.55,
                                          "Total Cost": 2049.55,
                                          "Plan Rows": 18,
                                          "Plan Width": 4,
                                          "Plans": [
                                            {
                                              "Node Type": "Seq Scan",
                                              "Parent Relationship": "Outer",
                                              "Parallel Aware": true,
                                              "Async Capable": false,
                                              "Relation Name": "date_dim",
                                              "Alias": "d1",
                                              "Startup Cost": 0.0,
                                              "Total Cost": 2049.55,
                                              "Plan Rows": 18,
                                              "Plan Width": 4,
                                              "Filter": "((d_moy = 4) AND (d_year = 1999))",
                                              "parent": 11,
                                              "ID": 12
                                            }
                                          ],
                                          "parent": 9,
                                          "ID": 11,
                                          "left": 12
                                        }
                                      ],
                                      "parent": 8,
                                      "ID": 9,
                                      "left": 10,
                                      "right": 11
                                    },
                                    {
                                      "Node Type": "Hash",
                                      "Parent Relationship": "Inner",
                                      "Parallel Aware": false,
                                      "Async Capable": false,
                                      "Startup Cost": 6.02,
                                      "Total Cost": 6.02,
                                      "Plan Rows": 102,
                                      "Plan Width": 25,
                                      "Plans": [
                                        {
                                          "Node Type": "Seq Scan",
                                          "Parent Relationship": "Outer",
                                          "Parallel Aware": false,
                                          "Async Capable": false,
                                          "Relation Name": "store",
                                          "Alias": "store",
                                          "Startup Cost": 0.0,
                                          "Total Cost": 6.02,
                                          "Plan Rows": 102,
                                          "Plan Width": 25,
                                          "parent": 13,
                                          "ID": 14
                                        }
                                      ],
                                      "parent": 8,
                                      "ID": 13,
                                      "left": 14
                                    }
                                  ],
                                  "parent": 7,
                                  "ID": 8,
                                  "left": 9,
                                  "right": 13
                                }
                              ],
                              "parent": 5,
                              "ID": 7,
                              "left": 8
                            }
                          ],
                          "parent": 4,
                          "ID": 5,
                          "left": 6,
                          "right": 7
                        }
                      ],
                      "parent": 3,
                      "ID": 4,
                      "left": 5
                    }
                  ],
                  "parent": 2,
                  "ID": 3,
                  "left": 4
                },
                {
                  "Node Type": "Materialize",
                  "Parent Relationship": "Inner",
                  "Parallel Aware": false,
                  "Async Capable": false,
                  "Startup Cost": 69582.49,
                  "Total Cost": 526960.68,
                  "Plan Rows": 1,
                  "Plan Width": 28,
                  "Plans": [
                    {
                      "Node Type": "Gather",
                      "Parent Relationship": "Outer",
                      "Parallel Aware": false,
                      "Async Capable": false,
                      "Startup Cost": 69582.49,
                      "Total Cost": 526960.67,
                      "Plan Rows": 1,
                      "Plan Width": 28,
                      "Workers Planned": 2,
                      "Single Copy": false,
                      "Plans": [
                        {
                          "Node Type": "Hash Join",
                          "Parent Relationship": "Outer",
                          "Parallel Aware": true,
                          "Async Capable": false,
                          "Join Type": "Inner",
                          "Startup Cost": 68582.49,
                          "Total Cost": 525960.57,
                          "Plan Rows": 1,
                          "Plan Width": 28,
                          "Inner Unique": false,
                          "Hash Cond": "((catalog_sales.cs_item_sk = store_returns.sr_item_sk) AND (catalog_sales.cs_bill_customer_sk = store_returns.sr_customer_sk))",
                          "Plans": [
                            {
                              "Node Type": "Hash Join",
                              "Parent Relationship": "Outer",
                              "Parallel Aware": true,
                              "Async Capable": false,
                              "Join Type": "Inner",
                              "Startup Cost": 2003.83,
                              "Total Cost": 458715.99,
                              "Plan Rows": 88788,
                              "Plan Width": 12,
                              "Inner Unique": false,
                              "Hash Cond": "(catalog_sales.cs_sold_date_sk = d3.d_date_sk)",
                              "Plans": [
                                {
                                  "Node Type": "Seq Scan",
                                  "Parent Relationship": "Outer",
                                  "Parallel Aware": true,
                                  "Async Capable": false,
                                  "Relation Name": "catalog_sales",
                                  "Alias": "catalog_sales",
                                  "Startup Cost": 0.0,
                                  "Total Cost": 433688.25,
                                  "Plan Rows": 6000525,
                                  "Plan Width": 16,
                                  "parent": 18,
                                  "ID": 19
                                },
                                {
                                  "Node Type": "Hash",
                                  "Parent Relationship": "Inner",
                                  "Parallel Aware": true,
                                  "Async Capable": false,
                                  "Startup Cost": 1995.84,
                                  "Total Cost": 1995.84,
                                  "Plan Rows": 639,
                                  "Plan Width": 4,
                                  "Plans": [
                                    {
                                      "Node Type": "Seq Scan",
                                      "Parent Relationship": "Outer",
                                      "Parallel Aware": true,
                                      "Async Capable": false,
                                      "Relation Name": "date_dim",
                                      "Alias": "d3",
                                      "Startup Cost": 0.0,
                                      "Total Cost": 1995.84,
                                      "Plan Rows": 639,
                                      "Plan Width": 4,
                                      "Filter": "(d_year = ANY ('{1999,2000,2001}'::integer[]))",
                                      "parent": 20,
                                      "ID": 21
                                    }
                                  ],
                                  "parent": 18,
                                  "ID": 20,
                                  "left": 21
                                }
                              ],
                              "parent": 17,
                              "ID": 18,
                              "left": 19,
                              "right": 20
                            },
                            {
                              "Node Type": "Hash",
                              "Parent Relationship": "Inner",
                              "Parallel Aware": true,
                              "Async Capable": false,
                              "Startup Cost": 66549.88,
                              "Total Cost": 66549.88,
                              "Plan Rows": 1919,
                              "Plan Width": 16,
                              "Plans": [
                                {
                                  "Node Type": "Hash Join",
                                  "Parent Relationship": "Outer",
                                  "Parallel Aware": true,
                                  "Async Capable": false,
                                  "Join Type": "Inner",
                                  "Startup Cost": 2157.86,
                                  "Total Cost": 66549.88,
                                  "Plan Rows": 1919,
                                  "Plan Width": 16,
                                  "Inner Unique": false,
                                  "Hash Cond": "(store_returns.sr_returned_date_sk = d2.d_date_sk)",
                                  "Plans": [
                                    {
                                      "Node Type": "Seq Scan",
                                      "Parent Relationship": "Outer",
                                      "Parallel Aware": true,
                                      "Async Capable": false,
                                      "Relation Name": "store_returns",
                                      "Alias": "store_returns",
                                      "Startup Cost": 0.0,
                                      "Total Cost": 59887.64,
                                      "Plan Rows": 1198164,
                                      "Plan Width": 20,
                                      "parent": 23,
                                      "ID": 24
                                    },
                                    {
                                      "Node Type": "Hash",
                                      "Parent Relationship": "Inner",
                                      "Parallel Aware": true,
                                      "Async Capable": false,
                                      "Startup Cost": 2156.97,
                                      "Total Cost": 2156.97,
                                      "Plan Rows": 71,
                                      "Plan Width": 4,
                                      "Plans": [
                                        {
                                          "Node Type": "Seq Scan",
                                          "Parent Relationship": "Outer",
                                          "Parallel Aware": true,
                                          "Async Capable": false,
                                          "Relation Name": "date_dim",
                                          "Alias": "d2",
                                          "Startup Cost": 0.0,
                                          "Total Cost": 2156.97,
                                          "Plan Rows": 71,
                                          "Plan Width": 4,
                                          "Filter": "((d_moy >= 4) AND (d_moy <= 7) AND (d_year = 1999))",
                                          "parent": 25,
                                          "ID": 26
                                        }
                                      ],
                                      "parent": 23,
                                      "ID": 25,
                                      "left": 26
                                    }
                                  ],
                                  "parent": 22,
                                  "ID": 23,
                                  "left": 24,
                                  "right": 25
                                }
                              ],
                              "parent": 17,
                              "ID": 22,
                              "left": 23
                            }
                          ],
                          "parent": 16,
                          "ID": 17,
                          "left": 18,
                          "right": 22
                        }
                      ],
                      "parent": 15,
                      "ID": 16,
                      "left": 17
                    }
                  ],
                  "parent": 2,
                  "ID": 15,
                  "left": 16
                }
              ],
              "parent": 1,
              "ID": 2,
              "left": 3,
              "right": 15
            }
          ],
          "parent": 0,
          "ID": 1,
          "left": 2
        }
      ],
      "parent": null,
      "ID": 0,
      "left": 1
    },
    "feat": {
      "utility": 0.0017577545315102675,
      "query_shape": [
        [
          "Seq Scan",
          "Hash Join",
          "Sort",
          "Gather Merge",
          "Nested Loop",
          "Aggregate"
        ],
        [
          "Seq Scan",
          "Hash Join",
          "Hash",
          "Sort",
          "Gather Merge",
          "Nested Loop",
          "Aggregate"
        ],
        [
          "Seq Scan",
          "Hash",
          "Hash Join",
          "Sort",
          "Gather Merge",
          "Nested Loop",
          "Aggregate"
        ],
        [
          "Seq Scan",
          "Hash",
          "Hash Join",
          "Sort",
          "Gather Merge",
          "Nested Loop",
          "Aggregate"
        ],
        [
          "Seq Scan",
          "Hash Join",
          "Gather",
          "Materialize",
          "Nested Loop",
          "Aggregate"
        ],
        [
          "Seq Scan",
          "Hash",
          "Hash Join",
          "Gather",
          "Materialize",
          "Nested Loop",
          "Aggregate"
        ],
        [
          "Seq Scan",
          "Hash Join",
          "Hash",
          "Gather",
          "Materialize",
          "Nested Loop",
          "Aggregate"
        ],
        [
          "Seq Scan",
          "Hash",
          "Hash Join",
          "Gather",
          "Materialize",
          "Nested Loop",
          "Aggregate"
        ]
      ],
      "index_shape": [
        "join"
      ],
      "physical_operator": {
        "Hash Join": [
          0.004666046765541177
        ]
      }
    }
  },
  {
    "query": "select   \n     i_item_id\n    ,i_item_desc\n    ,s_store_id\n    ,s_store_name\n    ,stddev_samp(ss_quantity)        as store_sales_quantity\n    ,stddev_samp(sr_return_quantity) as store_returns_quantity\n    ,stddev_samp(cs_quantity)        as catalog_sales_quantity\n from\n    store_sales\n   ,store_returns\n   ,catalog_sales\n   ,date_dim             d1\n   ,date_dim             d2\n   ,date_dim             d3\n   ,store\n   ,item\n where\n     d1.d_moy               = 4 \n and d1.d_year              = 1999\n and d1.d_date_sk           = ss_sold_date_sk\n and i_item_sk              = ss_item_sk\n and s_store_sk             = ss_store_sk\n and ss_customer_sk         = sr_customer_sk\n and ss_item_sk             = sr_item_sk\n and ss_ticket_number       = sr_ticket_number\n and sr_returned_date_sk    = d2.d_date_sk\n and d2.d_moy               between 4 and  4 + 3 \n and d2.d_year              = 1999\n and sr_customer_sk         = cs_bill_customer_sk\n and sr_item_sk             = cs_item_sk\n and cs_sold_date_sk        = d3.d_date_sk     \n and d3.d_year              in (1999,1999+1,1999+2)\n group by\n    i_item_id\n   ,i_item_desc\n   ,s_store_id\n   ,s_store_name\n order by\n    i_item_id \n   ,i_item_desc\n   ,s_store_id\n   ,s_store_name\n limit 100;\n\n-- end query 19 in stream 0 using template query29.tpl\n",
    "indexes": "store_sales.ss_item_sk",
    "wo plan est": {
      "Node Type": "Limit",
      "Parallel Aware": false,
      "Async Capable": false,
      "Startup Cost": 762542.58,
      "Total Cost": 1221390.95,
      "Plan Rows": 1,
      "Plan Width": 236,
      "Plans": [
        {
          "Node Type": "Aggregate",
          "Strategy": "Sorted",
          "Partial Mode": "Simple",
          "Parent Relationship": "Outer",
          "Parallel Aware": false,
          "Async Capable": false,
          "Startup Cost": 762542.58,
          "Total Cost": 1221390.95,
          "Plan Rows": 1,
          "Plan Width": 236,
          "Group Key": [
            "item.i_item_id",
            "item.i_item_desc",
            "store.s_store_id",
            "store.s_store_name"
          ],
          "Plans": [
            {
              "Node Type": "Nested Loop",
              "Parent Relationship": "Outer",
              "Parallel Aware": false,
              "Async Capable": false,
              "Join Type": "Inner",
              "Startup Cost": 762542.58,
              "Total Cost": 1221390.92,
              "Plan Rows": 1,
              "Plan Width": 152,
              "Inner Unique": false,
              "Join Filter": "((item.i_item_sk = store_returns.sr_item_sk) AND (store_sales.ss_customer_sk = store_returns.sr_customer_sk) AND (store_sales.ss_ticket_number = store_returns.sr_ticket_number))",
              "Plans": [
                {
                  "Node Type": "Gather Merge",
                  "Parent Relationship": "Outer",
                  "Parallel Aware": false,
                  "Async Capable": false,
                  "Startup Cost": 692960.09,
                  "Total Cost": 694214.78,
                  "Plan Rows": 10773,
                  "Plan Width": 160,
                  "Workers Planned": 2,
                  "Plans": [
                    {
                      "Node Type": "Sort",
                      "Parent Relationship": "Outer",
                      "Parallel Aware": false,
                      "Async Capable": false,
                      "Startup Cost": 691960.07,
                      "Total Cost": 691971.29,
                      "Plan Rows": 4489,
                      "Plan Width": 160,
                      "Sort Key": [
                        "item.i_item_id",
                        "item.i_item_desc",
                        "store.s_store_id",
                        "store.s_store_name"
                      ],
                      "Plans": [
                        {
                          "Node Type": "Hash Join",
                          "Parent Relationship": "Outer",
                          "Parallel Aware": true,
                          "Async Capable": false,
                          "Join Type": "Inner",
                          "Startup Cost": 684120.68,
                          "Total Cost": 691687.76,
                          "Plan Rows": 4489,
                          "Plan Width": 160,
                          "Inner Unique": false,
                          "Hash Cond": "(item.i_item_sk = store_sales.ss_item_sk)",
                          "Plans": [
                            {
                              "Node Type": "Seq Scan",
                              "Parent Relationship": "Outer",
                              "Parallel Aware": true,
                              "Async Capable": false,
                              "Relation Name": "item",
                              "Alias": "item",
                              "Startup Cost": 0.0,
                              "Total Cost": 7389.0,
                              "Plan Rows": 42500,
                              "Plan Width": 123,
                              "parent": 5,
                              "ID": 6
                            },
                            {
                              "Node Type": "Hash",
                              "Parent Relationship": "Inner",
                              "Parallel Aware": true,
                              "Async Capable": false,
                              "Startup Cost": 684064.57,
                              "Total Cost": 684064.57,
                              "Plan Rows": 4489,
                              "Plan Width": 37,
                              "Plans": [
                                {
                                  "Node Type": "Hash Join",
                                  "Parent Relationship": "Outer",
                                  "Parallel Aware": false,
                                  "Async Capable": false,
                                  "Join Type": "Inner",
                                  "Startup Cost": 2057.07,
                                  "Total Cost": 684064.57,
                                  "Plan Rows": 4489,
                                  "Plan Width": 37,
                                  "Inner Unique": false,
                                  "Hash Cond": "(store_sales.ss_store_sk = store.s_store_sk)",
                                  "Plans": [
                                    {
                                      "Node Type": "Hash Join",
                                      "Parent Relationship": "Outer",
                                      "Parallel Aware": true,
                                      "Async Capable": false,
                                      "Join Type": "Inner",
                                      "Startup Cost": 2049.78,
                                      "Total Cost": 683994.75,
                                      "Plan Rows": 4703,
                                      "Plan Width": 20,
                                      "Inner Unique": false,
                                      "Hash Cond": "(store_sales.ss_sold_date_sk = d1.d_date_sk)",
                                      "Plans": [
                                        {
                                          "Node Type": "Seq Scan",
                                          "Parent Relationship": "Outer",
                                          "Parallel Aware": true,
                                          "Async Capable": false,
                                          "Relation Name": "store_sales",
                                          "Alias": "store_sales",
                                          "Startup Cost": 0.0,
                                          "Total Cost": 636914.37,
                                          "Plan Rows": 12000637,
                                          "Plan Width": 24,
                                          "parent": 9,
                                          "ID": 10
                                        },
                                        {
                                          "Node Type": "Hash",
                                          "Parent Relationship": "Inner",
                                          "Parallel Aware": true,
                                          "Async Capable": false,
                                          "Startup Cost": 2049.55,
                                          "Total Cost": 2049.55,
                                          "Plan Rows": 18,
                                          "Plan Width": 4,
                                          "Plans": [
                                            {
                                              "Node Type": "Seq Scan",
                                              "Parent Relationship": "Outer",
                                              "Parallel Aware": true,
                                              "Async Capable": false,
                                              "Relation Name": "date_dim",
                                              "Alias": "d1",
                                              "Startup Cost": 0.0,
                                              "Total Cost": 2049.55,
                                              "Plan Rows": 18,
                                              "Plan Width": 4,
                                              "Filter": "((d_moy = 4) AND (d_year = 1999))",
                                              "parent": 11,
                                              "ID": 12
                                            }
                                          ],
                                          "parent": 9,
                                          "ID": 11,
                                          "left": 12
                                        }
                                      ],
                                      "parent": 8,
                                      "ID": 9,
                                      "left": 10,
                                      "right": 11
                                    },
                                    {
                                      "Node Type": "Hash",
                                      "Parent Relationship": "Inner",
                                      "Parallel Aware": false,
                                      "Async Capable": false,
                                      "Startup Cost": 6.02,
                                      "Total Cost": 6.02,
                                      "Plan Rows": 102,
                                      "Plan Width": 25,
                                      "Plans": [
                                        {
                                          "Node Type": "Seq Scan",
                                          "Parent Relationship": "Outer",
                                          "Parallel Aware": false,
                                          "Async Capable": false,
                                          "Relation Name": "store",
                                          "Alias": "store",
                                          "Startup Cost": 0.0,
                                          "Total Cost": 6.02,
                                          "Plan Rows": 102,
                                          "Plan Width": 25,
                                          "parent": 13,
                                          "ID": 14
                                        }
                                      ],
                                      "parent": 8,
                                      "ID": 13,
                                      "left": 14
                                    }
                                  ],
                                  "parent": 7,
                                  "ID": 8,
                                  "left": 9,
                                  "right": 13
                                }
                              ],
                              "parent": 5,
                              "ID": 7,
                              "left": 8
                            }
                          ],
                          "parent": 4,
                          "ID": 5,
                          "left": 6,
                          "right": 7
                        }
                      ],
                      "parent": 3,
                      "ID": 4,
                      "left": 5
                    }
                  ],
                  "parent": 2,
                  "ID": 3,
                  "left": 4
                },
                {
                  "Node Type": "Materialize",
                  "Parent Relationship": "Inner",
                  "Parallel Aware": false,
                  "Async Capable": false,
                  "Startup Cost": 69582.49,
                  "Total Cost": 526960.68,
                  "Plan Rows": 1,
                  "Plan Width": 28,
                  "Plans": [
                    {
                      "Node Type": "Gather",
                      "Parent Relationship": "Outer",
                      "Parallel Aware": false,
                      "Async Capable": false,
                      "Startup Cost": 69582.49,
                      "Total Cost": 526960.67,
                      "Plan Rows": 1,
                      "Plan Width": 28,
                      "Workers Planned": 2,
                      "Single Copy": false,
                      "Plans": [
                        {
                          "Node Type": "Hash Join",
                          "Parent Relationship": "Outer",
                          "Parallel Aware": true,
                          "Async Capable": false,
                          "Join Type": "Inner",
                          "Startup Cost": 68582.49,
                          "Total Cost": 525960.57,
                          "Plan Rows": 1,
                          "Plan Width": 28,
                          "Inner Unique": false,
                          "Hash Cond": "((catalog_sales.cs_item_sk = store_returns.sr_item_sk) AND (catalog_sales.cs_bill_customer_sk = store_returns.sr_customer_sk))",
                          "Plans": [
                            {
                              "Node Type": "Hash Join",
                              "Parent Relationship": "Outer",
                              "Parallel Aware": true,
                              "Async Capable": false,
                              "Join Type": "Inner",
                              "Startup Cost": 2003.83,
                              "Total Cost": 458715.99,
                              "Plan Rows": 88788,
                              "Plan Width": 12,
                              "Inner Unique": false,
                              "Hash Cond": "(catalog_sales.cs_sold_date_sk = d3.d_date_sk)",
                              "Plans": [
                                {
                                  "Node Type": "Seq Scan",
                                  "Parent Relationship": "Outer",
                                  "Parallel Aware": true,
                                  "Async Capable": false,
                                  "Relation Name": "catalog_sales",
                                  "Alias": "catalog_sales",
                                  "Startup Cost": 0.0,
                                  "Total Cost": 433688.25,
                                  "Plan Rows": 6000525,
                                  "Plan Width": 16,
                                  "parent": 18,
                                  "ID": 19
                                },
                                {
                                  "Node Type": "Hash",
                                  "Parent Relationship": "Inner",
                                  "Parallel Aware": true,
                                  "Async Capable": false,
                                  "Startup Cost": 1995.84,
                                  "Total Cost": 1995.84,
                                  "Plan Rows": 639,
                                  "Plan Width": 4,
                                  "Plans": [
                                    {
                                      "Node Type": "Seq Scan",
                                      "Parent Relationship": "Outer",
                                      "Parallel Aware": true,
                                      "Async Capable": false,
                                      "Relation Name": "date_dim",
                                      "Alias": "d3",
                                      "Startup Cost": 0.0,
                                      "Total Cost": 1995.84,
                                      "Plan Rows": 639,
                                      "Plan Width": 4,
                                      "Filter": "(d_year = ANY ('{1999,2000,2001}'::integer[]))",
                                      "parent": 20,
                                      "ID": 21
                                    }
                                  ],
                                  "parent": 18,
                                  "ID": 20,
                                  "left": 21
                                }
                              ],
                              "parent": 17,
                              "ID": 18,
                              "left": 19,
                              "right": 20
                            },
                            {
                              "Node Type": "Hash",
                              "Parent Relationship": "Inner",
                              "Parallel Aware": true,
                              "Async Capable": false,
                              "Startup Cost": 66549.88,
                              "Total Cost": 66549.88,
                              "Plan Rows": 1919,
                              "Plan Width": 16,
                              "Plans": [
                                {
                                  "Node Type": "Hash Join",
                                  "Parent Relationship": "Outer",
                                  "Parallel Aware": true,
                                  "Async Capable": false,
                                  "Join Type": "Inner",
                                  "Startup Cost": 2157.86,
                                  "Total Cost": 66549.88,
                                  "Plan Rows": 1919,
                                  "Plan Width": 16,
                                  "Inner Unique": false,
                                  "Hash Cond": "(store_returns.sr_returned_date_sk = d2.d_date_sk)",
                                  "Plans": [
                                    {
                                      "Node Type": "Seq Scan",
                                      "Parent Relationship": "Outer",
                                      "Parallel Aware": true,
                                      "Async Capable": false,
                                      "Relation Name": "store_returns",
                                      "Alias": "store_returns",
                                      "Startup Cost": 0.0,
                                      "Total Cost": 59887.64,
                                      "Plan Rows": 1198164,
                                      "Plan Width": 20,
                                      "parent": 23,
                                      "ID": 24
                                    },
                                    {
                                      "Node Type": "Hash",
                                      "Parent Relationship": "Inner",
                                      "Parallel Aware": true,
                                      "Async Capable": false,
                                      "Startup Cost": 2156.97,
                                      "Total Cost": 2156.97,
                                      "Plan Rows": 71,
                                      "Plan Width": 4,
                                      "Plans": [
                                        {
                                          "Node Type": "Seq Scan",
                                          "Parent Relationship": "Outer",
                                          "Parallel Aware": true,
                                          "Async Capable": false,
                                          "Relation Name": "date_dim",
                                          "Alias": "d2",
                                          "Startup Cost": 0.0,
                                          "Total Cost": 2156.97,
                                          "Plan Rows": 71,
                                          "Plan Width": 4,
                                          "Filter": "((d_moy >= 4) AND (d_moy <= 7) AND (d_year = 1999))",
                                          "parent": 25,
                                          "ID": 26
                                        }
                                      ],
                                      "parent": 23,
                                      "ID": 25,
                                      "left": 26
                                    }
                                  ],
                                  "parent": 22,
                                  "ID": 23,
                                  "left": 24,
                                  "right": 25
                                }
                              ],
                              "parent": 17,
                              "ID": 22,
                              "left": 23
                            }
                          ],
                          "parent": 16,
                          "ID": 17,
                          "left": 18,
                          "right": 22
                        }
                      ],
                      "parent": 15,
                      "ID": 16,
                      "left": 17
                    }
                  ],
                  "parent": 2,
                  "ID": 15,
                  "left": 16
                }
              ],
              "parent": 1,
              "ID": 2,
              "left": 3,
              "right": 15
            }
          ],
          "parent": 0,
          "ID": 1,
          "left": 2
        }
      ],
      "parent": null,
      "ID": 0,
      "left": 1
    },
    "feat": {
      "utility": 0.0017574284127922413,
      "query_shape": [
        [
          "Seq Scan",
          "Hash Join",
          "Sort",
          "Gather Merge",
          "Nested Loop",
          "Aggregate"
        ],
        [
          "Seq Scan",
          "Hash Join",
          "Hash",
          "Sort",
          "Gather Merge",
          "Nested Loop",
          "Aggregate"
        ],
        [
          "Seq Scan",
          "Hash",
          "Hash Join",
          "Sort",
          "Gather Merge",
          "Nested Loop",
          "Aggregate"
        ],
        [
          "Seq Scan",
          "Hash",
          "Hash Join",
          "Sort",
          "Gather Merge",
          "Nested Loop",
          "Aggregate"
        ],
        [
          "Seq Scan",
          "Hash Join",
          "Gather",
          "Materialize",
          "Nested Loop",
          "Aggregate"
        ],
        [
          "Seq Scan",
          "Hash",
          "Hash Join",
          "Gather",
          "Materialize",
          "Nested Loop",
          "Aggregate"
        ],
        [
          "Seq Scan",
          "Hash Join",
          "Hash",
          "Gather",
          "Materialize",
          "Nested Loop",
          "Aggregate"
        ],
        [
          "Seq Scan",
          "Hash",
          "Hash Join",
          "Gather",
          "Materialize",
          "Nested Loop",
          "Aggregate"
        ]
      ],
      "index_shape": [
        "join"
      ],
      "physical_operator": {
        "Hash Join": [
          0.00485071250072666
        ]
      }
    }
  },
  {
    "query": "select   \n     i_item_id\n    ,i_item_desc\n    ,s_store_id\n    ,s_store_name\n    ,stddev_samp(ss_quantity)        as store_sales_quantity\n    ,stddev_samp(sr_return_quantity) as store_returns_quantity\n    ,stddev_samp(cs_quantity)        as catalog_sales_quantity\n from\n    store_sales\n   ,store_returns\n   ,catalog_sales\n   ,date_dim             d1\n   ,date_dim             d2\n   ,date_dim             d3\n   ,store\n   ,item\n where\n     d1.d_moy               = 4 \n and d1.d_year              = 1999\n and d1.d_date_sk           = ss_sold_date_sk\n and i_item_sk              = ss_item_sk\n and s_store_sk             = ss_store_sk\n and ss_customer_sk         = sr_customer_sk\n and ss_item_sk             = sr_item_sk\n and ss_ticket_number       = sr_ticket_number\n and sr_returned_date_sk    = d2.d_date_sk\n and d2.d_moy               between 4 and  4 + 3 \n and d2.d_year              = 1999\n and sr_customer_sk         = cs_bill_customer_sk\n and sr_item_sk             = cs_item_sk\n and cs_sold_date_sk        = d3.d_date_sk     \n and d3.d_year              in (1999,1999+1,1999+2)\n group by\n    i_item_id\n   ,i_item_desc\n   ,s_store_id\n   ,s_store_name\n order by\n    i_item_id \n   ,i_item_desc\n   ,s_store_id\n   ,s_store_name\n limit 100;\n\n-- end query 19 in stream 0 using template query29.tpl\n",
    "indexes": "store_sales.ss_customer_sk",
    "wo plan est": {
      "Node Type": "Limit",
      "Parallel Aware": false,
      "Async Capable": false,
      "Startup Cost": 762542.58,
      "Total Cost": 1221390.95,
      "Plan Rows": 1,
      "Plan Width": 236,
      "Plans": [
        {
          "Node Type": "Aggregate",
          "Strategy": "Sorted",
          "Partial Mode": "Simple",
          "Parent Relationship": "Outer",
          "Parallel Aware": false,
          "Async Capable": false,
          "Startup Cost": 762542.58,
          "Total Cost": 1221390.95,
          "Plan Rows": 1,
          "Plan Width": 236,
          "Group Key": [
            "item.i_item_id",
            "item.i_item_desc",
            "store.s_store_id",
            "store.s_store_name"
          ],
          "Plans": [
            {
              "Node Type": "Nested Loop",
              "Parent Relationship": "Outer",
              "Parallel Aware": false,
              "Async Capable": false,
              "Join Type": "Inner",
              "Startup Cost": 762542.58,
              "Total Cost": 1221390.92,
              "Plan Rows": 1,
              "Plan Width": 152,
              "Inner Unique": false,
              "Join Filter": "((item.i_item_sk = store_returns.sr_item_sk) AND (store_sales.ss_customer_sk = store_returns.sr_customer_sk) AND (store_sales.ss_ticket_number = store_returns.sr_ticket_number))",
              "Plans": [
                {
                  "Node Type": "Gather Merge",
                  "Parent Relationship": "Outer",
                  "Parallel Aware": false,
                  "Async Capable": false,
                  "Startup Cost": 692960.09,
                  "Total Cost": 694214.78,
                  "Plan Rows": 10773,
                  "Plan Width": 160,
                  "Workers Planned": 2,
                  "Plans": [
                    {
                      "Node Type": "Sort",
                      "Parent Relationship": "Outer",
                      "Parallel Aware": false,
                      "Async Capable": false,
                      "Startup Cost": 691960.07,
                      "Total Cost": 691971.29,
                      "Plan Rows": 4489,
                      "Plan Width": 160,
                      "Sort Key": [
                        "item.i_item_id",
                        "item.i_item_desc",
                        "store.s_store_id",
                        "store.s_store_name"
                      ],
                      "Plans": [
                        {
                          "Node Type": "Hash Join",
                          "Parent Relationship": "Outer",
                          "Parallel Aware": true,
                          "Async Capable": false,
                          "Join Type": "Inner",
                          "Startup Cost": 684120.68,
                          "Total Cost": 691687.76,
                          "Plan Rows": 4489,
                          "Plan Width": 160,
                          "Inner Unique": false,
                          "Hash Cond": "(item.i_item_sk = store_sales.ss_item_sk)",
                          "Plans": [
                            {
                              "Node Type": "Seq Scan",
                              "Parent Relationship": "Outer",
                              "Parallel Aware": true,
                              "Async Capable": false,
                              "Relation Name": "item",
                              "Alias": "item",
                              "Startup Cost": 0.0,
                              "Total Cost": 7389.0,
                              "Plan Rows": 42500,
                              "Plan Width": 123,
                              "parent": 5,
                              "ID": 6
                            },
                            {
                              "Node Type": "Hash",
                              "Parent Relationship": "Inner",
                              "Parallel Aware": true,
                              "Async Capable": false,
                              "Startup Cost": 684064.57,
                              "Total Cost": 684064.57,
                              "Plan Rows": 4489,
                              "Plan Width": 37,
                              "Plans": [
                                {
                                  "Node Type": "Hash Join",
                                  "Parent Relationship": "Outer",
                                  "Parallel Aware": false,
                                  "Async Capable": false,
                                  "Join Type": "Inner",
                                  "Startup Cost": 2057.07,
                                  "Total Cost": 684064.57,
                                  "Plan Rows": 4489,
                                  "Plan Width": 37,
                                  "Inner Unique": false,
                                  "Hash Cond": "(store_sales.ss_store_sk = store.s_store_sk)",
                                  "Plans": [
                                    {
                                      "Node Type": "Hash Join",
                                      "Parent Relationship": "Outer",
                                      "Parallel Aware": true,
                                      "Async Capable": false,
                                      "Join Type": "Inner",
                                      "Startup Cost": 2049.78,
                                      "Total Cost": 683994.75,
                                      "Plan Rows": 4703,
                                      "Plan Width": 20,
                                      "Inner Unique": false,
                                      "Hash Cond": "(store_sales.ss_sold_date_sk = d1.d_date_sk)",
                                      "Plans": [
                                        {
                                          "Node Type": "Seq Scan",
                                          "Parent Relationship": "Outer",
                                          "Parallel Aware": true,
                                          "Async Capable": false,
                                          "Relation Name": "store_sales",
                                          "Alias": "store_sales",
                                          "Startup Cost": 0.0,
                                          "Total Cost": 636914.37,
                                          "Plan Rows": 12000637,
                                          "Plan Width": 24,
                                          "parent": 9,
                                          "ID": 10
                                        },
                                        {
                                          "Node Type": "Hash",
                                          "Parent Relationship": "Inner",
                                          "Parallel Aware": true,
                                          "Async Capable": false,
                                          "Startup Cost": 2049.55,
                                          "Total Cost": 2049.55,
                                          "Plan Rows": 18,
                                          "Plan Width": 4,
                                          "Plans": [
                                            {
                                              "Node Type": "Seq Scan",
                                              "Parent Relationship": "Outer",
                                              "Parallel Aware": true,
                                              "Async Capable": false,
                                              "Relation Name": "date_dim",
                                              "Alias": "d1",
                                              "Startup Cost": 0.0,
                                              "Total Cost": 2049.55,
                                              "Plan Rows": 18,
                                              "Plan Width": 4,
                                              "Filter": "((d_moy = 4) AND (d_year = 1999))",
                                              "parent": 11,
                                              "ID": 12
                                            }
                                          ],
                                          "parent": 9,
                                          "ID": 11,
                                          "left": 12
                                        }
                                      ],
                                      "parent": 8,
                                      "ID": 9,
                                      "left": 10,
                                      "right": 11
                                    },
                                    {
                                      "Node Type": "Hash",
                                      "Parent Relationship": "Inner",
                                      "Parallel Aware": false,
                                      "Async Capable": false,
                                      "Startup Cost": 6.02,
                                      "Total Cost": 6.02,
                                      "Plan Rows": 102,
                                      "Plan Width": 25,
                                      "Plans": [
                                        {
                                          "Node Type": "Seq Scan",
                                          "Parent Relationship": "Outer",
                                          "Parallel Aware": false,
                                          "Async Capable": false,
                                          "Relation Name": "store",
                                          "Alias": "store",
                                          "Startup Cost": 0.0,
                                          "Total Cost": 6.02,
                                          "Plan Rows": 102,
                                          "Plan Width": 25,
                                          "parent": 13,
                                          "ID": 14
                                        }
                                      ],
                                      "parent": 8,
                                      "ID": 13,
                                      "left": 14
                                    }
                                  ],
                                  "parent": 7,
                                  "ID": 8,
                                  "left": 9,
                                  "right": 13
                                }
                              ],
                              "parent": 5,
                              "ID": 7,
                              "left": 8
                            }
                          ],
                          "parent": 4,
                          "ID": 5,
                          "left": 6,
                          "right": 7
                        }
                      ],
                      "parent": 3,
                      "ID": 4,
                      "left": 5
                    }
                  ],
                  "parent": 2,
                  "ID": 3,
                  "left": 4
                },
                {
                  "Node Type": "Materialize",
                  "Parent Relationship": "Inner",
                  "Parallel Aware": false,
                  "Async Capable": false,
                  "Startup Cost": 69582.49,
                  "Total Cost": 526960.68,
                  "Plan Rows": 1,
                  "Plan Width": 28,
                  "Plans": [
                    {
                      "Node Type": "Gather",
                      "Parent Relationship": "Outer",
                      "Parallel Aware": false,
                      "Async Capable": false,
                      "Startup Cost": 69582.49,
                      "Total Cost": 526960.67,
                      "Plan Rows": 1,
                      "Plan Width": 28,
                      "Workers Planned": 2,
                      "Single Copy": false,
                      "Plans": [
                        {
                          "Node Type": "Hash Join",
                          "Parent Relationship": "Outer",
                          "Parallel Aware": true,
                          "Async Capable": false,
                          "Join Type": "Inner",
                          "Startup Cost": 68582.49,
                          "Total Cost": 525960.57,
                          "Plan Rows": 1,
                          "Plan Width": 28,
                          "Inner Unique": false,
                          "Hash Cond": "((catalog_sales.cs_item_sk = store_returns.sr_item_sk) AND (catalog_sales.cs_bill_customer_sk = store_returns.sr_customer_sk))",
                          "Plans": [
                            {
                              "Node Type": "Hash Join",
                              "Parent Relationship": "Outer",
                              "Parallel Aware": true,
                              "Async Capable": false,
                              "Join Type": "Inner",
                              "Startup Cost": 2003.83,
                              "Total Cost": 458715.99,
                              "Plan Rows": 88788,
                              "Plan Width": 12,
                              "Inner Unique": false,
                              "Hash Cond": "(catalog_sales.cs_sold_date_sk = d3.d_date_sk)",
                              "Plans": [
                                {
                                  "Node Type": "Seq Scan",
                                  "Parent Relationship": "Outer",
                                  "Parallel Aware": true,
                                  "Async Capable": false,
                                  "Relation Name": "catalog_sales",
                                  "Alias": "catalog_sales",
                                  "Startup Cost": 0.0,
                                  "Total Cost": 433688.25,
                                  "Plan Rows": 6000525,
                                  "Plan Width": 16,
                                  "parent": 18,
                                  "ID": 19
                                },
                                {
                                  "Node Type": "Hash",
                                  "Parent Relationship": "Inner",
                                  "Parallel Aware": true,
                                  "Async Capable": false,
                                  "Startup Cost": 1995.84,
                                  "Total Cost": 1995.84,
                                  "Plan Rows": 639,
                                  "Plan Width": 4,
                                  "Plans": [
                                    {
                                      "Node Type": "Seq Scan",
                                      "Parent Relationship": "Outer",
                                      "Parallel Aware": true,
                                      "Async Capable": false,
                                      "Relation Name": "date_dim",
                                      "Alias": "d3",
                                      "Startup Cost": 0.0,
                                      "Total Cost": 1995.84,
                                      "Plan Rows": 639,
                                      "Plan Width": 4,
                                      "Filter": "(d_year = ANY ('{1999,2000,2001}'::integer[]))",
                                      "parent": 20,
                                      "ID": 21
                                    }
                                  ],
                                  "parent": 18,
                                  "ID": 20,
                                  "left": 21
                                }
                              ],
                              "parent": 17,
                              "ID": 18,
                              "left": 19,
                              "right": 20
                            },
                            {
                              "Node Type": "Hash",
                              "Parent Relationship": "Inner",
                              "Parallel Aware": true,
                              "Async Capable": false,
                              "Startup Cost": 66549.88,
                              "Total Cost": 66549.88,
                              "Plan Rows": 1919,
                              "Plan Width": 16,
                              "Plans": [
                                {
                                  "Node Type": "Hash Join",
                                  "Parent Relationship": "Outer",
                                  "Parallel Aware": true,
                                  "Async Capable": false,
                                  "Join Type": "Inner",
                                  "Startup Cost": 2157.86,
                                  "Total Cost": 66549.88,
                                  "Plan Rows": 1919,
                                  "Plan Width": 16,
                                  "Inner Unique": false,
                                  "Hash Cond": "(store_returns.sr_returned_date_sk = d2.d_date_sk)",
                                  "Plans": [
                                    {
                                      "Node Type": "Seq Scan",
                                      "Parent Relationship": "Outer",
                                      "Parallel Aware": true,
                                      "Async Capable": false,
                                      "Relation Name": "store_returns",
                                      "Alias": "store_returns",
                                      "Startup Cost": 0.0,
                                      "Total Cost": 59887.64,
                                      "Plan Rows": 1198164,
                                      "Plan Width": 20,
                                      "parent": 23,
                                      "ID": 24
                                    },
                                    {
                                      "Node Type": "Hash",
                                      "Parent Relationship": "Inner",
                                      "Parallel Aware": true,
                                      "Async Capable": false,
                                      "Startup Cost": 2156.97,
                                      "Total Cost": 2156.97,
                                      "Plan Rows": 71,
                                      "Plan Width": 4,
                                      "Plans": [
                                        {
                                          "Node Type": "Seq Scan",
                                          "Parent Relationship": "Outer",
                                          "Parallel Aware": true,
                                          "Async Capable": false,
                                          "Relation Name": "date_dim",
                                          "Alias": "d2",
                                          "Startup Cost": 0.0,
                                          "Total Cost": 2156.97,
                                          "Plan Rows": 71,
                                          "Plan Width": 4,
                                          "Filter": "((d_moy >= 4) AND (d_moy <= 7) AND (d_year = 1999))",
                                          "parent": 25,
                                          "ID": 26
                                        }
                                      ],
                                      "parent": 23,
                                      "ID": 25,
                                      "left": 26
                                    }
                                  ],
                                  "parent": 22,
                                  "ID": 23,
                                  "left": 24,
                                  "right": 25
                                }
                              ],
                              "parent": 17,
                              "ID": 22,
                              "left": 23
                            }
                          ],
                          "parent": 16,
                          "ID": 17,
                          "left": 18,
                          "right": 22
                        }
                      ],
                      "parent": 15,
                      "ID": 16,
                      "left": 17
                    }
                  ],
                  "parent": 2,
                  "ID": 15,
                  "left": 16
                }
              ],
              "parent": 1,
              "ID": 2,
              "left": 3,
              "right": 15
            }
          ],
          "parent": 0,
          "ID": 1,
          "left": 2
        }
      ],
      "parent": null,
      "ID": 0,
      "left": 1
    },
    "feat": {
      "utility": 0.0017489801716917323,
      "query_shape": [
        [
          "Seq Scan",
          "Hash Join",
          "Sort",
          "Gather Merge",
          "Nested Loop",
          "Aggregate"
        ],
        [
          "Seq Scan",
          "Hash Join",
          "Hash",
          "Sort",
          "Gather Merge",
          "Nested Loop",
          "Aggregate"
        ],
        [
          "Seq Scan",
          "Hash",
          "Hash Join",
          "Sort",
          "Gather Merge",
          "Nested Loop",
          "Aggregate"
        ],
        [
          "Seq Scan",
          "Hash",
          "Hash Join",
          "Sort",
          "Gather Merge",
          "Nested Loop",
          "Aggregate"
        ],
        [
          "Seq Scan",
          "Hash Join",
          "Gather",
          "Materialize",
          "Nested Loop",
          "Aggregate"
        ],
        [
          "Seq Scan",
          "Hash",
          "Hash Join",
          "Gather",
          "Materialize",
          "Nested Loop",
          "Aggregate"
        ],
        [
          "Seq Scan",
          "Hash Join",
          "Hash",
          "Gather",
          "Materialize",
          "Nested Loop",
          "Aggregate"
        ],
        [
          "Seq Scan",
          "Hash",
          "Hash Join",
          "Gather",
          "Materialize",
          "Nested Loop",
          "Aggregate"
        ]
      ],
      "index_shape": [
        "join"
      ],
      "physical_operator": {
        "Nested Loop": [
          0.009634555216934666
        ]
      }
    }
  },
  {
    "query": "select   \n     i_item_id\n    ,i_item_desc\n    ,s_store_id\n    ,s_store_name\n    ,stddev_samp(ss_quantity)        as store_sales_quantity\n    ,stddev_samp(sr_return_quantity) as store_returns_quantity\n    ,stddev_samp(cs_quantity)        as catalog_sales_quantity\n from\n    store_sales\n   ,store_returns\n   ,catalog_sales\n   ,date_dim             d1\n   ,date_dim             d2\n   ,date_dim             d3\n   ,store\n   ,item\n where\n     d1.d_moy               = 4 \n and d1.d_year              = 1999\n and d1.d_date_sk           = ss_sold_date_sk\n and i_item_sk              = ss_item_sk\n and s_store_sk             = ss_store_sk\n and ss_customer_sk         = sr_customer_sk\n and ss_item_sk             = sr_item_sk\n and ss_ticket_number       = sr_ticket_number\n and sr_returned_date_sk    = d2.d_date_sk\n and d2.d_moy               between 4 and  4 + 3 \n and d2.d_year              = 1999\n and sr_customer_sk         = cs_bill_customer_sk\n and sr_item_sk             = cs_item_sk\n and cs_sold_date_sk        = d3.d_date_sk     \n and d3.d_year              in (1999,1999+1,1999+2)\n group by\n    i_item_id\n   ,i_item_desc\n   ,s_store_id\n   ,s_store_name\n order by\n    i_item_id \n   ,i_item_desc\n   ,s_store_id\n   ,s_store_name\n limit 100;\n\n-- end query 19 in stream 0 using template query29.tpl\n",
    "indexes": "store_sales.ss_store_sk",
    "wo plan est": {
      "Node Type": "Limit",
      "Parallel Aware": false,
      "Async Capable": false,
      "Startup Cost": 762542.58,
      "Total Cost": 1221390.95,
      "Plan Rows": 1,
      "Plan Width": 236,
      "Plans": [
        {
          "Node Type": "Aggregate",
          "Strategy": "Sorted",
          "Partial Mode": "Simple",
          "Parent Relationship": "Outer",
          "Parallel Aware": false,
          "Async Capable": false,
          "Startup Cost": 762542.58,
          "Total Cost": 1221390.95,
          "Plan Rows": 1,
          "Plan Width": 236,
          "Group Key": [
            "item.i_item_id",
            "item.i_item_desc",
            "store.s_store_id",
            "store.s_store_name"
          ],
          "Plans": [
            {
              "Node Type": "Nested Loop",
              "Parent Relationship": "Outer",
              "Parallel Aware": false,
              "Async Capable": false,
              "Join Type": "Inner",
              "Startup Cost": 762542.58,
              "Total Cost": 1221390.92,
              "Plan Rows": 1,
              "Plan Width": 152,
              "Inner Unique": false,
              "Join Filter": "((item.i_item_sk = store_returns.sr_item_sk) AND (store_sales.ss_customer_sk = store_returns.sr_customer_sk) AND (store_sales.ss_ticket_number = store_returns.sr_ticket_number))",
              "Plans": [
                {
                  "Node Type": "Gather Merge",
                  "Parent Relationship": "Outer",
                  "Parallel Aware": false,
                  "Async Capable": false,
                  "Startup Cost": 692960.09,
                  "Total Cost": 694214.78,
                  "Plan Rows": 10773,
                  "Plan Width": 160,
                  "Workers Planned": 2,
                  "Plans": [
                    {
                      "Node Type": "Sort",
                      "Parent Relationship": "Outer",
                      "Parallel Aware": false,
                      "Async Capable": false,
                      "Startup Cost": 691960.07,
                      "Total Cost": 691971.29,
                      "Plan Rows": 4489,
                      "Plan Width": 160,
                      "Sort Key": [
                        "item.i_item_id",
                        "item.i_item_desc",
                        "store.s_store_id",
                        "store.s_store_name"
                      ],
                      "Plans": [
                        {
                          "Node Type": "Hash Join",
                          "Parent Relationship": "Outer",
                          "Parallel Aware": true,
                          "Async Capable": false,
                          "Join Type": "Inner",
                          "Startup Cost": 684120.68,
                          "Total Cost": 691687.76,
                          "Plan Rows": 4489,
                          "Plan Width": 160,
                          "Inner Unique": false,
                          "Hash Cond": "(item.i_item_sk = store_sales.ss_item_sk)",
                          "Plans": [
                            {
                              "Node Type": "Seq Scan",
                              "Parent Relationship": "Outer",
                              "Parallel Aware": true,
                              "Async Capable": false,
                              "Relation Name": "item",
                              "Alias": "item",
                              "Startup Cost": 0.0,
                              "Total Cost": 7389.0,
                              "Plan Rows": 42500,
                              "Plan Width": 123,
                              "parent": 5,
                              "ID": 6
                            },
                            {
                              "Node Type": "Hash",
                              "Parent Relationship": "Inner",
                              "Parallel Aware": true,
                              "Async Capable": false,
                              "Startup Cost": 684064.57,
                              "Total Cost": 684064.57,
                              "Plan Rows": 4489,
                              "Plan Width": 37,
                              "Plans": [
                                {
                                  "Node Type": "Hash Join",
                                  "Parent Relationship": "Outer",
                                  "Parallel Aware": false,
                                  "Async Capable": false,
                                  "Join Type": "Inner",
                                  "Startup Cost": 2057.07,
                                  "Total Cost": 684064.57,
                                  "Plan Rows": 4489,
                                  "Plan Width": 37,
                                  "Inner Unique": false,
                                  "Hash Cond": "(store_sales.ss_store_sk = store.s_store_sk)",
                                  "Plans": [
                                    {
                                      "Node Type": "Hash Join",
                                      "Parent Relationship": "Outer",
                                      "Parallel Aware": true,
                                      "Async Capable": false,
                                      "Join Type": "Inner",
                                      "Startup Cost": 2049.78,
                                      "Total Cost": 683994.75,
                                      "Plan Rows": 4703,
                                      "Plan Width": 20,
                                      "Inner Unique": false,
                                      "Hash Cond": "(store_sales.ss_sold_date_sk = d1.d_date_sk)",
                                      "Plans": [
                                        {
                                          "Node Type": "Seq Scan",
                                          "Parent Relationship": "Outer",
                                          "Parallel Aware": true,
                                          "Async Capable": false,
                                          "Relation Name": "store_sales",
                                          "Alias": "store_sales",
                                          "Startup Cost": 0.0,
                                          "Total Cost": 636914.37,
                                          "Plan Rows": 12000637,
                                          "Plan Width": 24,
                                          "parent": 9,
                                          "ID": 10
                                        },
                                        {
                                          "Node Type": "Hash",
                                          "Parent Relationship": "Inner",
                                          "Parallel Aware": true,
                                          "Async Capable": false,
                                          "Startup Cost": 2049.55,
                                          "Total Cost": 2049.55,
                                          "Plan Rows": 18,
                                          "Plan Width": 4,
                                          "Plans": [
                                            {
                                              "Node Type": "Seq Scan",
                                              "Parent Relationship": "Outer",
                                              "Parallel Aware": true,
                                              "Async Capable": false,
                                              "Relation Name": "date_dim",
                                              "Alias": "d1",
                                              "Startup Cost": 0.0,
                                              "Total Cost": 2049.55,
                                              "Plan Rows": 18,
                                              "Plan Width": 4,
                                              "Filter": "((d_moy = 4) AND (d_year = 1999))",
                                              "parent": 11,
                                              "ID": 12
                                            }
                                          ],
                                          "parent": 9,
                                          "ID": 11,
                                          "left": 12
                                        }
                                      ],
                                      "parent": 8,
                                      "ID": 9,
                                      "left": 10,
                                      "right": 11
                                    },
                                    {
                                      "Node Type": "Hash",
                                      "Parent Relationship": "Inner",
                                      "Parallel Aware": false,
                                      "Async Capable": false,
                                      "Startup Cost": 6.02,
                                      "Total Cost": 6.02,
                                      "Plan Rows": 102,
                                      "Plan Width": 25,
                                      "Plans": [
                                        {
                                          "Node Type": "Seq Scan",
                                          "Parent Relationship": "Outer",
                                          "Parallel Aware": false,
                                          "Async Capable": false,
                                          "Relation Name": "store",
                                          "Alias": "store",
                                          "Startup Cost": 0.0,
                                          "Total Cost": 6.02,
                                          "Plan Rows": 102,
                                          "Plan Width": 25,
                                          "parent": 13,
                                          "ID": 14
                                        }
                                      ],
                                      "parent": 8,
                                      "ID": 13,
                                      "left": 14
                                    }
                                  ],
                                  "parent": 7,
                                  "ID": 8,
                                  "left": 9,
                                  "right": 13
                                }
                              ],
                              "parent": 5,
                              "ID": 7,
                              "left": 8
                            }
                          ],
                          "parent": 4,
                          "ID": 5,
                          "left": 6,
                          "right": 7
                        }
                      ],
                      "parent": 3,
                      "ID": 4,
                      "left": 5
                    }
                  ],
                  "parent": 2,
                  "ID": 3,
                  "left": 4
                },
                {
                  "Node Type": "Materialize",
                  "Parent Relationship": "Inner",
                  "Parallel Aware": false,
                  "Async Capable": false,
                  "Startup Cost": 69582.49,
                  "Total Cost": 526960.68,
                  "Plan Rows": 1,
                  "Plan Width": 28,
                  "Plans": [
                    {
                      "Node Type": "Gather",
                      "Parent Relationship": "Outer",
                      "Parallel Aware": false,
                      "Async Capable": false,
                      "Startup Cost": 69582.49,
                      "Total Cost": 526960.67,
                      "Plan Rows": 1,
                      "Plan Width": 28,
                      "Workers Planned": 2,
                      "Single Copy": false,
                      "Plans": [
                        {
                          "Node Type": "Hash Join",
                          "Parent Relationship": "Outer",
                          "Parallel Aware": true,
                          "Async Capable": false,
                          "Join Type": "Inner",
                          "Startup Cost": 68582.49,
                          "Total Cost": 525960.57,
                          "Plan Rows": 1,
                          "Plan Width": 28,
                          "Inner Unique": false,
                          "Hash Cond": "((catalog_sales.cs_item_sk = store_returns.sr_item_sk) AND (catalog_sales.cs_bill_customer_sk = store_returns.sr_customer_sk))",
                          "Plans": [
                            {
                              "Node Type": "Hash Join",
                              "Parent Relationship": "Outer",
                              "Parallel Aware": true,
                              "Async Capable": false,
                              "Join Type": "Inner",
                              "Startup Cost": 2003.83,
                              "Total Cost": 458715.99,
                              "Plan Rows": 88788,
                              "Plan Width": 12,
                              "Inner Unique": false,
                              "Hash Cond": "(catalog_sales.cs_sold_date_sk = d3.d_date_sk)",
                              "Plans": [
                                {
                                  "Node Type": "Seq Scan",
                                  "Parent Relationship": "Outer",
                                  "Parallel Aware": true,
                                  "Async Capable": false,
                                  "Relation Name": "catalog_sales",
                                  "Alias": "catalog_sales",
                                  "Startup Cost": 0.0,
                                  "Total Cost": 433688.25,
                                  "Plan Rows": 6000525,
                                  "Plan Width": 16,
                                  "parent": 18,
                                  "ID": 19
                                },
                                {
                                  "Node Type": "Hash",
                                  "Parent Relationship": "Inner",
                                  "Parallel Aware": true,
                                  "Async Capable": false,
                                  "Startup Cost": 1995.84,
                                  "Total Cost": 1995.84,
                                  "Plan Rows": 639,
                                  "Plan Width": 4,
                                  "Plans": [
                                    {
                                      "Node Type": "Seq Scan",
                                      "Parent Relationship": "Outer",
                                      "Parallel Aware": true,
                                      "Async Capable": false,
                                      "Relation Name": "date_dim",
                                      "Alias": "d3",
                                      "Startup Cost": 0.0,
                                      "Total Cost": 1995.84,
                                      "Plan Rows": 639,
                                      "Plan Width": 4,
                                      "Filter": "(d_year = ANY ('{1999,2000,2001}'::integer[]))",
                                      "parent": 20,
                                      "ID": 21
                                    }
                                  ],
                                  "parent": 18,
                                  "ID": 20,
                                  "left": 21
                                }
                              ],
                              "parent": 17,
                              "ID": 18,
                              "left": 19,
                              "right": 20
                            },
                            {
                              "Node Type": "Hash",
                              "Parent Relationship": "Inner",
                              "Parallel Aware": true,
                              "Async Capable": false,
                              "Startup Cost": 66549.88,
                              "Total Cost": 66549.88,
                              "Plan Rows": 1919,
                              "Plan Width": 16,
                              "Plans": [
                                {
                                  "Node Type": "Hash Join",
                                  "Parent Relationship": "Outer",
                                  "Parallel Aware": true,
                                  "Async Capable": false,
                                  "Join Type": "Inner",
                                  "Startup Cost": 2157.86,
                                  "Total Cost": 66549.88,
                                  "Plan Rows": 1919,
                                  "Plan Width": 16,
                                  "Inner Unique": false,
                                  "Hash Cond": "(store_returns.sr_returned_date_sk = d2.d_date_sk)",
                                  "Plans": [
                                    {
                                      "Node Type": "Seq Scan",
                                      "Parent Relationship": "Outer",
                                      "Parallel Aware": true,
                                      "Async Capable": false,
                                      "Relation Name": "store_returns",
                                      "Alias": "store_returns",
                                      "Startup Cost": 0.0,
                                      "Total Cost": 59887.64,
                                      "Plan Rows": 1198164,
                                      "Plan Width": 20,
                                      "parent": 23,
                                      "ID": 24
                                    },
                                    {
                                      "Node Type": "Hash",
                                      "Parent Relationship": "Inner",
                                      "Parallel Aware": true,
                                      "Async Capable": false,
                                      "Startup Cost": 2156.97,
                                      "Total Cost": 2156.97,
                                      "Plan Rows": 71,
                                      "Plan Width": 4,
                                      "Plans": [
                                        {
                                          "Node Type": "Seq Scan",
                                          "Parent Relationship": "Outer",
                                          "Parallel Aware": true,
                                          "Async Capable": false,
                                          "Relation Name": "date_dim",
                                          "Alias": "d2",
                                          "Startup Cost": 0.0,
                                          "Total Cost": 2156.97,
                                          "Plan Rows": 71,
                                          "Plan Width": 4,
                                          "Filter": "((d_moy >= 4) AND (d_moy <= 7) AND (d_year = 1999))",
                                          "parent": 25,
                                          "ID": 26
                                        }
                                      ],
                                      "parent": 23,
                                      "ID": 25,
                                      "left": 26
                                    }
                                  ],
                                  "parent": 22,
                                  "ID": 23,
                                  "left": 24,
                                  "right": 25
                                }
                              ],
                              "parent": 17,
                              "ID": 22,
                              "left": 23
                            }
                          ],
                          "parent": 16,
                          "ID": 17,
                          "left": 18,
                          "right": 22
                        }
                      ],
                      "parent": 15,
                      "ID": 16,
                      "left": 17
                    }
                  ],
                  "parent": 2,
                  "ID": 15,
                  "left": 16
                }
              ],
              "parent": 1,
              "ID": 2,
              "left": 3,
              "right": 15
            }
          ],
          "parent": 0,
          "ID": 1,
          "left": 2
        }
      ],
      "parent": null,
      "ID": 0,
      "left": 1
    },
    "feat": {
      "utility": 0.0015951598311317351,
      "query_shape": [
        [
          "Seq Scan",
          "Hash Join",
          "Sort",
          "Gather Merge",
          "Nested Loop",
          "Aggregate"
        ],
        [
          "Seq Scan",
          "Hash Join",
          "Hash",
          "Sort",
          "Gather Merge",
          "Nested Loop",
          "Aggregate"
        ],
        [
          "Seq Scan",
          "Hash",
          "Hash Join",
          "Sort",
          "Gather Merge",
          "Nested Loop",
          "Aggregate"
        ],
        [
          "Seq Scan",
          "Hash",
          "Hash Join",
          "Sort",
          "Gather Merge",
          "Nested Loop",
          "Aggregate"
        ],
        [
          "Seq Scan",
          "Hash Join",
          "Gather",
          "Materialize",
          "Nested Loop",
          "Aggregate"
        ],
        [
          "Seq Scan",
          "Hash",
          "Hash Join",
          "Gather",
          "Materialize",
          "Nested Loop",
          "Aggregate"
        ],
        [
          "Seq Scan",
          "Hash Join",
          "Hash",
          "Gather",
          "Materialize",
          "Nested Loop",
          "Aggregate"
        ],
        [
          "Seq Scan",
          "Hash",
          "Hash Join",
          "Gather",
          "Materialize",
          "Nested Loop",
          "Aggregate"
        ]
      ],
      "index_shape": [
        "join"
      ],
      "physical_operator": {
        "Hash Join": [
          0.09673579996577163
        ]
      }
    }
  },
  {
    "query": "select   \n     i_item_id\n    ,i_item_desc\n    ,s_store_id\n    ,s_store_name\n    ,stddev_samp(ss_quantity)        as store_sales_quantity\n    ,stddev_samp(sr_return_quantity) as store_returns_quantity\n    ,stddev_samp(cs_quantity)        as catalog_sales_quantity\n from\n    store_sales\n   ,store_returns\n   ,catalog_sales\n   ,date_dim             d1\n   ,date_dim             d2\n   ,date_dim             d3\n   ,store\n   ,item\n where\n     d1.d_moy               = 4 \n and d1.d_year              = 1999\n and d1.d_date_sk           = ss_sold_date_sk\n and i_item_sk              = ss_item_sk\n and s_store_sk             = ss_store_sk\n and ss_customer_sk         = sr_customer_sk\n and ss_item_sk             = sr_item_sk\n and ss_ticket_number       = sr_ticket_number\n and sr_returned_date_sk    = d2.d_date_sk\n and d2.d_moy               between 4 and  4 + 3 \n and d2.d_year              = 1999\n and sr_customer_sk         = cs_bill_customer_sk\n and sr_item_sk             = cs_item_sk\n and cs_sold_date_sk        = d3.d_date_sk     \n and d3.d_year              in (1999,1999+1,1999+2)\n group by\n    i_item_id\n   ,i_item_desc\n   ,s_store_id\n   ,s_store_name\n order by\n    i_item_id \n   ,i_item_desc\n   ,s_store_id\n   ,s_store_name\n limit 100;\n\n-- end query 19 in stream 0 using template query29.tpl\n",
    "indexes": "store_sales.ss_ticket_number",
    "wo plan est": {
      "Node Type": "Limit",
      "Parallel Aware": false,
      "Async Capable": false,
      "Startup Cost": 762542.58,
      "Total Cost": 1221390.95,
      "Plan Rows": 1,
      "Plan Width": 236,
      "Plans": [
        {
          "Node Type": "Aggregate",
          "Strategy": "Sorted",
          "Partial Mode": "Simple",
          "Parent Relationship": "Outer",
          "Parallel Aware": false,
          "Async Capable": false,
          "Startup Cost": 762542.58,
          "Total Cost": 1221390.95,
          "Plan Rows": 1,
          "Plan Width": 236,
          "Group Key": [
            "item.i_item_id",
            "item.i_item_desc",
            "store.s_store_id",
            "store.s_store_name"
          ],
          "Plans": [
            {
              "Node Type": "Nested Loop",
              "Parent Relationship": "Outer",
              "Parallel Aware": false,
              "Async Capable": false,
              "Join Type": "Inner",
              "Startup Cost": 762542.58,
              "Total Cost": 1221390.92,
              "Plan Rows": 1,
              "Plan Width": 152,
              "Inner Unique": false,
              "Join Filter": "((item.i_item_sk = store_returns.sr_item_sk) AND (store_sales.ss_customer_sk = store_returns.sr_customer_sk) AND (store_sales.ss_ticket_number = store_returns.sr_ticket_number))",
              "Plans": [
                {
                  "Node Type": "Gather Merge",
                  "Parent Relationship": "Outer",
                  "Parallel Aware": false,
                  "Async Capable": false,
                  "Startup Cost": 692960.09,
                  "Total Cost": 694214.78,
                  "Plan Rows": 10773,
                  "Plan Width": 160,
                  "Workers Planned": 2,
                  "Plans": [
                    {
                      "Node Type": "Sort",
                      "Parent Relationship": "Outer",
                      "Parallel Aware": false,
                      "Async Capable": false,
                      "Startup Cost": 691960.07,
                      "Total Cost": 691971.29,
                      "Plan Rows": 4489,
                      "Plan Width": 160,
                      "Sort Key": [
                        "item.i_item_id",
                        "item.i_item_desc",
                        "store.s_store_id",
                        "store.s_store_name"
                      ],
                      "Plans": [
                        {
                          "Node Type": "Hash Join",
                          "Parent Relationship": "Outer",
                          "Parallel Aware": true,
                          "Async Capable": false,
                          "Join Type": "Inner",
                          "Startup Cost": 684120.68,
                          "Total Cost": 691687.76,
                          "Plan Rows": 4489,
                          "Plan Width": 160,
                          "Inner Unique": false,
                          "Hash Cond": "(item.i_item_sk = store_sales.ss_item_sk)",
                          "Plans": [
                            {
                              "Node Type": "Seq Scan",
                              "Parent Relationship": "Outer",
                              "Parallel Aware": true,
                              "Async Capable": false,
                              "Relation Name": "item",
                              "Alias": "item",
                              "Startup Cost": 0.0,
                              "Total Cost": 7389.0,
                              "Plan Rows": 42500,
                              "Plan Width": 123,
                              "parent": 5,
                              "ID": 6
                            },
                            {
                              "Node Type": "Hash",
                              "Parent Relationship": "Inner",
                              "Parallel Aware": true,
                              "Async Capable": false,
                              "Startup Cost": 684064.57,
                              "Total Cost": 684064.57,
                              "Plan Rows": 4489,
                              "Plan Width": 37,
                              "Plans": [
                                {
                                  "Node Type": "Hash Join",
                                  "Parent Relationship": "Outer",
                                  "Parallel Aware": false,
                                  "Async Capable": false,
                                  "Join Type": "Inner",
                                  "Startup Cost": 2057.07,
                                  "Total Cost": 684064.57,
                                  "Plan Rows": 4489,
                                  "Plan Width": 37,
                                  "Inner Unique": false,
                                  "Hash Cond": "(store_sales.ss_store_sk = store.s_store_sk)",
                                  "Plans": [
                                    {
                                      "Node Type": "Hash Join",
                                      "Parent Relationship": "Outer",
                                      "Parallel Aware": true,
                                      "Async Capable": false,
                                      "Join Type": "Inner",
                                      "Startup Cost": 2049.78,
                                      "Total Cost": 683994.75,
                                      "Plan Rows": 4703,
                                      "Plan Width": 20,
                                      "Inner Unique": false,
                                      "Hash Cond": "(store_sales.ss_sold_date_sk = d1.d_date_sk)",
                                      "Plans": [
                                        {
                                          "Node Type": "Seq Scan",
                                          "Parent Relationship": "Outer",
                                          "Parallel Aware": true,
                                          "Async Capable": false,
                                          "Relation Name": "store_sales",
                                          "Alias": "store_sales",
                                          "Startup Cost": 0.0,
                                          "Total Cost": 636914.37,
                                          "Plan Rows": 12000637,
                                          "Plan Width": 24,
                                          "parent": 9,
                                          "ID": 10
                                        },
                                        {
                                          "Node Type": "Hash",
                                          "Parent Relationship": "Inner",
                                          "Parallel Aware": true,
                                          "Async Capable": false,
                                          "Startup Cost": 2049.55,
                                          "Total Cost": 2049.55,
                                          "Plan Rows": 18,
                                          "Plan Width": 4,
                                          "Plans": [
                                            {
                                              "Node Type": "Seq Scan",
                                              "Parent Relationship": "Outer",
                                              "Parallel Aware": true,
                                              "Async Capable": false,
                                              "Relation Name": "date_dim",
                                              "Alias": "d1",
                                              "Startup Cost": 0.0,
                                              "Total Cost": 2049.55,
                                              "Plan Rows": 18,
                                              "Plan Width": 4,
                                              "Filter": "((d_moy = 4) AND (d_year = 1999))",
                                              "parent": 11,
                                              "ID": 12
                                            }
                                          ],
                                          "parent": 9,
                                          "ID": 11,
                                          "left": 12
                                        }
                                      ],
                                      "parent": 8,
                                      "ID": 9,
                                      "left": 10,
                                      "right": 11
                                    },
                                    {
                                      "Node Type": "Hash",
                                      "Parent Relationship": "Inner",
                                      "Parallel Aware": false,
                                      "Async Capable": false,
                                      "Startup Cost": 6.02,
                                      "Total Cost": 6.02,
                                      "Plan Rows": 102,
                                      "Plan Width": 25,
                                      "Plans": [
                                        {
                                          "Node Type": "Seq Scan",
                                          "Parent Relationship": "Outer",
                                          "Parallel Aware": false,
                                          "Async Capable": false,
                                          "Relation Name": "store",
                                          "Alias": "store",
                                          "Startup Cost": 0.0,
                                          "Total Cost": 6.02,
                                          "Plan Rows": 102,
                                          "Plan Width": 25,
                                          "parent": 13,
                                          "ID": 14
                                        }
                                      ],
                                      "parent": 8,
                                      "ID": 13,
                                      "left": 14
                                    }
                                  ],
                                  "parent": 7,
                                  "ID": 8,
                                  "left": 9,
                                  "right": 13
                                }
                              ],
                              "parent": 5,
                              "ID": 7,
                              "left": 8
                            }
                          ],
                          "parent": 4,
                          "ID": 5,
                          "left": 6,
                          "right": 7
                        }
                      ],
                      "parent": 3,
                      "ID": 4,
                      "left": 5
                    }
                  ],
                  "parent": 2,
                  "ID": 3,
                  "left": 4
                },
                {
                  "Node Type": "Materialize",
                  "Parent Relationship": "Inner",
                  "Parallel Aware": false,
                  "Async Capable": false,
                  "Startup Cost": 69582.49,
                  "Total Cost": 526960.68,
                  "Plan Rows": 1,
                  "Plan Width": 28,
                  "Plans": [
                    {
                      "Node Type": "Gather",
                      "Parent Relationship": "Outer",
                      "Parallel Aware": false,
                      "Async Capable": false,
                      "Startup Cost": 69582.49,
                      "Total Cost": 526960.67,
                      "Plan Rows": 1,
                      "Plan Width": 28,
                      "Workers Planned": 2,
                      "Single Copy": false,
                      "Plans": [
                        {
                          "Node Type": "Hash Join",
                          "Parent Relationship": "Outer",
                          "Parallel Aware": true,
                          "Async Capable": false,
                          "Join Type": "Inner",
                          "Startup Cost": 68582.49,
                          "Total Cost": 525960.57,
                          "Plan Rows": 1,
                          "Plan Width": 28,
                          "Inner Unique": false,
                          "Hash Cond": "((catalog_sales.cs_item_sk = store_returns.sr_item_sk) AND (catalog_sales.cs_bill_customer_sk = store_returns.sr_customer_sk))",
                          "Plans": [
                            {
                              "Node Type": "Hash Join",
                              "Parent Relationship": "Outer",
                              "Parallel Aware": true,
                              "Async Capable": false,
                              "Join Type": "Inner",
                              "Startup Cost": 2003.83,
                              "Total Cost": 458715.99,
                              "Plan Rows": 88788,
                              "Plan Width": 12,
                              "Inner Unique": false,
                              "Hash Cond": "(catalog_sales.cs_sold_date_sk = d3.d_date_sk)",
                              "Plans": [
                                {
                                  "Node Type": "Seq Scan",
                                  "Parent Relationship": "Outer",
                                  "Parallel Aware": true,
                                  "Async Capable": false,
                                  "Relation Name": "catalog_sales",
                                  "Alias": "catalog_sales",
                                  "Startup Cost": 0.0,
                                  "Total Cost": 433688.25,
                                  "Plan Rows": 6000525,
                                  "Plan Width": 16,
                                  "parent": 18,
                                  "ID": 19
                                },
                                {
                                  "Node Type": "Hash",
                                  "Parent Relationship": "Inner",
                                  "Parallel Aware": true,
                                  "Async Capable": false,
                                  "Startup Cost": 1995.84,
                                  "Total Cost": 1995.84,
                                  "Plan Rows": 639,
                                  "Plan Width": 4,
                                  "Plans": [
                                    {
                                      "Node Type": "Seq Scan",
                                      "Parent Relationship": "Outer",
                                      "Parallel Aware": true,
                                      "Async Capable": false,
                                      "Relation Name": "date_dim",
                                      "Alias": "d3",
                                      "Startup Cost": 0.0,
                                      "Total Cost": 1995.84,
                                      "Plan Rows": 639,
                                      "Plan Width": 4,
                                      "Filter": "(d_year = ANY ('{1999,2000,2001}'::integer[]))",
                                      "parent": 20,
                                      "ID": 21
                                    }
                                  ],
                                  "parent": 18,
                                  "ID": 20,
                                  "left": 21
                                }
                              ],
                              "parent": 17,
                              "ID": 18,
                              "left": 19,
                              "right": 20
                            },
                            {
                              "Node Type": "Hash",
                              "Parent Relationship": "Inner",
                              "Parallel Aware": true,
                              "Async Capable": false,
                              "Startup Cost": 66549.88,
                              "Total Cost": 66549.88,
                              "Plan Rows": 1919,
                              "Plan Width": 16,
                              "Plans": [
                                {
                                  "Node Type": "Hash Join",
                                  "Parent Relationship": "Outer",
                                  "Parallel Aware": true,
                                  "Async Capable": false,
                                  "Join Type": "Inner",
                                  "Startup Cost": 2157.86,
                                  "Total Cost": 66549.88,
                                  "Plan Rows": 1919,
                                  "Plan Width": 16,
                                  "Inner Unique": false,
                                  "Hash Cond": "(store_returns.sr_returned_date_sk = d2.d_date_sk)",
                                  "Plans": [
                                    {
                                      "Node Type": "Seq Scan",
                                      "Parent Relationship": "Outer",
                                      "Parallel Aware": true,
                                      "Async Capable": false,
                                      "Relation Name": "store_returns",
                                      "Alias": "store_returns",
                                      "Startup Cost": 0.0,
                                      "Total Cost": 59887.64,
                                      "Plan Rows": 1198164,
                                      "Plan Width": 20,
                                      "parent": 23,
                                      "ID": 24
                                    },
                                    {
                                      "Node Type": "Hash",
                                      "Parent Relationship": "Inner",
                                      "Parallel Aware": true,
                                      "Async Capable": false,
                                      "Startup Cost": 2156.97,
                                      "Total Cost": 2156.97,
                                      "Plan Rows": 71,
                                      "Plan Width": 4,
                                      "Plans": [
                                        {
                                          "Node Type": "Seq Scan",
                                          "Parent Relationship": "Outer",
                                          "Parallel Aware": true,
                                          "Async Capable": false,
                                          "Relation Name": "date_dim",
                                          "Alias": "d2",
                                          "Startup Cost": 0.0,
                                          "Total Cost": 2156.97,
                                          "Plan Rows": 71,
                                          "Plan Width": 4,
                                          "Filter": "((d_moy >= 4) AND (d_moy <= 7) AND (d_year = 1999))",
                                          "parent": 25,
                                          "ID": 26
                                        }
                                      ],
                                      "parent": 23,
                                      "ID": 25,
                                      "left": 26
                                    }
                                  ],
                                  "parent": 22,
                                  "ID": 23,
                                  "left": 24,
                                  "right": 25
                                }
                              ],
                              "parent": 17,
                              "ID": 22,
                              "left": 23
                            }
                          ],
                          "parent": 16,
                          "ID": 17,
                          "left": 18,
                          "right": 22
                        }
                      ],
                      "parent": 15,
                      "ID": 16,
                      "left": 17
                    }
                  ],
                  "parent": 2,
                  "ID": 15,
                  "left": 16
                }
              ],
              "parent": 1,
              "ID": 2,
              "left": 3,
              "right": 15
            }
          ],
          "parent": 0,
          "ID": 1,
          "left": 2
        }
      ],
      "parent": null,
      "ID": 0,
      "left": 1
    },
    "feat": {
      "utility": 0.0017489801716917323,
      "query_shape": [
        [
          "Seq Scan",
          "Hash Join",
          "Sort",
          "Gather Merge",
          "Nested Loop",
          "Aggregate"
        ],
        [
          "Seq Scan",
          "Hash Join",
          "Hash",
          "Sort",
          "Gather Merge",
          "Nested Loop",
          "Aggregate"
        ],
        [
          "Seq Scan",
          "Hash",
          "Hash Join",
          "Sort",
          "Gather Merge",
          "Nested Loop",
          "Aggregate"
        ],
        [
          "Seq Scan",
          "Hash",
          "Hash Join",
          "Sort",
          "Gather Merge",
          "Nested Loop",
          "Aggregate"
        ],
        [
          "Seq Scan",
          "Hash Join",
          "Gather",
          "Materialize",
          "Nested Loop",
          "Aggregate"
        ],
        [
          "Seq Scan",
          "Hash",
          "Hash Join",
          "Gather",
          "Materialize",
          "Nested Loop",
          "Aggregate"
        ],
        [
          "Seq Scan",
          "Hash Join",
          "Hash",
          "Gather",
          "Materialize",
          "Nested Loop",
          "Aggregate"
        ],
        [
          "Seq Scan",
          "Hash",
          "Hash Join",
          "Gather",
          "Materialize",
          "Nested Loop",
          "Aggregate"
        ]
      ],
      "index_shape": [
        "join"
      ],
      "physical_operator": {
        "Nested Loop": [
          0.009634555216934666
        ]
      }
    }
  },
  {
    "query": "select   \n     i_item_id\n    ,i_item_desc\n    ,s_store_id\n    ,s_store_name\n    ,stddev_samp(ss_quantity)        as store_sales_quantity\n    ,stddev_samp(sr_return_quantity) as store_returns_quantity\n    ,stddev_samp(cs_quantity)        as catalog_sales_quantity\n from\n    store_sales\n   ,store_returns\n   ,catalog_sales\n   ,date_dim             d1\n   ,date_dim             d2\n   ,date_dim             d3\n   ,store\n   ,item\n where\n     d1.d_moy               = 4 \n and d1.d_year              = 1999\n and d1.d_date_sk           = ss_sold_date_sk\n and i_item_sk              = ss_item_sk\n and s_store_sk             = ss_store_sk\n and ss_customer_sk         = sr_customer_sk\n and ss_item_sk             = sr_item_sk\n and ss_ticket_number       = sr_ticket_number\n and sr_returned_date_sk    = d2.d_date_sk\n and d2.d_moy               between 4 and  4 + 3 \n and d2.d_year              = 1999\n and sr_customer_sk         = cs_bill_customer_sk\n and sr_item_sk             = cs_item_sk\n and cs_sold_date_sk        = d3.d_date_sk     \n and d3.d_year              in (1999,1999+1,1999+2)\n group by\n    i_item_id\n   ,i_item_desc\n   ,s_store_id\n   ,s_store_name\n order by\n    i_item_id \n   ,i_item_desc\n   ,s_store_id\n   ,s_store_name\n limit 100;\n\n-- end query 19 in stream 0 using template query29.tpl\n",
    "indexes": "store_sales.ss_quantity",
    "wo plan est": {
      "Node Type": "Limit",
      "Parallel Aware": false,
      "Async Capable": false,
      "Startup Cost": 762542.58,
      "Total Cost": 1221390.95,
      "Plan Rows": 1,
      "Plan Width": 236,
      "Plans": [
        {
          "Node Type": "Aggregate",
          "Strategy": "Sorted",
          "Partial Mode": "Simple",
          "Parent Relationship": "Outer",
          "Parallel Aware": false,
          "Async Capable": false,
          "Startup Cost": 762542.58,
          "Total Cost": 1221390.95,
          "Plan Rows": 1,
          "Plan Width": 236,
          "Group Key": [
            "item.i_item_id",
            "item.i_item_desc",
            "store.s_store_id",
            "store.s_store_name"
          ],
          "Plans": [
            {
              "Node Type": "Nested Loop",
              "Parent Relationship": "Outer",
              "Parallel Aware": false,
              "Async Capable": false,
              "Join Type": "Inner",
              "Startup Cost": 762542.58,
              "Total Cost": 1221390.92,
              "Plan Rows": 1,
              "Plan Width": 152,
              "Inner Unique": false,
              "Join Filter": "((item.i_item_sk = store_returns.sr_item_sk) AND (store_sales.ss_customer_sk = store_returns.sr_customer_sk) AND (store_sales.ss_ticket_number = store_returns.sr_ticket_number))",
              "Plans": [
                {
                  "Node Type": "Gather Merge",
                  "Parent Relationship": "Outer",
                  "Parallel Aware": false,
                  "Async Capable": false,
                  "Startup Cost": 692960.09,
                  "Total Cost": 694214.78,
                  "Plan Rows": 10773,
                  "Plan Width": 160,
                  "Workers Planned": 2,
                  "Plans": [
                    {
                      "Node Type": "Sort",
                      "Parent Relationship": "Outer",
                      "Parallel Aware": false,
                      "Async Capable": false,
                      "Startup Cost": 691960.07,
                      "Total Cost": 691971.29,
                      "Plan Rows": 4489,
                      "Plan Width": 160,
                      "Sort Key": [
                        "item.i_item_id",
                        "item.i_item_desc",
                        "store.s_store_id",
                        "store.s_store_name"
                      ],
                      "Plans": [
                        {
                          "Node Type": "Hash Join",
                          "Parent Relationship": "Outer",
                          "Parallel Aware": true,
                          "Async Capable": false,
                          "Join Type": "Inner",
                          "Startup Cost": 684120.68,
                          "Total Cost": 691687.76,
                          "Plan Rows": 4489,
                          "Plan Width": 160,
                          "Inner Unique": false,
                          "Hash Cond": "(item.i_item_sk = store_sales.ss_item_sk)",
                          "Plans": [
                            {
                              "Node Type": "Seq Scan",
                              "Parent Relationship": "Outer",
                              "Parallel Aware": true,
                              "Async Capable": false,
                              "Relation Name": "item",
                              "Alias": "item",
                              "Startup Cost": 0.0,
                              "Total Cost": 7389.0,
                              "Plan Rows": 42500,
                              "Plan Width": 123,
                              "parent": 5,
                              "ID": 6
                            },
                            {
                              "Node Type": "Hash",
                              "Parent Relationship": "Inner",
                              "Parallel Aware": true,
                              "Async Capable": false,
                              "Startup Cost": 684064.57,
                              "Total Cost": 684064.57,
                              "Plan Rows": 4489,
                              "Plan Width": 37,
                              "Plans": [
                                {
                                  "Node Type": "Hash Join",
                                  "Parent Relationship": "Outer",
                                  "Parallel Aware": false,
                                  "Async Capable": false,
                                  "Join Type": "Inner",
                                  "Startup Cost": 2057.07,
                                  "Total Cost": 684064.57,
                                  "Plan Rows": 4489,
                                  "Plan Width": 37,
                                  "Inner Unique": false,
                                  "Hash Cond": "(store_sales.ss_store_sk = store.s_store_sk)",
                                  "Plans": [
                                    {
                                      "Node Type": "Hash Join",
                                      "Parent Relationship": "Outer",
                                      "Parallel Aware": true,
                                      "Async Capable": false,
                                      "Join Type": "Inner",
                                      "Startup Cost": 2049.78,
                                      "Total Cost": 683994.75,
                                      "Plan Rows": 4703,
                                      "Plan Width": 20,
                                      "Inner Unique": false,
                                      "Hash Cond": "(store_sales.ss_sold_date_sk = d1.d_date_sk)",
                                      "Plans": [
                                        {
                                          "Node Type": "Seq Scan",
                                          "Parent Relationship": "Outer",
                                          "Parallel Aware": true,
                                          "Async Capable": false,
                                          "Relation Name": "store_sales",
                                          "Alias": "store_sales",
                                          "Startup Cost": 0.0,
                                          "Total Cost": 636914.37,
                                          "Plan Rows": 12000637,
                                          "Plan Width": 24,
                                          "parent": 9,
                                          "ID": 10
                                        },
                                        {
                                          "Node Type": "Hash",
                                          "Parent Relationship": "Inner",
                                          "Parallel Aware": true,
                                          "Async Capable": false,
                                          "Startup Cost": 2049.55,
                                          "Total Cost": 2049.55,
                                          "Plan Rows": 18,
                                          "Plan Width": 4,
                                          "Plans": [
                                            {
                                              "Node Type": "Seq Scan",
                                              "Parent Relationship": "Outer",
                                              "Parallel Aware": true,
                                              "Async Capable": false,
                                              "Relation Name": "date_dim",
                                              "Alias": "d1",
                                              "Startup Cost": 0.0,
                                              "Total Cost": 2049.55,
                                              "Plan Rows": 18,
                                              "Plan Width": 4,
                                              "Filter": "((d_moy = 4) AND (d_year = 1999))",
                                              "parent": 11,
                                              "ID": 12
                                            }
                                          ],
                                          "parent": 9,
                                          "ID": 11,
                                          "left": 12
                                        }
                                      ],
                                      "parent": 8,
                                      "ID": 9,
                                      "left": 10,
                                      "right": 11
                                    },
                                    {
                                      "Node Type": "Hash",
                                      "Parent Relationship": "Inner",
                                      "Parallel Aware": false,
                                      "Async Capable": false,
                                      "Startup Cost": 6.02,
                                      "Total Cost": 6.02,
                                      "Plan Rows": 102,
                                      "Plan Width": 25,
                                      "Plans": [
                                        {
                                          "Node Type": "Seq Scan",
                                          "Parent Relationship": "Outer",
                                          "Parallel Aware": false,
                                          "Async Capable": false,
                                          "Relation Name": "store",
                                          "Alias": "store",
                                          "Startup Cost": 0.0,
                                          "Total Cost": 6.02,
                                          "Plan Rows": 102,
                                          "Plan Width": 25,
                                          "parent": 13,
                                          "ID": 14
                                        }
                                      ],
                                      "parent": 8,
                                      "ID": 13,
                                      "left": 14
                                    }
                                  ],
                                  "parent": 7,
                                  "ID": 8,
                                  "left": 9,
                                  "right": 13
                                }
                              ],
                              "parent": 5,
                              "ID": 7,
                              "left": 8
                            }
                          ],
                          "parent": 4,
                          "ID": 5,
                          "left": 6,
                          "right": 7
                        }
                      ],
                      "parent": 3,
                      "ID": 4,
                      "left": 5
                    }
                  ],
                  "parent": 2,
                  "ID": 3,
                  "left": 4
                },
                {
                  "Node Type": "Materialize",
                  "Parent Relationship": "Inner",
                  "Parallel Aware": false,
                  "Async Capable": false,
                  "Startup Cost": 69582.49,
                  "Total Cost": 526960.68,
                  "Plan Rows": 1,
                  "Plan Width": 28,
                  "Plans": [
                    {
                      "Node Type": "Gather",
                      "Parent Relationship": "Outer",
                      "Parallel Aware": false,
                      "Async Capable": false,
                      "Startup Cost": 69582.49,
                      "Total Cost": 526960.67,
                      "Plan Rows": 1,
                      "Plan Width": 28,
                      "Workers Planned": 2,
                      "Single Copy": false,
                      "Plans": [
                        {
                          "Node Type": "Hash Join",
                          "Parent Relationship": "Outer",
                          "Parallel Aware": true,
                          "Async Capable": false,
                          "Join Type": "Inner",
                          "Startup Cost": 68582.49,
                          "Total Cost": 525960.57,
                          "Plan Rows": 1,
                          "Plan Width": 28,
                          "Inner Unique": false,
                          "Hash Cond": "((catalog_sales.cs_item_sk = store_returns.sr_item_sk) AND (catalog_sales.cs_bill_customer_sk = store_returns.sr_customer_sk))",
                          "Plans": [
                            {
                              "Node Type": "Hash Join",
                              "Parent Relationship": "Outer",
                              "Parallel Aware": true,
                              "Async Capable": false,
                              "Join Type": "Inner",
                              "Startup Cost": 2003.83,
                              "Total Cost": 458715.99,
                              "Plan Rows": 88788,
                              "Plan Width": 12,
                              "Inner Unique": false,
                              "Hash Cond": "(catalog_sales.cs_sold_date_sk = d3.d_date_sk)",
                              "Plans": [
                                {
                                  "Node Type": "Seq Scan",
                                  "Parent Relationship": "Outer",
                                  "Parallel Aware": true,
                                  "Async Capable": false,
                                  "Relation Name": "catalog_sales",
                                  "Alias": "catalog_sales",
                                  "Startup Cost": 0.0,
                                  "Total Cost": 433688.25,
                                  "Plan Rows": 6000525,
                                  "Plan Width": 16,
                                  "parent": 18,
                                  "ID": 19
                                },
                                {
                                  "Node Type": "Hash",
                                  "Parent Relationship": "Inner",
                                  "Parallel Aware": true,
                                  "Async Capable": false,
                                  "Startup Cost": 1995.84,
                                  "Total Cost": 1995.84,
                                  "Plan Rows": 639,
                                  "Plan Width": 4,
                                  "Plans": [
                                    {
                                      "Node Type": "Seq Scan",
                                      "Parent Relationship": "Outer",
                                      "Parallel Aware": true,
                                      "Async Capable": false,
                                      "Relation Name": "date_dim",
                                      "Alias": "d3",
                                      "Startup Cost": 0.0,
                                      "Total Cost": 1995.84,
                                      "Plan Rows": 639,
                                      "Plan Width": 4,
                                      "Filter": "(d_year = ANY ('{1999,2000,2001}'::integer[]))",
                                      "parent": 20,
                                      "ID": 21
                                    }
                                  ],
                                  "parent": 18,
                                  "ID": 20,
                                  "left": 21
                                }
                              ],
                              "parent": 17,
                              "ID": 18,
                              "left": 19,
                              "right": 20
                            },
                            {
                              "Node Type": "Hash",
                              "Parent Relationship": "Inner",
                              "Parallel Aware": true,
                              "Async Capable": false,
                              "Startup Cost": 66549.88,
                              "Total Cost": 66549.88,
                              "Plan Rows": 1919,
                              "Plan Width": 16,
                              "Plans": [
                                {
                                  "Node Type": "Hash Join",
                                  "Parent Relationship": "Outer",
                                  "Parallel Aware": true,
                                  "Async Capable": false,
                                  "Join Type": "Inner",
                                  "Startup Cost": 2157.86,
                                  "Total Cost": 66549.88,
                                  "Plan Rows": 1919,
                                  "Plan Width": 16,
                                  "Inner Unique": false,
                                  "Hash Cond": "(store_returns.sr_returned_date_sk = d2.d_date_sk)",
                                  "Plans": [
                                    {
                                      "Node Type": "Seq Scan",
                                      "Parent Relationship": "Outer",
                                      "Parallel Aware": true,
                                      "Async Capable": false,
                                      "Relation Name": "store_returns",
                                      "Alias": "store_returns",
                                      "Startup Cost": 0.0,
                                      "Total Cost": 59887.64,
                                      "Plan Rows": 1198164,
                                      "Plan Width": 20,
                                      "parent": 23,
                                      "ID": 24
                                    },
                                    {
                                      "Node Type": "Hash",
                                      "Parent Relationship": "Inner",
                                      "Parallel Aware": true,
                                      "Async Capable": false,
                                      "Startup Cost": 2156.97,
                                      "Total Cost": 2156.97,
                                      "Plan Rows": 71,
                                      "Plan Width": 4,
                                      "Plans": [
                                        {
                                          "Node Type": "Seq Scan",
                                          "Parent Relationship": "Outer",
                                          "Parallel Aware": true,
                                          "Async Capable": false,
                                          "Relation Name": "date_dim",
                                          "Alias": "d2",
                                          "Startup Cost": 0.0,
                                          "Total Cost": 2156.97,
                                          "Plan Rows": 71,
                                          "Plan Width": 4,
                                          "Filter": "((d_moy >= 4) AND (d_moy <= 7) AND (d_year = 1999))",
                                          "parent": 25,
                                          "ID": 26
                                        }
                                      ],
                                      "parent": 23,
                                      "ID": 25,
                                      "left": 26
                                    }
                                  ],
                                  "parent": 22,
                                  "ID": 23,
                                  "left": 24,
                                  "right": 25
                                }
                              ],
                              "parent": 17,
                              "ID": 22,
                              "left": 23
                            }
                          ],
                          "parent": 16,
                          "ID": 17,
                          "left": 18,
                          "right": 22
                        }
                      ],
                      "parent": 15,
                      "ID": 16,
                      "left": 17
                    }
                  ],
                  "parent": 2,
                  "ID": 15,
                  "left": 16
                }
              ],
              "parent": 1,
              "ID": 2,
              "left": 3,
              "right": 15
            }
          ],
          "parent": 0,
          "ID": 1,
          "left": 2
        }
      ],
      "parent": null,
      "ID": 0,
      "left": 1
    },
    "feat": {
      "utility": 0.0,
      "query_shape": [
        [
          "Seq Scan",
          "Hash Join",
          "Sort",
          "Gather Merge",
          "Nested Loop",
          "Aggregate"
        ],
        [
          "Seq Scan",
          "Hash Join",
          "Hash",
          "Sort",
          "Gather Merge",
          "Nested Loop",
          "Aggregate"
        ],
        [
          "Seq Scan",
          "Hash",
          "Hash Join",
          "Sort",
          "Gather Merge",
          "Nested Loop",
          "Aggregate"
        ],
        [
          "Seq Scan",
          "Hash",
          "Hash Join",
          "Sort",
          "Gather Merge",
          "Nested Loop",
          "Aggregate"
        ],
        [
          "Seq Scan",
          "Hash Join",
          "Gather",
          "Materialize",
          "Nested Loop",
          "Aggregate"
        ],
        [
          "Seq Scan",
          "Hash",
          "Hash Join",
          "Gather",
          "Materialize",
          "Nested Loop",
          "Aggregate"
        ],
        [
          "Seq Scan",
          "Hash Join",
          "Hash",
          "Gather",
          "Materialize",
          "Nested Loop",
          "Aggregate"
        ],
        [
          "Seq Scan",
          "Hash",
          "Hash Join",
          "Gather",
          "Materialize",
          "Nested Loop",
          "Aggregate"
        ]
      ],
      "index_shape": [],
      "physical_operator": {}
    }
  },
  {
    "query": "select  i_item_id\n       ,i_item_desc\n       ,i_current_price\n from item, inventory, date_dim, catalog_sales\n where i_current_price between 13 and 13 + 30\n and inv_item_sk = i_item_sk\n and d_date_sk=inv_date_sk\n and d_date between cast('1999-01-25' as date) and (cast('1999-01-25' as date) +  interval '60 days')\n and i_manufact_id in (764,821,891,933)\n and inv_quantity_on_hand between 100 and 500\n and cs_item_sk = i_item_sk\n group by i_item_id,i_item_desc,i_current_price\n order by i_item_id\n limit 100;\n\n-- end query 24 in stream 3 using template query37.tpl\n",
    "indexes": "date_dim.d_date_sk",
    "wo plan est": {
      "Node Type": "Limit",
      "Parallel Aware": false,
      "Async Capable": false,
      "Startup Cost": 2096962.79,
      "Total Cost": 2096969.64,
      "Plan Rows": 13,
      "Plan Width": 125,
      "Plans": [
        {
          "Node Type": "Group",
          "Parent Relationship": "Outer",
          "Parallel Aware": false,
          "Async Capable": false,
          "Startup Cost": 2096962.79,
          "Total Cost": 2096969.64,
          "Plan Rows": 13,
          "Plan Width": 125,
          "Group Key": [
            "item.i_item_id",
            "item.i_item_desc",
            "item.i_current_price"
          ],
          "Plans": [
            {
              "Node Type": "Gather Merge",
              "Parent Relationship": "Outer",
              "Parallel Aware": false,
              "Async Capable": false,
              "Startup Cost": 2096962.79,
              "Total Cost": 2096969.45,
              "Plan Rows": 26,
              "Plan Width": 125,
              "Workers Planned": 2,
              "Plans": [
                {
                  "Node Type": "Group",
                  "Parent Relationship": "Outer",
                  "Parallel Aware": false,
                  "Async Capable": false,
                  "Startup Cost": 2095962.76,
                  "Total Cost": 2095966.42,
                  "Plan Rows": 13,
                  "Plan Width": 125,
                  "Group Key": [
                    "item.i_item_id",
                    "item.i_item_desc",
                    "item.i_current_price"
                  ],
                  "Plans": [
                    {
                      "Node Type": "Sort",
                      "Parent Relationship": "Outer",
                      "Parallel Aware": false,
                      "Async Capable": false,
                      "Startup Cost": 2095962.76,
                      "Total Cost": 2095963.68,
                      "Plan Rows": 366,
                      "Plan Width": 125,
                      "Sort Key": [
                        "item.i_item_id",
                        "item.i_item_desc",
                        "item.i_current_price"
                      ],
                      "Plans": [
                        {
                          "Node Type": "Hash Join",
                          "Parent Relationship": "Outer",
                          "Parallel Aware": true,
                          "Async Capable": false,
                          "Join Type": "Inner",
                          "Startup Cost": 1639742.26,
                          "Total Cost": 2095947.18,
                          "Plan Rows": 366,
                          "Plan Width": 125,
                          "Inner Unique": false,
                          "Hash Cond": "(item.i_item_sk = inventory.inv_item_sk)",
                          "Plans": [
                            {
                              "Node Type": "Hash Join",
                              "Parent Relationship": "Outer",
                              "Parallel Aware": true,
                              "Async Capable": false,
                              "Join Type": "Inner",
                              "Startup Cost": 7814.06,
                              "Total Cost": 464007.23,
                              "Plan Rows": 765,
                              "Plan Width": 133,
                              "Inner Unique": false,
                              "Hash Cond": "(catalog_sales.cs_item_sk = item.i_item_sk)",
                              "Plans": [
                                {
                                  "Node Type": "Seq Scan",
                                  "Parent Relationship": "Outer",
                                  "Parallel Aware": true,
                                  "Async Capable": false,
                                  "Relation Name": "catalog_sales",
                                  "Alias": "catalog_sales",
                                  "Startup Cost": 0.0,
                                  "Total Cost": 433688.25,
                                  "Plan Rows": 6000525,
                                  "Plan Width": 4,
                                  "parent": 6,
                                  "ID": 7
                                },
                                {
                                  "Node Type": "Hash",
                                  "Parent Relationship": "Inner",
                                  "Parallel Aware": true,
                                  "Async Capable": false,
                                  "Startup Cost": 7814.0,
                                  "Total Cost": 7814.0,
                                  "Plan Rows": 5,
                                  "Plan Width": 129,
                                  "Plans": [
                                    {
                                      "Node Type": "Seq Scan",
                                      "Parent Relationship": "Outer",
                                      "Parallel Aware": true,
                                      "Async Capable": false,
                                      "Relation Name": "item",
                                      "Alias": "item",
                                      "Startup Cost": 0.0,
                                      "Total Cost": 7814.0,
                                      "Plan Rows": 5,
                                      "Plan Width": 129,
                                      "Filter": "((i_current_price >= '13'::numeric) AND (i_current_price <= '43'::numeric) AND (i_manufact_id = ANY ('{764,821,891,933}'::integer[])))",
                                      "parent": 8,
                                      "ID": 9
                                    }
                                  ],
                                  "parent": 6,
                                  "ID": 8,
                                  "left": 9
                                }
                              ],
                              "parent": 5,
                              "ID": 6,
                              "left": 7,
                              "right": 8
                            },
                            {
                              "Node Type": "Hash",
                              "Parent Relationship": "Inner",
                              "Parallel Aware": true,
                              "Async Capable": false,
                              "Startup Cost": 1631721.43,
                              "Total Cost": 1631721.43,
                              "Plan Rows": 16541,
                              "Plan Width": 4,
                              "Plans": [
                                {
                                  "Node Type": "Hash Join",
                                  "Parent Relationship": "Outer",
                                  "Parallel Aware": true,
                                  "Async Capable": false,
                                  "Join Type": "Inner",
                                  "Startup Cost": 2049.98,
                                  "Total Cost": 1631721.43,
                                  "Plan Rows": 16541,
                                  "Plan Width": 4,
                                  "Inner Unique": false,
                                  "Hash Cond": "(inventory.inv_date_sk = date_dim.d_date_sk)",
                                  "Plans": [
                                    {
                                      "Node Type": "Seq Scan",
                                      "Parent Relationship": "Outer",
                                      "Parallel Aware": true,
                                      "Async Capable": false,
                                      "Relation Name": "inventory",
                                      "Alias": "inventory",
                                      "Startup Cost": 0.0,
                                      "Total Cost": 1551452.05,
                                      "Plan Rows": 20832653,
                                      "Plan Width": 8,
                                      "Filter": "((inv_quantity_on_hand >= 100) AND (inv_quantity_on_hand <= 500))",
                                      "parent": 11,
                                      "ID": 12
                                    },
                                    {
                                      "Node Type": "Hash",
                                      "Parent Relationship": "Inner",
                                      "Parallel Aware": true,
                                      "Async Capable": false,
                                      "Startup Cost": 2049.55,
                                      "Total Cost": 2049.55,
                                      "Plan Rows": 34,
                                      "Plan Width": 4,
                                      "Plans": [
                                        {
                                          "Node Type": "Seq Scan",
                                          "Parent Relationship": "Outer",
                                          "Parallel Aware": true,
                                          "Async Capable": false,
                                          "Relation Name": "date_dim",
                                          "Alias": "date_dim",
                                          "Startup Cost": 0.0,
                                          "Total Cost": 2049.55,
                                          "Plan Rows": 34,
                                          "Plan Width": 4,
                                          "Filter": "((d_date >= '1999-01-25'::date) AND (d_date <= '1999-03-26 00:00:00'::timestamp without time zone))",
                                          "parent": 13,
                                          "ID": 14
                                        }
                                      ],
                                      "parent": 11,
                                      "ID": 13,
                                      "left": 14
                                    }
                                  ],
                                  "parent": 10,
                                  "ID": 11,
                                  "left": 12,
                                  "right": 13
                                }
                              ],
                              "parent": 5,
                              "ID": 10,
                              "left": 11
                            }
                          ],
                          "parent": 4,
                          "ID": 5,
                          "left": 6,
                          "right": 10
                        }
                      ],
                      "parent": 3,
                      "ID": 4,
                      "left": 5
                    }
                  ],
                  "parent": 2,
                  "ID": 3,
                  "left": 4
                }
              ],
              "parent": 1,
              "ID": 2,
              "left": 3
            }
          ],
          "parent": 0,
          "ID": 1,
          "left": 2
        }
      ],
      "parent": null,
      "ID": 0,
      "left": 1
    },
    "feat": {
      "utility": 0.0009726633962591165,
      "query_shape": [
        [
          "Seq Scan",
          "Hash Join",
          "Sort",
          "Group",
          "Gather Merge"
        ],
        [
          "Seq Scan",
          "Hash",
          "Hash Join",
          "Sort",
          "Group",
          "Gather Merge"
        ],
        [
          "Seq Scan",
          "Hash Join",
          "Hash",
          "Sort",
          "Group",
          "Gather Merge"
        ],
        [
          "Seq Scan",
          "Hash",
          "Hash Join",
          "Sort",
          "Group",
          "Gather Merge"
        ]
      ],
      "index_shape": [
        "join"
      ],
      "physical_operator": {
        "Hash Join": [
          0.004832469617888531
        ]
      }
    }
  },
  {
    "query": "select  i_item_id\n       ,i_item_desc\n       ,i_current_price\n from item, inventory, date_dim, catalog_sales\n where i_current_price between 13 and 13 + 30\n and inv_item_sk = i_item_sk\n and d_date_sk=inv_date_sk\n and d_date between cast('1999-01-25' as date) and (cast('1999-01-25' as date) +  interval '60 days')\n and i_manufact_id in (764,821,891,933)\n and inv_quantity_on_hand between 100 and 500\n and cs_item_sk = i_item_sk\n group by i_item_id,i_item_desc,i_current_price\n order by i_item_id\n limit 100;\n\n-- end query 24 in stream 3 using template query37.tpl\n",
    "indexes": "date_dim.d_date",
    "wo plan est": {
      "Node Type": "Limit",
      "Parallel Aware": false,
      "Async Capable": false,
      "Startup Cost": 2096962.79,
      "Total Cost": 2096969.64,
      "Plan Rows": 13,
      "Plan Width": 125,
      "Plans": [
        {
          "Node Type": "Group",
          "Parent Relationship": "Outer",
          "Parallel Aware": false,
          "Async Capable": false,
          "Startup Cost": 2096962.79,
          "Total Cost": 2096969.64,
          "Plan Rows": 13,
          "Plan Width": 125,
          "Group Key": [
            "item.i_item_id",
            "item.i_item_desc",
            "item.i_current_price"
          ],
          "Plans": [
            {
              "Node Type": "Gather Merge",
              "Parent Relationship": "Outer",
              "Parallel Aware": false,
              "Async Capable": false,
              "Startup Cost": 2096962.79,
              "Total Cost": 2096969.45,
              "Plan Rows": 26,
              "Plan Width": 125,
              "Workers Planned": 2,
              "Plans": [
                {
                  "Node Type": "Group",
                  "Parent Relationship": "Outer",
                  "Parallel Aware": false,
                  "Async Capable": false,
                  "Startup Cost": 2095962.76,
                  "Total Cost": 2095966.42,
                  "Plan Rows": 13,
                  "Plan Width": 125,
                  "Group Key": [
                    "item.i_item_id",
                    "item.i_item_desc",
                    "item.i_current_price"
                  ],
                  "Plans": [
                    {
                      "Node Type": "Sort",
                      "Parent Relationship": "Outer",
                      "Parallel Aware": false,
                      "Async Capable": false,
                      "Startup Cost": 2095962.76,
                      "Total Cost": 2095963.68,
                      "Plan Rows": 366,
                      "Plan Width": 125,
                      "Sort Key": [
                        "item.i_item_id",
                        "item.i_item_desc",
                        "item.i_current_price"
                      ],
                      "Plans": [
                        {
                          "Node Type": "Hash Join",
                          "Parent Relationship": "Outer",
                          "Parallel Aware": true,
                          "Async Capable": false,
                          "Join Type": "Inner",
                          "Startup Cost": 1639742.26,
                          "Total Cost": 2095947.18,
                          "Plan Rows": 366,
                          "Plan Width": 125,
                          "Inner Unique": false,
                          "Hash Cond": "(item.i_item_sk = inventory.inv_item_sk)",
                          "Plans": [
                            {
                              "Node Type": "Hash Join",
                              "Parent Relationship": "Outer",
                              "Parallel Aware": true,
                              "Async Capable": false,
                              "Join Type": "Inner",
                              "Startup Cost": 7814.06,
                              "Total Cost": 464007.23,
                              "Plan Rows": 765,
                              "Plan Width": 133,
                              "Inner Unique": false,
                              "Hash Cond": "(catalog_sales.cs_item_sk = item.i_item_sk)",
                              "Plans": [
                                {
                                  "Node Type": "Seq Scan",
                                  "Parent Relationship": "Outer",
                                  "Parallel Aware": true,
                                  "Async Capable": false,
                                  "Relation Name": "catalog_sales",
                                  "Alias": "catalog_sales",
                                  "Startup Cost": 0.0,
                                  "Total Cost": 433688.25,
                                  "Plan Rows": 6000525,
                                  "Plan Width": 4,
                                  "parent": 6,
                                  "ID": 7
                                },
                                {
                                  "Node Type": "Hash",
                                  "Parent Relationship": "Inner",
                                  "Parallel Aware": true,
                                  "Async Capable": false,
                                  "Startup Cost": 7814.0,
                                  "Total Cost": 7814.0,
                                  "Plan Rows": 5,
                                  "Plan Width": 129,
                                  "Plans": [
                                    {
                                      "Node Type": "Seq Scan",
                                      "Parent Relationship": "Outer",
                                      "Parallel Aware": true,
                                      "Async Capable": false,
                                      "Relation Name": "item",
                                      "Alias": "item",
                                      "Startup Cost": 0.0,
                                      "Total Cost": 7814.0,
                                      "Plan Rows": 5,
                                      "Plan Width": 129,
                                      "Filter": "((i_current_price >= '13'::numeric) AND (i_current_price <= '43'::numeric) AND (i_manufact_id = ANY ('{764,821,891,933}'::integer[])))",
                                      "parent": 8,
                                      "ID": 9
                                    }
                                  ],
                                  "parent": 6,
                                  "ID": 8,
                                  "left": 9
                                }
                              ],
                              "parent": 5,
                              "ID": 6,
                              "left": 7,
                              "right": 8
                            },
                            {
                              "Node Type": "Hash",
                              "Parent Relationship": "Inner",
                              "Parallel Aware": true,
                              "Async Capable": false,
                              "Startup Cost": 1631721.43,
                              "Total Cost": 1631721.43,
                              "Plan Rows": 16541,
                              "Plan Width": 4,
                              "Plans": [
                                {
                                  "Node Type": "Hash Join",
                                  "Parent Relationship": "Outer",
                                  "Parallel Aware": true,
                                  "Async Capable": false,
                                  "Join Type": "Inner",
                                  "Startup Cost": 2049.98,
                                  "Total Cost": 1631721.43,
                                  "Plan Rows": 16541,
                                  "Plan Width": 4,
                                  "Inner Unique": false,
                                  "Hash Cond": "(inventory.inv_date_sk = date_dim.d_date_sk)",
                                  "Plans": [
                                    {
                                      "Node Type": "Seq Scan",
                                      "Parent Relationship": "Outer",
                                      "Parallel Aware": true,
                                      "Async Capable": false,
                                      "Relation Name": "inventory",
                                      "Alias": "inventory",
                                      "Startup Cost": 0.0,
                                      "Total Cost": 1551452.05,
                                      "Plan Rows": 20832653,
                                      "Plan Width": 8,
                                      "Filter": "((inv_quantity_on_hand >= 100) AND (inv_quantity_on_hand <= 500))",
                                      "parent": 11,
                                      "ID": 12
                                    },
                                    {
                                      "Node Type": "Hash",
                                      "Parent Relationship": "Inner",
                                      "Parallel Aware": true,
                                      "Async Capable": false,
                                      "Startup Cost": 2049.55,
                                      "Total Cost": 2049.55,
                                      "Plan Rows": 34,
                                      "Plan Width": 4,
                                      "Plans": [
                                        {
                                          "Node Type": "Seq Scan",
                                          "Parent Relationship": "Outer",
                                          "Parallel Aware": true,
                                          "Async Capable": false,
                                          "Relation Name": "date_dim",
                                          "Alias": "date_dim",
                                          "Startup Cost": 0.0,
                                          "Total Cost": 2049.55,
                                          "Plan Rows": 34,
                                          "Plan Width": 4,
                                          "Filter": "((d_date >= '1999-01-25'::date) AND (d_date <= '1999-03-26 00:00:00'::timestamp without time zone))",
                                          "parent": 13,
                                          "ID": 14
                                        }
                                      ],
                                      "parent": 11,
                                      "ID": 13,
                                      "left": 14
                                    }
                                  ],
                                  "parent": 10,
                                  "ID": 11,
                                  "left": 12,
                                  "right": 13
                                }
                              ],
                              "parent": 5,
                              "ID": 10,
                              "left": 11
                            }
                          ],
                          "parent": 4,
                          "ID": 5,
                          "left": 6,
                          "right": 10
                        }
                      ],
                      "parent": 3,
                      "ID": 4,
                      "left": 5
                    }
                  ],
                  "parent": 2,
                  "ID": 3,
                  "left": 4
                }
              ],
              "parent": 1,
              "ID": 2,
              "left": 3
            }
          ],
          "parent": 0,
          "ID": 1,
          "left": 2
        }
      ],
      "parent": null,
      "ID": 0,
      "left": 1
    },
    "feat": {
      "utility": 0.001949595067710249,
      "query_shape": [
        [
          "Seq Scan",
          "Hash Join",
          "Sort",
          "Group",
          "Gather Merge"
        ],
        [
          "Seq Scan",
          "Hash",
          "Hash Join",
          "Sort",
          "Group",
          "Gather Merge"
        ],
        [
          "Seq Scan",
          "Hash Join",
          "Hash",
          "Sort",
          "Group",
          "Gather Merge"
        ],
        [
          "Seq Scan",
          "Hash",
          "Hash Join",
          "Sort",
          "Group",
          "Gather Merge"
        ]
      ],
      "index_shape": [
        "join"
      ],
      "physical_operator": {
        "Seq Scan": [
          0.0004654410053526181
        ],
        "Hash Join": [
          0.004832469617888531
        ]
      }
    }
  },
  {
    "query": "select  i_item_id\n       ,i_item_desc\n       ,i_current_price\n from item, inventory, date_dim, catalog_sales\n where i_current_price between 13 and 13 + 30\n and inv_item_sk = i_item_sk\n and d_date_sk=inv_date_sk\n and d_date between cast('1999-01-25' as date) and (cast('1999-01-25' as date) +  interval '60 days')\n and i_manufact_id in (764,821,891,933)\n and inv_quantity_on_hand between 100 and 500\n and cs_item_sk = i_item_sk\n group by i_item_id,i_item_desc,i_current_price\n order by i_item_id\n limit 100;\n\n-- end query 24 in stream 3 using template query37.tpl\n",
    "indexes": "item.i_item_sk",
    "wo plan est": {
      "Node Type": "Limit",
      "Parallel Aware": false,
      "Async Capable": false,
      "Startup Cost": 2096962.79,
      "Total Cost": 2096969.64,
      "Plan Rows": 13,
      "Plan Width": 125,
      "Plans": [
        {
          "Node Type": "Group",
          "Parent Relationship": "Outer",
          "Parallel Aware": false,
          "Async Capable": false,
          "Startup Cost": 2096962.79,
          "Total Cost": 2096969.64,
          "Plan Rows": 13,
          "Plan Width": 125,
          "Group Key": [
            "item.i_item_id",
            "item.i_item_desc",
            "item.i_current_price"
          ],
          "Plans": [
            {
              "Node Type": "Gather Merge",
              "Parent Relationship": "Outer",
              "Parallel Aware": false,
              "Async Capable": false,
              "Startup Cost": 2096962.79,
              "Total Cost": 2096969.45,
              "Plan Rows": 26,
              "Plan Width": 125,
              "Workers Planned": 2,
              "Plans": [
                {
                  "Node Type": "Group",
                  "Parent Relationship": "Outer",
                  "Parallel Aware": false,
                  "Async Capable": false,
                  "Startup Cost": 2095962.76,
                  "Total Cost": 2095966.42,
                  "Plan Rows": 13,
                  "Plan Width": 125,
                  "Group Key": [
                    "item.i_item_id",
                    "item.i_item_desc",
                    "item.i_current_price"
                  ],
                  "Plans": [
                    {
                      "Node Type": "Sort",
                      "Parent Relationship": "Outer",
                      "Parallel Aware": false,
                      "Async Capable": false,
                      "Startup Cost": 2095962.76,
                      "Total Cost": 2095963.68,
                      "Plan Rows": 366,
                      "Plan Width": 125,
                      "Sort Key": [
                        "item.i_item_id",
                        "item.i_item_desc",
                        "item.i_current_price"
                      ],
                      "Plans": [
                        {
                          "Node Type": "Hash Join",
                          "Parent Relationship": "Outer",
                          "Parallel Aware": true,
                          "Async Capable": false,
                          "Join Type": "Inner",
                          "Startup Cost": 1639742.26,
                          "Total Cost": 2095947.18,
                          "Plan Rows": 366,
                          "Plan Width": 125,
                          "Inner Unique": false,
                          "Hash Cond": "(item.i_item_sk = inventory.inv_item_sk)",
                          "Plans": [
                            {
                              "Node Type": "Hash Join",
                              "Parent Relationship": "Outer",
                              "Parallel Aware": true,
                              "Async Capable": false,
                              "Join Type": "Inner",
                              "Startup Cost": 7814.06,
                              "Total Cost": 464007.23,
                              "Plan Rows": 765,
                              "Plan Width": 133,
                              "Inner Unique": false,
                              "Hash Cond": "(catalog_sales.cs_item_sk = item.i_item_sk)",
                              "Plans": [
                                {
                                  "Node Type": "Seq Scan",
                                  "Parent Relationship": "Outer",
                                  "Parallel Aware": true,
                                  "Async Capable": false,
                                  "Relation Name": "catalog_sales",
                                  "Alias": "catalog_sales",
                                  "Startup Cost": 0.0,
                                  "Total Cost": 433688.25,
                                  "Plan Rows": 6000525,
                                  "Plan Width": 4,
                                  "parent": 6,
                                  "ID": 7
                                },
                                {
                                  "Node Type": "Hash",
                                  "Parent Relationship": "Inner",
                                  "Parallel Aware": true,
                                  "Async Capable": false,
                                  "Startup Cost": 7814.0,
                                  "Total Cost": 7814.0,
                                  "Plan Rows": 5,
                                  "Plan Width": 129,
                                  "Plans": [
                                    {
                                      "Node Type": "Seq Scan",
                                      "Parent Relationship": "Outer",
                                      "Parallel Aware": true,
                                      "Async Capable": false,
                                      "Relation Name": "item",
                                      "Alias": "item",
                                      "Startup Cost": 0.0,
                                      "Total Cost": 7814.0,
                                      "Plan Rows": 5,
                                      "Plan Width": 129,
                                      "Filter": "((i_current_price >= '13'::numeric) AND (i_current_price <= '43'::numeric) AND (i_manufact_id = ANY ('{764,821,891,933}'::integer[])))",
                                      "parent": 8,
                                      "ID": 9
                                    }
                                  ],
                                  "parent": 6,
                                  "ID": 8,
                                  "left": 9
                                }
                              ],
                              "parent": 5,
                              "ID": 6,
                              "left": 7,
                              "right": 8
                            },
                            {
                              "Node Type": "Hash",
                              "Parent Relationship": "Inner",
                              "Parallel Aware": true,
                              "Async Capable": false,
                              "Startup Cost": 1631721.43,
                              "Total Cost": 1631721.43,
                              "Plan Rows": 16541,
                              "Plan Width": 4,
                              "Plans": [
                                {
                                  "Node Type": "Hash Join",
                                  "Parent Relationship": "Outer",
                                  "Parallel Aware": true,
                                  "Async Capable": false,
                                  "Join Type": "Inner",
                                  "Startup Cost": 2049.98,
                                  "Total Cost": 1631721.43,
                                  "Plan Rows": 16541,
                                  "Plan Width": 4,
                                  "Inner Unique": false,
                                  "Hash Cond": "(inventory.inv_date_sk = date_dim.d_date_sk)",
                                  "Plans": [
                                    {
                                      "Node Type": "Seq Scan",
                                      "Parent Relationship": "Outer",
                                      "Parallel Aware": true,
                                      "Async Capable": false,
                                      "Relation Name": "inventory",
                                      "Alias": "inventory",
                                      "Startup Cost": 0.0,
                                      "Total Cost": 1551452.05,
                                      "Plan Rows": 20832653,
                                      "Plan Width": 8,
                                      "Filter": "((inv_quantity_on_hand >= 100) AND (inv_quantity_on_hand <= 500))",
                                      "parent": 11,
                                      "ID": 12
                                    },
                                    {
                                      "Node Type": "Hash",
                                      "Parent Relationship": "Inner",
                                      "Parallel Aware": true,
                                      "Async Capable": false,
                                      "Startup Cost": 2049.55,
                                      "Total Cost": 2049.55,
                                      "Plan Rows": 34,
                                      "Plan Width": 4,
                                      "Plans": [
                                        {
                                          "Node Type": "Seq Scan",
                                          "Parent Relationship": "Outer",
                                          "Parallel Aware": true,
                                          "Async Capable": false,
                                          "Relation Name": "date_dim",
                                          "Alias": "date_dim",
                                          "Startup Cost": 0.0,
                                          "Total Cost": 2049.55,
                                          "Plan Rows": 34,
                                          "Plan Width": 4,
                                          "Filter": "((d_date >= '1999-01-25'::date) AND (d_date <= '1999-03-26 00:00:00'::timestamp without time zone))",
                                          "parent": 13,
                                          "ID": 14
                                        }
                                      ],
                                      "parent": 11,
                                      "ID": 13,
                                      "left": 14
                                    }
                                  ],
                                  "parent": 10,
                                  "ID": 11,
                                  "left": 12,
                                  "right": 13
                                }
                              ],
                              "parent": 5,
                              "ID": 10,
                              "left": 11
                            }
                          ],
                          "parent": 4,
                          "ID": 5,
                          "left": 6,
                          "right": 10
                        }
                      ],
                      "parent": 3,
                      "ID": 4,
                      "left": 5
                    }
                  ],
                  "parent": 2,
                  "ID": 3,
                  "left": 4
                }
              ],
              "parent": 1,
              "ID": 2,
              "left": 3
            }
          ],
          "parent": 0,
          "ID": 1,
          "left": 2
        }
      ],
      "parent": null,
      "ID": 0,
      "left": 1
    },
    "feat": {
      "utility": 0.0019445813464127708,
      "query_shape": [
        [
          "Seq Scan",
          "Hash Join",
          "Sort",
          "Group",
          "Gather Merge"
        ],
        [
          "Seq Scan",
          "Hash",
          "Hash Join",
          "Sort",
          "Group",
          "Gather Merge"
        ],
        [
          "Seq Scan",
          "Hash Join",
          "Hash",
          "Sort",
          "Group",
          "Gather Merge"
        ],
        [
          "Seq Scan",
          "Hash",
          "Hash Join",
          "Sort",
          "Group",
          "Gather Merge"
        ]
      ],
      "index_shape": [
        "join"
      ],
      "physical_operator": {
        "Hash Join": [
          0.005378100880404056,
          0.005049531557007768
        ]
      }
    }
  },
  {
    "query": "select  i_item_id\n       ,i_item_desc\n       ,i_current_price\n from item, inventory, date_dim, catalog_sales\n where i_current_price between 13 and 13 + 30\n and inv_item_sk = i_item_sk\n and d_date_sk=inv_date_sk\n and d_date between cast('1999-01-25' as date) and (cast('1999-01-25' as date) +  interval '60 days')\n and i_manufact_id in (764,821,891,933)\n and inv_quantity_on_hand between 100 and 500\n and cs_item_sk = i_item_sk\n group by i_item_id,i_item_desc,i_current_price\n order by i_item_id\n limit 100;\n\n-- end query 24 in stream 3 using template query37.tpl\n",
    "indexes": "item.i_current_price",
    "wo plan est": {
      "Node Type": "Limit",
      "Parallel Aware": false,
      "Async Capable": false,
      "Startup Cost": 2096962.79,
      "Total Cost": 2096969.64,
      "Plan Rows": 13,
      "Plan Width": 125,
      "Plans": [
        {
          "Node Type": "Group",
          "Parent Relationship": "Outer",
          "Parallel Aware": false,
          "Async Capable": false,
          "Startup Cost": 2096962.79,
          "Total Cost": 2096969.64,
          "Plan Rows": 13,
          "Plan Width": 125,
          "Group Key": [
            "item.i_item_id",
            "item.i_item_desc",
            "item.i_current_price"
          ],
          "Plans": [
            {
              "Node Type": "Gather Merge",
              "Parent Relationship": "Outer",
              "Parallel Aware": false,
              "Async Capable": false,
              "Startup Cost": 2096962.79,
              "Total Cost": 2096969.45,
              "Plan Rows": 26,
              "Plan Width": 125,
              "Workers Planned": 2,
              "Plans": [
                {
                  "Node Type": "Group",
                  "Parent Relationship": "Outer",
                  "Parallel Aware": false,
                  "Async Capable": false,
                  "Startup Cost": 2095962.76,
                  "Total Cost": 2095966.42,
                  "Plan Rows": 13,
                  "Plan Width": 125,
                  "Group Key": [
                    "item.i_item_id",
                    "item.i_item_desc",
                    "item.i_current_price"
                  ],
                  "Plans": [
                    {
                      "Node Type": "Sort",
                      "Parent Relationship": "Outer",
                      "Parallel Aware": false,
                      "Async Capable": false,
                      "Startup Cost": 2095962.76,
                      "Total Cost": 2095963.68,
                      "Plan Rows": 366,
                      "Plan Width": 125,
                      "Sort Key": [
                        "item.i_item_id",
                        "item.i_item_desc",
                        "item.i_current_price"
                      ],
                      "Plans": [
                        {
                          "Node Type": "Hash Join",
                          "Parent Relationship": "Outer",
                          "Parallel Aware": true,
                          "Async Capable": false,
                          "Join Type": "Inner",
                          "Startup Cost": 1639742.26,
                          "Total Cost": 2095947.18,
                          "Plan Rows": 366,
                          "Plan Width": 125,
                          "Inner Unique": false,
                          "Hash Cond": "(item.i_item_sk = inventory.inv_item_sk)",
                          "Plans": [
                            {
                              "Node Type": "Hash Join",
                              "Parent Relationship": "Outer",
                              "Parallel Aware": true,
                              "Async Capable": false,
                              "Join Type": "Inner",
                              "Startup Cost": 7814.06,
                              "Total Cost": 464007.23,
                              "Plan Rows": 765,
                              "Plan Width": 133,
                              "Inner Unique": false,
                              "Hash Cond": "(catalog_sales.cs_item_sk = item.i_item_sk)",
                              "Plans": [
                                {
                                  "Node Type": "Seq Scan",
                                  "Parent Relationship": "Outer",
                                  "Parallel Aware": true,
                                  "Async Capable": false,
                                  "Relation Name": "catalog_sales",
                                  "Alias": "catalog_sales",
                                  "Startup Cost": 0.0,
                                  "Total Cost": 433688.25,
                                  "Plan Rows": 6000525,
                                  "Plan Width": 4,
                                  "parent": 6,
                                  "ID": 7
                                },
                                {
                                  "Node Type": "Hash",
                                  "Parent Relationship": "Inner",
                                  "Parallel Aware": true,
                                  "Async Capable": false,
                                  "Startup Cost": 7814.0,
                                  "Total Cost": 7814.0,
                                  "Plan Rows": 5,
                                  "Plan Width": 129,
                                  "Plans": [
                                    {
                                      "Node Type": "Seq Scan",
                                      "Parent Relationship": "Outer",
                                      "Parallel Aware": true,
                                      "Async Capable": false,
                                      "Relation Name": "item",
                                      "Alias": "item",
                                      "Startup Cost": 0.0,
                                      "Total Cost": 7814.0,
                                      "Plan Rows": 5,
                                      "Plan Width": 129,
                                      "Filter": "((i_current_price >= '13'::numeric) AND (i_current_price <= '43'::numeric) AND (i_manufact_id = ANY ('{764,821,891,933}'::integer[])))",
                                      "parent": 8,
                                      "ID": 9
                                    }
                                  ],
                                  "parent": 6,
                                  "ID": 8,
                                  "left": 9
                                }
                              ],
                              "parent": 5,
                              "ID": 6,
                              "left": 7,
                              "right": 8
                            },
                            {
                              "Node Type": "Hash",
                              "Parent Relationship": "Inner",
                              "Parallel Aware": true,
                              "Async Capable": false,
                              "Startup Cost": 1631721.43,
                              "Total Cost": 1631721.43,
                              "Plan Rows": 16541,
                              "Plan Width": 4,
                              "Plans": [
                                {
                                  "Node Type": "Hash Join",
                                  "Parent Relationship": "Outer",
                                  "Parallel Aware": true,
                                  "Async Capable": false,
                                  "Join Type": "Inner",
                                  "Startup Cost": 2049.98,
                                  "Total Cost": 1631721.43,
                                  "Plan Rows": 16541,
                                  "Plan Width": 4,
                                  "Inner Unique": false,
                                  "Hash Cond": "(inventory.inv_date_sk = date_dim.d_date_sk)",
                                  "Plans": [
                                    {
                                      "Node Type": "Seq Scan",
                                      "Parent Relationship": "Outer",
                                      "Parallel Aware": true,
                                      "Async Capable": false,
                                      "Relation Name": "inventory",
                                      "Alias": "inventory",
                                      "Startup Cost": 0.0,
                                      "Total Cost": 1551452.05,
                                      "Plan Rows": 20832653,
                                      "Plan Width": 8,
                                      "Filter": "((inv_quantity_on_hand >= 100) AND (inv_quantity_on_hand <= 500))",
                                      "parent": 11,
                                      "ID": 12
                                    },
                                    {
                                      "Node Type": "Hash",
                                      "Parent Relationship": "Inner",
                                      "Parallel Aware": true,
                                      "Async Capable": false,
                                      "Startup Cost": 2049.55,
                                      "Total Cost": 2049.55,
                                      "Plan Rows": 34,
                                      "Plan Width": 4,
                                      "Plans": [
                                        {
                                          "Node Type": "Seq Scan",
                                          "Parent Relationship": "Outer",
                                          "Parallel Aware": true,
                                          "Async Capable": false,
                                          "Relation Name": "date_dim",
                                          "Alias": "date_dim",
                                          "Startup Cost": 0.0,
                                          "Total Cost": 2049.55,
                                          "Plan Rows": 34,
                                          "Plan Width": 4,
                                          "Filter": "((d_date >= '1999-01-25'::date) AND (d_date <= '1999-03-26 00:00:00'::timestamp without time zone))",
                                          "parent": 13,
                                          "ID": 14
                                        }
                                      ],
                                      "parent": 11,
                                      "ID": 13,
                                      "left": 14
                                    }
                                  ],
                                  "parent": 10,
                                  "ID": 11,
                                  "left": 12,
                                  "right": 13
                                }
                              ],
                              "parent": 5,
                              "ID": 10,
                              "left": 11
                            }
                          ],
                          "parent": 4,
                          "ID": 5,
                          "left": 6,
                          "right": 10
                        }
                      ],
                      "parent": 3,
                      "ID": 4,
                      "left": 5
                    }
                  ],
                  "parent": 2,
                  "ID": 3,
                  "left": 4
                }
              ],
              "parent": 1,
              "ID": 2,
              "left": 3
            }
          ],
          "parent": 0,
          "ID": 1,
          "left": 2
        }
      ],
      "parent": null,
      "ID": 0,
      "left": 1
    },
    "feat": {
      "utility": 0.003726146917789575,
      "query_shape": [
        [
          "Seq Scan",
          "Hash Join",
          "Sort",
          "Group",
          "Gather Merge"
        ],
        [
          "Seq Scan",
          "Hash",
          "Hash Join",
          "Sort",
          "Group",
          "Gather Merge"
        ],
        [
          "Seq Scan",
          "Hash Join",
          "Hash",
          "Sort",
          "Group",
          "Gather Merge"
        ],
        [
          "Seq Scan",
          "Hash",
          "Hash Join",
          "Sort",
          "Group",
          "Gather Merge"
        ]
      ],
      "index_shape": [
        "selection"
      ],
      "physical_operator": {
        "Seq Scan": [
          4.901960784309267e-05
        ],
        "Sort": [
          "[9.0000e-02 2.6000e-01 4.2000e-01 5.8000e-01 7.5000e-01 9.1000e-01\n 1.0700e+00 1.2400e+00 1.4000e+00 1.5600e+00 1.7200e+00 1.8800e+00\n 2.0400e+00 2.2100e+00 2.3800e+00 2.5400e+00 2.7100e+00 2.8700e+00\n 3.0300e+00 3.1900e+00 3.3600e+00 3.5300e+00 3.7000e+00 3.8600e+00\n 4.0200e+00 4.1800e+00 4.3500e+00 4.5100e+00 4.6800e+00 4.8400e+00\n 5.0200e+00 5.3500e+00 5.6900e+00 6.0300e+00 6.3600e+00 6.6900e+00\n 7.0200e+00 7.3500e+00 7.6800e+00 8.0200e+00 8.3400e+00 8.6700e+00\n 9.0020e+00 9.3500e+00 9.6800e+00 1.1150e+01 2.8720e+01 4.6052e+01\n 6.3996e+01 8.2158e+01 9.9990e+01]"
        ]
      }
    }
  },
  {
    "query": "select  i_item_id\n       ,i_item_desc\n       ,i_current_price\n from item, inventory, date_dim, catalog_sales\n where i_current_price between 13 and 13 + 30\n and inv_item_sk = i_item_sk\n and d_date_sk=inv_date_sk\n and d_date between cast('1999-01-25' as date) and (cast('1999-01-25' as date) +  interval '60 days')\n and i_manufact_id in (764,821,891,933)\n and inv_quantity_on_hand between 100 and 500\n and cs_item_sk = i_item_sk\n group by i_item_id,i_item_desc,i_current_price\n order by i_item_id\n limit 100;\n\n-- end query 24 in stream 3 using template query37.tpl\n",
    "indexes": "item.i_manufact_id",
    "wo plan est": {
      "Node Type": "Limit",
      "Parallel Aware": false,
      "Async Capable": false,
      "Startup Cost": 2096962.79,
      "Total Cost": 2096969.64,
      "Plan Rows": 13,
      "Plan Width": 125,
      "Plans": [
        {
          "Node Type": "Group",
          "Parent Relationship": "Outer",
          "Parallel Aware": false,
          "Async Capable": false,
          "Startup Cost": 2096962.79,
          "Total Cost": 2096969.64,
          "Plan Rows": 13,
          "Plan Width": 125,
          "Group Key": [
            "item.i_item_id",
            "item.i_item_desc",
            "item.i_current_price"
          ],
          "Plans": [
            {
              "Node Type": "Gather Merge",
              "Parent Relationship": "Outer",
              "Parallel Aware": false,
              "Async Capable": false,
              "Startup Cost": 2096962.79,
              "Total Cost": 2096969.45,
              "Plan Rows": 26,
              "Plan Width": 125,
              "Workers Planned": 2,
              "Plans": [
                {
                  "Node Type": "Group",
                  "Parent Relationship": "Outer",
                  "Parallel Aware": false,
                  "Async Capable": false,
                  "Startup Cost": 2095962.76,
                  "Total Cost": 2095966.42,
                  "Plan Rows": 13,
                  "Plan Width": 125,
                  "Group Key": [
                    "item.i_item_id",
                    "item.i_item_desc",
                    "item.i_current_price"
                  ],
                  "Plans": [
                    {
                      "Node Type": "Sort",
                      "Parent Relationship": "Outer",
                      "Parallel Aware": false,
                      "Async Capable": false,
                      "Startup Cost": 2095962.76,
                      "Total Cost": 2095963.68,
                      "Plan Rows": 366,
                      "Plan Width": 125,
                      "Sort Key": [
                        "item.i_item_id",
                        "item.i_item_desc",
                        "item.i_current_price"
                      ],
                      "Plans": [
                        {
                          "Node Type": "Hash Join",
                          "Parent Relationship": "Outer",
                          "Parallel Aware": true,
                          "Async Capable": false,
                          "Join Type": "Inner",
                          "Startup Cost": 1639742.26,
                          "Total Cost": 2095947.18,
                          "Plan Rows": 366,
                          "Plan Width": 125,
                          "Inner Unique": false,
                          "Hash Cond": "(item.i_item_sk = inventory.inv_item_sk)",
                          "Plans": [
                            {
                              "Node Type": "Hash Join",
                              "Parent Relationship": "Outer",
                              "Parallel Aware": true,
                              "Async Capable": false,
                              "Join Type": "Inner",
                              "Startup Cost": 7814.06,
                              "Total Cost": 464007.23,
                              "Plan Rows": 765,
                              "Plan Width": 133,
                              "Inner Unique": false,
                              "Hash Cond": "(catalog_sales.cs_item_sk = item.i_item_sk)",
                              "Plans": [
                                {
                                  "Node Type": "Seq Scan",
                                  "Parent Relationship": "Outer",
                                  "Parallel Aware": true,
                                  "Async Capable": false,
                                  "Relation Name": "catalog_sales",
                                  "Alias": "catalog_sales",
                                  "Startup Cost": 0.0,
                                  "Total Cost": 433688.25,
                                  "Plan Rows": 6000525,
                                  "Plan Width": 4,
                                  "parent": 6,
                                  "ID": 7
                                },
                                {
                                  "Node Type": "Hash",
                                  "Parent Relationship": "Inner",
                                  "Parallel Aware": true,
                                  "Async Capable": false,
                                  "Startup Cost": 7814.0,
                                  "Total Cost": 7814.0,
                                  "Plan Rows": 5,
                                  "Plan Width": 129,
                                  "Plans": [
                                    {
                                      "Node Type": "Seq Scan",
                                      "Parent Relationship": "Outer",
                                      "Parallel Aware": true,
                                      "Async Capable": false,
                                      "Relation Name": "item",
                                      "Alias": "item",
                                      "Startup Cost": 0.0,
                                      "Total Cost": 7814.0,
                                      "Plan Rows": 5,
                                      "Plan Width": 129,
                                      "Filter": "((i_current_price >= '13'::numeric) AND (i_current_price <= '43'::numeric) AND (i_manufact_id = ANY ('{764,821,891,933}'::integer[])))",
                                      "parent": 8,
                                      "ID": 9
                                    }
                                  ],
                                  "parent": 6,
                                  "ID": 8,
                                  "left": 9
                                }
                              ],
                              "parent": 5,
                              "ID": 6,
                              "left": 7,
                              "right": 8
                            },
                            {
                              "Node Type": "Hash",
                              "Parent Relationship": "Inner",
                              "Parallel Aware": true,
                              "Async Capable": false,
                              "Startup Cost": 1631721.43,
                              "Total Cost": 1631721.43,
                              "Plan Rows": 16541,
                              "Plan Width": 4,
                              "Plans": [
                                {
                                  "Node Type": "Hash Join",
                                  "Parent Relationship": "Outer",
                                  "Parallel Aware": true,
                                  "Async Capable": false,
                                  "Join Type": "Inner",
                                  "Startup Cost": 2049.98,
                                  "Total Cost": 1631721.43,
                                  "Plan Rows": 16541,
                                  "Plan Width": 4,
                                  "Inner Unique": false,
                                  "Hash Cond": "(inventory.inv_date_sk = date_dim.d_date_sk)",
                                  "Plans": [
                                    {
                                      "Node Type": "Seq Scan",
                                      "Parent Relationship": "Outer",
                                      "Parallel Aware": true,
                                      "Async Capable": false,
                                      "Relation Name": "inventory",
                                      "Alias": "inventory",
                                      "Startup Cost": 0.0,
                                      "Total Cost": 1551452.05,
                                      "Plan Rows": 20832653,
                                      "Plan Width": 8,
                                      "Filter": "((inv_quantity_on_hand >= 100) AND (inv_quantity_on_hand <= 500))",
                                      "parent": 11,
                                      "ID": 12
                                    },
                                    {
                                      "Node Type": "Hash",
                                      "Parent Relationship": "Inner",
                                      "Parallel Aware": true,
                                      "Async Capable": false,
                                      "Startup Cost": 2049.55,
                                      "Total Cost": 2049.55,
                                      "Plan Rows": 34,
                                      "Plan Width": 4,
                                      "Plans": [
                                        {
                                          "Node Type": "Seq Scan",
                                          "Parent Relationship": "Outer",
                                          "Parallel Aware": true,
                                          "Async Capable": false,
                                          "Relation Name": "date_dim",
                                          "Alias": "date_dim",
                                          "Startup Cost": 0.0,
                                          "Total Cost": 2049.55,
                                          "Plan Rows": 34,
                                          "Plan Width": 4,
                                          "Filter": "((d_date >= '1999-01-25'::date) AND (d_date <= '1999-03-26 00:00:00'::timestamp without time zone))",
                                          "parent": 13,
                                          "ID": 14
                                        }
                                      ],
                                      "parent": 11,
                                      "ID": 13,
                                      "left": 14
                                    }
                                  ],
                                  "parent": 10,
                                  "ID": 11,
                                  "left": 12,
                                  "right": 13
                                }
                              ],
                              "parent": 5,
                              "ID": 10,
                              "left": 11
                            }
                          ],
                          "parent": 4,
                          "ID": 5,
                          "left": 6,
                          "right": 10
                        }
                      ],
                      "parent": 3,
                      "ID": 4,
                      "left": 5
                    }
                  ],
                  "parent": 2,
                  "ID": 3,
                  "left": 4
                }
              ],
              "parent": 1,
              "ID": 2,
              "left": 3
            }
          ],
          "parent": 0,
          "ID": 1,
          "left": 2
        }
      ],
      "parent": null,
      "ID": 0,
      "left": 1
    },
    "feat": {
      "utility": 0.003726146917789575,
      "query_shape": [
        [
          "Seq Scan",
          "Hash Join",
          "Sort",
          "Group",
          "Gather Merge"
        ],
        [
          "Seq Scan",
          "Hash",
          "Hash Join",
          "Sort",
          "Group",
          "Gather Merge"
        ],
        [
          "Seq Scan",
          "Hash Join",
          "Hash",
          "Sort",
          "Group",
          "Gather Merge"
        ],
        [
          "Seq Scan",
          "Hash",
          "Hash Join",
          "Sort",
          "Group",
          "Gather Merge"
        ]
      ],
      "index_shape": [
        "selection"
      ],
      "physical_operator": {
        "Seq Scan": [
          4.901960784309267e-05
        ]
      }
    }
  },
  {
    "query": "select  i_item_id\n       ,i_item_desc\n       ,i_current_price\n from item, inventory, date_dim, catalog_sales\n where i_current_price between 13 and 13 + 30\n and inv_item_sk = i_item_sk\n and d_date_sk=inv_date_sk\n and d_date between cast('1999-01-25' as date) and (cast('1999-01-25' as date) +  interval '60 days')\n and i_manufact_id in (764,821,891,933)\n and inv_quantity_on_hand between 100 and 500\n and cs_item_sk = i_item_sk\n group by i_item_id,i_item_desc,i_current_price\n order by i_item_id\n limit 100;\n\n-- end query 24 in stream 3 using template query37.tpl\n",
    "indexes": "item.i_item_id",
    "wo plan est": {
      "Node Type": "Limit",
      "Parallel Aware": false,
      "Async Capable": false,
      "Startup Cost": 2096962.79,
      "Total Cost": 2096969.64,
      "Plan Rows": 13,
      "Plan Width": 125,
      "Plans": [
        {
          "Node Type": "Group",
          "Parent Relationship": "Outer",
          "Parallel Aware": false,
          "Async Capable": false,
          "Startup Cost": 2096962.79,
          "Total Cost": 2096969.64,
          "Plan Rows": 13,
          "Plan Width": 125,
          "Group Key": [
            "item.i_item_id",
            "item.i_item_desc",
            "item.i_current_price"
          ],
          "Plans": [
            {
              "Node Type": "Gather Merge",
              "Parent Relationship": "Outer",
              "Parallel Aware": false,
              "Async Capable": false,
              "Startup Cost": 2096962.79,
              "Total Cost": 2096969.45,
              "Plan Rows": 26,
              "Plan Width": 125,
              "Workers Planned": 2,
              "Plans": [
                {
                  "Node Type": "Group",
                  "Parent Relationship": "Outer",
                  "Parallel Aware": false,
                  "Async Capable": false,
                  "Startup Cost": 2095962.76,
                  "Total Cost": 2095966.42,
                  "Plan Rows": 13,
                  "Plan Width": 125,
                  "Group Key": [
                    "item.i_item_id",
                    "item.i_item_desc",
                    "item.i_current_price"
                  ],
                  "Plans": [
                    {
                      "Node Type": "Sort",
                      "Parent Relationship": "Outer",
                      "Parallel Aware": false,
                      "Async Capable": false,
                      "Startup Cost": 2095962.76,
                      "Total Cost": 2095963.68,
                      "Plan Rows": 366,
                      "Plan Width": 125,
                      "Sort Key": [
                        "item.i_item_id",
                        "item.i_item_desc",
                        "item.i_current_price"
                      ],
                      "Plans": [
                        {
                          "Node Type": "Hash Join",
                          "Parent Relationship": "Outer",
                          "Parallel Aware": true,
                          "Async Capable": false,
                          "Join Type": "Inner",
                          "Startup Cost": 1639742.26,
                          "Total Cost": 2095947.18,
                          "Plan Rows": 366,
                          "Plan Width": 125,
                          "Inner Unique": false,
                          "Hash Cond": "(item.i_item_sk = inventory.inv_item_sk)",
                          "Plans": [
                            {
                              "Node Type": "Hash Join",
                              "Parent Relationship": "Outer",
                              "Parallel Aware": true,
                              "Async Capable": false,
                              "Join Type": "Inner",
                              "Startup Cost": 7814.06,
                              "Total Cost": 464007.23,
                              "Plan Rows": 765,
                              "Plan Width": 133,
                              "Inner Unique": false,
                              "Hash Cond": "(catalog_sales.cs_item_sk = item.i_item_sk)",
                              "Plans": [
                                {
                                  "Node Type": "Seq Scan",
                                  "Parent Relationship": "Outer",
                                  "Parallel Aware": true,
                                  "Async Capable": false,
                                  "Relation Name": "catalog_sales",
                                  "Alias": "catalog_sales",
                                  "Startup Cost": 0.0,
                                  "Total Cost": 433688.25,
                                  "Plan Rows": 6000525,
                                  "Plan Width": 4,
                                  "parent": 6,
                                  "ID": 7
                                },
                                {
                                  "Node Type": "Hash",
                                  "Parent Relationship": "Inner",
                                  "Parallel Aware": true,
                                  "Async Capable": false,
                                  "Startup Cost": 7814.0,
                                  "Total Cost": 7814.0,
                                  "Plan Rows": 5,
                                  "Plan Width": 129,
                                  "Plans": [
                                    {
                                      "Node Type": "Seq Scan",
                                      "Parent Relationship": "Outer",
                                      "Parallel Aware": true,
                                      "Async Capable": false,
                                      "Relation Name": "item",
                                      "Alias": "item",
                                      "Startup Cost": 0.0,
                                      "Total Cost": 7814.0,
                                      "Plan Rows": 5,
                                      "Plan Width": 129,
                                      "Filter": "((i_current_price >= '13'::numeric) AND (i_current_price <= '43'::numeric) AND (i_manufact_id = ANY ('{764,821,891,933}'::integer[])))",
                                      "parent": 8,
                                      "ID": 9
                                    }
                                  ],
                                  "parent": 6,
                                  "ID": 8,
                                  "left": 9
                                }
                              ],
                              "parent": 5,
                              "ID": 6,
                              "left": 7,
                              "right": 8
                            },
                            {
                              "Node Type": "Hash",
                              "Parent Relationship": "Inner",
                              "Parallel Aware": true,
                              "Async Capable": false,
                              "Startup Cost": 1631721.43,
                              "Total Cost": 1631721.43,
                              "Plan Rows": 16541,
                              "Plan Width": 4,
                              "Plans": [
                                {
                                  "Node Type": "Hash Join",
                                  "Parent Relationship": "Outer",
                                  "Parallel Aware": true,
                                  "Async Capable": false,
                                  "Join Type": "Inner",
                                  "Startup Cost": 2049.98,
                                  "Total Cost": 1631721.43,
                                  "Plan Rows": 16541,
                                  "Plan Width": 4,
                                  "Inner Unique": false,
                                  "Hash Cond": "(inventory.inv_date_sk = date_dim.d_date_sk)",
                                  "Plans": [
                                    {
                                      "Node Type": "Seq Scan",
                                      "Parent Relationship": "Outer",
                                      "Parallel Aware": true,
                                      "Async Capable": false,
                                      "Relation Name": "inventory",
                                      "Alias": "inventory",
                                      "Startup Cost": 0.0,
                                      "Total Cost": 1551452.05,
                                      "Plan Rows": 20832653,
                                      "Plan Width": 8,
                                      "Filter": "((inv_quantity_on_hand >= 100) AND (inv_quantity_on_hand <= 500))",
                                      "parent": 11,
                                      "ID": 12
                                    },
                                    {
                                      "Node Type": "Hash",
                                      "Parent Relationship": "Inner",
                                      "Parallel Aware": true,
                                      "Async Capable": false,
                                      "Startup Cost": 2049.55,
                                      "Total Cost": 2049.55,
                                      "Plan Rows": 34,
                                      "Plan Width": 4,
                                      "Plans": [
                                        {
                                          "Node Type": "Seq Scan",
                                          "Parent Relationship": "Outer",
                                          "Parallel Aware": true,
                                          "Async Capable": false,
                                          "Relation Name": "date_dim",
                                          "Alias": "date_dim",
                                          "Startup Cost": 0.0,
                                          "Total Cost": 2049.55,
                                          "Plan Rows": 34,
                                          "Plan Width": 4,
                                          "Filter": "((d_date >= '1999-01-25'::date) AND (d_date <= '1999-03-26 00:00:00'::timestamp without time zone))",
                                          "parent": 13,
                                          "ID": 14
                                        }
                                      ],
                                      "parent": 11,
                                      "ID": 13,
                                      "left": 14
                                    }
                                  ],
                                  "parent": 10,
                                  "ID": 11,
                                  "left": 12,
                                  "right": 13
                                }
                              ],
                              "parent": 5,
                              "ID": 10,
                              "left": 11
                            }
                          ],
                          "parent": 4,
                          "ID": 5,
                          "left": 6,
                          "right": 10
                        }
                      ],
                      "parent": 3,
                      "ID": 4,
                      "left": 5
                    }
                  ],
                  "parent": 2,
                  "ID": 3,
                  "left": 4
                }
              ],
              "parent": 1,
              "ID": 2,
              "left": 3
            }
          ],
          "parent": 0,
          "ID": 1,
          "left": 2
        }
      ],
      "parent": null,
      "ID": 0,
      "left": 1
    },
    "feat": {
      "utility": 0.0,
      "query_shape": [
        [
          "Seq Scan",
          "Hash Join",
          "Sort",
          "Group",
          "Gather Merge"
        ],
        [
          "Seq Scan",
          "Hash",
          "Hash Join",
          "Sort",
          "Group",
          "Gather Merge"
        ],
        [
          "Seq Scan",
          "Hash Join",
          "Hash",
          "Sort",
          "Group",
          "Gather Merge"
        ],
        [
          "Seq Scan",
          "Hash",
          "Hash Join",
          "Sort",
          "Group",
          "Gather Merge"
        ]
      ],
      "index_shape": [
        "order-by"
      ],
      "physical_operator": {
        "Sort": [
          "[0. 0. 0. 0. 0. 0. 0. 0. 0. 0. 0. 0. 0. 0. 0. 0. 0. 0. 0. 0. 0. 0. 0. 0.\n 0. 0. 0. 0. 0. 0. 0. 0. 0. 0. 0. 0. 0. 0. 0. 0. 0. 0. 0. 0. 0. 0. 0. 0.\n 0. 0. 0.]"
        ]
      }
    }
  },
  {
    "query": "select  i_item_id\n       ,i_item_desc\n       ,i_current_price\n from item, inventory, date_dim, catalog_sales\n where i_current_price between 13 and 13 + 30\n and inv_item_sk = i_item_sk\n and d_date_sk=inv_date_sk\n and d_date between cast('1999-01-25' as date) and (cast('1999-01-25' as date) +  interval '60 days')\n and i_manufact_id in (764,821,891,933)\n and inv_quantity_on_hand between 100 and 500\n and cs_item_sk = i_item_sk\n group by i_item_id,i_item_desc,i_current_price\n order by i_item_id\n limit 100;\n\n-- end query 24 in stream 3 using template query37.tpl\n",
    "indexes": "item.i_manufact",
    "wo plan est": {
      "Node Type": "Limit",
      "Parallel Aware": false,
      "Async Capable": false,
      "Startup Cost": 2096962.79,
      "Total Cost": 2096969.64,
      "Plan Rows": 13,
      "Plan Width": 125,
      "Plans": [
        {
          "Node Type": "Group",
          "Parent Relationship": "Outer",
          "Parallel Aware": false,
          "Async Capable": false,
          "Startup Cost": 2096962.79,
          "Total Cost": 2096969.64,
          "Plan Rows": 13,
          "Plan Width": 125,
          "Group Key": [
            "item.i_item_id",
            "item.i_item_desc",
            "item.i_current_price"
          ],
          "Plans": [
            {
              "Node Type": "Gather Merge",
              "Parent Relationship": "Outer",
              "Parallel Aware": false,
              "Async Capable": false,
              "Startup Cost": 2096962.79,
              "Total Cost": 2096969.45,
              "Plan Rows": 26,
              "Plan Width": 125,
              "Workers Planned": 2,
              "Plans": [
                {
                  "Node Type": "Group",
                  "Parent Relationship": "Outer",
                  "Parallel Aware": false,
                  "Async Capable": false,
                  "Startup Cost": 2095962.76,
                  "Total Cost": 2095966.42,
                  "Plan Rows": 13,
                  "Plan Width": 125,
                  "Group Key": [
                    "item.i_item_id",
                    "item.i_item_desc",
                    "item.i_current_price"
                  ],
                  "Plans": [
                    {
                      "Node Type": "Sort",
                      "Parent Relationship": "Outer",
                      "Parallel Aware": false,
                      "Async Capable": false,
                      "Startup Cost": 2095962.76,
                      "Total Cost": 2095963.68,
                      "Plan Rows": 366,
                      "Plan Width": 125,
                      "Sort Key": [
                        "item.i_item_id",
                        "item.i_item_desc",
                        "item.i_current_price"
                      ],
                      "Plans": [
                        {
                          "Node Type": "Hash Join",
                          "Parent Relationship": "Outer",
                          "Parallel Aware": true,
                          "Async Capable": false,
                          "Join Type": "Inner",
                          "Startup Cost": 1639742.26,
                          "Total Cost": 2095947.18,
                          "Plan Rows": 366,
                          "Plan Width": 125,
                          "Inner Unique": false,
                          "Hash Cond": "(item.i_item_sk = inventory.inv_item_sk)",
                          "Plans": [
                            {
                              "Node Type": "Hash Join",
                              "Parent Relationship": "Outer",
                              "Parallel Aware": true,
                              "Async Capable": false,
                              "Join Type": "Inner",
                              "Startup Cost": 7814.06,
                              "Total Cost": 464007.23,
                              "Plan Rows": 765,
                              "Plan Width": 133,
                              "Inner Unique": false,
                              "Hash Cond": "(catalog_sales.cs_item_sk = item.i_item_sk)",
                              "Plans": [
                                {
                                  "Node Type": "Seq Scan",
                                  "Parent Relationship": "Outer",
                                  "Parallel Aware": true,
                                  "Async Capable": false,
                                  "Relation Name": "catalog_sales",
                                  "Alias": "catalog_sales",
                                  "Startup Cost": 0.0,
                                  "Total Cost": 433688.25,
                                  "Plan Rows": 6000525,
                                  "Plan Width": 4,
                                  "parent": 6,
                                  "ID": 7
                                },
                                {
                                  "Node Type": "Hash",
                                  "Parent Relationship": "Inner",
                                  "Parallel Aware": true,
                                  "Async Capable": false,
                                  "Startup Cost": 7814.0,
                                  "Total Cost": 7814.0,
                                  "Plan Rows": 5,
                                  "Plan Width": 129,
                                  "Plans": [
                                    {
                                      "Node Type": "Seq Scan",
                                      "Parent Relationship": "Outer",
                                      "Parallel Aware": true,
                                      "Async Capable": false,
                                      "Relation Name": "item",
                                      "Alias": "item",
                                      "Startup Cost": 0.0,
                                      "Total Cost": 7814.0,
                                      "Plan Rows": 5,
                                      "Plan Width": 129,
                                      "Filter": "((i_current_price >= '13'::numeric) AND (i_current_price <= '43'::numeric) AND (i_manufact_id = ANY ('{764,821,891,933}'::integer[])))",
                                      "parent": 8,
                                      "ID": 9
                                    }
                                  ],
                                  "parent": 6,
                                  "ID": 8,
                                  "left": 9
                                }
                              ],
                              "parent": 5,
                              "ID": 6,
                              "left": 7,
                              "right": 8
                            },
                            {
                              "Node Type": "Hash",
                              "Parent Relationship": "Inner",
                              "Parallel Aware": true,
                              "Async Capable": false,
                              "Startup Cost": 1631721.43,
                              "Total Cost": 1631721.43,
                              "Plan Rows": 16541,
                              "Plan Width": 4,
                              "Plans": [
                                {
                                  "Node Type": "Hash Join",
                                  "Parent Relationship": "Outer",
                                  "Parallel Aware": true,
                                  "Async Capable": false,
                                  "Join Type": "Inner",
                                  "Startup Cost": 2049.98,
                                  "Total Cost": 1631721.43,
                                  "Plan Rows": 16541,
                                  "Plan Width": 4,
                                  "Inner Unique": false,
                                  "Hash Cond": "(inventory.inv_date_sk = date_dim.d_date_sk)",
                                  "Plans": [
                                    {
                                      "Node Type": "Seq Scan",
                                      "Parent Relationship": "Outer",
                                      "Parallel Aware": true,
                                      "Async Capable": false,
                                      "Relation Name": "inventory",
                                      "Alias": "inventory",
                                      "Startup Cost": 0.0,
                                      "Total Cost": 1551452.05,
                                      "Plan Rows": 20832653,
                                      "Plan Width": 8,
                                      "Filter": "((inv_quantity_on_hand >= 100) AND (inv_quantity_on_hand <= 500))",
                                      "parent": 11,
                                      "ID": 12
                                    },
                                    {
                                      "Node Type": "Hash",
                                      "Parent Relationship": "Inner",
                                      "Parallel Aware": true,
                                      "Async Capable": false,
                                      "Startup Cost": 2049.55,
                                      "Total Cost": 2049.55,
                                      "Plan Rows": 34,
                                      "Plan Width": 4,
                                      "Plans": [
                                        {
                                          "Node Type": "Seq Scan",
                                          "Parent Relationship": "Outer",
                                          "Parallel Aware": true,
                                          "Async Capable": false,
                                          "Relation Name": "date_dim",
                                          "Alias": "date_dim",
                                          "Startup Cost": 0.0,
                                          "Total Cost": 2049.55,
                                          "Plan Rows": 34,
                                          "Plan Width": 4,
                                          "Filter": "((d_date >= '1999-01-25'::date) AND (d_date <= '1999-03-26 00:00:00'::timestamp without time zone))",
                                          "parent": 13,
                                          "ID": 14
                                        }
                                      ],
                                      "parent": 11,
                                      "ID": 13,
                                      "left": 14
                                    }
                                  ],
                                  "parent": 10,
                                  "ID": 11,
                                  "left": 12,
                                  "right": 13
                                }
                              ],
                              "parent": 5,
                              "ID": 10,
                              "left": 11
                            }
                          ],
                          "parent": 4,
                          "ID": 5,
                          "left": 6,
                          "right": 10
                        }
                      ],
                      "parent": 3,
                      "ID": 4,
                      "left": 5
                    }
                  ],
                  "parent": 2,
                  "ID": 3,
                  "left": 4
                }
              ],
              "parent": 1,
              "ID": 2,
              "left": 3
            }
          ],
          "parent": 0,
          "ID": 1,
          "left": 2
        }
      ],
      "parent": null,
      "ID": 0,
      "left": 1
    },
    "feat": {
      "utility": 0.003726146917789575,
      "query_shape": [
        [
          "Seq Scan",
          "Hash Join",
          "Sort",
          "Group",
          "Gather Merge"
        ],
        [
          "Seq Scan",
          "Hash",
          "Hash Join",
          "Sort",
          "Group",
          "Gather Merge"
        ],
        [
          "Seq Scan",
          "Hash Join",
          "Hash",
          "Sort",
          "Group",
          "Gather Merge"
        ],
        [
          "Seq Scan",
          "Hash",
          "Hash Join",
          "Sort",
          "Group",
          "Gather Merge"
        ]
      ],
      "index_shape": [
        "selection"
      ],
      "physical_operator": {
        "Seq Scan": [
          4.901960784309267e-05
        ]
      }
    }
  },
  {
    "query": "select  i_item_id\n       ,i_item_desc\n       ,i_current_price\n from item, inventory, date_dim, catalog_sales\n where i_current_price between 13 and 13 + 30\n and inv_item_sk = i_item_sk\n and d_date_sk=inv_date_sk\n and d_date between cast('1999-01-25' as date) and (cast('1999-01-25' as date) +  interval '60 days')\n and i_manufact_id in (764,821,891,933)\n and inv_quantity_on_hand between 100 and 500\n and cs_item_sk = i_item_sk\n group by i_item_id,i_item_desc,i_current_price\n order by i_item_id\n limit 100;\n\n-- end query 24 in stream 3 using template query37.tpl\n",
    "indexes": "item.i_item_desc",
    "wo plan est": {
      "Node Type": "Limit",
      "Parallel Aware": false,
      "Async Capable": false,
      "Startup Cost": 2096962.79,
      "Total Cost": 2096969.64,
      "Plan Rows": 13,
      "Plan Width": 125,
      "Plans": [
        {
          "Node Type": "Group",
          "Parent Relationship": "Outer",
          "Parallel Aware": false,
          "Async Capable": false,
          "Startup Cost": 2096962.79,
          "Total Cost": 2096969.64,
          "Plan Rows": 13,
          "Plan Width": 125,
          "Group Key": [
            "item.i_item_id",
            "item.i_item_desc",
            "item.i_current_price"
          ],
          "Plans": [
            {
              "Node Type": "Gather Merge",
              "Parent Relationship": "Outer",
              "Parallel Aware": false,
              "Async Capable": false,
              "Startup Cost": 2096962.79,
              "Total Cost": 2096969.45,
              "Plan Rows": 26,
              "Plan Width": 125,
              "Workers Planned": 2,
              "Plans": [
                {
                  "Node Type": "Group",
                  "Parent Relationship": "Outer",
                  "Parallel Aware": false,
                  "Async Capable": false,
                  "Startup Cost": 2095962.76,
                  "Total Cost": 2095966.42,
                  "Plan Rows": 13,
                  "Plan Width": 125,
                  "Group Key": [
                    "item.i_item_id",
                    "item.i_item_desc",
                    "item.i_current_price"
                  ],
                  "Plans": [
                    {
                      "Node Type": "Sort",
                      "Parent Relationship": "Outer",
                      "Parallel Aware": false,
                      "Async Capable": false,
                      "Startup Cost": 2095962.76,
                      "Total Cost": 2095963.68,
                      "Plan Rows": 366,
                      "Plan Width": 125,
                      "Sort Key": [
                        "item.i_item_id",
                        "item.i_item_desc",
                        "item.i_current_price"
                      ],
                      "Plans": [
                        {
                          "Node Type": "Hash Join",
                          "Parent Relationship": "Outer",
                          "Parallel Aware": true,
                          "Async Capable": false,
                          "Join Type": "Inner",
                          "Startup Cost": 1639742.26,
                          "Total Cost": 2095947.18,
                          "Plan Rows": 366,
                          "Plan Width": 125,
                          "Inner Unique": false,
                          "Hash Cond": "(item.i_item_sk = inventory.inv_item_sk)",
                          "Plans": [
                            {
                              "Node Type": "Hash Join",
                              "Parent Relationship": "Outer",
                              "Parallel Aware": true,
                              "Async Capable": false,
                              "Join Type": "Inner",
                              "Startup Cost": 7814.06,
                              "Total Cost": 464007.23,
                              "Plan Rows": 765,
                              "Plan Width": 133,
                              "Inner Unique": false,
                              "Hash Cond": "(catalog_sales.cs_item_sk = item.i_item_sk)",
                              "Plans": [
                                {
                                  "Node Type": "Seq Scan",
                                  "Parent Relationship": "Outer",
                                  "Parallel Aware": true,
                                  "Async Capable": false,
                                  "Relation Name": "catalog_sales",
                                  "Alias": "catalog_sales",
                                  "Startup Cost": 0.0,
                                  "Total Cost": 433688.25,
                                  "Plan Rows": 6000525,
                                  "Plan Width": 4,
                                  "parent": 6,
                                  "ID": 7
                                },
                                {
                                  "Node Type": "Hash",
                                  "Parent Relationship": "Inner",
                                  "Parallel Aware": true,
                                  "Async Capable": false,
                                  "Startup Cost": 7814.0,
                                  "Total Cost": 7814.0,
                                  "Plan Rows": 5,
                                  "Plan Width": 129,
                                  "Plans": [
                                    {
                                      "Node Type": "Seq Scan",
                                      "Parent Relationship": "Outer",
                                      "Parallel Aware": true,
                                      "Async Capable": false,
                                      "Relation Name": "item",
                                      "Alias": "item",
                                      "Startup Cost": 0.0,
                                      "Total Cost": 7814.0,
                                      "Plan Rows": 5,
                                      "Plan Width": 129,
                                      "Filter": "((i_current_price >= '13'::numeric) AND (i_current_price <= '43'::numeric) AND (i_manufact_id = ANY ('{764,821,891,933}'::integer[])))",
                                      "parent": 8,
                                      "ID": 9
                                    }
                                  ],
                                  "parent": 6,
                                  "ID": 8,
                                  "left": 9
                                }
                              ],
                              "parent": 5,
                              "ID": 6,
                              "left": 7,
                              "right": 8
                            },
                            {
                              "Node Type": "Hash",
                              "Parent Relationship": "Inner",
                              "Parallel Aware": true,
                              "Async Capable": false,
                              "Startup Cost": 1631721.43,
                              "Total Cost": 1631721.43,
                              "Plan Rows": 16541,
                              "Plan Width": 4,
                              "Plans": [
                                {
                                  "Node Type": "Hash Join",
                                  "Parent Relationship": "Outer",
                                  "Parallel Aware": true,
                                  "Async Capable": false,
                                  "Join Type": "Inner",
                                  "Startup Cost": 2049.98,
                                  "Total Cost": 1631721.43,
                                  "Plan Rows": 16541,
                                  "Plan Width": 4,
                                  "Inner Unique": false,
                                  "Hash Cond": "(inventory.inv_date_sk = date_dim.d_date_sk)",
                                  "Plans": [
                                    {
                                      "Node Type": "Seq Scan",
                                      "Parent Relationship": "Outer",
                                      "Parallel Aware": true,
                                      "Async Capable": false,
                                      "Relation Name": "inventory",
                                      "Alias": "inventory",
                                      "Startup Cost": 0.0,
                                      "Total Cost": 1551452.05,
                                      "Plan Rows": 20832653,
                                      "Plan Width": 8,
                                      "Filter": "((inv_quantity_on_hand >= 100) AND (inv_quantity_on_hand <= 500))",
                                      "parent": 11,
                                      "ID": 12
                                    },
                                    {
                                      "Node Type": "Hash",
                                      "Parent Relationship": "Inner",
                                      "Parallel Aware": true,
                                      "Async Capable": false,
                                      "Startup Cost": 2049.55,
                                      "Total Cost": 2049.55,
                                      "Plan Rows": 34,
                                      "Plan Width": 4,
                                      "Plans": [
                                        {
                                          "Node Type": "Seq Scan",
                                          "Parent Relationship": "Outer",
                                          "Parallel Aware": true,
                                          "Async Capable": false,
                                          "Relation Name": "date_dim",
                                          "Alias": "date_dim",
                                          "Startup Cost": 0.0,
                                          "Total Cost": 2049.55,
                                          "Plan Rows": 34,
                                          "Plan Width": 4,
                                          "Filter": "((d_date >= '1999-01-25'::date) AND (d_date <= '1999-03-26 00:00:00'::timestamp without time zone))",
                                          "parent": 13,
                                          "ID": 14
                                        }
                                      ],
                                      "parent": 11,
                                      "ID": 13,
                                      "left": 14
                                    }
                                  ],
                                  "parent": 10,
                                  "ID": 11,
                                  "left": 12,
                                  "right": 13
                                }
                              ],
                              "parent": 5,
                              "ID": 10,
                              "left": 11
                            }
                          ],
                          "parent": 4,
                          "ID": 5,
                          "left": 6,
                          "right": 10
                        }
                      ],
                      "parent": 3,
                      "ID": 4,
                      "left": 5
                    }
                  ],
                  "parent": 2,
                  "ID": 3,
                  "left": 4
                }
              ],
              "parent": 1,
              "ID": 2,
              "left": 3
            }
          ],
          "parent": 0,
          "ID": 1,
          "left": 2
        }
      ],
      "parent": null,
      "ID": 0,
      "left": 1
    },
    "feat": {
      "utility": 0.0,
      "query_shape": [
        [
          "Seq Scan",
          "Hash Join",
          "Sort",
          "Group",
          "Gather Merge"
        ],
        [
          "Seq Scan",
          "Hash",
          "Hash Join",
          "Sort",
          "Group",
          "Gather Merge"
        ],
        [
          "Seq Scan",
          "Hash Join",
          "Hash",
          "Sort",
          "Group",
          "Gather Merge"
        ],
        [
          "Seq Scan",
          "Hash",
          "Hash Join",
          "Sort",
          "Group",
          "Gather Merge"
        ]
      ],
      "index_shape": [
        "order-by"
      ],
      "physical_operator": {
        "Sort": [
          "[0. 0. 0. 0. 0. 0. 0. 0. 0. 0. 0. 0. 0. 0. 0. 0. 0. 0. 0. 0. 0. 0. 0. 0.\n 0. 0. 0. 0. 0. 0. 0. 0. 0. 0. 0. 0. 0. 0. 0. 0. 0. 0. 0. 0. 0. 0. 0. 0.\n 0. 0. 0.]"
        ]
      }
    }
  },
  {
    "query": "select  i_item_id\n       ,i_item_desc\n       ,i_current_price\n from item, inventory, date_dim, catalog_sales\n where i_current_price between 13 and 13 + 30\n and inv_item_sk = i_item_sk\n and d_date_sk=inv_date_sk\n and d_date between cast('1999-01-25' as date) and (cast('1999-01-25' as date) +  interval '60 days')\n and i_manufact_id in (764,821,891,933)\n and inv_quantity_on_hand between 100 and 500\n and cs_item_sk = i_item_sk\n group by i_item_id,i_item_desc,i_current_price\n order by i_item_id\n limit 100;\n\n-- end query 24 in stream 3 using template query37.tpl\n",
    "indexes": "catalog_sales.cs_item_sk",
    "wo plan est": {
      "Node Type": "Limit",
      "Parallel Aware": false,
      "Async Capable": false,
      "Startup Cost": 2096962.79,
      "Total Cost": 2096969.64,
      "Plan Rows": 13,
      "Plan Width": 125,
      "Plans": [
        {
          "Node Type": "Group",
          "Parent Relationship": "Outer",
          "Parallel Aware": false,
          "Async Capable": false,
          "Startup Cost": 2096962.79,
          "Total Cost": 2096969.64,
          "Plan Rows": 13,
          "Plan Width": 125,
          "Group Key": [
            "item.i_item_id",
            "item.i_item_desc",
            "item.i_current_price"
          ],
          "Plans": [
            {
              "Node Type": "Gather Merge",
              "Parent Relationship": "Outer",
              "Parallel Aware": false,
              "Async Capable": false,
              "Startup Cost": 2096962.79,
              "Total Cost": 2096969.45,
              "Plan Rows": 26,
              "Plan Width": 125,
              "Workers Planned": 2,
              "Plans": [
                {
                  "Node Type": "Group",
                  "Parent Relationship": "Outer",
                  "Parallel Aware": false,
                  "Async Capable": false,
                  "Startup Cost": 2095962.76,
                  "Total Cost": 2095966.42,
                  "Plan Rows": 13,
                  "Plan Width": 125,
                  "Group Key": [
                    "item.i_item_id",
                    "item.i_item_desc",
                    "item.i_current_price"
                  ],
                  "Plans": [
                    {
                      "Node Type": "Sort",
                      "Parent Relationship": "Outer",
                      "Parallel Aware": false,
                      "Async Capable": false,
                      "Startup Cost": 2095962.76,
                      "Total Cost": 2095963.68,
                      "Plan Rows": 366,
                      "Plan Width": 125,
                      "Sort Key": [
                        "item.i_item_id",
                        "item.i_item_desc",
                        "item.i_current_price"
                      ],
                      "Plans": [
                        {
                          "Node Type": "Hash Join",
                          "Parent Relationship": "Outer",
                          "Parallel Aware": true,
                          "Async Capable": false,
                          "Join Type": "Inner",
                          "Startup Cost": 1639742.26,
                          "Total Cost": 2095947.18,
                          "Plan Rows": 366,
                          "Plan Width": 125,
                          "Inner Unique": false,
                          "Hash Cond": "(item.i_item_sk = inventory.inv_item_sk)",
                          "Plans": [
                            {
                              "Node Type": "Hash Join",
                              "Parent Relationship": "Outer",
                              "Parallel Aware": true,
                              "Async Capable": false,
                              "Join Type": "Inner",
                              "Startup Cost": 7814.06,
                              "Total Cost": 464007.23,
                              "Plan Rows": 765,
                              "Plan Width": 133,
                              "Inner Unique": false,
                              "Hash Cond": "(catalog_sales.cs_item_sk = item.i_item_sk)",
                              "Plans": [
                                {
                                  "Node Type": "Seq Scan",
                                  "Parent Relationship": "Outer",
                                  "Parallel Aware": true,
                                  "Async Capable": false,
                                  "Relation Name": "catalog_sales",
                                  "Alias": "catalog_sales",
                                  "Startup Cost": 0.0,
                                  "Total Cost": 433688.25,
                                  "Plan Rows": 6000525,
                                  "Plan Width": 4,
                                  "parent": 6,
                                  "ID": 7
                                },
                                {
                                  "Node Type": "Hash",
                                  "Parent Relationship": "Inner",
                                  "Parallel Aware": true,
                                  "Async Capable": false,
                                  "Startup Cost": 7814.0,
                                  "Total Cost": 7814.0,
                                  "Plan Rows": 5,
                                  "Plan Width": 129,
                                  "Plans": [
                                    {
                                      "Node Type": "Seq Scan",
                                      "Parent Relationship": "Outer",
                                      "Parallel Aware": true,
                                      "Async Capable": false,
                                      "Relation Name": "item",
                                      "Alias": "item",
                                      "Startup Cost": 0.0,
                                      "Total Cost": 7814.0,
                                      "Plan Rows": 5,
                                      "Plan Width": 129,
                                      "Filter": "((i_current_price >= '13'::numeric) AND (i_current_price <= '43'::numeric) AND (i_manufact_id = ANY ('{764,821,891,933}'::integer[])))",
                                      "parent": 8,
                                      "ID": 9
                                    }
                                  ],
                                  "parent": 6,
                                  "ID": 8,
                                  "left": 9
                                }
                              ],
                              "parent": 5,
                              "ID": 6,
                              "left": 7,
                              "right": 8
                            },
                            {
                              "Node Type": "Hash",
                              "Parent Relationship": "Inner",
                              "Parallel Aware": true,
                              "Async Capable": false,
                              "Startup Cost": 1631721.43,
                              "Total Cost": 1631721.43,
                              "Plan Rows": 16541,
                              "Plan Width": 4,
                              "Plans": [
                                {
                                  "Node Type": "Hash Join",
                                  "Parent Relationship": "Outer",
                                  "Parallel Aware": true,
                                  "Async Capable": false,
                                  "Join Type": "Inner",
                                  "Startup Cost": 2049.98,
                                  "Total Cost": 1631721.43,
                                  "Plan Rows": 16541,
                                  "Plan Width": 4,
                                  "Inner Unique": false,
                                  "Hash Cond": "(inventory.inv_date_sk = date_dim.d_date_sk)",
                                  "Plans": [
                                    {
                                      "Node Type": "Seq Scan",
                                      "Parent Relationship": "Outer",
                                      "Parallel Aware": true,
                                      "Async Capable": false,
                                      "Relation Name": "inventory",
                                      "Alias": "inventory",
                                      "Startup Cost": 0.0,
                                      "Total Cost": 1551452.05,
                                      "Plan Rows": 20832653,
                                      "Plan Width": 8,
                                      "Filter": "((inv_quantity_on_hand >= 100) AND (inv_quantity_on_hand <= 500))",
                                      "parent": 11,
                                      "ID": 12
                                    },
                                    {
                                      "Node Type": "Hash",
                                      "Parent Relationship": "Inner",
                                      "Parallel Aware": true,
                                      "Async Capable": false,
                                      "Startup Cost": 2049.55,
                                      "Total Cost": 2049.55,
                                      "Plan Rows": 34,
                                      "Plan Width": 4,
                                      "Plans": [
                                        {
                                          "Node Type": "Seq Scan",
                                          "Parent Relationship": "Outer",
                                          "Parallel Aware": true,
                                          "Async Capable": false,
                                          "Relation Name": "date_dim",
                                          "Alias": "date_dim",
                                          "Startup Cost": 0.0,
                                          "Total Cost": 2049.55,
                                          "Plan Rows": 34,
                                          "Plan Width": 4,
                                          "Filter": "((d_date >= '1999-01-25'::date) AND (d_date <= '1999-03-26 00:00:00'::timestamp without time zone))",
                                          "parent": 13,
                                          "ID": 14
                                        }
                                      ],
                                      "parent": 11,
                                      "ID": 13,
                                      "left": 14
                                    }
                                  ],
                                  "parent": 10,
                                  "ID": 11,
                                  "left": 12,
                                  "right": 13
                                }
                              ],
                              "parent": 5,
                              "ID": 10,
                              "left": 11
                            }
                          ],
                          "parent": 4,
                          "ID": 5,
                          "left": 6,
                          "right": 10
                        }
                      ],
                      "parent": 3,
                      "ID": 4,
                      "left": 5
                    }
                  ],
                  "parent": 2,
                  "ID": 3,
                  "left": 4
                }
              ],
              "parent": 1,
              "ID": 2,
              "left": 3
            }
          ],
          "parent": 0,
          "ID": 1,
          "left": 2
        }
      ],
      "parent": null,
      "ID": 0,
      "left": 1
    },
    "feat": {
      "utility": 0.0009724512428312196,
      "query_shape": [
        [
          "Seq Scan",
          "Hash Join",
          "Sort",
          "Group",
          "Gather Merge"
        ],
        [
          "Seq Scan",
          "Hash",
          "Hash Join",
          "Sort",
          "Group",
          "Gather Merge"
        ],
        [
          "Seq Scan",
          "Hash Join",
          "Hash",
          "Sort",
          "Group",
          "Gather Merge"
        ],
        [
          "Seq Scan",
          "Hash",
          "Hash Join",
          "Sort",
          "Group",
          "Gather Merge"
        ]
      ],
      "index_shape": [
        "join"
      ],
      "physical_operator": {
        "Hash Join": [
          0.005049531557007768
        ]
      }
    }
  },
  {
    "query": "select  i_item_id\n       ,i_item_desc\n       ,i_current_price\n from item, inventory, date_dim, catalog_sales\n where i_current_price between 13 and 13 + 30\n and inv_item_sk = i_item_sk\n and d_date_sk=inv_date_sk\n and d_date between cast('1999-01-25' as date) and (cast('1999-01-25' as date) +  interval '60 days')\n and i_manufact_id in (764,821,891,933)\n and inv_quantity_on_hand between 100 and 500\n and cs_item_sk = i_item_sk\n group by i_item_id,i_item_desc,i_current_price\n order by i_item_id\n limit 100;\n\n-- end query 24 in stream 3 using template query37.tpl\n",
    "indexes": "inventory.inv_date_sk",
    "wo plan est": {
      "Node Type": "Limit",
      "Parallel Aware": false,
      "Async Capable": false,
      "Startup Cost": 2096962.79,
      "Total Cost": 2096969.64,
      "Plan Rows": 13,
      "Plan Width": 125,
      "Plans": [
        {
          "Node Type": "Group",
          "Parent Relationship": "Outer",
          "Parallel Aware": false,
          "Async Capable": false,
          "Startup Cost": 2096962.79,
          "Total Cost": 2096969.64,
          "Plan Rows": 13,
          "Plan Width": 125,
          "Group Key": [
            "item.i_item_id",
            "item.i_item_desc",
            "item.i_current_price"
          ],
          "Plans": [
            {
              "Node Type": "Gather Merge",
              "Parent Relationship": "Outer",
              "Parallel Aware": false,
              "Async Capable": false,
              "Startup Cost": 2096962.79,
              "Total Cost": 2096969.45,
              "Plan Rows": 26,
              "Plan Width": 125,
              "Workers Planned": 2,
              "Plans": [
                {
                  "Node Type": "Group",
                  "Parent Relationship": "Outer",
                  "Parallel Aware": false,
                  "Async Capable": false,
                  "Startup Cost": 2095962.76,
                  "Total Cost": 2095966.42,
                  "Plan Rows": 13,
                  "Plan Width": 125,
                  "Group Key": [
                    "item.i_item_id",
                    "item.i_item_desc",
                    "item.i_current_price"
                  ],
                  "Plans": [
                    {
                      "Node Type": "Sort",
                      "Parent Relationship": "Outer",
                      "Parallel Aware": false,
                      "Async Capable": false,
                      "Startup Cost": 2095962.76,
                      "Total Cost": 2095963.68,
                      "Plan Rows": 366,
                      "Plan Width": 125,
                      "Sort Key": [
                        "item.i_item_id",
                        "item.i_item_desc",
                        "item.i_current_price"
                      ],
                      "Plans": [
                        {
                          "Node Type": "Hash Join",
                          "Parent Relationship": "Outer",
                          "Parallel Aware": true,
                          "Async Capable": false,
                          "Join Type": "Inner",
                          "Startup Cost": 1639742.26,
                          "Total Cost": 2095947.18,
                          "Plan Rows": 366,
                          "Plan Width": 125,
                          "Inner Unique": false,
                          "Hash Cond": "(item.i_item_sk = inventory.inv_item_sk)",
                          "Plans": [
                            {
                              "Node Type": "Hash Join",
                              "Parent Relationship": "Outer",
                              "Parallel Aware": true,
                              "Async Capable": false,
                              "Join Type": "Inner",
                              "Startup Cost": 7814.06,
                              "Total Cost": 464007.23,
                              "Plan Rows": 765,
                              "Plan Width": 133,
                              "Inner Unique": false,
                              "Hash Cond": "(catalog_sales.cs_item_sk = item.i_item_sk)",
                              "Plans": [
                                {
                                  "Node Type": "Seq Scan",
                                  "Parent Relationship": "Outer",
                                  "Parallel Aware": true,
                                  "Async Capable": false,
                                  "Relation Name": "catalog_sales",
                                  "Alias": "catalog_sales",
                                  "Startup Cost": 0.0,
                                  "Total Cost": 433688.25,
                                  "Plan Rows": 6000525,
                                  "Plan Width": 4,
                                  "parent": 6,
                                  "ID": 7
                                },
                                {
                                  "Node Type": "Hash",
                                  "Parent Relationship": "Inner",
                                  "Parallel Aware": true,
                                  "Async Capable": false,
                                  "Startup Cost": 7814.0,
                                  "Total Cost": 7814.0,
                                  "Plan Rows": 5,
                                  "Plan Width": 129,
                                  "Plans": [
                                    {
                                      "Node Type": "Seq Scan",
                                      "Parent Relationship": "Outer",
                                      "Parallel Aware": true,
                                      "Async Capable": false,
                                      "Relation Name": "item",
                                      "Alias": "item",
                                      "Startup Cost": 0.0,
                                      "Total Cost": 7814.0,
                                      "Plan Rows": 5,
                                      "Plan Width": 129,
                                      "Filter": "((i_current_price >= '13'::numeric) AND (i_current_price <= '43'::numeric) AND (i_manufact_id = ANY ('{764,821,891,933}'::integer[])))",
                                      "parent": 8,
                                      "ID": 9
                                    }
                                  ],
                                  "parent": 6,
                                  "ID": 8,
                                  "left": 9
                                }
                              ],
                              "parent": 5,
                              "ID": 6,
                              "left": 7,
                              "right": 8
                            },
                            {
                              "Node Type": "Hash",
                              "Parent Relationship": "Inner",
                              "Parallel Aware": true,
                              "Async Capable": false,
                              "Startup Cost": 1631721.43,
                              "Total Cost": 1631721.43,
                              "Plan Rows": 16541,
                              "Plan Width": 4,
                              "Plans": [
                                {
                                  "Node Type": "Hash Join",
                                  "Parent Relationship": "Outer",
                                  "Parallel Aware": true,
                                  "Async Capable": false,
                                  "Join Type": "Inner",
                                  "Startup Cost": 2049.98,
                                  "Total Cost": 1631721.43,
                                  "Plan Rows": 16541,
                                  "Plan Width": 4,
                                  "Inner Unique": false,
                                  "Hash Cond": "(inventory.inv_date_sk = date_dim.d_date_sk)",
                                  "Plans": [
                                    {
                                      "Node Type": "Seq Scan",
                                      "Parent Relationship": "Outer",
                                      "Parallel Aware": true,
                                      "Async Capable": false,
                                      "Relation Name": "inventory",
                                      "Alias": "inventory",
                                      "Startup Cost": 0.0,
                                      "Total Cost": 1551452.05,
                                      "Plan Rows": 20832653,
                                      "Plan Width": 8,
                                      "Filter": "((inv_quantity_on_hand >= 100) AND (inv_quantity_on_hand <= 500))",
                                      "parent": 11,
                                      "ID": 12
                                    },
                                    {
                                      "Node Type": "Hash",
                                      "Parent Relationship": "Inner",
                                      "Parallel Aware": true,
                                      "Async Capable": false,
                                      "Startup Cost": 2049.55,
                                      "Total Cost": 2049.55,
                                      "Plan Rows": 34,
                                      "Plan Width": 4,
                                      "Plans": [
                                        {
                                          "Node Type": "Seq Scan",
                                          "Parent Relationship": "Outer",
                                          "Parallel Aware": true,
                                          "Async Capable": false,
                                          "Relation Name": "date_dim",
                                          "Alias": "date_dim",
                                          "Startup Cost": 0.0,
                                          "Total Cost": 2049.55,
                                          "Plan Rows": 34,
                                          "Plan Width": 4,
                                          "Filter": "((d_date >= '1999-01-25'::date) AND (d_date <= '1999-03-26 00:00:00'::timestamp without time zone))",
                                          "parent": 13,
                                          "ID": 14
                                        }
                                      ],
                                      "parent": 11,
                                      "ID": 13,
                                      "left": 14
                                    }
                                  ],
                                  "parent": 10,
                                  "ID": 11,
                                  "left": 12,
                                  "right": 13
                                }
                              ],
                              "parent": 5,
                              "ID": 10,
                              "left": 11
                            }
                          ],
                          "parent": 4,
                          "ID": 5,
                          "left": 6,
                          "right": 10
                        }
                      ],
                      "parent": 3,
                      "ID": 4,
                      "left": 5
                    }
                  ],
                  "parent": 2,
                  "ID": 3,
                  "left": 4
                }
              ],
              "parent": 1,
              "ID": 2,
              "left": 3
            }
          ],
          "parent": 0,
          "ID": 1,
          "left": 2
        }
      ],
      "parent": null,
      "ID": 0,
      "left": 1
    },
    "feat": {
      "utility": 0.0009726633962591165,
      "query_shape": [
        [
          "Seq Scan",
          "Hash Join",
          "Sort",
          "Group",
          "Gather Merge"
        ],
        [
          "Seq Scan",
          "Hash",
          "Hash Join",
          "Sort",
          "Group",
          "Gather Merge"
        ],
        [
          "Seq Scan",
          "Hash Join",
          "Hash",
          "Sort",
          "Group",
          "Gather Merge"
        ],
        [
          "Seq Scan",
          "Hash",
          "Hash Join",
          "Sort",
          "Group",
          "Gather Merge"
        ]
      ],
      "index_shape": [
        "join"
      ],
      "physical_operator": {
        "Hash Join": [
          0.004832469617888531
        ]
      }
    }
  },
  {
    "query": "select  i_item_id\n       ,i_item_desc\n       ,i_current_price\n from item, inventory, date_dim, catalog_sales\n where i_current_price between 13 and 13 + 30\n and inv_item_sk = i_item_sk\n and d_date_sk=inv_date_sk\n and d_date between cast('1999-01-25' as date) and (cast('1999-01-25' as date) +  interval '60 days')\n and i_manufact_id in (764,821,891,933)\n and inv_quantity_on_hand between 100 and 500\n and cs_item_sk = i_item_sk\n group by i_item_id,i_item_desc,i_current_price\n order by i_item_id\n limit 100;\n\n-- end query 24 in stream 3 using template query37.tpl\n",
    "indexes": "inventory.inv_item_sk",
    "wo plan est": {
      "Node Type": "Limit",
      "Parallel Aware": false,
      "Async Capable": false,
      "Startup Cost": 2096962.79,
      "Total Cost": 2096969.64,
      "Plan Rows": 13,
      "Plan Width": 125,
      "Plans": [
        {
          "Node Type": "Group",
          "Parent Relationship": "Outer",
          "Parallel Aware": false,
          "Async Capable": false,
          "Startup Cost": 2096962.79,
          "Total Cost": 2096969.64,
          "Plan Rows": 13,
          "Plan Width": 125,
          "Group Key": [
            "item.i_item_id",
            "item.i_item_desc",
            "item.i_current_price"
          ],
          "Plans": [
            {
              "Node Type": "Gather Merge",
              "Parent Relationship": "Outer",
              "Parallel Aware": false,
              "Async Capable": false,
              "Startup Cost": 2096962.79,
              "Total Cost": 2096969.45,
              "Plan Rows": 26,
              "Plan Width": 125,
              "Workers Planned": 2,
              "Plans": [
                {
                  "Node Type": "Group",
                  "Parent Relationship": "Outer",
                  "Parallel Aware": false,
                  "Async Capable": false,
                  "Startup Cost": 2095962.76,
                  "Total Cost": 2095966.42,
                  "Plan Rows": 13,
                  "Plan Width": 125,
                  "Group Key": [
                    "item.i_item_id",
                    "item.i_item_desc",
                    "item.i_current_price"
                  ],
                  "Plans": [
                    {
                      "Node Type": "Sort",
                      "Parent Relationship": "Outer",
                      "Parallel Aware": false,
                      "Async Capable": false,
                      "Startup Cost": 2095962.76,
                      "Total Cost": 2095963.68,
                      "Plan Rows": 366,
                      "Plan Width": 125,
                      "Sort Key": [
                        "item.i_item_id",
                        "item.i_item_desc",
                        "item.i_current_price"
                      ],
                      "Plans": [
                        {
                          "Node Type": "Hash Join",
                          "Parent Relationship": "Outer",
                          "Parallel Aware": true,
                          "Async Capable": false,
                          "Join Type": "Inner",
                          "Startup Cost": 1639742.26,
                          "Total Cost": 2095947.18,
                          "Plan Rows": 366,
                          "Plan Width": 125,
                          "Inner Unique": false,
                          "Hash Cond": "(item.i_item_sk = inventory.inv_item_sk)",
                          "Plans": [
                            {
                              "Node Type": "Hash Join",
                              "Parent Relationship": "Outer",
                              "Parallel Aware": true,
                              "Async Capable": false,
                              "Join Type": "Inner",
                              "Startup Cost": 7814.06,
                              "Total Cost": 464007.23,
                              "Plan Rows": 765,
                              "Plan Width": 133,
                              "Inner Unique": false,
                              "Hash Cond": "(catalog_sales.cs_item_sk = item.i_item_sk)",
                              "Plans": [
                                {
                                  "Node Type": "Seq Scan",
                                  "Parent Relationship": "Outer",
                                  "Parallel Aware": true,
                                  "Async Capable": false,
                                  "Relation Name": "catalog_sales",
                                  "Alias": "catalog_sales",
                                  "Startup Cost": 0.0,
                                  "Total Cost": 433688.25,
                                  "Plan Rows": 6000525,
                                  "Plan Width": 4,
                                  "parent": 6,
                                  "ID": 7
                                },
                                {
                                  "Node Type": "Hash",
                                  "Parent Relationship": "Inner",
                                  "Parallel Aware": true,
                                  "Async Capable": false,
                                  "Startup Cost": 7814.0,
                                  "Total Cost": 7814.0,
                                  "Plan Rows": 5,
                                  "Plan Width": 129,
                                  "Plans": [
                                    {
                                      "Node Type": "Seq Scan",
                                      "Parent Relationship": "Outer",
                                      "Parallel Aware": true,
                                      "Async Capable": false,
                                      "Relation Name": "item",
                                      "Alias": "item",
                                      "Startup Cost": 0.0,
                                      "Total Cost": 7814.0,
                                      "Plan Rows": 5,
                                      "Plan Width": 129,
                                      "Filter": "((i_current_price >= '13'::numeric) AND (i_current_price <= '43'::numeric) AND (i_manufact_id = ANY ('{764,821,891,933}'::integer[])))",
                                      "parent": 8,
                                      "ID": 9
                                    }
                                  ],
                                  "parent": 6,
                                  "ID": 8,
                                  "left": 9
                                }
                              ],
                              "parent": 5,
                              "ID": 6,
                              "left": 7,
                              "right": 8
                            },
                            {
                              "Node Type": "Hash",
                              "Parent Relationship": "Inner",
                              "Parallel Aware": true,
                              "Async Capable": false,
                              "Startup Cost": 1631721.43,
                              "Total Cost": 1631721.43,
                              "Plan Rows": 16541,
                              "Plan Width": 4,
                              "Plans": [
                                {
                                  "Node Type": "Hash Join",
                                  "Parent Relationship": "Outer",
                                  "Parallel Aware": true,
                                  "Async Capable": false,
                                  "Join Type": "Inner",
                                  "Startup Cost": 2049.98,
                                  "Total Cost": 1631721.43,
                                  "Plan Rows": 16541,
                                  "Plan Width": 4,
                                  "Inner Unique": false,
                                  "Hash Cond": "(inventory.inv_date_sk = date_dim.d_date_sk)",
                                  "Plans": [
                                    {
                                      "Node Type": "Seq Scan",
                                      "Parent Relationship": "Outer",
                                      "Parallel Aware": true,
                                      "Async Capable": false,
                                      "Relation Name": "inventory",
                                      "Alias": "inventory",
                                      "Startup Cost": 0.0,
                                      "Total Cost": 1551452.05,
                                      "Plan Rows": 20832653,
                                      "Plan Width": 8,
                                      "Filter": "((inv_quantity_on_hand >= 100) AND (inv_quantity_on_hand <= 500))",
                                      "parent": 11,
                                      "ID": 12
                                    },
                                    {
                                      "Node Type": "Hash",
                                      "Parent Relationship": "Inner",
                                      "Parallel Aware": true,
                                      "Async Capable": false,
                                      "Startup Cost": 2049.55,
                                      "Total Cost": 2049.55,
                                      "Plan Rows": 34,
                                      "Plan Width": 4,
                                      "Plans": [
                                        {
                                          "Node Type": "Seq Scan",
                                          "Parent Relationship": "Outer",
                                          "Parallel Aware": true,
                                          "Async Capable": false,
                                          "Relation Name": "date_dim",
                                          "Alias": "date_dim",
                                          "Startup Cost": 0.0,
                                          "Total Cost": 2049.55,
                                          "Plan Rows": 34,
                                          "Plan Width": 4,
                                          "Filter": "((d_date >= '1999-01-25'::date) AND (d_date <= '1999-03-26 00:00:00'::timestamp without time zone))",
                                          "parent": 13,
                                          "ID": 14
                                        }
                                      ],
                                      "parent": 11,
                                      "ID": 13,
                                      "left": 14
                                    }
                                  ],
                                  "parent": 10,
                                  "ID": 11,
                                  "left": 12,
                                  "right": 13
                                }
                              ],
                              "parent": 5,
                              "ID": 10,
                              "left": 11
                            }
                          ],
                          "parent": 4,
                          "ID": 5,
                          "left": 6,
                          "right": 10
                        }
                      ],
                      "parent": 3,
                      "ID": 4,
                      "left": 5
                    }
                  ],
                  "parent": 2,
                  "ID": 3,
                  "left": 4
                }
              ],
              "parent": 1,
              "ID": 2,
              "left": 3
            }
          ],
          "parent": 0,
          "ID": 1,
          "left": 2
        }
      ],
      "parent": null,
      "ID": 0,
      "left": 1
    },
    "feat": {
      "utility": 0.0009721301035815512,
      "query_shape": [
        [
          "Seq Scan",
          "Hash Join",
          "Sort",
          "Group",
          "Gather Merge"
        ],
        [
          "Seq Scan",
          "Hash",
          "Hash Join",
          "Sort",
          "Group",
          "Gather Merge"
        ],
        [
          "Seq Scan",
          "Hash Join",
          "Hash",
          "Sort",
          "Group",
          "Gather Merge"
        ],
        [
          "Seq Scan",
          "Hash",
          "Hash Join",
          "Sort",
          "Group",
          "Gather Merge"
        ]
      ],
      "index_shape": [
        "join"
      ],
      "physical_operator": {
        "Hash Join": [
          0.005378100880404056
        ]
      }
    }
  },
  {
    "query": "select  i_item_id\n       ,i_item_desc\n       ,i_current_price\n from item, inventory, date_dim, catalog_sales\n where i_current_price between 13 and 13 + 30\n and inv_item_sk = i_item_sk\n and d_date_sk=inv_date_sk\n and d_date between cast('1999-01-25' as date) and (cast('1999-01-25' as date) +  interval '60 days')\n and i_manufact_id in (764,821,891,933)\n and inv_quantity_on_hand between 100 and 500\n and cs_item_sk = i_item_sk\n group by i_item_id,i_item_desc,i_current_price\n order by i_item_id\n limit 100;\n\n-- end query 24 in stream 3 using template query37.tpl\n",
    "indexes": "inventory.inv_quantity_on_hand",
    "wo plan est": {
      "Node Type": "Limit",
      "Parallel Aware": false,
      "Async Capable": false,
      "Startup Cost": 2096962.79,
      "Total Cost": 2096969.64,
      "Plan Rows": 13,
      "Plan Width": 125,
      "Plans": [
        {
          "Node Type": "Group",
          "Parent Relationship": "Outer",
          "Parallel Aware": false,
          "Async Capable": false,
          "Startup Cost": 2096962.79,
          "Total Cost": 2096969.64,
          "Plan Rows": 13,
          "Plan Width": 125,
          "Group Key": [
            "item.i_item_id",
            "item.i_item_desc",
            "item.i_current_price"
          ],
          "Plans": [
            {
              "Node Type": "Gather Merge",
              "Parent Relationship": "Outer",
              "Parallel Aware": false,
              "Async Capable": false,
              "Startup Cost": 2096962.79,
              "Total Cost": 2096969.45,
              "Plan Rows": 26,
              "Plan Width": 125,
              "Workers Planned": 2,
              "Plans": [
                {
                  "Node Type": "Group",
                  "Parent Relationship": "Outer",
                  "Parallel Aware": false,
                  "Async Capable": false,
                  "Startup Cost": 2095962.76,
                  "Total Cost": 2095966.42,
                  "Plan Rows": 13,
                  "Plan Width": 125,
                  "Group Key": [
                    "item.i_item_id",
                    "item.i_item_desc",
                    "item.i_current_price"
                  ],
                  "Plans": [
                    {
                      "Node Type": "Sort",
                      "Parent Relationship": "Outer",
                      "Parallel Aware": false,
                      "Async Capable": false,
                      "Startup Cost": 2095962.76,
                      "Total Cost": 2095963.68,
                      "Plan Rows": 366,
                      "Plan Width": 125,
                      "Sort Key": [
                        "item.i_item_id",
                        "item.i_item_desc",
                        "item.i_current_price"
                      ],
                      "Plans": [
                        {
                          "Node Type": "Hash Join",
                          "Parent Relationship": "Outer",
                          "Parallel Aware": true,
                          "Async Capable": false,
                          "Join Type": "Inner",
                          "Startup Cost": 1639742.26,
                          "Total Cost": 2095947.18,
                          "Plan Rows": 366,
                          "Plan Width": 125,
                          "Inner Unique": false,
                          "Hash Cond": "(item.i_item_sk = inventory.inv_item_sk)",
                          "Plans": [
                            {
                              "Node Type": "Hash Join",
                              "Parent Relationship": "Outer",
                              "Parallel Aware": true,
                              "Async Capable": false,
                              "Join Type": "Inner",
                              "Startup Cost": 7814.06,
                              "Total Cost": 464007.23,
                              "Plan Rows": 765,
                              "Plan Width": 133,
                              "Inner Unique": false,
                              "Hash Cond": "(catalog_sales.cs_item_sk = item.i_item_sk)",
                              "Plans": [
                                {
                                  "Node Type": "Seq Scan",
                                  "Parent Relationship": "Outer",
                                  "Parallel Aware": true,
                                  "Async Capable": false,
                                  "Relation Name": "catalog_sales",
                                  "Alias": "catalog_sales",
                                  "Startup Cost": 0.0,
                                  "Total Cost": 433688.25,
                                  "Plan Rows": 6000525,
                                  "Plan Width": 4,
                                  "parent": 6,
                                  "ID": 7
                                },
                                {
                                  "Node Type": "Hash",
                                  "Parent Relationship": "Inner",
                                  "Parallel Aware": true,
                                  "Async Capable": false,
                                  "Startup Cost": 7814.0,
                                  "Total Cost": 7814.0,
                                  "Plan Rows": 5,
                                  "Plan Width": 129,
                                  "Plans": [
                                    {
                                      "Node Type": "Seq Scan",
                                      "Parent Relationship": "Outer",
                                      "Parallel Aware": true,
                                      "Async Capable": false,
                                      "Relation Name": "item",
                                      "Alias": "item",
                                      "Startup Cost": 0.0,
                                      "Total Cost": 7814.0,
                                      "Plan Rows": 5,
                                      "Plan Width": 129,
                                      "Filter": "((i_current_price >= '13'::numeric) AND (i_current_price <= '43'::numeric) AND (i_manufact_id = ANY ('{764,821,891,933}'::integer[])))",
                                      "parent": 8,
                                      "ID": 9
                                    }
                                  ],
                                  "parent": 6,
                                  "ID": 8,
                                  "left": 9
                                }
                              ],
                              "parent": 5,
                              "ID": 6,
                              "left": 7,
                              "right": 8
                            },
                            {
                              "Node Type": "Hash",
                              "Parent Relationship": "Inner",
                              "Parallel Aware": true,
                              "Async Capable": false,
                              "Startup Cost": 1631721.43,
                              "Total Cost": 1631721.43,
                              "Plan Rows": 16541,
                              "Plan Width": 4,
                              "Plans": [
                                {
                                  "Node Type": "Hash Join",
                                  "Parent Relationship": "Outer",
                                  "Parallel Aware": true,
                                  "Async Capable": false,
                                  "Join Type": "Inner",
                                  "Startup Cost": 2049.98,
                                  "Total Cost": 1631721.43,
                                  "Plan Rows": 16541,
                                  "Plan Width": 4,
                                  "Inner Unique": false,
                                  "Hash Cond": "(inventory.inv_date_sk = date_dim.d_date_sk)",
                                  "Plans": [
                                    {
                                      "Node Type": "Seq Scan",
                                      "Parent Relationship": "Outer",
                                      "Parallel Aware": true,
                                      "Async Capable": false,
                                      "Relation Name": "inventory",
                                      "Alias": "inventory",
                                      "Startup Cost": 0.0,
                                      "Total Cost": 1551452.05,
                                      "Plan Rows": 20832653,
                                      "Plan Width": 8,
                                      "Filter": "((inv_quantity_on_hand >= 100) AND (inv_quantity_on_hand <= 500))",
                                      "parent": 11,
                                      "ID": 12
                                    },
                                    {
                                      "Node Type": "Hash",
                                      "Parent Relationship": "Inner",
                                      "Parallel Aware": true,
                                      "Async Capable": false,
                                      "Startup Cost": 2049.55,
                                      "Total Cost": 2049.55,
                                      "Plan Rows": 34,
                                      "Plan Width": 4,
                                      "Plans": [
                                        {
                                          "Node Type": "Seq Scan",
                                          "Parent Relationship": "Outer",
                                          "Parallel Aware": true,
                                          "Async Capable": false,
                                          "Relation Name": "date_dim",
                                          "Alias": "date_dim",
                                          "Startup Cost": 0.0,
                                          "Total Cost": 2049.55,
                                          "Plan Rows": 34,
                                          "Plan Width": 4,
                                          "Filter": "((d_date >= '1999-01-25'::date) AND (d_date <= '1999-03-26 00:00:00'::timestamp without time zone))",
                                          "parent": 13,
                                          "ID": 14
                                        }
                                      ],
                                      "parent": 11,
                                      "ID": 13,
                                      "left": 14
                                    }
                                  ],
                                  "parent": 10,
                                  "ID": 11,
                                  "left": 12,
                                  "right": 13
                                }
                              ],
                              "parent": 5,
                              "ID": 10,
                              "left": 11
                            }
                          ],
                          "parent": 4,
                          "ID": 5,
                          "left": 6,
                          "right": 10
                        }
                      ],
                      "parent": 3,
                      "ID": 4,
                      "left": 5
                    }
                  ],
                  "parent": 2,
                  "ID": 3,
                  "left": 4
                }
              ],
              "parent": 1,
              "ID": 2,
              "left": 3
            }
          ],
          "parent": 0,
          "ID": 1,
          "left": 2
        }
      ],
      "parent": null,
      "ID": 0,
      "left": 1
    },
    "feat": {
      "utility": 0.6240619064935179,
      "query_shape": [
        [
          "Seq Scan",
          "Hash Join",
          "Sort",
          "Group",
          "Gather Merge"
        ],
        [
          "Seq Scan",
          "Hash",
          "Hash Join",
          "Sort",
          "Group",
          "Gather Merge"
        ],
        [
          "Seq Scan",
          "Hash Join",
          "Hash",
          "Sort",
          "Group",
          "Gather Merge"
        ],
        [
          "Seq Scan",
          "Hash",
          "Hash Join",
          "Sort",
          "Group",
          "Gather Merge"
        ]
      ],
      "index_shape": [
        "selection"
      ],
      "physical_operator": {
        "Seq Scan": [
          0.15650704680339567
        ]
      }
    }
  },
  {
    "query": "select  \n  cd_gender,\n  cd_marital_status,\n  cd_education_status,\n  count(*) cnt1,\n  cd_purchase_estimate,\n  count(*) cnt2,\n  cd_credit_rating,\n  count(*) cnt3\n from\n  customer c,customer_address ca,customer_demographics\n where\n  c.c_current_addr_sk = ca.ca_address_sk and\n  ca_state in ('WA','WI','TX') and\n  cd_demo_sk = c.c_current_cdemo_sk and \n  exists (select *\n          from store_sales,date_dim\n          where c.c_customer_sk = ss_customer_sk and\n                ss_sold_date_sk = d_date_sk and\n                d_year = 2002 and\n                d_moy between 4 and 4+2) and\n   (not exists (select *\n            from web_sales,date_dim\n            where c.c_customer_sk = ws_bill_customer_sk and\n                  ws_sold_date_sk = d_date_sk and\n                  d_year = 2002 and\n                  d_moy between 4 and 4+2) and\n    not exists (select * \n            from catalog_sales,date_dim\n            where c.c_customer_sk = cs_ship_customer_sk and\n                  cs_sold_date_sk = d_date_sk and\n                  d_year = 2002 and\n                  d_moy between 4 and 4+2))\n group by cd_gender,\n          cd_marital_status,\n          cd_education_status,\n          cd_purchase_estimate,\n          cd_credit_rating\n order by cd_gender,\n          cd_marital_status,\n          cd_education_status,\n          cd_purchase_estimate,\n          cd_credit_rating\n limit 100;\n\n-- end query 51 in stream 2 using template query69.tpl\n",
    "indexes": "customer.c_customer_sk",
    "wo plan est": {
      "Node Type": "Limit",
      "Parallel Aware": false,
      "Async Capable": false,
      "Startup Cost": 747810.0,
      "Total Cost": 813030.24,
      "Plan Rows": 100,
      "Plan Width": 64,
      "Plans": [
        {
          "Node Type": "Aggregate",
          "Strategy": "Sorted",
          "Partial Mode": "Simple",
          "Parent Relationship": "Outer",
          "Parallel Aware": false,
          "Async Capable": false,
          "Startup Cost": 747810.0,
          "Total Cost": 2995951.65,
          "Plan Rows": 3447,
          "Plan Width": 64,
          "Group Key": [
            "customer_demographics.cd_gender",
            "customer_demographics.cd_marital_status",
            "customer_demographics.cd_education_status",
            "customer_demographics.cd_purchase_estimate",
            "customer_demographics.cd_credit_rating"
          ],
          "Plans": [
            {
              "Node Type": "Nested Loop",
              "Parent Relationship": "Outer",
              "Parallel Aware": false,
              "Async Capable": false,
              "Join Type": "Anti",
              "Startup Cost": 747810.0,
              "Total Cost": 2995865.48,
              "Plan Rows": 3447,
              "Plan Width": 40,
              "Inner Unique": false,
              "Join Filter": "(c.c_customer_sk = catalog_sales.cs_ship_customer_sk)",
              "Plans": [
                {
                  "Node Type": "Nested Loop",
                  "Parent Relationship": "Outer",
                  "Parallel Aware": false,
                  "Async Capable": false,
                  "Join Type": "Anti",
                  "Startup Cost": 745125.5,
                  "Total Cost": 1464908.87,
                  "Plan Rows": 3574,
                  "Plan Width": 44,
                  "Inner Unique": false,
                  "Join Filter": "(c.c_customer_sk = web_sales.ws_bill_customer_sk)",
                  "Plans": [
                    {
                      "Node Type": "Gather Merge",
                      "Parent Relationship": "Outer",
                      "Parallel Aware": false,
                      "Async Capable": false,
                      "Startup Cost": 741967.85,
                      "Total Cost": 742391.79,
                      "Plan Rows": 3640,
                      "Plan Width": 44,
                      "Workers Planned": 2,
                      "Plans": [
                        {
                          "Node Type": "Sort",
                          "Parent Relationship": "Outer",
                          "Parallel Aware": false,
                          "Async Capable": false,
                          "Startup Cost": 740967.83,
                          "Total Cost": 740971.62,
                          "Plan Rows": 1517,
                          "Plan Width": 44,
                          "Sort Key": [
                            "customer_demographics.cd_gender",
                            "customer_demographics.cd_marital_status",
                            "customer_demographics.cd_education_status",
                            "customer_demographics.cd_purchase_estimate",
                            "customer_demographics.cd_credit_rating"
                          ],
                          "Plans": [
                            {
                              "Node Type": "Hash Join",
                              "Parent Relationship": "Outer",
                              "Parallel Aware": true,
                              "Async Capable": false,
                              "Join Type": "Inner",
                              "Startup Cost": 708048.78,
                              "Total Cost": 740887.68,
                              "Plan Rows": 1517,
                              "Plan Width": 44,
                              "Inner Unique": false,
                              "Hash Cond": "(customer_demographics.cd_demo_sk = c.c_current_cdemo_sk)",
                              "Plans": [
                                {
                                  "Node Type": "Seq Scan",
                                  "Parent Relationship": "Outer",
                                  "Parallel Aware": true,
                                  "Async Capable": false,
                                  "Relation Name": "customer_demographics",
                                  "Alias": "customer_demographics",
                                  "Startup Cost": 0.0,
                                  "Total Cost": 29831.33,
                                  "Plan Rows": 800333,
                                  "Plan Width": 44,
                                  "parent": 6,
                                  "ID": 7
                                },
                                {
                                  "Node Type": "Hash",
                                  "Parent Relationship": "Inner",
                                  "Parallel Aware": true,
                                  "Async Capable": false,
                                  "Startup Cost": 708029.15,
                                  "Total Cost": 708029.15,
                                  "Plan Rows": 1570,
                                  "Plan Width": 8,
                                  "Plans": [
                                    {
                                      "Node Type": "Hash Join",
                                      "Parent Relationship": "Outer",
                                      "Parallel Aware": true,
                                      "Async Capable": false,
                                      "Join Type": "Inner",
                                      "Startup Cost": 691354.87,
                                      "Total Cost": 708029.15,
                                      "Plan Rows": 1570,
                                      "Plan Width": 8,
                                      "Inner Unique": false,
                                      "Hash Cond": "(c.c_current_addr_sk = ca.ca_address_sk)",
                                      "Plans": [
                                        {
                                          "Node Type": "Hash Join",
                                          "Parent Relationship": "Outer",
                                          "Parallel Aware": true,
                                          "Async Capable": false,
                                          "Join Type": "Semi",
                                          "Startup Cost": 684337.4,
                                          "Total Cost": 700954.09,
                                          "Plan Rows": 13615,
                                          "Plan Width": 12,
                                          "Inner Unique": false,
                                          "Hash Cond": "(c.c_customer_sk = store_sales.ss_customer_sk)",
                                          "Plans": [
                                            {
                                              "Node Type": "Seq Scan",
                                              "Parent Relationship": "Outer",
                                              "Parallel Aware": true,
                                              "Async Capable": false,
                                              "Relation Name": "customer",
                                              "Alias": "c",
                                              "Startup Cost": 0.0,
                                              "Total Cost": 15918.33,
                                              "Plan Rows": 208333,
                                              "Plan Width": 12,
                                              "parent": 10,
                                              "ID": 11
                                            },
                                            {
                                              "Node Type": "Hash",
                                              "Parent Relationship": "Inner",
                                              "Parallel Aware": true,
                                              "Async Capable": false,
                                              "Startup Cost": 684159.07,
                                              "Total Cost": 684159.07,
                                              "Plan Rows": 14267,
                                              "Plan Width": 4,
                                              "Plans": [
                                                {
                                                  "Node Type": "Hash Join",
                                                  "Parent Relationship": "Outer",
                                                  "Parallel Aware": true,
                                                  "Async Capable": false,
                                                  "Join Type": "Inner",
                                                  "Startup Cost": 2157.65,
                                                  "Total Cost": 684159.07,
                                                  "Plan Rows": 14267,
                                                  "Plan Width": 4,
                                                  "Inner Unique": false,
                                                  "Hash Cond": "(store_sales.ss_sold_date_sk = date_dim.d_date_sk)",
                                                  "Plans": [
                                                    {
                                                      "Node Type": "Seq Scan",
                                                      "Parent Relationship": "Outer",
                                                      "Parallel Aware": true,
                                                      "Async Capable": false,
                                                      "Relation Name": "store_sales",
                                                      "Alias": "store_sales",
                                                      "Startup Cost": 0.0,
                                                      "Total Cost": 636914.37,
                                                      "Plan Rows": 12000637,
                                                      "Plan Width": 8,
                                                      "parent": 13,
                                                      "ID": 14
                                                    },
                                                    {
                                                      "Node Type": "Hash",
                                                      "Parent Relationship": "Inner",
                                                      "Parallel Aware": true,
                                                      "Async Capable": false,
                                                      "Startup Cost": 2156.97,
                                                      "Total Cost": 2156.97,
                                                      "Plan Rows": 54,
                                                      "Plan Width": 4,
                                                      "Plans": [
                                                        {
                                                          "Node Type": "Seq Scan",
                                                          "Parent Relationship": "Outer",
                                                          "Parallel Aware": true,
                                                          "Async Capable": false,
                                                          "Relation Name": "date_dim",
                                                          "Alias": "date_dim",
                                                          "Startup Cost": 0.0,
                                                          "Total Cost": 2156.97,
                                                          "Plan Rows": 54,
                                                          "Plan Width": 4,
                                                          "Filter": "((d_moy >= 4) AND (d_moy <= 6) AND (d_year = 2002))",
                                                          "parent": 15,
                                                          "ID": 16
                                                        }
                                                      ],
                                                      "parent": 13,
                                                      "ID": 15,
                                                      "left": 16
                                                    }
                                                  ],
                                                  "parent": 12,
                                                  "ID": 13,
                                                  "left": 14,
                                                  "right": 15
                                                }
                                              ],
                                              "parent": 10,
                                              "ID": 12,
                                              "left": 13
                                            }
                                          ],
                                          "parent": 9,
                                          "ID": 10,
                                          "left": 11,
                                          "right": 12
                                        },
                                        {
                                          "Node Type": "Hash",
                                          "Parent Relationship": "Inner",
                                          "Parallel Aware": true,
                                          "Async Capable": false,
                                          "Startup Cost": 6867.29,
                                          "Total Cost": 6867.29,
                                          "Plan Rows": 12014,
                                          "Plan Width": 4,
                                          "Plans": [
                                            {
                                              "Node Type": "Seq Scan",
                                              "Parent Relationship": "Outer",
                                              "Parallel Aware": true,
                                              "Async Capable": false,
                                              "Relation Name": "customer_address",
                                              "Alias": "ca",
                                              "Startup Cost": 0.0,
                                              "Total Cost": 6867.29,
                                              "Plan Rows": 12014,
                                              "Plan Width": 4,
                                              "Filter": "(ca_state = ANY ('{WA,WI,TX}'::bpchar[]))",
                                              "parent": 17,
                                              "ID": 18
                                            }
                                          ],
                                          "parent": 9,
                                          "ID": 17,
                                          "left": 18
                                        }
                                      ],
                                      "parent": 8,
                                      "ID": 9,
                                      "left": 10,
                                      "right": 17
                                    }
                                  ],
                                  "parent": 6,
                                  "ID": 8,
                                  "left": 9
                                }
                              ],
                              "parent": 5,
                              "ID": 6,
                              "left": 7,
                              "right": 8
                            }
                          ],
                          "parent": 4,
                          "ID": 5,
                          "left": 6
                        }
                      ],
                      "parent": 3,
                      "ID": 4,
                      "left": 5
                    },
                    {
                      "Node Type": "Materialize",
                      "Parent Relationship": "Inner",
                      "Parallel Aware": false,
                      "Async Capable": false,
                      "Startup Cost": 3157.65,
                      "Total Cost": 233105.09,
                      "Plan Rows": 8964,
                      "Plan Width": 4,
                      "Plans": [
                        {
                          "Node Type": "Gather",
                          "Parent Relationship": "Outer",
                          "Parallel Aware": false,
                          "Async Capable": false,
                          "Startup Cost": 3157.65,
                          "Total Cost": 233060.27,
                          "Plan Rows": 8964,
                          "Plan Width": 4,
                          "Workers Planned": 2,
                          "Single Copy": false,
                          "Plans": [
                            {
                              "Node Type": "Hash Join",
                              "Parent Relationship": "Outer",
                              "Parallel Aware": true,
                              "Async Capable": false,
                              "Join Type": "Inner",
                              "Startup Cost": 2157.65,
                              "Total Cost": 231163.87,
                              "Plan Rows": 3735,
                              "Plan Width": 4,
                              "Inner Unique": false,
                              "Hash Cond": "(web_sales.ws_sold_date_sk = date_dim_1.d_date_sk)",
                              "Plans": [
                                {
                                  "Node Type": "Seq Scan",
                                  "Parent Relationship": "Outer",
                                  "Parallel Aware": true,
                                  "Async Capable": false,
                                  "Relation Name": "web_sales",
                                  "Alias": "web_sales",
                                  "Startup Cost": 0.0,
                                  "Total Cost": 217737.86,
                                  "Plan Rows": 2998986,
                                  "Plan Width": 8,
                                  "parent": 21,
                                  "ID": 22
                                },
                                {
                                  "Node Type": "Hash",
                                  "Parent Relationship": "Inner",
                                  "Parallel Aware": true,
                                  "Async Capable": false,
                                  "Startup Cost": 2156.97,
                                  "Total Cost": 2156.97,
                                  "Plan Rows": 54,
                                  "Plan Width": 4,
                                  "Plans": [
                                    {
                                      "Node Type": "Seq Scan",
                                      "Parent Relationship": "Outer",
                                      "Parallel Aware": true,
                                      "Async Capable": false,
                                      "Relation Name": "date_dim",
                                      "Alias": "date_dim_1",
                                      "Startup Cost": 0.0,
                                      "Total Cost": 2156.97,
                                      "Plan Rows": 54,
                                      "Plan Width": 4,
                                      "Filter": "((d_moy >= 4) AND (d_moy <= 6) AND (d_year = 2002))",
                                      "parent": 23,
                                      "ID": 24
                                    }
                                  ],
                                  "parent": 21,
                                  "ID": 23,
                                  "left": 24
                                }
                              ],
                              "parent": 20,
                              "ID": 21,
                              "left": 22,
                              "right": 23
                            }
                          ],
                          "parent": 19,
                          "ID": 20,
                          "left": 21
                        }
                      ],
                      "parent": 3,
                      "ID": 19,
                      "left": 20
                    }
                  ],
                  "parent": 2,
                  "ID": 3,
                  "left": 4,
                  "right": 19
                },
                {
                  "Node Type": "Materialize",
                  "Parent Relationship": "Inner",
                  "Parallel Aware": false,
                  "Async Capable": false,
                  "Startup Cost": 2684.49,
                  "Total Cost": 574652.42,
                  "Plan Rows": 17839,
                  "Plan Width": 4,
                  "Plans": [
                    {
                      "Node Type": "Hash Join",
                      "Parent Relationship": "Outer",
                      "Parallel Aware": false,
                      "Async Capable": false,
                      "Join Type": "Inner",
                      "Startup Cost": 2684.49,
                      "Total Cost": 574563.22,
                      "Plan Rows": 17839,
                      "Plan Width": 4,
                      "Inner Unique": false,
                      "Hash Cond": "(catalog_sales.cs_sold_date_sk = date_dim_2.d_date_sk)",
                      "Plans": [
                        {
                          "Node Type": "Seq Scan",
                          "Parent Relationship": "Outer",
                          "Parallel Aware": false,
                          "Async Capable": false,
                          "Relation Name": "catalog_sales",
                          "Alias": "catalog_sales",
                          "Startup Cost": 0.0,
                          "Total Cost": 517695.61,
                          "Plan Rows": 14401261,
                          "Plan Width": 8,
                          "parent": 26,
                          "ID": 27
                        },
                        {
                          "Node Type": "Hash",
                          "Parent Relationship": "Inner",
                          "Parallel Aware": false,
                          "Async Capable": false,
                          "Startup Cost": 2683.36,
                          "Total Cost": 2683.36,
                          "Plan Rows": 91,
                          "Plan Width": 4,
                          "Plans": [
                            {
                              "Node Type": "Seq Scan",
                              "Parent Relationship": "Outer",
                              "Parallel Aware": false,
                              "Async Capable": false,
                              "Relation Name": "date_dim",
                              "Alias": "date_dim_2",
                              "Startup Cost": 0.0,
                              "Total Cost": 2683.36,
                              "Plan Rows": 91,
                              "Plan Width": 4,
                              "Filter": "((d_moy >= 4) AND (d_moy <= 6) AND (d_year = 2002))",
                              "parent": 28,
                              "ID": 29
                            }
                          ],
                          "parent": 26,
                          "ID": 28,
                          "left": 29
                        }
                      ],
                      "parent": 25,
                      "ID": 26,
                      "left": 27,
                      "right": 28
                    }
                  ],
                  "parent": 2,
                  "ID": 25,
                  "left": 26
                }
              ],
              "parent": 1,
              "ID": 2,
              "left": 3,
              "right": 25
            }
          ],
          "parent": 0,
          "ID": 1,
          "left": 2
        }
      ],
      "parent": null,
      "ID": 0,
      "left": 1
    },
    "feat": {
      "utility": 0.009835455544484163,
      "query_shape": [
        [
          "Seq Scan",
          "Hash Join",
          "Sort",
          "Gather Merge",
          "Nested Loop",
          "Aggregate"
        ],
        [
          "Seq Scan",
          "Hash Join",
          "Hash",
          "Sort",
          "Gather Merge",
          "Nested Loop",
          "Aggregate"
        ],
        [
          "Seq Scan",
          "Hash Join",
          "Hash",
          "Sort",
          "Gather Merge",
          "Nested Loop",
          "Aggregate"
        ],
        [
          "Seq Scan",
          "Hash",
          "Hash Join",
          "Sort",
          "Gather Merge",
          "Nested Loop",
          "Aggregate"
        ],
        [
          "Seq Scan",
          "Hash",
          "Hash Join",
          "Sort",
          "Gather Merge",
          "Nested Loop",
          "Aggregate"
        ],
        [
          "Seq Scan",
          "Hash Join",
          "Gather",
          "Materialize",
          "Nested Loop",
          "Aggregate"
        ],
        [
          "Seq Scan",
          "Hash",
          "Hash Join",
          "Gather",
          "Materialize",
          "Nested Loop",
          "Aggregate"
        ],
        [
          "Seq Scan",
          "Hash Join",
          "Materialize",
          "Nested Loop",
          "Aggregate"
        ],
        [
          "Seq Scan",
          "Hash",
          "Hash Join",
          "Materialize",
          "Nested Loop",
          "Aggregate"
        ]
      ],
      "index_shape": [
        "join"
      ],
      "physical_operator": {
        "Nested Loop": [
          0.0073528907778136355,
          0.010465877769513875
        ],
        "Hash Join": [
          0.0021402448383944653
        ]
      }
    }
  },
  {
    "query": "select  \n  cd_gender,\n  cd_marital_status,\n  cd_education_status,\n  count(*) cnt1,\n  cd_purchase_estimate,\n  count(*) cnt2,\n  cd_credit_rating,\n  count(*) cnt3\n from\n  customer c,customer_address ca,customer_demographics\n where\n  c.c_current_addr_sk = ca.ca_address_sk and\n  ca_state in ('WA','WI','TX') and\n  cd_demo_sk = c.c_current_cdemo_sk and \n  exists (select *\n          from store_sales,date_dim\n          where c.c_customer_sk = ss_customer_sk and\n                ss_sold_date_sk = d_date_sk and\n                d_year = 2002 and\n                d_moy between 4 and 4+2) and\n   (not exists (select *\n            from web_sales,date_dim\n            where c.c_customer_sk = ws_bill_customer_sk and\n                  ws_sold_date_sk = d_date_sk and\n                  d_year = 2002 and\n                  d_moy between 4 and 4+2) and\n    not exists (select * \n            from catalog_sales,date_dim\n            where c.c_customer_sk = cs_ship_customer_sk and\n                  cs_sold_date_sk = d_date_sk and\n                  d_year = 2002 and\n                  d_moy between 4 and 4+2))\n group by cd_gender,\n          cd_marital_status,\n          cd_education_status,\n          cd_purchase_estimate,\n          cd_credit_rating\n order by cd_gender,\n          cd_marital_status,\n          cd_education_status,\n          cd_purchase_estimate,\n          cd_credit_rating\n limit 100;\n\n-- end query 51 in stream 2 using template query69.tpl\n",
    "indexes": "customer.c_current_addr_sk",
    "wo plan est": {
      "Node Type": "Limit",
      "Parallel Aware": false,
      "Async Capable": false,
      "Startup Cost": 747810.0,
      "Total Cost": 813030.24,
      "Plan Rows": 100,
      "Plan Width": 64,
      "Plans": [
        {
          "Node Type": "Aggregate",
          "Strategy": "Sorted",
          "Partial Mode": "Simple",
          "Parent Relationship": "Outer",
          "Parallel Aware": false,
          "Async Capable": false,
          "Startup Cost": 747810.0,
          "Total Cost": 2995951.65,
          "Plan Rows": 3447,
          "Plan Width": 64,
          "Group Key": [
            "customer_demographics.cd_gender",
            "customer_demographics.cd_marital_status",
            "customer_demographics.cd_education_status",
            "customer_demographics.cd_purchase_estimate",
            "customer_demographics.cd_credit_rating"
          ],
          "Plans": [
            {
              "Node Type": "Nested Loop",
              "Parent Relationship": "Outer",
              "Parallel Aware": false,
              "Async Capable": false,
              "Join Type": "Anti",
              "Startup Cost": 747810.0,
              "Total Cost": 2995865.48,
              "Plan Rows": 3447,
              "Plan Width": 40,
              "Inner Unique": false,
              "Join Filter": "(c.c_customer_sk = catalog_sales.cs_ship_customer_sk)",
              "Plans": [
                {
                  "Node Type": "Nested Loop",
                  "Parent Relationship": "Outer",
                  "Parallel Aware": false,
                  "Async Capable": false,
                  "Join Type": "Anti",
                  "Startup Cost": 745125.5,
                  "Total Cost": 1464908.87,
                  "Plan Rows": 3574,
                  "Plan Width": 44,
                  "Inner Unique": false,
                  "Join Filter": "(c.c_customer_sk = web_sales.ws_bill_customer_sk)",
                  "Plans": [
                    {
                      "Node Type": "Gather Merge",
                      "Parent Relationship": "Outer",
                      "Parallel Aware": false,
                      "Async Capable": false,
                      "Startup Cost": 741967.85,
                      "Total Cost": 742391.79,
                      "Plan Rows": 3640,
                      "Plan Width": 44,
                      "Workers Planned": 2,
                      "Plans": [
                        {
                          "Node Type": "Sort",
                          "Parent Relationship": "Outer",
                          "Parallel Aware": false,
                          "Async Capable": false,
                          "Startup Cost": 740967.83,
                          "Total Cost": 740971.62,
                          "Plan Rows": 1517,
                          "Plan Width": 44,
                          "Sort Key": [
                            "customer_demographics.cd_gender",
                            "customer_demographics.cd_marital_status",
                            "customer_demographics.cd_education_status",
                            "customer_demographics.cd_purchase_estimate",
                            "customer_demographics.cd_credit_rating"
                          ],
                          "Plans": [
                            {
                              "Node Type": "Hash Join",
                              "Parent Relationship": "Outer",
                              "Parallel Aware": true,
                              "Async Capable": false,
                              "Join Type": "Inner",
                              "Startup Cost": 708048.78,
                              "Total Cost": 740887.68,
                              "Plan Rows": 1517,
                              "Plan Width": 44,
                              "Inner Unique": false,
                              "Hash Cond": "(customer_demographics.cd_demo_sk = c.c_current_cdemo_sk)",
                              "Plans": [
                                {
                                  "Node Type": "Seq Scan",
                                  "Parent Relationship": "Outer",
                                  "Parallel Aware": true,
                                  "Async Capable": false,
                                  "Relation Name": "customer_demographics",
                                  "Alias": "customer_demographics",
                                  "Startup Cost": 0.0,
                                  "Total Cost": 29831.33,
                                  "Plan Rows": 800333,
                                  "Plan Width": 44,
                                  "parent": 6,
                                  "ID": 7
                                },
                                {
                                  "Node Type": "Hash",
                                  "Parent Relationship": "Inner",
                                  "Parallel Aware": true,
                                  "Async Capable": false,
                                  "Startup Cost": 708029.15,
                                  "Total Cost": 708029.15,
                                  "Plan Rows": 1570,
                                  "Plan Width": 8,
                                  "Plans": [
                                    {
                                      "Node Type": "Hash Join",
                                      "Parent Relationship": "Outer",
                                      "Parallel Aware": true,
                                      "Async Capable": false,
                                      "Join Type": "Inner",
                                      "Startup Cost": 691354.87,
                                      "Total Cost": 708029.15,
                                      "Plan Rows": 1570,
                                      "Plan Width": 8,
                                      "Inner Unique": false,
                                      "Hash Cond": "(c.c_current_addr_sk = ca.ca_address_sk)",
                                      "Plans": [
                                        {
                                          "Node Type": "Hash Join",
                                          "Parent Relationship": "Outer",
                                          "Parallel Aware": true,
                                          "Async Capable": false,
                                          "Join Type": "Semi",
                                          "Startup Cost": 684337.4,
                                          "Total Cost": 700954.09,
                                          "Plan Rows": 13615,
                                          "Plan Width": 12,
                                          "Inner Unique": false,
                                          "Hash Cond": "(c.c_customer_sk = store_sales.ss_customer_sk)",
                                          "Plans": [
                                            {
                                              "Node Type": "Seq Scan",
                                              "Parent Relationship": "Outer",
                                              "Parallel Aware": true,
                                              "Async Capable": false,
                                              "Relation Name": "customer",
                                              "Alias": "c",
                                              "Startup Cost": 0.0,
                                              "Total Cost": 15918.33,
                                              "Plan Rows": 208333,
                                              "Plan Width": 12,
                                              "parent": 10,
                                              "ID": 11
                                            },
                                            {
                                              "Node Type": "Hash",
                                              "Parent Relationship": "Inner",
                                              "Parallel Aware": true,
                                              "Async Capable": false,
                                              "Startup Cost": 684159.07,
                                              "Total Cost": 684159.07,
                                              "Plan Rows": 14267,
                                              "Plan Width": 4,
                                              "Plans": [
                                                {
                                                  "Node Type": "Hash Join",
                                                  "Parent Relationship": "Outer",
                                                  "Parallel Aware": true,
                                                  "Async Capable": false,
                                                  "Join Type": "Inner",
                                                  "Startup Cost": 2157.65,
                                                  "Total Cost": 684159.07,
                                                  "Plan Rows": 14267,
                                                  "Plan Width": 4,
                                                  "Inner Unique": false,
                                                  "Hash Cond": "(store_sales.ss_sold_date_sk = date_dim.d_date_sk)",
                                                  "Plans": [
                                                    {
                                                      "Node Type": "Seq Scan",
                                                      "Parent Relationship": "Outer",
                                                      "Parallel Aware": true,
                                                      "Async Capable": false,
                                                      "Relation Name": "store_sales",
                                                      "Alias": "store_sales",
                                                      "Startup Cost": 0.0,
                                                      "Total Cost": 636914.37,
                                                      "Plan Rows": 12000637,
                                                      "Plan Width": 8,
                                                      "parent": 13,
                                                      "ID": 14
                                                    },
                                                    {
                                                      "Node Type": "Hash",
                                                      "Parent Relationship": "Inner",
                                                      "Parallel Aware": true,
                                                      "Async Capable": false,
                                                      "Startup Cost": 2156.97,
                                                      "Total Cost": 2156.97,
                                                      "Plan Rows": 54,
                                                      "Plan Width": 4,
                                                      "Plans": [
                                                        {
                                                          "Node Type": "Seq Scan",
                                                          "Parent Relationship": "Outer",
                                                          "Parallel Aware": true,
                                                          "Async Capable": false,
                                                          "Relation Name": "date_dim",
                                                          "Alias": "date_dim",
                                                          "Startup Cost": 0.0,
                                                          "Total Cost": 2156.97,
                                                          "Plan Rows": 54,
                                                          "Plan Width": 4,
                                                          "Filter": "((d_moy >= 4) AND (d_moy <= 6) AND (d_year = 2002))",
                                                          "parent": 15,
                                                          "ID": 16
                                                        }
                                                      ],
                                                      "parent": 13,
                                                      "ID": 15,
                                                      "left": 16
                                                    }
                                                  ],
                                                  "parent": 12,
                                                  "ID": 13,
                                                  "left": 14,
                                                  "right": 15
                                                }
                                              ],
                                              "parent": 10,
                                              "ID": 12,
                                              "left": 13
                                            }
                                          ],
                                          "parent": 9,
                                          "ID": 10,
                                          "left": 11,
                                          "right": 12
                                        },
                                        {
                                          "Node Type": "Hash",
                                          "Parent Relationship": "Inner",
                                          "Parallel Aware": true,
                                          "Async Capable": false,
                                          "Startup Cost": 6867.29,
                                          "Total Cost": 6867.29,
                                          "Plan Rows": 12014,
                                          "Plan Width": 4,
                                          "Plans": [
                                            {
                                              "Node Type": "Seq Scan",
                                              "Parent Relationship": "Outer",
                                              "Parallel Aware": true,
                                              "Async Capable": false,
                                              "Relation Name": "customer_address",
                                              "Alias": "ca",
                                              "Startup Cost": 0.0,
                                              "Total Cost": 6867.29,
                                              "Plan Rows": 12014,
                                              "Plan Width": 4,
                                              "Filter": "(ca_state = ANY ('{WA,WI,TX}'::bpchar[]))",
                                              "parent": 17,
                                              "ID": 18
                                            }
                                          ],
                                          "parent": 9,
                                          "ID": 17,
                                          "left": 18
                                        }
                                      ],
                                      "parent": 8,
                                      "ID": 9,
                                      "left": 10,
                                      "right": 17
                                    }
                                  ],
                                  "parent": 6,
                                  "ID": 8,
                                  "left": 9
                                }
                              ],
                              "parent": 5,
                              "ID": 6,
                              "left": 7,
                              "right": 8
                            }
                          ],
                          "parent": 4,
                          "ID": 5,
                          "left": 6
                        }
                      ],
                      "parent": 3,
                      "ID": 4,
                      "left": 5
                    },
                    {
                      "Node Type": "Materialize",
                      "Parent Relationship": "Inner",
                      "Parallel Aware": false,
                      "Async Capable": false,
                      "Startup Cost": 3157.65,
                      "Total Cost": 233105.09,
                      "Plan Rows": 8964,
                      "Plan Width": 4,
                      "Plans": [
                        {
                          "Node Type": "Gather",
                          "Parent Relationship": "Outer",
                          "Parallel Aware": false,
                          "Async Capable": false,
                          "Startup Cost": 3157.65,
                          "Total Cost": 233060.27,
                          "Plan Rows": 8964,
                          "Plan Width": 4,
                          "Workers Planned": 2,
                          "Single Copy": false,
                          "Plans": [
                            {
                              "Node Type": "Hash Join",
                              "Parent Relationship": "Outer",
                              "Parallel Aware": true,
                              "Async Capable": false,
                              "Join Type": "Inner",
                              "Startup Cost": 2157.65,
                              "Total Cost": 231163.87,
                              "Plan Rows": 3735,
                              "Plan Width": 4,
                              "Inner Unique": false,
                              "Hash Cond": "(web_sales.ws_sold_date_sk = date_dim_1.d_date_sk)",
                              "Plans": [
                                {
                                  "Node Type": "Seq Scan",
                                  "Parent Relationship": "Outer",
                                  "Parallel Aware": true,
                                  "Async Capable": false,
                                  "Relation Name": "web_sales",
                                  "Alias": "web_sales",
                                  "Startup Cost": 0.0,
                                  "Total Cost": 217737.86,
                                  "Plan Rows": 2998986,
                                  "Plan Width": 8,
                                  "parent": 21,
                                  "ID": 22
                                },
                                {
                                  "Node Type": "Hash",
                                  "Parent Relationship": "Inner",
                                  "Parallel Aware": true,
                                  "Async Capable": false,
                                  "Startup Cost": 2156.97,
                                  "Total Cost": 2156.97,
                                  "Plan Rows": 54,
                                  "Plan Width": 4,
                                  "Plans": [
                                    {
                                      "Node Type": "Seq Scan",
                                      "Parent Relationship": "Outer",
                                      "Parallel Aware": true,
                                      "Async Capable": false,
                                      "Relation Name": "date_dim",
                                      "Alias": "date_dim_1",
                                      "Startup Cost": 0.0,
                                      "Total Cost": 2156.97,
                                      "Plan Rows": 54,
                                      "Plan Width": 4,
                                      "Filter": "((d_moy >= 4) AND (d_moy <= 6) AND (d_year = 2002))",
                                      "parent": 23,
                                      "ID": 24
                                    }
                                  ],
                                  "parent": 21,
                                  "ID": 23,
                                  "left": 24
                                }
                              ],
                              "parent": 20,
                              "ID": 21,
                              "left": 22,
                              "right": 23
                            }
                          ],
                          "parent": 19,
                          "ID": 20,
                          "left": 21
                        }
                      ],
                      "parent": 3,
                      "ID": 19,
                      "left": 20
                    }
                  ],
                  "parent": 2,
                  "ID": 3,
                  "left": 4,
                  "right": 19
                },
                {
                  "Node Type": "Materialize",
                  "Parent Relationship": "Inner",
                  "Parallel Aware": false,
                  "Async Capable": false,
                  "Startup Cost": 2684.49,
                  "Total Cost": 574652.42,
                  "Plan Rows": 17839,
                  "Plan Width": 4,
                  "Plans": [
                    {
                      "Node Type": "Hash Join",
                      "Parent Relationship": "Outer",
                      "Parallel Aware": false,
                      "Async Capable": false,
                      "Join Type": "Inner",
                      "Startup Cost": 2684.49,
                      "Total Cost": 574563.22,
                      "Plan Rows": 17839,
                      "Plan Width": 4,
                      "Inner Unique": false,
                      "Hash Cond": "(catalog_sales.cs_sold_date_sk = date_dim_2.d_date_sk)",
                      "Plans": [
                        {
                          "Node Type": "Seq Scan",
                          "Parent Relationship": "Outer",
                          "Parallel Aware": false,
                          "Async Capable": false,
                          "Relation Name": "catalog_sales",
                          "Alias": "catalog_sales",
                          "Startup Cost": 0.0,
                          "Total Cost": 517695.61,
                          "Plan Rows": 14401261,
                          "Plan Width": 8,
                          "parent": 26,
                          "ID": 27
                        },
                        {
                          "Node Type": "Hash",
                          "Parent Relationship": "Inner",
                          "Parallel Aware": false,
                          "Async Capable": false,
                          "Startup Cost": 2683.36,
                          "Total Cost": 2683.36,
                          "Plan Rows": 91,
                          "Plan Width": 4,
                          "Plans": [
                            {
                              "Node Type": "Seq Scan",
                              "Parent Relationship": "Outer",
                              "Parallel Aware": false,
                              "Async Capable": false,
                              "Relation Name": "date_dim",
                              "Alias": "date_dim_2",
                              "Startup Cost": 0.0,
                              "Total Cost": 2683.36,
                              "Plan Rows": 91,
                              "Plan Width": 4,
                              "Filter": "((d_moy >= 4) AND (d_moy <= 6) AND (d_year = 2002))",
                              "parent": 28,
                              "ID": 29
                            }
                          ],
                          "parent": 26,
                          "ID": 28,
                          "left": 29
                        }
                      ],
                      "parent": 25,
                      "ID": 26,
                      "left": 27,
                      "right": 28
                    }
                  ],
                  "parent": 2,
                  "ID": 25,
                  "left": 26
                }
              ],
              "parent": 1,
              "ID": 2,
              "left": 3,
              "right": 25
            }
          ],
          "parent": 0,
          "ID": 1,
          "left": 2
        }
      ],
      "parent": null,
      "ID": 0,
      "left": 1
    },
    "feat": {
      "utility": 0.0,
      "query_shape": [
        [
          "Seq Scan",
          "Hash Join",
          "Sort",
          "Gather Merge",
          "Nested Loop",
          "Aggregate"
        ],
        [
          "Seq Scan",
          "Hash Join",
          "Hash",
          "Sort",
          "Gather Merge",
          "Nested Loop",
          "Aggregate"
        ],
        [
          "Seq Scan",
          "Hash Join",
          "Hash",
          "Sort",
          "Gather Merge",
          "Nested Loop",
          "Aggregate"
        ],
        [
          "Seq Scan",
          "Hash",
          "Hash Join",
          "Sort",
          "Gather Merge",
          "Nested Loop",
          "Aggregate"
        ],
        [
          "Seq Scan",
          "Hash",
          "Hash Join",
          "Sort",
          "Gather Merge",
          "Nested Loop",
          "Aggregate"
        ],
        [
          "Seq Scan",
          "Hash Join",
          "Gather",
          "Materialize",
          "Nested Loop",
          "Aggregate"
        ],
        [
          "Seq Scan",
          "Hash",
          "Hash Join",
          "Gather",
          "Materialize",
          "Nested Loop",
          "Aggregate"
        ],
        [
          "Seq Scan",
          "Hash Join",
          "Materialize",
          "Nested Loop",
          "Aggregate"
        ],
        [
          "Seq Scan",
          "Hash",
          "Hash Join",
          "Materialize",
          "Nested Loop",
          "Aggregate"
        ]
      ],
      "index_shape": [
        "join"
      ],
      "physical_operator": {}
    }
  },
  {
    "query": "select  \n  cd_gender,\n  cd_marital_status,\n  cd_education_status,\n  count(*) cnt1,\n  cd_purchase_estimate,\n  count(*) cnt2,\n  cd_credit_rating,\n  count(*) cnt3\n from\n  customer c,customer_address ca,customer_demographics\n where\n  c.c_current_addr_sk = ca.ca_address_sk and\n  ca_state in ('WA','WI','TX') and\n  cd_demo_sk = c.c_current_cdemo_sk and \n  exists (select *\n          from store_sales,date_dim\n          where c.c_customer_sk = ss_customer_sk and\n                ss_sold_date_sk = d_date_sk and\n                d_year = 2002 and\n                d_moy between 4 and 4+2) and\n   (not exists (select *\n            from web_sales,date_dim\n            where c.c_customer_sk = ws_bill_customer_sk and\n                  ws_sold_date_sk = d_date_sk and\n                  d_year = 2002 and\n                  d_moy between 4 and 4+2) and\n    not exists (select * \n            from catalog_sales,date_dim\n            where c.c_customer_sk = cs_ship_customer_sk and\n                  cs_sold_date_sk = d_date_sk and\n                  d_year = 2002 and\n                  d_moy between 4 and 4+2))\n group by cd_gender,\n          cd_marital_status,\n          cd_education_status,\n          cd_purchase_estimate,\n          cd_credit_rating\n order by cd_gender,\n          cd_marital_status,\n          cd_education_status,\n          cd_purchase_estimate,\n          cd_credit_rating\n limit 100;\n\n-- end query 51 in stream 2 using template query69.tpl\n",
    "indexes": "customer.c_current_cdemo_sk",
    "wo plan est": {
      "Node Type": "Limit",
      "Parallel Aware": false,
      "Async Capable": false,
      "Startup Cost": 747810.0,
      "Total Cost": 813030.24,
      "Plan Rows": 100,
      "Plan Width": 64,
      "Plans": [
        {
          "Node Type": "Aggregate",
          "Strategy": "Sorted",
          "Partial Mode": "Simple",
          "Parent Relationship": "Outer",
          "Parallel Aware": false,
          "Async Capable": false,
          "Startup Cost": 747810.0,
          "Total Cost": 2995951.65,
          "Plan Rows": 3447,
          "Plan Width": 64,
          "Group Key": [
            "customer_demographics.cd_gender",
            "customer_demographics.cd_marital_status",
            "customer_demographics.cd_education_status",
            "customer_demographics.cd_purchase_estimate",
            "customer_demographics.cd_credit_rating"
          ],
          "Plans": [
            {
              "Node Type": "Nested Loop",
              "Parent Relationship": "Outer",
              "Parallel Aware": false,
              "Async Capable": false,
              "Join Type": "Anti",
              "Startup Cost": 747810.0,
              "Total Cost": 2995865.48,
              "Plan Rows": 3447,
              "Plan Width": 40,
              "Inner Unique": false,
              "Join Filter": "(c.c_customer_sk = catalog_sales.cs_ship_customer_sk)",
              "Plans": [
                {
                  "Node Type": "Nested Loop",
                  "Parent Relationship": "Outer",
                  "Parallel Aware": false,
                  "Async Capable": false,
                  "Join Type": "Anti",
                  "Startup Cost": 745125.5,
                  "Total Cost": 1464908.87,
                  "Plan Rows": 3574,
                  "Plan Width": 44,
                  "Inner Unique": false,
                  "Join Filter": "(c.c_customer_sk = web_sales.ws_bill_customer_sk)",
                  "Plans": [
                    {
                      "Node Type": "Gather Merge",
                      "Parent Relationship": "Outer",
                      "Parallel Aware": false,
                      "Async Capable": false,
                      "Startup Cost": 741967.85,
                      "Total Cost": 742391.79,
                      "Plan Rows": 3640,
                      "Plan Width": 44,
                      "Workers Planned": 2,
                      "Plans": [
                        {
                          "Node Type": "Sort",
                          "Parent Relationship": "Outer",
                          "Parallel Aware": false,
                          "Async Capable": false,
                          "Startup Cost": 740967.83,
                          "Total Cost": 740971.62,
                          "Plan Rows": 1517,
                          "Plan Width": 44,
                          "Sort Key": [
                            "customer_demographics.cd_gender",
                            "customer_demographics.cd_marital_status",
                            "customer_demographics.cd_education_status",
                            "customer_demographics.cd_purchase_estimate",
                            "customer_demographics.cd_credit_rating"
                          ],
                          "Plans": [
                            {
                              "Node Type": "Hash Join",
                              "Parent Relationship": "Outer",
                              "Parallel Aware": true,
                              "Async Capable": false,
                              "Join Type": "Inner",
                              "Startup Cost": 708048.78,
                              "Total Cost": 740887.68,
                              "Plan Rows": 1517,
                              "Plan Width": 44,
                              "Inner Unique": false,
                              "Hash Cond": "(customer_demographics.cd_demo_sk = c.c_current_cdemo_sk)",
                              "Plans": [
                                {
                                  "Node Type": "Seq Scan",
                                  "Parent Relationship": "Outer",
                                  "Parallel Aware": true,
                                  "Async Capable": false,
                                  "Relation Name": "customer_demographics",
                                  "Alias": "customer_demographics",
                                  "Startup Cost": 0.0,
                                  "Total Cost": 29831.33,
                                  "Plan Rows": 800333,
                                  "Plan Width": 44,
                                  "parent": 6,
                                  "ID": 7
                                },
                                {
                                  "Node Type": "Hash",
                                  "Parent Relationship": "Inner",
                                  "Parallel Aware": true,
                                  "Async Capable": false,
                                  "Startup Cost": 708029.15,
                                  "Total Cost": 708029.15,
                                  "Plan Rows": 1570,
                                  "Plan Width": 8,
                                  "Plans": [
                                    {
                                      "Node Type": "Hash Join",
                                      "Parent Relationship": "Outer",
                                      "Parallel Aware": true,
                                      "Async Capable": false,
                                      "Join Type": "Inner",
                                      "Startup Cost": 691354.87,
                                      "Total Cost": 708029.15,
                                      "Plan Rows": 1570,
                                      "Plan Width": 8,
                                      "Inner Unique": false,
                                      "Hash Cond": "(c.c_current_addr_sk = ca.ca_address_sk)",
                                      "Plans": [
                                        {
                                          "Node Type": "Hash Join",
                                          "Parent Relationship": "Outer",
                                          "Parallel Aware": true,
                                          "Async Capable": false,
                                          "Join Type": "Semi",
                                          "Startup Cost": 684337.4,
                                          "Total Cost": 700954.09,
                                          "Plan Rows": 13615,
                                          "Plan Width": 12,
                                          "Inner Unique": false,
                                          "Hash Cond": "(c.c_customer_sk = store_sales.ss_customer_sk)",
                                          "Plans": [
                                            {
                                              "Node Type": "Seq Scan",
                                              "Parent Relationship": "Outer",
                                              "Parallel Aware": true,
                                              "Async Capable": false,
                                              "Relation Name": "customer",
                                              "Alias": "c",
                                              "Startup Cost": 0.0,
                                              "Total Cost": 15918.33,
                                              "Plan Rows": 208333,
                                              "Plan Width": 12,
                                              "parent": 10,
                                              "ID": 11
                                            },
                                            {
                                              "Node Type": "Hash",
                                              "Parent Relationship": "Inner",
                                              "Parallel Aware": true,
                                              "Async Capable": false,
                                              "Startup Cost": 684159.07,
                                              "Total Cost": 684159.07,
                                              "Plan Rows": 14267,
                                              "Plan Width": 4,
                                              "Plans": [
                                                {
                                                  "Node Type": "Hash Join",
                                                  "Parent Relationship": "Outer",
                                                  "Parallel Aware": true,
                                                  "Async Capable": false,
                                                  "Join Type": "Inner",
                                                  "Startup Cost": 2157.65,
                                                  "Total Cost": 684159.07,
                                                  "Plan Rows": 14267,
                                                  "Plan Width": 4,
                                                  "Inner Unique": false,
                                                  "Hash Cond": "(store_sales.ss_sold_date_sk = date_dim.d_date_sk)",
                                                  "Plans": [
                                                    {
                                                      "Node Type": "Seq Scan",
                                                      "Parent Relationship": "Outer",
                                                      "Parallel Aware": true,
                                                      "Async Capable": false,
                                                      "Relation Name": "store_sales",
                                                      "Alias": "store_sales",
                                                      "Startup Cost": 0.0,
                                                      "Total Cost": 636914.37,
                                                      "Plan Rows": 12000637,
                                                      "Plan Width": 8,
                                                      "parent": 13,
                                                      "ID": 14
                                                    },
                                                    {
                                                      "Node Type": "Hash",
                                                      "Parent Relationship": "Inner",
                                                      "Parallel Aware": true,
                                                      "Async Capable": false,
                                                      "Startup Cost": 2156.97,
                                                      "Total Cost": 2156.97,
                                                      "Plan Rows": 54,
                                                      "Plan Width": 4,
                                                      "Plans": [
                                                        {
                                                          "Node Type": "Seq Scan",
                                                          "Parent Relationship": "Outer",
                                                          "Parallel Aware": true,
                                                          "Async Capable": false,
                                                          "Relation Name": "date_dim",
                                                          "Alias": "date_dim",
                                                          "Startup Cost": 0.0,
                                                          "Total Cost": 2156.97,
                                                          "Plan Rows": 54,
                                                          "Plan Width": 4,
                                                          "Filter": "((d_moy >= 4) AND (d_moy <= 6) AND (d_year = 2002))",
                                                          "parent": 15,
                                                          "ID": 16
                                                        }
                                                      ],
                                                      "parent": 13,
                                                      "ID": 15,
                                                      "left": 16
                                                    }
                                                  ],
                                                  "parent": 12,
                                                  "ID": 13,
                                                  "left": 14,
                                                  "right": 15
                                                }
                                              ],
                                              "parent": 10,
                                              "ID": 12,
                                              "left": 13
                                            }
                                          ],
                                          "parent": 9,
                                          "ID": 10,
                                          "left": 11,
                                          "right": 12
                                        },
                                        {
                                          "Node Type": "Hash",
                                          "Parent Relationship": "Inner",
                                          "Parallel Aware": true,
                                          "Async Capable": false,
                                          "Startup Cost": 6867.29,
                                          "Total Cost": 6867.29,
                                          "Plan Rows": 12014,
                                          "Plan Width": 4,
                                          "Plans": [
                                            {
                                              "Node Type": "Seq Scan",
                                              "Parent Relationship": "Outer",
                                              "Parallel Aware": true,
                                              "Async Capable": false,
                                              "Relation Name": "customer_address",
                                              "Alias": "ca",
                                              "Startup Cost": 0.0,
                                              "Total Cost": 6867.29,
                                              "Plan Rows": 12014,
                                              "Plan Width": 4,
                                              "Filter": "(ca_state = ANY ('{WA,WI,TX}'::bpchar[]))",
                                              "parent": 17,
                                              "ID": 18
                                            }
                                          ],
                                          "parent": 9,
                                          "ID": 17,
                                          "left": 18
                                        }
                                      ],
                                      "parent": 8,
                                      "ID": 9,
                                      "left": 10,
                                      "right": 17
                                    }
                                  ],
                                  "parent": 6,
                                  "ID": 8,
                                  "left": 9
                                }
                              ],
                              "parent": 5,
                              "ID": 6,
                              "left": 7,
                              "right": 8
                            }
                          ],
                          "parent": 4,
                          "ID": 5,
                          "left": 6
                        }
                      ],
                      "parent": 3,
                      "ID": 4,
                      "left": 5
                    },
                    {
                      "Node Type": "Materialize",
                      "Parent Relationship": "Inner",
                      "Parallel Aware": false,
                      "Async Capable": false,
                      "Startup Cost": 3157.65,
                      "Total Cost": 233105.09,
                      "Plan Rows": 8964,
                      "Plan Width": 4,
                      "Plans": [
                        {
                          "Node Type": "Gather",
                          "Parent Relationship": "Outer",
                          "Parallel Aware": false,
                          "Async Capable": false,
                          "Startup Cost": 3157.65,
                          "Total Cost": 233060.27,
                          "Plan Rows": 8964,
                          "Plan Width": 4,
                          "Workers Planned": 2,
                          "Single Copy": false,
                          "Plans": [
                            {
                              "Node Type": "Hash Join",
                              "Parent Relationship": "Outer",
                              "Parallel Aware": true,
                              "Async Capable": false,
                              "Join Type": "Inner",
                              "Startup Cost": 2157.65,
                              "Total Cost": 231163.87,
                              "Plan Rows": 3735,
                              "Plan Width": 4,
                              "Inner Unique": false,
                              "Hash Cond": "(web_sales.ws_sold_date_sk = date_dim_1.d_date_sk)",
                              "Plans": [
                                {
                                  "Node Type": "Seq Scan",
                                  "Parent Relationship": "Outer",
                                  "Parallel Aware": true,
                                  "Async Capable": false,
                                  "Relation Name": "web_sales",
                                  "Alias": "web_sales",
                                  "Startup Cost": 0.0,
                                  "Total Cost": 217737.86,
                                  "Plan Rows": 2998986,
                                  "Plan Width": 8,
                                  "parent": 21,
                                  "ID": 22
                                },
                                {
                                  "Node Type": "Hash",
                                  "Parent Relationship": "Inner",
                                  "Parallel Aware": true,
                                  "Async Capable": false,
                                  "Startup Cost": 2156.97,
                                  "Total Cost": 2156.97,
                                  "Plan Rows": 54,
                                  "Plan Width": 4,
                                  "Plans": [
                                    {
                                      "Node Type": "Seq Scan",
                                      "Parent Relationship": "Outer",
                                      "Parallel Aware": true,
                                      "Async Capable": false,
                                      "Relation Name": "date_dim",
                                      "Alias": "date_dim_1",
                                      "Startup Cost": 0.0,
                                      "Total Cost": 2156.97,
                                      "Plan Rows": 54,
                                      "Plan Width": 4,
                                      "Filter": "((d_moy >= 4) AND (d_moy <= 6) AND (d_year = 2002))",
                                      "parent": 23,
                                      "ID": 24
                                    }
                                  ],
                                  "parent": 21,
                                  "ID": 23,
                                  "left": 24
                                }
                              ],
                              "parent": 20,
                              "ID": 21,
                              "left": 22,
                              "right": 23
                            }
                          ],
                          "parent": 19,
                          "ID": 20,
                          "left": 21
                        }
                      ],
                      "parent": 3,
                      "ID": 19,
                      "left": 20
                    }
                  ],
                  "parent": 2,
                  "ID": 3,
                  "left": 4,
                  "right": 19
                },
                {
                  "Node Type": "Materialize",
                  "Parent Relationship": "Inner",
                  "Parallel Aware": false,
                  "Async Capable": false,
                  "Startup Cost": 2684.49,
                  "Total Cost": 574652.42,
                  "Plan Rows": 17839,
                  "Plan Width": 4,
                  "Plans": [
                    {
                      "Node Type": "Hash Join",
                      "Parent Relationship": "Outer",
                      "Parallel Aware": false,
                      "Async Capable": false,
                      "Join Type": "Inner",
                      "Startup Cost": 2684.49,
                      "Total Cost": 574563.22,
                      "Plan Rows": 17839,
                      "Plan Width": 4,
                      "Inner Unique": false,
                      "Hash Cond": "(catalog_sales.cs_sold_date_sk = date_dim_2.d_date_sk)",
                      "Plans": [
                        {
                          "Node Type": "Seq Scan",
                          "Parent Relationship": "Outer",
                          "Parallel Aware": false,
                          "Async Capable": false,
                          "Relation Name": "catalog_sales",
                          "Alias": "catalog_sales",
                          "Startup Cost": 0.0,
                          "Total Cost": 517695.61,
                          "Plan Rows": 14401261,
                          "Plan Width": 8,
                          "parent": 26,
                          "ID": 27
                        },
                        {
                          "Node Type": "Hash",
                          "Parent Relationship": "Inner",
                          "Parallel Aware": false,
                          "Async Capable": false,
                          "Startup Cost": 2683.36,
                          "Total Cost": 2683.36,
                          "Plan Rows": 91,
                          "Plan Width": 4,
                          "Plans": [
                            {
                              "Node Type": "Seq Scan",
                              "Parent Relationship": "Outer",
                              "Parallel Aware": false,
                              "Async Capable": false,
                              "Relation Name": "date_dim",
                              "Alias": "date_dim_2",
                              "Startup Cost": 0.0,
                              "Total Cost": 2683.36,
                              "Plan Rows": 91,
                              "Plan Width": 4,
                              "Filter": "((d_moy >= 4) AND (d_moy <= 6) AND (d_year = 2002))",
                              "parent": 28,
                              "ID": 29
                            }
                          ],
                          "parent": 26,
                          "ID": 28,
                          "left": 29
                        }
                      ],
                      "parent": 25,
                      "ID": 26,
                      "left": 27,
                      "right": 28
                    }
                  ],
                  "parent": 2,
                  "ID": 25,
                  "left": 26
                }
              ],
              "parent": 1,
              "ID": 2,
              "left": 3,
              "right": 25
            }
          ],
          "parent": 0,
          "ID": 1,
          "left": 2
        }
      ],
      "parent": null,
      "ID": 0,
      "left": 1
    },
    "feat": {
      "utility": 0.003296816609235296,
      "query_shape": [
        [
          "Seq Scan",
          "Hash Join",
          "Sort",
          "Gather Merge",
          "Nested Loop",
          "Aggregate"
        ],
        [
          "Seq Scan",
          "Hash Join",
          "Hash",
          "Sort",
          "Gather Merge",
          "Nested Loop",
          "Aggregate"
        ],
        [
          "Seq Scan",
          "Hash Join",
          "Hash",
          "Sort",
          "Gather Merge",
          "Nested Loop",
          "Aggregate"
        ],
        [
          "Seq Scan",
          "Hash",
          "Hash Join",
          "Sort",
          "Gather Merge",
          "Nested Loop",
          "Aggregate"
        ],
        [
          "Seq Scan",
          "Hash",
          "Hash Join",
          "Sort",
          "Gather Merge",
          "Nested Loop",
          "Aggregate"
        ],
        [
          "Seq Scan",
          "Hash Join",
          "Gather",
          "Materialize",
          "Nested Loop",
          "Aggregate"
        ],
        [
          "Seq Scan",
          "Hash",
          "Hash Join",
          "Gather",
          "Materialize",
          "Nested Loop",
          "Aggregate"
        ],
        [
          "Seq Scan",
          "Hash Join",
          "Materialize",
          "Nested Loop",
          "Aggregate"
        ],
        [
          "Seq Scan",
          "Hash",
          "Hash Join",
          "Materialize",
          "Nested Loop",
          "Aggregate"
        ]
      ],
      "index_shape": [
        "join"
      ],
      "physical_operator": {
        "Hash Join": [
          0.0010987720460322492
        ]
      }
    }
  },
  {
    "query": "select  \n  cd_gender,\n  cd_marital_status,\n  cd_education_status,\n  count(*) cnt1,\n  cd_purchase_estimate,\n  count(*) cnt2,\n  cd_credit_rating,\n  count(*) cnt3\n from\n  customer c,customer_address ca,customer_demographics\n where\n  c.c_current_addr_sk = ca.ca_address_sk and\n  ca_state in ('WA','WI','TX') and\n  cd_demo_sk = c.c_current_cdemo_sk and \n  exists (select *\n          from store_sales,date_dim\n          where c.c_customer_sk = ss_customer_sk and\n                ss_sold_date_sk = d_date_sk and\n                d_year = 2002 and\n                d_moy between 4 and 4+2) and\n   (not exists (select *\n            from web_sales,date_dim\n            where c.c_customer_sk = ws_bill_customer_sk and\n                  ws_sold_date_sk = d_date_sk and\n                  d_year = 2002 and\n                  d_moy between 4 and 4+2) and\n    not exists (select * \n            from catalog_sales,date_dim\n            where c.c_customer_sk = cs_ship_customer_sk and\n                  cs_sold_date_sk = d_date_sk and\n                  d_year = 2002 and\n                  d_moy between 4 and 4+2))\n group by cd_gender,\n          cd_marital_status,\n          cd_education_status,\n          cd_purchase_estimate,\n          cd_credit_rating\n order by cd_gender,\n          cd_marital_status,\n          cd_education_status,\n          cd_purchase_estimate,\n          cd_credit_rating\n limit 100;\n\n-- end query 51 in stream 2 using template query69.tpl\n",
    "indexes": "customer_address.ca_address_sk",
    "wo plan est": {
      "Node Type": "Limit",
      "Parallel Aware": false,
      "Async Capable": false,
      "Startup Cost": 747810.0,
      "Total Cost": 813030.24,
      "Plan Rows": 100,
      "Plan Width": 64,
      "Plans": [
        {
          "Node Type": "Aggregate",
          "Strategy": "Sorted",
          "Partial Mode": "Simple",
          "Parent Relationship": "Outer",
          "Parallel Aware": false,
          "Async Capable": false,
          "Startup Cost": 747810.0,
          "Total Cost": 2995951.65,
          "Plan Rows": 3447,
          "Plan Width": 64,
          "Group Key": [
            "customer_demographics.cd_gender",
            "customer_demographics.cd_marital_status",
            "customer_demographics.cd_education_status",
            "customer_demographics.cd_purchase_estimate",
            "customer_demographics.cd_credit_rating"
          ],
          "Plans": [
            {
              "Node Type": "Nested Loop",
              "Parent Relationship": "Outer",
              "Parallel Aware": false,
              "Async Capable": false,
              "Join Type": "Anti",
              "Startup Cost": 747810.0,
              "Total Cost": 2995865.48,
              "Plan Rows": 3447,
              "Plan Width": 40,
              "Inner Unique": false,
              "Join Filter": "(c.c_customer_sk = catalog_sales.cs_ship_customer_sk)",
              "Plans": [
                {
                  "Node Type": "Nested Loop",
                  "Parent Relationship": "Outer",
                  "Parallel Aware": false,
                  "Async Capable": false,
                  "Join Type": "Anti",
                  "Startup Cost": 745125.5,
                  "Total Cost": 1464908.87,
                  "Plan Rows": 3574,
                  "Plan Width": 44,
                  "Inner Unique": false,
                  "Join Filter": "(c.c_customer_sk = web_sales.ws_bill_customer_sk)",
                  "Plans": [
                    {
                      "Node Type": "Gather Merge",
                      "Parent Relationship": "Outer",
                      "Parallel Aware": false,
                      "Async Capable": false,
                      "Startup Cost": 741967.85,
                      "Total Cost": 742391.79,
                      "Plan Rows": 3640,
                      "Plan Width": 44,
                      "Workers Planned": 2,
                      "Plans": [
                        {
                          "Node Type": "Sort",
                          "Parent Relationship": "Outer",
                          "Parallel Aware": false,
                          "Async Capable": false,
                          "Startup Cost": 740967.83,
                          "Total Cost": 740971.62,
                          "Plan Rows": 1517,
                          "Plan Width": 44,
                          "Sort Key": [
                            "customer_demographics.cd_gender",
                            "customer_demographics.cd_marital_status",
                            "customer_demographics.cd_education_status",
                            "customer_demographics.cd_purchase_estimate",
                            "customer_demographics.cd_credit_rating"
                          ],
                          "Plans": [
                            {
                              "Node Type": "Hash Join",
                              "Parent Relationship": "Outer",
                              "Parallel Aware": true,
                              "Async Capable": false,
                              "Join Type": "Inner",
                              "Startup Cost": 708048.78,
                              "Total Cost": 740887.68,
                              "Plan Rows": 1517,
                              "Plan Width": 44,
                              "Inner Unique": false,
                              "Hash Cond": "(customer_demographics.cd_demo_sk = c.c_current_cdemo_sk)",
                              "Plans": [
                                {
                                  "Node Type": "Seq Scan",
                                  "Parent Relationship": "Outer",
                                  "Parallel Aware": true,
                                  "Async Capable": false,
                                  "Relation Name": "customer_demographics",
                                  "Alias": "customer_demographics",
                                  "Startup Cost": 0.0,
                                  "Total Cost": 29831.33,
                                  "Plan Rows": 800333,
                                  "Plan Width": 44,
                                  "parent": 6,
                                  "ID": 7
                                },
                                {
                                  "Node Type": "Hash",
                                  "Parent Relationship": "Inner",
                                  "Parallel Aware": true,
                                  "Async Capable": false,
                                  "Startup Cost": 708029.15,
                                  "Total Cost": 708029.15,
                                  "Plan Rows": 1570,
                                  "Plan Width": 8,
                                  "Plans": [
                                    {
                                      "Node Type": "Hash Join",
                                      "Parent Relationship": "Outer",
                                      "Parallel Aware": true,
                                      "Async Capable": false,
                                      "Join Type": "Inner",
                                      "Startup Cost": 691354.87,
                                      "Total Cost": 708029.15,
                                      "Plan Rows": 1570,
                                      "Plan Width": 8,
                                      "Inner Unique": false,
                                      "Hash Cond": "(c.c_current_addr_sk = ca.ca_address_sk)",
                                      "Plans": [
                                        {
                                          "Node Type": "Hash Join",
                                          "Parent Relationship": "Outer",
                                          "Parallel Aware": true,
                                          "Async Capable": false,
                                          "Join Type": "Semi",
                                          "Startup Cost": 684337.4,
                                          "Total Cost": 700954.09,
                                          "Plan Rows": 13615,
                                          "Plan Width": 12,
                                          "Inner Unique": false,
                                          "Hash Cond": "(c.c_customer_sk = store_sales.ss_customer_sk)",
                                          "Plans": [
                                            {
                                              "Node Type": "Seq Scan",
                                              "Parent Relationship": "Outer",
                                              "Parallel Aware": true,
                                              "Async Capable": false,
                                              "Relation Name": "customer",
                                              "Alias": "c",
                                              "Startup Cost": 0.0,
                                              "Total Cost": 15918.33,
                                              "Plan Rows": 208333,
                                              "Plan Width": 12,
                                              "parent": 10,
                                              "ID": 11
                                            },
                                            {
                                              "Node Type": "Hash",
                                              "Parent Relationship": "Inner",
                                              "Parallel Aware": true,
                                              "Async Capable": false,
                                              "Startup Cost": 684159.07,
                                              "Total Cost": 684159.07,
                                              "Plan Rows": 14267,
                                              "Plan Width": 4,
                                              "Plans": [
                                                {
                                                  "Node Type": "Hash Join",
                                                  "Parent Relationship": "Outer",
                                                  "Parallel Aware": true,
                                                  "Async Capable": false,
                                                  "Join Type": "Inner",
                                                  "Startup Cost": 2157.65,
                                                  "Total Cost": 684159.07,
                                                  "Plan Rows": 14267,
                                                  "Plan Width": 4,
                                                  "Inner Unique": false,
                                                  "Hash Cond": "(store_sales.ss_sold_date_sk = date_dim.d_date_sk)",
                                                  "Plans": [
                                                    {
                                                      "Node Type": "Seq Scan",
                                                      "Parent Relationship": "Outer",
                                                      "Parallel Aware": true,
                                                      "Async Capable": false,
                                                      "Relation Name": "store_sales",
                                                      "Alias": "store_sales",
                                                      "Startup Cost": 0.0,
                                                      "Total Cost": 636914.37,
                                                      "Plan Rows": 12000637,
                                                      "Plan Width": 8,
                                                      "parent": 13,
                                                      "ID": 14
                                                    },
                                                    {
                                                      "Node Type": "Hash",
                                                      "Parent Relationship": "Inner",
                                                      "Parallel Aware": true,
                                                      "Async Capable": false,
                                                      "Startup Cost": 2156.97,
                                                      "Total Cost": 2156.97,
                                                      "Plan Rows": 54,
                                                      "Plan Width": 4,
                                                      "Plans": [
                                                        {
                                                          "Node Type": "Seq Scan",
                                                          "Parent Relationship": "Outer",
                                                          "Parallel Aware": true,
                                                          "Async Capable": false,
                                                          "Relation Name": "date_dim",
                                                          "Alias": "date_dim",
                                                          "Startup Cost": 0.0,
                                                          "Total Cost": 2156.97,
                                                          "Plan Rows": 54,
                                                          "Plan Width": 4,
                                                          "Filter": "((d_moy >= 4) AND (d_moy <= 6) AND (d_year = 2002))",
                                                          "parent": 15,
                                                          "ID": 16
                                                        }
                                                      ],
                                                      "parent": 13,
                                                      "ID": 15,
                                                      "left": 16
                                                    }
                                                  ],
                                                  "parent": 12,
                                                  "ID": 13,
                                                  "left": 14,
                                                  "right": 15
                                                }
                                              ],
                                              "parent": 10,
                                              "ID": 12,
                                              "left": 13
                                            }
                                          ],
                                          "parent": 9,
                                          "ID": 10,
                                          "left": 11,
                                          "right": 12
                                        },
                                        {
                                          "Node Type": "Hash",
                                          "Parent Relationship": "Inner",
                                          "Parallel Aware": true,
                                          "Async Capable": false,
                                          "Startup Cost": 6867.29,
                                          "Total Cost": 6867.29,
                                          "Plan Rows": 12014,
                                          "Plan Width": 4,
                                          "Plans": [
                                            {
                                              "Node Type": "Seq Scan",
                                              "Parent Relationship": "Outer",
                                              "Parallel Aware": true,
                                              "Async Capable": false,
                                              "Relation Name": "customer_address",
                                              "Alias": "ca",
                                              "Startup Cost": 0.0,
                                              "Total Cost": 6867.29,
                                              "Plan Rows": 12014,
                                              "Plan Width": 4,
                                              "Filter": "(ca_state = ANY ('{WA,WI,TX}'::bpchar[]))",
                                              "parent": 17,
                                              "ID": 18
                                            }
                                          ],
                                          "parent": 9,
                                          "ID": 17,
                                          "left": 18
                                        }
                                      ],
                                      "parent": 8,
                                      "ID": 9,
                                      "left": 10,
                                      "right": 17
                                    }
                                  ],
                                  "parent": 6,
                                  "ID": 8,
                                  "left": 9
                                }
                              ],
                              "parent": 5,
                              "ID": 6,
                              "left": 7,
                              "right": 8
                            }
                          ],
                          "parent": 4,
                          "ID": 5,
                          "left": 6
                        }
                      ],
                      "parent": 3,
                      "ID": 4,
                      "left": 5
                    },
                    {
                      "Node Type": "Materialize",
                      "Parent Relationship": "Inner",
                      "Parallel Aware": false,
                      "Async Capable": false,
                      "Startup Cost": 3157.65,
                      "Total Cost": 233105.09,
                      "Plan Rows": 8964,
                      "Plan Width": 4,
                      "Plans": [
                        {
                          "Node Type": "Gather",
                          "Parent Relationship": "Outer",
                          "Parallel Aware": false,
                          "Async Capable": false,
                          "Startup Cost": 3157.65,
                          "Total Cost": 233060.27,
                          "Plan Rows": 8964,
                          "Plan Width": 4,
                          "Workers Planned": 2,
                          "Single Copy": false,
                          "Plans": [
                            {
                              "Node Type": "Hash Join",
                              "Parent Relationship": "Outer",
                              "Parallel Aware": true,
                              "Async Capable": false,
                              "Join Type": "Inner",
                              "Startup Cost": 2157.65,
                              "Total Cost": 231163.87,
                              "Plan Rows": 3735,
                              "Plan Width": 4,
                              "Inner Unique": false,
                              "Hash Cond": "(web_sales.ws_sold_date_sk = date_dim_1.d_date_sk)",
                              "Plans": [
                                {
                                  "Node Type": "Seq Scan",
                                  "Parent Relationship": "Outer",
                                  "Parallel Aware": true,
                                  "Async Capable": false,
                                  "Relation Name": "web_sales",
                                  "Alias": "web_sales",
                                  "Startup Cost": 0.0,
                                  "Total Cost": 217737.86,
                                  "Plan Rows": 2998986,
                                  "Plan Width": 8,
                                  "parent": 21,
                                  "ID": 22
                                },
                                {
                                  "Node Type": "Hash",
                                  "Parent Relationship": "Inner",
                                  "Parallel Aware": true,
                                  "Async Capable": false,
                                  "Startup Cost": 2156.97,
                                  "Total Cost": 2156.97,
                                  "Plan Rows": 54,
                                  "Plan Width": 4,
                                  "Plans": [
                                    {
                                      "Node Type": "Seq Scan",
                                      "Parent Relationship": "Outer",
                                      "Parallel Aware": true,
                                      "Async Capable": false,
                                      "Relation Name": "date_dim",
                                      "Alias": "date_dim_1",
                                      "Startup Cost": 0.0,
                                      "Total Cost": 2156.97,
                                      "Plan Rows": 54,
                                      "Plan Width": 4,
                                      "Filter": "((d_moy >= 4) AND (d_moy <= 6) AND (d_year = 2002))",
                                      "parent": 23,
                                      "ID": 24
                                    }
                                  ],
                                  "parent": 21,
                                  "ID": 23,
                                  "left": 24
                                }
                              ],
                              "parent": 20,
                              "ID": 21,
                              "left": 22,
                              "right": 23
                            }
                          ],
                          "parent": 19,
                          "ID": 20,
                          "left": 21
                        }
                      ],
                      "parent": 3,
                      "ID": 19,
                      "left": 20
                    }
                  ],
                  "parent": 2,
                  "ID": 3,
                  "left": 4,
                  "right": 19
                },
                {
                  "Node Type": "Materialize",
                  "Parent Relationship": "Inner",
                  "Parallel Aware": false,
                  "Async Capable": false,
                  "Startup Cost": 2684.49,
                  "Total Cost": 574652.42,
                  "Plan Rows": 17839,
                  "Plan Width": 4,
                  "Plans": [
                    {
                      "Node Type": "Hash Join",
                      "Parent Relationship": "Outer",
                      "Parallel Aware": false,
                      "Async Capable": false,
                      "Join Type": "Inner",
                      "Startup Cost": 2684.49,
                      "Total Cost": 574563.22,
                      "Plan Rows": 17839,
                      "Plan Width": 4,
                      "Inner Unique": false,
                      "Hash Cond": "(catalog_sales.cs_sold_date_sk = date_dim_2.d_date_sk)",
                      "Plans": [
                        {
                          "Node Type": "Seq Scan",
                          "Parent Relationship": "Outer",
                          "Parallel Aware": false,
                          "Async Capable": false,
                          "Relation Name": "catalog_sales",
                          "Alias": "catalog_sales",
                          "Startup Cost": 0.0,
                          "Total Cost": 517695.61,
                          "Plan Rows": 14401261,
                          "Plan Width": 8,
                          "parent": 26,
                          "ID": 27
                        },
                        {
                          "Node Type": "Hash",
                          "Parent Relationship": "Inner",
                          "Parallel Aware": false,
                          "Async Capable": false,
                          "Startup Cost": 2683.36,
                          "Total Cost": 2683.36,
                          "Plan Rows": 91,
                          "Plan Width": 4,
                          "Plans": [
                            {
                              "Node Type": "Seq Scan",
                              "Parent Relationship": "Outer",
                              "Parallel Aware": false,
                              "Async Capable": false,
                              "Relation Name": "date_dim",
                              "Alias": "date_dim_2",
                              "Startup Cost": 0.0,
                              "Total Cost": 2683.36,
                              "Plan Rows": 91,
                              "Plan Width": 4,
                              "Filter": "((d_moy >= 4) AND (d_moy <= 6) AND (d_year = 2002))",
                              "parent": 28,
                              "ID": 29
                            }
                          ],
                          "parent": 26,
                          "ID": 28,
                          "left": 29
                        }
                      ],
                      "parent": 25,
                      "ID": 26,
                      "left": 27,
                      "right": 28
                    }
                  ],
                  "parent": 2,
                  "ID": 25,
                  "left": 26
                }
              ],
              "parent": 1,
              "ID": 2,
              "left": 3,
              "right": 25
            }
          ],
          "parent": 0,
          "ID": 1,
          "left": 2
        }
      ],
      "parent": null,
      "ID": 0,
      "left": 1
    },
    "feat": {
      "utility": 0.0,
      "query_shape": [
        [
          "Seq Scan",
          "Hash Join",
          "Sort",
          "Gather Merge",
          "Nested Loop",
          "Aggregate"
        ],
        [
          "Seq Scan",
          "Hash Join",
          "Hash",
          "Sort",
          "Gather Merge",
          "Nested Loop",
          "Aggregate"
        ],
        [
          "Seq Scan",
          "Hash Join",
          "Hash",
          "Sort",
          "Gather Merge",
          "Nested Loop",
          "Aggregate"
        ],
        [
          "Seq Scan",
          "Hash",
          "Hash Join",
          "Sort",
          "Gather Merge",
          "Nested Loop",
          "Aggregate"
        ],
        [
          "Seq Scan",
          "Hash",
          "Hash Join",
          "Sort",
          "Gather Merge",
          "Nested Loop",
          "Aggregate"
        ],
        [
          "Seq Scan",
          "Hash Join",
          "Gather",
          "Materialize",
          "Nested Loop",
          "Aggregate"
        ],
        [
          "Seq Scan",
          "Hash",
          "Hash Join",
          "Gather",
          "Materialize",
          "Nested Loop",
          "Aggregate"
        ],
        [
          "Seq Scan",
          "Hash Join",
          "Materialize",
          "Nested Loop",
          "Aggregate"
        ],
        [
          "Seq Scan",
          "Hash",
          "Hash Join",
          "Materialize",
          "Nested Loop",
          "Aggregate"
        ]
      ],
      "index_shape": [],
      "physical_operator": {}
    }
  },
  {
    "query": "select  \n  cd_gender,\n  cd_marital_status,\n  cd_education_status,\n  count(*) cnt1,\n  cd_purchase_estimate,\n  count(*) cnt2,\n  cd_credit_rating,\n  count(*) cnt3\n from\n  customer c,customer_address ca,customer_demographics\n where\n  c.c_current_addr_sk = ca.ca_address_sk and\n  ca_state in ('WA','WI','TX') and\n  cd_demo_sk = c.c_current_cdemo_sk and \n  exists (select *\n          from store_sales,date_dim\n          where c.c_customer_sk = ss_customer_sk and\n                ss_sold_date_sk = d_date_sk and\n                d_year = 2002 and\n                d_moy between 4 and 4+2) and\n   (not exists (select *\n            from web_sales,date_dim\n            where c.c_customer_sk = ws_bill_customer_sk and\n                  ws_sold_date_sk = d_date_sk and\n                  d_year = 2002 and\n                  d_moy between 4 and 4+2) and\n    not exists (select * \n            from catalog_sales,date_dim\n            where c.c_customer_sk = cs_ship_customer_sk and\n                  cs_sold_date_sk = d_date_sk and\n                  d_year = 2002 and\n                  d_moy between 4 and 4+2))\n group by cd_gender,\n          cd_marital_status,\n          cd_education_status,\n          cd_purchase_estimate,\n          cd_credit_rating\n order by cd_gender,\n          cd_marital_status,\n          cd_education_status,\n          cd_purchase_estimate,\n          cd_credit_rating\n limit 100;\n\n-- end query 51 in stream 2 using template query69.tpl\n",
    "indexes": "customer_address.ca_state",
    "wo plan est": {
      "Node Type": "Limit",
      "Parallel Aware": false,
      "Async Capable": false,
      "Startup Cost": 747810.0,
      "Total Cost": 813030.24,
      "Plan Rows": 100,
      "Plan Width": 64,
      "Plans": [
        {
          "Node Type": "Aggregate",
          "Strategy": "Sorted",
          "Partial Mode": "Simple",
          "Parent Relationship": "Outer",
          "Parallel Aware": false,
          "Async Capable": false,
          "Startup Cost": 747810.0,
          "Total Cost": 2995951.65,
          "Plan Rows": 3447,
          "Plan Width": 64,
          "Group Key": [
            "customer_demographics.cd_gender",
            "customer_demographics.cd_marital_status",
            "customer_demographics.cd_education_status",
            "customer_demographics.cd_purchase_estimate",
            "customer_demographics.cd_credit_rating"
          ],
          "Plans": [
            {
              "Node Type": "Nested Loop",
              "Parent Relationship": "Outer",
              "Parallel Aware": false,
              "Async Capable": false,
              "Join Type": "Anti",
              "Startup Cost": 747810.0,
              "Total Cost": 2995865.48,
              "Plan Rows": 3447,
              "Plan Width": 40,
              "Inner Unique": false,
              "Join Filter": "(c.c_customer_sk = catalog_sales.cs_ship_customer_sk)",
              "Plans": [
                {
                  "Node Type": "Nested Loop",
                  "Parent Relationship": "Outer",
                  "Parallel Aware": false,
                  "Async Capable": false,
                  "Join Type": "Anti",
                  "Startup Cost": 745125.5,
                  "Total Cost": 1464908.87,
                  "Plan Rows": 3574,
                  "Plan Width": 44,
                  "Inner Unique": false,
                  "Join Filter": "(c.c_customer_sk = web_sales.ws_bill_customer_sk)",
                  "Plans": [
                    {
                      "Node Type": "Gather Merge",
                      "Parent Relationship": "Outer",
                      "Parallel Aware": false,
                      "Async Capable": false,
                      "Startup Cost": 741967.85,
                      "Total Cost": 742391.79,
                      "Plan Rows": 3640,
                      "Plan Width": 44,
                      "Workers Planned": 2,
                      "Plans": [
                        {
                          "Node Type": "Sort",
                          "Parent Relationship": "Outer",
                          "Parallel Aware": false,
                          "Async Capable": false,
                          "Startup Cost": 740967.83,
                          "Total Cost": 740971.62,
                          "Plan Rows": 1517,
                          "Plan Width": 44,
                          "Sort Key": [
                            "customer_demographics.cd_gender",
                            "customer_demographics.cd_marital_status",
                            "customer_demographics.cd_education_status",
                            "customer_demographics.cd_purchase_estimate",
                            "customer_demographics.cd_credit_rating"
                          ],
                          "Plans": [
                            {
                              "Node Type": "Hash Join",
                              "Parent Relationship": "Outer",
                              "Parallel Aware": true,
                              "Async Capable": false,
                              "Join Type": "Inner",
                              "Startup Cost": 708048.78,
                              "Total Cost": 740887.68,
                              "Plan Rows": 1517,
                              "Plan Width": 44,
                              "Inner Unique": false,
                              "Hash Cond": "(customer_demographics.cd_demo_sk = c.c_current_cdemo_sk)",
                              "Plans": [
                                {
                                  "Node Type": "Seq Scan",
                                  "Parent Relationship": "Outer",
                                  "Parallel Aware": true,
                                  "Async Capable": false,
                                  "Relation Name": "customer_demographics",
                                  "Alias": "customer_demographics",
                                  "Startup Cost": 0.0,
                                  "Total Cost": 29831.33,
                                  "Plan Rows": 800333,
                                  "Plan Width": 44,
                                  "parent": 6,
                                  "ID": 7
                                },
                                {
                                  "Node Type": "Hash",
                                  "Parent Relationship": "Inner",
                                  "Parallel Aware": true,
                                  "Async Capable": false,
                                  "Startup Cost": 708029.15,
                                  "Total Cost": 708029.15,
                                  "Plan Rows": 1570,
                                  "Plan Width": 8,
                                  "Plans": [
                                    {
                                      "Node Type": "Hash Join",
                                      "Parent Relationship": "Outer",
                                      "Parallel Aware": true,
                                      "Async Capable": false,
                                      "Join Type": "Inner",
                                      "Startup Cost": 691354.87,
                                      "Total Cost": 708029.15,
                                      "Plan Rows": 1570,
                                      "Plan Width": 8,
                                      "Inner Unique": false,
                                      "Hash Cond": "(c.c_current_addr_sk = ca.ca_address_sk)",
                                      "Plans": [
                                        {
                                          "Node Type": "Hash Join",
                                          "Parent Relationship": "Outer",
                                          "Parallel Aware": true,
                                          "Async Capable": false,
                                          "Join Type": "Semi",
                                          "Startup Cost": 684337.4,
                                          "Total Cost": 700954.09,
                                          "Plan Rows": 13615,
                                          "Plan Width": 12,
                                          "Inner Unique": false,
                                          "Hash Cond": "(c.c_customer_sk = store_sales.ss_customer_sk)",
                                          "Plans": [
                                            {
                                              "Node Type": "Seq Scan",
                                              "Parent Relationship": "Outer",
                                              "Parallel Aware": true,
                                              "Async Capable": false,
                                              "Relation Name": "customer",
                                              "Alias": "c",
                                              "Startup Cost": 0.0,
                                              "Total Cost": 15918.33,
                                              "Plan Rows": 208333,
                                              "Plan Width": 12,
                                              "parent": 10,
                                              "ID": 11
                                            },
                                            {
                                              "Node Type": "Hash",
                                              "Parent Relationship": "Inner",
                                              "Parallel Aware": true,
                                              "Async Capable": false,
                                              "Startup Cost": 684159.07,
                                              "Total Cost": 684159.07,
                                              "Plan Rows": 14267,
                                              "Plan Width": 4,
                                              "Plans": [
                                                {
                                                  "Node Type": "Hash Join",
                                                  "Parent Relationship": "Outer",
                                                  "Parallel Aware": true,
                                                  "Async Capable": false,
                                                  "Join Type": "Inner",
                                                  "Startup Cost": 2157.65,
                                                  "Total Cost": 684159.07,
                                                  "Plan Rows": 14267,
                                                  "Plan Width": 4,
                                                  "Inner Unique": false,
                                                  "Hash Cond": "(store_sales.ss_sold_date_sk = date_dim.d_date_sk)",
                                                  "Plans": [
                                                    {
                                                      "Node Type": "Seq Scan",
                                                      "Parent Relationship": "Outer",
                                                      "Parallel Aware": true,
                                                      "Async Capable": false,
                                                      "Relation Name": "store_sales",
                                                      "Alias": "store_sales",
                                                      "Startup Cost": 0.0,
                                                      "Total Cost": 636914.37,
                                                      "Plan Rows": 12000637,
                                                      "Plan Width": 8,
                                                      "parent": 13,
                                                      "ID": 14
                                                    },
                                                    {
                                                      "Node Type": "Hash",
                                                      "Parent Relationship": "Inner",
                                                      "Parallel Aware": true,
                                                      "Async Capable": false,
                                                      "Startup Cost": 2156.97,
                                                      "Total Cost": 2156.97,
                                                      "Plan Rows": 54,
                                                      "Plan Width": 4,
                                                      "Plans": [
                                                        {
                                                          "Node Type": "Seq Scan",
                                                          "Parent Relationship": "Outer",
                                                          "Parallel Aware": true,
                                                          "Async Capable": false,
                                                          "Relation Name": "date_dim",
                                                          "Alias": "date_dim",
                                                          "Startup Cost": 0.0,
                                                          "Total Cost": 2156.97,
                                                          "Plan Rows": 54,
                                                          "Plan Width": 4,
                                                          "Filter": "((d_moy >= 4) AND (d_moy <= 6) AND (d_year = 2002))",
                                                          "parent": 15,
                                                          "ID": 16
                                                        }
                                                      ],
                                                      "parent": 13,
                                                      "ID": 15,
                                                      "left": 16
                                                    }
                                                  ],
                                                  "parent": 12,
                                                  "ID": 13,
                                                  "left": 14,
                                                  "right": 15
                                                }
                                              ],
                                              "parent": 10,
                                              "ID": 12,
                                              "left": 13
                                            }
                                          ],
                                          "parent": 9,
                                          "ID": 10,
                                          "left": 11,
                                          "right": 12
                                        },
                                        {
                                          "Node Type": "Hash",
                                          "Parent Relationship": "Inner",
                                          "Parallel Aware": true,
                                          "Async Capable": false,
                                          "Startup Cost": 6867.29,
                                          "Total Cost": 6867.29,
                                          "Plan Rows": 12014,
                                          "Plan Width": 4,
                                          "Plans": [
                                            {
                                              "Node Type": "Seq Scan",
                                              "Parent Relationship": "Outer",
                                              "Parallel Aware": true,
                                              "Async Capable": false,
                                              "Relation Name": "customer_address",
                                              "Alias": "ca",
                                              "Startup Cost": 0.0,
                                              "Total Cost": 6867.29,
                                              "Plan Rows": 12014,
                                              "Plan Width": 4,
                                              "Filter": "(ca_state = ANY ('{WA,WI,TX}'::bpchar[]))",
                                              "parent": 17,
                                              "ID": 18
                                            }
                                          ],
                                          "parent": 9,
                                          "ID": 17,
                                          "left": 18
                                        }
                                      ],
                                      "parent": 8,
                                      "ID": 9,
                                      "left": 10,
                                      "right": 17
                                    }
                                  ],
                                  "parent": 6,
                                  "ID": 8,
                                  "left": 9
                                }
                              ],
                              "parent": 5,
                              "ID": 6,
                              "left": 7,
                              "right": 8
                            }
                          ],
                          "parent": 4,
                          "ID": 5,
                          "left": 6
                        }
                      ],
                      "parent": 3,
                      "ID": 4,
                      "left": 5
                    },
                    {
                      "Node Type": "Materialize",
                      "Parent Relationship": "Inner",
                      "Parallel Aware": false,
                      "Async Capable": false,
                      "Startup Cost": 3157.65,
                      "Total Cost": 233105.09,
                      "Plan Rows": 8964,
                      "Plan Width": 4,
                      "Plans": [
                        {
                          "Node Type": "Gather",
                          "Parent Relationship": "Outer",
                          "Parallel Aware": false,
                          "Async Capable": false,
                          "Startup Cost": 3157.65,
                          "Total Cost": 233060.27,
                          "Plan Rows": 8964,
                          "Plan Width": 4,
                          "Workers Planned": 2,
                          "Single Copy": false,
                          "Plans": [
                            {
                              "Node Type": "Hash Join",
                              "Parent Relationship": "Outer",
                              "Parallel Aware": true,
                              "Async Capable": false,
                              "Join Type": "Inner",
                              "Startup Cost": 2157.65,
                              "Total Cost": 231163.87,
                              "Plan Rows": 3735,
                              "Plan Width": 4,
                              "Inner Unique": false,
                              "Hash Cond": "(web_sales.ws_sold_date_sk = date_dim_1.d_date_sk)",
                              "Plans": [
                                {
                                  "Node Type": "Seq Scan",
                                  "Parent Relationship": "Outer",
                                  "Parallel Aware": true,
                                  "Async Capable": false,
                                  "Relation Name": "web_sales",
                                  "Alias": "web_sales",
                                  "Startup Cost": 0.0,
                                  "Total Cost": 217737.86,
                                  "Plan Rows": 2998986,
                                  "Plan Width": 8,
                                  "parent": 21,
                                  "ID": 22
                                },
                                {
                                  "Node Type": "Hash",
                                  "Parent Relationship": "Inner",
                                  "Parallel Aware": true,
                                  "Async Capable": false,
                                  "Startup Cost": 2156.97,
                                  "Total Cost": 2156.97,
                                  "Plan Rows": 54,
                                  "Plan Width": 4,
                                  "Plans": [
                                    {
                                      "Node Type": "Seq Scan",
                                      "Parent Relationship": "Outer",
                                      "Parallel Aware": true,
                                      "Async Capable": false,
                                      "Relation Name": "date_dim",
                                      "Alias": "date_dim_1",
                                      "Startup Cost": 0.0,
                                      "Total Cost": 2156.97,
                                      "Plan Rows": 54,
                                      "Plan Width": 4,
                                      "Filter": "((d_moy >= 4) AND (d_moy <= 6) AND (d_year = 2002))",
                                      "parent": 23,
                                      "ID": 24
                                    }
                                  ],
                                  "parent": 21,
                                  "ID": 23,
                                  "left": 24
                                }
                              ],
                              "parent": 20,
                              "ID": 21,
                              "left": 22,
                              "right": 23
                            }
                          ],
                          "parent": 19,
                          "ID": 20,
                          "left": 21
                        }
                      ],
                      "parent": 3,
                      "ID": 19,
                      "left": 20
                    }
                  ],
                  "parent": 2,
                  "ID": 3,
                  "left": 4,
                  "right": 19
                },
                {
                  "Node Type": "Materialize",
                  "Parent Relationship": "Inner",
                  "Parallel Aware": false,
                  "Async Capable": false,
                  "Startup Cost": 2684.49,
                  "Total Cost": 574652.42,
                  "Plan Rows": 17839,
                  "Plan Width": 4,
                  "Plans": [
                    {
                      "Node Type": "Hash Join",
                      "Parent Relationship": "Outer",
                      "Parallel Aware": false,
                      "Async Capable": false,
                      "Join Type": "Inner",
                      "Startup Cost": 2684.49,
                      "Total Cost": 574563.22,
                      "Plan Rows": 17839,
                      "Plan Width": 4,
                      "Inner Unique": false,
                      "Hash Cond": "(catalog_sales.cs_sold_date_sk = date_dim_2.d_date_sk)",
                      "Plans": [
                        {
                          "Node Type": "Seq Scan",
                          "Parent Relationship": "Outer",
                          "Parallel Aware": false,
                          "Async Capable": false,
                          "Relation Name": "catalog_sales",
                          "Alias": "catalog_sales",
                          "Startup Cost": 0.0,
                          "Total Cost": 517695.61,
                          "Plan Rows": 14401261,
                          "Plan Width": 8,
                          "parent": 26,
                          "ID": 27
                        },
                        {
                          "Node Type": "Hash",
                          "Parent Relationship": "Inner",
                          "Parallel Aware": false,
                          "Async Capable": false,
                          "Startup Cost": 2683.36,
                          "Total Cost": 2683.36,
                          "Plan Rows": 91,
                          "Plan Width": 4,
                          "Plans": [
                            {
                              "Node Type": "Seq Scan",
                              "Parent Relationship": "Outer",
                              "Parallel Aware": false,
                              "Async Capable": false,
                              "Relation Name": "date_dim",
                              "Alias": "date_dim_2",
                              "Startup Cost": 0.0,
                              "Total Cost": 2683.36,
                              "Plan Rows": 91,
                              "Plan Width": 4,
                              "Filter": "((d_moy >= 4) AND (d_moy <= 6) AND (d_year = 2002))",
                              "parent": 28,
                              "ID": 29
                            }
                          ],
                          "parent": 26,
                          "ID": 28,
                          "left": 29
                        }
                      ],
                      "parent": 25,
                      "ID": 26,
                      "left": 27,
                      "right": 28
                    }
                  ],
                  "parent": 2,
                  "ID": 25,
                  "left": 26
                }
              ],
              "parent": 1,
              "ID": 2,
              "left": 3,
              "right": 25
            }
          ],
          "parent": 0,
          "ID": 1,
          "left": 2
        }
      ],
      "parent": null,
      "ID": 0,
      "left": 1
    },
    "feat": {
      "utility": 0.008040630212918034,
      "query_shape": [
        [
          "Seq Scan",
          "Hash Join",
          "Sort",
          "Gather Merge",
          "Nested Loop",
          "Aggregate"
        ],
        [
          "Seq Scan",
          "Hash Join",
          "Hash",
          "Sort",
          "Gather Merge",
          "Nested Loop",
          "Aggregate"
        ],
        [
          "Seq Scan",
          "Hash Join",
          "Hash",
          "Sort",
          "Gather Merge",
          "Nested Loop",
          "Aggregate"
        ],
        [
          "Seq Scan",
          "Hash",
          "Hash Join",
          "Sort",
          "Gather Merge",
          "Nested Loop",
          "Aggregate"
        ],
        [
          "Seq Scan",
          "Hash",
          "Hash Join",
          "Sort",
          "Gather Merge",
          "Nested Loop",
          "Aggregate"
        ],
        [
          "Seq Scan",
          "Hash Join",
          "Gather",
          "Materialize",
          "Nested Loop",
          "Aggregate"
        ],
        [
          "Seq Scan",
          "Hash",
          "Hash Join",
          "Gather",
          "Materialize",
          "Nested Loop",
          "Aggregate"
        ],
        [
          "Seq Scan",
          "Hash Join",
          "Materialize",
          "Nested Loop",
          "Aggregate"
        ],
        [
          "Seq Scan",
          "Hash",
          "Hash Join",
          "Materialize",
          "Nested Loop",
          "Aggregate"
        ]
      ],
      "index_shape": [
        "selection"
      ],
      "physical_operator": {
        "Seq Scan": [
          0.04805599999999999
        ]
      }
    }
  },
  {
    "query": "select  \n  cd_gender,\n  cd_marital_status,\n  cd_education_status,\n  count(*) cnt1,\n  cd_purchase_estimate,\n  count(*) cnt2,\n  cd_credit_rating,\n  count(*) cnt3\n from\n  customer c,customer_address ca,customer_demographics\n where\n  c.c_current_addr_sk = ca.ca_address_sk and\n  ca_state in ('WA','WI','TX') and\n  cd_demo_sk = c.c_current_cdemo_sk and \n  exists (select *\n          from store_sales,date_dim\n          where c.c_customer_sk = ss_customer_sk and\n                ss_sold_date_sk = d_date_sk and\n                d_year = 2002 and\n                d_moy between 4 and 4+2) and\n   (not exists (select *\n            from web_sales,date_dim\n            where c.c_customer_sk = ws_bill_customer_sk and\n                  ws_sold_date_sk = d_date_sk and\n                  d_year = 2002 and\n                  d_moy between 4 and 4+2) and\n    not exists (select * \n            from catalog_sales,date_dim\n            where c.c_customer_sk = cs_ship_customer_sk and\n                  cs_sold_date_sk = d_date_sk and\n                  d_year = 2002 and\n                  d_moy between 4 and 4+2))\n group by cd_gender,\n          cd_marital_status,\n          cd_education_status,\n          cd_purchase_estimate,\n          cd_credit_rating\n order by cd_gender,\n          cd_marital_status,\n          cd_education_status,\n          cd_purchase_estimate,\n          cd_credit_rating\n limit 100;\n\n-- end query 51 in stream 2 using template query69.tpl\n",
    "indexes": "customer_demographics.cd_purchase_estimate",
    "wo plan est": {
      "Node Type": "Limit",
      "Parallel Aware": false,
      "Async Capable": false,
      "Startup Cost": 747810.0,
      "Total Cost": 813030.24,
      "Plan Rows": 100,
      "Plan Width": 64,
      "Plans": [
        {
          "Node Type": "Aggregate",
          "Strategy": "Sorted",
          "Partial Mode": "Simple",
          "Parent Relationship": "Outer",
          "Parallel Aware": false,
          "Async Capable": false,
          "Startup Cost": 747810.0,
          "Total Cost": 2995951.65,
          "Plan Rows": 3447,
          "Plan Width": 64,
          "Group Key": [
            "customer_demographics.cd_gender",
            "customer_demographics.cd_marital_status",
            "customer_demographics.cd_education_status",
            "customer_demographics.cd_purchase_estimate",
            "customer_demographics.cd_credit_rating"
          ],
          "Plans": [
            {
              "Node Type": "Nested Loop",
              "Parent Relationship": "Outer",
              "Parallel Aware": false,
              "Async Capable": false,
              "Join Type": "Anti",
              "Startup Cost": 747810.0,
              "Total Cost": 2995865.48,
              "Plan Rows": 3447,
              "Plan Width": 40,
              "Inner Unique": false,
              "Join Filter": "(c.c_customer_sk = catalog_sales.cs_ship_customer_sk)",
              "Plans": [
                {
                  "Node Type": "Nested Loop",
                  "Parent Relationship": "Outer",
                  "Parallel Aware": false,
                  "Async Capable": false,
                  "Join Type": "Anti",
                  "Startup Cost": 745125.5,
                  "Total Cost": 1464908.87,
                  "Plan Rows": 3574,
                  "Plan Width": 44,
                  "Inner Unique": false,
                  "Join Filter": "(c.c_customer_sk = web_sales.ws_bill_customer_sk)",
                  "Plans": [
                    {
                      "Node Type": "Gather Merge",
                      "Parent Relationship": "Outer",
                      "Parallel Aware": false,
                      "Async Capable": false,
                      "Startup Cost": 741967.85,
                      "Total Cost": 742391.79,
                      "Plan Rows": 3640,
                      "Plan Width": 44,
                      "Workers Planned": 2,
                      "Plans": [
                        {
                          "Node Type": "Sort",
                          "Parent Relationship": "Outer",
                          "Parallel Aware": false,
                          "Async Capable": false,
                          "Startup Cost": 740967.83,
                          "Total Cost": 740971.62,
                          "Plan Rows": 1517,
                          "Plan Width": 44,
                          "Sort Key": [
                            "customer_demographics.cd_gender",
                            "customer_demographics.cd_marital_status",
                            "customer_demographics.cd_education_status",
                            "customer_demographics.cd_purchase_estimate",
                            "customer_demographics.cd_credit_rating"
                          ],
                          "Plans": [
                            {
                              "Node Type": "Hash Join",
                              "Parent Relationship": "Outer",
                              "Parallel Aware": true,
                              "Async Capable": false,
                              "Join Type": "Inner",
                              "Startup Cost": 708048.78,
                              "Total Cost": 740887.68,
                              "Plan Rows": 1517,
                              "Plan Width": 44,
                              "Inner Unique": false,
                              "Hash Cond": "(customer_demographics.cd_demo_sk = c.c_current_cdemo_sk)",
                              "Plans": [
                                {
                                  "Node Type": "Seq Scan",
                                  "Parent Relationship": "Outer",
                                  "Parallel Aware": true,
                                  "Async Capable": false,
                                  "Relation Name": "customer_demographics",
                                  "Alias": "customer_demographics",
                                  "Startup Cost": 0.0,
                                  "Total Cost": 29831.33,
                                  "Plan Rows": 800333,
                                  "Plan Width": 44,
                                  "parent": 6,
                                  "ID": 7
                                },
                                {
                                  "Node Type": "Hash",
                                  "Parent Relationship": "Inner",
                                  "Parallel Aware": true,
                                  "Async Capable": false,
                                  "Startup Cost": 708029.15,
                                  "Total Cost": 708029.15,
                                  "Plan Rows": 1570,
                                  "Plan Width": 8,
                                  "Plans": [
                                    {
                                      "Node Type": "Hash Join",
                                      "Parent Relationship": "Outer",
                                      "Parallel Aware": true,
                                      "Async Capable": false,
                                      "Join Type": "Inner",
                                      "Startup Cost": 691354.87,
                                      "Total Cost": 708029.15,
                                      "Plan Rows": 1570,
                                      "Plan Width": 8,
                                      "Inner Unique": false,
                                      "Hash Cond": "(c.c_current_addr_sk = ca.ca_address_sk)",
                                      "Plans": [
                                        {
                                          "Node Type": "Hash Join",
                                          "Parent Relationship": "Outer",
                                          "Parallel Aware": true,
                                          "Async Capable": false,
                                          "Join Type": "Semi",
                                          "Startup Cost": 684337.4,
                                          "Total Cost": 700954.09,
                                          "Plan Rows": 13615,
                                          "Plan Width": 12,
                                          "Inner Unique": false,
                                          "Hash Cond": "(c.c_customer_sk = store_sales.ss_customer_sk)",
                                          "Plans": [
                                            {
                                              "Node Type": "Seq Scan",
                                              "Parent Relationship": "Outer",
                                              "Parallel Aware": true,
                                              "Async Capable": false,
                                              "Relation Name": "customer",
                                              "Alias": "c",
                                              "Startup Cost": 0.0,
                                              "Total Cost": 15918.33,
                                              "Plan Rows": 208333,
                                              "Plan Width": 12,
                                              "parent": 10,
                                              "ID": 11
                                            },
                                            {
                                              "Node Type": "Hash",
                                              "Parent Relationship": "Inner",
                                              "Parallel Aware": true,
                                              "Async Capable": false,
                                              "Startup Cost": 684159.07,
                                              "Total Cost": 684159.07,
                                              "Plan Rows": 14267,
                                              "Plan Width": 4,
                                              "Plans": [
                                                {
                                                  "Node Type": "Hash Join",
                                                  "Parent Relationship": "Outer",
                                                  "Parallel Aware": true,
                                                  "Async Capable": false,
                                                  "Join Type": "Inner",
                                                  "Startup Cost": 2157.65,
                                                  "Total Cost": 684159.07,
                                                  "Plan Rows": 14267,
                                                  "Plan Width": 4,
                                                  "Inner Unique": false,
                                                  "Hash Cond": "(store_sales.ss_sold_date_sk = date_dim.d_date_sk)",
                                                  "Plans": [
                                                    {
                                                      "Node Type": "Seq Scan",
                                                      "Parent Relationship": "Outer",
                                                      "Parallel Aware": true,
                                                      "Async Capable": false,
                                                      "Relation Name": "store_sales",
                                                      "Alias": "store_sales",
                                                      "Startup Cost": 0.0,
                                                      "Total Cost": 636914.37,
                                                      "Plan Rows": 12000637,
                                                      "Plan Width": 8,
                                                      "parent": 13,
                                                      "ID": 14
                                                    },
                                                    {
                                                      "Node Type": "Hash",
                                                      "Parent Relationship": "Inner",
                                                      "Parallel Aware": true,
                                                      "Async Capable": false,
                                                      "Startup Cost": 2156.97,
                                                      "Total Cost": 2156.97,
                                                      "Plan Rows": 54,
                                                      "Plan Width": 4,
                                                      "Plans": [
                                                        {
                                                          "Node Type": "Seq Scan",
                                                          "Parent Relationship": "Outer",
                                                          "Parallel Aware": true,
                                                          "Async Capable": false,
                                                          "Relation Name": "date_dim",
                                                          "Alias": "date_dim",
                                                          "Startup Cost": 0.0,
                                                          "Total Cost": 2156.97,
                                                          "Plan Rows": 54,
                                                          "Plan Width": 4,
                                                          "Filter": "((d_moy >= 4) AND (d_moy <= 6) AND (d_year = 2002))",
                                                          "parent": 15,
                                                          "ID": 16
                                                        }
                                                      ],
                                                      "parent": 13,
                                                      "ID": 15,
                                                      "left": 16
                                                    }
                                                  ],
                                                  "parent": 12,
                                                  "ID": 13,
                                                  "left": 14,
                                                  "right": 15
                                                }
                                              ],
                                              "parent": 10,
                                              "ID": 12,
                                              "left": 13
                                            }
                                          ],
                                          "parent": 9,
                                          "ID": 10,
                                          "left": 11,
                                          "right": 12
                                        },
                                        {
                                          "Node Type": "Hash",
                                          "Parent Relationship": "Inner",
                                          "Parallel Aware": true,
                                          "Async Capable": false,
                                          "Startup Cost": 6867.29,
                                          "Total Cost": 6867.29,
                                          "Plan Rows": 12014,
                                          "Plan Width": 4,
                                          "Plans": [
                                            {
                                              "Node Type": "Seq Scan",
                                              "Parent Relationship": "Outer",
                                              "Parallel Aware": true,
                                              "Async Capable": false,
                                              "Relation Name": "customer_address",
                                              "Alias": "ca",
                                              "Startup Cost": 0.0,
                                              "Total Cost": 6867.29,
                                              "Plan Rows": 12014,
                                              "Plan Width": 4,
                                              "Filter": "(ca_state = ANY ('{WA,WI,TX}'::bpchar[]))",
                                              "parent": 17,
                                              "ID": 18
                                            }
                                          ],
                                          "parent": 9,
                                          "ID": 17,
                                          "left": 18
                                        }
                                      ],
                                      "parent": 8,
                                      "ID": 9,
                                      "left": 10,
                                      "right": 17
                                    }
                                  ],
                                  "parent": 6,
                                  "ID": 8,
                                  "left": 9
                                }
                              ],
                              "parent": 5,
                              "ID": 6,
                              "left": 7,
                              "right": 8
                            }
                          ],
                          "parent": 4,
                          "ID": 5,
                          "left": 6
                        }
                      ],
                      "parent": 3,
                      "ID": 4,
                      "left": 5
                    },
                    {
                      "Node Type": "Materialize",
                      "Parent Relationship": "Inner",
                      "Parallel Aware": false,
                      "Async Capable": false,
                      "Startup Cost": 3157.65,
                      "Total Cost": 233105.09,
                      "Plan Rows": 8964,
                      "Plan Width": 4,
                      "Plans": [
                        {
                          "Node Type": "Gather",
                          "Parent Relationship": "Outer",
                          "Parallel Aware": false,
                          "Async Capable": false,
                          "Startup Cost": 3157.65,
                          "Total Cost": 233060.27,
                          "Plan Rows": 8964,
                          "Plan Width": 4,
                          "Workers Planned": 2,
                          "Single Copy": false,
                          "Plans": [
                            {
                              "Node Type": "Hash Join",
                              "Parent Relationship": "Outer",
                              "Parallel Aware": true,
                              "Async Capable": false,
                              "Join Type": "Inner",
                              "Startup Cost": 2157.65,
                              "Total Cost": 231163.87,
                              "Plan Rows": 3735,
                              "Plan Width": 4,
                              "Inner Unique": false,
                              "Hash Cond": "(web_sales.ws_sold_date_sk = date_dim_1.d_date_sk)",
                              "Plans": [
                                {
                                  "Node Type": "Seq Scan",
                                  "Parent Relationship": "Outer",
                                  "Parallel Aware": true,
                                  "Async Capable": false,
                                  "Relation Name": "web_sales",
                                  "Alias": "web_sales",
                                  "Startup Cost": 0.0,
                                  "Total Cost": 217737.86,
                                  "Plan Rows": 2998986,
                                  "Plan Width": 8,
                                  "parent": 21,
                                  "ID": 22
                                },
                                {
                                  "Node Type": "Hash",
                                  "Parent Relationship": "Inner",
                                  "Parallel Aware": true,
                                  "Async Capable": false,
                                  "Startup Cost": 2156.97,
                                  "Total Cost": 2156.97,
                                  "Plan Rows": 54,
                                  "Plan Width": 4,
                                  "Plans": [
                                    {
                                      "Node Type": "Seq Scan",
                                      "Parent Relationship": "Outer",
                                      "Parallel Aware": true,
                                      "Async Capable": false,
                                      "Relation Name": "date_dim",
                                      "Alias": "date_dim_1",
                                      "Startup Cost": 0.0,
                                      "Total Cost": 2156.97,
                                      "Plan Rows": 54,
                                      "Plan Width": 4,
                                      "Filter": "((d_moy >= 4) AND (d_moy <= 6) AND (d_year = 2002))",
                                      "parent": 23,
                                      "ID": 24
                                    }
                                  ],
                                  "parent": 21,
                                  "ID": 23,
                                  "left": 24
                                }
                              ],
                              "parent": 20,
                              "ID": 21,
                              "left": 22,
                              "right": 23
                            }
                          ],
                          "parent": 19,
                          "ID": 20,
                          "left": 21
                        }
                      ],
                      "parent": 3,
                      "ID": 19,
                      "left": 20
                    }
                  ],
                  "parent": 2,
                  "ID": 3,
                  "left": 4,
                  "right": 19
                },
                {
                  "Node Type": "Materialize",
                  "Parent Relationship": "Inner",
                  "Parallel Aware": false,
                  "Async Capable": false,
                  "Startup Cost": 2684.49,
                  "Total Cost": 574652.42,
                  "Plan Rows": 17839,
                  "Plan Width": 4,
                  "Plans": [
                    {
                      "Node Type": "Hash Join",
                      "Parent Relationship": "Outer",
                      "Parallel Aware": false,
                      "Async Capable": false,
                      "Join Type": "Inner",
                      "Startup Cost": 2684.49,
                      "Total Cost": 574563.22,
                      "Plan Rows": 17839,
                      "Plan Width": 4,
                      "Inner Unique": false,
                      "Hash Cond": "(catalog_sales.cs_sold_date_sk = date_dim_2.d_date_sk)",
                      "Plans": [
                        {
                          "Node Type": "Seq Scan",
                          "Parent Relationship": "Outer",
                          "Parallel Aware": false,
                          "Async Capable": false,
                          "Relation Name": "catalog_sales",
                          "Alias": "catalog_sales",
                          "Startup Cost": 0.0,
                          "Total Cost": 517695.61,
                          "Plan Rows": 14401261,
                          "Plan Width": 8,
                          "parent": 26,
                          "ID": 27
                        },
                        {
                          "Node Type": "Hash",
                          "Parent Relationship": "Inner",
                          "Parallel Aware": false,
                          "Async Capable": false,
                          "Startup Cost": 2683.36,
                          "Total Cost": 2683.36,
                          "Plan Rows": 91,
                          "Plan Width": 4,
                          "Plans": [
                            {
                              "Node Type": "Seq Scan",
                              "Parent Relationship": "Outer",
                              "Parallel Aware": false,
                              "Async Capable": false,
                              "Relation Name": "date_dim",
                              "Alias": "date_dim_2",
                              "Startup Cost": 0.0,
                              "Total Cost": 2683.36,
                              "Plan Rows": 91,
                              "Plan Width": 4,
                              "Filter": "((d_moy >= 4) AND (d_moy <= 6) AND (d_year = 2002))",
                              "parent": 28,
                              "ID": 29
                            }
                          ],
                          "parent": 26,
                          "ID": 28,
                          "left": 29
                        }
                      ],
                      "parent": 25,
                      "ID": 26,
                      "left": 27,
                      "right": 28
                    }
                  ],
                  "parent": 2,
                  "ID": 25,
                  "left": 26
                }
              ],
              "parent": 1,
              "ID": 2,
              "left": 3,
              "right": 25
            }
          ],
          "parent": 0,
          "ID": 1,
          "left": 2
        }
      ],
      "parent": null,
      "ID": 0,
      "left": 1
    },
    "feat": {
      "utility": 0.0,
      "query_shape": [
        [
          "Seq Scan",
          "Hash Join",
          "Sort",
          "Gather Merge",
          "Nested Loop",
          "Aggregate"
        ],
        [
          "Seq Scan",
          "Hash Join",
          "Hash",
          "Sort",
          "Gather Merge",
          "Nested Loop",
          "Aggregate"
        ],
        [
          "Seq Scan",
          "Hash Join",
          "Hash",
          "Sort",
          "Gather Merge",
          "Nested Loop",
          "Aggregate"
        ],
        [
          "Seq Scan",
          "Hash",
          "Hash Join",
          "Sort",
          "Gather Merge",
          "Nested Loop",
          "Aggregate"
        ],
        [
          "Seq Scan",
          "Hash",
          "Hash Join",
          "Sort",
          "Gather Merge",
          "Nested Loop",
          "Aggregate"
        ],
        [
          "Seq Scan",
          "Hash Join",
          "Gather",
          "Materialize",
          "Nested Loop",
          "Aggregate"
        ],
        [
          "Seq Scan",
          "Hash",
          "Hash Join",
          "Gather",
          "Materialize",
          "Nested Loop",
          "Aggregate"
        ],
        [
          "Seq Scan",
          "Hash Join",
          "Materialize",
          "Nested Loop",
          "Aggregate"
        ],
        [
          "Seq Scan",
          "Hash",
          "Hash Join",
          "Materialize",
          "Nested Loop",
          "Aggregate"
        ]
      ],
      "index_shape": [
        "order-by"
      ],
      "physical_operator": {
        "Sort": [
          "[  500.           500.           500.          1000.\n  1000.          1450.00000001  1500.          1500.\n  2000.          2000.          2400.00000002  2500.\n  2500.          3000.          3000.          3349.99999998\n  3500.          3500.          4000.          4000.\n  4300.00000005  4500.          4500.          5000.\n  5000.          5250.          5500.          5500.\n  6000.          6000.          6199.99999995  6500.\n  6500.          7000.          7000.          7149.99999991\n  7500.          7500.          8000.          8000.\n  8100.00000009  8500.          8500.          9000.\n  9000.          9050.00000005  9500.          9500.\n 10000.         10000.         10000.        ]"
        ],
        "Aggregate": [
          "[  500.           500.           500.          1000.\n  1000.          1450.00000001  1500.          1500.\n  2000.          2000.          2400.00000002  2500.\n  2500.          3000.          3000.          3349.99999998\n  3500.          3500.          4000.          4000.\n  4300.00000005  4500.          4500.          5000.\n  5000.          5250.          5500.          5500.\n  6000.          6000.          6199.99999995  6500.\n  6500.          7000.          7000.          7149.99999991\n  7500.          7500.          8000.          8000.\n  8100.00000009  8500.          8500.          9000.\n  9000.          9050.00000005  9500.          9500.\n 10000.         10000.         10000.        ]"
        ]
      }
    }
  },
  {
    "query": "select  \n  cd_gender,\n  cd_marital_status,\n  cd_education_status,\n  count(*) cnt1,\n  cd_purchase_estimate,\n  count(*) cnt2,\n  cd_credit_rating,\n  count(*) cnt3\n from\n  customer c,customer_address ca,customer_demographics\n where\n  c.c_current_addr_sk = ca.ca_address_sk and\n  ca_state in ('WA','WI','TX') and\n  cd_demo_sk = c.c_current_cdemo_sk and \n  exists (select *\n          from store_sales,date_dim\n          where c.c_customer_sk = ss_customer_sk and\n                ss_sold_date_sk = d_date_sk and\n                d_year = 2002 and\n                d_moy between 4 and 4+2) and\n   (not exists (select *\n            from web_sales,date_dim\n            where c.c_customer_sk = ws_bill_customer_sk and\n                  ws_sold_date_sk = d_date_sk and\n                  d_year = 2002 and\n                  d_moy between 4 and 4+2) and\n    not exists (select * \n            from catalog_sales,date_dim\n            where c.c_customer_sk = cs_ship_customer_sk and\n                  cs_sold_date_sk = d_date_sk and\n                  d_year = 2002 and\n                  d_moy between 4 and 4+2))\n group by cd_gender,\n          cd_marital_status,\n          cd_education_status,\n          cd_purchase_estimate,\n          cd_credit_rating\n order by cd_gender,\n          cd_marital_status,\n          cd_education_status,\n          cd_purchase_estimate,\n          cd_credit_rating\n limit 100;\n\n-- end query 51 in stream 2 using template query69.tpl\n",
    "indexes": "customer_demographics.cd_demo_sk",
    "wo plan est": {
      "Node Type": "Limit",
      "Parallel Aware": false,
      "Async Capable": false,
      "Startup Cost": 747810.0,
      "Total Cost": 813030.24,
      "Plan Rows": 100,
      "Plan Width": 64,
      "Plans": [
        {
          "Node Type": "Aggregate",
          "Strategy": "Sorted",
          "Partial Mode": "Simple",
          "Parent Relationship": "Outer",
          "Parallel Aware": false,
          "Async Capable": false,
          "Startup Cost": 747810.0,
          "Total Cost": 2995951.65,
          "Plan Rows": 3447,
          "Plan Width": 64,
          "Group Key": [
            "customer_demographics.cd_gender",
            "customer_demographics.cd_marital_status",
            "customer_demographics.cd_education_status",
            "customer_demographics.cd_purchase_estimate",
            "customer_demographics.cd_credit_rating"
          ],
          "Plans": [
            {
              "Node Type": "Nested Loop",
              "Parent Relationship": "Outer",
              "Parallel Aware": false,
              "Async Capable": false,
              "Join Type": "Anti",
              "Startup Cost": 747810.0,
              "Total Cost": 2995865.48,
              "Plan Rows": 3447,
              "Plan Width": 40,
              "Inner Unique": false,
              "Join Filter": "(c.c_customer_sk = catalog_sales.cs_ship_customer_sk)",
              "Plans": [
                {
                  "Node Type": "Nested Loop",
                  "Parent Relationship": "Outer",
                  "Parallel Aware": false,
                  "Async Capable": false,
                  "Join Type": "Anti",
                  "Startup Cost": 745125.5,
                  "Total Cost": 1464908.87,
                  "Plan Rows": 3574,
                  "Plan Width": 44,
                  "Inner Unique": false,
                  "Join Filter": "(c.c_customer_sk = web_sales.ws_bill_customer_sk)",
                  "Plans": [
                    {
                      "Node Type": "Gather Merge",
                      "Parent Relationship": "Outer",
                      "Parallel Aware": false,
                      "Async Capable": false,
                      "Startup Cost": 741967.85,
                      "Total Cost": 742391.79,
                      "Plan Rows": 3640,
                      "Plan Width": 44,
                      "Workers Planned": 2,
                      "Plans": [
                        {
                          "Node Type": "Sort",
                          "Parent Relationship": "Outer",
                          "Parallel Aware": false,
                          "Async Capable": false,
                          "Startup Cost": 740967.83,
                          "Total Cost": 740971.62,
                          "Plan Rows": 1517,
                          "Plan Width": 44,
                          "Sort Key": [
                            "customer_demographics.cd_gender",
                            "customer_demographics.cd_marital_status",
                            "customer_demographics.cd_education_status",
                            "customer_demographics.cd_purchase_estimate",
                            "customer_demographics.cd_credit_rating"
                          ],
                          "Plans": [
                            {
                              "Node Type": "Hash Join",
                              "Parent Relationship": "Outer",
                              "Parallel Aware": true,
                              "Async Capable": false,
                              "Join Type": "Inner",
                              "Startup Cost": 708048.78,
                              "Total Cost": 740887.68,
                              "Plan Rows": 1517,
                              "Plan Width": 44,
                              "Inner Unique": false,
                              "Hash Cond": "(customer_demographics.cd_demo_sk = c.c_current_cdemo_sk)",
                              "Plans": [
                                {
                                  "Node Type": "Seq Scan",
                                  "Parent Relationship": "Outer",
                                  "Parallel Aware": true,
                                  "Async Capable": false,
                                  "Relation Name": "customer_demographics",
                                  "Alias": "customer_demographics",
                                  "Startup Cost": 0.0,
                                  "Total Cost": 29831.33,
                                  "Plan Rows": 800333,
                                  "Plan Width": 44,
                                  "parent": 6,
                                  "ID": 7
                                },
                                {
                                  "Node Type": "Hash",
                                  "Parent Relationship": "Inner",
                                  "Parallel Aware": true,
                                  "Async Capable": false,
                                  "Startup Cost": 708029.15,
                                  "Total Cost": 708029.15,
                                  "Plan Rows": 1570,
                                  "Plan Width": 8,
                                  "Plans": [
                                    {
                                      "Node Type": "Hash Join",
                                      "Parent Relationship": "Outer",
                                      "Parallel Aware": true,
                                      "Async Capable": false,
                                      "Join Type": "Inner",
                                      "Startup Cost": 691354.87,
                                      "Total Cost": 708029.15,
                                      "Plan Rows": 1570,
                                      "Plan Width": 8,
                                      "Inner Unique": false,
                                      "Hash Cond": "(c.c_current_addr_sk = ca.ca_address_sk)",
                                      "Plans": [
                                        {
                                          "Node Type": "Hash Join",
                                          "Parent Relationship": "Outer",
                                          "Parallel Aware": true,
                                          "Async Capable": false,
                                          "Join Type": "Semi",
                                          "Startup Cost": 684337.4,
                                          "Total Cost": 700954.09,
                                          "Plan Rows": 13615,
                                          "Plan Width": 12,
                                          "Inner Unique": false,
                                          "Hash Cond": "(c.c_customer_sk = store_sales.ss_customer_sk)",
                                          "Plans": [
                                            {
                                              "Node Type": "Seq Scan",
                                              "Parent Relationship": "Outer",
                                              "Parallel Aware": true,
                                              "Async Capable": false,
                                              "Relation Name": "customer",
                                              "Alias": "c",
                                              "Startup Cost": 0.0,
                                              "Total Cost": 15918.33,
                                              "Plan Rows": 208333,
                                              "Plan Width": 12,
                                              "parent": 10,
                                              "ID": 11
                                            },
                                            {
                                              "Node Type": "Hash",
                                              "Parent Relationship": "Inner",
                                              "Parallel Aware": true,
                                              "Async Capable": false,
                                              "Startup Cost": 684159.07,
                                              "Total Cost": 684159.07,
                                              "Plan Rows": 14267,
                                              "Plan Width": 4,
                                              "Plans": [
                                                {
                                                  "Node Type": "Hash Join",
                                                  "Parent Relationship": "Outer",
                                                  "Parallel Aware": true,
                                                  "Async Capable": false,
                                                  "Join Type": "Inner",
                                                  "Startup Cost": 2157.65,
                                                  "Total Cost": 684159.07,
                                                  "Plan Rows": 14267,
                                                  "Plan Width": 4,
                                                  "Inner Unique": false,
                                                  "Hash Cond": "(store_sales.ss_sold_date_sk = date_dim.d_date_sk)",
                                                  "Plans": [
                                                    {
                                                      "Node Type": "Seq Scan",
                                                      "Parent Relationship": "Outer",
                                                      "Parallel Aware": true,
                                                      "Async Capable": false,
                                                      "Relation Name": "store_sales",
                                                      "Alias": "store_sales",
                                                      "Startup Cost": 0.0,
                                                      "Total Cost": 636914.37,
                                                      "Plan Rows": 12000637,
                                                      "Plan Width": 8,
                                                      "parent": 13,
                                                      "ID": 14
                                                    },
                                                    {
                                                      "Node Type": "Hash",
                                                      "Parent Relationship": "Inner",
                                                      "Parallel Aware": true,
                                                      "Async Capable": false,
                                                      "Startup Cost": 2156.97,
                                                      "Total Cost": 2156.97,
                                                      "Plan Rows": 54,
                                                      "Plan Width": 4,
                                                      "Plans": [
                                                        {
                                                          "Node Type": "Seq Scan",
                                                          "Parent Relationship": "Outer",
                                                          "Parallel Aware": true,
                                                          "Async Capable": false,
                                                          "Relation Name": "date_dim",
                                                          "Alias": "date_dim",
                                                          "Startup Cost": 0.0,
                                                          "Total Cost": 2156.97,
                                                          "Plan Rows": 54,
                                                          "Plan Width": 4,
                                                          "Filter": "((d_moy >= 4) AND (d_moy <= 6) AND (d_year = 2002))",
                                                          "parent": 15,
                                                          "ID": 16
                                                        }
                                                      ],
                                                      "parent": 13,
                                                      "ID": 15,
                                                      "left": 16
                                                    }
                                                  ],
                                                  "parent": 12,
                                                  "ID": 13,
                                                  "left": 14,
                                                  "right": 15
                                                }
                                              ],
                                              "parent": 10,
                                              "ID": 12,
                                              "left": 13
                                            }
                                          ],
                                          "parent": 9,
                                          "ID": 10,
                                          "left": 11,
                                          "right": 12
                                        },
                                        {
                                          "Node Type": "Hash",
                                          "Parent Relationship": "Inner",
                                          "Parallel Aware": true,
                                          "Async Capable": false,
                                          "Startup Cost": 6867.29,
                                          "Total Cost": 6867.29,
                                          "Plan Rows": 12014,
                                          "Plan Width": 4,
                                          "Plans": [
                                            {
                                              "Node Type": "Seq Scan",
                                              "Parent Relationship": "Outer",
                                              "Parallel Aware": true,
                                              "Async Capable": false,
                                              "Relation Name": "customer_address",
                                              "Alias": "ca",
                                              "Startup Cost": 0.0,
                                              "Total Cost": 6867.29,
                                              "Plan Rows": 12014,
                                              "Plan Width": 4,
                                              "Filter": "(ca_state = ANY ('{WA,WI,TX}'::bpchar[]))",
                                              "parent": 17,
                                              "ID": 18
                                            }
                                          ],
                                          "parent": 9,
                                          "ID": 17,
                                          "left": 18
                                        }
                                      ],
                                      "parent": 8,
                                      "ID": 9,
                                      "left": 10,
                                      "right": 17
                                    }
                                  ],
                                  "parent": 6,
                                  "ID": 8,
                                  "left": 9
                                }
                              ],
                              "parent": 5,
                              "ID": 6,
                              "left": 7,
                              "right": 8
                            }
                          ],
                          "parent": 4,
                          "ID": 5,
                          "left": 6
                        }
                      ],
                      "parent": 3,
                      "ID": 4,
                      "left": 5
                    },
                    {
                      "Node Type": "Materialize",
                      "Parent Relationship": "Inner",
                      "Parallel Aware": false,
                      "Async Capable": false,
                      "Startup Cost": 3157.65,
                      "Total Cost": 233105.09,
                      "Plan Rows": 8964,
                      "Plan Width": 4,
                      "Plans": [
                        {
                          "Node Type": "Gather",
                          "Parent Relationship": "Outer",
                          "Parallel Aware": false,
                          "Async Capable": false,
                          "Startup Cost": 3157.65,
                          "Total Cost": 233060.27,
                          "Plan Rows": 8964,
                          "Plan Width": 4,
                          "Workers Planned": 2,
                          "Single Copy": false,
                          "Plans": [
                            {
                              "Node Type": "Hash Join",
                              "Parent Relationship": "Outer",
                              "Parallel Aware": true,
                              "Async Capable": false,
                              "Join Type": "Inner",
                              "Startup Cost": 2157.65,
                              "Total Cost": 231163.87,
                              "Plan Rows": 3735,
                              "Plan Width": 4,
                              "Inner Unique": false,
                              "Hash Cond": "(web_sales.ws_sold_date_sk = date_dim_1.d_date_sk)",
                              "Plans": [
                                {
                                  "Node Type": "Seq Scan",
                                  "Parent Relationship": "Outer",
                                  "Parallel Aware": true,
                                  "Async Capable": false,
                                  "Relation Name": "web_sales",
                                  "Alias": "web_sales",
                                  "Startup Cost": 0.0,
                                  "Total Cost": 217737.86,
                                  "Plan Rows": 2998986,
                                  "Plan Width": 8,
                                  "parent": 21,
                                  "ID": 22
                                },
                                {
                                  "Node Type": "Hash",
                                  "Parent Relationship": "Inner",
                                  "Parallel Aware": true,
                                  "Async Capable": false,
                                  "Startup Cost": 2156.97,
                                  "Total Cost": 2156.97,
                                  "Plan Rows": 54,
                                  "Plan Width": 4,
                                  "Plans": [
                                    {
                                      "Node Type": "Seq Scan",
                                      "Parent Relationship": "Outer",
                                      "Parallel Aware": true,
                                      "Async Capable": false,
                                      "Relation Name": "date_dim",
                                      "Alias": "date_dim_1",
                                      "Startup Cost": 0.0,
                                      "Total Cost": 2156.97,
                                      "Plan Rows": 54,
                                      "Plan Width": 4,
                                      "Filter": "((d_moy >= 4) AND (d_moy <= 6) AND (d_year = 2002))",
                                      "parent": 23,
                                      "ID": 24
                                    }
                                  ],
                                  "parent": 21,
                                  "ID": 23,
                                  "left": 24
                                }
                              ],
                              "parent": 20,
                              "ID": 21,
                              "left": 22,
                              "right": 23
                            }
                          ],
                          "parent": 19,
                          "ID": 20,
                          "left": 21
                        }
                      ],
                      "parent": 3,
                      "ID": 19,
                      "left": 20
                    }
                  ],
                  "parent": 2,
                  "ID": 3,
                  "left": 4,
                  "right": 19
                },
                {
                  "Node Type": "Materialize",
                  "Parent Relationship": "Inner",
                  "Parallel Aware": false,
                  "Async Capable": false,
                  "Startup Cost": 2684.49,
                  "Total Cost": 574652.42,
                  "Plan Rows": 17839,
                  "Plan Width": 4,
                  "Plans": [
                    {
                      "Node Type": "Hash Join",
                      "Parent Relationship": "Outer",
                      "Parallel Aware": false,
                      "Async Capable": false,
                      "Join Type": "Inner",
                      "Startup Cost": 2684.49,
                      "Total Cost": 574563.22,
                      "Plan Rows": 17839,
                      "Plan Width": 4,
                      "Inner Unique": false,
                      "Hash Cond": "(catalog_sales.cs_sold_date_sk = date_dim_2.d_date_sk)",
                      "Plans": [
                        {
                          "Node Type": "Seq Scan",
                          "Parent Relationship": "Outer",
                          "Parallel Aware": false,
                          "Async Capable": false,
                          "Relation Name": "catalog_sales",
                          "Alias": "catalog_sales",
                          "Startup Cost": 0.0,
                          "Total Cost": 517695.61,
                          "Plan Rows": 14401261,
                          "Plan Width": 8,
                          "parent": 26,
                          "ID": 27
                        },
                        {
                          "Node Type": "Hash",
                          "Parent Relationship": "Inner",
                          "Parallel Aware": false,
                          "Async Capable": false,
                          "Startup Cost": 2683.36,
                          "Total Cost": 2683.36,
                          "Plan Rows": 91,
                          "Plan Width": 4,
                          "Plans": [
                            {
                              "Node Type": "Seq Scan",
                              "Parent Relationship": "Outer",
                              "Parallel Aware": false,
                              "Async Capable": false,
                              "Relation Name": "date_dim",
                              "Alias": "date_dim_2",
                              "Startup Cost": 0.0,
                              "Total Cost": 2683.36,
                              "Plan Rows": 91,
                              "Plan Width": 4,
                              "Filter": "((d_moy >= 4) AND (d_moy <= 6) AND (d_year = 2002))",
                              "parent": 28,
                              "ID": 29
                            }
                          ],
                          "parent": 26,
                          "ID": 28,
                          "left": 29
                        }
                      ],
                      "parent": 25,
                      "ID": 26,
                      "left": 27,
                      "right": 28
                    }
                  ],
                  "parent": 2,
                  "ID": 25,
                  "left": 26
                }
              ],
              "parent": 1,
              "ID": 2,
              "left": 3,
              "right": 25
            }
          ],
          "parent": 0,
          "ID": 1,
          "left": 2
        }
      ],
      "parent": null,
      "ID": 0,
      "left": 1
    },
    "feat": {
      "utility": 0.003296816609235296,
      "query_shape": [
        [
          "Seq Scan",
          "Hash Join",
          "Sort",
          "Gather Merge",
          "Nested Loop",
          "Aggregate"
        ],
        [
          "Seq Scan",
          "Hash Join",
          "Hash",
          "Sort",
          "Gather Merge",
          "Nested Loop",
          "Aggregate"
        ],
        [
          "Seq Scan",
          "Hash Join",
          "Hash",
          "Sort",
          "Gather Merge",
          "Nested Loop",
          "Aggregate"
        ],
        [
          "Seq Scan",
          "Hash",
          "Hash Join",
          "Sort",
          "Gather Merge",
          "Nested Loop",
          "Aggregate"
        ],
        [
          "Seq Scan",
          "Hash",
          "Hash Join",
          "Sort",
          "Gather Merge",
          "Nested Loop",
          "Aggregate"
        ],
        [
          "Seq Scan",
          "Hash Join",
          "Gather",
          "Materialize",
          "Nested Loop",
          "Aggregate"
        ],
        [
          "Seq Scan",
          "Hash",
          "Hash Join",
          "Gather",
          "Materialize",
          "Nested Loop",
          "Aggregate"
        ],
        [
          "Seq Scan",
          "Hash Join",
          "Materialize",
          "Nested Loop",
          "Aggregate"
        ],
        [
          "Seq Scan",
          "Hash",
          "Hash Join",
          "Materialize",
          "Nested Loop",
          "Aggregate"
        ]
      ],
      "index_shape": [
        "join"
      ],
      "physical_operator": {
        "Hash Join": [
          0.0010987720460322492
        ]
      }
    }
  },
  {
    "query": "select  \n  cd_gender,\n  cd_marital_status,\n  cd_education_status,\n  count(*) cnt1,\n  cd_purchase_estimate,\n  count(*) cnt2,\n  cd_credit_rating,\n  count(*) cnt3\n from\n  customer c,customer_address ca,customer_demographics\n where\n  c.c_current_addr_sk = ca.ca_address_sk and\n  ca_state in ('WA','WI','TX') and\n  cd_demo_sk = c.c_current_cdemo_sk and \n  exists (select *\n          from store_sales,date_dim\n          where c.c_customer_sk = ss_customer_sk and\n                ss_sold_date_sk = d_date_sk and\n                d_year = 2002 and\n                d_moy between 4 and 4+2) and\n   (not exists (select *\n            from web_sales,date_dim\n            where c.c_customer_sk = ws_bill_customer_sk and\n                  ws_sold_date_sk = d_date_sk and\n                  d_year = 2002 and\n                  d_moy between 4 and 4+2) and\n    not exists (select * \n            from catalog_sales,date_dim\n            where c.c_customer_sk = cs_ship_customer_sk and\n                  cs_sold_date_sk = d_date_sk and\n                  d_year = 2002 and\n                  d_moy between 4 and 4+2))\n group by cd_gender,\n          cd_marital_status,\n          cd_education_status,\n          cd_purchase_estimate,\n          cd_credit_rating\n order by cd_gender,\n          cd_marital_status,\n          cd_education_status,\n          cd_purchase_estimate,\n          cd_credit_rating\n limit 100;\n\n-- end query 51 in stream 2 using template query69.tpl\n",
    "indexes": "customer_demographics.cd_gender",
    "wo plan est": {
      "Node Type": "Limit",
      "Parallel Aware": false,
      "Async Capable": false,
      "Startup Cost": 747810.0,
      "Total Cost": 813030.24,
      "Plan Rows": 100,
      "Plan Width": 64,
      "Plans": [
        {
          "Node Type": "Aggregate",
          "Strategy": "Sorted",
          "Partial Mode": "Simple",
          "Parent Relationship": "Outer",
          "Parallel Aware": false,
          "Async Capable": false,
          "Startup Cost": 747810.0,
          "Total Cost": 2995951.65,
          "Plan Rows": 3447,
          "Plan Width": 64,
          "Group Key": [
            "customer_demographics.cd_gender",
            "customer_demographics.cd_marital_status",
            "customer_demographics.cd_education_status",
            "customer_demographics.cd_purchase_estimate",
            "customer_demographics.cd_credit_rating"
          ],
          "Plans": [
            {
              "Node Type": "Nested Loop",
              "Parent Relationship": "Outer",
              "Parallel Aware": false,
              "Async Capable": false,
              "Join Type": "Anti",
              "Startup Cost": 747810.0,
              "Total Cost": 2995865.48,
              "Plan Rows": 3447,
              "Plan Width": 40,
              "Inner Unique": false,
              "Join Filter": "(c.c_customer_sk = catalog_sales.cs_ship_customer_sk)",
              "Plans": [
                {
                  "Node Type": "Nested Loop",
                  "Parent Relationship": "Outer",
                  "Parallel Aware": false,
                  "Async Capable": false,
                  "Join Type": "Anti",
                  "Startup Cost": 745125.5,
                  "Total Cost": 1464908.87,
                  "Plan Rows": 3574,
                  "Plan Width": 44,
                  "Inner Unique": false,
                  "Join Filter": "(c.c_customer_sk = web_sales.ws_bill_customer_sk)",
                  "Plans": [
                    {
                      "Node Type": "Gather Merge",
                      "Parent Relationship": "Outer",
                      "Parallel Aware": false,
                      "Async Capable": false,
                      "Startup Cost": 741967.85,
                      "Total Cost": 742391.79,
                      "Plan Rows": 3640,
                      "Plan Width": 44,
                      "Workers Planned": 2,
                      "Plans": [
                        {
                          "Node Type": "Sort",
                          "Parent Relationship": "Outer",
                          "Parallel Aware": false,
                          "Async Capable": false,
                          "Startup Cost": 740967.83,
                          "Total Cost": 740971.62,
                          "Plan Rows": 1517,
                          "Plan Width": 44,
                          "Sort Key": [
                            "customer_demographics.cd_gender",
                            "customer_demographics.cd_marital_status",
                            "customer_demographics.cd_education_status",
                            "customer_demographics.cd_purchase_estimate",
                            "customer_demographics.cd_credit_rating"
                          ],
                          "Plans": [
                            {
                              "Node Type": "Hash Join",
                              "Parent Relationship": "Outer",
                              "Parallel Aware": true,
                              "Async Capable": false,
                              "Join Type": "Inner",
                              "Startup Cost": 708048.78,
                              "Total Cost": 740887.68,
                              "Plan Rows": 1517,
                              "Plan Width": 44,
                              "Inner Unique": false,
                              "Hash Cond": "(customer_demographics.cd_demo_sk = c.c_current_cdemo_sk)",
                              "Plans": [
                                {
                                  "Node Type": "Seq Scan",
                                  "Parent Relationship": "Outer",
                                  "Parallel Aware": true,
                                  "Async Capable": false,
                                  "Relation Name": "customer_demographics",
                                  "Alias": "customer_demographics",
                                  "Startup Cost": 0.0,
                                  "Total Cost": 29831.33,
                                  "Plan Rows": 800333,
                                  "Plan Width": 44,
                                  "parent": 6,
                                  "ID": 7
                                },
                                {
                                  "Node Type": "Hash",
                                  "Parent Relationship": "Inner",
                                  "Parallel Aware": true,
                                  "Async Capable": false,
                                  "Startup Cost": 708029.15,
                                  "Total Cost": 708029.15,
                                  "Plan Rows": 1570,
                                  "Plan Width": 8,
                                  "Plans": [
                                    {
                                      "Node Type": "Hash Join",
                                      "Parent Relationship": "Outer",
                                      "Parallel Aware": true,
                                      "Async Capable": false,
                                      "Join Type": "Inner",
                                      "Startup Cost": 691354.87,
                                      "Total Cost": 708029.15,
                                      "Plan Rows": 1570,
                                      "Plan Width": 8,
                                      "Inner Unique": false,
                                      "Hash Cond": "(c.c_current_addr_sk = ca.ca_address_sk)",
                                      "Plans": [
                                        {
                                          "Node Type": "Hash Join",
                                          "Parent Relationship": "Outer",
                                          "Parallel Aware": true,
                                          "Async Capable": false,
                                          "Join Type": "Semi",
                                          "Startup Cost": 684337.4,
                                          "Total Cost": 700954.09,
                                          "Plan Rows": 13615,
                                          "Plan Width": 12,
                                          "Inner Unique": false,
                                          "Hash Cond": "(c.c_customer_sk = store_sales.ss_customer_sk)",
                                          "Plans": [
                                            {
                                              "Node Type": "Seq Scan",
                                              "Parent Relationship": "Outer",
                                              "Parallel Aware": true,
                                              "Async Capable": false,
                                              "Relation Name": "customer",
                                              "Alias": "c",
                                              "Startup Cost": 0.0,
                                              "Total Cost": 15918.33,
                                              "Plan Rows": 208333,
                                              "Plan Width": 12,
                                              "parent": 10,
                                              "ID": 11
                                            },
                                            {
                                              "Node Type": "Hash",
                                              "Parent Relationship": "Inner",
                                              "Parallel Aware": true,
                                              "Async Capable": false,
                                              "Startup Cost": 684159.07,
                                              "Total Cost": 684159.07,
                                              "Plan Rows": 14267,
                                              "Plan Width": 4,
                                              "Plans": [
                                                {
                                                  "Node Type": "Hash Join",
                                                  "Parent Relationship": "Outer",
                                                  "Parallel Aware": true,
                                                  "Async Capable": false,
                                                  "Join Type": "Inner",
                                                  "Startup Cost": 2157.65,
                                                  "Total Cost": 684159.07,
                                                  "Plan Rows": 14267,
                                                  "Plan Width": 4,
                                                  "Inner Unique": false,
                                                  "Hash Cond": "(store_sales.ss_sold_date_sk = date_dim.d_date_sk)",
                                                  "Plans": [
                                                    {
                                                      "Node Type": "Seq Scan",
                                                      "Parent Relationship": "Outer",
                                                      "Parallel Aware": true,
                                                      "Async Capable": false,
                                                      "Relation Name": "store_sales",
                                                      "Alias": "store_sales",
                                                      "Startup Cost": 0.0,
                                                      "Total Cost": 636914.37,
                                                      "Plan Rows": 12000637,
                                                      "Plan Width": 8,
                                                      "parent": 13,
                                                      "ID": 14
                                                    },
                                                    {
                                                      "Node Type": "Hash",
                                                      "Parent Relationship": "Inner",
                                                      "Parallel Aware": true,
                                                      "Async Capable": false,
                                                      "Startup Cost": 2156.97,
                                                      "Total Cost": 2156.97,
                                                      "Plan Rows": 54,
                                                      "Plan Width": 4,
                                                      "Plans": [
                                                        {
                                                          "Node Type": "Seq Scan",
                                                          "Parent Relationship": "Outer",
                                                          "Parallel Aware": true,
                                                          "Async Capable": false,
                                                          "Relation Name": "date_dim",
                                                          "Alias": "date_dim",
                                                          "Startup Cost": 0.0,
                                                          "Total Cost": 2156.97,
                                                          "Plan Rows": 54,
                                                          "Plan Width": 4,
                                                          "Filter": "((d_moy >= 4) AND (d_moy <= 6) AND (d_year = 2002))",
                                                          "parent": 15,
                                                          "ID": 16
                                                        }
                                                      ],
                                                      "parent": 13,
                                                      "ID": 15,
                                                      "left": 16
                                                    }
                                                  ],
                                                  "parent": 12,
                                                  "ID": 13,
                                                  "left": 14,
                                                  "right": 15
                                                }
                                              ],
                                              "parent": 10,
                                              "ID": 12,
                                              "left": 13
                                            }
                                          ],
                                          "parent": 9,
                                          "ID": 10,
                                          "left": 11,
                                          "right": 12
                                        },
                                        {
                                          "Node Type": "Hash",
                                          "Parent Relationship": "Inner",
                                          "Parallel Aware": true,
                                          "Async Capable": false,
                                          "Startup Cost": 6867.29,
                                          "Total Cost": 6867.29,
                                          "Plan Rows": 12014,
                                          "Plan Width": 4,
                                          "Plans": [
                                            {
                                              "Node Type": "Seq Scan",
                                              "Parent Relationship": "Outer",
                                              "Parallel Aware": true,
                                              "Async Capable": false,
                                              "Relation Name": "customer_address",
                                              "Alias": "ca",
                                              "Startup Cost": 0.0,
                                              "Total Cost": 6867.29,
                                              "Plan Rows": 12014,
                                              "Plan Width": 4,
                                              "Filter": "(ca_state = ANY ('{WA,WI,TX}'::bpchar[]))",
                                              "parent": 17,
                                              "ID": 18
                                            }
                                          ],
                                          "parent": 9,
                                          "ID": 17,
                                          "left": 18
                                        }
                                      ],
                                      "parent": 8,
                                      "ID": 9,
                                      "left": 10,
                                      "right": 17
                                    }
                                  ],
                                  "parent": 6,
                                  "ID": 8,
                                  "left": 9
                                }
                              ],
                              "parent": 5,
                              "ID": 6,
                              "left": 7,
                              "right": 8
                            }
                          ],
                          "parent": 4,
                          "ID": 5,
                          "left": 6
                        }
                      ],
                      "parent": 3,
                      "ID": 4,
                      "left": 5
                    },
                    {
                      "Node Type": "Materialize",
                      "Parent Relationship": "Inner",
                      "Parallel Aware": false,
                      "Async Capable": false,
                      "Startup Cost": 3157.65,
                      "Total Cost": 233105.09,
                      "Plan Rows": 8964,
                      "Plan Width": 4,
                      "Plans": [
                        {
                          "Node Type": "Gather",
                          "Parent Relationship": "Outer",
                          "Parallel Aware": false,
                          "Async Capable": false,
                          "Startup Cost": 3157.65,
                          "Total Cost": 233060.27,
                          "Plan Rows": 8964,
                          "Plan Width": 4,
                          "Workers Planned": 2,
                          "Single Copy": false,
                          "Plans": [
                            {
                              "Node Type": "Hash Join",
                              "Parent Relationship": "Outer",
                              "Parallel Aware": true,
                              "Async Capable": false,
                              "Join Type": "Inner",
                              "Startup Cost": 2157.65,
                              "Total Cost": 231163.87,
                              "Plan Rows": 3735,
                              "Plan Width": 4,
                              "Inner Unique": false,
                              "Hash Cond": "(web_sales.ws_sold_date_sk = date_dim_1.d_date_sk)",
                              "Plans": [
                                {
                                  "Node Type": "Seq Scan",
                                  "Parent Relationship": "Outer",
                                  "Parallel Aware": true,
                                  "Async Capable": false,
                                  "Relation Name": "web_sales",
                                  "Alias": "web_sales",
                                  "Startup Cost": 0.0,
                                  "Total Cost": 217737.86,
                                  "Plan Rows": 2998986,
                                  "Plan Width": 8,
                                  "parent": 21,
                                  "ID": 22
                                },
                                {
                                  "Node Type": "Hash",
                                  "Parent Relationship": "Inner",
                                  "Parallel Aware": true,
                                  "Async Capable": false,
                                  "Startup Cost": 2156.97,
                                  "Total Cost": 2156.97,
                                  "Plan Rows": 54,
                                  "Plan Width": 4,
                                  "Plans": [
                                    {
                                      "Node Type": "Seq Scan",
                                      "Parent Relationship": "Outer",
                                      "Parallel Aware": true,
                                      "Async Capable": false,
                                      "Relation Name": "date_dim",
                                      "Alias": "date_dim_1",
                                      "Startup Cost": 0.0,
                                      "Total Cost": 2156.97,
                                      "Plan Rows": 54,
                                      "Plan Width": 4,
                                      "Filter": "((d_moy >= 4) AND (d_moy <= 6) AND (d_year = 2002))",
                                      "parent": 23,
                                      "ID": 24
                                    }
                                  ],
                                  "parent": 21,
                                  "ID": 23,
                                  "left": 24
                                }
                              ],
                              "parent": 20,
                              "ID": 21,
                              "left": 22,
                              "right": 23
                            }
                          ],
                          "parent": 19,
                          "ID": 20,
                          "left": 21
                        }
                      ],
                      "parent": 3,
                      "ID": 19,
                      "left": 20
                    }
                  ],
                  "parent": 2,
                  "ID": 3,
                  "left": 4,
                  "right": 19
                },
                {
                  "Node Type": "Materialize",
                  "Parent Relationship": "Inner",
                  "Parallel Aware": false,
                  "Async Capable": false,
                  "Startup Cost": 2684.49,
                  "Total Cost": 574652.42,
                  "Plan Rows": 17839,
                  "Plan Width": 4,
                  "Plans": [
                    {
                      "Node Type": "Hash Join",
                      "Parent Relationship": "Outer",
                      "Parallel Aware": false,
                      "Async Capable": false,
                      "Join Type": "Inner",
                      "Startup Cost": 2684.49,
                      "Total Cost": 574563.22,
                      "Plan Rows": 17839,
                      "Plan Width": 4,
                      "Inner Unique": false,
                      "Hash Cond": "(catalog_sales.cs_sold_date_sk = date_dim_2.d_date_sk)",
                      "Plans": [
                        {
                          "Node Type": "Seq Scan",
                          "Parent Relationship": "Outer",
                          "Parallel Aware": false,
                          "Async Capable": false,
                          "Relation Name": "catalog_sales",
                          "Alias": "catalog_sales",
                          "Startup Cost": 0.0,
                          "Total Cost": 517695.61,
                          "Plan Rows": 14401261,
                          "Plan Width": 8,
                          "parent": 26,
                          "ID": 27
                        },
                        {
                          "Node Type": "Hash",
                          "Parent Relationship": "Inner",
                          "Parallel Aware": false,
                          "Async Capable": false,
                          "Startup Cost": 2683.36,
                          "Total Cost": 2683.36,
                          "Plan Rows": 91,
                          "Plan Width": 4,
                          "Plans": [
                            {
                              "Node Type": "Seq Scan",
                              "Parent Relationship": "Outer",
                              "Parallel Aware": false,
                              "Async Capable": false,
                              "Relation Name": "date_dim",
                              "Alias": "date_dim_2",
                              "Startup Cost": 0.0,
                              "Total Cost": 2683.36,
                              "Plan Rows": 91,
                              "Plan Width": 4,
                              "Filter": "((d_moy >= 4) AND (d_moy <= 6) AND (d_year = 2002))",
                              "parent": 28,
                              "ID": 29
                            }
                          ],
                          "parent": 26,
                          "ID": 28,
                          "left": 29
                        }
                      ],
                      "parent": 25,
                      "ID": 26,
                      "left": 27,
                      "right": 28
                    }
                  ],
                  "parent": 2,
                  "ID": 25,
                  "left": 26
                }
              ],
              "parent": 1,
              "ID": 2,
              "left": 3,
              "right": 25
            }
          ],
          "parent": 0,
          "ID": 1,
          "left": 2
        }
      ],
      "parent": null,
      "ID": 0,
      "left": 1
    },
    "feat": {
      "utility": 0.0,
      "query_shape": [
        [
          "Seq Scan",
          "Hash Join",
          "Sort",
          "Gather Merge",
          "Nested Loop",
          "Aggregate"
        ],
        [
          "Seq Scan",
          "Hash Join",
          "Hash",
          "Sort",
          "Gather Merge",
          "Nested Loop",
          "Aggregate"
        ],
        [
          "Seq Scan",
          "Hash Join",
          "Hash",
          "Sort",
          "Gather Merge",
          "Nested Loop",
          "Aggregate"
        ],
        [
          "Seq Scan",
          "Hash",
          "Hash Join",
          "Sort",
          "Gather Merge",
          "Nested Loop",
          "Aggregate"
        ],
        [
          "Seq Scan",
          "Hash",
          "Hash Join",
          "Sort",
          "Gather Merge",
          "Nested Loop",
          "Aggregate"
        ],
        [
          "Seq Scan",
          "Hash Join",
          "Gather",
          "Materialize",
          "Nested Loop",
          "Aggregate"
        ],
        [
          "Seq Scan",
          "Hash",
          "Hash Join",
          "Gather",
          "Materialize",
          "Nested Loop",
          "Aggregate"
        ],
        [
          "Seq Scan",
          "Hash Join",
          "Materialize",
          "Nested Loop",
          "Aggregate"
        ],
        [
          "Seq Scan",
          "Hash",
          "Hash Join",
          "Materialize",
          "Nested Loop",
          "Aggregate"
        ]
      ],
      "index_shape": [
        "order-by"
      ],
      "physical_operator": {
        "Sort": [
          "[0. 0. 0. 0. 0. 0. 0. 0. 0. 0. 0. 0. 0. 0. 0. 0. 0. 0. 0. 0. 0. 0. 0. 0.\n 0. 0. 0. 0. 0. 0. 0. 0. 0. 0. 0. 0. 0. 0. 0. 0. 0. 0. 0. 0. 0. 0. 0. 0.\n 0. 0. 0.]"
        ],
        "Aggregate": [
          "[0. 0. 0. 0. 0. 0. 0. 0. 0. 0. 0. 0. 0. 0. 0. 0. 0. 0. 0. 0. 0. 0. 0. 0.\n 0. 0. 0. 0. 0. 0. 0. 0. 0. 0. 0. 0. 0. 0. 0. 0. 0. 0. 0. 0. 0. 0. 0. 0.\n 0. 0. 0.]"
        ]
      }
    }
  },
  {
    "query": "select  \n  cd_gender,\n  cd_marital_status,\n  cd_education_status,\n  count(*) cnt1,\n  cd_purchase_estimate,\n  count(*) cnt2,\n  cd_credit_rating,\n  count(*) cnt3\n from\n  customer c,customer_address ca,customer_demographics\n where\n  c.c_current_addr_sk = ca.ca_address_sk and\n  ca_state in ('WA','WI','TX') and\n  cd_demo_sk = c.c_current_cdemo_sk and \n  exists (select *\n          from store_sales,date_dim\n          where c.c_customer_sk = ss_customer_sk and\n                ss_sold_date_sk = d_date_sk and\n                d_year = 2002 and\n                d_moy between 4 and 4+2) and\n   (not exists (select *\n            from web_sales,date_dim\n            where c.c_customer_sk = ws_bill_customer_sk and\n                  ws_sold_date_sk = d_date_sk and\n                  d_year = 2002 and\n                  d_moy between 4 and 4+2) and\n    not exists (select * \n            from catalog_sales,date_dim\n            where c.c_customer_sk = cs_ship_customer_sk and\n                  cs_sold_date_sk = d_date_sk and\n                  d_year = 2002 and\n                  d_moy between 4 and 4+2))\n group by cd_gender,\n          cd_marital_status,\n          cd_education_status,\n          cd_purchase_estimate,\n          cd_credit_rating\n order by cd_gender,\n          cd_marital_status,\n          cd_education_status,\n          cd_purchase_estimate,\n          cd_credit_rating\n limit 100;\n\n-- end query 51 in stream 2 using template query69.tpl\n",
    "indexes": "customer_demographics.cd_marital_status",
    "wo plan est": {
      "Node Type": "Limit",
      "Parallel Aware": false,
      "Async Capable": false,
      "Startup Cost": 747810.0,
      "Total Cost": 813030.24,
      "Plan Rows": 100,
      "Plan Width": 64,
      "Plans": [
        {
          "Node Type": "Aggregate",
          "Strategy": "Sorted",
          "Partial Mode": "Simple",
          "Parent Relationship": "Outer",
          "Parallel Aware": false,
          "Async Capable": false,
          "Startup Cost": 747810.0,
          "Total Cost": 2995951.65,
          "Plan Rows": 3447,
          "Plan Width": 64,
          "Group Key": [
            "customer_demographics.cd_gender",
            "customer_demographics.cd_marital_status",
            "customer_demographics.cd_education_status",
            "customer_demographics.cd_purchase_estimate",
            "customer_demographics.cd_credit_rating"
          ],
          "Plans": [
            {
              "Node Type": "Nested Loop",
              "Parent Relationship": "Outer",
              "Parallel Aware": false,
              "Async Capable": false,
              "Join Type": "Anti",
              "Startup Cost": 747810.0,
              "Total Cost": 2995865.48,
              "Plan Rows": 3447,
              "Plan Width": 40,
              "Inner Unique": false,
              "Join Filter": "(c.c_customer_sk = catalog_sales.cs_ship_customer_sk)",
              "Plans": [
                {
                  "Node Type": "Nested Loop",
                  "Parent Relationship": "Outer",
                  "Parallel Aware": false,
                  "Async Capable": false,
                  "Join Type": "Anti",
                  "Startup Cost": 745125.5,
                  "Total Cost": 1464908.87,
                  "Plan Rows": 3574,
                  "Plan Width": 44,
                  "Inner Unique": false,
                  "Join Filter": "(c.c_customer_sk = web_sales.ws_bill_customer_sk)",
                  "Plans": [
                    {
                      "Node Type": "Gather Merge",
                      "Parent Relationship": "Outer",
                      "Parallel Aware": false,
                      "Async Capable": false,
                      "Startup Cost": 741967.85,
                      "Total Cost": 742391.79,
                      "Plan Rows": 3640,
                      "Plan Width": 44,
                      "Workers Planned": 2,
                      "Plans": [
                        {
                          "Node Type": "Sort",
                          "Parent Relationship": "Outer",
                          "Parallel Aware": false,
                          "Async Capable": false,
                          "Startup Cost": 740967.83,
                          "Total Cost": 740971.62,
                          "Plan Rows": 1517,
                          "Plan Width": 44,
                          "Sort Key": [
                            "customer_demographics.cd_gender",
                            "customer_demographics.cd_marital_status",
                            "customer_demographics.cd_education_status",
                            "customer_demographics.cd_purchase_estimate",
                            "customer_demographics.cd_credit_rating"
                          ],
                          "Plans": [
                            {
                              "Node Type": "Hash Join",
                              "Parent Relationship": "Outer",
                              "Parallel Aware": true,
                              "Async Capable": false,
                              "Join Type": "Inner",
                              "Startup Cost": 708048.78,
                              "Total Cost": 740887.68,
                              "Plan Rows": 1517,
                              "Plan Width": 44,
                              "Inner Unique": false,
                              "Hash Cond": "(customer_demographics.cd_demo_sk = c.c_current_cdemo_sk)",
                              "Plans": [
                                {
                                  "Node Type": "Seq Scan",
                                  "Parent Relationship": "Outer",
                                  "Parallel Aware": true,
                                  "Async Capable": false,
                                  "Relation Name": "customer_demographics",
                                  "Alias": "customer_demographics",
                                  "Startup Cost": 0.0,
                                  "Total Cost": 29831.33,
                                  "Plan Rows": 800333,
                                  "Plan Width": 44,
                                  "parent": 6,
                                  "ID": 7
                                },
                                {
                                  "Node Type": "Hash",
                                  "Parent Relationship": "Inner",
                                  "Parallel Aware": true,
                                  "Async Capable": false,
                                  "Startup Cost": 708029.15,
                                  "Total Cost": 708029.15,
                                  "Plan Rows": 1570,
                                  "Plan Width": 8,
                                  "Plans": [
                                    {
                                      "Node Type": "Hash Join",
                                      "Parent Relationship": "Outer",
                                      "Parallel Aware": true,
                                      "Async Capable": false,
                                      "Join Type": "Inner",
                                      "Startup Cost": 691354.87,
                                      "Total Cost": 708029.15,
                                      "Plan Rows": 1570,
                                      "Plan Width": 8,
                                      "Inner Unique": false,
                                      "Hash Cond": "(c.c_current_addr_sk = ca.ca_address_sk)",
                                      "Plans": [
                                        {
                                          "Node Type": "Hash Join",
                                          "Parent Relationship": "Outer",
                                          "Parallel Aware": true,
                                          "Async Capable": false,
                                          "Join Type": "Semi",
                                          "Startup Cost": 684337.4,
                                          "Total Cost": 700954.09,
                                          "Plan Rows": 13615,
                                          "Plan Width": 12,
                                          "Inner Unique": false,
                                          "Hash Cond": "(c.c_customer_sk = store_sales.ss_customer_sk)",
                                          "Plans": [
                                            {
                                              "Node Type": "Seq Scan",
                                              "Parent Relationship": "Outer",
                                              "Parallel Aware": true,
                                              "Async Capable": false,
                                              "Relation Name": "customer",
                                              "Alias": "c",
                                              "Startup Cost": 0.0,
                                              "Total Cost": 15918.33,
                                              "Plan Rows": 208333,
                                              "Plan Width": 12,
                                              "parent": 10,
                                              "ID": 11
                                            },
                                            {
                                              "Node Type": "Hash",
                                              "Parent Relationship": "Inner",
                                              "Parallel Aware": true,
                                              "Async Capable": false,
                                              "Startup Cost": 684159.07,
                                              "Total Cost": 684159.07,
                                              "Plan Rows": 14267,
                                              "Plan Width": 4,
                                              "Plans": [
                                                {
                                                  "Node Type": "Hash Join",
                                                  "Parent Relationship": "Outer",
                                                  "Parallel Aware": true,
                                                  "Async Capable": false,
                                                  "Join Type": "Inner",
                                                  "Startup Cost": 2157.65,
                                                  "Total Cost": 684159.07,
                                                  "Plan Rows": 14267,
                                                  "Plan Width": 4,
                                                  "Inner Unique": false,
                                                  "Hash Cond": "(store_sales.ss_sold_date_sk = date_dim.d_date_sk)",
                                                  "Plans": [
                                                    {
                                                      "Node Type": "Seq Scan",
                                                      "Parent Relationship": "Outer",
                                                      "Parallel Aware": true,
                                                      "Async Capable": false,
                                                      "Relation Name": "store_sales",
                                                      "Alias": "store_sales",
                                                      "Startup Cost": 0.0,
                                                      "Total Cost": 636914.37,
                                                      "Plan Rows": 12000637,
                                                      "Plan Width": 8,
                                                      "parent": 13,
                                                      "ID": 14
                                                    },
                                                    {
                                                      "Node Type": "Hash",
                                                      "Parent Relationship": "Inner",
                                                      "Parallel Aware": true,
                                                      "Async Capable": false,
                                                      "Startup Cost": 2156.97,
                                                      "Total Cost": 2156.97,
                                                      "Plan Rows": 54,
                                                      "Plan Width": 4,
                                                      "Plans": [
                                                        {
                                                          "Node Type": "Seq Scan",
                                                          "Parent Relationship": "Outer",
                                                          "Parallel Aware": true,
                                                          "Async Capable": false,
                                                          "Relation Name": "date_dim",
                                                          "Alias": "date_dim",
                                                          "Startup Cost": 0.0,
                                                          "Total Cost": 2156.97,
                                                          "Plan Rows": 54,
                                                          "Plan Width": 4,
                                                          "Filter": "((d_moy >= 4) AND (d_moy <= 6) AND (d_year = 2002))",
                                                          "parent": 15,
                                                          "ID": 16
                                                        }
                                                      ],
                                                      "parent": 13,
                                                      "ID": 15,
                                                      "left": 16
                                                    }
                                                  ],
                                                  "parent": 12,
                                                  "ID": 13,
                                                  "left": 14,
                                                  "right": 15
                                                }
                                              ],
                                              "parent": 10,
                                              "ID": 12,
                                              "left": 13
                                            }
                                          ],
                                          "parent": 9,
                                          "ID": 10,
                                          "left": 11,
                                          "right": 12
                                        },
                                        {
                                          "Node Type": "Hash",
                                          "Parent Relationship": "Inner",
                                          "Parallel Aware": true,
                                          "Async Capable": false,
                                          "Startup Cost": 6867.29,
                                          "Total Cost": 6867.29,
                                          "Plan Rows": 12014,
                                          "Plan Width": 4,
                                          "Plans": [
                                            {
                                              "Node Type": "Seq Scan",
                                              "Parent Relationship": "Outer",
                                              "Parallel Aware": true,
                                              "Async Capable": false,
                                              "Relation Name": "customer_address",
                                              "Alias": "ca",
                                              "Startup Cost": 0.0,
                                              "Total Cost": 6867.29,
                                              "Plan Rows": 12014,
                                              "Plan Width": 4,
                                              "Filter": "(ca_state = ANY ('{WA,WI,TX}'::bpchar[]))",
                                              "parent": 17,
                                              "ID": 18
                                            }
                                          ],
                                          "parent": 9,
                                          "ID": 17,
                                          "left": 18
                                        }
                                      ],
                                      "parent": 8,
                                      "ID": 9,
                                      "left": 10,
                                      "right": 17
                                    }
                                  ],
                                  "parent": 6,
                                  "ID": 8,
                                  "left": 9
                                }
                              ],
                              "parent": 5,
                              "ID": 6,
                              "left": 7,
                              "right": 8
                            }
                          ],
                          "parent": 4,
                          "ID": 5,
                          "left": 6
                        }
                      ],
                      "parent": 3,
                      "ID": 4,
                      "left": 5
                    },
                    {
                      "Node Type": "Materialize",
                      "Parent Relationship": "Inner",
                      "Parallel Aware": false,
                      "Async Capable": false,
                      "Startup Cost": 3157.65,
                      "Total Cost": 233105.09,
                      "Plan Rows": 8964,
                      "Plan Width": 4,
                      "Plans": [
                        {
                          "Node Type": "Gather",
                          "Parent Relationship": "Outer",
                          "Parallel Aware": false,
                          "Async Capable": false,
                          "Startup Cost": 3157.65,
                          "Total Cost": 233060.27,
                          "Plan Rows": 8964,
                          "Plan Width": 4,
                          "Workers Planned": 2,
                          "Single Copy": false,
                          "Plans": [
                            {
                              "Node Type": "Hash Join",
                              "Parent Relationship": "Outer",
                              "Parallel Aware": true,
                              "Async Capable": false,
                              "Join Type": "Inner",
                              "Startup Cost": 2157.65,
                              "Total Cost": 231163.87,
                              "Plan Rows": 3735,
                              "Plan Width": 4,
                              "Inner Unique": false,
                              "Hash Cond": "(web_sales.ws_sold_date_sk = date_dim_1.d_date_sk)",
                              "Plans": [
                                {
                                  "Node Type": "Seq Scan",
                                  "Parent Relationship": "Outer",
                                  "Parallel Aware": true,
                                  "Async Capable": false,
                                  "Relation Name": "web_sales",
                                  "Alias": "web_sales",
                                  "Startup Cost": 0.0,
                                  "Total Cost": 217737.86,
                                  "Plan Rows": 2998986,
                                  "Plan Width": 8,
                                  "parent": 21,
                                  "ID": 22
                                },
                                {
                                  "Node Type": "Hash",
                                  "Parent Relationship": "Inner",
                                  "Parallel Aware": true,
                                  "Async Capable": false,
                                  "Startup Cost": 2156.97,
                                  "Total Cost": 2156.97,
                                  "Plan Rows": 54,
                                  "Plan Width": 4,
                                  "Plans": [
                                    {
                                      "Node Type": "Seq Scan",
                                      "Parent Relationship": "Outer",
                                      "Parallel Aware": true,
                                      "Async Capable": false,
                                      "Relation Name": "date_dim",
                                      "Alias": "date_dim_1",
                                      "Startup Cost": 0.0,
                                      "Total Cost": 2156.97,
                                      "Plan Rows": 54,
                                      "Plan Width": 4,
                                      "Filter": "((d_moy >= 4) AND (d_moy <= 6) AND (d_year = 2002))",
                                      "parent": 23,
                                      "ID": 24
                                    }
                                  ],
                                  "parent": 21,
                                  "ID": 23,
                                  "left": 24
                                }
                              ],
                              "parent": 20,
                              "ID": 21,
                              "left": 22,
                              "right": 23
                            }
                          ],
                          "parent": 19,
                          "ID": 20,
                          "left": 21
                        }
                      ],
                      "parent": 3,
                      "ID": 19,
                      "left": 20
                    }
                  ],
                  "parent": 2,
                  "ID": 3,
                  "left": 4,
                  "right": 19
                },
                {
                  "Node Type": "Materialize",
                  "Parent Relationship": "Inner",
                  "Parallel Aware": false,
                  "Async Capable": false,
                  "Startup Cost": 2684.49,
                  "Total Cost": 574652.42,
                  "Plan Rows": 17839,
                  "Plan Width": 4,
                  "Plans": [
                    {
                      "Node Type": "Hash Join",
                      "Parent Relationship": "Outer",
                      "Parallel Aware": false,
                      "Async Capable": false,
                      "Join Type": "Inner",
                      "Startup Cost": 2684.49,
                      "Total Cost": 574563.22,
                      "Plan Rows": 17839,
                      "Plan Width": 4,
                      "Inner Unique": false,
                      "Hash Cond": "(catalog_sales.cs_sold_date_sk = date_dim_2.d_date_sk)",
                      "Plans": [
                        {
                          "Node Type": "Seq Scan",
                          "Parent Relationship": "Outer",
                          "Parallel Aware": false,
                          "Async Capable": false,
                          "Relation Name": "catalog_sales",
                          "Alias": "catalog_sales",
                          "Startup Cost": 0.0,
                          "Total Cost": 517695.61,
                          "Plan Rows": 14401261,
                          "Plan Width": 8,
                          "parent": 26,
                          "ID": 27
                        },
                        {
                          "Node Type": "Hash",
                          "Parent Relationship": "Inner",
                          "Parallel Aware": false,
                          "Async Capable": false,
                          "Startup Cost": 2683.36,
                          "Total Cost": 2683.36,
                          "Plan Rows": 91,
                          "Plan Width": 4,
                          "Plans": [
                            {
                              "Node Type": "Seq Scan",
                              "Parent Relationship": "Outer",
                              "Parallel Aware": false,
                              "Async Capable": false,
                              "Relation Name": "date_dim",
                              "Alias": "date_dim_2",
                              "Startup Cost": 0.0,
                              "Total Cost": 2683.36,
                              "Plan Rows": 91,
                              "Plan Width": 4,
                              "Filter": "((d_moy >= 4) AND (d_moy <= 6) AND (d_year = 2002))",
                              "parent": 28,
                              "ID": 29
                            }
                          ],
                          "parent": 26,
                          "ID": 28,
                          "left": 29
                        }
                      ],
                      "parent": 25,
                      "ID": 26,
                      "left": 27,
                      "right": 28
                    }
                  ],
                  "parent": 2,
                  "ID": 25,
                  "left": 26
                }
              ],
              "parent": 1,
              "ID": 2,
              "left": 3,
              "right": 25
            }
          ],
          "parent": 0,
          "ID": 1,
          "left": 2
        }
      ],
      "parent": null,
      "ID": 0,
      "left": 1
    },
    "feat": {
      "utility": 0.0,
      "query_shape": [
        [
          "Seq Scan",
          "Hash Join",
          "Sort",
          "Gather Merge",
          "Nested Loop",
          "Aggregate"
        ],
        [
          "Seq Scan",
          "Hash Join",
          "Hash",
          "Sort",
          "Gather Merge",
          "Nested Loop",
          "Aggregate"
        ],
        [
          "Seq Scan",
          "Hash Join",
          "Hash",
          "Sort",
          "Gather Merge",
          "Nested Loop",
          "Aggregate"
        ],
        [
          "Seq Scan",
          "Hash",
          "Hash Join",
          "Sort",
          "Gather Merge",
          "Nested Loop",
          "Aggregate"
        ],
        [
          "Seq Scan",
          "Hash",
          "Hash Join",
          "Sort",
          "Gather Merge",
          "Nested Loop",
          "Aggregate"
        ],
        [
          "Seq Scan",
          "Hash Join",
          "Gather",
          "Materialize",
          "Nested Loop",
          "Aggregate"
        ],
        [
          "Seq Scan",
          "Hash",
          "Hash Join",
          "Gather",
          "Materialize",
          "Nested Loop",
          "Aggregate"
        ],
        [
          "Seq Scan",
          "Hash Join",
          "Materialize",
          "Nested Loop",
          "Aggregate"
        ],
        [
          "Seq Scan",
          "Hash",
          "Hash Join",
          "Materialize",
          "Nested Loop",
          "Aggregate"
        ]
      ],
      "index_shape": [
        "order-by"
      ],
      "physical_operator": {
        "Sort": [
          "[0. 0. 0. 0. 0. 0. 0. 0. 0. 0. 0. 0. 0. 0. 0. 0. 0. 0. 0. 0. 0. 0. 0. 0.\n 0. 0. 0. 0. 0. 0. 0. 0. 0. 0. 0. 0. 0. 0. 0. 0. 0. 0. 0. 0. 0. 0. 0. 0.\n 0. 0. 0.]"
        ],
        "Aggregate": [
          "[0. 0. 0. 0. 0. 0. 0. 0. 0. 0. 0. 0. 0. 0. 0. 0. 0. 0. 0. 0. 0. 0. 0. 0.\n 0. 0. 0. 0. 0. 0. 0. 0. 0. 0. 0. 0. 0. 0. 0. 0. 0. 0. 0. 0. 0. 0. 0. 0.\n 0. 0. 0.]"
        ]
      }
    }
  },
  {
    "query": "select  \n  cd_gender,\n  cd_marital_status,\n  cd_education_status,\n  count(*) cnt1,\n  cd_purchase_estimate,\n  count(*) cnt2,\n  cd_credit_rating,\n  count(*) cnt3\n from\n  customer c,customer_address ca,customer_demographics\n where\n  c.c_current_addr_sk = ca.ca_address_sk and\n  ca_state in ('WA','WI','TX') and\n  cd_demo_sk = c.c_current_cdemo_sk and \n  exists (select *\n          from store_sales,date_dim\n          where c.c_customer_sk = ss_customer_sk and\n                ss_sold_date_sk = d_date_sk and\n                d_year = 2002 and\n                d_moy between 4 and 4+2) and\n   (not exists (select *\n            from web_sales,date_dim\n            where c.c_customer_sk = ws_bill_customer_sk and\n                  ws_sold_date_sk = d_date_sk and\n                  d_year = 2002 and\n                  d_moy between 4 and 4+2) and\n    not exists (select * \n            from catalog_sales,date_dim\n            where c.c_customer_sk = cs_ship_customer_sk and\n                  cs_sold_date_sk = d_date_sk and\n                  d_year = 2002 and\n                  d_moy between 4 and 4+2))\n group by cd_gender,\n          cd_marital_status,\n          cd_education_status,\n          cd_purchase_estimate,\n          cd_credit_rating\n order by cd_gender,\n          cd_marital_status,\n          cd_education_status,\n          cd_purchase_estimate,\n          cd_credit_rating\n limit 100;\n\n-- end query 51 in stream 2 using template query69.tpl\n",
    "indexes": "customer_demographics.cd_education_status",
    "wo plan est": {
      "Node Type": "Limit",
      "Parallel Aware": false,
      "Async Capable": false,
      "Startup Cost": 747810.0,
      "Total Cost": 813030.24,
      "Plan Rows": 100,
      "Plan Width": 64,
      "Plans": [
        {
          "Node Type": "Aggregate",
          "Strategy": "Sorted",
          "Partial Mode": "Simple",
          "Parent Relationship": "Outer",
          "Parallel Aware": false,
          "Async Capable": false,
          "Startup Cost": 747810.0,
          "Total Cost": 2995951.65,
          "Plan Rows": 3447,
          "Plan Width": 64,
          "Group Key": [
            "customer_demographics.cd_gender",
            "customer_demographics.cd_marital_status",
            "customer_demographics.cd_education_status",
            "customer_demographics.cd_purchase_estimate",
            "customer_demographics.cd_credit_rating"
          ],
          "Plans": [
            {
              "Node Type": "Nested Loop",
              "Parent Relationship": "Outer",
              "Parallel Aware": false,
              "Async Capable": false,
              "Join Type": "Anti",
              "Startup Cost": 747810.0,
              "Total Cost": 2995865.48,
              "Plan Rows": 3447,
              "Plan Width": 40,
              "Inner Unique": false,
              "Join Filter": "(c.c_customer_sk = catalog_sales.cs_ship_customer_sk)",
              "Plans": [
                {
                  "Node Type": "Nested Loop",
                  "Parent Relationship": "Outer",
                  "Parallel Aware": false,
                  "Async Capable": false,
                  "Join Type": "Anti",
                  "Startup Cost": 745125.5,
                  "Total Cost": 1464908.87,
                  "Plan Rows": 3574,
                  "Plan Width": 44,
                  "Inner Unique": false,
                  "Join Filter": "(c.c_customer_sk = web_sales.ws_bill_customer_sk)",
                  "Plans": [
                    {
                      "Node Type": "Gather Merge",
                      "Parent Relationship": "Outer",
                      "Parallel Aware": false,
                      "Async Capable": false,
                      "Startup Cost": 741967.85,
                      "Total Cost": 742391.79,
                      "Plan Rows": 3640,
                      "Plan Width": 44,
                      "Workers Planned": 2,
                      "Plans": [
                        {
                          "Node Type": "Sort",
                          "Parent Relationship": "Outer",
                          "Parallel Aware": false,
                          "Async Capable": false,
                          "Startup Cost": 740967.83,
                          "Total Cost": 740971.62,
                          "Plan Rows": 1517,
                          "Plan Width": 44,
                          "Sort Key": [
                            "customer_demographics.cd_gender",
                            "customer_demographics.cd_marital_status",
                            "customer_demographics.cd_education_status",
                            "customer_demographics.cd_purchase_estimate",
                            "customer_demographics.cd_credit_rating"
                          ],
                          "Plans": [
                            {
                              "Node Type": "Hash Join",
                              "Parent Relationship": "Outer",
                              "Parallel Aware": true,
                              "Async Capable": false,
                              "Join Type": "Inner",
                              "Startup Cost": 708048.78,
                              "Total Cost": 740887.68,
                              "Plan Rows": 1517,
                              "Plan Width": 44,
                              "Inner Unique": false,
                              "Hash Cond": "(customer_demographics.cd_demo_sk = c.c_current_cdemo_sk)",
                              "Plans": [
                                {
                                  "Node Type": "Seq Scan",
                                  "Parent Relationship": "Outer",
                                  "Parallel Aware": true,
                                  "Async Capable": false,
                                  "Relation Name": "customer_demographics",
                                  "Alias": "customer_demographics",
                                  "Startup Cost": 0.0,
                                  "Total Cost": 29831.33,
                                  "Plan Rows": 800333,
                                  "Plan Width": 44,
                                  "parent": 6,
                                  "ID": 7
                                },
                                {
                                  "Node Type": "Hash",
                                  "Parent Relationship": "Inner",
                                  "Parallel Aware": true,
                                  "Async Capable": false,
                                  "Startup Cost": 708029.15,
                                  "Total Cost": 708029.15,
                                  "Plan Rows": 1570,
                                  "Plan Width": 8,
                                  "Plans": [
                                    {
                                      "Node Type": "Hash Join",
                                      "Parent Relationship": "Outer",
                                      "Parallel Aware": true,
                                      "Async Capable": false,
                                      "Join Type": "Inner",
                                      "Startup Cost": 691354.87,
                                      "Total Cost": 708029.15,
                                      "Plan Rows": 1570,
                                      "Plan Width": 8,
                                      "Inner Unique": false,
                                      "Hash Cond": "(c.c_current_addr_sk = ca.ca_address_sk)",
                                      "Plans": [
                                        {
                                          "Node Type": "Hash Join",
                                          "Parent Relationship": "Outer",
                                          "Parallel Aware": true,
                                          "Async Capable": false,
                                          "Join Type": "Semi",
                                          "Startup Cost": 684337.4,
                                          "Total Cost": 700954.09,
                                          "Plan Rows": 13615,
                                          "Plan Width": 12,
                                          "Inner Unique": false,
                                          "Hash Cond": "(c.c_customer_sk = store_sales.ss_customer_sk)",
                                          "Plans": [
                                            {
                                              "Node Type": "Seq Scan",
                                              "Parent Relationship": "Outer",
                                              "Parallel Aware": true,
                                              "Async Capable": false,
                                              "Relation Name": "customer",
                                              "Alias": "c",
                                              "Startup Cost": 0.0,
                                              "Total Cost": 15918.33,
                                              "Plan Rows": 208333,
                                              "Plan Width": 12,
                                              "parent": 10,
                                              "ID": 11
                                            },
                                            {
                                              "Node Type": "Hash",
                                              "Parent Relationship": "Inner",
                                              "Parallel Aware": true,
                                              "Async Capable": false,
                                              "Startup Cost": 684159.07,
                                              "Total Cost": 684159.07,
                                              "Plan Rows": 14267,
                                              "Plan Width": 4,
                                              "Plans": [
                                                {
                                                  "Node Type": "Hash Join",
                                                  "Parent Relationship": "Outer",
                                                  "Parallel Aware": true,
                                                  "Async Capable": false,
                                                  "Join Type": "Inner",
                                                  "Startup Cost": 2157.65,
                                                  "Total Cost": 684159.07,
                                                  "Plan Rows": 14267,
                                                  "Plan Width": 4,
                                                  "Inner Unique": false,
                                                  "Hash Cond": "(store_sales.ss_sold_date_sk = date_dim.d_date_sk)",
                                                  "Plans": [
                                                    {
                                                      "Node Type": "Seq Scan",
                                                      "Parent Relationship": "Outer",
                                                      "Parallel Aware": true,
                                                      "Async Capable": false,
                                                      "Relation Name": "store_sales",
                                                      "Alias": "store_sales",
                                                      "Startup Cost": 0.0,
                                                      "Total Cost": 636914.37,
                                                      "Plan Rows": 12000637,
                                                      "Plan Width": 8,
                                                      "parent": 13,
                                                      "ID": 14
                                                    },
                                                    {
                                                      "Node Type": "Hash",
                                                      "Parent Relationship": "Inner",
                                                      "Parallel Aware": true,
                                                      "Async Capable": false,
                                                      "Startup Cost": 2156.97,
                                                      "Total Cost": 2156.97,
                                                      "Plan Rows": 54,
                                                      "Plan Width": 4,
                                                      "Plans": [
                                                        {
                                                          "Node Type": "Seq Scan",
                                                          "Parent Relationship": "Outer",
                                                          "Parallel Aware": true,
                                                          "Async Capable": false,
                                                          "Relation Name": "date_dim",
                                                          "Alias": "date_dim",
                                                          "Startup Cost": 0.0,
                                                          "Total Cost": 2156.97,
                                                          "Plan Rows": 54,
                                                          "Plan Width": 4,
                                                          "Filter": "((d_moy >= 4) AND (d_moy <= 6) AND (d_year = 2002))",
                                                          "parent": 15,
                                                          "ID": 16
                                                        }
                                                      ],
                                                      "parent": 13,
                                                      "ID": 15,
                                                      "left": 16
                                                    }
                                                  ],
                                                  "parent": 12,
                                                  "ID": 13,
                                                  "left": 14,
                                                  "right": 15
                                                }
                                              ],
                                              "parent": 10,
                                              "ID": 12,
                                              "left": 13
                                            }
                                          ],
                                          "parent": 9,
                                          "ID": 10,
                                          "left": 11,
                                          "right": 12
                                        },
                                        {
                                          "Node Type": "Hash",
                                          "Parent Relationship": "Inner",
                                          "Parallel Aware": true,
                                          "Async Capable": false,
                                          "Startup Cost": 6867.29,
                                          "Total Cost": 6867.29,
                                          "Plan Rows": 12014,
                                          "Plan Width": 4,
                                          "Plans": [
                                            {
                                              "Node Type": "Seq Scan",
                                              "Parent Relationship": "Outer",
                                              "Parallel Aware": true,
                                              "Async Capable": false,
                                              "Relation Name": "customer_address",
                                              "Alias": "ca",
                                              "Startup Cost": 0.0,
                                              "Total Cost": 6867.29,
                                              "Plan Rows": 12014,
                                              "Plan Width": 4,
                                              "Filter": "(ca_state = ANY ('{WA,WI,TX}'::bpchar[]))",
                                              "parent": 17,
                                              "ID": 18
                                            }
                                          ],
                                          "parent": 9,
                                          "ID": 17,
                                          "left": 18
                                        }
                                      ],
                                      "parent": 8,
                                      "ID": 9,
                                      "left": 10,
                                      "right": 17
                                    }
                                  ],
                                  "parent": 6,
                                  "ID": 8,
                                  "left": 9
                                }
                              ],
                              "parent": 5,
                              "ID": 6,
                              "left": 7,
                              "right": 8
                            }
                          ],
                          "parent": 4,
                          "ID": 5,
                          "left": 6
                        }
                      ],
                      "parent": 3,
                      "ID": 4,
                      "left": 5
                    },
                    {
                      "Node Type": "Materialize",
                      "Parent Relationship": "Inner",
                      "Parallel Aware": false,
                      "Async Capable": false,
                      "Startup Cost": 3157.65,
                      "Total Cost": 233105.09,
                      "Plan Rows": 8964,
                      "Plan Width": 4,
                      "Plans": [
                        {
                          "Node Type": "Gather",
                          "Parent Relationship": "Outer",
                          "Parallel Aware": false,
                          "Async Capable": false,
                          "Startup Cost": 3157.65,
                          "Total Cost": 233060.27,
                          "Plan Rows": 8964,
                          "Plan Width": 4,
                          "Workers Planned": 2,
                          "Single Copy": false,
                          "Plans": [
                            {
                              "Node Type": "Hash Join",
                              "Parent Relationship": "Outer",
                              "Parallel Aware": true,
                              "Async Capable": false,
                              "Join Type": "Inner",
                              "Startup Cost": 2157.65,
                              "Total Cost": 231163.87,
                              "Plan Rows": 3735,
                              "Plan Width": 4,
                              "Inner Unique": false,
                              "Hash Cond": "(web_sales.ws_sold_date_sk = date_dim_1.d_date_sk)",
                              "Plans": [
                                {
                                  "Node Type": "Seq Scan",
                                  "Parent Relationship": "Outer",
                                  "Parallel Aware": true,
                                  "Async Capable": false,
                                  "Relation Name": "web_sales",
                                  "Alias": "web_sales",
                                  "Startup Cost": 0.0,
                                  "Total Cost": 217737.86,
                                  "Plan Rows": 2998986,
                                  "Plan Width": 8,
                                  "parent": 21,
                                  "ID": 22
                                },
                                {
                                  "Node Type": "Hash",
                                  "Parent Relationship": "Inner",
                                  "Parallel Aware": true,
                                  "Async Capable": false,
                                  "Startup Cost": 2156.97,
                                  "Total Cost": 2156.97,
                                  "Plan Rows": 54,
                                  "Plan Width": 4,
                                  "Plans": [
                                    {
                                      "Node Type": "Seq Scan",
                                      "Parent Relationship": "Outer",
                                      "Parallel Aware": true,
                                      "Async Capable": false,
                                      "Relation Name": "date_dim",
                                      "Alias": "date_dim_1",
                                      "Startup Cost": 0.0,
                                      "Total Cost": 2156.97,
                                      "Plan Rows": 54,
                                      "Plan Width": 4,
                                      "Filter": "((d_moy >= 4) AND (d_moy <= 6) AND (d_year = 2002))",
                                      "parent": 23,
                                      "ID": 24
                                    }
                                  ],
                                  "parent": 21,
                                  "ID": 23,
                                  "left": 24
                                }
                              ],
                              "parent": 20,
                              "ID": 21,
                              "left": 22,
                              "right": 23
                            }
                          ],
                          "parent": 19,
                          "ID": 20,
                          "left": 21
                        }
                      ],
                      "parent": 3,
                      "ID": 19,
                      "left": 20
                    }
                  ],
                  "parent": 2,
                  "ID": 3,
                  "left": 4,
                  "right": 19
                },
                {
                  "Node Type": "Materialize",
                  "Parent Relationship": "Inner",
                  "Parallel Aware": false,
                  "Async Capable": false,
                  "Startup Cost": 2684.49,
                  "Total Cost": 574652.42,
                  "Plan Rows": 17839,
                  "Plan Width": 4,
                  "Plans": [
                    {
                      "Node Type": "Hash Join",
                      "Parent Relationship": "Outer",
                      "Parallel Aware": false,
                      "Async Capable": false,
                      "Join Type": "Inner",
                      "Startup Cost": 2684.49,
                      "Total Cost": 574563.22,
                      "Plan Rows": 17839,
                      "Plan Width": 4,
                      "Inner Unique": false,
                      "Hash Cond": "(catalog_sales.cs_sold_date_sk = date_dim_2.d_date_sk)",
                      "Plans": [
                        {
                          "Node Type": "Seq Scan",
                          "Parent Relationship": "Outer",
                          "Parallel Aware": false,
                          "Async Capable": false,
                          "Relation Name": "catalog_sales",
                          "Alias": "catalog_sales",
                          "Startup Cost": 0.0,
                          "Total Cost": 517695.61,
                          "Plan Rows": 14401261,
                          "Plan Width": 8,
                          "parent": 26,
                          "ID": 27
                        },
                        {
                          "Node Type": "Hash",
                          "Parent Relationship": "Inner",
                          "Parallel Aware": false,
                          "Async Capable": false,
                          "Startup Cost": 2683.36,
                          "Total Cost": 2683.36,
                          "Plan Rows": 91,
                          "Plan Width": 4,
                          "Plans": [
                            {
                              "Node Type": "Seq Scan",
                              "Parent Relationship": "Outer",
                              "Parallel Aware": false,
                              "Async Capable": false,
                              "Relation Name": "date_dim",
                              "Alias": "date_dim_2",
                              "Startup Cost": 0.0,
                              "Total Cost": 2683.36,
                              "Plan Rows": 91,
                              "Plan Width": 4,
                              "Filter": "((d_moy >= 4) AND (d_moy <= 6) AND (d_year = 2002))",
                              "parent": 28,
                              "ID": 29
                            }
                          ],
                          "parent": 26,
                          "ID": 28,
                          "left": 29
                        }
                      ],
                      "parent": 25,
                      "ID": 26,
                      "left": 27,
                      "right": 28
                    }
                  ],
                  "parent": 2,
                  "ID": 25,
                  "left": 26
                }
              ],
              "parent": 1,
              "ID": 2,
              "left": 3,
              "right": 25
            }
          ],
          "parent": 0,
          "ID": 1,
          "left": 2
        }
      ],
      "parent": null,
      "ID": 0,
      "left": 1
    },
    "feat": {
      "utility": 0.0,
      "query_shape": [
        [
          "Seq Scan",
          "Hash Join",
          "Sort",
          "Gather Merge",
          "Nested Loop",
          "Aggregate"
        ],
        [
          "Seq Scan",
          "Hash Join",
          "Hash",
          "Sort",
          "Gather Merge",
          "Nested Loop",
          "Aggregate"
        ],
        [
          "Seq Scan",
          "Hash Join",
          "Hash",
          "Sort",
          "Gather Merge",
          "Nested Loop",
          "Aggregate"
        ],
        [
          "Seq Scan",
          "Hash",
          "Hash Join",
          "Sort",
          "Gather Merge",
          "Nested Loop",
          "Aggregate"
        ],
        [
          "Seq Scan",
          "Hash",
          "Hash Join",
          "Sort",
          "Gather Merge",
          "Nested Loop",
          "Aggregate"
        ],
        [
          "Seq Scan",
          "Hash Join",
          "Gather",
          "Materialize",
          "Nested Loop",
          "Aggregate"
        ],
        [
          "Seq Scan",
          "Hash",
          "Hash Join",
          "Gather",
          "Materialize",
          "Nested Loop",
          "Aggregate"
        ],
        [
          "Seq Scan",
          "Hash Join",
          "Materialize",
          "Nested Loop",
          "Aggregate"
        ],
        [
          "Seq Scan",
          "Hash",
          "Hash Join",
          "Materialize",
          "Nested Loop",
          "Aggregate"
        ]
      ],
      "index_shape": [
        "order-by"
      ],
      "physical_operator": {
        "Sort": [
          "[0. 0. 0. 0. 0. 0. 0. 0. 0. 0. 0. 0. 0. 0. 0. 0. 0. 0. 0. 0. 0. 0. 0. 0.\n 0. 0. 0. 0. 0. 0. 0. 0. 0. 0. 0. 0. 0. 0. 0. 0. 0. 0. 0. 0. 0. 0. 0. 0.\n 0. 0. 0.]"
        ],
        "Aggregate": [
          "[0. 0. 0. 0. 0. 0. 0. 0. 0. 0. 0. 0. 0. 0. 0. 0. 0. 0. 0. 0. 0. 0. 0. 0.\n 0. 0. 0. 0. 0. 0. 0. 0. 0. 0. 0. 0. 0. 0. 0. 0. 0. 0. 0. 0. 0. 0. 0. 0.\n 0. 0. 0.]"
        ]
      }
    }
  },
  {
    "query": "select  \n  cd_gender,\n  cd_marital_status,\n  cd_education_status,\n  count(*) cnt1,\n  cd_purchase_estimate,\n  count(*) cnt2,\n  cd_credit_rating,\n  count(*) cnt3\n from\n  customer c,customer_address ca,customer_demographics\n where\n  c.c_current_addr_sk = ca.ca_address_sk and\n  ca_state in ('WA','WI','TX') and\n  cd_demo_sk = c.c_current_cdemo_sk and \n  exists (select *\n          from store_sales,date_dim\n          where c.c_customer_sk = ss_customer_sk and\n                ss_sold_date_sk = d_date_sk and\n                d_year = 2002 and\n                d_moy between 4 and 4+2) and\n   (not exists (select *\n            from web_sales,date_dim\n            where c.c_customer_sk = ws_bill_customer_sk and\n                  ws_sold_date_sk = d_date_sk and\n                  d_year = 2002 and\n                  d_moy between 4 and 4+2) and\n    not exists (select * \n            from catalog_sales,date_dim\n            where c.c_customer_sk = cs_ship_customer_sk and\n                  cs_sold_date_sk = d_date_sk and\n                  d_year = 2002 and\n                  d_moy between 4 and 4+2))\n group by cd_gender,\n          cd_marital_status,\n          cd_education_status,\n          cd_purchase_estimate,\n          cd_credit_rating\n order by cd_gender,\n          cd_marital_status,\n          cd_education_status,\n          cd_purchase_estimate,\n          cd_credit_rating\n limit 100;\n\n-- end query 51 in stream 2 using template query69.tpl\n",
    "indexes": "customer_demographics.cd_credit_rating",
    "wo plan est": {
      "Node Type": "Limit",
      "Parallel Aware": false,
      "Async Capable": false,
      "Startup Cost": 747810.0,
      "Total Cost": 813030.24,
      "Plan Rows": 100,
      "Plan Width": 64,
      "Plans": [
        {
          "Node Type": "Aggregate",
          "Strategy": "Sorted",
          "Partial Mode": "Simple",
          "Parent Relationship": "Outer",
          "Parallel Aware": false,
          "Async Capable": false,
          "Startup Cost": 747810.0,
          "Total Cost": 2995951.65,
          "Plan Rows": 3447,
          "Plan Width": 64,
          "Group Key": [
            "customer_demographics.cd_gender",
            "customer_demographics.cd_marital_status",
            "customer_demographics.cd_education_status",
            "customer_demographics.cd_purchase_estimate",
            "customer_demographics.cd_credit_rating"
          ],
          "Plans": [
            {
              "Node Type": "Nested Loop",
              "Parent Relationship": "Outer",
              "Parallel Aware": false,
              "Async Capable": false,
              "Join Type": "Anti",
              "Startup Cost": 747810.0,
              "Total Cost": 2995865.48,
              "Plan Rows": 3447,
              "Plan Width": 40,
              "Inner Unique": false,
              "Join Filter": "(c.c_customer_sk = catalog_sales.cs_ship_customer_sk)",
              "Plans": [
                {
                  "Node Type": "Nested Loop",
                  "Parent Relationship": "Outer",
                  "Parallel Aware": false,
                  "Async Capable": false,
                  "Join Type": "Anti",
                  "Startup Cost": 745125.5,
                  "Total Cost": 1464908.87,
                  "Plan Rows": 3574,
                  "Plan Width": 44,
                  "Inner Unique": false,
                  "Join Filter": "(c.c_customer_sk = web_sales.ws_bill_customer_sk)",
                  "Plans": [
                    {
                      "Node Type": "Gather Merge",
                      "Parent Relationship": "Outer",
                      "Parallel Aware": false,
                      "Async Capable": false,
                      "Startup Cost": 741967.85,
                      "Total Cost": 742391.79,
                      "Plan Rows": 3640,
                      "Plan Width": 44,
                      "Workers Planned": 2,
                      "Plans": [
                        {
                          "Node Type": "Sort",
                          "Parent Relationship": "Outer",
                          "Parallel Aware": false,
                          "Async Capable": false,
                          "Startup Cost": 740967.83,
                          "Total Cost": 740971.62,
                          "Plan Rows": 1517,
                          "Plan Width": 44,
                          "Sort Key": [
                            "customer_demographics.cd_gender",
                            "customer_demographics.cd_marital_status",
                            "customer_demographics.cd_education_status",
                            "customer_demographics.cd_purchase_estimate",
                            "customer_demographics.cd_credit_rating"
                          ],
                          "Plans": [
                            {
                              "Node Type": "Hash Join",
                              "Parent Relationship": "Outer",
                              "Parallel Aware": true,
                              "Async Capable": false,
                              "Join Type": "Inner",
                              "Startup Cost": 708048.78,
                              "Total Cost": 740887.68,
                              "Plan Rows": 1517,
                              "Plan Width": 44,
                              "Inner Unique": false,
                              "Hash Cond": "(customer_demographics.cd_demo_sk = c.c_current_cdemo_sk)",
                              "Plans": [
                                {
                                  "Node Type": "Seq Scan",
                                  "Parent Relationship": "Outer",
                                  "Parallel Aware": true,
                                  "Async Capable": false,
                                  "Relation Name": "customer_demographics",
                                  "Alias": "customer_demographics",
                                  "Startup Cost": 0.0,
                                  "Total Cost": 29831.33,
                                  "Plan Rows": 800333,
                                  "Plan Width": 44,
                                  "parent": 6,
                                  "ID": 7
                                },
                                {
                                  "Node Type": "Hash",
                                  "Parent Relationship": "Inner",
                                  "Parallel Aware": true,
                                  "Async Capable": false,
                                  "Startup Cost": 708029.15,
                                  "Total Cost": 708029.15,
                                  "Plan Rows": 1570,
                                  "Plan Width": 8,
                                  "Plans": [
                                    {
                                      "Node Type": "Hash Join",
                                      "Parent Relationship": "Outer",
                                      "Parallel Aware": true,
                                      "Async Capable": false,
                                      "Join Type": "Inner",
                                      "Startup Cost": 691354.87,
                                      "Total Cost": 708029.15,
                                      "Plan Rows": 1570,
                                      "Plan Width": 8,
                                      "Inner Unique": false,
                                      "Hash Cond": "(c.c_current_addr_sk = ca.ca_address_sk)",
                                      "Plans": [
                                        {
                                          "Node Type": "Hash Join",
                                          "Parent Relationship": "Outer",
                                          "Parallel Aware": true,
                                          "Async Capable": false,
                                          "Join Type": "Semi",
                                          "Startup Cost": 684337.4,
                                          "Total Cost": 700954.09,
                                          "Plan Rows": 13615,
                                          "Plan Width": 12,
                                          "Inner Unique": false,
                                          "Hash Cond": "(c.c_customer_sk = store_sales.ss_customer_sk)",
                                          "Plans": [
                                            {
                                              "Node Type": "Seq Scan",
                                              "Parent Relationship": "Outer",
                                              "Parallel Aware": true,
                                              "Async Capable": false,
                                              "Relation Name": "customer",
                                              "Alias": "c",
                                              "Startup Cost": 0.0,
                                              "Total Cost": 15918.33,
                                              "Plan Rows": 208333,
                                              "Plan Width": 12,
                                              "parent": 10,
                                              "ID": 11
                                            },
                                            {
                                              "Node Type": "Hash",
                                              "Parent Relationship": "Inner",
                                              "Parallel Aware": true,
                                              "Async Capable": false,
                                              "Startup Cost": 684159.07,
                                              "Total Cost": 684159.07,
                                              "Plan Rows": 14267,
                                              "Plan Width": 4,
                                              "Plans": [
                                                {
                                                  "Node Type": "Hash Join",
                                                  "Parent Relationship": "Outer",
                                                  "Parallel Aware": true,
                                                  "Async Capable": false,
                                                  "Join Type": "Inner",
                                                  "Startup Cost": 2157.65,
                                                  "Total Cost": 684159.07,
                                                  "Plan Rows": 14267,
                                                  "Plan Width": 4,
                                                  "Inner Unique": false,
                                                  "Hash Cond": "(store_sales.ss_sold_date_sk = date_dim.d_date_sk)",
                                                  "Plans": [
                                                    {
                                                      "Node Type": "Seq Scan",
                                                      "Parent Relationship": "Outer",
                                                      "Parallel Aware": true,
                                                      "Async Capable": false,
                                                      "Relation Name": "store_sales",
                                                      "Alias": "store_sales",
                                                      "Startup Cost": 0.0,
                                                      "Total Cost": 636914.37,
                                                      "Plan Rows": 12000637,
                                                      "Plan Width": 8,
                                                      "parent": 13,
                                                      "ID": 14
                                                    },
                                                    {
                                                      "Node Type": "Hash",
                                                      "Parent Relationship": "Inner",
                                                      "Parallel Aware": true,
                                                      "Async Capable": false,
                                                      "Startup Cost": 2156.97,
                                                      "Total Cost": 2156.97,
                                                      "Plan Rows": 54,
                                                      "Plan Width": 4,
                                                      "Plans": [
                                                        {
                                                          "Node Type": "Seq Scan",
                                                          "Parent Relationship": "Outer",
                                                          "Parallel Aware": true,
                                                          "Async Capable": false,
                                                          "Relation Name": "date_dim",
                                                          "Alias": "date_dim",
                                                          "Startup Cost": 0.0,
                                                          "Total Cost": 2156.97,
                                                          "Plan Rows": 54,
                                                          "Plan Width": 4,
                                                          "Filter": "((d_moy >= 4) AND (d_moy <= 6) AND (d_year = 2002))",
                                                          "parent": 15,
                                                          "ID": 16
                                                        }
                                                      ],
                                                      "parent": 13,
                                                      "ID": 15,
                                                      "left": 16
                                                    }
                                                  ],
                                                  "parent": 12,
                                                  "ID": 13,
                                                  "left": 14,
                                                  "right": 15
                                                }
                                              ],
                                              "parent": 10,
                                              "ID": 12,
                                              "left": 13
                                            }
                                          ],
                                          "parent": 9,
                                          "ID": 10,
                                          "left": 11,
                                          "right": 12
                                        },
                                        {
                                          "Node Type": "Hash",
                                          "Parent Relationship": "Inner",
                                          "Parallel Aware": true,
                                          "Async Capable": false,
                                          "Startup Cost": 6867.29,
                                          "Total Cost": 6867.29,
                                          "Plan Rows": 12014,
                                          "Plan Width": 4,
                                          "Plans": [
                                            {
                                              "Node Type": "Seq Scan",
                                              "Parent Relationship": "Outer",
                                              "Parallel Aware": true,
                                              "Async Capable": false,
                                              "Relation Name": "customer_address",
                                              "Alias": "ca",
                                              "Startup Cost": 0.0,
                                              "Total Cost": 6867.29,
                                              "Plan Rows": 12014,
                                              "Plan Width": 4,
                                              "Filter": "(ca_state = ANY ('{WA,WI,TX}'::bpchar[]))",
                                              "parent": 17,
                                              "ID": 18
                                            }
                                          ],
                                          "parent": 9,
                                          "ID": 17,
                                          "left": 18
                                        }
                                      ],
                                      "parent": 8,
                                      "ID": 9,
                                      "left": 10,
                                      "right": 17
                                    }
                                  ],
                                  "parent": 6,
                                  "ID": 8,
                                  "left": 9
                                }
                              ],
                              "parent": 5,
                              "ID": 6,
                              "left": 7,
                              "right": 8
                            }
                          ],
                          "parent": 4,
                          "ID": 5,
                          "left": 6
                        }
                      ],
                      "parent": 3,
                      "ID": 4,
                      "left": 5
                    },
                    {
                      "Node Type": "Materialize",
                      "Parent Relationship": "Inner",
                      "Parallel Aware": false,
                      "Async Capable": false,
                      "Startup Cost": 3157.65,
                      "Total Cost": 233105.09,
                      "Plan Rows": 8964,
                      "Plan Width": 4,
                      "Plans": [
                        {
                          "Node Type": "Gather",
                          "Parent Relationship": "Outer",
                          "Parallel Aware": false,
                          "Async Capable": false,
                          "Startup Cost": 3157.65,
                          "Total Cost": 233060.27,
                          "Plan Rows": 8964,
                          "Plan Width": 4,
                          "Workers Planned": 2,
                          "Single Copy": false,
                          "Plans": [
                            {
                              "Node Type": "Hash Join",
                              "Parent Relationship": "Outer",
                              "Parallel Aware": true,
                              "Async Capable": false,
                              "Join Type": "Inner",
                              "Startup Cost": 2157.65,
                              "Total Cost": 231163.87,
                              "Plan Rows": 3735,
                              "Plan Width": 4,
                              "Inner Unique": false,
                              "Hash Cond": "(web_sales.ws_sold_date_sk = date_dim_1.d_date_sk)",
                              "Plans": [
                                {
                                  "Node Type": "Seq Scan",
                                  "Parent Relationship": "Outer",
                                  "Parallel Aware": true,
                                  "Async Capable": false,
                                  "Relation Name": "web_sales",
                                  "Alias": "web_sales",
                                  "Startup Cost": 0.0,
                                  "Total Cost": 217737.86,
                                  "Plan Rows": 2998986,
                                  "Plan Width": 8,
                                  "parent": 21,
                                  "ID": 22
                                },
                                {
                                  "Node Type": "Hash",
                                  "Parent Relationship": "Inner",
                                  "Parallel Aware": true,
                                  "Async Capable": false,
                                  "Startup Cost": 2156.97,
                                  "Total Cost": 2156.97,
                                  "Plan Rows": 54,
                                  "Plan Width": 4,
                                  "Plans": [
                                    {
                                      "Node Type": "Seq Scan",
                                      "Parent Relationship": "Outer",
                                      "Parallel Aware": true,
                                      "Async Capable": false,
                                      "Relation Name": "date_dim",
                                      "Alias": "date_dim_1",
                                      "Startup Cost": 0.0,
                                      "Total Cost": 2156.97,
                                      "Plan Rows": 54,
                                      "Plan Width": 4,
                                      "Filter": "((d_moy >= 4) AND (d_moy <= 6) AND (d_year = 2002))",
                                      "parent": 23,
                                      "ID": 24
                                    }
                                  ],
                                  "parent": 21,
                                  "ID": 23,
                                  "left": 24
                                }
                              ],
                              "parent": 20,
                              "ID": 21,
                              "left": 22,
                              "right": 23
                            }
                          ],
                          "parent": 19,
                          "ID": 20,
                          "left": 21
                        }
                      ],
                      "parent": 3,
                      "ID": 19,
                      "left": 20
                    }
                  ],
                  "parent": 2,
                  "ID": 3,
                  "left": 4,
                  "right": 19
                },
                {
                  "Node Type": "Materialize",
                  "Parent Relationship": "Inner",
                  "Parallel Aware": false,
                  "Async Capable": false,
                  "Startup Cost": 2684.49,
                  "Total Cost": 574652.42,
                  "Plan Rows": 17839,
                  "Plan Width": 4,
                  "Plans": [
                    {
                      "Node Type": "Hash Join",
                      "Parent Relationship": "Outer",
                      "Parallel Aware": false,
                      "Async Capable": false,
                      "Join Type": "Inner",
                      "Startup Cost": 2684.49,
                      "Total Cost": 574563.22,
                      "Plan Rows": 17839,
                      "Plan Width": 4,
                      "Inner Unique": false,
                      "Hash Cond": "(catalog_sales.cs_sold_date_sk = date_dim_2.d_date_sk)",
                      "Plans": [
                        {
                          "Node Type": "Seq Scan",
                          "Parent Relationship": "Outer",
                          "Parallel Aware": false,
                          "Async Capable": false,
                          "Relation Name": "catalog_sales",
                          "Alias": "catalog_sales",
                          "Startup Cost": 0.0,
                          "Total Cost": 517695.61,
                          "Plan Rows": 14401261,
                          "Plan Width": 8,
                          "parent": 26,
                          "ID": 27
                        },
                        {
                          "Node Type": "Hash",
                          "Parent Relationship": "Inner",
                          "Parallel Aware": false,
                          "Async Capable": false,
                          "Startup Cost": 2683.36,
                          "Total Cost": 2683.36,
                          "Plan Rows": 91,
                          "Plan Width": 4,
                          "Plans": [
                            {
                              "Node Type": "Seq Scan",
                              "Parent Relationship": "Outer",
                              "Parallel Aware": false,
                              "Async Capable": false,
                              "Relation Name": "date_dim",
                              "Alias": "date_dim_2",
                              "Startup Cost": 0.0,
                              "Total Cost": 2683.36,
                              "Plan Rows": 91,
                              "Plan Width": 4,
                              "Filter": "((d_moy >= 4) AND (d_moy <= 6) AND (d_year = 2002))",
                              "parent": 28,
                              "ID": 29
                            }
                          ],
                          "parent": 26,
                          "ID": 28,
                          "left": 29
                        }
                      ],
                      "parent": 25,
                      "ID": 26,
                      "left": 27,
                      "right": 28
                    }
                  ],
                  "parent": 2,
                  "ID": 25,
                  "left": 26
                }
              ],
              "parent": 1,
              "ID": 2,
              "left": 3,
              "right": 25
            }
          ],
          "parent": 0,
          "ID": 1,
          "left": 2
        }
      ],
      "parent": null,
      "ID": 0,
      "left": 1
    },
    "feat": {
      "utility": 0.0,
      "query_shape": [
        [
          "Seq Scan",
          "Hash Join",
          "Sort",
          "Gather Merge",
          "Nested Loop",
          "Aggregate"
        ],
        [
          "Seq Scan",
          "Hash Join",
          "Hash",
          "Sort",
          "Gather Merge",
          "Nested Loop",
          "Aggregate"
        ],
        [
          "Seq Scan",
          "Hash Join",
          "Hash",
          "Sort",
          "Gather Merge",
          "Nested Loop",
          "Aggregate"
        ],
        [
          "Seq Scan",
          "Hash",
          "Hash Join",
          "Sort",
          "Gather Merge",
          "Nested Loop",
          "Aggregate"
        ],
        [
          "Seq Scan",
          "Hash",
          "Hash Join",
          "Sort",
          "Gather Merge",
          "Nested Loop",
          "Aggregate"
        ],
        [
          "Seq Scan",
          "Hash Join",
          "Gather",
          "Materialize",
          "Nested Loop",
          "Aggregate"
        ],
        [
          "Seq Scan",
          "Hash",
          "Hash Join",
          "Gather",
          "Materialize",
          "Nested Loop",
          "Aggregate"
        ],
        [
          "Seq Scan",
          "Hash Join",
          "Materialize",
          "Nested Loop",
          "Aggregate"
        ],
        [
          "Seq Scan",
          "Hash",
          "Hash Join",
          "Materialize",
          "Nested Loop",
          "Aggregate"
        ]
      ],
      "index_shape": [
        "order-by"
      ],
      "physical_operator": {
        "Sort": [
          "[0. 0. 0. 0. 0. 0. 0. 0. 0. 0. 0. 0. 0. 0. 0. 0. 0. 0. 0. 0. 0. 0. 0. 0.\n 0. 0. 0. 0. 0. 0. 0. 0. 0. 0. 0. 0. 0. 0. 0. 0. 0. 0. 0. 0. 0. 0. 0. 0.\n 0. 0. 0.]"
        ],
        "Aggregate": [
          "[0. 0. 0. 0. 0. 0. 0. 0. 0. 0. 0. 0. 0. 0. 0. 0. 0. 0. 0. 0. 0. 0. 0. 0.\n 0. 0. 0. 0. 0. 0. 0. 0. 0. 0. 0. 0. 0. 0. 0. 0. 0. 0. 0. 0. 0. 0. 0. 0.\n 0. 0. 0.]"
        ]
      }
    }
  },
  {
    "query": "select  \n  cd_gender,\n  cd_marital_status,\n  cd_education_status,\n  count(*) cnt1,\n  cd_purchase_estimate,\n  count(*) cnt2,\n  cd_credit_rating,\n  count(*) cnt3\n from\n  customer c,customer_address ca,customer_demographics\n where\n  c.c_current_addr_sk = ca.ca_address_sk and\n  ca_state in ('WA','WI','TX') and\n  cd_demo_sk = c.c_current_cdemo_sk and \n  exists (select *\n          from store_sales,date_dim\n          where c.c_customer_sk = ss_customer_sk and\n                ss_sold_date_sk = d_date_sk and\n                d_year = 2002 and\n                d_moy between 4 and 4+2) and\n   (not exists (select *\n            from web_sales,date_dim\n            where c.c_customer_sk = ws_bill_customer_sk and\n                  ws_sold_date_sk = d_date_sk and\n                  d_year = 2002 and\n                  d_moy between 4 and 4+2) and\n    not exists (select * \n            from catalog_sales,date_dim\n            where c.c_customer_sk = cs_ship_customer_sk and\n                  cs_sold_date_sk = d_date_sk and\n                  d_year = 2002 and\n                  d_moy between 4 and 4+2))\n group by cd_gender,\n          cd_marital_status,\n          cd_education_status,\n          cd_purchase_estimate,\n          cd_credit_rating\n order by cd_gender,\n          cd_marital_status,\n          cd_education_status,\n          cd_purchase_estimate,\n          cd_credit_rating\n limit 100;\n\n-- end query 51 in stream 2 using template query69.tpl\n",
    "indexes": "date_dim.d_year",
    "wo plan est": {
      "Node Type": "Limit",
      "Parallel Aware": false,
      "Async Capable": false,
      "Startup Cost": 747810.0,
      "Total Cost": 813030.24,
      "Plan Rows": 100,
      "Plan Width": 64,
      "Plans": [
        {
          "Node Type": "Aggregate",
          "Strategy": "Sorted",
          "Partial Mode": "Simple",
          "Parent Relationship": "Outer",
          "Parallel Aware": false,
          "Async Capable": false,
          "Startup Cost": 747810.0,
          "Total Cost": 2995951.65,
          "Plan Rows": 3447,
          "Plan Width": 64,
          "Group Key": [
            "customer_demographics.cd_gender",
            "customer_demographics.cd_marital_status",
            "customer_demographics.cd_education_status",
            "customer_demographics.cd_purchase_estimate",
            "customer_demographics.cd_credit_rating"
          ],
          "Plans": [
            {
              "Node Type": "Nested Loop",
              "Parent Relationship": "Outer",
              "Parallel Aware": false,
              "Async Capable": false,
              "Join Type": "Anti",
              "Startup Cost": 747810.0,
              "Total Cost": 2995865.48,
              "Plan Rows": 3447,
              "Plan Width": 40,
              "Inner Unique": false,
              "Join Filter": "(c.c_customer_sk = catalog_sales.cs_ship_customer_sk)",
              "Plans": [
                {
                  "Node Type": "Nested Loop",
                  "Parent Relationship": "Outer",
                  "Parallel Aware": false,
                  "Async Capable": false,
                  "Join Type": "Anti",
                  "Startup Cost": 745125.5,
                  "Total Cost": 1464908.87,
                  "Plan Rows": 3574,
                  "Plan Width": 44,
                  "Inner Unique": false,
                  "Join Filter": "(c.c_customer_sk = web_sales.ws_bill_customer_sk)",
                  "Plans": [
                    {
                      "Node Type": "Gather Merge",
                      "Parent Relationship": "Outer",
                      "Parallel Aware": false,
                      "Async Capable": false,
                      "Startup Cost": 741967.85,
                      "Total Cost": 742391.79,
                      "Plan Rows": 3640,
                      "Plan Width": 44,
                      "Workers Planned": 2,
                      "Plans": [
                        {
                          "Node Type": "Sort",
                          "Parent Relationship": "Outer",
                          "Parallel Aware": false,
                          "Async Capable": false,
                          "Startup Cost": 740967.83,
                          "Total Cost": 740971.62,
                          "Plan Rows": 1517,
                          "Plan Width": 44,
                          "Sort Key": [
                            "customer_demographics.cd_gender",
                            "customer_demographics.cd_marital_status",
                            "customer_demographics.cd_education_status",
                            "customer_demographics.cd_purchase_estimate",
                            "customer_demographics.cd_credit_rating"
                          ],
                          "Plans": [
                            {
                              "Node Type": "Hash Join",
                              "Parent Relationship": "Outer",
                              "Parallel Aware": true,
                              "Async Capable": false,
                              "Join Type": "Inner",
                              "Startup Cost": 708048.78,
                              "Total Cost": 740887.68,
                              "Plan Rows": 1517,
                              "Plan Width": 44,
                              "Inner Unique": false,
                              "Hash Cond": "(customer_demographics.cd_demo_sk = c.c_current_cdemo_sk)",
                              "Plans": [
                                {
                                  "Node Type": "Seq Scan",
                                  "Parent Relationship": "Outer",
                                  "Parallel Aware": true,
                                  "Async Capable": false,
                                  "Relation Name": "customer_demographics",
                                  "Alias": "customer_demographics",
                                  "Startup Cost": 0.0,
                                  "Total Cost": 29831.33,
                                  "Plan Rows": 800333,
                                  "Plan Width": 44,
                                  "parent": 6,
                                  "ID": 7
                                },
                                {
                                  "Node Type": "Hash",
                                  "Parent Relationship": "Inner",
                                  "Parallel Aware": true,
                                  "Async Capable": false,
                                  "Startup Cost": 708029.15,
                                  "Total Cost": 708029.15,
                                  "Plan Rows": 1570,
                                  "Plan Width": 8,
                                  "Plans": [
                                    {
                                      "Node Type": "Hash Join",
                                      "Parent Relationship": "Outer",
                                      "Parallel Aware": true,
                                      "Async Capable": false,
                                      "Join Type": "Inner",
                                      "Startup Cost": 691354.87,
                                      "Total Cost": 708029.15,
                                      "Plan Rows": 1570,
                                      "Plan Width": 8,
                                      "Inner Unique": false,
                                      "Hash Cond": "(c.c_current_addr_sk = ca.ca_address_sk)",
                                      "Plans": [
                                        {
                                          "Node Type": "Hash Join",
                                          "Parent Relationship": "Outer",
                                          "Parallel Aware": true,
                                          "Async Capable": false,
                                          "Join Type": "Semi",
                                          "Startup Cost": 684337.4,
                                          "Total Cost": 700954.09,
                                          "Plan Rows": 13615,
                                          "Plan Width": 12,
                                          "Inner Unique": false,
                                          "Hash Cond": "(c.c_customer_sk = store_sales.ss_customer_sk)",
                                          "Plans": [
                                            {
                                              "Node Type": "Seq Scan",
                                              "Parent Relationship": "Outer",
                                              "Parallel Aware": true,
                                              "Async Capable": false,
                                              "Relation Name": "customer",
                                              "Alias": "c",
                                              "Startup Cost": 0.0,
                                              "Total Cost": 15918.33,
                                              "Plan Rows": 208333,
                                              "Plan Width": 12,
                                              "parent": 10,
                                              "ID": 11
                                            },
                                            {
                                              "Node Type": "Hash",
                                              "Parent Relationship": "Inner",
                                              "Parallel Aware": true,
                                              "Async Capable": false,
                                              "Startup Cost": 684159.07,
                                              "Total Cost": 684159.07,
                                              "Plan Rows": 14267,
                                              "Plan Width": 4,
                                              "Plans": [
                                                {
                                                  "Node Type": "Hash Join",
                                                  "Parent Relationship": "Outer",
                                                  "Parallel Aware": true,
                                                  "Async Capable": false,
                                                  "Join Type": "Inner",
                                                  "Startup Cost": 2157.65,
                                                  "Total Cost": 684159.07,
                                                  "Plan Rows": 14267,
                                                  "Plan Width": 4,
                                                  "Inner Unique": false,
                                                  "Hash Cond": "(store_sales.ss_sold_date_sk = date_dim.d_date_sk)",
                                                  "Plans": [
                                                    {
                                                      "Node Type": "Seq Scan",
                                                      "Parent Relationship": "Outer",
                                                      "Parallel Aware": true,
                                                      "Async Capable": false,
                                                      "Relation Name": "store_sales",
                                                      "Alias": "store_sales",
                                                      "Startup Cost": 0.0,
                                                      "Total Cost": 636914.37,
                                                      "Plan Rows": 12000637,
                                                      "Plan Width": 8,
                                                      "parent": 13,
                                                      "ID": 14
                                                    },
                                                    {
                                                      "Node Type": "Hash",
                                                      "Parent Relationship": "Inner",
                                                      "Parallel Aware": true,
                                                      "Async Capable": false,
                                                      "Startup Cost": 2156.97,
                                                      "Total Cost": 2156.97,
                                                      "Plan Rows": 54,
                                                      "Plan Width": 4,
                                                      "Plans": [
                                                        {
                                                          "Node Type": "Seq Scan",
                                                          "Parent Relationship": "Outer",
                                                          "Parallel Aware": true,
                                                          "Async Capable": false,
                                                          "Relation Name": "date_dim",
                                                          "Alias": "date_dim",
                                                          "Startup Cost": 0.0,
                                                          "Total Cost": 2156.97,
                                                          "Plan Rows": 54,
                                                          "Plan Width": 4,
                                                          "Filter": "((d_moy >= 4) AND (d_moy <= 6) AND (d_year = 2002))",
                                                          "parent": 15,
                                                          "ID": 16
                                                        }
                                                      ],
                                                      "parent": 13,
                                                      "ID": 15,
                                                      "left": 16
                                                    }
                                                  ],
                                                  "parent": 12,
                                                  "ID": 13,
                                                  "left": 14,
                                                  "right": 15
                                                }
                                              ],
                                              "parent": 10,
                                              "ID": 12,
                                              "left": 13
                                            }
                                          ],
                                          "parent": 9,
                                          "ID": 10,
                                          "left": 11,
                                          "right": 12
                                        },
                                        {
                                          "Node Type": "Hash",
                                          "Parent Relationship": "Inner",
                                          "Parallel Aware": true,
                                          "Async Capable": false,
                                          "Startup Cost": 6867.29,
                                          "Total Cost": 6867.29,
                                          "Plan Rows": 12014,
                                          "Plan Width": 4,
                                          "Plans": [
                                            {
                                              "Node Type": "Seq Scan",
                                              "Parent Relationship": "Outer",
                                              "Parallel Aware": true,
                                              "Async Capable": false,
                                              "Relation Name": "customer_address",
                                              "Alias": "ca",
                                              "Startup Cost": 0.0,
                                              "Total Cost": 6867.29,
                                              "Plan Rows": 12014,
                                              "Plan Width": 4,
                                              "Filter": "(ca_state = ANY ('{WA,WI,TX}'::bpchar[]))",
                                              "parent": 17,
                                              "ID": 18
                                            }
                                          ],
                                          "parent": 9,
                                          "ID": 17,
                                          "left": 18
                                        }
                                      ],
                                      "parent": 8,
                                      "ID": 9,
                                      "left": 10,
                                      "right": 17
                                    }
                                  ],
                                  "parent": 6,
                                  "ID": 8,
                                  "left": 9
                                }
                              ],
                              "parent": 5,
                              "ID": 6,
                              "left": 7,
                              "right": 8
                            }
                          ],
                          "parent": 4,
                          "ID": 5,
                          "left": 6
                        }
                      ],
                      "parent": 3,
                      "ID": 4,
                      "left": 5
                    },
                    {
                      "Node Type": "Materialize",
                      "Parent Relationship": "Inner",
                      "Parallel Aware": false,
                      "Async Capable": false,
                      "Startup Cost": 3157.65,
                      "Total Cost": 233105.09,
                      "Plan Rows": 8964,
                      "Plan Width": 4,
                      "Plans": [
                        {
                          "Node Type": "Gather",
                          "Parent Relationship": "Outer",
                          "Parallel Aware": false,
                          "Async Capable": false,
                          "Startup Cost": 3157.65,
                          "Total Cost": 233060.27,
                          "Plan Rows": 8964,
                          "Plan Width": 4,
                          "Workers Planned": 2,
                          "Single Copy": false,
                          "Plans": [
                            {
                              "Node Type": "Hash Join",
                              "Parent Relationship": "Outer",
                              "Parallel Aware": true,
                              "Async Capable": false,
                              "Join Type": "Inner",
                              "Startup Cost": 2157.65,
                              "Total Cost": 231163.87,
                              "Plan Rows": 3735,
                              "Plan Width": 4,
                              "Inner Unique": false,
                              "Hash Cond": "(web_sales.ws_sold_date_sk = date_dim_1.d_date_sk)",
                              "Plans": [
                                {
                                  "Node Type": "Seq Scan",
                                  "Parent Relationship": "Outer",
                                  "Parallel Aware": true,
                                  "Async Capable": false,
                                  "Relation Name": "web_sales",
                                  "Alias": "web_sales",
                                  "Startup Cost": 0.0,
                                  "Total Cost": 217737.86,
                                  "Plan Rows": 2998986,
                                  "Plan Width": 8,
                                  "parent": 21,
                                  "ID": 22
                                },
                                {
                                  "Node Type": "Hash",
                                  "Parent Relationship": "Inner",
                                  "Parallel Aware": true,
                                  "Async Capable": false,
                                  "Startup Cost": 2156.97,
                                  "Total Cost": 2156.97,
                                  "Plan Rows": 54,
                                  "Plan Width": 4,
                                  "Plans": [
                                    {
                                      "Node Type": "Seq Scan",
                                      "Parent Relationship": "Outer",
                                      "Parallel Aware": true,
                                      "Async Capable": false,
                                      "Relation Name": "date_dim",
                                      "Alias": "date_dim_1",
                                      "Startup Cost": 0.0,
                                      "Total Cost": 2156.97,
                                      "Plan Rows": 54,
                                      "Plan Width": 4,
                                      "Filter": "((d_moy >= 4) AND (d_moy <= 6) AND (d_year = 2002))",
                                      "parent": 23,
                                      "ID": 24
                                    }
                                  ],
                                  "parent": 21,
                                  "ID": 23,
                                  "left": 24
                                }
                              ],
                              "parent": 20,
                              "ID": 21,
                              "left": 22,
                              "right": 23
                            }
                          ],
                          "parent": 19,
                          "ID": 20,
                          "left": 21
                        }
                      ],
                      "parent": 3,
                      "ID": 19,
                      "left": 20
                    }
                  ],
                  "parent": 2,
                  "ID": 3,
                  "left": 4,
                  "right": 19
                },
                {
                  "Node Type": "Materialize",
                  "Parent Relationship": "Inner",
                  "Parallel Aware": false,
                  "Async Capable": false,
                  "Startup Cost": 2684.49,
                  "Total Cost": 574652.42,
                  "Plan Rows": 17839,
                  "Plan Width": 4,
                  "Plans": [
                    {
                      "Node Type": "Hash Join",
                      "Parent Relationship": "Outer",
                      "Parallel Aware": false,
                      "Async Capable": false,
                      "Join Type": "Inner",
                      "Startup Cost": 2684.49,
                      "Total Cost": 574563.22,
                      "Plan Rows": 17839,
                      "Plan Width": 4,
                      "Inner Unique": false,
                      "Hash Cond": "(catalog_sales.cs_sold_date_sk = date_dim_2.d_date_sk)",
                      "Plans": [
                        {
                          "Node Type": "Seq Scan",
                          "Parent Relationship": "Outer",
                          "Parallel Aware": false,
                          "Async Capable": false,
                          "Relation Name": "catalog_sales",
                          "Alias": "catalog_sales",
                          "Startup Cost": 0.0,
                          "Total Cost": 517695.61,
                          "Plan Rows": 14401261,
                          "Plan Width": 8,
                          "parent": 26,
                          "ID": 27
                        },
                        {
                          "Node Type": "Hash",
                          "Parent Relationship": "Inner",
                          "Parallel Aware": false,
                          "Async Capable": false,
                          "Startup Cost": 2683.36,
                          "Total Cost": 2683.36,
                          "Plan Rows": 91,
                          "Plan Width": 4,
                          "Plans": [
                            {
                              "Node Type": "Seq Scan",
                              "Parent Relationship": "Outer",
                              "Parallel Aware": false,
                              "Async Capable": false,
                              "Relation Name": "date_dim",
                              "Alias": "date_dim_2",
                              "Startup Cost": 0.0,
                              "Total Cost": 2683.36,
                              "Plan Rows": 91,
                              "Plan Width": 4,
                              "Filter": "((d_moy >= 4) AND (d_moy <= 6) AND (d_year = 2002))",
                              "parent": 28,
                              "ID": 29
                            }
                          ],
                          "parent": 26,
                          "ID": 28,
                          "left": 29
                        }
                      ],
                      "parent": 25,
                      "ID": 26,
                      "left": 27,
                      "right": 28
                    }
                  ],
                  "parent": 2,
                  "ID": 25,
                  "left": 26
                }
              ],
              "parent": 1,
              "ID": 2,
              "left": 3,
              "right": 25
            }
          ],
          "parent": 0,
          "ID": 1,
          "left": 2
        }
      ],
      "parent": null,
      "ID": 0,
      "left": 1
    },
    "feat": {
      "utility": 0.008598411099963904,
      "query_shape": [
        [
          "Seq Scan",
          "Hash Join",
          "Sort",
          "Gather Merge",
          "Nested Loop",
          "Aggregate"
        ],
        [
          "Seq Scan",
          "Hash Join",
          "Hash",
          "Sort",
          "Gather Merge",
          "Nested Loop",
          "Aggregate"
        ],
        [
          "Seq Scan",
          "Hash Join",
          "Hash",
          "Sort",
          "Gather Merge",
          "Nested Loop",
          "Aggregate"
        ],
        [
          "Seq Scan",
          "Hash",
          "Hash Join",
          "Sort",
          "Gather Merge",
          "Nested Loop",
          "Aggregate"
        ],
        [
          "Seq Scan",
          "Hash",
          "Hash Join",
          "Sort",
          "Gather Merge",
          "Nested Loop",
          "Aggregate"
        ],
        [
          "Seq Scan",
          "Hash Join",
          "Gather",
          "Materialize",
          "Nested Loop",
          "Aggregate"
        ],
        [
          "Seq Scan",
          "Hash",
          "Hash Join",
          "Gather",
          "Materialize",
          "Nested Loop",
          "Aggregate"
        ],
        [
          "Seq Scan",
          "Hash Join",
          "Materialize",
          "Nested Loop",
          "Aggregate"
        ],
        [
          "Seq Scan",
          "Hash",
          "Hash Join",
          "Materialize",
          "Nested Loop",
          "Aggregate"
        ]
      ],
      "index_shape": [
        "selection"
      ],
      "physical_operator": {
        "Seq Scan": [
          0.0007392298320305635,
          0.0007392298320305635,
          0.0012457391613848179
        ]
      }
    }
  },
  {
    "query": "select  \n  cd_gender,\n  cd_marital_status,\n  cd_education_status,\n  count(*) cnt1,\n  cd_purchase_estimate,\n  count(*) cnt2,\n  cd_credit_rating,\n  count(*) cnt3\n from\n  customer c,customer_address ca,customer_demographics\n where\n  c.c_current_addr_sk = ca.ca_address_sk and\n  ca_state in ('WA','WI','TX') and\n  cd_demo_sk = c.c_current_cdemo_sk and \n  exists (select *\n          from store_sales,date_dim\n          where c.c_customer_sk = ss_customer_sk and\n                ss_sold_date_sk = d_date_sk and\n                d_year = 2002 and\n                d_moy between 4 and 4+2) and\n   (not exists (select *\n            from web_sales,date_dim\n            where c.c_customer_sk = ws_bill_customer_sk and\n                  ws_sold_date_sk = d_date_sk and\n                  d_year = 2002 and\n                  d_moy between 4 and 4+2) and\n    not exists (select * \n            from catalog_sales,date_dim\n            where c.c_customer_sk = cs_ship_customer_sk and\n                  cs_sold_date_sk = d_date_sk and\n                  d_year = 2002 and\n                  d_moy between 4 and 4+2))\n group by cd_gender,\n          cd_marital_status,\n          cd_education_status,\n          cd_purchase_estimate,\n          cd_credit_rating\n order by cd_gender,\n          cd_marital_status,\n          cd_education_status,\n          cd_purchase_estimate,\n          cd_credit_rating\n limit 100;\n\n-- end query 51 in stream 2 using template query69.tpl\n",
    "indexes": "date_dim.d_moy",
    "wo plan est": {
      "Node Type": "Limit",
      "Parallel Aware": false,
      "Async Capable": false,
      "Startup Cost": 747810.0,
      "Total Cost": 813030.24,
      "Plan Rows": 100,
      "Plan Width": 64,
      "Plans": [
        {
          "Node Type": "Aggregate",
          "Strategy": "Sorted",
          "Partial Mode": "Simple",
          "Parent Relationship": "Outer",
          "Parallel Aware": false,
          "Async Capable": false,
          "Startup Cost": 747810.0,
          "Total Cost": 2995951.65,
          "Plan Rows": 3447,
          "Plan Width": 64,
          "Group Key": [
            "customer_demographics.cd_gender",
            "customer_demographics.cd_marital_status",
            "customer_demographics.cd_education_status",
            "customer_demographics.cd_purchase_estimate",
            "customer_demographics.cd_credit_rating"
          ],
          "Plans": [
            {
              "Node Type": "Nested Loop",
              "Parent Relationship": "Outer",
              "Parallel Aware": false,
              "Async Capable": false,
              "Join Type": "Anti",
              "Startup Cost": 747810.0,
              "Total Cost": 2995865.48,
              "Plan Rows": 3447,
              "Plan Width": 40,
              "Inner Unique": false,
              "Join Filter": "(c.c_customer_sk = catalog_sales.cs_ship_customer_sk)",
              "Plans": [
                {
                  "Node Type": "Nested Loop",
                  "Parent Relationship": "Outer",
                  "Parallel Aware": false,
                  "Async Capable": false,
                  "Join Type": "Anti",
                  "Startup Cost": 745125.5,
                  "Total Cost": 1464908.87,
                  "Plan Rows": 3574,
                  "Plan Width": 44,
                  "Inner Unique": false,
                  "Join Filter": "(c.c_customer_sk = web_sales.ws_bill_customer_sk)",
                  "Plans": [
                    {
                      "Node Type": "Gather Merge",
                      "Parent Relationship": "Outer",
                      "Parallel Aware": false,
                      "Async Capable": false,
                      "Startup Cost": 741967.85,
                      "Total Cost": 742391.79,
                      "Plan Rows": 3640,
                      "Plan Width": 44,
                      "Workers Planned": 2,
                      "Plans": [
                        {
                          "Node Type": "Sort",
                          "Parent Relationship": "Outer",
                          "Parallel Aware": false,
                          "Async Capable": false,
                          "Startup Cost": 740967.83,
                          "Total Cost": 740971.62,
                          "Plan Rows": 1517,
                          "Plan Width": 44,
                          "Sort Key": [
                            "customer_demographics.cd_gender",
                            "customer_demographics.cd_marital_status",
                            "customer_demographics.cd_education_status",
                            "customer_demographics.cd_purchase_estimate",
                            "customer_demographics.cd_credit_rating"
                          ],
                          "Plans": [
                            {
                              "Node Type": "Hash Join",
                              "Parent Relationship": "Outer",
                              "Parallel Aware": true,
                              "Async Capable": false,
                              "Join Type": "Inner",
                              "Startup Cost": 708048.78,
                              "Total Cost": 740887.68,
                              "Plan Rows": 1517,
                              "Plan Width": 44,
                              "Inner Unique": false,
                              "Hash Cond": "(customer_demographics.cd_demo_sk = c.c_current_cdemo_sk)",
                              "Plans": [
                                {
                                  "Node Type": "Seq Scan",
                                  "Parent Relationship": "Outer",
                                  "Parallel Aware": true,
                                  "Async Capable": false,
                                  "Relation Name": "customer_demographics",
                                  "Alias": "customer_demographics",
                                  "Startup Cost": 0.0,
                                  "Total Cost": 29831.33,
                                  "Plan Rows": 800333,
                                  "Plan Width": 44,
                                  "parent": 6,
                                  "ID": 7
                                },
                                {
                                  "Node Type": "Hash",
                                  "Parent Relationship": "Inner",
                                  "Parallel Aware": true,
                                  "Async Capable": false,
                                  "Startup Cost": 708029.15,
                                  "Total Cost": 708029.15,
                                  "Plan Rows": 1570,
                                  "Plan Width": 8,
                                  "Plans": [
                                    {
                                      "Node Type": "Hash Join",
                                      "Parent Relationship": "Outer",
                                      "Parallel Aware": true,
                                      "Async Capable": false,
                                      "Join Type": "Inner",
                                      "Startup Cost": 691354.87,
                                      "Total Cost": 708029.15,
                                      "Plan Rows": 1570,
                                      "Plan Width": 8,
                                      "Inner Unique": false,
                                      "Hash Cond": "(c.c_current_addr_sk = ca.ca_address_sk)",
                                      "Plans": [
                                        {
                                          "Node Type": "Hash Join",
                                          "Parent Relationship": "Outer",
                                          "Parallel Aware": true,
                                          "Async Capable": false,
                                          "Join Type": "Semi",
                                          "Startup Cost": 684337.4,
                                          "Total Cost": 700954.09,
                                          "Plan Rows": 13615,
                                          "Plan Width": 12,
                                          "Inner Unique": false,
                                          "Hash Cond": "(c.c_customer_sk = store_sales.ss_customer_sk)",
                                          "Plans": [
                                            {
                                              "Node Type": "Seq Scan",
                                              "Parent Relationship": "Outer",
                                              "Parallel Aware": true,
                                              "Async Capable": false,
                                              "Relation Name": "customer",
                                              "Alias": "c",
                                              "Startup Cost": 0.0,
                                              "Total Cost": 15918.33,
                                              "Plan Rows": 208333,
                                              "Plan Width": 12,
                                              "parent": 10,
                                              "ID": 11
                                            },
                                            {
                                              "Node Type": "Hash",
                                              "Parent Relationship": "Inner",
                                              "Parallel Aware": true,
                                              "Async Capable": false,
                                              "Startup Cost": 684159.07,
                                              "Total Cost": 684159.07,
                                              "Plan Rows": 14267,
                                              "Plan Width": 4,
                                              "Plans": [
                                                {
                                                  "Node Type": "Hash Join",
                                                  "Parent Relationship": "Outer",
                                                  "Parallel Aware": true,
                                                  "Async Capable": false,
                                                  "Join Type": "Inner",
                                                  "Startup Cost": 2157.65,
                                                  "Total Cost": 684159.07,
                                                  "Plan Rows": 14267,
                                                  "Plan Width": 4,
                                                  "Inner Unique": false,
                                                  "Hash Cond": "(store_sales.ss_sold_date_sk = date_dim.d_date_sk)",
                                                  "Plans": [
                                                    {
                                                      "Node Type": "Seq Scan",
                                                      "Parent Relationship": "Outer",
                                                      "Parallel Aware": true,
                                                      "Async Capable": false,
                                                      "Relation Name": "store_sales",
                                                      "Alias": "store_sales",
                                                      "Startup Cost": 0.0,
                                                      "Total Cost": 636914.37,
                                                      "Plan Rows": 12000637,
                                                      "Plan Width": 8,
                                                      "parent": 13,
                                                      "ID": 14
                                                    },
                                                    {
                                                      "Node Type": "Hash",
                                                      "Parent Relationship": "Inner",
                                                      "Parallel Aware": true,
                                                      "Async Capable": false,
                                                      "Startup Cost": 2156.97,
                                                      "Total Cost": 2156.97,
                                                      "Plan Rows": 54,
                                                      "Plan Width": 4,
                                                      "Plans": [
                                                        {
                                                          "Node Type": "Seq Scan",
                                                          "Parent Relationship": "Outer",
                                                          "Parallel Aware": true,
                                                          "Async Capable": false,
                                                          "Relation Name": "date_dim",
                                                          "Alias": "date_dim",
                                                          "Startup Cost": 0.0,
                                                          "Total Cost": 2156.97,
                                                          "Plan Rows": 54,
                                                          "Plan Width": 4,
                                                          "Filter": "((d_moy >= 4) AND (d_moy <= 6) AND (d_year = 2002))",
                                                          "parent": 15,
                                                          "ID": 16
                                                        }
                                                      ],
                                                      "parent": 13,
                                                      "ID": 15,
                                                      "left": 16
                                                    }
                                                  ],
                                                  "parent": 12,
                                                  "ID": 13,
                                                  "left": 14,
                                                  "right": 15
                                                }
                                              ],
                                              "parent": 10,
                                              "ID": 12,
                                              "left": 13
                                            }
                                          ],
                                          "parent": 9,
                                          "ID": 10,
                                          "left": 11,
                                          "right": 12
                                        },
                                        {
                                          "Node Type": "Hash",
                                          "Parent Relationship": "Inner",
                                          "Parallel Aware": true,
                                          "Async Capable": false,
                                          "Startup Cost": 6867.29,
                                          "Total Cost": 6867.29,
                                          "Plan Rows": 12014,
                                          "Plan Width": 4,
                                          "Plans": [
                                            {
                                              "Node Type": "Seq Scan",
                                              "Parent Relationship": "Outer",
                                              "Parallel Aware": true,
                                              "Async Capable": false,
                                              "Relation Name": "customer_address",
                                              "Alias": "ca",
                                              "Startup Cost": 0.0,
                                              "Total Cost": 6867.29,
                                              "Plan Rows": 12014,
                                              "Plan Width": 4,
                                              "Filter": "(ca_state = ANY ('{WA,WI,TX}'::bpchar[]))",
                                              "parent": 17,
                                              "ID": 18
                                            }
                                          ],
                                          "parent": 9,
                                          "ID": 17,
                                          "left": 18
                                        }
                                      ],
                                      "parent": 8,
                                      "ID": 9,
                                      "left": 10,
                                      "right": 17
                                    }
                                  ],
                                  "parent": 6,
                                  "ID": 8,
                                  "left": 9
                                }
                              ],
                              "parent": 5,
                              "ID": 6,
                              "left": 7,
                              "right": 8
                            }
                          ],
                          "parent": 4,
                          "ID": 5,
                          "left": 6
                        }
                      ],
                      "parent": 3,
                      "ID": 4,
                      "left": 5
                    },
                    {
                      "Node Type": "Materialize",
                      "Parent Relationship": "Inner",
                      "Parallel Aware": false,
                      "Async Capable": false,
                      "Startup Cost": 3157.65,
                      "Total Cost": 233105.09,
                      "Plan Rows": 8964,
                      "Plan Width": 4,
                      "Plans": [
                        {
                          "Node Type": "Gather",
                          "Parent Relationship": "Outer",
                          "Parallel Aware": false,
                          "Async Capable": false,
                          "Startup Cost": 3157.65,
                          "Total Cost": 233060.27,
                          "Plan Rows": 8964,
                          "Plan Width": 4,
                          "Workers Planned": 2,
                          "Single Copy": false,
                          "Plans": [
                            {
                              "Node Type": "Hash Join",
                              "Parent Relationship": "Outer",
                              "Parallel Aware": true,
                              "Async Capable": false,
                              "Join Type": "Inner",
                              "Startup Cost": 2157.65,
                              "Total Cost": 231163.87,
                              "Plan Rows": 3735,
                              "Plan Width": 4,
                              "Inner Unique": false,
                              "Hash Cond": "(web_sales.ws_sold_date_sk = date_dim_1.d_date_sk)",
                              "Plans": [
                                {
                                  "Node Type": "Seq Scan",
                                  "Parent Relationship": "Outer",
                                  "Parallel Aware": true,
                                  "Async Capable": false,
                                  "Relation Name": "web_sales",
                                  "Alias": "web_sales",
                                  "Startup Cost": 0.0,
                                  "Total Cost": 217737.86,
                                  "Plan Rows": 2998986,
                                  "Plan Width": 8,
                                  "parent": 21,
                                  "ID": 22
                                },
                                {
                                  "Node Type": "Hash",
                                  "Parent Relationship": "Inner",
                                  "Parallel Aware": true,
                                  "Async Capable": false,
                                  "Startup Cost": 2156.97,
                                  "Total Cost": 2156.97,
                                  "Plan Rows": 54,
                                  "Plan Width": 4,
                                  "Plans": [
                                    {
                                      "Node Type": "Seq Scan",
                                      "Parent Relationship": "Outer",
                                      "Parallel Aware": true,
                                      "Async Capable": false,
                                      "Relation Name": "date_dim",
                                      "Alias": "date_dim_1",
                                      "Startup Cost": 0.0,
                                      "Total Cost": 2156.97,
                                      "Plan Rows": 54,
                                      "Plan Width": 4,
                                      "Filter": "((d_moy >= 4) AND (d_moy <= 6) AND (d_year = 2002))",
                                      "parent": 23,
                                      "ID": 24
                                    }
                                  ],
                                  "parent": 21,
                                  "ID": 23,
                                  "left": 24
                                }
                              ],
                              "parent": 20,
                              "ID": 21,
                              "left": 22,
                              "right": 23
                            }
                          ],
                          "parent": 19,
                          "ID": 20,
                          "left": 21
                        }
                      ],
                      "parent": 3,
                      "ID": 19,
                      "left": 20
                    }
                  ],
                  "parent": 2,
                  "ID": 3,
                  "left": 4,
                  "right": 19
                },
                {
                  "Node Type": "Materialize",
                  "Parent Relationship": "Inner",
                  "Parallel Aware": false,
                  "Async Capable": false,
                  "Startup Cost": 2684.49,
                  "Total Cost": 574652.42,
                  "Plan Rows": 17839,
                  "Plan Width": 4,
                  "Plans": [
                    {
                      "Node Type": "Hash Join",
                      "Parent Relationship": "Outer",
                      "Parallel Aware": false,
                      "Async Capable": false,
                      "Join Type": "Inner",
                      "Startup Cost": 2684.49,
                      "Total Cost": 574563.22,
                      "Plan Rows": 17839,
                      "Plan Width": 4,
                      "Inner Unique": false,
                      "Hash Cond": "(catalog_sales.cs_sold_date_sk = date_dim_2.d_date_sk)",
                      "Plans": [
                        {
                          "Node Type": "Seq Scan",
                          "Parent Relationship": "Outer",
                          "Parallel Aware": false,
                          "Async Capable": false,
                          "Relation Name": "catalog_sales",
                          "Alias": "catalog_sales",
                          "Startup Cost": 0.0,
                          "Total Cost": 517695.61,
                          "Plan Rows": 14401261,
                          "Plan Width": 8,
                          "parent": 26,
                          "ID": 27
                        },
                        {
                          "Node Type": "Hash",
                          "Parent Relationship": "Inner",
                          "Parallel Aware": false,
                          "Async Capable": false,
                          "Startup Cost": 2683.36,
                          "Total Cost": 2683.36,
                          "Plan Rows": 91,
                          "Plan Width": 4,
                          "Plans": [
                            {
                              "Node Type": "Seq Scan",
                              "Parent Relationship": "Outer",
                              "Parallel Aware": false,
                              "Async Capable": false,
                              "Relation Name": "date_dim",
                              "Alias": "date_dim_2",
                              "Startup Cost": 0.0,
                              "Total Cost": 2683.36,
                              "Plan Rows": 91,
                              "Plan Width": 4,
                              "Filter": "((d_moy >= 4) AND (d_moy <= 6) AND (d_year = 2002))",
                              "parent": 28,
                              "ID": 29
                            }
                          ],
                          "parent": 26,
                          "ID": 28,
                          "left": 29
                        }
                      ],
                      "parent": 25,
                      "ID": 26,
                      "left": 27,
                      "right": 28
                    }
                  ],
                  "parent": 2,
                  "ID": 25,
                  "left": 26
                }
              ],
              "parent": 1,
              "ID": 2,
              "left": 3,
              "right": 25
            }
          ],
          "parent": 0,
          "ID": 1,
          "left": 2
        }
      ],
      "parent": null,
      "ID": 0,
      "left": 1
    },
    "feat": {
      "utility": 0.008598411099963904,
      "query_shape": [
        [
          "Seq Scan",
          "Hash Join",
          "Sort",
          "Gather Merge",
          "Nested Loop",
          "Aggregate"
        ],
        [
          "Seq Scan",
          "Hash Join",
          "Hash",
          "Sort",
          "Gather Merge",
          "Nested Loop",
          "Aggregate"
        ],
        [
          "Seq Scan",
          "Hash Join",
          "Hash",
          "Sort",
          "Gather Merge",
          "Nested Loop",
          "Aggregate"
        ],
        [
          "Seq Scan",
          "Hash",
          "Hash Join",
          "Sort",
          "Gather Merge",
          "Nested Loop",
          "Aggregate"
        ],
        [
          "Seq Scan",
          "Hash",
          "Hash Join",
          "Sort",
          "Gather Merge",
          "Nested Loop",
          "Aggregate"
        ],
        [
          "Seq Scan",
          "Hash Join",
          "Gather",
          "Materialize",
          "Nested Loop",
          "Aggregate"
        ],
        [
          "Seq Scan",
          "Hash",
          "Hash Join",
          "Gather",
          "Materialize",
          "Nested Loop",
          "Aggregate"
        ],
        [
          "Seq Scan",
          "Hash Join",
          "Materialize",
          "Nested Loop",
          "Aggregate"
        ],
        [
          "Seq Scan",
          "Hash",
          "Hash Join",
          "Materialize",
          "Nested Loop",
          "Aggregate"
        ]
      ],
      "index_shape": [
        "selection"
      ],
      "physical_operator": {
        "Seq Scan": [
          0.0007392298320305635,
          0.0007392298320305635,
          0.0012457391613848179
        ]
      }
    }
  },
  {
    "query": "select  \n  cd_gender,\n  cd_marital_status,\n  cd_education_status,\n  count(*) cnt1,\n  cd_purchase_estimate,\n  count(*) cnt2,\n  cd_credit_rating,\n  count(*) cnt3\n from\n  customer c,customer_address ca,customer_demographics\n where\n  c.c_current_addr_sk = ca.ca_address_sk and\n  ca_state in ('WA','WI','TX') and\n  cd_demo_sk = c.c_current_cdemo_sk and \n  exists (select *\n          from store_sales,date_dim\n          where c.c_customer_sk = ss_customer_sk and\n                ss_sold_date_sk = d_date_sk and\n                d_year = 2002 and\n                d_moy between 4 and 4+2) and\n   (not exists (select *\n            from web_sales,date_dim\n            where c.c_customer_sk = ws_bill_customer_sk and\n                  ws_sold_date_sk = d_date_sk and\n                  d_year = 2002 and\n                  d_moy between 4 and 4+2) and\n    not exists (select * \n            from catalog_sales,date_dim\n            where c.c_customer_sk = cs_ship_customer_sk and\n                  cs_sold_date_sk = d_date_sk and\n                  d_year = 2002 and\n                  d_moy between 4 and 4+2))\n group by cd_gender,\n          cd_marital_status,\n          cd_education_status,\n          cd_purchase_estimate,\n          cd_credit_rating\n order by cd_gender,\n          cd_marital_status,\n          cd_education_status,\n          cd_purchase_estimate,\n          cd_credit_rating\n limit 100;\n\n-- end query 51 in stream 2 using template query69.tpl\n",
    "indexes": "date_dim.d_date_sk",
    "wo plan est": {
      "Node Type": "Limit",
      "Parallel Aware": false,
      "Async Capable": false,
      "Startup Cost": 747810.0,
      "Total Cost": 813030.24,
      "Plan Rows": 100,
      "Plan Width": 64,
      "Plans": [
        {
          "Node Type": "Aggregate",
          "Strategy": "Sorted",
          "Partial Mode": "Simple",
          "Parent Relationship": "Outer",
          "Parallel Aware": false,
          "Async Capable": false,
          "Startup Cost": 747810.0,
          "Total Cost": 2995951.65,
          "Plan Rows": 3447,
          "Plan Width": 64,
          "Group Key": [
            "customer_demographics.cd_gender",
            "customer_demographics.cd_marital_status",
            "customer_demographics.cd_education_status",
            "customer_demographics.cd_purchase_estimate",
            "customer_demographics.cd_credit_rating"
          ],
          "Plans": [
            {
              "Node Type": "Nested Loop",
              "Parent Relationship": "Outer",
              "Parallel Aware": false,
              "Async Capable": false,
              "Join Type": "Anti",
              "Startup Cost": 747810.0,
              "Total Cost": 2995865.48,
              "Plan Rows": 3447,
              "Plan Width": 40,
              "Inner Unique": false,
              "Join Filter": "(c.c_customer_sk = catalog_sales.cs_ship_customer_sk)",
              "Plans": [
                {
                  "Node Type": "Nested Loop",
                  "Parent Relationship": "Outer",
                  "Parallel Aware": false,
                  "Async Capable": false,
                  "Join Type": "Anti",
                  "Startup Cost": 745125.5,
                  "Total Cost": 1464908.87,
                  "Plan Rows": 3574,
                  "Plan Width": 44,
                  "Inner Unique": false,
                  "Join Filter": "(c.c_customer_sk = web_sales.ws_bill_customer_sk)",
                  "Plans": [
                    {
                      "Node Type": "Gather Merge",
                      "Parent Relationship": "Outer",
                      "Parallel Aware": false,
                      "Async Capable": false,
                      "Startup Cost": 741967.85,
                      "Total Cost": 742391.79,
                      "Plan Rows": 3640,
                      "Plan Width": 44,
                      "Workers Planned": 2,
                      "Plans": [
                        {
                          "Node Type": "Sort",
                          "Parent Relationship": "Outer",
                          "Parallel Aware": false,
                          "Async Capable": false,
                          "Startup Cost": 740967.83,
                          "Total Cost": 740971.62,
                          "Plan Rows": 1517,
                          "Plan Width": 44,
                          "Sort Key": [
                            "customer_demographics.cd_gender",
                            "customer_demographics.cd_marital_status",
                            "customer_demographics.cd_education_status",
                            "customer_demographics.cd_purchase_estimate",
                            "customer_demographics.cd_credit_rating"
                          ],
                          "Plans": [
                            {
                              "Node Type": "Hash Join",
                              "Parent Relationship": "Outer",
                              "Parallel Aware": true,
                              "Async Capable": false,
                              "Join Type": "Inner",
                              "Startup Cost": 708048.78,
                              "Total Cost": 740887.68,
                              "Plan Rows": 1517,
                              "Plan Width": 44,
                              "Inner Unique": false,
                              "Hash Cond": "(customer_demographics.cd_demo_sk = c.c_current_cdemo_sk)",
                              "Plans": [
                                {
                                  "Node Type": "Seq Scan",
                                  "Parent Relationship": "Outer",
                                  "Parallel Aware": true,
                                  "Async Capable": false,
                                  "Relation Name": "customer_demographics",
                                  "Alias": "customer_demographics",
                                  "Startup Cost": 0.0,
                                  "Total Cost": 29831.33,
                                  "Plan Rows": 800333,
                                  "Plan Width": 44,
                                  "parent": 6,
                                  "ID": 7
                                },
                                {
                                  "Node Type": "Hash",
                                  "Parent Relationship": "Inner",
                                  "Parallel Aware": true,
                                  "Async Capable": false,
                                  "Startup Cost": 708029.15,
                                  "Total Cost": 708029.15,
                                  "Plan Rows": 1570,
                                  "Plan Width": 8,
                                  "Plans": [
                                    {
                                      "Node Type": "Hash Join",
                                      "Parent Relationship": "Outer",
                                      "Parallel Aware": true,
                                      "Async Capable": false,
                                      "Join Type": "Inner",
                                      "Startup Cost": 691354.87,
                                      "Total Cost": 708029.15,
                                      "Plan Rows": 1570,
                                      "Plan Width": 8,
                                      "Inner Unique": false,
                                      "Hash Cond": "(c.c_current_addr_sk = ca.ca_address_sk)",
                                      "Plans": [
                                        {
                                          "Node Type": "Hash Join",
                                          "Parent Relationship": "Outer",
                                          "Parallel Aware": true,
                                          "Async Capable": false,
                                          "Join Type": "Semi",
                                          "Startup Cost": 684337.4,
                                          "Total Cost": 700954.09,
                                          "Plan Rows": 13615,
                                          "Plan Width": 12,
                                          "Inner Unique": false,
                                          "Hash Cond": "(c.c_customer_sk = store_sales.ss_customer_sk)",
                                          "Plans": [
                                            {
                                              "Node Type": "Seq Scan",
                                              "Parent Relationship": "Outer",
                                              "Parallel Aware": true,
                                              "Async Capable": false,
                                              "Relation Name": "customer",
                                              "Alias": "c",
                                              "Startup Cost": 0.0,
                                              "Total Cost": 15918.33,
                                              "Plan Rows": 208333,
                                              "Plan Width": 12,
                                              "parent": 10,
                                              "ID": 11
                                            },
                                            {
                                              "Node Type": "Hash",
                                              "Parent Relationship": "Inner",
                                              "Parallel Aware": true,
                                              "Async Capable": false,
                                              "Startup Cost": 684159.07,
                                              "Total Cost": 684159.07,
                                              "Plan Rows": 14267,
                                              "Plan Width": 4,
                                              "Plans": [
                                                {
                                                  "Node Type": "Hash Join",
                                                  "Parent Relationship": "Outer",
                                                  "Parallel Aware": true,
                                                  "Async Capable": false,
                                                  "Join Type": "Inner",
                                                  "Startup Cost": 2157.65,
                                                  "Total Cost": 684159.07,
                                                  "Plan Rows": 14267,
                                                  "Plan Width": 4,
                                                  "Inner Unique": false,
                                                  "Hash Cond": "(store_sales.ss_sold_date_sk = date_dim.d_date_sk)",
                                                  "Plans": [
                                                    {
                                                      "Node Type": "Seq Scan",
                                                      "Parent Relationship": "Outer",
                                                      "Parallel Aware": true,
                                                      "Async Capable": false,
                                                      "Relation Name": "store_sales",
                                                      "Alias": "store_sales",
                                                      "Startup Cost": 0.0,
                                                      "Total Cost": 636914.37,
                                                      "Plan Rows": 12000637,
                                                      "Plan Width": 8,
                                                      "parent": 13,
                                                      "ID": 14
                                                    },
                                                    {
                                                      "Node Type": "Hash",
                                                      "Parent Relationship": "Inner",
                                                      "Parallel Aware": true,
                                                      "Async Capable": false,
                                                      "Startup Cost": 2156.97,
                                                      "Total Cost": 2156.97,
                                                      "Plan Rows": 54,
                                                      "Plan Width": 4,
                                                      "Plans": [
                                                        {
                                                          "Node Type": "Seq Scan",
                                                          "Parent Relationship": "Outer",
                                                          "Parallel Aware": true,
                                                          "Async Capable": false,
                                                          "Relation Name": "date_dim",
                                                          "Alias": "date_dim",
                                                          "Startup Cost": 0.0,
                                                          "Total Cost": 2156.97,
                                                          "Plan Rows": 54,
                                                          "Plan Width": 4,
                                                          "Filter": "((d_moy >= 4) AND (d_moy <= 6) AND (d_year = 2002))",
                                                          "parent": 15,
                                                          "ID": 16
                                                        }
                                                      ],
                                                      "parent": 13,
                                                      "ID": 15,
                                                      "left": 16
                                                    }
                                                  ],
                                                  "parent": 12,
                                                  "ID": 13,
                                                  "left": 14,
                                                  "right": 15
                                                }
                                              ],
                                              "parent": 10,
                                              "ID": 12,
                                              "left": 13
                                            }
                                          ],
                                          "parent": 9,
                                          "ID": 10,
                                          "left": 11,
                                          "right": 12
                                        },
                                        {
                                          "Node Type": "Hash",
                                          "Parent Relationship": "Inner",
                                          "Parallel Aware": true,
                                          "Async Capable": false,
                                          "Startup Cost": 6867.29,
                                          "Total Cost": 6867.29,
                                          "Plan Rows": 12014,
                                          "Plan Width": 4,
                                          "Plans": [
                                            {
                                              "Node Type": "Seq Scan",
                                              "Parent Relationship": "Outer",
                                              "Parallel Aware": true,
                                              "Async Capable": false,
                                              "Relation Name": "customer_address",
                                              "Alias": "ca",
                                              "Startup Cost": 0.0,
                                              "Total Cost": 6867.29,
                                              "Plan Rows": 12014,
                                              "Plan Width": 4,
                                              "Filter": "(ca_state = ANY ('{WA,WI,TX}'::bpchar[]))",
                                              "parent": 17,
                                              "ID": 18
                                            }
                                          ],
                                          "parent": 9,
                                          "ID": 17,
                                          "left": 18
                                        }
                                      ],
                                      "parent": 8,
                                      "ID": 9,
                                      "left": 10,
                                      "right": 17
                                    }
                                  ],
                                  "parent": 6,
                                  "ID": 8,
                                  "left": 9
                                }
                              ],
                              "parent": 5,
                              "ID": 6,
                              "left": 7,
                              "right": 8
                            }
                          ],
                          "parent": 4,
                          "ID": 5,
                          "left": 6
                        }
                      ],
                      "parent": 3,
                      "ID": 4,
                      "left": 5
                    },
                    {
                      "Node Type": "Materialize",
                      "Parent Relationship": "Inner",
                      "Parallel Aware": false,
                      "Async Capable": false,
                      "Startup Cost": 3157.65,
                      "Total Cost": 233105.09,
                      "Plan Rows": 8964,
                      "Plan Width": 4,
                      "Plans": [
                        {
                          "Node Type": "Gather",
                          "Parent Relationship": "Outer",
                          "Parallel Aware": false,
                          "Async Capable": false,
                          "Startup Cost": 3157.65,
                          "Total Cost": 233060.27,
                          "Plan Rows": 8964,
                          "Plan Width": 4,
                          "Workers Planned": 2,
                          "Single Copy": false,
                          "Plans": [
                            {
                              "Node Type": "Hash Join",
                              "Parent Relationship": "Outer",
                              "Parallel Aware": true,
                              "Async Capable": false,
                              "Join Type": "Inner",
                              "Startup Cost": 2157.65,
                              "Total Cost": 231163.87,
                              "Plan Rows": 3735,
                              "Plan Width": 4,
                              "Inner Unique": false,
                              "Hash Cond": "(web_sales.ws_sold_date_sk = date_dim_1.d_date_sk)",
                              "Plans": [
                                {
                                  "Node Type": "Seq Scan",
                                  "Parent Relationship": "Outer",
                                  "Parallel Aware": true,
                                  "Async Capable": false,
                                  "Relation Name": "web_sales",
                                  "Alias": "web_sales",
                                  "Startup Cost": 0.0,
                                  "Total Cost": 217737.86,
                                  "Plan Rows": 2998986,
                                  "Plan Width": 8,
                                  "parent": 21,
                                  "ID": 22
                                },
                                {
                                  "Node Type": "Hash",
                                  "Parent Relationship": "Inner",
                                  "Parallel Aware": true,
                                  "Async Capable": false,
                                  "Startup Cost": 2156.97,
                                  "Total Cost": 2156.97,
                                  "Plan Rows": 54,
                                  "Plan Width": 4,
                                  "Plans": [
                                    {
                                      "Node Type": "Seq Scan",
                                      "Parent Relationship": "Outer",
                                      "Parallel Aware": true,
                                      "Async Capable": false,
                                      "Relation Name": "date_dim",
                                      "Alias": "date_dim_1",
                                      "Startup Cost": 0.0,
                                      "Total Cost": 2156.97,
                                      "Plan Rows": 54,
                                      "Plan Width": 4,
                                      "Filter": "((d_moy >= 4) AND (d_moy <= 6) AND (d_year = 2002))",
                                      "parent": 23,
                                      "ID": 24
                                    }
                                  ],
                                  "parent": 21,
                                  "ID": 23,
                                  "left": 24
                                }
                              ],
                              "parent": 20,
                              "ID": 21,
                              "left": 22,
                              "right": 23
                            }
                          ],
                          "parent": 19,
                          "ID": 20,
                          "left": 21
                        }
                      ],
                      "parent": 3,
                      "ID": 19,
                      "left": 20
                    }
                  ],
                  "parent": 2,
                  "ID": 3,
                  "left": 4,
                  "right": 19
                },
                {
                  "Node Type": "Materialize",
                  "Parent Relationship": "Inner",
                  "Parallel Aware": false,
                  "Async Capable": false,
                  "Startup Cost": 2684.49,
                  "Total Cost": 574652.42,
                  "Plan Rows": 17839,
                  "Plan Width": 4,
                  "Plans": [
                    {
                      "Node Type": "Hash Join",
                      "Parent Relationship": "Outer",
                      "Parallel Aware": false,
                      "Async Capable": false,
                      "Join Type": "Inner",
                      "Startup Cost": 2684.49,
                      "Total Cost": 574563.22,
                      "Plan Rows": 17839,
                      "Plan Width": 4,
                      "Inner Unique": false,
                      "Hash Cond": "(catalog_sales.cs_sold_date_sk = date_dim_2.d_date_sk)",
                      "Plans": [
                        {
                          "Node Type": "Seq Scan",
                          "Parent Relationship": "Outer",
                          "Parallel Aware": false,
                          "Async Capable": false,
                          "Relation Name": "catalog_sales",
                          "Alias": "catalog_sales",
                          "Startup Cost": 0.0,
                          "Total Cost": 517695.61,
                          "Plan Rows": 14401261,
                          "Plan Width": 8,
                          "parent": 26,
                          "ID": 27
                        },
                        {
                          "Node Type": "Hash",
                          "Parent Relationship": "Inner",
                          "Parallel Aware": false,
                          "Async Capable": false,
                          "Startup Cost": 2683.36,
                          "Total Cost": 2683.36,
                          "Plan Rows": 91,
                          "Plan Width": 4,
                          "Plans": [
                            {
                              "Node Type": "Seq Scan",
                              "Parent Relationship": "Outer",
                              "Parallel Aware": false,
                              "Async Capable": false,
                              "Relation Name": "date_dim",
                              "Alias": "date_dim_2",
                              "Startup Cost": 0.0,
                              "Total Cost": 2683.36,
                              "Plan Rows": 91,
                              "Plan Width": 4,
                              "Filter": "((d_moy >= 4) AND (d_moy <= 6) AND (d_year = 2002))",
                              "parent": 28,
                              "ID": 29
                            }
                          ],
                          "parent": 26,
                          "ID": 28,
                          "left": 29
                        }
                      ],
                      "parent": 25,
                      "ID": 26,
                      "left": 27,
                      "right": 28
                    }
                  ],
                  "parent": 2,
                  "ID": 25,
                  "left": 26
                }
              ],
              "parent": 1,
              "ID": 2,
              "left": 3,
              "right": 25
            }
          ],
          "parent": 0,
          "ID": 1,
          "left": 2
        }
      ],
      "parent": null,
      "ID": 0,
      "left": 1
    },
    "feat": {
      "utility": 0.009857816074171001,
      "query_shape": [
        [
          "Seq Scan",
          "Hash Join",
          "Sort",
          "Gather Merge",
          "Nested Loop",
          "Aggregate"
        ],
        [
          "Seq Scan",
          "Hash Join",
          "Hash",
          "Sort",
          "Gather Merge",
          "Nested Loop",
          "Aggregate"
        ],
        [
          "Seq Scan",
          "Hash Join",
          "Hash",
          "Sort",
          "Gather Merge",
          "Nested Loop",
          "Aggregate"
        ],
        [
          "Seq Scan",
          "Hash",
          "Hash Join",
          "Sort",
          "Gather Merge",
          "Nested Loop",
          "Aggregate"
        ],
        [
          "Seq Scan",
          "Hash",
          "Hash Join",
          "Sort",
          "Gather Merge",
          "Nested Loop",
          "Aggregate"
        ],
        [
          "Seq Scan",
          "Hash Join",
          "Gather",
          "Materialize",
          "Nested Loop",
          "Aggregate"
        ],
        [
          "Seq Scan",
          "Hash",
          "Hash Join",
          "Gather",
          "Materialize",
          "Nested Loop",
          "Aggregate"
        ],
        [
          "Seq Scan",
          "Hash Join",
          "Materialize",
          "Nested Loop",
          "Aggregate"
        ],
        [
          "Seq Scan",
          "Hash",
          "Hash Join",
          "Materialize",
          "Nested Loop",
          "Aggregate"
        ]
      ],
      "index_shape": [
        "join"
      ],
      "physical_operator": {
        "Hash Join": [
          0.00469210045035693,
          0.004802431776525597,
          0.0036894726553894776
        ]
      }
    }
  },
  {
    "query": "select  \n  cd_gender,\n  cd_marital_status,\n  cd_education_status,\n  count(*) cnt1,\n  cd_purchase_estimate,\n  count(*) cnt2,\n  cd_credit_rating,\n  count(*) cnt3\n from\n  customer c,customer_address ca,customer_demographics\n where\n  c.c_current_addr_sk = ca.ca_address_sk and\n  ca_state in ('WA','WI','TX') and\n  cd_demo_sk = c.c_current_cdemo_sk and \n  exists (select *\n          from store_sales,date_dim\n          where c.c_customer_sk = ss_customer_sk and\n                ss_sold_date_sk = d_date_sk and\n                d_year = 2002 and\n                d_moy between 4 and 4+2) and\n   (not exists (select *\n            from web_sales,date_dim\n            where c.c_customer_sk = ws_bill_customer_sk and\n                  ws_sold_date_sk = d_date_sk and\n                  d_year = 2002 and\n                  d_moy between 4 and 4+2) and\n    not exists (select * \n            from catalog_sales,date_dim\n            where c.c_customer_sk = cs_ship_customer_sk and\n                  cs_sold_date_sk = d_date_sk and\n                  d_year = 2002 and\n                  d_moy between 4 and 4+2))\n group by cd_gender,\n          cd_marital_status,\n          cd_education_status,\n          cd_purchase_estimate,\n          cd_credit_rating\n order by cd_gender,\n          cd_marital_status,\n          cd_education_status,\n          cd_purchase_estimate,\n          cd_credit_rating\n limit 100;\n\n-- end query 51 in stream 2 using template query69.tpl\n",
    "indexes": "date_dim.d_date",
    "wo plan est": {
      "Node Type": "Limit",
      "Parallel Aware": false,
      "Async Capable": false,
      "Startup Cost": 747810.0,
      "Total Cost": 813030.24,
      "Plan Rows": 100,
      "Plan Width": 64,
      "Plans": [
        {
          "Node Type": "Aggregate",
          "Strategy": "Sorted",
          "Partial Mode": "Simple",
          "Parent Relationship": "Outer",
          "Parallel Aware": false,
          "Async Capable": false,
          "Startup Cost": 747810.0,
          "Total Cost": 2995951.65,
          "Plan Rows": 3447,
          "Plan Width": 64,
          "Group Key": [
            "customer_demographics.cd_gender",
            "customer_demographics.cd_marital_status",
            "customer_demographics.cd_education_status",
            "customer_demographics.cd_purchase_estimate",
            "customer_demographics.cd_credit_rating"
          ],
          "Plans": [
            {
              "Node Type": "Nested Loop",
              "Parent Relationship": "Outer",
              "Parallel Aware": false,
              "Async Capable": false,
              "Join Type": "Anti",
              "Startup Cost": 747810.0,
              "Total Cost": 2995865.48,
              "Plan Rows": 3447,
              "Plan Width": 40,
              "Inner Unique": false,
              "Join Filter": "(c.c_customer_sk = catalog_sales.cs_ship_customer_sk)",
              "Plans": [
                {
                  "Node Type": "Nested Loop",
                  "Parent Relationship": "Outer",
                  "Parallel Aware": false,
                  "Async Capable": false,
                  "Join Type": "Anti",
                  "Startup Cost": 745125.5,
                  "Total Cost": 1464908.87,
                  "Plan Rows": 3574,
                  "Plan Width": 44,
                  "Inner Unique": false,
                  "Join Filter": "(c.c_customer_sk = web_sales.ws_bill_customer_sk)",
                  "Plans": [
                    {
                      "Node Type": "Gather Merge",
                      "Parent Relationship": "Outer",
                      "Parallel Aware": false,
                      "Async Capable": false,
                      "Startup Cost": 741967.85,
                      "Total Cost": 742391.79,
                      "Plan Rows": 3640,
                      "Plan Width": 44,
                      "Workers Planned": 2,
                      "Plans": [
                        {
                          "Node Type": "Sort",
                          "Parent Relationship": "Outer",
                          "Parallel Aware": false,
                          "Async Capable": false,
                          "Startup Cost": 740967.83,
                          "Total Cost": 740971.62,
                          "Plan Rows": 1517,
                          "Plan Width": 44,
                          "Sort Key": [
                            "customer_demographics.cd_gender",
                            "customer_demographics.cd_marital_status",
                            "customer_demographics.cd_education_status",
                            "customer_demographics.cd_purchase_estimate",
                            "customer_demographics.cd_credit_rating"
                          ],
                          "Plans": [
                            {
                              "Node Type": "Hash Join",
                              "Parent Relationship": "Outer",
                              "Parallel Aware": true,
                              "Async Capable": false,
                              "Join Type": "Inner",
                              "Startup Cost": 708048.78,
                              "Total Cost": 740887.68,
                              "Plan Rows": 1517,
                              "Plan Width": 44,
                              "Inner Unique": false,
                              "Hash Cond": "(customer_demographics.cd_demo_sk = c.c_current_cdemo_sk)",
                              "Plans": [
                                {
                                  "Node Type": "Seq Scan",
                                  "Parent Relationship": "Outer",
                                  "Parallel Aware": true,
                                  "Async Capable": false,
                                  "Relation Name": "customer_demographics",
                                  "Alias": "customer_demographics",
                                  "Startup Cost": 0.0,
                                  "Total Cost": 29831.33,
                                  "Plan Rows": 800333,
                                  "Plan Width": 44,
                                  "parent": 6,
                                  "ID": 7
                                },
                                {
                                  "Node Type": "Hash",
                                  "Parent Relationship": "Inner",
                                  "Parallel Aware": true,
                                  "Async Capable": false,
                                  "Startup Cost": 708029.15,
                                  "Total Cost": 708029.15,
                                  "Plan Rows": 1570,
                                  "Plan Width": 8,
                                  "Plans": [
                                    {
                                      "Node Type": "Hash Join",
                                      "Parent Relationship": "Outer",
                                      "Parallel Aware": true,
                                      "Async Capable": false,
                                      "Join Type": "Inner",
                                      "Startup Cost": 691354.87,
                                      "Total Cost": 708029.15,
                                      "Plan Rows": 1570,
                                      "Plan Width": 8,
                                      "Inner Unique": false,
                                      "Hash Cond": "(c.c_current_addr_sk = ca.ca_address_sk)",
                                      "Plans": [
                                        {
                                          "Node Type": "Hash Join",
                                          "Parent Relationship": "Outer",
                                          "Parallel Aware": true,
                                          "Async Capable": false,
                                          "Join Type": "Semi",
                                          "Startup Cost": 684337.4,
                                          "Total Cost": 700954.09,
                                          "Plan Rows": 13615,
                                          "Plan Width": 12,
                                          "Inner Unique": false,
                                          "Hash Cond": "(c.c_customer_sk = store_sales.ss_customer_sk)",
                                          "Plans": [
                                            {
                                              "Node Type": "Seq Scan",
                                              "Parent Relationship": "Outer",
                                              "Parallel Aware": true,
                                              "Async Capable": false,
                                              "Relation Name": "customer",
                                              "Alias": "c",
                                              "Startup Cost": 0.0,
                                              "Total Cost": 15918.33,
                                              "Plan Rows": 208333,
                                              "Plan Width": 12,
                                              "parent": 10,
                                              "ID": 11
                                            },
                                            {
                                              "Node Type": "Hash",
                                              "Parent Relationship": "Inner",
                                              "Parallel Aware": true,
                                              "Async Capable": false,
                                              "Startup Cost": 684159.07,
                                              "Total Cost": 684159.07,
                                              "Plan Rows": 14267,
                                              "Plan Width": 4,
                                              "Plans": [
                                                {
                                                  "Node Type": "Hash Join",
                                                  "Parent Relationship": "Outer",
                                                  "Parallel Aware": true,
                                                  "Async Capable": false,
                                                  "Join Type": "Inner",
                                                  "Startup Cost": 2157.65,
                                                  "Total Cost": 684159.07,
                                                  "Plan Rows": 14267,
                                                  "Plan Width": 4,
                                                  "Inner Unique": false,
                                                  "Hash Cond": "(store_sales.ss_sold_date_sk = date_dim.d_date_sk)",
                                                  "Plans": [
                                                    {
                                                      "Node Type": "Seq Scan",
                                                      "Parent Relationship": "Outer",
                                                      "Parallel Aware": true,
                                                      "Async Capable": false,
                                                      "Relation Name": "store_sales",
                                                      "Alias": "store_sales",
                                                      "Startup Cost": 0.0,
                                                      "Total Cost": 636914.37,
                                                      "Plan Rows": 12000637,
                                                      "Plan Width": 8,
                                                      "parent": 13,
                                                      "ID": 14
                                                    },
                                                    {
                                                      "Node Type": "Hash",
                                                      "Parent Relationship": "Inner",
                                                      "Parallel Aware": true,
                                                      "Async Capable": false,
                                                      "Startup Cost": 2156.97,
                                                      "Total Cost": 2156.97,
                                                      "Plan Rows": 54,
                                                      "Plan Width": 4,
                                                      "Plans": [
                                                        {
                                                          "Node Type": "Seq Scan",
                                                          "Parent Relationship": "Outer",
                                                          "Parallel Aware": true,
                                                          "Async Capable": false,
                                                          "Relation Name": "date_dim",
                                                          "Alias": "date_dim",
                                                          "Startup Cost": 0.0,
                                                          "Total Cost": 2156.97,
                                                          "Plan Rows": 54,
                                                          "Plan Width": 4,
                                                          "Filter": "((d_moy >= 4) AND (d_moy <= 6) AND (d_year = 2002))",
                                                          "parent": 15,
                                                          "ID": 16
                                                        }
                                                      ],
                                                      "parent": 13,
                                                      "ID": 15,
                                                      "left": 16
                                                    }
                                                  ],
                                                  "parent": 12,
                                                  "ID": 13,
                                                  "left": 14,
                                                  "right": 15
                                                }
                                              ],
                                              "parent": 10,
                                              "ID": 12,
                                              "left": 13
                                            }
                                          ],
                                          "parent": 9,
                                          "ID": 10,
                                          "left": 11,
                                          "right": 12
                                        },
                                        {
                                          "Node Type": "Hash",
                                          "Parent Relationship": "Inner",
                                          "Parallel Aware": true,
                                          "Async Capable": false,
                                          "Startup Cost": 6867.29,
                                          "Total Cost": 6867.29,
                                          "Plan Rows": 12014,
                                          "Plan Width": 4,
                                          "Plans": [
                                            {
                                              "Node Type": "Seq Scan",
                                              "Parent Relationship": "Outer",
                                              "Parallel Aware": true,
                                              "Async Capable": false,
                                              "Relation Name": "customer_address",
                                              "Alias": "ca",
                                              "Startup Cost": 0.0,
                                              "Total Cost": 6867.29,
                                              "Plan Rows": 12014,
                                              "Plan Width": 4,
                                              "Filter": "(ca_state = ANY ('{WA,WI,TX}'::bpchar[]))",
                                              "parent": 17,
                                              "ID": 18
                                            }
                                          ],
                                          "parent": 9,
                                          "ID": 17,
                                          "left": 18
                                        }
                                      ],
                                      "parent": 8,
                                      "ID": 9,
                                      "left": 10,
                                      "right": 17
                                    }
                                  ],
                                  "parent": 6,
                                  "ID": 8,
                                  "left": 9
                                }
                              ],
                              "parent": 5,
                              "ID": 6,
                              "left": 7,
                              "right": 8
                            }
                          ],
                          "parent": 4,
                          "ID": 5,
                          "left": 6
                        }
                      ],
                      "parent": 3,
                      "ID": 4,
                      "left": 5
                    },
                    {
                      "Node Type": "Materialize",
                      "Parent Relationship": "Inner",
                      "Parallel Aware": false,
                      "Async Capable": false,
                      "Startup Cost": 3157.65,
                      "Total Cost": 233105.09,
                      "Plan Rows": 8964,
                      "Plan Width": 4,
                      "Plans": [
                        {
                          "Node Type": "Gather",
                          "Parent Relationship": "Outer",
                          "Parallel Aware": false,
                          "Async Capable": false,
                          "Startup Cost": 3157.65,
                          "Total Cost": 233060.27,
                          "Plan Rows": 8964,
                          "Plan Width": 4,
                          "Workers Planned": 2,
                          "Single Copy": false,
                          "Plans": [
                            {
                              "Node Type": "Hash Join",
                              "Parent Relationship": "Outer",
                              "Parallel Aware": true,
                              "Async Capable": false,
                              "Join Type": "Inner",
                              "Startup Cost": 2157.65,
                              "Total Cost": 231163.87,
                              "Plan Rows": 3735,
                              "Plan Width": 4,
                              "Inner Unique": false,
                              "Hash Cond": "(web_sales.ws_sold_date_sk = date_dim_1.d_date_sk)",
                              "Plans": [
                                {
                                  "Node Type": "Seq Scan",
                                  "Parent Relationship": "Outer",
                                  "Parallel Aware": true,
                                  "Async Capable": false,
                                  "Relation Name": "web_sales",
                                  "Alias": "web_sales",
                                  "Startup Cost": 0.0,
                                  "Total Cost": 217737.86,
                                  "Plan Rows": 2998986,
                                  "Plan Width": 8,
                                  "parent": 21,
                                  "ID": 22
                                },
                                {
                                  "Node Type": "Hash",
                                  "Parent Relationship": "Inner",
                                  "Parallel Aware": true,
                                  "Async Capable": false,
                                  "Startup Cost": 2156.97,
                                  "Total Cost": 2156.97,
                                  "Plan Rows": 54,
                                  "Plan Width": 4,
                                  "Plans": [
                                    {
                                      "Node Type": "Seq Scan",
                                      "Parent Relationship": "Outer",
                                      "Parallel Aware": true,
                                      "Async Capable": false,
                                      "Relation Name": "date_dim",
                                      "Alias": "date_dim_1",
                                      "Startup Cost": 0.0,
                                      "Total Cost": 2156.97,
                                      "Plan Rows": 54,
                                      "Plan Width": 4,
                                      "Filter": "((d_moy >= 4) AND (d_moy <= 6) AND (d_year = 2002))",
                                      "parent": 23,
                                      "ID": 24
                                    }
                                  ],
                                  "parent": 21,
                                  "ID": 23,
                                  "left": 24
                                }
                              ],
                              "parent": 20,
                              "ID": 21,
                              "left": 22,
                              "right": 23
                            }
                          ],
                          "parent": 19,
                          "ID": 20,
                          "left": 21
                        }
                      ],
                      "parent": 3,
                      "ID": 19,
                      "left": 20
                    }
                  ],
                  "parent": 2,
                  "ID": 3,
                  "left": 4,
                  "right": 19
                },
                {
                  "Node Type": "Materialize",
                  "Parent Relationship": "Inner",
                  "Parallel Aware": false,
                  "Async Capable": false,
                  "Startup Cost": 2684.49,
                  "Total Cost": 574652.42,
                  "Plan Rows": 17839,
                  "Plan Width": 4,
                  "Plans": [
                    {
                      "Node Type": "Hash Join",
                      "Parent Relationship": "Outer",
                      "Parallel Aware": false,
                      "Async Capable": false,
                      "Join Type": "Inner",
                      "Startup Cost": 2684.49,
                      "Total Cost": 574563.22,
                      "Plan Rows": 17839,
                      "Plan Width": 4,
                      "Inner Unique": false,
                      "Hash Cond": "(catalog_sales.cs_sold_date_sk = date_dim_2.d_date_sk)",
                      "Plans": [
                        {
                          "Node Type": "Seq Scan",
                          "Parent Relationship": "Outer",
                          "Parallel Aware": false,
                          "Async Capable": false,
                          "Relation Name": "catalog_sales",
                          "Alias": "catalog_sales",
                          "Startup Cost": 0.0,
                          "Total Cost": 517695.61,
                          "Plan Rows": 14401261,
                          "Plan Width": 8,
                          "parent": 26,
                          "ID": 27
                        },
                        {
                          "Node Type": "Hash",
                          "Parent Relationship": "Inner",
                          "Parallel Aware": false,
                          "Async Capable": false,
                          "Startup Cost": 2683.36,
                          "Total Cost": 2683.36,
                          "Plan Rows": 91,
                          "Plan Width": 4,
                          "Plans": [
                            {
                              "Node Type": "Seq Scan",
                              "Parent Relationship": "Outer",
                              "Parallel Aware": false,
                              "Async Capable": false,
                              "Relation Name": "date_dim",
                              "Alias": "date_dim_2",
                              "Startup Cost": 0.0,
                              "Total Cost": 2683.36,
                              "Plan Rows": 91,
                              "Plan Width": 4,
                              "Filter": "((d_moy >= 4) AND (d_moy <= 6) AND (d_year = 2002))",
                              "parent": 28,
                              "ID": 29
                            }
                          ],
                          "parent": 26,
                          "ID": 28,
                          "left": 29
                        }
                      ],
                      "parent": 25,
                      "ID": 26,
                      "left": 27,
                      "right": 28
                    }
                  ],
                  "parent": 2,
                  "ID": 25,
                  "left": 26
                }
              ],
              "parent": 1,
              "ID": 2,
              "left": 3,
              "right": 25
            }
          ],
          "parent": 0,
          "ID": 1,
          "left": 2
        }
      ],
      "parent": null,
      "ID": 0,
      "left": 1
    },
    "feat": {
      "utility": 0.009857816074171001,
      "query_shape": [
        [
          "Seq Scan",
          "Hash Join",
          "Sort",
          "Gather Merge",
          "Nested Loop",
          "Aggregate"
        ],
        [
          "Seq Scan",
          "Hash Join",
          "Hash",
          "Sort",
          "Gather Merge",
          "Nested Loop",
          "Aggregate"
        ],
        [
          "Seq Scan",
          "Hash Join",
          "Hash",
          "Sort",
          "Gather Merge",
          "Nested Loop",
          "Aggregate"
        ],
        [
          "Seq Scan",
          "Hash",
          "Hash Join",
          "Sort",
          "Gather Merge",
          "Nested Loop",
          "Aggregate"
        ],
        [
          "Seq Scan",
          "Hash",
          "Hash Join",
          "Sort",
          "Gather Merge",
          "Nested Loop",
          "Aggregate"
        ],
        [
          "Seq Scan",
          "Hash Join",
          "Gather",
          "Materialize",
          "Nested Loop",
          "Aggregate"
        ],
        [
          "Seq Scan",
          "Hash",
          "Hash Join",
          "Gather",
          "Materialize",
          "Nested Loop",
          "Aggregate"
        ],
        [
          "Seq Scan",
          "Hash Join",
          "Materialize",
          "Nested Loop",
          "Aggregate"
        ],
        [
          "Seq Scan",
          "Hash",
          "Hash Join",
          "Materialize",
          "Nested Loop",
          "Aggregate"
        ]
      ],
      "index_shape": [
        "join"
      ],
      "physical_operator": {
        "Hash Join": [
          0.00469210045035693,
          0.004802431776525597,
          0.0036894726553894776
        ]
      }
    }
  },
  {
    "query": "select  \n  cd_gender,\n  cd_marital_status,\n  cd_education_status,\n  count(*) cnt1,\n  cd_purchase_estimate,\n  count(*) cnt2,\n  cd_credit_rating,\n  count(*) cnt3\n from\n  customer c,customer_address ca,customer_demographics\n where\n  c.c_current_addr_sk = ca.ca_address_sk and\n  ca_state in ('WA','WI','TX') and\n  cd_demo_sk = c.c_current_cdemo_sk and \n  exists (select *\n          from store_sales,date_dim\n          where c.c_customer_sk = ss_customer_sk and\n                ss_sold_date_sk = d_date_sk and\n                d_year = 2002 and\n                d_moy between 4 and 4+2) and\n   (not exists (select *\n            from web_sales,date_dim\n            where c.c_customer_sk = ws_bill_customer_sk and\n                  ws_sold_date_sk = d_date_sk and\n                  d_year = 2002 and\n                  d_moy between 4 and 4+2) and\n    not exists (select * \n            from catalog_sales,date_dim\n            where c.c_customer_sk = cs_ship_customer_sk and\n                  cs_sold_date_sk = d_date_sk and\n                  d_year = 2002 and\n                  d_moy between 4 and 4+2))\n group by cd_gender,\n          cd_marital_status,\n          cd_education_status,\n          cd_purchase_estimate,\n          cd_credit_rating\n order by cd_gender,\n          cd_marital_status,\n          cd_education_status,\n          cd_purchase_estimate,\n          cd_credit_rating\n limit 100;\n\n-- end query 51 in stream 2 using template query69.tpl\n",
    "indexes": "catalog_sales.cs_sold_date_sk",
    "wo plan est": {
      "Node Type": "Limit",
      "Parallel Aware": false,
      "Async Capable": false,
      "Startup Cost": 747810.0,
      "Total Cost": 813030.24,
      "Plan Rows": 100,
      "Plan Width": 64,
      "Plans": [
        {
          "Node Type": "Aggregate",
          "Strategy": "Sorted",
          "Partial Mode": "Simple",
          "Parent Relationship": "Outer",
          "Parallel Aware": false,
          "Async Capable": false,
          "Startup Cost": 747810.0,
          "Total Cost": 2995951.65,
          "Plan Rows": 3447,
          "Plan Width": 64,
          "Group Key": [
            "customer_demographics.cd_gender",
            "customer_demographics.cd_marital_status",
            "customer_demographics.cd_education_status",
            "customer_demographics.cd_purchase_estimate",
            "customer_demographics.cd_credit_rating"
          ],
          "Plans": [
            {
              "Node Type": "Nested Loop",
              "Parent Relationship": "Outer",
              "Parallel Aware": false,
              "Async Capable": false,
              "Join Type": "Anti",
              "Startup Cost": 747810.0,
              "Total Cost": 2995865.48,
              "Plan Rows": 3447,
              "Plan Width": 40,
              "Inner Unique": false,
              "Join Filter": "(c.c_customer_sk = catalog_sales.cs_ship_customer_sk)",
              "Plans": [
                {
                  "Node Type": "Nested Loop",
                  "Parent Relationship": "Outer",
                  "Parallel Aware": false,
                  "Async Capable": false,
                  "Join Type": "Anti",
                  "Startup Cost": 745125.5,
                  "Total Cost": 1464908.87,
                  "Plan Rows": 3574,
                  "Plan Width": 44,
                  "Inner Unique": false,
                  "Join Filter": "(c.c_customer_sk = web_sales.ws_bill_customer_sk)",
                  "Plans": [
                    {
                      "Node Type": "Gather Merge",
                      "Parent Relationship": "Outer",
                      "Parallel Aware": false,
                      "Async Capable": false,
                      "Startup Cost": 741967.85,
                      "Total Cost": 742391.79,
                      "Plan Rows": 3640,
                      "Plan Width": 44,
                      "Workers Planned": 2,
                      "Plans": [
                        {
                          "Node Type": "Sort",
                          "Parent Relationship": "Outer",
                          "Parallel Aware": false,
                          "Async Capable": false,
                          "Startup Cost": 740967.83,
                          "Total Cost": 740971.62,
                          "Plan Rows": 1517,
                          "Plan Width": 44,
                          "Sort Key": [
                            "customer_demographics.cd_gender",
                            "customer_demographics.cd_marital_status",
                            "customer_demographics.cd_education_status",
                            "customer_demographics.cd_purchase_estimate",
                            "customer_demographics.cd_credit_rating"
                          ],
                          "Plans": [
                            {
                              "Node Type": "Hash Join",
                              "Parent Relationship": "Outer",
                              "Parallel Aware": true,
                              "Async Capable": false,
                              "Join Type": "Inner",
                              "Startup Cost": 708048.78,
                              "Total Cost": 740887.68,
                              "Plan Rows": 1517,
                              "Plan Width": 44,
                              "Inner Unique": false,
                              "Hash Cond": "(customer_demographics.cd_demo_sk = c.c_current_cdemo_sk)",
                              "Plans": [
                                {
                                  "Node Type": "Seq Scan",
                                  "Parent Relationship": "Outer",
                                  "Parallel Aware": true,
                                  "Async Capable": false,
                                  "Relation Name": "customer_demographics",
                                  "Alias": "customer_demographics",
                                  "Startup Cost": 0.0,
                                  "Total Cost": 29831.33,
                                  "Plan Rows": 800333,
                                  "Plan Width": 44,
                                  "parent": 6,
                                  "ID": 7
                                },
                                {
                                  "Node Type": "Hash",
                                  "Parent Relationship": "Inner",
                                  "Parallel Aware": true,
                                  "Async Capable": false,
                                  "Startup Cost": 708029.15,
                                  "Total Cost": 708029.15,
                                  "Plan Rows": 1570,
                                  "Plan Width": 8,
                                  "Plans": [
                                    {
                                      "Node Type": "Hash Join",
                                      "Parent Relationship": "Outer",
                                      "Parallel Aware": true,
                                      "Async Capable": false,
                                      "Join Type": "Inner",
                                      "Startup Cost": 691354.87,
                                      "Total Cost": 708029.15,
                                      "Plan Rows": 1570,
                                      "Plan Width": 8,
                                      "Inner Unique": false,
                                      "Hash Cond": "(c.c_current_addr_sk = ca.ca_address_sk)",
                                      "Plans": [
                                        {
                                          "Node Type": "Hash Join",
                                          "Parent Relationship": "Outer",
                                          "Parallel Aware": true,
                                          "Async Capable": false,
                                          "Join Type": "Semi",
                                          "Startup Cost": 684337.4,
                                          "Total Cost": 700954.09,
                                          "Plan Rows": 13615,
                                          "Plan Width": 12,
                                          "Inner Unique": false,
                                          "Hash Cond": "(c.c_customer_sk = store_sales.ss_customer_sk)",
                                          "Plans": [
                                            {
                                              "Node Type": "Seq Scan",
                                              "Parent Relationship": "Outer",
                                              "Parallel Aware": true,
                                              "Async Capable": false,
                                              "Relation Name": "customer",
                                              "Alias": "c",
                                              "Startup Cost": 0.0,
                                              "Total Cost": 15918.33,
                                              "Plan Rows": 208333,
                                              "Plan Width": 12,
                                              "parent": 10,
                                              "ID": 11
                                            },
                                            {
                                              "Node Type": "Hash",
                                              "Parent Relationship": "Inner",
                                              "Parallel Aware": true,
                                              "Async Capable": false,
                                              "Startup Cost": 684159.07,
                                              "Total Cost": 684159.07,
                                              "Plan Rows": 14267,
                                              "Plan Width": 4,
                                              "Plans": [
                                                {
                                                  "Node Type": "Hash Join",
                                                  "Parent Relationship": "Outer",
                                                  "Parallel Aware": true,
                                                  "Async Capable": false,
                                                  "Join Type": "Inner",
                                                  "Startup Cost": 2157.65,
                                                  "Total Cost": 684159.07,
                                                  "Plan Rows": 14267,
                                                  "Plan Width": 4,
                                                  "Inner Unique": false,
                                                  "Hash Cond": "(store_sales.ss_sold_date_sk = date_dim.d_date_sk)",
                                                  "Plans": [
                                                    {
                                                      "Node Type": "Seq Scan",
                                                      "Parent Relationship": "Outer",
                                                      "Parallel Aware": true,
                                                      "Async Capable": false,
                                                      "Relation Name": "store_sales",
                                                      "Alias": "store_sales",
                                                      "Startup Cost": 0.0,
                                                      "Total Cost": 636914.37,
                                                      "Plan Rows": 12000637,
                                                      "Plan Width": 8,
                                                      "parent": 13,
                                                      "ID": 14
                                                    },
                                                    {
                                                      "Node Type": "Hash",
                                                      "Parent Relationship": "Inner",
                                                      "Parallel Aware": true,
                                                      "Async Capable": false,
                                                      "Startup Cost": 2156.97,
                                                      "Total Cost": 2156.97,
                                                      "Plan Rows": 54,
                                                      "Plan Width": 4,
                                                      "Plans": [
                                                        {
                                                          "Node Type": "Seq Scan",
                                                          "Parent Relationship": "Outer",
                                                          "Parallel Aware": true,
                                                          "Async Capable": false,
                                                          "Relation Name": "date_dim",
                                                          "Alias": "date_dim",
                                                          "Startup Cost": 0.0,
                                                          "Total Cost": 2156.97,
                                                          "Plan Rows": 54,
                                                          "Plan Width": 4,
                                                          "Filter": "((d_moy >= 4) AND (d_moy <= 6) AND (d_year = 2002))",
                                                          "parent": 15,
                                                          "ID": 16
                                                        }
                                                      ],
                                                      "parent": 13,
                                                      "ID": 15,
                                                      "left": 16
                                                    }
                                                  ],
                                                  "parent": 12,
                                                  "ID": 13,
                                                  "left": 14,
                                                  "right": 15
                                                }
                                              ],
                                              "parent": 10,
                                              "ID": 12,
                                              "left": 13
                                            }
                                          ],
                                          "parent": 9,
                                          "ID": 10,
                                          "left": 11,
                                          "right": 12
                                        },
                                        {
                                          "Node Type": "Hash",
                                          "Parent Relationship": "Inner",
                                          "Parallel Aware": true,
                                          "Async Capable": false,
                                          "Startup Cost": 6867.29,
                                          "Total Cost": 6867.29,
                                          "Plan Rows": 12014,
                                          "Plan Width": 4,
                                          "Plans": [
                                            {
                                              "Node Type": "Seq Scan",
                                              "Parent Relationship": "Outer",
                                              "Parallel Aware": true,
                                              "Async Capable": false,
                                              "Relation Name": "customer_address",
                                              "Alias": "ca",
                                              "Startup Cost": 0.0,
                                              "Total Cost": 6867.29,
                                              "Plan Rows": 12014,
                                              "Plan Width": 4,
                                              "Filter": "(ca_state = ANY ('{WA,WI,TX}'::bpchar[]))",
                                              "parent": 17,
                                              "ID": 18
                                            }
                                          ],
                                          "parent": 9,
                                          "ID": 17,
                                          "left": 18
                                        }
                                      ],
                                      "parent": 8,
                                      "ID": 9,
                                      "left": 10,
                                      "right": 17
                                    }
                                  ],
                                  "parent": 6,
                                  "ID": 8,
                                  "left": 9
                                }
                              ],
                              "parent": 5,
                              "ID": 6,
                              "left": 7,
                              "right": 8
                            }
                          ],
                          "parent": 4,
                          "ID": 5,
                          "left": 6
                        }
                      ],
                      "parent": 3,
                      "ID": 4,
                      "left": 5
                    },
                    {
                      "Node Type": "Materialize",
                      "Parent Relationship": "Inner",
                      "Parallel Aware": false,
                      "Async Capable": false,
                      "Startup Cost": 3157.65,
                      "Total Cost": 233105.09,
                      "Plan Rows": 8964,
                      "Plan Width": 4,
                      "Plans": [
                        {
                          "Node Type": "Gather",
                          "Parent Relationship": "Outer",
                          "Parallel Aware": false,
                          "Async Capable": false,
                          "Startup Cost": 3157.65,
                          "Total Cost": 233060.27,
                          "Plan Rows": 8964,
                          "Plan Width": 4,
                          "Workers Planned": 2,
                          "Single Copy": false,
                          "Plans": [
                            {
                              "Node Type": "Hash Join",
                              "Parent Relationship": "Outer",
                              "Parallel Aware": true,
                              "Async Capable": false,
                              "Join Type": "Inner",
                              "Startup Cost": 2157.65,
                              "Total Cost": 231163.87,
                              "Plan Rows": 3735,
                              "Plan Width": 4,
                              "Inner Unique": false,
                              "Hash Cond": "(web_sales.ws_sold_date_sk = date_dim_1.d_date_sk)",
                              "Plans": [
                                {
                                  "Node Type": "Seq Scan",
                                  "Parent Relationship": "Outer",
                                  "Parallel Aware": true,
                                  "Async Capable": false,
                                  "Relation Name": "web_sales",
                                  "Alias": "web_sales",
                                  "Startup Cost": 0.0,
                                  "Total Cost": 217737.86,
                                  "Plan Rows": 2998986,
                                  "Plan Width": 8,
                                  "parent": 21,
                                  "ID": 22
                                },
                                {
                                  "Node Type": "Hash",
                                  "Parent Relationship": "Inner",
                                  "Parallel Aware": true,
                                  "Async Capable": false,
                                  "Startup Cost": 2156.97,
                                  "Total Cost": 2156.97,
                                  "Plan Rows": 54,
                                  "Plan Width": 4,
                                  "Plans": [
                                    {
                                      "Node Type": "Seq Scan",
                                      "Parent Relationship": "Outer",
                                      "Parallel Aware": true,
                                      "Async Capable": false,
                                      "Relation Name": "date_dim",
                                      "Alias": "date_dim_1",
                                      "Startup Cost": 0.0,
                                      "Total Cost": 2156.97,
                                      "Plan Rows": 54,
                                      "Plan Width": 4,
                                      "Filter": "((d_moy >= 4) AND (d_moy <= 6) AND (d_year = 2002))",
                                      "parent": 23,
                                      "ID": 24
                                    }
                                  ],
                                  "parent": 21,
                                  "ID": 23,
                                  "left": 24
                                }
                              ],
                              "parent": 20,
                              "ID": 21,
                              "left": 22,
                              "right": 23
                            }
                          ],
                          "parent": 19,
                          "ID": 20,
                          "left": 21
                        }
                      ],
                      "parent": 3,
                      "ID": 19,
                      "left": 20
                    }
                  ],
                  "parent": 2,
                  "ID": 3,
                  "left": 4,
                  "right": 19
                },
                {
                  "Node Type": "Materialize",
                  "Parent Relationship": "Inner",
                  "Parallel Aware": false,
                  "Async Capable": false,
                  "Startup Cost": 2684.49,
                  "Total Cost": 574652.42,
                  "Plan Rows": 17839,
                  "Plan Width": 4,
                  "Plans": [
                    {
                      "Node Type": "Hash Join",
                      "Parent Relationship": "Outer",
                      "Parallel Aware": false,
                      "Async Capable": false,
                      "Join Type": "Inner",
                      "Startup Cost": 2684.49,
                      "Total Cost": 574563.22,
                      "Plan Rows": 17839,
                      "Plan Width": 4,
                      "Inner Unique": false,
                      "Hash Cond": "(catalog_sales.cs_sold_date_sk = date_dim_2.d_date_sk)",
                      "Plans": [
                        {
                          "Node Type": "Seq Scan",
                          "Parent Relationship": "Outer",
                          "Parallel Aware": false,
                          "Async Capable": false,
                          "Relation Name": "catalog_sales",
                          "Alias": "catalog_sales",
                          "Startup Cost": 0.0,
                          "Total Cost": 517695.61,
                          "Plan Rows": 14401261,
                          "Plan Width": 8,
                          "parent": 26,
                          "ID": 27
                        },
                        {
                          "Node Type": "Hash",
                          "Parent Relationship": "Inner",
                          "Parallel Aware": false,
                          "Async Capable": false,
                          "Startup Cost": 2683.36,
                          "Total Cost": 2683.36,
                          "Plan Rows": 91,
                          "Plan Width": 4,
                          "Plans": [
                            {
                              "Node Type": "Seq Scan",
                              "Parent Relationship": "Outer",
                              "Parallel Aware": false,
                              "Async Capable": false,
                              "Relation Name": "date_dim",
                              "Alias": "date_dim_2",
                              "Startup Cost": 0.0,
                              "Total Cost": 2683.36,
                              "Plan Rows": 91,
                              "Plan Width": 4,
                              "Filter": "((d_moy >= 4) AND (d_moy <= 6) AND (d_year = 2002))",
                              "parent": 28,
                              "ID": 29
                            }
                          ],
                          "parent": 26,
                          "ID": 28,
                          "left": 29
                        }
                      ],
                      "parent": 25,
                      "ID": 26,
                      "left": 27,
                      "right": 28
                    }
                  ],
                  "parent": 2,
                  "ID": 25,
                  "left": 26
                }
              ],
              "parent": 1,
              "ID": 2,
              "left": 3,
              "right": 25
            }
          ],
          "parent": 0,
          "ID": 1,
          "left": 2
        }
      ],
      "parent": null,
      "ID": 0,
      "left": 1
    },
    "feat": {
      "utility": 0.003288266149430597,
      "query_shape": [
        [
          "Seq Scan",
          "Hash Join",
          "Sort",
          "Gather Merge",
          "Nested Loop",
          "Aggregate"
        ],
        [
          "Seq Scan",
          "Hash Join",
          "Hash",
          "Sort",
          "Gather Merge",
          "Nested Loop",
          "Aggregate"
        ],
        [
          "Seq Scan",
          "Hash Join",
          "Hash",
          "Sort",
          "Gather Merge",
          "Nested Loop",
          "Aggregate"
        ],
        [
          "Seq Scan",
          "Hash",
          "Hash Join",
          "Sort",
          "Gather Merge",
          "Nested Loop",
          "Aggregate"
        ],
        [
          "Seq Scan",
          "Hash",
          "Hash Join",
          "Sort",
          "Gather Merge",
          "Nested Loop",
          "Aggregate"
        ],
        [
          "Seq Scan",
          "Hash Join",
          "Gather",
          "Materialize",
          "Nested Loop",
          "Aggregate"
        ],
        [
          "Seq Scan",
          "Hash",
          "Hash Join",
          "Gather",
          "Materialize",
          "Nested Loop",
          "Aggregate"
        ],
        [
          "Seq Scan",
          "Hash Join",
          "Materialize",
          "Nested Loop",
          "Aggregate"
        ],
        [
          "Seq Scan",
          "Hash",
          "Hash Join",
          "Materialize",
          "Nested Loop",
          "Aggregate"
        ]
      ],
      "index_shape": [
        "join"
      ],
      "physical_operator": {
        "Hash Join": [
          0.0036894726553894776
        ]
      }
    }
  },
  {
    "query": "select  \n  cd_gender,\n  cd_marital_status,\n  cd_education_status,\n  count(*) cnt1,\n  cd_purchase_estimate,\n  count(*) cnt2,\n  cd_credit_rating,\n  count(*) cnt3\n from\n  customer c,customer_address ca,customer_demographics\n where\n  c.c_current_addr_sk = ca.ca_address_sk and\n  ca_state in ('WA','WI','TX') and\n  cd_demo_sk = c.c_current_cdemo_sk and \n  exists (select *\n          from store_sales,date_dim\n          where c.c_customer_sk = ss_customer_sk and\n                ss_sold_date_sk = d_date_sk and\n                d_year = 2002 and\n                d_moy between 4 and 4+2) and\n   (not exists (select *\n            from web_sales,date_dim\n            where c.c_customer_sk = ws_bill_customer_sk and\n                  ws_sold_date_sk = d_date_sk and\n                  d_year = 2002 and\n                  d_moy between 4 and 4+2) and\n    not exists (select * \n            from catalog_sales,date_dim\n            where c.c_customer_sk = cs_ship_customer_sk and\n                  cs_sold_date_sk = d_date_sk and\n                  d_year = 2002 and\n                  d_moy between 4 and 4+2))\n group by cd_gender,\n          cd_marital_status,\n          cd_education_status,\n          cd_purchase_estimate,\n          cd_credit_rating\n order by cd_gender,\n          cd_marital_status,\n          cd_education_status,\n          cd_purchase_estimate,\n          cd_credit_rating\n limit 100;\n\n-- end query 51 in stream 2 using template query69.tpl\n",
    "indexes": "catalog_sales.cs_ship_customer_sk",
    "wo plan est": {
      "Node Type": "Limit",
      "Parallel Aware": false,
      "Async Capable": false,
      "Startup Cost": 747810.0,
      "Total Cost": 813030.24,
      "Plan Rows": 100,
      "Plan Width": 64,
      "Plans": [
        {
          "Node Type": "Aggregate",
          "Strategy": "Sorted",
          "Partial Mode": "Simple",
          "Parent Relationship": "Outer",
          "Parallel Aware": false,
          "Async Capable": false,
          "Startup Cost": 747810.0,
          "Total Cost": 2995951.65,
          "Plan Rows": 3447,
          "Plan Width": 64,
          "Group Key": [
            "customer_demographics.cd_gender",
            "customer_demographics.cd_marital_status",
            "customer_demographics.cd_education_status",
            "customer_demographics.cd_purchase_estimate",
            "customer_demographics.cd_credit_rating"
          ],
          "Plans": [
            {
              "Node Type": "Nested Loop",
              "Parent Relationship": "Outer",
              "Parallel Aware": false,
              "Async Capable": false,
              "Join Type": "Anti",
              "Startup Cost": 747810.0,
              "Total Cost": 2995865.48,
              "Plan Rows": 3447,
              "Plan Width": 40,
              "Inner Unique": false,
              "Join Filter": "(c.c_customer_sk = catalog_sales.cs_ship_customer_sk)",
              "Plans": [
                {
                  "Node Type": "Nested Loop",
                  "Parent Relationship": "Outer",
                  "Parallel Aware": false,
                  "Async Capable": false,
                  "Join Type": "Anti",
                  "Startup Cost": 745125.5,
                  "Total Cost": 1464908.87,
                  "Plan Rows": 3574,
                  "Plan Width": 44,
                  "Inner Unique": false,
                  "Join Filter": "(c.c_customer_sk = web_sales.ws_bill_customer_sk)",
                  "Plans": [
                    {
                      "Node Type": "Gather Merge",
                      "Parent Relationship": "Outer",
                      "Parallel Aware": false,
                      "Async Capable": false,
                      "Startup Cost": 741967.85,
                      "Total Cost": 742391.79,
                      "Plan Rows": 3640,
                      "Plan Width": 44,
                      "Workers Planned": 2,
                      "Plans": [
                        {
                          "Node Type": "Sort",
                          "Parent Relationship": "Outer",
                          "Parallel Aware": false,
                          "Async Capable": false,
                          "Startup Cost": 740967.83,
                          "Total Cost": 740971.62,
                          "Plan Rows": 1517,
                          "Plan Width": 44,
                          "Sort Key": [
                            "customer_demographics.cd_gender",
                            "customer_demographics.cd_marital_status",
                            "customer_demographics.cd_education_status",
                            "customer_demographics.cd_purchase_estimate",
                            "customer_demographics.cd_credit_rating"
                          ],
                          "Plans": [
                            {
                              "Node Type": "Hash Join",
                              "Parent Relationship": "Outer",
                              "Parallel Aware": true,
                              "Async Capable": false,
                              "Join Type": "Inner",
                              "Startup Cost": 708048.78,
                              "Total Cost": 740887.68,
                              "Plan Rows": 1517,
                              "Plan Width": 44,
                              "Inner Unique": false,
                              "Hash Cond": "(customer_demographics.cd_demo_sk = c.c_current_cdemo_sk)",
                              "Plans": [
                                {
                                  "Node Type": "Seq Scan",
                                  "Parent Relationship": "Outer",
                                  "Parallel Aware": true,
                                  "Async Capable": false,
                                  "Relation Name": "customer_demographics",
                                  "Alias": "customer_demographics",
                                  "Startup Cost": 0.0,
                                  "Total Cost": 29831.33,
                                  "Plan Rows": 800333,
                                  "Plan Width": 44,
                                  "parent": 6,
                                  "ID": 7
                                },
                                {
                                  "Node Type": "Hash",
                                  "Parent Relationship": "Inner",
                                  "Parallel Aware": true,
                                  "Async Capable": false,
                                  "Startup Cost": 708029.15,
                                  "Total Cost": 708029.15,
                                  "Plan Rows": 1570,
                                  "Plan Width": 8,
                                  "Plans": [
                                    {
                                      "Node Type": "Hash Join",
                                      "Parent Relationship": "Outer",
                                      "Parallel Aware": true,
                                      "Async Capable": false,
                                      "Join Type": "Inner",
                                      "Startup Cost": 691354.87,
                                      "Total Cost": 708029.15,
                                      "Plan Rows": 1570,
                                      "Plan Width": 8,
                                      "Inner Unique": false,
                                      "Hash Cond": "(c.c_current_addr_sk = ca.ca_address_sk)",
                                      "Plans": [
                                        {
                                          "Node Type": "Hash Join",
                                          "Parent Relationship": "Outer",
                                          "Parallel Aware": true,
                                          "Async Capable": false,
                                          "Join Type": "Semi",
                                          "Startup Cost": 684337.4,
                                          "Total Cost": 700954.09,
                                          "Plan Rows": 13615,
                                          "Plan Width": 12,
                                          "Inner Unique": false,
                                          "Hash Cond": "(c.c_customer_sk = store_sales.ss_customer_sk)",
                                          "Plans": [
                                            {
                                              "Node Type": "Seq Scan",
                                              "Parent Relationship": "Outer",
                                              "Parallel Aware": true,
                                              "Async Capable": false,
                                              "Relation Name": "customer",
                                              "Alias": "c",
                                              "Startup Cost": 0.0,
                                              "Total Cost": 15918.33,
                                              "Plan Rows": 208333,
                                              "Plan Width": 12,
                                              "parent": 10,
                                              "ID": 11
                                            },
                                            {
                                              "Node Type": "Hash",
                                              "Parent Relationship": "Inner",
                                              "Parallel Aware": true,
                                              "Async Capable": false,
                                              "Startup Cost": 684159.07,
                                              "Total Cost": 684159.07,
                                              "Plan Rows": 14267,
                                              "Plan Width": 4,
                                              "Plans": [
                                                {
                                                  "Node Type": "Hash Join",
                                                  "Parent Relationship": "Outer",
                                                  "Parallel Aware": true,
                                                  "Async Capable": false,
                                                  "Join Type": "Inner",
                                                  "Startup Cost": 2157.65,
                                                  "Total Cost": 684159.07,
                                                  "Plan Rows": 14267,
                                                  "Plan Width": 4,
                                                  "Inner Unique": false,
                                                  "Hash Cond": "(store_sales.ss_sold_date_sk = date_dim.d_date_sk)",
                                                  "Plans": [
                                                    {
                                                      "Node Type": "Seq Scan",
                                                      "Parent Relationship": "Outer",
                                                      "Parallel Aware": true,
                                                      "Async Capable": false,
                                                      "Relation Name": "store_sales",
                                                      "Alias": "store_sales",
                                                      "Startup Cost": 0.0,
                                                      "Total Cost": 636914.37,
                                                      "Plan Rows": 12000637,
                                                      "Plan Width": 8,
                                                      "parent": 13,
                                                      "ID": 14
                                                    },
                                                    {
                                                      "Node Type": "Hash",
                                                      "Parent Relationship": "Inner",
                                                      "Parallel Aware": true,
                                                      "Async Capable": false,
                                                      "Startup Cost": 2156.97,
                                                      "Total Cost": 2156.97,
                                                      "Plan Rows": 54,
                                                      "Plan Width": 4,
                                                      "Plans": [
                                                        {
                                                          "Node Type": "Seq Scan",
                                                          "Parent Relationship": "Outer",
                                                          "Parallel Aware": true,
                                                          "Async Capable": false,
                                                          "Relation Name": "date_dim",
                                                          "Alias": "date_dim",
                                                          "Startup Cost": 0.0,
                                                          "Total Cost": 2156.97,
                                                          "Plan Rows": 54,
                                                          "Plan Width": 4,
                                                          "Filter": "((d_moy >= 4) AND (d_moy <= 6) AND (d_year = 2002))",
                                                          "parent": 15,
                                                          "ID": 16
                                                        }
                                                      ],
                                                      "parent": 13,
                                                      "ID": 15,
                                                      "left": 16
                                                    }
                                                  ],
                                                  "parent": 12,
                                                  "ID": 13,
                                                  "left": 14,
                                                  "right": 15
                                                }
                                              ],
                                              "parent": 10,
                                              "ID": 12,
                                              "left": 13
                                            }
                                          ],
                                          "parent": 9,
                                          "ID": 10,
                                          "left": 11,
                                          "right": 12
                                        },
                                        {
                                          "Node Type": "Hash",
                                          "Parent Relationship": "Inner",
                                          "Parallel Aware": true,
                                          "Async Capable": false,
                                          "Startup Cost": 6867.29,
                                          "Total Cost": 6867.29,
                                          "Plan Rows": 12014,
                                          "Plan Width": 4,
                                          "Plans": [
                                            {
                                              "Node Type": "Seq Scan",
                                              "Parent Relationship": "Outer",
                                              "Parallel Aware": true,
                                              "Async Capable": false,
                                              "Relation Name": "customer_address",
                                              "Alias": "ca",
                                              "Startup Cost": 0.0,
                                              "Total Cost": 6867.29,
                                              "Plan Rows": 12014,
                                              "Plan Width": 4,
                                              "Filter": "(ca_state = ANY ('{WA,WI,TX}'::bpchar[]))",
                                              "parent": 17,
                                              "ID": 18
                                            }
                                          ],
                                          "parent": 9,
                                          "ID": 17,
                                          "left": 18
                                        }
                                      ],
                                      "parent": 8,
                                      "ID": 9,
                                      "left": 10,
                                      "right": 17
                                    }
                                  ],
                                  "parent": 6,
                                  "ID": 8,
                                  "left": 9
                                }
                              ],
                              "parent": 5,
                              "ID": 6,
                              "left": 7,
                              "right": 8
                            }
                          ],
                          "parent": 4,
                          "ID": 5,
                          "left": 6
                        }
                      ],
                      "parent": 3,
                      "ID": 4,
                      "left": 5
                    },
                    {
                      "Node Type": "Materialize",
                      "Parent Relationship": "Inner",
                      "Parallel Aware": false,
                      "Async Capable": false,
                      "Startup Cost": 3157.65,
                      "Total Cost": 233105.09,
                      "Plan Rows": 8964,
                      "Plan Width": 4,
                      "Plans": [
                        {
                          "Node Type": "Gather",
                          "Parent Relationship": "Outer",
                          "Parallel Aware": false,
                          "Async Capable": false,
                          "Startup Cost": 3157.65,
                          "Total Cost": 233060.27,
                          "Plan Rows": 8964,
                          "Plan Width": 4,
                          "Workers Planned": 2,
                          "Single Copy": false,
                          "Plans": [
                            {
                              "Node Type": "Hash Join",
                              "Parent Relationship": "Outer",
                              "Parallel Aware": true,
                              "Async Capable": false,
                              "Join Type": "Inner",
                              "Startup Cost": 2157.65,
                              "Total Cost": 231163.87,
                              "Plan Rows": 3735,
                              "Plan Width": 4,
                              "Inner Unique": false,
                              "Hash Cond": "(web_sales.ws_sold_date_sk = date_dim_1.d_date_sk)",
                              "Plans": [
                                {
                                  "Node Type": "Seq Scan",
                                  "Parent Relationship": "Outer",
                                  "Parallel Aware": true,
                                  "Async Capable": false,
                                  "Relation Name": "web_sales",
                                  "Alias": "web_sales",
                                  "Startup Cost": 0.0,
                                  "Total Cost": 217737.86,
                                  "Plan Rows": 2998986,
                                  "Plan Width": 8,
                                  "parent": 21,
                                  "ID": 22
                                },
                                {
                                  "Node Type": "Hash",
                                  "Parent Relationship": "Inner",
                                  "Parallel Aware": true,
                                  "Async Capable": false,
                                  "Startup Cost": 2156.97,
                                  "Total Cost": 2156.97,
                                  "Plan Rows": 54,
                                  "Plan Width": 4,
                                  "Plans": [
                                    {
                                      "Node Type": "Seq Scan",
                                      "Parent Relationship": "Outer",
                                      "Parallel Aware": true,
                                      "Async Capable": false,
                                      "Relation Name": "date_dim",
                                      "Alias": "date_dim_1",
                                      "Startup Cost": 0.0,
                                      "Total Cost": 2156.97,
                                      "Plan Rows": 54,
                                      "Plan Width": 4,
                                      "Filter": "((d_moy >= 4) AND (d_moy <= 6) AND (d_year = 2002))",
                                      "parent": 23,
                                      "ID": 24
                                    }
                                  ],
                                  "parent": 21,
                                  "ID": 23,
                                  "left": 24
                                }
                              ],
                              "parent": 20,
                              "ID": 21,
                              "left": 22,
                              "right": 23
                            }
                          ],
                          "parent": 19,
                          "ID": 20,
                          "left": 21
                        }
                      ],
                      "parent": 3,
                      "ID": 19,
                      "left": 20
                    }
                  ],
                  "parent": 2,
                  "ID": 3,
                  "left": 4,
                  "right": 19
                },
                {
                  "Node Type": "Materialize",
                  "Parent Relationship": "Inner",
                  "Parallel Aware": false,
                  "Async Capable": false,
                  "Startup Cost": 2684.49,
                  "Total Cost": 574652.42,
                  "Plan Rows": 17839,
                  "Plan Width": 4,
                  "Plans": [
                    {
                      "Node Type": "Hash Join",
                      "Parent Relationship": "Outer",
                      "Parallel Aware": false,
                      "Async Capable": false,
                      "Join Type": "Inner",
                      "Startup Cost": 2684.49,
                      "Total Cost": 574563.22,
                      "Plan Rows": 17839,
                      "Plan Width": 4,
                      "Inner Unique": false,
                      "Hash Cond": "(catalog_sales.cs_sold_date_sk = date_dim_2.d_date_sk)",
                      "Plans": [
                        {
                          "Node Type": "Seq Scan",
                          "Parent Relationship": "Outer",
                          "Parallel Aware": false,
                          "Async Capable": false,
                          "Relation Name": "catalog_sales",
                          "Alias": "catalog_sales",
                          "Startup Cost": 0.0,
                          "Total Cost": 517695.61,
                          "Plan Rows": 14401261,
                          "Plan Width": 8,
                          "parent": 26,
                          "ID": 27
                        },
                        {
                          "Node Type": "Hash",
                          "Parent Relationship": "Inner",
                          "Parallel Aware": false,
                          "Async Capable": false,
                          "Startup Cost": 2683.36,
                          "Total Cost": 2683.36,
                          "Plan Rows": 91,
                          "Plan Width": 4,
                          "Plans": [
                            {
                              "Node Type": "Seq Scan",
                              "Parent Relationship": "Outer",
                              "Parallel Aware": false,
                              "Async Capable": false,
                              "Relation Name": "date_dim",
                              "Alias": "date_dim_2",
                              "Startup Cost": 0.0,
                              "Total Cost": 2683.36,
                              "Plan Rows": 91,
                              "Plan Width": 4,
                              "Filter": "((d_moy >= 4) AND (d_moy <= 6) AND (d_year = 2002))",
                              "parent": 28,
                              "ID": 29
                            }
                          ],
                          "parent": 26,
                          "ID": 28,
                          "left": 29
                        }
                      ],
                      "parent": 25,
                      "ID": 26,
                      "left": 27,
                      "right": 28
                    }
                  ],
                  "parent": 2,
                  "ID": 25,
                  "left": 26
                }
              ],
              "parent": 1,
              "ID": 2,
              "left": 3,
              "right": 25
            }
          ],
          "parent": 0,
          "ID": 1,
          "left": 2
        }
      ],
      "parent": null,
      "ID": 0,
      "left": 1
    },
    "feat": {
      "utility": 0.003276175246571943,
      "query_shape": [
        [
          "Seq Scan",
          "Hash Join",
          "Sort",
          "Gather Merge",
          "Nested Loop",
          "Aggregate"
        ],
        [
          "Seq Scan",
          "Hash Join",
          "Hash",
          "Sort",
          "Gather Merge",
          "Nested Loop",
          "Aggregate"
        ],
        [
          "Seq Scan",
          "Hash Join",
          "Hash",
          "Sort",
          "Gather Merge",
          "Nested Loop",
          "Aggregate"
        ],
        [
          "Seq Scan",
          "Hash",
          "Hash Join",
          "Sort",
          "Gather Merge",
          "Nested Loop",
          "Aggregate"
        ],
        [
          "Seq Scan",
          "Hash",
          "Hash Join",
          "Sort",
          "Gather Merge",
          "Nested Loop",
          "Aggregate"
        ],
        [
          "Seq Scan",
          "Hash Join",
          "Gather",
          "Materialize",
          "Nested Loop",
          "Aggregate"
        ],
        [
          "Seq Scan",
          "Hash",
          "Hash Join",
          "Gather",
          "Materialize",
          "Nested Loop",
          "Aggregate"
        ],
        [
          "Seq Scan",
          "Hash Join",
          "Materialize",
          "Nested Loop",
          "Aggregate"
        ],
        [
          "Seq Scan",
          "Hash",
          "Hash Join",
          "Materialize",
          "Nested Loop",
          "Aggregate"
        ]
      ],
      "index_shape": [
        "join"
      ],
      "physical_operator": {
        "Nested Loop": [
          0.0073528907778136355
        ]
      }
    }
  },
  {
    "query": "select  \n  cd_gender,\n  cd_marital_status,\n  cd_education_status,\n  count(*) cnt1,\n  cd_purchase_estimate,\n  count(*) cnt2,\n  cd_credit_rating,\n  count(*) cnt3\n from\n  customer c,customer_address ca,customer_demographics\n where\n  c.c_current_addr_sk = ca.ca_address_sk and\n  ca_state in ('WA','WI','TX') and\n  cd_demo_sk = c.c_current_cdemo_sk and \n  exists (select *\n          from store_sales,date_dim\n          where c.c_customer_sk = ss_customer_sk and\n                ss_sold_date_sk = d_date_sk and\n                d_year = 2002 and\n                d_moy between 4 and 4+2) and\n   (not exists (select *\n            from web_sales,date_dim\n            where c.c_customer_sk = ws_bill_customer_sk and\n                  ws_sold_date_sk = d_date_sk and\n                  d_year = 2002 and\n                  d_moy between 4 and 4+2) and\n    not exists (select * \n            from catalog_sales,date_dim\n            where c.c_customer_sk = cs_ship_customer_sk and\n                  cs_sold_date_sk = d_date_sk and\n                  d_year = 2002 and\n                  d_moy between 4 and 4+2))\n group by cd_gender,\n          cd_marital_status,\n          cd_education_status,\n          cd_purchase_estimate,\n          cd_credit_rating\n order by cd_gender,\n          cd_marital_status,\n          cd_education_status,\n          cd_purchase_estimate,\n          cd_credit_rating\n limit 100;\n\n-- end query 51 in stream 2 using template query69.tpl\n",
    "indexes": "store_sales.ss_sold_date_sk",
    "wo plan est": {
      "Node Type": "Limit",
      "Parallel Aware": false,
      "Async Capable": false,
      "Startup Cost": 747810.0,
      "Total Cost": 813030.24,
      "Plan Rows": 100,
      "Plan Width": 64,
      "Plans": [
        {
          "Node Type": "Aggregate",
          "Strategy": "Sorted",
          "Partial Mode": "Simple",
          "Parent Relationship": "Outer",
          "Parallel Aware": false,
          "Async Capable": false,
          "Startup Cost": 747810.0,
          "Total Cost": 2995951.65,
          "Plan Rows": 3447,
          "Plan Width": 64,
          "Group Key": [
            "customer_demographics.cd_gender",
            "customer_demographics.cd_marital_status",
            "customer_demographics.cd_education_status",
            "customer_demographics.cd_purchase_estimate",
            "customer_demographics.cd_credit_rating"
          ],
          "Plans": [
            {
              "Node Type": "Nested Loop",
              "Parent Relationship": "Outer",
              "Parallel Aware": false,
              "Async Capable": false,
              "Join Type": "Anti",
              "Startup Cost": 747810.0,
              "Total Cost": 2995865.48,
              "Plan Rows": 3447,
              "Plan Width": 40,
              "Inner Unique": false,
              "Join Filter": "(c.c_customer_sk = catalog_sales.cs_ship_customer_sk)",
              "Plans": [
                {
                  "Node Type": "Nested Loop",
                  "Parent Relationship": "Outer",
                  "Parallel Aware": false,
                  "Async Capable": false,
                  "Join Type": "Anti",
                  "Startup Cost": 745125.5,
                  "Total Cost": 1464908.87,
                  "Plan Rows": 3574,
                  "Plan Width": 44,
                  "Inner Unique": false,
                  "Join Filter": "(c.c_customer_sk = web_sales.ws_bill_customer_sk)",
                  "Plans": [
                    {
                      "Node Type": "Gather Merge",
                      "Parent Relationship": "Outer",
                      "Parallel Aware": false,
                      "Async Capable": false,
                      "Startup Cost": 741967.85,
                      "Total Cost": 742391.79,
                      "Plan Rows": 3640,
                      "Plan Width": 44,
                      "Workers Planned": 2,
                      "Plans": [
                        {
                          "Node Type": "Sort",
                          "Parent Relationship": "Outer",
                          "Parallel Aware": false,
                          "Async Capable": false,
                          "Startup Cost": 740967.83,
                          "Total Cost": 740971.62,
                          "Plan Rows": 1517,
                          "Plan Width": 44,
                          "Sort Key": [
                            "customer_demographics.cd_gender",
                            "customer_demographics.cd_marital_status",
                            "customer_demographics.cd_education_status",
                            "customer_demographics.cd_purchase_estimate",
                            "customer_demographics.cd_credit_rating"
                          ],
                          "Plans": [
                            {
                              "Node Type": "Hash Join",
                              "Parent Relationship": "Outer",
                              "Parallel Aware": true,
                              "Async Capable": false,
                              "Join Type": "Inner",
                              "Startup Cost": 708048.78,
                              "Total Cost": 740887.68,
                              "Plan Rows": 1517,
                              "Plan Width": 44,
                              "Inner Unique": false,
                              "Hash Cond": "(customer_demographics.cd_demo_sk = c.c_current_cdemo_sk)",
                              "Plans": [
                                {
                                  "Node Type": "Seq Scan",
                                  "Parent Relationship": "Outer",
                                  "Parallel Aware": true,
                                  "Async Capable": false,
                                  "Relation Name": "customer_demographics",
                                  "Alias": "customer_demographics",
                                  "Startup Cost": 0.0,
                                  "Total Cost": 29831.33,
                                  "Plan Rows": 800333,
                                  "Plan Width": 44,
                                  "parent": 6,
                                  "ID": 7
                                },
                                {
                                  "Node Type": "Hash",
                                  "Parent Relationship": "Inner",
                                  "Parallel Aware": true,
                                  "Async Capable": false,
                                  "Startup Cost": 708029.15,
                                  "Total Cost": 708029.15,
                                  "Plan Rows": 1570,
                                  "Plan Width": 8,
                                  "Plans": [
                                    {
                                      "Node Type": "Hash Join",
                                      "Parent Relationship": "Outer",
                                      "Parallel Aware": true,
                                      "Async Capable": false,
                                      "Join Type": "Inner",
                                      "Startup Cost": 691354.87,
                                      "Total Cost": 708029.15,
                                      "Plan Rows": 1570,
                                      "Plan Width": 8,
                                      "Inner Unique": false,
                                      "Hash Cond": "(c.c_current_addr_sk = ca.ca_address_sk)",
                                      "Plans": [
                                        {
                                          "Node Type": "Hash Join",
                                          "Parent Relationship": "Outer",
                                          "Parallel Aware": true,
                                          "Async Capable": false,
                                          "Join Type": "Semi",
                                          "Startup Cost": 684337.4,
                                          "Total Cost": 700954.09,
                                          "Plan Rows": 13615,
                                          "Plan Width": 12,
                                          "Inner Unique": false,
                                          "Hash Cond": "(c.c_customer_sk = store_sales.ss_customer_sk)",
                                          "Plans": [
                                            {
                                              "Node Type": "Seq Scan",
                                              "Parent Relationship": "Outer",
                                              "Parallel Aware": true,
                                              "Async Capable": false,
                                              "Relation Name": "customer",
                                              "Alias": "c",
                                              "Startup Cost": 0.0,
                                              "Total Cost": 15918.33,
                                              "Plan Rows": 208333,
                                              "Plan Width": 12,
                                              "parent": 10,
                                              "ID": 11
                                            },
                                            {
                                              "Node Type": "Hash",
                                              "Parent Relationship": "Inner",
                                              "Parallel Aware": true,
                                              "Async Capable": false,
                                              "Startup Cost": 684159.07,
                                              "Total Cost": 684159.07,
                                              "Plan Rows": 14267,
                                              "Plan Width": 4,
                                              "Plans": [
                                                {
                                                  "Node Type": "Hash Join",
                                                  "Parent Relationship": "Outer",
                                                  "Parallel Aware": true,
                                                  "Async Capable": false,
                                                  "Join Type": "Inner",
                                                  "Startup Cost": 2157.65,
                                                  "Total Cost": 684159.07,
                                                  "Plan Rows": 14267,
                                                  "Plan Width": 4,
                                                  "Inner Unique": false,
                                                  "Hash Cond": "(store_sales.ss_sold_date_sk = date_dim.d_date_sk)",
                                                  "Plans": [
                                                    {
                                                      "Node Type": "Seq Scan",
                                                      "Parent Relationship": "Outer",
                                                      "Parallel Aware": true,
                                                      "Async Capable": false,
                                                      "Relation Name": "store_sales",
                                                      "Alias": "store_sales",
                                                      "Startup Cost": 0.0,
                                                      "Total Cost": 636914.37,
                                                      "Plan Rows": 12000637,
                                                      "Plan Width": 8,
                                                      "parent": 13,
                                                      "ID": 14
                                                    },
                                                    {
                                                      "Node Type": "Hash",
                                                      "Parent Relationship": "Inner",
                                                      "Parallel Aware": true,
                                                      "Async Capable": false,
                                                      "Startup Cost": 2156.97,
                                                      "Total Cost": 2156.97,
                                                      "Plan Rows": 54,
                                                      "Plan Width": 4,
                                                      "Plans": [
                                                        {
                                                          "Node Type": "Seq Scan",
                                                          "Parent Relationship": "Outer",
                                                          "Parallel Aware": true,
                                                          "Async Capable": false,
                                                          "Relation Name": "date_dim",
                                                          "Alias": "date_dim",
                                                          "Startup Cost": 0.0,
                                                          "Total Cost": 2156.97,
                                                          "Plan Rows": 54,
                                                          "Plan Width": 4,
                                                          "Filter": "((d_moy >= 4) AND (d_moy <= 6) AND (d_year = 2002))",
                                                          "parent": 15,
                                                          "ID": 16
                                                        }
                                                      ],
                                                      "parent": 13,
                                                      "ID": 15,
                                                      "left": 16
                                                    }
                                                  ],
                                                  "parent": 12,
                                                  "ID": 13,
                                                  "left": 14,
                                                  "right": 15
                                                }
                                              ],
                                              "parent": 10,
                                              "ID": 12,
                                              "left": 13
                                            }
                                          ],
                                          "parent": 9,
                                          "ID": 10,
                                          "left": 11,
                                          "right": 12
                                        },
                                        {
                                          "Node Type": "Hash",
                                          "Parent Relationship": "Inner",
                                          "Parallel Aware": true,
                                          "Async Capable": false,
                                          "Startup Cost": 6867.29,
                                          "Total Cost": 6867.29,
                                          "Plan Rows": 12014,
                                          "Plan Width": 4,
                                          "Plans": [
                                            {
                                              "Node Type": "Seq Scan",
                                              "Parent Relationship": "Outer",
                                              "Parallel Aware": true,
                                              "Async Capable": false,
                                              "Relation Name": "customer_address",
                                              "Alias": "ca",
                                              "Startup Cost": 0.0,
                                              "Total Cost": 6867.29,
                                              "Plan Rows": 12014,
                                              "Plan Width": 4,
                                              "Filter": "(ca_state = ANY ('{WA,WI,TX}'::bpchar[]))",
                                              "parent": 17,
                                              "ID": 18
                                            }
                                          ],
                                          "parent": 9,
                                          "ID": 17,
                                          "left": 18
                                        }
                                      ],
                                      "parent": 8,
                                      "ID": 9,
                                      "left": 10,
                                      "right": 17
                                    }
                                  ],
                                  "parent": 6,
                                  "ID": 8,
                                  "left": 9
                                }
                              ],
                              "parent": 5,
                              "ID": 6,
                              "left": 7,
                              "right": 8
                            }
                          ],
                          "parent": 4,
                          "ID": 5,
                          "left": 6
                        }
                      ],
                      "parent": 3,
                      "ID": 4,
                      "left": 5
                    },
                    {
                      "Node Type": "Materialize",
                      "Parent Relationship": "Inner",
                      "Parallel Aware": false,
                      "Async Capable": false,
                      "Startup Cost": 3157.65,
                      "Total Cost": 233105.09,
                      "Plan Rows": 8964,
                      "Plan Width": 4,
                      "Plans": [
                        {
                          "Node Type": "Gather",
                          "Parent Relationship": "Outer",
                          "Parallel Aware": false,
                          "Async Capable": false,
                          "Startup Cost": 3157.65,
                          "Total Cost": 233060.27,
                          "Plan Rows": 8964,
                          "Plan Width": 4,
                          "Workers Planned": 2,
                          "Single Copy": false,
                          "Plans": [
                            {
                              "Node Type": "Hash Join",
                              "Parent Relationship": "Outer",
                              "Parallel Aware": true,
                              "Async Capable": false,
                              "Join Type": "Inner",
                              "Startup Cost": 2157.65,
                              "Total Cost": 231163.87,
                              "Plan Rows": 3735,
                              "Plan Width": 4,
                              "Inner Unique": false,
                              "Hash Cond": "(web_sales.ws_sold_date_sk = date_dim_1.d_date_sk)",
                              "Plans": [
                                {
                                  "Node Type": "Seq Scan",
                                  "Parent Relationship": "Outer",
                                  "Parallel Aware": true,
                                  "Async Capable": false,
                                  "Relation Name": "web_sales",
                                  "Alias": "web_sales",
                                  "Startup Cost": 0.0,
                                  "Total Cost": 217737.86,
                                  "Plan Rows": 2998986,
                                  "Plan Width": 8,
                                  "parent": 21,
                                  "ID": 22
                                },
                                {
                                  "Node Type": "Hash",
                                  "Parent Relationship": "Inner",
                                  "Parallel Aware": true,
                                  "Async Capable": false,
                                  "Startup Cost": 2156.97,
                                  "Total Cost": 2156.97,
                                  "Plan Rows": 54,
                                  "Plan Width": 4,
                                  "Plans": [
                                    {
                                      "Node Type": "Seq Scan",
                                      "Parent Relationship": "Outer",
                                      "Parallel Aware": true,
                                      "Async Capable": false,
                                      "Relation Name": "date_dim",
                                      "Alias": "date_dim_1",
                                      "Startup Cost": 0.0,
                                      "Total Cost": 2156.97,
                                      "Plan Rows": 54,
                                      "Plan Width": 4,
                                      "Filter": "((d_moy >= 4) AND (d_moy <= 6) AND (d_year = 2002))",
                                      "parent": 23,
                                      "ID": 24
                                    }
                                  ],
                                  "parent": 21,
                                  "ID": 23,
                                  "left": 24
                                }
                              ],
                              "parent": 20,
                              "ID": 21,
                              "left": 22,
                              "right": 23
                            }
                          ],
                          "parent": 19,
                          "ID": 20,
                          "left": 21
                        }
                      ],
                      "parent": 3,
                      "ID": 19,
                      "left": 20
                    }
                  ],
                  "parent": 2,
                  "ID": 3,
                  "left": 4,
                  "right": 19
                },
                {
                  "Node Type": "Materialize",
                  "Parent Relationship": "Inner",
                  "Parallel Aware": false,
                  "Async Capable": false,
                  "Startup Cost": 2684.49,
                  "Total Cost": 574652.42,
                  "Plan Rows": 17839,
                  "Plan Width": 4,
                  "Plans": [
                    {
                      "Node Type": "Hash Join",
                      "Parent Relationship": "Outer",
                      "Parallel Aware": false,
                      "Async Capable": false,
                      "Join Type": "Inner",
                      "Startup Cost": 2684.49,
                      "Total Cost": 574563.22,
                      "Plan Rows": 17839,
                      "Plan Width": 4,
                      "Inner Unique": false,
                      "Hash Cond": "(catalog_sales.cs_sold_date_sk = date_dim_2.d_date_sk)",
                      "Plans": [
                        {
                          "Node Type": "Seq Scan",
                          "Parent Relationship": "Outer",
                          "Parallel Aware": false,
                          "Async Capable": false,
                          "Relation Name": "catalog_sales",
                          "Alias": "catalog_sales",
                          "Startup Cost": 0.0,
                          "Total Cost": 517695.61,
                          "Plan Rows": 14401261,
                          "Plan Width": 8,
                          "parent": 26,
                          "ID": 27
                        },
                        {
                          "Node Type": "Hash",
                          "Parent Relationship": "Inner",
                          "Parallel Aware": false,
                          "Async Capable": false,
                          "Startup Cost": 2683.36,
                          "Total Cost": 2683.36,
                          "Plan Rows": 91,
                          "Plan Width": 4,
                          "Plans": [
                            {
                              "Node Type": "Seq Scan",
                              "Parent Relationship": "Outer",
                              "Parallel Aware": false,
                              "Async Capable": false,
                              "Relation Name": "date_dim",
                              "Alias": "date_dim_2",
                              "Startup Cost": 0.0,
                              "Total Cost": 2683.36,
                              "Plan Rows": 91,
                              "Plan Width": 4,
                              "Filter": "((d_moy >= 4) AND (d_moy <= 6) AND (d_year = 2002))",
                              "parent": 28,
                              "ID": 29
                            }
                          ],
                          "parent": 26,
                          "ID": 28,
                          "left": 29
                        }
                      ],
                      "parent": 25,
                      "ID": 26,
                      "left": 27,
                      "right": 28
                    }
                  ],
                  "parent": 2,
                  "ID": 25,
                  "left": 26
                }
              ],
              "parent": 1,
              "ID": 2,
              "left": 3,
              "right": 25
            }
          ],
          "parent": 0,
          "ID": 1,
          "left": 2
        }
      ],
      "parent": null,
      "ID": 0,
      "left": 1
    },
    "feat": {
      "utility": 0.003284957033499185,
      "query_shape": [
        [
          "Seq Scan",
          "Hash Join",
          "Sort",
          "Gather Merge",
          "Nested Loop",
          "Aggregate"
        ],
        [
          "Seq Scan",
          "Hash Join",
          "Hash",
          "Sort",
          "Gather Merge",
          "Nested Loop",
          "Aggregate"
        ],
        [
          "Seq Scan",
          "Hash Join",
          "Hash",
          "Sort",
          "Gather Merge",
          "Nested Loop",
          "Aggregate"
        ],
        [
          "Seq Scan",
          "Hash",
          "Hash Join",
          "Sort",
          "Gather Merge",
          "Nested Loop",
          "Aggregate"
        ],
        [
          "Seq Scan",
          "Hash",
          "Hash Join",
          "Sort",
          "Gather Merge",
          "Nested Loop",
          "Aggregate"
        ],
        [
          "Seq Scan",
          "Hash Join",
          "Gather",
          "Materialize",
          "Nested Loop",
          "Aggregate"
        ],
        [
          "Seq Scan",
          "Hash",
          "Hash Join",
          "Gather",
          "Materialize",
          "Nested Loop",
          "Aggregate"
        ],
        [
          "Seq Scan",
          "Hash Join",
          "Materialize",
          "Nested Loop",
          "Aggregate"
        ],
        [
          "Seq Scan",
          "Hash",
          "Hash Join",
          "Materialize",
          "Nested Loop",
          "Aggregate"
        ]
      ],
      "index_shape": [
        "join"
      ],
      "physical_operator": {
        "Hash Join": [
          0.00469210045035693
        ]
      }
    }
  },
  {
    "query": "select  \n  cd_gender,\n  cd_marital_status,\n  cd_education_status,\n  count(*) cnt1,\n  cd_purchase_estimate,\n  count(*) cnt2,\n  cd_credit_rating,\n  count(*) cnt3\n from\n  customer c,customer_address ca,customer_demographics\n where\n  c.c_current_addr_sk = ca.ca_address_sk and\n  ca_state in ('WA','WI','TX') and\n  cd_demo_sk = c.c_current_cdemo_sk and \n  exists (select *\n          from store_sales,date_dim\n          where c.c_customer_sk = ss_customer_sk and\n                ss_sold_date_sk = d_date_sk and\n                d_year = 2002 and\n                d_moy between 4 and 4+2) and\n   (not exists (select *\n            from web_sales,date_dim\n            where c.c_customer_sk = ws_bill_customer_sk and\n                  ws_sold_date_sk = d_date_sk and\n                  d_year = 2002 and\n                  d_moy between 4 and 4+2) and\n    not exists (select * \n            from catalog_sales,date_dim\n            where c.c_customer_sk = cs_ship_customer_sk and\n                  cs_sold_date_sk = d_date_sk and\n                  d_year = 2002 and\n                  d_moy between 4 and 4+2))\n group by cd_gender,\n          cd_marital_status,\n          cd_education_status,\n          cd_purchase_estimate,\n          cd_credit_rating\n order by cd_gender,\n          cd_marital_status,\n          cd_education_status,\n          cd_purchase_estimate,\n          cd_credit_rating\n limit 100;\n\n-- end query 51 in stream 2 using template query69.tpl\n",
    "indexes": "store_sales.ss_customer_sk",
    "wo plan est": {
      "Node Type": "Limit",
      "Parallel Aware": false,
      "Async Capable": false,
      "Startup Cost": 747810.0,
      "Total Cost": 813030.24,
      "Plan Rows": 100,
      "Plan Width": 64,
      "Plans": [
        {
          "Node Type": "Aggregate",
          "Strategy": "Sorted",
          "Partial Mode": "Simple",
          "Parent Relationship": "Outer",
          "Parallel Aware": false,
          "Async Capable": false,
          "Startup Cost": 747810.0,
          "Total Cost": 2995951.65,
          "Plan Rows": 3447,
          "Plan Width": 64,
          "Group Key": [
            "customer_demographics.cd_gender",
            "customer_demographics.cd_marital_status",
            "customer_demographics.cd_education_status",
            "customer_demographics.cd_purchase_estimate",
            "customer_demographics.cd_credit_rating"
          ],
          "Plans": [
            {
              "Node Type": "Nested Loop",
              "Parent Relationship": "Outer",
              "Parallel Aware": false,
              "Async Capable": false,
              "Join Type": "Anti",
              "Startup Cost": 747810.0,
              "Total Cost": 2995865.48,
              "Plan Rows": 3447,
              "Plan Width": 40,
              "Inner Unique": false,
              "Join Filter": "(c.c_customer_sk = catalog_sales.cs_ship_customer_sk)",
              "Plans": [
                {
                  "Node Type": "Nested Loop",
                  "Parent Relationship": "Outer",
                  "Parallel Aware": false,
                  "Async Capable": false,
                  "Join Type": "Anti",
                  "Startup Cost": 745125.5,
                  "Total Cost": 1464908.87,
                  "Plan Rows": 3574,
                  "Plan Width": 44,
                  "Inner Unique": false,
                  "Join Filter": "(c.c_customer_sk = web_sales.ws_bill_customer_sk)",
                  "Plans": [
                    {
                      "Node Type": "Gather Merge",
                      "Parent Relationship": "Outer",
                      "Parallel Aware": false,
                      "Async Capable": false,
                      "Startup Cost": 741967.85,
                      "Total Cost": 742391.79,
                      "Plan Rows": 3640,
                      "Plan Width": 44,
                      "Workers Planned": 2,
                      "Plans": [
                        {
                          "Node Type": "Sort",
                          "Parent Relationship": "Outer",
                          "Parallel Aware": false,
                          "Async Capable": false,
                          "Startup Cost": 740967.83,
                          "Total Cost": 740971.62,
                          "Plan Rows": 1517,
                          "Plan Width": 44,
                          "Sort Key": [
                            "customer_demographics.cd_gender",
                            "customer_demographics.cd_marital_status",
                            "customer_demographics.cd_education_status",
                            "customer_demographics.cd_purchase_estimate",
                            "customer_demographics.cd_credit_rating"
                          ],
                          "Plans": [
                            {
                              "Node Type": "Hash Join",
                              "Parent Relationship": "Outer",
                              "Parallel Aware": true,
                              "Async Capable": false,
                              "Join Type": "Inner",
                              "Startup Cost": 708048.78,
                              "Total Cost": 740887.68,
                              "Plan Rows": 1517,
                              "Plan Width": 44,
                              "Inner Unique": false,
                              "Hash Cond": "(customer_demographics.cd_demo_sk = c.c_current_cdemo_sk)",
                              "Plans": [
                                {
                                  "Node Type": "Seq Scan",
                                  "Parent Relationship": "Outer",
                                  "Parallel Aware": true,
                                  "Async Capable": false,
                                  "Relation Name": "customer_demographics",
                                  "Alias": "customer_demographics",
                                  "Startup Cost": 0.0,
                                  "Total Cost": 29831.33,
                                  "Plan Rows": 800333,
                                  "Plan Width": 44,
                                  "parent": 6,
                                  "ID": 7
                                },
                                {
                                  "Node Type": "Hash",
                                  "Parent Relationship": "Inner",
                                  "Parallel Aware": true,
                                  "Async Capable": false,
                                  "Startup Cost": 708029.15,
                                  "Total Cost": 708029.15,
                                  "Plan Rows": 1570,
                                  "Plan Width": 8,
                                  "Plans": [
                                    {
                                      "Node Type": "Hash Join",
                                      "Parent Relationship": "Outer",
                                      "Parallel Aware": true,
                                      "Async Capable": false,
                                      "Join Type": "Inner",
                                      "Startup Cost": 691354.87,
                                      "Total Cost": 708029.15,
                                      "Plan Rows": 1570,
                                      "Plan Width": 8,
                                      "Inner Unique": false,
                                      "Hash Cond": "(c.c_current_addr_sk = ca.ca_address_sk)",
                                      "Plans": [
                                        {
                                          "Node Type": "Hash Join",
                                          "Parent Relationship": "Outer",
                                          "Parallel Aware": true,
                                          "Async Capable": false,
                                          "Join Type": "Semi",
                                          "Startup Cost": 684337.4,
                                          "Total Cost": 700954.09,
                                          "Plan Rows": 13615,
                                          "Plan Width": 12,
                                          "Inner Unique": false,
                                          "Hash Cond": "(c.c_customer_sk = store_sales.ss_customer_sk)",
                                          "Plans": [
                                            {
                                              "Node Type": "Seq Scan",
                                              "Parent Relationship": "Outer",
                                              "Parallel Aware": true,
                                              "Async Capable": false,
                                              "Relation Name": "customer",
                                              "Alias": "c",
                                              "Startup Cost": 0.0,
                                              "Total Cost": 15918.33,
                                              "Plan Rows": 208333,
                                              "Plan Width": 12,
                                              "parent": 10,
                                              "ID": 11
                                            },
                                            {
                                              "Node Type": "Hash",
                                              "Parent Relationship": "Inner",
                                              "Parallel Aware": true,
                                              "Async Capable": false,
                                              "Startup Cost": 684159.07,
                                              "Total Cost": 684159.07,
                                              "Plan Rows": 14267,
                                              "Plan Width": 4,
                                              "Plans": [
                                                {
                                                  "Node Type": "Hash Join",
                                                  "Parent Relationship": "Outer",
                                                  "Parallel Aware": true,
                                                  "Async Capable": false,
                                                  "Join Type": "Inner",
                                                  "Startup Cost": 2157.65,
                                                  "Total Cost": 684159.07,
                                                  "Plan Rows": 14267,
                                                  "Plan Width": 4,
                                                  "Inner Unique": false,
                                                  "Hash Cond": "(store_sales.ss_sold_date_sk = date_dim.d_date_sk)",
                                                  "Plans": [
                                                    {
                                                      "Node Type": "Seq Scan",
                                                      "Parent Relationship": "Outer",
                                                      "Parallel Aware": true,
                                                      "Async Capable": false,
                                                      "Relation Name": "store_sales",
                                                      "Alias": "store_sales",
                                                      "Startup Cost": 0.0,
                                                      "Total Cost": 636914.37,
                                                      "Plan Rows": 12000637,
                                                      "Plan Width": 8,
                                                      "parent": 13,
                                                      "ID": 14
                                                    },
                                                    {
                                                      "Node Type": "Hash",
                                                      "Parent Relationship": "Inner",
                                                      "Parallel Aware": true,
                                                      "Async Capable": false,
                                                      "Startup Cost": 2156.97,
                                                      "Total Cost": 2156.97,
                                                      "Plan Rows": 54,
                                                      "Plan Width": 4,
                                                      "Plans": [
                                                        {
                                                          "Node Type": "Seq Scan",
                                                          "Parent Relationship": "Outer",
                                                          "Parallel Aware": true,
                                                          "Async Capable": false,
                                                          "Relation Name": "date_dim",
                                                          "Alias": "date_dim",
                                                          "Startup Cost": 0.0,
                                                          "Total Cost": 2156.97,
                                                          "Plan Rows": 54,
                                                          "Plan Width": 4,
                                                          "Filter": "((d_moy >= 4) AND (d_moy <= 6) AND (d_year = 2002))",
                                                          "parent": 15,
                                                          "ID": 16
                                                        }
                                                      ],
                                                      "parent": 13,
                                                      "ID": 15,
                                                      "left": 16
                                                    }
                                                  ],
                                                  "parent": 12,
                                                  "ID": 13,
                                                  "left": 14,
                                                  "right": 15
                                                }
                                              ],
                                              "parent": 10,
                                              "ID": 12,
                                              "left": 13
                                            }
                                          ],
                                          "parent": 9,
                                          "ID": 10,
                                          "left": 11,
                                          "right": 12
                                        },
                                        {
                                          "Node Type": "Hash",
                                          "Parent Relationship": "Inner",
                                          "Parallel Aware": true,
                                          "Async Capable": false,
                                          "Startup Cost": 6867.29,
                                          "Total Cost": 6867.29,
                                          "Plan Rows": 12014,
                                          "Plan Width": 4,
                                          "Plans": [
                                            {
                                              "Node Type": "Seq Scan",
                                              "Parent Relationship": "Outer",
                                              "Parallel Aware": true,
                                              "Async Capable": false,
                                              "Relation Name": "customer_address",
                                              "Alias": "ca",
                                              "Startup Cost": 0.0,
                                              "Total Cost": 6867.29,
                                              "Plan Rows": 12014,
                                              "Plan Width": 4,
                                              "Filter": "(ca_state = ANY ('{WA,WI,TX}'::bpchar[]))",
                                              "parent": 17,
                                              "ID": 18
                                            }
                                          ],
                                          "parent": 9,
                                          "ID": 17,
                                          "left": 18
                                        }
                                      ],
                                      "parent": 8,
                                      "ID": 9,
                                      "left": 10,
                                      "right": 17
                                    }
                                  ],
                                  "parent": 6,
                                  "ID": 8,
                                  "left": 9
                                }
                              ],
                              "parent": 5,
                              "ID": 6,
                              "left": 7,
                              "right": 8
                            }
                          ],
                          "parent": 4,
                          "ID": 5,
                          "left": 6
                        }
                      ],
                      "parent": 3,
                      "ID": 4,
                      "left": 5
                    },
                    {
                      "Node Type": "Materialize",
                      "Parent Relationship": "Inner",
                      "Parallel Aware": false,
                      "Async Capable": false,
                      "Startup Cost": 3157.65,
                      "Total Cost": 233105.09,
                      "Plan Rows": 8964,
                      "Plan Width": 4,
                      "Plans": [
                        {
                          "Node Type": "Gather",
                          "Parent Relationship": "Outer",
                          "Parallel Aware": false,
                          "Async Capable": false,
                          "Startup Cost": 3157.65,
                          "Total Cost": 233060.27,
                          "Plan Rows": 8964,
                          "Plan Width": 4,
                          "Workers Planned": 2,
                          "Single Copy": false,
                          "Plans": [
                            {
                              "Node Type": "Hash Join",
                              "Parent Relationship": "Outer",
                              "Parallel Aware": true,
                              "Async Capable": false,
                              "Join Type": "Inner",
                              "Startup Cost": 2157.65,
                              "Total Cost": 231163.87,
                              "Plan Rows": 3735,
                              "Plan Width": 4,
                              "Inner Unique": false,
                              "Hash Cond": "(web_sales.ws_sold_date_sk = date_dim_1.d_date_sk)",
                              "Plans": [
                                {
                                  "Node Type": "Seq Scan",
                                  "Parent Relationship": "Outer",
                                  "Parallel Aware": true,
                                  "Async Capable": false,
                                  "Relation Name": "web_sales",
                                  "Alias": "web_sales",
                                  "Startup Cost": 0.0,
                                  "Total Cost": 217737.86,
                                  "Plan Rows": 2998986,
                                  "Plan Width": 8,
                                  "parent": 21,
                                  "ID": 22
                                },
                                {
                                  "Node Type": "Hash",
                                  "Parent Relationship": "Inner",
                                  "Parallel Aware": true,
                                  "Async Capable": false,
                                  "Startup Cost": 2156.97,
                                  "Total Cost": 2156.97,
                                  "Plan Rows": 54,
                                  "Plan Width": 4,
                                  "Plans": [
                                    {
                                      "Node Type": "Seq Scan",
                                      "Parent Relationship": "Outer",
                                      "Parallel Aware": true,
                                      "Async Capable": false,
                                      "Relation Name": "date_dim",
                                      "Alias": "date_dim_1",
                                      "Startup Cost": 0.0,
                                      "Total Cost": 2156.97,
                                      "Plan Rows": 54,
                                      "Plan Width": 4,
                                      "Filter": "((d_moy >= 4) AND (d_moy <= 6) AND (d_year = 2002))",
                                      "parent": 23,
                                      "ID": 24
                                    }
                                  ],
                                  "parent": 21,
                                  "ID": 23,
                                  "left": 24
                                }
                              ],
                              "parent": 20,
                              "ID": 21,
                              "left": 22,
                              "right": 23
                            }
                          ],
                          "parent": 19,
                          "ID": 20,
                          "left": 21
                        }
                      ],
                      "parent": 3,
                      "ID": 19,
                      "left": 20
                    }
                  ],
                  "parent": 2,
                  "ID": 3,
                  "left": 4,
                  "right": 19
                },
                {
                  "Node Type": "Materialize",
                  "Parent Relationship": "Inner",
                  "Parallel Aware": false,
                  "Async Capable": false,
                  "Startup Cost": 2684.49,
                  "Total Cost": 574652.42,
                  "Plan Rows": 17839,
                  "Plan Width": 4,
                  "Plans": [
                    {
                      "Node Type": "Hash Join",
                      "Parent Relationship": "Outer",
                      "Parallel Aware": false,
                      "Async Capable": false,
                      "Join Type": "Inner",
                      "Startup Cost": 2684.49,
                      "Total Cost": 574563.22,
                      "Plan Rows": 17839,
                      "Plan Width": 4,
                      "Inner Unique": false,
                      "Hash Cond": "(catalog_sales.cs_sold_date_sk = date_dim_2.d_date_sk)",
                      "Plans": [
                        {
                          "Node Type": "Seq Scan",
                          "Parent Relationship": "Outer",
                          "Parallel Aware": false,
                          "Async Capable": false,
                          "Relation Name": "catalog_sales",
                          "Alias": "catalog_sales",
                          "Startup Cost": 0.0,
                          "Total Cost": 517695.61,
                          "Plan Rows": 14401261,
                          "Plan Width": 8,
                          "parent": 26,
                          "ID": 27
                        },
                        {
                          "Node Type": "Hash",
                          "Parent Relationship": "Inner",
                          "Parallel Aware": false,
                          "Async Capable": false,
                          "Startup Cost": 2683.36,
                          "Total Cost": 2683.36,
                          "Plan Rows": 91,
                          "Plan Width": 4,
                          "Plans": [
                            {
                              "Node Type": "Seq Scan",
                              "Parent Relationship": "Outer",
                              "Parallel Aware": false,
                              "Async Capable": false,
                              "Relation Name": "date_dim",
                              "Alias": "date_dim_2",
                              "Startup Cost": 0.0,
                              "Total Cost": 2683.36,
                              "Plan Rows": 91,
                              "Plan Width": 4,
                              "Filter": "((d_moy >= 4) AND (d_moy <= 6) AND (d_year = 2002))",
                              "parent": 28,
                              "ID": 29
                            }
                          ],
                          "parent": 26,
                          "ID": 28,
                          "left": 29
                        }
                      ],
                      "parent": 25,
                      "ID": 26,
                      "left": 27,
                      "right": 28
                    }
                  ],
                  "parent": 2,
                  "ID": 25,
                  "left": 26
                }
              ],
              "parent": 1,
              "ID": 2,
              "left": 3,
              "right": 25
            }
          ],
          "parent": 0,
          "ID": 1,
          "left": 2
        }
      ],
      "parent": null,
      "ID": 0,
      "left": 1
    },
    "feat": {
      "utility": 0.003293379287602446,
      "query_shape": [
        [
          "Seq Scan",
          "Hash Join",
          "Sort",
          "Gather Merge",
          "Nested Loop",
          "Aggregate"
        ],
        [
          "Seq Scan",
          "Hash Join",
          "Hash",
          "Sort",
          "Gather Merge",
          "Nested Loop",
          "Aggregate"
        ],
        [
          "Seq Scan",
          "Hash Join",
          "Hash",
          "Sort",
          "Gather Merge",
          "Nested Loop",
          "Aggregate"
        ],
        [
          "Seq Scan",
          "Hash",
          "Hash Join",
          "Sort",
          "Gather Merge",
          "Nested Loop",
          "Aggregate"
        ],
        [
          "Seq Scan",
          "Hash",
          "Hash Join",
          "Sort",
          "Gather Merge",
          "Nested Loop",
          "Aggregate"
        ],
        [
          "Seq Scan",
          "Hash Join",
          "Gather",
          "Materialize",
          "Nested Loop",
          "Aggregate"
        ],
        [
          "Seq Scan",
          "Hash",
          "Hash Join",
          "Gather",
          "Materialize",
          "Nested Loop",
          "Aggregate"
        ],
        [
          "Seq Scan",
          "Hash Join",
          "Materialize",
          "Nested Loop",
          "Aggregate"
        ],
        [
          "Seq Scan",
          "Hash",
          "Hash Join",
          "Materialize",
          "Nested Loop",
          "Aggregate"
        ]
      ],
      "index_shape": [
        "join"
      ],
      "physical_operator": {
        "Hash Join": [
          0.0021402448383944653
        ]
      }
    }
  },
  {
    "query": "select  \n  cd_gender,\n  cd_marital_status,\n  cd_education_status,\n  count(*) cnt1,\n  cd_purchase_estimate,\n  count(*) cnt2,\n  cd_credit_rating,\n  count(*) cnt3\n from\n  customer c,customer_address ca,customer_demographics\n where\n  c.c_current_addr_sk = ca.ca_address_sk and\n  ca_state in ('WA','WI','TX') and\n  cd_demo_sk = c.c_current_cdemo_sk and \n  exists (select *\n          from store_sales,date_dim\n          where c.c_customer_sk = ss_customer_sk and\n                ss_sold_date_sk = d_date_sk and\n                d_year = 2002 and\n                d_moy between 4 and 4+2) and\n   (not exists (select *\n            from web_sales,date_dim\n            where c.c_customer_sk = ws_bill_customer_sk and\n                  ws_sold_date_sk = d_date_sk and\n                  d_year = 2002 and\n                  d_moy between 4 and 4+2) and\n    not exists (select * \n            from catalog_sales,date_dim\n            where c.c_customer_sk = cs_ship_customer_sk and\n                  cs_sold_date_sk = d_date_sk and\n                  d_year = 2002 and\n                  d_moy between 4 and 4+2))\n group by cd_gender,\n          cd_marital_status,\n          cd_education_status,\n          cd_purchase_estimate,\n          cd_credit_rating\n order by cd_gender,\n          cd_marital_status,\n          cd_education_status,\n          cd_purchase_estimate,\n          cd_credit_rating\n limit 100;\n\n-- end query 51 in stream 2 using template query69.tpl\n",
    "indexes": "web_sales.ws_sold_date_sk",
    "wo plan est": {
      "Node Type": "Limit",
      "Parallel Aware": false,
      "Async Capable": false,
      "Startup Cost": 747810.0,
      "Total Cost": 813030.24,
      "Plan Rows": 100,
      "Plan Width": 64,
      "Plans": [
        {
          "Node Type": "Aggregate",
          "Strategy": "Sorted",
          "Partial Mode": "Simple",
          "Parent Relationship": "Outer",
          "Parallel Aware": false,
          "Async Capable": false,
          "Startup Cost": 747810.0,
          "Total Cost": 2995951.65,
          "Plan Rows": 3447,
          "Plan Width": 64,
          "Group Key": [
            "customer_demographics.cd_gender",
            "customer_demographics.cd_marital_status",
            "customer_demographics.cd_education_status",
            "customer_demographics.cd_purchase_estimate",
            "customer_demographics.cd_credit_rating"
          ],
          "Plans": [
            {
              "Node Type": "Nested Loop",
              "Parent Relationship": "Outer",
              "Parallel Aware": false,
              "Async Capable": false,
              "Join Type": "Anti",
              "Startup Cost": 747810.0,
              "Total Cost": 2995865.48,
              "Plan Rows": 3447,
              "Plan Width": 40,
              "Inner Unique": false,
              "Join Filter": "(c.c_customer_sk = catalog_sales.cs_ship_customer_sk)",
              "Plans": [
                {
                  "Node Type": "Nested Loop",
                  "Parent Relationship": "Outer",
                  "Parallel Aware": false,
                  "Async Capable": false,
                  "Join Type": "Anti",
                  "Startup Cost": 745125.5,
                  "Total Cost": 1464908.87,
                  "Plan Rows": 3574,
                  "Plan Width": 44,
                  "Inner Unique": false,
                  "Join Filter": "(c.c_customer_sk = web_sales.ws_bill_customer_sk)",
                  "Plans": [
                    {
                      "Node Type": "Gather Merge",
                      "Parent Relationship": "Outer",
                      "Parallel Aware": false,
                      "Async Capable": false,
                      "Startup Cost": 741967.85,
                      "Total Cost": 742391.79,
                      "Plan Rows": 3640,
                      "Plan Width": 44,
                      "Workers Planned": 2,
                      "Plans": [
                        {
                          "Node Type": "Sort",
                          "Parent Relationship": "Outer",
                          "Parallel Aware": false,
                          "Async Capable": false,
                          "Startup Cost": 740967.83,
                          "Total Cost": 740971.62,
                          "Plan Rows": 1517,
                          "Plan Width": 44,
                          "Sort Key": [
                            "customer_demographics.cd_gender",
                            "customer_demographics.cd_marital_status",
                            "customer_demographics.cd_education_status",
                            "customer_demographics.cd_purchase_estimate",
                            "customer_demographics.cd_credit_rating"
                          ],
                          "Plans": [
                            {
                              "Node Type": "Hash Join",
                              "Parent Relationship": "Outer",
                              "Parallel Aware": true,
                              "Async Capable": false,
                              "Join Type": "Inner",
                              "Startup Cost": 708048.78,
                              "Total Cost": 740887.68,
                              "Plan Rows": 1517,
                              "Plan Width": 44,
                              "Inner Unique": false,
                              "Hash Cond": "(customer_demographics.cd_demo_sk = c.c_current_cdemo_sk)",
                              "Plans": [
                                {
                                  "Node Type": "Seq Scan",
                                  "Parent Relationship": "Outer",
                                  "Parallel Aware": true,
                                  "Async Capable": false,
                                  "Relation Name": "customer_demographics",
                                  "Alias": "customer_demographics",
                                  "Startup Cost": 0.0,
                                  "Total Cost": 29831.33,
                                  "Plan Rows": 800333,
                                  "Plan Width": 44,
                                  "parent": 6,
                                  "ID": 7
                                },
                                {
                                  "Node Type": "Hash",
                                  "Parent Relationship": "Inner",
                                  "Parallel Aware": true,
                                  "Async Capable": false,
                                  "Startup Cost": 708029.15,
                                  "Total Cost": 708029.15,
                                  "Plan Rows": 1570,
                                  "Plan Width": 8,
                                  "Plans": [
                                    {
                                      "Node Type": "Hash Join",
                                      "Parent Relationship": "Outer",
                                      "Parallel Aware": true,
                                      "Async Capable": false,
                                      "Join Type": "Inner",
                                      "Startup Cost": 691354.87,
                                      "Total Cost": 708029.15,
                                      "Plan Rows": 1570,
                                      "Plan Width": 8,
                                      "Inner Unique": false,
                                      "Hash Cond": "(c.c_current_addr_sk = ca.ca_address_sk)",
                                      "Plans": [
                                        {
                                          "Node Type": "Hash Join",
                                          "Parent Relationship": "Outer",
                                          "Parallel Aware": true,
                                          "Async Capable": false,
                                          "Join Type": "Semi",
                                          "Startup Cost": 684337.4,
                                          "Total Cost": 700954.09,
                                          "Plan Rows": 13615,
                                          "Plan Width": 12,
                                          "Inner Unique": false,
                                          "Hash Cond": "(c.c_customer_sk = store_sales.ss_customer_sk)",
                                          "Plans": [
                                            {
                                              "Node Type": "Seq Scan",
                                              "Parent Relationship": "Outer",
                                              "Parallel Aware": true,
                                              "Async Capable": false,
                                              "Relation Name": "customer",
                                              "Alias": "c",
                                              "Startup Cost": 0.0,
                                              "Total Cost": 15918.33,
                                              "Plan Rows": 208333,
                                              "Plan Width": 12,
                                              "parent": 10,
                                              "ID": 11
                                            },
                                            {
                                              "Node Type": "Hash",
                                              "Parent Relationship": "Inner",
                                              "Parallel Aware": true,
                                              "Async Capable": false,
                                              "Startup Cost": 684159.07,
                                              "Total Cost": 684159.07,
                                              "Plan Rows": 14267,
                                              "Plan Width": 4,
                                              "Plans": [
                                                {
                                                  "Node Type": "Hash Join",
                                                  "Parent Relationship": "Outer",
                                                  "Parallel Aware": true,
                                                  "Async Capable": false,
                                                  "Join Type": "Inner",
                                                  "Startup Cost": 2157.65,
                                                  "Total Cost": 684159.07,
                                                  "Plan Rows": 14267,
                                                  "Plan Width": 4,
                                                  "Inner Unique": false,
                                                  "Hash Cond": "(store_sales.ss_sold_date_sk = date_dim.d_date_sk)",
                                                  "Plans": [
                                                    {
                                                      "Node Type": "Seq Scan",
                                                      "Parent Relationship": "Outer",
                                                      "Parallel Aware": true,
                                                      "Async Capable": false,
                                                      "Relation Name": "store_sales",
                                                      "Alias": "store_sales",
                                                      "Startup Cost": 0.0,
                                                      "Total Cost": 636914.37,
                                                      "Plan Rows": 12000637,
                                                      "Plan Width": 8,
                                                      "parent": 13,
                                                      "ID": 14
                                                    },
                                                    {
                                                      "Node Type": "Hash",
                                                      "Parent Relationship": "Inner",
                                                      "Parallel Aware": true,
                                                      "Async Capable": false,
                                                      "Startup Cost": 2156.97,
                                                      "Total Cost": 2156.97,
                                                      "Plan Rows": 54,
                                                      "Plan Width": 4,
                                                      "Plans": [
                                                        {
                                                          "Node Type": "Seq Scan",
                                                          "Parent Relationship": "Outer",
                                                          "Parallel Aware": true,
                                                          "Async Capable": false,
                                                          "Relation Name": "date_dim",
                                                          "Alias": "date_dim",
                                                          "Startup Cost": 0.0,
                                                          "Total Cost": 2156.97,
                                                          "Plan Rows": 54,
                                                          "Plan Width": 4,
                                                          "Filter": "((d_moy >= 4) AND (d_moy <= 6) AND (d_year = 2002))",
                                                          "parent": 15,
                                                          "ID": 16
                                                        }
                                                      ],
                                                      "parent": 13,
                                                      "ID": 15,
                                                      "left": 16
                                                    }
                                                  ],
                                                  "parent": 12,
                                                  "ID": 13,
                                                  "left": 14,
                                                  "right": 15
                                                }
                                              ],
                                              "parent": 10,
                                              "ID": 12,
                                              "left": 13
                                            }
                                          ],
                                          "parent": 9,
                                          "ID": 10,
                                          "left": 11,
                                          "right": 12
                                        },
                                        {
                                          "Node Type": "Hash",
                                          "Parent Relationship": "Inner",
                                          "Parallel Aware": true,
                                          "Async Capable": false,
                                          "Startup Cost": 6867.29,
                                          "Total Cost": 6867.29,
                                          "Plan Rows": 12014,
                                          "Plan Width": 4,
                                          "Plans": [
                                            {
                                              "Node Type": "Seq Scan",
                                              "Parent Relationship": "Outer",
                                              "Parallel Aware": true,
                                              "Async Capable": false,
                                              "Relation Name": "customer_address",
                                              "Alias": "ca",
                                              "Startup Cost": 0.0,
                                              "Total Cost": 6867.29,
                                              "Plan Rows": 12014,
                                              "Plan Width": 4,
                                              "Filter": "(ca_state = ANY ('{WA,WI,TX}'::bpchar[]))",
                                              "parent": 17,
                                              "ID": 18
                                            }
                                          ],
                                          "parent": 9,
                                          "ID": 17,
                                          "left": 18
                                        }
                                      ],
                                      "parent": 8,
                                      "ID": 9,
                                      "left": 10,
                                      "right": 17
                                    }
                                  ],
                                  "parent": 6,
                                  "ID": 8,
                                  "left": 9
                                }
                              ],
                              "parent": 5,
                              "ID": 6,
                              "left": 7,
                              "right": 8
                            }
                          ],
                          "parent": 4,
                          "ID": 5,
                          "left": 6
                        }
                      ],
                      "parent": 3,
                      "ID": 4,
                      "left": 5
                    },
                    {
                      "Node Type": "Materialize",
                      "Parent Relationship": "Inner",
                      "Parallel Aware": false,
                      "Async Capable": false,
                      "Startup Cost": 3157.65,
                      "Total Cost": 233105.09,
                      "Plan Rows": 8964,
                      "Plan Width": 4,
                      "Plans": [
                        {
                          "Node Type": "Gather",
                          "Parent Relationship": "Outer",
                          "Parallel Aware": false,
                          "Async Capable": false,
                          "Startup Cost": 3157.65,
                          "Total Cost": 233060.27,
                          "Plan Rows": 8964,
                          "Plan Width": 4,
                          "Workers Planned": 2,
                          "Single Copy": false,
                          "Plans": [
                            {
                              "Node Type": "Hash Join",
                              "Parent Relationship": "Outer",
                              "Parallel Aware": true,
                              "Async Capable": false,
                              "Join Type": "Inner",
                              "Startup Cost": 2157.65,
                              "Total Cost": 231163.87,
                              "Plan Rows": 3735,
                              "Plan Width": 4,
                              "Inner Unique": false,
                              "Hash Cond": "(web_sales.ws_sold_date_sk = date_dim_1.d_date_sk)",
                              "Plans": [
                                {
                                  "Node Type": "Seq Scan",
                                  "Parent Relationship": "Outer",
                                  "Parallel Aware": true,
                                  "Async Capable": false,
                                  "Relation Name": "web_sales",
                                  "Alias": "web_sales",
                                  "Startup Cost": 0.0,
                                  "Total Cost": 217737.86,
                                  "Plan Rows": 2998986,
                                  "Plan Width": 8,
                                  "parent": 21,
                                  "ID": 22
                                },
                                {
                                  "Node Type": "Hash",
                                  "Parent Relationship": "Inner",
                                  "Parallel Aware": true,
                                  "Async Capable": false,
                                  "Startup Cost": 2156.97,
                                  "Total Cost": 2156.97,
                                  "Plan Rows": 54,
                                  "Plan Width": 4,
                                  "Plans": [
                                    {
                                      "Node Type": "Seq Scan",
                                      "Parent Relationship": "Outer",
                                      "Parallel Aware": true,
                                      "Async Capable": false,
                                      "Relation Name": "date_dim",
                                      "Alias": "date_dim_1",
                                      "Startup Cost": 0.0,
                                      "Total Cost": 2156.97,
                                      "Plan Rows": 54,
                                      "Plan Width": 4,
                                      "Filter": "((d_moy >= 4) AND (d_moy <= 6) AND (d_year = 2002))",
                                      "parent": 23,
                                      "ID": 24
                                    }
                                  ],
                                  "parent": 21,
                                  "ID": 23,
                                  "left": 24
                                }
                              ],
                              "parent": 20,
                              "ID": 21,
                              "left": 22,
                              "right": 23
                            }
                          ],
                          "parent": 19,
                          "ID": 20,
                          "left": 21
                        }
                      ],
                      "parent": 3,
                      "ID": 19,
                      "left": 20
                    }
                  ],
                  "parent": 2,
                  "ID": 3,
                  "left": 4,
                  "right": 19
                },
                {
                  "Node Type": "Materialize",
                  "Parent Relationship": "Inner",
                  "Parallel Aware": false,
                  "Async Capable": false,
                  "Startup Cost": 2684.49,
                  "Total Cost": 574652.42,
                  "Plan Rows": 17839,
                  "Plan Width": 4,
                  "Plans": [
                    {
                      "Node Type": "Hash Join",
                      "Parent Relationship": "Outer",
                      "Parallel Aware": false,
                      "Async Capable": false,
                      "Join Type": "Inner",
                      "Startup Cost": 2684.49,
                      "Total Cost": 574563.22,
                      "Plan Rows": 17839,
                      "Plan Width": 4,
                      "Inner Unique": false,
                      "Hash Cond": "(catalog_sales.cs_sold_date_sk = date_dim_2.d_date_sk)",
                      "Plans": [
                        {
                          "Node Type": "Seq Scan",
                          "Parent Relationship": "Outer",
                          "Parallel Aware": false,
                          "Async Capable": false,
                          "Relation Name": "catalog_sales",
                          "Alias": "catalog_sales",
                          "Startup Cost": 0.0,
                          "Total Cost": 517695.61,
                          "Plan Rows": 14401261,
                          "Plan Width": 8,
                          "parent": 26,
                          "ID": 27
                        },
                        {
                          "Node Type": "Hash",
                          "Parent Relationship": "Inner",
                          "Parallel Aware": false,
                          "Async Capable": false,
                          "Startup Cost": 2683.36,
                          "Total Cost": 2683.36,
                          "Plan Rows": 91,
                          "Plan Width": 4,
                          "Plans": [
                            {
                              "Node Type": "Seq Scan",
                              "Parent Relationship": "Outer",
                              "Parallel Aware": false,
                              "Async Capable": false,
                              "Relation Name": "date_dim",
                              "Alias": "date_dim_2",
                              "Startup Cost": 0.0,
                              "Total Cost": 2683.36,
                              "Plan Rows": 91,
                              "Plan Width": 4,
                              "Filter": "((d_moy >= 4) AND (d_moy <= 6) AND (d_year = 2002))",
                              "parent": 28,
                              "ID": 29
                            }
                          ],
                          "parent": 26,
                          "ID": 28,
                          "left": 29
                        }
                      ],
                      "parent": 25,
                      "ID": 26,
                      "left": 27,
                      "right": 28
                    }
                  ],
                  "parent": 2,
                  "ID": 25,
                  "left": 26
                }
              ],
              "parent": 1,
              "ID": 2,
              "left": 3,
              "right": 25
            }
          ],
          "parent": 0,
          "ID": 1,
          "left": 2
        }
      ],
      "parent": null,
      "ID": 0,
      "left": 1
    },
    "feat": {
      "utility": 0.003284592891241219,
      "query_shape": [
        [
          "Seq Scan",
          "Hash Join",
          "Sort",
          "Gather Merge",
          "Nested Loop",
          "Aggregate"
        ],
        [
          "Seq Scan",
          "Hash Join",
          "Hash",
          "Sort",
          "Gather Merge",
          "Nested Loop",
          "Aggregate"
        ],
        [
          "Seq Scan",
          "Hash Join",
          "Hash",
          "Sort",
          "Gather Merge",
          "Nested Loop",
          "Aggregate"
        ],
        [
          "Seq Scan",
          "Hash",
          "Hash Join",
          "Sort",
          "Gather Merge",
          "Nested Loop",
          "Aggregate"
        ],
        [
          "Seq Scan",
          "Hash",
          "Hash Join",
          "Sort",
          "Gather Merge",
          "Nested Loop",
          "Aggregate"
        ],
        [
          "Seq Scan",
          "Hash Join",
          "Gather",
          "Materialize",
          "Nested Loop",
          "Aggregate"
        ],
        [
          "Seq Scan",
          "Hash",
          "Hash Join",
          "Gather",
          "Materialize",
          "Nested Loop",
          "Aggregate"
        ],
        [
          "Seq Scan",
          "Hash Join",
          "Materialize",
          "Nested Loop",
          "Aggregate"
        ],
        [
          "Seq Scan",
          "Hash",
          "Hash Join",
          "Materialize",
          "Nested Loop",
          "Aggregate"
        ]
      ],
      "index_shape": [
        "join"
      ],
      "physical_operator": {
        "Hash Join": [
          0.004802431776525597
        ]
      }
    }
  },
  {
    "query": "select  \n  cd_gender,\n  cd_marital_status,\n  cd_education_status,\n  count(*) cnt1,\n  cd_purchase_estimate,\n  count(*) cnt2,\n  cd_credit_rating,\n  count(*) cnt3\n from\n  customer c,customer_address ca,customer_demographics\n where\n  c.c_current_addr_sk = ca.ca_address_sk and\n  ca_state in ('WA','WI','TX') and\n  cd_demo_sk = c.c_current_cdemo_sk and \n  exists (select *\n          from store_sales,date_dim\n          where c.c_customer_sk = ss_customer_sk and\n                ss_sold_date_sk = d_date_sk and\n                d_year = 2002 and\n                d_moy between 4 and 4+2) and\n   (not exists (select *\n            from web_sales,date_dim\n            where c.c_customer_sk = ws_bill_customer_sk and\n                  ws_sold_date_sk = d_date_sk and\n                  d_year = 2002 and\n                  d_moy between 4 and 4+2) and\n    not exists (select * \n            from catalog_sales,date_dim\n            where c.c_customer_sk = cs_ship_customer_sk and\n                  cs_sold_date_sk = d_date_sk and\n                  d_year = 2002 and\n                  d_moy between 4 and 4+2))\n group by cd_gender,\n          cd_marital_status,\n          cd_education_status,\n          cd_purchase_estimate,\n          cd_credit_rating\n order by cd_gender,\n          cd_marital_status,\n          cd_education_status,\n          cd_purchase_estimate,\n          cd_credit_rating\n limit 100;\n\n-- end query 51 in stream 2 using template query69.tpl\n",
    "indexes": "web_sales.ws_bill_customer_sk",
    "wo plan est": {
      "Node Type": "Limit",
      "Parallel Aware": false,
      "Async Capable": false,
      "Startup Cost": 747810.0,
      "Total Cost": 813030.24,
      "Plan Rows": 100,
      "Plan Width": 64,
      "Plans": [
        {
          "Node Type": "Aggregate",
          "Strategy": "Sorted",
          "Partial Mode": "Simple",
          "Parent Relationship": "Outer",
          "Parallel Aware": false,
          "Async Capable": false,
          "Startup Cost": 747810.0,
          "Total Cost": 2995951.65,
          "Plan Rows": 3447,
          "Plan Width": 64,
          "Group Key": [
            "customer_demographics.cd_gender",
            "customer_demographics.cd_marital_status",
            "customer_demographics.cd_education_status",
            "customer_demographics.cd_purchase_estimate",
            "customer_demographics.cd_credit_rating"
          ],
          "Plans": [
            {
              "Node Type": "Nested Loop",
              "Parent Relationship": "Outer",
              "Parallel Aware": false,
              "Async Capable": false,
              "Join Type": "Anti",
              "Startup Cost": 747810.0,
              "Total Cost": 2995865.48,
              "Plan Rows": 3447,
              "Plan Width": 40,
              "Inner Unique": false,
              "Join Filter": "(c.c_customer_sk = catalog_sales.cs_ship_customer_sk)",
              "Plans": [
                {
                  "Node Type": "Nested Loop",
                  "Parent Relationship": "Outer",
                  "Parallel Aware": false,
                  "Async Capable": false,
                  "Join Type": "Anti",
                  "Startup Cost": 745125.5,
                  "Total Cost": 1464908.87,
                  "Plan Rows": 3574,
                  "Plan Width": 44,
                  "Inner Unique": false,
                  "Join Filter": "(c.c_customer_sk = web_sales.ws_bill_customer_sk)",
                  "Plans": [
                    {
                      "Node Type": "Gather Merge",
                      "Parent Relationship": "Outer",
                      "Parallel Aware": false,
                      "Async Capable": false,
                      "Startup Cost": 741967.85,
                      "Total Cost": 742391.79,
                      "Plan Rows": 3640,
                      "Plan Width": 44,
                      "Workers Planned": 2,
                      "Plans": [
                        {
                          "Node Type": "Sort",
                          "Parent Relationship": "Outer",
                          "Parallel Aware": false,
                          "Async Capable": false,
                          "Startup Cost": 740967.83,
                          "Total Cost": 740971.62,
                          "Plan Rows": 1517,
                          "Plan Width": 44,
                          "Sort Key": [
                            "customer_demographics.cd_gender",
                            "customer_demographics.cd_marital_status",
                            "customer_demographics.cd_education_status",
                            "customer_demographics.cd_purchase_estimate",
                            "customer_demographics.cd_credit_rating"
                          ],
                          "Plans": [
                            {
                              "Node Type": "Hash Join",
                              "Parent Relationship": "Outer",
                              "Parallel Aware": true,
                              "Async Capable": false,
                              "Join Type": "Inner",
                              "Startup Cost": 708048.78,
                              "Total Cost": 740887.68,
                              "Plan Rows": 1517,
                              "Plan Width": 44,
                              "Inner Unique": false,
                              "Hash Cond": "(customer_demographics.cd_demo_sk = c.c_current_cdemo_sk)",
                              "Plans": [
                                {
                                  "Node Type": "Seq Scan",
                                  "Parent Relationship": "Outer",
                                  "Parallel Aware": true,
                                  "Async Capable": false,
                                  "Relation Name": "customer_demographics",
                                  "Alias": "customer_demographics",
                                  "Startup Cost": 0.0,
                                  "Total Cost": 29831.33,
                                  "Plan Rows": 800333,
                                  "Plan Width": 44,
                                  "parent": 6,
                                  "ID": 7
                                },
                                {
                                  "Node Type": "Hash",
                                  "Parent Relationship": "Inner",
                                  "Parallel Aware": true,
                                  "Async Capable": false,
                                  "Startup Cost": 708029.15,
                                  "Total Cost": 708029.15,
                                  "Plan Rows": 1570,
                                  "Plan Width": 8,
                                  "Plans": [
                                    {
                                      "Node Type": "Hash Join",
                                      "Parent Relationship": "Outer",
                                      "Parallel Aware": true,
                                      "Async Capable": false,
                                      "Join Type": "Inner",
                                      "Startup Cost": 691354.87,
                                      "Total Cost": 708029.15,
                                      "Plan Rows": 1570,
                                      "Plan Width": 8,
                                      "Inner Unique": false,
                                      "Hash Cond": "(c.c_current_addr_sk = ca.ca_address_sk)",
                                      "Plans": [
                                        {
                                          "Node Type": "Hash Join",
                                          "Parent Relationship": "Outer",
                                          "Parallel Aware": true,
                                          "Async Capable": false,
                                          "Join Type": "Semi",
                                          "Startup Cost": 684337.4,
                                          "Total Cost": 700954.09,
                                          "Plan Rows": 13615,
                                          "Plan Width": 12,
                                          "Inner Unique": false,
                                          "Hash Cond": "(c.c_customer_sk = store_sales.ss_customer_sk)",
                                          "Plans": [
                                            {
                                              "Node Type": "Seq Scan",
                                              "Parent Relationship": "Outer",
                                              "Parallel Aware": true,
                                              "Async Capable": false,
                                              "Relation Name": "customer",
                                              "Alias": "c",
                                              "Startup Cost": 0.0,
                                              "Total Cost": 15918.33,
                                              "Plan Rows": 208333,
                                              "Plan Width": 12,
                                              "parent": 10,
                                              "ID": 11
                                            },
                                            {
                                              "Node Type": "Hash",
                                              "Parent Relationship": "Inner",
                                              "Parallel Aware": true,
                                              "Async Capable": false,
                                              "Startup Cost": 684159.07,
                                              "Total Cost": 684159.07,
                                              "Plan Rows": 14267,
                                              "Plan Width": 4,
                                              "Plans": [
                                                {
                                                  "Node Type": "Hash Join",
                                                  "Parent Relationship": "Outer",
                                                  "Parallel Aware": true,
                                                  "Async Capable": false,
                                                  "Join Type": "Inner",
                                                  "Startup Cost": 2157.65,
                                                  "Total Cost": 684159.07,
                                                  "Plan Rows": 14267,
                                                  "Plan Width": 4,
                                                  "Inner Unique": false,
                                                  "Hash Cond": "(store_sales.ss_sold_date_sk = date_dim.d_date_sk)",
                                                  "Plans": [
                                                    {
                                                      "Node Type": "Seq Scan",
                                                      "Parent Relationship": "Outer",
                                                      "Parallel Aware": true,
                                                      "Async Capable": false,
                                                      "Relation Name": "store_sales",
                                                      "Alias": "store_sales",
                                                      "Startup Cost": 0.0,
                                                      "Total Cost": 636914.37,
                                                      "Plan Rows": 12000637,
                                                      "Plan Width": 8,
                                                      "parent": 13,
                                                      "ID": 14
                                                    },
                                                    {
                                                      "Node Type": "Hash",
                                                      "Parent Relationship": "Inner",
                                                      "Parallel Aware": true,
                                                      "Async Capable": false,
                                                      "Startup Cost": 2156.97,
                                                      "Total Cost": 2156.97,
                                                      "Plan Rows": 54,
                                                      "Plan Width": 4,
                                                      "Plans": [
                                                        {
                                                          "Node Type": "Seq Scan",
                                                          "Parent Relationship": "Outer",
                                                          "Parallel Aware": true,
                                                          "Async Capable": false,
                                                          "Relation Name": "date_dim",
                                                          "Alias": "date_dim",
                                                          "Startup Cost": 0.0,
                                                          "Total Cost": 2156.97,
                                                          "Plan Rows": 54,
                                                          "Plan Width": 4,
                                                          "Filter": "((d_moy >= 4) AND (d_moy <= 6) AND (d_year = 2002))",
                                                          "parent": 15,
                                                          "ID": 16
                                                        }
                                                      ],
                                                      "parent": 13,
                                                      "ID": 15,
                                                      "left": 16
                                                    }
                                                  ],
                                                  "parent": 12,
                                                  "ID": 13,
                                                  "left": 14,
                                                  "right": 15
                                                }
                                              ],
                                              "parent": 10,
                                              "ID": 12,
                                              "left": 13
                                            }
                                          ],
                                          "parent": 9,
                                          "ID": 10,
                                          "left": 11,
                                          "right": 12
                                        },
                                        {
                                          "Node Type": "Hash",
                                          "Parent Relationship": "Inner",
                                          "Parallel Aware": true,
                                          "Async Capable": false,
                                          "Startup Cost": 6867.29,
                                          "Total Cost": 6867.29,
                                          "Plan Rows": 12014,
                                          "Plan Width": 4,
                                          "Plans": [
                                            {
                                              "Node Type": "Seq Scan",
                                              "Parent Relationship": "Outer",
                                              "Parallel Aware": true,
                                              "Async Capable": false,
                                              "Relation Name": "customer_address",
                                              "Alias": "ca",
                                              "Startup Cost": 0.0,
                                              "Total Cost": 6867.29,
                                              "Plan Rows": 12014,
                                              "Plan Width": 4,
                                              "Filter": "(ca_state = ANY ('{WA,WI,TX}'::bpchar[]))",
                                              "parent": 17,
                                              "ID": 18
                                            }
                                          ],
                                          "parent": 9,
                                          "ID": 17,
                                          "left": 18
                                        }
                                      ],
                                      "parent": 8,
                                      "ID": 9,
                                      "left": 10,
                                      "right": 17
                                    }
                                  ],
                                  "parent": 6,
                                  "ID": 8,
                                  "left": 9
                                }
                              ],
                              "parent": 5,
                              "ID": 6,
                              "left": 7,
                              "right": 8
                            }
                          ],
                          "parent": 4,
                          "ID": 5,
                          "left": 6
                        }
                      ],
                      "parent": 3,
                      "ID": 4,
                      "left": 5
                    },
                    {
                      "Node Type": "Materialize",
                      "Parent Relationship": "Inner",
                      "Parallel Aware": false,
                      "Async Capable": false,
                      "Startup Cost": 3157.65,
                      "Total Cost": 233105.09,
                      "Plan Rows": 8964,
                      "Plan Width": 4,
                      "Plans": [
                        {
                          "Node Type": "Gather",
                          "Parent Relationship": "Outer",
                          "Parallel Aware": false,
                          "Async Capable": false,
                          "Startup Cost": 3157.65,
                          "Total Cost": 233060.27,
                          "Plan Rows": 8964,
                          "Plan Width": 4,
                          "Workers Planned": 2,
                          "Single Copy": false,
                          "Plans": [
                            {
                              "Node Type": "Hash Join",
                              "Parent Relationship": "Outer",
                              "Parallel Aware": true,
                              "Async Capable": false,
                              "Join Type": "Inner",
                              "Startup Cost": 2157.65,
                              "Total Cost": 231163.87,
                              "Plan Rows": 3735,
                              "Plan Width": 4,
                              "Inner Unique": false,
                              "Hash Cond": "(web_sales.ws_sold_date_sk = date_dim_1.d_date_sk)",
                              "Plans": [
                                {
                                  "Node Type": "Seq Scan",
                                  "Parent Relationship": "Outer",
                                  "Parallel Aware": true,
                                  "Async Capable": false,
                                  "Relation Name": "web_sales",
                                  "Alias": "web_sales",
                                  "Startup Cost": 0.0,
                                  "Total Cost": 217737.86,
                                  "Plan Rows": 2998986,
                                  "Plan Width": 8,
                                  "parent": 21,
                                  "ID": 22
                                },
                                {
                                  "Node Type": "Hash",
                                  "Parent Relationship": "Inner",
                                  "Parallel Aware": true,
                                  "Async Capable": false,
                                  "Startup Cost": 2156.97,
                                  "Total Cost": 2156.97,
                                  "Plan Rows": 54,
                                  "Plan Width": 4,
                                  "Plans": [
                                    {
                                      "Node Type": "Seq Scan",
                                      "Parent Relationship": "Outer",
                                      "Parallel Aware": true,
                                      "Async Capable": false,
                                      "Relation Name": "date_dim",
                                      "Alias": "date_dim_1",
                                      "Startup Cost": 0.0,
                                      "Total Cost": 2156.97,
                                      "Plan Rows": 54,
                                      "Plan Width": 4,
                                      "Filter": "((d_moy >= 4) AND (d_moy <= 6) AND (d_year = 2002))",
                                      "parent": 23,
                                      "ID": 24
                                    }
                                  ],
                                  "parent": 21,
                                  "ID": 23,
                                  "left": 24
                                }
                              ],
                              "parent": 20,
                              "ID": 21,
                              "left": 22,
                              "right": 23
                            }
                          ],
                          "parent": 19,
                          "ID": 20,
                          "left": 21
                        }
                      ],
                      "parent": 3,
                      "ID": 19,
                      "left": 20
                    }
                  ],
                  "parent": 2,
                  "ID": 3,
                  "left": 4,
                  "right": 19
                },
                {
                  "Node Type": "Materialize",
                  "Parent Relationship": "Inner",
                  "Parallel Aware": false,
                  "Async Capable": false,
                  "Startup Cost": 2684.49,
                  "Total Cost": 574652.42,
                  "Plan Rows": 17839,
                  "Plan Width": 4,
                  "Plans": [
                    {
                      "Node Type": "Hash Join",
                      "Parent Relationship": "Outer",
                      "Parallel Aware": false,
                      "Async Capable": false,
                      "Join Type": "Inner",
                      "Startup Cost": 2684.49,
                      "Total Cost": 574563.22,
                      "Plan Rows": 17839,
                      "Plan Width": 4,
                      "Inner Unique": false,
                      "Hash Cond": "(catalog_sales.cs_sold_date_sk = date_dim_2.d_date_sk)",
                      "Plans": [
                        {
                          "Node Type": "Seq Scan",
                          "Parent Relationship": "Outer",
                          "Parallel Aware": false,
                          "Async Capable": false,
                          "Relation Name": "catalog_sales",
                          "Alias": "catalog_sales",
                          "Startup Cost": 0.0,
                          "Total Cost": 517695.61,
                          "Plan Rows": 14401261,
                          "Plan Width": 8,
                          "parent": 26,
                          "ID": 27
                        },
                        {
                          "Node Type": "Hash",
                          "Parent Relationship": "Inner",
                          "Parallel Aware": false,
                          "Async Capable": false,
                          "Startup Cost": 2683.36,
                          "Total Cost": 2683.36,
                          "Plan Rows": 91,
                          "Plan Width": 4,
                          "Plans": [
                            {
                              "Node Type": "Seq Scan",
                              "Parent Relationship": "Outer",
                              "Parallel Aware": false,
                              "Async Capable": false,
                              "Relation Name": "date_dim",
                              "Alias": "date_dim_2",
                              "Startup Cost": 0.0,
                              "Total Cost": 2683.36,
                              "Plan Rows": 91,
                              "Plan Width": 4,
                              "Filter": "((d_moy >= 4) AND (d_moy <= 6) AND (d_year = 2002))",
                              "parent": 28,
                              "ID": 29
                            }
                          ],
                          "parent": 26,
                          "ID": 28,
                          "left": 29
                        }
                      ],
                      "parent": 25,
                      "ID": 26,
                      "left": 27,
                      "right": 28
                    }
                  ],
                  "parent": 2,
                  "ID": 25,
                  "left": 26
                }
              ],
              "parent": 1,
              "ID": 2,
              "left": 3,
              "right": 25
            }
          ],
          "parent": 0,
          "ID": 1,
          "left": 2
        }
      ],
      "parent": null,
      "ID": 0,
      "left": 1
    },
    "feat": {
      "utility": 0.003265901010309773,
      "query_shape": [
        [
          "Seq Scan",
          "Hash Join",
          "Sort",
          "Gather Merge",
          "Nested Loop",
          "Aggregate"
        ],
        [
          "Seq Scan",
          "Hash Join",
          "Hash",
          "Sort",
          "Gather Merge",
          "Nested Loop",
          "Aggregate"
        ],
        [
          "Seq Scan",
          "Hash Join",
          "Hash",
          "Sort",
          "Gather Merge",
          "Nested Loop",
          "Aggregate"
        ],
        [
          "Seq Scan",
          "Hash",
          "Hash Join",
          "Sort",
          "Gather Merge",
          "Nested Loop",
          "Aggregate"
        ],
        [
          "Seq Scan",
          "Hash",
          "Hash Join",
          "Sort",
          "Gather Merge",
          "Nested Loop",
          "Aggregate"
        ],
        [
          "Seq Scan",
          "Hash Join",
          "Gather",
          "Materialize",
          "Nested Loop",
          "Aggregate"
        ],
        [
          "Seq Scan",
          "Hash",
          "Hash Join",
          "Gather",
          "Materialize",
          "Nested Loop",
          "Aggregate"
        ],
        [
          "Seq Scan",
          "Hash Join",
          "Materialize",
          "Nested Loop",
          "Aggregate"
        ],
        [
          "Seq Scan",
          "Hash",
          "Hash Join",
          "Materialize",
          "Nested Loop",
          "Aggregate"
        ]
      ],
      "index_shape": [
        "join"
      ],
      "physical_operator": {
        "Nested Loop": [
          0.010465877769513875
        ]
      }
    }
  }
]