[
  {
    "query": "select  i_item_desc\n      ,w_warehouse_name\n      ,d1.d_week_seq\n      ,sum(case when p_promo_sk is null then 1 else 0 end) no_promo\n      ,sum(case when p_promo_sk is not null then 1 else 0 end) promo\n      ,count(*) total_cnt\nfrom catalog_sales\njoin inventory on (cs_item_sk = inv_item_sk)\njoin warehouse on (w_warehouse_sk=inv_warehouse_sk)\njoin item on (i_item_sk = cs_item_sk)\njoin customer_demographics on (cs_bill_cdemo_sk = cd_demo_sk)\njoin household_demographics on (cs_bill_hdemo_sk = hd_demo_sk)\njoin date_dim d1 on (cs_sold_date_sk = d1.d_date_sk)\njoin date_dim d2 on (inv_date_sk = d2.d_date_sk)\njoin date_dim d3 on (cs_ship_date_sk = d3.d_date_sk)\nleft outer join promotion on (cs_promo_sk=p_promo_sk)\nleft outer join catalog_returns on (cr_item_sk = cs_item_sk and cr_order_number = cs_order_number)\nwhere d1.d_week_seq = d2.d_week_seq\n  and inv_quantity_on_hand < cs_quantity \n  and d3.d_date > d1.d_date + 5\n  and hd_buy_potential = '501-1000'\n  and d1.d_year = 2001\n  and cd_marital_status = 'S'\ngroup by i_item_desc,w_warehouse_name,d1.d_week_seq\norder by total_cnt desc, i_item_desc, w_warehouse_name, d_week_seq\nlimit 100;\n\n-- end query 54 in stream 2 using template query72.tpl\n",
    "indexes": "promotion.p_promo_sk",
    "wo plan est": {
      "Node Type": "Limit",
      "Parallel Aware": false,
      "Async Capable": false,
      "Startup Cost": 2058864.31,
      "Total Cost": 2058864.41,
      "Plan Rows": 40,
      "Plan Width": 147,
      "Plans": [
        {
          "Node Type": "Sort",
          "Parent Relationship": "Outer",
          "Parallel Aware": false,
          "Async Capable": false,
          "Startup Cost": 2058864.31,
          "Total Cost": 2058864.41,
          "Plan Rows": 40,
          "Plan Width": 147,
          "Sort Key": [
            "(count(*)) DESC",
            "item.i_item_desc",
            "warehouse.w_warehouse_name",
            "d1.d_week_seq"
          ],
          "Plans": [
            {
              "Node Type": "Aggregate",
              "Strategy": "Sorted",
              "Partial Mode": "Simple",
              "Parent Relationship": "Outer",
              "Parallel Aware": false,
              "Async Capable": false,
              "Startup Cost": 2058862.15,
              "Total Cost": 2058863.25,
              "Plan Rows": 40,
              "Plan Width": 147,
              "Group Key": [
                "item.i_item_desc",
                "warehouse.w_warehouse_name",
                "d1.d_week_seq"
              ],
              "Plans": [
                {
                  "Node Type": "Sort",
                  "Parent Relationship": "Outer",
                  "Parallel Aware": false,
                  "Async Capable": false,
                  "Startup Cost": 2058862.15,
                  "Total Cost": 2058862.25,
                  "Plan Rows": 40,
                  "Plan Width": 127,
                  "Sort Key": [
                    "item.i_item_desc",
                    "warehouse.w_warehouse_name",
                    "d1.d_week_seq"
                  ],
                  "Plans": [
                    {
                      "Node Type": "Nested Loop",
                      "Parent Relationship": "Outer",
                      "Parallel Aware": false,
                      "Async Capable": false,
                      "Join Type": "Left",
                      "Startup Cost": 2004596.21,
                      "Total Cost": 2058861.08,
                      "Plan Rows": 40,
                      "Plan Width": 127,
                      "Inner Unique": false,
                      "Join Filter": "(catalog_sales.cs_promo_sk = promotion.p_promo_sk)",
                      "Plans": [
                        {
                          "Node Type": "Hash Join",
                          "Parent Relationship": "Outer",
                          "Parallel Aware": false,
                          "Async Capable": false,
                          "Join Type": "Right",
                          "Startup Cost": 2004596.21,
                          "Total Cost": 2058541.83,
                          "Plan Rows": 40,
                          "Plan Width": 127,
                          "Inner Unique": false,
                          "Hash Cond": "((catalog_returns.cr_item_sk = catalog_sales.cs_item_sk) AND (catalog_returns.cr_order_number = catalog_sales.cs_order_number))",
                          "Plans": [
                            {
                              "Node Type": "Seq Scan",
                              "Parent Relationship": "Outer",
                              "Parallel Aware": false,
                              "Async Capable": false,
                              "Relation Name": "catalog_returns",
                              "Alias": "catalog_returns",
                              "Startup Cost": 0.0,
                              "Total Cost": 43147.49,
                              "Plan Rows": 1439749,
                              "Plan Width": 8,
                              "parent": 5,
                              "ID": 6
                            },
                            {
                              "Node Type": "Hash",
                              "Parent Relationship": "Inner",
                              "Parallel Aware": false,
                              "Async Capable": false,
                              "Startup Cost": 2004595.61,
                              "Total Cost": 2004595.61,
                              "Plan Rows": 40,
                              "Plan Width": 135,
                              "Plans": [
                                {
                                  "Node Type": "Hash Join",
                                  "Parent Relationship": "Outer",
                                  "Parallel Aware": false,
                                  "Async Capable": false,
                                  "Join Type": "Inner",
                                  "Startup Cost": 508613.25,
                                  "Total Cost": 2004595.61,
                                  "Plan Rows": 40,
                                  "Plan Width": 135,
                                  "Inner Unique": false,
                                  "Hash Cond": "(catalog_sales.cs_ship_date_sk = d3.d_date_sk)",
                                  "Join Filter": "(d3.d_date > (d1.d_date + 5))",
                                  "Plans": [
                                    {
                                      "Node Type": "Nested Loop",
                                      "Parent Relationship": "Outer",
                                      "Parallel Aware": false,
                                      "Async Capable": false,
                                      "Join Type": "Inner",
                                      "Startup Cost": 505564.64,
                                      "Total Cost": 2001544.76,
                                      "Plan Rows": 121,
                                      "Plan Width": 143,
                                      "Inner Unique": false,
                                      "Join Filter": "(inventory.inv_warehouse_sk = warehouse.w_warehouse_sk)",
                                      "Plans": [
                                        {
                                          "Node Type": "Hash Join",
                                          "Parent Relationship": "Outer",
                                          "Parallel Aware": false,
                                          "Async Capable": false,
                                          "Join Type": "Inner",
                                          "Startup Cost": 505564.64,
                                          "Total Cost": 2001525.48,
                                          "Plan Rows": 121,
                                          "Plan Width": 130,
                                          "Inner Unique": false,
                                          "Hash Cond": "(catalog_sales.cs_item_sk = item.i_item_sk)",
                                          "Plans": [
                                            {
                                              "Node Type": "Gather",
                                              "Parent Relationship": "Outer",
                                              "Parallel Aware": false,
                                              "Async Capable": false,
                                              "Startup Cost": 494611.64,
                                              "Total Cost": 1988874.82,
                                              "Plan Rows": 121,
                                              "Plan Width": 32,
                                              "Workers Planned": 2,
                                              "Single Copy": false,
                                              "Plans": [
                                                {
                                                  "Node Type": "Hash Join",
                                                  "Parent Relationship": "Outer",
                                                  "Parallel Aware": true,
                                                  "Async Capable": false,
                                                  "Join Type": "Inner",
                                                  "Startup Cost": 493611.64,
                                                  "Total Cost": 1987862.72,
                                                  "Plan Rows": 50,
                                                  "Plan Width": 32,
                                                  "Inner Unique": false,
                                                  "Hash Cond": "((inventory.inv_date_sk = d2.d_date_sk) AND (d1.d_week_seq = d2.d_week_seq))",
                                                  "Plans": [
                                                    {
                                                      "Node Type": "Hash Join",
                                                      "Parent Relationship": "Outer",
                                                      "Parallel Aware": true,
                                                      "Async Capable": false,
                                                      "Join Type": "Inner",
                                                      "Startup Cost": 491132.39,
                                                      "Total Cost": 1981451.77,
                                                      "Plan Rows": 524186,
                                                      "Plan Width": 36,
                                                      "Inner Unique": false,
                                                      "Hash Cond": "(inventory.inv_item_sk = catalog_sales.cs_item_sk)",
                                                      "Join Filter": "(inventory.inv_quantity_on_hand < catalog_sales.cs_quantity)",
                                                      "Plans": [
                                                        {
                                                          "Node Type": "Seq Scan",
                                                          "Parent Relationship": "Outer",
                                                          "Parallel Aware": true,
                                                          "Async Capable": false,
                                                          "Relation Name": "inventory",
                                                          "Alias": "inventory",
                                                          "Startup Cost": 0.0,
                                                          "Total Cost": 1274139.37,
                                                          "Plan Rows": 55462537,
                                                          "Plan Width": 16,
                                                          "parent": 13,
                                                          "ID": 14
                                                        },
                                                        {
                                                          "Node Type": "Hash",
                                                          "Parent Relationship": "Inner",
                                                          "Parallel Aware": true,
                                                          "Async Capable": false,
                                                          "Startup Cost": 491120.29,
                                                          "Total Cost": 491120.29,
                                                          "Plan Rows": 968,
                                                          "Plan Width": 28,
                                                          "Plans": [
                                                            {
                                                              "Node Type": "Hash Join",
                                                              "Parent Relationship": "Outer",
                                                              "Parallel Aware": true,
                                                              "Async Capable": false,
                                                              "Join Type": "Inner",
                                                              "Startup Cost": 458688.15,
                                                              "Total Cost": 491120.29,
                                                              "Plan Rows": 968,
                                                              "Plan Width": 28,
                                                              "Inner Unique": false,
                                                              "Hash Cond": "(customer_demographics.cd_demo_sk = catalog_sales.cs_bill_cdemo_sk)",
                                                              "Plans": [
                                                                {
                                                                  "Node Type": "Seq Scan",
                                                                  "Parent Relationship": "Outer",
                                                                  "Parallel Aware": true,
                                                                  "Async Capable": false,
                                                                  "Relation Name": "customer_demographics",
                                                                  "Alias": "customer_demographics",
                                                                  "Startup Cost": 0.0,
                                                                  "Total Cost": 31832.17,
                                                                  "Plan Rows": 158920,
                                                                  "Plan Width": 4,
                                                                  "Filter": "(cd_marital_status = 'S'::bpchar)",
                                                                  "parent": 16,
                                                                  "ID": 17
                                                                },
                                                                {
                                                                  "Node Type": "Hash",
                                                                  "Parent Relationship": "Inner",
                                                                  "Parallel Aware": true,
                                                                  "Async Capable": false,
                                                                  "Startup Cost": 458626.88,
                                                                  "Total Cost": 458626.88,
                                                                  "Plan Rows": 4901,
                                                                  "Plan Width": 32,
                                                                  "Plans": [
                                                                    {
                                                                      "Node Type": "Hash Join",
                                                                      "Parent Relationship": "Outer",
                                                                      "Parallel Aware": false,
                                                                      "Async Capable": false,
                                                                      "Join Type": "Inner",
                                                                      "Startup Cost": 2102.79,
                                                                      "Total Cost": 458626.88,
                                                                      "Plan Rows": 4901,
                                                                      "Plan Width": 32,
                                                                      "Inner Unique": false,
                                                                      "Hash Cond": "(catalog_sales.cs_bill_hdemo_sk = household_demographics.hd_demo_sk)",
                                                                      "Plans": [
                                                                        {
                                                                          "Node Type": "Hash Join",
                                                                          "Parent Relationship": "Outer",
                                                                          "Parallel Aware": true,
                                                                          "Async Capable": false,
                                                                          "Join Type": "Inner",
                                                                          "Startup Cost": 1944.79,
                                                                          "Total Cost": 458308.99,
                                                                          "Plan Rows": 29569,
                                                                          "Plan Width": 36,
                                                                          "Inner Unique": false,
                                                                          "Hash Cond": "(catalog_sales.cs_sold_date_sk = d1.d_date_sk)",
                                                                          "Plans": [
                                                                            {
                                                                              "Node Type": "Seq Scan",
                                                                              "Parent Relationship": "Outer",
                                                                              "Parallel Aware": true,
                                                                              "Async Capable": false,
                                                                              "Relation Name": "catalog_sales",
                                                                              "Alias": "catalog_sales",
                                                                              "Startup Cost": 0.0,
                                                                              "Total Cost": 433688.25,
                                                                              "Plan Rows": 6000525,
                                                                              "Plan Width": 32,
                                                                              "parent": 20,
                                                                              "ID": 21
                                                                            },
                                                                            {
                                                                              "Node Type": "Hash",
                                                                              "Parent Relationship": "Inner",
                                                                              "Parallel Aware": true,
                                                                              "Async Capable": false,
                                                                              "Startup Cost": 1942.12,
                                                                              "Total Cost": 1942.12,
                                                                              "Plan Rows": 213,
                                                                              "Plan Width": 12,
                                                                              "Plans": [
                                                                                {
                                                                                  "Node Type": "Seq Scan",
                                                                                  "Parent Relationship": "Outer",
                                                                                  "Parallel Aware": true,
                                                                                  "Async Capable": false,
                                                                                  "Relation Name": "date_dim",
                                                                                  "Alias": "d1",
                                                                                  "Startup Cost": 0.0,
                                                                                  "Total Cost": 1942.12,
                                                                                  "Plan Rows": 213,
                                                                                  "Plan Width": 12,
                                                                                  "Filter": "(d_year = 2001)",
                                                                                  "parent": 22,
                                                                                  "ID": 23
                                                                                }
                                                                              ],
                                                                              "parent": 20,
                                                                              "ID": 22,
                                                                              "left": 23
                                                                            }
                                                                          ],
                                                                          "parent": 19,
                                                                          "ID": 20,
                                                                          "left": 21,
                                                                          "right": 22
                                                                        },
                                                                        {
                                                                          "Node Type": "Hash",
                                                                          "Parent Relationship": "Inner",
                                                                          "Parallel Aware": false,
                                                                          "Async Capable": false,
                                                                          "Startup Cost": 143.0,
                                                                          "Total Cost": 143.0,
                                                                          "Plan Rows": 1200,
                                                                          "Plan Width": 4,
                                                                          "Plans": [
                                                                            {
                                                                              "Node Type": "Seq Scan",
                                                                              "Parent Relationship": "Outer",
                                                                              "Parallel Aware": false,
                                                                              "Async Capable": false,
                                                                              "Relation Name": "household_demographics",
                                                                              "Alias": "household_demographics",
                                                                              "Startup Cost": 0.0,
                                                                              "Total Cost": 143.0,
                                                                              "Plan Rows": 1200,
                                                                              "Plan Width": 4,
                                                                              "Filter": "(hd_buy_potential = '501-1000'::bpchar)",
                                                                              "parent": 24,
                                                                              "ID": 25
                                                                            }
                                                                          ],
                                                                          "parent": 19,
                                                                          "ID": 24,
                                                                          "left": 25
                                                                        }
                                                                      ],
                                                                      "parent": 18,
                                                                      "ID": 19,
                                                                      "left": 20,
                                                                      "right": 24
                                                                    }
                                                                  ],
                                                                  "parent": 16,
                                                                  "ID": 18,
                                                                  "left": 19
                                                                }
                                                              ],
                                                              "parent": 15,
                                                              "ID": 16,
                                                              "left": 17,
                                                              "right": 18
                                                            }
                                                          ],
                                                          "parent": 13,
                                                          "ID": 15,
                                                          "left": 16
                                                        }
                                                      ],
                                                      "parent": 12,
                                                      "ID": 13,
                                                      "left": 14,
                                                      "right": 15
                                                    },
                                                    {
                                                      "Node Type": "Hash",
                                                      "Parent Relationship": "Inner",
                                                      "Parallel Aware": true,
                                                      "Async Capable": false,
                                                      "Startup Cost": 1834.7,
                                                      "Total Cost": 1834.7,
                                                      "Plan Rows": 42970,
                                                      "Plan Width": 8,
                                                      "Plans": [
                                                        {
                                                          "Node Type": "Seq Scan",
                                                          "Parent Relationship": "Outer",
                                                          "Parallel Aware": true,
                                                          "Async Capable": false,
                                                          "Relation Name": "date_dim",
                                                          "Alias": "d2",
                                                          "Startup Cost": 0.0,
                                                          "Total Cost": 1834.7,
                                                          "Plan Rows": 42970,
                                                          "Plan Width": 8,
                                                          "parent": 26,
                                                          "ID": 27
                                                        }
                                                      ],
                                                      "parent": 12,
                                                      "ID": 26,
                                                      "left": 27
                                                    }
                                                  ],
                                                  "parent": 11,
                                                  "ID": 12,
                                                  "left": 13,
                                                  "right": 26
                                                }
                                              ],
                                              "parent": 10,
                                              "ID": 11,
                                              "left": 12
                                            },
                                            {
                                              "Node Type": "Hash",
                                              "Parent Relationship": "Inner",
                                              "Parallel Aware": false,
                                              "Async Capable": false,
                                              "Startup Cost": 7984.0,
                                              "Total Cost": 7984.0,
                                              "Plan Rows": 102000,
                                              "Plan Width": 106,
                                              "Plans": [
                                                {
                                                  "Node Type": "Seq Scan",
                                                  "Parent Relationship": "Outer",
                                                  "Parallel Aware": false,
                                                  "Async Capable": false,
                                                  "Relation Name": "item",
                                                  "Alias": "item",
                                                  "Startup Cost": 0.0,
                                                  "Total Cost": 7984.0,
                                                  "Plan Rows": 102000,
                                                  "Plan Width": 106,
                                                  "parent": 28,
                                                  "ID": 29
                                                }
                                              ],
                                              "parent": 10,
                                              "ID": 28,
                                              "left": 29
                                            }
                                          ],
                                          "parent": 9,
                                          "ID": 10,
                                          "left": 11,
                                          "right": 28
                                        },
                                        {
                                          "Node Type": "Materialize",
                                          "Parent Relationship": "Inner",
                                          "Parallel Aware": false,
                                          "Async Capable": false,
                                          "Startup Cost": 0.0,
                                          "Total Cost": 1.15,
                                          "Plan Rows": 10,
                                          "Plan Width": 21,
                                          "Plans": [
                                            {
                                              "Node Type": "Seq Scan",
                                              "Parent Relationship": "Outer",
                                              "Parallel Aware": false,
                                              "Async Capable": false,
                                              "Relation Name": "warehouse",
                                              "Alias": "warehouse",
                                              "Startup Cost": 0.0,
                                              "Total Cost": 1.1,
                                              "Plan Rows": 10,
                                              "Plan Width": 21,
                                              "parent": 30,
                                              "ID": 31
                                            }
                                          ],
                                          "parent": 9,
                                          "ID": 30,
                                          "left": 31
                                        }
                                      ],
                                      "parent": 8,
                                      "ID": 9,
                                      "left": 10,
                                      "right": 30
                                    },
                                    {
                                      "Node Type": "Hash",
                                      "Parent Relationship": "Inner",
                                      "Parallel Aware": false,
                                      "Async Capable": false,
                                      "Startup Cost": 2135.49,
                                      "Total Cost": 2135.49,
                                      "Plan Rows": 73049,
                                      "Plan Width": 8,
                                      "Plans": [
                                        {
                                          "Node Type": "Seq Scan",
                                          "Parent Relationship": "Outer",
                                          "Parallel Aware": false,
                                          "Async Capable": false,
                                          "Relation Name": "date_dim",
                                          "Alias": "d3",
                                          "Startup Cost": 0.0,
                                          "Total Cost": 2135.49,
                                          "Plan Rows": 73049,
                                          "Plan Width": 8,
                                          "parent": 32,
                                          "ID": 33
                                        }
                                      ],
                                      "parent": 8,
                                      "ID": 32,
                                      "left": 33
                                    }
                                  ],
                                  "parent": 7,
                                  "ID": 8,
                                  "left": 9,
                                  "right": 32
                                }
                              ],
                              "parent": 5,
                              "ID": 7,
                              "left": 8
                            }
                          ],
                          "parent": 4,
                          "ID": 5,
                          "left": 6,
                          "right": 7
                        },
                        {
                          "Node Type": "Materialize",
                          "Parent Relationship": "Inner",
                          "Parallel Aware": false,
                          "Async Capable": false,
                          "Startup Cost": 0.0,
                          "Total Cost": 20.5,
                          "Plan Rows": 500,
                          "Plan Width": 4,
                          "Plans": [
                            {
                              "Node Type": "Seq Scan",
                              "Parent Relationship": "Outer",
                              "Parallel Aware": false,
                              "Async Capable": false,
                              "Relation Name": "promotion",
                              "Alias": "promotion",
                              "Startup Cost": 0.0,
                              "Total Cost": 18.0,
                              "Plan Rows": 500,
                              "Plan Width": 4,
                              "parent": 34,
                              "ID": 35
                            }
                          ],
                          "parent": 4,
                          "ID": 34,
                          "left": 35
                        }
                      ],
                      "parent": 3,
                      "ID": 4,
                      "left": 5,
                      "right": 34
                    }
                  ],
                  "parent": 2,
                  "ID": 3,
                  "left": 4
                }
              ],
              "parent": 1,
              "ID": 2,
              "left": 3
            }
          ],
          "parent": 0,
          "ID": 1,
          "left": 2
        }
      ],
      "parent": null,
      "ID": 0,
      "left": 1
    },
    "feat": {
      "utility": 8.351698851358588e-06,
      "query_shape": [
        [
          "Seq Scan",
          "Hash Join",
          "Nested Loop",
          "Sort",
          "Aggregate"
        ],
        [
          "Seq Scan",
          "Hash Join",
          "Gather",
          "Nested Loop",
          "Hash",
          "Sort",
          "Aggregate"
        ],
        [
          "Seq Scan",
          "Hash Join",
          "Hash",
          "Gather",
          "Nested Loop",
          "Sort",
          "Aggregate"
        ],
        [
          "Seq Scan",
          "Hash Join",
          "Hash",
          "Gather",
          "Nested Loop",
          "Sort",
          "Aggregate"
        ],
        [
          "Seq Scan",
          "Hash",
          "Hash Join",
          "Gather",
          "Nested Loop",
          "Sort",
          "Aggregate"
        ],
        [
          "Seq Scan",
          "Hash",
          "Hash Join",
          "Gather",
          "Nested Loop",
          "Sort",
          "Aggregate"
        ],
        [
          "Seq Scan",
          "Hash",
          "Hash Join",
          "Gather",
          "Nested Loop",
          "Sort",
          "Aggregate"
        ],
        [
          "Seq Scan",
          "Hash",
          "Hash Join",
          "Nested Loop",
          "Sort",
          "Aggregate"
        ],
        [
          "Seq Scan",
          "Materialize",
          "Nested Loop",
          "Hash Join",
          "Hash",
          "Sort",
          "Aggregate"
        ],
        [
          "Seq Scan",
          "Hash",
          "Hash Join",
          "Nested Loop",
          "Sort",
          "Aggregate"
        ],
        [
          "Seq Scan",
          "Materialize",
          "Nested Loop",
          "Sort",
          "Aggregate"
        ]
      ],
      "index_shape": [
        "join"
      ],
      "physical_operator": {
        "Nested Loop": [
          0.044721359549995794
        ]
      }
    }
  },
  {
    "query": "select  i_item_desc\n      ,w_warehouse_name\n      ,d1.d_week_seq\n      ,sum(case when p_promo_sk is null then 1 else 0 end) no_promo\n      ,sum(case when p_promo_sk is not null then 1 else 0 end) promo\n      ,count(*) total_cnt\nfrom catalog_sales\njoin inventory on (cs_item_sk = inv_item_sk)\njoin warehouse on (w_warehouse_sk=inv_warehouse_sk)\njoin item on (i_item_sk = cs_item_sk)\njoin customer_demographics on (cs_bill_cdemo_sk = cd_demo_sk)\njoin household_demographics on (cs_bill_hdemo_sk = hd_demo_sk)\njoin date_dim d1 on (cs_sold_date_sk = d1.d_date_sk)\njoin date_dim d2 on (inv_date_sk = d2.d_date_sk)\njoin date_dim d3 on (cs_ship_date_sk = d3.d_date_sk)\nleft outer join promotion on (cs_promo_sk=p_promo_sk)\nleft outer join catalog_returns on (cr_item_sk = cs_item_sk and cr_order_number = cs_order_number)\nwhere d1.d_week_seq = d2.d_week_seq\n  and inv_quantity_on_hand < cs_quantity \n  and d3.d_date > d1.d_date + 5\n  and hd_buy_potential = '501-1000'\n  and d1.d_year = 2001\n  and cd_marital_status = 'S'\ngroup by i_item_desc,w_warehouse_name,d1.d_week_seq\norder by total_cnt desc, i_item_desc, w_warehouse_name, d_week_seq\nlimit 100;\n\n-- end query 54 in stream 2 using template query72.tpl\n",
    "indexes": "customer_demographics.cd_demo_sk",
    "wo plan est": {
      "Node Type": "Limit",
      "Parallel Aware": false,
      "Async Capable": false,
      "Startup Cost": 2058864.31,
      "Total Cost": 2058864.41,
      "Plan Rows": 40,
      "Plan Width": 147,
      "Plans": [
        {
          "Node Type": "Sort",
          "Parent Relationship": "Outer",
          "Parallel Aware": false,
          "Async Capable": false,
          "Startup Cost": 2058864.31,
          "Total Cost": 2058864.41,
          "Plan Rows": 40,
          "Plan Width": 147,
          "Sort Key": [
            "(count(*)) DESC",
            "item.i_item_desc",
            "warehouse.w_warehouse_name",
            "d1.d_week_seq"
          ],
          "Plans": [
            {
              "Node Type": "Aggregate",
              "Strategy": "Sorted",
              "Partial Mode": "Simple",
              "Parent Relationship": "Outer",
              "Parallel Aware": false,
              "Async Capable": false,
              "Startup Cost": 2058862.15,
              "Total Cost": 2058863.25,
              "Plan Rows": 40,
              "Plan Width": 147,
              "Group Key": [
                "item.i_item_desc",
                "warehouse.w_warehouse_name",
                "d1.d_week_seq"
              ],
              "Plans": [
                {
                  "Node Type": "Sort",
                  "Parent Relationship": "Outer",
                  "Parallel Aware": false,
                  "Async Capable": false,
                  "Startup Cost": 2058862.15,
                  "Total Cost": 2058862.25,
                  "Plan Rows": 40,
                  "Plan Width": 127,
                  "Sort Key": [
                    "item.i_item_desc",
                    "warehouse.w_warehouse_name",
                    "d1.d_week_seq"
                  ],
                  "Plans": [
                    {
                      "Node Type": "Nested Loop",
                      "Parent Relationship": "Outer",
                      "Parallel Aware": false,
                      "Async Capable": false,
                      "Join Type": "Left",
                      "Startup Cost": 2004596.21,
                      "Total Cost": 2058861.08,
                      "Plan Rows": 40,
                      "Plan Width": 127,
                      "Inner Unique": false,
                      "Join Filter": "(catalog_sales.cs_promo_sk = promotion.p_promo_sk)",
                      "Plans": [
                        {
                          "Node Type": "Hash Join",
                          "Parent Relationship": "Outer",
                          "Parallel Aware": false,
                          "Async Capable": false,
                          "Join Type": "Right",
                          "Startup Cost": 2004596.21,
                          "Total Cost": 2058541.83,
                          "Plan Rows": 40,
                          "Plan Width": 127,
                          "Inner Unique": false,
                          "Hash Cond": "((catalog_returns.cr_item_sk = catalog_sales.cs_item_sk) AND (catalog_returns.cr_order_number = catalog_sales.cs_order_number))",
                          "Plans": [
                            {
                              "Node Type": "Seq Scan",
                              "Parent Relationship": "Outer",
                              "Parallel Aware": false,
                              "Async Capable": false,
                              "Relation Name": "catalog_returns",
                              "Alias": "catalog_returns",
                              "Startup Cost": 0.0,
                              "Total Cost": 43147.49,
                              "Plan Rows": 1439749,
                              "Plan Width": 8,
                              "parent": 5,
                              "ID": 6
                            },
                            {
                              "Node Type": "Hash",
                              "Parent Relationship": "Inner",
                              "Parallel Aware": false,
                              "Async Capable": false,
                              "Startup Cost": 2004595.61,
                              "Total Cost": 2004595.61,
                              "Plan Rows": 40,
                              "Plan Width": 135,
                              "Plans": [
                                {
                                  "Node Type": "Hash Join",
                                  "Parent Relationship": "Outer",
                                  "Parallel Aware": false,
                                  "Async Capable": false,
                                  "Join Type": "Inner",
                                  "Startup Cost": 508613.25,
                                  "Total Cost": 2004595.61,
                                  "Plan Rows": 40,
                                  "Plan Width": 135,
                                  "Inner Unique": false,
                                  "Hash Cond": "(catalog_sales.cs_ship_date_sk = d3.d_date_sk)",
                                  "Join Filter": "(d3.d_date > (d1.d_date + 5))",
                                  "Plans": [
                                    {
                                      "Node Type": "Nested Loop",
                                      "Parent Relationship": "Outer",
                                      "Parallel Aware": false,
                                      "Async Capable": false,
                                      "Join Type": "Inner",
                                      "Startup Cost": 505564.64,
                                      "Total Cost": 2001544.76,
                                      "Plan Rows": 121,
                                      "Plan Width": 143,
                                      "Inner Unique": false,
                                      "Join Filter": "(inventory.inv_warehouse_sk = warehouse.w_warehouse_sk)",
                                      "Plans": [
                                        {
                                          "Node Type": "Hash Join",
                                          "Parent Relationship": "Outer",
                                          "Parallel Aware": false,
                                          "Async Capable": false,
                                          "Join Type": "Inner",
                                          "Startup Cost": 505564.64,
                                          "Total Cost": 2001525.48,
                                          "Plan Rows": 121,
                                          "Plan Width": 130,
                                          "Inner Unique": false,
                                          "Hash Cond": "(catalog_sales.cs_item_sk = item.i_item_sk)",
                                          "Plans": [
                                            {
                                              "Node Type": "Gather",
                                              "Parent Relationship": "Outer",
                                              "Parallel Aware": false,
                                              "Async Capable": false,
                                              "Startup Cost": 494611.64,
                                              "Total Cost": 1988874.82,
                                              "Plan Rows": 121,
                                              "Plan Width": 32,
                                              "Workers Planned": 2,
                                              "Single Copy": false,
                                              "Plans": [
                                                {
                                                  "Node Type": "Hash Join",
                                                  "Parent Relationship": "Outer",
                                                  "Parallel Aware": true,
                                                  "Async Capable": false,
                                                  "Join Type": "Inner",
                                                  "Startup Cost": 493611.64,
                                                  "Total Cost": 1987862.72,
                                                  "Plan Rows": 50,
                                                  "Plan Width": 32,
                                                  "Inner Unique": false,
                                                  "Hash Cond": "((inventory.inv_date_sk = d2.d_date_sk) AND (d1.d_week_seq = d2.d_week_seq))",
                                                  "Plans": [
                                                    {
                                                      "Node Type": "Hash Join",
                                                      "Parent Relationship": "Outer",
                                                      "Parallel Aware": true,
                                                      "Async Capable": false,
                                                      "Join Type": "Inner",
                                                      "Startup Cost": 491132.39,
                                                      "Total Cost": 1981451.77,
                                                      "Plan Rows": 524186,
                                                      "Plan Width": 36,
                                                      "Inner Unique": false,
                                                      "Hash Cond": "(inventory.inv_item_sk = catalog_sales.cs_item_sk)",
                                                      "Join Filter": "(inventory.inv_quantity_on_hand < catalog_sales.cs_quantity)",
                                                      "Plans": [
                                                        {
                                                          "Node Type": "Seq Scan",
                                                          "Parent Relationship": "Outer",
                                                          "Parallel Aware": true,
                                                          "Async Capable": false,
                                                          "Relation Name": "inventory",
                                                          "Alias": "inventory",
                                                          "Startup Cost": 0.0,
                                                          "Total Cost": 1274139.37,
                                                          "Plan Rows": 55462537,
                                                          "Plan Width": 16,
                                                          "parent": 13,
                                                          "ID": 14
                                                        },
                                                        {
                                                          "Node Type": "Hash",
                                                          "Parent Relationship": "Inner",
                                                          "Parallel Aware": true,
                                                          "Async Capable": false,
                                                          "Startup Cost": 491120.29,
                                                          "Total Cost": 491120.29,
                                                          "Plan Rows": 968,
                                                          "Plan Width": 28,
                                                          "Plans": [
                                                            {
                                                              "Node Type": "Hash Join",
                                                              "Parent Relationship": "Outer",
                                                              "Parallel Aware": true,
                                                              "Async Capable": false,
                                                              "Join Type": "Inner",
                                                              "Startup Cost": 458688.15,
                                                              "Total Cost": 491120.29,
                                                              "Plan Rows": 968,
                                                              "Plan Width": 28,
                                                              "Inner Unique": false,
                                                              "Hash Cond": "(customer_demographics.cd_demo_sk = catalog_sales.cs_bill_cdemo_sk)",
                                                              "Plans": [
                                                                {
                                                                  "Node Type": "Seq Scan",
                                                                  "Parent Relationship": "Outer",
                                                                  "Parallel Aware": true,
                                                                  "Async Capable": false,
                                                                  "Relation Name": "customer_demographics",
                                                                  "Alias": "customer_demographics",
                                                                  "Startup Cost": 0.0,
                                                                  "Total Cost": 31832.17,
                                                                  "Plan Rows": 158920,
                                                                  "Plan Width": 4,
                                                                  "Filter": "(cd_marital_status = 'S'::bpchar)",
                                                                  "parent": 16,
                                                                  "ID": 17
                                                                },
                                                                {
                                                                  "Node Type": "Hash",
                                                                  "Parent Relationship": "Inner",
                                                                  "Parallel Aware": true,
                                                                  "Async Capable": false,
                                                                  "Startup Cost": 458626.88,
                                                                  "Total Cost": 458626.88,
                                                                  "Plan Rows": 4901,
                                                                  "Plan Width": 32,
                                                                  "Plans": [
                                                                    {
                                                                      "Node Type": "Hash Join",
                                                                      "Parent Relationship": "Outer",
                                                                      "Parallel Aware": false,
                                                                      "Async Capable": false,
                                                                      "Join Type": "Inner",
                                                                      "Startup Cost": 2102.79,
                                                                      "Total Cost": 458626.88,
                                                                      "Plan Rows": 4901,
                                                                      "Plan Width": 32,
                                                                      "Inner Unique": false,
                                                                      "Hash Cond": "(catalog_sales.cs_bill_hdemo_sk = household_demographics.hd_demo_sk)",
                                                                      "Plans": [
                                                                        {
                                                                          "Node Type": "Hash Join",
                                                                          "Parent Relationship": "Outer",
                                                                          "Parallel Aware": true,
                                                                          "Async Capable": false,
                                                                          "Join Type": "Inner",
                                                                          "Startup Cost": 1944.79,
                                                                          "Total Cost": 458308.99,
                                                                          "Plan Rows": 29569,
                                                                          "Plan Width": 36,
                                                                          "Inner Unique": false,
                                                                          "Hash Cond": "(catalog_sales.cs_sold_date_sk = d1.d_date_sk)",
                                                                          "Plans": [
                                                                            {
                                                                              "Node Type": "Seq Scan",
                                                                              "Parent Relationship": "Outer",
                                                                              "Parallel Aware": true,
                                                                              "Async Capable": false,
                                                                              "Relation Name": "catalog_sales",
                                                                              "Alias": "catalog_sales",
                                                                              "Startup Cost": 0.0,
                                                                              "Total Cost": 433688.25,
                                                                              "Plan Rows": 6000525,
                                                                              "Plan Width": 32,
                                                                              "parent": 20,
                                                                              "ID": 21
                                                                            },
                                                                            {
                                                                              "Node Type": "Hash",
                                                                              "Parent Relationship": "Inner",
                                                                              "Parallel Aware": true,
                                                                              "Async Capable": false,
                                                                              "Startup Cost": 1942.12,
                                                                              "Total Cost": 1942.12,
                                                                              "Plan Rows": 213,
                                                                              "Plan Width": 12,
                                                                              "Plans": [
                                                                                {
                                                                                  "Node Type": "Seq Scan",
                                                                                  "Parent Relationship": "Outer",
                                                                                  "Parallel Aware": true,
                                                                                  "Async Capable": false,
                                                                                  "Relation Name": "date_dim",
                                                                                  "Alias": "d1",
                                                                                  "Startup Cost": 0.0,
                                                                                  "Total Cost": 1942.12,
                                                                                  "Plan Rows": 213,
                                                                                  "Plan Width": 12,
                                                                                  "Filter": "(d_year = 2001)",
                                                                                  "parent": 22,
                                                                                  "ID": 23
                                                                                }
                                                                              ],
                                                                              "parent": 20,
                                                                              "ID": 22,
                                                                              "left": 23
                                                                            }
                                                                          ],
                                                                          "parent": 19,
                                                                          "ID": 20,
                                                                          "left": 21,
                                                                          "right": 22
                                                                        },
                                                                        {
                                                                          "Node Type": "Hash",
                                                                          "Parent Relationship": "Inner",
                                                                          "Parallel Aware": false,
                                                                          "Async Capable": false,
                                                                          "Startup Cost": 143.0,
                                                                          "Total Cost": 143.0,
                                                                          "Plan Rows": 1200,
                                                                          "Plan Width": 4,
                                                                          "Plans": [
                                                                            {
                                                                              "Node Type": "Seq Scan",
                                                                              "Parent Relationship": "Outer",
                                                                              "Parallel Aware": false,
                                                                              "Async Capable": false,
                                                                              "Relation Name": "household_demographics",
                                                                              "Alias": "household_demographics",
                                                                              "Startup Cost": 0.0,
                                                                              "Total Cost": 143.0,
                                                                              "Plan Rows": 1200,
                                                                              "Plan Width": 4,
                                                                              "Filter": "(hd_buy_potential = '501-1000'::bpchar)",
                                                                              "parent": 24,
                                                                              "ID": 25
                                                                            }
                                                                          ],
                                                                          "parent": 19,
                                                                          "ID": 24,
                                                                          "left": 25
                                                                        }
                                                                      ],
                                                                      "parent": 18,
                                                                      "ID": 19,
                                                                      "left": 20,
                                                                      "right": 24
                                                                    }
                                                                  ],
                                                                  "parent": 16,
                                                                  "ID": 18,
                                                                  "left": 19
                                                                }
                                                              ],
                                                              "parent": 15,
                                                              "ID": 16,
                                                              "left": 17,
                                                              "right": 18
                                                            }
                                                          ],
                                                          "parent": 13,
                                                          "ID": 15,
                                                          "left": 16
                                                        }
                                                      ],
                                                      "parent": 12,
                                                      "ID": 13,
                                                      "left": 14,
                                                      "right": 15
                                                    },
                                                    {
                                                      "Node Type": "Hash",
                                                      "Parent Relationship": "Inner",
                                                      "Parallel Aware": true,
                                                      "Async Capable": false,
                                                      "Startup Cost": 1834.7,
                                                      "Total Cost": 1834.7,
                                                      "Plan Rows": 42970,
                                                      "Plan Width": 8,
                                                      "Plans": [
                                                        {
                                                          "Node Type": "Seq Scan",
                                                          "Parent Relationship": "Outer",
                                                          "Parallel Aware": true,
                                                          "Async Capable": false,
                                                          "Relation Name": "date_dim",
                                                          "Alias": "d2",
                                                          "Startup Cost": 0.0,
                                                          "Total Cost": 1834.7,
                                                          "Plan Rows": 42970,
                                                          "Plan Width": 8,
                                                          "parent": 26,
                                                          "ID": 27
                                                        }
                                                      ],
                                                      "parent": 12,
                                                      "ID": 26,
                                                      "left": 27
                                                    }
                                                  ],
                                                  "parent": 11,
                                                  "ID": 12,
                                                  "left": 13,
                                                  "right": 26
                                                }
                                              ],
                                              "parent": 10,
                                              "ID": 11,
                                              "left": 12
                                            },
                                            {
                                              "Node Type": "Hash",
                                              "Parent Relationship": "Inner",
                                              "Parallel Aware": false,
                                              "Async Capable": false,
                                              "Startup Cost": 7984.0,
                                              "Total Cost": 7984.0,
                                              "Plan Rows": 102000,
                                              "Plan Width": 106,
                                              "Plans": [
                                                {
                                                  "Node Type": "Seq Scan",
                                                  "Parent Relationship": "Outer",
                                                  "Parallel Aware": false,
                                                  "Async Capable": false,
                                                  "Relation Name": "item",
                                                  "Alias": "item",
                                                  "Startup Cost": 0.0,
                                                  "Total Cost": 7984.0,
                                                  "Plan Rows": 102000,
                                                  "Plan Width": 106,
                                                  "parent": 28,
                                                  "ID": 29
                                                }
                                              ],
                                              "parent": 10,
                                              "ID": 28,
                                              "left": 29
                                            }
                                          ],
                                          "parent": 9,
                                          "ID": 10,
                                          "left": 11,
                                          "right": 28
                                        },
                                        {
                                          "Node Type": "Materialize",
                                          "Parent Relationship": "Inner",
                                          "Parallel Aware": false,
                                          "Async Capable": false,
                                          "Startup Cost": 0.0,
                                          "Total Cost": 1.15,
                                          "Plan Rows": 10,
                                          "Plan Width": 21,
                                          "Plans": [
                                            {
                                              "Node Type": "Seq Scan",
                                              "Parent Relationship": "Outer",
                                              "Parallel Aware": false,
                                              "Async Capable": false,
                                              "Relation Name": "warehouse",
                                              "Alias": "warehouse",
                                              "Startup Cost": 0.0,
                                              "Total Cost": 1.1,
                                              "Plan Rows": 10,
                                              "Plan Width": 21,
                                              "parent": 30,
                                              "ID": 31
                                            }
                                          ],
                                          "parent": 9,
                                          "ID": 30,
                                          "left": 31
                                        }
                                      ],
                                      "parent": 8,
                                      "ID": 9,
                                      "left": 10,
                                      "right": 30
                                    },
                                    {
                                      "Node Type": "Hash",
                                      "Parent Relationship": "Inner",
                                      "Parallel Aware": false,
                                      "Async Capable": false,
                                      "Startup Cost": 2135.49,
                                      "Total Cost": 2135.49,
                                      "Plan Rows": 73049,
                                      "Plan Width": 8,
                                      "Plans": [
                                        {
                                          "Node Type": "Seq Scan",
                                          "Parent Relationship": "Outer",
                                          "Parallel Aware": false,
                                          "Async Capable": false,
                                          "Relation Name": "date_dim",
                                          "Alias": "d3",
                                          "Startup Cost": 0.0,
                                          "Total Cost": 2135.49,
                                          "Plan Rows": 73049,
                                          "Plan Width": 8,
                                          "parent": 32,
                                          "ID": 33
                                        }
                                      ],
                                      "parent": 8,
                                      "ID": 32,
                                      "left": 33
                                    }
                                  ],
                                  "parent": 7,
                                  "ID": 8,
                                  "left": 9,
                                  "right": 32
                                }
                              ],
                              "parent": 5,
                              "ID": 7,
                              "left": 8
                            }
                          ],
                          "parent": 4,
                          "ID": 5,
                          "left": 6,
                          "right": 7
                        },
                        {
                          "Node Type": "Materialize",
                          "Parent Relationship": "Inner",
                          "Parallel Aware": false,
                          "Async Capable": false,
                          "Startup Cost": 0.0,
                          "Total Cost": 20.5,
                          "Plan Rows": 500,
                          "Plan Width": 4,
                          "Plans": [
                            {
                              "Node Type": "Seq Scan",
                              "Parent Relationship": "Outer",
                              "Parallel Aware": false,
                              "Async Capable": false,
                              "Relation Name": "promotion",
                              "Alias": "promotion",
                              "Startup Cost": 0.0,
                              "Total Cost": 18.0,
                              "Plan Rows": 500,
                              "Plan Width": 4,
                              "parent": 34,
                              "ID": 35
                            }
                          ],
                          "parent": 4,
                          "ID": 34,
                          "left": 35
                        }
                      ],
                      "parent": 3,
                      "ID": 4,
                      "left": 5,
                      "right": 34
                    }
                  ],
                  "parent": 2,
                  "ID": 3,
                  "left": 4
                }
              ],
              "parent": 1,
              "ID": 2,
              "left": 3
            }
          ],
          "parent": 0,
          "ID": 1,
          "left": 2
        }
      ],
      "parent": null,
      "ID": 0,
      "left": 1
    },
    "feat": {
      "utility": 8.732936998038853e-06,
      "query_shape": [
        [
          "Seq Scan",
          "Hash Join",
          "Nested Loop",
          "Sort",
          "Aggregate"
        ],
        [
          "Seq Scan",
          "Hash Join",
          "Gather",
          "Nested Loop",
          "Hash",
          "Sort",
          "Aggregate"
        ],
        [
          "Seq Scan",
          "Hash Join",
          "Hash",
          "Gather",
          "Nested Loop",
          "Sort",
          "Aggregate"
        ],
        [
          "Seq Scan",
          "Hash Join",
          "Hash",
          "Gather",
          "Nested Loop",
          "Sort",
          "Aggregate"
        ],
        [
          "Seq Scan",
          "Hash",
          "Hash Join",
          "Gather",
          "Nested Loop",
          "Sort",
          "Aggregate"
        ],
        [
          "Seq Scan",
          "Hash",
          "Hash Join",
          "Gather",
          "Nested Loop",
          "Sort",
          "Aggregate"
        ],
        [
          "Seq Scan",
          "Hash",
          "Hash Join",
          "Gather",
          "Nested Loop",
          "Sort",
          "Aggregate"
        ],
        [
          "Seq Scan",
          "Hash",
          "Hash Join",
          "Nested Loop",
          "Sort",
          "Aggregate"
        ],
        [
          "Seq Scan",
          "Materialize",
          "Nested Loop",
          "Hash Join",
          "Hash",
          "Sort",
          "Aggregate"
        ],
        [
          "Seq Scan",
          "Hash",
          "Hash Join",
          "Nested Loop",
          "Sort",
          "Aggregate"
        ],
        [
          "Seq Scan",
          "Materialize",
          "Nested Loop",
          "Sort",
          "Aggregate"
        ]
      ],
      "index_shape": [
        "join"
      ],
      "physical_operator": {
        "Hash Join": [
          0.0011148233314203675
        ]
      }
    }
  },
  {
    "query": "select  i_item_desc\n      ,w_warehouse_name\n      ,d1.d_week_seq\n      ,sum(case when p_promo_sk is null then 1 else 0 end) no_promo\n      ,sum(case when p_promo_sk is not null then 1 else 0 end) promo\n      ,count(*) total_cnt\nfrom catalog_sales\njoin inventory on (cs_item_sk = inv_item_sk)\njoin warehouse on (w_warehouse_sk=inv_warehouse_sk)\njoin item on (i_item_sk = cs_item_sk)\njoin customer_demographics on (cs_bill_cdemo_sk = cd_demo_sk)\njoin household_demographics on (cs_bill_hdemo_sk = hd_demo_sk)\njoin date_dim d1 on (cs_sold_date_sk = d1.d_date_sk)\njoin date_dim d2 on (inv_date_sk = d2.d_date_sk)\njoin date_dim d3 on (cs_ship_date_sk = d3.d_date_sk)\nleft outer join promotion on (cs_promo_sk=p_promo_sk)\nleft outer join catalog_returns on (cr_item_sk = cs_item_sk and cr_order_number = cs_order_number)\nwhere d1.d_week_seq = d2.d_week_seq\n  and inv_quantity_on_hand < cs_quantity \n  and d3.d_date > d1.d_date + 5\n  and hd_buy_potential = '501-1000'\n  and d1.d_year = 2001\n  and cd_marital_status = 'S'\ngroup by i_item_desc,w_warehouse_name,d1.d_week_seq\norder by total_cnt desc, i_item_desc, w_warehouse_name, d_week_seq\nlimit 100;\n\n-- end query 54 in stream 2 using template query72.tpl\n",
    "indexes": "customer_demographics.cd_marital_status",
    "wo plan est": {
      "Node Type": "Limit",
      "Parallel Aware": false,
      "Async Capable": false,
      "Startup Cost": 2058864.31,
      "Total Cost": 2058864.41,
      "Plan Rows": 40,
      "Plan Width": 147,
      "Plans": [
        {
          "Node Type": "Sort",
          "Parent Relationship": "Outer",
          "Parallel Aware": false,
          "Async Capable": false,
          "Startup Cost": 2058864.31,
          "Total Cost": 2058864.41,
          "Plan Rows": 40,
          "Plan Width": 147,
          "Sort Key": [
            "(count(*)) DESC",
            "item.i_item_desc",
            "warehouse.w_warehouse_name",
            "d1.d_week_seq"
          ],
          "Plans": [
            {
              "Node Type": "Aggregate",
              "Strategy": "Sorted",
              "Partial Mode": "Simple",
              "Parent Relationship": "Outer",
              "Parallel Aware": false,
              "Async Capable": false,
              "Startup Cost": 2058862.15,
              "Total Cost": 2058863.25,
              "Plan Rows": 40,
              "Plan Width": 147,
              "Group Key": [
                "item.i_item_desc",
                "warehouse.w_warehouse_name",
                "d1.d_week_seq"
              ],
              "Plans": [
                {
                  "Node Type": "Sort",
                  "Parent Relationship": "Outer",
                  "Parallel Aware": false,
                  "Async Capable": false,
                  "Startup Cost": 2058862.15,
                  "Total Cost": 2058862.25,
                  "Plan Rows": 40,
                  "Plan Width": 127,
                  "Sort Key": [
                    "item.i_item_desc",
                    "warehouse.w_warehouse_name",
                    "d1.d_week_seq"
                  ],
                  "Plans": [
                    {
                      "Node Type": "Nested Loop",
                      "Parent Relationship": "Outer",
                      "Parallel Aware": false,
                      "Async Capable": false,
                      "Join Type": "Left",
                      "Startup Cost": 2004596.21,
                      "Total Cost": 2058861.08,
                      "Plan Rows": 40,
                      "Plan Width": 127,
                      "Inner Unique": false,
                      "Join Filter": "(catalog_sales.cs_promo_sk = promotion.p_promo_sk)",
                      "Plans": [
                        {
                          "Node Type": "Hash Join",
                          "Parent Relationship": "Outer",
                          "Parallel Aware": false,
                          "Async Capable": false,
                          "Join Type": "Right",
                          "Startup Cost": 2004596.21,
                          "Total Cost": 2058541.83,
                          "Plan Rows": 40,
                          "Plan Width": 127,
                          "Inner Unique": false,
                          "Hash Cond": "((catalog_returns.cr_item_sk = catalog_sales.cs_item_sk) AND (catalog_returns.cr_order_number = catalog_sales.cs_order_number))",
                          "Plans": [
                            {
                              "Node Type": "Seq Scan",
                              "Parent Relationship": "Outer",
                              "Parallel Aware": false,
                              "Async Capable": false,
                              "Relation Name": "catalog_returns",
                              "Alias": "catalog_returns",
                              "Startup Cost": 0.0,
                              "Total Cost": 43147.49,
                              "Plan Rows": 1439749,
                              "Plan Width": 8,
                              "parent": 5,
                              "ID": 6
                            },
                            {
                              "Node Type": "Hash",
                              "Parent Relationship": "Inner",
                              "Parallel Aware": false,
                              "Async Capable": false,
                              "Startup Cost": 2004595.61,
                              "Total Cost": 2004595.61,
                              "Plan Rows": 40,
                              "Plan Width": 135,
                              "Plans": [
                                {
                                  "Node Type": "Hash Join",
                                  "Parent Relationship": "Outer",
                                  "Parallel Aware": false,
                                  "Async Capable": false,
                                  "Join Type": "Inner",
                                  "Startup Cost": 508613.25,
                                  "Total Cost": 2004595.61,
                                  "Plan Rows": 40,
                                  "Plan Width": 135,
                                  "Inner Unique": false,
                                  "Hash Cond": "(catalog_sales.cs_ship_date_sk = d3.d_date_sk)",
                                  "Join Filter": "(d3.d_date > (d1.d_date + 5))",
                                  "Plans": [
                                    {
                                      "Node Type": "Nested Loop",
                                      "Parent Relationship": "Outer",
                                      "Parallel Aware": false,
                                      "Async Capable": false,
                                      "Join Type": "Inner",
                                      "Startup Cost": 505564.64,
                                      "Total Cost": 2001544.76,
                                      "Plan Rows": 121,
                                      "Plan Width": 143,
                                      "Inner Unique": false,
                                      "Join Filter": "(inventory.inv_warehouse_sk = warehouse.w_warehouse_sk)",
                                      "Plans": [
                                        {
                                          "Node Type": "Hash Join",
                                          "Parent Relationship": "Outer",
                                          "Parallel Aware": false,
                                          "Async Capable": false,
                                          "Join Type": "Inner",
                                          "Startup Cost": 505564.64,
                                          "Total Cost": 2001525.48,
                                          "Plan Rows": 121,
                                          "Plan Width": 130,
                                          "Inner Unique": false,
                                          "Hash Cond": "(catalog_sales.cs_item_sk = item.i_item_sk)",
                                          "Plans": [
                                            {
                                              "Node Type": "Gather",
                                              "Parent Relationship": "Outer",
                                              "Parallel Aware": false,
                                              "Async Capable": false,
                                              "Startup Cost": 494611.64,
                                              "Total Cost": 1988874.82,
                                              "Plan Rows": 121,
                                              "Plan Width": 32,
                                              "Workers Planned": 2,
                                              "Single Copy": false,
                                              "Plans": [
                                                {
                                                  "Node Type": "Hash Join",
                                                  "Parent Relationship": "Outer",
                                                  "Parallel Aware": true,
                                                  "Async Capable": false,
                                                  "Join Type": "Inner",
                                                  "Startup Cost": 493611.64,
                                                  "Total Cost": 1987862.72,
                                                  "Plan Rows": 50,
                                                  "Plan Width": 32,
                                                  "Inner Unique": false,
                                                  "Hash Cond": "((inventory.inv_date_sk = d2.d_date_sk) AND (d1.d_week_seq = d2.d_week_seq))",
                                                  "Plans": [
                                                    {
                                                      "Node Type": "Hash Join",
                                                      "Parent Relationship": "Outer",
                                                      "Parallel Aware": true,
                                                      "Async Capable": false,
                                                      "Join Type": "Inner",
                                                      "Startup Cost": 491132.39,
                                                      "Total Cost": 1981451.77,
                                                      "Plan Rows": 524186,
                                                      "Plan Width": 36,
                                                      "Inner Unique": false,
                                                      "Hash Cond": "(inventory.inv_item_sk = catalog_sales.cs_item_sk)",
                                                      "Join Filter": "(inventory.inv_quantity_on_hand < catalog_sales.cs_quantity)",
                                                      "Plans": [
                                                        {
                                                          "Node Type": "Seq Scan",
                                                          "Parent Relationship": "Outer",
                                                          "Parallel Aware": true,
                                                          "Async Capable": false,
                                                          "Relation Name": "inventory",
                                                          "Alias": "inventory",
                                                          "Startup Cost": 0.0,
                                                          "Total Cost": 1274139.37,
                                                          "Plan Rows": 55462537,
                                                          "Plan Width": 16,
                                                          "parent": 13,
                                                          "ID": 14
                                                        },
                                                        {
                                                          "Node Type": "Hash",
                                                          "Parent Relationship": "Inner",
                                                          "Parallel Aware": true,
                                                          "Async Capable": false,
                                                          "Startup Cost": 491120.29,
                                                          "Total Cost": 491120.29,
                                                          "Plan Rows": 968,
                                                          "Plan Width": 28,
                                                          "Plans": [
                                                            {
                                                              "Node Type": "Hash Join",
                                                              "Parent Relationship": "Outer",
                                                              "Parallel Aware": true,
                                                              "Async Capable": false,
                                                              "Join Type": "Inner",
                                                              "Startup Cost": 458688.15,
                                                              "Total Cost": 491120.29,
                                                              "Plan Rows": 968,
                                                              "Plan Width": 28,
                                                              "Inner Unique": false,
                                                              "Hash Cond": "(customer_demographics.cd_demo_sk = catalog_sales.cs_bill_cdemo_sk)",
                                                              "Plans": [
                                                                {
                                                                  "Node Type": "Seq Scan",
                                                                  "Parent Relationship": "Outer",
                                                                  "Parallel Aware": true,
                                                                  "Async Capable": false,
                                                                  "Relation Name": "customer_demographics",
                                                                  "Alias": "customer_demographics",
                                                                  "Startup Cost": 0.0,
                                                                  "Total Cost": 31832.17,
                                                                  "Plan Rows": 158920,
                                                                  "Plan Width": 4,
                                                                  "Filter": "(cd_marital_status = 'S'::bpchar)",
                                                                  "parent": 16,
                                                                  "ID": 17
                                                                },
                                                                {
                                                                  "Node Type": "Hash",
                                                                  "Parent Relationship": "Inner",
                                                                  "Parallel Aware": true,
                                                                  "Async Capable": false,
                                                                  "Startup Cost": 458626.88,
                                                                  "Total Cost": 458626.88,
                                                                  "Plan Rows": 4901,
                                                                  "Plan Width": 32,
                                                                  "Plans": [
                                                                    {
                                                                      "Node Type": "Hash Join",
                                                                      "Parent Relationship": "Outer",
                                                                      "Parallel Aware": false,
                                                                      "Async Capable": false,
                                                                      "Join Type": "Inner",
                                                                      "Startup Cost": 2102.79,
                                                                      "Total Cost": 458626.88,
                                                                      "Plan Rows": 4901,
                                                                      "Plan Width": 32,
                                                                      "Inner Unique": false,
                                                                      "Hash Cond": "(catalog_sales.cs_bill_hdemo_sk = household_demographics.hd_demo_sk)",
                                                                      "Plans": [
                                                                        {
                                                                          "Node Type": "Hash Join",
                                                                          "Parent Relationship": "Outer",
                                                                          "Parallel Aware": true,
                                                                          "Async Capable": false,
                                                                          "Join Type": "Inner",
                                                                          "Startup Cost": 1944.79,
                                                                          "Total Cost": 458308.99,
                                                                          "Plan Rows": 29569,
                                                                          "Plan Width": 36,
                                                                          "Inner Unique": false,
                                                                          "Hash Cond": "(catalog_sales.cs_sold_date_sk = d1.d_date_sk)",
                                                                          "Plans": [
                                                                            {
                                                                              "Node Type": "Seq Scan",
                                                                              "Parent Relationship": "Outer",
                                                                              "Parallel Aware": true,
                                                                              "Async Capable": false,
                                                                              "Relation Name": "catalog_sales",
                                                                              "Alias": "catalog_sales",
                                                                              "Startup Cost": 0.0,
                                                                              "Total Cost": 433688.25,
                                                                              "Plan Rows": 6000525,
                                                                              "Plan Width": 32,
                                                                              "parent": 20,
                                                                              "ID": 21
                                                                            },
                                                                            {
                                                                              "Node Type": "Hash",
                                                                              "Parent Relationship": "Inner",
                                                                              "Parallel Aware": true,
                                                                              "Async Capable": false,
                                                                              "Startup Cost": 1942.12,
                                                                              "Total Cost": 1942.12,
                                                                              "Plan Rows": 213,
                                                                              "Plan Width": 12,
                                                                              "Plans": [
                                                                                {
                                                                                  "Node Type": "Seq Scan",
                                                                                  "Parent Relationship": "Outer",
                                                                                  "Parallel Aware": true,
                                                                                  "Async Capable": false,
                                                                                  "Relation Name": "date_dim",
                                                                                  "Alias": "d1",
                                                                                  "Startup Cost": 0.0,
                                                                                  "Total Cost": 1942.12,
                                                                                  "Plan Rows": 213,
                                                                                  "Plan Width": 12,
                                                                                  "Filter": "(d_year = 2001)",
                                                                                  "parent": 22,
                                                                                  "ID": 23
                                                                                }
                                                                              ],
                                                                              "parent": 20,
                                                                              "ID": 22,
                                                                              "left": 23
                                                                            }
                                                                          ],
                                                                          "parent": 19,
                                                                          "ID": 20,
                                                                          "left": 21,
                                                                          "right": 22
                                                                        },
                                                                        {
                                                                          "Node Type": "Hash",
                                                                          "Parent Relationship": "Inner",
                                                                          "Parallel Aware": false,
                                                                          "Async Capable": false,
                                                                          "Startup Cost": 143.0,
                                                                          "Total Cost": 143.0,
                                                                          "Plan Rows": 1200,
                                                                          "Plan Width": 4,
                                                                          "Plans": [
                                                                            {
                                                                              "Node Type": "Seq Scan",
                                                                              "Parent Relationship": "Outer",
                                                                              "Parallel Aware": false,
                                                                              "Async Capable": false,
                                                                              "Relation Name": "household_demographics",
                                                                              "Alias": "household_demographics",
                                                                              "Startup Cost": 0.0,
                                                                              "Total Cost": 143.0,
                                                                              "Plan Rows": 1200,
                                                                              "Plan Width": 4,
                                                                              "Filter": "(hd_buy_potential = '501-1000'::bpchar)",
                                                                              "parent": 24,
                                                                              "ID": 25
                                                                            }
                                                                          ],
                                                                          "parent": 19,
                                                                          "ID": 24,
                                                                          "left": 25
                                                                        }
                                                                      ],
                                                                      "parent": 18,
                                                                      "ID": 19,
                                                                      "left": 20,
                                                                      "right": 24
                                                                    }
                                                                  ],
                                                                  "parent": 16,
                                                                  "ID": 18,
                                                                  "left": 19
                                                                }
                                                              ],
                                                              "parent": 15,
                                                              "ID": 16,
                                                              "left": 17,
                                                              "right": 18
                                                            }
                                                          ],
                                                          "parent": 13,
                                                          "ID": 15,
                                                          "left": 16
                                                        }
                                                      ],
                                                      "parent": 12,
                                                      "ID": 13,
                                                      "left": 14,
                                                      "right": 15
                                                    },
                                                    {
                                                      "Node Type": "Hash",
                                                      "Parent Relationship": "Inner",
                                                      "Parallel Aware": true,
                                                      "Async Capable": false,
                                                      "Startup Cost": 1834.7,
                                                      "Total Cost": 1834.7,
                                                      "Plan Rows": 42970,
                                                      "Plan Width": 8,
                                                      "Plans": [
                                                        {
                                                          "Node Type": "Seq Scan",
                                                          "Parent Relationship": "Outer",
                                                          "Parallel Aware": true,
                                                          "Async Capable": false,
                                                          "Relation Name": "date_dim",
                                                          "Alias": "d2",
                                                          "Startup Cost": 0.0,
                                                          "Total Cost": 1834.7,
                                                          "Plan Rows": 42970,
                                                          "Plan Width": 8,
                                                          "parent": 26,
                                                          "ID": 27
                                                        }
                                                      ],
                                                      "parent": 12,
                                                      "ID": 26,
                                                      "left": 27
                                                    }
                                                  ],
                                                  "parent": 11,
                                                  "ID": 12,
                                                  "left": 13,
                                                  "right": 26
                                                }
                                              ],
                                              "parent": 10,
                                              "ID": 11,
                                              "left": 12
                                            },
                                            {
                                              "Node Type": "Hash",
                                              "Parent Relationship": "Inner",
                                              "Parallel Aware": false,
                                              "Async Capable": false,
                                              "Startup Cost": 7984.0,
                                              "Total Cost": 7984.0,
                                              "Plan Rows": 102000,
                                              "Plan Width": 106,
                                              "Plans": [
                                                {
                                                  "Node Type": "Seq Scan",
                                                  "Parent Relationship": "Outer",
                                                  "Parallel Aware": false,
                                                  "Async Capable": false,
                                                  "Relation Name": "item",
                                                  "Alias": "item",
                                                  "Startup Cost": 0.0,
                                                  "Total Cost": 7984.0,
                                                  "Plan Rows": 102000,
                                                  "Plan Width": 106,
                                                  "parent": 28,
                                                  "ID": 29
                                                }
                                              ],
                                              "parent": 10,
                                              "ID": 28,
                                              "left": 29
                                            }
                                          ],
                                          "parent": 9,
                                          "ID": 10,
                                          "left": 11,
                                          "right": 28
                                        },
                                        {
                                          "Node Type": "Materialize",
                                          "Parent Relationship": "Inner",
                                          "Parallel Aware": false,
                                          "Async Capable": false,
                                          "Startup Cost": 0.0,
                                          "Total Cost": 1.15,
                                          "Plan Rows": 10,
                                          "Plan Width": 21,
                                          "Plans": [
                                            {
                                              "Node Type": "Seq Scan",
                                              "Parent Relationship": "Outer",
                                              "Parallel Aware": false,
                                              "Async Capable": false,
                                              "Relation Name": "warehouse",
                                              "Alias": "warehouse",
                                              "Startup Cost": 0.0,
                                              "Total Cost": 1.1,
                                              "Plan Rows": 10,
                                              "Plan Width": 21,
                                              "parent": 30,
                                              "ID": 31
                                            }
                                          ],
                                          "parent": 9,
                                          "ID": 30,
                                          "left": 31
                                        }
                                      ],
                                      "parent": 8,
                                      "ID": 9,
                                      "left": 10,
                                      "right": 30
                                    },
                                    {
                                      "Node Type": "Hash",
                                      "Parent Relationship": "Inner",
                                      "Parallel Aware": false,
                                      "Async Capable": false,
                                      "Startup Cost": 2135.49,
                                      "Total Cost": 2135.49,
                                      "Plan Rows": 73049,
                                      "Plan Width": 8,
                                      "Plans": [
                                        {
                                          "Node Type": "Seq Scan",
                                          "Parent Relationship": "Outer",
                                          "Parallel Aware": false,
                                          "Async Capable": false,
                                          "Relation Name": "date_dim",
                                          "Alias": "d3",
                                          "Startup Cost": 0.0,
                                          "Total Cost": 2135.49,
                                          "Plan Rows": 73049,
                                          "Plan Width": 8,
                                          "parent": 32,
                                          "ID": 33
                                        }
                                      ],
                                      "parent": 8,
                                      "ID": 32,
                                      "left": 33
                                    }
                                  ],
                                  "parent": 7,
                                  "ID": 8,
                                  "left": 9,
                                  "right": 32
                                }
                              ],
                              "parent": 5,
                              "ID": 7,
                              "left": 8
                            }
                          ],
                          "parent": 4,
                          "ID": 5,
                          "left": 6,
                          "right": 7
                        },
                        {
                          "Node Type": "Materialize",
                          "Parent Relationship": "Inner",
                          "Parallel Aware": false,
                          "Async Capable": false,
                          "Startup Cost": 0.0,
                          "Total Cost": 20.5,
                          "Plan Rows": 500,
                          "Plan Width": 4,
                          "Plans": [
                            {
                              "Node Type": "Seq Scan",
                              "Parent Relationship": "Outer",
                              "Parallel Aware": false,
                              "Async Capable": false,
                              "Relation Name": "promotion",
                              "Alias": "promotion",
                              "Startup Cost": 0.0,
                              "Total Cost": 18.0,
                              "Plan Rows": 500,
                              "Plan Width": 4,
                              "parent": 34,
                              "ID": 35
                            }
                          ],
                          "parent": 4,
                          "ID": 34,
                          "left": 35
                        }
                      ],
                      "parent": 3,
                      "ID": 4,
                      "left": 5,
                      "right": 34
                    }
                  ],
                  "parent": 2,
                  "ID": 3,
                  "left": 4
                }
              ],
              "parent": 1,
              "ID": 2,
              "left": 3
            }
          ],
          "parent": 0,
          "ID": 1,
          "left": 2
        }
      ],
      "parent": null,
      "ID": 0,
      "left": 1
    },
    "feat": {
      "utility": 0.014181843149190984,
      "query_shape": [
        [
          "Seq Scan",
          "Hash Join",
          "Nested Loop",
          "Sort",
          "Aggregate"
        ],
        [
          "Seq Scan",
          "Hash Join",
          "Gather",
          "Nested Loop",
          "Hash",
          "Sort",
          "Aggregate"
        ],
        [
          "Seq Scan",
          "Hash Join",
          "Hash",
          "Gather",
          "Nested Loop",
          "Sort",
          "Aggregate"
        ],
        [
          "Seq Scan",
          "Hash Join",
          "Hash",
          "Gather",
          "Nested Loop",
          "Sort",
          "Aggregate"
        ],
        [
          "Seq Scan",
          "Hash",
          "Hash Join",
          "Gather",
          "Nested Loop",
          "Sort",
          "Aggregate"
        ],
        [
          "Seq Scan",
          "Hash",
          "Hash Join",
          "Gather",
          "Nested Loop",
          "Sort",
          "Aggregate"
        ],
        [
          "Seq Scan",
          "Hash",
          "Hash Join",
          "Gather",
          "Nested Loop",
          "Sort",
          "Aggregate"
        ],
        [
          "Seq Scan",
          "Hash",
          "Hash Join",
          "Nested Loop",
          "Sort",
          "Aggregate"
        ],
        [
          "Seq Scan",
          "Materialize",
          "Nested Loop",
          "Hash Join",
          "Hash",
          "Sort",
          "Aggregate"
        ],
        [
          "Seq Scan",
          "Hash",
          "Hash Join",
          "Nested Loop",
          "Sort",
          "Aggregate"
        ],
        [
          "Seq Scan",
          "Materialize",
          "Nested Loop",
          "Sort",
          "Aggregate"
        ]
      ],
      "index_shape": [
        "selection"
      ],
      "physical_operator": {
        "Seq Scan": [
          0.08273635985006245
        ]
      }
    }
  },
  {
    "query": "select  i_item_desc\n      ,w_warehouse_name\n      ,d1.d_week_seq\n      ,sum(case when p_promo_sk is null then 1 else 0 end) no_promo\n      ,sum(case when p_promo_sk is not null then 1 else 0 end) promo\n      ,count(*) total_cnt\nfrom catalog_sales\njoin inventory on (cs_item_sk = inv_item_sk)\njoin warehouse on (w_warehouse_sk=inv_warehouse_sk)\njoin item on (i_item_sk = cs_item_sk)\njoin customer_demographics on (cs_bill_cdemo_sk = cd_demo_sk)\njoin household_demographics on (cs_bill_hdemo_sk = hd_demo_sk)\njoin date_dim d1 on (cs_sold_date_sk = d1.d_date_sk)\njoin date_dim d2 on (inv_date_sk = d2.d_date_sk)\njoin date_dim d3 on (cs_ship_date_sk = d3.d_date_sk)\nleft outer join promotion on (cs_promo_sk=p_promo_sk)\nleft outer join catalog_returns on (cr_item_sk = cs_item_sk and cr_order_number = cs_order_number)\nwhere d1.d_week_seq = d2.d_week_seq\n  and inv_quantity_on_hand < cs_quantity \n  and d3.d_date > d1.d_date + 5\n  and hd_buy_potential = '501-1000'\n  and d1.d_year = 2001\n  and cd_marital_status = 'S'\ngroup by i_item_desc,w_warehouse_name,d1.d_week_seq\norder by total_cnt desc, i_item_desc, w_warehouse_name, d_week_seq\nlimit 100;\n\n-- end query 54 in stream 2 using template query72.tpl\n",
    "indexes": "date_dim.d_year",
    "wo plan est": {
      "Node Type": "Limit",
      "Parallel Aware": false,
      "Async Capable": false,
      "Startup Cost": 2058864.31,
      "Total Cost": 2058864.41,
      "Plan Rows": 40,
      "Plan Width": 147,
      "Plans": [
        {
          "Node Type": "Sort",
          "Parent Relationship": "Outer",
          "Parallel Aware": false,
          "Async Capable": false,
          "Startup Cost": 2058864.31,
          "Total Cost": 2058864.41,
          "Plan Rows": 40,
          "Plan Width": 147,
          "Sort Key": [
            "(count(*)) DESC",
            "item.i_item_desc",
            "warehouse.w_warehouse_name",
            "d1.d_week_seq"
          ],
          "Plans": [
            {
              "Node Type": "Aggregate",
              "Strategy": "Sorted",
              "Partial Mode": "Simple",
              "Parent Relationship": "Outer",
              "Parallel Aware": false,
              "Async Capable": false,
              "Startup Cost": 2058862.15,
              "Total Cost": 2058863.25,
              "Plan Rows": 40,
              "Plan Width": 147,
              "Group Key": [
                "item.i_item_desc",
                "warehouse.w_warehouse_name",
                "d1.d_week_seq"
              ],
              "Plans": [
                {
                  "Node Type": "Sort",
                  "Parent Relationship": "Outer",
                  "Parallel Aware": false,
                  "Async Capable": false,
                  "Startup Cost": 2058862.15,
                  "Total Cost": 2058862.25,
                  "Plan Rows": 40,
                  "Plan Width": 127,
                  "Sort Key": [
                    "item.i_item_desc",
                    "warehouse.w_warehouse_name",
                    "d1.d_week_seq"
                  ],
                  "Plans": [
                    {
                      "Node Type": "Nested Loop",
                      "Parent Relationship": "Outer",
                      "Parallel Aware": false,
                      "Async Capable": false,
                      "Join Type": "Left",
                      "Startup Cost": 2004596.21,
                      "Total Cost": 2058861.08,
                      "Plan Rows": 40,
                      "Plan Width": 127,
                      "Inner Unique": false,
                      "Join Filter": "(catalog_sales.cs_promo_sk = promotion.p_promo_sk)",
                      "Plans": [
                        {
                          "Node Type": "Hash Join",
                          "Parent Relationship": "Outer",
                          "Parallel Aware": false,
                          "Async Capable": false,
                          "Join Type": "Right",
                          "Startup Cost": 2004596.21,
                          "Total Cost": 2058541.83,
                          "Plan Rows": 40,
                          "Plan Width": 127,
                          "Inner Unique": false,
                          "Hash Cond": "((catalog_returns.cr_item_sk = catalog_sales.cs_item_sk) AND (catalog_returns.cr_order_number = catalog_sales.cs_order_number))",
                          "Plans": [
                            {
                              "Node Type": "Seq Scan",
                              "Parent Relationship": "Outer",
                              "Parallel Aware": false,
                              "Async Capable": false,
                              "Relation Name": "catalog_returns",
                              "Alias": "catalog_returns",
                              "Startup Cost": 0.0,
                              "Total Cost": 43147.49,
                              "Plan Rows": 1439749,
                              "Plan Width": 8,
                              "parent": 5,
                              "ID": 6
                            },
                            {
                              "Node Type": "Hash",
                              "Parent Relationship": "Inner",
                              "Parallel Aware": false,
                              "Async Capable": false,
                              "Startup Cost": 2004595.61,
                              "Total Cost": 2004595.61,
                              "Plan Rows": 40,
                              "Plan Width": 135,
                              "Plans": [
                                {
                                  "Node Type": "Hash Join",
                                  "Parent Relationship": "Outer",
                                  "Parallel Aware": false,
                                  "Async Capable": false,
                                  "Join Type": "Inner",
                                  "Startup Cost": 508613.25,
                                  "Total Cost": 2004595.61,
                                  "Plan Rows": 40,
                                  "Plan Width": 135,
                                  "Inner Unique": false,
                                  "Hash Cond": "(catalog_sales.cs_ship_date_sk = d3.d_date_sk)",
                                  "Join Filter": "(d3.d_date > (d1.d_date + 5))",
                                  "Plans": [
                                    {
                                      "Node Type": "Nested Loop",
                                      "Parent Relationship": "Outer",
                                      "Parallel Aware": false,
                                      "Async Capable": false,
                                      "Join Type": "Inner",
                                      "Startup Cost": 505564.64,
                                      "Total Cost": 2001544.76,
                                      "Plan Rows": 121,
                                      "Plan Width": 143,
                                      "Inner Unique": false,
                                      "Join Filter": "(inventory.inv_warehouse_sk = warehouse.w_warehouse_sk)",
                                      "Plans": [
                                        {
                                          "Node Type": "Hash Join",
                                          "Parent Relationship": "Outer",
                                          "Parallel Aware": false,
                                          "Async Capable": false,
                                          "Join Type": "Inner",
                                          "Startup Cost": 505564.64,
                                          "Total Cost": 2001525.48,
                                          "Plan Rows": 121,
                                          "Plan Width": 130,
                                          "Inner Unique": false,
                                          "Hash Cond": "(catalog_sales.cs_item_sk = item.i_item_sk)",
                                          "Plans": [
                                            {
                                              "Node Type": "Gather",
                                              "Parent Relationship": "Outer",
                                              "Parallel Aware": false,
                                              "Async Capable": false,
                                              "Startup Cost": 494611.64,
                                              "Total Cost": 1988874.82,
                                              "Plan Rows": 121,
                                              "Plan Width": 32,
                                              "Workers Planned": 2,
                                              "Single Copy": false,
                                              "Plans": [
                                                {
                                                  "Node Type": "Hash Join",
                                                  "Parent Relationship": "Outer",
                                                  "Parallel Aware": true,
                                                  "Async Capable": false,
                                                  "Join Type": "Inner",
                                                  "Startup Cost": 493611.64,
                                                  "Total Cost": 1987862.72,
                                                  "Plan Rows": 50,
                                                  "Plan Width": 32,
                                                  "Inner Unique": false,
                                                  "Hash Cond": "((inventory.inv_date_sk = d2.d_date_sk) AND (d1.d_week_seq = d2.d_week_seq))",
                                                  "Plans": [
                                                    {
                                                      "Node Type": "Hash Join",
                                                      "Parent Relationship": "Outer",
                                                      "Parallel Aware": true,
                                                      "Async Capable": false,
                                                      "Join Type": "Inner",
                                                      "Startup Cost": 491132.39,
                                                      "Total Cost": 1981451.77,
                                                      "Plan Rows": 524186,
                                                      "Plan Width": 36,
                                                      "Inner Unique": false,
                                                      "Hash Cond": "(inventory.inv_item_sk = catalog_sales.cs_item_sk)",
                                                      "Join Filter": "(inventory.inv_quantity_on_hand < catalog_sales.cs_quantity)",
                                                      "Plans": [
                                                        {
                                                          "Node Type": "Seq Scan",
                                                          "Parent Relationship": "Outer",
                                                          "Parallel Aware": true,
                                                          "Async Capable": false,
                                                          "Relation Name": "inventory",
                                                          "Alias": "inventory",
                                                          "Startup Cost": 0.0,
                                                          "Total Cost": 1274139.37,
                                                          "Plan Rows": 55462537,
                                                          "Plan Width": 16,
                                                          "parent": 13,
                                                          "ID": 14
                                                        },
                                                        {
                                                          "Node Type": "Hash",
                                                          "Parent Relationship": "Inner",
                                                          "Parallel Aware": true,
                                                          "Async Capable": false,
                                                          "Startup Cost": 491120.29,
                                                          "Total Cost": 491120.29,
                                                          "Plan Rows": 968,
                                                          "Plan Width": 28,
                                                          "Plans": [
                                                            {
                                                              "Node Type": "Hash Join",
                                                              "Parent Relationship": "Outer",
                                                              "Parallel Aware": true,
                                                              "Async Capable": false,
                                                              "Join Type": "Inner",
                                                              "Startup Cost": 458688.15,
                                                              "Total Cost": 491120.29,
                                                              "Plan Rows": 968,
                                                              "Plan Width": 28,
                                                              "Inner Unique": false,
                                                              "Hash Cond": "(customer_demographics.cd_demo_sk = catalog_sales.cs_bill_cdemo_sk)",
                                                              "Plans": [
                                                                {
                                                                  "Node Type": "Seq Scan",
                                                                  "Parent Relationship": "Outer",
                                                                  "Parallel Aware": true,
                                                                  "Async Capable": false,
                                                                  "Relation Name": "customer_demographics",
                                                                  "Alias": "customer_demographics",
                                                                  "Startup Cost": 0.0,
                                                                  "Total Cost": 31832.17,
                                                                  "Plan Rows": 158920,
                                                                  "Plan Width": 4,
                                                                  "Filter": "(cd_marital_status = 'S'::bpchar)",
                                                                  "parent": 16,
                                                                  "ID": 17
                                                                },
                                                                {
                                                                  "Node Type": "Hash",
                                                                  "Parent Relationship": "Inner",
                                                                  "Parallel Aware": true,
                                                                  "Async Capable": false,
                                                                  "Startup Cost": 458626.88,
                                                                  "Total Cost": 458626.88,
                                                                  "Plan Rows": 4901,
                                                                  "Plan Width": 32,
                                                                  "Plans": [
                                                                    {
                                                                      "Node Type": "Hash Join",
                                                                      "Parent Relationship": "Outer",
                                                                      "Parallel Aware": false,
                                                                      "Async Capable": false,
                                                                      "Join Type": "Inner",
                                                                      "Startup Cost": 2102.79,
                                                                      "Total Cost": 458626.88,
                                                                      "Plan Rows": 4901,
                                                                      "Plan Width": 32,
                                                                      "Inner Unique": false,
                                                                      "Hash Cond": "(catalog_sales.cs_bill_hdemo_sk = household_demographics.hd_demo_sk)",
                                                                      "Plans": [
                                                                        {
                                                                          "Node Type": "Hash Join",
                                                                          "Parent Relationship": "Outer",
                                                                          "Parallel Aware": true,
                                                                          "Async Capable": false,
                                                                          "Join Type": "Inner",
                                                                          "Startup Cost": 1944.79,
                                                                          "Total Cost": 458308.99,
                                                                          "Plan Rows": 29569,
                                                                          "Plan Width": 36,
                                                                          "Inner Unique": false,
                                                                          "Hash Cond": "(catalog_sales.cs_sold_date_sk = d1.d_date_sk)",
                                                                          "Plans": [
                                                                            {
                                                                              "Node Type": "Seq Scan",
                                                                              "Parent Relationship": "Outer",
                                                                              "Parallel Aware": true,
                                                                              "Async Capable": false,
                                                                              "Relation Name": "catalog_sales",
                                                                              "Alias": "catalog_sales",
                                                                              "Startup Cost": 0.0,
                                                                              "Total Cost": 433688.25,
                                                                              "Plan Rows": 6000525,
                                                                              "Plan Width": 32,
                                                                              "parent": 20,
                                                                              "ID": 21
                                                                            },
                                                                            {
                                                                              "Node Type": "Hash",
                                                                              "Parent Relationship": "Inner",
                                                                              "Parallel Aware": true,
                                                                              "Async Capable": false,
                                                                              "Startup Cost": 1942.12,
                                                                              "Total Cost": 1942.12,
                                                                              "Plan Rows": 213,
                                                                              "Plan Width": 12,
                                                                              "Plans": [
                                                                                {
                                                                                  "Node Type": "Seq Scan",
                                                                                  "Parent Relationship": "Outer",
                                                                                  "Parallel Aware": true,
                                                                                  "Async Capable": false,
                                                                                  "Relation Name": "date_dim",
                                                                                  "Alias": "d1",
                                                                                  "Startup Cost": 0.0,
                                                                                  "Total Cost": 1942.12,
                                                                                  "Plan Rows": 213,
                                                                                  "Plan Width": 12,
                                                                                  "Filter": "(d_year = 2001)",
                                                                                  "parent": 22,
                                                                                  "ID": 23
                                                                                }
                                                                              ],
                                                                              "parent": 20,
                                                                              "ID": 22,
                                                                              "left": 23
                                                                            }
                                                                          ],
                                                                          "parent": 19,
                                                                          "ID": 20,
                                                                          "left": 21,
                                                                          "right": 22
                                                                        },
                                                                        {
                                                                          "Node Type": "Hash",
                                                                          "Parent Relationship": "Inner",
                                                                          "Parallel Aware": false,
                                                                          "Async Capable": false,
                                                                          "Startup Cost": 143.0,
                                                                          "Total Cost": 143.0,
                                                                          "Plan Rows": 1200,
                                                                          "Plan Width": 4,
                                                                          "Plans": [
                                                                            {
                                                                              "Node Type": "Seq Scan",
                                                                              "Parent Relationship": "Outer",
                                                                              "Parallel Aware": false,
                                                                              "Async Capable": false,
                                                                              "Relation Name": "household_demographics",
                                                                              "Alias": "household_demographics",
                                                                              "Startup Cost": 0.0,
                                                                              "Total Cost": 143.0,
                                                                              "Plan Rows": 1200,
                                                                              "Plan Width": 4,
                                                                              "Filter": "(hd_buy_potential = '501-1000'::bpchar)",
                                                                              "parent": 24,
                                                                              "ID": 25
                                                                            }
                                                                          ],
                                                                          "parent": 19,
                                                                          "ID": 24,
                                                                          "left": 25
                                                                        }
                                                                      ],
                                                                      "parent": 18,
                                                                      "ID": 19,
                                                                      "left": 20,
                                                                      "right": 24
                                                                    }
                                                                  ],
                                                                  "parent": 16,
                                                                  "ID": 18,
                                                                  "left": 19
                                                                }
                                                              ],
                                                              "parent": 15,
                                                              "ID": 16,
                                                              "left": 17,
                                                              "right": 18
                                                            }
                                                          ],
                                                          "parent": 13,
                                                          "ID": 15,
                                                          "left": 16
                                                        }
                                                      ],
                                                      "parent": 12,
                                                      "ID": 13,
                                                      "left": 14,
                                                      "right": 15
                                                    },
                                                    {
                                                      "Node Type": "Hash",
                                                      "Parent Relationship": "Inner",
                                                      "Parallel Aware": true,
                                                      "Async Capable": false,
                                                      "Startup Cost": 1834.7,
                                                      "Total Cost": 1834.7,
                                                      "Plan Rows": 42970,
                                                      "Plan Width": 8,
                                                      "Plans": [
                                                        {
                                                          "Node Type": "Seq Scan",
                                                          "Parent Relationship": "Outer",
                                                          "Parallel Aware": true,
                                                          "Async Capable": false,
                                                          "Relation Name": "date_dim",
                                                          "Alias": "d2",
                                                          "Startup Cost": 0.0,
                                                          "Total Cost": 1834.7,
                                                          "Plan Rows": 42970,
                                                          "Plan Width": 8,
                                                          "parent": 26,
                                                          "ID": 27
                                                        }
                                                      ],
                                                      "parent": 12,
                                                      "ID": 26,
                                                      "left": 27
                                                    }
                                                  ],
                                                  "parent": 11,
                                                  "ID": 12,
                                                  "left": 13,
                                                  "right": 26
                                                }
                                              ],
                                              "parent": 10,
                                              "ID": 11,
                                              "left": 12
                                            },
                                            {
                                              "Node Type": "Hash",
                                              "Parent Relationship": "Inner",
                                              "Parallel Aware": false,
                                              "Async Capable": false,
                                              "Startup Cost": 7984.0,
                                              "Total Cost": 7984.0,
                                              "Plan Rows": 102000,
                                              "Plan Width": 106,
                                              "Plans": [
                                                {
                                                  "Node Type": "Seq Scan",
                                                  "Parent Relationship": "Outer",
                                                  "Parallel Aware": false,
                                                  "Async Capable": false,
                                                  "Relation Name": "item",
                                                  "Alias": "item",
                                                  "Startup Cost": 0.0,
                                                  "Total Cost": 7984.0,
                                                  "Plan Rows": 102000,
                                                  "Plan Width": 106,
                                                  "parent": 28,
                                                  "ID": 29
                                                }
                                              ],
                                              "parent": 10,
                                              "ID": 28,
                                              "left": 29
                                            }
                                          ],
                                          "parent": 9,
                                          "ID": 10,
                                          "left": 11,
                                          "right": 28
                                        },
                                        {
                                          "Node Type": "Materialize",
                                          "Parent Relationship": "Inner",
                                          "Parallel Aware": false,
                                          "Async Capable": false,
                                          "Startup Cost": 0.0,
                                          "Total Cost": 1.15,
                                          "Plan Rows": 10,
                                          "Plan Width": 21,
                                          "Plans": [
                                            {
                                              "Node Type": "Seq Scan",
                                              "Parent Relationship": "Outer",
                                              "Parallel Aware": false,
                                              "Async Capable": false,
                                              "Relation Name": "warehouse",
                                              "Alias": "warehouse",
                                              "Startup Cost": 0.0,
                                              "Total Cost": 1.1,
                                              "Plan Rows": 10,
                                              "Plan Width": 21,
                                              "parent": 30,
                                              "ID": 31
                                            }
                                          ],
                                          "parent": 9,
                                          "ID": 30,
                                          "left": 31
                                        }
                                      ],
                                      "parent": 8,
                                      "ID": 9,
                                      "left": 10,
                                      "right": 30
                                    },
                                    {
                                      "Node Type": "Hash",
                                      "Parent Relationship": "Inner",
                                      "Parallel Aware": false,
                                      "Async Capable": false,
                                      "Startup Cost": 2135.49,
                                      "Total Cost": 2135.49,
                                      "Plan Rows": 73049,
                                      "Plan Width": 8,
                                      "Plans": [
                                        {
                                          "Node Type": "Seq Scan",
                                          "Parent Relationship": "Outer",
                                          "Parallel Aware": false,
                                          "Async Capable": false,
                                          "Relation Name": "date_dim",
                                          "Alias": "d3",
                                          "Startup Cost": 0.0,
                                          "Total Cost": 2135.49,
                                          "Plan Rows": 73049,
                                          "Plan Width": 8,
                                          "parent": 32,
                                          "ID": 33
                                        }
                                      ],
                                      "parent": 8,
                                      "ID": 32,
                                      "left": 33
                                    }
                                  ],
                                  "parent": 7,
                                  "ID": 8,
                                  "left": 9,
                                  "right": 32
                                }
                              ],
                              "parent": 5,
                              "ID": 7,
                              "left": 8
                            }
                          ],
                          "parent": 4,
                          "ID": 5,
                          "left": 6,
                          "right": 7
                        },
                        {
                          "Node Type": "Materialize",
                          "Parent Relationship": "Inner",
                          "Parallel Aware": false,
                          "Async Capable": false,
                          "Startup Cost": 0.0,
                          "Total Cost": 20.5,
                          "Plan Rows": 500,
                          "Plan Width": 4,
                          "Plans": [
                            {
                              "Node Type": "Seq Scan",
                              "Parent Relationship": "Outer",
                              "Parallel Aware": false,
                              "Async Capable": false,
                              "Relation Name": "promotion",
                              "Alias": "promotion",
                              "Startup Cost": 0.0,
                              "Total Cost": 18.0,
                              "Plan Rows": 500,
                              "Plan Width": 4,
                              "parent": 34,
                              "ID": 35
                            }
                          ],
                          "parent": 4,
                          "ID": 34,
                          "left": 35
                        }
                      ],
                      "parent": 3,
                      "ID": 4,
                      "left": 5,
                      "right": 34
                    }
                  ],
                  "parent": 2,
                  "ID": 3,
                  "left": 4
                }
              ],
              "parent": 1,
              "ID": 2,
              "left": 3
            }
          ],
          "parent": 0,
          "ID": 1,
          "left": 2
        }
      ],
      "parent": null,
      "ID": 0,
      "left": 1
    },
    "feat": {
      "utility": 0.0009405461855780379,
      "query_shape": [
        [
          "Seq Scan",
          "Hash Join",
          "Nested Loop",
          "Sort",
          "Aggregate"
        ],
        [
          "Seq Scan",
          "Hash Join",
          "Gather",
          "Nested Loop",
          "Hash",
          "Sort",
          "Aggregate"
        ],
        [
          "Seq Scan",
          "Hash Join",
          "Hash",
          "Gather",
          "Nested Loop",
          "Sort",
          "Aggregate"
        ],
        [
          "Seq Scan",
          "Hash Join",
          "Hash",
          "Gather",
          "Nested Loop",
          "Sort",
          "Aggregate"
        ],
        [
          "Seq Scan",
          "Hash",
          "Hash Join",
          "Gather",
          "Nested Loop",
          "Sort",
          "Aggregate"
        ],
        [
          "Seq Scan",
          "Hash",
          "Hash Join",
          "Gather",
          "Nested Loop",
          "Sort",
          "Aggregate"
        ],
        [
          "Seq Scan",
          "Hash",
          "Hash Join",
          "Gather",
          "Nested Loop",
          "Sort",
          "Aggregate"
        ],
        [
          "Seq Scan",
          "Hash",
          "Hash Join",
          "Nested Loop",
          "Sort",
          "Aggregate"
        ],
        [
          "Seq Scan",
          "Materialize",
          "Nested Loop",
          "Hash Join",
          "Hash",
          "Sort",
          "Aggregate"
        ],
        [
          "Seq Scan",
          "Hash",
          "Hash Join",
          "Nested Loop",
          "Sort",
          "Aggregate"
        ],
        [
          "Seq Scan",
          "Materialize",
          "Nested Loop",
          "Sort",
          "Aggregate"
        ]
      ],
      "index_shape": [
        "selection"
      ],
      "physical_operator": {
        "Seq Scan": [
          0.0029158510041205066
        ]
      }
    }
  },
  {
    "query": "select  i_item_desc\n      ,w_warehouse_name\n      ,d1.d_week_seq\n      ,sum(case when p_promo_sk is null then 1 else 0 end) no_promo\n      ,sum(case when p_promo_sk is not null then 1 else 0 end) promo\n      ,count(*) total_cnt\nfrom catalog_sales\njoin inventory on (cs_item_sk = inv_item_sk)\njoin warehouse on (w_warehouse_sk=inv_warehouse_sk)\njoin item on (i_item_sk = cs_item_sk)\njoin customer_demographics on (cs_bill_cdemo_sk = cd_demo_sk)\njoin household_demographics on (cs_bill_hdemo_sk = hd_demo_sk)\njoin date_dim d1 on (cs_sold_date_sk = d1.d_date_sk)\njoin date_dim d2 on (inv_date_sk = d2.d_date_sk)\njoin date_dim d3 on (cs_ship_date_sk = d3.d_date_sk)\nleft outer join promotion on (cs_promo_sk=p_promo_sk)\nleft outer join catalog_returns on (cr_item_sk = cs_item_sk and cr_order_number = cs_order_number)\nwhere d1.d_week_seq = d2.d_week_seq\n  and inv_quantity_on_hand < cs_quantity \n  and d3.d_date > d1.d_date + 5\n  and hd_buy_potential = '501-1000'\n  and d1.d_year = 2001\n  and cd_marital_status = 'S'\ngroup by i_item_desc,w_warehouse_name,d1.d_week_seq\norder by total_cnt desc, i_item_desc, w_warehouse_name, d_week_seq\nlimit 100;\n\n-- end query 54 in stream 2 using template query72.tpl\n",
    "indexes": "date_dim.d_date_sk",
    "wo plan est": {
      "Node Type": "Limit",
      "Parallel Aware": false,
      "Async Capable": false,
      "Startup Cost": 2058864.31,
      "Total Cost": 2058864.41,
      "Plan Rows": 40,
      "Plan Width": 147,
      "Plans": [
        {
          "Node Type": "Sort",
          "Parent Relationship": "Outer",
          "Parallel Aware": false,
          "Async Capable": false,
          "Startup Cost": 2058864.31,
          "Total Cost": 2058864.41,
          "Plan Rows": 40,
          "Plan Width": 147,
          "Sort Key": [
            "(count(*)) DESC",
            "item.i_item_desc",
            "warehouse.w_warehouse_name",
            "d1.d_week_seq"
          ],
          "Plans": [
            {
              "Node Type": "Aggregate",
              "Strategy": "Sorted",
              "Partial Mode": "Simple",
              "Parent Relationship": "Outer",
              "Parallel Aware": false,
              "Async Capable": false,
              "Startup Cost": 2058862.15,
              "Total Cost": 2058863.25,
              "Plan Rows": 40,
              "Plan Width": 147,
              "Group Key": [
                "item.i_item_desc",
                "warehouse.w_warehouse_name",
                "d1.d_week_seq"
              ],
              "Plans": [
                {
                  "Node Type": "Sort",
                  "Parent Relationship": "Outer",
                  "Parallel Aware": false,
                  "Async Capable": false,
                  "Startup Cost": 2058862.15,
                  "Total Cost": 2058862.25,
                  "Plan Rows": 40,
                  "Plan Width": 127,
                  "Sort Key": [
                    "item.i_item_desc",
                    "warehouse.w_warehouse_name",
                    "d1.d_week_seq"
                  ],
                  "Plans": [
                    {
                      "Node Type": "Nested Loop",
                      "Parent Relationship": "Outer",
                      "Parallel Aware": false,
                      "Async Capable": false,
                      "Join Type": "Left",
                      "Startup Cost": 2004596.21,
                      "Total Cost": 2058861.08,
                      "Plan Rows": 40,
                      "Plan Width": 127,
                      "Inner Unique": false,
                      "Join Filter": "(catalog_sales.cs_promo_sk = promotion.p_promo_sk)",
                      "Plans": [
                        {
                          "Node Type": "Hash Join",
                          "Parent Relationship": "Outer",
                          "Parallel Aware": false,
                          "Async Capable": false,
                          "Join Type": "Right",
                          "Startup Cost": 2004596.21,
                          "Total Cost": 2058541.83,
                          "Plan Rows": 40,
                          "Plan Width": 127,
                          "Inner Unique": false,
                          "Hash Cond": "((catalog_returns.cr_item_sk = catalog_sales.cs_item_sk) AND (catalog_returns.cr_order_number = catalog_sales.cs_order_number))",
                          "Plans": [
                            {
                              "Node Type": "Seq Scan",
                              "Parent Relationship": "Outer",
                              "Parallel Aware": false,
                              "Async Capable": false,
                              "Relation Name": "catalog_returns",
                              "Alias": "catalog_returns",
                              "Startup Cost": 0.0,
                              "Total Cost": 43147.49,
                              "Plan Rows": 1439749,
                              "Plan Width": 8,
                              "parent": 5,
                              "ID": 6
                            },
                            {
                              "Node Type": "Hash",
                              "Parent Relationship": "Inner",
                              "Parallel Aware": false,
                              "Async Capable": false,
                              "Startup Cost": 2004595.61,
                              "Total Cost": 2004595.61,
                              "Plan Rows": 40,
                              "Plan Width": 135,
                              "Plans": [
                                {
                                  "Node Type": "Hash Join",
                                  "Parent Relationship": "Outer",
                                  "Parallel Aware": false,
                                  "Async Capable": false,
                                  "Join Type": "Inner",
                                  "Startup Cost": 508613.25,
                                  "Total Cost": 2004595.61,
                                  "Plan Rows": 40,
                                  "Plan Width": 135,
                                  "Inner Unique": false,
                                  "Hash Cond": "(catalog_sales.cs_ship_date_sk = d3.d_date_sk)",
                                  "Join Filter": "(d3.d_date > (d1.d_date + 5))",
                                  "Plans": [
                                    {
                                      "Node Type": "Nested Loop",
                                      "Parent Relationship": "Outer",
                                      "Parallel Aware": false,
                                      "Async Capable": false,
                                      "Join Type": "Inner",
                                      "Startup Cost": 505564.64,
                                      "Total Cost": 2001544.76,
                                      "Plan Rows": 121,
                                      "Plan Width": 143,
                                      "Inner Unique": false,
                                      "Join Filter": "(inventory.inv_warehouse_sk = warehouse.w_warehouse_sk)",
                                      "Plans": [
                                        {
                                          "Node Type": "Hash Join",
                                          "Parent Relationship": "Outer",
                                          "Parallel Aware": false,
                                          "Async Capable": false,
                                          "Join Type": "Inner",
                                          "Startup Cost": 505564.64,
                                          "Total Cost": 2001525.48,
                                          "Plan Rows": 121,
                                          "Plan Width": 130,
                                          "Inner Unique": false,
                                          "Hash Cond": "(catalog_sales.cs_item_sk = item.i_item_sk)",
                                          "Plans": [
                                            {
                                              "Node Type": "Gather",
                                              "Parent Relationship": "Outer",
                                              "Parallel Aware": false,
                                              "Async Capable": false,
                                              "Startup Cost": 494611.64,
                                              "Total Cost": 1988874.82,
                                              "Plan Rows": 121,
                                              "Plan Width": 32,
                                              "Workers Planned": 2,
                                              "Single Copy": false,
                                              "Plans": [
                                                {
                                                  "Node Type": "Hash Join",
                                                  "Parent Relationship": "Outer",
                                                  "Parallel Aware": true,
                                                  "Async Capable": false,
                                                  "Join Type": "Inner",
                                                  "Startup Cost": 493611.64,
                                                  "Total Cost": 1987862.72,
                                                  "Plan Rows": 50,
                                                  "Plan Width": 32,
                                                  "Inner Unique": false,
                                                  "Hash Cond": "((inventory.inv_date_sk = d2.d_date_sk) AND (d1.d_week_seq = d2.d_week_seq))",
                                                  "Plans": [
                                                    {
                                                      "Node Type": "Hash Join",
                                                      "Parent Relationship": "Outer",
                                                      "Parallel Aware": true,
                                                      "Async Capable": false,
                                                      "Join Type": "Inner",
                                                      "Startup Cost": 491132.39,
                                                      "Total Cost": 1981451.77,
                                                      "Plan Rows": 524186,
                                                      "Plan Width": 36,
                                                      "Inner Unique": false,
                                                      "Hash Cond": "(inventory.inv_item_sk = catalog_sales.cs_item_sk)",
                                                      "Join Filter": "(inventory.inv_quantity_on_hand < catalog_sales.cs_quantity)",
                                                      "Plans": [
                                                        {
                                                          "Node Type": "Seq Scan",
                                                          "Parent Relationship": "Outer",
                                                          "Parallel Aware": true,
                                                          "Async Capable": false,
                                                          "Relation Name": "inventory",
                                                          "Alias": "inventory",
                                                          "Startup Cost": 0.0,
                                                          "Total Cost": 1274139.37,
                                                          "Plan Rows": 55462537,
                                                          "Plan Width": 16,
                                                          "parent": 13,
                                                          "ID": 14
                                                        },
                                                        {
                                                          "Node Type": "Hash",
                                                          "Parent Relationship": "Inner",
                                                          "Parallel Aware": true,
                                                          "Async Capable": false,
                                                          "Startup Cost": 491120.29,
                                                          "Total Cost": 491120.29,
                                                          "Plan Rows": 968,
                                                          "Plan Width": 28,
                                                          "Plans": [
                                                            {
                                                              "Node Type": "Hash Join",
                                                              "Parent Relationship": "Outer",
                                                              "Parallel Aware": true,
                                                              "Async Capable": false,
                                                              "Join Type": "Inner",
                                                              "Startup Cost": 458688.15,
                                                              "Total Cost": 491120.29,
                                                              "Plan Rows": 968,
                                                              "Plan Width": 28,
                                                              "Inner Unique": false,
                                                              "Hash Cond": "(customer_demographics.cd_demo_sk = catalog_sales.cs_bill_cdemo_sk)",
                                                              "Plans": [
                                                                {
                                                                  "Node Type": "Seq Scan",
                                                                  "Parent Relationship": "Outer",
                                                                  "Parallel Aware": true,
                                                                  "Async Capable": false,
                                                                  "Relation Name": "customer_demographics",
                                                                  "Alias": "customer_demographics",
                                                                  "Startup Cost": 0.0,
                                                                  "Total Cost": 31832.17,
                                                                  "Plan Rows": 158920,
                                                                  "Plan Width": 4,
                                                                  "Filter": "(cd_marital_status = 'S'::bpchar)",
                                                                  "parent": 16,
                                                                  "ID": 17
                                                                },
                                                                {
                                                                  "Node Type": "Hash",
                                                                  "Parent Relationship": "Inner",
                                                                  "Parallel Aware": true,
                                                                  "Async Capable": false,
                                                                  "Startup Cost": 458626.88,
                                                                  "Total Cost": 458626.88,
                                                                  "Plan Rows": 4901,
                                                                  "Plan Width": 32,
                                                                  "Plans": [
                                                                    {
                                                                      "Node Type": "Hash Join",
                                                                      "Parent Relationship": "Outer",
                                                                      "Parallel Aware": false,
                                                                      "Async Capable": false,
                                                                      "Join Type": "Inner",
                                                                      "Startup Cost": 2102.79,
                                                                      "Total Cost": 458626.88,
                                                                      "Plan Rows": 4901,
                                                                      "Plan Width": 32,
                                                                      "Inner Unique": false,
                                                                      "Hash Cond": "(catalog_sales.cs_bill_hdemo_sk = household_demographics.hd_demo_sk)",
                                                                      "Plans": [
                                                                        {
                                                                          "Node Type": "Hash Join",
                                                                          "Parent Relationship": "Outer",
                                                                          "Parallel Aware": true,
                                                                          "Async Capable": false,
                                                                          "Join Type": "Inner",
                                                                          "Startup Cost": 1944.79,
                                                                          "Total Cost": 458308.99,
                                                                          "Plan Rows": 29569,
                                                                          "Plan Width": 36,
                                                                          "Inner Unique": false,
                                                                          "Hash Cond": "(catalog_sales.cs_sold_date_sk = d1.d_date_sk)",
                                                                          "Plans": [
                                                                            {
                                                                              "Node Type": "Seq Scan",
                                                                              "Parent Relationship": "Outer",
                                                                              "Parallel Aware": true,
                                                                              "Async Capable": false,
                                                                              "Relation Name": "catalog_sales",
                                                                              "Alias": "catalog_sales",
                                                                              "Startup Cost": 0.0,
                                                                              "Total Cost": 433688.25,
                                                                              "Plan Rows": 6000525,
                                                                              "Plan Width": 32,
                                                                              "parent": 20,
                                                                              "ID": 21
                                                                            },
                                                                            {
                                                                              "Node Type": "Hash",
                                                                              "Parent Relationship": "Inner",
                                                                              "Parallel Aware": true,
                                                                              "Async Capable": false,
                                                                              "Startup Cost": 1942.12,
                                                                              "Total Cost": 1942.12,
                                                                              "Plan Rows": 213,
                                                                              "Plan Width": 12,
                                                                              "Plans": [
                                                                                {
                                                                                  "Node Type": "Seq Scan",
                                                                                  "Parent Relationship": "Outer",
                                                                                  "Parallel Aware": true,
                                                                                  "Async Capable": false,
                                                                                  "Relation Name": "date_dim",
                                                                                  "Alias": "d1",
                                                                                  "Startup Cost": 0.0,
                                                                                  "Total Cost": 1942.12,
                                                                                  "Plan Rows": 213,
                                                                                  "Plan Width": 12,
                                                                                  "Filter": "(d_year = 2001)",
                                                                                  "parent": 22,
                                                                                  "ID": 23
                                                                                }
                                                                              ],
                                                                              "parent": 20,
                                                                              "ID": 22,
                                                                              "left": 23
                                                                            }
                                                                          ],
                                                                          "parent": 19,
                                                                          "ID": 20,
                                                                          "left": 21,
                                                                          "right": 22
                                                                        },
                                                                        {
                                                                          "Node Type": "Hash",
                                                                          "Parent Relationship": "Inner",
                                                                          "Parallel Aware": false,
                                                                          "Async Capable": false,
                                                                          "Startup Cost": 143.0,
                                                                          "Total Cost": 143.0,
                                                                          "Plan Rows": 1200,
                                                                          "Plan Width": 4,
                                                                          "Plans": [
                                                                            {
                                                                              "Node Type": "Seq Scan",
                                                                              "Parent Relationship": "Outer",
                                                                              "Parallel Aware": false,
                                                                              "Async Capable": false,
                                                                              "Relation Name": "household_demographics",
                                                                              "Alias": "household_demographics",
                                                                              "Startup Cost": 0.0,
                                                                              "Total Cost": 143.0,
                                                                              "Plan Rows": 1200,
                                                                              "Plan Width": 4,
                                                                              "Filter": "(hd_buy_potential = '501-1000'::bpchar)",
                                                                              "parent": 24,
                                                                              "ID": 25
                                                                            }
                                                                          ],
                                                                          "parent": 19,
                                                                          "ID": 24,
                                                                          "left": 25
                                                                        }
                                                                      ],
                                                                      "parent": 18,
                                                                      "ID": 19,
                                                                      "left": 20,
                                                                      "right": 24
                                                                    }
                                                                  ],
                                                                  "parent": 16,
                                                                  "ID": 18,
                                                                  "left": 19
                                                                }
                                                              ],
                                                              "parent": 15,
                                                              "ID": 16,
                                                              "left": 17,
                                                              "right": 18
                                                            }
                                                          ],
                                                          "parent": 13,
                                                          "ID": 15,
                                                          "left": 16
                                                        }
                                                      ],
                                                      "parent": 12,
                                                      "ID": 13,
                                                      "left": 14,
                                                      "right": 15
                                                    },
                                                    {
                                                      "Node Type": "Hash",
                                                      "Parent Relationship": "Inner",
                                                      "Parallel Aware": true,
                                                      "Async Capable": false,
                                                      "Startup Cost": 1834.7,
                                                      "Total Cost": 1834.7,
                                                      "Plan Rows": 42970,
                                                      "Plan Width": 8,
                                                      "Plans": [
                                                        {
                                                          "Node Type": "Seq Scan",
                                                          "Parent Relationship": "Outer",
                                                          "Parallel Aware": true,
                                                          "Async Capable": false,
                                                          "Relation Name": "date_dim",
                                                          "Alias": "d2",
                                                          "Startup Cost": 0.0,
                                                          "Total Cost": 1834.7,
                                                          "Plan Rows": 42970,
                                                          "Plan Width": 8,
                                                          "parent": 26,
                                                          "ID": 27
                                                        }
                                                      ],
                                                      "parent": 12,
                                                      "ID": 26,
                                                      "left": 27
                                                    }
                                                  ],
                                                  "parent": 11,
                                                  "ID": 12,
                                                  "left": 13,
                                                  "right": 26
                                                }
                                              ],
                                              "parent": 10,
                                              "ID": 11,
                                              "left": 12
                                            },
                                            {
                                              "Node Type": "Hash",
                                              "Parent Relationship": "Inner",
                                              "Parallel Aware": false,
                                              "Async Capable": false,
                                              "Startup Cost": 7984.0,
                                              "Total Cost": 7984.0,
                                              "Plan Rows": 102000,
                                              "Plan Width": 106,
                                              "Plans": [
                                                {
                                                  "Node Type": "Seq Scan",
                                                  "Parent Relationship": "Outer",
                                                  "Parallel Aware": false,
                                                  "Async Capable": false,
                                                  "Relation Name": "item",
                                                  "Alias": "item",
                                                  "Startup Cost": 0.0,
                                                  "Total Cost": 7984.0,
                                                  "Plan Rows": 102000,
                                                  "Plan Width": 106,
                                                  "parent": 28,
                                                  "ID": 29
                                                }
                                              ],
                                              "parent": 10,
                                              "ID": 28,
                                              "left": 29
                                            }
                                          ],
                                          "parent": 9,
                                          "ID": 10,
                                          "left": 11,
                                          "right": 28
                                        },
                                        {
                                          "Node Type": "Materialize",
                                          "Parent Relationship": "Inner",
                                          "Parallel Aware": false,
                                          "Async Capable": false,
                                          "Startup Cost": 0.0,
                                          "Total Cost": 1.15,
                                          "Plan Rows": 10,
                                          "Plan Width": 21,
                                          "Plans": [
                                            {
                                              "Node Type": "Seq Scan",
                                              "Parent Relationship": "Outer",
                                              "Parallel Aware": false,
                                              "Async Capable": false,
                                              "Relation Name": "warehouse",
                                              "Alias": "warehouse",
                                              "Startup Cost": 0.0,
                                              "Total Cost": 1.1,
                                              "Plan Rows": 10,
                                              "Plan Width": 21,
                                              "parent": 30,
                                              "ID": 31
                                            }
                                          ],
                                          "parent": 9,
                                          "ID": 30,
                                          "left": 31
                                        }
                                      ],
                                      "parent": 8,
                                      "ID": 9,
                                      "left": 10,
                                      "right": 30
                                    },
                                    {
                                      "Node Type": "Hash",
                                      "Parent Relationship": "Inner",
                                      "Parallel Aware": false,
                                      "Async Capable": false,
                                      "Startup Cost": 2135.49,
                                      "Total Cost": 2135.49,
                                      "Plan Rows": 73049,
                                      "Plan Width": 8,
                                      "Plans": [
                                        {
                                          "Node Type": "Seq Scan",
                                          "Parent Relationship": "Outer",
                                          "Parallel Aware": false,
                                          "Async Capable": false,
                                          "Relation Name": "date_dim",
                                          "Alias": "d3",
                                          "Startup Cost": 0.0,
                                          "Total Cost": 2135.49,
                                          "Plan Rows": 73049,
                                          "Plan Width": 8,
                                          "parent": 32,
                                          "ID": 33
                                        }
                                      ],
                                      "parent": 8,
                                      "ID": 32,
                                      "left": 33
                                    }
                                  ],
                                  "parent": 7,
                                  "ID": 8,
                                  "left": 9,
                                  "right": 32
                                }
                              ],
                              "parent": 5,
                              "ID": 7,
                              "left": 8
                            }
                          ],
                          "parent": 4,
                          "ID": 5,
                          "left": 6,
                          "right": 7
                        },
                        {
                          "Node Type": "Materialize",
                          "Parent Relationship": "Inner",
                          "Parallel Aware": false,
                          "Async Capable": false,
                          "Startup Cost": 0.0,
                          "Total Cost": 20.5,
                          "Plan Rows": 500,
                          "Plan Width": 4,
                          "Plans": [
                            {
                              "Node Type": "Seq Scan",
                              "Parent Relationship": "Outer",
                              "Parallel Aware": false,
                              "Async Capable": false,
                              "Relation Name": "promotion",
                              "Alias": "promotion",
                              "Startup Cost": 0.0,
                              "Total Cost": 18.0,
                              "Plan Rows": 500,
                              "Plan Width": 4,
                              "parent": 34,
                              "ID": 35
                            }
                          ],
                          "parent": 4,
                          "ID": 34,
                          "left": 35
                        }
                      ],
                      "parent": 3,
                      "ID": 4,
                      "left": 5,
                      "right": 34
                    }
                  ],
                  "parent": 2,
                  "ID": 3,
                  "left": 4
                }
              ],
              "parent": 1,
              "ID": 2,
              "left": 3
            }
          ],
          "parent": 0,
          "ID": 1,
          "left": 2
        }
      ],
      "parent": null,
      "ID": 0,
      "left": 1
    },
    "feat": {
      "utility": 0.0,
      "query_shape": [
        [
          "Seq Scan",
          "Hash Join",
          "Nested Loop",
          "Sort",
          "Aggregate"
        ],
        [
          "Seq Scan",
          "Hash Join",
          "Gather",
          "Nested Loop",
          "Hash",
          "Sort",
          "Aggregate"
        ],
        [
          "Seq Scan",
          "Hash Join",
          "Hash",
          "Gather",
          "Nested Loop",
          "Sort",
          "Aggregate"
        ],
        [
          "Seq Scan",
          "Hash Join",
          "Hash",
          "Gather",
          "Nested Loop",
          "Sort",
          "Aggregate"
        ],
        [
          "Seq Scan",
          "Hash",
          "Hash Join",
          "Gather",
          "Nested Loop",
          "Sort",
          "Aggregate"
        ],
        [
          "Seq Scan",
          "Hash",
          "Hash Join",
          "Gather",
          "Nested Loop",
          "Sort",
          "Aggregate"
        ],
        [
          "Seq Scan",
          "Hash",
          "Hash Join",
          "Gather",
          "Nested Loop",
          "Sort",
          "Aggregate"
        ],
        [
          "Seq Scan",
          "Hash",
          "Hash Join",
          "Nested Loop",
          "Sort",
          "Aggregate"
        ],
        [
          "Seq Scan",
          "Materialize",
          "Nested Loop",
          "Hash Join",
          "Hash",
          "Sort",
          "Aggregate"
        ],
        [
          "Seq Scan",
          "Hash",
          "Hash Join",
          "Nested Loop",
          "Sort",
          "Aggregate"
        ],
        [
          "Seq Scan",
          "Materialize",
          "Nested Loop",
          "Sort",
          "Aggregate"
        ]
      ],
      "index_shape": [],
      "physical_operator": {}
    }
  },
  {
    "query": "select  i_item_desc\n      ,w_warehouse_name\n      ,d1.d_week_seq\n      ,sum(case when p_promo_sk is null then 1 else 0 end) no_promo\n      ,sum(case when p_promo_sk is not null then 1 else 0 end) promo\n      ,count(*) total_cnt\nfrom catalog_sales\njoin inventory on (cs_item_sk = inv_item_sk)\njoin warehouse on (w_warehouse_sk=inv_warehouse_sk)\njoin item on (i_item_sk = cs_item_sk)\njoin customer_demographics on (cs_bill_cdemo_sk = cd_demo_sk)\njoin household_demographics on (cs_bill_hdemo_sk = hd_demo_sk)\njoin date_dim d1 on (cs_sold_date_sk = d1.d_date_sk)\njoin date_dim d2 on (inv_date_sk = d2.d_date_sk)\njoin date_dim d3 on (cs_ship_date_sk = d3.d_date_sk)\nleft outer join promotion on (cs_promo_sk=p_promo_sk)\nleft outer join catalog_returns on (cr_item_sk = cs_item_sk and cr_order_number = cs_order_number)\nwhere d1.d_week_seq = d2.d_week_seq\n  and inv_quantity_on_hand < cs_quantity \n  and d3.d_date > d1.d_date + 5\n  and hd_buy_potential = '501-1000'\n  and d1.d_year = 2001\n  and cd_marital_status = 'S'\ngroup by i_item_desc,w_warehouse_name,d1.d_week_seq\norder by total_cnt desc, i_item_desc, w_warehouse_name, d_week_seq\nlimit 100;\n\n-- end query 54 in stream 2 using template query72.tpl\n",
    "indexes": "date_dim.d_date",
    "wo plan est": {
      "Node Type": "Limit",
      "Parallel Aware": false,
      "Async Capable": false,
      "Startup Cost": 2058864.31,
      "Total Cost": 2058864.41,
      "Plan Rows": 40,
      "Plan Width": 147,
      "Plans": [
        {
          "Node Type": "Sort",
          "Parent Relationship": "Outer",
          "Parallel Aware": false,
          "Async Capable": false,
          "Startup Cost": 2058864.31,
          "Total Cost": 2058864.41,
          "Plan Rows": 40,
          "Plan Width": 147,
          "Sort Key": [
            "(count(*)) DESC",
            "item.i_item_desc",
            "warehouse.w_warehouse_name",
            "d1.d_week_seq"
          ],
          "Plans": [
            {
              "Node Type": "Aggregate",
              "Strategy": "Sorted",
              "Partial Mode": "Simple",
              "Parent Relationship": "Outer",
              "Parallel Aware": false,
              "Async Capable": false,
              "Startup Cost": 2058862.15,
              "Total Cost": 2058863.25,
              "Plan Rows": 40,
              "Plan Width": 147,
              "Group Key": [
                "item.i_item_desc",
                "warehouse.w_warehouse_name",
                "d1.d_week_seq"
              ],
              "Plans": [
                {
                  "Node Type": "Sort",
                  "Parent Relationship": "Outer",
                  "Parallel Aware": false,
                  "Async Capable": false,
                  "Startup Cost": 2058862.15,
                  "Total Cost": 2058862.25,
                  "Plan Rows": 40,
                  "Plan Width": 127,
                  "Sort Key": [
                    "item.i_item_desc",
                    "warehouse.w_warehouse_name",
                    "d1.d_week_seq"
                  ],
                  "Plans": [
                    {
                      "Node Type": "Nested Loop",
                      "Parent Relationship": "Outer",
                      "Parallel Aware": false,
                      "Async Capable": false,
                      "Join Type": "Left",
                      "Startup Cost": 2004596.21,
                      "Total Cost": 2058861.08,
                      "Plan Rows": 40,
                      "Plan Width": 127,
                      "Inner Unique": false,
                      "Join Filter": "(catalog_sales.cs_promo_sk = promotion.p_promo_sk)",
                      "Plans": [
                        {
                          "Node Type": "Hash Join",
                          "Parent Relationship": "Outer",
                          "Parallel Aware": false,
                          "Async Capable": false,
                          "Join Type": "Right",
                          "Startup Cost": 2004596.21,
                          "Total Cost": 2058541.83,
                          "Plan Rows": 40,
                          "Plan Width": 127,
                          "Inner Unique": false,
                          "Hash Cond": "((catalog_returns.cr_item_sk = catalog_sales.cs_item_sk) AND (catalog_returns.cr_order_number = catalog_sales.cs_order_number))",
                          "Plans": [
                            {
                              "Node Type": "Seq Scan",
                              "Parent Relationship": "Outer",
                              "Parallel Aware": false,
                              "Async Capable": false,
                              "Relation Name": "catalog_returns",
                              "Alias": "catalog_returns",
                              "Startup Cost": 0.0,
                              "Total Cost": 43147.49,
                              "Plan Rows": 1439749,
                              "Plan Width": 8,
                              "parent": 5,
                              "ID": 6
                            },
                            {
                              "Node Type": "Hash",
                              "Parent Relationship": "Inner",
                              "Parallel Aware": false,
                              "Async Capable": false,
                              "Startup Cost": 2004595.61,
                              "Total Cost": 2004595.61,
                              "Plan Rows": 40,
                              "Plan Width": 135,
                              "Plans": [
                                {
                                  "Node Type": "Hash Join",
                                  "Parent Relationship": "Outer",
                                  "Parallel Aware": false,
                                  "Async Capable": false,
                                  "Join Type": "Inner",
                                  "Startup Cost": 508613.25,
                                  "Total Cost": 2004595.61,
                                  "Plan Rows": 40,
                                  "Plan Width": 135,
                                  "Inner Unique": false,
                                  "Hash Cond": "(catalog_sales.cs_ship_date_sk = d3.d_date_sk)",
                                  "Join Filter": "(d3.d_date > (d1.d_date + 5))",
                                  "Plans": [
                                    {
                                      "Node Type": "Nested Loop",
                                      "Parent Relationship": "Outer",
                                      "Parallel Aware": false,
                                      "Async Capable": false,
                                      "Join Type": "Inner",
                                      "Startup Cost": 505564.64,
                                      "Total Cost": 2001544.76,
                                      "Plan Rows": 121,
                                      "Plan Width": 143,
                                      "Inner Unique": false,
                                      "Join Filter": "(inventory.inv_warehouse_sk = warehouse.w_warehouse_sk)",
                                      "Plans": [
                                        {
                                          "Node Type": "Hash Join",
                                          "Parent Relationship": "Outer",
                                          "Parallel Aware": false,
                                          "Async Capable": false,
                                          "Join Type": "Inner",
                                          "Startup Cost": 505564.64,
                                          "Total Cost": 2001525.48,
                                          "Plan Rows": 121,
                                          "Plan Width": 130,
                                          "Inner Unique": false,
                                          "Hash Cond": "(catalog_sales.cs_item_sk = item.i_item_sk)",
                                          "Plans": [
                                            {
                                              "Node Type": "Gather",
                                              "Parent Relationship": "Outer",
                                              "Parallel Aware": false,
                                              "Async Capable": false,
                                              "Startup Cost": 494611.64,
                                              "Total Cost": 1988874.82,
                                              "Plan Rows": 121,
                                              "Plan Width": 32,
                                              "Workers Planned": 2,
                                              "Single Copy": false,
                                              "Plans": [
                                                {
                                                  "Node Type": "Hash Join",
                                                  "Parent Relationship": "Outer",
                                                  "Parallel Aware": true,
                                                  "Async Capable": false,
                                                  "Join Type": "Inner",
                                                  "Startup Cost": 493611.64,
                                                  "Total Cost": 1987862.72,
                                                  "Plan Rows": 50,
                                                  "Plan Width": 32,
                                                  "Inner Unique": false,
                                                  "Hash Cond": "((inventory.inv_date_sk = d2.d_date_sk) AND (d1.d_week_seq = d2.d_week_seq))",
                                                  "Plans": [
                                                    {
                                                      "Node Type": "Hash Join",
                                                      "Parent Relationship": "Outer",
                                                      "Parallel Aware": true,
                                                      "Async Capable": false,
                                                      "Join Type": "Inner",
                                                      "Startup Cost": 491132.39,
                                                      "Total Cost": 1981451.77,
                                                      "Plan Rows": 524186,
                                                      "Plan Width": 36,
                                                      "Inner Unique": false,
                                                      "Hash Cond": "(inventory.inv_item_sk = catalog_sales.cs_item_sk)",
                                                      "Join Filter": "(inventory.inv_quantity_on_hand < catalog_sales.cs_quantity)",
                                                      "Plans": [
                                                        {
                                                          "Node Type": "Seq Scan",
                                                          "Parent Relationship": "Outer",
                                                          "Parallel Aware": true,
                                                          "Async Capable": false,
                                                          "Relation Name": "inventory",
                                                          "Alias": "inventory",
                                                          "Startup Cost": 0.0,
                                                          "Total Cost": 1274139.37,
                                                          "Plan Rows": 55462537,
                                                          "Plan Width": 16,
                                                          "parent": 13,
                                                          "ID": 14
                                                        },
                                                        {
                                                          "Node Type": "Hash",
                                                          "Parent Relationship": "Inner",
                                                          "Parallel Aware": true,
                                                          "Async Capable": false,
                                                          "Startup Cost": 491120.29,
                                                          "Total Cost": 491120.29,
                                                          "Plan Rows": 968,
                                                          "Plan Width": 28,
                                                          "Plans": [
                                                            {
                                                              "Node Type": "Hash Join",
                                                              "Parent Relationship": "Outer",
                                                              "Parallel Aware": true,
                                                              "Async Capable": false,
                                                              "Join Type": "Inner",
                                                              "Startup Cost": 458688.15,
                                                              "Total Cost": 491120.29,
                                                              "Plan Rows": 968,
                                                              "Plan Width": 28,
                                                              "Inner Unique": false,
                                                              "Hash Cond": "(customer_demographics.cd_demo_sk = catalog_sales.cs_bill_cdemo_sk)",
                                                              "Plans": [
                                                                {
                                                                  "Node Type": "Seq Scan",
                                                                  "Parent Relationship": "Outer",
                                                                  "Parallel Aware": true,
                                                                  "Async Capable": false,
                                                                  "Relation Name": "customer_demographics",
                                                                  "Alias": "customer_demographics",
                                                                  "Startup Cost": 0.0,
                                                                  "Total Cost": 31832.17,
                                                                  "Plan Rows": 158920,
                                                                  "Plan Width": 4,
                                                                  "Filter": "(cd_marital_status = 'S'::bpchar)",
                                                                  "parent": 16,
                                                                  "ID": 17
                                                                },
                                                                {
                                                                  "Node Type": "Hash",
                                                                  "Parent Relationship": "Inner",
                                                                  "Parallel Aware": true,
                                                                  "Async Capable": false,
                                                                  "Startup Cost": 458626.88,
                                                                  "Total Cost": 458626.88,
                                                                  "Plan Rows": 4901,
                                                                  "Plan Width": 32,
                                                                  "Plans": [
                                                                    {
                                                                      "Node Type": "Hash Join",
                                                                      "Parent Relationship": "Outer",
                                                                      "Parallel Aware": false,
                                                                      "Async Capable": false,
                                                                      "Join Type": "Inner",
                                                                      "Startup Cost": 2102.79,
                                                                      "Total Cost": 458626.88,
                                                                      "Plan Rows": 4901,
                                                                      "Plan Width": 32,
                                                                      "Inner Unique": false,
                                                                      "Hash Cond": "(catalog_sales.cs_bill_hdemo_sk = household_demographics.hd_demo_sk)",
                                                                      "Plans": [
                                                                        {
                                                                          "Node Type": "Hash Join",
                                                                          "Parent Relationship": "Outer",
                                                                          "Parallel Aware": true,
                                                                          "Async Capable": false,
                                                                          "Join Type": "Inner",
                                                                          "Startup Cost": 1944.79,
                                                                          "Total Cost": 458308.99,
                                                                          "Plan Rows": 29569,
                                                                          "Plan Width": 36,
                                                                          "Inner Unique": false,
                                                                          "Hash Cond": "(catalog_sales.cs_sold_date_sk = d1.d_date_sk)",
                                                                          "Plans": [
                                                                            {
                                                                              "Node Type": "Seq Scan",
                                                                              "Parent Relationship": "Outer",
                                                                              "Parallel Aware": true,
                                                                              "Async Capable": false,
                                                                              "Relation Name": "catalog_sales",
                                                                              "Alias": "catalog_sales",
                                                                              "Startup Cost": 0.0,
                                                                              "Total Cost": 433688.25,
                                                                              "Plan Rows": 6000525,
                                                                              "Plan Width": 32,
                                                                              "parent": 20,
                                                                              "ID": 21
                                                                            },
                                                                            {
                                                                              "Node Type": "Hash",
                                                                              "Parent Relationship": "Inner",
                                                                              "Parallel Aware": true,
                                                                              "Async Capable": false,
                                                                              "Startup Cost": 1942.12,
                                                                              "Total Cost": 1942.12,
                                                                              "Plan Rows": 213,
                                                                              "Plan Width": 12,
                                                                              "Plans": [
                                                                                {
                                                                                  "Node Type": "Seq Scan",
                                                                                  "Parent Relationship": "Outer",
                                                                                  "Parallel Aware": true,
                                                                                  "Async Capable": false,
                                                                                  "Relation Name": "date_dim",
                                                                                  "Alias": "d1",
                                                                                  "Startup Cost": 0.0,
                                                                                  "Total Cost": 1942.12,
                                                                                  "Plan Rows": 213,
                                                                                  "Plan Width": 12,
                                                                                  "Filter": "(d_year = 2001)",
                                                                                  "parent": 22,
                                                                                  "ID": 23
                                                                                }
                                                                              ],
                                                                              "parent": 20,
                                                                              "ID": 22,
                                                                              "left": 23
                                                                            }
                                                                          ],
                                                                          "parent": 19,
                                                                          "ID": 20,
                                                                          "left": 21,
                                                                          "right": 22
                                                                        },
                                                                        {
                                                                          "Node Type": "Hash",
                                                                          "Parent Relationship": "Inner",
                                                                          "Parallel Aware": false,
                                                                          "Async Capable": false,
                                                                          "Startup Cost": 143.0,
                                                                          "Total Cost": 143.0,
                                                                          "Plan Rows": 1200,
                                                                          "Plan Width": 4,
                                                                          "Plans": [
                                                                            {
                                                                              "Node Type": "Seq Scan",
                                                                              "Parent Relationship": "Outer",
                                                                              "Parallel Aware": false,
                                                                              "Async Capable": false,
                                                                              "Relation Name": "household_demographics",
                                                                              "Alias": "household_demographics",
                                                                              "Startup Cost": 0.0,
                                                                              "Total Cost": 143.0,
                                                                              "Plan Rows": 1200,
                                                                              "Plan Width": 4,
                                                                              "Filter": "(hd_buy_potential = '501-1000'::bpchar)",
                                                                              "parent": 24,
                                                                              "ID": 25
                                                                            }
                                                                          ],
                                                                          "parent": 19,
                                                                          "ID": 24,
                                                                          "left": 25
                                                                        }
                                                                      ],
                                                                      "parent": 18,
                                                                      "ID": 19,
                                                                      "left": 20,
                                                                      "right": 24
                                                                    }
                                                                  ],
                                                                  "parent": 16,
                                                                  "ID": 18,
                                                                  "left": 19
                                                                }
                                                              ],
                                                              "parent": 15,
                                                              "ID": 16,
                                                              "left": 17,
                                                              "right": 18
                                                            }
                                                          ],
                                                          "parent": 13,
                                                          "ID": 15,
                                                          "left": 16
                                                        }
                                                      ],
                                                      "parent": 12,
                                                      "ID": 13,
                                                      "left": 14,
                                                      "right": 15
                                                    },
                                                    {
                                                      "Node Type": "Hash",
                                                      "Parent Relationship": "Inner",
                                                      "Parallel Aware": true,
                                                      "Async Capable": false,
                                                      "Startup Cost": 1834.7,
                                                      "Total Cost": 1834.7,
                                                      "Plan Rows": 42970,
                                                      "Plan Width": 8,
                                                      "Plans": [
                                                        {
                                                          "Node Type": "Seq Scan",
                                                          "Parent Relationship": "Outer",
                                                          "Parallel Aware": true,
                                                          "Async Capable": false,
                                                          "Relation Name": "date_dim",
                                                          "Alias": "d2",
                                                          "Startup Cost": 0.0,
                                                          "Total Cost": 1834.7,
                                                          "Plan Rows": 42970,
                                                          "Plan Width": 8,
                                                          "parent": 26,
                                                          "ID": 27
                                                        }
                                                      ],
                                                      "parent": 12,
                                                      "ID": 26,
                                                      "left": 27
                                                    }
                                                  ],
                                                  "parent": 11,
                                                  "ID": 12,
                                                  "left": 13,
                                                  "right": 26
                                                }
                                              ],
                                              "parent": 10,
                                              "ID": 11,
                                              "left": 12
                                            },
                                            {
                                              "Node Type": "Hash",
                                              "Parent Relationship": "Inner",
                                              "Parallel Aware": false,
                                              "Async Capable": false,
                                              "Startup Cost": 7984.0,
                                              "Total Cost": 7984.0,
                                              "Plan Rows": 102000,
                                              "Plan Width": 106,
                                              "Plans": [
                                                {
                                                  "Node Type": "Seq Scan",
                                                  "Parent Relationship": "Outer",
                                                  "Parallel Aware": false,
                                                  "Async Capable": false,
                                                  "Relation Name": "item",
                                                  "Alias": "item",
                                                  "Startup Cost": 0.0,
                                                  "Total Cost": 7984.0,
                                                  "Plan Rows": 102000,
                                                  "Plan Width": 106,
                                                  "parent": 28,
                                                  "ID": 29
                                                }
                                              ],
                                              "parent": 10,
                                              "ID": 28,
                                              "left": 29
                                            }
                                          ],
                                          "parent": 9,
                                          "ID": 10,
                                          "left": 11,
                                          "right": 28
                                        },
                                        {
                                          "Node Type": "Materialize",
                                          "Parent Relationship": "Inner",
                                          "Parallel Aware": false,
                                          "Async Capable": false,
                                          "Startup Cost": 0.0,
                                          "Total Cost": 1.15,
                                          "Plan Rows": 10,
                                          "Plan Width": 21,
                                          "Plans": [
                                            {
                                              "Node Type": "Seq Scan",
                                              "Parent Relationship": "Outer",
                                              "Parallel Aware": false,
                                              "Async Capable": false,
                                              "Relation Name": "warehouse",
                                              "Alias": "warehouse",
                                              "Startup Cost": 0.0,
                                              "Total Cost": 1.1,
                                              "Plan Rows": 10,
                                              "Plan Width": 21,
                                              "parent": 30,
                                              "ID": 31
                                            }
                                          ],
                                          "parent": 9,
                                          "ID": 30,
                                          "left": 31
                                        }
                                      ],
                                      "parent": 8,
                                      "ID": 9,
                                      "left": 10,
                                      "right": 30
                                    },
                                    {
                                      "Node Type": "Hash",
                                      "Parent Relationship": "Inner",
                                      "Parallel Aware": false,
                                      "Async Capable": false,
                                      "Startup Cost": 2135.49,
                                      "Total Cost": 2135.49,
                                      "Plan Rows": 73049,
                                      "Plan Width": 8,
                                      "Plans": [
                                        {
                                          "Node Type": "Seq Scan",
                                          "Parent Relationship": "Outer",
                                          "Parallel Aware": false,
                                          "Async Capable": false,
                                          "Relation Name": "date_dim",
                                          "Alias": "d3",
                                          "Startup Cost": 0.0,
                                          "Total Cost": 2135.49,
                                          "Plan Rows": 73049,
                                          "Plan Width": 8,
                                          "parent": 32,
                                          "ID": 33
                                        }
                                      ],
                                      "parent": 8,
                                      "ID": 32,
                                      "left": 33
                                    }
                                  ],
                                  "parent": 7,
                                  "ID": 8,
                                  "left": 9,
                                  "right": 32
                                }
                              ],
                              "parent": 5,
                              "ID": 7,
                              "left": 8
                            }
                          ],
                          "parent": 4,
                          "ID": 5,
                          "left": 6,
                          "right": 7
                        },
                        {
                          "Node Type": "Materialize",
                          "Parent Relationship": "Inner",
                          "Parallel Aware": false,
                          "Async Capable": false,
                          "Startup Cost": 0.0,
                          "Total Cost": 20.5,
                          "Plan Rows": 500,
                          "Plan Width": 4,
                          "Plans": [
                            {
                              "Node Type": "Seq Scan",
                              "Parent Relationship": "Outer",
                              "Parallel Aware": false,
                              "Async Capable": false,
                              "Relation Name": "promotion",
                              "Alias": "promotion",
                              "Startup Cost": 0.0,
                              "Total Cost": 18.0,
                              "Plan Rows": 500,
                              "Plan Width": 4,
                              "parent": 34,
                              "ID": 35
                            }
                          ],
                          "parent": 4,
                          "ID": 34,
                          "left": 35
                        }
                      ],
                      "parent": 3,
                      "ID": 4,
                      "left": 5,
                      "right": 34
                    }
                  ],
                  "parent": 2,
                  "ID": 3,
                  "left": 4
                }
              ],
              "parent": 1,
              "ID": 2,
              "left": 3
            }
          ],
          "parent": 0,
          "ID": 1,
          "left": 2
        }
      ],
      "parent": null,
      "ID": 0,
      "left": 1
    },
    "feat": {
      "utility": 0.0,
      "query_shape": [
        [
          "Seq Scan",
          "Hash Join",
          "Nested Loop",
          "Sort",
          "Aggregate"
        ],
        [
          "Seq Scan",
          "Hash Join",
          "Gather",
          "Nested Loop",
          "Hash",
          "Sort",
          "Aggregate"
        ],
        [
          "Seq Scan",
          "Hash Join",
          "Hash",
          "Gather",
          "Nested Loop",
          "Sort",
          "Aggregate"
        ],
        [
          "Seq Scan",
          "Hash Join",
          "Hash",
          "Gather",
          "Nested Loop",
          "Sort",
          "Aggregate"
        ],
        [
          "Seq Scan",
          "Hash",
          "Hash Join",
          "Gather",
          "Nested Loop",
          "Sort",
          "Aggregate"
        ],
        [
          "Seq Scan",
          "Hash",
          "Hash Join",
          "Gather",
          "Nested Loop",
          "Sort",
          "Aggregate"
        ],
        [
          "Seq Scan",
          "Hash",
          "Hash Join",
          "Gather",
          "Nested Loop",
          "Sort",
          "Aggregate"
        ],
        [
          "Seq Scan",
          "Hash",
          "Hash Join",
          "Nested Loop",
          "Sort",
          "Aggregate"
        ],
        [
          "Seq Scan",
          "Materialize",
          "Nested Loop",
          "Hash Join",
          "Hash",
          "Sort",
          "Aggregate"
        ],
        [
          "Seq Scan",
          "Hash",
          "Hash Join",
          "Nested Loop",
          "Sort",
          "Aggregate"
        ],
        [
          "Seq Scan",
          "Materialize",
          "Nested Loop",
          "Sort",
          "Aggregate"
        ]
      ],
      "index_shape": [],
      "physical_operator": {}
    }
  },
  {
    "query": "select  i_item_desc\n      ,w_warehouse_name\n      ,d1.d_week_seq\n      ,sum(case when p_promo_sk is null then 1 else 0 end) no_promo\n      ,sum(case when p_promo_sk is not null then 1 else 0 end) promo\n      ,count(*) total_cnt\nfrom catalog_sales\njoin inventory on (cs_item_sk = inv_item_sk)\njoin warehouse on (w_warehouse_sk=inv_warehouse_sk)\njoin item on (i_item_sk = cs_item_sk)\njoin customer_demographics on (cs_bill_cdemo_sk = cd_demo_sk)\njoin household_demographics on (cs_bill_hdemo_sk = hd_demo_sk)\njoin date_dim d1 on (cs_sold_date_sk = d1.d_date_sk)\njoin date_dim d2 on (inv_date_sk = d2.d_date_sk)\njoin date_dim d3 on (cs_ship_date_sk = d3.d_date_sk)\nleft outer join promotion on (cs_promo_sk=p_promo_sk)\nleft outer join catalog_returns on (cr_item_sk = cs_item_sk and cr_order_number = cs_order_number)\nwhere d1.d_week_seq = d2.d_week_seq\n  and inv_quantity_on_hand < cs_quantity \n  and d3.d_date > d1.d_date + 5\n  and hd_buy_potential = '501-1000'\n  and d1.d_year = 2001\n  and cd_marital_status = 'S'\ngroup by i_item_desc,w_warehouse_name,d1.d_week_seq\norder by total_cnt desc, i_item_desc, w_warehouse_name, d_week_seq\nlimit 100;\n\n-- end query 54 in stream 2 using template query72.tpl\n",
    "indexes": "date_dim.d_week_seq",
    "wo plan est": {
      "Node Type": "Limit",
      "Parallel Aware": false,
      "Async Capable": false,
      "Startup Cost": 2058864.31,
      "Total Cost": 2058864.41,
      "Plan Rows": 40,
      "Plan Width": 147,
      "Plans": [
        {
          "Node Type": "Sort",
          "Parent Relationship": "Outer",
          "Parallel Aware": false,
          "Async Capable": false,
          "Startup Cost": 2058864.31,
          "Total Cost": 2058864.41,
          "Plan Rows": 40,
          "Plan Width": 147,
          "Sort Key": [
            "(count(*)) DESC",
            "item.i_item_desc",
            "warehouse.w_warehouse_name",
            "d1.d_week_seq"
          ],
          "Plans": [
            {
              "Node Type": "Aggregate",
              "Strategy": "Sorted",
              "Partial Mode": "Simple",
              "Parent Relationship": "Outer",
              "Parallel Aware": false,
              "Async Capable": false,
              "Startup Cost": 2058862.15,
              "Total Cost": 2058863.25,
              "Plan Rows": 40,
              "Plan Width": 147,
              "Group Key": [
                "item.i_item_desc",
                "warehouse.w_warehouse_name",
                "d1.d_week_seq"
              ],
              "Plans": [
                {
                  "Node Type": "Sort",
                  "Parent Relationship": "Outer",
                  "Parallel Aware": false,
                  "Async Capable": false,
                  "Startup Cost": 2058862.15,
                  "Total Cost": 2058862.25,
                  "Plan Rows": 40,
                  "Plan Width": 127,
                  "Sort Key": [
                    "item.i_item_desc",
                    "warehouse.w_warehouse_name",
                    "d1.d_week_seq"
                  ],
                  "Plans": [
                    {
                      "Node Type": "Nested Loop",
                      "Parent Relationship": "Outer",
                      "Parallel Aware": false,
                      "Async Capable": false,
                      "Join Type": "Left",
                      "Startup Cost": 2004596.21,
                      "Total Cost": 2058861.08,
                      "Plan Rows": 40,
                      "Plan Width": 127,
                      "Inner Unique": false,
                      "Join Filter": "(catalog_sales.cs_promo_sk = promotion.p_promo_sk)",
                      "Plans": [
                        {
                          "Node Type": "Hash Join",
                          "Parent Relationship": "Outer",
                          "Parallel Aware": false,
                          "Async Capable": false,
                          "Join Type": "Right",
                          "Startup Cost": 2004596.21,
                          "Total Cost": 2058541.83,
                          "Plan Rows": 40,
                          "Plan Width": 127,
                          "Inner Unique": false,
                          "Hash Cond": "((catalog_returns.cr_item_sk = catalog_sales.cs_item_sk) AND (catalog_returns.cr_order_number = catalog_sales.cs_order_number))",
                          "Plans": [
                            {
                              "Node Type": "Seq Scan",
                              "Parent Relationship": "Outer",
                              "Parallel Aware": false,
                              "Async Capable": false,
                              "Relation Name": "catalog_returns",
                              "Alias": "catalog_returns",
                              "Startup Cost": 0.0,
                              "Total Cost": 43147.49,
                              "Plan Rows": 1439749,
                              "Plan Width": 8,
                              "parent": 5,
                              "ID": 6
                            },
                            {
                              "Node Type": "Hash",
                              "Parent Relationship": "Inner",
                              "Parallel Aware": false,
                              "Async Capable": false,
                              "Startup Cost": 2004595.61,
                              "Total Cost": 2004595.61,
                              "Plan Rows": 40,
                              "Plan Width": 135,
                              "Plans": [
                                {
                                  "Node Type": "Hash Join",
                                  "Parent Relationship": "Outer",
                                  "Parallel Aware": false,
                                  "Async Capable": false,
                                  "Join Type": "Inner",
                                  "Startup Cost": 508613.25,
                                  "Total Cost": 2004595.61,
                                  "Plan Rows": 40,
                                  "Plan Width": 135,
                                  "Inner Unique": false,
                                  "Hash Cond": "(catalog_sales.cs_ship_date_sk = d3.d_date_sk)",
                                  "Join Filter": "(d3.d_date > (d1.d_date + 5))",
                                  "Plans": [
                                    {
                                      "Node Type": "Nested Loop",
                                      "Parent Relationship": "Outer",
                                      "Parallel Aware": false,
                                      "Async Capable": false,
                                      "Join Type": "Inner",
                                      "Startup Cost": 505564.64,
                                      "Total Cost": 2001544.76,
                                      "Plan Rows": 121,
                                      "Plan Width": 143,
                                      "Inner Unique": false,
                                      "Join Filter": "(inventory.inv_warehouse_sk = warehouse.w_warehouse_sk)",
                                      "Plans": [
                                        {
                                          "Node Type": "Hash Join",
                                          "Parent Relationship": "Outer",
                                          "Parallel Aware": false,
                                          "Async Capable": false,
                                          "Join Type": "Inner",
                                          "Startup Cost": 505564.64,
                                          "Total Cost": 2001525.48,
                                          "Plan Rows": 121,
                                          "Plan Width": 130,
                                          "Inner Unique": false,
                                          "Hash Cond": "(catalog_sales.cs_item_sk = item.i_item_sk)",
                                          "Plans": [
                                            {
                                              "Node Type": "Gather",
                                              "Parent Relationship": "Outer",
                                              "Parallel Aware": false,
                                              "Async Capable": false,
                                              "Startup Cost": 494611.64,
                                              "Total Cost": 1988874.82,
                                              "Plan Rows": 121,
                                              "Plan Width": 32,
                                              "Workers Planned": 2,
                                              "Single Copy": false,
                                              "Plans": [
                                                {
                                                  "Node Type": "Hash Join",
                                                  "Parent Relationship": "Outer",
                                                  "Parallel Aware": true,
                                                  "Async Capable": false,
                                                  "Join Type": "Inner",
                                                  "Startup Cost": 493611.64,
                                                  "Total Cost": 1987862.72,
                                                  "Plan Rows": 50,
                                                  "Plan Width": 32,
                                                  "Inner Unique": false,
                                                  "Hash Cond": "((inventory.inv_date_sk = d2.d_date_sk) AND (d1.d_week_seq = d2.d_week_seq))",
                                                  "Plans": [
                                                    {
                                                      "Node Type": "Hash Join",
                                                      "Parent Relationship": "Outer",
                                                      "Parallel Aware": true,
                                                      "Async Capable": false,
                                                      "Join Type": "Inner",
                                                      "Startup Cost": 491132.39,
                                                      "Total Cost": 1981451.77,
                                                      "Plan Rows": 524186,
                                                      "Plan Width": 36,
                                                      "Inner Unique": false,
                                                      "Hash Cond": "(inventory.inv_item_sk = catalog_sales.cs_item_sk)",
                                                      "Join Filter": "(inventory.inv_quantity_on_hand < catalog_sales.cs_quantity)",
                                                      "Plans": [
                                                        {
                                                          "Node Type": "Seq Scan",
                                                          "Parent Relationship": "Outer",
                                                          "Parallel Aware": true,
                                                          "Async Capable": false,
                                                          "Relation Name": "inventory",
                                                          "Alias": "inventory",
                                                          "Startup Cost": 0.0,
                                                          "Total Cost": 1274139.37,
                                                          "Plan Rows": 55462537,
                                                          "Plan Width": 16,
                                                          "parent": 13,
                                                          "ID": 14
                                                        },
                                                        {
                                                          "Node Type": "Hash",
                                                          "Parent Relationship": "Inner",
                                                          "Parallel Aware": true,
                                                          "Async Capable": false,
                                                          "Startup Cost": 491120.29,
                                                          "Total Cost": 491120.29,
                                                          "Plan Rows": 968,
                                                          "Plan Width": 28,
                                                          "Plans": [
                                                            {
                                                              "Node Type": "Hash Join",
                                                              "Parent Relationship": "Outer",
                                                              "Parallel Aware": true,
                                                              "Async Capable": false,
                                                              "Join Type": "Inner",
                                                              "Startup Cost": 458688.15,
                                                              "Total Cost": 491120.29,
                                                              "Plan Rows": 968,
                                                              "Plan Width": 28,
                                                              "Inner Unique": false,
                                                              "Hash Cond": "(customer_demographics.cd_demo_sk = catalog_sales.cs_bill_cdemo_sk)",
                                                              "Plans": [
                                                                {
                                                                  "Node Type": "Seq Scan",
                                                                  "Parent Relationship": "Outer",
                                                                  "Parallel Aware": true,
                                                                  "Async Capable": false,
                                                                  "Relation Name": "customer_demographics",
                                                                  "Alias": "customer_demographics",
                                                                  "Startup Cost": 0.0,
                                                                  "Total Cost": 31832.17,
                                                                  "Plan Rows": 158920,
                                                                  "Plan Width": 4,
                                                                  "Filter": "(cd_marital_status = 'S'::bpchar)",
                                                                  "parent": 16,
                                                                  "ID": 17
                                                                },
                                                                {
                                                                  "Node Type": "Hash",
                                                                  "Parent Relationship": "Inner",
                                                                  "Parallel Aware": true,
                                                                  "Async Capable": false,
                                                                  "Startup Cost": 458626.88,
                                                                  "Total Cost": 458626.88,
                                                                  "Plan Rows": 4901,
                                                                  "Plan Width": 32,
                                                                  "Plans": [
                                                                    {
                                                                      "Node Type": "Hash Join",
                                                                      "Parent Relationship": "Outer",
                                                                      "Parallel Aware": false,
                                                                      "Async Capable": false,
                                                                      "Join Type": "Inner",
                                                                      "Startup Cost": 2102.79,
                                                                      "Total Cost": 458626.88,
                                                                      "Plan Rows": 4901,
                                                                      "Plan Width": 32,
                                                                      "Inner Unique": false,
                                                                      "Hash Cond": "(catalog_sales.cs_bill_hdemo_sk = household_demographics.hd_demo_sk)",
                                                                      "Plans": [
                                                                        {
                                                                          "Node Type": "Hash Join",
                                                                          "Parent Relationship": "Outer",
                                                                          "Parallel Aware": true,
                                                                          "Async Capable": false,
                                                                          "Join Type": "Inner",
                                                                          "Startup Cost": 1944.79,
                                                                          "Total Cost": 458308.99,
                                                                          "Plan Rows": 29569,
                                                                          "Plan Width": 36,
                                                                          "Inner Unique": false,
                                                                          "Hash Cond": "(catalog_sales.cs_sold_date_sk = d1.d_date_sk)",
                                                                          "Plans": [
                                                                            {
                                                                              "Node Type": "Seq Scan",
                                                                              "Parent Relationship": "Outer",
                                                                              "Parallel Aware": true,
                                                                              "Async Capable": false,
                                                                              "Relation Name": "catalog_sales",
                                                                              "Alias": "catalog_sales",
                                                                              "Startup Cost": 0.0,
                                                                              "Total Cost": 433688.25,
                                                                              "Plan Rows": 6000525,
                                                                              "Plan Width": 32,
                                                                              "parent": 20,
                                                                              "ID": 21
                                                                            },
                                                                            {
                                                                              "Node Type": "Hash",
                                                                              "Parent Relationship": "Inner",
                                                                              "Parallel Aware": true,
                                                                              "Async Capable": false,
                                                                              "Startup Cost": 1942.12,
                                                                              "Total Cost": 1942.12,
                                                                              "Plan Rows": 213,
                                                                              "Plan Width": 12,
                                                                              "Plans": [
                                                                                {
                                                                                  "Node Type": "Seq Scan",
                                                                                  "Parent Relationship": "Outer",
                                                                                  "Parallel Aware": true,
                                                                                  "Async Capable": false,
                                                                                  "Relation Name": "date_dim",
                                                                                  "Alias": "d1",
                                                                                  "Startup Cost": 0.0,
                                                                                  "Total Cost": 1942.12,
                                                                                  "Plan Rows": 213,
                                                                                  "Plan Width": 12,
                                                                                  "Filter": "(d_year = 2001)",
                                                                                  "parent": 22,
                                                                                  "ID": 23
                                                                                }
                                                                              ],
                                                                              "parent": 20,
                                                                              "ID": 22,
                                                                              "left": 23
                                                                            }
                                                                          ],
                                                                          "parent": 19,
                                                                          "ID": 20,
                                                                          "left": 21,
                                                                          "right": 22
                                                                        },
                                                                        {
                                                                          "Node Type": "Hash",
                                                                          "Parent Relationship": "Inner",
                                                                          "Parallel Aware": false,
                                                                          "Async Capable": false,
                                                                          "Startup Cost": 143.0,
                                                                          "Total Cost": 143.0,
                                                                          "Plan Rows": 1200,
                                                                          "Plan Width": 4,
                                                                          "Plans": [
                                                                            {
                                                                              "Node Type": "Seq Scan",
                                                                              "Parent Relationship": "Outer",
                                                                              "Parallel Aware": false,
                                                                              "Async Capable": false,
                                                                              "Relation Name": "household_demographics",
                                                                              "Alias": "household_demographics",
                                                                              "Startup Cost": 0.0,
                                                                              "Total Cost": 143.0,
                                                                              "Plan Rows": 1200,
                                                                              "Plan Width": 4,
                                                                              "Filter": "(hd_buy_potential = '501-1000'::bpchar)",
                                                                              "parent": 24,
                                                                              "ID": 25
                                                                            }
                                                                          ],
                                                                          "parent": 19,
                                                                          "ID": 24,
                                                                          "left": 25
                                                                        }
                                                                      ],
                                                                      "parent": 18,
                                                                      "ID": 19,
                                                                      "left": 20,
                                                                      "right": 24
                                                                    }
                                                                  ],
                                                                  "parent": 16,
                                                                  "ID": 18,
                                                                  "left": 19
                                                                }
                                                              ],
                                                              "parent": 15,
                                                              "ID": 16,
                                                              "left": 17,
                                                              "right": 18
                                                            }
                                                          ],
                                                          "parent": 13,
                                                          "ID": 15,
                                                          "left": 16
                                                        }
                                                      ],
                                                      "parent": 12,
                                                      "ID": 13,
                                                      "left": 14,
                                                      "right": 15
                                                    },
                                                    {
                                                      "Node Type": "Hash",
                                                      "Parent Relationship": "Inner",
                                                      "Parallel Aware": true,
                                                      "Async Capable": false,
                                                      "Startup Cost": 1834.7,
                                                      "Total Cost": 1834.7,
                                                      "Plan Rows": 42970,
                                                      "Plan Width": 8,
                                                      "Plans": [
                                                        {
                                                          "Node Type": "Seq Scan",
                                                          "Parent Relationship": "Outer",
                                                          "Parallel Aware": true,
                                                          "Async Capable": false,
                                                          "Relation Name": "date_dim",
                                                          "Alias": "d2",
                                                          "Startup Cost": 0.0,
                                                          "Total Cost": 1834.7,
                                                          "Plan Rows": 42970,
                                                          "Plan Width": 8,
                                                          "parent": 26,
                                                          "ID": 27
                                                        }
                                                      ],
                                                      "parent": 12,
                                                      "ID": 26,
                                                      "left": 27
                                                    }
                                                  ],
                                                  "parent": 11,
                                                  "ID": 12,
                                                  "left": 13,
                                                  "right": 26
                                                }
                                              ],
                                              "parent": 10,
                                              "ID": 11,
                                              "left": 12
                                            },
                                            {
                                              "Node Type": "Hash",
                                              "Parent Relationship": "Inner",
                                              "Parallel Aware": false,
                                              "Async Capable": false,
                                              "Startup Cost": 7984.0,
                                              "Total Cost": 7984.0,
                                              "Plan Rows": 102000,
                                              "Plan Width": 106,
                                              "Plans": [
                                                {
                                                  "Node Type": "Seq Scan",
                                                  "Parent Relationship": "Outer",
                                                  "Parallel Aware": false,
                                                  "Async Capable": false,
                                                  "Relation Name": "item",
                                                  "Alias": "item",
                                                  "Startup Cost": 0.0,
                                                  "Total Cost": 7984.0,
                                                  "Plan Rows": 102000,
                                                  "Plan Width": 106,
                                                  "parent": 28,
                                                  "ID": 29
                                                }
                                              ],
                                              "parent": 10,
                                              "ID": 28,
                                              "left": 29
                                            }
                                          ],
                                          "parent": 9,
                                          "ID": 10,
                                          "left": 11,
                                          "right": 28
                                        },
                                        {
                                          "Node Type": "Materialize",
                                          "Parent Relationship": "Inner",
                                          "Parallel Aware": false,
                                          "Async Capable": false,
                                          "Startup Cost": 0.0,
                                          "Total Cost": 1.15,
                                          "Plan Rows": 10,
                                          "Plan Width": 21,
                                          "Plans": [
                                            {
                                              "Node Type": "Seq Scan",
                                              "Parent Relationship": "Outer",
                                              "Parallel Aware": false,
                                              "Async Capable": false,
                                              "Relation Name": "warehouse",
                                              "Alias": "warehouse",
                                              "Startup Cost": 0.0,
                                              "Total Cost": 1.1,
                                              "Plan Rows": 10,
                                              "Plan Width": 21,
                                              "parent": 30,
                                              "ID": 31
                                            }
                                          ],
                                          "parent": 9,
                                          "ID": 30,
                                          "left": 31
                                        }
                                      ],
                                      "parent": 8,
                                      "ID": 9,
                                      "left": 10,
                                      "right": 30
                                    },
                                    {
                                      "Node Type": "Hash",
                                      "Parent Relationship": "Inner",
                                      "Parallel Aware": false,
                                      "Async Capable": false,
                                      "Startup Cost": 2135.49,
                                      "Total Cost": 2135.49,
                                      "Plan Rows": 73049,
                                      "Plan Width": 8,
                                      "Plans": [
                                        {
                                          "Node Type": "Seq Scan",
                                          "Parent Relationship": "Outer",
                                          "Parallel Aware": false,
                                          "Async Capable": false,
                                          "Relation Name": "date_dim",
                                          "Alias": "d3",
                                          "Startup Cost": 0.0,
                                          "Total Cost": 2135.49,
                                          "Plan Rows": 73049,
                                          "Plan Width": 8,
                                          "parent": 32,
                                          "ID": 33
                                        }
                                      ],
                                      "parent": 8,
                                      "ID": 32,
                                      "left": 33
                                    }
                                  ],
                                  "parent": 7,
                                  "ID": 8,
                                  "left": 9,
                                  "right": 32
                                }
                              ],
                              "parent": 5,
                              "ID": 7,
                              "left": 8
                            }
                          ],
                          "parent": 4,
                          "ID": 5,
                          "left": 6,
                          "right": 7
                        },
                        {
                          "Node Type": "Materialize",
                          "Parent Relationship": "Inner",
                          "Parallel Aware": false,
                          "Async Capable": false,
                          "Startup Cost": 0.0,
                          "Total Cost": 20.5,
                          "Plan Rows": 500,
                          "Plan Width": 4,
                          "Plans": [
                            {
                              "Node Type": "Seq Scan",
                              "Parent Relationship": "Outer",
                              "Parallel Aware": false,
                              "Async Capable": false,
                              "Relation Name": "promotion",
                              "Alias": "promotion",
                              "Startup Cost": 0.0,
                              "Total Cost": 18.0,
                              "Plan Rows": 500,
                              "Plan Width": 4,
                              "parent": 34,
                              "ID": 35
                            }
                          ],
                          "parent": 4,
                          "ID": 34,
                          "left": 35
                        }
                      ],
                      "parent": 3,
                      "ID": 4,
                      "left": 5,
                      "right": 34
                    }
                  ],
                  "parent": 2,
                  "ID": 3,
                  "left": 4
                }
              ],
              "parent": 1,
              "ID": 2,
              "left": 3
            }
          ],
          "parent": 0,
          "ID": 1,
          "left": 2
        }
      ],
      "parent": null,
      "ID": 0,
      "left": 1
    },
    "feat": {
      "utility": 0.0,
      "query_shape": [
        [
          "Seq Scan",
          "Hash Join",
          "Nested Loop",
          "Sort",
          "Aggregate"
        ],
        [
          "Seq Scan",
          "Hash Join",
          "Gather",
          "Nested Loop",
          "Hash",
          "Sort",
          "Aggregate"
        ],
        [
          "Seq Scan",
          "Hash Join",
          "Hash",
          "Gather",
          "Nested Loop",
          "Sort",
          "Aggregate"
        ],
        [
          "Seq Scan",
          "Hash Join",
          "Hash",
          "Gather",
          "Nested Loop",
          "Sort",
          "Aggregate"
        ],
        [
          "Seq Scan",
          "Hash",
          "Hash Join",
          "Gather",
          "Nested Loop",
          "Sort",
          "Aggregate"
        ],
        [
          "Seq Scan",
          "Hash",
          "Hash Join",
          "Gather",
          "Nested Loop",
          "Sort",
          "Aggregate"
        ],
        [
          "Seq Scan",
          "Hash",
          "Hash Join",
          "Gather",
          "Nested Loop",
          "Sort",
          "Aggregate"
        ],
        [
          "Seq Scan",
          "Hash",
          "Hash Join",
          "Nested Loop",
          "Sort",
          "Aggregate"
        ],
        [
          "Seq Scan",
          "Materialize",
          "Nested Loop",
          "Hash Join",
          "Hash",
          "Sort",
          "Aggregate"
        ],
        [
          "Seq Scan",
          "Hash",
          "Hash Join",
          "Nested Loop",
          "Sort",
          "Aggregate"
        ],
        [
          "Seq Scan",
          "Materialize",
          "Nested Loop",
          "Sort",
          "Aggregate"
        ]
      ],
      "index_shape": [],
      "physical_operator": {}
    }
  },
  {
    "query": "select  i_item_desc\n      ,w_warehouse_name\n      ,d1.d_week_seq\n      ,sum(case when p_promo_sk is null then 1 else 0 end) no_promo\n      ,sum(case when p_promo_sk is not null then 1 else 0 end) promo\n      ,count(*) total_cnt\nfrom catalog_sales\njoin inventory on (cs_item_sk = inv_item_sk)\njoin warehouse on (w_warehouse_sk=inv_warehouse_sk)\njoin item on (i_item_sk = cs_item_sk)\njoin customer_demographics on (cs_bill_cdemo_sk = cd_demo_sk)\njoin household_demographics on (cs_bill_hdemo_sk = hd_demo_sk)\njoin date_dim d1 on (cs_sold_date_sk = d1.d_date_sk)\njoin date_dim d2 on (inv_date_sk = d2.d_date_sk)\njoin date_dim d3 on (cs_ship_date_sk = d3.d_date_sk)\nleft outer join promotion on (cs_promo_sk=p_promo_sk)\nleft outer join catalog_returns on (cr_item_sk = cs_item_sk and cr_order_number = cs_order_number)\nwhere d1.d_week_seq = d2.d_week_seq\n  and inv_quantity_on_hand < cs_quantity \n  and d3.d_date > d1.d_date + 5\n  and hd_buy_potential = '501-1000'\n  and d1.d_year = 2001\n  and cd_marital_status = 'S'\ngroup by i_item_desc,w_warehouse_name,d1.d_week_seq\norder by total_cnt desc, i_item_desc, w_warehouse_name, d_week_seq\nlimit 100;\n\n-- end query 54 in stream 2 using template query72.tpl\n",
    "indexes": "household_demographics.hd_demo_sk",
    "wo plan est": {
      "Node Type": "Limit",
      "Parallel Aware": false,
      "Async Capable": false,
      "Startup Cost": 2058864.31,
      "Total Cost": 2058864.41,
      "Plan Rows": 40,
      "Plan Width": 147,
      "Plans": [
        {
          "Node Type": "Sort",
          "Parent Relationship": "Outer",
          "Parallel Aware": false,
          "Async Capable": false,
          "Startup Cost": 2058864.31,
          "Total Cost": 2058864.41,
          "Plan Rows": 40,
          "Plan Width": 147,
          "Sort Key": [
            "(count(*)) DESC",
            "item.i_item_desc",
            "warehouse.w_warehouse_name",
            "d1.d_week_seq"
          ],
          "Plans": [
            {
              "Node Type": "Aggregate",
              "Strategy": "Sorted",
              "Partial Mode": "Simple",
              "Parent Relationship": "Outer",
              "Parallel Aware": false,
              "Async Capable": false,
              "Startup Cost": 2058862.15,
              "Total Cost": 2058863.25,
              "Plan Rows": 40,
              "Plan Width": 147,
              "Group Key": [
                "item.i_item_desc",
                "warehouse.w_warehouse_name",
                "d1.d_week_seq"
              ],
              "Plans": [
                {
                  "Node Type": "Sort",
                  "Parent Relationship": "Outer",
                  "Parallel Aware": false,
                  "Async Capable": false,
                  "Startup Cost": 2058862.15,
                  "Total Cost": 2058862.25,
                  "Plan Rows": 40,
                  "Plan Width": 127,
                  "Sort Key": [
                    "item.i_item_desc",
                    "warehouse.w_warehouse_name",
                    "d1.d_week_seq"
                  ],
                  "Plans": [
                    {
                      "Node Type": "Nested Loop",
                      "Parent Relationship": "Outer",
                      "Parallel Aware": false,
                      "Async Capable": false,
                      "Join Type": "Left",
                      "Startup Cost": 2004596.21,
                      "Total Cost": 2058861.08,
                      "Plan Rows": 40,
                      "Plan Width": 127,
                      "Inner Unique": false,
                      "Join Filter": "(catalog_sales.cs_promo_sk = promotion.p_promo_sk)",
                      "Plans": [
                        {
                          "Node Type": "Hash Join",
                          "Parent Relationship": "Outer",
                          "Parallel Aware": false,
                          "Async Capable": false,
                          "Join Type": "Right",
                          "Startup Cost": 2004596.21,
                          "Total Cost": 2058541.83,
                          "Plan Rows": 40,
                          "Plan Width": 127,
                          "Inner Unique": false,
                          "Hash Cond": "((catalog_returns.cr_item_sk = catalog_sales.cs_item_sk) AND (catalog_returns.cr_order_number = catalog_sales.cs_order_number))",
                          "Plans": [
                            {
                              "Node Type": "Seq Scan",
                              "Parent Relationship": "Outer",
                              "Parallel Aware": false,
                              "Async Capable": false,
                              "Relation Name": "catalog_returns",
                              "Alias": "catalog_returns",
                              "Startup Cost": 0.0,
                              "Total Cost": 43147.49,
                              "Plan Rows": 1439749,
                              "Plan Width": 8,
                              "parent": 5,
                              "ID": 6
                            },
                            {
                              "Node Type": "Hash",
                              "Parent Relationship": "Inner",
                              "Parallel Aware": false,
                              "Async Capable": false,
                              "Startup Cost": 2004595.61,
                              "Total Cost": 2004595.61,
                              "Plan Rows": 40,
                              "Plan Width": 135,
                              "Plans": [
                                {
                                  "Node Type": "Hash Join",
                                  "Parent Relationship": "Outer",
                                  "Parallel Aware": false,
                                  "Async Capable": false,
                                  "Join Type": "Inner",
                                  "Startup Cost": 508613.25,
                                  "Total Cost": 2004595.61,
                                  "Plan Rows": 40,
                                  "Plan Width": 135,
                                  "Inner Unique": false,
                                  "Hash Cond": "(catalog_sales.cs_ship_date_sk = d3.d_date_sk)",
                                  "Join Filter": "(d3.d_date > (d1.d_date + 5))",
                                  "Plans": [
                                    {
                                      "Node Type": "Nested Loop",
                                      "Parent Relationship": "Outer",
                                      "Parallel Aware": false,
                                      "Async Capable": false,
                                      "Join Type": "Inner",
                                      "Startup Cost": 505564.64,
                                      "Total Cost": 2001544.76,
                                      "Plan Rows": 121,
                                      "Plan Width": 143,
                                      "Inner Unique": false,
                                      "Join Filter": "(inventory.inv_warehouse_sk = warehouse.w_warehouse_sk)",
                                      "Plans": [
                                        {
                                          "Node Type": "Hash Join",
                                          "Parent Relationship": "Outer",
                                          "Parallel Aware": false,
                                          "Async Capable": false,
                                          "Join Type": "Inner",
                                          "Startup Cost": 505564.64,
                                          "Total Cost": 2001525.48,
                                          "Plan Rows": 121,
                                          "Plan Width": 130,
                                          "Inner Unique": false,
                                          "Hash Cond": "(catalog_sales.cs_item_sk = item.i_item_sk)",
                                          "Plans": [
                                            {
                                              "Node Type": "Gather",
                                              "Parent Relationship": "Outer",
                                              "Parallel Aware": false,
                                              "Async Capable": false,
                                              "Startup Cost": 494611.64,
                                              "Total Cost": 1988874.82,
                                              "Plan Rows": 121,
                                              "Plan Width": 32,
                                              "Workers Planned": 2,
                                              "Single Copy": false,
                                              "Plans": [
                                                {
                                                  "Node Type": "Hash Join",
                                                  "Parent Relationship": "Outer",
                                                  "Parallel Aware": true,
                                                  "Async Capable": false,
                                                  "Join Type": "Inner",
                                                  "Startup Cost": 493611.64,
                                                  "Total Cost": 1987862.72,
                                                  "Plan Rows": 50,
                                                  "Plan Width": 32,
                                                  "Inner Unique": false,
                                                  "Hash Cond": "((inventory.inv_date_sk = d2.d_date_sk) AND (d1.d_week_seq = d2.d_week_seq))",
                                                  "Plans": [
                                                    {
                                                      "Node Type": "Hash Join",
                                                      "Parent Relationship": "Outer",
                                                      "Parallel Aware": true,
                                                      "Async Capable": false,
                                                      "Join Type": "Inner",
                                                      "Startup Cost": 491132.39,
                                                      "Total Cost": 1981451.77,
                                                      "Plan Rows": 524186,
                                                      "Plan Width": 36,
                                                      "Inner Unique": false,
                                                      "Hash Cond": "(inventory.inv_item_sk = catalog_sales.cs_item_sk)",
                                                      "Join Filter": "(inventory.inv_quantity_on_hand < catalog_sales.cs_quantity)",
                                                      "Plans": [
                                                        {
                                                          "Node Type": "Seq Scan",
                                                          "Parent Relationship": "Outer",
                                                          "Parallel Aware": true,
                                                          "Async Capable": false,
                                                          "Relation Name": "inventory",
                                                          "Alias": "inventory",
                                                          "Startup Cost": 0.0,
                                                          "Total Cost": 1274139.37,
                                                          "Plan Rows": 55462537,
                                                          "Plan Width": 16,
                                                          "parent": 13,
                                                          "ID": 14
                                                        },
                                                        {
                                                          "Node Type": "Hash",
                                                          "Parent Relationship": "Inner",
                                                          "Parallel Aware": true,
                                                          "Async Capable": false,
                                                          "Startup Cost": 491120.29,
                                                          "Total Cost": 491120.29,
                                                          "Plan Rows": 968,
                                                          "Plan Width": 28,
                                                          "Plans": [
                                                            {
                                                              "Node Type": "Hash Join",
                                                              "Parent Relationship": "Outer",
                                                              "Parallel Aware": true,
                                                              "Async Capable": false,
                                                              "Join Type": "Inner",
                                                              "Startup Cost": 458688.15,
                                                              "Total Cost": 491120.29,
                                                              "Plan Rows": 968,
                                                              "Plan Width": 28,
                                                              "Inner Unique": false,
                                                              "Hash Cond": "(customer_demographics.cd_demo_sk = catalog_sales.cs_bill_cdemo_sk)",
                                                              "Plans": [
                                                                {
                                                                  "Node Type": "Seq Scan",
                                                                  "Parent Relationship": "Outer",
                                                                  "Parallel Aware": true,
                                                                  "Async Capable": false,
                                                                  "Relation Name": "customer_demographics",
                                                                  "Alias": "customer_demographics",
                                                                  "Startup Cost": 0.0,
                                                                  "Total Cost": 31832.17,
                                                                  "Plan Rows": 158920,
                                                                  "Plan Width": 4,
                                                                  "Filter": "(cd_marital_status = 'S'::bpchar)",
                                                                  "parent": 16,
                                                                  "ID": 17
                                                                },
                                                                {
                                                                  "Node Type": "Hash",
                                                                  "Parent Relationship": "Inner",
                                                                  "Parallel Aware": true,
                                                                  "Async Capable": false,
                                                                  "Startup Cost": 458626.88,
                                                                  "Total Cost": 458626.88,
                                                                  "Plan Rows": 4901,
                                                                  "Plan Width": 32,
                                                                  "Plans": [
                                                                    {
                                                                      "Node Type": "Hash Join",
                                                                      "Parent Relationship": "Outer",
                                                                      "Parallel Aware": false,
                                                                      "Async Capable": false,
                                                                      "Join Type": "Inner",
                                                                      "Startup Cost": 2102.79,
                                                                      "Total Cost": 458626.88,
                                                                      "Plan Rows": 4901,
                                                                      "Plan Width": 32,
                                                                      "Inner Unique": false,
                                                                      "Hash Cond": "(catalog_sales.cs_bill_hdemo_sk = household_demographics.hd_demo_sk)",
                                                                      "Plans": [
                                                                        {
                                                                          "Node Type": "Hash Join",
                                                                          "Parent Relationship": "Outer",
                                                                          "Parallel Aware": true,
                                                                          "Async Capable": false,
                                                                          "Join Type": "Inner",
                                                                          "Startup Cost": 1944.79,
                                                                          "Total Cost": 458308.99,
                                                                          "Plan Rows": 29569,
                                                                          "Plan Width": 36,
                                                                          "Inner Unique": false,
                                                                          "Hash Cond": "(catalog_sales.cs_sold_date_sk = d1.d_date_sk)",
                                                                          "Plans": [
                                                                            {
                                                                              "Node Type": "Seq Scan",
                                                                              "Parent Relationship": "Outer",
                                                                              "Parallel Aware": true,
                                                                              "Async Capable": false,
                                                                              "Relation Name": "catalog_sales",
                                                                              "Alias": "catalog_sales",
                                                                              "Startup Cost": 0.0,
                                                                              "Total Cost": 433688.25,
                                                                              "Plan Rows": 6000525,
                                                                              "Plan Width": 32,
                                                                              "parent": 20,
                                                                              "ID": 21
                                                                            },
                                                                            {
                                                                              "Node Type": "Hash",
                                                                              "Parent Relationship": "Inner",
                                                                              "Parallel Aware": true,
                                                                              "Async Capable": false,
                                                                              "Startup Cost": 1942.12,
                                                                              "Total Cost": 1942.12,
                                                                              "Plan Rows": 213,
                                                                              "Plan Width": 12,
                                                                              "Plans": [
                                                                                {
                                                                                  "Node Type": "Seq Scan",
                                                                                  "Parent Relationship": "Outer",
                                                                                  "Parallel Aware": true,
                                                                                  "Async Capable": false,
                                                                                  "Relation Name": "date_dim",
                                                                                  "Alias": "d1",
                                                                                  "Startup Cost": 0.0,
                                                                                  "Total Cost": 1942.12,
                                                                                  "Plan Rows": 213,
                                                                                  "Plan Width": 12,
                                                                                  "Filter": "(d_year = 2001)",
                                                                                  "parent": 22,
                                                                                  "ID": 23
                                                                                }
                                                                              ],
                                                                              "parent": 20,
                                                                              "ID": 22,
                                                                              "left": 23
                                                                            }
                                                                          ],
                                                                          "parent": 19,
                                                                          "ID": 20,
                                                                          "left": 21,
                                                                          "right": 22
                                                                        },
                                                                        {
                                                                          "Node Type": "Hash",
                                                                          "Parent Relationship": "Inner",
                                                                          "Parallel Aware": false,
                                                                          "Async Capable": false,
                                                                          "Startup Cost": 143.0,
                                                                          "Total Cost": 143.0,
                                                                          "Plan Rows": 1200,
                                                                          "Plan Width": 4,
                                                                          "Plans": [
                                                                            {
                                                                              "Node Type": "Seq Scan",
                                                                              "Parent Relationship": "Outer",
                                                                              "Parallel Aware": false,
                                                                              "Async Capable": false,
                                                                              "Relation Name": "household_demographics",
                                                                              "Alias": "household_demographics",
                                                                              "Startup Cost": 0.0,
                                                                              "Total Cost": 143.0,
                                                                              "Plan Rows": 1200,
                                                                              "Plan Width": 4,
                                                                              "Filter": "(hd_buy_potential = '501-1000'::bpchar)",
                                                                              "parent": 24,
                                                                              "ID": 25
                                                                            }
                                                                          ],
                                                                          "parent": 19,
                                                                          "ID": 24,
                                                                          "left": 25
                                                                        }
                                                                      ],
                                                                      "parent": 18,
                                                                      "ID": 19,
                                                                      "left": 20,
                                                                      "right": 24
                                                                    }
                                                                  ],
                                                                  "parent": 16,
                                                                  "ID": 18,
                                                                  "left": 19
                                                                }
                                                              ],
                                                              "parent": 15,
                                                              "ID": 16,
                                                              "left": 17,
                                                              "right": 18
                                                            }
                                                          ],
                                                          "parent": 13,
                                                          "ID": 15,
                                                          "left": 16
                                                        }
                                                      ],
                                                      "parent": 12,
                                                      "ID": 13,
                                                      "left": 14,
                                                      "right": 15
                                                    },
                                                    {
                                                      "Node Type": "Hash",
                                                      "Parent Relationship": "Inner",
                                                      "Parallel Aware": true,
                                                      "Async Capable": false,
                                                      "Startup Cost": 1834.7,
                                                      "Total Cost": 1834.7,
                                                      "Plan Rows": 42970,
                                                      "Plan Width": 8,
                                                      "Plans": [
                                                        {
                                                          "Node Type": "Seq Scan",
                                                          "Parent Relationship": "Outer",
                                                          "Parallel Aware": true,
                                                          "Async Capable": false,
                                                          "Relation Name": "date_dim",
                                                          "Alias": "d2",
                                                          "Startup Cost": 0.0,
                                                          "Total Cost": 1834.7,
                                                          "Plan Rows": 42970,
                                                          "Plan Width": 8,
                                                          "parent": 26,
                                                          "ID": 27
                                                        }
                                                      ],
                                                      "parent": 12,
                                                      "ID": 26,
                                                      "left": 27
                                                    }
                                                  ],
                                                  "parent": 11,
                                                  "ID": 12,
                                                  "left": 13,
                                                  "right": 26
                                                }
                                              ],
                                              "parent": 10,
                                              "ID": 11,
                                              "left": 12
                                            },
                                            {
                                              "Node Type": "Hash",
                                              "Parent Relationship": "Inner",
                                              "Parallel Aware": false,
                                              "Async Capable": false,
                                              "Startup Cost": 7984.0,
                                              "Total Cost": 7984.0,
                                              "Plan Rows": 102000,
                                              "Plan Width": 106,
                                              "Plans": [
                                                {
                                                  "Node Type": "Seq Scan",
                                                  "Parent Relationship": "Outer",
                                                  "Parallel Aware": false,
                                                  "Async Capable": false,
                                                  "Relation Name": "item",
                                                  "Alias": "item",
                                                  "Startup Cost": 0.0,
                                                  "Total Cost": 7984.0,
                                                  "Plan Rows": 102000,
                                                  "Plan Width": 106,
                                                  "parent": 28,
                                                  "ID": 29
                                                }
                                              ],
                                              "parent": 10,
                                              "ID": 28,
                                              "left": 29
                                            }
                                          ],
                                          "parent": 9,
                                          "ID": 10,
                                          "left": 11,
                                          "right": 28
                                        },
                                        {
                                          "Node Type": "Materialize",
                                          "Parent Relationship": "Inner",
                                          "Parallel Aware": false,
                                          "Async Capable": false,
                                          "Startup Cost": 0.0,
                                          "Total Cost": 1.15,
                                          "Plan Rows": 10,
                                          "Plan Width": 21,
                                          "Plans": [
                                            {
                                              "Node Type": "Seq Scan",
                                              "Parent Relationship": "Outer",
                                              "Parallel Aware": false,
                                              "Async Capable": false,
                                              "Relation Name": "warehouse",
                                              "Alias": "warehouse",
                                              "Startup Cost": 0.0,
                                              "Total Cost": 1.1,
                                              "Plan Rows": 10,
                                              "Plan Width": 21,
                                              "parent": 30,
                                              "ID": 31
                                            }
                                          ],
                                          "parent": 9,
                                          "ID": 30,
                                          "left": 31
                                        }
                                      ],
                                      "parent": 8,
                                      "ID": 9,
                                      "left": 10,
                                      "right": 30
                                    },
                                    {
                                      "Node Type": "Hash",
                                      "Parent Relationship": "Inner",
                                      "Parallel Aware": false,
                                      "Async Capable": false,
                                      "Startup Cost": 2135.49,
                                      "Total Cost": 2135.49,
                                      "Plan Rows": 73049,
                                      "Plan Width": 8,
                                      "Plans": [
                                        {
                                          "Node Type": "Seq Scan",
                                          "Parent Relationship": "Outer",
                                          "Parallel Aware": false,
                                          "Async Capable": false,
                                          "Relation Name": "date_dim",
                                          "Alias": "d3",
                                          "Startup Cost": 0.0,
                                          "Total Cost": 2135.49,
                                          "Plan Rows": 73049,
                                          "Plan Width": 8,
                                          "parent": 32,
                                          "ID": 33
                                        }
                                      ],
                                      "parent": 8,
                                      "ID": 32,
                                      "left": 33
                                    }
                                  ],
                                  "parent": 7,
                                  "ID": 8,
                                  "left": 9,
                                  "right": 32
                                }
                              ],
                              "parent": 5,
                              "ID": 7,
                              "left": 8
                            }
                          ],
                          "parent": 4,
                          "ID": 5,
                          "left": 6,
                          "right": 7
                        },
                        {
                          "Node Type": "Materialize",
                          "Parent Relationship": "Inner",
                          "Parallel Aware": false,
                          "Async Capable": false,
                          "Startup Cost": 0.0,
                          "Total Cost": 20.5,
                          "Plan Rows": 500,
                          "Plan Width": 4,
                          "Plans": [
                            {
                              "Node Type": "Seq Scan",
                              "Parent Relationship": "Outer",
                              "Parallel Aware": false,
                              "Async Capable": false,
                              "Relation Name": "promotion",
                              "Alias": "promotion",
                              "Startup Cost": 0.0,
                              "Total Cost": 18.0,
                              "Plan Rows": 500,
                              "Plan Width": 4,
                              "parent": 34,
                              "ID": 35
                            }
                          ],
                          "parent": 4,
                          "ID": 34,
                          "left": 35
                        }
                      ],
                      "parent": 3,
                      "ID": 4,
                      "left": 5,
                      "right": 34
                    }
                  ],
                  "parent": 2,
                  "ID": 3,
                  "left": 4
                }
              ],
              "parent": 1,
              "ID": 2,
              "left": 3
            }
          ],
          "parent": 0,
          "ID": 1,
          "left": 2
        }
      ],
      "parent": null,
      "ID": 0,
      "left": 1
    },
    "feat": {
      "utility": 8.639934412076743e-06,
      "query_shape": [
        [
          "Seq Scan",
          "Hash Join",
          "Nested Loop",
          "Sort",
          "Aggregate"
        ],
        [
          "Seq Scan",
          "Hash Join",
          "Gather",
          "Nested Loop",
          "Hash",
          "Sort",
          "Aggregate"
        ],
        [
          "Seq Scan",
          "Hash Join",
          "Hash",
          "Gather",
          "Nested Loop",
          "Sort",
          "Aggregate"
        ],
        [
          "Seq Scan",
          "Hash Join",
          "Hash",
          "Gather",
          "Nested Loop",
          "Sort",
          "Aggregate"
        ],
        [
          "Seq Scan",
          "Hash",
          "Hash Join",
          "Gather",
          "Nested Loop",
          "Sort",
          "Aggregate"
        ],
        [
          "Seq Scan",
          "Hash",
          "Hash Join",
          "Gather",
          "Nested Loop",
          "Sort",
          "Aggregate"
        ],
        [
          "Seq Scan",
          "Hash",
          "Hash Join",
          "Gather",
          "Nested Loop",
          "Sort",
          "Aggregate"
        ],
        [
          "Seq Scan",
          "Hash",
          "Hash Join",
          "Nested Loop",
          "Sort",
          "Aggregate"
        ],
        [
          "Seq Scan",
          "Materialize",
          "Nested Loop",
          "Hash Join",
          "Hash",
          "Sort",
          "Aggregate"
        ],
        [
          "Seq Scan",
          "Hash",
          "Hash Join",
          "Nested Loop",
          "Sort",
          "Aggregate"
        ],
        [
          "Seq Scan",
          "Materialize",
          "Nested Loop",
          "Sort",
          "Aggregate"
        ]
      ],
      "index_shape": [
        "join"
      ],
      "physical_operator": {
        "Hash Join": [
          0.01175258523560678
        ]
      }
    }
  },
  {
    "query": "select  i_item_desc\n      ,w_warehouse_name\n      ,d1.d_week_seq\n      ,sum(case when p_promo_sk is null then 1 else 0 end) no_promo\n      ,sum(case when p_promo_sk is not null then 1 else 0 end) promo\n      ,count(*) total_cnt\nfrom catalog_sales\njoin inventory on (cs_item_sk = inv_item_sk)\njoin warehouse on (w_warehouse_sk=inv_warehouse_sk)\njoin item on (i_item_sk = cs_item_sk)\njoin customer_demographics on (cs_bill_cdemo_sk = cd_demo_sk)\njoin household_demographics on (cs_bill_hdemo_sk = hd_demo_sk)\njoin date_dim d1 on (cs_sold_date_sk = d1.d_date_sk)\njoin date_dim d2 on (inv_date_sk = d2.d_date_sk)\njoin date_dim d3 on (cs_ship_date_sk = d3.d_date_sk)\nleft outer join promotion on (cs_promo_sk=p_promo_sk)\nleft outer join catalog_returns on (cr_item_sk = cs_item_sk and cr_order_number = cs_order_number)\nwhere d1.d_week_seq = d2.d_week_seq\n  and inv_quantity_on_hand < cs_quantity \n  and d3.d_date > d1.d_date + 5\n  and hd_buy_potential = '501-1000'\n  and d1.d_year = 2001\n  and cd_marital_status = 'S'\ngroup by i_item_desc,w_warehouse_name,d1.d_week_seq\norder by total_cnt desc, i_item_desc, w_warehouse_name, d_week_seq\nlimit 100;\n\n-- end query 54 in stream 2 using template query72.tpl\n",
    "indexes": "household_demographics.hd_buy_potential",
    "wo plan est": {
      "Node Type": "Limit",
      "Parallel Aware": false,
      "Async Capable": false,
      "Startup Cost": 2058864.31,
      "Total Cost": 2058864.41,
      "Plan Rows": 40,
      "Plan Width": 147,
      "Plans": [
        {
          "Node Type": "Sort",
          "Parent Relationship": "Outer",
          "Parallel Aware": false,
          "Async Capable": false,
          "Startup Cost": 2058864.31,
          "Total Cost": 2058864.41,
          "Plan Rows": 40,
          "Plan Width": 147,
          "Sort Key": [
            "(count(*)) DESC",
            "item.i_item_desc",
            "warehouse.w_warehouse_name",
            "d1.d_week_seq"
          ],
          "Plans": [
            {
              "Node Type": "Aggregate",
              "Strategy": "Sorted",
              "Partial Mode": "Simple",
              "Parent Relationship": "Outer",
              "Parallel Aware": false,
              "Async Capable": false,
              "Startup Cost": 2058862.15,
              "Total Cost": 2058863.25,
              "Plan Rows": 40,
              "Plan Width": 147,
              "Group Key": [
                "item.i_item_desc",
                "warehouse.w_warehouse_name",
                "d1.d_week_seq"
              ],
              "Plans": [
                {
                  "Node Type": "Sort",
                  "Parent Relationship": "Outer",
                  "Parallel Aware": false,
                  "Async Capable": false,
                  "Startup Cost": 2058862.15,
                  "Total Cost": 2058862.25,
                  "Plan Rows": 40,
                  "Plan Width": 127,
                  "Sort Key": [
                    "item.i_item_desc",
                    "warehouse.w_warehouse_name",
                    "d1.d_week_seq"
                  ],
                  "Plans": [
                    {
                      "Node Type": "Nested Loop",
                      "Parent Relationship": "Outer",
                      "Parallel Aware": false,
                      "Async Capable": false,
                      "Join Type": "Left",
                      "Startup Cost": 2004596.21,
                      "Total Cost": 2058861.08,
                      "Plan Rows": 40,
                      "Plan Width": 127,
                      "Inner Unique": false,
                      "Join Filter": "(catalog_sales.cs_promo_sk = promotion.p_promo_sk)",
                      "Plans": [
                        {
                          "Node Type": "Hash Join",
                          "Parent Relationship": "Outer",
                          "Parallel Aware": false,
                          "Async Capable": false,
                          "Join Type": "Right",
                          "Startup Cost": 2004596.21,
                          "Total Cost": 2058541.83,
                          "Plan Rows": 40,
                          "Plan Width": 127,
                          "Inner Unique": false,
                          "Hash Cond": "((catalog_returns.cr_item_sk = catalog_sales.cs_item_sk) AND (catalog_returns.cr_order_number = catalog_sales.cs_order_number))",
                          "Plans": [
                            {
                              "Node Type": "Seq Scan",
                              "Parent Relationship": "Outer",
                              "Parallel Aware": false,
                              "Async Capable": false,
                              "Relation Name": "catalog_returns",
                              "Alias": "catalog_returns",
                              "Startup Cost": 0.0,
                              "Total Cost": 43147.49,
                              "Plan Rows": 1439749,
                              "Plan Width": 8,
                              "parent": 5,
                              "ID": 6
                            },
                            {
                              "Node Type": "Hash",
                              "Parent Relationship": "Inner",
                              "Parallel Aware": false,
                              "Async Capable": false,
                              "Startup Cost": 2004595.61,
                              "Total Cost": 2004595.61,
                              "Plan Rows": 40,
                              "Plan Width": 135,
                              "Plans": [
                                {
                                  "Node Type": "Hash Join",
                                  "Parent Relationship": "Outer",
                                  "Parallel Aware": false,
                                  "Async Capable": false,
                                  "Join Type": "Inner",
                                  "Startup Cost": 508613.25,
                                  "Total Cost": 2004595.61,
                                  "Plan Rows": 40,
                                  "Plan Width": 135,
                                  "Inner Unique": false,
                                  "Hash Cond": "(catalog_sales.cs_ship_date_sk = d3.d_date_sk)",
                                  "Join Filter": "(d3.d_date > (d1.d_date + 5))",
                                  "Plans": [
                                    {
                                      "Node Type": "Nested Loop",
                                      "Parent Relationship": "Outer",
                                      "Parallel Aware": false,
                                      "Async Capable": false,
                                      "Join Type": "Inner",
                                      "Startup Cost": 505564.64,
                                      "Total Cost": 2001544.76,
                                      "Plan Rows": 121,
                                      "Plan Width": 143,
                                      "Inner Unique": false,
                                      "Join Filter": "(inventory.inv_warehouse_sk = warehouse.w_warehouse_sk)",
                                      "Plans": [
                                        {
                                          "Node Type": "Hash Join",
                                          "Parent Relationship": "Outer",
                                          "Parallel Aware": false,
                                          "Async Capable": false,
                                          "Join Type": "Inner",
                                          "Startup Cost": 505564.64,
                                          "Total Cost": 2001525.48,
                                          "Plan Rows": 121,
                                          "Plan Width": 130,
                                          "Inner Unique": false,
                                          "Hash Cond": "(catalog_sales.cs_item_sk = item.i_item_sk)",
                                          "Plans": [
                                            {
                                              "Node Type": "Gather",
                                              "Parent Relationship": "Outer",
                                              "Parallel Aware": false,
                                              "Async Capable": false,
                                              "Startup Cost": 494611.64,
                                              "Total Cost": 1988874.82,
                                              "Plan Rows": 121,
                                              "Plan Width": 32,
                                              "Workers Planned": 2,
                                              "Single Copy": false,
                                              "Plans": [
                                                {
                                                  "Node Type": "Hash Join",
                                                  "Parent Relationship": "Outer",
                                                  "Parallel Aware": true,
                                                  "Async Capable": false,
                                                  "Join Type": "Inner",
                                                  "Startup Cost": 493611.64,
                                                  "Total Cost": 1987862.72,
                                                  "Plan Rows": 50,
                                                  "Plan Width": 32,
                                                  "Inner Unique": false,
                                                  "Hash Cond": "((inventory.inv_date_sk = d2.d_date_sk) AND (d1.d_week_seq = d2.d_week_seq))",
                                                  "Plans": [
                                                    {
                                                      "Node Type": "Hash Join",
                                                      "Parent Relationship": "Outer",
                                                      "Parallel Aware": true,
                                                      "Async Capable": false,
                                                      "Join Type": "Inner",
                                                      "Startup Cost": 491132.39,
                                                      "Total Cost": 1981451.77,
                                                      "Plan Rows": 524186,
                                                      "Plan Width": 36,
                                                      "Inner Unique": false,
                                                      "Hash Cond": "(inventory.inv_item_sk = catalog_sales.cs_item_sk)",
                                                      "Join Filter": "(inventory.inv_quantity_on_hand < catalog_sales.cs_quantity)",
                                                      "Plans": [
                                                        {
                                                          "Node Type": "Seq Scan",
                                                          "Parent Relationship": "Outer",
                                                          "Parallel Aware": true,
                                                          "Async Capable": false,
                                                          "Relation Name": "inventory",
                                                          "Alias": "inventory",
                                                          "Startup Cost": 0.0,
                                                          "Total Cost": 1274139.37,
                                                          "Plan Rows": 55462537,
                                                          "Plan Width": 16,
                                                          "parent": 13,
                                                          "ID": 14
                                                        },
                                                        {
                                                          "Node Type": "Hash",
                                                          "Parent Relationship": "Inner",
                                                          "Parallel Aware": true,
                                                          "Async Capable": false,
                                                          "Startup Cost": 491120.29,
                                                          "Total Cost": 491120.29,
                                                          "Plan Rows": 968,
                                                          "Plan Width": 28,
                                                          "Plans": [
                                                            {
                                                              "Node Type": "Hash Join",
                                                              "Parent Relationship": "Outer",
                                                              "Parallel Aware": true,
                                                              "Async Capable": false,
                                                              "Join Type": "Inner",
                                                              "Startup Cost": 458688.15,
                                                              "Total Cost": 491120.29,
                                                              "Plan Rows": 968,
                                                              "Plan Width": 28,
                                                              "Inner Unique": false,
                                                              "Hash Cond": "(customer_demographics.cd_demo_sk = catalog_sales.cs_bill_cdemo_sk)",
                                                              "Plans": [
                                                                {
                                                                  "Node Type": "Seq Scan",
                                                                  "Parent Relationship": "Outer",
                                                                  "Parallel Aware": true,
                                                                  "Async Capable": false,
                                                                  "Relation Name": "customer_demographics",
                                                                  "Alias": "customer_demographics",
                                                                  "Startup Cost": 0.0,
                                                                  "Total Cost": 31832.17,
                                                                  "Plan Rows": 158920,
                                                                  "Plan Width": 4,
                                                                  "Filter": "(cd_marital_status = 'S'::bpchar)",
                                                                  "parent": 16,
                                                                  "ID": 17
                                                                },
                                                                {
                                                                  "Node Type": "Hash",
                                                                  "Parent Relationship": "Inner",
                                                                  "Parallel Aware": true,
                                                                  "Async Capable": false,
                                                                  "Startup Cost": 458626.88,
                                                                  "Total Cost": 458626.88,
                                                                  "Plan Rows": 4901,
                                                                  "Plan Width": 32,
                                                                  "Plans": [
                                                                    {
                                                                      "Node Type": "Hash Join",
                                                                      "Parent Relationship": "Outer",
                                                                      "Parallel Aware": false,
                                                                      "Async Capable": false,
                                                                      "Join Type": "Inner",
                                                                      "Startup Cost": 2102.79,
                                                                      "Total Cost": 458626.88,
                                                                      "Plan Rows": 4901,
                                                                      "Plan Width": 32,
                                                                      "Inner Unique": false,
                                                                      "Hash Cond": "(catalog_sales.cs_bill_hdemo_sk = household_demographics.hd_demo_sk)",
                                                                      "Plans": [
                                                                        {
                                                                          "Node Type": "Hash Join",
                                                                          "Parent Relationship": "Outer",
                                                                          "Parallel Aware": true,
                                                                          "Async Capable": false,
                                                                          "Join Type": "Inner",
                                                                          "Startup Cost": 1944.79,
                                                                          "Total Cost": 458308.99,
                                                                          "Plan Rows": 29569,
                                                                          "Plan Width": 36,
                                                                          "Inner Unique": false,
                                                                          "Hash Cond": "(catalog_sales.cs_sold_date_sk = d1.d_date_sk)",
                                                                          "Plans": [
                                                                            {
                                                                              "Node Type": "Seq Scan",
                                                                              "Parent Relationship": "Outer",
                                                                              "Parallel Aware": true,
                                                                              "Async Capable": false,
                                                                              "Relation Name": "catalog_sales",
                                                                              "Alias": "catalog_sales",
                                                                              "Startup Cost": 0.0,
                                                                              "Total Cost": 433688.25,
                                                                              "Plan Rows": 6000525,
                                                                              "Plan Width": 32,
                                                                              "parent": 20,
                                                                              "ID": 21
                                                                            },
                                                                            {
                                                                              "Node Type": "Hash",
                                                                              "Parent Relationship": "Inner",
                                                                              "Parallel Aware": true,
                                                                              "Async Capable": false,
                                                                              "Startup Cost": 1942.12,
                                                                              "Total Cost": 1942.12,
                                                                              "Plan Rows": 213,
                                                                              "Plan Width": 12,
                                                                              "Plans": [
                                                                                {
                                                                                  "Node Type": "Seq Scan",
                                                                                  "Parent Relationship": "Outer",
                                                                                  "Parallel Aware": true,
                                                                                  "Async Capable": false,
                                                                                  "Relation Name": "date_dim",
                                                                                  "Alias": "d1",
                                                                                  "Startup Cost": 0.0,
                                                                                  "Total Cost": 1942.12,
                                                                                  "Plan Rows": 213,
                                                                                  "Plan Width": 12,
                                                                                  "Filter": "(d_year = 2001)",
                                                                                  "parent": 22,
                                                                                  "ID": 23
                                                                                }
                                                                              ],
                                                                              "parent": 20,
                                                                              "ID": 22,
                                                                              "left": 23
                                                                            }
                                                                          ],
                                                                          "parent": 19,
                                                                          "ID": 20,
                                                                          "left": 21,
                                                                          "right": 22
                                                                        },
                                                                        {
                                                                          "Node Type": "Hash",
                                                                          "Parent Relationship": "Inner",
                                                                          "Parallel Aware": false,
                                                                          "Async Capable": false,
                                                                          "Startup Cost": 143.0,
                                                                          "Total Cost": 143.0,
                                                                          "Plan Rows": 1200,
                                                                          "Plan Width": 4,
                                                                          "Plans": [
                                                                            {
                                                                              "Node Type": "Seq Scan",
                                                                              "Parent Relationship": "Outer",
                                                                              "Parallel Aware": false,
                                                                              "Async Capable": false,
                                                                              "Relation Name": "household_demographics",
                                                                              "Alias": "household_demographics",
                                                                              "Startup Cost": 0.0,
                                                                              "Total Cost": 143.0,
                                                                              "Plan Rows": 1200,
                                                                              "Plan Width": 4,
                                                                              "Filter": "(hd_buy_potential = '501-1000'::bpchar)",
                                                                              "parent": 24,
                                                                              "ID": 25
                                                                            }
                                                                          ],
                                                                          "parent": 19,
                                                                          "ID": 24,
                                                                          "left": 25
                                                                        }
                                                                      ],
                                                                      "parent": 18,
                                                                      "ID": 19,
                                                                      "left": 20,
                                                                      "right": 24
                                                                    }
                                                                  ],
                                                                  "parent": 16,
                                                                  "ID": 18,
                                                                  "left": 19
                                                                }
                                                              ],
                                                              "parent": 15,
                                                              "ID": 16,
                                                              "left": 17,
                                                              "right": 18
                                                            }
                                                          ],
                                                          "parent": 13,
                                                          "ID": 15,
                                                          "left": 16
                                                        }
                                                      ],
                                                      "parent": 12,
                                                      "ID": 13,
                                                      "left": 14,
                                                      "right": 15
                                                    },
                                                    {
                                                      "Node Type": "Hash",
                                                      "Parent Relationship": "Inner",
                                                      "Parallel Aware": true,
                                                      "Async Capable": false,
                                                      "Startup Cost": 1834.7,
                                                      "Total Cost": 1834.7,
                                                      "Plan Rows": 42970,
                                                      "Plan Width": 8,
                                                      "Plans": [
                                                        {
                                                          "Node Type": "Seq Scan",
                                                          "Parent Relationship": "Outer",
                                                          "Parallel Aware": true,
                                                          "Async Capable": false,
                                                          "Relation Name": "date_dim",
                                                          "Alias": "d2",
                                                          "Startup Cost": 0.0,
                                                          "Total Cost": 1834.7,
                                                          "Plan Rows": 42970,
                                                          "Plan Width": 8,
                                                          "parent": 26,
                                                          "ID": 27
                                                        }
                                                      ],
                                                      "parent": 12,
                                                      "ID": 26,
                                                      "left": 27
                                                    }
                                                  ],
                                                  "parent": 11,
                                                  "ID": 12,
                                                  "left": 13,
                                                  "right": 26
                                                }
                                              ],
                                              "parent": 10,
                                              "ID": 11,
                                              "left": 12
                                            },
                                            {
                                              "Node Type": "Hash",
                                              "Parent Relationship": "Inner",
                                              "Parallel Aware": false,
                                              "Async Capable": false,
                                              "Startup Cost": 7984.0,
                                              "Total Cost": 7984.0,
                                              "Plan Rows": 102000,
                                              "Plan Width": 106,
                                              "Plans": [
                                                {
                                                  "Node Type": "Seq Scan",
                                                  "Parent Relationship": "Outer",
                                                  "Parallel Aware": false,
                                                  "Async Capable": false,
                                                  "Relation Name": "item",
                                                  "Alias": "item",
                                                  "Startup Cost": 0.0,
                                                  "Total Cost": 7984.0,
                                                  "Plan Rows": 102000,
                                                  "Plan Width": 106,
                                                  "parent": 28,
                                                  "ID": 29
                                                }
                                              ],
                                              "parent": 10,
                                              "ID": 28,
                                              "left": 29
                                            }
                                          ],
                                          "parent": 9,
                                          "ID": 10,
                                          "left": 11,
                                          "right": 28
                                        },
                                        {
                                          "Node Type": "Materialize",
                                          "Parent Relationship": "Inner",
                                          "Parallel Aware": false,
                                          "Async Capable": false,
                                          "Startup Cost": 0.0,
                                          "Total Cost": 1.15,
                                          "Plan Rows": 10,
                                          "Plan Width": 21,
                                          "Plans": [
                                            {
                                              "Node Type": "Seq Scan",
                                              "Parent Relationship": "Outer",
                                              "Parallel Aware": false,
                                              "Async Capable": false,
                                              "Relation Name": "warehouse",
                                              "Alias": "warehouse",
                                              "Startup Cost": 0.0,
                                              "Total Cost": 1.1,
                                              "Plan Rows": 10,
                                              "Plan Width": 21,
                                              "parent": 30,
                                              "ID": 31
                                            }
                                          ],
                                          "parent": 9,
                                          "ID": 30,
                                          "left": 31
                                        }
                                      ],
                                      "parent": 8,
                                      "ID": 9,
                                      "left": 10,
                                      "right": 30
                                    },
                                    {
                                      "Node Type": "Hash",
                                      "Parent Relationship": "Inner",
                                      "Parallel Aware": false,
                                      "Async Capable": false,
                                      "Startup Cost": 2135.49,
                                      "Total Cost": 2135.49,
                                      "Plan Rows": 73049,
                                      "Plan Width": 8,
                                      "Plans": [
                                        {
                                          "Node Type": "Seq Scan",
                                          "Parent Relationship": "Outer",
                                          "Parallel Aware": false,
                                          "Async Capable": false,
                                          "Relation Name": "date_dim",
                                          "Alias": "d3",
                                          "Startup Cost": 0.0,
                                          "Total Cost": 2135.49,
                                          "Plan Rows": 73049,
                                          "Plan Width": 8,
                                          "parent": 32,
                                          "ID": 33
                                        }
                                      ],
                                      "parent": 8,
                                      "ID": 32,
                                      "left": 33
                                    }
                                  ],
                                  "parent": 7,
                                  "ID": 8,
                                  "left": 9,
                                  "right": 32
                                }
                              ],
                              "parent": 5,
                              "ID": 7,
                              "left": 8
                            }
                          ],
                          "parent": 4,
                          "ID": 5,
                          "left": 6,
                          "right": 7
                        },
                        {
                          "Node Type": "Materialize",
                          "Parent Relationship": "Inner",
                          "Parallel Aware": false,
                          "Async Capable": false,
                          "Startup Cost": 0.0,
                          "Total Cost": 20.5,
                          "Plan Rows": 500,
                          "Plan Width": 4,
                          "Plans": [
                            {
                              "Node Type": "Seq Scan",
                              "Parent Relationship": "Outer",
                              "Parallel Aware": false,
                              "Async Capable": false,
                              "Relation Name": "promotion",
                              "Alias": "promotion",
                              "Startup Cost": 0.0,
                              "Total Cost": 18.0,
                              "Plan Rows": 500,
                              "Plan Width": 4,
                              "parent": 34,
                              "ID": 35
                            }
                          ],
                          "parent": 4,
                          "ID": 34,
                          "left": 35
                        }
                      ],
                      "parent": 3,
                      "ID": 4,
                      "left": 5,
                      "right": 34
                    }
                  ],
                  "parent": 2,
                  "ID": 3,
                  "left": 4
                }
              ],
              "parent": 1,
              "ID": 2,
              "left": 3
            }
          ],
          "parent": 0,
          "ID": 1,
          "left": 2
        }
      ],
      "parent": null,
      "ID": 0,
      "left": 1
    },
    "feat": {
      "utility": 5.787980310304489e-05,
      "query_shape": [
        [
          "Seq Scan",
          "Hash Join",
          "Nested Loop",
          "Sort",
          "Aggregate"
        ],
        [
          "Seq Scan",
          "Hash Join",
          "Gather",
          "Nested Loop",
          "Hash",
          "Sort",
          "Aggregate"
        ],
        [
          "Seq Scan",
          "Hash Join",
          "Hash",
          "Gather",
          "Nested Loop",
          "Sort",
          "Aggregate"
        ],
        [
          "Seq Scan",
          "Hash Join",
          "Hash",
          "Gather",
          "Nested Loop",
          "Sort",
          "Aggregate"
        ],
        [
          "Seq Scan",
          "Hash",
          "Hash Join",
          "Gather",
          "Nested Loop",
          "Sort",
          "Aggregate"
        ],
        [
          "Seq Scan",
          "Hash",
          "Hash Join",
          "Gather",
          "Nested Loop",
          "Sort",
          "Aggregate"
        ],
        [
          "Seq Scan",
          "Hash",
          "Hash Join",
          "Gather",
          "Nested Loop",
          "Sort",
          "Aggregate"
        ],
        [
          "Seq Scan",
          "Hash",
          "Hash Join",
          "Nested Loop",
          "Sort",
          "Aggregate"
        ],
        [
          "Seq Scan",
          "Materialize",
          "Nested Loop",
          "Hash Join",
          "Hash",
          "Sort",
          "Aggregate"
        ],
        [
          "Seq Scan",
          "Hash",
          "Hash Join",
          "Nested Loop",
          "Sort",
          "Aggregate"
        ],
        [
          "Seq Scan",
          "Materialize",
          "Nested Loop",
          "Sort",
          "Aggregate"
        ]
      ],
      "index_shape": [
        "selection"
      ],
      "physical_operator": {
        "Seq Scan": [
          0.16666666666666663
        ]
      }
    }
  },
  {
    "query": "select  i_item_desc\n      ,w_warehouse_name\n      ,d1.d_week_seq\n      ,sum(case when p_promo_sk is null then 1 else 0 end) no_promo\n      ,sum(case when p_promo_sk is not null then 1 else 0 end) promo\n      ,count(*) total_cnt\nfrom catalog_sales\njoin inventory on (cs_item_sk = inv_item_sk)\njoin warehouse on (w_warehouse_sk=inv_warehouse_sk)\njoin item on (i_item_sk = cs_item_sk)\njoin customer_demographics on (cs_bill_cdemo_sk = cd_demo_sk)\njoin household_demographics on (cs_bill_hdemo_sk = hd_demo_sk)\njoin date_dim d1 on (cs_sold_date_sk = d1.d_date_sk)\njoin date_dim d2 on (inv_date_sk = d2.d_date_sk)\njoin date_dim d3 on (cs_ship_date_sk = d3.d_date_sk)\nleft outer join promotion on (cs_promo_sk=p_promo_sk)\nleft outer join catalog_returns on (cr_item_sk = cs_item_sk and cr_order_number = cs_order_number)\nwhere d1.d_week_seq = d2.d_week_seq\n  and inv_quantity_on_hand < cs_quantity \n  and d3.d_date > d1.d_date + 5\n  and hd_buy_potential = '501-1000'\n  and d1.d_year = 2001\n  and cd_marital_status = 'S'\ngroup by i_item_desc,w_warehouse_name,d1.d_week_seq\norder by total_cnt desc, i_item_desc, w_warehouse_name, d_week_seq\nlimit 100;\n\n-- end query 54 in stream 2 using template query72.tpl\n",
    "indexes": "item.i_item_sk",
    "wo plan est": {
      "Node Type": "Limit",
      "Parallel Aware": false,
      "Async Capable": false,
      "Startup Cost": 2058864.31,
      "Total Cost": 2058864.41,
      "Plan Rows": 40,
      "Plan Width": 147,
      "Plans": [
        {
          "Node Type": "Sort",
          "Parent Relationship": "Outer",
          "Parallel Aware": false,
          "Async Capable": false,
          "Startup Cost": 2058864.31,
          "Total Cost": 2058864.41,
          "Plan Rows": 40,
          "Plan Width": 147,
          "Sort Key": [
            "(count(*)) DESC",
            "item.i_item_desc",
            "warehouse.w_warehouse_name",
            "d1.d_week_seq"
          ],
          "Plans": [
            {
              "Node Type": "Aggregate",
              "Strategy": "Sorted",
              "Partial Mode": "Simple",
              "Parent Relationship": "Outer",
              "Parallel Aware": false,
              "Async Capable": false,
              "Startup Cost": 2058862.15,
              "Total Cost": 2058863.25,
              "Plan Rows": 40,
              "Plan Width": 147,
              "Group Key": [
                "item.i_item_desc",
                "warehouse.w_warehouse_name",
                "d1.d_week_seq"
              ],
              "Plans": [
                {
                  "Node Type": "Sort",
                  "Parent Relationship": "Outer",
                  "Parallel Aware": false,
                  "Async Capable": false,
                  "Startup Cost": 2058862.15,
                  "Total Cost": 2058862.25,
                  "Plan Rows": 40,
                  "Plan Width": 127,
                  "Sort Key": [
                    "item.i_item_desc",
                    "warehouse.w_warehouse_name",
                    "d1.d_week_seq"
                  ],
                  "Plans": [
                    {
                      "Node Type": "Nested Loop",
                      "Parent Relationship": "Outer",
                      "Parallel Aware": false,
                      "Async Capable": false,
                      "Join Type": "Left",
                      "Startup Cost": 2004596.21,
                      "Total Cost": 2058861.08,
                      "Plan Rows": 40,
                      "Plan Width": 127,
                      "Inner Unique": false,
                      "Join Filter": "(catalog_sales.cs_promo_sk = promotion.p_promo_sk)",
                      "Plans": [
                        {
                          "Node Type": "Hash Join",
                          "Parent Relationship": "Outer",
                          "Parallel Aware": false,
                          "Async Capable": false,
                          "Join Type": "Right",
                          "Startup Cost": 2004596.21,
                          "Total Cost": 2058541.83,
                          "Plan Rows": 40,
                          "Plan Width": 127,
                          "Inner Unique": false,
                          "Hash Cond": "((catalog_returns.cr_item_sk = catalog_sales.cs_item_sk) AND (catalog_returns.cr_order_number = catalog_sales.cs_order_number))",
                          "Plans": [
                            {
                              "Node Type": "Seq Scan",
                              "Parent Relationship": "Outer",
                              "Parallel Aware": false,
                              "Async Capable": false,
                              "Relation Name": "catalog_returns",
                              "Alias": "catalog_returns",
                              "Startup Cost": 0.0,
                              "Total Cost": 43147.49,
                              "Plan Rows": 1439749,
                              "Plan Width": 8,
                              "parent": 5,
                              "ID": 6
                            },
                            {
                              "Node Type": "Hash",
                              "Parent Relationship": "Inner",
                              "Parallel Aware": false,
                              "Async Capable": false,
                              "Startup Cost": 2004595.61,
                              "Total Cost": 2004595.61,
                              "Plan Rows": 40,
                              "Plan Width": 135,
                              "Plans": [
                                {
                                  "Node Type": "Hash Join",
                                  "Parent Relationship": "Outer",
                                  "Parallel Aware": false,
                                  "Async Capable": false,
                                  "Join Type": "Inner",
                                  "Startup Cost": 508613.25,
                                  "Total Cost": 2004595.61,
                                  "Plan Rows": 40,
                                  "Plan Width": 135,
                                  "Inner Unique": false,
                                  "Hash Cond": "(catalog_sales.cs_ship_date_sk = d3.d_date_sk)",
                                  "Join Filter": "(d3.d_date > (d1.d_date + 5))",
                                  "Plans": [
                                    {
                                      "Node Type": "Nested Loop",
                                      "Parent Relationship": "Outer",
                                      "Parallel Aware": false,
                                      "Async Capable": false,
                                      "Join Type": "Inner",
                                      "Startup Cost": 505564.64,
                                      "Total Cost": 2001544.76,
                                      "Plan Rows": 121,
                                      "Plan Width": 143,
                                      "Inner Unique": false,
                                      "Join Filter": "(inventory.inv_warehouse_sk = warehouse.w_warehouse_sk)",
                                      "Plans": [
                                        {
                                          "Node Type": "Hash Join",
                                          "Parent Relationship": "Outer",
                                          "Parallel Aware": false,
                                          "Async Capable": false,
                                          "Join Type": "Inner",
                                          "Startup Cost": 505564.64,
                                          "Total Cost": 2001525.48,
                                          "Plan Rows": 121,
                                          "Plan Width": 130,
                                          "Inner Unique": false,
                                          "Hash Cond": "(catalog_sales.cs_item_sk = item.i_item_sk)",
                                          "Plans": [
                                            {
                                              "Node Type": "Gather",
                                              "Parent Relationship": "Outer",
                                              "Parallel Aware": false,
                                              "Async Capable": false,
                                              "Startup Cost": 494611.64,
                                              "Total Cost": 1988874.82,
                                              "Plan Rows": 121,
                                              "Plan Width": 32,
                                              "Workers Planned": 2,
                                              "Single Copy": false,
                                              "Plans": [
                                                {
                                                  "Node Type": "Hash Join",
                                                  "Parent Relationship": "Outer",
                                                  "Parallel Aware": true,
                                                  "Async Capable": false,
                                                  "Join Type": "Inner",
                                                  "Startup Cost": 493611.64,
                                                  "Total Cost": 1987862.72,
                                                  "Plan Rows": 50,
                                                  "Plan Width": 32,
                                                  "Inner Unique": false,
                                                  "Hash Cond": "((inventory.inv_date_sk = d2.d_date_sk) AND (d1.d_week_seq = d2.d_week_seq))",
                                                  "Plans": [
                                                    {
                                                      "Node Type": "Hash Join",
                                                      "Parent Relationship": "Outer",
                                                      "Parallel Aware": true,
                                                      "Async Capable": false,
                                                      "Join Type": "Inner",
                                                      "Startup Cost": 491132.39,
                                                      "Total Cost": 1981451.77,
                                                      "Plan Rows": 524186,
                                                      "Plan Width": 36,
                                                      "Inner Unique": false,
                                                      "Hash Cond": "(inventory.inv_item_sk = catalog_sales.cs_item_sk)",
                                                      "Join Filter": "(inventory.inv_quantity_on_hand < catalog_sales.cs_quantity)",
                                                      "Plans": [
                                                        {
                                                          "Node Type": "Seq Scan",
                                                          "Parent Relationship": "Outer",
                                                          "Parallel Aware": true,
                                                          "Async Capable": false,
                                                          "Relation Name": "inventory",
                                                          "Alias": "inventory",
                                                          "Startup Cost": 0.0,
                                                          "Total Cost": 1274139.37,
                                                          "Plan Rows": 55462537,
                                                          "Plan Width": 16,
                                                          "parent": 13,
                                                          "ID": 14
                                                        },
                                                        {
                                                          "Node Type": "Hash",
                                                          "Parent Relationship": "Inner",
                                                          "Parallel Aware": true,
                                                          "Async Capable": false,
                                                          "Startup Cost": 491120.29,
                                                          "Total Cost": 491120.29,
                                                          "Plan Rows": 968,
                                                          "Plan Width": 28,
                                                          "Plans": [
                                                            {
                                                              "Node Type": "Hash Join",
                                                              "Parent Relationship": "Outer",
                                                              "Parallel Aware": true,
                                                              "Async Capable": false,
                                                              "Join Type": "Inner",
                                                              "Startup Cost": 458688.15,
                                                              "Total Cost": 491120.29,
                                                              "Plan Rows": 968,
                                                              "Plan Width": 28,
                                                              "Inner Unique": false,
                                                              "Hash Cond": "(customer_demographics.cd_demo_sk = catalog_sales.cs_bill_cdemo_sk)",
                                                              "Plans": [
                                                                {
                                                                  "Node Type": "Seq Scan",
                                                                  "Parent Relationship": "Outer",
                                                                  "Parallel Aware": true,
                                                                  "Async Capable": false,
                                                                  "Relation Name": "customer_demographics",
                                                                  "Alias": "customer_demographics",
                                                                  "Startup Cost": 0.0,
                                                                  "Total Cost": 31832.17,
                                                                  "Plan Rows": 158920,
                                                                  "Plan Width": 4,
                                                                  "Filter": "(cd_marital_status = 'S'::bpchar)",
                                                                  "parent": 16,
                                                                  "ID": 17
                                                                },
                                                                {
                                                                  "Node Type": "Hash",
                                                                  "Parent Relationship": "Inner",
                                                                  "Parallel Aware": true,
                                                                  "Async Capable": false,
                                                                  "Startup Cost": 458626.88,
                                                                  "Total Cost": 458626.88,
                                                                  "Plan Rows": 4901,
                                                                  "Plan Width": 32,
                                                                  "Plans": [
                                                                    {
                                                                      "Node Type": "Hash Join",
                                                                      "Parent Relationship": "Outer",
                                                                      "Parallel Aware": false,
                                                                      "Async Capable": false,
                                                                      "Join Type": "Inner",
                                                                      "Startup Cost": 2102.79,
                                                                      "Total Cost": 458626.88,
                                                                      "Plan Rows": 4901,
                                                                      "Plan Width": 32,
                                                                      "Inner Unique": false,
                                                                      "Hash Cond": "(catalog_sales.cs_bill_hdemo_sk = household_demographics.hd_demo_sk)",
                                                                      "Plans": [
                                                                        {
                                                                          "Node Type": "Hash Join",
                                                                          "Parent Relationship": "Outer",
                                                                          "Parallel Aware": true,
                                                                          "Async Capable": false,
                                                                          "Join Type": "Inner",
                                                                          "Startup Cost": 1944.79,
                                                                          "Total Cost": 458308.99,
                                                                          "Plan Rows": 29569,
                                                                          "Plan Width": 36,
                                                                          "Inner Unique": false,
                                                                          "Hash Cond": "(catalog_sales.cs_sold_date_sk = d1.d_date_sk)",
                                                                          "Plans": [
                                                                            {
                                                                              "Node Type": "Seq Scan",
                                                                              "Parent Relationship": "Outer",
                                                                              "Parallel Aware": true,
                                                                              "Async Capable": false,
                                                                              "Relation Name": "catalog_sales",
                                                                              "Alias": "catalog_sales",
                                                                              "Startup Cost": 0.0,
                                                                              "Total Cost": 433688.25,
                                                                              "Plan Rows": 6000525,
                                                                              "Plan Width": 32,
                                                                              "parent": 20,
                                                                              "ID": 21
                                                                            },
                                                                            {
                                                                              "Node Type": "Hash",
                                                                              "Parent Relationship": "Inner",
                                                                              "Parallel Aware": true,
                                                                              "Async Capable": false,
                                                                              "Startup Cost": 1942.12,
                                                                              "Total Cost": 1942.12,
                                                                              "Plan Rows": 213,
                                                                              "Plan Width": 12,
                                                                              "Plans": [
                                                                                {
                                                                                  "Node Type": "Seq Scan",
                                                                                  "Parent Relationship": "Outer",
                                                                                  "Parallel Aware": true,
                                                                                  "Async Capable": false,
                                                                                  "Relation Name": "date_dim",
                                                                                  "Alias": "d1",
                                                                                  "Startup Cost": 0.0,
                                                                                  "Total Cost": 1942.12,
                                                                                  "Plan Rows": 213,
                                                                                  "Plan Width": 12,
                                                                                  "Filter": "(d_year = 2001)",
                                                                                  "parent": 22,
                                                                                  "ID": 23
                                                                                }
                                                                              ],
                                                                              "parent": 20,
                                                                              "ID": 22,
                                                                              "left": 23
                                                                            }
                                                                          ],
                                                                          "parent": 19,
                                                                          "ID": 20,
                                                                          "left": 21,
                                                                          "right": 22
                                                                        },
                                                                        {
                                                                          "Node Type": "Hash",
                                                                          "Parent Relationship": "Inner",
                                                                          "Parallel Aware": false,
                                                                          "Async Capable": false,
                                                                          "Startup Cost": 143.0,
                                                                          "Total Cost": 143.0,
                                                                          "Plan Rows": 1200,
                                                                          "Plan Width": 4,
                                                                          "Plans": [
                                                                            {
                                                                              "Node Type": "Seq Scan",
                                                                              "Parent Relationship": "Outer",
                                                                              "Parallel Aware": false,
                                                                              "Async Capable": false,
                                                                              "Relation Name": "household_demographics",
                                                                              "Alias": "household_demographics",
                                                                              "Startup Cost": 0.0,
                                                                              "Total Cost": 143.0,
                                                                              "Plan Rows": 1200,
                                                                              "Plan Width": 4,
                                                                              "Filter": "(hd_buy_potential = '501-1000'::bpchar)",
                                                                              "parent": 24,
                                                                              "ID": 25
                                                                            }
                                                                          ],
                                                                          "parent": 19,
                                                                          "ID": 24,
                                                                          "left": 25
                                                                        }
                                                                      ],
                                                                      "parent": 18,
                                                                      "ID": 19,
                                                                      "left": 20,
                                                                      "right": 24
                                                                    }
                                                                  ],
                                                                  "parent": 16,
                                                                  "ID": 18,
                                                                  "left": 19
                                                                }
                                                              ],
                                                              "parent": 15,
                                                              "ID": 16,
                                                              "left": 17,
                                                              "right": 18
                                                            }
                                                          ],
                                                          "parent": 13,
                                                          "ID": 15,
                                                          "left": 16
                                                        }
                                                      ],
                                                      "parent": 12,
                                                      "ID": 13,
                                                      "left": 14,
                                                      "right": 15
                                                    },
                                                    {
                                                      "Node Type": "Hash",
                                                      "Parent Relationship": "Inner",
                                                      "Parallel Aware": true,
                                                      "Async Capable": false,
                                                      "Startup Cost": 1834.7,
                                                      "Total Cost": 1834.7,
                                                      "Plan Rows": 42970,
                                                      "Plan Width": 8,
                                                      "Plans": [
                                                        {
                                                          "Node Type": "Seq Scan",
                                                          "Parent Relationship": "Outer",
                                                          "Parallel Aware": true,
                                                          "Async Capable": false,
                                                          "Relation Name": "date_dim",
                                                          "Alias": "d2",
                                                          "Startup Cost": 0.0,
                                                          "Total Cost": 1834.7,
                                                          "Plan Rows": 42970,
                                                          "Plan Width": 8,
                                                          "parent": 26,
                                                          "ID": 27
                                                        }
                                                      ],
                                                      "parent": 12,
                                                      "ID": 26,
                                                      "left": 27
                                                    }
                                                  ],
                                                  "parent": 11,
                                                  "ID": 12,
                                                  "left": 13,
                                                  "right": 26
                                                }
                                              ],
                                              "parent": 10,
                                              "ID": 11,
                                              "left": 12
                                            },
                                            {
                                              "Node Type": "Hash",
                                              "Parent Relationship": "Inner",
                                              "Parallel Aware": false,
                                              "Async Capable": false,
                                              "Startup Cost": 7984.0,
                                              "Total Cost": 7984.0,
                                              "Plan Rows": 102000,
                                              "Plan Width": 106,
                                              "Plans": [
                                                {
                                                  "Node Type": "Seq Scan",
                                                  "Parent Relationship": "Outer",
                                                  "Parallel Aware": false,
                                                  "Async Capable": false,
                                                  "Relation Name": "item",
                                                  "Alias": "item",
                                                  "Startup Cost": 0.0,
                                                  "Total Cost": 7984.0,
                                                  "Plan Rows": 102000,
                                                  "Plan Width": 106,
                                                  "parent": 28,
                                                  "ID": 29
                                                }
                                              ],
                                              "parent": 10,
                                              "ID": 28,
                                              "left": 29
                                            }
                                          ],
                                          "parent": 9,
                                          "ID": 10,
                                          "left": 11,
                                          "right": 28
                                        },
                                        {
                                          "Node Type": "Materialize",
                                          "Parent Relationship": "Inner",
                                          "Parallel Aware": false,
                                          "Async Capable": false,
                                          "Startup Cost": 0.0,
                                          "Total Cost": 1.15,
                                          "Plan Rows": 10,
                                          "Plan Width": 21,
                                          "Plans": [
                                            {
                                              "Node Type": "Seq Scan",
                                              "Parent Relationship": "Outer",
                                              "Parallel Aware": false,
                                              "Async Capable": false,
                                              "Relation Name": "warehouse",
                                              "Alias": "warehouse",
                                              "Startup Cost": 0.0,
                                              "Total Cost": 1.1,
                                              "Plan Rows": 10,
                                              "Plan Width": 21,
                                              "parent": 30,
                                              "ID": 31
                                            }
                                          ],
                                          "parent": 9,
                                          "ID": 30,
                                          "left": 31
                                        }
                                      ],
                                      "parent": 8,
                                      "ID": 9,
                                      "left": 10,
                                      "right": 30
                                    },
                                    {
                                      "Node Type": "Hash",
                                      "Parent Relationship": "Inner",
                                      "Parallel Aware": false,
                                      "Async Capable": false,
                                      "Startup Cost": 2135.49,
                                      "Total Cost": 2135.49,
                                      "Plan Rows": 73049,
                                      "Plan Width": 8,
                                      "Plans": [
                                        {
                                          "Node Type": "Seq Scan",
                                          "Parent Relationship": "Outer",
                                          "Parallel Aware": false,
                                          "Async Capable": false,
                                          "Relation Name": "date_dim",
                                          "Alias": "d3",
                                          "Startup Cost": 0.0,
                                          "Total Cost": 2135.49,
                                          "Plan Rows": 73049,
                                          "Plan Width": 8,
                                          "parent": 32,
                                          "ID": 33
                                        }
                                      ],
                                      "parent": 8,
                                      "ID": 32,
                                      "left": 33
                                    }
                                  ],
                                  "parent": 7,
                                  "ID": 8,
                                  "left": 9,
                                  "right": 32
                                }
                              ],
                              "parent": 5,
                              "ID": 7,
                              "left": 8
                            }
                          ],
                          "parent": 4,
                          "ID": 5,
                          "left": 6,
                          "right": 7
                        },
                        {
                          "Node Type": "Materialize",
                          "Parent Relationship": "Inner",
                          "Parallel Aware": false,
                          "Async Capable": false,
                          "Startup Cost": 0.0,
                          "Total Cost": 20.5,
                          "Plan Rows": 500,
                          "Plan Width": 4,
                          "Plans": [
                            {
                              "Node Type": "Seq Scan",
                              "Parent Relationship": "Outer",
                              "Parallel Aware": false,
                              "Async Capable": false,
                              "Relation Name": "promotion",
                              "Alias": "promotion",
                              "Startup Cost": 0.0,
                              "Total Cost": 18.0,
                              "Plan Rows": 500,
                              "Plan Width": 4,
                              "parent": 34,
                              "ID": 35
                            }
                          ],
                          "parent": 4,
                          "ID": 34,
                          "left": 35
                        }
                      ],
                      "parent": 3,
                      "ID": 4,
                      "left": 5,
                      "right": 34
                    }
                  ],
                  "parent": 2,
                  "ID": 3,
                  "left": 4
                }
              ],
              "parent": 1,
              "ID": 2,
              "left": 3
            }
          ],
          "parent": 0,
          "ID": 1,
          "left": 2
        }
      ],
      "parent": null,
      "ID": 0,
      "left": 1
    },
    "feat": {
      "utility": 8.715309141607018e-06,
      "query_shape": [
        [
          "Seq Scan",
          "Hash Join",
          "Nested Loop",
          "Sort",
          "Aggregate"
        ],
        [
          "Seq Scan",
          "Hash Join",
          "Gather",
          "Nested Loop",
          "Hash",
          "Sort",
          "Aggregate"
        ],
        [
          "Seq Scan",
          "Hash Join",
          "Hash",
          "Gather",
          "Nested Loop",
          "Sort",
          "Aggregate"
        ],
        [
          "Seq Scan",
          "Hash Join",
          "Hash",
          "Gather",
          "Nested Loop",
          "Sort",
          "Aggregate"
        ],
        [
          "Seq Scan",
          "Hash",
          "Hash Join",
          "Gather",
          "Nested Loop",
          "Sort",
          "Aggregate"
        ],
        [
          "Seq Scan",
          "Hash",
          "Hash Join",
          "Gather",
          "Nested Loop",
          "Sort",
          "Aggregate"
        ],
        [
          "Seq Scan",
          "Hash",
          "Hash Join",
          "Gather",
          "Nested Loop",
          "Sort",
          "Aggregate"
        ],
        [
          "Seq Scan",
          "Hash",
          "Hash Join",
          "Nested Loop",
          "Sort",
          "Aggregate"
        ],
        [
          "Seq Scan",
          "Materialize",
          "Nested Loop",
          "Hash Join",
          "Hash",
          "Sort",
          "Aggregate"
        ],
        [
          "Seq Scan",
          "Hash",
          "Hash Join",
          "Nested Loop",
          "Sort",
          "Aggregate"
        ],
        [
          "Seq Scan",
          "Materialize",
          "Nested Loop",
          "Sort",
          "Aggregate"
        ]
      ],
      "index_shape": [
        "join"
      ],
      "physical_operator": {
        "Hash Join": [
          0.0031311214554257476
        ]
      }
    }
  },
  {
    "query": "select  i_item_desc\n      ,w_warehouse_name\n      ,d1.d_week_seq\n      ,sum(case when p_promo_sk is null then 1 else 0 end) no_promo\n      ,sum(case when p_promo_sk is not null then 1 else 0 end) promo\n      ,count(*) total_cnt\nfrom catalog_sales\njoin inventory on (cs_item_sk = inv_item_sk)\njoin warehouse on (w_warehouse_sk=inv_warehouse_sk)\njoin item on (i_item_sk = cs_item_sk)\njoin customer_demographics on (cs_bill_cdemo_sk = cd_demo_sk)\njoin household_demographics on (cs_bill_hdemo_sk = hd_demo_sk)\njoin date_dim d1 on (cs_sold_date_sk = d1.d_date_sk)\njoin date_dim d2 on (inv_date_sk = d2.d_date_sk)\njoin date_dim d3 on (cs_ship_date_sk = d3.d_date_sk)\nleft outer join promotion on (cs_promo_sk=p_promo_sk)\nleft outer join catalog_returns on (cr_item_sk = cs_item_sk and cr_order_number = cs_order_number)\nwhere d1.d_week_seq = d2.d_week_seq\n  and inv_quantity_on_hand < cs_quantity \n  and d3.d_date > d1.d_date + 5\n  and hd_buy_potential = '501-1000'\n  and d1.d_year = 2001\n  and cd_marital_status = 'S'\ngroup by i_item_desc,w_warehouse_name,d1.d_week_seq\norder by total_cnt desc, i_item_desc, w_warehouse_name, d_week_seq\nlimit 100;\n\n-- end query 54 in stream 2 using template query72.tpl\n",
    "indexes": "item.i_item_desc",
    "wo plan est": {
      "Node Type": "Limit",
      "Parallel Aware": false,
      "Async Capable": false,
      "Startup Cost": 2058864.31,
      "Total Cost": 2058864.41,
      "Plan Rows": 40,
      "Plan Width": 147,
      "Plans": [
        {
          "Node Type": "Sort",
          "Parent Relationship": "Outer",
          "Parallel Aware": false,
          "Async Capable": false,
          "Startup Cost": 2058864.31,
          "Total Cost": 2058864.41,
          "Plan Rows": 40,
          "Plan Width": 147,
          "Sort Key": [
            "(count(*)) DESC",
            "item.i_item_desc",
            "warehouse.w_warehouse_name",
            "d1.d_week_seq"
          ],
          "Plans": [
            {
              "Node Type": "Aggregate",
              "Strategy": "Sorted",
              "Partial Mode": "Simple",
              "Parent Relationship": "Outer",
              "Parallel Aware": false,
              "Async Capable": false,
              "Startup Cost": 2058862.15,
              "Total Cost": 2058863.25,
              "Plan Rows": 40,
              "Plan Width": 147,
              "Group Key": [
                "item.i_item_desc",
                "warehouse.w_warehouse_name",
                "d1.d_week_seq"
              ],
              "Plans": [
                {
                  "Node Type": "Sort",
                  "Parent Relationship": "Outer",
                  "Parallel Aware": false,
                  "Async Capable": false,
                  "Startup Cost": 2058862.15,
                  "Total Cost": 2058862.25,
                  "Plan Rows": 40,
                  "Plan Width": 127,
                  "Sort Key": [
                    "item.i_item_desc",
                    "warehouse.w_warehouse_name",
                    "d1.d_week_seq"
                  ],
                  "Plans": [
                    {
                      "Node Type": "Nested Loop",
                      "Parent Relationship": "Outer",
                      "Parallel Aware": false,
                      "Async Capable": false,
                      "Join Type": "Left",
                      "Startup Cost": 2004596.21,
                      "Total Cost": 2058861.08,
                      "Plan Rows": 40,
                      "Plan Width": 127,
                      "Inner Unique": false,
                      "Join Filter": "(catalog_sales.cs_promo_sk = promotion.p_promo_sk)",
                      "Plans": [
                        {
                          "Node Type": "Hash Join",
                          "Parent Relationship": "Outer",
                          "Parallel Aware": false,
                          "Async Capable": false,
                          "Join Type": "Right",
                          "Startup Cost": 2004596.21,
                          "Total Cost": 2058541.83,
                          "Plan Rows": 40,
                          "Plan Width": 127,
                          "Inner Unique": false,
                          "Hash Cond": "((catalog_returns.cr_item_sk = catalog_sales.cs_item_sk) AND (catalog_returns.cr_order_number = catalog_sales.cs_order_number))",
                          "Plans": [
                            {
                              "Node Type": "Seq Scan",
                              "Parent Relationship": "Outer",
                              "Parallel Aware": false,
                              "Async Capable": false,
                              "Relation Name": "catalog_returns",
                              "Alias": "catalog_returns",
                              "Startup Cost": 0.0,
                              "Total Cost": 43147.49,
                              "Plan Rows": 1439749,
                              "Plan Width": 8,
                              "parent": 5,
                              "ID": 6
                            },
                            {
                              "Node Type": "Hash",
                              "Parent Relationship": "Inner",
                              "Parallel Aware": false,
                              "Async Capable": false,
                              "Startup Cost": 2004595.61,
                              "Total Cost": 2004595.61,
                              "Plan Rows": 40,
                              "Plan Width": 135,
                              "Plans": [
                                {
                                  "Node Type": "Hash Join",
                                  "Parent Relationship": "Outer",
                                  "Parallel Aware": false,
                                  "Async Capable": false,
                                  "Join Type": "Inner",
                                  "Startup Cost": 508613.25,
                                  "Total Cost": 2004595.61,
                                  "Plan Rows": 40,
                                  "Plan Width": 135,
                                  "Inner Unique": false,
                                  "Hash Cond": "(catalog_sales.cs_ship_date_sk = d3.d_date_sk)",
                                  "Join Filter": "(d3.d_date > (d1.d_date + 5))",
                                  "Plans": [
                                    {
                                      "Node Type": "Nested Loop",
                                      "Parent Relationship": "Outer",
                                      "Parallel Aware": false,
                                      "Async Capable": false,
                                      "Join Type": "Inner",
                                      "Startup Cost": 505564.64,
                                      "Total Cost": 2001544.76,
                                      "Plan Rows": 121,
                                      "Plan Width": 143,
                                      "Inner Unique": false,
                                      "Join Filter": "(inventory.inv_warehouse_sk = warehouse.w_warehouse_sk)",
                                      "Plans": [
                                        {
                                          "Node Type": "Hash Join",
                                          "Parent Relationship": "Outer",
                                          "Parallel Aware": false,
                                          "Async Capable": false,
                                          "Join Type": "Inner",
                                          "Startup Cost": 505564.64,
                                          "Total Cost": 2001525.48,
                                          "Plan Rows": 121,
                                          "Plan Width": 130,
                                          "Inner Unique": false,
                                          "Hash Cond": "(catalog_sales.cs_item_sk = item.i_item_sk)",
                                          "Plans": [
                                            {
                                              "Node Type": "Gather",
                                              "Parent Relationship": "Outer",
                                              "Parallel Aware": false,
                                              "Async Capable": false,
                                              "Startup Cost": 494611.64,
                                              "Total Cost": 1988874.82,
                                              "Plan Rows": 121,
                                              "Plan Width": 32,
                                              "Workers Planned": 2,
                                              "Single Copy": false,
                                              "Plans": [
                                                {
                                                  "Node Type": "Hash Join",
                                                  "Parent Relationship": "Outer",
                                                  "Parallel Aware": true,
                                                  "Async Capable": false,
                                                  "Join Type": "Inner",
                                                  "Startup Cost": 493611.64,
                                                  "Total Cost": 1987862.72,
                                                  "Plan Rows": 50,
                                                  "Plan Width": 32,
                                                  "Inner Unique": false,
                                                  "Hash Cond": "((inventory.inv_date_sk = d2.d_date_sk) AND (d1.d_week_seq = d2.d_week_seq))",
                                                  "Plans": [
                                                    {
                                                      "Node Type": "Hash Join",
                                                      "Parent Relationship": "Outer",
                                                      "Parallel Aware": true,
                                                      "Async Capable": false,
                                                      "Join Type": "Inner",
                                                      "Startup Cost": 491132.39,
                                                      "Total Cost": 1981451.77,
                                                      "Plan Rows": 524186,
                                                      "Plan Width": 36,
                                                      "Inner Unique": false,
                                                      "Hash Cond": "(inventory.inv_item_sk = catalog_sales.cs_item_sk)",
                                                      "Join Filter": "(inventory.inv_quantity_on_hand < catalog_sales.cs_quantity)",
                                                      "Plans": [
                                                        {
                                                          "Node Type": "Seq Scan",
                                                          "Parent Relationship": "Outer",
                                                          "Parallel Aware": true,
                                                          "Async Capable": false,
                                                          "Relation Name": "inventory",
                                                          "Alias": "inventory",
                                                          "Startup Cost": 0.0,
                                                          "Total Cost": 1274139.37,
                                                          "Plan Rows": 55462537,
                                                          "Plan Width": 16,
                                                          "parent": 13,
                                                          "ID": 14
                                                        },
                                                        {
                                                          "Node Type": "Hash",
                                                          "Parent Relationship": "Inner",
                                                          "Parallel Aware": true,
                                                          "Async Capable": false,
                                                          "Startup Cost": 491120.29,
                                                          "Total Cost": 491120.29,
                                                          "Plan Rows": 968,
                                                          "Plan Width": 28,
                                                          "Plans": [
                                                            {
                                                              "Node Type": "Hash Join",
                                                              "Parent Relationship": "Outer",
                                                              "Parallel Aware": true,
                                                              "Async Capable": false,
                                                              "Join Type": "Inner",
                                                              "Startup Cost": 458688.15,
                                                              "Total Cost": 491120.29,
                                                              "Plan Rows": 968,
                                                              "Plan Width": 28,
                                                              "Inner Unique": false,
                                                              "Hash Cond": "(customer_demographics.cd_demo_sk = catalog_sales.cs_bill_cdemo_sk)",
                                                              "Plans": [
                                                                {
                                                                  "Node Type": "Seq Scan",
                                                                  "Parent Relationship": "Outer",
                                                                  "Parallel Aware": true,
                                                                  "Async Capable": false,
                                                                  "Relation Name": "customer_demographics",
                                                                  "Alias": "customer_demographics",
                                                                  "Startup Cost": 0.0,
                                                                  "Total Cost": 31832.17,
                                                                  "Plan Rows": 158920,
                                                                  "Plan Width": 4,
                                                                  "Filter": "(cd_marital_status = 'S'::bpchar)",
                                                                  "parent": 16,
                                                                  "ID": 17
                                                                },
                                                                {
                                                                  "Node Type": "Hash",
                                                                  "Parent Relationship": "Inner",
                                                                  "Parallel Aware": true,
                                                                  "Async Capable": false,
                                                                  "Startup Cost": 458626.88,
                                                                  "Total Cost": 458626.88,
                                                                  "Plan Rows": 4901,
                                                                  "Plan Width": 32,
                                                                  "Plans": [
                                                                    {
                                                                      "Node Type": "Hash Join",
                                                                      "Parent Relationship": "Outer",
                                                                      "Parallel Aware": false,
                                                                      "Async Capable": false,
                                                                      "Join Type": "Inner",
                                                                      "Startup Cost": 2102.79,
                                                                      "Total Cost": 458626.88,
                                                                      "Plan Rows": 4901,
                                                                      "Plan Width": 32,
                                                                      "Inner Unique": false,
                                                                      "Hash Cond": "(catalog_sales.cs_bill_hdemo_sk = household_demographics.hd_demo_sk)",
                                                                      "Plans": [
                                                                        {
                                                                          "Node Type": "Hash Join",
                                                                          "Parent Relationship": "Outer",
                                                                          "Parallel Aware": true,
                                                                          "Async Capable": false,
                                                                          "Join Type": "Inner",
                                                                          "Startup Cost": 1944.79,
                                                                          "Total Cost": 458308.99,
                                                                          "Plan Rows": 29569,
                                                                          "Plan Width": 36,
                                                                          "Inner Unique": false,
                                                                          "Hash Cond": "(catalog_sales.cs_sold_date_sk = d1.d_date_sk)",
                                                                          "Plans": [
                                                                            {
                                                                              "Node Type": "Seq Scan",
                                                                              "Parent Relationship": "Outer",
                                                                              "Parallel Aware": true,
                                                                              "Async Capable": false,
                                                                              "Relation Name": "catalog_sales",
                                                                              "Alias": "catalog_sales",
                                                                              "Startup Cost": 0.0,
                                                                              "Total Cost": 433688.25,
                                                                              "Plan Rows": 6000525,
                                                                              "Plan Width": 32,
                                                                              "parent": 20,
                                                                              "ID": 21
                                                                            },
                                                                            {
                                                                              "Node Type": "Hash",
                                                                              "Parent Relationship": "Inner",
                                                                              "Parallel Aware": true,
                                                                              "Async Capable": false,
                                                                              "Startup Cost": 1942.12,
                                                                              "Total Cost": 1942.12,
                                                                              "Plan Rows": 213,
                                                                              "Plan Width": 12,
                                                                              "Plans": [
                                                                                {
                                                                                  "Node Type": "Seq Scan",
                                                                                  "Parent Relationship": "Outer",
                                                                                  "Parallel Aware": true,
                                                                                  "Async Capable": false,
                                                                                  "Relation Name": "date_dim",
                                                                                  "Alias": "d1",
                                                                                  "Startup Cost": 0.0,
                                                                                  "Total Cost": 1942.12,
                                                                                  "Plan Rows": 213,
                                                                                  "Plan Width": 12,
                                                                                  "Filter": "(d_year = 2001)",
                                                                                  "parent": 22,
                                                                                  "ID": 23
                                                                                }
                                                                              ],
                                                                              "parent": 20,
                                                                              "ID": 22,
                                                                              "left": 23
                                                                            }
                                                                          ],
                                                                          "parent": 19,
                                                                          "ID": 20,
                                                                          "left": 21,
                                                                          "right": 22
                                                                        },
                                                                        {
                                                                          "Node Type": "Hash",
                                                                          "Parent Relationship": "Inner",
                                                                          "Parallel Aware": false,
                                                                          "Async Capable": false,
                                                                          "Startup Cost": 143.0,
                                                                          "Total Cost": 143.0,
                                                                          "Plan Rows": 1200,
                                                                          "Plan Width": 4,
                                                                          "Plans": [
                                                                            {
                                                                              "Node Type": "Seq Scan",
                                                                              "Parent Relationship": "Outer",
                                                                              "Parallel Aware": false,
                                                                              "Async Capable": false,
                                                                              "Relation Name": "household_demographics",
                                                                              "Alias": "household_demographics",
                                                                              "Startup Cost": 0.0,
                                                                              "Total Cost": 143.0,
                                                                              "Plan Rows": 1200,
                                                                              "Plan Width": 4,
                                                                              "Filter": "(hd_buy_potential = '501-1000'::bpchar)",
                                                                              "parent": 24,
                                                                              "ID": 25
                                                                            }
                                                                          ],
                                                                          "parent": 19,
                                                                          "ID": 24,
                                                                          "left": 25
                                                                        }
                                                                      ],
                                                                      "parent": 18,
                                                                      "ID": 19,
                                                                      "left": 20,
                                                                      "right": 24
                                                                    }
                                                                  ],
                                                                  "parent": 16,
                                                                  "ID": 18,
                                                                  "left": 19
                                                                }
                                                              ],
                                                              "parent": 15,
                                                              "ID": 16,
                                                              "left": 17,
                                                              "right": 18
                                                            }
                                                          ],
                                                          "parent": 13,
                                                          "ID": 15,
                                                          "left": 16
                                                        }
                                                      ],
                                                      "parent": 12,
                                                      "ID": 13,
                                                      "left": 14,
                                                      "right": 15
                                                    },
                                                    {
                                                      "Node Type": "Hash",
                                                      "Parent Relationship": "Inner",
                                                      "Parallel Aware": true,
                                                      "Async Capable": false,
                                                      "Startup Cost": 1834.7,
                                                      "Total Cost": 1834.7,
                                                      "Plan Rows": 42970,
                                                      "Plan Width": 8,
                                                      "Plans": [
                                                        {
                                                          "Node Type": "Seq Scan",
                                                          "Parent Relationship": "Outer",
                                                          "Parallel Aware": true,
                                                          "Async Capable": false,
                                                          "Relation Name": "date_dim",
                                                          "Alias": "d2",
                                                          "Startup Cost": 0.0,
                                                          "Total Cost": 1834.7,
                                                          "Plan Rows": 42970,
                                                          "Plan Width": 8,
                                                          "parent": 26,
                                                          "ID": 27
                                                        }
                                                      ],
                                                      "parent": 12,
                                                      "ID": 26,
                                                      "left": 27
                                                    }
                                                  ],
                                                  "parent": 11,
                                                  "ID": 12,
                                                  "left": 13,
                                                  "right": 26
                                                }
                                              ],
                                              "parent": 10,
                                              "ID": 11,
                                              "left": 12
                                            },
                                            {
                                              "Node Type": "Hash",
                                              "Parent Relationship": "Inner",
                                              "Parallel Aware": false,
                                              "Async Capable": false,
                                              "Startup Cost": 7984.0,
                                              "Total Cost": 7984.0,
                                              "Plan Rows": 102000,
                                              "Plan Width": 106,
                                              "Plans": [
                                                {
                                                  "Node Type": "Seq Scan",
                                                  "Parent Relationship": "Outer",
                                                  "Parallel Aware": false,
                                                  "Async Capable": false,
                                                  "Relation Name": "item",
                                                  "Alias": "item",
                                                  "Startup Cost": 0.0,
                                                  "Total Cost": 7984.0,
                                                  "Plan Rows": 102000,
                                                  "Plan Width": 106,
                                                  "parent": 28,
                                                  "ID": 29
                                                }
                                              ],
                                              "parent": 10,
                                              "ID": 28,
                                              "left": 29
                                            }
                                          ],
                                          "parent": 9,
                                          "ID": 10,
                                          "left": 11,
                                          "right": 28
                                        },
                                        {
                                          "Node Type": "Materialize",
                                          "Parent Relationship": "Inner",
                                          "Parallel Aware": false,
                                          "Async Capable": false,
                                          "Startup Cost": 0.0,
                                          "Total Cost": 1.15,
                                          "Plan Rows": 10,
                                          "Plan Width": 21,
                                          "Plans": [
                                            {
                                              "Node Type": "Seq Scan",
                                              "Parent Relationship": "Outer",
                                              "Parallel Aware": false,
                                              "Async Capable": false,
                                              "Relation Name": "warehouse",
                                              "Alias": "warehouse",
                                              "Startup Cost": 0.0,
                                              "Total Cost": 1.1,
                                              "Plan Rows": 10,
                                              "Plan Width": 21,
                                              "parent": 30,
                                              "ID": 31
                                            }
                                          ],
                                          "parent": 9,
                                          "ID": 30,
                                          "left": 31
                                        }
                                      ],
                                      "parent": 8,
                                      "ID": 9,
                                      "left": 10,
                                      "right": 30
                                    },
                                    {
                                      "Node Type": "Hash",
                                      "Parent Relationship": "Inner",
                                      "Parallel Aware": false,
                                      "Async Capable": false,
                                      "Startup Cost": 2135.49,
                                      "Total Cost": 2135.49,
                                      "Plan Rows": 73049,
                                      "Plan Width": 8,
                                      "Plans": [
                                        {
                                          "Node Type": "Seq Scan",
                                          "Parent Relationship": "Outer",
                                          "Parallel Aware": false,
                                          "Async Capable": false,
                                          "Relation Name": "date_dim",
                                          "Alias": "d3",
                                          "Startup Cost": 0.0,
                                          "Total Cost": 2135.49,
                                          "Plan Rows": 73049,
                                          "Plan Width": 8,
                                          "parent": 32,
                                          "ID": 33
                                        }
                                      ],
                                      "parent": 8,
                                      "ID": 32,
                                      "left": 33
                                    }
                                  ],
                                  "parent": 7,
                                  "ID": 8,
                                  "left": 9,
                                  "right": 32
                                }
                              ],
                              "parent": 5,
                              "ID": 7,
                              "left": 8
                            }
                          ],
                          "parent": 4,
                          "ID": 5,
                          "left": 6,
                          "right": 7
                        },
                        {
                          "Node Type": "Materialize",
                          "Parent Relationship": "Inner",
                          "Parallel Aware": false,
                          "Async Capable": false,
                          "Startup Cost": 0.0,
                          "Total Cost": 20.5,
                          "Plan Rows": 500,
                          "Plan Width": 4,
                          "Plans": [
                            {
                              "Node Type": "Seq Scan",
                              "Parent Relationship": "Outer",
                              "Parallel Aware": false,
                              "Async Capable": false,
                              "Relation Name": "promotion",
                              "Alias": "promotion",
                              "Startup Cost": 0.0,
                              "Total Cost": 18.0,
                              "Plan Rows": 500,
                              "Plan Width": 4,
                              "parent": 34,
                              "ID": 35
                            }
                          ],
                          "parent": 4,
                          "ID": 34,
                          "left": 35
                        }
                      ],
                      "parent": 3,
                      "ID": 4,
                      "left": 5,
                      "right": 34
                    }
                  ],
                  "parent": 2,
                  "ID": 3,
                  "left": 4
                }
              ],
              "parent": 1,
              "ID": 2,
              "left": 3
            }
          ],
          "parent": 0,
          "ID": 1,
          "left": 2
        }
      ],
      "parent": null,
      "ID": 0,
      "left": 1
    },
    "feat": {
      "utility": 0.0,
      "query_shape": [
        [
          "Seq Scan",
          "Hash Join",
          "Nested Loop",
          "Sort",
          "Aggregate"
        ],
        [
          "Seq Scan",
          "Hash Join",
          "Gather",
          "Nested Loop",
          "Hash",
          "Sort",
          "Aggregate"
        ],
        [
          "Seq Scan",
          "Hash Join",
          "Hash",
          "Gather",
          "Nested Loop",
          "Sort",
          "Aggregate"
        ],
        [
          "Seq Scan",
          "Hash Join",
          "Hash",
          "Gather",
          "Nested Loop",
          "Sort",
          "Aggregate"
        ],
        [
          "Seq Scan",
          "Hash",
          "Hash Join",
          "Gather",
          "Nested Loop",
          "Sort",
          "Aggregate"
        ],
        [
          "Seq Scan",
          "Hash",
          "Hash Join",
          "Gather",
          "Nested Loop",
          "Sort",
          "Aggregate"
        ],
        [
          "Seq Scan",
          "Hash",
          "Hash Join",
          "Gather",
          "Nested Loop",
          "Sort",
          "Aggregate"
        ],
        [
          "Seq Scan",
          "Hash",
          "Hash Join",
          "Nested Loop",
          "Sort",
          "Aggregate"
        ],
        [
          "Seq Scan",
          "Materialize",
          "Nested Loop",
          "Hash Join",
          "Hash",
          "Sort",
          "Aggregate"
        ],
        [
          "Seq Scan",
          "Hash",
          "Hash Join",
          "Nested Loop",
          "Sort",
          "Aggregate"
        ],
        [
          "Seq Scan",
          "Materialize",
          "Nested Loop",
          "Sort",
          "Aggregate"
        ]
      ],
      "index_shape": [
        "order-by"
      ],
      "physical_operator": {
        "Sort": [
          "[0. 0. 0. 0. 0. 0. 0. 0. 0. 0. 0. 0. 0. 0. 0. 0. 0. 0. 0. 0. 0. 0. 0. 0.\n 0. 0. 0. 0. 0. 0. 0. 0. 0. 0. 0. 0. 0. 0. 0. 0. 0. 0. 0. 0. 0. 0. 0. 0.\n 0. 0. 0.]",
          "[0. 0. 0. 0. 0. 0. 0. 0. 0. 0. 0. 0. 0. 0. 0. 0. 0. 0. 0. 0. 0. 0. 0. 0.\n 0. 0. 0. 0. 0. 0. 0. 0. 0. 0. 0. 0. 0. 0. 0. 0. 0. 0. 0. 0. 0. 0. 0. 0.\n 0. 0. 0.]"
        ],
        "Aggregate": [
          "[0. 0. 0. 0. 0. 0. 0. 0. 0. 0. 0. 0. 0. 0. 0. 0. 0. 0. 0. 0. 0. 0. 0. 0.\n 0. 0. 0. 0. 0. 0. 0. 0. 0. 0. 0. 0. 0. 0. 0. 0. 0. 0. 0. 0. 0. 0. 0. 0.\n 0. 0. 0.]"
        ]
      }
    }
  },
  {
    "query": "select  i_item_desc\n      ,w_warehouse_name\n      ,d1.d_week_seq\n      ,sum(case when p_promo_sk is null then 1 else 0 end) no_promo\n      ,sum(case when p_promo_sk is not null then 1 else 0 end) promo\n      ,count(*) total_cnt\nfrom catalog_sales\njoin inventory on (cs_item_sk = inv_item_sk)\njoin warehouse on (w_warehouse_sk=inv_warehouse_sk)\njoin item on (i_item_sk = cs_item_sk)\njoin customer_demographics on (cs_bill_cdemo_sk = cd_demo_sk)\njoin household_demographics on (cs_bill_hdemo_sk = hd_demo_sk)\njoin date_dim d1 on (cs_sold_date_sk = d1.d_date_sk)\njoin date_dim d2 on (inv_date_sk = d2.d_date_sk)\njoin date_dim d3 on (cs_ship_date_sk = d3.d_date_sk)\nleft outer join promotion on (cs_promo_sk=p_promo_sk)\nleft outer join catalog_returns on (cr_item_sk = cs_item_sk and cr_order_number = cs_order_number)\nwhere d1.d_week_seq = d2.d_week_seq\n  and inv_quantity_on_hand < cs_quantity \n  and d3.d_date > d1.d_date + 5\n  and hd_buy_potential = '501-1000'\n  and d1.d_year = 2001\n  and cd_marital_status = 'S'\ngroup by i_item_desc,w_warehouse_name,d1.d_week_seq\norder by total_cnt desc, i_item_desc, w_warehouse_name, d_week_seq\nlimit 100;\n\n-- end query 54 in stream 2 using template query72.tpl\n",
    "indexes": "warehouse.w_warehouse_sk",
    "wo plan est": {
      "Node Type": "Limit",
      "Parallel Aware": false,
      "Async Capable": false,
      "Startup Cost": 2058864.31,
      "Total Cost": 2058864.41,
      "Plan Rows": 40,
      "Plan Width": 147,
      "Plans": [
        {
          "Node Type": "Sort",
          "Parent Relationship": "Outer",
          "Parallel Aware": false,
          "Async Capable": false,
          "Startup Cost": 2058864.31,
          "Total Cost": 2058864.41,
          "Plan Rows": 40,
          "Plan Width": 147,
          "Sort Key": [
            "(count(*)) DESC",
            "item.i_item_desc",
            "warehouse.w_warehouse_name",
            "d1.d_week_seq"
          ],
          "Plans": [
            {
              "Node Type": "Aggregate",
              "Strategy": "Sorted",
              "Partial Mode": "Simple",
              "Parent Relationship": "Outer",
              "Parallel Aware": false,
              "Async Capable": false,
              "Startup Cost": 2058862.15,
              "Total Cost": 2058863.25,
              "Plan Rows": 40,
              "Plan Width": 147,
              "Group Key": [
                "item.i_item_desc",
                "warehouse.w_warehouse_name",
                "d1.d_week_seq"
              ],
              "Plans": [
                {
                  "Node Type": "Sort",
                  "Parent Relationship": "Outer",
                  "Parallel Aware": false,
                  "Async Capable": false,
                  "Startup Cost": 2058862.15,
                  "Total Cost": 2058862.25,
                  "Plan Rows": 40,
                  "Plan Width": 127,
                  "Sort Key": [
                    "item.i_item_desc",
                    "warehouse.w_warehouse_name",
                    "d1.d_week_seq"
                  ],
                  "Plans": [
                    {
                      "Node Type": "Nested Loop",
                      "Parent Relationship": "Outer",
                      "Parallel Aware": false,
                      "Async Capable": false,
                      "Join Type": "Left",
                      "Startup Cost": 2004596.21,
                      "Total Cost": 2058861.08,
                      "Plan Rows": 40,
                      "Plan Width": 127,
                      "Inner Unique": false,
                      "Join Filter": "(catalog_sales.cs_promo_sk = promotion.p_promo_sk)",
                      "Plans": [
                        {
                          "Node Type": "Hash Join",
                          "Parent Relationship": "Outer",
                          "Parallel Aware": false,
                          "Async Capable": false,
                          "Join Type": "Right",
                          "Startup Cost": 2004596.21,
                          "Total Cost": 2058541.83,
                          "Plan Rows": 40,
                          "Plan Width": 127,
                          "Inner Unique": false,
                          "Hash Cond": "((catalog_returns.cr_item_sk = catalog_sales.cs_item_sk) AND (catalog_returns.cr_order_number = catalog_sales.cs_order_number))",
                          "Plans": [
                            {
                              "Node Type": "Seq Scan",
                              "Parent Relationship": "Outer",
                              "Parallel Aware": false,
                              "Async Capable": false,
                              "Relation Name": "catalog_returns",
                              "Alias": "catalog_returns",
                              "Startup Cost": 0.0,
                              "Total Cost": 43147.49,
                              "Plan Rows": 1439749,
                              "Plan Width": 8,
                              "parent": 5,
                              "ID": 6
                            },
                            {
                              "Node Type": "Hash",
                              "Parent Relationship": "Inner",
                              "Parallel Aware": false,
                              "Async Capable": false,
                              "Startup Cost": 2004595.61,
                              "Total Cost": 2004595.61,
                              "Plan Rows": 40,
                              "Plan Width": 135,
                              "Plans": [
                                {
                                  "Node Type": "Hash Join",
                                  "Parent Relationship": "Outer",
                                  "Parallel Aware": false,
                                  "Async Capable": false,
                                  "Join Type": "Inner",
                                  "Startup Cost": 508613.25,
                                  "Total Cost": 2004595.61,
                                  "Plan Rows": 40,
                                  "Plan Width": 135,
                                  "Inner Unique": false,
                                  "Hash Cond": "(catalog_sales.cs_ship_date_sk = d3.d_date_sk)",
                                  "Join Filter": "(d3.d_date > (d1.d_date + 5))",
                                  "Plans": [
                                    {
                                      "Node Type": "Nested Loop",
                                      "Parent Relationship": "Outer",
                                      "Parallel Aware": false,
                                      "Async Capable": false,
                                      "Join Type": "Inner",
                                      "Startup Cost": 505564.64,
                                      "Total Cost": 2001544.76,
                                      "Plan Rows": 121,
                                      "Plan Width": 143,
                                      "Inner Unique": false,
                                      "Join Filter": "(inventory.inv_warehouse_sk = warehouse.w_warehouse_sk)",
                                      "Plans": [
                                        {
                                          "Node Type": "Hash Join",
                                          "Parent Relationship": "Outer",
                                          "Parallel Aware": false,
                                          "Async Capable": false,
                                          "Join Type": "Inner",
                                          "Startup Cost": 505564.64,
                                          "Total Cost": 2001525.48,
                                          "Plan Rows": 121,
                                          "Plan Width": 130,
                                          "Inner Unique": false,
                                          "Hash Cond": "(catalog_sales.cs_item_sk = item.i_item_sk)",
                                          "Plans": [
                                            {
                                              "Node Type": "Gather",
                                              "Parent Relationship": "Outer",
                                              "Parallel Aware": false,
                                              "Async Capable": false,
                                              "Startup Cost": 494611.64,
                                              "Total Cost": 1988874.82,
                                              "Plan Rows": 121,
                                              "Plan Width": 32,
                                              "Workers Planned": 2,
                                              "Single Copy": false,
                                              "Plans": [
                                                {
                                                  "Node Type": "Hash Join",
                                                  "Parent Relationship": "Outer",
                                                  "Parallel Aware": true,
                                                  "Async Capable": false,
                                                  "Join Type": "Inner",
                                                  "Startup Cost": 493611.64,
                                                  "Total Cost": 1987862.72,
                                                  "Plan Rows": 50,
                                                  "Plan Width": 32,
                                                  "Inner Unique": false,
                                                  "Hash Cond": "((inventory.inv_date_sk = d2.d_date_sk) AND (d1.d_week_seq = d2.d_week_seq))",
                                                  "Plans": [
                                                    {
                                                      "Node Type": "Hash Join",
                                                      "Parent Relationship": "Outer",
                                                      "Parallel Aware": true,
                                                      "Async Capable": false,
                                                      "Join Type": "Inner",
                                                      "Startup Cost": 491132.39,
                                                      "Total Cost": 1981451.77,
                                                      "Plan Rows": 524186,
                                                      "Plan Width": 36,
                                                      "Inner Unique": false,
                                                      "Hash Cond": "(inventory.inv_item_sk = catalog_sales.cs_item_sk)",
                                                      "Join Filter": "(inventory.inv_quantity_on_hand < catalog_sales.cs_quantity)",
                                                      "Plans": [
                                                        {
                                                          "Node Type": "Seq Scan",
                                                          "Parent Relationship": "Outer",
                                                          "Parallel Aware": true,
                                                          "Async Capable": false,
                                                          "Relation Name": "inventory",
                                                          "Alias": "inventory",
                                                          "Startup Cost": 0.0,
                                                          "Total Cost": 1274139.37,
                                                          "Plan Rows": 55462537,
                                                          "Plan Width": 16,
                                                          "parent": 13,
                                                          "ID": 14
                                                        },
                                                        {
                                                          "Node Type": "Hash",
                                                          "Parent Relationship": "Inner",
                                                          "Parallel Aware": true,
                                                          "Async Capable": false,
                                                          "Startup Cost": 491120.29,
                                                          "Total Cost": 491120.29,
                                                          "Plan Rows": 968,
                                                          "Plan Width": 28,
                                                          "Plans": [
                                                            {
                                                              "Node Type": "Hash Join",
                                                              "Parent Relationship": "Outer",
                                                              "Parallel Aware": true,
                                                              "Async Capable": false,
                                                              "Join Type": "Inner",
                                                              "Startup Cost": 458688.15,
                                                              "Total Cost": 491120.29,
                                                              "Plan Rows": 968,
                                                              "Plan Width": 28,
                                                              "Inner Unique": false,
                                                              "Hash Cond": "(customer_demographics.cd_demo_sk = catalog_sales.cs_bill_cdemo_sk)",
                                                              "Plans": [
                                                                {
                                                                  "Node Type": "Seq Scan",
                                                                  "Parent Relationship": "Outer",
                                                                  "Parallel Aware": true,
                                                                  "Async Capable": false,
                                                                  "Relation Name": "customer_demographics",
                                                                  "Alias": "customer_demographics",
                                                                  "Startup Cost": 0.0,
                                                                  "Total Cost": 31832.17,
                                                                  "Plan Rows": 158920,
                                                                  "Plan Width": 4,
                                                                  "Filter": "(cd_marital_status = 'S'::bpchar)",
                                                                  "parent": 16,
                                                                  "ID": 17
                                                                },
                                                                {
                                                                  "Node Type": "Hash",
                                                                  "Parent Relationship": "Inner",
                                                                  "Parallel Aware": true,
                                                                  "Async Capable": false,
                                                                  "Startup Cost": 458626.88,
                                                                  "Total Cost": 458626.88,
                                                                  "Plan Rows": 4901,
                                                                  "Plan Width": 32,
                                                                  "Plans": [
                                                                    {
                                                                      "Node Type": "Hash Join",
                                                                      "Parent Relationship": "Outer",
                                                                      "Parallel Aware": false,
                                                                      "Async Capable": false,
                                                                      "Join Type": "Inner",
                                                                      "Startup Cost": 2102.79,
                                                                      "Total Cost": 458626.88,
                                                                      "Plan Rows": 4901,
                                                                      "Plan Width": 32,
                                                                      "Inner Unique": false,
                                                                      "Hash Cond": "(catalog_sales.cs_bill_hdemo_sk = household_demographics.hd_demo_sk)",
                                                                      "Plans": [
                                                                        {
                                                                          "Node Type": "Hash Join",
                                                                          "Parent Relationship": "Outer",
                                                                          "Parallel Aware": true,
                                                                          "Async Capable": false,
                                                                          "Join Type": "Inner",
                                                                          "Startup Cost": 1944.79,
                                                                          "Total Cost": 458308.99,
                                                                          "Plan Rows": 29569,
                                                                          "Plan Width": 36,
                                                                          "Inner Unique": false,
                                                                          "Hash Cond": "(catalog_sales.cs_sold_date_sk = d1.d_date_sk)",
                                                                          "Plans": [
                                                                            {
                                                                              "Node Type": "Seq Scan",
                                                                              "Parent Relationship": "Outer",
                                                                              "Parallel Aware": true,
                                                                              "Async Capable": false,
                                                                              "Relation Name": "catalog_sales",
                                                                              "Alias": "catalog_sales",
                                                                              "Startup Cost": 0.0,
                                                                              "Total Cost": 433688.25,
                                                                              "Plan Rows": 6000525,
                                                                              "Plan Width": 32,
                                                                              "parent": 20,
                                                                              "ID": 21
                                                                            },
                                                                            {
                                                                              "Node Type": "Hash",
                                                                              "Parent Relationship": "Inner",
                                                                              "Parallel Aware": true,
                                                                              "Async Capable": false,
                                                                              "Startup Cost": 1942.12,
                                                                              "Total Cost": 1942.12,
                                                                              "Plan Rows": 213,
                                                                              "Plan Width": 12,
                                                                              "Plans": [
                                                                                {
                                                                                  "Node Type": "Seq Scan",
                                                                                  "Parent Relationship": "Outer",
                                                                                  "Parallel Aware": true,
                                                                                  "Async Capable": false,
                                                                                  "Relation Name": "date_dim",
                                                                                  "Alias": "d1",
                                                                                  "Startup Cost": 0.0,
                                                                                  "Total Cost": 1942.12,
                                                                                  "Plan Rows": 213,
                                                                                  "Plan Width": 12,
                                                                                  "Filter": "(d_year = 2001)",
                                                                                  "parent": 22,
                                                                                  "ID": 23
                                                                                }
                                                                              ],
                                                                              "parent": 20,
                                                                              "ID": 22,
                                                                              "left": 23
                                                                            }
                                                                          ],
                                                                          "parent": 19,
                                                                          "ID": 20,
                                                                          "left": 21,
                                                                          "right": 22
                                                                        },
                                                                        {
                                                                          "Node Type": "Hash",
                                                                          "Parent Relationship": "Inner",
                                                                          "Parallel Aware": false,
                                                                          "Async Capable": false,
                                                                          "Startup Cost": 143.0,
                                                                          "Total Cost": 143.0,
                                                                          "Plan Rows": 1200,
                                                                          "Plan Width": 4,
                                                                          "Plans": [
                                                                            {
                                                                              "Node Type": "Seq Scan",
                                                                              "Parent Relationship": "Outer",
                                                                              "Parallel Aware": false,
                                                                              "Async Capable": false,
                                                                              "Relation Name": "household_demographics",
                                                                              "Alias": "household_demographics",
                                                                              "Startup Cost": 0.0,
                                                                              "Total Cost": 143.0,
                                                                              "Plan Rows": 1200,
                                                                              "Plan Width": 4,
                                                                              "Filter": "(hd_buy_potential = '501-1000'::bpchar)",
                                                                              "parent": 24,
                                                                              "ID": 25
                                                                            }
                                                                          ],
                                                                          "parent": 19,
                                                                          "ID": 24,
                                                                          "left": 25
                                                                        }
                                                                      ],
                                                                      "parent": 18,
                                                                      "ID": 19,
                                                                      "left": 20,
                                                                      "right": 24
                                                                    }
                                                                  ],
                                                                  "parent": 16,
                                                                  "ID": 18,
                                                                  "left": 19
                                                                }
                                                              ],
                                                              "parent": 15,
                                                              "ID": 16,
                                                              "left": 17,
                                                              "right": 18
                                                            }
                                                          ],
                                                          "parent": 13,
                                                          "ID": 15,
                                                          "left": 16
                                                        }
                                                      ],
                                                      "parent": 12,
                                                      "ID": 13,
                                                      "left": 14,
                                                      "right": 15
                                                    },
                                                    {
                                                      "Node Type": "Hash",
                                                      "Parent Relationship": "Inner",
                                                      "Parallel Aware": true,
                                                      "Async Capable": false,
                                                      "Startup Cost": 1834.7,
                                                      "Total Cost": 1834.7,
                                                      "Plan Rows": 42970,
                                                      "Plan Width": 8,
                                                      "Plans": [
                                                        {
                                                          "Node Type": "Seq Scan",
                                                          "Parent Relationship": "Outer",
                                                          "Parallel Aware": true,
                                                          "Async Capable": false,
                                                          "Relation Name": "date_dim",
                                                          "Alias": "d2",
                                                          "Startup Cost": 0.0,
                                                          "Total Cost": 1834.7,
                                                          "Plan Rows": 42970,
                                                          "Plan Width": 8,
                                                          "parent": 26,
                                                          "ID": 27
                                                        }
                                                      ],
                                                      "parent": 12,
                                                      "ID": 26,
                                                      "left": 27
                                                    }
                                                  ],
                                                  "parent": 11,
                                                  "ID": 12,
                                                  "left": 13,
                                                  "right": 26
                                                }
                                              ],
                                              "parent": 10,
                                              "ID": 11,
                                              "left": 12
                                            },
                                            {
                                              "Node Type": "Hash",
                                              "Parent Relationship": "Inner",
                                              "Parallel Aware": false,
                                              "Async Capable": false,
                                              "Startup Cost": 7984.0,
                                              "Total Cost": 7984.0,
                                              "Plan Rows": 102000,
                                              "Plan Width": 106,
                                              "Plans": [
                                                {
                                                  "Node Type": "Seq Scan",
                                                  "Parent Relationship": "Outer",
                                                  "Parallel Aware": false,
                                                  "Async Capable": false,
                                                  "Relation Name": "item",
                                                  "Alias": "item",
                                                  "Startup Cost": 0.0,
                                                  "Total Cost": 7984.0,
                                                  "Plan Rows": 102000,
                                                  "Plan Width": 106,
                                                  "parent": 28,
                                                  "ID": 29
                                                }
                                              ],
                                              "parent": 10,
                                              "ID": 28,
                                              "left": 29
                                            }
                                          ],
                                          "parent": 9,
                                          "ID": 10,
                                          "left": 11,
                                          "right": 28
                                        },
                                        {
                                          "Node Type": "Materialize",
                                          "Parent Relationship": "Inner",
                                          "Parallel Aware": false,
                                          "Async Capable": false,
                                          "Startup Cost": 0.0,
                                          "Total Cost": 1.15,
                                          "Plan Rows": 10,
                                          "Plan Width": 21,
                                          "Plans": [
                                            {
                                              "Node Type": "Seq Scan",
                                              "Parent Relationship": "Outer",
                                              "Parallel Aware": false,
                                              "Async Capable": false,
                                              "Relation Name": "warehouse",
                                              "Alias": "warehouse",
                                              "Startup Cost": 0.0,
                                              "Total Cost": 1.1,
                                              "Plan Rows": 10,
                                              "Plan Width": 21,
                                              "parent": 30,
                                              "ID": 31
                                            }
                                          ],
                                          "parent": 9,
                                          "ID": 30,
                                          "left": 31
                                        }
                                      ],
                                      "parent": 8,
                                      "ID": 9,
                                      "left": 10,
                                      "right": 30
                                    },
                                    {
                                      "Node Type": "Hash",
                                      "Parent Relationship": "Inner",
                                      "Parallel Aware": false,
                                      "Async Capable": false,
                                      "Startup Cost": 2135.49,
                                      "Total Cost": 2135.49,
                                      "Plan Rows": 73049,
                                      "Plan Width": 8,
                                      "Plans": [
                                        {
                                          "Node Type": "Seq Scan",
                                          "Parent Relationship": "Outer",
                                          "Parallel Aware": false,
                                          "Async Capable": false,
                                          "Relation Name": "date_dim",
                                          "Alias": "d3",
                                          "Startup Cost": 0.0,
                                          "Total Cost": 2135.49,
                                          "Plan Rows": 73049,
                                          "Plan Width": 8,
                                          "parent": 32,
                                          "ID": 33
                                        }
                                      ],
                                      "parent": 8,
                                      "ID": 32,
                                      "left": 33
                                    }
                                  ],
                                  "parent": 7,
                                  "ID": 8,
                                  "left": 9,
                                  "right": 32
                                }
                              ],
                              "parent": 5,
                              "ID": 7,
                              "left": 8
                            }
                          ],
                          "parent": 4,
                          "ID": 5,
                          "left": 6,
                          "right": 7
                        },
                        {
                          "Node Type": "Materialize",
                          "Parent Relationship": "Inner",
                          "Parallel Aware": false,
                          "Async Capable": false,
                          "Startup Cost": 0.0,
                          "Total Cost": 20.5,
                          "Plan Rows": 500,
                          "Plan Width": 4,
                          "Plans": [
                            {
                              "Node Type": "Seq Scan",
                              "Parent Relationship": "Outer",
                              "Parallel Aware": false,
                              "Async Capable": false,
                              "Relation Name": "promotion",
                              "Alias": "promotion",
                              "Startup Cost": 0.0,
                              "Total Cost": 18.0,
                              "Plan Rows": 500,
                              "Plan Width": 4,
                              "parent": 34,
                              "ID": 35
                            }
                          ],
                          "parent": 4,
                          "ID": 34,
                          "left": 35
                        }
                      ],
                      "parent": 3,
                      "ID": 4,
                      "left": 5,
                      "right": 34
                    }
                  ],
                  "parent": 2,
                  "ID": 3,
                  "left": 4
                }
              ],
              "parent": 1,
              "ID": 2,
              "left": 3
            }
          ],
          "parent": 0,
          "ID": 1,
          "left": 2
        }
      ],
      "parent": null,
      "ID": 0,
      "left": 1
    },
    "feat": {
      "utility": 5.978004259006506e-06,
      "query_shape": [
        [
          "Seq Scan",
          "Hash Join",
          "Nested Loop",
          "Sort",
          "Aggregate"
        ],
        [
          "Seq Scan",
          "Hash Join",
          "Gather",
          "Nested Loop",
          "Hash",
          "Sort",
          "Aggregate"
        ],
        [
          "Seq Scan",
          "Hash Join",
          "Hash",
          "Gather",
          "Nested Loop",
          "Sort",
          "Aggregate"
        ],
        [
          "Seq Scan",
          "Hash Join",
          "Hash",
          "Gather",
          "Nested Loop",
          "Sort",
          "Aggregate"
        ],
        [
          "Seq Scan",
          "Hash",
          "Hash Join",
          "Gather",
          "Nested Loop",
          "Sort",
          "Aggregate"
        ],
        [
          "Seq Scan",
          "Hash",
          "Hash Join",
          "Gather",
          "Nested Loop",
          "Sort",
          "Aggregate"
        ],
        [
          "Seq Scan",
          "Hash",
          "Hash Join",
          "Gather",
          "Nested Loop",
          "Sort",
          "Aggregate"
        ],
        [
          "Seq Scan",
          "Hash",
          "Hash Join",
          "Nested Loop",
          "Sort",
          "Aggregate"
        ],
        [
          "Seq Scan",
          "Materialize",
          "Nested Loop",
          "Hash Join",
          "Hash",
          "Sort",
          "Aggregate"
        ],
        [
          "Seq Scan",
          "Hash",
          "Hash Join",
          "Nested Loop",
          "Sort",
          "Aggregate"
        ],
        [
          "Seq Scan",
          "Materialize",
          "Nested Loop",
          "Sort",
          "Aggregate"
        ]
      ],
      "index_shape": [
        "join"
      ],
      "physical_operator": {
        "Nested Loop": [
          0.31622776601683794
        ]
      }
    }
  },
  {
    "query": "select  i_item_desc\n      ,w_warehouse_name\n      ,d1.d_week_seq\n      ,sum(case when p_promo_sk is null then 1 else 0 end) no_promo\n      ,sum(case when p_promo_sk is not null then 1 else 0 end) promo\n      ,count(*) total_cnt\nfrom catalog_sales\njoin inventory on (cs_item_sk = inv_item_sk)\njoin warehouse on (w_warehouse_sk=inv_warehouse_sk)\njoin item on (i_item_sk = cs_item_sk)\njoin customer_demographics on (cs_bill_cdemo_sk = cd_demo_sk)\njoin household_demographics on (cs_bill_hdemo_sk = hd_demo_sk)\njoin date_dim d1 on (cs_sold_date_sk = d1.d_date_sk)\njoin date_dim d2 on (inv_date_sk = d2.d_date_sk)\njoin date_dim d3 on (cs_ship_date_sk = d3.d_date_sk)\nleft outer join promotion on (cs_promo_sk=p_promo_sk)\nleft outer join catalog_returns on (cr_item_sk = cs_item_sk and cr_order_number = cs_order_number)\nwhere d1.d_week_seq = d2.d_week_seq\n  and inv_quantity_on_hand < cs_quantity \n  and d3.d_date > d1.d_date + 5\n  and hd_buy_potential = '501-1000'\n  and d1.d_year = 2001\n  and cd_marital_status = 'S'\ngroup by i_item_desc,w_warehouse_name,d1.d_week_seq\norder by total_cnt desc, i_item_desc, w_warehouse_name, d_week_seq\nlimit 100;\n\n-- end query 54 in stream 2 using template query72.tpl\n",
    "indexes": "warehouse.w_warehouse_name",
    "wo plan est": {
      "Node Type": "Limit",
      "Parallel Aware": false,
      "Async Capable": false,
      "Startup Cost": 2058864.31,
      "Total Cost": 2058864.41,
      "Plan Rows": 40,
      "Plan Width": 147,
      "Plans": [
        {
          "Node Type": "Sort",
          "Parent Relationship": "Outer",
          "Parallel Aware": false,
          "Async Capable": false,
          "Startup Cost": 2058864.31,
          "Total Cost": 2058864.41,
          "Plan Rows": 40,
          "Plan Width": 147,
          "Sort Key": [
            "(count(*)) DESC",
            "item.i_item_desc",
            "warehouse.w_warehouse_name",
            "d1.d_week_seq"
          ],
          "Plans": [
            {
              "Node Type": "Aggregate",
              "Strategy": "Sorted",
              "Partial Mode": "Simple",
              "Parent Relationship": "Outer",
              "Parallel Aware": false,
              "Async Capable": false,
              "Startup Cost": 2058862.15,
              "Total Cost": 2058863.25,
              "Plan Rows": 40,
              "Plan Width": 147,
              "Group Key": [
                "item.i_item_desc",
                "warehouse.w_warehouse_name",
                "d1.d_week_seq"
              ],
              "Plans": [
                {
                  "Node Type": "Sort",
                  "Parent Relationship": "Outer",
                  "Parallel Aware": false,
                  "Async Capable": false,
                  "Startup Cost": 2058862.15,
                  "Total Cost": 2058862.25,
                  "Plan Rows": 40,
                  "Plan Width": 127,
                  "Sort Key": [
                    "item.i_item_desc",
                    "warehouse.w_warehouse_name",
                    "d1.d_week_seq"
                  ],
                  "Plans": [
                    {
                      "Node Type": "Nested Loop",
                      "Parent Relationship": "Outer",
                      "Parallel Aware": false,
                      "Async Capable": false,
                      "Join Type": "Left",
                      "Startup Cost": 2004596.21,
                      "Total Cost": 2058861.08,
                      "Plan Rows": 40,
                      "Plan Width": 127,
                      "Inner Unique": false,
                      "Join Filter": "(catalog_sales.cs_promo_sk = promotion.p_promo_sk)",
                      "Plans": [
                        {
                          "Node Type": "Hash Join",
                          "Parent Relationship": "Outer",
                          "Parallel Aware": false,
                          "Async Capable": false,
                          "Join Type": "Right",
                          "Startup Cost": 2004596.21,
                          "Total Cost": 2058541.83,
                          "Plan Rows": 40,
                          "Plan Width": 127,
                          "Inner Unique": false,
                          "Hash Cond": "((catalog_returns.cr_item_sk = catalog_sales.cs_item_sk) AND (catalog_returns.cr_order_number = catalog_sales.cs_order_number))",
                          "Plans": [
                            {
                              "Node Type": "Seq Scan",
                              "Parent Relationship": "Outer",
                              "Parallel Aware": false,
                              "Async Capable": false,
                              "Relation Name": "catalog_returns",
                              "Alias": "catalog_returns",
                              "Startup Cost": 0.0,
                              "Total Cost": 43147.49,
                              "Plan Rows": 1439749,
                              "Plan Width": 8,
                              "parent": 5,
                              "ID": 6
                            },
                            {
                              "Node Type": "Hash",
                              "Parent Relationship": "Inner",
                              "Parallel Aware": false,
                              "Async Capable": false,
                              "Startup Cost": 2004595.61,
                              "Total Cost": 2004595.61,
                              "Plan Rows": 40,
                              "Plan Width": 135,
                              "Plans": [
                                {
                                  "Node Type": "Hash Join",
                                  "Parent Relationship": "Outer",
                                  "Parallel Aware": false,
                                  "Async Capable": false,
                                  "Join Type": "Inner",
                                  "Startup Cost": 508613.25,
                                  "Total Cost": 2004595.61,
                                  "Plan Rows": 40,
                                  "Plan Width": 135,
                                  "Inner Unique": false,
                                  "Hash Cond": "(catalog_sales.cs_ship_date_sk = d3.d_date_sk)",
                                  "Join Filter": "(d3.d_date > (d1.d_date + 5))",
                                  "Plans": [
                                    {
                                      "Node Type": "Nested Loop",
                                      "Parent Relationship": "Outer",
                                      "Parallel Aware": false,
                                      "Async Capable": false,
                                      "Join Type": "Inner",
                                      "Startup Cost": 505564.64,
                                      "Total Cost": 2001544.76,
                                      "Plan Rows": 121,
                                      "Plan Width": 143,
                                      "Inner Unique": false,
                                      "Join Filter": "(inventory.inv_warehouse_sk = warehouse.w_warehouse_sk)",
                                      "Plans": [
                                        {
                                          "Node Type": "Hash Join",
                                          "Parent Relationship": "Outer",
                                          "Parallel Aware": false,
                                          "Async Capable": false,
                                          "Join Type": "Inner",
                                          "Startup Cost": 505564.64,
                                          "Total Cost": 2001525.48,
                                          "Plan Rows": 121,
                                          "Plan Width": 130,
                                          "Inner Unique": false,
                                          "Hash Cond": "(catalog_sales.cs_item_sk = item.i_item_sk)",
                                          "Plans": [
                                            {
                                              "Node Type": "Gather",
                                              "Parent Relationship": "Outer",
                                              "Parallel Aware": false,
                                              "Async Capable": false,
                                              "Startup Cost": 494611.64,
                                              "Total Cost": 1988874.82,
                                              "Plan Rows": 121,
                                              "Plan Width": 32,
                                              "Workers Planned": 2,
                                              "Single Copy": false,
                                              "Plans": [
                                                {
                                                  "Node Type": "Hash Join",
                                                  "Parent Relationship": "Outer",
                                                  "Parallel Aware": true,
                                                  "Async Capable": false,
                                                  "Join Type": "Inner",
                                                  "Startup Cost": 493611.64,
                                                  "Total Cost": 1987862.72,
                                                  "Plan Rows": 50,
                                                  "Plan Width": 32,
                                                  "Inner Unique": false,
                                                  "Hash Cond": "((inventory.inv_date_sk = d2.d_date_sk) AND (d1.d_week_seq = d2.d_week_seq))",
                                                  "Plans": [
                                                    {
                                                      "Node Type": "Hash Join",
                                                      "Parent Relationship": "Outer",
                                                      "Parallel Aware": true,
                                                      "Async Capable": false,
                                                      "Join Type": "Inner",
                                                      "Startup Cost": 491132.39,
                                                      "Total Cost": 1981451.77,
                                                      "Plan Rows": 524186,
                                                      "Plan Width": 36,
                                                      "Inner Unique": false,
                                                      "Hash Cond": "(inventory.inv_item_sk = catalog_sales.cs_item_sk)",
                                                      "Join Filter": "(inventory.inv_quantity_on_hand < catalog_sales.cs_quantity)",
                                                      "Plans": [
                                                        {
                                                          "Node Type": "Seq Scan",
                                                          "Parent Relationship": "Outer",
                                                          "Parallel Aware": true,
                                                          "Async Capable": false,
                                                          "Relation Name": "inventory",
                                                          "Alias": "inventory",
                                                          "Startup Cost": 0.0,
                                                          "Total Cost": 1274139.37,
                                                          "Plan Rows": 55462537,
                                                          "Plan Width": 16,
                                                          "parent": 13,
                                                          "ID": 14
                                                        },
                                                        {
                                                          "Node Type": "Hash",
                                                          "Parent Relationship": "Inner",
                                                          "Parallel Aware": true,
                                                          "Async Capable": false,
                                                          "Startup Cost": 491120.29,
                                                          "Total Cost": 491120.29,
                                                          "Plan Rows": 968,
                                                          "Plan Width": 28,
                                                          "Plans": [
                                                            {
                                                              "Node Type": "Hash Join",
                                                              "Parent Relationship": "Outer",
                                                              "Parallel Aware": true,
                                                              "Async Capable": false,
                                                              "Join Type": "Inner",
                                                              "Startup Cost": 458688.15,
                                                              "Total Cost": 491120.29,
                                                              "Plan Rows": 968,
                                                              "Plan Width": 28,
                                                              "Inner Unique": false,
                                                              "Hash Cond": "(customer_demographics.cd_demo_sk = catalog_sales.cs_bill_cdemo_sk)",
                                                              "Plans": [
                                                                {
                                                                  "Node Type": "Seq Scan",
                                                                  "Parent Relationship": "Outer",
                                                                  "Parallel Aware": true,
                                                                  "Async Capable": false,
                                                                  "Relation Name": "customer_demographics",
                                                                  "Alias": "customer_demographics",
                                                                  "Startup Cost": 0.0,
                                                                  "Total Cost": 31832.17,
                                                                  "Plan Rows": 158920,
                                                                  "Plan Width": 4,
                                                                  "Filter": "(cd_marital_status = 'S'::bpchar)",
                                                                  "parent": 16,
                                                                  "ID": 17
                                                                },
                                                                {
                                                                  "Node Type": "Hash",
                                                                  "Parent Relationship": "Inner",
                                                                  "Parallel Aware": true,
                                                                  "Async Capable": false,
                                                                  "Startup Cost": 458626.88,
                                                                  "Total Cost": 458626.88,
                                                                  "Plan Rows": 4901,
                                                                  "Plan Width": 32,
                                                                  "Plans": [
                                                                    {
                                                                      "Node Type": "Hash Join",
                                                                      "Parent Relationship": "Outer",
                                                                      "Parallel Aware": false,
                                                                      "Async Capable": false,
                                                                      "Join Type": "Inner",
                                                                      "Startup Cost": 2102.79,
                                                                      "Total Cost": 458626.88,
                                                                      "Plan Rows": 4901,
                                                                      "Plan Width": 32,
                                                                      "Inner Unique": false,
                                                                      "Hash Cond": "(catalog_sales.cs_bill_hdemo_sk = household_demographics.hd_demo_sk)",
                                                                      "Plans": [
                                                                        {
                                                                          "Node Type": "Hash Join",
                                                                          "Parent Relationship": "Outer",
                                                                          "Parallel Aware": true,
                                                                          "Async Capable": false,
                                                                          "Join Type": "Inner",
                                                                          "Startup Cost": 1944.79,
                                                                          "Total Cost": 458308.99,
                                                                          "Plan Rows": 29569,
                                                                          "Plan Width": 36,
                                                                          "Inner Unique": false,
                                                                          "Hash Cond": "(catalog_sales.cs_sold_date_sk = d1.d_date_sk)",
                                                                          "Plans": [
                                                                            {
                                                                              "Node Type": "Seq Scan",
                                                                              "Parent Relationship": "Outer",
                                                                              "Parallel Aware": true,
                                                                              "Async Capable": false,
                                                                              "Relation Name": "catalog_sales",
                                                                              "Alias": "catalog_sales",
                                                                              "Startup Cost": 0.0,
                                                                              "Total Cost": 433688.25,
                                                                              "Plan Rows": 6000525,
                                                                              "Plan Width": 32,
                                                                              "parent": 20,
                                                                              "ID": 21
                                                                            },
                                                                            {
                                                                              "Node Type": "Hash",
                                                                              "Parent Relationship": "Inner",
                                                                              "Parallel Aware": true,
                                                                              "Async Capable": false,
                                                                              "Startup Cost": 1942.12,
                                                                              "Total Cost": 1942.12,
                                                                              "Plan Rows": 213,
                                                                              "Plan Width": 12,
                                                                              "Plans": [
                                                                                {
                                                                                  "Node Type": "Seq Scan",
                                                                                  "Parent Relationship": "Outer",
                                                                                  "Parallel Aware": true,
                                                                                  "Async Capable": false,
                                                                                  "Relation Name": "date_dim",
                                                                                  "Alias": "d1",
                                                                                  "Startup Cost": 0.0,
                                                                                  "Total Cost": 1942.12,
                                                                                  "Plan Rows": 213,
                                                                                  "Plan Width": 12,
                                                                                  "Filter": "(d_year = 2001)",
                                                                                  "parent": 22,
                                                                                  "ID": 23
                                                                                }
                                                                              ],
                                                                              "parent": 20,
                                                                              "ID": 22,
                                                                              "left": 23
                                                                            }
                                                                          ],
                                                                          "parent": 19,
                                                                          "ID": 20,
                                                                          "left": 21,
                                                                          "right": 22
                                                                        },
                                                                        {
                                                                          "Node Type": "Hash",
                                                                          "Parent Relationship": "Inner",
                                                                          "Parallel Aware": false,
                                                                          "Async Capable": false,
                                                                          "Startup Cost": 143.0,
                                                                          "Total Cost": 143.0,
                                                                          "Plan Rows": 1200,
                                                                          "Plan Width": 4,
                                                                          "Plans": [
                                                                            {
                                                                              "Node Type": "Seq Scan",
                                                                              "Parent Relationship": "Outer",
                                                                              "Parallel Aware": false,
                                                                              "Async Capable": false,
                                                                              "Relation Name": "household_demographics",
                                                                              "Alias": "household_demographics",
                                                                              "Startup Cost": 0.0,
                                                                              "Total Cost": 143.0,
                                                                              "Plan Rows": 1200,
                                                                              "Plan Width": 4,
                                                                              "Filter": "(hd_buy_potential = '501-1000'::bpchar)",
                                                                              "parent": 24,
                                                                              "ID": 25
                                                                            }
                                                                          ],
                                                                          "parent": 19,
                                                                          "ID": 24,
                                                                          "left": 25
                                                                        }
                                                                      ],
                                                                      "parent": 18,
                                                                      "ID": 19,
                                                                      "left": 20,
                                                                      "right": 24
                                                                    }
                                                                  ],
                                                                  "parent": 16,
                                                                  "ID": 18,
                                                                  "left": 19
                                                                }
                                                              ],
                                                              "parent": 15,
                                                              "ID": 16,
                                                              "left": 17,
                                                              "right": 18
                                                            }
                                                          ],
                                                          "parent": 13,
                                                          "ID": 15,
                                                          "left": 16
                                                        }
                                                      ],
                                                      "parent": 12,
                                                      "ID": 13,
                                                      "left": 14,
                                                      "right": 15
                                                    },
                                                    {
                                                      "Node Type": "Hash",
                                                      "Parent Relationship": "Inner",
                                                      "Parallel Aware": true,
                                                      "Async Capable": false,
                                                      "Startup Cost": 1834.7,
                                                      "Total Cost": 1834.7,
                                                      "Plan Rows": 42970,
                                                      "Plan Width": 8,
                                                      "Plans": [
                                                        {
                                                          "Node Type": "Seq Scan",
                                                          "Parent Relationship": "Outer",
                                                          "Parallel Aware": true,
                                                          "Async Capable": false,
                                                          "Relation Name": "date_dim",
                                                          "Alias": "d2",
                                                          "Startup Cost": 0.0,
                                                          "Total Cost": 1834.7,
                                                          "Plan Rows": 42970,
                                                          "Plan Width": 8,
                                                          "parent": 26,
                                                          "ID": 27
                                                        }
                                                      ],
                                                      "parent": 12,
                                                      "ID": 26,
                                                      "left": 27
                                                    }
                                                  ],
                                                  "parent": 11,
                                                  "ID": 12,
                                                  "left": 13,
                                                  "right": 26
                                                }
                                              ],
                                              "parent": 10,
                                              "ID": 11,
                                              "left": 12
                                            },
                                            {
                                              "Node Type": "Hash",
                                              "Parent Relationship": "Inner",
                                              "Parallel Aware": false,
                                              "Async Capable": false,
                                              "Startup Cost": 7984.0,
                                              "Total Cost": 7984.0,
                                              "Plan Rows": 102000,
                                              "Plan Width": 106,
                                              "Plans": [
                                                {
                                                  "Node Type": "Seq Scan",
                                                  "Parent Relationship": "Outer",
                                                  "Parallel Aware": false,
                                                  "Async Capable": false,
                                                  "Relation Name": "item",
                                                  "Alias": "item",
                                                  "Startup Cost": 0.0,
                                                  "Total Cost": 7984.0,
                                                  "Plan Rows": 102000,
                                                  "Plan Width": 106,
                                                  "parent": 28,
                                                  "ID": 29
                                                }
                                              ],
                                              "parent": 10,
                                              "ID": 28,
                                              "left": 29
                                            }
                                          ],
                                          "parent": 9,
                                          "ID": 10,
                                          "left": 11,
                                          "right": 28
                                        },
                                        {
                                          "Node Type": "Materialize",
                                          "Parent Relationship": "Inner",
                                          "Parallel Aware": false,
                                          "Async Capable": false,
                                          "Startup Cost": 0.0,
                                          "Total Cost": 1.15,
                                          "Plan Rows": 10,
                                          "Plan Width": 21,
                                          "Plans": [
                                            {
                                              "Node Type": "Seq Scan",
                                              "Parent Relationship": "Outer",
                                              "Parallel Aware": false,
                                              "Async Capable": false,
                                              "Relation Name": "warehouse",
                                              "Alias": "warehouse",
                                              "Startup Cost": 0.0,
                                              "Total Cost": 1.1,
                                              "Plan Rows": 10,
                                              "Plan Width": 21,
                                              "parent": 30,
                                              "ID": 31
                                            }
                                          ],
                                          "parent": 9,
                                          "ID": 30,
                                          "left": 31
                                        }
                                      ],
                                      "parent": 8,
                                      "ID": 9,
                                      "left": 10,
                                      "right": 30
                                    },
                                    {
                                      "Node Type": "Hash",
                                      "Parent Relationship": "Inner",
                                      "Parallel Aware": false,
                                      "Async Capable": false,
                                      "Startup Cost": 2135.49,
                                      "Total Cost": 2135.49,
                                      "Plan Rows": 73049,
                                      "Plan Width": 8,
                                      "Plans": [
                                        {
                                          "Node Type": "Seq Scan",
                                          "Parent Relationship": "Outer",
                                          "Parallel Aware": false,
                                          "Async Capable": false,
                                          "Relation Name": "date_dim",
                                          "Alias": "d3",
                                          "Startup Cost": 0.0,
                                          "Total Cost": 2135.49,
                                          "Plan Rows": 73049,
                                          "Plan Width": 8,
                                          "parent": 32,
                                          "ID": 33
                                        }
                                      ],
                                      "parent": 8,
                                      "ID": 32,
                                      "left": 33
                                    }
                                  ],
                                  "parent": 7,
                                  "ID": 8,
                                  "left": 9,
                                  "right": 32
                                }
                              ],
                              "parent": 5,
                              "ID": 7,
                              "left": 8
                            }
                          ],
                          "parent": 4,
                          "ID": 5,
                          "left": 6,
                          "right": 7
                        },
                        {
                          "Node Type": "Materialize",
                          "Parent Relationship": "Inner",
                          "Parallel Aware": false,
                          "Async Capable": false,
                          "Startup Cost": 0.0,
                          "Total Cost": 20.5,
                          "Plan Rows": 500,
                          "Plan Width": 4,
                          "Plans": [
                            {
                              "Node Type": "Seq Scan",
                              "Parent Relationship": "Outer",
                              "Parallel Aware": false,
                              "Async Capable": false,
                              "Relation Name": "promotion",
                              "Alias": "promotion",
                              "Startup Cost": 0.0,
                              "Total Cost": 18.0,
                              "Plan Rows": 500,
                              "Plan Width": 4,
                              "parent": 34,
                              "ID": 35
                            }
                          ],
                          "parent": 4,
                          "ID": 34,
                          "left": 35
                        }
                      ],
                      "parent": 3,
                      "ID": 4,
                      "left": 5,
                      "right": 34
                    }
                  ],
                  "parent": 2,
                  "ID": 3,
                  "left": 4
                }
              ],
              "parent": 1,
              "ID": 2,
              "left": 3
            }
          ],
          "parent": 0,
          "ID": 1,
          "left": 2
        }
      ],
      "parent": null,
      "ID": 0,
      "left": 1
    },
    "feat": {
      "utility": 0.0,
      "query_shape": [
        [
          "Seq Scan",
          "Hash Join",
          "Nested Loop",
          "Sort",
          "Aggregate"
        ],
        [
          "Seq Scan",
          "Hash Join",
          "Gather",
          "Nested Loop",
          "Hash",
          "Sort",
          "Aggregate"
        ],
        [
          "Seq Scan",
          "Hash Join",
          "Hash",
          "Gather",
          "Nested Loop",
          "Sort",
          "Aggregate"
        ],
        [
          "Seq Scan",
          "Hash Join",
          "Hash",
          "Gather",
          "Nested Loop",
          "Sort",
          "Aggregate"
        ],
        [
          "Seq Scan",
          "Hash",
          "Hash Join",
          "Gather",
          "Nested Loop",
          "Sort",
          "Aggregate"
        ],
        [
          "Seq Scan",
          "Hash",
          "Hash Join",
          "Gather",
          "Nested Loop",
          "Sort",
          "Aggregate"
        ],
        [
          "Seq Scan",
          "Hash",
          "Hash Join",
          "Gather",
          "Nested Loop",
          "Sort",
          "Aggregate"
        ],
        [
          "Seq Scan",
          "Hash",
          "Hash Join",
          "Nested Loop",
          "Sort",
          "Aggregate"
        ],
        [
          "Seq Scan",
          "Materialize",
          "Nested Loop",
          "Hash Join",
          "Hash",
          "Sort",
          "Aggregate"
        ],
        [
          "Seq Scan",
          "Hash",
          "Hash Join",
          "Nested Loop",
          "Sort",
          "Aggregate"
        ],
        [
          "Seq Scan",
          "Materialize",
          "Nested Loop",
          "Sort",
          "Aggregate"
        ]
      ],
      "index_shape": [
        "order-by"
      ],
      "physical_operator": {
        "Sort": [
          "[0. 0. 0. 0. 0. 0. 0. 0. 0. 0. 0. 0. 0. 0. 0. 0. 0. 0. 0. 0. 0. 0. 0. 0.\n 0. 0. 0. 0. 0. 0. 0. 0. 0. 0. 0. 0. 0. 0. 0. 0. 0. 0. 0. 0. 0. 0. 0. 0.\n 0. 0. 0.]",
          "[0. 0. 0. 0. 0. 0. 0. 0. 0. 0. 0. 0. 0. 0. 0. 0. 0. 0. 0. 0. 0. 0. 0. 0.\n 0. 0. 0. 0. 0. 0. 0. 0. 0. 0. 0. 0. 0. 0. 0. 0. 0. 0. 0. 0. 0. 0. 0. 0.\n 0. 0. 0.]"
        ],
        "Aggregate": [
          "[0. 0. 0. 0. 0. 0. 0. 0. 0. 0. 0. 0. 0. 0. 0. 0. 0. 0. 0. 0. 0. 0. 0. 0.\n 0. 0. 0. 0. 0. 0. 0. 0. 0. 0. 0. 0. 0. 0. 0. 0. 0. 0. 0. 0. 0. 0. 0. 0.\n 0. 0. 0.]"
        ]
      }
    }
  },
  {
    "query": "select  i_item_desc\n      ,w_warehouse_name\n      ,d1.d_week_seq\n      ,sum(case when p_promo_sk is null then 1 else 0 end) no_promo\n      ,sum(case when p_promo_sk is not null then 1 else 0 end) promo\n      ,count(*) total_cnt\nfrom catalog_sales\njoin inventory on (cs_item_sk = inv_item_sk)\njoin warehouse on (w_warehouse_sk=inv_warehouse_sk)\njoin item on (i_item_sk = cs_item_sk)\njoin customer_demographics on (cs_bill_cdemo_sk = cd_demo_sk)\njoin household_demographics on (cs_bill_hdemo_sk = hd_demo_sk)\njoin date_dim d1 on (cs_sold_date_sk = d1.d_date_sk)\njoin date_dim d2 on (inv_date_sk = d2.d_date_sk)\njoin date_dim d3 on (cs_ship_date_sk = d3.d_date_sk)\nleft outer join promotion on (cs_promo_sk=p_promo_sk)\nleft outer join catalog_returns on (cr_item_sk = cs_item_sk and cr_order_number = cs_order_number)\nwhere d1.d_week_seq = d2.d_week_seq\n  and inv_quantity_on_hand < cs_quantity \n  and d3.d_date > d1.d_date + 5\n  and hd_buy_potential = '501-1000'\n  and d1.d_year = 2001\n  and cd_marital_status = 'S'\ngroup by i_item_desc,w_warehouse_name,d1.d_week_seq\norder by total_cnt desc, i_item_desc, w_warehouse_name, d_week_seq\nlimit 100;\n\n-- end query 54 in stream 2 using template query72.tpl\n",
    "indexes": "catalog_returns.cr_item_sk",
    "wo plan est": {
      "Node Type": "Limit",
      "Parallel Aware": false,
      "Async Capable": false,
      "Startup Cost": 2058864.31,
      "Total Cost": 2058864.41,
      "Plan Rows": 40,
      "Plan Width": 147,
      "Plans": [
        {
          "Node Type": "Sort",
          "Parent Relationship": "Outer",
          "Parallel Aware": false,
          "Async Capable": false,
          "Startup Cost": 2058864.31,
          "Total Cost": 2058864.41,
          "Plan Rows": 40,
          "Plan Width": 147,
          "Sort Key": [
            "(count(*)) DESC",
            "item.i_item_desc",
            "warehouse.w_warehouse_name",
            "d1.d_week_seq"
          ],
          "Plans": [
            {
              "Node Type": "Aggregate",
              "Strategy": "Sorted",
              "Partial Mode": "Simple",
              "Parent Relationship": "Outer",
              "Parallel Aware": false,
              "Async Capable": false,
              "Startup Cost": 2058862.15,
              "Total Cost": 2058863.25,
              "Plan Rows": 40,
              "Plan Width": 147,
              "Group Key": [
                "item.i_item_desc",
                "warehouse.w_warehouse_name",
                "d1.d_week_seq"
              ],
              "Plans": [
                {
                  "Node Type": "Sort",
                  "Parent Relationship": "Outer",
                  "Parallel Aware": false,
                  "Async Capable": false,
                  "Startup Cost": 2058862.15,
                  "Total Cost": 2058862.25,
                  "Plan Rows": 40,
                  "Plan Width": 127,
                  "Sort Key": [
                    "item.i_item_desc",
                    "warehouse.w_warehouse_name",
                    "d1.d_week_seq"
                  ],
                  "Plans": [
                    {
                      "Node Type": "Nested Loop",
                      "Parent Relationship": "Outer",
                      "Parallel Aware": false,
                      "Async Capable": false,
                      "Join Type": "Left",
                      "Startup Cost": 2004596.21,
                      "Total Cost": 2058861.08,
                      "Plan Rows": 40,
                      "Plan Width": 127,
                      "Inner Unique": false,
                      "Join Filter": "(catalog_sales.cs_promo_sk = promotion.p_promo_sk)",
                      "Plans": [
                        {
                          "Node Type": "Hash Join",
                          "Parent Relationship": "Outer",
                          "Parallel Aware": false,
                          "Async Capable": false,
                          "Join Type": "Right",
                          "Startup Cost": 2004596.21,
                          "Total Cost": 2058541.83,
                          "Plan Rows": 40,
                          "Plan Width": 127,
                          "Inner Unique": false,
                          "Hash Cond": "((catalog_returns.cr_item_sk = catalog_sales.cs_item_sk) AND (catalog_returns.cr_order_number = catalog_sales.cs_order_number))",
                          "Plans": [
                            {
                              "Node Type": "Seq Scan",
                              "Parent Relationship": "Outer",
                              "Parallel Aware": false,
                              "Async Capable": false,
                              "Relation Name": "catalog_returns",
                              "Alias": "catalog_returns",
                              "Startup Cost": 0.0,
                              "Total Cost": 43147.49,
                              "Plan Rows": 1439749,
                              "Plan Width": 8,
                              "parent": 5,
                              "ID": 6
                            },
                            {
                              "Node Type": "Hash",
                              "Parent Relationship": "Inner",
                              "Parallel Aware": false,
                              "Async Capable": false,
                              "Startup Cost": 2004595.61,
                              "Total Cost": 2004595.61,
                              "Plan Rows": 40,
                              "Plan Width": 135,
                              "Plans": [
                                {
                                  "Node Type": "Hash Join",
                                  "Parent Relationship": "Outer",
                                  "Parallel Aware": false,
                                  "Async Capable": false,
                                  "Join Type": "Inner",
                                  "Startup Cost": 508613.25,
                                  "Total Cost": 2004595.61,
                                  "Plan Rows": 40,
                                  "Plan Width": 135,
                                  "Inner Unique": false,
                                  "Hash Cond": "(catalog_sales.cs_ship_date_sk = d3.d_date_sk)",
                                  "Join Filter": "(d3.d_date > (d1.d_date + 5))",
                                  "Plans": [
                                    {
                                      "Node Type": "Nested Loop",
                                      "Parent Relationship": "Outer",
                                      "Parallel Aware": false,
                                      "Async Capable": false,
                                      "Join Type": "Inner",
                                      "Startup Cost": 505564.64,
                                      "Total Cost": 2001544.76,
                                      "Plan Rows": 121,
                                      "Plan Width": 143,
                                      "Inner Unique": false,
                                      "Join Filter": "(inventory.inv_warehouse_sk = warehouse.w_warehouse_sk)",
                                      "Plans": [
                                        {
                                          "Node Type": "Hash Join",
                                          "Parent Relationship": "Outer",
                                          "Parallel Aware": false,
                                          "Async Capable": false,
                                          "Join Type": "Inner",
                                          "Startup Cost": 505564.64,
                                          "Total Cost": 2001525.48,
                                          "Plan Rows": 121,
                                          "Plan Width": 130,
                                          "Inner Unique": false,
                                          "Hash Cond": "(catalog_sales.cs_item_sk = item.i_item_sk)",
                                          "Plans": [
                                            {
                                              "Node Type": "Gather",
                                              "Parent Relationship": "Outer",
                                              "Parallel Aware": false,
                                              "Async Capable": false,
                                              "Startup Cost": 494611.64,
                                              "Total Cost": 1988874.82,
                                              "Plan Rows": 121,
                                              "Plan Width": 32,
                                              "Workers Planned": 2,
                                              "Single Copy": false,
                                              "Plans": [
                                                {
                                                  "Node Type": "Hash Join",
                                                  "Parent Relationship": "Outer",
                                                  "Parallel Aware": true,
                                                  "Async Capable": false,
                                                  "Join Type": "Inner",
                                                  "Startup Cost": 493611.64,
                                                  "Total Cost": 1987862.72,
                                                  "Plan Rows": 50,
                                                  "Plan Width": 32,
                                                  "Inner Unique": false,
                                                  "Hash Cond": "((inventory.inv_date_sk = d2.d_date_sk) AND (d1.d_week_seq = d2.d_week_seq))",
                                                  "Plans": [
                                                    {
                                                      "Node Type": "Hash Join",
                                                      "Parent Relationship": "Outer",
                                                      "Parallel Aware": true,
                                                      "Async Capable": false,
                                                      "Join Type": "Inner",
                                                      "Startup Cost": 491132.39,
                                                      "Total Cost": 1981451.77,
                                                      "Plan Rows": 524186,
                                                      "Plan Width": 36,
                                                      "Inner Unique": false,
                                                      "Hash Cond": "(inventory.inv_item_sk = catalog_sales.cs_item_sk)",
                                                      "Join Filter": "(inventory.inv_quantity_on_hand < catalog_sales.cs_quantity)",
                                                      "Plans": [
                                                        {
                                                          "Node Type": "Seq Scan",
                                                          "Parent Relationship": "Outer",
                                                          "Parallel Aware": true,
                                                          "Async Capable": false,
                                                          "Relation Name": "inventory",
                                                          "Alias": "inventory",
                                                          "Startup Cost": 0.0,
                                                          "Total Cost": 1274139.37,
                                                          "Plan Rows": 55462537,
                                                          "Plan Width": 16,
                                                          "parent": 13,
                                                          "ID": 14
                                                        },
                                                        {
                                                          "Node Type": "Hash",
                                                          "Parent Relationship": "Inner",
                                                          "Parallel Aware": true,
                                                          "Async Capable": false,
                                                          "Startup Cost": 491120.29,
                                                          "Total Cost": 491120.29,
                                                          "Plan Rows": 968,
                                                          "Plan Width": 28,
                                                          "Plans": [
                                                            {
                                                              "Node Type": "Hash Join",
                                                              "Parent Relationship": "Outer",
                                                              "Parallel Aware": true,
                                                              "Async Capable": false,
                                                              "Join Type": "Inner",
                                                              "Startup Cost": 458688.15,
                                                              "Total Cost": 491120.29,
                                                              "Plan Rows": 968,
                                                              "Plan Width": 28,
                                                              "Inner Unique": false,
                                                              "Hash Cond": "(customer_demographics.cd_demo_sk = catalog_sales.cs_bill_cdemo_sk)",
                                                              "Plans": [
                                                                {
                                                                  "Node Type": "Seq Scan",
                                                                  "Parent Relationship": "Outer",
                                                                  "Parallel Aware": true,
                                                                  "Async Capable": false,
                                                                  "Relation Name": "customer_demographics",
                                                                  "Alias": "customer_demographics",
                                                                  "Startup Cost": 0.0,
                                                                  "Total Cost": 31832.17,
                                                                  "Plan Rows": 158920,
                                                                  "Plan Width": 4,
                                                                  "Filter": "(cd_marital_status = 'S'::bpchar)",
                                                                  "parent": 16,
                                                                  "ID": 17
                                                                },
                                                                {
                                                                  "Node Type": "Hash",
                                                                  "Parent Relationship": "Inner",
                                                                  "Parallel Aware": true,
                                                                  "Async Capable": false,
                                                                  "Startup Cost": 458626.88,
                                                                  "Total Cost": 458626.88,
                                                                  "Plan Rows": 4901,
                                                                  "Plan Width": 32,
                                                                  "Plans": [
                                                                    {
                                                                      "Node Type": "Hash Join",
                                                                      "Parent Relationship": "Outer",
                                                                      "Parallel Aware": false,
                                                                      "Async Capable": false,
                                                                      "Join Type": "Inner",
                                                                      "Startup Cost": 2102.79,
                                                                      "Total Cost": 458626.88,
                                                                      "Plan Rows": 4901,
                                                                      "Plan Width": 32,
                                                                      "Inner Unique": false,
                                                                      "Hash Cond": "(catalog_sales.cs_bill_hdemo_sk = household_demographics.hd_demo_sk)",
                                                                      "Plans": [
                                                                        {
                                                                          "Node Type": "Hash Join",
                                                                          "Parent Relationship": "Outer",
                                                                          "Parallel Aware": true,
                                                                          "Async Capable": false,
                                                                          "Join Type": "Inner",
                                                                          "Startup Cost": 1944.79,
                                                                          "Total Cost": 458308.99,
                                                                          "Plan Rows": 29569,
                                                                          "Plan Width": 36,
                                                                          "Inner Unique": false,
                                                                          "Hash Cond": "(catalog_sales.cs_sold_date_sk = d1.d_date_sk)",
                                                                          "Plans": [
                                                                            {
                                                                              "Node Type": "Seq Scan",
                                                                              "Parent Relationship": "Outer",
                                                                              "Parallel Aware": true,
                                                                              "Async Capable": false,
                                                                              "Relation Name": "catalog_sales",
                                                                              "Alias": "catalog_sales",
                                                                              "Startup Cost": 0.0,
                                                                              "Total Cost": 433688.25,
                                                                              "Plan Rows": 6000525,
                                                                              "Plan Width": 32,
                                                                              "parent": 20,
                                                                              "ID": 21
                                                                            },
                                                                            {
                                                                              "Node Type": "Hash",
                                                                              "Parent Relationship": "Inner",
                                                                              "Parallel Aware": true,
                                                                              "Async Capable": false,
                                                                              "Startup Cost": 1942.12,
                                                                              "Total Cost": 1942.12,
                                                                              "Plan Rows": 213,
                                                                              "Plan Width": 12,
                                                                              "Plans": [
                                                                                {
                                                                                  "Node Type": "Seq Scan",
                                                                                  "Parent Relationship": "Outer",
                                                                                  "Parallel Aware": true,
                                                                                  "Async Capable": false,
                                                                                  "Relation Name": "date_dim",
                                                                                  "Alias": "d1",
                                                                                  "Startup Cost": 0.0,
                                                                                  "Total Cost": 1942.12,
                                                                                  "Plan Rows": 213,
                                                                                  "Plan Width": 12,
                                                                                  "Filter": "(d_year = 2001)",
                                                                                  "parent": 22,
                                                                                  "ID": 23
                                                                                }
                                                                              ],
                                                                              "parent": 20,
                                                                              "ID": 22,
                                                                              "left": 23
                                                                            }
                                                                          ],
                                                                          "parent": 19,
                                                                          "ID": 20,
                                                                          "left": 21,
                                                                          "right": 22
                                                                        },
                                                                        {
                                                                          "Node Type": "Hash",
                                                                          "Parent Relationship": "Inner",
                                                                          "Parallel Aware": false,
                                                                          "Async Capable": false,
                                                                          "Startup Cost": 143.0,
                                                                          "Total Cost": 143.0,
                                                                          "Plan Rows": 1200,
                                                                          "Plan Width": 4,
                                                                          "Plans": [
                                                                            {
                                                                              "Node Type": "Seq Scan",
                                                                              "Parent Relationship": "Outer",
                                                                              "Parallel Aware": false,
                                                                              "Async Capable": false,
                                                                              "Relation Name": "household_demographics",
                                                                              "Alias": "household_demographics",
                                                                              "Startup Cost": 0.0,
                                                                              "Total Cost": 143.0,
                                                                              "Plan Rows": 1200,
                                                                              "Plan Width": 4,
                                                                              "Filter": "(hd_buy_potential = '501-1000'::bpchar)",
                                                                              "parent": 24,
                                                                              "ID": 25
                                                                            }
                                                                          ],
                                                                          "parent": 19,
                                                                          "ID": 24,
                                                                          "left": 25
                                                                        }
                                                                      ],
                                                                      "parent": 18,
                                                                      "ID": 19,
                                                                      "left": 20,
                                                                      "right": 24
                                                                    }
                                                                  ],
                                                                  "parent": 16,
                                                                  "ID": 18,
                                                                  "left": 19
                                                                }
                                                              ],
                                                              "parent": 15,
                                                              "ID": 16,
                                                              "left": 17,
                                                              "right": 18
                                                            }
                                                          ],
                                                          "parent": 13,
                                                          "ID": 15,
                                                          "left": 16
                                                        }
                                                      ],
                                                      "parent": 12,
                                                      "ID": 13,
                                                      "left": 14,
                                                      "right": 15
                                                    },
                                                    {
                                                      "Node Type": "Hash",
                                                      "Parent Relationship": "Inner",
                                                      "Parallel Aware": true,
                                                      "Async Capable": false,
                                                      "Startup Cost": 1834.7,
                                                      "Total Cost": 1834.7,
                                                      "Plan Rows": 42970,
                                                      "Plan Width": 8,
                                                      "Plans": [
                                                        {
                                                          "Node Type": "Seq Scan",
                                                          "Parent Relationship": "Outer",
                                                          "Parallel Aware": true,
                                                          "Async Capable": false,
                                                          "Relation Name": "date_dim",
                                                          "Alias": "d2",
                                                          "Startup Cost": 0.0,
                                                          "Total Cost": 1834.7,
                                                          "Plan Rows": 42970,
                                                          "Plan Width": 8,
                                                          "parent": 26,
                                                          "ID": 27
                                                        }
                                                      ],
                                                      "parent": 12,
                                                      "ID": 26,
                                                      "left": 27
                                                    }
                                                  ],
                                                  "parent": 11,
                                                  "ID": 12,
                                                  "left": 13,
                                                  "right": 26
                                                }
                                              ],
                                              "parent": 10,
                                              "ID": 11,
                                              "left": 12
                                            },
                                            {
                                              "Node Type": "Hash",
                                              "Parent Relationship": "Inner",
                                              "Parallel Aware": false,
                                              "Async Capable": false,
                                              "Startup Cost": 7984.0,
                                              "Total Cost": 7984.0,
                                              "Plan Rows": 102000,
                                              "Plan Width": 106,
                                              "Plans": [
                                                {
                                                  "Node Type": "Seq Scan",
                                                  "Parent Relationship": "Outer",
                                                  "Parallel Aware": false,
                                                  "Async Capable": false,
                                                  "Relation Name": "item",
                                                  "Alias": "item",
                                                  "Startup Cost": 0.0,
                                                  "Total Cost": 7984.0,
                                                  "Plan Rows": 102000,
                                                  "Plan Width": 106,
                                                  "parent": 28,
                                                  "ID": 29
                                                }
                                              ],
                                              "parent": 10,
                                              "ID": 28,
                                              "left": 29
                                            }
                                          ],
                                          "parent": 9,
                                          "ID": 10,
                                          "left": 11,
                                          "right": 28
                                        },
                                        {
                                          "Node Type": "Materialize",
                                          "Parent Relationship": "Inner",
                                          "Parallel Aware": false,
                                          "Async Capable": false,
                                          "Startup Cost": 0.0,
                                          "Total Cost": 1.15,
                                          "Plan Rows": 10,
                                          "Plan Width": 21,
                                          "Plans": [
                                            {
                                              "Node Type": "Seq Scan",
                                              "Parent Relationship": "Outer",
                                              "Parallel Aware": false,
                                              "Async Capable": false,
                                              "Relation Name": "warehouse",
                                              "Alias": "warehouse",
                                              "Startup Cost": 0.0,
                                              "Total Cost": 1.1,
                                              "Plan Rows": 10,
                                              "Plan Width": 21,
                                              "parent": 30,
                                              "ID": 31
                                            }
                                          ],
                                          "parent": 9,
                                          "ID": 30,
                                          "left": 31
                                        }
                                      ],
                                      "parent": 8,
                                      "ID": 9,
                                      "left": 10,
                                      "right": 30
                                    },
                                    {
                                      "Node Type": "Hash",
                                      "Parent Relationship": "Inner",
                                      "Parallel Aware": false,
                                      "Async Capable": false,
                                      "Startup Cost": 2135.49,
                                      "Total Cost": 2135.49,
                                      "Plan Rows": 73049,
                                      "Plan Width": 8,
                                      "Plans": [
                                        {
                                          "Node Type": "Seq Scan",
                                          "Parent Relationship": "Outer",
                                          "Parallel Aware": false,
                                          "Async Capable": false,
                                          "Relation Name": "date_dim",
                                          "Alias": "d3",
                                          "Startup Cost": 0.0,
                                          "Total Cost": 2135.49,
                                          "Plan Rows": 73049,
                                          "Plan Width": 8,
                                          "parent": 32,
                                          "ID": 33
                                        }
                                      ],
                                      "parent": 8,
                                      "ID": 32,
                                      "left": 33
                                    }
                                  ],
                                  "parent": 7,
                                  "ID": 8,
                                  "left": 9,
                                  "right": 32
                                }
                              ],
                              "parent": 5,
                              "ID": 7,
                              "left": 8
                            }
                          ],
                          "parent": 4,
                          "ID": 5,
                          "left": 6,
                          "right": 7
                        },
                        {
                          "Node Type": "Materialize",
                          "Parent Relationship": "Inner",
                          "Parallel Aware": false,
                          "Async Capable": false,
                          "Startup Cost": 0.0,
                          "Total Cost": 20.5,
                          "Plan Rows": 500,
                          "Plan Width": 4,
                          "Plans": [
                            {
                              "Node Type": "Seq Scan",
                              "Parent Relationship": "Outer",
                              "Parallel Aware": false,
                              "Async Capable": false,
                              "Relation Name": "promotion",
                              "Alias": "promotion",
                              "Startup Cost": 0.0,
                              "Total Cost": 18.0,
                              "Plan Rows": 500,
                              "Plan Width": 4,
                              "parent": 34,
                              "ID": 35
                            }
                          ],
                          "parent": 4,
                          "ID": 34,
                          "left": 35
                        }
                      ],
                      "parent": 3,
                      "ID": 4,
                      "left": 5,
                      "right": 34
                    }
                  ],
                  "parent": 2,
                  "ID": 3,
                  "left": 4
                }
              ],
              "parent": 1,
              "ID": 2,
              "left": 3
            }
          ],
          "parent": 0,
          "ID": 1,
          "left": 2
        }
      ],
      "parent": null,
      "ID": 0,
      "left": 1
    },
    "feat": {
      "utility": 8.735397340972738e-06,
      "query_shape": [
        [
          "Seq Scan",
          "Hash Join",
          "Nested Loop",
          "Sort",
          "Aggregate"
        ],
        [
          "Seq Scan",
          "Hash Join",
          "Gather",
          "Nested Loop",
          "Hash",
          "Sort",
          "Aggregate"
        ],
        [
          "Seq Scan",
          "Hash Join",
          "Hash",
          "Gather",
          "Nested Loop",
          "Sort",
          "Aggregate"
        ],
        [
          "Seq Scan",
          "Hash Join",
          "Hash",
          "Gather",
          "Nested Loop",
          "Sort",
          "Aggregate"
        ],
        [
          "Seq Scan",
          "Hash",
          "Hash Join",
          "Gather",
          "Nested Loop",
          "Sort",
          "Aggregate"
        ],
        [
          "Seq Scan",
          "Hash",
          "Hash Join",
          "Gather",
          "Nested Loop",
          "Sort",
          "Aggregate"
        ],
        [
          "Seq Scan",
          "Hash",
          "Hash Join",
          "Gather",
          "Nested Loop",
          "Sort",
          "Aggregate"
        ],
        [
          "Seq Scan",
          "Hash",
          "Hash Join",
          "Nested Loop",
          "Sort",
          "Aggregate"
        ],
        [
          "Seq Scan",
          "Materialize",
          "Nested Loop",
          "Hash Join",
          "Hash",
          "Sort",
          "Aggregate"
        ],
        [
          "Seq Scan",
          "Hash",
          "Hash Join",
          "Nested Loop",
          "Sort",
          "Aggregate"
        ],
        [
          "Seq Scan",
          "Materialize",
          "Nested Loop",
          "Sort",
          "Aggregate"
        ]
      ],
      "index_shape": [
        "join"
      ],
      "physical_operator": {
        "Hash Join": [
          0.0008334059701440358
        ]
      }
    }
  },
  {
    "query": "select  i_item_desc\n      ,w_warehouse_name\n      ,d1.d_week_seq\n      ,sum(case when p_promo_sk is null then 1 else 0 end) no_promo\n      ,sum(case when p_promo_sk is not null then 1 else 0 end) promo\n      ,count(*) total_cnt\nfrom catalog_sales\njoin inventory on (cs_item_sk = inv_item_sk)\njoin warehouse on (w_warehouse_sk=inv_warehouse_sk)\njoin item on (i_item_sk = cs_item_sk)\njoin customer_demographics on (cs_bill_cdemo_sk = cd_demo_sk)\njoin household_demographics on (cs_bill_hdemo_sk = hd_demo_sk)\njoin date_dim d1 on (cs_sold_date_sk = d1.d_date_sk)\njoin date_dim d2 on (inv_date_sk = d2.d_date_sk)\njoin date_dim d3 on (cs_ship_date_sk = d3.d_date_sk)\nleft outer join promotion on (cs_promo_sk=p_promo_sk)\nleft outer join catalog_returns on (cr_item_sk = cs_item_sk and cr_order_number = cs_order_number)\nwhere d1.d_week_seq = d2.d_week_seq\n  and inv_quantity_on_hand < cs_quantity \n  and d3.d_date > d1.d_date + 5\n  and hd_buy_potential = '501-1000'\n  and d1.d_year = 2001\n  and cd_marital_status = 'S'\ngroup by i_item_desc,w_warehouse_name,d1.d_week_seq\norder by total_cnt desc, i_item_desc, w_warehouse_name, d_week_seq\nlimit 100;\n\n-- end query 54 in stream 2 using template query72.tpl\n",
    "indexes": "catalog_returns.cr_order_number",
    "wo plan est": {
      "Node Type": "Limit",
      "Parallel Aware": false,
      "Async Capable": false,
      "Startup Cost": 2058864.31,
      "Total Cost": 2058864.41,
      "Plan Rows": 40,
      "Plan Width": 147,
      "Plans": [
        {
          "Node Type": "Sort",
          "Parent Relationship": "Outer",
          "Parallel Aware": false,
          "Async Capable": false,
          "Startup Cost": 2058864.31,
          "Total Cost": 2058864.41,
          "Plan Rows": 40,
          "Plan Width": 147,
          "Sort Key": [
            "(count(*)) DESC",
            "item.i_item_desc",
            "warehouse.w_warehouse_name",
            "d1.d_week_seq"
          ],
          "Plans": [
            {
              "Node Type": "Aggregate",
              "Strategy": "Sorted",
              "Partial Mode": "Simple",
              "Parent Relationship": "Outer",
              "Parallel Aware": false,
              "Async Capable": false,
              "Startup Cost": 2058862.15,
              "Total Cost": 2058863.25,
              "Plan Rows": 40,
              "Plan Width": 147,
              "Group Key": [
                "item.i_item_desc",
                "warehouse.w_warehouse_name",
                "d1.d_week_seq"
              ],
              "Plans": [
                {
                  "Node Type": "Sort",
                  "Parent Relationship": "Outer",
                  "Parallel Aware": false,
                  "Async Capable": false,
                  "Startup Cost": 2058862.15,
                  "Total Cost": 2058862.25,
                  "Plan Rows": 40,
                  "Plan Width": 127,
                  "Sort Key": [
                    "item.i_item_desc",
                    "warehouse.w_warehouse_name",
                    "d1.d_week_seq"
                  ],
                  "Plans": [
                    {
                      "Node Type": "Nested Loop",
                      "Parent Relationship": "Outer",
                      "Parallel Aware": false,
                      "Async Capable": false,
                      "Join Type": "Left",
                      "Startup Cost": 2004596.21,
                      "Total Cost": 2058861.08,
                      "Plan Rows": 40,
                      "Plan Width": 127,
                      "Inner Unique": false,
                      "Join Filter": "(catalog_sales.cs_promo_sk = promotion.p_promo_sk)",
                      "Plans": [
                        {
                          "Node Type": "Hash Join",
                          "Parent Relationship": "Outer",
                          "Parallel Aware": false,
                          "Async Capable": false,
                          "Join Type": "Right",
                          "Startup Cost": 2004596.21,
                          "Total Cost": 2058541.83,
                          "Plan Rows": 40,
                          "Plan Width": 127,
                          "Inner Unique": false,
                          "Hash Cond": "((catalog_returns.cr_item_sk = catalog_sales.cs_item_sk) AND (catalog_returns.cr_order_number = catalog_sales.cs_order_number))",
                          "Plans": [
                            {
                              "Node Type": "Seq Scan",
                              "Parent Relationship": "Outer",
                              "Parallel Aware": false,
                              "Async Capable": false,
                              "Relation Name": "catalog_returns",
                              "Alias": "catalog_returns",
                              "Startup Cost": 0.0,
                              "Total Cost": 43147.49,
                              "Plan Rows": 1439749,
                              "Plan Width": 8,
                              "parent": 5,
                              "ID": 6
                            },
                            {
                              "Node Type": "Hash",
                              "Parent Relationship": "Inner",
                              "Parallel Aware": false,
                              "Async Capable": false,
                              "Startup Cost": 2004595.61,
                              "Total Cost": 2004595.61,
                              "Plan Rows": 40,
                              "Plan Width": 135,
                              "Plans": [
                                {
                                  "Node Type": "Hash Join",
                                  "Parent Relationship": "Outer",
                                  "Parallel Aware": false,
                                  "Async Capable": false,
                                  "Join Type": "Inner",
                                  "Startup Cost": 508613.25,
                                  "Total Cost": 2004595.61,
                                  "Plan Rows": 40,
                                  "Plan Width": 135,
                                  "Inner Unique": false,
                                  "Hash Cond": "(catalog_sales.cs_ship_date_sk = d3.d_date_sk)",
                                  "Join Filter": "(d3.d_date > (d1.d_date + 5))",
                                  "Plans": [
                                    {
                                      "Node Type": "Nested Loop",
                                      "Parent Relationship": "Outer",
                                      "Parallel Aware": false,
                                      "Async Capable": false,
                                      "Join Type": "Inner",
                                      "Startup Cost": 505564.64,
                                      "Total Cost": 2001544.76,
                                      "Plan Rows": 121,
                                      "Plan Width": 143,
                                      "Inner Unique": false,
                                      "Join Filter": "(inventory.inv_warehouse_sk = warehouse.w_warehouse_sk)",
                                      "Plans": [
                                        {
                                          "Node Type": "Hash Join",
                                          "Parent Relationship": "Outer",
                                          "Parallel Aware": false,
                                          "Async Capable": false,
                                          "Join Type": "Inner",
                                          "Startup Cost": 505564.64,
                                          "Total Cost": 2001525.48,
                                          "Plan Rows": 121,
                                          "Plan Width": 130,
                                          "Inner Unique": false,
                                          "Hash Cond": "(catalog_sales.cs_item_sk = item.i_item_sk)",
                                          "Plans": [
                                            {
                                              "Node Type": "Gather",
                                              "Parent Relationship": "Outer",
                                              "Parallel Aware": false,
                                              "Async Capable": false,
                                              "Startup Cost": 494611.64,
                                              "Total Cost": 1988874.82,
                                              "Plan Rows": 121,
                                              "Plan Width": 32,
                                              "Workers Planned": 2,
                                              "Single Copy": false,
                                              "Plans": [
                                                {
                                                  "Node Type": "Hash Join",
                                                  "Parent Relationship": "Outer",
                                                  "Parallel Aware": true,
                                                  "Async Capable": false,
                                                  "Join Type": "Inner",
                                                  "Startup Cost": 493611.64,
                                                  "Total Cost": 1987862.72,
                                                  "Plan Rows": 50,
                                                  "Plan Width": 32,
                                                  "Inner Unique": false,
                                                  "Hash Cond": "((inventory.inv_date_sk = d2.d_date_sk) AND (d1.d_week_seq = d2.d_week_seq))",
                                                  "Plans": [
                                                    {
                                                      "Node Type": "Hash Join",
                                                      "Parent Relationship": "Outer",
                                                      "Parallel Aware": true,
                                                      "Async Capable": false,
                                                      "Join Type": "Inner",
                                                      "Startup Cost": 491132.39,
                                                      "Total Cost": 1981451.77,
                                                      "Plan Rows": 524186,
                                                      "Plan Width": 36,
                                                      "Inner Unique": false,
                                                      "Hash Cond": "(inventory.inv_item_sk = catalog_sales.cs_item_sk)",
                                                      "Join Filter": "(inventory.inv_quantity_on_hand < catalog_sales.cs_quantity)",
                                                      "Plans": [
                                                        {
                                                          "Node Type": "Seq Scan",
                                                          "Parent Relationship": "Outer",
                                                          "Parallel Aware": true,
                                                          "Async Capable": false,
                                                          "Relation Name": "inventory",
                                                          "Alias": "inventory",
                                                          "Startup Cost": 0.0,
                                                          "Total Cost": 1274139.37,
                                                          "Plan Rows": 55462537,
                                                          "Plan Width": 16,
                                                          "parent": 13,
                                                          "ID": 14
                                                        },
                                                        {
                                                          "Node Type": "Hash",
                                                          "Parent Relationship": "Inner",
                                                          "Parallel Aware": true,
                                                          "Async Capable": false,
                                                          "Startup Cost": 491120.29,
                                                          "Total Cost": 491120.29,
                                                          "Plan Rows": 968,
                                                          "Plan Width": 28,
                                                          "Plans": [
                                                            {
                                                              "Node Type": "Hash Join",
                                                              "Parent Relationship": "Outer",
                                                              "Parallel Aware": true,
                                                              "Async Capable": false,
                                                              "Join Type": "Inner",
                                                              "Startup Cost": 458688.15,
                                                              "Total Cost": 491120.29,
                                                              "Plan Rows": 968,
                                                              "Plan Width": 28,
                                                              "Inner Unique": false,
                                                              "Hash Cond": "(customer_demographics.cd_demo_sk = catalog_sales.cs_bill_cdemo_sk)",
                                                              "Plans": [
                                                                {
                                                                  "Node Type": "Seq Scan",
                                                                  "Parent Relationship": "Outer",
                                                                  "Parallel Aware": true,
                                                                  "Async Capable": false,
                                                                  "Relation Name": "customer_demographics",
                                                                  "Alias": "customer_demographics",
                                                                  "Startup Cost": 0.0,
                                                                  "Total Cost": 31832.17,
                                                                  "Plan Rows": 158920,
                                                                  "Plan Width": 4,
                                                                  "Filter": "(cd_marital_status = 'S'::bpchar)",
                                                                  "parent": 16,
                                                                  "ID": 17
                                                                },
                                                                {
                                                                  "Node Type": "Hash",
                                                                  "Parent Relationship": "Inner",
                                                                  "Parallel Aware": true,
                                                                  "Async Capable": false,
                                                                  "Startup Cost": 458626.88,
                                                                  "Total Cost": 458626.88,
                                                                  "Plan Rows": 4901,
                                                                  "Plan Width": 32,
                                                                  "Plans": [
                                                                    {
                                                                      "Node Type": "Hash Join",
                                                                      "Parent Relationship": "Outer",
                                                                      "Parallel Aware": false,
                                                                      "Async Capable": false,
                                                                      "Join Type": "Inner",
                                                                      "Startup Cost": 2102.79,
                                                                      "Total Cost": 458626.88,
                                                                      "Plan Rows": 4901,
                                                                      "Plan Width": 32,
                                                                      "Inner Unique": false,
                                                                      "Hash Cond": "(catalog_sales.cs_bill_hdemo_sk = household_demographics.hd_demo_sk)",
                                                                      "Plans": [
                                                                        {
                                                                          "Node Type": "Hash Join",
                                                                          "Parent Relationship": "Outer",
                                                                          "Parallel Aware": true,
                                                                          "Async Capable": false,
                                                                          "Join Type": "Inner",
                                                                          "Startup Cost": 1944.79,
                                                                          "Total Cost": 458308.99,
                                                                          "Plan Rows": 29569,
                                                                          "Plan Width": 36,
                                                                          "Inner Unique": false,
                                                                          "Hash Cond": "(catalog_sales.cs_sold_date_sk = d1.d_date_sk)",
                                                                          "Plans": [
                                                                            {
                                                                              "Node Type": "Seq Scan",
                                                                              "Parent Relationship": "Outer",
                                                                              "Parallel Aware": true,
                                                                              "Async Capable": false,
                                                                              "Relation Name": "catalog_sales",
                                                                              "Alias": "catalog_sales",
                                                                              "Startup Cost": 0.0,
                                                                              "Total Cost": 433688.25,
                                                                              "Plan Rows": 6000525,
                                                                              "Plan Width": 32,
                                                                              "parent": 20,
                                                                              "ID": 21
                                                                            },
                                                                            {
                                                                              "Node Type": "Hash",
                                                                              "Parent Relationship": "Inner",
                                                                              "Parallel Aware": true,
                                                                              "Async Capable": false,
                                                                              "Startup Cost": 1942.12,
                                                                              "Total Cost": 1942.12,
                                                                              "Plan Rows": 213,
                                                                              "Plan Width": 12,
                                                                              "Plans": [
                                                                                {
                                                                                  "Node Type": "Seq Scan",
                                                                                  "Parent Relationship": "Outer",
                                                                                  "Parallel Aware": true,
                                                                                  "Async Capable": false,
                                                                                  "Relation Name": "date_dim",
                                                                                  "Alias": "d1",
                                                                                  "Startup Cost": 0.0,
                                                                                  "Total Cost": 1942.12,
                                                                                  "Plan Rows": 213,
                                                                                  "Plan Width": 12,
                                                                                  "Filter": "(d_year = 2001)",
                                                                                  "parent": 22,
                                                                                  "ID": 23
                                                                                }
                                                                              ],
                                                                              "parent": 20,
                                                                              "ID": 22,
                                                                              "left": 23
                                                                            }
                                                                          ],
                                                                          "parent": 19,
                                                                          "ID": 20,
                                                                          "left": 21,
                                                                          "right": 22
                                                                        },
                                                                        {
                                                                          "Node Type": "Hash",
                                                                          "Parent Relationship": "Inner",
                                                                          "Parallel Aware": false,
                                                                          "Async Capable": false,
                                                                          "Startup Cost": 143.0,
                                                                          "Total Cost": 143.0,
                                                                          "Plan Rows": 1200,
                                                                          "Plan Width": 4,
                                                                          "Plans": [
                                                                            {
                                                                              "Node Type": "Seq Scan",
                                                                              "Parent Relationship": "Outer",
                                                                              "Parallel Aware": false,
                                                                              "Async Capable": false,
                                                                              "Relation Name": "household_demographics",
                                                                              "Alias": "household_demographics",
                                                                              "Startup Cost": 0.0,
                                                                              "Total Cost": 143.0,
                                                                              "Plan Rows": 1200,
                                                                              "Plan Width": 4,
                                                                              "Filter": "(hd_buy_potential = '501-1000'::bpchar)",
                                                                              "parent": 24,
                                                                              "ID": 25
                                                                            }
                                                                          ],
                                                                          "parent": 19,
                                                                          "ID": 24,
                                                                          "left": 25
                                                                        }
                                                                      ],
                                                                      "parent": 18,
                                                                      "ID": 19,
                                                                      "left": 20,
                                                                      "right": 24
                                                                    }
                                                                  ],
                                                                  "parent": 16,
                                                                  "ID": 18,
                                                                  "left": 19
                                                                }
                                                              ],
                                                              "parent": 15,
                                                              "ID": 16,
                                                              "left": 17,
                                                              "right": 18
                                                            }
                                                          ],
                                                          "parent": 13,
                                                          "ID": 15,
                                                          "left": 16
                                                        }
                                                      ],
                                                      "parent": 12,
                                                      "ID": 13,
                                                      "left": 14,
                                                      "right": 15
                                                    },
                                                    {
                                                      "Node Type": "Hash",
                                                      "Parent Relationship": "Inner",
                                                      "Parallel Aware": true,
                                                      "Async Capable": false,
                                                      "Startup Cost": 1834.7,
                                                      "Total Cost": 1834.7,
                                                      "Plan Rows": 42970,
                                                      "Plan Width": 8,
                                                      "Plans": [
                                                        {
                                                          "Node Type": "Seq Scan",
                                                          "Parent Relationship": "Outer",
                                                          "Parallel Aware": true,
                                                          "Async Capable": false,
                                                          "Relation Name": "date_dim",
                                                          "Alias": "d2",
                                                          "Startup Cost": 0.0,
                                                          "Total Cost": 1834.7,
                                                          "Plan Rows": 42970,
                                                          "Plan Width": 8,
                                                          "parent": 26,
                                                          "ID": 27
                                                        }
                                                      ],
                                                      "parent": 12,
                                                      "ID": 26,
                                                      "left": 27
                                                    }
                                                  ],
                                                  "parent": 11,
                                                  "ID": 12,
                                                  "left": 13,
                                                  "right": 26
                                                }
                                              ],
                                              "parent": 10,
                                              "ID": 11,
                                              "left": 12
                                            },
                                            {
                                              "Node Type": "Hash",
                                              "Parent Relationship": "Inner",
                                              "Parallel Aware": false,
                                              "Async Capable": false,
                                              "Startup Cost": 7984.0,
                                              "Total Cost": 7984.0,
                                              "Plan Rows": 102000,
                                              "Plan Width": 106,
                                              "Plans": [
                                                {
                                                  "Node Type": "Seq Scan",
                                                  "Parent Relationship": "Outer",
                                                  "Parallel Aware": false,
                                                  "Async Capable": false,
                                                  "Relation Name": "item",
                                                  "Alias": "item",
                                                  "Startup Cost": 0.0,
                                                  "Total Cost": 7984.0,
                                                  "Plan Rows": 102000,
                                                  "Plan Width": 106,
                                                  "parent": 28,
                                                  "ID": 29
                                                }
                                              ],
                                              "parent": 10,
                                              "ID": 28,
                                              "left": 29
                                            }
                                          ],
                                          "parent": 9,
                                          "ID": 10,
                                          "left": 11,
                                          "right": 28
                                        },
                                        {
                                          "Node Type": "Materialize",
                                          "Parent Relationship": "Inner",
                                          "Parallel Aware": false,
                                          "Async Capable": false,
                                          "Startup Cost": 0.0,
                                          "Total Cost": 1.15,
                                          "Plan Rows": 10,
                                          "Plan Width": 21,
                                          "Plans": [
                                            {
                                              "Node Type": "Seq Scan",
                                              "Parent Relationship": "Outer",
                                              "Parallel Aware": false,
                                              "Async Capable": false,
                                              "Relation Name": "warehouse",
                                              "Alias": "warehouse",
                                              "Startup Cost": 0.0,
                                              "Total Cost": 1.1,
                                              "Plan Rows": 10,
                                              "Plan Width": 21,
                                              "parent": 30,
                                              "ID": 31
                                            }
                                          ],
                                          "parent": 9,
                                          "ID": 30,
                                          "left": 31
                                        }
                                      ],
                                      "parent": 8,
                                      "ID": 9,
                                      "left": 10,
                                      "right": 30
                                    },
                                    {
                                      "Node Type": "Hash",
                                      "Parent Relationship": "Inner",
                                      "Parallel Aware": false,
                                      "Async Capable": false,
                                      "Startup Cost": 2135.49,
                                      "Total Cost": 2135.49,
                                      "Plan Rows": 73049,
                                      "Plan Width": 8,
                                      "Plans": [
                                        {
                                          "Node Type": "Seq Scan",
                                          "Parent Relationship": "Outer",
                                          "Parallel Aware": false,
                                          "Async Capable": false,
                                          "Relation Name": "date_dim",
                                          "Alias": "d3",
                                          "Startup Cost": 0.0,
                                          "Total Cost": 2135.49,
                                          "Plan Rows": 73049,
                                          "Plan Width": 8,
                                          "parent": 32,
                                          "ID": 33
                                        }
                                      ],
                                      "parent": 8,
                                      "ID": 32,
                                      "left": 33
                                    }
                                  ],
                                  "parent": 7,
                                  "ID": 8,
                                  "left": 9,
                                  "right": 32
                                }
                              ],
                              "parent": 5,
                              "ID": 7,
                              "left": 8
                            }
                          ],
                          "parent": 4,
                          "ID": 5,
                          "left": 6,
                          "right": 7
                        },
                        {
                          "Node Type": "Materialize",
                          "Parent Relationship": "Inner",
                          "Parallel Aware": false,
                          "Async Capable": false,
                          "Startup Cost": 0.0,
                          "Total Cost": 20.5,
                          "Plan Rows": 500,
                          "Plan Width": 4,
                          "Plans": [
                            {
                              "Node Type": "Seq Scan",
                              "Parent Relationship": "Outer",
                              "Parallel Aware": false,
                              "Async Capable": false,
                              "Relation Name": "promotion",
                              "Alias": "promotion",
                              "Startup Cost": 0.0,
                              "Total Cost": 18.0,
                              "Plan Rows": 500,
                              "Plan Width": 4,
                              "parent": 34,
                              "ID": 35
                            }
                          ],
                          "parent": 4,
                          "ID": 34,
                          "left": 35
                        }
                      ],
                      "parent": 3,
                      "ID": 4,
                      "left": 5,
                      "right": 34
                    }
                  ],
                  "parent": 2,
                  "ID": 3,
                  "left": 4
                }
              ],
              "parent": 1,
              "ID": 2,
              "left": 3
            }
          ],
          "parent": 0,
          "ID": 1,
          "left": 2
        }
      ],
      "parent": null,
      "ID": 0,
      "left": 1
    },
    "feat": {
      "utility": 8.735397340972738e-06,
      "query_shape": [
        [
          "Seq Scan",
          "Hash Join",
          "Nested Loop",
          "Sort",
          "Aggregate"
        ],
        [
          "Seq Scan",
          "Hash Join",
          "Gather",
          "Nested Loop",
          "Hash",
          "Sort",
          "Aggregate"
        ],
        [
          "Seq Scan",
          "Hash Join",
          "Hash",
          "Gather",
          "Nested Loop",
          "Sort",
          "Aggregate"
        ],
        [
          "Seq Scan",
          "Hash Join",
          "Hash",
          "Gather",
          "Nested Loop",
          "Sort",
          "Aggregate"
        ],
        [
          "Seq Scan",
          "Hash",
          "Hash Join",
          "Gather",
          "Nested Loop",
          "Sort",
          "Aggregate"
        ],
        [
          "Seq Scan",
          "Hash",
          "Hash Join",
          "Gather",
          "Nested Loop",
          "Sort",
          "Aggregate"
        ],
        [
          "Seq Scan",
          "Hash",
          "Hash Join",
          "Gather",
          "Nested Loop",
          "Sort",
          "Aggregate"
        ],
        [
          "Seq Scan",
          "Hash",
          "Hash Join",
          "Nested Loop",
          "Sort",
          "Aggregate"
        ],
        [
          "Seq Scan",
          "Materialize",
          "Nested Loop",
          "Hash Join",
          "Hash",
          "Sort",
          "Aggregate"
        ],
        [
          "Seq Scan",
          "Hash",
          "Hash Join",
          "Nested Loop",
          "Sort",
          "Aggregate"
        ],
        [
          "Seq Scan",
          "Materialize",
          "Nested Loop",
          "Sort",
          "Aggregate"
        ]
      ],
      "index_shape": [
        "join"
      ],
      "physical_operator": {
        "Hash Join": [
          0.0008334059701440358
        ]
      }
    }
  },
  {
    "query": "select  i_item_desc\n      ,w_warehouse_name\n      ,d1.d_week_seq\n      ,sum(case when p_promo_sk is null then 1 else 0 end) no_promo\n      ,sum(case when p_promo_sk is not null then 1 else 0 end) promo\n      ,count(*) total_cnt\nfrom catalog_sales\njoin inventory on (cs_item_sk = inv_item_sk)\njoin warehouse on (w_warehouse_sk=inv_warehouse_sk)\njoin item on (i_item_sk = cs_item_sk)\njoin customer_demographics on (cs_bill_cdemo_sk = cd_demo_sk)\njoin household_demographics on (cs_bill_hdemo_sk = hd_demo_sk)\njoin date_dim d1 on (cs_sold_date_sk = d1.d_date_sk)\njoin date_dim d2 on (inv_date_sk = d2.d_date_sk)\njoin date_dim d3 on (cs_ship_date_sk = d3.d_date_sk)\nleft outer join promotion on (cs_promo_sk=p_promo_sk)\nleft outer join catalog_returns on (cr_item_sk = cs_item_sk and cr_order_number = cs_order_number)\nwhere d1.d_week_seq = d2.d_week_seq\n  and inv_quantity_on_hand < cs_quantity \n  and d3.d_date > d1.d_date + 5\n  and hd_buy_potential = '501-1000'\n  and d1.d_year = 2001\n  and cd_marital_status = 'S'\ngroup by i_item_desc,w_warehouse_name,d1.d_week_seq\norder by total_cnt desc, i_item_desc, w_warehouse_name, d_week_seq\nlimit 100;\n\n-- end query 54 in stream 2 using template query72.tpl\n",
    "indexes": "catalog_sales.cs_sold_date_sk",
    "wo plan est": {
      "Node Type": "Limit",
      "Parallel Aware": false,
      "Async Capable": false,
      "Startup Cost": 2058864.31,
      "Total Cost": 2058864.41,
      "Plan Rows": 40,
      "Plan Width": 147,
      "Plans": [
        {
          "Node Type": "Sort",
          "Parent Relationship": "Outer",
          "Parallel Aware": false,
          "Async Capable": false,
          "Startup Cost": 2058864.31,
          "Total Cost": 2058864.41,
          "Plan Rows": 40,
          "Plan Width": 147,
          "Sort Key": [
            "(count(*)) DESC",
            "item.i_item_desc",
            "warehouse.w_warehouse_name",
            "d1.d_week_seq"
          ],
          "Plans": [
            {
              "Node Type": "Aggregate",
              "Strategy": "Sorted",
              "Partial Mode": "Simple",
              "Parent Relationship": "Outer",
              "Parallel Aware": false,
              "Async Capable": false,
              "Startup Cost": 2058862.15,
              "Total Cost": 2058863.25,
              "Plan Rows": 40,
              "Plan Width": 147,
              "Group Key": [
                "item.i_item_desc",
                "warehouse.w_warehouse_name",
                "d1.d_week_seq"
              ],
              "Plans": [
                {
                  "Node Type": "Sort",
                  "Parent Relationship": "Outer",
                  "Parallel Aware": false,
                  "Async Capable": false,
                  "Startup Cost": 2058862.15,
                  "Total Cost": 2058862.25,
                  "Plan Rows": 40,
                  "Plan Width": 127,
                  "Sort Key": [
                    "item.i_item_desc",
                    "warehouse.w_warehouse_name",
                    "d1.d_week_seq"
                  ],
                  "Plans": [
                    {
                      "Node Type": "Nested Loop",
                      "Parent Relationship": "Outer",
                      "Parallel Aware": false,
                      "Async Capable": false,
                      "Join Type": "Left",
                      "Startup Cost": 2004596.21,
                      "Total Cost": 2058861.08,
                      "Plan Rows": 40,
                      "Plan Width": 127,
                      "Inner Unique": false,
                      "Join Filter": "(catalog_sales.cs_promo_sk = promotion.p_promo_sk)",
                      "Plans": [
                        {
                          "Node Type": "Hash Join",
                          "Parent Relationship": "Outer",
                          "Parallel Aware": false,
                          "Async Capable": false,
                          "Join Type": "Right",
                          "Startup Cost": 2004596.21,
                          "Total Cost": 2058541.83,
                          "Plan Rows": 40,
                          "Plan Width": 127,
                          "Inner Unique": false,
                          "Hash Cond": "((catalog_returns.cr_item_sk = catalog_sales.cs_item_sk) AND (catalog_returns.cr_order_number = catalog_sales.cs_order_number))",
                          "Plans": [
                            {
                              "Node Type": "Seq Scan",
                              "Parent Relationship": "Outer",
                              "Parallel Aware": false,
                              "Async Capable": false,
                              "Relation Name": "catalog_returns",
                              "Alias": "catalog_returns",
                              "Startup Cost": 0.0,
                              "Total Cost": 43147.49,
                              "Plan Rows": 1439749,
                              "Plan Width": 8,
                              "parent": 5,
                              "ID": 6
                            },
                            {
                              "Node Type": "Hash",
                              "Parent Relationship": "Inner",
                              "Parallel Aware": false,
                              "Async Capable": false,
                              "Startup Cost": 2004595.61,
                              "Total Cost": 2004595.61,
                              "Plan Rows": 40,
                              "Plan Width": 135,
                              "Plans": [
                                {
                                  "Node Type": "Hash Join",
                                  "Parent Relationship": "Outer",
                                  "Parallel Aware": false,
                                  "Async Capable": false,
                                  "Join Type": "Inner",
                                  "Startup Cost": 508613.25,
                                  "Total Cost": 2004595.61,
                                  "Plan Rows": 40,
                                  "Plan Width": 135,
                                  "Inner Unique": false,
                                  "Hash Cond": "(catalog_sales.cs_ship_date_sk = d3.d_date_sk)",
                                  "Join Filter": "(d3.d_date > (d1.d_date + 5))",
                                  "Plans": [
                                    {
                                      "Node Type": "Nested Loop",
                                      "Parent Relationship": "Outer",
                                      "Parallel Aware": false,
                                      "Async Capable": false,
                                      "Join Type": "Inner",
                                      "Startup Cost": 505564.64,
                                      "Total Cost": 2001544.76,
                                      "Plan Rows": 121,
                                      "Plan Width": 143,
                                      "Inner Unique": false,
                                      "Join Filter": "(inventory.inv_warehouse_sk = warehouse.w_warehouse_sk)",
                                      "Plans": [
                                        {
                                          "Node Type": "Hash Join",
                                          "Parent Relationship": "Outer",
                                          "Parallel Aware": false,
                                          "Async Capable": false,
                                          "Join Type": "Inner",
                                          "Startup Cost": 505564.64,
                                          "Total Cost": 2001525.48,
                                          "Plan Rows": 121,
                                          "Plan Width": 130,
                                          "Inner Unique": false,
                                          "Hash Cond": "(catalog_sales.cs_item_sk = item.i_item_sk)",
                                          "Plans": [
                                            {
                                              "Node Type": "Gather",
                                              "Parent Relationship": "Outer",
                                              "Parallel Aware": false,
                                              "Async Capable": false,
                                              "Startup Cost": 494611.64,
                                              "Total Cost": 1988874.82,
                                              "Plan Rows": 121,
                                              "Plan Width": 32,
                                              "Workers Planned": 2,
                                              "Single Copy": false,
                                              "Plans": [
                                                {
                                                  "Node Type": "Hash Join",
                                                  "Parent Relationship": "Outer",
                                                  "Parallel Aware": true,
                                                  "Async Capable": false,
                                                  "Join Type": "Inner",
                                                  "Startup Cost": 493611.64,
                                                  "Total Cost": 1987862.72,
                                                  "Plan Rows": 50,
                                                  "Plan Width": 32,
                                                  "Inner Unique": false,
                                                  "Hash Cond": "((inventory.inv_date_sk = d2.d_date_sk) AND (d1.d_week_seq = d2.d_week_seq))",
                                                  "Plans": [
                                                    {
                                                      "Node Type": "Hash Join",
                                                      "Parent Relationship": "Outer",
                                                      "Parallel Aware": true,
                                                      "Async Capable": false,
                                                      "Join Type": "Inner",
                                                      "Startup Cost": 491132.39,
                                                      "Total Cost": 1981451.77,
                                                      "Plan Rows": 524186,
                                                      "Plan Width": 36,
                                                      "Inner Unique": false,
                                                      "Hash Cond": "(inventory.inv_item_sk = catalog_sales.cs_item_sk)",
                                                      "Join Filter": "(inventory.inv_quantity_on_hand < catalog_sales.cs_quantity)",
                                                      "Plans": [
                                                        {
                                                          "Node Type": "Seq Scan",
                                                          "Parent Relationship": "Outer",
                                                          "Parallel Aware": true,
                                                          "Async Capable": false,
                                                          "Relation Name": "inventory",
                                                          "Alias": "inventory",
                                                          "Startup Cost": 0.0,
                                                          "Total Cost": 1274139.37,
                                                          "Plan Rows": 55462537,
                                                          "Plan Width": 16,
                                                          "parent": 13,
                                                          "ID": 14
                                                        },
                                                        {
                                                          "Node Type": "Hash",
                                                          "Parent Relationship": "Inner",
                                                          "Parallel Aware": true,
                                                          "Async Capable": false,
                                                          "Startup Cost": 491120.29,
                                                          "Total Cost": 491120.29,
                                                          "Plan Rows": 968,
                                                          "Plan Width": 28,
                                                          "Plans": [
                                                            {
                                                              "Node Type": "Hash Join",
                                                              "Parent Relationship": "Outer",
                                                              "Parallel Aware": true,
                                                              "Async Capable": false,
                                                              "Join Type": "Inner",
                                                              "Startup Cost": 458688.15,
                                                              "Total Cost": 491120.29,
                                                              "Plan Rows": 968,
                                                              "Plan Width": 28,
                                                              "Inner Unique": false,
                                                              "Hash Cond": "(customer_demographics.cd_demo_sk = catalog_sales.cs_bill_cdemo_sk)",
                                                              "Plans": [
                                                                {
                                                                  "Node Type": "Seq Scan",
                                                                  "Parent Relationship": "Outer",
                                                                  "Parallel Aware": true,
                                                                  "Async Capable": false,
                                                                  "Relation Name": "customer_demographics",
                                                                  "Alias": "customer_demographics",
                                                                  "Startup Cost": 0.0,
                                                                  "Total Cost": 31832.17,
                                                                  "Plan Rows": 158920,
                                                                  "Plan Width": 4,
                                                                  "Filter": "(cd_marital_status = 'S'::bpchar)",
                                                                  "parent": 16,
                                                                  "ID": 17
                                                                },
                                                                {
                                                                  "Node Type": "Hash",
                                                                  "Parent Relationship": "Inner",
                                                                  "Parallel Aware": true,
                                                                  "Async Capable": false,
                                                                  "Startup Cost": 458626.88,
                                                                  "Total Cost": 458626.88,
                                                                  "Plan Rows": 4901,
                                                                  "Plan Width": 32,
                                                                  "Plans": [
                                                                    {
                                                                      "Node Type": "Hash Join",
                                                                      "Parent Relationship": "Outer",
                                                                      "Parallel Aware": false,
                                                                      "Async Capable": false,
                                                                      "Join Type": "Inner",
                                                                      "Startup Cost": 2102.79,
                                                                      "Total Cost": 458626.88,
                                                                      "Plan Rows": 4901,
                                                                      "Plan Width": 32,
                                                                      "Inner Unique": false,
                                                                      "Hash Cond": "(catalog_sales.cs_bill_hdemo_sk = household_demographics.hd_demo_sk)",
                                                                      "Plans": [
                                                                        {
                                                                          "Node Type": "Hash Join",
                                                                          "Parent Relationship": "Outer",
                                                                          "Parallel Aware": true,
                                                                          "Async Capable": false,
                                                                          "Join Type": "Inner",
                                                                          "Startup Cost": 1944.79,
                                                                          "Total Cost": 458308.99,
                                                                          "Plan Rows": 29569,
                                                                          "Plan Width": 36,
                                                                          "Inner Unique": false,
                                                                          "Hash Cond": "(catalog_sales.cs_sold_date_sk = d1.d_date_sk)",
                                                                          "Plans": [
                                                                            {
                                                                              "Node Type": "Seq Scan",
                                                                              "Parent Relationship": "Outer",
                                                                              "Parallel Aware": true,
                                                                              "Async Capable": false,
                                                                              "Relation Name": "catalog_sales",
                                                                              "Alias": "catalog_sales",
                                                                              "Startup Cost": 0.0,
                                                                              "Total Cost": 433688.25,
                                                                              "Plan Rows": 6000525,
                                                                              "Plan Width": 32,
                                                                              "parent": 20,
                                                                              "ID": 21
                                                                            },
                                                                            {
                                                                              "Node Type": "Hash",
                                                                              "Parent Relationship": "Inner",
                                                                              "Parallel Aware": true,
                                                                              "Async Capable": false,
                                                                              "Startup Cost": 1942.12,
                                                                              "Total Cost": 1942.12,
                                                                              "Plan Rows": 213,
                                                                              "Plan Width": 12,
                                                                              "Plans": [
                                                                                {
                                                                                  "Node Type": "Seq Scan",
                                                                                  "Parent Relationship": "Outer",
                                                                                  "Parallel Aware": true,
                                                                                  "Async Capable": false,
                                                                                  "Relation Name": "date_dim",
                                                                                  "Alias": "d1",
                                                                                  "Startup Cost": 0.0,
                                                                                  "Total Cost": 1942.12,
                                                                                  "Plan Rows": 213,
                                                                                  "Plan Width": 12,
                                                                                  "Filter": "(d_year = 2001)",
                                                                                  "parent": 22,
                                                                                  "ID": 23
                                                                                }
                                                                              ],
                                                                              "parent": 20,
                                                                              "ID": 22,
                                                                              "left": 23
                                                                            }
                                                                          ],
                                                                          "parent": 19,
                                                                          "ID": 20,
                                                                          "left": 21,
                                                                          "right": 22
                                                                        },
                                                                        {
                                                                          "Node Type": "Hash",
                                                                          "Parent Relationship": "Inner",
                                                                          "Parallel Aware": false,
                                                                          "Async Capable": false,
                                                                          "Startup Cost": 143.0,
                                                                          "Total Cost": 143.0,
                                                                          "Plan Rows": 1200,
                                                                          "Plan Width": 4,
                                                                          "Plans": [
                                                                            {
                                                                              "Node Type": "Seq Scan",
                                                                              "Parent Relationship": "Outer",
                                                                              "Parallel Aware": false,
                                                                              "Async Capable": false,
                                                                              "Relation Name": "household_demographics",
                                                                              "Alias": "household_demographics",
                                                                              "Startup Cost": 0.0,
                                                                              "Total Cost": 143.0,
                                                                              "Plan Rows": 1200,
                                                                              "Plan Width": 4,
                                                                              "Filter": "(hd_buy_potential = '501-1000'::bpchar)",
                                                                              "parent": 24,
                                                                              "ID": 25
                                                                            }
                                                                          ],
                                                                          "parent": 19,
                                                                          "ID": 24,
                                                                          "left": 25
                                                                        }
                                                                      ],
                                                                      "parent": 18,
                                                                      "ID": 19,
                                                                      "left": 20,
                                                                      "right": 24
                                                                    }
                                                                  ],
                                                                  "parent": 16,
                                                                  "ID": 18,
                                                                  "left": 19
                                                                }
                                                              ],
                                                              "parent": 15,
                                                              "ID": 16,
                                                              "left": 17,
                                                              "right": 18
                                                            }
                                                          ],
                                                          "parent": 13,
                                                          "ID": 15,
                                                          "left": 16
                                                        }
                                                      ],
                                                      "parent": 12,
                                                      "ID": 13,
                                                      "left": 14,
                                                      "right": 15
                                                    },
                                                    {
                                                      "Node Type": "Hash",
                                                      "Parent Relationship": "Inner",
                                                      "Parallel Aware": true,
                                                      "Async Capable": false,
                                                      "Startup Cost": 1834.7,
                                                      "Total Cost": 1834.7,
                                                      "Plan Rows": 42970,
                                                      "Plan Width": 8,
                                                      "Plans": [
                                                        {
                                                          "Node Type": "Seq Scan",
                                                          "Parent Relationship": "Outer",
                                                          "Parallel Aware": true,
                                                          "Async Capable": false,
                                                          "Relation Name": "date_dim",
                                                          "Alias": "d2",
                                                          "Startup Cost": 0.0,
                                                          "Total Cost": 1834.7,
                                                          "Plan Rows": 42970,
                                                          "Plan Width": 8,
                                                          "parent": 26,
                                                          "ID": 27
                                                        }
                                                      ],
                                                      "parent": 12,
                                                      "ID": 26,
                                                      "left": 27
                                                    }
                                                  ],
                                                  "parent": 11,
                                                  "ID": 12,
                                                  "left": 13,
                                                  "right": 26
                                                }
                                              ],
                                              "parent": 10,
                                              "ID": 11,
                                              "left": 12
                                            },
                                            {
                                              "Node Type": "Hash",
                                              "Parent Relationship": "Inner",
                                              "Parallel Aware": false,
                                              "Async Capable": false,
                                              "Startup Cost": 7984.0,
                                              "Total Cost": 7984.0,
                                              "Plan Rows": 102000,
                                              "Plan Width": 106,
                                              "Plans": [
                                                {
                                                  "Node Type": "Seq Scan",
                                                  "Parent Relationship": "Outer",
                                                  "Parallel Aware": false,
                                                  "Async Capable": false,
                                                  "Relation Name": "item",
                                                  "Alias": "item",
                                                  "Startup Cost": 0.0,
                                                  "Total Cost": 7984.0,
                                                  "Plan Rows": 102000,
                                                  "Plan Width": 106,
                                                  "parent": 28,
                                                  "ID": 29
                                                }
                                              ],
                                              "parent": 10,
                                              "ID": 28,
                                              "left": 29
                                            }
                                          ],
                                          "parent": 9,
                                          "ID": 10,
                                          "left": 11,
                                          "right": 28
                                        },
                                        {
                                          "Node Type": "Materialize",
                                          "Parent Relationship": "Inner",
                                          "Parallel Aware": false,
                                          "Async Capable": false,
                                          "Startup Cost": 0.0,
                                          "Total Cost": 1.15,
                                          "Plan Rows": 10,
                                          "Plan Width": 21,
                                          "Plans": [
                                            {
                                              "Node Type": "Seq Scan",
                                              "Parent Relationship": "Outer",
                                              "Parallel Aware": false,
                                              "Async Capable": false,
                                              "Relation Name": "warehouse",
                                              "Alias": "warehouse",
                                              "Startup Cost": 0.0,
                                              "Total Cost": 1.1,
                                              "Plan Rows": 10,
                                              "Plan Width": 21,
                                              "parent": 30,
                                              "ID": 31
                                            }
                                          ],
                                          "parent": 9,
                                          "ID": 30,
                                          "left": 31
                                        }
                                      ],
                                      "parent": 8,
                                      "ID": 9,
                                      "left": 10,
                                      "right": 30
                                    },
                                    {
                                      "Node Type": "Hash",
                                      "Parent Relationship": "Inner",
                                      "Parallel Aware": false,
                                      "Async Capable": false,
                                      "Startup Cost": 2135.49,
                                      "Total Cost": 2135.49,
                                      "Plan Rows": 73049,
                                      "Plan Width": 8,
                                      "Plans": [
                                        {
                                          "Node Type": "Seq Scan",
                                          "Parent Relationship": "Outer",
                                          "Parallel Aware": false,
                                          "Async Capable": false,
                                          "Relation Name": "date_dim",
                                          "Alias": "d3",
                                          "Startup Cost": 0.0,
                                          "Total Cost": 2135.49,
                                          "Plan Rows": 73049,
                                          "Plan Width": 8,
                                          "parent": 32,
                                          "ID": 33
                                        }
                                      ],
                                      "parent": 8,
                                      "ID": 32,
                                      "left": 33
                                    }
                                  ],
                                  "parent": 7,
                                  "ID": 8,
                                  "left": 9,
                                  "right": 32
                                }
                              ],
                              "parent": 5,
                              "ID": 7,
                              "left": 8
                            }
                          ],
                          "parent": 4,
                          "ID": 5,
                          "left": 6,
                          "right": 7
                        },
                        {
                          "Node Type": "Materialize",
                          "Parent Relationship": "Inner",
                          "Parallel Aware": false,
                          "Async Capable": false,
                          "Startup Cost": 0.0,
                          "Total Cost": 20.5,
                          "Plan Rows": 500,
                          "Plan Width": 4,
                          "Plans": [
                            {
                              "Node Type": "Seq Scan",
                              "Parent Relationship": "Outer",
                              "Parallel Aware": false,
                              "Async Capable": false,
                              "Relation Name": "promotion",
                              "Alias": "promotion",
                              "Startup Cost": 0.0,
                              "Total Cost": 18.0,
                              "Plan Rows": 500,
                              "Plan Width": 4,
                              "parent": 34,
                              "ID": 35
                            }
                          ],
                          "parent": 4,
                          "ID": 34,
                          "left": 35
                        }
                      ],
                      "parent": 3,
                      "ID": 4,
                      "left": 5,
                      "right": 34
                    }
                  ],
                  "parent": 2,
                  "ID": 3,
                  "left": 4
                }
              ],
              "parent": 1,
              "ID": 2,
              "left": 3
            }
          ],
          "parent": 0,
          "ID": 1,
          "left": 2
        }
      ],
      "parent": null,
      "ID": 0,
      "left": 1
    },
    "feat": {
      "utility": 8.700632320721075e-06,
      "query_shape": [
        [
          "Seq Scan",
          "Hash Join",
          "Nested Loop",
          "Sort",
          "Aggregate"
        ],
        [
          "Seq Scan",
          "Hash Join",
          "Gather",
          "Nested Loop",
          "Hash",
          "Sort",
          "Aggregate"
        ],
        [
          "Seq Scan",
          "Hash Join",
          "Hash",
          "Gather",
          "Nested Loop",
          "Sort",
          "Aggregate"
        ],
        [
          "Seq Scan",
          "Hash Join",
          "Hash",
          "Gather",
          "Nested Loop",
          "Sort",
          "Aggregate"
        ],
        [
          "Seq Scan",
          "Hash",
          "Hash Join",
          "Gather",
          "Nested Loop",
          "Sort",
          "Aggregate"
        ],
        [
          "Seq Scan",
          "Hash",
          "Hash Join",
          "Gather",
          "Nested Loop",
          "Sort",
          "Aggregate"
        ],
        [
          "Seq Scan",
          "Hash",
          "Hash Join",
          "Gather",
          "Nested Loop",
          "Sort",
          "Aggregate"
        ],
        [
          "Seq Scan",
          "Hash",
          "Hash Join",
          "Nested Loop",
          "Sort",
          "Aggregate"
        ],
        [
          "Seq Scan",
          "Materialize",
          "Nested Loop",
          "Hash Join",
          "Hash",
          "Sort",
          "Aggregate"
        ],
        [
          "Seq Scan",
          "Hash",
          "Hash Join",
          "Nested Loop",
          "Sort",
          "Aggregate"
        ],
        [
          "Seq Scan",
          "Materialize",
          "Nested Loop",
          "Sort",
          "Aggregate"
        ]
      ],
      "index_shape": [
        "join"
      ],
      "physical_operator": {
        "Hash Join": [
          0.004809876131759527
        ]
      }
    }
  },
  {
    "query": "select  i_item_desc\n      ,w_warehouse_name\n      ,d1.d_week_seq\n      ,sum(case when p_promo_sk is null then 1 else 0 end) no_promo\n      ,sum(case when p_promo_sk is not null then 1 else 0 end) promo\n      ,count(*) total_cnt\nfrom catalog_sales\njoin inventory on (cs_item_sk = inv_item_sk)\njoin warehouse on (w_warehouse_sk=inv_warehouse_sk)\njoin item on (i_item_sk = cs_item_sk)\njoin customer_demographics on (cs_bill_cdemo_sk = cd_demo_sk)\njoin household_demographics on (cs_bill_hdemo_sk = hd_demo_sk)\njoin date_dim d1 on (cs_sold_date_sk = d1.d_date_sk)\njoin date_dim d2 on (inv_date_sk = d2.d_date_sk)\njoin date_dim d3 on (cs_ship_date_sk = d3.d_date_sk)\nleft outer join promotion on (cs_promo_sk=p_promo_sk)\nleft outer join catalog_returns on (cr_item_sk = cs_item_sk and cr_order_number = cs_order_number)\nwhere d1.d_week_seq = d2.d_week_seq\n  and inv_quantity_on_hand < cs_quantity \n  and d3.d_date > d1.d_date + 5\n  and hd_buy_potential = '501-1000'\n  and d1.d_year = 2001\n  and cd_marital_status = 'S'\ngroup by i_item_desc,w_warehouse_name,d1.d_week_seq\norder by total_cnt desc, i_item_desc, w_warehouse_name, d_week_seq\nlimit 100;\n\n-- end query 54 in stream 2 using template query72.tpl\n",
    "indexes": "catalog_sales.cs_ship_date_sk",
    "wo plan est": {
      "Node Type": "Limit",
      "Parallel Aware": false,
      "Async Capable": false,
      "Startup Cost": 2058864.31,
      "Total Cost": 2058864.41,
      "Plan Rows": 40,
      "Plan Width": 147,
      "Plans": [
        {
          "Node Type": "Sort",
          "Parent Relationship": "Outer",
          "Parallel Aware": false,
          "Async Capable": false,
          "Startup Cost": 2058864.31,
          "Total Cost": 2058864.41,
          "Plan Rows": 40,
          "Plan Width": 147,
          "Sort Key": [
            "(count(*)) DESC",
            "item.i_item_desc",
            "warehouse.w_warehouse_name",
            "d1.d_week_seq"
          ],
          "Plans": [
            {
              "Node Type": "Aggregate",
              "Strategy": "Sorted",
              "Partial Mode": "Simple",
              "Parent Relationship": "Outer",
              "Parallel Aware": false,
              "Async Capable": false,
              "Startup Cost": 2058862.15,
              "Total Cost": 2058863.25,
              "Plan Rows": 40,
              "Plan Width": 147,
              "Group Key": [
                "item.i_item_desc",
                "warehouse.w_warehouse_name",
                "d1.d_week_seq"
              ],
              "Plans": [
                {
                  "Node Type": "Sort",
                  "Parent Relationship": "Outer",
                  "Parallel Aware": false,
                  "Async Capable": false,
                  "Startup Cost": 2058862.15,
                  "Total Cost": 2058862.25,
                  "Plan Rows": 40,
                  "Plan Width": 127,
                  "Sort Key": [
                    "item.i_item_desc",
                    "warehouse.w_warehouse_name",
                    "d1.d_week_seq"
                  ],
                  "Plans": [
                    {
                      "Node Type": "Nested Loop",
                      "Parent Relationship": "Outer",
                      "Parallel Aware": false,
                      "Async Capable": false,
                      "Join Type": "Left",
                      "Startup Cost": 2004596.21,
                      "Total Cost": 2058861.08,
                      "Plan Rows": 40,
                      "Plan Width": 127,
                      "Inner Unique": false,
                      "Join Filter": "(catalog_sales.cs_promo_sk = promotion.p_promo_sk)",
                      "Plans": [
                        {
                          "Node Type": "Hash Join",
                          "Parent Relationship": "Outer",
                          "Parallel Aware": false,
                          "Async Capable": false,
                          "Join Type": "Right",
                          "Startup Cost": 2004596.21,
                          "Total Cost": 2058541.83,
                          "Plan Rows": 40,
                          "Plan Width": 127,
                          "Inner Unique": false,
                          "Hash Cond": "((catalog_returns.cr_item_sk = catalog_sales.cs_item_sk) AND (catalog_returns.cr_order_number = catalog_sales.cs_order_number))",
                          "Plans": [
                            {
                              "Node Type": "Seq Scan",
                              "Parent Relationship": "Outer",
                              "Parallel Aware": false,
                              "Async Capable": false,
                              "Relation Name": "catalog_returns",
                              "Alias": "catalog_returns",
                              "Startup Cost": 0.0,
                              "Total Cost": 43147.49,
                              "Plan Rows": 1439749,
                              "Plan Width": 8,
                              "parent": 5,
                              "ID": 6
                            },
                            {
                              "Node Type": "Hash",
                              "Parent Relationship": "Inner",
                              "Parallel Aware": false,
                              "Async Capable": false,
                              "Startup Cost": 2004595.61,
                              "Total Cost": 2004595.61,
                              "Plan Rows": 40,
                              "Plan Width": 135,
                              "Plans": [
                                {
                                  "Node Type": "Hash Join",
                                  "Parent Relationship": "Outer",
                                  "Parallel Aware": false,
                                  "Async Capable": false,
                                  "Join Type": "Inner",
                                  "Startup Cost": 508613.25,
                                  "Total Cost": 2004595.61,
                                  "Plan Rows": 40,
                                  "Plan Width": 135,
                                  "Inner Unique": false,
                                  "Hash Cond": "(catalog_sales.cs_ship_date_sk = d3.d_date_sk)",
                                  "Join Filter": "(d3.d_date > (d1.d_date + 5))",
                                  "Plans": [
                                    {
                                      "Node Type": "Nested Loop",
                                      "Parent Relationship": "Outer",
                                      "Parallel Aware": false,
                                      "Async Capable": false,
                                      "Join Type": "Inner",
                                      "Startup Cost": 505564.64,
                                      "Total Cost": 2001544.76,
                                      "Plan Rows": 121,
                                      "Plan Width": 143,
                                      "Inner Unique": false,
                                      "Join Filter": "(inventory.inv_warehouse_sk = warehouse.w_warehouse_sk)",
                                      "Plans": [
                                        {
                                          "Node Type": "Hash Join",
                                          "Parent Relationship": "Outer",
                                          "Parallel Aware": false,
                                          "Async Capable": false,
                                          "Join Type": "Inner",
                                          "Startup Cost": 505564.64,
                                          "Total Cost": 2001525.48,
                                          "Plan Rows": 121,
                                          "Plan Width": 130,
                                          "Inner Unique": false,
                                          "Hash Cond": "(catalog_sales.cs_item_sk = item.i_item_sk)",
                                          "Plans": [
                                            {
                                              "Node Type": "Gather",
                                              "Parent Relationship": "Outer",
                                              "Parallel Aware": false,
                                              "Async Capable": false,
                                              "Startup Cost": 494611.64,
                                              "Total Cost": 1988874.82,
                                              "Plan Rows": 121,
                                              "Plan Width": 32,
                                              "Workers Planned": 2,
                                              "Single Copy": false,
                                              "Plans": [
                                                {
                                                  "Node Type": "Hash Join",
                                                  "Parent Relationship": "Outer",
                                                  "Parallel Aware": true,
                                                  "Async Capable": false,
                                                  "Join Type": "Inner",
                                                  "Startup Cost": 493611.64,
                                                  "Total Cost": 1987862.72,
                                                  "Plan Rows": 50,
                                                  "Plan Width": 32,
                                                  "Inner Unique": false,
                                                  "Hash Cond": "((inventory.inv_date_sk = d2.d_date_sk) AND (d1.d_week_seq = d2.d_week_seq))",
                                                  "Plans": [
                                                    {
                                                      "Node Type": "Hash Join",
                                                      "Parent Relationship": "Outer",
                                                      "Parallel Aware": true,
                                                      "Async Capable": false,
                                                      "Join Type": "Inner",
                                                      "Startup Cost": 491132.39,
                                                      "Total Cost": 1981451.77,
                                                      "Plan Rows": 524186,
                                                      "Plan Width": 36,
                                                      "Inner Unique": false,
                                                      "Hash Cond": "(inventory.inv_item_sk = catalog_sales.cs_item_sk)",
                                                      "Join Filter": "(inventory.inv_quantity_on_hand < catalog_sales.cs_quantity)",
                                                      "Plans": [
                                                        {
                                                          "Node Type": "Seq Scan",
                                                          "Parent Relationship": "Outer",
                                                          "Parallel Aware": true,
                                                          "Async Capable": false,
                                                          "Relation Name": "inventory",
                                                          "Alias": "inventory",
                                                          "Startup Cost": 0.0,
                                                          "Total Cost": 1274139.37,
                                                          "Plan Rows": 55462537,
                                                          "Plan Width": 16,
                                                          "parent": 13,
                                                          "ID": 14
                                                        },
                                                        {
                                                          "Node Type": "Hash",
                                                          "Parent Relationship": "Inner",
                                                          "Parallel Aware": true,
                                                          "Async Capable": false,
                                                          "Startup Cost": 491120.29,
                                                          "Total Cost": 491120.29,
                                                          "Plan Rows": 968,
                                                          "Plan Width": 28,
                                                          "Plans": [
                                                            {
                                                              "Node Type": "Hash Join",
                                                              "Parent Relationship": "Outer",
                                                              "Parallel Aware": true,
                                                              "Async Capable": false,
                                                              "Join Type": "Inner",
                                                              "Startup Cost": 458688.15,
                                                              "Total Cost": 491120.29,
                                                              "Plan Rows": 968,
                                                              "Plan Width": 28,
                                                              "Inner Unique": false,
                                                              "Hash Cond": "(customer_demographics.cd_demo_sk = catalog_sales.cs_bill_cdemo_sk)",
                                                              "Plans": [
                                                                {
                                                                  "Node Type": "Seq Scan",
                                                                  "Parent Relationship": "Outer",
                                                                  "Parallel Aware": true,
                                                                  "Async Capable": false,
                                                                  "Relation Name": "customer_demographics",
                                                                  "Alias": "customer_demographics",
                                                                  "Startup Cost": 0.0,
                                                                  "Total Cost": 31832.17,
                                                                  "Plan Rows": 158920,
                                                                  "Plan Width": 4,
                                                                  "Filter": "(cd_marital_status = 'S'::bpchar)",
                                                                  "parent": 16,
                                                                  "ID": 17
                                                                },
                                                                {
                                                                  "Node Type": "Hash",
                                                                  "Parent Relationship": "Inner",
                                                                  "Parallel Aware": true,
                                                                  "Async Capable": false,
                                                                  "Startup Cost": 458626.88,
                                                                  "Total Cost": 458626.88,
                                                                  "Plan Rows": 4901,
                                                                  "Plan Width": 32,
                                                                  "Plans": [
                                                                    {
                                                                      "Node Type": "Hash Join",
                                                                      "Parent Relationship": "Outer",
                                                                      "Parallel Aware": false,
                                                                      "Async Capable": false,
                                                                      "Join Type": "Inner",
                                                                      "Startup Cost": 2102.79,
                                                                      "Total Cost": 458626.88,
                                                                      "Plan Rows": 4901,
                                                                      "Plan Width": 32,
                                                                      "Inner Unique": false,
                                                                      "Hash Cond": "(catalog_sales.cs_bill_hdemo_sk = household_demographics.hd_demo_sk)",
                                                                      "Plans": [
                                                                        {
                                                                          "Node Type": "Hash Join",
                                                                          "Parent Relationship": "Outer",
                                                                          "Parallel Aware": true,
                                                                          "Async Capable": false,
                                                                          "Join Type": "Inner",
                                                                          "Startup Cost": 1944.79,
                                                                          "Total Cost": 458308.99,
                                                                          "Plan Rows": 29569,
                                                                          "Plan Width": 36,
                                                                          "Inner Unique": false,
                                                                          "Hash Cond": "(catalog_sales.cs_sold_date_sk = d1.d_date_sk)",
                                                                          "Plans": [
                                                                            {
                                                                              "Node Type": "Seq Scan",
                                                                              "Parent Relationship": "Outer",
                                                                              "Parallel Aware": true,
                                                                              "Async Capable": false,
                                                                              "Relation Name": "catalog_sales",
                                                                              "Alias": "catalog_sales",
                                                                              "Startup Cost": 0.0,
                                                                              "Total Cost": 433688.25,
                                                                              "Plan Rows": 6000525,
                                                                              "Plan Width": 32,
                                                                              "parent": 20,
                                                                              "ID": 21
                                                                            },
                                                                            {
                                                                              "Node Type": "Hash",
                                                                              "Parent Relationship": "Inner",
                                                                              "Parallel Aware": true,
                                                                              "Async Capable": false,
                                                                              "Startup Cost": 1942.12,
                                                                              "Total Cost": 1942.12,
                                                                              "Plan Rows": 213,
                                                                              "Plan Width": 12,
                                                                              "Plans": [
                                                                                {
                                                                                  "Node Type": "Seq Scan",
                                                                                  "Parent Relationship": "Outer",
                                                                                  "Parallel Aware": true,
                                                                                  "Async Capable": false,
                                                                                  "Relation Name": "date_dim",
                                                                                  "Alias": "d1",
                                                                                  "Startup Cost": 0.0,
                                                                                  "Total Cost": 1942.12,
                                                                                  "Plan Rows": 213,
                                                                                  "Plan Width": 12,
                                                                                  "Filter": "(d_year = 2001)",
                                                                                  "parent": 22,
                                                                                  "ID": 23
                                                                                }
                                                                              ],
                                                                              "parent": 20,
                                                                              "ID": 22,
                                                                              "left": 23
                                                                            }
                                                                          ],
                                                                          "parent": 19,
                                                                          "ID": 20,
                                                                          "left": 21,
                                                                          "right": 22
                                                                        },
                                                                        {
                                                                          "Node Type": "Hash",
                                                                          "Parent Relationship": "Inner",
                                                                          "Parallel Aware": false,
                                                                          "Async Capable": false,
                                                                          "Startup Cost": 143.0,
                                                                          "Total Cost": 143.0,
                                                                          "Plan Rows": 1200,
                                                                          "Plan Width": 4,
                                                                          "Plans": [
                                                                            {
                                                                              "Node Type": "Seq Scan",
                                                                              "Parent Relationship": "Outer",
                                                                              "Parallel Aware": false,
                                                                              "Async Capable": false,
                                                                              "Relation Name": "household_demographics",
                                                                              "Alias": "household_demographics",
                                                                              "Startup Cost": 0.0,
                                                                              "Total Cost": 143.0,
                                                                              "Plan Rows": 1200,
                                                                              "Plan Width": 4,
                                                                              "Filter": "(hd_buy_potential = '501-1000'::bpchar)",
                                                                              "parent": 24,
                                                                              "ID": 25
                                                                            }
                                                                          ],
                                                                          "parent": 19,
                                                                          "ID": 24,
                                                                          "left": 25
                                                                        }
                                                                      ],
                                                                      "parent": 18,
                                                                      "ID": 19,
                                                                      "left": 20,
                                                                      "right": 24
                                                                    }
                                                                  ],
                                                                  "parent": 16,
                                                                  "ID": 18,
                                                                  "left": 19
                                                                }
                                                              ],
                                                              "parent": 15,
                                                              "ID": 16,
                                                              "left": 17,
                                                              "right": 18
                                                            }
                                                          ],
                                                          "parent": 13,
                                                          "ID": 15,
                                                          "left": 16
                                                        }
                                                      ],
                                                      "parent": 12,
                                                      "ID": 13,
                                                      "left": 14,
                                                      "right": 15
                                                    },
                                                    {
                                                      "Node Type": "Hash",
                                                      "Parent Relationship": "Inner",
                                                      "Parallel Aware": true,
                                                      "Async Capable": false,
                                                      "Startup Cost": 1834.7,
                                                      "Total Cost": 1834.7,
                                                      "Plan Rows": 42970,
                                                      "Plan Width": 8,
                                                      "Plans": [
                                                        {
                                                          "Node Type": "Seq Scan",
                                                          "Parent Relationship": "Outer",
                                                          "Parallel Aware": true,
                                                          "Async Capable": false,
                                                          "Relation Name": "date_dim",
                                                          "Alias": "d2",
                                                          "Startup Cost": 0.0,
                                                          "Total Cost": 1834.7,
                                                          "Plan Rows": 42970,
                                                          "Plan Width": 8,
                                                          "parent": 26,
                                                          "ID": 27
                                                        }
                                                      ],
                                                      "parent": 12,
                                                      "ID": 26,
                                                      "left": 27
                                                    }
                                                  ],
                                                  "parent": 11,
                                                  "ID": 12,
                                                  "left": 13,
                                                  "right": 26
                                                }
                                              ],
                                              "parent": 10,
                                              "ID": 11,
                                              "left": 12
                                            },
                                            {
                                              "Node Type": "Hash",
                                              "Parent Relationship": "Inner",
                                              "Parallel Aware": false,
                                              "Async Capable": false,
                                              "Startup Cost": 7984.0,
                                              "Total Cost": 7984.0,
                                              "Plan Rows": 102000,
                                              "Plan Width": 106,
                                              "Plans": [
                                                {
                                                  "Node Type": "Seq Scan",
                                                  "Parent Relationship": "Outer",
                                                  "Parallel Aware": false,
                                                  "Async Capable": false,
                                                  "Relation Name": "item",
                                                  "Alias": "item",
                                                  "Startup Cost": 0.0,
                                                  "Total Cost": 7984.0,
                                                  "Plan Rows": 102000,
                                                  "Plan Width": 106,
                                                  "parent": 28,
                                                  "ID": 29
                                                }
                                              ],
                                              "parent": 10,
                                              "ID": 28,
                                              "left": 29
                                            }
                                          ],
                                          "parent": 9,
                                          "ID": 10,
                                          "left": 11,
                                          "right": 28
                                        },
                                        {
                                          "Node Type": "Materialize",
                                          "Parent Relationship": "Inner",
                                          "Parallel Aware": false,
                                          "Async Capable": false,
                                          "Startup Cost": 0.0,
                                          "Total Cost": 1.15,
                                          "Plan Rows": 10,
                                          "Plan Width": 21,
                                          "Plans": [
                                            {
                                              "Node Type": "Seq Scan",
                                              "Parent Relationship": "Outer",
                                              "Parallel Aware": false,
                                              "Async Capable": false,
                                              "Relation Name": "warehouse",
                                              "Alias": "warehouse",
                                              "Startup Cost": 0.0,
                                              "Total Cost": 1.1,
                                              "Plan Rows": 10,
                                              "Plan Width": 21,
                                              "parent": 30,
                                              "ID": 31
                                            }
                                          ],
                                          "parent": 9,
                                          "ID": 30,
                                          "left": 31
                                        }
                                      ],
                                      "parent": 8,
                                      "ID": 9,
                                      "left": 10,
                                      "right": 30
                                    },
                                    {
                                      "Node Type": "Hash",
                                      "Parent Relationship": "Inner",
                                      "Parallel Aware": false,
                                      "Async Capable": false,
                                      "Startup Cost": 2135.49,
                                      "Total Cost": 2135.49,
                                      "Plan Rows": 73049,
                                      "Plan Width": 8,
                                      "Plans": [
                                        {
                                          "Node Type": "Seq Scan",
                                          "Parent Relationship": "Outer",
                                          "Parallel Aware": false,
                                          "Async Capable": false,
                                          "Relation Name": "date_dim",
                                          "Alias": "d3",
                                          "Startup Cost": 0.0,
                                          "Total Cost": 2135.49,
                                          "Plan Rows": 73049,
                                          "Plan Width": 8,
                                          "parent": 32,
                                          "ID": 33
                                        }
                                      ],
                                      "parent": 8,
                                      "ID": 32,
                                      "left": 33
                                    }
                                  ],
                                  "parent": 7,
                                  "ID": 8,
                                  "left": 9,
                                  "right": 32
                                }
                              ],
                              "parent": 5,
                              "ID": 7,
                              "left": 8
                            }
                          ],
                          "parent": 4,
                          "ID": 5,
                          "left": 6,
                          "right": 7
                        },
                        {
                          "Node Type": "Materialize",
                          "Parent Relationship": "Inner",
                          "Parallel Aware": false,
                          "Async Capable": false,
                          "Startup Cost": 0.0,
                          "Total Cost": 20.5,
                          "Plan Rows": 500,
                          "Plan Width": 4,
                          "Plans": [
                            {
                              "Node Type": "Seq Scan",
                              "Parent Relationship": "Outer",
                              "Parallel Aware": false,
                              "Async Capable": false,
                              "Relation Name": "promotion",
                              "Alias": "promotion",
                              "Startup Cost": 0.0,
                              "Total Cost": 18.0,
                              "Plan Rows": 500,
                              "Plan Width": 4,
                              "parent": 34,
                              "ID": 35
                            }
                          ],
                          "parent": 4,
                          "ID": 34,
                          "left": 35
                        }
                      ],
                      "parent": 3,
                      "ID": 4,
                      "left": 5,
                      "right": 34
                    }
                  ],
                  "parent": 2,
                  "ID": 3,
                  "left": 4
                }
              ],
              "parent": 1,
              "ID": 2,
              "left": 3
            }
          ],
          "parent": 0,
          "ID": 1,
          "left": 2
        }
      ],
      "parent": null,
      "ID": 0,
      "left": 1
    },
    "feat": {
      "utility": 8.724085173566072e-06,
      "query_shape": [
        [
          "Seq Scan",
          "Hash Join",
          "Nested Loop",
          "Sort",
          "Aggregate"
        ],
        [
          "Seq Scan",
          "Hash Join",
          "Gather",
          "Nested Loop",
          "Hash",
          "Sort",
          "Aggregate"
        ],
        [
          "Seq Scan",
          "Hash Join",
          "Hash",
          "Gather",
          "Nested Loop",
          "Sort",
          "Aggregate"
        ],
        [
          "Seq Scan",
          "Hash Join",
          "Hash",
          "Gather",
          "Nested Loop",
          "Sort",
          "Aggregate"
        ],
        [
          "Seq Scan",
          "Hash",
          "Hash Join",
          "Gather",
          "Nested Loop",
          "Sort",
          "Aggregate"
        ],
        [
          "Seq Scan",
          "Hash",
          "Hash Join",
          "Gather",
          "Nested Loop",
          "Sort",
          "Aggregate"
        ],
        [
          "Seq Scan",
          "Hash",
          "Hash Join",
          "Gather",
          "Nested Loop",
          "Sort",
          "Aggregate"
        ],
        [
          "Seq Scan",
          "Hash",
          "Hash Join",
          "Nested Loop",
          "Sort",
          "Aggregate"
        ],
        [
          "Seq Scan",
          "Materialize",
          "Nested Loop",
          "Hash Join",
          "Hash",
          "Sort",
          "Aggregate"
        ],
        [
          "Seq Scan",
          "Hash",
          "Hash Join",
          "Nested Loop",
          "Sort",
          "Aggregate"
        ],
        [
          "Seq Scan",
          "Materialize",
          "Nested Loop",
          "Sort",
          "Aggregate"
        ]
      ],
      "index_shape": [
        "join"
      ],
      "physical_operator": {
        "Hash Join": [
          0.002127307018674597
        ]
      }
    }
  },
  {
    "query": "select  i_item_desc\n      ,w_warehouse_name\n      ,d1.d_week_seq\n      ,sum(case when p_promo_sk is null then 1 else 0 end) no_promo\n      ,sum(case when p_promo_sk is not null then 1 else 0 end) promo\n      ,count(*) total_cnt\nfrom catalog_sales\njoin inventory on (cs_item_sk = inv_item_sk)\njoin warehouse on (w_warehouse_sk=inv_warehouse_sk)\njoin item on (i_item_sk = cs_item_sk)\njoin customer_demographics on (cs_bill_cdemo_sk = cd_demo_sk)\njoin household_demographics on (cs_bill_hdemo_sk = hd_demo_sk)\njoin date_dim d1 on (cs_sold_date_sk = d1.d_date_sk)\njoin date_dim d2 on (inv_date_sk = d2.d_date_sk)\njoin date_dim d3 on (cs_ship_date_sk = d3.d_date_sk)\nleft outer join promotion on (cs_promo_sk=p_promo_sk)\nleft outer join catalog_returns on (cr_item_sk = cs_item_sk and cr_order_number = cs_order_number)\nwhere d1.d_week_seq = d2.d_week_seq\n  and inv_quantity_on_hand < cs_quantity \n  and d3.d_date > d1.d_date + 5\n  and hd_buy_potential = '501-1000'\n  and d1.d_year = 2001\n  and cd_marital_status = 'S'\ngroup by i_item_desc,w_warehouse_name,d1.d_week_seq\norder by total_cnt desc, i_item_desc, w_warehouse_name, d_week_seq\nlimit 100;\n\n-- end query 54 in stream 2 using template query72.tpl\n",
    "indexes": "catalog_sales.cs_bill_cdemo_sk",
    "wo plan est": {
      "Node Type": "Limit",
      "Parallel Aware": false,
      "Async Capable": false,
      "Startup Cost": 2058864.31,
      "Total Cost": 2058864.41,
      "Plan Rows": 40,
      "Plan Width": 147,
      "Plans": [
        {
          "Node Type": "Sort",
          "Parent Relationship": "Outer",
          "Parallel Aware": false,
          "Async Capable": false,
          "Startup Cost": 2058864.31,
          "Total Cost": 2058864.41,
          "Plan Rows": 40,
          "Plan Width": 147,
          "Sort Key": [
            "(count(*)) DESC",
            "item.i_item_desc",
            "warehouse.w_warehouse_name",
            "d1.d_week_seq"
          ],
          "Plans": [
            {
              "Node Type": "Aggregate",
              "Strategy": "Sorted",
              "Partial Mode": "Simple",
              "Parent Relationship": "Outer",
              "Parallel Aware": false,
              "Async Capable": false,
              "Startup Cost": 2058862.15,
              "Total Cost": 2058863.25,
              "Plan Rows": 40,
              "Plan Width": 147,
              "Group Key": [
                "item.i_item_desc",
                "warehouse.w_warehouse_name",
                "d1.d_week_seq"
              ],
              "Plans": [
                {
                  "Node Type": "Sort",
                  "Parent Relationship": "Outer",
                  "Parallel Aware": false,
                  "Async Capable": false,
                  "Startup Cost": 2058862.15,
                  "Total Cost": 2058862.25,
                  "Plan Rows": 40,
                  "Plan Width": 127,
                  "Sort Key": [
                    "item.i_item_desc",
                    "warehouse.w_warehouse_name",
                    "d1.d_week_seq"
                  ],
                  "Plans": [
                    {
                      "Node Type": "Nested Loop",
                      "Parent Relationship": "Outer",
                      "Parallel Aware": false,
                      "Async Capable": false,
                      "Join Type": "Left",
                      "Startup Cost": 2004596.21,
                      "Total Cost": 2058861.08,
                      "Plan Rows": 40,
                      "Plan Width": 127,
                      "Inner Unique": false,
                      "Join Filter": "(catalog_sales.cs_promo_sk = promotion.p_promo_sk)",
                      "Plans": [
                        {
                          "Node Type": "Hash Join",
                          "Parent Relationship": "Outer",
                          "Parallel Aware": false,
                          "Async Capable": false,
                          "Join Type": "Right",
                          "Startup Cost": 2004596.21,
                          "Total Cost": 2058541.83,
                          "Plan Rows": 40,
                          "Plan Width": 127,
                          "Inner Unique": false,
                          "Hash Cond": "((catalog_returns.cr_item_sk = catalog_sales.cs_item_sk) AND (catalog_returns.cr_order_number = catalog_sales.cs_order_number))",
                          "Plans": [
                            {
                              "Node Type": "Seq Scan",
                              "Parent Relationship": "Outer",
                              "Parallel Aware": false,
                              "Async Capable": false,
                              "Relation Name": "catalog_returns",
                              "Alias": "catalog_returns",
                              "Startup Cost": 0.0,
                              "Total Cost": 43147.49,
                              "Plan Rows": 1439749,
                              "Plan Width": 8,
                              "parent": 5,
                              "ID": 6
                            },
                            {
                              "Node Type": "Hash",
                              "Parent Relationship": "Inner",
                              "Parallel Aware": false,
                              "Async Capable": false,
                              "Startup Cost": 2004595.61,
                              "Total Cost": 2004595.61,
                              "Plan Rows": 40,
                              "Plan Width": 135,
                              "Plans": [
                                {
                                  "Node Type": "Hash Join",
                                  "Parent Relationship": "Outer",
                                  "Parallel Aware": false,
                                  "Async Capable": false,
                                  "Join Type": "Inner",
                                  "Startup Cost": 508613.25,
                                  "Total Cost": 2004595.61,
                                  "Plan Rows": 40,
                                  "Plan Width": 135,
                                  "Inner Unique": false,
                                  "Hash Cond": "(catalog_sales.cs_ship_date_sk = d3.d_date_sk)",
                                  "Join Filter": "(d3.d_date > (d1.d_date + 5))",
                                  "Plans": [
                                    {
                                      "Node Type": "Nested Loop",
                                      "Parent Relationship": "Outer",
                                      "Parallel Aware": false,
                                      "Async Capable": false,
                                      "Join Type": "Inner",
                                      "Startup Cost": 505564.64,
                                      "Total Cost": 2001544.76,
                                      "Plan Rows": 121,
                                      "Plan Width": 143,
                                      "Inner Unique": false,
                                      "Join Filter": "(inventory.inv_warehouse_sk = warehouse.w_warehouse_sk)",
                                      "Plans": [
                                        {
                                          "Node Type": "Hash Join",
                                          "Parent Relationship": "Outer",
                                          "Parallel Aware": false,
                                          "Async Capable": false,
                                          "Join Type": "Inner",
                                          "Startup Cost": 505564.64,
                                          "Total Cost": 2001525.48,
                                          "Plan Rows": 121,
                                          "Plan Width": 130,
                                          "Inner Unique": false,
                                          "Hash Cond": "(catalog_sales.cs_item_sk = item.i_item_sk)",
                                          "Plans": [
                                            {
                                              "Node Type": "Gather",
                                              "Parent Relationship": "Outer",
                                              "Parallel Aware": false,
                                              "Async Capable": false,
                                              "Startup Cost": 494611.64,
                                              "Total Cost": 1988874.82,
                                              "Plan Rows": 121,
                                              "Plan Width": 32,
                                              "Workers Planned": 2,
                                              "Single Copy": false,
                                              "Plans": [
                                                {
                                                  "Node Type": "Hash Join",
                                                  "Parent Relationship": "Outer",
                                                  "Parallel Aware": true,
                                                  "Async Capable": false,
                                                  "Join Type": "Inner",
                                                  "Startup Cost": 493611.64,
                                                  "Total Cost": 1987862.72,
                                                  "Plan Rows": 50,
                                                  "Plan Width": 32,
                                                  "Inner Unique": false,
                                                  "Hash Cond": "((inventory.inv_date_sk = d2.d_date_sk) AND (d1.d_week_seq = d2.d_week_seq))",
                                                  "Plans": [
                                                    {
                                                      "Node Type": "Hash Join",
                                                      "Parent Relationship": "Outer",
                                                      "Parallel Aware": true,
                                                      "Async Capable": false,
                                                      "Join Type": "Inner",
                                                      "Startup Cost": 491132.39,
                                                      "Total Cost": 1981451.77,
                                                      "Plan Rows": 524186,
                                                      "Plan Width": 36,
                                                      "Inner Unique": false,
                                                      "Hash Cond": "(inventory.inv_item_sk = catalog_sales.cs_item_sk)",
                                                      "Join Filter": "(inventory.inv_quantity_on_hand < catalog_sales.cs_quantity)",
                                                      "Plans": [
                                                        {
                                                          "Node Type": "Seq Scan",
                                                          "Parent Relationship": "Outer",
                                                          "Parallel Aware": true,
                                                          "Async Capable": false,
                                                          "Relation Name": "inventory",
                                                          "Alias": "inventory",
                                                          "Startup Cost": 0.0,
                                                          "Total Cost": 1274139.37,
                                                          "Plan Rows": 55462537,
                                                          "Plan Width": 16,
                                                          "parent": 13,
                                                          "ID": 14
                                                        },
                                                        {
                                                          "Node Type": "Hash",
                                                          "Parent Relationship": "Inner",
                                                          "Parallel Aware": true,
                                                          "Async Capable": false,
                                                          "Startup Cost": 491120.29,
                                                          "Total Cost": 491120.29,
                                                          "Plan Rows": 968,
                                                          "Plan Width": 28,
                                                          "Plans": [
                                                            {
                                                              "Node Type": "Hash Join",
                                                              "Parent Relationship": "Outer",
                                                              "Parallel Aware": true,
                                                              "Async Capable": false,
                                                              "Join Type": "Inner",
                                                              "Startup Cost": 458688.15,
                                                              "Total Cost": 491120.29,
                                                              "Plan Rows": 968,
                                                              "Plan Width": 28,
                                                              "Inner Unique": false,
                                                              "Hash Cond": "(customer_demographics.cd_demo_sk = catalog_sales.cs_bill_cdemo_sk)",
                                                              "Plans": [
                                                                {
                                                                  "Node Type": "Seq Scan",
                                                                  "Parent Relationship": "Outer",
                                                                  "Parallel Aware": true,
                                                                  "Async Capable": false,
                                                                  "Relation Name": "customer_demographics",
                                                                  "Alias": "customer_demographics",
                                                                  "Startup Cost": 0.0,
                                                                  "Total Cost": 31832.17,
                                                                  "Plan Rows": 158920,
                                                                  "Plan Width": 4,
                                                                  "Filter": "(cd_marital_status = 'S'::bpchar)",
                                                                  "parent": 16,
                                                                  "ID": 17
                                                                },
                                                                {
                                                                  "Node Type": "Hash",
                                                                  "Parent Relationship": "Inner",
                                                                  "Parallel Aware": true,
                                                                  "Async Capable": false,
                                                                  "Startup Cost": 458626.88,
                                                                  "Total Cost": 458626.88,
                                                                  "Plan Rows": 4901,
                                                                  "Plan Width": 32,
                                                                  "Plans": [
                                                                    {
                                                                      "Node Type": "Hash Join",
                                                                      "Parent Relationship": "Outer",
                                                                      "Parallel Aware": false,
                                                                      "Async Capable": false,
                                                                      "Join Type": "Inner",
                                                                      "Startup Cost": 2102.79,
                                                                      "Total Cost": 458626.88,
                                                                      "Plan Rows": 4901,
                                                                      "Plan Width": 32,
                                                                      "Inner Unique": false,
                                                                      "Hash Cond": "(catalog_sales.cs_bill_hdemo_sk = household_demographics.hd_demo_sk)",
                                                                      "Plans": [
                                                                        {
                                                                          "Node Type": "Hash Join",
                                                                          "Parent Relationship": "Outer",
                                                                          "Parallel Aware": true,
                                                                          "Async Capable": false,
                                                                          "Join Type": "Inner",
                                                                          "Startup Cost": 1944.79,
                                                                          "Total Cost": 458308.99,
                                                                          "Plan Rows": 29569,
                                                                          "Plan Width": 36,
                                                                          "Inner Unique": false,
                                                                          "Hash Cond": "(catalog_sales.cs_sold_date_sk = d1.d_date_sk)",
                                                                          "Plans": [
                                                                            {
                                                                              "Node Type": "Seq Scan",
                                                                              "Parent Relationship": "Outer",
                                                                              "Parallel Aware": true,
                                                                              "Async Capable": false,
                                                                              "Relation Name": "catalog_sales",
                                                                              "Alias": "catalog_sales",
                                                                              "Startup Cost": 0.0,
                                                                              "Total Cost": 433688.25,
                                                                              "Plan Rows": 6000525,
                                                                              "Plan Width": 32,
                                                                              "parent": 20,
                                                                              "ID": 21
                                                                            },
                                                                            {
                                                                              "Node Type": "Hash",
                                                                              "Parent Relationship": "Inner",
                                                                              "Parallel Aware": true,
                                                                              "Async Capable": false,
                                                                              "Startup Cost": 1942.12,
                                                                              "Total Cost": 1942.12,
                                                                              "Plan Rows": 213,
                                                                              "Plan Width": 12,
                                                                              "Plans": [
                                                                                {
                                                                                  "Node Type": "Seq Scan",
                                                                                  "Parent Relationship": "Outer",
                                                                                  "Parallel Aware": true,
                                                                                  "Async Capable": false,
                                                                                  "Relation Name": "date_dim",
                                                                                  "Alias": "d1",
                                                                                  "Startup Cost": 0.0,
                                                                                  "Total Cost": 1942.12,
                                                                                  "Plan Rows": 213,
                                                                                  "Plan Width": 12,
                                                                                  "Filter": "(d_year = 2001)",
                                                                                  "parent": 22,
                                                                                  "ID": 23
                                                                                }
                                                                              ],
                                                                              "parent": 20,
                                                                              "ID": 22,
                                                                              "left": 23
                                                                            }
                                                                          ],
                                                                          "parent": 19,
                                                                          "ID": 20,
                                                                          "left": 21,
                                                                          "right": 22
                                                                        },
                                                                        {
                                                                          "Node Type": "Hash",
                                                                          "Parent Relationship": "Inner",
                                                                          "Parallel Aware": false,
                                                                          "Async Capable": false,
                                                                          "Startup Cost": 143.0,
                                                                          "Total Cost": 143.0,
                                                                          "Plan Rows": 1200,
                                                                          "Plan Width": 4,
                                                                          "Plans": [
                                                                            {
                                                                              "Node Type": "Seq Scan",
                                                                              "Parent Relationship": "Outer",
                                                                              "Parallel Aware": false,
                                                                              "Async Capable": false,
                                                                              "Relation Name": "household_demographics",
                                                                              "Alias": "household_demographics",
                                                                              "Startup Cost": 0.0,
                                                                              "Total Cost": 143.0,
                                                                              "Plan Rows": 1200,
                                                                              "Plan Width": 4,
                                                                              "Filter": "(hd_buy_potential = '501-1000'::bpchar)",
                                                                              "parent": 24,
                                                                              "ID": 25
                                                                            }
                                                                          ],
                                                                          "parent": 19,
                                                                          "ID": 24,
                                                                          "left": 25
                                                                        }
                                                                      ],
                                                                      "parent": 18,
                                                                      "ID": 19,
                                                                      "left": 20,
                                                                      "right": 24
                                                                    }
                                                                  ],
                                                                  "parent": 16,
                                                                  "ID": 18,
                                                                  "left": 19
                                                                }
                                                              ],
                                                              "parent": 15,
                                                              "ID": 16,
                                                              "left": 17,
                                                              "right": 18
                                                            }
                                                          ],
                                                          "parent": 13,
                                                          "ID": 15,
                                                          "left": 16
                                                        }
                                                      ],
                                                      "parent": 12,
                                                      "ID": 13,
                                                      "left": 14,
                                                      "right": 15
                                                    },
                                                    {
                                                      "Node Type": "Hash",
                                                      "Parent Relationship": "Inner",
                                                      "Parallel Aware": true,
                                                      "Async Capable": false,
                                                      "Startup Cost": 1834.7,
                                                      "Total Cost": 1834.7,
                                                      "Plan Rows": 42970,
                                                      "Plan Width": 8,
                                                      "Plans": [
                                                        {
                                                          "Node Type": "Seq Scan",
                                                          "Parent Relationship": "Outer",
                                                          "Parallel Aware": true,
                                                          "Async Capable": false,
                                                          "Relation Name": "date_dim",
                                                          "Alias": "d2",
                                                          "Startup Cost": 0.0,
                                                          "Total Cost": 1834.7,
                                                          "Plan Rows": 42970,
                                                          "Plan Width": 8,
                                                          "parent": 26,
                                                          "ID": 27
                                                        }
                                                      ],
                                                      "parent": 12,
                                                      "ID": 26,
                                                      "left": 27
                                                    }
                                                  ],
                                                  "parent": 11,
                                                  "ID": 12,
                                                  "left": 13,
                                                  "right": 26
                                                }
                                              ],
                                              "parent": 10,
                                              "ID": 11,
                                              "left": 12
                                            },
                                            {
                                              "Node Type": "Hash",
                                              "Parent Relationship": "Inner",
                                              "Parallel Aware": false,
                                              "Async Capable": false,
                                              "Startup Cost": 7984.0,
                                              "Total Cost": 7984.0,
                                              "Plan Rows": 102000,
                                              "Plan Width": 106,
                                              "Plans": [
                                                {
                                                  "Node Type": "Seq Scan",
                                                  "Parent Relationship": "Outer",
                                                  "Parallel Aware": false,
                                                  "Async Capable": false,
                                                  "Relation Name": "item",
                                                  "Alias": "item",
                                                  "Startup Cost": 0.0,
                                                  "Total Cost": 7984.0,
                                                  "Plan Rows": 102000,
                                                  "Plan Width": 106,
                                                  "parent": 28,
                                                  "ID": 29
                                                }
                                              ],
                                              "parent": 10,
                                              "ID": 28,
                                              "left": 29
                                            }
                                          ],
                                          "parent": 9,
                                          "ID": 10,
                                          "left": 11,
                                          "right": 28
                                        },
                                        {
                                          "Node Type": "Materialize",
                                          "Parent Relationship": "Inner",
                                          "Parallel Aware": false,
                                          "Async Capable": false,
                                          "Startup Cost": 0.0,
                                          "Total Cost": 1.15,
                                          "Plan Rows": 10,
                                          "Plan Width": 21,
                                          "Plans": [
                                            {
                                              "Node Type": "Seq Scan",
                                              "Parent Relationship": "Outer",
                                              "Parallel Aware": false,
                                              "Async Capable": false,
                                              "Relation Name": "warehouse",
                                              "Alias": "warehouse",
                                              "Startup Cost": 0.0,
                                              "Total Cost": 1.1,
                                              "Plan Rows": 10,
                                              "Plan Width": 21,
                                              "parent": 30,
                                              "ID": 31
                                            }
                                          ],
                                          "parent": 9,
                                          "ID": 30,
                                          "left": 31
                                        }
                                      ],
                                      "parent": 8,
                                      "ID": 9,
                                      "left": 10,
                                      "right": 30
                                    },
                                    {
                                      "Node Type": "Hash",
                                      "Parent Relationship": "Inner",
                                      "Parallel Aware": false,
                                      "Async Capable": false,
                                      "Startup Cost": 2135.49,
                                      "Total Cost": 2135.49,
                                      "Plan Rows": 73049,
                                      "Plan Width": 8,
                                      "Plans": [
                                        {
                                          "Node Type": "Seq Scan",
                                          "Parent Relationship": "Outer",
                                          "Parallel Aware": false,
                                          "Async Capable": false,
                                          "Relation Name": "date_dim",
                                          "Alias": "d3",
                                          "Startup Cost": 0.0,
                                          "Total Cost": 2135.49,
                                          "Plan Rows": 73049,
                                          "Plan Width": 8,
                                          "parent": 32,
                                          "ID": 33
                                        }
                                      ],
                                      "parent": 8,
                                      "ID": 32,
                                      "left": 33
                                    }
                                  ],
                                  "parent": 7,
                                  "ID": 8,
                                  "left": 9,
                                  "right": 32
                                }
                              ],
                              "parent": 5,
                              "ID": 7,
                              "left": 8
                            }
                          ],
                          "parent": 4,
                          "ID": 5,
                          "left": 6,
                          "right": 7
                        },
                        {
                          "Node Type": "Materialize",
                          "Parent Relationship": "Inner",
                          "Parallel Aware": false,
                          "Async Capable": false,
                          "Startup Cost": 0.0,
                          "Total Cost": 20.5,
                          "Plan Rows": 500,
                          "Plan Width": 4,
                          "Plans": [
                            {
                              "Node Type": "Seq Scan",
                              "Parent Relationship": "Outer",
                              "Parallel Aware": false,
                              "Async Capable": false,
                              "Relation Name": "promotion",
                              "Alias": "promotion",
                              "Startup Cost": 0.0,
                              "Total Cost": 18.0,
                              "Plan Rows": 500,
                              "Plan Width": 4,
                              "parent": 34,
                              "ID": 35
                            }
                          ],
                          "parent": 4,
                          "ID": 34,
                          "left": 35
                        }
                      ],
                      "parent": 3,
                      "ID": 4,
                      "left": 5,
                      "right": 34
                    }
                  ],
                  "parent": 2,
                  "ID": 3,
                  "left": 4
                }
              ],
              "parent": 1,
              "ID": 2,
              "left": 3
            }
          ],
          "parent": 0,
          "ID": 1,
          "left": 2
        }
      ],
      "parent": null,
      "ID": 0,
      "left": 1
    },
    "feat": {
      "utility": 8.732936998038853e-06,
      "query_shape": [
        [
          "Seq Scan",
          "Hash Join",
          "Nested Loop",
          "Sort",
          "Aggregate"
        ],
        [
          "Seq Scan",
          "Hash Join",
          "Gather",
          "Nested Loop",
          "Hash",
          "Sort",
          "Aggregate"
        ],
        [
          "Seq Scan",
          "Hash Join",
          "Hash",
          "Gather",
          "Nested Loop",
          "Sort",
          "Aggregate"
        ],
        [
          "Seq Scan",
          "Hash Join",
          "Hash",
          "Gather",
          "Nested Loop",
          "Sort",
          "Aggregate"
        ],
        [
          "Seq Scan",
          "Hash",
          "Hash Join",
          "Gather",
          "Nested Loop",
          "Sort",
          "Aggregate"
        ],
        [
          "Seq Scan",
          "Hash",
          "Hash Join",
          "Gather",
          "Nested Loop",
          "Sort",
          "Aggregate"
        ],
        [
          "Seq Scan",
          "Hash",
          "Hash Join",
          "Gather",
          "Nested Loop",
          "Sort",
          "Aggregate"
        ],
        [
          "Seq Scan",
          "Hash",
          "Hash Join",
          "Nested Loop",
          "Sort",
          "Aggregate"
        ],
        [
          "Seq Scan",
          "Materialize",
          "Nested Loop",
          "Hash Join",
          "Hash",
          "Sort",
          "Aggregate"
        ],
        [
          "Seq Scan",
          "Hash",
          "Hash Join",
          "Nested Loop",
          "Sort",
          "Aggregate"
        ],
        [
          "Seq Scan",
          "Materialize",
          "Nested Loop",
          "Sort",
          "Aggregate"
        ]
      ],
      "index_shape": [
        "join"
      ],
      "physical_operator": {
        "Hash Join": [
          0.0011148233314203675
        ]
      }
    }
  },
  {
    "query": "select  i_item_desc\n      ,w_warehouse_name\n      ,d1.d_week_seq\n      ,sum(case when p_promo_sk is null then 1 else 0 end) no_promo\n      ,sum(case when p_promo_sk is not null then 1 else 0 end) promo\n      ,count(*) total_cnt\nfrom catalog_sales\njoin inventory on (cs_item_sk = inv_item_sk)\njoin warehouse on (w_warehouse_sk=inv_warehouse_sk)\njoin item on (i_item_sk = cs_item_sk)\njoin customer_demographics on (cs_bill_cdemo_sk = cd_demo_sk)\njoin household_demographics on (cs_bill_hdemo_sk = hd_demo_sk)\njoin date_dim d1 on (cs_sold_date_sk = d1.d_date_sk)\njoin date_dim d2 on (inv_date_sk = d2.d_date_sk)\njoin date_dim d3 on (cs_ship_date_sk = d3.d_date_sk)\nleft outer join promotion on (cs_promo_sk=p_promo_sk)\nleft outer join catalog_returns on (cr_item_sk = cs_item_sk and cr_order_number = cs_order_number)\nwhere d1.d_week_seq = d2.d_week_seq\n  and inv_quantity_on_hand < cs_quantity \n  and d3.d_date > d1.d_date + 5\n  and hd_buy_potential = '501-1000'\n  and d1.d_year = 2001\n  and cd_marital_status = 'S'\ngroup by i_item_desc,w_warehouse_name,d1.d_week_seq\norder by total_cnt desc, i_item_desc, w_warehouse_name, d_week_seq\nlimit 100;\n\n-- end query 54 in stream 2 using template query72.tpl\n",
    "indexes": "catalog_sales.cs_bill_hdemo_sk",
    "wo plan est": {
      "Node Type": "Limit",
      "Parallel Aware": false,
      "Async Capable": false,
      "Startup Cost": 2058864.31,
      "Total Cost": 2058864.41,
      "Plan Rows": 40,
      "Plan Width": 147,
      "Plans": [
        {
          "Node Type": "Sort",
          "Parent Relationship": "Outer",
          "Parallel Aware": false,
          "Async Capable": false,
          "Startup Cost": 2058864.31,
          "Total Cost": 2058864.41,
          "Plan Rows": 40,
          "Plan Width": 147,
          "Sort Key": [
            "(count(*)) DESC",
            "item.i_item_desc",
            "warehouse.w_warehouse_name",
            "d1.d_week_seq"
          ],
          "Plans": [
            {
              "Node Type": "Aggregate",
              "Strategy": "Sorted",
              "Partial Mode": "Simple",
              "Parent Relationship": "Outer",
              "Parallel Aware": false,
              "Async Capable": false,
              "Startup Cost": 2058862.15,
              "Total Cost": 2058863.25,
              "Plan Rows": 40,
              "Plan Width": 147,
              "Group Key": [
                "item.i_item_desc",
                "warehouse.w_warehouse_name",
                "d1.d_week_seq"
              ],
              "Plans": [
                {
                  "Node Type": "Sort",
                  "Parent Relationship": "Outer",
                  "Parallel Aware": false,
                  "Async Capable": false,
                  "Startup Cost": 2058862.15,
                  "Total Cost": 2058862.25,
                  "Plan Rows": 40,
                  "Plan Width": 127,
                  "Sort Key": [
                    "item.i_item_desc",
                    "warehouse.w_warehouse_name",
                    "d1.d_week_seq"
                  ],
                  "Plans": [
                    {
                      "Node Type": "Nested Loop",
                      "Parent Relationship": "Outer",
                      "Parallel Aware": false,
                      "Async Capable": false,
                      "Join Type": "Left",
                      "Startup Cost": 2004596.21,
                      "Total Cost": 2058861.08,
                      "Plan Rows": 40,
                      "Plan Width": 127,
                      "Inner Unique": false,
                      "Join Filter": "(catalog_sales.cs_promo_sk = promotion.p_promo_sk)",
                      "Plans": [
                        {
                          "Node Type": "Hash Join",
                          "Parent Relationship": "Outer",
                          "Parallel Aware": false,
                          "Async Capable": false,
                          "Join Type": "Right",
                          "Startup Cost": 2004596.21,
                          "Total Cost": 2058541.83,
                          "Plan Rows": 40,
                          "Plan Width": 127,
                          "Inner Unique": false,
                          "Hash Cond": "((catalog_returns.cr_item_sk = catalog_sales.cs_item_sk) AND (catalog_returns.cr_order_number = catalog_sales.cs_order_number))",
                          "Plans": [
                            {
                              "Node Type": "Seq Scan",
                              "Parent Relationship": "Outer",
                              "Parallel Aware": false,
                              "Async Capable": false,
                              "Relation Name": "catalog_returns",
                              "Alias": "catalog_returns",
                              "Startup Cost": 0.0,
                              "Total Cost": 43147.49,
                              "Plan Rows": 1439749,
                              "Plan Width": 8,
                              "parent": 5,
                              "ID": 6
                            },
                            {
                              "Node Type": "Hash",
                              "Parent Relationship": "Inner",
                              "Parallel Aware": false,
                              "Async Capable": false,
                              "Startup Cost": 2004595.61,
                              "Total Cost": 2004595.61,
                              "Plan Rows": 40,
                              "Plan Width": 135,
                              "Plans": [
                                {
                                  "Node Type": "Hash Join",
                                  "Parent Relationship": "Outer",
                                  "Parallel Aware": false,
                                  "Async Capable": false,
                                  "Join Type": "Inner",
                                  "Startup Cost": 508613.25,
                                  "Total Cost": 2004595.61,
                                  "Plan Rows": 40,
                                  "Plan Width": 135,
                                  "Inner Unique": false,
                                  "Hash Cond": "(catalog_sales.cs_ship_date_sk = d3.d_date_sk)",
                                  "Join Filter": "(d3.d_date > (d1.d_date + 5))",
                                  "Plans": [
                                    {
                                      "Node Type": "Nested Loop",
                                      "Parent Relationship": "Outer",
                                      "Parallel Aware": false,
                                      "Async Capable": false,
                                      "Join Type": "Inner",
                                      "Startup Cost": 505564.64,
                                      "Total Cost": 2001544.76,
                                      "Plan Rows": 121,
                                      "Plan Width": 143,
                                      "Inner Unique": false,
                                      "Join Filter": "(inventory.inv_warehouse_sk = warehouse.w_warehouse_sk)",
                                      "Plans": [
                                        {
                                          "Node Type": "Hash Join",
                                          "Parent Relationship": "Outer",
                                          "Parallel Aware": false,
                                          "Async Capable": false,
                                          "Join Type": "Inner",
                                          "Startup Cost": 505564.64,
                                          "Total Cost": 2001525.48,
                                          "Plan Rows": 121,
                                          "Plan Width": 130,
                                          "Inner Unique": false,
                                          "Hash Cond": "(catalog_sales.cs_item_sk = item.i_item_sk)",
                                          "Plans": [
                                            {
                                              "Node Type": "Gather",
                                              "Parent Relationship": "Outer",
                                              "Parallel Aware": false,
                                              "Async Capable": false,
                                              "Startup Cost": 494611.64,
                                              "Total Cost": 1988874.82,
                                              "Plan Rows": 121,
                                              "Plan Width": 32,
                                              "Workers Planned": 2,
                                              "Single Copy": false,
                                              "Plans": [
                                                {
                                                  "Node Type": "Hash Join",
                                                  "Parent Relationship": "Outer",
                                                  "Parallel Aware": true,
                                                  "Async Capable": false,
                                                  "Join Type": "Inner",
                                                  "Startup Cost": 493611.64,
                                                  "Total Cost": 1987862.72,
                                                  "Plan Rows": 50,
                                                  "Plan Width": 32,
                                                  "Inner Unique": false,
                                                  "Hash Cond": "((inventory.inv_date_sk = d2.d_date_sk) AND (d1.d_week_seq = d2.d_week_seq))",
                                                  "Plans": [
                                                    {
                                                      "Node Type": "Hash Join",
                                                      "Parent Relationship": "Outer",
                                                      "Parallel Aware": true,
                                                      "Async Capable": false,
                                                      "Join Type": "Inner",
                                                      "Startup Cost": 491132.39,
                                                      "Total Cost": 1981451.77,
                                                      "Plan Rows": 524186,
                                                      "Plan Width": 36,
                                                      "Inner Unique": false,
                                                      "Hash Cond": "(inventory.inv_item_sk = catalog_sales.cs_item_sk)",
                                                      "Join Filter": "(inventory.inv_quantity_on_hand < catalog_sales.cs_quantity)",
                                                      "Plans": [
                                                        {
                                                          "Node Type": "Seq Scan",
                                                          "Parent Relationship": "Outer",
                                                          "Parallel Aware": true,
                                                          "Async Capable": false,
                                                          "Relation Name": "inventory",
                                                          "Alias": "inventory",
                                                          "Startup Cost": 0.0,
                                                          "Total Cost": 1274139.37,
                                                          "Plan Rows": 55462537,
                                                          "Plan Width": 16,
                                                          "parent": 13,
                                                          "ID": 14
                                                        },
                                                        {
                                                          "Node Type": "Hash",
                                                          "Parent Relationship": "Inner",
                                                          "Parallel Aware": true,
                                                          "Async Capable": false,
                                                          "Startup Cost": 491120.29,
                                                          "Total Cost": 491120.29,
                                                          "Plan Rows": 968,
                                                          "Plan Width": 28,
                                                          "Plans": [
                                                            {
                                                              "Node Type": "Hash Join",
                                                              "Parent Relationship": "Outer",
                                                              "Parallel Aware": true,
                                                              "Async Capable": false,
                                                              "Join Type": "Inner",
                                                              "Startup Cost": 458688.15,
                                                              "Total Cost": 491120.29,
                                                              "Plan Rows": 968,
                                                              "Plan Width": 28,
                                                              "Inner Unique": false,
                                                              "Hash Cond": "(customer_demographics.cd_demo_sk = catalog_sales.cs_bill_cdemo_sk)",
                                                              "Plans": [
                                                                {
                                                                  "Node Type": "Seq Scan",
                                                                  "Parent Relationship": "Outer",
                                                                  "Parallel Aware": true,
                                                                  "Async Capable": false,
                                                                  "Relation Name": "customer_demographics",
                                                                  "Alias": "customer_demographics",
                                                                  "Startup Cost": 0.0,
                                                                  "Total Cost": 31832.17,
                                                                  "Plan Rows": 158920,
                                                                  "Plan Width": 4,
                                                                  "Filter": "(cd_marital_status = 'S'::bpchar)",
                                                                  "parent": 16,
                                                                  "ID": 17
                                                                },
                                                                {
                                                                  "Node Type": "Hash",
                                                                  "Parent Relationship": "Inner",
                                                                  "Parallel Aware": true,
                                                                  "Async Capable": false,
                                                                  "Startup Cost": 458626.88,
                                                                  "Total Cost": 458626.88,
                                                                  "Plan Rows": 4901,
                                                                  "Plan Width": 32,
                                                                  "Plans": [
                                                                    {
                                                                      "Node Type": "Hash Join",
                                                                      "Parent Relationship": "Outer",
                                                                      "Parallel Aware": false,
                                                                      "Async Capable": false,
                                                                      "Join Type": "Inner",
                                                                      "Startup Cost": 2102.79,
                                                                      "Total Cost": 458626.88,
                                                                      "Plan Rows": 4901,
                                                                      "Plan Width": 32,
                                                                      "Inner Unique": false,
                                                                      "Hash Cond": "(catalog_sales.cs_bill_hdemo_sk = household_demographics.hd_demo_sk)",
                                                                      "Plans": [
                                                                        {
                                                                          "Node Type": "Hash Join",
                                                                          "Parent Relationship": "Outer",
                                                                          "Parallel Aware": true,
                                                                          "Async Capable": false,
                                                                          "Join Type": "Inner",
                                                                          "Startup Cost": 1944.79,
                                                                          "Total Cost": 458308.99,
                                                                          "Plan Rows": 29569,
                                                                          "Plan Width": 36,
                                                                          "Inner Unique": false,
                                                                          "Hash Cond": "(catalog_sales.cs_sold_date_sk = d1.d_date_sk)",
                                                                          "Plans": [
                                                                            {
                                                                              "Node Type": "Seq Scan",
                                                                              "Parent Relationship": "Outer",
                                                                              "Parallel Aware": true,
                                                                              "Async Capable": false,
                                                                              "Relation Name": "catalog_sales",
                                                                              "Alias": "catalog_sales",
                                                                              "Startup Cost": 0.0,
                                                                              "Total Cost": 433688.25,
                                                                              "Plan Rows": 6000525,
                                                                              "Plan Width": 32,
                                                                              "parent": 20,
                                                                              "ID": 21
                                                                            },
                                                                            {
                                                                              "Node Type": "Hash",
                                                                              "Parent Relationship": "Inner",
                                                                              "Parallel Aware": true,
                                                                              "Async Capable": false,
                                                                              "Startup Cost": 1942.12,
                                                                              "Total Cost": 1942.12,
                                                                              "Plan Rows": 213,
                                                                              "Plan Width": 12,
                                                                              "Plans": [
                                                                                {
                                                                                  "Node Type": "Seq Scan",
                                                                                  "Parent Relationship": "Outer",
                                                                                  "Parallel Aware": true,
                                                                                  "Async Capable": false,
                                                                                  "Relation Name": "date_dim",
                                                                                  "Alias": "d1",
                                                                                  "Startup Cost": 0.0,
                                                                                  "Total Cost": 1942.12,
                                                                                  "Plan Rows": 213,
                                                                                  "Plan Width": 12,
                                                                                  "Filter": "(d_year = 2001)",
                                                                                  "parent": 22,
                                                                                  "ID": 23
                                                                                }
                                                                              ],
                                                                              "parent": 20,
                                                                              "ID": 22,
                                                                              "left": 23
                                                                            }
                                                                          ],
                                                                          "parent": 19,
                                                                          "ID": 20,
                                                                          "left": 21,
                                                                          "right": 22
                                                                        },
                                                                        {
                                                                          "Node Type": "Hash",
                                                                          "Parent Relationship": "Inner",
                                                                          "Parallel Aware": false,
                                                                          "Async Capable": false,
                                                                          "Startup Cost": 143.0,
                                                                          "Total Cost": 143.0,
                                                                          "Plan Rows": 1200,
                                                                          "Plan Width": 4,
                                                                          "Plans": [
                                                                            {
                                                                              "Node Type": "Seq Scan",
                                                                              "Parent Relationship": "Outer",
                                                                              "Parallel Aware": false,
                                                                              "Async Capable": false,
                                                                              "Relation Name": "household_demographics",
                                                                              "Alias": "household_demographics",
                                                                              "Startup Cost": 0.0,
                                                                              "Total Cost": 143.0,
                                                                              "Plan Rows": 1200,
                                                                              "Plan Width": 4,
                                                                              "Filter": "(hd_buy_potential = '501-1000'::bpchar)",
                                                                              "parent": 24,
                                                                              "ID": 25
                                                                            }
                                                                          ],
                                                                          "parent": 19,
                                                                          "ID": 24,
                                                                          "left": 25
                                                                        }
                                                                      ],
                                                                      "parent": 18,
                                                                      "ID": 19,
                                                                      "left": 20,
                                                                      "right": 24
                                                                    }
                                                                  ],
                                                                  "parent": 16,
                                                                  "ID": 18,
                                                                  "left": 19
                                                                }
                                                              ],
                                                              "parent": 15,
                                                              "ID": 16,
                                                              "left": 17,
                                                              "right": 18
                                                            }
                                                          ],
                                                          "parent": 13,
                                                          "ID": 15,
                                                          "left": 16
                                                        }
                                                      ],
                                                      "parent": 12,
                                                      "ID": 13,
                                                      "left": 14,
                                                      "right": 15
                                                    },
                                                    {
                                                      "Node Type": "Hash",
                                                      "Parent Relationship": "Inner",
                                                      "Parallel Aware": true,
                                                      "Async Capable": false,
                                                      "Startup Cost": 1834.7,
                                                      "Total Cost": 1834.7,
                                                      "Plan Rows": 42970,
                                                      "Plan Width": 8,
                                                      "Plans": [
                                                        {
                                                          "Node Type": "Seq Scan",
                                                          "Parent Relationship": "Outer",
                                                          "Parallel Aware": true,
                                                          "Async Capable": false,
                                                          "Relation Name": "date_dim",
                                                          "Alias": "d2",
                                                          "Startup Cost": 0.0,
                                                          "Total Cost": 1834.7,
                                                          "Plan Rows": 42970,
                                                          "Plan Width": 8,
                                                          "parent": 26,
                                                          "ID": 27
                                                        }
                                                      ],
                                                      "parent": 12,
                                                      "ID": 26,
                                                      "left": 27
                                                    }
                                                  ],
                                                  "parent": 11,
                                                  "ID": 12,
                                                  "left": 13,
                                                  "right": 26
                                                }
                                              ],
                                              "parent": 10,
                                              "ID": 11,
                                              "left": 12
                                            },
                                            {
                                              "Node Type": "Hash",
                                              "Parent Relationship": "Inner",
                                              "Parallel Aware": false,
                                              "Async Capable": false,
                                              "Startup Cost": 7984.0,
                                              "Total Cost": 7984.0,
                                              "Plan Rows": 102000,
                                              "Plan Width": 106,
                                              "Plans": [
                                                {
                                                  "Node Type": "Seq Scan",
                                                  "Parent Relationship": "Outer",
                                                  "Parallel Aware": false,
                                                  "Async Capable": false,
                                                  "Relation Name": "item",
                                                  "Alias": "item",
                                                  "Startup Cost": 0.0,
                                                  "Total Cost": 7984.0,
                                                  "Plan Rows": 102000,
                                                  "Plan Width": 106,
                                                  "parent": 28,
                                                  "ID": 29
                                                }
                                              ],
                                              "parent": 10,
                                              "ID": 28,
                                              "left": 29
                                            }
                                          ],
                                          "parent": 9,
                                          "ID": 10,
                                          "left": 11,
                                          "right": 28
                                        },
                                        {
                                          "Node Type": "Materialize",
                                          "Parent Relationship": "Inner",
                                          "Parallel Aware": false,
                                          "Async Capable": false,
                                          "Startup Cost": 0.0,
                                          "Total Cost": 1.15,
                                          "Plan Rows": 10,
                                          "Plan Width": 21,
                                          "Plans": [
                                            {
                                              "Node Type": "Seq Scan",
                                              "Parent Relationship": "Outer",
                                              "Parallel Aware": false,
                                              "Async Capable": false,
                                              "Relation Name": "warehouse",
                                              "Alias": "warehouse",
                                              "Startup Cost": 0.0,
                                              "Total Cost": 1.1,
                                              "Plan Rows": 10,
                                              "Plan Width": 21,
                                              "parent": 30,
                                              "ID": 31
                                            }
                                          ],
                                          "parent": 9,
                                          "ID": 30,
                                          "left": 31
                                        }
                                      ],
                                      "parent": 8,
                                      "ID": 9,
                                      "left": 10,
                                      "right": 30
                                    },
                                    {
                                      "Node Type": "Hash",
                                      "Parent Relationship": "Inner",
                                      "Parallel Aware": false,
                                      "Async Capable": false,
                                      "Startup Cost": 2135.49,
                                      "Total Cost": 2135.49,
                                      "Plan Rows": 73049,
                                      "Plan Width": 8,
                                      "Plans": [
                                        {
                                          "Node Type": "Seq Scan",
                                          "Parent Relationship": "Outer",
                                          "Parallel Aware": false,
                                          "Async Capable": false,
                                          "Relation Name": "date_dim",
                                          "Alias": "d3",
                                          "Startup Cost": 0.0,
                                          "Total Cost": 2135.49,
                                          "Plan Rows": 73049,
                                          "Plan Width": 8,
                                          "parent": 32,
                                          "ID": 33
                                        }
                                      ],
                                      "parent": 8,
                                      "ID": 32,
                                      "left": 33
                                    }
                                  ],
                                  "parent": 7,
                                  "ID": 8,
                                  "left": 9,
                                  "right": 32
                                }
                              ],
                              "parent": 5,
                              "ID": 7,
                              "left": 8
                            }
                          ],
                          "parent": 4,
                          "ID": 5,
                          "left": 6,
                          "right": 7
                        },
                        {
                          "Node Type": "Materialize",
                          "Parent Relationship": "Inner",
                          "Parallel Aware": false,
                          "Async Capable": false,
                          "Startup Cost": 0.0,
                          "Total Cost": 20.5,
                          "Plan Rows": 500,
                          "Plan Width": 4,
                          "Plans": [
                            {
                              "Node Type": "Seq Scan",
                              "Parent Relationship": "Outer",
                              "Parallel Aware": false,
                              "Async Capable": false,
                              "Relation Name": "promotion",
                              "Alias": "promotion",
                              "Startup Cost": 0.0,
                              "Total Cost": 18.0,
                              "Plan Rows": 500,
                              "Plan Width": 4,
                              "parent": 34,
                              "ID": 35
                            }
                          ],
                          "parent": 4,
                          "ID": 34,
                          "left": 35
                        }
                      ],
                      "parent": 3,
                      "ID": 4,
                      "left": 5,
                      "right": 34
                    }
                  ],
                  "parent": 2,
                  "ID": 3,
                  "left": 4
                }
              ],
              "parent": 1,
              "ID": 2,
              "left": 3
            }
          ],
          "parent": 0,
          "ID": 1,
          "left": 2
        }
      ],
      "parent": null,
      "ID": 0,
      "left": 1
    },
    "feat": {
      "utility": 8.639934412076743e-06,
      "query_shape": [
        [
          "Seq Scan",
          "Hash Join",
          "Nested Loop",
          "Sort",
          "Aggregate"
        ],
        [
          "Seq Scan",
          "Hash Join",
          "Gather",
          "Nested Loop",
          "Hash",
          "Sort",
          "Aggregate"
        ],
        [
          "Seq Scan",
          "Hash Join",
          "Hash",
          "Gather",
          "Nested Loop",
          "Sort",
          "Aggregate"
        ],
        [
          "Seq Scan",
          "Hash Join",
          "Hash",
          "Gather",
          "Nested Loop",
          "Sort",
          "Aggregate"
        ],
        [
          "Seq Scan",
          "Hash",
          "Hash Join",
          "Gather",
          "Nested Loop",
          "Sort",
          "Aggregate"
        ],
        [
          "Seq Scan",
          "Hash",
          "Hash Join",
          "Gather",
          "Nested Loop",
          "Sort",
          "Aggregate"
        ],
        [
          "Seq Scan",
          "Hash",
          "Hash Join",
          "Gather",
          "Nested Loop",
          "Sort",
          "Aggregate"
        ],
        [
          "Seq Scan",
          "Hash",
          "Hash Join",
          "Nested Loop",
          "Sort",
          "Aggregate"
        ],
        [
          "Seq Scan",
          "Materialize",
          "Nested Loop",
          "Hash Join",
          "Hash",
          "Sort",
          "Aggregate"
        ],
        [
          "Seq Scan",
          "Hash",
          "Hash Join",
          "Nested Loop",
          "Sort",
          "Aggregate"
        ],
        [
          "Seq Scan",
          "Materialize",
          "Nested Loop",
          "Sort",
          "Aggregate"
        ]
      ],
      "index_shape": [
        "join"
      ],
      "physical_operator": {
        "Hash Join": [
          0.01175258523560678
        ]
      }
    }
  },
  {
    "query": "select  i_item_desc\n      ,w_warehouse_name\n      ,d1.d_week_seq\n      ,sum(case when p_promo_sk is null then 1 else 0 end) no_promo\n      ,sum(case when p_promo_sk is not null then 1 else 0 end) promo\n      ,count(*) total_cnt\nfrom catalog_sales\njoin inventory on (cs_item_sk = inv_item_sk)\njoin warehouse on (w_warehouse_sk=inv_warehouse_sk)\njoin item on (i_item_sk = cs_item_sk)\njoin customer_demographics on (cs_bill_cdemo_sk = cd_demo_sk)\njoin household_demographics on (cs_bill_hdemo_sk = hd_demo_sk)\njoin date_dim d1 on (cs_sold_date_sk = d1.d_date_sk)\njoin date_dim d2 on (inv_date_sk = d2.d_date_sk)\njoin date_dim d3 on (cs_ship_date_sk = d3.d_date_sk)\nleft outer join promotion on (cs_promo_sk=p_promo_sk)\nleft outer join catalog_returns on (cr_item_sk = cs_item_sk and cr_order_number = cs_order_number)\nwhere d1.d_week_seq = d2.d_week_seq\n  and inv_quantity_on_hand < cs_quantity \n  and d3.d_date > d1.d_date + 5\n  and hd_buy_potential = '501-1000'\n  and d1.d_year = 2001\n  and cd_marital_status = 'S'\ngroup by i_item_desc,w_warehouse_name,d1.d_week_seq\norder by total_cnt desc, i_item_desc, w_warehouse_name, d_week_seq\nlimit 100;\n\n-- end query 54 in stream 2 using template query72.tpl\n",
    "indexes": "catalog_sales.cs_item_sk",
    "wo plan est": {
      "Node Type": "Limit",
      "Parallel Aware": false,
      "Async Capable": false,
      "Startup Cost": 2058864.31,
      "Total Cost": 2058864.41,
      "Plan Rows": 40,
      "Plan Width": 147,
      "Plans": [
        {
          "Node Type": "Sort",
          "Parent Relationship": "Outer",
          "Parallel Aware": false,
          "Async Capable": false,
          "Startup Cost": 2058864.31,
          "Total Cost": 2058864.41,
          "Plan Rows": 40,
          "Plan Width": 147,
          "Sort Key": [
            "(count(*)) DESC",
            "item.i_item_desc",
            "warehouse.w_warehouse_name",
            "d1.d_week_seq"
          ],
          "Plans": [
            {
              "Node Type": "Aggregate",
              "Strategy": "Sorted",
              "Partial Mode": "Simple",
              "Parent Relationship": "Outer",
              "Parallel Aware": false,
              "Async Capable": false,
              "Startup Cost": 2058862.15,
              "Total Cost": 2058863.25,
              "Plan Rows": 40,
              "Plan Width": 147,
              "Group Key": [
                "item.i_item_desc",
                "warehouse.w_warehouse_name",
                "d1.d_week_seq"
              ],
              "Plans": [
                {
                  "Node Type": "Sort",
                  "Parent Relationship": "Outer",
                  "Parallel Aware": false,
                  "Async Capable": false,
                  "Startup Cost": 2058862.15,
                  "Total Cost": 2058862.25,
                  "Plan Rows": 40,
                  "Plan Width": 127,
                  "Sort Key": [
                    "item.i_item_desc",
                    "warehouse.w_warehouse_name",
                    "d1.d_week_seq"
                  ],
                  "Plans": [
                    {
                      "Node Type": "Nested Loop",
                      "Parent Relationship": "Outer",
                      "Parallel Aware": false,
                      "Async Capable": false,
                      "Join Type": "Left",
                      "Startup Cost": 2004596.21,
                      "Total Cost": 2058861.08,
                      "Plan Rows": 40,
                      "Plan Width": 127,
                      "Inner Unique": false,
                      "Join Filter": "(catalog_sales.cs_promo_sk = promotion.p_promo_sk)",
                      "Plans": [
                        {
                          "Node Type": "Hash Join",
                          "Parent Relationship": "Outer",
                          "Parallel Aware": false,
                          "Async Capable": false,
                          "Join Type": "Right",
                          "Startup Cost": 2004596.21,
                          "Total Cost": 2058541.83,
                          "Plan Rows": 40,
                          "Plan Width": 127,
                          "Inner Unique": false,
                          "Hash Cond": "((catalog_returns.cr_item_sk = catalog_sales.cs_item_sk) AND (catalog_returns.cr_order_number = catalog_sales.cs_order_number))",
                          "Plans": [
                            {
                              "Node Type": "Seq Scan",
                              "Parent Relationship": "Outer",
                              "Parallel Aware": false,
                              "Async Capable": false,
                              "Relation Name": "catalog_returns",
                              "Alias": "catalog_returns",
                              "Startup Cost": 0.0,
                              "Total Cost": 43147.49,
                              "Plan Rows": 1439749,
                              "Plan Width": 8,
                              "parent": 5,
                              "ID": 6
                            },
                            {
                              "Node Type": "Hash",
                              "Parent Relationship": "Inner",
                              "Parallel Aware": false,
                              "Async Capable": false,
                              "Startup Cost": 2004595.61,
                              "Total Cost": 2004595.61,
                              "Plan Rows": 40,
                              "Plan Width": 135,
                              "Plans": [
                                {
                                  "Node Type": "Hash Join",
                                  "Parent Relationship": "Outer",
                                  "Parallel Aware": false,
                                  "Async Capable": false,
                                  "Join Type": "Inner",
                                  "Startup Cost": 508613.25,
                                  "Total Cost": 2004595.61,
                                  "Plan Rows": 40,
                                  "Plan Width": 135,
                                  "Inner Unique": false,
                                  "Hash Cond": "(catalog_sales.cs_ship_date_sk = d3.d_date_sk)",
                                  "Join Filter": "(d3.d_date > (d1.d_date + 5))",
                                  "Plans": [
                                    {
                                      "Node Type": "Nested Loop",
                                      "Parent Relationship": "Outer",
                                      "Parallel Aware": false,
                                      "Async Capable": false,
                                      "Join Type": "Inner",
                                      "Startup Cost": 505564.64,
                                      "Total Cost": 2001544.76,
                                      "Plan Rows": 121,
                                      "Plan Width": 143,
                                      "Inner Unique": false,
                                      "Join Filter": "(inventory.inv_warehouse_sk = warehouse.w_warehouse_sk)",
                                      "Plans": [
                                        {
                                          "Node Type": "Hash Join",
                                          "Parent Relationship": "Outer",
                                          "Parallel Aware": false,
                                          "Async Capable": false,
                                          "Join Type": "Inner",
                                          "Startup Cost": 505564.64,
                                          "Total Cost": 2001525.48,
                                          "Plan Rows": 121,
                                          "Plan Width": 130,
                                          "Inner Unique": false,
                                          "Hash Cond": "(catalog_sales.cs_item_sk = item.i_item_sk)",
                                          "Plans": [
                                            {
                                              "Node Type": "Gather",
                                              "Parent Relationship": "Outer",
                                              "Parallel Aware": false,
                                              "Async Capable": false,
                                              "Startup Cost": 494611.64,
                                              "Total Cost": 1988874.82,
                                              "Plan Rows": 121,
                                              "Plan Width": 32,
                                              "Workers Planned": 2,
                                              "Single Copy": false,
                                              "Plans": [
                                                {
                                                  "Node Type": "Hash Join",
                                                  "Parent Relationship": "Outer",
                                                  "Parallel Aware": true,
                                                  "Async Capable": false,
                                                  "Join Type": "Inner",
                                                  "Startup Cost": 493611.64,
                                                  "Total Cost": 1987862.72,
                                                  "Plan Rows": 50,
                                                  "Plan Width": 32,
                                                  "Inner Unique": false,
                                                  "Hash Cond": "((inventory.inv_date_sk = d2.d_date_sk) AND (d1.d_week_seq = d2.d_week_seq))",
                                                  "Plans": [
                                                    {
                                                      "Node Type": "Hash Join",
                                                      "Parent Relationship": "Outer",
                                                      "Parallel Aware": true,
                                                      "Async Capable": false,
                                                      "Join Type": "Inner",
                                                      "Startup Cost": 491132.39,
                                                      "Total Cost": 1981451.77,
                                                      "Plan Rows": 524186,
                                                      "Plan Width": 36,
                                                      "Inner Unique": false,
                                                      "Hash Cond": "(inventory.inv_item_sk = catalog_sales.cs_item_sk)",
                                                      "Join Filter": "(inventory.inv_quantity_on_hand < catalog_sales.cs_quantity)",
                                                      "Plans": [
                                                        {
                                                          "Node Type": "Seq Scan",
                                                          "Parent Relationship": "Outer",
                                                          "Parallel Aware": true,
                                                          "Async Capable": false,
                                                          "Relation Name": "inventory",
                                                          "Alias": "inventory",
                                                          "Startup Cost": 0.0,
                                                          "Total Cost": 1274139.37,
                                                          "Plan Rows": 55462537,
                                                          "Plan Width": 16,
                                                          "parent": 13,
                                                          "ID": 14
                                                        },
                                                        {
                                                          "Node Type": "Hash",
                                                          "Parent Relationship": "Inner",
                                                          "Parallel Aware": true,
                                                          "Async Capable": false,
                                                          "Startup Cost": 491120.29,
                                                          "Total Cost": 491120.29,
                                                          "Plan Rows": 968,
                                                          "Plan Width": 28,
                                                          "Plans": [
                                                            {
                                                              "Node Type": "Hash Join",
                                                              "Parent Relationship": "Outer",
                                                              "Parallel Aware": true,
                                                              "Async Capable": false,
                                                              "Join Type": "Inner",
                                                              "Startup Cost": 458688.15,
                                                              "Total Cost": 491120.29,
                                                              "Plan Rows": 968,
                                                              "Plan Width": 28,
                                                              "Inner Unique": false,
                                                              "Hash Cond": "(customer_demographics.cd_demo_sk = catalog_sales.cs_bill_cdemo_sk)",
                                                              "Plans": [
                                                                {
                                                                  "Node Type": "Seq Scan",
                                                                  "Parent Relationship": "Outer",
                                                                  "Parallel Aware": true,
                                                                  "Async Capable": false,
                                                                  "Relation Name": "customer_demographics",
                                                                  "Alias": "customer_demographics",
                                                                  "Startup Cost": 0.0,
                                                                  "Total Cost": 31832.17,
                                                                  "Plan Rows": 158920,
                                                                  "Plan Width": 4,
                                                                  "Filter": "(cd_marital_status = 'S'::bpchar)",
                                                                  "parent": 16,
                                                                  "ID": 17
                                                                },
                                                                {
                                                                  "Node Type": "Hash",
                                                                  "Parent Relationship": "Inner",
                                                                  "Parallel Aware": true,
                                                                  "Async Capable": false,
                                                                  "Startup Cost": 458626.88,
                                                                  "Total Cost": 458626.88,
                                                                  "Plan Rows": 4901,
                                                                  "Plan Width": 32,
                                                                  "Plans": [
                                                                    {
                                                                      "Node Type": "Hash Join",
                                                                      "Parent Relationship": "Outer",
                                                                      "Parallel Aware": false,
                                                                      "Async Capable": false,
                                                                      "Join Type": "Inner",
                                                                      "Startup Cost": 2102.79,
                                                                      "Total Cost": 458626.88,
                                                                      "Plan Rows": 4901,
                                                                      "Plan Width": 32,
                                                                      "Inner Unique": false,
                                                                      "Hash Cond": "(catalog_sales.cs_bill_hdemo_sk = household_demographics.hd_demo_sk)",
                                                                      "Plans": [
                                                                        {
                                                                          "Node Type": "Hash Join",
                                                                          "Parent Relationship": "Outer",
                                                                          "Parallel Aware": true,
                                                                          "Async Capable": false,
                                                                          "Join Type": "Inner",
                                                                          "Startup Cost": 1944.79,
                                                                          "Total Cost": 458308.99,
                                                                          "Plan Rows": 29569,
                                                                          "Plan Width": 36,
                                                                          "Inner Unique": false,
                                                                          "Hash Cond": "(catalog_sales.cs_sold_date_sk = d1.d_date_sk)",
                                                                          "Plans": [
                                                                            {
                                                                              "Node Type": "Seq Scan",
                                                                              "Parent Relationship": "Outer",
                                                                              "Parallel Aware": true,
                                                                              "Async Capable": false,
                                                                              "Relation Name": "catalog_sales",
                                                                              "Alias": "catalog_sales",
                                                                              "Startup Cost": 0.0,
                                                                              "Total Cost": 433688.25,
                                                                              "Plan Rows": 6000525,
                                                                              "Plan Width": 32,
                                                                              "parent": 20,
                                                                              "ID": 21
                                                                            },
                                                                            {
                                                                              "Node Type": "Hash",
                                                                              "Parent Relationship": "Inner",
                                                                              "Parallel Aware": true,
                                                                              "Async Capable": false,
                                                                              "Startup Cost": 1942.12,
                                                                              "Total Cost": 1942.12,
                                                                              "Plan Rows": 213,
                                                                              "Plan Width": 12,
                                                                              "Plans": [
                                                                                {
                                                                                  "Node Type": "Seq Scan",
                                                                                  "Parent Relationship": "Outer",
                                                                                  "Parallel Aware": true,
                                                                                  "Async Capable": false,
                                                                                  "Relation Name": "date_dim",
                                                                                  "Alias": "d1",
                                                                                  "Startup Cost": 0.0,
                                                                                  "Total Cost": 1942.12,
                                                                                  "Plan Rows": 213,
                                                                                  "Plan Width": 12,
                                                                                  "Filter": "(d_year = 2001)",
                                                                                  "parent": 22,
                                                                                  "ID": 23
                                                                                }
                                                                              ],
                                                                              "parent": 20,
                                                                              "ID": 22,
                                                                              "left": 23
                                                                            }
                                                                          ],
                                                                          "parent": 19,
                                                                          "ID": 20,
                                                                          "left": 21,
                                                                          "right": 22
                                                                        },
                                                                        {
                                                                          "Node Type": "Hash",
                                                                          "Parent Relationship": "Inner",
                                                                          "Parallel Aware": false,
                                                                          "Async Capable": false,
                                                                          "Startup Cost": 143.0,
                                                                          "Total Cost": 143.0,
                                                                          "Plan Rows": 1200,
                                                                          "Plan Width": 4,
                                                                          "Plans": [
                                                                            {
                                                                              "Node Type": "Seq Scan",
                                                                              "Parent Relationship": "Outer",
                                                                              "Parallel Aware": false,
                                                                              "Async Capable": false,
                                                                              "Relation Name": "household_demographics",
                                                                              "Alias": "household_demographics",
                                                                              "Startup Cost": 0.0,
                                                                              "Total Cost": 143.0,
                                                                              "Plan Rows": 1200,
                                                                              "Plan Width": 4,
                                                                              "Filter": "(hd_buy_potential = '501-1000'::bpchar)",
                                                                              "parent": 24,
                                                                              "ID": 25
                                                                            }
                                                                          ],
                                                                          "parent": 19,
                                                                          "ID": 24,
                                                                          "left": 25
                                                                        }
                                                                      ],
                                                                      "parent": 18,
                                                                      "ID": 19,
                                                                      "left": 20,
                                                                      "right": 24
                                                                    }
                                                                  ],
                                                                  "parent": 16,
                                                                  "ID": 18,
                                                                  "left": 19
                                                                }
                                                              ],
                                                              "parent": 15,
                                                              "ID": 16,
                                                              "left": 17,
                                                              "right": 18
                                                            }
                                                          ],
                                                          "parent": 13,
                                                          "ID": 15,
                                                          "left": 16
                                                        }
                                                      ],
                                                      "parent": 12,
                                                      "ID": 13,
                                                      "left": 14,
                                                      "right": 15
                                                    },
                                                    {
                                                      "Node Type": "Hash",
                                                      "Parent Relationship": "Inner",
                                                      "Parallel Aware": true,
                                                      "Async Capable": false,
                                                      "Startup Cost": 1834.7,
                                                      "Total Cost": 1834.7,
                                                      "Plan Rows": 42970,
                                                      "Plan Width": 8,
                                                      "Plans": [
                                                        {
                                                          "Node Type": "Seq Scan",
                                                          "Parent Relationship": "Outer",
                                                          "Parallel Aware": true,
                                                          "Async Capable": false,
                                                          "Relation Name": "date_dim",
                                                          "Alias": "d2",
                                                          "Startup Cost": 0.0,
                                                          "Total Cost": 1834.7,
                                                          "Plan Rows": 42970,
                                                          "Plan Width": 8,
                                                          "parent": 26,
                                                          "ID": 27
                                                        }
                                                      ],
                                                      "parent": 12,
                                                      "ID": 26,
                                                      "left": 27
                                                    }
                                                  ],
                                                  "parent": 11,
                                                  "ID": 12,
                                                  "left": 13,
                                                  "right": 26
                                                }
                                              ],
                                              "parent": 10,
                                              "ID": 11,
                                              "left": 12
                                            },
                                            {
                                              "Node Type": "Hash",
                                              "Parent Relationship": "Inner",
                                              "Parallel Aware": false,
                                              "Async Capable": false,
                                              "Startup Cost": 7984.0,
                                              "Total Cost": 7984.0,
                                              "Plan Rows": 102000,
                                              "Plan Width": 106,
                                              "Plans": [
                                                {
                                                  "Node Type": "Seq Scan",
                                                  "Parent Relationship": "Outer",
                                                  "Parallel Aware": false,
                                                  "Async Capable": false,
                                                  "Relation Name": "item",
                                                  "Alias": "item",
                                                  "Startup Cost": 0.0,
                                                  "Total Cost": 7984.0,
                                                  "Plan Rows": 102000,
                                                  "Plan Width": 106,
                                                  "parent": 28,
                                                  "ID": 29
                                                }
                                              ],
                                              "parent": 10,
                                              "ID": 28,
                                              "left": 29
                                            }
                                          ],
                                          "parent": 9,
                                          "ID": 10,
                                          "left": 11,
                                          "right": 28
                                        },
                                        {
                                          "Node Type": "Materialize",
                                          "Parent Relationship": "Inner",
                                          "Parallel Aware": false,
                                          "Async Capable": false,
                                          "Startup Cost": 0.0,
                                          "Total Cost": 1.15,
                                          "Plan Rows": 10,
                                          "Plan Width": 21,
                                          "Plans": [
                                            {
                                              "Node Type": "Seq Scan",
                                              "Parent Relationship": "Outer",
                                              "Parallel Aware": false,
                                              "Async Capable": false,
                                              "Relation Name": "warehouse",
                                              "Alias": "warehouse",
                                              "Startup Cost": 0.0,
                                              "Total Cost": 1.1,
                                              "Plan Rows": 10,
                                              "Plan Width": 21,
                                              "parent": 30,
                                              "ID": 31
                                            }
                                          ],
                                          "parent": 9,
                                          "ID": 30,
                                          "left": 31
                                        }
                                      ],
                                      "parent": 8,
                                      "ID": 9,
                                      "left": 10,
                                      "right": 30
                                    },
                                    {
                                      "Node Type": "Hash",
                                      "Parent Relationship": "Inner",
                                      "Parallel Aware": false,
                                      "Async Capable": false,
                                      "Startup Cost": 2135.49,
                                      "Total Cost": 2135.49,
                                      "Plan Rows": 73049,
                                      "Plan Width": 8,
                                      "Plans": [
                                        {
                                          "Node Type": "Seq Scan",
                                          "Parent Relationship": "Outer",
                                          "Parallel Aware": false,
                                          "Async Capable": false,
                                          "Relation Name": "date_dim",
                                          "Alias": "d3",
                                          "Startup Cost": 0.0,
                                          "Total Cost": 2135.49,
                                          "Plan Rows": 73049,
                                          "Plan Width": 8,
                                          "parent": 32,
                                          "ID": 33
                                        }
                                      ],
                                      "parent": 8,
                                      "ID": 32,
                                      "left": 33
                                    }
                                  ],
                                  "parent": 7,
                                  "ID": 8,
                                  "left": 9,
                                  "right": 32
                                }
                              ],
                              "parent": 5,
                              "ID": 7,
                              "left": 8
                            }
                          ],
                          "parent": 4,
                          "ID": 5,
                          "left": 6,
                          "right": 7
                        },
                        {
                          "Node Type": "Materialize",
                          "Parent Relationship": "Inner",
                          "Parallel Aware": false,
                          "Async Capable": false,
                          "Startup Cost": 0.0,
                          "Total Cost": 20.5,
                          "Plan Rows": 500,
                          "Plan Width": 4,
                          "Plans": [
                            {
                              "Node Type": "Seq Scan",
                              "Parent Relationship": "Outer",
                              "Parallel Aware": false,
                              "Async Capable": false,
                              "Relation Name": "promotion",
                              "Alias": "promotion",
                              "Startup Cost": 0.0,
                              "Total Cost": 18.0,
                              "Plan Rows": 500,
                              "Plan Width": 4,
                              "parent": 34,
                              "ID": 35
                            }
                          ],
                          "parent": 4,
                          "ID": 34,
                          "left": 35
                        }
                      ],
                      "parent": 3,
                      "ID": 4,
                      "left": 5,
                      "right": 34
                    }
                  ],
                  "parent": 2,
                  "ID": 3,
                  "left": 4
                }
              ],
              "parent": 1,
              "ID": 2,
              "left": 3
            }
          ],
          "parent": 0,
          "ID": 1,
          "left": 2
        }
      ],
      "parent": null,
      "ID": 0,
      "left": 1
    },
    "feat": {
      "utility": 2.6166071963899124e-05,
      "query_shape": [
        [
          "Seq Scan",
          "Hash Join",
          "Nested Loop",
          "Sort",
          "Aggregate"
        ],
        [
          "Seq Scan",
          "Hash Join",
          "Gather",
          "Nested Loop",
          "Hash",
          "Sort",
          "Aggregate"
        ],
        [
          "Seq Scan",
          "Hash Join",
          "Hash",
          "Gather",
          "Nested Loop",
          "Sort",
          "Aggregate"
        ],
        [
          "Seq Scan",
          "Hash Join",
          "Hash",
          "Gather",
          "Nested Loop",
          "Sort",
          "Aggregate"
        ],
        [
          "Seq Scan",
          "Hash",
          "Hash Join",
          "Gather",
          "Nested Loop",
          "Sort",
          "Aggregate"
        ],
        [
          "Seq Scan",
          "Hash",
          "Hash Join",
          "Gather",
          "Nested Loop",
          "Sort",
          "Aggregate"
        ],
        [
          "Seq Scan",
          "Hash",
          "Hash Join",
          "Gather",
          "Nested Loop",
          "Sort",
          "Aggregate"
        ],
        [
          "Seq Scan",
          "Hash",
          "Hash Join",
          "Nested Loop",
          "Sort",
          "Aggregate"
        ],
        [
          "Seq Scan",
          "Materialize",
          "Nested Loop",
          "Hash Join",
          "Hash",
          "Sort",
          "Aggregate"
        ],
        [
          "Seq Scan",
          "Hash",
          "Hash Join",
          "Nested Loop",
          "Sort",
          "Aggregate"
        ],
        [
          "Seq Scan",
          "Materialize",
          "Nested Loop",
          "Sort",
          "Aggregate"
        ]
      ],
      "index_shape": [
        "join"
      ],
      "physical_operator": {
        "Hash Join": [
          0.0008334059701440358,
          0.0031311214554257476,
          0.0031246772427244275
        ]
      }
    }
  },
  {
    "query": "select  i_item_desc\n      ,w_warehouse_name\n      ,d1.d_week_seq\n      ,sum(case when p_promo_sk is null then 1 else 0 end) no_promo\n      ,sum(case when p_promo_sk is not null then 1 else 0 end) promo\n      ,count(*) total_cnt\nfrom catalog_sales\njoin inventory on (cs_item_sk = inv_item_sk)\njoin warehouse on (w_warehouse_sk=inv_warehouse_sk)\njoin item on (i_item_sk = cs_item_sk)\njoin customer_demographics on (cs_bill_cdemo_sk = cd_demo_sk)\njoin household_demographics on (cs_bill_hdemo_sk = hd_demo_sk)\njoin date_dim d1 on (cs_sold_date_sk = d1.d_date_sk)\njoin date_dim d2 on (inv_date_sk = d2.d_date_sk)\njoin date_dim d3 on (cs_ship_date_sk = d3.d_date_sk)\nleft outer join promotion on (cs_promo_sk=p_promo_sk)\nleft outer join catalog_returns on (cr_item_sk = cs_item_sk and cr_order_number = cs_order_number)\nwhere d1.d_week_seq = d2.d_week_seq\n  and inv_quantity_on_hand < cs_quantity \n  and d3.d_date > d1.d_date + 5\n  and hd_buy_potential = '501-1000'\n  and d1.d_year = 2001\n  and cd_marital_status = 'S'\ngroup by i_item_desc,w_warehouse_name,d1.d_week_seq\norder by total_cnt desc, i_item_desc, w_warehouse_name, d_week_seq\nlimit 100;\n\n-- end query 54 in stream 2 using template query72.tpl\n",
    "indexes": "catalog_sales.cs_promo_sk",
    "wo plan est": {
      "Node Type": "Limit",
      "Parallel Aware": false,
      "Async Capable": false,
      "Startup Cost": 2058864.31,
      "Total Cost": 2058864.41,
      "Plan Rows": 40,
      "Plan Width": 147,
      "Plans": [
        {
          "Node Type": "Sort",
          "Parent Relationship": "Outer",
          "Parallel Aware": false,
          "Async Capable": false,
          "Startup Cost": 2058864.31,
          "Total Cost": 2058864.41,
          "Plan Rows": 40,
          "Plan Width": 147,
          "Sort Key": [
            "(count(*)) DESC",
            "item.i_item_desc",
            "warehouse.w_warehouse_name",
            "d1.d_week_seq"
          ],
          "Plans": [
            {
              "Node Type": "Aggregate",
              "Strategy": "Sorted",
              "Partial Mode": "Simple",
              "Parent Relationship": "Outer",
              "Parallel Aware": false,
              "Async Capable": false,
              "Startup Cost": 2058862.15,
              "Total Cost": 2058863.25,
              "Plan Rows": 40,
              "Plan Width": 147,
              "Group Key": [
                "item.i_item_desc",
                "warehouse.w_warehouse_name",
                "d1.d_week_seq"
              ],
              "Plans": [
                {
                  "Node Type": "Sort",
                  "Parent Relationship": "Outer",
                  "Parallel Aware": false,
                  "Async Capable": false,
                  "Startup Cost": 2058862.15,
                  "Total Cost": 2058862.25,
                  "Plan Rows": 40,
                  "Plan Width": 127,
                  "Sort Key": [
                    "item.i_item_desc",
                    "warehouse.w_warehouse_name",
                    "d1.d_week_seq"
                  ],
                  "Plans": [
                    {
                      "Node Type": "Nested Loop",
                      "Parent Relationship": "Outer",
                      "Parallel Aware": false,
                      "Async Capable": false,
                      "Join Type": "Left",
                      "Startup Cost": 2004596.21,
                      "Total Cost": 2058861.08,
                      "Plan Rows": 40,
                      "Plan Width": 127,
                      "Inner Unique": false,
                      "Join Filter": "(catalog_sales.cs_promo_sk = promotion.p_promo_sk)",
                      "Plans": [
                        {
                          "Node Type": "Hash Join",
                          "Parent Relationship": "Outer",
                          "Parallel Aware": false,
                          "Async Capable": false,
                          "Join Type": "Right",
                          "Startup Cost": 2004596.21,
                          "Total Cost": 2058541.83,
                          "Plan Rows": 40,
                          "Plan Width": 127,
                          "Inner Unique": false,
                          "Hash Cond": "((catalog_returns.cr_item_sk = catalog_sales.cs_item_sk) AND (catalog_returns.cr_order_number = catalog_sales.cs_order_number))",
                          "Plans": [
                            {
                              "Node Type": "Seq Scan",
                              "Parent Relationship": "Outer",
                              "Parallel Aware": false,
                              "Async Capable": false,
                              "Relation Name": "catalog_returns",
                              "Alias": "catalog_returns",
                              "Startup Cost": 0.0,
                              "Total Cost": 43147.49,
                              "Plan Rows": 1439749,
                              "Plan Width": 8,
                              "parent": 5,
                              "ID": 6
                            },
                            {
                              "Node Type": "Hash",
                              "Parent Relationship": "Inner",
                              "Parallel Aware": false,
                              "Async Capable": false,
                              "Startup Cost": 2004595.61,
                              "Total Cost": 2004595.61,
                              "Plan Rows": 40,
                              "Plan Width": 135,
                              "Plans": [
                                {
                                  "Node Type": "Hash Join",
                                  "Parent Relationship": "Outer",
                                  "Parallel Aware": false,
                                  "Async Capable": false,
                                  "Join Type": "Inner",
                                  "Startup Cost": 508613.25,
                                  "Total Cost": 2004595.61,
                                  "Plan Rows": 40,
                                  "Plan Width": 135,
                                  "Inner Unique": false,
                                  "Hash Cond": "(catalog_sales.cs_ship_date_sk = d3.d_date_sk)",
                                  "Join Filter": "(d3.d_date > (d1.d_date + 5))",
                                  "Plans": [
                                    {
                                      "Node Type": "Nested Loop",
                                      "Parent Relationship": "Outer",
                                      "Parallel Aware": false,
                                      "Async Capable": false,
                                      "Join Type": "Inner",
                                      "Startup Cost": 505564.64,
                                      "Total Cost": 2001544.76,
                                      "Plan Rows": 121,
                                      "Plan Width": 143,
                                      "Inner Unique": false,
                                      "Join Filter": "(inventory.inv_warehouse_sk = warehouse.w_warehouse_sk)",
                                      "Plans": [
                                        {
                                          "Node Type": "Hash Join",
                                          "Parent Relationship": "Outer",
                                          "Parallel Aware": false,
                                          "Async Capable": false,
                                          "Join Type": "Inner",
                                          "Startup Cost": 505564.64,
                                          "Total Cost": 2001525.48,
                                          "Plan Rows": 121,
                                          "Plan Width": 130,
                                          "Inner Unique": false,
                                          "Hash Cond": "(catalog_sales.cs_item_sk = item.i_item_sk)",
                                          "Plans": [
                                            {
                                              "Node Type": "Gather",
                                              "Parent Relationship": "Outer",
                                              "Parallel Aware": false,
                                              "Async Capable": false,
                                              "Startup Cost": 494611.64,
                                              "Total Cost": 1988874.82,
                                              "Plan Rows": 121,
                                              "Plan Width": 32,
                                              "Workers Planned": 2,
                                              "Single Copy": false,
                                              "Plans": [
                                                {
                                                  "Node Type": "Hash Join",
                                                  "Parent Relationship": "Outer",
                                                  "Parallel Aware": true,
                                                  "Async Capable": false,
                                                  "Join Type": "Inner",
                                                  "Startup Cost": 493611.64,
                                                  "Total Cost": 1987862.72,
                                                  "Plan Rows": 50,
                                                  "Plan Width": 32,
                                                  "Inner Unique": false,
                                                  "Hash Cond": "((inventory.inv_date_sk = d2.d_date_sk) AND (d1.d_week_seq = d2.d_week_seq))",
                                                  "Plans": [
                                                    {
                                                      "Node Type": "Hash Join",
                                                      "Parent Relationship": "Outer",
                                                      "Parallel Aware": true,
                                                      "Async Capable": false,
                                                      "Join Type": "Inner",
                                                      "Startup Cost": 491132.39,
                                                      "Total Cost": 1981451.77,
                                                      "Plan Rows": 524186,
                                                      "Plan Width": 36,
                                                      "Inner Unique": false,
                                                      "Hash Cond": "(inventory.inv_item_sk = catalog_sales.cs_item_sk)",
                                                      "Join Filter": "(inventory.inv_quantity_on_hand < catalog_sales.cs_quantity)",
                                                      "Plans": [
                                                        {
                                                          "Node Type": "Seq Scan",
                                                          "Parent Relationship": "Outer",
                                                          "Parallel Aware": true,
                                                          "Async Capable": false,
                                                          "Relation Name": "inventory",
                                                          "Alias": "inventory",
                                                          "Startup Cost": 0.0,
                                                          "Total Cost": 1274139.37,
                                                          "Plan Rows": 55462537,
                                                          "Plan Width": 16,
                                                          "parent": 13,
                                                          "ID": 14
                                                        },
                                                        {
                                                          "Node Type": "Hash",
                                                          "Parent Relationship": "Inner",
                                                          "Parallel Aware": true,
                                                          "Async Capable": false,
                                                          "Startup Cost": 491120.29,
                                                          "Total Cost": 491120.29,
                                                          "Plan Rows": 968,
                                                          "Plan Width": 28,
                                                          "Plans": [
                                                            {
                                                              "Node Type": "Hash Join",
                                                              "Parent Relationship": "Outer",
                                                              "Parallel Aware": true,
                                                              "Async Capable": false,
                                                              "Join Type": "Inner",
                                                              "Startup Cost": 458688.15,
                                                              "Total Cost": 491120.29,
                                                              "Plan Rows": 968,
                                                              "Plan Width": 28,
                                                              "Inner Unique": false,
                                                              "Hash Cond": "(customer_demographics.cd_demo_sk = catalog_sales.cs_bill_cdemo_sk)",
                                                              "Plans": [
                                                                {
                                                                  "Node Type": "Seq Scan",
                                                                  "Parent Relationship": "Outer",
                                                                  "Parallel Aware": true,
                                                                  "Async Capable": false,
                                                                  "Relation Name": "customer_demographics",
                                                                  "Alias": "customer_demographics",
                                                                  "Startup Cost": 0.0,
                                                                  "Total Cost": 31832.17,
                                                                  "Plan Rows": 158920,
                                                                  "Plan Width": 4,
                                                                  "Filter": "(cd_marital_status = 'S'::bpchar)",
                                                                  "parent": 16,
                                                                  "ID": 17
                                                                },
                                                                {
                                                                  "Node Type": "Hash",
                                                                  "Parent Relationship": "Inner",
                                                                  "Parallel Aware": true,
                                                                  "Async Capable": false,
                                                                  "Startup Cost": 458626.88,
                                                                  "Total Cost": 458626.88,
                                                                  "Plan Rows": 4901,
                                                                  "Plan Width": 32,
                                                                  "Plans": [
                                                                    {
                                                                      "Node Type": "Hash Join",
                                                                      "Parent Relationship": "Outer",
                                                                      "Parallel Aware": false,
                                                                      "Async Capable": false,
                                                                      "Join Type": "Inner",
                                                                      "Startup Cost": 2102.79,
                                                                      "Total Cost": 458626.88,
                                                                      "Plan Rows": 4901,
                                                                      "Plan Width": 32,
                                                                      "Inner Unique": false,
                                                                      "Hash Cond": "(catalog_sales.cs_bill_hdemo_sk = household_demographics.hd_demo_sk)",
                                                                      "Plans": [
                                                                        {
                                                                          "Node Type": "Hash Join",
                                                                          "Parent Relationship": "Outer",
                                                                          "Parallel Aware": true,
                                                                          "Async Capable": false,
                                                                          "Join Type": "Inner",
                                                                          "Startup Cost": 1944.79,
                                                                          "Total Cost": 458308.99,
                                                                          "Plan Rows": 29569,
                                                                          "Plan Width": 36,
                                                                          "Inner Unique": false,
                                                                          "Hash Cond": "(catalog_sales.cs_sold_date_sk = d1.d_date_sk)",
                                                                          "Plans": [
                                                                            {
                                                                              "Node Type": "Seq Scan",
                                                                              "Parent Relationship": "Outer",
                                                                              "Parallel Aware": true,
                                                                              "Async Capable": false,
                                                                              "Relation Name": "catalog_sales",
                                                                              "Alias": "catalog_sales",
                                                                              "Startup Cost": 0.0,
                                                                              "Total Cost": 433688.25,
                                                                              "Plan Rows": 6000525,
                                                                              "Plan Width": 32,
                                                                              "parent": 20,
                                                                              "ID": 21
                                                                            },
                                                                            {
                                                                              "Node Type": "Hash",
                                                                              "Parent Relationship": "Inner",
                                                                              "Parallel Aware": true,
                                                                              "Async Capable": false,
                                                                              "Startup Cost": 1942.12,
                                                                              "Total Cost": 1942.12,
                                                                              "Plan Rows": 213,
                                                                              "Plan Width": 12,
                                                                              "Plans": [
                                                                                {
                                                                                  "Node Type": "Seq Scan",
                                                                                  "Parent Relationship": "Outer",
                                                                                  "Parallel Aware": true,
                                                                                  "Async Capable": false,
                                                                                  "Relation Name": "date_dim",
                                                                                  "Alias": "d1",
                                                                                  "Startup Cost": 0.0,
                                                                                  "Total Cost": 1942.12,
                                                                                  "Plan Rows": 213,
                                                                                  "Plan Width": 12,
                                                                                  "Filter": "(d_year = 2001)",
                                                                                  "parent": 22,
                                                                                  "ID": 23
                                                                                }
                                                                              ],
                                                                              "parent": 20,
                                                                              "ID": 22,
                                                                              "left": 23
                                                                            }
                                                                          ],
                                                                          "parent": 19,
                                                                          "ID": 20,
                                                                          "left": 21,
                                                                          "right": 22
                                                                        },
                                                                        {
                                                                          "Node Type": "Hash",
                                                                          "Parent Relationship": "Inner",
                                                                          "Parallel Aware": false,
                                                                          "Async Capable": false,
                                                                          "Startup Cost": 143.0,
                                                                          "Total Cost": 143.0,
                                                                          "Plan Rows": 1200,
                                                                          "Plan Width": 4,
                                                                          "Plans": [
                                                                            {
                                                                              "Node Type": "Seq Scan",
                                                                              "Parent Relationship": "Outer",
                                                                              "Parallel Aware": false,
                                                                              "Async Capable": false,
                                                                              "Relation Name": "household_demographics",
                                                                              "Alias": "household_demographics",
                                                                              "Startup Cost": 0.0,
                                                                              "Total Cost": 143.0,
                                                                              "Plan Rows": 1200,
                                                                              "Plan Width": 4,
                                                                              "Filter": "(hd_buy_potential = '501-1000'::bpchar)",
                                                                              "parent": 24,
                                                                              "ID": 25
                                                                            }
                                                                          ],
                                                                          "parent": 19,
                                                                          "ID": 24,
                                                                          "left": 25
                                                                        }
                                                                      ],
                                                                      "parent": 18,
                                                                      "ID": 19,
                                                                      "left": 20,
                                                                      "right": 24
                                                                    }
                                                                  ],
                                                                  "parent": 16,
                                                                  "ID": 18,
                                                                  "left": 19
                                                                }
                                                              ],
                                                              "parent": 15,
                                                              "ID": 16,
                                                              "left": 17,
                                                              "right": 18
                                                            }
                                                          ],
                                                          "parent": 13,
                                                          "ID": 15,
                                                          "left": 16
                                                        }
                                                      ],
                                                      "parent": 12,
                                                      "ID": 13,
                                                      "left": 14,
                                                      "right": 15
                                                    },
                                                    {
                                                      "Node Type": "Hash",
                                                      "Parent Relationship": "Inner",
                                                      "Parallel Aware": true,
                                                      "Async Capable": false,
                                                      "Startup Cost": 1834.7,
                                                      "Total Cost": 1834.7,
                                                      "Plan Rows": 42970,
                                                      "Plan Width": 8,
                                                      "Plans": [
                                                        {
                                                          "Node Type": "Seq Scan",
                                                          "Parent Relationship": "Outer",
                                                          "Parallel Aware": true,
                                                          "Async Capable": false,
                                                          "Relation Name": "date_dim",
                                                          "Alias": "d2",
                                                          "Startup Cost": 0.0,
                                                          "Total Cost": 1834.7,
                                                          "Plan Rows": 42970,
                                                          "Plan Width": 8,
                                                          "parent": 26,
                                                          "ID": 27
                                                        }
                                                      ],
                                                      "parent": 12,
                                                      "ID": 26,
                                                      "left": 27
                                                    }
                                                  ],
                                                  "parent": 11,
                                                  "ID": 12,
                                                  "left": 13,
                                                  "right": 26
                                                }
                                              ],
                                              "parent": 10,
                                              "ID": 11,
                                              "left": 12
                                            },
                                            {
                                              "Node Type": "Hash",
                                              "Parent Relationship": "Inner",
                                              "Parallel Aware": false,
                                              "Async Capable": false,
                                              "Startup Cost": 7984.0,
                                              "Total Cost": 7984.0,
                                              "Plan Rows": 102000,
                                              "Plan Width": 106,
                                              "Plans": [
                                                {
                                                  "Node Type": "Seq Scan",
                                                  "Parent Relationship": "Outer",
                                                  "Parallel Aware": false,
                                                  "Async Capable": false,
                                                  "Relation Name": "item",
                                                  "Alias": "item",
                                                  "Startup Cost": 0.0,
                                                  "Total Cost": 7984.0,
                                                  "Plan Rows": 102000,
                                                  "Plan Width": 106,
                                                  "parent": 28,
                                                  "ID": 29
                                                }
                                              ],
                                              "parent": 10,
                                              "ID": 28,
                                              "left": 29
                                            }
                                          ],
                                          "parent": 9,
                                          "ID": 10,
                                          "left": 11,
                                          "right": 28
                                        },
                                        {
                                          "Node Type": "Materialize",
                                          "Parent Relationship": "Inner",
                                          "Parallel Aware": false,
                                          "Async Capable": false,
                                          "Startup Cost": 0.0,
                                          "Total Cost": 1.15,
                                          "Plan Rows": 10,
                                          "Plan Width": 21,
                                          "Plans": [
                                            {
                                              "Node Type": "Seq Scan",
                                              "Parent Relationship": "Outer",
                                              "Parallel Aware": false,
                                              "Async Capable": false,
                                              "Relation Name": "warehouse",
                                              "Alias": "warehouse",
                                              "Startup Cost": 0.0,
                                              "Total Cost": 1.1,
                                              "Plan Rows": 10,
                                              "Plan Width": 21,
                                              "parent": 30,
                                              "ID": 31
                                            }
                                          ],
                                          "parent": 9,
                                          "ID": 30,
                                          "left": 31
                                        }
                                      ],
                                      "parent": 8,
                                      "ID": 9,
                                      "left": 10,
                                      "right": 30
                                    },
                                    {
                                      "Node Type": "Hash",
                                      "Parent Relationship": "Inner",
                                      "Parallel Aware": false,
                                      "Async Capable": false,
                                      "Startup Cost": 2135.49,
                                      "Total Cost": 2135.49,
                                      "Plan Rows": 73049,
                                      "Plan Width": 8,
                                      "Plans": [
                                        {
                                          "Node Type": "Seq Scan",
                                          "Parent Relationship": "Outer",
                                          "Parallel Aware": false,
                                          "Async Capable": false,
                                          "Relation Name": "date_dim",
                                          "Alias": "d3",
                                          "Startup Cost": 0.0,
                                          "Total Cost": 2135.49,
                                          "Plan Rows": 73049,
                                          "Plan Width": 8,
                                          "parent": 32,
                                          "ID": 33
                                        }
                                      ],
                                      "parent": 8,
                                      "ID": 32,
                                      "left": 33
                                    }
                                  ],
                                  "parent": 7,
                                  "ID": 8,
                                  "left": 9,
                                  "right": 32
                                }
                              ],
                              "parent": 5,
                              "ID": 7,
                              "left": 8
                            }
                          ],
                          "parent": 4,
                          "ID": 5,
                          "left": 6,
                          "right": 7
                        },
                        {
                          "Node Type": "Materialize",
                          "Parent Relationship": "Inner",
                          "Parallel Aware": false,
                          "Async Capable": false,
                          "Startup Cost": 0.0,
                          "Total Cost": 20.5,
                          "Plan Rows": 500,
                          "Plan Width": 4,
                          "Plans": [
                            {
                              "Node Type": "Seq Scan",
                              "Parent Relationship": "Outer",
                              "Parallel Aware": false,
                              "Async Capable": false,
                              "Relation Name": "promotion",
                              "Alias": "promotion",
                              "Startup Cost": 0.0,
                              "Total Cost": 18.0,
                              "Plan Rows": 500,
                              "Plan Width": 4,
                              "parent": 34,
                              "ID": 35
                            }
                          ],
                          "parent": 4,
                          "ID": 34,
                          "left": 35
                        }
                      ],
                      "parent": 3,
                      "ID": 4,
                      "left": 5,
                      "right": 34
                    }
                  ],
                  "parent": 2,
                  "ID": 3,
                  "left": 4
                }
              ],
              "parent": 1,
              "ID": 2,
              "left": 3
            }
          ],
          "parent": 0,
          "ID": 1,
          "left": 2
        }
      ],
      "parent": null,
      "ID": 0,
      "left": 1
    },
    "feat": {
      "utility": 8.351698851358588e-06,
      "query_shape": [
        [
          "Seq Scan",
          "Hash Join",
          "Nested Loop",
          "Sort",
          "Aggregate"
        ],
        [
          "Seq Scan",
          "Hash Join",
          "Gather",
          "Nested Loop",
          "Hash",
          "Sort",
          "Aggregate"
        ],
        [
          "Seq Scan",
          "Hash Join",
          "Hash",
          "Gather",
          "Nested Loop",
          "Sort",
          "Aggregate"
        ],
        [
          "Seq Scan",
          "Hash Join",
          "Hash",
          "Gather",
          "Nested Loop",
          "Sort",
          "Aggregate"
        ],
        [
          "Seq Scan",
          "Hash",
          "Hash Join",
          "Gather",
          "Nested Loop",
          "Sort",
          "Aggregate"
        ],
        [
          "Seq Scan",
          "Hash",
          "Hash Join",
          "Gather",
          "Nested Loop",
          "Sort",
          "Aggregate"
        ],
        [
          "Seq Scan",
          "Hash",
          "Hash Join",
          "Gather",
          "Nested Loop",
          "Sort",
          "Aggregate"
        ],
        [
          "Seq Scan",
          "Hash",
          "Hash Join",
          "Nested Loop",
          "Sort",
          "Aggregate"
        ],
        [
          "Seq Scan",
          "Materialize",
          "Nested Loop",
          "Hash Join",
          "Hash",
          "Sort",
          "Aggregate"
        ],
        [
          "Seq Scan",
          "Hash",
          "Hash Join",
          "Nested Loop",
          "Sort",
          "Aggregate"
        ],
        [
          "Seq Scan",
          "Materialize",
          "Nested Loop",
          "Sort",
          "Aggregate"
        ]
      ],
      "index_shape": [
        "join"
      ],
      "physical_operator": {
        "Nested Loop": [
          0.044721359549995794
        ]
      }
    }
  },
  {
    "query": "select  i_item_desc\n      ,w_warehouse_name\n      ,d1.d_week_seq\n      ,sum(case when p_promo_sk is null then 1 else 0 end) no_promo\n      ,sum(case when p_promo_sk is not null then 1 else 0 end) promo\n      ,count(*) total_cnt\nfrom catalog_sales\njoin inventory on (cs_item_sk = inv_item_sk)\njoin warehouse on (w_warehouse_sk=inv_warehouse_sk)\njoin item on (i_item_sk = cs_item_sk)\njoin customer_demographics on (cs_bill_cdemo_sk = cd_demo_sk)\njoin household_demographics on (cs_bill_hdemo_sk = hd_demo_sk)\njoin date_dim d1 on (cs_sold_date_sk = d1.d_date_sk)\njoin date_dim d2 on (inv_date_sk = d2.d_date_sk)\njoin date_dim d3 on (cs_ship_date_sk = d3.d_date_sk)\nleft outer join promotion on (cs_promo_sk=p_promo_sk)\nleft outer join catalog_returns on (cr_item_sk = cs_item_sk and cr_order_number = cs_order_number)\nwhere d1.d_week_seq = d2.d_week_seq\n  and inv_quantity_on_hand < cs_quantity \n  and d3.d_date > d1.d_date + 5\n  and hd_buy_potential = '501-1000'\n  and d1.d_year = 2001\n  and cd_marital_status = 'S'\ngroup by i_item_desc,w_warehouse_name,d1.d_week_seq\norder by total_cnt desc, i_item_desc, w_warehouse_name, d_week_seq\nlimit 100;\n\n-- end query 54 in stream 2 using template query72.tpl\n",
    "indexes": "catalog_sales.cs_order_number",
    "wo plan est": {
      "Node Type": "Limit",
      "Parallel Aware": false,
      "Async Capable": false,
      "Startup Cost": 2058864.31,
      "Total Cost": 2058864.41,
      "Plan Rows": 40,
      "Plan Width": 147,
      "Plans": [
        {
          "Node Type": "Sort",
          "Parent Relationship": "Outer",
          "Parallel Aware": false,
          "Async Capable": false,
          "Startup Cost": 2058864.31,
          "Total Cost": 2058864.41,
          "Plan Rows": 40,
          "Plan Width": 147,
          "Sort Key": [
            "(count(*)) DESC",
            "item.i_item_desc",
            "warehouse.w_warehouse_name",
            "d1.d_week_seq"
          ],
          "Plans": [
            {
              "Node Type": "Aggregate",
              "Strategy": "Sorted",
              "Partial Mode": "Simple",
              "Parent Relationship": "Outer",
              "Parallel Aware": false,
              "Async Capable": false,
              "Startup Cost": 2058862.15,
              "Total Cost": 2058863.25,
              "Plan Rows": 40,
              "Plan Width": 147,
              "Group Key": [
                "item.i_item_desc",
                "warehouse.w_warehouse_name",
                "d1.d_week_seq"
              ],
              "Plans": [
                {
                  "Node Type": "Sort",
                  "Parent Relationship": "Outer",
                  "Parallel Aware": false,
                  "Async Capable": false,
                  "Startup Cost": 2058862.15,
                  "Total Cost": 2058862.25,
                  "Plan Rows": 40,
                  "Plan Width": 127,
                  "Sort Key": [
                    "item.i_item_desc",
                    "warehouse.w_warehouse_name",
                    "d1.d_week_seq"
                  ],
                  "Plans": [
                    {
                      "Node Type": "Nested Loop",
                      "Parent Relationship": "Outer",
                      "Parallel Aware": false,
                      "Async Capable": false,
                      "Join Type": "Left",
                      "Startup Cost": 2004596.21,
                      "Total Cost": 2058861.08,
                      "Plan Rows": 40,
                      "Plan Width": 127,
                      "Inner Unique": false,
                      "Join Filter": "(catalog_sales.cs_promo_sk = promotion.p_promo_sk)",
                      "Plans": [
                        {
                          "Node Type": "Hash Join",
                          "Parent Relationship": "Outer",
                          "Parallel Aware": false,
                          "Async Capable": false,
                          "Join Type": "Right",
                          "Startup Cost": 2004596.21,
                          "Total Cost": 2058541.83,
                          "Plan Rows": 40,
                          "Plan Width": 127,
                          "Inner Unique": false,
                          "Hash Cond": "((catalog_returns.cr_item_sk = catalog_sales.cs_item_sk) AND (catalog_returns.cr_order_number = catalog_sales.cs_order_number))",
                          "Plans": [
                            {
                              "Node Type": "Seq Scan",
                              "Parent Relationship": "Outer",
                              "Parallel Aware": false,
                              "Async Capable": false,
                              "Relation Name": "catalog_returns",
                              "Alias": "catalog_returns",
                              "Startup Cost": 0.0,
                              "Total Cost": 43147.49,
                              "Plan Rows": 1439749,
                              "Plan Width": 8,
                              "parent": 5,
                              "ID": 6
                            },
                            {
                              "Node Type": "Hash",
                              "Parent Relationship": "Inner",
                              "Parallel Aware": false,
                              "Async Capable": false,
                              "Startup Cost": 2004595.61,
                              "Total Cost": 2004595.61,
                              "Plan Rows": 40,
                              "Plan Width": 135,
                              "Plans": [
                                {
                                  "Node Type": "Hash Join",
                                  "Parent Relationship": "Outer",
                                  "Parallel Aware": false,
                                  "Async Capable": false,
                                  "Join Type": "Inner",
                                  "Startup Cost": 508613.25,
                                  "Total Cost": 2004595.61,
                                  "Plan Rows": 40,
                                  "Plan Width": 135,
                                  "Inner Unique": false,
                                  "Hash Cond": "(catalog_sales.cs_ship_date_sk = d3.d_date_sk)",
                                  "Join Filter": "(d3.d_date > (d1.d_date + 5))",
                                  "Plans": [
                                    {
                                      "Node Type": "Nested Loop",
                                      "Parent Relationship": "Outer",
                                      "Parallel Aware": false,
                                      "Async Capable": false,
                                      "Join Type": "Inner",
                                      "Startup Cost": 505564.64,
                                      "Total Cost": 2001544.76,
                                      "Plan Rows": 121,
                                      "Plan Width": 143,
                                      "Inner Unique": false,
                                      "Join Filter": "(inventory.inv_warehouse_sk = warehouse.w_warehouse_sk)",
                                      "Plans": [
                                        {
                                          "Node Type": "Hash Join",
                                          "Parent Relationship": "Outer",
                                          "Parallel Aware": false,
                                          "Async Capable": false,
                                          "Join Type": "Inner",
                                          "Startup Cost": 505564.64,
                                          "Total Cost": 2001525.48,
                                          "Plan Rows": 121,
                                          "Plan Width": 130,
                                          "Inner Unique": false,
                                          "Hash Cond": "(catalog_sales.cs_item_sk = item.i_item_sk)",
                                          "Plans": [
                                            {
                                              "Node Type": "Gather",
                                              "Parent Relationship": "Outer",
                                              "Parallel Aware": false,
                                              "Async Capable": false,
                                              "Startup Cost": 494611.64,
                                              "Total Cost": 1988874.82,
                                              "Plan Rows": 121,
                                              "Plan Width": 32,
                                              "Workers Planned": 2,
                                              "Single Copy": false,
                                              "Plans": [
                                                {
                                                  "Node Type": "Hash Join",
                                                  "Parent Relationship": "Outer",
                                                  "Parallel Aware": true,
                                                  "Async Capable": false,
                                                  "Join Type": "Inner",
                                                  "Startup Cost": 493611.64,
                                                  "Total Cost": 1987862.72,
                                                  "Plan Rows": 50,
                                                  "Plan Width": 32,
                                                  "Inner Unique": false,
                                                  "Hash Cond": "((inventory.inv_date_sk = d2.d_date_sk) AND (d1.d_week_seq = d2.d_week_seq))",
                                                  "Plans": [
                                                    {
                                                      "Node Type": "Hash Join",
                                                      "Parent Relationship": "Outer",
                                                      "Parallel Aware": true,
                                                      "Async Capable": false,
                                                      "Join Type": "Inner",
                                                      "Startup Cost": 491132.39,
                                                      "Total Cost": 1981451.77,
                                                      "Plan Rows": 524186,
                                                      "Plan Width": 36,
                                                      "Inner Unique": false,
                                                      "Hash Cond": "(inventory.inv_item_sk = catalog_sales.cs_item_sk)",
                                                      "Join Filter": "(inventory.inv_quantity_on_hand < catalog_sales.cs_quantity)",
                                                      "Plans": [
                                                        {
                                                          "Node Type": "Seq Scan",
                                                          "Parent Relationship": "Outer",
                                                          "Parallel Aware": true,
                                                          "Async Capable": false,
                                                          "Relation Name": "inventory",
                                                          "Alias": "inventory",
                                                          "Startup Cost": 0.0,
                                                          "Total Cost": 1274139.37,
                                                          "Plan Rows": 55462537,
                                                          "Plan Width": 16,
                                                          "parent": 13,
                                                          "ID": 14
                                                        },
                                                        {
                                                          "Node Type": "Hash",
                                                          "Parent Relationship": "Inner",
                                                          "Parallel Aware": true,
                                                          "Async Capable": false,
                                                          "Startup Cost": 491120.29,
                                                          "Total Cost": 491120.29,
                                                          "Plan Rows": 968,
                                                          "Plan Width": 28,
                                                          "Plans": [
                                                            {
                                                              "Node Type": "Hash Join",
                                                              "Parent Relationship": "Outer",
                                                              "Parallel Aware": true,
                                                              "Async Capable": false,
                                                              "Join Type": "Inner",
                                                              "Startup Cost": 458688.15,
                                                              "Total Cost": 491120.29,
                                                              "Plan Rows": 968,
                                                              "Plan Width": 28,
                                                              "Inner Unique": false,
                                                              "Hash Cond": "(customer_demographics.cd_demo_sk = catalog_sales.cs_bill_cdemo_sk)",
                                                              "Plans": [
                                                                {
                                                                  "Node Type": "Seq Scan",
                                                                  "Parent Relationship": "Outer",
                                                                  "Parallel Aware": true,
                                                                  "Async Capable": false,
                                                                  "Relation Name": "customer_demographics",
                                                                  "Alias": "customer_demographics",
                                                                  "Startup Cost": 0.0,
                                                                  "Total Cost": 31832.17,
                                                                  "Plan Rows": 158920,
                                                                  "Plan Width": 4,
                                                                  "Filter": "(cd_marital_status = 'S'::bpchar)",
                                                                  "parent": 16,
                                                                  "ID": 17
                                                                },
                                                                {
                                                                  "Node Type": "Hash",
                                                                  "Parent Relationship": "Inner",
                                                                  "Parallel Aware": true,
                                                                  "Async Capable": false,
                                                                  "Startup Cost": 458626.88,
                                                                  "Total Cost": 458626.88,
                                                                  "Plan Rows": 4901,
                                                                  "Plan Width": 32,
                                                                  "Plans": [
                                                                    {
                                                                      "Node Type": "Hash Join",
                                                                      "Parent Relationship": "Outer",
                                                                      "Parallel Aware": false,
                                                                      "Async Capable": false,
                                                                      "Join Type": "Inner",
                                                                      "Startup Cost": 2102.79,
                                                                      "Total Cost": 458626.88,
                                                                      "Plan Rows": 4901,
                                                                      "Plan Width": 32,
                                                                      "Inner Unique": false,
                                                                      "Hash Cond": "(catalog_sales.cs_bill_hdemo_sk = household_demographics.hd_demo_sk)",
                                                                      "Plans": [
                                                                        {
                                                                          "Node Type": "Hash Join",
                                                                          "Parent Relationship": "Outer",
                                                                          "Parallel Aware": true,
                                                                          "Async Capable": false,
                                                                          "Join Type": "Inner",
                                                                          "Startup Cost": 1944.79,
                                                                          "Total Cost": 458308.99,
                                                                          "Plan Rows": 29569,
                                                                          "Plan Width": 36,
                                                                          "Inner Unique": false,
                                                                          "Hash Cond": "(catalog_sales.cs_sold_date_sk = d1.d_date_sk)",
                                                                          "Plans": [
                                                                            {
                                                                              "Node Type": "Seq Scan",
                                                                              "Parent Relationship": "Outer",
                                                                              "Parallel Aware": true,
                                                                              "Async Capable": false,
                                                                              "Relation Name": "catalog_sales",
                                                                              "Alias": "catalog_sales",
                                                                              "Startup Cost": 0.0,
                                                                              "Total Cost": 433688.25,
                                                                              "Plan Rows": 6000525,
                                                                              "Plan Width": 32,
                                                                              "parent": 20,
                                                                              "ID": 21
                                                                            },
                                                                            {
                                                                              "Node Type": "Hash",
                                                                              "Parent Relationship": "Inner",
                                                                              "Parallel Aware": true,
                                                                              "Async Capable": false,
                                                                              "Startup Cost": 1942.12,
                                                                              "Total Cost": 1942.12,
                                                                              "Plan Rows": 213,
                                                                              "Plan Width": 12,
                                                                              "Plans": [
                                                                                {
                                                                                  "Node Type": "Seq Scan",
                                                                                  "Parent Relationship": "Outer",
                                                                                  "Parallel Aware": true,
                                                                                  "Async Capable": false,
                                                                                  "Relation Name": "date_dim",
                                                                                  "Alias": "d1",
                                                                                  "Startup Cost": 0.0,
                                                                                  "Total Cost": 1942.12,
                                                                                  "Plan Rows": 213,
                                                                                  "Plan Width": 12,
                                                                                  "Filter": "(d_year = 2001)",
                                                                                  "parent": 22,
                                                                                  "ID": 23
                                                                                }
                                                                              ],
                                                                              "parent": 20,
                                                                              "ID": 22,
                                                                              "left": 23
                                                                            }
                                                                          ],
                                                                          "parent": 19,
                                                                          "ID": 20,
                                                                          "left": 21,
                                                                          "right": 22
                                                                        },
                                                                        {
                                                                          "Node Type": "Hash",
                                                                          "Parent Relationship": "Inner",
                                                                          "Parallel Aware": false,
                                                                          "Async Capable": false,
                                                                          "Startup Cost": 143.0,
                                                                          "Total Cost": 143.0,
                                                                          "Plan Rows": 1200,
                                                                          "Plan Width": 4,
                                                                          "Plans": [
                                                                            {
                                                                              "Node Type": "Seq Scan",
                                                                              "Parent Relationship": "Outer",
                                                                              "Parallel Aware": false,
                                                                              "Async Capable": false,
                                                                              "Relation Name": "household_demographics",
                                                                              "Alias": "household_demographics",
                                                                              "Startup Cost": 0.0,
                                                                              "Total Cost": 143.0,
                                                                              "Plan Rows": 1200,
                                                                              "Plan Width": 4,
                                                                              "Filter": "(hd_buy_potential = '501-1000'::bpchar)",
                                                                              "parent": 24,
                                                                              "ID": 25
                                                                            }
                                                                          ],
                                                                          "parent": 19,
                                                                          "ID": 24,
                                                                          "left": 25
                                                                        }
                                                                      ],
                                                                      "parent": 18,
                                                                      "ID": 19,
                                                                      "left": 20,
                                                                      "right": 24
                                                                    }
                                                                  ],
                                                                  "parent": 16,
                                                                  "ID": 18,
                                                                  "left": 19
                                                                }
                                                              ],
                                                              "parent": 15,
                                                              "ID": 16,
                                                              "left": 17,
                                                              "right": 18
                                                            }
                                                          ],
                                                          "parent": 13,
                                                          "ID": 15,
                                                          "left": 16
                                                        }
                                                      ],
                                                      "parent": 12,
                                                      "ID": 13,
                                                      "left": 14,
                                                      "right": 15
                                                    },
                                                    {
                                                      "Node Type": "Hash",
                                                      "Parent Relationship": "Inner",
                                                      "Parallel Aware": true,
                                                      "Async Capable": false,
                                                      "Startup Cost": 1834.7,
                                                      "Total Cost": 1834.7,
                                                      "Plan Rows": 42970,
                                                      "Plan Width": 8,
                                                      "Plans": [
                                                        {
                                                          "Node Type": "Seq Scan",
                                                          "Parent Relationship": "Outer",
                                                          "Parallel Aware": true,
                                                          "Async Capable": false,
                                                          "Relation Name": "date_dim",
                                                          "Alias": "d2",
                                                          "Startup Cost": 0.0,
                                                          "Total Cost": 1834.7,
                                                          "Plan Rows": 42970,
                                                          "Plan Width": 8,
                                                          "parent": 26,
                                                          "ID": 27
                                                        }
                                                      ],
                                                      "parent": 12,
                                                      "ID": 26,
                                                      "left": 27
                                                    }
                                                  ],
                                                  "parent": 11,
                                                  "ID": 12,
                                                  "left": 13,
                                                  "right": 26
                                                }
                                              ],
                                              "parent": 10,
                                              "ID": 11,
                                              "left": 12
                                            },
                                            {
                                              "Node Type": "Hash",
                                              "Parent Relationship": "Inner",
                                              "Parallel Aware": false,
                                              "Async Capable": false,
                                              "Startup Cost": 7984.0,
                                              "Total Cost": 7984.0,
                                              "Plan Rows": 102000,
                                              "Plan Width": 106,
                                              "Plans": [
                                                {
                                                  "Node Type": "Seq Scan",
                                                  "Parent Relationship": "Outer",
                                                  "Parallel Aware": false,
                                                  "Async Capable": false,
                                                  "Relation Name": "item",
                                                  "Alias": "item",
                                                  "Startup Cost": 0.0,
                                                  "Total Cost": 7984.0,
                                                  "Plan Rows": 102000,
                                                  "Plan Width": 106,
                                                  "parent": 28,
                                                  "ID": 29
                                                }
                                              ],
                                              "parent": 10,
                                              "ID": 28,
                                              "left": 29
                                            }
                                          ],
                                          "parent": 9,
                                          "ID": 10,
                                          "left": 11,
                                          "right": 28
                                        },
                                        {
                                          "Node Type": "Materialize",
                                          "Parent Relationship": "Inner",
                                          "Parallel Aware": false,
                                          "Async Capable": false,
                                          "Startup Cost": 0.0,
                                          "Total Cost": 1.15,
                                          "Plan Rows": 10,
                                          "Plan Width": 21,
                                          "Plans": [
                                            {
                                              "Node Type": "Seq Scan",
                                              "Parent Relationship": "Outer",
                                              "Parallel Aware": false,
                                              "Async Capable": false,
                                              "Relation Name": "warehouse",
                                              "Alias": "warehouse",
                                              "Startup Cost": 0.0,
                                              "Total Cost": 1.1,
                                              "Plan Rows": 10,
                                              "Plan Width": 21,
                                              "parent": 30,
                                              "ID": 31
                                            }
                                          ],
                                          "parent": 9,
                                          "ID": 30,
                                          "left": 31
                                        }
                                      ],
                                      "parent": 8,
                                      "ID": 9,
                                      "left": 10,
                                      "right": 30
                                    },
                                    {
                                      "Node Type": "Hash",
                                      "Parent Relationship": "Inner",
                                      "Parallel Aware": false,
                                      "Async Capable": false,
                                      "Startup Cost": 2135.49,
                                      "Total Cost": 2135.49,
                                      "Plan Rows": 73049,
                                      "Plan Width": 8,
                                      "Plans": [
                                        {
                                          "Node Type": "Seq Scan",
                                          "Parent Relationship": "Outer",
                                          "Parallel Aware": false,
                                          "Async Capable": false,
                                          "Relation Name": "date_dim",
                                          "Alias": "d3",
                                          "Startup Cost": 0.0,
                                          "Total Cost": 2135.49,
                                          "Plan Rows": 73049,
                                          "Plan Width": 8,
                                          "parent": 32,
                                          "ID": 33
                                        }
                                      ],
                                      "parent": 8,
                                      "ID": 32,
                                      "left": 33
                                    }
                                  ],
                                  "parent": 7,
                                  "ID": 8,
                                  "left": 9,
                                  "right": 32
                                }
                              ],
                              "parent": 5,
                              "ID": 7,
                              "left": 8
                            }
                          ],
                          "parent": 4,
                          "ID": 5,
                          "left": 6,
                          "right": 7
                        },
                        {
                          "Node Type": "Materialize",
                          "Parent Relationship": "Inner",
                          "Parallel Aware": false,
                          "Async Capable": false,
                          "Startup Cost": 0.0,
                          "Total Cost": 20.5,
                          "Plan Rows": 500,
                          "Plan Width": 4,
                          "Plans": [
                            {
                              "Node Type": "Seq Scan",
                              "Parent Relationship": "Outer",
                              "Parallel Aware": false,
                              "Async Capable": false,
                              "Relation Name": "promotion",
                              "Alias": "promotion",
                              "Startup Cost": 0.0,
                              "Total Cost": 18.0,
                              "Plan Rows": 500,
                              "Plan Width": 4,
                              "parent": 34,
                              "ID": 35
                            }
                          ],
                          "parent": 4,
                          "ID": 34,
                          "left": 35
                        }
                      ],
                      "parent": 3,
                      "ID": 4,
                      "left": 5,
                      "right": 34
                    }
                  ],
                  "parent": 2,
                  "ID": 3,
                  "left": 4
                }
              ],
              "parent": 1,
              "ID": 2,
              "left": 3
            }
          ],
          "parent": 0,
          "ID": 1,
          "left": 2
        }
      ],
      "parent": null,
      "ID": 0,
      "left": 1
    },
    "feat": {
      "utility": 8.735397340972738e-06,
      "query_shape": [
        [
          "Seq Scan",
          "Hash Join",
          "Nested Loop",
          "Sort",
          "Aggregate"
        ],
        [
          "Seq Scan",
          "Hash Join",
          "Gather",
          "Nested Loop",
          "Hash",
          "Sort",
          "Aggregate"
        ],
        [
          "Seq Scan",
          "Hash Join",
          "Hash",
          "Gather",
          "Nested Loop",
          "Sort",
          "Aggregate"
        ],
        [
          "Seq Scan",
          "Hash Join",
          "Hash",
          "Gather",
          "Nested Loop",
          "Sort",
          "Aggregate"
        ],
        [
          "Seq Scan",
          "Hash",
          "Hash Join",
          "Gather",
          "Nested Loop",
          "Sort",
          "Aggregate"
        ],
        [
          "Seq Scan",
          "Hash",
          "Hash Join",
          "Gather",
          "Nested Loop",
          "Sort",
          "Aggregate"
        ],
        [
          "Seq Scan",
          "Hash",
          "Hash Join",
          "Gather",
          "Nested Loop",
          "Sort",
          "Aggregate"
        ],
        [
          "Seq Scan",
          "Hash",
          "Hash Join",
          "Nested Loop",
          "Sort",
          "Aggregate"
        ],
        [
          "Seq Scan",
          "Materialize",
          "Nested Loop",
          "Hash Join",
          "Hash",
          "Sort",
          "Aggregate"
        ],
        [
          "Seq Scan",
          "Hash",
          "Hash Join",
          "Nested Loop",
          "Sort",
          "Aggregate"
        ],
        [
          "Seq Scan",
          "Materialize",
          "Nested Loop",
          "Sort",
          "Aggregate"
        ]
      ],
      "index_shape": [
        "join"
      ],
      "physical_operator": {
        "Hash Join": [
          0.0008334059701440358
        ]
      }
    }
  },
  {
    "query": "select  i_item_desc\n      ,w_warehouse_name\n      ,d1.d_week_seq\n      ,sum(case when p_promo_sk is null then 1 else 0 end) no_promo\n      ,sum(case when p_promo_sk is not null then 1 else 0 end) promo\n      ,count(*) total_cnt\nfrom catalog_sales\njoin inventory on (cs_item_sk = inv_item_sk)\njoin warehouse on (w_warehouse_sk=inv_warehouse_sk)\njoin item on (i_item_sk = cs_item_sk)\njoin customer_demographics on (cs_bill_cdemo_sk = cd_demo_sk)\njoin household_demographics on (cs_bill_hdemo_sk = hd_demo_sk)\njoin date_dim d1 on (cs_sold_date_sk = d1.d_date_sk)\njoin date_dim d2 on (inv_date_sk = d2.d_date_sk)\njoin date_dim d3 on (cs_ship_date_sk = d3.d_date_sk)\nleft outer join promotion on (cs_promo_sk=p_promo_sk)\nleft outer join catalog_returns on (cr_item_sk = cs_item_sk and cr_order_number = cs_order_number)\nwhere d1.d_week_seq = d2.d_week_seq\n  and inv_quantity_on_hand < cs_quantity \n  and d3.d_date > d1.d_date + 5\n  and hd_buy_potential = '501-1000'\n  and d1.d_year = 2001\n  and cd_marital_status = 'S'\ngroup by i_item_desc,w_warehouse_name,d1.d_week_seq\norder by total_cnt desc, i_item_desc, w_warehouse_name, d_week_seq\nlimit 100;\n\n-- end query 54 in stream 2 using template query72.tpl\n",
    "indexes": "catalog_sales.cs_quantity",
    "wo plan est": {
      "Node Type": "Limit",
      "Parallel Aware": false,
      "Async Capable": false,
      "Startup Cost": 2058864.31,
      "Total Cost": 2058864.41,
      "Plan Rows": 40,
      "Plan Width": 147,
      "Plans": [
        {
          "Node Type": "Sort",
          "Parent Relationship": "Outer",
          "Parallel Aware": false,
          "Async Capable": false,
          "Startup Cost": 2058864.31,
          "Total Cost": 2058864.41,
          "Plan Rows": 40,
          "Plan Width": 147,
          "Sort Key": [
            "(count(*)) DESC",
            "item.i_item_desc",
            "warehouse.w_warehouse_name",
            "d1.d_week_seq"
          ],
          "Plans": [
            {
              "Node Type": "Aggregate",
              "Strategy": "Sorted",
              "Partial Mode": "Simple",
              "Parent Relationship": "Outer",
              "Parallel Aware": false,
              "Async Capable": false,
              "Startup Cost": 2058862.15,
              "Total Cost": 2058863.25,
              "Plan Rows": 40,
              "Plan Width": 147,
              "Group Key": [
                "item.i_item_desc",
                "warehouse.w_warehouse_name",
                "d1.d_week_seq"
              ],
              "Plans": [
                {
                  "Node Type": "Sort",
                  "Parent Relationship": "Outer",
                  "Parallel Aware": false,
                  "Async Capable": false,
                  "Startup Cost": 2058862.15,
                  "Total Cost": 2058862.25,
                  "Plan Rows": 40,
                  "Plan Width": 127,
                  "Sort Key": [
                    "item.i_item_desc",
                    "warehouse.w_warehouse_name",
                    "d1.d_week_seq"
                  ],
                  "Plans": [
                    {
                      "Node Type": "Nested Loop",
                      "Parent Relationship": "Outer",
                      "Parallel Aware": false,
                      "Async Capable": false,
                      "Join Type": "Left",
                      "Startup Cost": 2004596.21,
                      "Total Cost": 2058861.08,
                      "Plan Rows": 40,
                      "Plan Width": 127,
                      "Inner Unique": false,
                      "Join Filter": "(catalog_sales.cs_promo_sk = promotion.p_promo_sk)",
                      "Plans": [
                        {
                          "Node Type": "Hash Join",
                          "Parent Relationship": "Outer",
                          "Parallel Aware": false,
                          "Async Capable": false,
                          "Join Type": "Right",
                          "Startup Cost": 2004596.21,
                          "Total Cost": 2058541.83,
                          "Plan Rows": 40,
                          "Plan Width": 127,
                          "Inner Unique": false,
                          "Hash Cond": "((catalog_returns.cr_item_sk = catalog_sales.cs_item_sk) AND (catalog_returns.cr_order_number = catalog_sales.cs_order_number))",
                          "Plans": [
                            {
                              "Node Type": "Seq Scan",
                              "Parent Relationship": "Outer",
                              "Parallel Aware": false,
                              "Async Capable": false,
                              "Relation Name": "catalog_returns",
                              "Alias": "catalog_returns",
                              "Startup Cost": 0.0,
                              "Total Cost": 43147.49,
                              "Plan Rows": 1439749,
                              "Plan Width": 8,
                              "parent": 5,
                              "ID": 6
                            },
                            {
                              "Node Type": "Hash",
                              "Parent Relationship": "Inner",
                              "Parallel Aware": false,
                              "Async Capable": false,
                              "Startup Cost": 2004595.61,
                              "Total Cost": 2004595.61,
                              "Plan Rows": 40,
                              "Plan Width": 135,
                              "Plans": [
                                {
                                  "Node Type": "Hash Join",
                                  "Parent Relationship": "Outer",
                                  "Parallel Aware": false,
                                  "Async Capable": false,
                                  "Join Type": "Inner",
                                  "Startup Cost": 508613.25,
                                  "Total Cost": 2004595.61,
                                  "Plan Rows": 40,
                                  "Plan Width": 135,
                                  "Inner Unique": false,
                                  "Hash Cond": "(catalog_sales.cs_ship_date_sk = d3.d_date_sk)",
                                  "Join Filter": "(d3.d_date > (d1.d_date + 5))",
                                  "Plans": [
                                    {
                                      "Node Type": "Nested Loop",
                                      "Parent Relationship": "Outer",
                                      "Parallel Aware": false,
                                      "Async Capable": false,
                                      "Join Type": "Inner",
                                      "Startup Cost": 505564.64,
                                      "Total Cost": 2001544.76,
                                      "Plan Rows": 121,
                                      "Plan Width": 143,
                                      "Inner Unique": false,
                                      "Join Filter": "(inventory.inv_warehouse_sk = warehouse.w_warehouse_sk)",
                                      "Plans": [
                                        {
                                          "Node Type": "Hash Join",
                                          "Parent Relationship": "Outer",
                                          "Parallel Aware": false,
                                          "Async Capable": false,
                                          "Join Type": "Inner",
                                          "Startup Cost": 505564.64,
                                          "Total Cost": 2001525.48,
                                          "Plan Rows": 121,
                                          "Plan Width": 130,
                                          "Inner Unique": false,
                                          "Hash Cond": "(catalog_sales.cs_item_sk = item.i_item_sk)",
                                          "Plans": [
                                            {
                                              "Node Type": "Gather",
                                              "Parent Relationship": "Outer",
                                              "Parallel Aware": false,
                                              "Async Capable": false,
                                              "Startup Cost": 494611.64,
                                              "Total Cost": 1988874.82,
                                              "Plan Rows": 121,
                                              "Plan Width": 32,
                                              "Workers Planned": 2,
                                              "Single Copy": false,
                                              "Plans": [
                                                {
                                                  "Node Type": "Hash Join",
                                                  "Parent Relationship": "Outer",
                                                  "Parallel Aware": true,
                                                  "Async Capable": false,
                                                  "Join Type": "Inner",
                                                  "Startup Cost": 493611.64,
                                                  "Total Cost": 1987862.72,
                                                  "Plan Rows": 50,
                                                  "Plan Width": 32,
                                                  "Inner Unique": false,
                                                  "Hash Cond": "((inventory.inv_date_sk = d2.d_date_sk) AND (d1.d_week_seq = d2.d_week_seq))",
                                                  "Plans": [
                                                    {
                                                      "Node Type": "Hash Join",
                                                      "Parent Relationship": "Outer",
                                                      "Parallel Aware": true,
                                                      "Async Capable": false,
                                                      "Join Type": "Inner",
                                                      "Startup Cost": 491132.39,
                                                      "Total Cost": 1981451.77,
                                                      "Plan Rows": 524186,
                                                      "Plan Width": 36,
                                                      "Inner Unique": false,
                                                      "Hash Cond": "(inventory.inv_item_sk = catalog_sales.cs_item_sk)",
                                                      "Join Filter": "(inventory.inv_quantity_on_hand < catalog_sales.cs_quantity)",
                                                      "Plans": [
                                                        {
                                                          "Node Type": "Seq Scan",
                                                          "Parent Relationship": "Outer",
                                                          "Parallel Aware": true,
                                                          "Async Capable": false,
                                                          "Relation Name": "inventory",
                                                          "Alias": "inventory",
                                                          "Startup Cost": 0.0,
                                                          "Total Cost": 1274139.37,
                                                          "Plan Rows": 55462537,
                                                          "Plan Width": 16,
                                                          "parent": 13,
                                                          "ID": 14
                                                        },
                                                        {
                                                          "Node Type": "Hash",
                                                          "Parent Relationship": "Inner",
                                                          "Parallel Aware": true,
                                                          "Async Capable": false,
                                                          "Startup Cost": 491120.29,
                                                          "Total Cost": 491120.29,
                                                          "Plan Rows": 968,
                                                          "Plan Width": 28,
                                                          "Plans": [
                                                            {
                                                              "Node Type": "Hash Join",
                                                              "Parent Relationship": "Outer",
                                                              "Parallel Aware": true,
                                                              "Async Capable": false,
                                                              "Join Type": "Inner",
                                                              "Startup Cost": 458688.15,
                                                              "Total Cost": 491120.29,
                                                              "Plan Rows": 968,
                                                              "Plan Width": 28,
                                                              "Inner Unique": false,
                                                              "Hash Cond": "(customer_demographics.cd_demo_sk = catalog_sales.cs_bill_cdemo_sk)",
                                                              "Plans": [
                                                                {
                                                                  "Node Type": "Seq Scan",
                                                                  "Parent Relationship": "Outer",
                                                                  "Parallel Aware": true,
                                                                  "Async Capable": false,
                                                                  "Relation Name": "customer_demographics",
                                                                  "Alias": "customer_demographics",
                                                                  "Startup Cost": 0.0,
                                                                  "Total Cost": 31832.17,
                                                                  "Plan Rows": 158920,
                                                                  "Plan Width": 4,
                                                                  "Filter": "(cd_marital_status = 'S'::bpchar)",
                                                                  "parent": 16,
                                                                  "ID": 17
                                                                },
                                                                {
                                                                  "Node Type": "Hash",
                                                                  "Parent Relationship": "Inner",
                                                                  "Parallel Aware": true,
                                                                  "Async Capable": false,
                                                                  "Startup Cost": 458626.88,
                                                                  "Total Cost": 458626.88,
                                                                  "Plan Rows": 4901,
                                                                  "Plan Width": 32,
                                                                  "Plans": [
                                                                    {
                                                                      "Node Type": "Hash Join",
                                                                      "Parent Relationship": "Outer",
                                                                      "Parallel Aware": false,
                                                                      "Async Capable": false,
                                                                      "Join Type": "Inner",
                                                                      "Startup Cost": 2102.79,
                                                                      "Total Cost": 458626.88,
                                                                      "Plan Rows": 4901,
                                                                      "Plan Width": 32,
                                                                      "Inner Unique": false,
                                                                      "Hash Cond": "(catalog_sales.cs_bill_hdemo_sk = household_demographics.hd_demo_sk)",
                                                                      "Plans": [
                                                                        {
                                                                          "Node Type": "Hash Join",
                                                                          "Parent Relationship": "Outer",
                                                                          "Parallel Aware": true,
                                                                          "Async Capable": false,
                                                                          "Join Type": "Inner",
                                                                          "Startup Cost": 1944.79,
                                                                          "Total Cost": 458308.99,
                                                                          "Plan Rows": 29569,
                                                                          "Plan Width": 36,
                                                                          "Inner Unique": false,
                                                                          "Hash Cond": "(catalog_sales.cs_sold_date_sk = d1.d_date_sk)",
                                                                          "Plans": [
                                                                            {
                                                                              "Node Type": "Seq Scan",
                                                                              "Parent Relationship": "Outer",
                                                                              "Parallel Aware": true,
                                                                              "Async Capable": false,
                                                                              "Relation Name": "catalog_sales",
                                                                              "Alias": "catalog_sales",
                                                                              "Startup Cost": 0.0,
                                                                              "Total Cost": 433688.25,
                                                                              "Plan Rows": 6000525,
                                                                              "Plan Width": 32,
                                                                              "parent": 20,
                                                                              "ID": 21
                                                                            },
                                                                            {
                                                                              "Node Type": "Hash",
                                                                              "Parent Relationship": "Inner",
                                                                              "Parallel Aware": true,
                                                                              "Async Capable": false,
                                                                              "Startup Cost": 1942.12,
                                                                              "Total Cost": 1942.12,
                                                                              "Plan Rows": 213,
                                                                              "Plan Width": 12,
                                                                              "Plans": [
                                                                                {
                                                                                  "Node Type": "Seq Scan",
                                                                                  "Parent Relationship": "Outer",
                                                                                  "Parallel Aware": true,
                                                                                  "Async Capable": false,
                                                                                  "Relation Name": "date_dim",
                                                                                  "Alias": "d1",
                                                                                  "Startup Cost": 0.0,
                                                                                  "Total Cost": 1942.12,
                                                                                  "Plan Rows": 213,
                                                                                  "Plan Width": 12,
                                                                                  "Filter": "(d_year = 2001)",
                                                                                  "parent": 22,
                                                                                  "ID": 23
                                                                                }
                                                                              ],
                                                                              "parent": 20,
                                                                              "ID": 22,
                                                                              "left": 23
                                                                            }
                                                                          ],
                                                                          "parent": 19,
                                                                          "ID": 20,
                                                                          "left": 21,
                                                                          "right": 22
                                                                        },
                                                                        {
                                                                          "Node Type": "Hash",
                                                                          "Parent Relationship": "Inner",
                                                                          "Parallel Aware": false,
                                                                          "Async Capable": false,
                                                                          "Startup Cost": 143.0,
                                                                          "Total Cost": 143.0,
                                                                          "Plan Rows": 1200,
                                                                          "Plan Width": 4,
                                                                          "Plans": [
                                                                            {
                                                                              "Node Type": "Seq Scan",
                                                                              "Parent Relationship": "Outer",
                                                                              "Parallel Aware": false,
                                                                              "Async Capable": false,
                                                                              "Relation Name": "household_demographics",
                                                                              "Alias": "household_demographics",
                                                                              "Startup Cost": 0.0,
                                                                              "Total Cost": 143.0,
                                                                              "Plan Rows": 1200,
                                                                              "Plan Width": 4,
                                                                              "Filter": "(hd_buy_potential = '501-1000'::bpchar)",
                                                                              "parent": 24,
                                                                              "ID": 25
                                                                            }
                                                                          ],
                                                                          "parent": 19,
                                                                          "ID": 24,
                                                                          "left": 25
                                                                        }
                                                                      ],
                                                                      "parent": 18,
                                                                      "ID": 19,
                                                                      "left": 20,
                                                                      "right": 24
                                                                    }
                                                                  ],
                                                                  "parent": 16,
                                                                  "ID": 18,
                                                                  "left": 19
                                                                }
                                                              ],
                                                              "parent": 15,
                                                              "ID": 16,
                                                              "left": 17,
                                                              "right": 18
                                                            }
                                                          ],
                                                          "parent": 13,
                                                          "ID": 15,
                                                          "left": 16
                                                        }
                                                      ],
                                                      "parent": 12,
                                                      "ID": 13,
                                                      "left": 14,
                                                      "right": 15
                                                    },
                                                    {
                                                      "Node Type": "Hash",
                                                      "Parent Relationship": "Inner",
                                                      "Parallel Aware": true,
                                                      "Async Capable": false,
                                                      "Startup Cost": 1834.7,
                                                      "Total Cost": 1834.7,
                                                      "Plan Rows": 42970,
                                                      "Plan Width": 8,
                                                      "Plans": [
                                                        {
                                                          "Node Type": "Seq Scan",
                                                          "Parent Relationship": "Outer",
                                                          "Parallel Aware": true,
                                                          "Async Capable": false,
                                                          "Relation Name": "date_dim",
                                                          "Alias": "d2",
                                                          "Startup Cost": 0.0,
                                                          "Total Cost": 1834.7,
                                                          "Plan Rows": 42970,
                                                          "Plan Width": 8,
                                                          "parent": 26,
                                                          "ID": 27
                                                        }
                                                      ],
                                                      "parent": 12,
                                                      "ID": 26,
                                                      "left": 27
                                                    }
                                                  ],
                                                  "parent": 11,
                                                  "ID": 12,
                                                  "left": 13,
                                                  "right": 26
                                                }
                                              ],
                                              "parent": 10,
                                              "ID": 11,
                                              "left": 12
                                            },
                                            {
                                              "Node Type": "Hash",
                                              "Parent Relationship": "Inner",
                                              "Parallel Aware": false,
                                              "Async Capable": false,
                                              "Startup Cost": 7984.0,
                                              "Total Cost": 7984.0,
                                              "Plan Rows": 102000,
                                              "Plan Width": 106,
                                              "Plans": [
                                                {
                                                  "Node Type": "Seq Scan",
                                                  "Parent Relationship": "Outer",
                                                  "Parallel Aware": false,
                                                  "Async Capable": false,
                                                  "Relation Name": "item",
                                                  "Alias": "item",
                                                  "Startup Cost": 0.0,
                                                  "Total Cost": 7984.0,
                                                  "Plan Rows": 102000,
                                                  "Plan Width": 106,
                                                  "parent": 28,
                                                  "ID": 29
                                                }
                                              ],
                                              "parent": 10,
                                              "ID": 28,
                                              "left": 29
                                            }
                                          ],
                                          "parent": 9,
                                          "ID": 10,
                                          "left": 11,
                                          "right": 28
                                        },
                                        {
                                          "Node Type": "Materialize",
                                          "Parent Relationship": "Inner",
                                          "Parallel Aware": false,
                                          "Async Capable": false,
                                          "Startup Cost": 0.0,
                                          "Total Cost": 1.15,
                                          "Plan Rows": 10,
                                          "Plan Width": 21,
                                          "Plans": [
                                            {
                                              "Node Type": "Seq Scan",
                                              "Parent Relationship": "Outer",
                                              "Parallel Aware": false,
                                              "Async Capable": false,
                                              "Relation Name": "warehouse",
                                              "Alias": "warehouse",
                                              "Startup Cost": 0.0,
                                              "Total Cost": 1.1,
                                              "Plan Rows": 10,
                                              "Plan Width": 21,
                                              "parent": 30,
                                              "ID": 31
                                            }
                                          ],
                                          "parent": 9,
                                          "ID": 30,
                                          "left": 31
                                        }
                                      ],
                                      "parent": 8,
                                      "ID": 9,
                                      "left": 10,
                                      "right": 30
                                    },
                                    {
                                      "Node Type": "Hash",
                                      "Parent Relationship": "Inner",
                                      "Parallel Aware": false,
                                      "Async Capable": false,
                                      "Startup Cost": 2135.49,
                                      "Total Cost": 2135.49,
                                      "Plan Rows": 73049,
                                      "Plan Width": 8,
                                      "Plans": [
                                        {
                                          "Node Type": "Seq Scan",
                                          "Parent Relationship": "Outer",
                                          "Parallel Aware": false,
                                          "Async Capable": false,
                                          "Relation Name": "date_dim",
                                          "Alias": "d3",
                                          "Startup Cost": 0.0,
                                          "Total Cost": 2135.49,
                                          "Plan Rows": 73049,
                                          "Plan Width": 8,
                                          "parent": 32,
                                          "ID": 33
                                        }
                                      ],
                                      "parent": 8,
                                      "ID": 32,
                                      "left": 33
                                    }
                                  ],
                                  "parent": 7,
                                  "ID": 8,
                                  "left": 9,
                                  "right": 32
                                }
                              ],
                              "parent": 5,
                              "ID": 7,
                              "left": 8
                            }
                          ],
                          "parent": 4,
                          "ID": 5,
                          "left": 6,
                          "right": 7
                        },
                        {
                          "Node Type": "Materialize",
                          "Parent Relationship": "Inner",
                          "Parallel Aware": false,
                          "Async Capable": false,
                          "Startup Cost": 0.0,
                          "Total Cost": 20.5,
                          "Plan Rows": 500,
                          "Plan Width": 4,
                          "Plans": [
                            {
                              "Node Type": "Seq Scan",
                              "Parent Relationship": "Outer",
                              "Parallel Aware": false,
                              "Async Capable": false,
                              "Relation Name": "promotion",
                              "Alias": "promotion",
                              "Startup Cost": 0.0,
                              "Total Cost": 18.0,
                              "Plan Rows": 500,
                              "Plan Width": 4,
                              "parent": 34,
                              "ID": 35
                            }
                          ],
                          "parent": 4,
                          "ID": 34,
                          "left": 35
                        }
                      ],
                      "parent": 3,
                      "ID": 4,
                      "left": 5,
                      "right": 34
                    }
                  ],
                  "parent": 2,
                  "ID": 3,
                  "left": 4
                }
              ],
              "parent": 1,
              "ID": 2,
              "left": 3
            }
          ],
          "parent": 0,
          "ID": 1,
          "left": 2
        }
      ],
      "parent": null,
      "ID": 0,
      "left": 1
    },
    "feat": {
      "utility": 8.715365481319366e-06,
      "query_shape": [
        [
          "Seq Scan",
          "Hash Join",
          "Nested Loop",
          "Sort",
          "Aggregate"
        ],
        [
          "Seq Scan",
          "Hash Join",
          "Gather",
          "Nested Loop",
          "Hash",
          "Sort",
          "Aggregate"
        ],
        [
          "Seq Scan",
          "Hash Join",
          "Hash",
          "Gather",
          "Nested Loop",
          "Sort",
          "Aggregate"
        ],
        [
          "Seq Scan",
          "Hash Join",
          "Hash",
          "Gather",
          "Nested Loop",
          "Sort",
          "Aggregate"
        ],
        [
          "Seq Scan",
          "Hash",
          "Hash Join",
          "Gather",
          "Nested Loop",
          "Sort",
          "Aggregate"
        ],
        [
          "Seq Scan",
          "Hash",
          "Hash Join",
          "Gather",
          "Nested Loop",
          "Sort",
          "Aggregate"
        ],
        [
          "Seq Scan",
          "Hash",
          "Hash Join",
          "Gather",
          "Nested Loop",
          "Sort",
          "Aggregate"
        ],
        [
          "Seq Scan",
          "Hash",
          "Hash Join",
          "Nested Loop",
          "Sort",
          "Aggregate"
        ],
        [
          "Seq Scan",
          "Materialize",
          "Nested Loop",
          "Hash Join",
          "Hash",
          "Sort",
          "Aggregate"
        ],
        [
          "Seq Scan",
          "Hash",
          "Hash Join",
          "Nested Loop",
          "Sort",
          "Aggregate"
        ],
        [
          "Seq Scan",
          "Materialize",
          "Nested Loop",
          "Sort",
          "Aggregate"
        ]
      ],
      "index_shape": [
        "join"
      ],
      "physical_operator": {
        "Hash Join": [
          0.0031246772427244275
        ]
      }
    }
  },
  {
    "query": "select  i_item_desc\n      ,w_warehouse_name\n      ,d1.d_week_seq\n      ,sum(case when p_promo_sk is null then 1 else 0 end) no_promo\n      ,sum(case when p_promo_sk is not null then 1 else 0 end) promo\n      ,count(*) total_cnt\nfrom catalog_sales\njoin inventory on (cs_item_sk = inv_item_sk)\njoin warehouse on (w_warehouse_sk=inv_warehouse_sk)\njoin item on (i_item_sk = cs_item_sk)\njoin customer_demographics on (cs_bill_cdemo_sk = cd_demo_sk)\njoin household_demographics on (cs_bill_hdemo_sk = hd_demo_sk)\njoin date_dim d1 on (cs_sold_date_sk = d1.d_date_sk)\njoin date_dim d2 on (inv_date_sk = d2.d_date_sk)\njoin date_dim d3 on (cs_ship_date_sk = d3.d_date_sk)\nleft outer join promotion on (cs_promo_sk=p_promo_sk)\nleft outer join catalog_returns on (cr_item_sk = cs_item_sk and cr_order_number = cs_order_number)\nwhere d1.d_week_seq = d2.d_week_seq\n  and inv_quantity_on_hand < cs_quantity \n  and d3.d_date > d1.d_date + 5\n  and hd_buy_potential = '501-1000'\n  and d1.d_year = 2001\n  and cd_marital_status = 'S'\ngroup by i_item_desc,w_warehouse_name,d1.d_week_seq\norder by total_cnt desc, i_item_desc, w_warehouse_name, d_week_seq\nlimit 100;\n\n-- end query 54 in stream 2 using template query72.tpl\n",
    "indexes": "inventory.inv_date_sk",
    "wo plan est": {
      "Node Type": "Limit",
      "Parallel Aware": false,
      "Async Capable": false,
      "Startup Cost": 2058864.31,
      "Total Cost": 2058864.41,
      "Plan Rows": 40,
      "Plan Width": 147,
      "Plans": [
        {
          "Node Type": "Sort",
          "Parent Relationship": "Outer",
          "Parallel Aware": false,
          "Async Capable": false,
          "Startup Cost": 2058864.31,
          "Total Cost": 2058864.41,
          "Plan Rows": 40,
          "Plan Width": 147,
          "Sort Key": [
            "(count(*)) DESC",
            "item.i_item_desc",
            "warehouse.w_warehouse_name",
            "d1.d_week_seq"
          ],
          "Plans": [
            {
              "Node Type": "Aggregate",
              "Strategy": "Sorted",
              "Partial Mode": "Simple",
              "Parent Relationship": "Outer",
              "Parallel Aware": false,
              "Async Capable": false,
              "Startup Cost": 2058862.15,
              "Total Cost": 2058863.25,
              "Plan Rows": 40,
              "Plan Width": 147,
              "Group Key": [
                "item.i_item_desc",
                "warehouse.w_warehouse_name",
                "d1.d_week_seq"
              ],
              "Plans": [
                {
                  "Node Type": "Sort",
                  "Parent Relationship": "Outer",
                  "Parallel Aware": false,
                  "Async Capable": false,
                  "Startup Cost": 2058862.15,
                  "Total Cost": 2058862.25,
                  "Plan Rows": 40,
                  "Plan Width": 127,
                  "Sort Key": [
                    "item.i_item_desc",
                    "warehouse.w_warehouse_name",
                    "d1.d_week_seq"
                  ],
                  "Plans": [
                    {
                      "Node Type": "Nested Loop",
                      "Parent Relationship": "Outer",
                      "Parallel Aware": false,
                      "Async Capable": false,
                      "Join Type": "Left",
                      "Startup Cost": 2004596.21,
                      "Total Cost": 2058861.08,
                      "Plan Rows": 40,
                      "Plan Width": 127,
                      "Inner Unique": false,
                      "Join Filter": "(catalog_sales.cs_promo_sk = promotion.p_promo_sk)",
                      "Plans": [
                        {
                          "Node Type": "Hash Join",
                          "Parent Relationship": "Outer",
                          "Parallel Aware": false,
                          "Async Capable": false,
                          "Join Type": "Right",
                          "Startup Cost": 2004596.21,
                          "Total Cost": 2058541.83,
                          "Plan Rows": 40,
                          "Plan Width": 127,
                          "Inner Unique": false,
                          "Hash Cond": "((catalog_returns.cr_item_sk = catalog_sales.cs_item_sk) AND (catalog_returns.cr_order_number = catalog_sales.cs_order_number))",
                          "Plans": [
                            {
                              "Node Type": "Seq Scan",
                              "Parent Relationship": "Outer",
                              "Parallel Aware": false,
                              "Async Capable": false,
                              "Relation Name": "catalog_returns",
                              "Alias": "catalog_returns",
                              "Startup Cost": 0.0,
                              "Total Cost": 43147.49,
                              "Plan Rows": 1439749,
                              "Plan Width": 8,
                              "parent": 5,
                              "ID": 6
                            },
                            {
                              "Node Type": "Hash",
                              "Parent Relationship": "Inner",
                              "Parallel Aware": false,
                              "Async Capable": false,
                              "Startup Cost": 2004595.61,
                              "Total Cost": 2004595.61,
                              "Plan Rows": 40,
                              "Plan Width": 135,
                              "Plans": [
                                {
                                  "Node Type": "Hash Join",
                                  "Parent Relationship": "Outer",
                                  "Parallel Aware": false,
                                  "Async Capable": false,
                                  "Join Type": "Inner",
                                  "Startup Cost": 508613.25,
                                  "Total Cost": 2004595.61,
                                  "Plan Rows": 40,
                                  "Plan Width": 135,
                                  "Inner Unique": false,
                                  "Hash Cond": "(catalog_sales.cs_ship_date_sk = d3.d_date_sk)",
                                  "Join Filter": "(d3.d_date > (d1.d_date + 5))",
                                  "Plans": [
                                    {
                                      "Node Type": "Nested Loop",
                                      "Parent Relationship": "Outer",
                                      "Parallel Aware": false,
                                      "Async Capable": false,
                                      "Join Type": "Inner",
                                      "Startup Cost": 505564.64,
                                      "Total Cost": 2001544.76,
                                      "Plan Rows": 121,
                                      "Plan Width": 143,
                                      "Inner Unique": false,
                                      "Join Filter": "(inventory.inv_warehouse_sk = warehouse.w_warehouse_sk)",
                                      "Plans": [
                                        {
                                          "Node Type": "Hash Join",
                                          "Parent Relationship": "Outer",
                                          "Parallel Aware": false,
                                          "Async Capable": false,
                                          "Join Type": "Inner",
                                          "Startup Cost": 505564.64,
                                          "Total Cost": 2001525.48,
                                          "Plan Rows": 121,
                                          "Plan Width": 130,
                                          "Inner Unique": false,
                                          "Hash Cond": "(catalog_sales.cs_item_sk = item.i_item_sk)",
                                          "Plans": [
                                            {
                                              "Node Type": "Gather",
                                              "Parent Relationship": "Outer",
                                              "Parallel Aware": false,
                                              "Async Capable": false,
                                              "Startup Cost": 494611.64,
                                              "Total Cost": 1988874.82,
                                              "Plan Rows": 121,
                                              "Plan Width": 32,
                                              "Workers Planned": 2,
                                              "Single Copy": false,
                                              "Plans": [
                                                {
                                                  "Node Type": "Hash Join",
                                                  "Parent Relationship": "Outer",
                                                  "Parallel Aware": true,
                                                  "Async Capable": false,
                                                  "Join Type": "Inner",
                                                  "Startup Cost": 493611.64,
                                                  "Total Cost": 1987862.72,
                                                  "Plan Rows": 50,
                                                  "Plan Width": 32,
                                                  "Inner Unique": false,
                                                  "Hash Cond": "((inventory.inv_date_sk = d2.d_date_sk) AND (d1.d_week_seq = d2.d_week_seq))",
                                                  "Plans": [
                                                    {
                                                      "Node Type": "Hash Join",
                                                      "Parent Relationship": "Outer",
                                                      "Parallel Aware": true,
                                                      "Async Capable": false,
                                                      "Join Type": "Inner",
                                                      "Startup Cost": 491132.39,
                                                      "Total Cost": 1981451.77,
                                                      "Plan Rows": 524186,
                                                      "Plan Width": 36,
                                                      "Inner Unique": false,
                                                      "Hash Cond": "(inventory.inv_item_sk = catalog_sales.cs_item_sk)",
                                                      "Join Filter": "(inventory.inv_quantity_on_hand < catalog_sales.cs_quantity)",
                                                      "Plans": [
                                                        {
                                                          "Node Type": "Seq Scan",
                                                          "Parent Relationship": "Outer",
                                                          "Parallel Aware": true,
                                                          "Async Capable": false,
                                                          "Relation Name": "inventory",
                                                          "Alias": "inventory",
                                                          "Startup Cost": 0.0,
                                                          "Total Cost": 1274139.37,
                                                          "Plan Rows": 55462537,
                                                          "Plan Width": 16,
                                                          "parent": 13,
                                                          "ID": 14
                                                        },
                                                        {
                                                          "Node Type": "Hash",
                                                          "Parent Relationship": "Inner",
                                                          "Parallel Aware": true,
                                                          "Async Capable": false,
                                                          "Startup Cost": 491120.29,
                                                          "Total Cost": 491120.29,
                                                          "Plan Rows": 968,
                                                          "Plan Width": 28,
                                                          "Plans": [
                                                            {
                                                              "Node Type": "Hash Join",
                                                              "Parent Relationship": "Outer",
                                                              "Parallel Aware": true,
                                                              "Async Capable": false,
                                                              "Join Type": "Inner",
                                                              "Startup Cost": 458688.15,
                                                              "Total Cost": 491120.29,
                                                              "Plan Rows": 968,
                                                              "Plan Width": 28,
                                                              "Inner Unique": false,
                                                              "Hash Cond": "(customer_demographics.cd_demo_sk = catalog_sales.cs_bill_cdemo_sk)",
                                                              "Plans": [
                                                                {
                                                                  "Node Type": "Seq Scan",
                                                                  "Parent Relationship": "Outer",
                                                                  "Parallel Aware": true,
                                                                  "Async Capable": false,
                                                                  "Relation Name": "customer_demographics",
                                                                  "Alias": "customer_demographics",
                                                                  "Startup Cost": 0.0,
                                                                  "Total Cost": 31832.17,
                                                                  "Plan Rows": 158920,
                                                                  "Plan Width": 4,
                                                                  "Filter": "(cd_marital_status = 'S'::bpchar)",
                                                                  "parent": 16,
                                                                  "ID": 17
                                                                },
                                                                {
                                                                  "Node Type": "Hash",
                                                                  "Parent Relationship": "Inner",
                                                                  "Parallel Aware": true,
                                                                  "Async Capable": false,
                                                                  "Startup Cost": 458626.88,
                                                                  "Total Cost": 458626.88,
                                                                  "Plan Rows": 4901,
                                                                  "Plan Width": 32,
                                                                  "Plans": [
                                                                    {
                                                                      "Node Type": "Hash Join",
                                                                      "Parent Relationship": "Outer",
                                                                      "Parallel Aware": false,
                                                                      "Async Capable": false,
                                                                      "Join Type": "Inner",
                                                                      "Startup Cost": 2102.79,
                                                                      "Total Cost": 458626.88,
                                                                      "Plan Rows": 4901,
                                                                      "Plan Width": 32,
                                                                      "Inner Unique": false,
                                                                      "Hash Cond": "(catalog_sales.cs_bill_hdemo_sk = household_demographics.hd_demo_sk)",
                                                                      "Plans": [
                                                                        {
                                                                          "Node Type": "Hash Join",
                                                                          "Parent Relationship": "Outer",
                                                                          "Parallel Aware": true,
                                                                          "Async Capable": false,
                                                                          "Join Type": "Inner",
                                                                          "Startup Cost": 1944.79,
                                                                          "Total Cost": 458308.99,
                                                                          "Plan Rows": 29569,
                                                                          "Plan Width": 36,
                                                                          "Inner Unique": false,
                                                                          "Hash Cond": "(catalog_sales.cs_sold_date_sk = d1.d_date_sk)",
                                                                          "Plans": [
                                                                            {
                                                                              "Node Type": "Seq Scan",
                                                                              "Parent Relationship": "Outer",
                                                                              "Parallel Aware": true,
                                                                              "Async Capable": false,
                                                                              "Relation Name": "catalog_sales",
                                                                              "Alias": "catalog_sales",
                                                                              "Startup Cost": 0.0,
                                                                              "Total Cost": 433688.25,
                                                                              "Plan Rows": 6000525,
                                                                              "Plan Width": 32,
                                                                              "parent": 20,
                                                                              "ID": 21
                                                                            },
                                                                            {
                                                                              "Node Type": "Hash",
                                                                              "Parent Relationship": "Inner",
                                                                              "Parallel Aware": true,
                                                                              "Async Capable": false,
                                                                              "Startup Cost": 1942.12,
                                                                              "Total Cost": 1942.12,
                                                                              "Plan Rows": 213,
                                                                              "Plan Width": 12,
                                                                              "Plans": [
                                                                                {
                                                                                  "Node Type": "Seq Scan",
                                                                                  "Parent Relationship": "Outer",
                                                                                  "Parallel Aware": true,
                                                                                  "Async Capable": false,
                                                                                  "Relation Name": "date_dim",
                                                                                  "Alias": "d1",
                                                                                  "Startup Cost": 0.0,
                                                                                  "Total Cost": 1942.12,
                                                                                  "Plan Rows": 213,
                                                                                  "Plan Width": 12,
                                                                                  "Filter": "(d_year = 2001)",
                                                                                  "parent": 22,
                                                                                  "ID": 23
                                                                                }
                                                                              ],
                                                                              "parent": 20,
                                                                              "ID": 22,
                                                                              "left": 23
                                                                            }
                                                                          ],
                                                                          "parent": 19,
                                                                          "ID": 20,
                                                                          "left": 21,
                                                                          "right": 22
                                                                        },
                                                                        {
                                                                          "Node Type": "Hash",
                                                                          "Parent Relationship": "Inner",
                                                                          "Parallel Aware": false,
                                                                          "Async Capable": false,
                                                                          "Startup Cost": 143.0,
                                                                          "Total Cost": 143.0,
                                                                          "Plan Rows": 1200,
                                                                          "Plan Width": 4,
                                                                          "Plans": [
                                                                            {
                                                                              "Node Type": "Seq Scan",
                                                                              "Parent Relationship": "Outer",
                                                                              "Parallel Aware": false,
                                                                              "Async Capable": false,
                                                                              "Relation Name": "household_demographics",
                                                                              "Alias": "household_demographics",
                                                                              "Startup Cost": 0.0,
                                                                              "Total Cost": 143.0,
                                                                              "Plan Rows": 1200,
                                                                              "Plan Width": 4,
                                                                              "Filter": "(hd_buy_potential = '501-1000'::bpchar)",
                                                                              "parent": 24,
                                                                              "ID": 25
                                                                            }
                                                                          ],
                                                                          "parent": 19,
                                                                          "ID": 24,
                                                                          "left": 25
                                                                        }
                                                                      ],
                                                                      "parent": 18,
                                                                      "ID": 19,
                                                                      "left": 20,
                                                                      "right": 24
                                                                    }
                                                                  ],
                                                                  "parent": 16,
                                                                  "ID": 18,
                                                                  "left": 19
                                                                }
                                                              ],
                                                              "parent": 15,
                                                              "ID": 16,
                                                              "left": 17,
                                                              "right": 18
                                                            }
                                                          ],
                                                          "parent": 13,
                                                          "ID": 15,
                                                          "left": 16
                                                        }
                                                      ],
                                                      "parent": 12,
                                                      "ID": 13,
                                                      "left": 14,
                                                      "right": 15
                                                    },
                                                    {
                                                      "Node Type": "Hash",
                                                      "Parent Relationship": "Inner",
                                                      "Parallel Aware": true,
                                                      "Async Capable": false,
                                                      "Startup Cost": 1834.7,
                                                      "Total Cost": 1834.7,
                                                      "Plan Rows": 42970,
                                                      "Plan Width": 8,
                                                      "Plans": [
                                                        {
                                                          "Node Type": "Seq Scan",
                                                          "Parent Relationship": "Outer",
                                                          "Parallel Aware": true,
                                                          "Async Capable": false,
                                                          "Relation Name": "date_dim",
                                                          "Alias": "d2",
                                                          "Startup Cost": 0.0,
                                                          "Total Cost": 1834.7,
                                                          "Plan Rows": 42970,
                                                          "Plan Width": 8,
                                                          "parent": 26,
                                                          "ID": 27
                                                        }
                                                      ],
                                                      "parent": 12,
                                                      "ID": 26,
                                                      "left": 27
                                                    }
                                                  ],
                                                  "parent": 11,
                                                  "ID": 12,
                                                  "left": 13,
                                                  "right": 26
                                                }
                                              ],
                                              "parent": 10,
                                              "ID": 11,
                                              "left": 12
                                            },
                                            {
                                              "Node Type": "Hash",
                                              "Parent Relationship": "Inner",
                                              "Parallel Aware": false,
                                              "Async Capable": false,
                                              "Startup Cost": 7984.0,
                                              "Total Cost": 7984.0,
                                              "Plan Rows": 102000,
                                              "Plan Width": 106,
                                              "Plans": [
                                                {
                                                  "Node Type": "Seq Scan",
                                                  "Parent Relationship": "Outer",
                                                  "Parallel Aware": false,
                                                  "Async Capable": false,
                                                  "Relation Name": "item",
                                                  "Alias": "item",
                                                  "Startup Cost": 0.0,
                                                  "Total Cost": 7984.0,
                                                  "Plan Rows": 102000,
                                                  "Plan Width": 106,
                                                  "parent": 28,
                                                  "ID": 29
                                                }
                                              ],
                                              "parent": 10,
                                              "ID": 28,
                                              "left": 29
                                            }
                                          ],
                                          "parent": 9,
                                          "ID": 10,
                                          "left": 11,
                                          "right": 28
                                        },
                                        {
                                          "Node Type": "Materialize",
                                          "Parent Relationship": "Inner",
                                          "Parallel Aware": false,
                                          "Async Capable": false,
                                          "Startup Cost": 0.0,
                                          "Total Cost": 1.15,
                                          "Plan Rows": 10,
                                          "Plan Width": 21,
                                          "Plans": [
                                            {
                                              "Node Type": "Seq Scan",
                                              "Parent Relationship": "Outer",
                                              "Parallel Aware": false,
                                              "Async Capable": false,
                                              "Relation Name": "warehouse",
                                              "Alias": "warehouse",
                                              "Startup Cost": 0.0,
                                              "Total Cost": 1.1,
                                              "Plan Rows": 10,
                                              "Plan Width": 21,
                                              "parent": 30,
                                              "ID": 31
                                            }
                                          ],
                                          "parent": 9,
                                          "ID": 30,
                                          "left": 31
                                        }
                                      ],
                                      "parent": 8,
                                      "ID": 9,
                                      "left": 10,
                                      "right": 30
                                    },
                                    {
                                      "Node Type": "Hash",
                                      "Parent Relationship": "Inner",
                                      "Parallel Aware": false,
                                      "Async Capable": false,
                                      "Startup Cost": 2135.49,
                                      "Total Cost": 2135.49,
                                      "Plan Rows": 73049,
                                      "Plan Width": 8,
                                      "Plans": [
                                        {
                                          "Node Type": "Seq Scan",
                                          "Parent Relationship": "Outer",
                                          "Parallel Aware": false,
                                          "Async Capable": false,
                                          "Relation Name": "date_dim",
                                          "Alias": "d3",
                                          "Startup Cost": 0.0,
                                          "Total Cost": 2135.49,
                                          "Plan Rows": 73049,
                                          "Plan Width": 8,
                                          "parent": 32,
                                          "ID": 33
                                        }
                                      ],
                                      "parent": 8,
                                      "ID": 32,
                                      "left": 33
                                    }
                                  ],
                                  "parent": 7,
                                  "ID": 8,
                                  "left": 9,
                                  "right": 32
                                }
                              ],
                              "parent": 5,
                              "ID": 7,
                              "left": 8
                            }
                          ],
                          "parent": 4,
                          "ID": 5,
                          "left": 6,
                          "right": 7
                        },
                        {
                          "Node Type": "Materialize",
                          "Parent Relationship": "Inner",
                          "Parallel Aware": false,
                          "Async Capable": false,
                          "Startup Cost": 0.0,
                          "Total Cost": 20.5,
                          "Plan Rows": 500,
                          "Plan Width": 4,
                          "Plans": [
                            {
                              "Node Type": "Seq Scan",
                              "Parent Relationship": "Outer",
                              "Parallel Aware": false,
                              "Async Capable": false,
                              "Relation Name": "promotion",
                              "Alias": "promotion",
                              "Startup Cost": 0.0,
                              "Total Cost": 18.0,
                              "Plan Rows": 500,
                              "Plan Width": 4,
                              "parent": 34,
                              "ID": 35
                            }
                          ],
                          "parent": 4,
                          "ID": 34,
                          "left": 35
                        }
                      ],
                      "parent": 3,
                      "ID": 4,
                      "left": 5,
                      "right": 34
                    }
                  ],
                  "parent": 2,
                  "ID": 3,
                  "left": 4
                }
              ],
              "parent": 1,
              "ID": 2,
              "left": 3
            }
          ],
          "parent": 0,
          "ID": 1,
          "left": 2
        }
      ],
      "parent": null,
      "ID": 0,
      "left": 1
    },
    "feat": {
      "utility": 8.742271633700127e-06,
      "query_shape": [
        [
          "Seq Scan",
          "Hash Join",
          "Nested Loop",
          "Sort",
          "Aggregate"
        ],
        [
          "Seq Scan",
          "Hash Join",
          "Gather",
          "Nested Loop",
          "Hash",
          "Sort",
          "Aggregate"
        ],
        [
          "Seq Scan",
          "Hash Join",
          "Hash",
          "Gather",
          "Nested Loop",
          "Sort",
          "Aggregate"
        ],
        [
          "Seq Scan",
          "Hash Join",
          "Hash",
          "Gather",
          "Nested Loop",
          "Sort",
          "Aggregate"
        ],
        [
          "Seq Scan",
          "Hash",
          "Hash Join",
          "Gather",
          "Nested Loop",
          "Sort",
          "Aggregate"
        ],
        [
          "Seq Scan",
          "Hash",
          "Hash Join",
          "Gather",
          "Nested Loop",
          "Sort",
          "Aggregate"
        ],
        [
          "Seq Scan",
          "Hash",
          "Hash Join",
          "Gather",
          "Nested Loop",
          "Sort",
          "Aggregate"
        ],
        [
          "Seq Scan",
          "Hash",
          "Hash Join",
          "Nested Loop",
          "Sort",
          "Aggregate"
        ],
        [
          "Seq Scan",
          "Materialize",
          "Nested Loop",
          "Hash Join",
          "Hash",
          "Sort",
          "Aggregate"
        ],
        [
          "Seq Scan",
          "Hash",
          "Hash Join",
          "Nested Loop",
          "Sort",
          "Aggregate"
        ],
        [
          "Seq Scan",
          "Materialize",
          "Nested Loop",
          "Sort",
          "Aggregate"
        ]
      ],
      "index_shape": [
        "join"
      ],
      "physical_operator": {
        "Hash Join": [
          4.711504568081848e-05
        ]
      }
    }
  },
  {
    "query": "select  i_item_desc\n      ,w_warehouse_name\n      ,d1.d_week_seq\n      ,sum(case when p_promo_sk is null then 1 else 0 end) no_promo\n      ,sum(case when p_promo_sk is not null then 1 else 0 end) promo\n      ,count(*) total_cnt\nfrom catalog_sales\njoin inventory on (cs_item_sk = inv_item_sk)\njoin warehouse on (w_warehouse_sk=inv_warehouse_sk)\njoin item on (i_item_sk = cs_item_sk)\njoin customer_demographics on (cs_bill_cdemo_sk = cd_demo_sk)\njoin household_demographics on (cs_bill_hdemo_sk = hd_demo_sk)\njoin date_dim d1 on (cs_sold_date_sk = d1.d_date_sk)\njoin date_dim d2 on (inv_date_sk = d2.d_date_sk)\njoin date_dim d3 on (cs_ship_date_sk = d3.d_date_sk)\nleft outer join promotion on (cs_promo_sk=p_promo_sk)\nleft outer join catalog_returns on (cr_item_sk = cs_item_sk and cr_order_number = cs_order_number)\nwhere d1.d_week_seq = d2.d_week_seq\n  and inv_quantity_on_hand < cs_quantity \n  and d3.d_date > d1.d_date + 5\n  and hd_buy_potential = '501-1000'\n  and d1.d_year = 2001\n  and cd_marital_status = 'S'\ngroup by i_item_desc,w_warehouse_name,d1.d_week_seq\norder by total_cnt desc, i_item_desc, w_warehouse_name, d_week_seq\nlimit 100;\n\n-- end query 54 in stream 2 using template query72.tpl\n",
    "indexes": "inventory.inv_item_sk",
    "wo plan est": {
      "Node Type": "Limit",
      "Parallel Aware": false,
      "Async Capable": false,
      "Startup Cost": 2058864.31,
      "Total Cost": 2058864.41,
      "Plan Rows": 40,
      "Plan Width": 147,
      "Plans": [
        {
          "Node Type": "Sort",
          "Parent Relationship": "Outer",
          "Parallel Aware": false,
          "Async Capable": false,
          "Startup Cost": 2058864.31,
          "Total Cost": 2058864.41,
          "Plan Rows": 40,
          "Plan Width": 147,
          "Sort Key": [
            "(count(*)) DESC",
            "item.i_item_desc",
            "warehouse.w_warehouse_name",
            "d1.d_week_seq"
          ],
          "Plans": [
            {
              "Node Type": "Aggregate",
              "Strategy": "Sorted",
              "Partial Mode": "Simple",
              "Parent Relationship": "Outer",
              "Parallel Aware": false,
              "Async Capable": false,
              "Startup Cost": 2058862.15,
              "Total Cost": 2058863.25,
              "Plan Rows": 40,
              "Plan Width": 147,
              "Group Key": [
                "item.i_item_desc",
                "warehouse.w_warehouse_name",
                "d1.d_week_seq"
              ],
              "Plans": [
                {
                  "Node Type": "Sort",
                  "Parent Relationship": "Outer",
                  "Parallel Aware": false,
                  "Async Capable": false,
                  "Startup Cost": 2058862.15,
                  "Total Cost": 2058862.25,
                  "Plan Rows": 40,
                  "Plan Width": 127,
                  "Sort Key": [
                    "item.i_item_desc",
                    "warehouse.w_warehouse_name",
                    "d1.d_week_seq"
                  ],
                  "Plans": [
                    {
                      "Node Type": "Nested Loop",
                      "Parent Relationship": "Outer",
                      "Parallel Aware": false,
                      "Async Capable": false,
                      "Join Type": "Left",
                      "Startup Cost": 2004596.21,
                      "Total Cost": 2058861.08,
                      "Plan Rows": 40,
                      "Plan Width": 127,
                      "Inner Unique": false,
                      "Join Filter": "(catalog_sales.cs_promo_sk = promotion.p_promo_sk)",
                      "Plans": [
                        {
                          "Node Type": "Hash Join",
                          "Parent Relationship": "Outer",
                          "Parallel Aware": false,
                          "Async Capable": false,
                          "Join Type": "Right",
                          "Startup Cost": 2004596.21,
                          "Total Cost": 2058541.83,
                          "Plan Rows": 40,
                          "Plan Width": 127,
                          "Inner Unique": false,
                          "Hash Cond": "((catalog_returns.cr_item_sk = catalog_sales.cs_item_sk) AND (catalog_returns.cr_order_number = catalog_sales.cs_order_number))",
                          "Plans": [
                            {
                              "Node Type": "Seq Scan",
                              "Parent Relationship": "Outer",
                              "Parallel Aware": false,
                              "Async Capable": false,
                              "Relation Name": "catalog_returns",
                              "Alias": "catalog_returns",
                              "Startup Cost": 0.0,
                              "Total Cost": 43147.49,
                              "Plan Rows": 1439749,
                              "Plan Width": 8,
                              "parent": 5,
                              "ID": 6
                            },
                            {
                              "Node Type": "Hash",
                              "Parent Relationship": "Inner",
                              "Parallel Aware": false,
                              "Async Capable": false,
                              "Startup Cost": 2004595.61,
                              "Total Cost": 2004595.61,
                              "Plan Rows": 40,
                              "Plan Width": 135,
                              "Plans": [
                                {
                                  "Node Type": "Hash Join",
                                  "Parent Relationship": "Outer",
                                  "Parallel Aware": false,
                                  "Async Capable": false,
                                  "Join Type": "Inner",
                                  "Startup Cost": 508613.25,
                                  "Total Cost": 2004595.61,
                                  "Plan Rows": 40,
                                  "Plan Width": 135,
                                  "Inner Unique": false,
                                  "Hash Cond": "(catalog_sales.cs_ship_date_sk = d3.d_date_sk)",
                                  "Join Filter": "(d3.d_date > (d1.d_date + 5))",
                                  "Plans": [
                                    {
                                      "Node Type": "Nested Loop",
                                      "Parent Relationship": "Outer",
                                      "Parallel Aware": false,
                                      "Async Capable": false,
                                      "Join Type": "Inner",
                                      "Startup Cost": 505564.64,
                                      "Total Cost": 2001544.76,
                                      "Plan Rows": 121,
                                      "Plan Width": 143,
                                      "Inner Unique": false,
                                      "Join Filter": "(inventory.inv_warehouse_sk = warehouse.w_warehouse_sk)",
                                      "Plans": [
                                        {
                                          "Node Type": "Hash Join",
                                          "Parent Relationship": "Outer",
                                          "Parallel Aware": false,
                                          "Async Capable": false,
                                          "Join Type": "Inner",
                                          "Startup Cost": 505564.64,
                                          "Total Cost": 2001525.48,
                                          "Plan Rows": 121,
                                          "Plan Width": 130,
                                          "Inner Unique": false,
                                          "Hash Cond": "(catalog_sales.cs_item_sk = item.i_item_sk)",
                                          "Plans": [
                                            {
                                              "Node Type": "Gather",
                                              "Parent Relationship": "Outer",
                                              "Parallel Aware": false,
                                              "Async Capable": false,
                                              "Startup Cost": 494611.64,
                                              "Total Cost": 1988874.82,
                                              "Plan Rows": 121,
                                              "Plan Width": 32,
                                              "Workers Planned": 2,
                                              "Single Copy": false,
                                              "Plans": [
                                                {
                                                  "Node Type": "Hash Join",
                                                  "Parent Relationship": "Outer",
                                                  "Parallel Aware": true,
                                                  "Async Capable": false,
                                                  "Join Type": "Inner",
                                                  "Startup Cost": 493611.64,
                                                  "Total Cost": 1987862.72,
                                                  "Plan Rows": 50,
                                                  "Plan Width": 32,
                                                  "Inner Unique": false,
                                                  "Hash Cond": "((inventory.inv_date_sk = d2.d_date_sk) AND (d1.d_week_seq = d2.d_week_seq))",
                                                  "Plans": [
                                                    {
                                                      "Node Type": "Hash Join",
                                                      "Parent Relationship": "Outer",
                                                      "Parallel Aware": true,
                                                      "Async Capable": false,
                                                      "Join Type": "Inner",
                                                      "Startup Cost": 491132.39,
                                                      "Total Cost": 1981451.77,
                                                      "Plan Rows": 524186,
                                                      "Plan Width": 36,
                                                      "Inner Unique": false,
                                                      "Hash Cond": "(inventory.inv_item_sk = catalog_sales.cs_item_sk)",
                                                      "Join Filter": "(inventory.inv_quantity_on_hand < catalog_sales.cs_quantity)",
                                                      "Plans": [
                                                        {
                                                          "Node Type": "Seq Scan",
                                                          "Parent Relationship": "Outer",
                                                          "Parallel Aware": true,
                                                          "Async Capable": false,
                                                          "Relation Name": "inventory",
                                                          "Alias": "inventory",
                                                          "Startup Cost": 0.0,
                                                          "Total Cost": 1274139.37,
                                                          "Plan Rows": 55462537,
                                                          "Plan Width": 16,
                                                          "parent": 13,
                                                          "ID": 14
                                                        },
                                                        {
                                                          "Node Type": "Hash",
                                                          "Parent Relationship": "Inner",
                                                          "Parallel Aware": true,
                                                          "Async Capable": false,
                                                          "Startup Cost": 491120.29,
                                                          "Total Cost": 491120.29,
                                                          "Plan Rows": 968,
                                                          "Plan Width": 28,
                                                          "Plans": [
                                                            {
                                                              "Node Type": "Hash Join",
                                                              "Parent Relationship": "Outer",
                                                              "Parallel Aware": true,
                                                              "Async Capable": false,
                                                              "Join Type": "Inner",
                                                              "Startup Cost": 458688.15,
                                                              "Total Cost": 491120.29,
                                                              "Plan Rows": 968,
                                                              "Plan Width": 28,
                                                              "Inner Unique": false,
                                                              "Hash Cond": "(customer_demographics.cd_demo_sk = catalog_sales.cs_bill_cdemo_sk)",
                                                              "Plans": [
                                                                {
                                                                  "Node Type": "Seq Scan",
                                                                  "Parent Relationship": "Outer",
                                                                  "Parallel Aware": true,
                                                                  "Async Capable": false,
                                                                  "Relation Name": "customer_demographics",
                                                                  "Alias": "customer_demographics",
                                                                  "Startup Cost": 0.0,
                                                                  "Total Cost": 31832.17,
                                                                  "Plan Rows": 158920,
                                                                  "Plan Width": 4,
                                                                  "Filter": "(cd_marital_status = 'S'::bpchar)",
                                                                  "parent": 16,
                                                                  "ID": 17
                                                                },
                                                                {
                                                                  "Node Type": "Hash",
                                                                  "Parent Relationship": "Inner",
                                                                  "Parallel Aware": true,
                                                                  "Async Capable": false,
                                                                  "Startup Cost": 458626.88,
                                                                  "Total Cost": 458626.88,
                                                                  "Plan Rows": 4901,
                                                                  "Plan Width": 32,
                                                                  "Plans": [
                                                                    {
                                                                      "Node Type": "Hash Join",
                                                                      "Parent Relationship": "Outer",
                                                                      "Parallel Aware": false,
                                                                      "Async Capable": false,
                                                                      "Join Type": "Inner",
                                                                      "Startup Cost": 2102.79,
                                                                      "Total Cost": 458626.88,
                                                                      "Plan Rows": 4901,
                                                                      "Plan Width": 32,
                                                                      "Inner Unique": false,
                                                                      "Hash Cond": "(catalog_sales.cs_bill_hdemo_sk = household_demographics.hd_demo_sk)",
                                                                      "Plans": [
                                                                        {
                                                                          "Node Type": "Hash Join",
                                                                          "Parent Relationship": "Outer",
                                                                          "Parallel Aware": true,
                                                                          "Async Capable": false,
                                                                          "Join Type": "Inner",
                                                                          "Startup Cost": 1944.79,
                                                                          "Total Cost": 458308.99,
                                                                          "Plan Rows": 29569,
                                                                          "Plan Width": 36,
                                                                          "Inner Unique": false,
                                                                          "Hash Cond": "(catalog_sales.cs_sold_date_sk = d1.d_date_sk)",
                                                                          "Plans": [
                                                                            {
                                                                              "Node Type": "Seq Scan",
                                                                              "Parent Relationship": "Outer",
                                                                              "Parallel Aware": true,
                                                                              "Async Capable": false,
                                                                              "Relation Name": "catalog_sales",
                                                                              "Alias": "catalog_sales",
                                                                              "Startup Cost": 0.0,
                                                                              "Total Cost": 433688.25,
                                                                              "Plan Rows": 6000525,
                                                                              "Plan Width": 32,
                                                                              "parent": 20,
                                                                              "ID": 21
                                                                            },
                                                                            {
                                                                              "Node Type": "Hash",
                                                                              "Parent Relationship": "Inner",
                                                                              "Parallel Aware": true,
                                                                              "Async Capable": false,
                                                                              "Startup Cost": 1942.12,
                                                                              "Total Cost": 1942.12,
                                                                              "Plan Rows": 213,
                                                                              "Plan Width": 12,
                                                                              "Plans": [
                                                                                {
                                                                                  "Node Type": "Seq Scan",
                                                                                  "Parent Relationship": "Outer",
                                                                                  "Parallel Aware": true,
                                                                                  "Async Capable": false,
                                                                                  "Relation Name": "date_dim",
                                                                                  "Alias": "d1",
                                                                                  "Startup Cost": 0.0,
                                                                                  "Total Cost": 1942.12,
                                                                                  "Plan Rows": 213,
                                                                                  "Plan Width": 12,
                                                                                  "Filter": "(d_year = 2001)",
                                                                                  "parent": 22,
                                                                                  "ID": 23
                                                                                }
                                                                              ],
                                                                              "parent": 20,
                                                                              "ID": 22,
                                                                              "left": 23
                                                                            }
                                                                          ],
                                                                          "parent": 19,
                                                                          "ID": 20,
                                                                          "left": 21,
                                                                          "right": 22
                                                                        },
                                                                        {
                                                                          "Node Type": "Hash",
                                                                          "Parent Relationship": "Inner",
                                                                          "Parallel Aware": false,
                                                                          "Async Capable": false,
                                                                          "Startup Cost": 143.0,
                                                                          "Total Cost": 143.0,
                                                                          "Plan Rows": 1200,
                                                                          "Plan Width": 4,
                                                                          "Plans": [
                                                                            {
                                                                              "Node Type": "Seq Scan",
                                                                              "Parent Relationship": "Outer",
                                                                              "Parallel Aware": false,
                                                                              "Async Capable": false,
                                                                              "Relation Name": "household_demographics",
                                                                              "Alias": "household_demographics",
                                                                              "Startup Cost": 0.0,
                                                                              "Total Cost": 143.0,
                                                                              "Plan Rows": 1200,
                                                                              "Plan Width": 4,
                                                                              "Filter": "(hd_buy_potential = '501-1000'::bpchar)",
                                                                              "parent": 24,
                                                                              "ID": 25
                                                                            }
                                                                          ],
                                                                          "parent": 19,
                                                                          "ID": 24,
                                                                          "left": 25
                                                                        }
                                                                      ],
                                                                      "parent": 18,
                                                                      "ID": 19,
                                                                      "left": 20,
                                                                      "right": 24
                                                                    }
                                                                  ],
                                                                  "parent": 16,
                                                                  "ID": 18,
                                                                  "left": 19
                                                                }
                                                              ],
                                                              "parent": 15,
                                                              "ID": 16,
                                                              "left": 17,
                                                              "right": 18
                                                            }
                                                          ],
                                                          "parent": 13,
                                                          "ID": 15,
                                                          "left": 16
                                                        }
                                                      ],
                                                      "parent": 12,
                                                      "ID": 13,
                                                      "left": 14,
                                                      "right": 15
                                                    },
                                                    {
                                                      "Node Type": "Hash",
                                                      "Parent Relationship": "Inner",
                                                      "Parallel Aware": true,
                                                      "Async Capable": false,
                                                      "Startup Cost": 1834.7,
                                                      "Total Cost": 1834.7,
                                                      "Plan Rows": 42970,
                                                      "Plan Width": 8,
                                                      "Plans": [
                                                        {
                                                          "Node Type": "Seq Scan",
                                                          "Parent Relationship": "Outer",
                                                          "Parallel Aware": true,
                                                          "Async Capable": false,
                                                          "Relation Name": "date_dim",
                                                          "Alias": "d2",
                                                          "Startup Cost": 0.0,
                                                          "Total Cost": 1834.7,
                                                          "Plan Rows": 42970,
                                                          "Plan Width": 8,
                                                          "parent": 26,
                                                          "ID": 27
                                                        }
                                                      ],
                                                      "parent": 12,
                                                      "ID": 26,
                                                      "left": 27
                                                    }
                                                  ],
                                                  "parent": 11,
                                                  "ID": 12,
                                                  "left": 13,
                                                  "right": 26
                                                }
                                              ],
                                              "parent": 10,
                                              "ID": 11,
                                              "left": 12
                                            },
                                            {
                                              "Node Type": "Hash",
                                              "Parent Relationship": "Inner",
                                              "Parallel Aware": false,
                                              "Async Capable": false,
                                              "Startup Cost": 7984.0,
                                              "Total Cost": 7984.0,
                                              "Plan Rows": 102000,
                                              "Plan Width": 106,
                                              "Plans": [
                                                {
                                                  "Node Type": "Seq Scan",
                                                  "Parent Relationship": "Outer",
                                                  "Parallel Aware": false,
                                                  "Async Capable": false,
                                                  "Relation Name": "item",
                                                  "Alias": "item",
                                                  "Startup Cost": 0.0,
                                                  "Total Cost": 7984.0,
                                                  "Plan Rows": 102000,
                                                  "Plan Width": 106,
                                                  "parent": 28,
                                                  "ID": 29
                                                }
                                              ],
                                              "parent": 10,
                                              "ID": 28,
                                              "left": 29
                                            }
                                          ],
                                          "parent": 9,
                                          "ID": 10,
                                          "left": 11,
                                          "right": 28
                                        },
                                        {
                                          "Node Type": "Materialize",
                                          "Parent Relationship": "Inner",
                                          "Parallel Aware": false,
                                          "Async Capable": false,
                                          "Startup Cost": 0.0,
                                          "Total Cost": 1.15,
                                          "Plan Rows": 10,
                                          "Plan Width": 21,
                                          "Plans": [
                                            {
                                              "Node Type": "Seq Scan",
                                              "Parent Relationship": "Outer",
                                              "Parallel Aware": false,
                                              "Async Capable": false,
                                              "Relation Name": "warehouse",
                                              "Alias": "warehouse",
                                              "Startup Cost": 0.0,
                                              "Total Cost": 1.1,
                                              "Plan Rows": 10,
                                              "Plan Width": 21,
                                              "parent": 30,
                                              "ID": 31
                                            }
                                          ],
                                          "parent": 9,
                                          "ID": 30,
                                          "left": 31
                                        }
                                      ],
                                      "parent": 8,
                                      "ID": 9,
                                      "left": 10,
                                      "right": 30
                                    },
                                    {
                                      "Node Type": "Hash",
                                      "Parent Relationship": "Inner",
                                      "Parallel Aware": false,
                                      "Async Capable": false,
                                      "Startup Cost": 2135.49,
                                      "Total Cost": 2135.49,
                                      "Plan Rows": 73049,
                                      "Plan Width": 8,
                                      "Plans": [
                                        {
                                          "Node Type": "Seq Scan",
                                          "Parent Relationship": "Outer",
                                          "Parallel Aware": false,
                                          "Async Capable": false,
                                          "Relation Name": "date_dim",
                                          "Alias": "d3",
                                          "Startup Cost": 0.0,
                                          "Total Cost": 2135.49,
                                          "Plan Rows": 73049,
                                          "Plan Width": 8,
                                          "parent": 32,
                                          "ID": 33
                                        }
                                      ],
                                      "parent": 8,
                                      "ID": 32,
                                      "left": 33
                                    }
                                  ],
                                  "parent": 7,
                                  "ID": 8,
                                  "left": 9,
                                  "right": 32
                                }
                              ],
                              "parent": 5,
                              "ID": 7,
                              "left": 8
                            }
                          ],
                          "parent": 4,
                          "ID": 5,
                          "left": 6,
                          "right": 7
                        },
                        {
                          "Node Type": "Materialize",
                          "Parent Relationship": "Inner",
                          "Parallel Aware": false,
                          "Async Capable": false,
                          "Startup Cost": 0.0,
                          "Total Cost": 20.5,
                          "Plan Rows": 500,
                          "Plan Width": 4,
                          "Plans": [
                            {
                              "Node Type": "Seq Scan",
                              "Parent Relationship": "Outer",
                              "Parallel Aware": false,
                              "Async Capable": false,
                              "Relation Name": "promotion",
                              "Alias": "promotion",
                              "Startup Cost": 0.0,
                              "Total Cost": 18.0,
                              "Plan Rows": 500,
                              "Plan Width": 4,
                              "parent": 34,
                              "ID": 35
                            }
                          ],
                          "parent": 4,
                          "ID": 34,
                          "left": 35
                        }
                      ],
                      "parent": 3,
                      "ID": 4,
                      "left": 5,
                      "right": 34
                    }
                  ],
                  "parent": 2,
                  "ID": 3,
                  "left": 4
                }
              ],
              "parent": 1,
              "ID": 2,
              "left": 3
            }
          ],
          "parent": 0,
          "ID": 1,
          "left": 2
        }
      ],
      "parent": null,
      "ID": 0,
      "left": 1
    },
    "feat": {
      "utility": 8.715365481319366e-06,
      "query_shape": [
        [
          "Seq Scan",
          "Hash Join",
          "Nested Loop",
          "Sort",
          "Aggregate"
        ],
        [
          "Seq Scan",
          "Hash Join",
          "Gather",
          "Nested Loop",
          "Hash",
          "Sort",
          "Aggregate"
        ],
        [
          "Seq Scan",
          "Hash Join",
          "Hash",
          "Gather",
          "Nested Loop",
          "Sort",
          "Aggregate"
        ],
        [
          "Seq Scan",
          "Hash Join",
          "Hash",
          "Gather",
          "Nested Loop",
          "Sort",
          "Aggregate"
        ],
        [
          "Seq Scan",
          "Hash",
          "Hash Join",
          "Gather",
          "Nested Loop",
          "Sort",
          "Aggregate"
        ],
        [
          "Seq Scan",
          "Hash",
          "Hash Join",
          "Gather",
          "Nested Loop",
          "Sort",
          "Aggregate"
        ],
        [
          "Seq Scan",
          "Hash",
          "Hash Join",
          "Gather",
          "Nested Loop",
          "Sort",
          "Aggregate"
        ],
        [
          "Seq Scan",
          "Hash",
          "Hash Join",
          "Nested Loop",
          "Sort",
          "Aggregate"
        ],
        [
          "Seq Scan",
          "Materialize",
          "Nested Loop",
          "Hash Join",
          "Hash",
          "Sort",
          "Aggregate"
        ],
        [
          "Seq Scan",
          "Hash",
          "Hash Join",
          "Nested Loop",
          "Sort",
          "Aggregate"
        ],
        [
          "Seq Scan",
          "Materialize",
          "Nested Loop",
          "Sort",
          "Aggregate"
        ]
      ],
      "index_shape": [
        "join"
      ],
      "physical_operator": {
        "Hash Join": [
          0.0031246772427244275
        ]
      }
    }
  },
  {
    "query": "select  i_item_desc\n      ,w_warehouse_name\n      ,d1.d_week_seq\n      ,sum(case when p_promo_sk is null then 1 else 0 end) no_promo\n      ,sum(case when p_promo_sk is not null then 1 else 0 end) promo\n      ,count(*) total_cnt\nfrom catalog_sales\njoin inventory on (cs_item_sk = inv_item_sk)\njoin warehouse on (w_warehouse_sk=inv_warehouse_sk)\njoin item on (i_item_sk = cs_item_sk)\njoin customer_demographics on (cs_bill_cdemo_sk = cd_demo_sk)\njoin household_demographics on (cs_bill_hdemo_sk = hd_demo_sk)\njoin date_dim d1 on (cs_sold_date_sk = d1.d_date_sk)\njoin date_dim d2 on (inv_date_sk = d2.d_date_sk)\njoin date_dim d3 on (cs_ship_date_sk = d3.d_date_sk)\nleft outer join promotion on (cs_promo_sk=p_promo_sk)\nleft outer join catalog_returns on (cr_item_sk = cs_item_sk and cr_order_number = cs_order_number)\nwhere d1.d_week_seq = d2.d_week_seq\n  and inv_quantity_on_hand < cs_quantity \n  and d3.d_date > d1.d_date + 5\n  and hd_buy_potential = '501-1000'\n  and d1.d_year = 2001\n  and cd_marital_status = 'S'\ngroup by i_item_desc,w_warehouse_name,d1.d_week_seq\norder by total_cnt desc, i_item_desc, w_warehouse_name, d_week_seq\nlimit 100;\n\n-- end query 54 in stream 2 using template query72.tpl\n",
    "indexes": "inventory.inv_warehouse_sk",
    "wo plan est": {
      "Node Type": "Limit",
      "Parallel Aware": false,
      "Async Capable": false,
      "Startup Cost": 2058864.31,
      "Total Cost": 2058864.41,
      "Plan Rows": 40,
      "Plan Width": 147,
      "Plans": [
        {
          "Node Type": "Sort",
          "Parent Relationship": "Outer",
          "Parallel Aware": false,
          "Async Capable": false,
          "Startup Cost": 2058864.31,
          "Total Cost": 2058864.41,
          "Plan Rows": 40,
          "Plan Width": 147,
          "Sort Key": [
            "(count(*)) DESC",
            "item.i_item_desc",
            "warehouse.w_warehouse_name",
            "d1.d_week_seq"
          ],
          "Plans": [
            {
              "Node Type": "Aggregate",
              "Strategy": "Sorted",
              "Partial Mode": "Simple",
              "Parent Relationship": "Outer",
              "Parallel Aware": false,
              "Async Capable": false,
              "Startup Cost": 2058862.15,
              "Total Cost": 2058863.25,
              "Plan Rows": 40,
              "Plan Width": 147,
              "Group Key": [
                "item.i_item_desc",
                "warehouse.w_warehouse_name",
                "d1.d_week_seq"
              ],
              "Plans": [
                {
                  "Node Type": "Sort",
                  "Parent Relationship": "Outer",
                  "Parallel Aware": false,
                  "Async Capable": false,
                  "Startup Cost": 2058862.15,
                  "Total Cost": 2058862.25,
                  "Plan Rows": 40,
                  "Plan Width": 127,
                  "Sort Key": [
                    "item.i_item_desc",
                    "warehouse.w_warehouse_name",
                    "d1.d_week_seq"
                  ],
                  "Plans": [
                    {
                      "Node Type": "Nested Loop",
                      "Parent Relationship": "Outer",
                      "Parallel Aware": false,
                      "Async Capable": false,
                      "Join Type": "Left",
                      "Startup Cost": 2004596.21,
                      "Total Cost": 2058861.08,
                      "Plan Rows": 40,
                      "Plan Width": 127,
                      "Inner Unique": false,
                      "Join Filter": "(catalog_sales.cs_promo_sk = promotion.p_promo_sk)",
                      "Plans": [
                        {
                          "Node Type": "Hash Join",
                          "Parent Relationship": "Outer",
                          "Parallel Aware": false,
                          "Async Capable": false,
                          "Join Type": "Right",
                          "Startup Cost": 2004596.21,
                          "Total Cost": 2058541.83,
                          "Plan Rows": 40,
                          "Plan Width": 127,
                          "Inner Unique": false,
                          "Hash Cond": "((catalog_returns.cr_item_sk = catalog_sales.cs_item_sk) AND (catalog_returns.cr_order_number = catalog_sales.cs_order_number))",
                          "Plans": [
                            {
                              "Node Type": "Seq Scan",
                              "Parent Relationship": "Outer",
                              "Parallel Aware": false,
                              "Async Capable": false,
                              "Relation Name": "catalog_returns",
                              "Alias": "catalog_returns",
                              "Startup Cost": 0.0,
                              "Total Cost": 43147.49,
                              "Plan Rows": 1439749,
                              "Plan Width": 8,
                              "parent": 5,
                              "ID": 6
                            },
                            {
                              "Node Type": "Hash",
                              "Parent Relationship": "Inner",
                              "Parallel Aware": false,
                              "Async Capable": false,
                              "Startup Cost": 2004595.61,
                              "Total Cost": 2004595.61,
                              "Plan Rows": 40,
                              "Plan Width": 135,
                              "Plans": [
                                {
                                  "Node Type": "Hash Join",
                                  "Parent Relationship": "Outer",
                                  "Parallel Aware": false,
                                  "Async Capable": false,
                                  "Join Type": "Inner",
                                  "Startup Cost": 508613.25,
                                  "Total Cost": 2004595.61,
                                  "Plan Rows": 40,
                                  "Plan Width": 135,
                                  "Inner Unique": false,
                                  "Hash Cond": "(catalog_sales.cs_ship_date_sk = d3.d_date_sk)",
                                  "Join Filter": "(d3.d_date > (d1.d_date + 5))",
                                  "Plans": [
                                    {
                                      "Node Type": "Nested Loop",
                                      "Parent Relationship": "Outer",
                                      "Parallel Aware": false,
                                      "Async Capable": false,
                                      "Join Type": "Inner",
                                      "Startup Cost": 505564.64,
                                      "Total Cost": 2001544.76,
                                      "Plan Rows": 121,
                                      "Plan Width": 143,
                                      "Inner Unique": false,
                                      "Join Filter": "(inventory.inv_warehouse_sk = warehouse.w_warehouse_sk)",
                                      "Plans": [
                                        {
                                          "Node Type": "Hash Join",
                                          "Parent Relationship": "Outer",
                                          "Parallel Aware": false,
                                          "Async Capable": false,
                                          "Join Type": "Inner",
                                          "Startup Cost": 505564.64,
                                          "Total Cost": 2001525.48,
                                          "Plan Rows": 121,
                                          "Plan Width": 130,
                                          "Inner Unique": false,
                                          "Hash Cond": "(catalog_sales.cs_item_sk = item.i_item_sk)",
                                          "Plans": [
                                            {
                                              "Node Type": "Gather",
                                              "Parent Relationship": "Outer",
                                              "Parallel Aware": false,
                                              "Async Capable": false,
                                              "Startup Cost": 494611.64,
                                              "Total Cost": 1988874.82,
                                              "Plan Rows": 121,
                                              "Plan Width": 32,
                                              "Workers Planned": 2,
                                              "Single Copy": false,
                                              "Plans": [
                                                {
                                                  "Node Type": "Hash Join",
                                                  "Parent Relationship": "Outer",
                                                  "Parallel Aware": true,
                                                  "Async Capable": false,
                                                  "Join Type": "Inner",
                                                  "Startup Cost": 493611.64,
                                                  "Total Cost": 1987862.72,
                                                  "Plan Rows": 50,
                                                  "Plan Width": 32,
                                                  "Inner Unique": false,
                                                  "Hash Cond": "((inventory.inv_date_sk = d2.d_date_sk) AND (d1.d_week_seq = d2.d_week_seq))",
                                                  "Plans": [
                                                    {
                                                      "Node Type": "Hash Join",
                                                      "Parent Relationship": "Outer",
                                                      "Parallel Aware": true,
                                                      "Async Capable": false,
                                                      "Join Type": "Inner",
                                                      "Startup Cost": 491132.39,
                                                      "Total Cost": 1981451.77,
                                                      "Plan Rows": 524186,
                                                      "Plan Width": 36,
                                                      "Inner Unique": false,
                                                      "Hash Cond": "(inventory.inv_item_sk = catalog_sales.cs_item_sk)",
                                                      "Join Filter": "(inventory.inv_quantity_on_hand < catalog_sales.cs_quantity)",
                                                      "Plans": [
                                                        {
                                                          "Node Type": "Seq Scan",
                                                          "Parent Relationship": "Outer",
                                                          "Parallel Aware": true,
                                                          "Async Capable": false,
                                                          "Relation Name": "inventory",
                                                          "Alias": "inventory",
                                                          "Startup Cost": 0.0,
                                                          "Total Cost": 1274139.37,
                                                          "Plan Rows": 55462537,
                                                          "Plan Width": 16,
                                                          "parent": 13,
                                                          "ID": 14
                                                        },
                                                        {
                                                          "Node Type": "Hash",
                                                          "Parent Relationship": "Inner",
                                                          "Parallel Aware": true,
                                                          "Async Capable": false,
                                                          "Startup Cost": 491120.29,
                                                          "Total Cost": 491120.29,
                                                          "Plan Rows": 968,
                                                          "Plan Width": 28,
                                                          "Plans": [
                                                            {
                                                              "Node Type": "Hash Join",
                                                              "Parent Relationship": "Outer",
                                                              "Parallel Aware": true,
                                                              "Async Capable": false,
                                                              "Join Type": "Inner",
                                                              "Startup Cost": 458688.15,
                                                              "Total Cost": 491120.29,
                                                              "Plan Rows": 968,
                                                              "Plan Width": 28,
                                                              "Inner Unique": false,
                                                              "Hash Cond": "(customer_demographics.cd_demo_sk = catalog_sales.cs_bill_cdemo_sk)",
                                                              "Plans": [
                                                                {
                                                                  "Node Type": "Seq Scan",
                                                                  "Parent Relationship": "Outer",
                                                                  "Parallel Aware": true,
                                                                  "Async Capable": false,
                                                                  "Relation Name": "customer_demographics",
                                                                  "Alias": "customer_demographics",
                                                                  "Startup Cost": 0.0,
                                                                  "Total Cost": 31832.17,
                                                                  "Plan Rows": 158920,
                                                                  "Plan Width": 4,
                                                                  "Filter": "(cd_marital_status = 'S'::bpchar)",
                                                                  "parent": 16,
                                                                  "ID": 17
                                                                },
                                                                {
                                                                  "Node Type": "Hash",
                                                                  "Parent Relationship": "Inner",
                                                                  "Parallel Aware": true,
                                                                  "Async Capable": false,
                                                                  "Startup Cost": 458626.88,
                                                                  "Total Cost": 458626.88,
                                                                  "Plan Rows": 4901,
                                                                  "Plan Width": 32,
                                                                  "Plans": [
                                                                    {
                                                                      "Node Type": "Hash Join",
                                                                      "Parent Relationship": "Outer",
                                                                      "Parallel Aware": false,
                                                                      "Async Capable": false,
                                                                      "Join Type": "Inner",
                                                                      "Startup Cost": 2102.79,
                                                                      "Total Cost": 458626.88,
                                                                      "Plan Rows": 4901,
                                                                      "Plan Width": 32,
                                                                      "Inner Unique": false,
                                                                      "Hash Cond": "(catalog_sales.cs_bill_hdemo_sk = household_demographics.hd_demo_sk)",
                                                                      "Plans": [
                                                                        {
                                                                          "Node Type": "Hash Join",
                                                                          "Parent Relationship": "Outer",
                                                                          "Parallel Aware": true,
                                                                          "Async Capable": false,
                                                                          "Join Type": "Inner",
                                                                          "Startup Cost": 1944.79,
                                                                          "Total Cost": 458308.99,
                                                                          "Plan Rows": 29569,
                                                                          "Plan Width": 36,
                                                                          "Inner Unique": false,
                                                                          "Hash Cond": "(catalog_sales.cs_sold_date_sk = d1.d_date_sk)",
                                                                          "Plans": [
                                                                            {
                                                                              "Node Type": "Seq Scan",
                                                                              "Parent Relationship": "Outer",
                                                                              "Parallel Aware": true,
                                                                              "Async Capable": false,
                                                                              "Relation Name": "catalog_sales",
                                                                              "Alias": "catalog_sales",
                                                                              "Startup Cost": 0.0,
                                                                              "Total Cost": 433688.25,
                                                                              "Plan Rows": 6000525,
                                                                              "Plan Width": 32,
                                                                              "parent": 20,
                                                                              "ID": 21
                                                                            },
                                                                            {
                                                                              "Node Type": "Hash",
                                                                              "Parent Relationship": "Inner",
                                                                              "Parallel Aware": true,
                                                                              "Async Capable": false,
                                                                              "Startup Cost": 1942.12,
                                                                              "Total Cost": 1942.12,
                                                                              "Plan Rows": 213,
                                                                              "Plan Width": 12,
                                                                              "Plans": [
                                                                                {
                                                                                  "Node Type": "Seq Scan",
                                                                                  "Parent Relationship": "Outer",
                                                                                  "Parallel Aware": true,
                                                                                  "Async Capable": false,
                                                                                  "Relation Name": "date_dim",
                                                                                  "Alias": "d1",
                                                                                  "Startup Cost": 0.0,
                                                                                  "Total Cost": 1942.12,
                                                                                  "Plan Rows": 213,
                                                                                  "Plan Width": 12,
                                                                                  "Filter": "(d_year = 2001)",
                                                                                  "parent": 22,
                                                                                  "ID": 23
                                                                                }
                                                                              ],
                                                                              "parent": 20,
                                                                              "ID": 22,
                                                                              "left": 23
                                                                            }
                                                                          ],
                                                                          "parent": 19,
                                                                          "ID": 20,
                                                                          "left": 21,
                                                                          "right": 22
                                                                        },
                                                                        {
                                                                          "Node Type": "Hash",
                                                                          "Parent Relationship": "Inner",
                                                                          "Parallel Aware": false,
                                                                          "Async Capable": false,
                                                                          "Startup Cost": 143.0,
                                                                          "Total Cost": 143.0,
                                                                          "Plan Rows": 1200,
                                                                          "Plan Width": 4,
                                                                          "Plans": [
                                                                            {
                                                                              "Node Type": "Seq Scan",
                                                                              "Parent Relationship": "Outer",
                                                                              "Parallel Aware": false,
                                                                              "Async Capable": false,
                                                                              "Relation Name": "household_demographics",
                                                                              "Alias": "household_demographics",
                                                                              "Startup Cost": 0.0,
                                                                              "Total Cost": 143.0,
                                                                              "Plan Rows": 1200,
                                                                              "Plan Width": 4,
                                                                              "Filter": "(hd_buy_potential = '501-1000'::bpchar)",
                                                                              "parent": 24,
                                                                              "ID": 25
                                                                            }
                                                                          ],
                                                                          "parent": 19,
                                                                          "ID": 24,
                                                                          "left": 25
                                                                        }
                                                                      ],
                                                                      "parent": 18,
                                                                      "ID": 19,
                                                                      "left": 20,
                                                                      "right": 24
                                                                    }
                                                                  ],
                                                                  "parent": 16,
                                                                  "ID": 18,
                                                                  "left": 19
                                                                }
                                                              ],
                                                              "parent": 15,
                                                              "ID": 16,
                                                              "left": 17,
                                                              "right": 18
                                                            }
                                                          ],
                                                          "parent": 13,
                                                          "ID": 15,
                                                          "left": 16
                                                        }
                                                      ],
                                                      "parent": 12,
                                                      "ID": 13,
                                                      "left": 14,
                                                      "right": 15
                                                    },
                                                    {
                                                      "Node Type": "Hash",
                                                      "Parent Relationship": "Inner",
                                                      "Parallel Aware": true,
                                                      "Async Capable": false,
                                                      "Startup Cost": 1834.7,
                                                      "Total Cost": 1834.7,
                                                      "Plan Rows": 42970,
                                                      "Plan Width": 8,
                                                      "Plans": [
                                                        {
                                                          "Node Type": "Seq Scan",
                                                          "Parent Relationship": "Outer",
                                                          "Parallel Aware": true,
                                                          "Async Capable": false,
                                                          "Relation Name": "date_dim",
                                                          "Alias": "d2",
                                                          "Startup Cost": 0.0,
                                                          "Total Cost": 1834.7,
                                                          "Plan Rows": 42970,
                                                          "Plan Width": 8,
                                                          "parent": 26,
                                                          "ID": 27
                                                        }
                                                      ],
                                                      "parent": 12,
                                                      "ID": 26,
                                                      "left": 27
                                                    }
                                                  ],
                                                  "parent": 11,
                                                  "ID": 12,
                                                  "left": 13,
                                                  "right": 26
                                                }
                                              ],
                                              "parent": 10,
                                              "ID": 11,
                                              "left": 12
                                            },
                                            {
                                              "Node Type": "Hash",
                                              "Parent Relationship": "Inner",
                                              "Parallel Aware": false,
                                              "Async Capable": false,
                                              "Startup Cost": 7984.0,
                                              "Total Cost": 7984.0,
                                              "Plan Rows": 102000,
                                              "Plan Width": 106,
                                              "Plans": [
                                                {
                                                  "Node Type": "Seq Scan",
                                                  "Parent Relationship": "Outer",
                                                  "Parallel Aware": false,
                                                  "Async Capable": false,
                                                  "Relation Name": "item",
                                                  "Alias": "item",
                                                  "Startup Cost": 0.0,
                                                  "Total Cost": 7984.0,
                                                  "Plan Rows": 102000,
                                                  "Plan Width": 106,
                                                  "parent": 28,
                                                  "ID": 29
                                                }
                                              ],
                                              "parent": 10,
                                              "ID": 28,
                                              "left": 29
                                            }
                                          ],
                                          "parent": 9,
                                          "ID": 10,
                                          "left": 11,
                                          "right": 28
                                        },
                                        {
                                          "Node Type": "Materialize",
                                          "Parent Relationship": "Inner",
                                          "Parallel Aware": false,
                                          "Async Capable": false,
                                          "Startup Cost": 0.0,
                                          "Total Cost": 1.15,
                                          "Plan Rows": 10,
                                          "Plan Width": 21,
                                          "Plans": [
                                            {
                                              "Node Type": "Seq Scan",
                                              "Parent Relationship": "Outer",
                                              "Parallel Aware": false,
                                              "Async Capable": false,
                                              "Relation Name": "warehouse",
                                              "Alias": "warehouse",
                                              "Startup Cost": 0.0,
                                              "Total Cost": 1.1,
                                              "Plan Rows": 10,
                                              "Plan Width": 21,
                                              "parent": 30,
                                              "ID": 31
                                            }
                                          ],
                                          "parent": 9,
                                          "ID": 30,
                                          "left": 31
                                        }
                                      ],
                                      "parent": 8,
                                      "ID": 9,
                                      "left": 10,
                                      "right": 30
                                    },
                                    {
                                      "Node Type": "Hash",
                                      "Parent Relationship": "Inner",
                                      "Parallel Aware": false,
                                      "Async Capable": false,
                                      "Startup Cost": 2135.49,
                                      "Total Cost": 2135.49,
                                      "Plan Rows": 73049,
                                      "Plan Width": 8,
                                      "Plans": [
                                        {
                                          "Node Type": "Seq Scan",
                                          "Parent Relationship": "Outer",
                                          "Parallel Aware": false,
                                          "Async Capable": false,
                                          "Relation Name": "date_dim",
                                          "Alias": "d3",
                                          "Startup Cost": 0.0,
                                          "Total Cost": 2135.49,
                                          "Plan Rows": 73049,
                                          "Plan Width": 8,
                                          "parent": 32,
                                          "ID": 33
                                        }
                                      ],
                                      "parent": 8,
                                      "ID": 32,
                                      "left": 33
                                    }
                                  ],
                                  "parent": 7,
                                  "ID": 8,
                                  "left": 9,
                                  "right": 32
                                }
                              ],
                              "parent": 5,
                              "ID": 7,
                              "left": 8
                            }
                          ],
                          "parent": 4,
                          "ID": 5,
                          "left": 6,
                          "right": 7
                        },
                        {
                          "Node Type": "Materialize",
                          "Parent Relationship": "Inner",
                          "Parallel Aware": false,
                          "Async Capable": false,
                          "Startup Cost": 0.0,
                          "Total Cost": 20.5,
                          "Plan Rows": 500,
                          "Plan Width": 4,
                          "Plans": [
                            {
                              "Node Type": "Seq Scan",
                              "Parent Relationship": "Outer",
                              "Parallel Aware": false,
                              "Async Capable": false,
                              "Relation Name": "promotion",
                              "Alias": "promotion",
                              "Startup Cost": 0.0,
                              "Total Cost": 18.0,
                              "Plan Rows": 500,
                              "Plan Width": 4,
                              "parent": 34,
                              "ID": 35
                            }
                          ],
                          "parent": 4,
                          "ID": 34,
                          "left": 35
                        }
                      ],
                      "parent": 3,
                      "ID": 4,
                      "left": 5,
                      "right": 34
                    }
                  ],
                  "parent": 2,
                  "ID": 3,
                  "left": 4
                }
              ],
              "parent": 1,
              "ID": 2,
              "left": 3
            }
          ],
          "parent": 0,
          "ID": 1,
          "left": 2
        }
      ],
      "parent": null,
      "ID": 0,
      "left": 1
    },
    "feat": {
      "utility": 5.978004259006506e-06,
      "query_shape": [
        [
          "Seq Scan",
          "Hash Join",
          "Nested Loop",
          "Sort",
          "Aggregate"
        ],
        [
          "Seq Scan",
          "Hash Join",
          "Gather",
          "Nested Loop",
          "Hash",
          "Sort",
          "Aggregate"
        ],
        [
          "Seq Scan",
          "Hash Join",
          "Hash",
          "Gather",
          "Nested Loop",
          "Sort",
          "Aggregate"
        ],
        [
          "Seq Scan",
          "Hash Join",
          "Hash",
          "Gather",
          "Nested Loop",
          "Sort",
          "Aggregate"
        ],
        [
          "Seq Scan",
          "Hash",
          "Hash Join",
          "Gather",
          "Nested Loop",
          "Sort",
          "Aggregate"
        ],
        [
          "Seq Scan",
          "Hash",
          "Hash Join",
          "Gather",
          "Nested Loop",
          "Sort",
          "Aggregate"
        ],
        [
          "Seq Scan",
          "Hash",
          "Hash Join",
          "Gather",
          "Nested Loop",
          "Sort",
          "Aggregate"
        ],
        [
          "Seq Scan",
          "Hash",
          "Hash Join",
          "Nested Loop",
          "Sort",
          "Aggregate"
        ],
        [
          "Seq Scan",
          "Materialize",
          "Nested Loop",
          "Hash Join",
          "Hash",
          "Sort",
          "Aggregate"
        ],
        [
          "Seq Scan",
          "Hash",
          "Hash Join",
          "Nested Loop",
          "Sort",
          "Aggregate"
        ],
        [
          "Seq Scan",
          "Materialize",
          "Nested Loop",
          "Sort",
          "Aggregate"
        ]
      ],
      "index_shape": [
        "join"
      ],
      "physical_operator": {
        "Nested Loop": [
          0.31622776601683794
        ]
      }
    }
  },
  {
    "query": "select  i_item_desc\n      ,w_warehouse_name\n      ,d1.d_week_seq\n      ,sum(case when p_promo_sk is null then 1 else 0 end) no_promo\n      ,sum(case when p_promo_sk is not null then 1 else 0 end) promo\n      ,count(*) total_cnt\nfrom catalog_sales\njoin inventory on (cs_item_sk = inv_item_sk)\njoin warehouse on (w_warehouse_sk=inv_warehouse_sk)\njoin item on (i_item_sk = cs_item_sk)\njoin customer_demographics on (cs_bill_cdemo_sk = cd_demo_sk)\njoin household_demographics on (cs_bill_hdemo_sk = hd_demo_sk)\njoin date_dim d1 on (cs_sold_date_sk = d1.d_date_sk)\njoin date_dim d2 on (inv_date_sk = d2.d_date_sk)\njoin date_dim d3 on (cs_ship_date_sk = d3.d_date_sk)\nleft outer join promotion on (cs_promo_sk=p_promo_sk)\nleft outer join catalog_returns on (cr_item_sk = cs_item_sk and cr_order_number = cs_order_number)\nwhere d1.d_week_seq = d2.d_week_seq\n  and inv_quantity_on_hand < cs_quantity \n  and d3.d_date > d1.d_date + 5\n  and hd_buy_potential = '501-1000'\n  and d1.d_year = 2001\n  and cd_marital_status = 'S'\ngroup by i_item_desc,w_warehouse_name,d1.d_week_seq\norder by total_cnt desc, i_item_desc, w_warehouse_name, d_week_seq\nlimit 100;\n\n-- end query 54 in stream 2 using template query72.tpl\n",
    "indexes": "inventory.inv_quantity_on_hand",
    "wo plan est": {
      "Node Type": "Limit",
      "Parallel Aware": false,
      "Async Capable": false,
      "Startup Cost": 2058864.31,
      "Total Cost": 2058864.41,
      "Plan Rows": 40,
      "Plan Width": 147,
      "Plans": [
        {
          "Node Type": "Sort",
          "Parent Relationship": "Outer",
          "Parallel Aware": false,
          "Async Capable": false,
          "Startup Cost": 2058864.31,
          "Total Cost": 2058864.41,
          "Plan Rows": 40,
          "Plan Width": 147,
          "Sort Key": [
            "(count(*)) DESC",
            "item.i_item_desc",
            "warehouse.w_warehouse_name",
            "d1.d_week_seq"
          ],
          "Plans": [
            {
              "Node Type": "Aggregate",
              "Strategy": "Sorted",
              "Partial Mode": "Simple",
              "Parent Relationship": "Outer",
              "Parallel Aware": false,
              "Async Capable": false,
              "Startup Cost": 2058862.15,
              "Total Cost": 2058863.25,
              "Plan Rows": 40,
              "Plan Width": 147,
              "Group Key": [
                "item.i_item_desc",
                "warehouse.w_warehouse_name",
                "d1.d_week_seq"
              ],
              "Plans": [
                {
                  "Node Type": "Sort",
                  "Parent Relationship": "Outer",
                  "Parallel Aware": false,
                  "Async Capable": false,
                  "Startup Cost": 2058862.15,
                  "Total Cost": 2058862.25,
                  "Plan Rows": 40,
                  "Plan Width": 127,
                  "Sort Key": [
                    "item.i_item_desc",
                    "warehouse.w_warehouse_name",
                    "d1.d_week_seq"
                  ],
                  "Plans": [
                    {
                      "Node Type": "Nested Loop",
                      "Parent Relationship": "Outer",
                      "Parallel Aware": false,
                      "Async Capable": false,
                      "Join Type": "Left",
                      "Startup Cost": 2004596.21,
                      "Total Cost": 2058861.08,
                      "Plan Rows": 40,
                      "Plan Width": 127,
                      "Inner Unique": false,
                      "Join Filter": "(catalog_sales.cs_promo_sk = promotion.p_promo_sk)",
                      "Plans": [
                        {
                          "Node Type": "Hash Join",
                          "Parent Relationship": "Outer",
                          "Parallel Aware": false,
                          "Async Capable": false,
                          "Join Type": "Right",
                          "Startup Cost": 2004596.21,
                          "Total Cost": 2058541.83,
                          "Plan Rows": 40,
                          "Plan Width": 127,
                          "Inner Unique": false,
                          "Hash Cond": "((catalog_returns.cr_item_sk = catalog_sales.cs_item_sk) AND (catalog_returns.cr_order_number = catalog_sales.cs_order_number))",
                          "Plans": [
                            {
                              "Node Type": "Seq Scan",
                              "Parent Relationship": "Outer",
                              "Parallel Aware": false,
                              "Async Capable": false,
                              "Relation Name": "catalog_returns",
                              "Alias": "catalog_returns",
                              "Startup Cost": 0.0,
                              "Total Cost": 43147.49,
                              "Plan Rows": 1439749,
                              "Plan Width": 8,
                              "parent": 5,
                              "ID": 6
                            },
                            {
                              "Node Type": "Hash",
                              "Parent Relationship": "Inner",
                              "Parallel Aware": false,
                              "Async Capable": false,
                              "Startup Cost": 2004595.61,
                              "Total Cost": 2004595.61,
                              "Plan Rows": 40,
                              "Plan Width": 135,
                              "Plans": [
                                {
                                  "Node Type": "Hash Join",
                                  "Parent Relationship": "Outer",
                                  "Parallel Aware": false,
                                  "Async Capable": false,
                                  "Join Type": "Inner",
                                  "Startup Cost": 508613.25,
                                  "Total Cost": 2004595.61,
                                  "Plan Rows": 40,
                                  "Plan Width": 135,
                                  "Inner Unique": false,
                                  "Hash Cond": "(catalog_sales.cs_ship_date_sk = d3.d_date_sk)",
                                  "Join Filter": "(d3.d_date > (d1.d_date + 5))",
                                  "Plans": [
                                    {
                                      "Node Type": "Nested Loop",
                                      "Parent Relationship": "Outer",
                                      "Parallel Aware": false,
                                      "Async Capable": false,
                                      "Join Type": "Inner",
                                      "Startup Cost": 505564.64,
                                      "Total Cost": 2001544.76,
                                      "Plan Rows": 121,
                                      "Plan Width": 143,
                                      "Inner Unique": false,
                                      "Join Filter": "(inventory.inv_warehouse_sk = warehouse.w_warehouse_sk)",
                                      "Plans": [
                                        {
                                          "Node Type": "Hash Join",
                                          "Parent Relationship": "Outer",
                                          "Parallel Aware": false,
                                          "Async Capable": false,
                                          "Join Type": "Inner",
                                          "Startup Cost": 505564.64,
                                          "Total Cost": 2001525.48,
                                          "Plan Rows": 121,
                                          "Plan Width": 130,
                                          "Inner Unique": false,
                                          "Hash Cond": "(catalog_sales.cs_item_sk = item.i_item_sk)",
                                          "Plans": [
                                            {
                                              "Node Type": "Gather",
                                              "Parent Relationship": "Outer",
                                              "Parallel Aware": false,
                                              "Async Capable": false,
                                              "Startup Cost": 494611.64,
                                              "Total Cost": 1988874.82,
                                              "Plan Rows": 121,
                                              "Plan Width": 32,
                                              "Workers Planned": 2,
                                              "Single Copy": false,
                                              "Plans": [
                                                {
                                                  "Node Type": "Hash Join",
                                                  "Parent Relationship": "Outer",
                                                  "Parallel Aware": true,
                                                  "Async Capable": false,
                                                  "Join Type": "Inner",
                                                  "Startup Cost": 493611.64,
                                                  "Total Cost": 1987862.72,
                                                  "Plan Rows": 50,
                                                  "Plan Width": 32,
                                                  "Inner Unique": false,
                                                  "Hash Cond": "((inventory.inv_date_sk = d2.d_date_sk) AND (d1.d_week_seq = d2.d_week_seq))",
                                                  "Plans": [
                                                    {
                                                      "Node Type": "Hash Join",
                                                      "Parent Relationship": "Outer",
                                                      "Parallel Aware": true,
                                                      "Async Capable": false,
                                                      "Join Type": "Inner",
                                                      "Startup Cost": 491132.39,
                                                      "Total Cost": 1981451.77,
                                                      "Plan Rows": 524186,
                                                      "Plan Width": 36,
                                                      "Inner Unique": false,
                                                      "Hash Cond": "(inventory.inv_item_sk = catalog_sales.cs_item_sk)",
                                                      "Join Filter": "(inventory.inv_quantity_on_hand < catalog_sales.cs_quantity)",
                                                      "Plans": [
                                                        {
                                                          "Node Type": "Seq Scan",
                                                          "Parent Relationship": "Outer",
                                                          "Parallel Aware": true,
                                                          "Async Capable": false,
                                                          "Relation Name": "inventory",
                                                          "Alias": "inventory",
                                                          "Startup Cost": 0.0,
                                                          "Total Cost": 1274139.37,
                                                          "Plan Rows": 55462537,
                                                          "Plan Width": 16,
                                                          "parent": 13,
                                                          "ID": 14
                                                        },
                                                        {
                                                          "Node Type": "Hash",
                                                          "Parent Relationship": "Inner",
                                                          "Parallel Aware": true,
                                                          "Async Capable": false,
                                                          "Startup Cost": 491120.29,
                                                          "Total Cost": 491120.29,
                                                          "Plan Rows": 968,
                                                          "Plan Width": 28,
                                                          "Plans": [
                                                            {
                                                              "Node Type": "Hash Join",
                                                              "Parent Relationship": "Outer",
                                                              "Parallel Aware": true,
                                                              "Async Capable": false,
                                                              "Join Type": "Inner",
                                                              "Startup Cost": 458688.15,
                                                              "Total Cost": 491120.29,
                                                              "Plan Rows": 968,
                                                              "Plan Width": 28,
                                                              "Inner Unique": false,
                                                              "Hash Cond": "(customer_demographics.cd_demo_sk = catalog_sales.cs_bill_cdemo_sk)",
                                                              "Plans": [
                                                                {
                                                                  "Node Type": "Seq Scan",
                                                                  "Parent Relationship": "Outer",
                                                                  "Parallel Aware": true,
                                                                  "Async Capable": false,
                                                                  "Relation Name": "customer_demographics",
                                                                  "Alias": "customer_demographics",
                                                                  "Startup Cost": 0.0,
                                                                  "Total Cost": 31832.17,
                                                                  "Plan Rows": 158920,
                                                                  "Plan Width": 4,
                                                                  "Filter": "(cd_marital_status = 'S'::bpchar)",
                                                                  "parent": 16,
                                                                  "ID": 17
                                                                },
                                                                {
                                                                  "Node Type": "Hash",
                                                                  "Parent Relationship": "Inner",
                                                                  "Parallel Aware": true,
                                                                  "Async Capable": false,
                                                                  "Startup Cost": 458626.88,
                                                                  "Total Cost": 458626.88,
                                                                  "Plan Rows": 4901,
                                                                  "Plan Width": 32,
                                                                  "Plans": [
                                                                    {
                                                                      "Node Type": "Hash Join",
                                                                      "Parent Relationship": "Outer",
                                                                      "Parallel Aware": false,
                                                                      "Async Capable": false,
                                                                      "Join Type": "Inner",
                                                                      "Startup Cost": 2102.79,
                                                                      "Total Cost": 458626.88,
                                                                      "Plan Rows": 4901,
                                                                      "Plan Width": 32,
                                                                      "Inner Unique": false,
                                                                      "Hash Cond": "(catalog_sales.cs_bill_hdemo_sk = household_demographics.hd_demo_sk)",
                                                                      "Plans": [
                                                                        {
                                                                          "Node Type": "Hash Join",
                                                                          "Parent Relationship": "Outer",
                                                                          "Parallel Aware": true,
                                                                          "Async Capable": false,
                                                                          "Join Type": "Inner",
                                                                          "Startup Cost": 1944.79,
                                                                          "Total Cost": 458308.99,
                                                                          "Plan Rows": 29569,
                                                                          "Plan Width": 36,
                                                                          "Inner Unique": false,
                                                                          "Hash Cond": "(catalog_sales.cs_sold_date_sk = d1.d_date_sk)",
                                                                          "Plans": [
                                                                            {
                                                                              "Node Type": "Seq Scan",
                                                                              "Parent Relationship": "Outer",
                                                                              "Parallel Aware": true,
                                                                              "Async Capable": false,
                                                                              "Relation Name": "catalog_sales",
                                                                              "Alias": "catalog_sales",
                                                                              "Startup Cost": 0.0,
                                                                              "Total Cost": 433688.25,
                                                                              "Plan Rows": 6000525,
                                                                              "Plan Width": 32,
                                                                              "parent": 20,
                                                                              "ID": 21
                                                                            },
                                                                            {
                                                                              "Node Type": "Hash",
                                                                              "Parent Relationship": "Inner",
                                                                              "Parallel Aware": true,
                                                                              "Async Capable": false,
                                                                              "Startup Cost": 1942.12,
                                                                              "Total Cost": 1942.12,
                                                                              "Plan Rows": 213,
                                                                              "Plan Width": 12,
                                                                              "Plans": [
                                                                                {
                                                                                  "Node Type": "Seq Scan",
                                                                                  "Parent Relationship": "Outer",
                                                                                  "Parallel Aware": true,
                                                                                  "Async Capable": false,
                                                                                  "Relation Name": "date_dim",
                                                                                  "Alias": "d1",
                                                                                  "Startup Cost": 0.0,
                                                                                  "Total Cost": 1942.12,
                                                                                  "Plan Rows": 213,
                                                                                  "Plan Width": 12,
                                                                                  "Filter": "(d_year = 2001)",
                                                                                  "parent": 22,
                                                                                  "ID": 23
                                                                                }
                                                                              ],
                                                                              "parent": 20,
                                                                              "ID": 22,
                                                                              "left": 23
                                                                            }
                                                                          ],
                                                                          "parent": 19,
                                                                          "ID": 20,
                                                                          "left": 21,
                                                                          "right": 22
                                                                        },
                                                                        {
                                                                          "Node Type": "Hash",
                                                                          "Parent Relationship": "Inner",
                                                                          "Parallel Aware": false,
                                                                          "Async Capable": false,
                                                                          "Startup Cost": 143.0,
                                                                          "Total Cost": 143.0,
                                                                          "Plan Rows": 1200,
                                                                          "Plan Width": 4,
                                                                          "Plans": [
                                                                            {
                                                                              "Node Type": "Seq Scan",
                                                                              "Parent Relationship": "Outer",
                                                                              "Parallel Aware": false,
                                                                              "Async Capable": false,
                                                                              "Relation Name": "household_demographics",
                                                                              "Alias": "household_demographics",
                                                                              "Startup Cost": 0.0,
                                                                              "Total Cost": 143.0,
                                                                              "Plan Rows": 1200,
                                                                              "Plan Width": 4,
                                                                              "Filter": "(hd_buy_potential = '501-1000'::bpchar)",
                                                                              "parent": 24,
                                                                              "ID": 25
                                                                            }
                                                                          ],
                                                                          "parent": 19,
                                                                          "ID": 24,
                                                                          "left": 25
                                                                        }
                                                                      ],
                                                                      "parent": 18,
                                                                      "ID": 19,
                                                                      "left": 20,
                                                                      "right": 24
                                                                    }
                                                                  ],
                                                                  "parent": 16,
                                                                  "ID": 18,
                                                                  "left": 19
                                                                }
                                                              ],
                                                              "parent": 15,
                                                              "ID": 16,
                                                              "left": 17,
                                                              "right": 18
                                                            }
                                                          ],
                                                          "parent": 13,
                                                          "ID": 15,
                                                          "left": 16
                                                        }
                                                      ],
                                                      "parent": 12,
                                                      "ID": 13,
                                                      "left": 14,
                                                      "right": 15
                                                    },
                                                    {
                                                      "Node Type": "Hash",
                                                      "Parent Relationship": "Inner",
                                                      "Parallel Aware": true,
                                                      "Async Capable": false,
                                                      "Startup Cost": 1834.7,
                                                      "Total Cost": 1834.7,
                                                      "Plan Rows": 42970,
                                                      "Plan Width": 8,
                                                      "Plans": [
                                                        {
                                                          "Node Type": "Seq Scan",
                                                          "Parent Relationship": "Outer",
                                                          "Parallel Aware": true,
                                                          "Async Capable": false,
                                                          "Relation Name": "date_dim",
                                                          "Alias": "d2",
                                                          "Startup Cost": 0.0,
                                                          "Total Cost": 1834.7,
                                                          "Plan Rows": 42970,
                                                          "Plan Width": 8,
                                                          "parent": 26,
                                                          "ID": 27
                                                        }
                                                      ],
                                                      "parent": 12,
                                                      "ID": 26,
                                                      "left": 27
                                                    }
                                                  ],
                                                  "parent": 11,
                                                  "ID": 12,
                                                  "left": 13,
                                                  "right": 26
                                                }
                                              ],
                                              "parent": 10,
                                              "ID": 11,
                                              "left": 12
                                            },
                                            {
                                              "Node Type": "Hash",
                                              "Parent Relationship": "Inner",
                                              "Parallel Aware": false,
                                              "Async Capable": false,
                                              "Startup Cost": 7984.0,
                                              "Total Cost": 7984.0,
                                              "Plan Rows": 102000,
                                              "Plan Width": 106,
                                              "Plans": [
                                                {
                                                  "Node Type": "Seq Scan",
                                                  "Parent Relationship": "Outer",
                                                  "Parallel Aware": false,
                                                  "Async Capable": false,
                                                  "Relation Name": "item",
                                                  "Alias": "item",
                                                  "Startup Cost": 0.0,
                                                  "Total Cost": 7984.0,
                                                  "Plan Rows": 102000,
                                                  "Plan Width": 106,
                                                  "parent": 28,
                                                  "ID": 29
                                                }
                                              ],
                                              "parent": 10,
                                              "ID": 28,
                                              "left": 29
                                            }
                                          ],
                                          "parent": 9,
                                          "ID": 10,
                                          "left": 11,
                                          "right": 28
                                        },
                                        {
                                          "Node Type": "Materialize",
                                          "Parent Relationship": "Inner",
                                          "Parallel Aware": false,
                                          "Async Capable": false,
                                          "Startup Cost": 0.0,
                                          "Total Cost": 1.15,
                                          "Plan Rows": 10,
                                          "Plan Width": 21,
                                          "Plans": [
                                            {
                                              "Node Type": "Seq Scan",
                                              "Parent Relationship": "Outer",
                                              "Parallel Aware": false,
                                              "Async Capable": false,
                                              "Relation Name": "warehouse",
                                              "Alias": "warehouse",
                                              "Startup Cost": 0.0,
                                              "Total Cost": 1.1,
                                              "Plan Rows": 10,
                                              "Plan Width": 21,
                                              "parent": 30,
                                              "ID": 31
                                            }
                                          ],
                                          "parent": 9,
                                          "ID": 30,
                                          "left": 31
                                        }
                                      ],
                                      "parent": 8,
                                      "ID": 9,
                                      "left": 10,
                                      "right": 30
                                    },
                                    {
                                      "Node Type": "Hash",
                                      "Parent Relationship": "Inner",
                                      "Parallel Aware": false,
                                      "Async Capable": false,
                                      "Startup Cost": 2135.49,
                                      "Total Cost": 2135.49,
                                      "Plan Rows": 73049,
                                      "Plan Width": 8,
                                      "Plans": [
                                        {
                                          "Node Type": "Seq Scan",
                                          "Parent Relationship": "Outer",
                                          "Parallel Aware": false,
                                          "Async Capable": false,
                                          "Relation Name": "date_dim",
                                          "Alias": "d3",
                                          "Startup Cost": 0.0,
                                          "Total Cost": 2135.49,
                                          "Plan Rows": 73049,
                                          "Plan Width": 8,
                                          "parent": 32,
                                          "ID": 33
                                        }
                                      ],
                                      "parent": 8,
                                      "ID": 32,
                                      "left": 33
                                    }
                                  ],
                                  "parent": 7,
                                  "ID": 8,
                                  "left": 9,
                                  "right": 32
                                }
                              ],
                              "parent": 5,
                              "ID": 7,
                              "left": 8
                            }
                          ],
                          "parent": 4,
                          "ID": 5,
                          "left": 6,
                          "right": 7
                        },
                        {
                          "Node Type": "Materialize",
                          "Parent Relationship": "Inner",
                          "Parallel Aware": false,
                          "Async Capable": false,
                          "Startup Cost": 0.0,
                          "Total Cost": 20.5,
                          "Plan Rows": 500,
                          "Plan Width": 4,
                          "Plans": [
                            {
                              "Node Type": "Seq Scan",
                              "Parent Relationship": "Outer",
                              "Parallel Aware": false,
                              "Async Capable": false,
                              "Relation Name": "promotion",
                              "Alias": "promotion",
                              "Startup Cost": 0.0,
                              "Total Cost": 18.0,
                              "Plan Rows": 500,
                              "Plan Width": 4,
                              "parent": 34,
                              "ID": 35
                            }
                          ],
                          "parent": 4,
                          "ID": 34,
                          "left": 35
                        }
                      ],
                      "parent": 3,
                      "ID": 4,
                      "left": 5,
                      "right": 34
                    }
                  ],
                  "parent": 2,
                  "ID": 3,
                  "left": 4
                }
              ],
              "parent": 1,
              "ID": 2,
              "left": 3
            }
          ],
          "parent": 0,
          "ID": 1,
          "left": 2
        }
      ],
      "parent": null,
      "ID": 0,
      "left": 1
    },
    "feat": {
      "utility": 8.715365481319366e-06,
      "query_shape": [
        [
          "Seq Scan",
          "Hash Join",
          "Nested Loop",
          "Sort",
          "Aggregate"
        ],
        [
          "Seq Scan",
          "Hash Join",
          "Gather",
          "Nested Loop",
          "Hash",
          "Sort",
          "Aggregate"
        ],
        [
          "Seq Scan",
          "Hash Join",
          "Hash",
          "Gather",
          "Nested Loop",
          "Sort",
          "Aggregate"
        ],
        [
          "Seq Scan",
          "Hash Join",
          "Hash",
          "Gather",
          "Nested Loop",
          "Sort",
          "Aggregate"
        ],
        [
          "Seq Scan",
          "Hash",
          "Hash Join",
          "Gather",
          "Nested Loop",
          "Sort",
          "Aggregate"
        ],
        [
          "Seq Scan",
          "Hash",
          "Hash Join",
          "Gather",
          "Nested Loop",
          "Sort",
          "Aggregate"
        ],
        [
          "Seq Scan",
          "Hash",
          "Hash Join",
          "Gather",
          "Nested Loop",
          "Sort",
          "Aggregate"
        ],
        [
          "Seq Scan",
          "Hash",
          "Hash Join",
          "Nested Loop",
          "Sort",
          "Aggregate"
        ],
        [
          "Seq Scan",
          "Materialize",
          "Nested Loop",
          "Hash Join",
          "Hash",
          "Sort",
          "Aggregate"
        ],
        [
          "Seq Scan",
          "Hash",
          "Hash Join",
          "Nested Loop",
          "Sort",
          "Aggregate"
        ],
        [
          "Seq Scan",
          "Materialize",
          "Nested Loop",
          "Sort",
          "Aggregate"
        ]
      ],
      "index_shape": [
        "join"
      ],
      "physical_operator": {
        "Hash Join": [
          0.0031246772427244275
        ]
      }
    }
  },
  {
    "query": "with ss as (\n select i_item_id,sum(ss_ext_sales_price) total_sales\n from\n \tstore_sales,\n \tdate_dim,\n         customer_address,\n         item\n where i_item_id in (select\n     i_item_id\nfrom item\nwhere i_color in ('frosted','red','olive'))\n and     ss_item_sk              = i_item_sk\n and     ss_sold_date_sk         = d_date_sk\n and     d_year                  = 1999\n and     d_moy                   = 2\n and     ss_addr_sk              = ca_address_sk\n and     ca_gmt_offset           = -5 \n group by i_item_id),\n cs as (\n select i_item_id,sum(cs_ext_sales_price) total_sales\n from\n \tcatalog_sales,\n \tdate_dim,\n         customer_address,\n         item\n where\n         i_item_id               in (select\n  i_item_id\nfrom item\nwhere i_color in ('frosted','red','olive'))\n and     cs_item_sk              = i_item_sk\n and     cs_sold_date_sk         = d_date_sk\n and     d_year                  = 1999\n and     d_moy                   = 2\n and     cs_bill_addr_sk         = ca_address_sk\n and     ca_gmt_offset           = -5 \n group by i_item_id),\n ws as (\n select i_item_id,sum(ws_ext_sales_price) total_sales\n from\n \tweb_sales,\n \tdate_dim,\n         customer_address,\n         item\n where\n         i_item_id               in (select\n  i_item_id\nfrom item\nwhere i_color in ('frosted','red','olive'))\n and     ws_item_sk              = i_item_sk\n and     ws_sold_date_sk         = d_date_sk\n and     d_year                  = 1999\n and     d_moy                   = 2\n and     ws_bill_addr_sk         = ca_address_sk\n and     ca_gmt_offset           = -5\n group by i_item_id)\n  select  i_item_id ,sum(total_sales) total_sales\n from  (select * from ss \n        union all\n        select * from cs \n        union all\n        select * from ws) tmp1\n group by i_item_id\n order by total_sales,\n          i_item_id\n limit 100;\n\n-- end query 40 in stream 3 using template query56.tpl\n",
    "indexes": "customer_address.ca_gmt_offset",
    "wo plan est": {
      "Node Type": "Limit",
      "Parallel Aware": false,
      "Async Capable": false,
      "Startup Cost": 1445997.16,
      "Total Cost": 1445997.41,
      "Plan Rows": 100,
      "Plan Width": 49,
      "Plans": [
        {
          "Node Type": "Sort",
          "Parent Relationship": "Outer",
          "Parallel Aware": false,
          "Async Capable": false,
          "Startup Cost": 1445997.16,
          "Total Cost": 1445997.66,
          "Plan Rows": 200,
          "Plan Width": 49,
          "Sort Key": [
            "(sum((sum(store_sales.ss_ext_sales_price))))",
            "item.i_item_id"
          ],
          "Plans": [
            {
              "Node Type": "Aggregate",
              "Strategy": "Sorted",
              "Partial Mode": "Simple",
              "Parent Relationship": "Outer",
              "Parallel Aware": false,
              "Async Capable": false,
              "Startup Cost": 1445871.82,
              "Total Cost": 1445989.52,
              "Plan Rows": 200,
              "Plan Width": 49,
              "Group Key": [
                "item.i_item_id"
              ],
              "Plans": [
                {
                  "Node Type": "Merge Append",
                  "Parent Relationship": "Outer",
                  "Parallel Aware": false,
                  "Async Capable": false,
                  "Startup Cost": 1445871.82,
                  "Total Cost": 1445984.5,
                  "Plan Rows": 503,
                  "Plan Width": 49,
                  "Sort Key": [
                    "item.i_item_id"
                  ],
                  "Subplans Removed": 0,
                  "Plans": [
                    {
                      "Node Type": "Aggregate",
                      "Strategy": "Sorted",
                      "Partial Mode": "Finalize",
                      "Parent Relationship": "Member",
                      "Parallel Aware": false,
                      "Async Capable": false,
                      "Startup Cost": 708153.26,
                      "Total Cost": 708212.85,
                      "Plan Rows": 277,
                      "Plan Width": 49,
                      "Group Key": [
                        "item.i_item_id"
                      ],
                      "Plans": [
                        {
                          "Node Type": "Gather Merge",
                          "Parent Relationship": "Outer",
                          "Parallel Aware": false,
                          "Async Capable": false,
                          "Startup Cost": 708153.26,
                          "Total Cost": 708207.66,
                          "Plan Rows": 230,
                          "Plan Width": 49,
                          "Workers Planned": 2,
                          "Plans": [
                            {
                              "Node Type": "Aggregate",
                              "Strategy": "Sorted",
                              "Partial Mode": "Partial",
                              "Parent Relationship": "Outer",
                              "Parallel Aware": false,
                              "Async Capable": false,
                              "Startup Cost": 707153.23,
                              "Total Cost": 707181.09,
                              "Plan Rows": 115,
                              "Plan Width": 49,
                              "Group Key": [
                                "item.i_item_id"
                              ],
                              "Plans": [
                                {
                                  "Node Type": "Merge Join",
                                  "Parent Relationship": "Outer",
                                  "Parallel Aware": false,
                                  "Async Capable": false,
                                  "Join Type": "Semi",
                                  "Startup Cost": 707153.23,
                                  "Total Cost": 707179.08,
                                  "Plan Rows": 115,
                                  "Plan Width": 23,
                                  "Inner Unique": false,
                                  "Merge Cond": "(item.i_item_id = item_1.i_item_id)",
                                  "Plans": [
                                    {
                                      "Node Type": "Sort",
                                      "Parent Relationship": "Outer",
                                      "Parallel Aware": false,
                                      "Async Capable": false,
                                      "Startup Cost": 698586.38,
                                      "Total Cost": 698590.19,
                                      "Plan Rows": 1525,
                                      "Plan Width": 23,
                                      "Sort Key": [
                                        "item.i_item_id"
                                      ],
                                      "Plans": [
                                        {
                                          "Node Type": "Hash Join",
                                          "Parent Relationship": "Outer",
                                          "Parallel Aware": true,
                                          "Async Capable": false,
                                          "Join Type": "Inner",
                                          "Startup Cost": 690951.02,
                                          "Total Cost": 698505.75,
                                          "Plan Rows": 1525,
                                          "Plan Width": 23,
                                          "Inner Unique": false,
                                          "Hash Cond": "(item.i_item_sk = store_sales.ss_item_sk)",
                                          "Plans": [
                                            {
                                              "Node Type": "Seq Scan",
                                              "Parent Relationship": "Outer",
                                              "Parallel Aware": true,
                                              "Async Capable": false,
                                              "Relation Name": "item",
                                              "Alias": "item",
                                              "Startup Cost": 0.0,
                                              "Total Cost": 7389.0,
                                              "Plan Rows": 42500,
                                              "Plan Width": 21,
                                              "parent": 9,
                                              "ID": 10
                                            },
                                            {
                                              "Node Type": "Hash",
                                              "Parent Relationship": "Inner",
                                              "Parallel Aware": true,
                                              "Async Capable": false,
                                              "Startup Cost": 690931.96,
                                              "Total Cost": 690931.96,
                                              "Plan Rows": 1525,
                                              "Plan Width": 10,
                                              "Plans": [
                                                {
                                                  "Node Type": "Hash Join",
                                                  "Parent Relationship": "Outer",
                                                  "Parallel Aware": true,
                                                  "Async Capable": false,
                                                  "Join Type": "Inner",
                                                  "Startup Cost": 684046.46,
                                                  "Total Cost": 690931.96,
                                                  "Plan Rows": 1525,
                                                  "Plan Width": 10,
                                                  "Inner Unique": false,
                                                  "Hash Cond": "(customer_address.ca_address_sk = store_sales.ss_addr_sk)",
                                                  "Plans": [
                                                    {
                                                      "Node Type": "Seq Scan",
                                                      "Parent Relationship": "Outer",
                                                      "Parallel Aware": true,
                                                      "Async Capable": false,
                                                      "Relation Name": "customer_address",
                                                      "Alias": "customer_address",
                                                      "Startup Cost": 0.0,
                                                      "Total Cost": 6737.08,
                                                      "Plan Rows": 37882,
                                                      "Plan Width": 4,
                                                      "Filter": "(ca_gmt_offset = '-5'::numeric)",
                                                      "parent": 12,
                                                      "ID": 13
                                                    },
                                                    {
                                                      "Node Type": "Hash",
                                                      "Parent Relationship": "Inner",
                                                      "Parallel Aware": true,
                                                      "Async Capable": false,
                                                      "Startup Cost": 683991.59,
                                                      "Total Cost": 683991.59,
                                                      "Plan Rows": 4390,
                                                      "Plan Width": 14,
                                                      "Plans": [
                                                        {
                                                          "Node Type": "Hash Join",
                                                          "Parent Relationship": "Outer",
                                                          "Parallel Aware": true,
                                                          "Async Capable": false,
                                                          "Join Type": "Inner",
                                                          "Startup Cost": 2049.75,
                                                          "Total Cost": 683991.59,
                                                          "Plan Rows": 4390,
                                                          "Plan Width": 14,
                                                          "Inner Unique": false,
                                                          "Hash Cond": "(store_sales.ss_sold_date_sk = date_dim.d_date_sk)",
                                                          "Plans": [
                                                            {
                                                              "Node Type": "Seq Scan",
                                                              "Parent Relationship": "Outer",
                                                              "Parallel Aware": true,
                                                              "Async Capable": false,
                                                              "Relation Name": "store_sales",
                                                              "Alias": "store_sales",
                                                              "Startup Cost": 0.0,
                                                              "Total Cost": 636914.37,
                                                              "Plan Rows": 12000637,
                                                              "Plan Width": 18,
                                                              "parent": 15,
                                                              "ID": 16
                                                            },
                                                            {
                                                              "Node Type": "Hash",
                                                              "Parent Relationship": "Inner",
                                                              "Parallel Aware": true,
                                                              "Async Capable": false,
                                                              "Startup Cost": 2049.55,
                                                              "Total Cost": 2049.55,
                                                              "Plan Rows": 16,
                                                              "Plan Width": 4,
                                                              "Plans": [
                                                                {
                                                                  "Node Type": "Seq Scan",
                                                                  "Parent Relationship": "Outer",
                                                                  "Parallel Aware": true,
                                                                  "Async Capable": false,
                                                                  "Relation Name": "date_dim",
                                                                  "Alias": "date_dim",
                                                                  "Startup Cost": 0.0,
                                                                  "Total Cost": 2049.55,
                                                                  "Plan Rows": 16,
                                                                  "Plan Width": 4,
                                                                  "Filter": "((d_year = 1999) AND (d_moy = 2))",
                                                                  "parent": 17,
                                                                  "ID": 18
                                                                }
                                                              ],
                                                              "parent": 15,
                                                              "ID": 17,
                                                              "left": 18
                                                            }
                                                          ],
                                                          "parent": 14,
                                                          "ID": 15,
                                                          "left": 16,
                                                          "right": 17
                                                        }
                                                      ],
                                                      "parent": 12,
                                                      "ID": 14,
                                                      "left": 15
                                                    }
                                                  ],
                                                  "parent": 11,
                                                  "ID": 12,
                                                  "left": 13,
                                                  "right": 14
                                                }
                                              ],
                                              "parent": 9,
                                              "ID": 11,
                                              "left": 12
                                            }
                                          ],
                                          "parent": 8,
                                          "ID": 9,
                                          "left": 10,
                                          "right": 11
                                        }
                                      ],
                                      "parent": 7,
                                      "ID": 8,
                                      "left": 9
                                    },
                                    {
                                      "Node Type": "Sort",
                                      "Parent Relationship": "Inner",
                                      "Parallel Aware": false,
                                      "Async Capable": false,
                                      "Startup Cost": 8566.85,
                                      "Total Cost": 8575.39,
                                      "Plan Rows": 3414,
                                      "Plan Width": 17,
                                      "Sort Key": [
                                        "item_1.i_item_id"
                                      ],
                                      "Plans": [
                                        {
                                          "Node Type": "Seq Scan",
                                          "Parent Relationship": "Outer",
                                          "Parallel Aware": false,
                                          "Async Capable": false,
                                          "Relation Name": "item",
                                          "Alias": "item_1",
                                          "Startup Cost": 0.0,
                                          "Total Cost": 8366.5,
                                          "Plan Rows": 3414,
                                          "Plan Width": 17,
                                          "Filter": "(i_color = ANY ('{frosted,red,olive}'::bpchar[]))",
                                          "parent": 19,
                                          "ID": 20
                                        }
                                      ],
                                      "parent": 7,
                                      "ID": 19,
                                      "left": 20
                                    }
                                  ],
                                  "parent": 6,
                                  "ID": 7,
                                  "left": 8,
                                  "right": 19
                                }
                              ],
                              "parent": 5,
                              "ID": 6,
                              "left": 7
                            }
                          ],
                          "parent": 4,
                          "ID": 5,
                          "left": 6
                        }
                      ],
                      "parent": 3,
                      "ID": 4,
                      "left": 5
                    },
                    {
                      "Node Type": "Aggregate",
                      "Strategy": "Sorted",
                      "Partial Mode": "Finalize",
                      "Parent Relationship": "Member",
                      "Parallel Aware": false,
                      "Async Capable": false,
                      "Startup Cost": 482522.75,
                      "Total Cost": 482562.79,
                      "Plan Rows": 150,
                      "Plan Width": 49,
                      "Group Key": [
                        "item_2.i_item_id"
                      ],
                      "Plans": [
                        {
                          "Node Type": "Gather Merge",
                          "Parent Relationship": "Outer",
                          "Parallel Aware": false,
                          "Async Capable": false,
                          "Startup Cost": 482522.75,
                          "Total Cost": 482559.98,
                          "Plan Rows": 124,
                          "Plan Width": 49,
                          "Workers Planned": 2,
                          "Plans": [
                            {
                              "Node Type": "Aggregate",
                              "Strategy": "Sorted",
                              "Partial Mode": "Partial",
                              "Parent Relationship": "Outer",
                              "Parallel Aware": false,
                              "Async Capable": false,
                              "Startup Cost": 481522.72,
                              "Total Cost": 481545.64,
                              "Plan Rows": 62,
                              "Plan Width": 49,
                              "Group Key": [
                                "item_2.i_item_id"
                              ],
                              "Plans": [
                                {
                                  "Node Type": "Merge Join",
                                  "Parent Relationship": "Outer",
                                  "Parallel Aware": false,
                                  "Async Capable": false,
                                  "Join Type": "Semi",
                                  "Startup Cost": 481522.72,
                                  "Total Cost": 481544.56,
                                  "Plan Rows": 62,
                                  "Plan Width": 23,
                                  "Inner Unique": false,
                                  "Merge Cond": "(item_2.i_item_id = item_3.i_item_id)",
                                  "Plans": [
                                    {
                                      "Node Type": "Sort",
                                      "Parent Relationship": "Outer",
                                      "Parallel Aware": false,
                                      "Async Capable": false,
                                      "Startup Cost": 472955.87,
                                      "Total Cost": 472957.94,
                                      "Plan Rows": 827,
                                      "Plan Width": 23,
                                      "Sort Key": [
                                        "item_2.i_item_id"
                                      ],
                                      "Plans": [
                                        {
                                          "Node Type": "Hash Join",
                                          "Parent Relationship": "Outer",
                                          "Parallel Aware": true,
                                          "Async Capable": false,
                                          "Join Type": "Inner",
                                          "Startup Cost": 465363.97,
                                          "Total Cost": 472915.79,
                                          "Plan Rows": 827,
                                          "Plan Width": 23,
                                          "Inner Unique": false,
                                          "Hash Cond": "(item_2.i_item_sk = catalog_sales.cs_item_sk)",
                                          "Plans": [
                                            {
                                              "Node Type": "Seq Scan",
                                              "Parent Relationship": "Outer",
                                              "Parallel Aware": true,
                                              "Async Capable": false,
                                              "Relation Name": "item",
                                              "Alias": "item_2",
                                              "Startup Cost": 0.0,
                                              "Total Cost": 7389.0,
                                              "Plan Rows": 42500,
                                              "Plan Width": 21,
                                              "parent": 26,
                                              "ID": 27
                                            },
                                            {
                                              "Node Type": "Hash",
                                              "Parent Relationship": "Inner",
                                              "Parallel Aware": true,
                                              "Async Capable": false,
                                              "Startup Cost": 465353.63,
                                              "Total Cost": 465353.63,
                                              "Plan Rows": 827,
                                              "Plan Width": 10,
                                              "Plans": [
                                                {
                                                  "Node Type": "Hash Join",
                                                  "Parent Relationship": "Outer",
                                                  "Parallel Aware": true,
                                                  "Async Capable": false,
                                                  "Join Type": "Inner",
                                                  "Startup Cost": 458281.63,
                                                  "Total Cost": 465353.63,
                                                  "Plan Rows": 827,
                                                  "Plan Width": 10,
                                                  "Inner Unique": false,
                                                  "Hash Cond": "(customer_address_1.ca_address_sk = catalog_sales.cs_bill_addr_sk)",
                                                  "Plans": [
                                                    {
                                                      "Node Type": "Seq Scan",
                                                      "Parent Relationship": "Outer",
                                                      "Parallel Aware": true,
                                                      "Async Capable": false,
                                                      "Relation Name": "customer_address",
                                                      "Alias": "customer_address_1",
                                                      "Startup Cost": 0.0,
                                                      "Total Cost": 6737.08,
                                                      "Plan Rows": 37882,
                                                      "Plan Width": 4,
                                                      "Filter": "(ca_gmt_offset = '-5'::numeric)",
                                                      "parent": 29,
                                                      "ID": 30
                                                    },
                                                    {
                                                      "Node Type": "Hash",
                                                      "Parent Relationship": "Inner",
                                                      "Parallel Aware": true,
                                                      "Async Capable": false,
                                                      "Startup Cost": 458253.04,
                                                      "Total Cost": 458253.04,
                                                      "Plan Rows": 2287,
                                                      "Plan Width": 14,
                                                      "Plans": [
                                                        {
                                                          "Node Type": "Hash Join",
                                                          "Parent Relationship": "Outer",
                                                          "Parallel Aware": true,
                                                          "Async Capable": false,
                                                          "Join Type": "Inner",
                                                          "Startup Cost": 2049.75,
                                                          "Total Cost": 458253.04,
                                                          "Plan Rows": 2287,
                                                          "Plan Width": 14,
                                                          "Inner Unique": false,
                                                          "Hash Cond": "(catalog_sales.cs_sold_date_sk = date_dim_1.d_date_sk)",
                                                          "Plans": [
                                                            {
                                                              "Node Type": "Seq Scan",
                                                              "Parent Relationship": "Outer",
                                                              "Parallel Aware": true,
                                                              "Async Capable": false,
                                                              "Relation Name": "catalog_sales",
                                                              "Alias": "catalog_sales",
                                                              "Startup Cost": 0.0,
                                                              "Total Cost": 433688.25,
                                                              "Plan Rows": 6000525,
                                                              "Plan Width": 18,
                                                              "parent": 32,
                                                              "ID": 33
                                                            },
                                                            {
                                                              "Node Type": "Hash",
                                                              "Parent Relationship": "Inner",
                                                              "Parallel Aware": true,
                                                              "Async Capable": false,
                                                              "Startup Cost": 2049.55,
                                                              "Total Cost": 2049.55,
                                                              "Plan Rows": 16,
                                                              "Plan Width": 4,
                                                              "Plans": [
                                                                {
                                                                  "Node Type": "Seq Scan",
                                                                  "Parent Relationship": "Outer",
                                                                  "Parallel Aware": true,
                                                                  "Async Capable": false,
                                                                  "Relation Name": "date_dim",
                                                                  "Alias": "date_dim_1",
                                                                  "Startup Cost": 0.0,
                                                                  "Total Cost": 2049.55,
                                                                  "Plan Rows": 16,
                                                                  "Plan Width": 4,
                                                                  "Filter": "((d_year = 1999) AND (d_moy = 2))",
                                                                  "parent": 34,
                                                                  "ID": 35
                                                                }
                                                              ],
                                                              "parent": 32,
                                                              "ID": 34,
                                                              "left": 35
                                                            }
                                                          ],
                                                          "parent": 31,
                                                          "ID": 32,
                                                          "left": 33,
                                                          "right": 34
                                                        }
                                                      ],
                                                      "parent": 29,
                                                      "ID": 31,
                                                      "left": 32
                                                    }
                                                  ],
                                                  "parent": 28,
                                                  "ID": 29,
                                                  "left": 30,
                                                  "right": 31
                                                }
                                              ],
                                              "parent": 26,
                                              "ID": 28,
                                              "left": 29
                                            }
                                          ],
                                          "parent": 25,
                                          "ID": 26,
                                          "left": 27,
                                          "right": 28
                                        }
                                      ],
                                      "parent": 24,
                                      "ID": 25,
                                      "left": 26
                                    },
                                    {
                                      "Node Type": "Sort",
                                      "Parent Relationship": "Inner",
                                      "Parallel Aware": false,
                                      "Async Capable": false,
                                      "Startup Cost": 8566.85,
                                      "Total Cost": 8575.39,
                                      "Plan Rows": 3414,
                                      "Plan Width": 17,
                                      "Sort Key": [
                                        "item_3.i_item_id"
                                      ],
                                      "Plans": [
                                        {
                                          "Node Type": "Seq Scan",
                                          "Parent Relationship": "Outer",
                                          "Parallel Aware": false,
                                          "Async Capable": false,
                                          "Relation Name": "item",
                                          "Alias": "item_3",
                                          "Startup Cost": 0.0,
                                          "Total Cost": 8366.5,
                                          "Plan Rows": 3414,
                                          "Plan Width": 17,
                                          "Filter": "(i_color = ANY ('{frosted,red,olive}'::bpchar[]))",
                                          "parent": 36,
                                          "ID": 37
                                        }
                                      ],
                                      "parent": 24,
                                      "ID": 36,
                                      "left": 37
                                    }
                                  ],
                                  "parent": 23,
                                  "ID": 24,
                                  "left": 25,
                                  "right": 36
                                }
                              ],
                              "parent": 22,
                              "ID": 23,
                              "left": 24
                            }
                          ],
                          "parent": 21,
                          "ID": 22,
                          "left": 23
                        }
                      ],
                      "parent": 3,
                      "ID": 21,
                      "left": 22
                    },
                    {
                      "Node Type": "Aggregate",
                      "Strategy": "Sorted",
                      "Partial Mode": "Simple",
                      "Parent Relationship": "Member",
                      "Parallel Aware": false,
                      "Async Capable": false,
                      "Startup Cost": 255195.79,
                      "Total Cost": 255197.31,
                      "Plan Rows": 76,
                      "Plan Width": 49,
                      "Group Key": [
                        "item_4.i_item_id"
                      ],
                      "Plans": [
                        {
                          "Node Type": "Sort",
                          "Parent Relationship": "Outer",
                          "Parallel Aware": false,
                          "Async Capable": false,
                          "Startup Cost": 255195.79,
                          "Total Cost": 255195.98,
                          "Plan Rows": 76,
                          "Plan Width": 23,
                          "Sort Key": [
                            "item_4.i_item_id"
                          ],
                          "Plans": [
                            {
                              "Node Type": "Hash Join",
                              "Parent Relationship": "Outer",
                              "Parallel Aware": false,
                              "Async Capable": false,
                              "Join Type": "Semi",
                              "Startup Cost": 247539.43,
                              "Total Cost": 255193.42,
                              "Plan Rows": 76,
                              "Plan Width": 23,
                              "Inner Unique": false,
                              "Hash Cond": "(item_4.i_item_id = item_5.i_item_id)",
                              "Plans": [
                                {
                                  "Node Type": "Gather",
                                  "Parent Relationship": "Outer",
                                  "Parallel Aware": false,
                                  "Async Capable": false,
                                  "Startup Cost": 239130.25,
                                  "Total Cost": 246780.67,
                                  "Plan Rows": 1003,
                                  "Plan Width": 23,
                                  "Workers Planned": 2,
                                  "Single Copy": false,
                                  "Plans": [
                                    {
                                      "Node Type": "Hash Join",
                                      "Parent Relationship": "Outer",
                                      "Parallel Aware": true,
                                      "Async Capable": false,
                                      "Join Type": "Inner",
                                      "Startup Cost": 238130.25,
                                      "Total Cost": 245680.37,
                                      "Plan Rows": 418,
                                      "Plan Width": 23,
                                      "Inner Unique": false,
                                      "Hash Cond": "(item_4.i_item_sk = web_sales.ws_item_sk)",
                                      "Plans": [
                                        {
                                          "Node Type": "Seq Scan",
                                          "Parent Relationship": "Outer",
                                          "Parallel Aware": true,
                                          "Async Capable": false,
                                          "Relation Name": "item",
                                          "Alias": "item_4",
                                          "Startup Cost": 0.0,
                                          "Total Cost": 7389.0,
                                          "Plan Rows": 42500,
                                          "Plan Width": 21,
                                          "parent": 42,
                                          "ID": 43
                                        },
                                        {
                                          "Node Type": "Hash",
                                          "Parent Relationship": "Inner",
                                          "Parallel Aware": true,
                                          "Async Capable": false,
                                          "Startup Cost": 238125.03,
                                          "Total Cost": 238125.03,
                                          "Plan Rows": 418,
                                          "Plan Width": 10,
                                          "Plans": [
                                            {
                                              "Node Type": "Hash Join",
                                              "Parent Relationship": "Outer",
                                              "Parallel Aware": true,
                                              "Async Capable": false,
                                              "Join Type": "Inner",
                                              "Startup Cost": 231054.74,
                                              "Total Cost": 238125.03,
                                              "Plan Rows": 418,
                                              "Plan Width": 10,
                                              "Inner Unique": false,
                                              "Hash Cond": "(customer_address_2.ca_address_sk = web_sales.ws_bill_addr_sk)",
                                              "Plans": [
                                                {
                                                  "Node Type": "Seq Scan",
                                                  "Parent Relationship": "Outer",
                                                  "Parallel Aware": true,
                                                  "Async Capable": false,
                                                  "Relation Name": "customer_address",
                                                  "Alias": "customer_address_2",
                                                  "Startup Cost": 0.0,
                                                  "Total Cost": 6737.08,
                                                  "Plan Rows": 37882,
                                                  "Plan Width": 4,
                                                  "Filter": "(ca_gmt_offset = '-5'::numeric)",
                                                  "parent": 45,
                                                  "ID": 46
                                                },
                                                {
                                                  "Node Type": "Hash",
                                                  "Parent Relationship": "Inner",
                                                  "Parallel Aware": true,
                                                  "Async Capable": false,
                                                  "Startup Cost": 231040.38,
                                                  "Total Cost": 231040.38,
                                                  "Plan Rows": 1149,
                                                  "Plan Width": 14,
                                                  "Plans": [
                                                    {
                                                      "Node Type": "Hash Join",
                                                      "Parent Relationship": "Outer",
                                                      "Parallel Aware": true,
                                                      "Async Capable": false,
                                                      "Join Type": "Inner",
                                                      "Startup Cost": 2049.75,
                                                      "Total Cost": 231040.38,
                                                      "Plan Rows": 1149,
                                                      "Plan Width": 14,
                                                      "Inner Unique": false,
                                                      "Hash Cond": "(web_sales.ws_sold_date_sk = date_dim_2.d_date_sk)",
                                                      "Plans": [
                                                        {
                                                          "Node Type": "Seq Scan",
                                                          "Parent Relationship": "Outer",
                                                          "Parallel Aware": true,
                                                          "Async Capable": false,
                                                          "Relation Name": "web_sales",
                                                          "Alias": "web_sales",
                                                          "Startup Cost": 0.0,
                                                          "Total Cost": 217737.86,
                                                          "Plan Rows": 2998986,
                                                          "Plan Width": 18,
                                                          "parent": 48,
                                                          "ID": 49
                                                        },
                                                        {
                                                          "Node Type": "Hash",
                                                          "Parent Relationship": "Inner",
                                                          "Parallel Aware": true,
                                                          "Async Capable": false,
                                                          "Startup Cost": 2049.55,
                                                          "Total Cost": 2049.55,
                                                          "Plan Rows": 16,
                                                          "Plan Width": 4,
                                                          "Plans": [
                                                            {
                                                              "Node Type": "Seq Scan",
                                                              "Parent Relationship": "Outer",
                                                              "Parallel Aware": true,
                                                              "Async Capable": false,
                                                              "Relation Name": "date_dim",
                                                              "Alias": "date_dim_2",
                                                              "Startup Cost": 0.0,
                                                              "Total Cost": 2049.55,
                                                              "Plan Rows": 16,
                                                              "Plan Width": 4,
                                                              "Filter": "((d_year = 1999) AND (d_moy = 2))",
                                                              "parent": 50,
                                                              "ID": 51
                                                            }
                                                          ],
                                                          "parent": 48,
                                                          "ID": 50,
                                                          "left": 51
                                                        }
                                                      ],
                                                      "parent": 47,
                                                      "ID": 48,
                                                      "left": 49,
                                                      "right": 50
                                                    }
                                                  ],
                                                  "parent": 45,
                                                  "ID": 47,
                                                  "left": 48
                                                }
                                              ],
                                              "parent": 44,
                                              "ID": 45,
                                              "left": 46,
                                              "right": 47
                                            }
                                          ],
                                          "parent": 42,
                                          "ID": 44,
                                          "left": 45
                                        }
                                      ],
                                      "parent": 41,
                                      "ID": 42,
                                      "left": 43,
                                      "right": 44
                                    }
                                  ],
                                  "parent": 40,
                                  "ID": 41,
                                  "left": 42
                                },
                                {
                                  "Node Type": "Hash",
                                  "Parent Relationship": "Inner",
                                  "Parallel Aware": false,
                                  "Async Capable": false,
                                  "Startup Cost": 8366.5,
                                  "Total Cost": 8366.5,
                                  "Plan Rows": 3414,
                                  "Plan Width": 17,
                                  "Plans": [
                                    {
                                      "Node Type": "Seq Scan",
                                      "Parent Relationship": "Outer",
                                      "Parallel Aware": false,
                                      "Async Capable": false,
                                      "Relation Name": "item",
                                      "Alias": "item_5",
                                      "Startup Cost": 0.0,
                                      "Total Cost": 8366.5,
                                      "Plan Rows": 3414,
                                      "Plan Width": 17,
                                      "Filter": "(i_color = ANY ('{frosted,red,olive}'::bpchar[]))",
                                      "parent": 52,
                                      "ID": 53
                                    }
                                  ],
                                  "parent": 40,
                                  "ID": 52,
                                  "left": 53
                                }
                              ],
                              "parent": 39,
                              "ID": 40,
                              "left": 41,
                              "right": 52
                            }
                          ],
                          "parent": 38,
                          "ID": 39,
                          "left": 40
                        }
                      ],
                      "parent": 3,
                      "ID": 38,
                      "left": 39
                    }
                  ],
                  "parent": 2,
                  "ID": 3,
                  "left": 4,
                  "right": 21
                }
              ],
              "parent": 1,
              "ID": 2,
              "left": 3
            }
          ],
          "parent": 0,
          "ID": 1,
          "left": 2
        }
      ],
      "parent": null,
      "ID": 0,
      "left": 1
    },
    "feat": {
      "utility": 0.011859406598300893,
      "query_shape": [
        [
          "Seq Scan",
          "Hash Join",
          "Sort",
          "Merge Join",
          "Aggregate",
          "Gather Merge",
          "Merge Append"
        ],
        [
          "Seq Scan",
          "Hash Join",
          "Hash",
          "Sort",
          "Merge Join",
          "Aggregate",
          "Gather Merge",
          "Merge Append"
        ],
        [
          "Seq Scan",
          "Hash Join",
          "Hash",
          "Sort",
          "Merge Join",
          "Aggregate",
          "Gather Merge",
          "Merge Append"
        ],
        [
          "Seq Scan",
          "Hash",
          "Hash Join",
          "Sort",
          "Merge Join",
          "Aggregate",
          "Gather Merge",
          "Merge Append"
        ],
        [
          "Seq Scan",
          "Sort",
          "Merge Join",
          "Aggregate",
          "Gather Merge",
          "Merge Append"
        ],
        [
          "Seq Scan",
          "Hash Join",
          "Sort",
          "Merge Join",
          "Aggregate",
          "Gather Merge",
          "Merge Append"
        ],
        [
          "Seq Scan",
          "Hash Join",
          "Hash",
          "Sort",
          "Merge Join",
          "Aggregate",
          "Gather Merge",
          "Merge Append"
        ],
        [
          "Seq Scan",
          "Hash Join",
          "Hash",
          "Sort",
          "Merge Join",
          "Aggregate",
          "Gather Merge",
          "Merge Append"
        ],
        [
          "Seq Scan",
          "Hash",
          "Hash Join",
          "Sort",
          "Merge Join",
          "Aggregate",
          "Gather Merge",
          "Merge Append"
        ],
        [
          "Seq Scan",
          "Sort",
          "Merge Join",
          "Aggregate",
          "Gather Merge",
          "Merge Append"
        ],
        [
          "Seq Scan",
          "Hash Join",
          "Gather",
          "Sort",
          "Aggregate",
          "Merge Append"
        ],
        [
          "Seq Scan",
          "Hash Join",
          "Hash",
          "Gather",
          "Sort",
          "Aggregate",
          "Merge Append"
        ],
        [
          "Seq Scan",
          "Hash Join",
          "Hash",
          "Gather",
          "Sort",
          "Aggregate",
          "Merge Append"
        ],
        [
          "Seq Scan",
          "Hash",
          "Hash Join",
          "Gather",
          "Sort",
          "Aggregate",
          "Merge Append"
        ],
        [
          "Seq Scan",
          "Hash",
          "Hash Join",
          "Sort",
          "Aggregate",
          "Merge Append"
        ]
      ],
      "index_shape": [
        "selection"
      ],
      "physical_operator": {
        "Seq Scan": [
          0.151528,
          0.151528,
          0.151528
        ]
      }
    }
  },
  {
    "query": "with ss as (\n select i_item_id,sum(ss_ext_sales_price) total_sales\n from\n \tstore_sales,\n \tdate_dim,\n         customer_address,\n         item\n where i_item_id in (select\n     i_item_id\nfrom item\nwhere i_color in ('frosted','red','olive'))\n and     ss_item_sk              = i_item_sk\n and     ss_sold_date_sk         = d_date_sk\n and     d_year                  = 1999\n and     d_moy                   = 2\n and     ss_addr_sk              = ca_address_sk\n and     ca_gmt_offset           = -5 \n group by i_item_id),\n cs as (\n select i_item_id,sum(cs_ext_sales_price) total_sales\n from\n \tcatalog_sales,\n \tdate_dim,\n         customer_address,\n         item\n where\n         i_item_id               in (select\n  i_item_id\nfrom item\nwhere i_color in ('frosted','red','olive'))\n and     cs_item_sk              = i_item_sk\n and     cs_sold_date_sk         = d_date_sk\n and     d_year                  = 1999\n and     d_moy                   = 2\n and     cs_bill_addr_sk         = ca_address_sk\n and     ca_gmt_offset           = -5 \n group by i_item_id),\n ws as (\n select i_item_id,sum(ws_ext_sales_price) total_sales\n from\n \tweb_sales,\n \tdate_dim,\n         customer_address,\n         item\n where\n         i_item_id               in (select\n  i_item_id\nfrom item\nwhere i_color in ('frosted','red','olive'))\n and     ws_item_sk              = i_item_sk\n and     ws_sold_date_sk         = d_date_sk\n and     d_year                  = 1999\n and     d_moy                   = 2\n and     ws_bill_addr_sk         = ca_address_sk\n and     ca_gmt_offset           = -5\n group by i_item_id)\n  select  i_item_id ,sum(total_sales) total_sales\n from  (select * from ss \n        union all\n        select * from cs \n        union all\n        select * from ws) tmp1\n group by i_item_id\n order by total_sales,\n          i_item_id\n limit 100;\n\n-- end query 40 in stream 3 using template query56.tpl\n",
    "indexes": "customer_address.ca_address_sk",
    "wo plan est": {
      "Node Type": "Limit",
      "Parallel Aware": false,
      "Async Capable": false,
      "Startup Cost": 1445997.16,
      "Total Cost": 1445997.41,
      "Plan Rows": 100,
      "Plan Width": 49,
      "Plans": [
        {
          "Node Type": "Sort",
          "Parent Relationship": "Outer",
          "Parallel Aware": false,
          "Async Capable": false,
          "Startup Cost": 1445997.16,
          "Total Cost": 1445997.66,
          "Plan Rows": 200,
          "Plan Width": 49,
          "Sort Key": [
            "(sum((sum(store_sales.ss_ext_sales_price))))",
            "item.i_item_id"
          ],
          "Plans": [
            {
              "Node Type": "Aggregate",
              "Strategy": "Sorted",
              "Partial Mode": "Simple",
              "Parent Relationship": "Outer",
              "Parallel Aware": false,
              "Async Capable": false,
              "Startup Cost": 1445871.82,
              "Total Cost": 1445989.52,
              "Plan Rows": 200,
              "Plan Width": 49,
              "Group Key": [
                "item.i_item_id"
              ],
              "Plans": [
                {
                  "Node Type": "Merge Append",
                  "Parent Relationship": "Outer",
                  "Parallel Aware": false,
                  "Async Capable": false,
                  "Startup Cost": 1445871.82,
                  "Total Cost": 1445984.5,
                  "Plan Rows": 503,
                  "Plan Width": 49,
                  "Sort Key": [
                    "item.i_item_id"
                  ],
                  "Subplans Removed": 0,
                  "Plans": [
                    {
                      "Node Type": "Aggregate",
                      "Strategy": "Sorted",
                      "Partial Mode": "Finalize",
                      "Parent Relationship": "Member",
                      "Parallel Aware": false,
                      "Async Capable": false,
                      "Startup Cost": 708153.26,
                      "Total Cost": 708212.85,
                      "Plan Rows": 277,
                      "Plan Width": 49,
                      "Group Key": [
                        "item.i_item_id"
                      ],
                      "Plans": [
                        {
                          "Node Type": "Gather Merge",
                          "Parent Relationship": "Outer",
                          "Parallel Aware": false,
                          "Async Capable": false,
                          "Startup Cost": 708153.26,
                          "Total Cost": 708207.66,
                          "Plan Rows": 230,
                          "Plan Width": 49,
                          "Workers Planned": 2,
                          "Plans": [
                            {
                              "Node Type": "Aggregate",
                              "Strategy": "Sorted",
                              "Partial Mode": "Partial",
                              "Parent Relationship": "Outer",
                              "Parallel Aware": false,
                              "Async Capable": false,
                              "Startup Cost": 707153.23,
                              "Total Cost": 707181.09,
                              "Plan Rows": 115,
                              "Plan Width": 49,
                              "Group Key": [
                                "item.i_item_id"
                              ],
                              "Plans": [
                                {
                                  "Node Type": "Merge Join",
                                  "Parent Relationship": "Outer",
                                  "Parallel Aware": false,
                                  "Async Capable": false,
                                  "Join Type": "Semi",
                                  "Startup Cost": 707153.23,
                                  "Total Cost": 707179.08,
                                  "Plan Rows": 115,
                                  "Plan Width": 23,
                                  "Inner Unique": false,
                                  "Merge Cond": "(item.i_item_id = item_1.i_item_id)",
                                  "Plans": [
                                    {
                                      "Node Type": "Sort",
                                      "Parent Relationship": "Outer",
                                      "Parallel Aware": false,
                                      "Async Capable": false,
                                      "Startup Cost": 698586.38,
                                      "Total Cost": 698590.19,
                                      "Plan Rows": 1525,
                                      "Plan Width": 23,
                                      "Sort Key": [
                                        "item.i_item_id"
                                      ],
                                      "Plans": [
                                        {
                                          "Node Type": "Hash Join",
                                          "Parent Relationship": "Outer",
                                          "Parallel Aware": true,
                                          "Async Capable": false,
                                          "Join Type": "Inner",
                                          "Startup Cost": 690951.02,
                                          "Total Cost": 698505.75,
                                          "Plan Rows": 1525,
                                          "Plan Width": 23,
                                          "Inner Unique": false,
                                          "Hash Cond": "(item.i_item_sk = store_sales.ss_item_sk)",
                                          "Plans": [
                                            {
                                              "Node Type": "Seq Scan",
                                              "Parent Relationship": "Outer",
                                              "Parallel Aware": true,
                                              "Async Capable": false,
                                              "Relation Name": "item",
                                              "Alias": "item",
                                              "Startup Cost": 0.0,
                                              "Total Cost": 7389.0,
                                              "Plan Rows": 42500,
                                              "Plan Width": 21,
                                              "parent": 9,
                                              "ID": 10
                                            },
                                            {
                                              "Node Type": "Hash",
                                              "Parent Relationship": "Inner",
                                              "Parallel Aware": true,
                                              "Async Capable": false,
                                              "Startup Cost": 690931.96,
                                              "Total Cost": 690931.96,
                                              "Plan Rows": 1525,
                                              "Plan Width": 10,
                                              "Plans": [
                                                {
                                                  "Node Type": "Hash Join",
                                                  "Parent Relationship": "Outer",
                                                  "Parallel Aware": true,
                                                  "Async Capable": false,
                                                  "Join Type": "Inner",
                                                  "Startup Cost": 684046.46,
                                                  "Total Cost": 690931.96,
                                                  "Plan Rows": 1525,
                                                  "Plan Width": 10,
                                                  "Inner Unique": false,
                                                  "Hash Cond": "(customer_address.ca_address_sk = store_sales.ss_addr_sk)",
                                                  "Plans": [
                                                    {
                                                      "Node Type": "Seq Scan",
                                                      "Parent Relationship": "Outer",
                                                      "Parallel Aware": true,
                                                      "Async Capable": false,
                                                      "Relation Name": "customer_address",
                                                      "Alias": "customer_address",
                                                      "Startup Cost": 0.0,
                                                      "Total Cost": 6737.08,
                                                      "Plan Rows": 37882,
                                                      "Plan Width": 4,
                                                      "Filter": "(ca_gmt_offset = '-5'::numeric)",
                                                      "parent": 12,
                                                      "ID": 13
                                                    },
                                                    {
                                                      "Node Type": "Hash",
                                                      "Parent Relationship": "Inner",
                                                      "Parallel Aware": true,
                                                      "Async Capable": false,
                                                      "Startup Cost": 683991.59,
                                                      "Total Cost": 683991.59,
                                                      "Plan Rows": 4390,
                                                      "Plan Width": 14,
                                                      "Plans": [
                                                        {
                                                          "Node Type": "Hash Join",
                                                          "Parent Relationship": "Outer",
                                                          "Parallel Aware": true,
                                                          "Async Capable": false,
                                                          "Join Type": "Inner",
                                                          "Startup Cost": 2049.75,
                                                          "Total Cost": 683991.59,
                                                          "Plan Rows": 4390,
                                                          "Plan Width": 14,
                                                          "Inner Unique": false,
                                                          "Hash Cond": "(store_sales.ss_sold_date_sk = date_dim.d_date_sk)",
                                                          "Plans": [
                                                            {
                                                              "Node Type": "Seq Scan",
                                                              "Parent Relationship": "Outer",
                                                              "Parallel Aware": true,
                                                              "Async Capable": false,
                                                              "Relation Name": "store_sales",
                                                              "Alias": "store_sales",
                                                              "Startup Cost": 0.0,
                                                              "Total Cost": 636914.37,
                                                              "Plan Rows": 12000637,
                                                              "Plan Width": 18,
                                                              "parent": 15,
                                                              "ID": 16
                                                            },
                                                            {
                                                              "Node Type": "Hash",
                                                              "Parent Relationship": "Inner",
                                                              "Parallel Aware": true,
                                                              "Async Capable": false,
                                                              "Startup Cost": 2049.55,
                                                              "Total Cost": 2049.55,
                                                              "Plan Rows": 16,
                                                              "Plan Width": 4,
                                                              "Plans": [
                                                                {
                                                                  "Node Type": "Seq Scan",
                                                                  "Parent Relationship": "Outer",
                                                                  "Parallel Aware": true,
                                                                  "Async Capable": false,
                                                                  "Relation Name": "date_dim",
                                                                  "Alias": "date_dim",
                                                                  "Startup Cost": 0.0,
                                                                  "Total Cost": 2049.55,
                                                                  "Plan Rows": 16,
                                                                  "Plan Width": 4,
                                                                  "Filter": "((d_year = 1999) AND (d_moy = 2))",
                                                                  "parent": 17,
                                                                  "ID": 18
                                                                }
                                                              ],
                                                              "parent": 15,
                                                              "ID": 17,
                                                              "left": 18
                                                            }
                                                          ],
                                                          "parent": 14,
                                                          "ID": 15,
                                                          "left": 16,
                                                          "right": 17
                                                        }
                                                      ],
                                                      "parent": 12,
                                                      "ID": 14,
                                                      "left": 15
                                                    }
                                                  ],
                                                  "parent": 11,
                                                  "ID": 12,
                                                  "left": 13,
                                                  "right": 14
                                                }
                                              ],
                                              "parent": 9,
                                              "ID": 11,
                                              "left": 12
                                            }
                                          ],
                                          "parent": 8,
                                          "ID": 9,
                                          "left": 10,
                                          "right": 11
                                        }
                                      ],
                                      "parent": 7,
                                      "ID": 8,
                                      "left": 9
                                    },
                                    {
                                      "Node Type": "Sort",
                                      "Parent Relationship": "Inner",
                                      "Parallel Aware": false,
                                      "Async Capable": false,
                                      "Startup Cost": 8566.85,
                                      "Total Cost": 8575.39,
                                      "Plan Rows": 3414,
                                      "Plan Width": 17,
                                      "Sort Key": [
                                        "item_1.i_item_id"
                                      ],
                                      "Plans": [
                                        {
                                          "Node Type": "Seq Scan",
                                          "Parent Relationship": "Outer",
                                          "Parallel Aware": false,
                                          "Async Capable": false,
                                          "Relation Name": "item",
                                          "Alias": "item_1",
                                          "Startup Cost": 0.0,
                                          "Total Cost": 8366.5,
                                          "Plan Rows": 3414,
                                          "Plan Width": 17,
                                          "Filter": "(i_color = ANY ('{frosted,red,olive}'::bpchar[]))",
                                          "parent": 19,
                                          "ID": 20
                                        }
                                      ],
                                      "parent": 7,
                                      "ID": 19,
                                      "left": 20
                                    }
                                  ],
                                  "parent": 6,
                                  "ID": 7,
                                  "left": 8,
                                  "right": 19
                                }
                              ],
                              "parent": 5,
                              "ID": 6,
                              "left": 7
                            }
                          ],
                          "parent": 4,
                          "ID": 5,
                          "left": 6
                        }
                      ],
                      "parent": 3,
                      "ID": 4,
                      "left": 5
                    },
                    {
                      "Node Type": "Aggregate",
                      "Strategy": "Sorted",
                      "Partial Mode": "Finalize",
                      "Parent Relationship": "Member",
                      "Parallel Aware": false,
                      "Async Capable": false,
                      "Startup Cost": 482522.75,
                      "Total Cost": 482562.79,
                      "Plan Rows": 150,
                      "Plan Width": 49,
                      "Group Key": [
                        "item_2.i_item_id"
                      ],
                      "Plans": [
                        {
                          "Node Type": "Gather Merge",
                          "Parent Relationship": "Outer",
                          "Parallel Aware": false,
                          "Async Capable": false,
                          "Startup Cost": 482522.75,
                          "Total Cost": 482559.98,
                          "Plan Rows": 124,
                          "Plan Width": 49,
                          "Workers Planned": 2,
                          "Plans": [
                            {
                              "Node Type": "Aggregate",
                              "Strategy": "Sorted",
                              "Partial Mode": "Partial",
                              "Parent Relationship": "Outer",
                              "Parallel Aware": false,
                              "Async Capable": false,
                              "Startup Cost": 481522.72,
                              "Total Cost": 481545.64,
                              "Plan Rows": 62,
                              "Plan Width": 49,
                              "Group Key": [
                                "item_2.i_item_id"
                              ],
                              "Plans": [
                                {
                                  "Node Type": "Merge Join",
                                  "Parent Relationship": "Outer",
                                  "Parallel Aware": false,
                                  "Async Capable": false,
                                  "Join Type": "Semi",
                                  "Startup Cost": 481522.72,
                                  "Total Cost": 481544.56,
                                  "Plan Rows": 62,
                                  "Plan Width": 23,
                                  "Inner Unique": false,
                                  "Merge Cond": "(item_2.i_item_id = item_3.i_item_id)",
                                  "Plans": [
                                    {
                                      "Node Type": "Sort",
                                      "Parent Relationship": "Outer",
                                      "Parallel Aware": false,
                                      "Async Capable": false,
                                      "Startup Cost": 472955.87,
                                      "Total Cost": 472957.94,
                                      "Plan Rows": 827,
                                      "Plan Width": 23,
                                      "Sort Key": [
                                        "item_2.i_item_id"
                                      ],
                                      "Plans": [
                                        {
                                          "Node Type": "Hash Join",
                                          "Parent Relationship": "Outer",
                                          "Parallel Aware": true,
                                          "Async Capable": false,
                                          "Join Type": "Inner",
                                          "Startup Cost": 465363.97,
                                          "Total Cost": 472915.79,
                                          "Plan Rows": 827,
                                          "Plan Width": 23,
                                          "Inner Unique": false,
                                          "Hash Cond": "(item_2.i_item_sk = catalog_sales.cs_item_sk)",
                                          "Plans": [
                                            {
                                              "Node Type": "Seq Scan",
                                              "Parent Relationship": "Outer",
                                              "Parallel Aware": true,
                                              "Async Capable": false,
                                              "Relation Name": "item",
                                              "Alias": "item_2",
                                              "Startup Cost": 0.0,
                                              "Total Cost": 7389.0,
                                              "Plan Rows": 42500,
                                              "Plan Width": 21,
                                              "parent": 26,
                                              "ID": 27
                                            },
                                            {
                                              "Node Type": "Hash",
                                              "Parent Relationship": "Inner",
                                              "Parallel Aware": true,
                                              "Async Capable": false,
                                              "Startup Cost": 465353.63,
                                              "Total Cost": 465353.63,
                                              "Plan Rows": 827,
                                              "Plan Width": 10,
                                              "Plans": [
                                                {
                                                  "Node Type": "Hash Join",
                                                  "Parent Relationship": "Outer",
                                                  "Parallel Aware": true,
                                                  "Async Capable": false,
                                                  "Join Type": "Inner",
                                                  "Startup Cost": 458281.63,
                                                  "Total Cost": 465353.63,
                                                  "Plan Rows": 827,
                                                  "Plan Width": 10,
                                                  "Inner Unique": false,
                                                  "Hash Cond": "(customer_address_1.ca_address_sk = catalog_sales.cs_bill_addr_sk)",
                                                  "Plans": [
                                                    {
                                                      "Node Type": "Seq Scan",
                                                      "Parent Relationship": "Outer",
                                                      "Parallel Aware": true,
                                                      "Async Capable": false,
                                                      "Relation Name": "customer_address",
                                                      "Alias": "customer_address_1",
                                                      "Startup Cost": 0.0,
                                                      "Total Cost": 6737.08,
                                                      "Plan Rows": 37882,
                                                      "Plan Width": 4,
                                                      "Filter": "(ca_gmt_offset = '-5'::numeric)",
                                                      "parent": 29,
                                                      "ID": 30
                                                    },
                                                    {
                                                      "Node Type": "Hash",
                                                      "Parent Relationship": "Inner",
                                                      "Parallel Aware": true,
                                                      "Async Capable": false,
                                                      "Startup Cost": 458253.04,
                                                      "Total Cost": 458253.04,
                                                      "Plan Rows": 2287,
                                                      "Plan Width": 14,
                                                      "Plans": [
                                                        {
                                                          "Node Type": "Hash Join",
                                                          "Parent Relationship": "Outer",
                                                          "Parallel Aware": true,
                                                          "Async Capable": false,
                                                          "Join Type": "Inner",
                                                          "Startup Cost": 2049.75,
                                                          "Total Cost": 458253.04,
                                                          "Plan Rows": 2287,
                                                          "Plan Width": 14,
                                                          "Inner Unique": false,
                                                          "Hash Cond": "(catalog_sales.cs_sold_date_sk = date_dim_1.d_date_sk)",
                                                          "Plans": [
                                                            {
                                                              "Node Type": "Seq Scan",
                                                              "Parent Relationship": "Outer",
                                                              "Parallel Aware": true,
                                                              "Async Capable": false,
                                                              "Relation Name": "catalog_sales",
                                                              "Alias": "catalog_sales",
                                                              "Startup Cost": 0.0,
                                                              "Total Cost": 433688.25,
                                                              "Plan Rows": 6000525,
                                                              "Plan Width": 18,
                                                              "parent": 32,
                                                              "ID": 33
                                                            },
                                                            {
                                                              "Node Type": "Hash",
                                                              "Parent Relationship": "Inner",
                                                              "Parallel Aware": true,
                                                              "Async Capable": false,
                                                              "Startup Cost": 2049.55,
                                                              "Total Cost": 2049.55,
                                                              "Plan Rows": 16,
                                                              "Plan Width": 4,
                                                              "Plans": [
                                                                {
                                                                  "Node Type": "Seq Scan",
                                                                  "Parent Relationship": "Outer",
                                                                  "Parallel Aware": true,
                                                                  "Async Capable": false,
                                                                  "Relation Name": "date_dim",
                                                                  "Alias": "date_dim_1",
                                                                  "Startup Cost": 0.0,
                                                                  "Total Cost": 2049.55,
                                                                  "Plan Rows": 16,
                                                                  "Plan Width": 4,
                                                                  "Filter": "((d_year = 1999) AND (d_moy = 2))",
                                                                  "parent": 34,
                                                                  "ID": 35
                                                                }
                                                              ],
                                                              "parent": 32,
                                                              "ID": 34,
                                                              "left": 35
                                                            }
                                                          ],
                                                          "parent": 31,
                                                          "ID": 32,
                                                          "left": 33,
                                                          "right": 34
                                                        }
                                                      ],
                                                      "parent": 29,
                                                      "ID": 31,
                                                      "left": 32
                                                    }
                                                  ],
                                                  "parent": 28,
                                                  "ID": 29,
                                                  "left": 30,
                                                  "right": 31
                                                }
                                              ],
                                              "parent": 26,
                                              "ID": 28,
                                              "left": 29
                                            }
                                          ],
                                          "parent": 25,
                                          "ID": 26,
                                          "left": 27,
                                          "right": 28
                                        }
                                      ],
                                      "parent": 24,
                                      "ID": 25,
                                      "left": 26
                                    },
                                    {
                                      "Node Type": "Sort",
                                      "Parent Relationship": "Inner",
                                      "Parallel Aware": false,
                                      "Async Capable": false,
                                      "Startup Cost": 8566.85,
                                      "Total Cost": 8575.39,
                                      "Plan Rows": 3414,
                                      "Plan Width": 17,
                                      "Sort Key": [
                                        "item_3.i_item_id"
                                      ],
                                      "Plans": [
                                        {
                                          "Node Type": "Seq Scan",
                                          "Parent Relationship": "Outer",
                                          "Parallel Aware": false,
                                          "Async Capable": false,
                                          "Relation Name": "item",
                                          "Alias": "item_3",
                                          "Startup Cost": 0.0,
                                          "Total Cost": 8366.5,
                                          "Plan Rows": 3414,
                                          "Plan Width": 17,
                                          "Filter": "(i_color = ANY ('{frosted,red,olive}'::bpchar[]))",
                                          "parent": 36,
                                          "ID": 37
                                        }
                                      ],
                                      "parent": 24,
                                      "ID": 36,
                                      "left": 37
                                    }
                                  ],
                                  "parent": 23,
                                  "ID": 24,
                                  "left": 25,
                                  "right": 36
                                }
                              ],
                              "parent": 22,
                              "ID": 23,
                              "left": 24
                            }
                          ],
                          "parent": 21,
                          "ID": 22,
                          "left": 23
                        }
                      ],
                      "parent": 3,
                      "ID": 21,
                      "left": 22
                    },
                    {
                      "Node Type": "Aggregate",
                      "Strategy": "Sorted",
                      "Partial Mode": "Simple",
                      "Parent Relationship": "Member",
                      "Parallel Aware": false,
                      "Async Capable": false,
                      "Startup Cost": 255195.79,
                      "Total Cost": 255197.31,
                      "Plan Rows": 76,
                      "Plan Width": 49,
                      "Group Key": [
                        "item_4.i_item_id"
                      ],
                      "Plans": [
                        {
                          "Node Type": "Sort",
                          "Parent Relationship": "Outer",
                          "Parallel Aware": false,
                          "Async Capable": false,
                          "Startup Cost": 255195.79,
                          "Total Cost": 255195.98,
                          "Plan Rows": 76,
                          "Plan Width": 23,
                          "Sort Key": [
                            "item_4.i_item_id"
                          ],
                          "Plans": [
                            {
                              "Node Type": "Hash Join",
                              "Parent Relationship": "Outer",
                              "Parallel Aware": false,
                              "Async Capable": false,
                              "Join Type": "Semi",
                              "Startup Cost": 247539.43,
                              "Total Cost": 255193.42,
                              "Plan Rows": 76,
                              "Plan Width": 23,
                              "Inner Unique": false,
                              "Hash Cond": "(item_4.i_item_id = item_5.i_item_id)",
                              "Plans": [
                                {
                                  "Node Type": "Gather",
                                  "Parent Relationship": "Outer",
                                  "Parallel Aware": false,
                                  "Async Capable": false,
                                  "Startup Cost": 239130.25,
                                  "Total Cost": 246780.67,
                                  "Plan Rows": 1003,
                                  "Plan Width": 23,
                                  "Workers Planned": 2,
                                  "Single Copy": false,
                                  "Plans": [
                                    {
                                      "Node Type": "Hash Join",
                                      "Parent Relationship": "Outer",
                                      "Parallel Aware": true,
                                      "Async Capable": false,
                                      "Join Type": "Inner",
                                      "Startup Cost": 238130.25,
                                      "Total Cost": 245680.37,
                                      "Plan Rows": 418,
                                      "Plan Width": 23,
                                      "Inner Unique": false,
                                      "Hash Cond": "(item_4.i_item_sk = web_sales.ws_item_sk)",
                                      "Plans": [
                                        {
                                          "Node Type": "Seq Scan",
                                          "Parent Relationship": "Outer",
                                          "Parallel Aware": true,
                                          "Async Capable": false,
                                          "Relation Name": "item",
                                          "Alias": "item_4",
                                          "Startup Cost": 0.0,
                                          "Total Cost": 7389.0,
                                          "Plan Rows": 42500,
                                          "Plan Width": 21,
                                          "parent": 42,
                                          "ID": 43
                                        },
                                        {
                                          "Node Type": "Hash",
                                          "Parent Relationship": "Inner",
                                          "Parallel Aware": true,
                                          "Async Capable": false,
                                          "Startup Cost": 238125.03,
                                          "Total Cost": 238125.03,
                                          "Plan Rows": 418,
                                          "Plan Width": 10,
                                          "Plans": [
                                            {
                                              "Node Type": "Hash Join",
                                              "Parent Relationship": "Outer",
                                              "Parallel Aware": true,
                                              "Async Capable": false,
                                              "Join Type": "Inner",
                                              "Startup Cost": 231054.74,
                                              "Total Cost": 238125.03,
                                              "Plan Rows": 418,
                                              "Plan Width": 10,
                                              "Inner Unique": false,
                                              "Hash Cond": "(customer_address_2.ca_address_sk = web_sales.ws_bill_addr_sk)",
                                              "Plans": [
                                                {
                                                  "Node Type": "Seq Scan",
                                                  "Parent Relationship": "Outer",
                                                  "Parallel Aware": true,
                                                  "Async Capable": false,
                                                  "Relation Name": "customer_address",
                                                  "Alias": "customer_address_2",
                                                  "Startup Cost": 0.0,
                                                  "Total Cost": 6737.08,
                                                  "Plan Rows": 37882,
                                                  "Plan Width": 4,
                                                  "Filter": "(ca_gmt_offset = '-5'::numeric)",
                                                  "parent": 45,
                                                  "ID": 46
                                                },
                                                {
                                                  "Node Type": "Hash",
                                                  "Parent Relationship": "Inner",
                                                  "Parallel Aware": true,
                                                  "Async Capable": false,
                                                  "Startup Cost": 231040.38,
                                                  "Total Cost": 231040.38,
                                                  "Plan Rows": 1149,
                                                  "Plan Width": 14,
                                                  "Plans": [
                                                    {
                                                      "Node Type": "Hash Join",
                                                      "Parent Relationship": "Outer",
                                                      "Parallel Aware": true,
                                                      "Async Capable": false,
                                                      "Join Type": "Inner",
                                                      "Startup Cost": 2049.75,
                                                      "Total Cost": 231040.38,
                                                      "Plan Rows": 1149,
                                                      "Plan Width": 14,
                                                      "Inner Unique": false,
                                                      "Hash Cond": "(web_sales.ws_sold_date_sk = date_dim_2.d_date_sk)",
                                                      "Plans": [
                                                        {
                                                          "Node Type": "Seq Scan",
                                                          "Parent Relationship": "Outer",
                                                          "Parallel Aware": true,
                                                          "Async Capable": false,
                                                          "Relation Name": "web_sales",
                                                          "Alias": "web_sales",
                                                          "Startup Cost": 0.0,
                                                          "Total Cost": 217737.86,
                                                          "Plan Rows": 2998986,
                                                          "Plan Width": 18,
                                                          "parent": 48,
                                                          "ID": 49
                                                        },
                                                        {
                                                          "Node Type": "Hash",
                                                          "Parent Relationship": "Inner",
                                                          "Parallel Aware": true,
                                                          "Async Capable": false,
                                                          "Startup Cost": 2049.55,
                                                          "Total Cost": 2049.55,
                                                          "Plan Rows": 16,
                                                          "Plan Width": 4,
                                                          "Plans": [
                                                            {
                                                              "Node Type": "Seq Scan",
                                                              "Parent Relationship": "Outer",
                                                              "Parallel Aware": true,
                                                              "Async Capable": false,
                                                              "Relation Name": "date_dim",
                                                              "Alias": "date_dim_2",
                                                              "Startup Cost": 0.0,
                                                              "Total Cost": 2049.55,
                                                              "Plan Rows": 16,
                                                              "Plan Width": 4,
                                                              "Filter": "((d_year = 1999) AND (d_moy = 2))",
                                                              "parent": 50,
                                                              "ID": 51
                                                            }
                                                          ],
                                                          "parent": 48,
                                                          "ID": 50,
                                                          "left": 51
                                                        }
                                                      ],
                                                      "parent": 47,
                                                      "ID": 48,
                                                      "left": 49,
                                                      "right": 50
                                                    }
                                                  ],
                                                  "parent": 45,
                                                  "ID": 47,
                                                  "left": 48
                                                }
                                              ],
                                              "parent": 44,
                                              "ID": 45,
                                              "left": 46,
                                              "right": 47
                                            }
                                          ],
                                          "parent": 42,
                                          "ID": 44,
                                          "left": 45
                                        }
                                      ],
                                      "parent": 41,
                                      "ID": 42,
                                      "left": 43,
                                      "right": 44
                                    }
                                  ],
                                  "parent": 40,
                                  "ID": 41,
                                  "left": 42
                                },
                                {
                                  "Node Type": "Hash",
                                  "Parent Relationship": "Inner",
                                  "Parallel Aware": false,
                                  "Async Capable": false,
                                  "Startup Cost": 8366.5,
                                  "Total Cost": 8366.5,
                                  "Plan Rows": 3414,
                                  "Plan Width": 17,
                                  "Plans": [
                                    {
                                      "Node Type": "Seq Scan",
                                      "Parent Relationship": "Outer",
                                      "Parallel Aware": false,
                                      "Async Capable": false,
                                      "Relation Name": "item",
                                      "Alias": "item_5",
                                      "Startup Cost": 0.0,
                                      "Total Cost": 8366.5,
                                      "Plan Rows": 3414,
                                      "Plan Width": 17,
                                      "Filter": "(i_color = ANY ('{frosted,red,olive}'::bpchar[]))",
                                      "parent": 52,
                                      "ID": 53
                                    }
                                  ],
                                  "parent": 40,
                                  "ID": 52,
                                  "left": 53
                                }
                              ],
                              "parent": 39,
                              "ID": 40,
                              "left": 41,
                              "right": 52
                            }
                          ],
                          "parent": 38,
                          "ID": 39,
                          "left": 40
                        }
                      ],
                      "parent": 3,
                      "ID": 38,
                      "left": 39
                    }
                  ],
                  "parent": 2,
                  "ID": 3,
                  "left": 4,
                  "right": 21
                }
              ],
              "parent": 1,
              "ID": 2,
              "left": 3
            }
          ],
          "parent": 0,
          "ID": 1,
          "left": 2
        }
      ],
      "parent": null,
      "ID": 0,
      "left": 1
    },
    "feat": {
      "utility": 0.01730458706675788,
      "query_shape": [
        [
          "Seq Scan",
          "Hash Join",
          "Sort",
          "Merge Join",
          "Aggregate",
          "Gather Merge",
          "Merge Append"
        ],
        [
          "Seq Scan",
          "Hash Join",
          "Hash",
          "Sort",
          "Merge Join",
          "Aggregate",
          "Gather Merge",
          "Merge Append"
        ],
        [
          "Seq Scan",
          "Hash Join",
          "Hash",
          "Sort",
          "Merge Join",
          "Aggregate",
          "Gather Merge",
          "Merge Append"
        ],
        [
          "Seq Scan",
          "Hash",
          "Hash Join",
          "Sort",
          "Merge Join",
          "Aggregate",
          "Gather Merge",
          "Merge Append"
        ],
        [
          "Seq Scan",
          "Sort",
          "Merge Join",
          "Aggregate",
          "Gather Merge",
          "Merge Append"
        ],
        [
          "Seq Scan",
          "Hash Join",
          "Sort",
          "Merge Join",
          "Aggregate",
          "Gather Merge",
          "Merge Append"
        ],
        [
          "Seq Scan",
          "Hash Join",
          "Hash",
          "Sort",
          "Merge Join",
          "Aggregate",
          "Gather Merge",
          "Merge Append"
        ],
        [
          "Seq Scan",
          "Hash Join",
          "Hash",
          "Sort",
          "Merge Join",
          "Aggregate",
          "Gather Merge",
          "Merge Append"
        ],
        [
          "Seq Scan",
          "Hash",
          "Hash Join",
          "Sort",
          "Merge Join",
          "Aggregate",
          "Gather Merge",
          "Merge Append"
        ],
        [
          "Seq Scan",
          "Sort",
          "Merge Join",
          "Aggregate",
          "Gather Merge",
          "Merge Append"
        ],
        [
          "Seq Scan",
          "Hash Join",
          "Gather",
          "Sort",
          "Aggregate",
          "Merge Append"
        ],
        [
          "Seq Scan",
          "Hash Join",
          "Hash",
          "Gather",
          "Sort",
          "Aggregate",
          "Merge Append"
        ],
        [
          "Seq Scan",
          "Hash Join",
          "Hash",
          "Gather",
          "Sort",
          "Aggregate",
          "Merge Append"
        ],
        [
          "Seq Scan",
          "Hash",
          "Hash Join",
          "Gather",
          "Sort",
          "Aggregate",
          "Merge Append"
        ],
        [
          "Seq Scan",
          "Hash",
          "Hash Join",
          "Sort",
          "Aggregate",
          "Merge Append"
        ]
      ],
      "index_shape": [
        "join"
      ],
      "physical_operator": {
        "Hash Join": [
          0.0030282115519019055,
          0.003089606873385572,
          0.0030989293603588645
        ]
      }
    }
  },
  {
    "query": "with ss as (\n select i_item_id,sum(ss_ext_sales_price) total_sales\n from\n \tstore_sales,\n \tdate_dim,\n         customer_address,\n         item\n where i_item_id in (select\n     i_item_id\nfrom item\nwhere i_color in ('frosted','red','olive'))\n and     ss_item_sk              = i_item_sk\n and     ss_sold_date_sk         = d_date_sk\n and     d_year                  = 1999\n and     d_moy                   = 2\n and     ss_addr_sk              = ca_address_sk\n and     ca_gmt_offset           = -5 \n group by i_item_id),\n cs as (\n select i_item_id,sum(cs_ext_sales_price) total_sales\n from\n \tcatalog_sales,\n \tdate_dim,\n         customer_address,\n         item\n where\n         i_item_id               in (select\n  i_item_id\nfrom item\nwhere i_color in ('frosted','red','olive'))\n and     cs_item_sk              = i_item_sk\n and     cs_sold_date_sk         = d_date_sk\n and     d_year                  = 1999\n and     d_moy                   = 2\n and     cs_bill_addr_sk         = ca_address_sk\n and     ca_gmt_offset           = -5 \n group by i_item_id),\n ws as (\n select i_item_id,sum(ws_ext_sales_price) total_sales\n from\n \tweb_sales,\n \tdate_dim,\n         customer_address,\n         item\n where\n         i_item_id               in (select\n  i_item_id\nfrom item\nwhere i_color in ('frosted','red','olive'))\n and     ws_item_sk              = i_item_sk\n and     ws_sold_date_sk         = d_date_sk\n and     d_year                  = 1999\n and     d_moy                   = 2\n and     ws_bill_addr_sk         = ca_address_sk\n and     ca_gmt_offset           = -5\n group by i_item_id)\n  select  i_item_id ,sum(total_sales) total_sales\n from  (select * from ss \n        union all\n        select * from cs \n        union all\n        select * from ws) tmp1\n group by i_item_id\n order by total_sales,\n          i_item_id\n limit 100;\n\n-- end query 40 in stream 3 using template query56.tpl\n",
    "indexes": "date_dim.d_year",
    "wo plan est": {
      "Node Type": "Limit",
      "Parallel Aware": false,
      "Async Capable": false,
      "Startup Cost": 1445997.16,
      "Total Cost": 1445997.41,
      "Plan Rows": 100,
      "Plan Width": 49,
      "Plans": [
        {
          "Node Type": "Sort",
          "Parent Relationship": "Outer",
          "Parallel Aware": false,
          "Async Capable": false,
          "Startup Cost": 1445997.16,
          "Total Cost": 1445997.66,
          "Plan Rows": 200,
          "Plan Width": 49,
          "Sort Key": [
            "(sum((sum(store_sales.ss_ext_sales_price))))",
            "item.i_item_id"
          ],
          "Plans": [
            {
              "Node Type": "Aggregate",
              "Strategy": "Sorted",
              "Partial Mode": "Simple",
              "Parent Relationship": "Outer",
              "Parallel Aware": false,
              "Async Capable": false,
              "Startup Cost": 1445871.82,
              "Total Cost": 1445989.52,
              "Plan Rows": 200,
              "Plan Width": 49,
              "Group Key": [
                "item.i_item_id"
              ],
              "Plans": [
                {
                  "Node Type": "Merge Append",
                  "Parent Relationship": "Outer",
                  "Parallel Aware": false,
                  "Async Capable": false,
                  "Startup Cost": 1445871.82,
                  "Total Cost": 1445984.5,
                  "Plan Rows": 503,
                  "Plan Width": 49,
                  "Sort Key": [
                    "item.i_item_id"
                  ],
                  "Subplans Removed": 0,
                  "Plans": [
                    {
                      "Node Type": "Aggregate",
                      "Strategy": "Sorted",
                      "Partial Mode": "Finalize",
                      "Parent Relationship": "Member",
                      "Parallel Aware": false,
                      "Async Capable": false,
                      "Startup Cost": 708153.26,
                      "Total Cost": 708212.85,
                      "Plan Rows": 277,
                      "Plan Width": 49,
                      "Group Key": [
                        "item.i_item_id"
                      ],
                      "Plans": [
                        {
                          "Node Type": "Gather Merge",
                          "Parent Relationship": "Outer",
                          "Parallel Aware": false,
                          "Async Capable": false,
                          "Startup Cost": 708153.26,
                          "Total Cost": 708207.66,
                          "Plan Rows": 230,
                          "Plan Width": 49,
                          "Workers Planned": 2,
                          "Plans": [
                            {
                              "Node Type": "Aggregate",
                              "Strategy": "Sorted",
                              "Partial Mode": "Partial",
                              "Parent Relationship": "Outer",
                              "Parallel Aware": false,
                              "Async Capable": false,
                              "Startup Cost": 707153.23,
                              "Total Cost": 707181.09,
                              "Plan Rows": 115,
                              "Plan Width": 49,
                              "Group Key": [
                                "item.i_item_id"
                              ],
                              "Plans": [
                                {
                                  "Node Type": "Merge Join",
                                  "Parent Relationship": "Outer",
                                  "Parallel Aware": false,
                                  "Async Capable": false,
                                  "Join Type": "Semi",
                                  "Startup Cost": 707153.23,
                                  "Total Cost": 707179.08,
                                  "Plan Rows": 115,
                                  "Plan Width": 23,
                                  "Inner Unique": false,
                                  "Merge Cond": "(item.i_item_id = item_1.i_item_id)",
                                  "Plans": [
                                    {
                                      "Node Type": "Sort",
                                      "Parent Relationship": "Outer",
                                      "Parallel Aware": false,
                                      "Async Capable": false,
                                      "Startup Cost": 698586.38,
                                      "Total Cost": 698590.19,
                                      "Plan Rows": 1525,
                                      "Plan Width": 23,
                                      "Sort Key": [
                                        "item.i_item_id"
                                      ],
                                      "Plans": [
                                        {
                                          "Node Type": "Hash Join",
                                          "Parent Relationship": "Outer",
                                          "Parallel Aware": true,
                                          "Async Capable": false,
                                          "Join Type": "Inner",
                                          "Startup Cost": 690951.02,
                                          "Total Cost": 698505.75,
                                          "Plan Rows": 1525,
                                          "Plan Width": 23,
                                          "Inner Unique": false,
                                          "Hash Cond": "(item.i_item_sk = store_sales.ss_item_sk)",
                                          "Plans": [
                                            {
                                              "Node Type": "Seq Scan",
                                              "Parent Relationship": "Outer",
                                              "Parallel Aware": true,
                                              "Async Capable": false,
                                              "Relation Name": "item",
                                              "Alias": "item",
                                              "Startup Cost": 0.0,
                                              "Total Cost": 7389.0,
                                              "Plan Rows": 42500,
                                              "Plan Width": 21,
                                              "parent": 9,
                                              "ID": 10
                                            },
                                            {
                                              "Node Type": "Hash",
                                              "Parent Relationship": "Inner",
                                              "Parallel Aware": true,
                                              "Async Capable": false,
                                              "Startup Cost": 690931.96,
                                              "Total Cost": 690931.96,
                                              "Plan Rows": 1525,
                                              "Plan Width": 10,
                                              "Plans": [
                                                {
                                                  "Node Type": "Hash Join",
                                                  "Parent Relationship": "Outer",
                                                  "Parallel Aware": true,
                                                  "Async Capable": false,
                                                  "Join Type": "Inner",
                                                  "Startup Cost": 684046.46,
                                                  "Total Cost": 690931.96,
                                                  "Plan Rows": 1525,
                                                  "Plan Width": 10,
                                                  "Inner Unique": false,
                                                  "Hash Cond": "(customer_address.ca_address_sk = store_sales.ss_addr_sk)",
                                                  "Plans": [
                                                    {
                                                      "Node Type": "Seq Scan",
                                                      "Parent Relationship": "Outer",
                                                      "Parallel Aware": true,
                                                      "Async Capable": false,
                                                      "Relation Name": "customer_address",
                                                      "Alias": "customer_address",
                                                      "Startup Cost": 0.0,
                                                      "Total Cost": 6737.08,
                                                      "Plan Rows": 37882,
                                                      "Plan Width": 4,
                                                      "Filter": "(ca_gmt_offset = '-5'::numeric)",
                                                      "parent": 12,
                                                      "ID": 13
                                                    },
                                                    {
                                                      "Node Type": "Hash",
                                                      "Parent Relationship": "Inner",
                                                      "Parallel Aware": true,
                                                      "Async Capable": false,
                                                      "Startup Cost": 683991.59,
                                                      "Total Cost": 683991.59,
                                                      "Plan Rows": 4390,
                                                      "Plan Width": 14,
                                                      "Plans": [
                                                        {
                                                          "Node Type": "Hash Join",
                                                          "Parent Relationship": "Outer",
                                                          "Parallel Aware": true,
                                                          "Async Capable": false,
                                                          "Join Type": "Inner",
                                                          "Startup Cost": 2049.75,
                                                          "Total Cost": 683991.59,
                                                          "Plan Rows": 4390,
                                                          "Plan Width": 14,
                                                          "Inner Unique": false,
                                                          "Hash Cond": "(store_sales.ss_sold_date_sk = date_dim.d_date_sk)",
                                                          "Plans": [
                                                            {
                                                              "Node Type": "Seq Scan",
                                                              "Parent Relationship": "Outer",
                                                              "Parallel Aware": true,
                                                              "Async Capable": false,
                                                              "Relation Name": "store_sales",
                                                              "Alias": "store_sales",
                                                              "Startup Cost": 0.0,
                                                              "Total Cost": 636914.37,
                                                              "Plan Rows": 12000637,
                                                              "Plan Width": 18,
                                                              "parent": 15,
                                                              "ID": 16
                                                            },
                                                            {
                                                              "Node Type": "Hash",
                                                              "Parent Relationship": "Inner",
                                                              "Parallel Aware": true,
                                                              "Async Capable": false,
                                                              "Startup Cost": 2049.55,
                                                              "Total Cost": 2049.55,
                                                              "Plan Rows": 16,
                                                              "Plan Width": 4,
                                                              "Plans": [
                                                                {
                                                                  "Node Type": "Seq Scan",
                                                                  "Parent Relationship": "Outer",
                                                                  "Parallel Aware": true,
                                                                  "Async Capable": false,
                                                                  "Relation Name": "date_dim",
                                                                  "Alias": "date_dim",
                                                                  "Startup Cost": 0.0,
                                                                  "Total Cost": 2049.55,
                                                                  "Plan Rows": 16,
                                                                  "Plan Width": 4,
                                                                  "Filter": "((d_year = 1999) AND (d_moy = 2))",
                                                                  "parent": 17,
                                                                  "ID": 18
                                                                }
                                                              ],
                                                              "parent": 15,
                                                              "ID": 17,
                                                              "left": 18
                                                            }
                                                          ],
                                                          "parent": 14,
                                                          "ID": 15,
                                                          "left": 16,
                                                          "right": 17
                                                        }
                                                      ],
                                                      "parent": 12,
                                                      "ID": 14,
                                                      "left": 15
                                                    }
                                                  ],
                                                  "parent": 11,
                                                  "ID": 12,
                                                  "left": 13,
                                                  "right": 14
                                                }
                                              ],
                                              "parent": 9,
                                              "ID": 11,
                                              "left": 12
                                            }
                                          ],
                                          "parent": 8,
                                          "ID": 9,
                                          "left": 10,
                                          "right": 11
                                        }
                                      ],
                                      "parent": 7,
                                      "ID": 8,
                                      "left": 9
                                    },
                                    {
                                      "Node Type": "Sort",
                                      "Parent Relationship": "Inner",
                                      "Parallel Aware": false,
                                      "Async Capable": false,
                                      "Startup Cost": 8566.85,
                                      "Total Cost": 8575.39,
                                      "Plan Rows": 3414,
                                      "Plan Width": 17,
                                      "Sort Key": [
                                        "item_1.i_item_id"
                                      ],
                                      "Plans": [
                                        {
                                          "Node Type": "Seq Scan",
                                          "Parent Relationship": "Outer",
                                          "Parallel Aware": false,
                                          "Async Capable": false,
                                          "Relation Name": "item",
                                          "Alias": "item_1",
                                          "Startup Cost": 0.0,
                                          "Total Cost": 8366.5,
                                          "Plan Rows": 3414,
                                          "Plan Width": 17,
                                          "Filter": "(i_color = ANY ('{frosted,red,olive}'::bpchar[]))",
                                          "parent": 19,
                                          "ID": 20
                                        }
                                      ],
                                      "parent": 7,
                                      "ID": 19,
                                      "left": 20
                                    }
                                  ],
                                  "parent": 6,
                                  "ID": 7,
                                  "left": 8,
                                  "right": 19
                                }
                              ],
                              "parent": 5,
                              "ID": 6,
                              "left": 7
                            }
                          ],
                          "parent": 4,
                          "ID": 5,
                          "left": 6
                        }
                      ],
                      "parent": 3,
                      "ID": 4,
                      "left": 5
                    },
                    {
                      "Node Type": "Aggregate",
                      "Strategy": "Sorted",
                      "Partial Mode": "Finalize",
                      "Parent Relationship": "Member",
                      "Parallel Aware": false,
                      "Async Capable": false,
                      "Startup Cost": 482522.75,
                      "Total Cost": 482562.79,
                      "Plan Rows": 150,
                      "Plan Width": 49,
                      "Group Key": [
                        "item_2.i_item_id"
                      ],
                      "Plans": [
                        {
                          "Node Type": "Gather Merge",
                          "Parent Relationship": "Outer",
                          "Parallel Aware": false,
                          "Async Capable": false,
                          "Startup Cost": 482522.75,
                          "Total Cost": 482559.98,
                          "Plan Rows": 124,
                          "Plan Width": 49,
                          "Workers Planned": 2,
                          "Plans": [
                            {
                              "Node Type": "Aggregate",
                              "Strategy": "Sorted",
                              "Partial Mode": "Partial",
                              "Parent Relationship": "Outer",
                              "Parallel Aware": false,
                              "Async Capable": false,
                              "Startup Cost": 481522.72,
                              "Total Cost": 481545.64,
                              "Plan Rows": 62,
                              "Plan Width": 49,
                              "Group Key": [
                                "item_2.i_item_id"
                              ],
                              "Plans": [
                                {
                                  "Node Type": "Merge Join",
                                  "Parent Relationship": "Outer",
                                  "Parallel Aware": false,
                                  "Async Capable": false,
                                  "Join Type": "Semi",
                                  "Startup Cost": 481522.72,
                                  "Total Cost": 481544.56,
                                  "Plan Rows": 62,
                                  "Plan Width": 23,
                                  "Inner Unique": false,
                                  "Merge Cond": "(item_2.i_item_id = item_3.i_item_id)",
                                  "Plans": [
                                    {
                                      "Node Type": "Sort",
                                      "Parent Relationship": "Outer",
                                      "Parallel Aware": false,
                                      "Async Capable": false,
                                      "Startup Cost": 472955.87,
                                      "Total Cost": 472957.94,
                                      "Plan Rows": 827,
                                      "Plan Width": 23,
                                      "Sort Key": [
                                        "item_2.i_item_id"
                                      ],
                                      "Plans": [
                                        {
                                          "Node Type": "Hash Join",
                                          "Parent Relationship": "Outer",
                                          "Parallel Aware": true,
                                          "Async Capable": false,
                                          "Join Type": "Inner",
                                          "Startup Cost": 465363.97,
                                          "Total Cost": 472915.79,
                                          "Plan Rows": 827,
                                          "Plan Width": 23,
                                          "Inner Unique": false,
                                          "Hash Cond": "(item_2.i_item_sk = catalog_sales.cs_item_sk)",
                                          "Plans": [
                                            {
                                              "Node Type": "Seq Scan",
                                              "Parent Relationship": "Outer",
                                              "Parallel Aware": true,
                                              "Async Capable": false,
                                              "Relation Name": "item",
                                              "Alias": "item_2",
                                              "Startup Cost": 0.0,
                                              "Total Cost": 7389.0,
                                              "Plan Rows": 42500,
                                              "Plan Width": 21,
                                              "parent": 26,
                                              "ID": 27
                                            },
                                            {
                                              "Node Type": "Hash",
                                              "Parent Relationship": "Inner",
                                              "Parallel Aware": true,
                                              "Async Capable": false,
                                              "Startup Cost": 465353.63,
                                              "Total Cost": 465353.63,
                                              "Plan Rows": 827,
                                              "Plan Width": 10,
                                              "Plans": [
                                                {
                                                  "Node Type": "Hash Join",
                                                  "Parent Relationship": "Outer",
                                                  "Parallel Aware": true,
                                                  "Async Capable": false,
                                                  "Join Type": "Inner",
                                                  "Startup Cost": 458281.63,
                                                  "Total Cost": 465353.63,
                                                  "Plan Rows": 827,
                                                  "Plan Width": 10,
                                                  "Inner Unique": false,
                                                  "Hash Cond": "(customer_address_1.ca_address_sk = catalog_sales.cs_bill_addr_sk)",
                                                  "Plans": [
                                                    {
                                                      "Node Type": "Seq Scan",
                                                      "Parent Relationship": "Outer",
                                                      "Parallel Aware": true,
                                                      "Async Capable": false,
                                                      "Relation Name": "customer_address",
                                                      "Alias": "customer_address_1",
                                                      "Startup Cost": 0.0,
                                                      "Total Cost": 6737.08,
                                                      "Plan Rows": 37882,
                                                      "Plan Width": 4,
                                                      "Filter": "(ca_gmt_offset = '-5'::numeric)",
                                                      "parent": 29,
                                                      "ID": 30
                                                    },
                                                    {
                                                      "Node Type": "Hash",
                                                      "Parent Relationship": "Inner",
                                                      "Parallel Aware": true,
                                                      "Async Capable": false,
                                                      "Startup Cost": 458253.04,
                                                      "Total Cost": 458253.04,
                                                      "Plan Rows": 2287,
                                                      "Plan Width": 14,
                                                      "Plans": [
                                                        {
                                                          "Node Type": "Hash Join",
                                                          "Parent Relationship": "Outer",
                                                          "Parallel Aware": true,
                                                          "Async Capable": false,
                                                          "Join Type": "Inner",
                                                          "Startup Cost": 2049.75,
                                                          "Total Cost": 458253.04,
                                                          "Plan Rows": 2287,
                                                          "Plan Width": 14,
                                                          "Inner Unique": false,
                                                          "Hash Cond": "(catalog_sales.cs_sold_date_sk = date_dim_1.d_date_sk)",
                                                          "Plans": [
                                                            {
                                                              "Node Type": "Seq Scan",
                                                              "Parent Relationship": "Outer",
                                                              "Parallel Aware": true,
                                                              "Async Capable": false,
                                                              "Relation Name": "catalog_sales",
                                                              "Alias": "catalog_sales",
                                                              "Startup Cost": 0.0,
                                                              "Total Cost": 433688.25,
                                                              "Plan Rows": 6000525,
                                                              "Plan Width": 18,
                                                              "parent": 32,
                                                              "ID": 33
                                                            },
                                                            {
                                                              "Node Type": "Hash",
                                                              "Parent Relationship": "Inner",
                                                              "Parallel Aware": true,
                                                              "Async Capable": false,
                                                              "Startup Cost": 2049.55,
                                                              "Total Cost": 2049.55,
                                                              "Plan Rows": 16,
                                                              "Plan Width": 4,
                                                              "Plans": [
                                                                {
                                                                  "Node Type": "Seq Scan",
                                                                  "Parent Relationship": "Outer",
                                                                  "Parallel Aware": true,
                                                                  "Async Capable": false,
                                                                  "Relation Name": "date_dim",
                                                                  "Alias": "date_dim_1",
                                                                  "Startup Cost": 0.0,
                                                                  "Total Cost": 2049.55,
                                                                  "Plan Rows": 16,
                                                                  "Plan Width": 4,
                                                                  "Filter": "((d_year = 1999) AND (d_moy = 2))",
                                                                  "parent": 34,
                                                                  "ID": 35
                                                                }
                                                              ],
                                                              "parent": 32,
                                                              "ID": 34,
                                                              "left": 35
                                                            }
                                                          ],
                                                          "parent": 31,
                                                          "ID": 32,
                                                          "left": 33,
                                                          "right": 34
                                                        }
                                                      ],
                                                      "parent": 29,
                                                      "ID": 31,
                                                      "left": 32
                                                    }
                                                  ],
                                                  "parent": 28,
                                                  "ID": 29,
                                                  "left": 30,
                                                  "right": 31
                                                }
                                              ],
                                              "parent": 26,
                                              "ID": 28,
                                              "left": 29
                                            }
                                          ],
                                          "parent": 25,
                                          "ID": 26,
                                          "left": 27,
                                          "right": 28
                                        }
                                      ],
                                      "parent": 24,
                                      "ID": 25,
                                      "left": 26
                                    },
                                    {
                                      "Node Type": "Sort",
                                      "Parent Relationship": "Inner",
                                      "Parallel Aware": false,
                                      "Async Capable": false,
                                      "Startup Cost": 8566.85,
                                      "Total Cost": 8575.39,
                                      "Plan Rows": 3414,
                                      "Plan Width": 17,
                                      "Sort Key": [
                                        "item_3.i_item_id"
                                      ],
                                      "Plans": [
                                        {
                                          "Node Type": "Seq Scan",
                                          "Parent Relationship": "Outer",
                                          "Parallel Aware": false,
                                          "Async Capable": false,
                                          "Relation Name": "item",
                                          "Alias": "item_3",
                                          "Startup Cost": 0.0,
                                          "Total Cost": 8366.5,
                                          "Plan Rows": 3414,
                                          "Plan Width": 17,
                                          "Filter": "(i_color = ANY ('{frosted,red,olive}'::bpchar[]))",
                                          "parent": 36,
                                          "ID": 37
                                        }
                                      ],
                                      "parent": 24,
                                      "ID": 36,
                                      "left": 37
                                    }
                                  ],
                                  "parent": 23,
                                  "ID": 24,
                                  "left": 25,
                                  "right": 36
                                }
                              ],
                              "parent": 22,
                              "ID": 23,
                              "left": 24
                            }
                          ],
                          "parent": 21,
                          "ID": 22,
                          "left": 23
                        }
                      ],
                      "parent": 3,
                      "ID": 21,
                      "left": 22
                    },
                    {
                      "Node Type": "Aggregate",
                      "Strategy": "Sorted",
                      "Partial Mode": "Simple",
                      "Parent Relationship": "Member",
                      "Parallel Aware": false,
                      "Async Capable": false,
                      "Startup Cost": 255195.79,
                      "Total Cost": 255197.31,
                      "Plan Rows": 76,
                      "Plan Width": 49,
                      "Group Key": [
                        "item_4.i_item_id"
                      ],
                      "Plans": [
                        {
                          "Node Type": "Sort",
                          "Parent Relationship": "Outer",
                          "Parallel Aware": false,
                          "Async Capable": false,
                          "Startup Cost": 255195.79,
                          "Total Cost": 255195.98,
                          "Plan Rows": 76,
                          "Plan Width": 23,
                          "Sort Key": [
                            "item_4.i_item_id"
                          ],
                          "Plans": [
                            {
                              "Node Type": "Hash Join",
                              "Parent Relationship": "Outer",
                              "Parallel Aware": false,
                              "Async Capable": false,
                              "Join Type": "Semi",
                              "Startup Cost": 247539.43,
                              "Total Cost": 255193.42,
                              "Plan Rows": 76,
                              "Plan Width": 23,
                              "Inner Unique": false,
                              "Hash Cond": "(item_4.i_item_id = item_5.i_item_id)",
                              "Plans": [
                                {
                                  "Node Type": "Gather",
                                  "Parent Relationship": "Outer",
                                  "Parallel Aware": false,
                                  "Async Capable": false,
                                  "Startup Cost": 239130.25,
                                  "Total Cost": 246780.67,
                                  "Plan Rows": 1003,
                                  "Plan Width": 23,
                                  "Workers Planned": 2,
                                  "Single Copy": false,
                                  "Plans": [
                                    {
                                      "Node Type": "Hash Join",
                                      "Parent Relationship": "Outer",
                                      "Parallel Aware": true,
                                      "Async Capable": false,
                                      "Join Type": "Inner",
                                      "Startup Cost": 238130.25,
                                      "Total Cost": 245680.37,
                                      "Plan Rows": 418,
                                      "Plan Width": 23,
                                      "Inner Unique": false,
                                      "Hash Cond": "(item_4.i_item_sk = web_sales.ws_item_sk)",
                                      "Plans": [
                                        {
                                          "Node Type": "Seq Scan",
                                          "Parent Relationship": "Outer",
                                          "Parallel Aware": true,
                                          "Async Capable": false,
                                          "Relation Name": "item",
                                          "Alias": "item_4",
                                          "Startup Cost": 0.0,
                                          "Total Cost": 7389.0,
                                          "Plan Rows": 42500,
                                          "Plan Width": 21,
                                          "parent": 42,
                                          "ID": 43
                                        },
                                        {
                                          "Node Type": "Hash",
                                          "Parent Relationship": "Inner",
                                          "Parallel Aware": true,
                                          "Async Capable": false,
                                          "Startup Cost": 238125.03,
                                          "Total Cost": 238125.03,
                                          "Plan Rows": 418,
                                          "Plan Width": 10,
                                          "Plans": [
                                            {
                                              "Node Type": "Hash Join",
                                              "Parent Relationship": "Outer",
                                              "Parallel Aware": true,
                                              "Async Capable": false,
                                              "Join Type": "Inner",
                                              "Startup Cost": 231054.74,
                                              "Total Cost": 238125.03,
                                              "Plan Rows": 418,
                                              "Plan Width": 10,
                                              "Inner Unique": false,
                                              "Hash Cond": "(customer_address_2.ca_address_sk = web_sales.ws_bill_addr_sk)",
                                              "Plans": [
                                                {
                                                  "Node Type": "Seq Scan",
                                                  "Parent Relationship": "Outer",
                                                  "Parallel Aware": true,
                                                  "Async Capable": false,
                                                  "Relation Name": "customer_address",
                                                  "Alias": "customer_address_2",
                                                  "Startup Cost": 0.0,
                                                  "Total Cost": 6737.08,
                                                  "Plan Rows": 37882,
                                                  "Plan Width": 4,
                                                  "Filter": "(ca_gmt_offset = '-5'::numeric)",
                                                  "parent": 45,
                                                  "ID": 46
                                                },
                                                {
                                                  "Node Type": "Hash",
                                                  "Parent Relationship": "Inner",
                                                  "Parallel Aware": true,
                                                  "Async Capable": false,
                                                  "Startup Cost": 231040.38,
                                                  "Total Cost": 231040.38,
                                                  "Plan Rows": 1149,
                                                  "Plan Width": 14,
                                                  "Plans": [
                                                    {
                                                      "Node Type": "Hash Join",
                                                      "Parent Relationship": "Outer",
                                                      "Parallel Aware": true,
                                                      "Async Capable": false,
                                                      "Join Type": "Inner",
                                                      "Startup Cost": 2049.75,
                                                      "Total Cost": 231040.38,
                                                      "Plan Rows": 1149,
                                                      "Plan Width": 14,
                                                      "Inner Unique": false,
                                                      "Hash Cond": "(web_sales.ws_sold_date_sk = date_dim_2.d_date_sk)",
                                                      "Plans": [
                                                        {
                                                          "Node Type": "Seq Scan",
                                                          "Parent Relationship": "Outer",
                                                          "Parallel Aware": true,
                                                          "Async Capable": false,
                                                          "Relation Name": "web_sales",
                                                          "Alias": "web_sales",
                                                          "Startup Cost": 0.0,
                                                          "Total Cost": 217737.86,
                                                          "Plan Rows": 2998986,
                                                          "Plan Width": 18,
                                                          "parent": 48,
                                                          "ID": 49
                                                        },
                                                        {
                                                          "Node Type": "Hash",
                                                          "Parent Relationship": "Inner",
                                                          "Parallel Aware": true,
                                                          "Async Capable": false,
                                                          "Startup Cost": 2049.55,
                                                          "Total Cost": 2049.55,
                                                          "Plan Rows": 16,
                                                          "Plan Width": 4,
                                                          "Plans": [
                                                            {
                                                              "Node Type": "Seq Scan",
                                                              "Parent Relationship": "Outer",
                                                              "Parallel Aware": true,
                                                              "Async Capable": false,
                                                              "Relation Name": "date_dim",
                                                              "Alias": "date_dim_2",
                                                              "Startup Cost": 0.0,
                                                              "Total Cost": 2049.55,
                                                              "Plan Rows": 16,
                                                              "Plan Width": 4,
                                                              "Filter": "((d_year = 1999) AND (d_moy = 2))",
                                                              "parent": 50,
                                                              "ID": 51
                                                            }
                                                          ],
                                                          "parent": 48,
                                                          "ID": 50,
                                                          "left": 51
                                                        }
                                                      ],
                                                      "parent": 47,
                                                      "ID": 48,
                                                      "left": 49,
                                                      "right": 50
                                                    }
                                                  ],
                                                  "parent": 45,
                                                  "ID": 47,
                                                  "left": 48
                                                }
                                              ],
                                              "parent": 44,
                                              "ID": 45,
                                              "left": 46,
                                              "right": 47
                                            }
                                          ],
                                          "parent": 42,
                                          "ID": 44,
                                          "left": 45
                                        }
                                      ],
                                      "parent": 41,
                                      "ID": 42,
                                      "left": 43,
                                      "right": 44
                                    }
                                  ],
                                  "parent": 40,
                                  "ID": 41,
                                  "left": 42
                                },
                                {
                                  "Node Type": "Hash",
                                  "Parent Relationship": "Inner",
                                  "Parallel Aware": false,
                                  "Async Capable": false,
                                  "Startup Cost": 8366.5,
                                  "Total Cost": 8366.5,
                                  "Plan Rows": 3414,
                                  "Plan Width": 17,
                                  "Plans": [
                                    {
                                      "Node Type": "Seq Scan",
                                      "Parent Relationship": "Outer",
                                      "Parallel Aware": false,
                                      "Async Capable": false,
                                      "Relation Name": "item",
                                      "Alias": "item_5",
                                      "Startup Cost": 0.0,
                                      "Total Cost": 8366.5,
                                      "Plan Rows": 3414,
                                      "Plan Width": 17,
                                      "Filter": "(i_color = ANY ('{frosted,red,olive}'::bpchar[]))",
                                      "parent": 52,
                                      "ID": 53
                                    }
                                  ],
                                  "parent": 40,
                                  "ID": 52,
                                  "left": 53
                                }
                              ],
                              "parent": 39,
                              "ID": 40,
                              "left": 41,
                              "right": 52
                            }
                          ],
                          "parent": 38,
                          "ID": 39,
                          "left": 40
                        }
                      ],
                      "parent": 3,
                      "ID": 38,
                      "left": 39
                    }
                  ],
                  "parent": 2,
                  "ID": 3,
                  "left": 4,
                  "right": 21
                }
              ],
              "parent": 1,
              "ID": 2,
              "left": 3
            }
          ],
          "parent": 0,
          "ID": 1,
          "left": 2
        }
      ],
      "parent": null,
      "ID": 0,
      "left": 1
    },
    "feat": {
      "utility": 0.0042512546787097484,
      "query_shape": [
        [
          "Seq Scan",
          "Hash Join",
          "Sort",
          "Merge Join",
          "Aggregate",
          "Gather Merge",
          "Merge Append"
        ],
        [
          "Seq Scan",
          "Hash Join",
          "Hash",
          "Sort",
          "Merge Join",
          "Aggregate",
          "Gather Merge",
          "Merge Append"
        ],
        [
          "Seq Scan",
          "Hash Join",
          "Hash",
          "Sort",
          "Merge Join",
          "Aggregate",
          "Gather Merge",
          "Merge Append"
        ],
        [
          "Seq Scan",
          "Hash",
          "Hash Join",
          "Sort",
          "Merge Join",
          "Aggregate",
          "Gather Merge",
          "Merge Append"
        ],
        [
          "Seq Scan",
          "Sort",
          "Merge Join",
          "Aggregate",
          "Gather Merge",
          "Merge Append"
        ],
        [
          "Seq Scan",
          "Hash Join",
          "Sort",
          "Merge Join",
          "Aggregate",
          "Gather Merge",
          "Merge Append"
        ],
        [
          "Seq Scan",
          "Hash Join",
          "Hash",
          "Sort",
          "Merge Join",
          "Aggregate",
          "Gather Merge",
          "Merge Append"
        ],
        [
          "Seq Scan",
          "Hash Join",
          "Hash",
          "Sort",
          "Merge Join",
          "Aggregate",
          "Gather Merge",
          "Merge Append"
        ],
        [
          "Seq Scan",
          "Hash",
          "Hash Join",
          "Sort",
          "Merge Join",
          "Aggregate",
          "Gather Merge",
          "Merge Append"
        ],
        [
          "Seq Scan",
          "Sort",
          "Merge Join",
          "Aggregate",
          "Gather Merge",
          "Merge Append"
        ],
        [
          "Seq Scan",
          "Hash Join",
          "Gather",
          "Sort",
          "Aggregate",
          "Merge Append"
        ],
        [
          "Seq Scan",
          "Hash Join",
          "Hash",
          "Gather",
          "Sort",
          "Aggregate",
          "Merge Append"
        ],
        [
          "Seq Scan",
          "Hash Join",
          "Hash",
          "Gather",
          "Sort",
          "Aggregate",
          "Merge Append"
        ],
        [
          "Seq Scan",
          "Hash",
          "Hash Join",
          "Gather",
          "Sort",
          "Aggregate",
          "Merge Append"
        ],
        [
          "Seq Scan",
          "Hash",
          "Hash Join",
          "Sort",
          "Aggregate",
          "Merge Append"
        ]
      ],
      "index_shape": [
        "selection"
      ],
      "physical_operator": {
        "Seq Scan": [
          0.00021903106134235628,
          0.00021903106134235628,
          0.00021903106134235628
        ]
      }
    }
  },
  {
    "query": "with ss as (\n select i_item_id,sum(ss_ext_sales_price) total_sales\n from\n \tstore_sales,\n \tdate_dim,\n         customer_address,\n         item\n where i_item_id in (select\n     i_item_id\nfrom item\nwhere i_color in ('frosted','red','olive'))\n and     ss_item_sk              = i_item_sk\n and     ss_sold_date_sk         = d_date_sk\n and     d_year                  = 1999\n and     d_moy                   = 2\n and     ss_addr_sk              = ca_address_sk\n and     ca_gmt_offset           = -5 \n group by i_item_id),\n cs as (\n select i_item_id,sum(cs_ext_sales_price) total_sales\n from\n \tcatalog_sales,\n \tdate_dim,\n         customer_address,\n         item\n where\n         i_item_id               in (select\n  i_item_id\nfrom item\nwhere i_color in ('frosted','red','olive'))\n and     cs_item_sk              = i_item_sk\n and     cs_sold_date_sk         = d_date_sk\n and     d_year                  = 1999\n and     d_moy                   = 2\n and     cs_bill_addr_sk         = ca_address_sk\n and     ca_gmt_offset           = -5 \n group by i_item_id),\n ws as (\n select i_item_id,sum(ws_ext_sales_price) total_sales\n from\n \tweb_sales,\n \tdate_dim,\n         customer_address,\n         item\n where\n         i_item_id               in (select\n  i_item_id\nfrom item\nwhere i_color in ('frosted','red','olive'))\n and     ws_item_sk              = i_item_sk\n and     ws_sold_date_sk         = d_date_sk\n and     d_year                  = 1999\n and     d_moy                   = 2\n and     ws_bill_addr_sk         = ca_address_sk\n and     ca_gmt_offset           = -5\n group by i_item_id)\n  select  i_item_id ,sum(total_sales) total_sales\n from  (select * from ss \n        union all\n        select * from cs \n        union all\n        select * from ws) tmp1\n group by i_item_id\n order by total_sales,\n          i_item_id\n limit 100;\n\n-- end query 40 in stream 3 using template query56.tpl\n",
    "indexes": "date_dim.d_moy",
    "wo plan est": {
      "Node Type": "Limit",
      "Parallel Aware": false,
      "Async Capable": false,
      "Startup Cost": 1445997.16,
      "Total Cost": 1445997.41,
      "Plan Rows": 100,
      "Plan Width": 49,
      "Plans": [
        {
          "Node Type": "Sort",
          "Parent Relationship": "Outer",
          "Parallel Aware": false,
          "Async Capable": false,
          "Startup Cost": 1445997.16,
          "Total Cost": 1445997.66,
          "Plan Rows": 200,
          "Plan Width": 49,
          "Sort Key": [
            "(sum((sum(store_sales.ss_ext_sales_price))))",
            "item.i_item_id"
          ],
          "Plans": [
            {
              "Node Type": "Aggregate",
              "Strategy": "Sorted",
              "Partial Mode": "Simple",
              "Parent Relationship": "Outer",
              "Parallel Aware": false,
              "Async Capable": false,
              "Startup Cost": 1445871.82,
              "Total Cost": 1445989.52,
              "Plan Rows": 200,
              "Plan Width": 49,
              "Group Key": [
                "item.i_item_id"
              ],
              "Plans": [
                {
                  "Node Type": "Merge Append",
                  "Parent Relationship": "Outer",
                  "Parallel Aware": false,
                  "Async Capable": false,
                  "Startup Cost": 1445871.82,
                  "Total Cost": 1445984.5,
                  "Plan Rows": 503,
                  "Plan Width": 49,
                  "Sort Key": [
                    "item.i_item_id"
                  ],
                  "Subplans Removed": 0,
                  "Plans": [
                    {
                      "Node Type": "Aggregate",
                      "Strategy": "Sorted",
                      "Partial Mode": "Finalize",
                      "Parent Relationship": "Member",
                      "Parallel Aware": false,
                      "Async Capable": false,
                      "Startup Cost": 708153.26,
                      "Total Cost": 708212.85,
                      "Plan Rows": 277,
                      "Plan Width": 49,
                      "Group Key": [
                        "item.i_item_id"
                      ],
                      "Plans": [
                        {
                          "Node Type": "Gather Merge",
                          "Parent Relationship": "Outer",
                          "Parallel Aware": false,
                          "Async Capable": false,
                          "Startup Cost": 708153.26,
                          "Total Cost": 708207.66,
                          "Plan Rows": 230,
                          "Plan Width": 49,
                          "Workers Planned": 2,
                          "Plans": [
                            {
                              "Node Type": "Aggregate",
                              "Strategy": "Sorted",
                              "Partial Mode": "Partial",
                              "Parent Relationship": "Outer",
                              "Parallel Aware": false,
                              "Async Capable": false,
                              "Startup Cost": 707153.23,
                              "Total Cost": 707181.09,
                              "Plan Rows": 115,
                              "Plan Width": 49,
                              "Group Key": [
                                "item.i_item_id"
                              ],
                              "Plans": [
                                {
                                  "Node Type": "Merge Join",
                                  "Parent Relationship": "Outer",
                                  "Parallel Aware": false,
                                  "Async Capable": false,
                                  "Join Type": "Semi",
                                  "Startup Cost": 707153.23,
                                  "Total Cost": 707179.08,
                                  "Plan Rows": 115,
                                  "Plan Width": 23,
                                  "Inner Unique": false,
                                  "Merge Cond": "(item.i_item_id = item_1.i_item_id)",
                                  "Plans": [
                                    {
                                      "Node Type": "Sort",
                                      "Parent Relationship": "Outer",
                                      "Parallel Aware": false,
                                      "Async Capable": false,
                                      "Startup Cost": 698586.38,
                                      "Total Cost": 698590.19,
                                      "Plan Rows": 1525,
                                      "Plan Width": 23,
                                      "Sort Key": [
                                        "item.i_item_id"
                                      ],
                                      "Plans": [
                                        {
                                          "Node Type": "Hash Join",
                                          "Parent Relationship": "Outer",
                                          "Parallel Aware": true,
                                          "Async Capable": false,
                                          "Join Type": "Inner",
                                          "Startup Cost": 690951.02,
                                          "Total Cost": 698505.75,
                                          "Plan Rows": 1525,
                                          "Plan Width": 23,
                                          "Inner Unique": false,
                                          "Hash Cond": "(item.i_item_sk = store_sales.ss_item_sk)",
                                          "Plans": [
                                            {
                                              "Node Type": "Seq Scan",
                                              "Parent Relationship": "Outer",
                                              "Parallel Aware": true,
                                              "Async Capable": false,
                                              "Relation Name": "item",
                                              "Alias": "item",
                                              "Startup Cost": 0.0,
                                              "Total Cost": 7389.0,
                                              "Plan Rows": 42500,
                                              "Plan Width": 21,
                                              "parent": 9,
                                              "ID": 10
                                            },
                                            {
                                              "Node Type": "Hash",
                                              "Parent Relationship": "Inner",
                                              "Parallel Aware": true,
                                              "Async Capable": false,
                                              "Startup Cost": 690931.96,
                                              "Total Cost": 690931.96,
                                              "Plan Rows": 1525,
                                              "Plan Width": 10,
                                              "Plans": [
                                                {
                                                  "Node Type": "Hash Join",
                                                  "Parent Relationship": "Outer",
                                                  "Parallel Aware": true,
                                                  "Async Capable": false,
                                                  "Join Type": "Inner",
                                                  "Startup Cost": 684046.46,
                                                  "Total Cost": 690931.96,
                                                  "Plan Rows": 1525,
                                                  "Plan Width": 10,
                                                  "Inner Unique": false,
                                                  "Hash Cond": "(customer_address.ca_address_sk = store_sales.ss_addr_sk)",
                                                  "Plans": [
                                                    {
                                                      "Node Type": "Seq Scan",
                                                      "Parent Relationship": "Outer",
                                                      "Parallel Aware": true,
                                                      "Async Capable": false,
                                                      "Relation Name": "customer_address",
                                                      "Alias": "customer_address",
                                                      "Startup Cost": 0.0,
                                                      "Total Cost": 6737.08,
                                                      "Plan Rows": 37882,
                                                      "Plan Width": 4,
                                                      "Filter": "(ca_gmt_offset = '-5'::numeric)",
                                                      "parent": 12,
                                                      "ID": 13
                                                    },
                                                    {
                                                      "Node Type": "Hash",
                                                      "Parent Relationship": "Inner",
                                                      "Parallel Aware": true,
                                                      "Async Capable": false,
                                                      "Startup Cost": 683991.59,
                                                      "Total Cost": 683991.59,
                                                      "Plan Rows": 4390,
                                                      "Plan Width": 14,
                                                      "Plans": [
                                                        {
                                                          "Node Type": "Hash Join",
                                                          "Parent Relationship": "Outer",
                                                          "Parallel Aware": true,
                                                          "Async Capable": false,
                                                          "Join Type": "Inner",
                                                          "Startup Cost": 2049.75,
                                                          "Total Cost": 683991.59,
                                                          "Plan Rows": 4390,
                                                          "Plan Width": 14,
                                                          "Inner Unique": false,
                                                          "Hash Cond": "(store_sales.ss_sold_date_sk = date_dim.d_date_sk)",
                                                          "Plans": [
                                                            {
                                                              "Node Type": "Seq Scan",
                                                              "Parent Relationship": "Outer",
                                                              "Parallel Aware": true,
                                                              "Async Capable": false,
                                                              "Relation Name": "store_sales",
                                                              "Alias": "store_sales",
                                                              "Startup Cost": 0.0,
                                                              "Total Cost": 636914.37,
                                                              "Plan Rows": 12000637,
                                                              "Plan Width": 18,
                                                              "parent": 15,
                                                              "ID": 16
                                                            },
                                                            {
                                                              "Node Type": "Hash",
                                                              "Parent Relationship": "Inner",
                                                              "Parallel Aware": true,
                                                              "Async Capable": false,
                                                              "Startup Cost": 2049.55,
                                                              "Total Cost": 2049.55,
                                                              "Plan Rows": 16,
                                                              "Plan Width": 4,
                                                              "Plans": [
                                                                {
                                                                  "Node Type": "Seq Scan",
                                                                  "Parent Relationship": "Outer",
                                                                  "Parallel Aware": true,
                                                                  "Async Capable": false,
                                                                  "Relation Name": "date_dim",
                                                                  "Alias": "date_dim",
                                                                  "Startup Cost": 0.0,
                                                                  "Total Cost": 2049.55,
                                                                  "Plan Rows": 16,
                                                                  "Plan Width": 4,
                                                                  "Filter": "((d_year = 1999) AND (d_moy = 2))",
                                                                  "parent": 17,
                                                                  "ID": 18
                                                                }
                                                              ],
                                                              "parent": 15,
                                                              "ID": 17,
                                                              "left": 18
                                                            }
                                                          ],
                                                          "parent": 14,
                                                          "ID": 15,
                                                          "left": 16,
                                                          "right": 17
                                                        }
                                                      ],
                                                      "parent": 12,
                                                      "ID": 14,
                                                      "left": 15
                                                    }
                                                  ],
                                                  "parent": 11,
                                                  "ID": 12,
                                                  "left": 13,
                                                  "right": 14
                                                }
                                              ],
                                              "parent": 9,
                                              "ID": 11,
                                              "left": 12
                                            }
                                          ],
                                          "parent": 8,
                                          "ID": 9,
                                          "left": 10,
                                          "right": 11
                                        }
                                      ],
                                      "parent": 7,
                                      "ID": 8,
                                      "left": 9
                                    },
                                    {
                                      "Node Type": "Sort",
                                      "Parent Relationship": "Inner",
                                      "Parallel Aware": false,
                                      "Async Capable": false,
                                      "Startup Cost": 8566.85,
                                      "Total Cost": 8575.39,
                                      "Plan Rows": 3414,
                                      "Plan Width": 17,
                                      "Sort Key": [
                                        "item_1.i_item_id"
                                      ],
                                      "Plans": [
                                        {
                                          "Node Type": "Seq Scan",
                                          "Parent Relationship": "Outer",
                                          "Parallel Aware": false,
                                          "Async Capable": false,
                                          "Relation Name": "item",
                                          "Alias": "item_1",
                                          "Startup Cost": 0.0,
                                          "Total Cost": 8366.5,
                                          "Plan Rows": 3414,
                                          "Plan Width": 17,
                                          "Filter": "(i_color = ANY ('{frosted,red,olive}'::bpchar[]))",
                                          "parent": 19,
                                          "ID": 20
                                        }
                                      ],
                                      "parent": 7,
                                      "ID": 19,
                                      "left": 20
                                    }
                                  ],
                                  "parent": 6,
                                  "ID": 7,
                                  "left": 8,
                                  "right": 19
                                }
                              ],
                              "parent": 5,
                              "ID": 6,
                              "left": 7
                            }
                          ],
                          "parent": 4,
                          "ID": 5,
                          "left": 6
                        }
                      ],
                      "parent": 3,
                      "ID": 4,
                      "left": 5
                    },
                    {
                      "Node Type": "Aggregate",
                      "Strategy": "Sorted",
                      "Partial Mode": "Finalize",
                      "Parent Relationship": "Member",
                      "Parallel Aware": false,
                      "Async Capable": false,
                      "Startup Cost": 482522.75,
                      "Total Cost": 482562.79,
                      "Plan Rows": 150,
                      "Plan Width": 49,
                      "Group Key": [
                        "item_2.i_item_id"
                      ],
                      "Plans": [
                        {
                          "Node Type": "Gather Merge",
                          "Parent Relationship": "Outer",
                          "Parallel Aware": false,
                          "Async Capable": false,
                          "Startup Cost": 482522.75,
                          "Total Cost": 482559.98,
                          "Plan Rows": 124,
                          "Plan Width": 49,
                          "Workers Planned": 2,
                          "Plans": [
                            {
                              "Node Type": "Aggregate",
                              "Strategy": "Sorted",
                              "Partial Mode": "Partial",
                              "Parent Relationship": "Outer",
                              "Parallel Aware": false,
                              "Async Capable": false,
                              "Startup Cost": 481522.72,
                              "Total Cost": 481545.64,
                              "Plan Rows": 62,
                              "Plan Width": 49,
                              "Group Key": [
                                "item_2.i_item_id"
                              ],
                              "Plans": [
                                {
                                  "Node Type": "Merge Join",
                                  "Parent Relationship": "Outer",
                                  "Parallel Aware": false,
                                  "Async Capable": false,
                                  "Join Type": "Semi",
                                  "Startup Cost": 481522.72,
                                  "Total Cost": 481544.56,
                                  "Plan Rows": 62,
                                  "Plan Width": 23,
                                  "Inner Unique": false,
                                  "Merge Cond": "(item_2.i_item_id = item_3.i_item_id)",
                                  "Plans": [
                                    {
                                      "Node Type": "Sort",
                                      "Parent Relationship": "Outer",
                                      "Parallel Aware": false,
                                      "Async Capable": false,
                                      "Startup Cost": 472955.87,
                                      "Total Cost": 472957.94,
                                      "Plan Rows": 827,
                                      "Plan Width": 23,
                                      "Sort Key": [
                                        "item_2.i_item_id"
                                      ],
                                      "Plans": [
                                        {
                                          "Node Type": "Hash Join",
                                          "Parent Relationship": "Outer",
                                          "Parallel Aware": true,
                                          "Async Capable": false,
                                          "Join Type": "Inner",
                                          "Startup Cost": 465363.97,
                                          "Total Cost": 472915.79,
                                          "Plan Rows": 827,
                                          "Plan Width": 23,
                                          "Inner Unique": false,
                                          "Hash Cond": "(item_2.i_item_sk = catalog_sales.cs_item_sk)",
                                          "Plans": [
                                            {
                                              "Node Type": "Seq Scan",
                                              "Parent Relationship": "Outer",
                                              "Parallel Aware": true,
                                              "Async Capable": false,
                                              "Relation Name": "item",
                                              "Alias": "item_2",
                                              "Startup Cost": 0.0,
                                              "Total Cost": 7389.0,
                                              "Plan Rows": 42500,
                                              "Plan Width": 21,
                                              "parent": 26,
                                              "ID": 27
                                            },
                                            {
                                              "Node Type": "Hash",
                                              "Parent Relationship": "Inner",
                                              "Parallel Aware": true,
                                              "Async Capable": false,
                                              "Startup Cost": 465353.63,
                                              "Total Cost": 465353.63,
                                              "Plan Rows": 827,
                                              "Plan Width": 10,
                                              "Plans": [
                                                {
                                                  "Node Type": "Hash Join",
                                                  "Parent Relationship": "Outer",
                                                  "Parallel Aware": true,
                                                  "Async Capable": false,
                                                  "Join Type": "Inner",
                                                  "Startup Cost": 458281.63,
                                                  "Total Cost": 465353.63,
                                                  "Plan Rows": 827,
                                                  "Plan Width": 10,
                                                  "Inner Unique": false,
                                                  "Hash Cond": "(customer_address_1.ca_address_sk = catalog_sales.cs_bill_addr_sk)",
                                                  "Plans": [
                                                    {
                                                      "Node Type": "Seq Scan",
                                                      "Parent Relationship": "Outer",
                                                      "Parallel Aware": true,
                                                      "Async Capable": false,
                                                      "Relation Name": "customer_address",
                                                      "Alias": "customer_address_1",
                                                      "Startup Cost": 0.0,
                                                      "Total Cost": 6737.08,
                                                      "Plan Rows": 37882,
                                                      "Plan Width": 4,
                                                      "Filter": "(ca_gmt_offset = '-5'::numeric)",
                                                      "parent": 29,
                                                      "ID": 30
                                                    },
                                                    {
                                                      "Node Type": "Hash",
                                                      "Parent Relationship": "Inner",
                                                      "Parallel Aware": true,
                                                      "Async Capable": false,
                                                      "Startup Cost": 458253.04,
                                                      "Total Cost": 458253.04,
                                                      "Plan Rows": 2287,
                                                      "Plan Width": 14,
                                                      "Plans": [
                                                        {
                                                          "Node Type": "Hash Join",
                                                          "Parent Relationship": "Outer",
                                                          "Parallel Aware": true,
                                                          "Async Capable": false,
                                                          "Join Type": "Inner",
                                                          "Startup Cost": 2049.75,
                                                          "Total Cost": 458253.04,
                                                          "Plan Rows": 2287,
                                                          "Plan Width": 14,
                                                          "Inner Unique": false,
                                                          "Hash Cond": "(catalog_sales.cs_sold_date_sk = date_dim_1.d_date_sk)",
                                                          "Plans": [
                                                            {
                                                              "Node Type": "Seq Scan",
                                                              "Parent Relationship": "Outer",
                                                              "Parallel Aware": true,
                                                              "Async Capable": false,
                                                              "Relation Name": "catalog_sales",
                                                              "Alias": "catalog_sales",
                                                              "Startup Cost": 0.0,
                                                              "Total Cost": 433688.25,
                                                              "Plan Rows": 6000525,
                                                              "Plan Width": 18,
                                                              "parent": 32,
                                                              "ID": 33
                                                            },
                                                            {
                                                              "Node Type": "Hash",
                                                              "Parent Relationship": "Inner",
                                                              "Parallel Aware": true,
                                                              "Async Capable": false,
                                                              "Startup Cost": 2049.55,
                                                              "Total Cost": 2049.55,
                                                              "Plan Rows": 16,
                                                              "Plan Width": 4,
                                                              "Plans": [
                                                                {
                                                                  "Node Type": "Seq Scan",
                                                                  "Parent Relationship": "Outer",
                                                                  "Parallel Aware": true,
                                                                  "Async Capable": false,
                                                                  "Relation Name": "date_dim",
                                                                  "Alias": "date_dim_1",
                                                                  "Startup Cost": 0.0,
                                                                  "Total Cost": 2049.55,
                                                                  "Plan Rows": 16,
                                                                  "Plan Width": 4,
                                                                  "Filter": "((d_year = 1999) AND (d_moy = 2))",
                                                                  "parent": 34,
                                                                  "ID": 35
                                                                }
                                                              ],
                                                              "parent": 32,
                                                              "ID": 34,
                                                              "left": 35
                                                            }
                                                          ],
                                                          "parent": 31,
                                                          "ID": 32,
                                                          "left": 33,
                                                          "right": 34
                                                        }
                                                      ],
                                                      "parent": 29,
                                                      "ID": 31,
                                                      "left": 32
                                                    }
                                                  ],
                                                  "parent": 28,
                                                  "ID": 29,
                                                  "left": 30,
                                                  "right": 31
                                                }
                                              ],
                                              "parent": 26,
                                              "ID": 28,
                                              "left": 29
                                            }
                                          ],
                                          "parent": 25,
                                          "ID": 26,
                                          "left": 27,
                                          "right": 28
                                        }
                                      ],
                                      "parent": 24,
                                      "ID": 25,
                                      "left": 26
                                    },
                                    {
                                      "Node Type": "Sort",
                                      "Parent Relationship": "Inner",
                                      "Parallel Aware": false,
                                      "Async Capable": false,
                                      "Startup Cost": 8566.85,
                                      "Total Cost": 8575.39,
                                      "Plan Rows": 3414,
                                      "Plan Width": 17,
                                      "Sort Key": [
                                        "item_3.i_item_id"
                                      ],
                                      "Plans": [
                                        {
                                          "Node Type": "Seq Scan",
                                          "Parent Relationship": "Outer",
                                          "Parallel Aware": false,
                                          "Async Capable": false,
                                          "Relation Name": "item",
                                          "Alias": "item_3",
                                          "Startup Cost": 0.0,
                                          "Total Cost": 8366.5,
                                          "Plan Rows": 3414,
                                          "Plan Width": 17,
                                          "Filter": "(i_color = ANY ('{frosted,red,olive}'::bpchar[]))",
                                          "parent": 36,
                                          "ID": 37
                                        }
                                      ],
                                      "parent": 24,
                                      "ID": 36,
                                      "left": 37
                                    }
                                  ],
                                  "parent": 23,
                                  "ID": 24,
                                  "left": 25,
                                  "right": 36
                                }
                              ],
                              "parent": 22,
                              "ID": 23,
                              "left": 24
                            }
                          ],
                          "parent": 21,
                          "ID": 22,
                          "left": 23
                        }
                      ],
                      "parent": 3,
                      "ID": 21,
                      "left": 22
                    },
                    {
                      "Node Type": "Aggregate",
                      "Strategy": "Sorted",
                      "Partial Mode": "Simple",
                      "Parent Relationship": "Member",
                      "Parallel Aware": false,
                      "Async Capable": false,
                      "Startup Cost": 255195.79,
                      "Total Cost": 255197.31,
                      "Plan Rows": 76,
                      "Plan Width": 49,
                      "Group Key": [
                        "item_4.i_item_id"
                      ],
                      "Plans": [
                        {
                          "Node Type": "Sort",
                          "Parent Relationship": "Outer",
                          "Parallel Aware": false,
                          "Async Capable": false,
                          "Startup Cost": 255195.79,
                          "Total Cost": 255195.98,
                          "Plan Rows": 76,
                          "Plan Width": 23,
                          "Sort Key": [
                            "item_4.i_item_id"
                          ],
                          "Plans": [
                            {
                              "Node Type": "Hash Join",
                              "Parent Relationship": "Outer",
                              "Parallel Aware": false,
                              "Async Capable": false,
                              "Join Type": "Semi",
                              "Startup Cost": 247539.43,
                              "Total Cost": 255193.42,
                              "Plan Rows": 76,
                              "Plan Width": 23,
                              "Inner Unique": false,
                              "Hash Cond": "(item_4.i_item_id = item_5.i_item_id)",
                              "Plans": [
                                {
                                  "Node Type": "Gather",
                                  "Parent Relationship": "Outer",
                                  "Parallel Aware": false,
                                  "Async Capable": false,
                                  "Startup Cost": 239130.25,
                                  "Total Cost": 246780.67,
                                  "Plan Rows": 1003,
                                  "Plan Width": 23,
                                  "Workers Planned": 2,
                                  "Single Copy": false,
                                  "Plans": [
                                    {
                                      "Node Type": "Hash Join",
                                      "Parent Relationship": "Outer",
                                      "Parallel Aware": true,
                                      "Async Capable": false,
                                      "Join Type": "Inner",
                                      "Startup Cost": 238130.25,
                                      "Total Cost": 245680.37,
                                      "Plan Rows": 418,
                                      "Plan Width": 23,
                                      "Inner Unique": false,
                                      "Hash Cond": "(item_4.i_item_sk = web_sales.ws_item_sk)",
                                      "Plans": [
                                        {
                                          "Node Type": "Seq Scan",
                                          "Parent Relationship": "Outer",
                                          "Parallel Aware": true,
                                          "Async Capable": false,
                                          "Relation Name": "item",
                                          "Alias": "item_4",
                                          "Startup Cost": 0.0,
                                          "Total Cost": 7389.0,
                                          "Plan Rows": 42500,
                                          "Plan Width": 21,
                                          "parent": 42,
                                          "ID": 43
                                        },
                                        {
                                          "Node Type": "Hash",
                                          "Parent Relationship": "Inner",
                                          "Parallel Aware": true,
                                          "Async Capable": false,
                                          "Startup Cost": 238125.03,
                                          "Total Cost": 238125.03,
                                          "Plan Rows": 418,
                                          "Plan Width": 10,
                                          "Plans": [
                                            {
                                              "Node Type": "Hash Join",
                                              "Parent Relationship": "Outer",
                                              "Parallel Aware": true,
                                              "Async Capable": false,
                                              "Join Type": "Inner",
                                              "Startup Cost": 231054.74,
                                              "Total Cost": 238125.03,
                                              "Plan Rows": 418,
                                              "Plan Width": 10,
                                              "Inner Unique": false,
                                              "Hash Cond": "(customer_address_2.ca_address_sk = web_sales.ws_bill_addr_sk)",
                                              "Plans": [
                                                {
                                                  "Node Type": "Seq Scan",
                                                  "Parent Relationship": "Outer",
                                                  "Parallel Aware": true,
                                                  "Async Capable": false,
                                                  "Relation Name": "customer_address",
                                                  "Alias": "customer_address_2",
                                                  "Startup Cost": 0.0,
                                                  "Total Cost": 6737.08,
                                                  "Plan Rows": 37882,
                                                  "Plan Width": 4,
                                                  "Filter": "(ca_gmt_offset = '-5'::numeric)",
                                                  "parent": 45,
                                                  "ID": 46
                                                },
                                                {
                                                  "Node Type": "Hash",
                                                  "Parent Relationship": "Inner",
                                                  "Parallel Aware": true,
                                                  "Async Capable": false,
                                                  "Startup Cost": 231040.38,
                                                  "Total Cost": 231040.38,
                                                  "Plan Rows": 1149,
                                                  "Plan Width": 14,
                                                  "Plans": [
                                                    {
                                                      "Node Type": "Hash Join",
                                                      "Parent Relationship": "Outer",
                                                      "Parallel Aware": true,
                                                      "Async Capable": false,
                                                      "Join Type": "Inner",
                                                      "Startup Cost": 2049.75,
                                                      "Total Cost": 231040.38,
                                                      "Plan Rows": 1149,
                                                      "Plan Width": 14,
                                                      "Inner Unique": false,
                                                      "Hash Cond": "(web_sales.ws_sold_date_sk = date_dim_2.d_date_sk)",
                                                      "Plans": [
                                                        {
                                                          "Node Type": "Seq Scan",
                                                          "Parent Relationship": "Outer",
                                                          "Parallel Aware": true,
                                                          "Async Capable": false,
                                                          "Relation Name": "web_sales",
                                                          "Alias": "web_sales",
                                                          "Startup Cost": 0.0,
                                                          "Total Cost": 217737.86,
                                                          "Plan Rows": 2998986,
                                                          "Plan Width": 18,
                                                          "parent": 48,
                                                          "ID": 49
                                                        },
                                                        {
                                                          "Node Type": "Hash",
                                                          "Parent Relationship": "Inner",
                                                          "Parallel Aware": true,
                                                          "Async Capable": false,
                                                          "Startup Cost": 2049.55,
                                                          "Total Cost": 2049.55,
                                                          "Plan Rows": 16,
                                                          "Plan Width": 4,
                                                          "Plans": [
                                                            {
                                                              "Node Type": "Seq Scan",
                                                              "Parent Relationship": "Outer",
                                                              "Parallel Aware": true,
                                                              "Async Capable": false,
                                                              "Relation Name": "date_dim",
                                                              "Alias": "date_dim_2",
                                                              "Startup Cost": 0.0,
                                                              "Total Cost": 2049.55,
                                                              "Plan Rows": 16,
                                                              "Plan Width": 4,
                                                              "Filter": "((d_year = 1999) AND (d_moy = 2))",
                                                              "parent": 50,
                                                              "ID": 51
                                                            }
                                                          ],
                                                          "parent": 48,
                                                          "ID": 50,
                                                          "left": 51
                                                        }
                                                      ],
                                                      "parent": 47,
                                                      "ID": 48,
                                                      "left": 49,
                                                      "right": 50
                                                    }
                                                  ],
                                                  "parent": 45,
                                                  "ID": 47,
                                                  "left": 48
                                                }
                                              ],
                                              "parent": 44,
                                              "ID": 45,
                                              "left": 46,
                                              "right": 47
                                            }
                                          ],
                                          "parent": 42,
                                          "ID": 44,
                                          "left": 45
                                        }
                                      ],
                                      "parent": 41,
                                      "ID": 42,
                                      "left": 43,
                                      "right": 44
                                    }
                                  ],
                                  "parent": 40,
                                  "ID": 41,
                                  "left": 42
                                },
                                {
                                  "Node Type": "Hash",
                                  "Parent Relationship": "Inner",
                                  "Parallel Aware": false,
                                  "Async Capable": false,
                                  "Startup Cost": 8366.5,
                                  "Total Cost": 8366.5,
                                  "Plan Rows": 3414,
                                  "Plan Width": 17,
                                  "Plans": [
                                    {
                                      "Node Type": "Seq Scan",
                                      "Parent Relationship": "Outer",
                                      "Parallel Aware": false,
                                      "Async Capable": false,
                                      "Relation Name": "item",
                                      "Alias": "item_5",
                                      "Startup Cost": 0.0,
                                      "Total Cost": 8366.5,
                                      "Plan Rows": 3414,
                                      "Plan Width": 17,
                                      "Filter": "(i_color = ANY ('{frosted,red,olive}'::bpchar[]))",
                                      "parent": 52,
                                      "ID": 53
                                    }
                                  ],
                                  "parent": 40,
                                  "ID": 52,
                                  "left": 53
                                }
                              ],
                              "parent": 39,
                              "ID": 40,
                              "left": 41,
                              "right": 52
                            }
                          ],
                          "parent": 38,
                          "ID": 39,
                          "left": 40
                        }
                      ],
                      "parent": 3,
                      "ID": 38,
                      "left": 39
                    }
                  ],
                  "parent": 2,
                  "ID": 3,
                  "left": 4,
                  "right": 21
                }
              ],
              "parent": 1,
              "ID": 2,
              "left": 3
            }
          ],
          "parent": 0,
          "ID": 1,
          "left": 2
        }
      ],
      "parent": null,
      "ID": 0,
      "left": 1
    },
    "feat": {
      "utility": 0.0042512546787097484,
      "query_shape": [
        [
          "Seq Scan",
          "Hash Join",
          "Sort",
          "Merge Join",
          "Aggregate",
          "Gather Merge",
          "Merge Append"
        ],
        [
          "Seq Scan",
          "Hash Join",
          "Hash",
          "Sort",
          "Merge Join",
          "Aggregate",
          "Gather Merge",
          "Merge Append"
        ],
        [
          "Seq Scan",
          "Hash Join",
          "Hash",
          "Sort",
          "Merge Join",
          "Aggregate",
          "Gather Merge",
          "Merge Append"
        ],
        [
          "Seq Scan",
          "Hash",
          "Hash Join",
          "Sort",
          "Merge Join",
          "Aggregate",
          "Gather Merge",
          "Merge Append"
        ],
        [
          "Seq Scan",
          "Sort",
          "Merge Join",
          "Aggregate",
          "Gather Merge",
          "Merge Append"
        ],
        [
          "Seq Scan",
          "Hash Join",
          "Sort",
          "Merge Join",
          "Aggregate",
          "Gather Merge",
          "Merge Append"
        ],
        [
          "Seq Scan",
          "Hash Join",
          "Hash",
          "Sort",
          "Merge Join",
          "Aggregate",
          "Gather Merge",
          "Merge Append"
        ],
        [
          "Seq Scan",
          "Hash Join",
          "Hash",
          "Sort",
          "Merge Join",
          "Aggregate",
          "Gather Merge",
          "Merge Append"
        ],
        [
          "Seq Scan",
          "Hash",
          "Hash Join",
          "Sort",
          "Merge Join",
          "Aggregate",
          "Gather Merge",
          "Merge Append"
        ],
        [
          "Seq Scan",
          "Sort",
          "Merge Join",
          "Aggregate",
          "Gather Merge",
          "Merge Append"
        ],
        [
          "Seq Scan",
          "Hash Join",
          "Gather",
          "Sort",
          "Aggregate",
          "Merge Append"
        ],
        [
          "Seq Scan",
          "Hash Join",
          "Hash",
          "Gather",
          "Sort",
          "Aggregate",
          "Merge Append"
        ],
        [
          "Seq Scan",
          "Hash Join",
          "Hash",
          "Gather",
          "Sort",
          "Aggregate",
          "Merge Append"
        ],
        [
          "Seq Scan",
          "Hash",
          "Hash Join",
          "Gather",
          "Sort",
          "Aggregate",
          "Merge Append"
        ],
        [
          "Seq Scan",
          "Hash",
          "Hash Join",
          "Sort",
          "Aggregate",
          "Merge Append"
        ]
      ],
      "index_shape": [
        "selection"
      ],
      "physical_operator": {
        "Seq Scan": [
          0.00021903106134235628,
          0.00021903106134235628,
          0.00021903106134235628
        ]
      }
    }
  },
  {
    "query": "with ss as (\n select i_item_id,sum(ss_ext_sales_price) total_sales\n from\n \tstore_sales,\n \tdate_dim,\n         customer_address,\n         item\n where i_item_id in (select\n     i_item_id\nfrom item\nwhere i_color in ('frosted','red','olive'))\n and     ss_item_sk              = i_item_sk\n and     ss_sold_date_sk         = d_date_sk\n and     d_year                  = 1999\n and     d_moy                   = 2\n and     ss_addr_sk              = ca_address_sk\n and     ca_gmt_offset           = -5 \n group by i_item_id),\n cs as (\n select i_item_id,sum(cs_ext_sales_price) total_sales\n from\n \tcatalog_sales,\n \tdate_dim,\n         customer_address,\n         item\n where\n         i_item_id               in (select\n  i_item_id\nfrom item\nwhere i_color in ('frosted','red','olive'))\n and     cs_item_sk              = i_item_sk\n and     cs_sold_date_sk         = d_date_sk\n and     d_year                  = 1999\n and     d_moy                   = 2\n and     cs_bill_addr_sk         = ca_address_sk\n and     ca_gmt_offset           = -5 \n group by i_item_id),\n ws as (\n select i_item_id,sum(ws_ext_sales_price) total_sales\n from\n \tweb_sales,\n \tdate_dim,\n         customer_address,\n         item\n where\n         i_item_id               in (select\n  i_item_id\nfrom item\nwhere i_color in ('frosted','red','olive'))\n and     ws_item_sk              = i_item_sk\n and     ws_sold_date_sk         = d_date_sk\n and     d_year                  = 1999\n and     d_moy                   = 2\n and     ws_bill_addr_sk         = ca_address_sk\n and     ca_gmt_offset           = -5\n group by i_item_id)\n  select  i_item_id ,sum(total_sales) total_sales\n from  (select * from ss \n        union all\n        select * from cs \n        union all\n        select * from ws) tmp1\n group by i_item_id\n order by total_sales,\n          i_item_id\n limit 100;\n\n-- end query 40 in stream 3 using template query56.tpl\n",
    "indexes": "date_dim.d_date_sk",
    "wo plan est": {
      "Node Type": "Limit",
      "Parallel Aware": false,
      "Async Capable": false,
      "Startup Cost": 1445997.16,
      "Total Cost": 1445997.41,
      "Plan Rows": 100,
      "Plan Width": 49,
      "Plans": [
        {
          "Node Type": "Sort",
          "Parent Relationship": "Outer",
          "Parallel Aware": false,
          "Async Capable": false,
          "Startup Cost": 1445997.16,
          "Total Cost": 1445997.66,
          "Plan Rows": 200,
          "Plan Width": 49,
          "Sort Key": [
            "(sum((sum(store_sales.ss_ext_sales_price))))",
            "item.i_item_id"
          ],
          "Plans": [
            {
              "Node Type": "Aggregate",
              "Strategy": "Sorted",
              "Partial Mode": "Simple",
              "Parent Relationship": "Outer",
              "Parallel Aware": false,
              "Async Capable": false,
              "Startup Cost": 1445871.82,
              "Total Cost": 1445989.52,
              "Plan Rows": 200,
              "Plan Width": 49,
              "Group Key": [
                "item.i_item_id"
              ],
              "Plans": [
                {
                  "Node Type": "Merge Append",
                  "Parent Relationship": "Outer",
                  "Parallel Aware": false,
                  "Async Capable": false,
                  "Startup Cost": 1445871.82,
                  "Total Cost": 1445984.5,
                  "Plan Rows": 503,
                  "Plan Width": 49,
                  "Sort Key": [
                    "item.i_item_id"
                  ],
                  "Subplans Removed": 0,
                  "Plans": [
                    {
                      "Node Type": "Aggregate",
                      "Strategy": "Sorted",
                      "Partial Mode": "Finalize",
                      "Parent Relationship": "Member",
                      "Parallel Aware": false,
                      "Async Capable": false,
                      "Startup Cost": 708153.26,
                      "Total Cost": 708212.85,
                      "Plan Rows": 277,
                      "Plan Width": 49,
                      "Group Key": [
                        "item.i_item_id"
                      ],
                      "Plans": [
                        {
                          "Node Type": "Gather Merge",
                          "Parent Relationship": "Outer",
                          "Parallel Aware": false,
                          "Async Capable": false,
                          "Startup Cost": 708153.26,
                          "Total Cost": 708207.66,
                          "Plan Rows": 230,
                          "Plan Width": 49,
                          "Workers Planned": 2,
                          "Plans": [
                            {
                              "Node Type": "Aggregate",
                              "Strategy": "Sorted",
                              "Partial Mode": "Partial",
                              "Parent Relationship": "Outer",
                              "Parallel Aware": false,
                              "Async Capable": false,
                              "Startup Cost": 707153.23,
                              "Total Cost": 707181.09,
                              "Plan Rows": 115,
                              "Plan Width": 49,
                              "Group Key": [
                                "item.i_item_id"
                              ],
                              "Plans": [
                                {
                                  "Node Type": "Merge Join",
                                  "Parent Relationship": "Outer",
                                  "Parallel Aware": false,
                                  "Async Capable": false,
                                  "Join Type": "Semi",
                                  "Startup Cost": 707153.23,
                                  "Total Cost": 707179.08,
                                  "Plan Rows": 115,
                                  "Plan Width": 23,
                                  "Inner Unique": false,
                                  "Merge Cond": "(item.i_item_id = item_1.i_item_id)",
                                  "Plans": [
                                    {
                                      "Node Type": "Sort",
                                      "Parent Relationship": "Outer",
                                      "Parallel Aware": false,
                                      "Async Capable": false,
                                      "Startup Cost": 698586.38,
                                      "Total Cost": 698590.19,
                                      "Plan Rows": 1525,
                                      "Plan Width": 23,
                                      "Sort Key": [
                                        "item.i_item_id"
                                      ],
                                      "Plans": [
                                        {
                                          "Node Type": "Hash Join",
                                          "Parent Relationship": "Outer",
                                          "Parallel Aware": true,
                                          "Async Capable": false,
                                          "Join Type": "Inner",
                                          "Startup Cost": 690951.02,
                                          "Total Cost": 698505.75,
                                          "Plan Rows": 1525,
                                          "Plan Width": 23,
                                          "Inner Unique": false,
                                          "Hash Cond": "(item.i_item_sk = store_sales.ss_item_sk)",
                                          "Plans": [
                                            {
                                              "Node Type": "Seq Scan",
                                              "Parent Relationship": "Outer",
                                              "Parallel Aware": true,
                                              "Async Capable": false,
                                              "Relation Name": "item",
                                              "Alias": "item",
                                              "Startup Cost": 0.0,
                                              "Total Cost": 7389.0,
                                              "Plan Rows": 42500,
                                              "Plan Width": 21,
                                              "parent": 9,
                                              "ID": 10
                                            },
                                            {
                                              "Node Type": "Hash",
                                              "Parent Relationship": "Inner",
                                              "Parallel Aware": true,
                                              "Async Capable": false,
                                              "Startup Cost": 690931.96,
                                              "Total Cost": 690931.96,
                                              "Plan Rows": 1525,
                                              "Plan Width": 10,
                                              "Plans": [
                                                {
                                                  "Node Type": "Hash Join",
                                                  "Parent Relationship": "Outer",
                                                  "Parallel Aware": true,
                                                  "Async Capable": false,
                                                  "Join Type": "Inner",
                                                  "Startup Cost": 684046.46,
                                                  "Total Cost": 690931.96,
                                                  "Plan Rows": 1525,
                                                  "Plan Width": 10,
                                                  "Inner Unique": false,
                                                  "Hash Cond": "(customer_address.ca_address_sk = store_sales.ss_addr_sk)",
                                                  "Plans": [
                                                    {
                                                      "Node Type": "Seq Scan",
                                                      "Parent Relationship": "Outer",
                                                      "Parallel Aware": true,
                                                      "Async Capable": false,
                                                      "Relation Name": "customer_address",
                                                      "Alias": "customer_address",
                                                      "Startup Cost": 0.0,
                                                      "Total Cost": 6737.08,
                                                      "Plan Rows": 37882,
                                                      "Plan Width": 4,
                                                      "Filter": "(ca_gmt_offset = '-5'::numeric)",
                                                      "parent": 12,
                                                      "ID": 13
                                                    },
                                                    {
                                                      "Node Type": "Hash",
                                                      "Parent Relationship": "Inner",
                                                      "Parallel Aware": true,
                                                      "Async Capable": false,
                                                      "Startup Cost": 683991.59,
                                                      "Total Cost": 683991.59,
                                                      "Plan Rows": 4390,
                                                      "Plan Width": 14,
                                                      "Plans": [
                                                        {
                                                          "Node Type": "Hash Join",
                                                          "Parent Relationship": "Outer",
                                                          "Parallel Aware": true,
                                                          "Async Capable": false,
                                                          "Join Type": "Inner",
                                                          "Startup Cost": 2049.75,
                                                          "Total Cost": 683991.59,
                                                          "Plan Rows": 4390,
                                                          "Plan Width": 14,
                                                          "Inner Unique": false,
                                                          "Hash Cond": "(store_sales.ss_sold_date_sk = date_dim.d_date_sk)",
                                                          "Plans": [
                                                            {
                                                              "Node Type": "Seq Scan",
                                                              "Parent Relationship": "Outer",
                                                              "Parallel Aware": true,
                                                              "Async Capable": false,
                                                              "Relation Name": "store_sales",
                                                              "Alias": "store_sales",
                                                              "Startup Cost": 0.0,
                                                              "Total Cost": 636914.37,
                                                              "Plan Rows": 12000637,
                                                              "Plan Width": 18,
                                                              "parent": 15,
                                                              "ID": 16
                                                            },
                                                            {
                                                              "Node Type": "Hash",
                                                              "Parent Relationship": "Inner",
                                                              "Parallel Aware": true,
                                                              "Async Capable": false,
                                                              "Startup Cost": 2049.55,
                                                              "Total Cost": 2049.55,
                                                              "Plan Rows": 16,
                                                              "Plan Width": 4,
                                                              "Plans": [
                                                                {
                                                                  "Node Type": "Seq Scan",
                                                                  "Parent Relationship": "Outer",
                                                                  "Parallel Aware": true,
                                                                  "Async Capable": false,
                                                                  "Relation Name": "date_dim",
                                                                  "Alias": "date_dim",
                                                                  "Startup Cost": 0.0,
                                                                  "Total Cost": 2049.55,
                                                                  "Plan Rows": 16,
                                                                  "Plan Width": 4,
                                                                  "Filter": "((d_year = 1999) AND (d_moy = 2))",
                                                                  "parent": 17,
                                                                  "ID": 18
                                                                }
                                                              ],
                                                              "parent": 15,
                                                              "ID": 17,
                                                              "left": 18
                                                            }
                                                          ],
                                                          "parent": 14,
                                                          "ID": 15,
                                                          "left": 16,
                                                          "right": 17
                                                        }
                                                      ],
                                                      "parent": 12,
                                                      "ID": 14,
                                                      "left": 15
                                                    }
                                                  ],
                                                  "parent": 11,
                                                  "ID": 12,
                                                  "left": 13,
                                                  "right": 14
                                                }
                                              ],
                                              "parent": 9,
                                              "ID": 11,
                                              "left": 12
                                            }
                                          ],
                                          "parent": 8,
                                          "ID": 9,
                                          "left": 10,
                                          "right": 11
                                        }
                                      ],
                                      "parent": 7,
                                      "ID": 8,
                                      "left": 9
                                    },
                                    {
                                      "Node Type": "Sort",
                                      "Parent Relationship": "Inner",
                                      "Parallel Aware": false,
                                      "Async Capable": false,
                                      "Startup Cost": 8566.85,
                                      "Total Cost": 8575.39,
                                      "Plan Rows": 3414,
                                      "Plan Width": 17,
                                      "Sort Key": [
                                        "item_1.i_item_id"
                                      ],
                                      "Plans": [
                                        {
                                          "Node Type": "Seq Scan",
                                          "Parent Relationship": "Outer",
                                          "Parallel Aware": false,
                                          "Async Capable": false,
                                          "Relation Name": "item",
                                          "Alias": "item_1",
                                          "Startup Cost": 0.0,
                                          "Total Cost": 8366.5,
                                          "Plan Rows": 3414,
                                          "Plan Width": 17,
                                          "Filter": "(i_color = ANY ('{frosted,red,olive}'::bpchar[]))",
                                          "parent": 19,
                                          "ID": 20
                                        }
                                      ],
                                      "parent": 7,
                                      "ID": 19,
                                      "left": 20
                                    }
                                  ],
                                  "parent": 6,
                                  "ID": 7,
                                  "left": 8,
                                  "right": 19
                                }
                              ],
                              "parent": 5,
                              "ID": 6,
                              "left": 7
                            }
                          ],
                          "parent": 4,
                          "ID": 5,
                          "left": 6
                        }
                      ],
                      "parent": 3,
                      "ID": 4,
                      "left": 5
                    },
                    {
                      "Node Type": "Aggregate",
                      "Strategy": "Sorted",
                      "Partial Mode": "Finalize",
                      "Parent Relationship": "Member",
                      "Parallel Aware": false,
                      "Async Capable": false,
                      "Startup Cost": 482522.75,
                      "Total Cost": 482562.79,
                      "Plan Rows": 150,
                      "Plan Width": 49,
                      "Group Key": [
                        "item_2.i_item_id"
                      ],
                      "Plans": [
                        {
                          "Node Type": "Gather Merge",
                          "Parent Relationship": "Outer",
                          "Parallel Aware": false,
                          "Async Capable": false,
                          "Startup Cost": 482522.75,
                          "Total Cost": 482559.98,
                          "Plan Rows": 124,
                          "Plan Width": 49,
                          "Workers Planned": 2,
                          "Plans": [
                            {
                              "Node Type": "Aggregate",
                              "Strategy": "Sorted",
                              "Partial Mode": "Partial",
                              "Parent Relationship": "Outer",
                              "Parallel Aware": false,
                              "Async Capable": false,
                              "Startup Cost": 481522.72,
                              "Total Cost": 481545.64,
                              "Plan Rows": 62,
                              "Plan Width": 49,
                              "Group Key": [
                                "item_2.i_item_id"
                              ],
                              "Plans": [
                                {
                                  "Node Type": "Merge Join",
                                  "Parent Relationship": "Outer",
                                  "Parallel Aware": false,
                                  "Async Capable": false,
                                  "Join Type": "Semi",
                                  "Startup Cost": 481522.72,
                                  "Total Cost": 481544.56,
                                  "Plan Rows": 62,
                                  "Plan Width": 23,
                                  "Inner Unique": false,
                                  "Merge Cond": "(item_2.i_item_id = item_3.i_item_id)",
                                  "Plans": [
                                    {
                                      "Node Type": "Sort",
                                      "Parent Relationship": "Outer",
                                      "Parallel Aware": false,
                                      "Async Capable": false,
                                      "Startup Cost": 472955.87,
                                      "Total Cost": 472957.94,
                                      "Plan Rows": 827,
                                      "Plan Width": 23,
                                      "Sort Key": [
                                        "item_2.i_item_id"
                                      ],
                                      "Plans": [
                                        {
                                          "Node Type": "Hash Join",
                                          "Parent Relationship": "Outer",
                                          "Parallel Aware": true,
                                          "Async Capable": false,
                                          "Join Type": "Inner",
                                          "Startup Cost": 465363.97,
                                          "Total Cost": 472915.79,
                                          "Plan Rows": 827,
                                          "Plan Width": 23,
                                          "Inner Unique": false,
                                          "Hash Cond": "(item_2.i_item_sk = catalog_sales.cs_item_sk)",
                                          "Plans": [
                                            {
                                              "Node Type": "Seq Scan",
                                              "Parent Relationship": "Outer",
                                              "Parallel Aware": true,
                                              "Async Capable": false,
                                              "Relation Name": "item",
                                              "Alias": "item_2",
                                              "Startup Cost": 0.0,
                                              "Total Cost": 7389.0,
                                              "Plan Rows": 42500,
                                              "Plan Width": 21,
                                              "parent": 26,
                                              "ID": 27
                                            },
                                            {
                                              "Node Type": "Hash",
                                              "Parent Relationship": "Inner",
                                              "Parallel Aware": true,
                                              "Async Capable": false,
                                              "Startup Cost": 465353.63,
                                              "Total Cost": 465353.63,
                                              "Plan Rows": 827,
                                              "Plan Width": 10,
                                              "Plans": [
                                                {
                                                  "Node Type": "Hash Join",
                                                  "Parent Relationship": "Outer",
                                                  "Parallel Aware": true,
                                                  "Async Capable": false,
                                                  "Join Type": "Inner",
                                                  "Startup Cost": 458281.63,
                                                  "Total Cost": 465353.63,
                                                  "Plan Rows": 827,
                                                  "Plan Width": 10,
                                                  "Inner Unique": false,
                                                  "Hash Cond": "(customer_address_1.ca_address_sk = catalog_sales.cs_bill_addr_sk)",
                                                  "Plans": [
                                                    {
                                                      "Node Type": "Seq Scan",
                                                      "Parent Relationship": "Outer",
                                                      "Parallel Aware": true,
                                                      "Async Capable": false,
                                                      "Relation Name": "customer_address",
                                                      "Alias": "customer_address_1",
                                                      "Startup Cost": 0.0,
                                                      "Total Cost": 6737.08,
                                                      "Plan Rows": 37882,
                                                      "Plan Width": 4,
                                                      "Filter": "(ca_gmt_offset = '-5'::numeric)",
                                                      "parent": 29,
                                                      "ID": 30
                                                    },
                                                    {
                                                      "Node Type": "Hash",
                                                      "Parent Relationship": "Inner",
                                                      "Parallel Aware": true,
                                                      "Async Capable": false,
                                                      "Startup Cost": 458253.04,
                                                      "Total Cost": 458253.04,
                                                      "Plan Rows": 2287,
                                                      "Plan Width": 14,
                                                      "Plans": [
                                                        {
                                                          "Node Type": "Hash Join",
                                                          "Parent Relationship": "Outer",
                                                          "Parallel Aware": true,
                                                          "Async Capable": false,
                                                          "Join Type": "Inner",
                                                          "Startup Cost": 2049.75,
                                                          "Total Cost": 458253.04,
                                                          "Plan Rows": 2287,
                                                          "Plan Width": 14,
                                                          "Inner Unique": false,
                                                          "Hash Cond": "(catalog_sales.cs_sold_date_sk = date_dim_1.d_date_sk)",
                                                          "Plans": [
                                                            {
                                                              "Node Type": "Seq Scan",
                                                              "Parent Relationship": "Outer",
                                                              "Parallel Aware": true,
                                                              "Async Capable": false,
                                                              "Relation Name": "catalog_sales",
                                                              "Alias": "catalog_sales",
                                                              "Startup Cost": 0.0,
                                                              "Total Cost": 433688.25,
                                                              "Plan Rows": 6000525,
                                                              "Plan Width": 18,
                                                              "parent": 32,
                                                              "ID": 33
                                                            },
                                                            {
                                                              "Node Type": "Hash",
                                                              "Parent Relationship": "Inner",
                                                              "Parallel Aware": true,
                                                              "Async Capable": false,
                                                              "Startup Cost": 2049.55,
                                                              "Total Cost": 2049.55,
                                                              "Plan Rows": 16,
                                                              "Plan Width": 4,
                                                              "Plans": [
                                                                {
                                                                  "Node Type": "Seq Scan",
                                                                  "Parent Relationship": "Outer",
                                                                  "Parallel Aware": true,
                                                                  "Async Capable": false,
                                                                  "Relation Name": "date_dim",
                                                                  "Alias": "date_dim_1",
                                                                  "Startup Cost": 0.0,
                                                                  "Total Cost": 2049.55,
                                                                  "Plan Rows": 16,
                                                                  "Plan Width": 4,
                                                                  "Filter": "((d_year = 1999) AND (d_moy = 2))",
                                                                  "parent": 34,
                                                                  "ID": 35
                                                                }
                                                              ],
                                                              "parent": 32,
                                                              "ID": 34,
                                                              "left": 35
                                                            }
                                                          ],
                                                          "parent": 31,
                                                          "ID": 32,
                                                          "left": 33,
                                                          "right": 34
                                                        }
                                                      ],
                                                      "parent": 29,
                                                      "ID": 31,
                                                      "left": 32
                                                    }
                                                  ],
                                                  "parent": 28,
                                                  "ID": 29,
                                                  "left": 30,
                                                  "right": 31
                                                }
                                              ],
                                              "parent": 26,
                                              "ID": 28,
                                              "left": 29
                                            }
                                          ],
                                          "parent": 25,
                                          "ID": 26,
                                          "left": 27,
                                          "right": 28
                                        }
                                      ],
                                      "parent": 24,
                                      "ID": 25,
                                      "left": 26
                                    },
                                    {
                                      "Node Type": "Sort",
                                      "Parent Relationship": "Inner",
                                      "Parallel Aware": false,
                                      "Async Capable": false,
                                      "Startup Cost": 8566.85,
                                      "Total Cost": 8575.39,
                                      "Plan Rows": 3414,
                                      "Plan Width": 17,
                                      "Sort Key": [
                                        "item_3.i_item_id"
                                      ],
                                      "Plans": [
                                        {
                                          "Node Type": "Seq Scan",
                                          "Parent Relationship": "Outer",
                                          "Parallel Aware": false,
                                          "Async Capable": false,
                                          "Relation Name": "item",
                                          "Alias": "item_3",
                                          "Startup Cost": 0.0,
                                          "Total Cost": 8366.5,
                                          "Plan Rows": 3414,
                                          "Plan Width": 17,
                                          "Filter": "(i_color = ANY ('{frosted,red,olive}'::bpchar[]))",
                                          "parent": 36,
                                          "ID": 37
                                        }
                                      ],
                                      "parent": 24,
                                      "ID": 36,
                                      "left": 37
                                    }
                                  ],
                                  "parent": 23,
                                  "ID": 24,
                                  "left": 25,
                                  "right": 36
                                }
                              ],
                              "parent": 22,
                              "ID": 23,
                              "left": 24
                            }
                          ],
                          "parent": 21,
                          "ID": 22,
                          "left": 23
                        }
                      ],
                      "parent": 3,
                      "ID": 21,
                      "left": 22
                    },
                    {
                      "Node Type": "Aggregate",
                      "Strategy": "Sorted",
                      "Partial Mode": "Simple",
                      "Parent Relationship": "Member",
                      "Parallel Aware": false,
                      "Async Capable": false,
                      "Startup Cost": 255195.79,
                      "Total Cost": 255197.31,
                      "Plan Rows": 76,
                      "Plan Width": 49,
                      "Group Key": [
                        "item_4.i_item_id"
                      ],
                      "Plans": [
                        {
                          "Node Type": "Sort",
                          "Parent Relationship": "Outer",
                          "Parallel Aware": false,
                          "Async Capable": false,
                          "Startup Cost": 255195.79,
                          "Total Cost": 255195.98,
                          "Plan Rows": 76,
                          "Plan Width": 23,
                          "Sort Key": [
                            "item_4.i_item_id"
                          ],
                          "Plans": [
                            {
                              "Node Type": "Hash Join",
                              "Parent Relationship": "Outer",
                              "Parallel Aware": false,
                              "Async Capable": false,
                              "Join Type": "Semi",
                              "Startup Cost": 247539.43,
                              "Total Cost": 255193.42,
                              "Plan Rows": 76,
                              "Plan Width": 23,
                              "Inner Unique": false,
                              "Hash Cond": "(item_4.i_item_id = item_5.i_item_id)",
                              "Plans": [
                                {
                                  "Node Type": "Gather",
                                  "Parent Relationship": "Outer",
                                  "Parallel Aware": false,
                                  "Async Capable": false,
                                  "Startup Cost": 239130.25,
                                  "Total Cost": 246780.67,
                                  "Plan Rows": 1003,
                                  "Plan Width": 23,
                                  "Workers Planned": 2,
                                  "Single Copy": false,
                                  "Plans": [
                                    {
                                      "Node Type": "Hash Join",
                                      "Parent Relationship": "Outer",
                                      "Parallel Aware": true,
                                      "Async Capable": false,
                                      "Join Type": "Inner",
                                      "Startup Cost": 238130.25,
                                      "Total Cost": 245680.37,
                                      "Plan Rows": 418,
                                      "Plan Width": 23,
                                      "Inner Unique": false,
                                      "Hash Cond": "(item_4.i_item_sk = web_sales.ws_item_sk)",
                                      "Plans": [
                                        {
                                          "Node Type": "Seq Scan",
                                          "Parent Relationship": "Outer",
                                          "Parallel Aware": true,
                                          "Async Capable": false,
                                          "Relation Name": "item",
                                          "Alias": "item_4",
                                          "Startup Cost": 0.0,
                                          "Total Cost": 7389.0,
                                          "Plan Rows": 42500,
                                          "Plan Width": 21,
                                          "parent": 42,
                                          "ID": 43
                                        },
                                        {
                                          "Node Type": "Hash",
                                          "Parent Relationship": "Inner",
                                          "Parallel Aware": true,
                                          "Async Capable": false,
                                          "Startup Cost": 238125.03,
                                          "Total Cost": 238125.03,
                                          "Plan Rows": 418,
                                          "Plan Width": 10,
                                          "Plans": [
                                            {
                                              "Node Type": "Hash Join",
                                              "Parent Relationship": "Outer",
                                              "Parallel Aware": true,
                                              "Async Capable": false,
                                              "Join Type": "Inner",
                                              "Startup Cost": 231054.74,
                                              "Total Cost": 238125.03,
                                              "Plan Rows": 418,
                                              "Plan Width": 10,
                                              "Inner Unique": false,
                                              "Hash Cond": "(customer_address_2.ca_address_sk = web_sales.ws_bill_addr_sk)",
                                              "Plans": [
                                                {
                                                  "Node Type": "Seq Scan",
                                                  "Parent Relationship": "Outer",
                                                  "Parallel Aware": true,
                                                  "Async Capable": false,
                                                  "Relation Name": "customer_address",
                                                  "Alias": "customer_address_2",
                                                  "Startup Cost": 0.0,
                                                  "Total Cost": 6737.08,
                                                  "Plan Rows": 37882,
                                                  "Plan Width": 4,
                                                  "Filter": "(ca_gmt_offset = '-5'::numeric)",
                                                  "parent": 45,
                                                  "ID": 46
                                                },
                                                {
                                                  "Node Type": "Hash",
                                                  "Parent Relationship": "Inner",
                                                  "Parallel Aware": true,
                                                  "Async Capable": false,
                                                  "Startup Cost": 231040.38,
                                                  "Total Cost": 231040.38,
                                                  "Plan Rows": 1149,
                                                  "Plan Width": 14,
                                                  "Plans": [
                                                    {
                                                      "Node Type": "Hash Join",
                                                      "Parent Relationship": "Outer",
                                                      "Parallel Aware": true,
                                                      "Async Capable": false,
                                                      "Join Type": "Inner",
                                                      "Startup Cost": 2049.75,
                                                      "Total Cost": 231040.38,
                                                      "Plan Rows": 1149,
                                                      "Plan Width": 14,
                                                      "Inner Unique": false,
                                                      "Hash Cond": "(web_sales.ws_sold_date_sk = date_dim_2.d_date_sk)",
                                                      "Plans": [
                                                        {
                                                          "Node Type": "Seq Scan",
                                                          "Parent Relationship": "Outer",
                                                          "Parallel Aware": true,
                                                          "Async Capable": false,
                                                          "Relation Name": "web_sales",
                                                          "Alias": "web_sales",
                                                          "Startup Cost": 0.0,
                                                          "Total Cost": 217737.86,
                                                          "Plan Rows": 2998986,
                                                          "Plan Width": 18,
                                                          "parent": 48,
                                                          "ID": 49
                                                        },
                                                        {
                                                          "Node Type": "Hash",
                                                          "Parent Relationship": "Inner",
                                                          "Parallel Aware": true,
                                                          "Async Capable": false,
                                                          "Startup Cost": 2049.55,
                                                          "Total Cost": 2049.55,
                                                          "Plan Rows": 16,
                                                          "Plan Width": 4,
                                                          "Plans": [
                                                            {
                                                              "Node Type": "Seq Scan",
                                                              "Parent Relationship": "Outer",
                                                              "Parallel Aware": true,
                                                              "Async Capable": false,
                                                              "Relation Name": "date_dim",
                                                              "Alias": "date_dim_2",
                                                              "Startup Cost": 0.0,
                                                              "Total Cost": 2049.55,
                                                              "Plan Rows": 16,
                                                              "Plan Width": 4,
                                                              "Filter": "((d_year = 1999) AND (d_moy = 2))",
                                                              "parent": 50,
                                                              "ID": 51
                                                            }
                                                          ],
                                                          "parent": 48,
                                                          "ID": 50,
                                                          "left": 51
                                                        }
                                                      ],
                                                      "parent": 47,
                                                      "ID": 48,
                                                      "left": 49,
                                                      "right": 50
                                                    }
                                                  ],
                                                  "parent": 45,
                                                  "ID": 47,
                                                  "left": 48
                                                }
                                              ],
                                              "parent": 44,
                                              "ID": 45,
                                              "left": 46,
                                              "right": 47
                                            }
                                          ],
                                          "parent": 42,
                                          "ID": 44,
                                          "left": 45
                                        }
                                      ],
                                      "parent": 41,
                                      "ID": 42,
                                      "left": 43,
                                      "right": 44
                                    }
                                  ],
                                  "parent": 40,
                                  "ID": 41,
                                  "left": 42
                                },
                                {
                                  "Node Type": "Hash",
                                  "Parent Relationship": "Inner",
                                  "Parallel Aware": false,
                                  "Async Capable": false,
                                  "Startup Cost": 8366.5,
                                  "Total Cost": 8366.5,
                                  "Plan Rows": 3414,
                                  "Plan Width": 17,
                                  "Plans": [
                                    {
                                      "Node Type": "Seq Scan",
                                      "Parent Relationship": "Outer",
                                      "Parallel Aware": false,
                                      "Async Capable": false,
                                      "Relation Name": "item",
                                      "Alias": "item_5",
                                      "Startup Cost": 0.0,
                                      "Total Cost": 8366.5,
                                      "Plan Rows": 3414,
                                      "Plan Width": 17,
                                      "Filter": "(i_color = ANY ('{frosted,red,olive}'::bpchar[]))",
                                      "parent": 52,
                                      "ID": 53
                                    }
                                  ],
                                  "parent": 40,
                                  "ID": 52,
                                  "left": 53
                                }
                              ],
                              "parent": 39,
                              "ID": 40,
                              "left": 41,
                              "right": 52
                            }
                          ],
                          "parent": 38,
                          "ID": 39,
                          "left": 40
                        }
                      ],
                      "parent": 3,
                      "ID": 38,
                      "left": 39
                    }
                  ],
                  "parent": 2,
                  "ID": 3,
                  "left": 4,
                  "right": 21
                }
              ],
              "parent": 1,
              "ID": 2,
              "left": 3
            }
          ],
          "parent": 0,
          "ID": 1,
          "left": 2
        }
      ],
      "parent": null,
      "ID": 0,
      "left": 1
    },
    "feat": {
      "utility": 0.017273696340844864,
      "query_shape": [
        [
          "Seq Scan",
          "Hash Join",
          "Sort",
          "Merge Join",
          "Aggregate",
          "Gather Merge",
          "Merge Append"
        ],
        [
          "Seq Scan",
          "Hash Join",
          "Hash",
          "Sort",
          "Merge Join",
          "Aggregate",
          "Gather Merge",
          "Merge Append"
        ],
        [
          "Seq Scan",
          "Hash Join",
          "Hash",
          "Sort",
          "Merge Join",
          "Aggregate",
          "Gather Merge",
          "Merge Append"
        ],
        [
          "Seq Scan",
          "Hash",
          "Hash Join",
          "Sort",
          "Merge Join",
          "Aggregate",
          "Gather Merge",
          "Merge Append"
        ],
        [
          "Seq Scan",
          "Sort",
          "Merge Join",
          "Aggregate",
          "Gather Merge",
          "Merge Append"
        ],
        [
          "Seq Scan",
          "Hash Join",
          "Sort",
          "Merge Join",
          "Aggregate",
          "Gather Merge",
          "Merge Append"
        ],
        [
          "Seq Scan",
          "Hash Join",
          "Hash",
          "Sort",
          "Merge Join",
          "Aggregate",
          "Gather Merge",
          "Merge Append"
        ],
        [
          "Seq Scan",
          "Hash Join",
          "Hash",
          "Sort",
          "Merge Join",
          "Aggregate",
          "Gather Merge",
          "Merge Append"
        ],
        [
          "Seq Scan",
          "Hash",
          "Hash Join",
          "Sort",
          "Merge Join",
          "Aggregate",
          "Gather Merge",
          "Merge Append"
        ],
        [
          "Seq Scan",
          "Sort",
          "Merge Join",
          "Aggregate",
          "Gather Merge",
          "Merge Append"
        ],
        [
          "Seq Scan",
          "Hash Join",
          "Gather",
          "Sort",
          "Aggregate",
          "Merge Append"
        ],
        [
          "Seq Scan",
          "Hash Join",
          "Hash",
          "Gather",
          "Sort",
          "Aggregate",
          "Merge Append"
        ],
        [
          "Seq Scan",
          "Hash Join",
          "Hash",
          "Gather",
          "Sort",
          "Aggregate",
          "Merge Append"
        ],
        [
          "Seq Scan",
          "Hash",
          "Hash Join",
          "Gather",
          "Sort",
          "Aggregate",
          "Merge Append"
        ],
        [
          "Seq Scan",
          "Hash",
          "Hash Join",
          "Sort",
          "Aggregate",
          "Merge Append"
        ]
      ],
      "index_shape": [
        "join"
      ],
      "physical_operator": {
        "Hash Join": [
          0.004781565608611895,
          0.004880659007125634,
          0.00489342350616012
        ]
      }
    }
  },
  {
    "query": "with ss as (\n select i_item_id,sum(ss_ext_sales_price) total_sales\n from\n \tstore_sales,\n \tdate_dim,\n         customer_address,\n         item\n where i_item_id in (select\n     i_item_id\nfrom item\nwhere i_color in ('frosted','red','olive'))\n and     ss_item_sk              = i_item_sk\n and     ss_sold_date_sk         = d_date_sk\n and     d_year                  = 1999\n and     d_moy                   = 2\n and     ss_addr_sk              = ca_address_sk\n and     ca_gmt_offset           = -5 \n group by i_item_id),\n cs as (\n select i_item_id,sum(cs_ext_sales_price) total_sales\n from\n \tcatalog_sales,\n \tdate_dim,\n         customer_address,\n         item\n where\n         i_item_id               in (select\n  i_item_id\nfrom item\nwhere i_color in ('frosted','red','olive'))\n and     cs_item_sk              = i_item_sk\n and     cs_sold_date_sk         = d_date_sk\n and     d_year                  = 1999\n and     d_moy                   = 2\n and     cs_bill_addr_sk         = ca_address_sk\n and     ca_gmt_offset           = -5 \n group by i_item_id),\n ws as (\n select i_item_id,sum(ws_ext_sales_price) total_sales\n from\n \tweb_sales,\n \tdate_dim,\n         customer_address,\n         item\n where\n         i_item_id               in (select\n  i_item_id\nfrom item\nwhere i_color in ('frosted','red','olive'))\n and     ws_item_sk              = i_item_sk\n and     ws_sold_date_sk         = d_date_sk\n and     d_year                  = 1999\n and     d_moy                   = 2\n and     ws_bill_addr_sk         = ca_address_sk\n and     ca_gmt_offset           = -5\n group by i_item_id)\n  select  i_item_id ,sum(total_sales) total_sales\n from  (select * from ss \n        union all\n        select * from cs \n        union all\n        select * from ws) tmp1\n group by i_item_id\n order by total_sales,\n          i_item_id\n limit 100;\n\n-- end query 40 in stream 3 using template query56.tpl\n",
    "indexes": "date_dim.d_date",
    "wo plan est": {
      "Node Type": "Limit",
      "Parallel Aware": false,
      "Async Capable": false,
      "Startup Cost": 1445997.16,
      "Total Cost": 1445997.41,
      "Plan Rows": 100,
      "Plan Width": 49,
      "Plans": [
        {
          "Node Type": "Sort",
          "Parent Relationship": "Outer",
          "Parallel Aware": false,
          "Async Capable": false,
          "Startup Cost": 1445997.16,
          "Total Cost": 1445997.66,
          "Plan Rows": 200,
          "Plan Width": 49,
          "Sort Key": [
            "(sum((sum(store_sales.ss_ext_sales_price))))",
            "item.i_item_id"
          ],
          "Plans": [
            {
              "Node Type": "Aggregate",
              "Strategy": "Sorted",
              "Partial Mode": "Simple",
              "Parent Relationship": "Outer",
              "Parallel Aware": false,
              "Async Capable": false,
              "Startup Cost": 1445871.82,
              "Total Cost": 1445989.52,
              "Plan Rows": 200,
              "Plan Width": 49,
              "Group Key": [
                "item.i_item_id"
              ],
              "Plans": [
                {
                  "Node Type": "Merge Append",
                  "Parent Relationship": "Outer",
                  "Parallel Aware": false,
                  "Async Capable": false,
                  "Startup Cost": 1445871.82,
                  "Total Cost": 1445984.5,
                  "Plan Rows": 503,
                  "Plan Width": 49,
                  "Sort Key": [
                    "item.i_item_id"
                  ],
                  "Subplans Removed": 0,
                  "Plans": [
                    {
                      "Node Type": "Aggregate",
                      "Strategy": "Sorted",
                      "Partial Mode": "Finalize",
                      "Parent Relationship": "Member",
                      "Parallel Aware": false,
                      "Async Capable": false,
                      "Startup Cost": 708153.26,
                      "Total Cost": 708212.85,
                      "Plan Rows": 277,
                      "Plan Width": 49,
                      "Group Key": [
                        "item.i_item_id"
                      ],
                      "Plans": [
                        {
                          "Node Type": "Gather Merge",
                          "Parent Relationship": "Outer",
                          "Parallel Aware": false,
                          "Async Capable": false,
                          "Startup Cost": 708153.26,
                          "Total Cost": 708207.66,
                          "Plan Rows": 230,
                          "Plan Width": 49,
                          "Workers Planned": 2,
                          "Plans": [
                            {
                              "Node Type": "Aggregate",
                              "Strategy": "Sorted",
                              "Partial Mode": "Partial",
                              "Parent Relationship": "Outer",
                              "Parallel Aware": false,
                              "Async Capable": false,
                              "Startup Cost": 707153.23,
                              "Total Cost": 707181.09,
                              "Plan Rows": 115,
                              "Plan Width": 49,
                              "Group Key": [
                                "item.i_item_id"
                              ],
                              "Plans": [
                                {
                                  "Node Type": "Merge Join",
                                  "Parent Relationship": "Outer",
                                  "Parallel Aware": false,
                                  "Async Capable": false,
                                  "Join Type": "Semi",
                                  "Startup Cost": 707153.23,
                                  "Total Cost": 707179.08,
                                  "Plan Rows": 115,
                                  "Plan Width": 23,
                                  "Inner Unique": false,
                                  "Merge Cond": "(item.i_item_id = item_1.i_item_id)",
                                  "Plans": [
                                    {
                                      "Node Type": "Sort",
                                      "Parent Relationship": "Outer",
                                      "Parallel Aware": false,
                                      "Async Capable": false,
                                      "Startup Cost": 698586.38,
                                      "Total Cost": 698590.19,
                                      "Plan Rows": 1525,
                                      "Plan Width": 23,
                                      "Sort Key": [
                                        "item.i_item_id"
                                      ],
                                      "Plans": [
                                        {
                                          "Node Type": "Hash Join",
                                          "Parent Relationship": "Outer",
                                          "Parallel Aware": true,
                                          "Async Capable": false,
                                          "Join Type": "Inner",
                                          "Startup Cost": 690951.02,
                                          "Total Cost": 698505.75,
                                          "Plan Rows": 1525,
                                          "Plan Width": 23,
                                          "Inner Unique": false,
                                          "Hash Cond": "(item.i_item_sk = store_sales.ss_item_sk)",
                                          "Plans": [
                                            {
                                              "Node Type": "Seq Scan",
                                              "Parent Relationship": "Outer",
                                              "Parallel Aware": true,
                                              "Async Capable": false,
                                              "Relation Name": "item",
                                              "Alias": "item",
                                              "Startup Cost": 0.0,
                                              "Total Cost": 7389.0,
                                              "Plan Rows": 42500,
                                              "Plan Width": 21,
                                              "parent": 9,
                                              "ID": 10
                                            },
                                            {
                                              "Node Type": "Hash",
                                              "Parent Relationship": "Inner",
                                              "Parallel Aware": true,
                                              "Async Capable": false,
                                              "Startup Cost": 690931.96,
                                              "Total Cost": 690931.96,
                                              "Plan Rows": 1525,
                                              "Plan Width": 10,
                                              "Plans": [
                                                {
                                                  "Node Type": "Hash Join",
                                                  "Parent Relationship": "Outer",
                                                  "Parallel Aware": true,
                                                  "Async Capable": false,
                                                  "Join Type": "Inner",
                                                  "Startup Cost": 684046.46,
                                                  "Total Cost": 690931.96,
                                                  "Plan Rows": 1525,
                                                  "Plan Width": 10,
                                                  "Inner Unique": false,
                                                  "Hash Cond": "(customer_address.ca_address_sk = store_sales.ss_addr_sk)",
                                                  "Plans": [
                                                    {
                                                      "Node Type": "Seq Scan",
                                                      "Parent Relationship": "Outer",
                                                      "Parallel Aware": true,
                                                      "Async Capable": false,
                                                      "Relation Name": "customer_address",
                                                      "Alias": "customer_address",
                                                      "Startup Cost": 0.0,
                                                      "Total Cost": 6737.08,
                                                      "Plan Rows": 37882,
                                                      "Plan Width": 4,
                                                      "Filter": "(ca_gmt_offset = '-5'::numeric)",
                                                      "parent": 12,
                                                      "ID": 13
                                                    },
                                                    {
                                                      "Node Type": "Hash",
                                                      "Parent Relationship": "Inner",
                                                      "Parallel Aware": true,
                                                      "Async Capable": false,
                                                      "Startup Cost": 683991.59,
                                                      "Total Cost": 683991.59,
                                                      "Plan Rows": 4390,
                                                      "Plan Width": 14,
                                                      "Plans": [
                                                        {
                                                          "Node Type": "Hash Join",
                                                          "Parent Relationship": "Outer",
                                                          "Parallel Aware": true,
                                                          "Async Capable": false,
                                                          "Join Type": "Inner",
                                                          "Startup Cost": 2049.75,
                                                          "Total Cost": 683991.59,
                                                          "Plan Rows": 4390,
                                                          "Plan Width": 14,
                                                          "Inner Unique": false,
                                                          "Hash Cond": "(store_sales.ss_sold_date_sk = date_dim.d_date_sk)",
                                                          "Plans": [
                                                            {
                                                              "Node Type": "Seq Scan",
                                                              "Parent Relationship": "Outer",
                                                              "Parallel Aware": true,
                                                              "Async Capable": false,
                                                              "Relation Name": "store_sales",
                                                              "Alias": "store_sales",
                                                              "Startup Cost": 0.0,
                                                              "Total Cost": 636914.37,
                                                              "Plan Rows": 12000637,
                                                              "Plan Width": 18,
                                                              "parent": 15,
                                                              "ID": 16
                                                            },
                                                            {
                                                              "Node Type": "Hash",
                                                              "Parent Relationship": "Inner",
                                                              "Parallel Aware": true,
                                                              "Async Capable": false,
                                                              "Startup Cost": 2049.55,
                                                              "Total Cost": 2049.55,
                                                              "Plan Rows": 16,
                                                              "Plan Width": 4,
                                                              "Plans": [
                                                                {
                                                                  "Node Type": "Seq Scan",
                                                                  "Parent Relationship": "Outer",
                                                                  "Parallel Aware": true,
                                                                  "Async Capable": false,
                                                                  "Relation Name": "date_dim",
                                                                  "Alias": "date_dim",
                                                                  "Startup Cost": 0.0,
                                                                  "Total Cost": 2049.55,
                                                                  "Plan Rows": 16,
                                                                  "Plan Width": 4,
                                                                  "Filter": "((d_year = 1999) AND (d_moy = 2))",
                                                                  "parent": 17,
                                                                  "ID": 18
                                                                }
                                                              ],
                                                              "parent": 15,
                                                              "ID": 17,
                                                              "left": 18
                                                            }
                                                          ],
                                                          "parent": 14,
                                                          "ID": 15,
                                                          "left": 16,
                                                          "right": 17
                                                        }
                                                      ],
                                                      "parent": 12,
                                                      "ID": 14,
                                                      "left": 15
                                                    }
                                                  ],
                                                  "parent": 11,
                                                  "ID": 12,
                                                  "left": 13,
                                                  "right": 14
                                                }
                                              ],
                                              "parent": 9,
                                              "ID": 11,
                                              "left": 12
                                            }
                                          ],
                                          "parent": 8,
                                          "ID": 9,
                                          "left": 10,
                                          "right": 11
                                        }
                                      ],
                                      "parent": 7,
                                      "ID": 8,
                                      "left": 9
                                    },
                                    {
                                      "Node Type": "Sort",
                                      "Parent Relationship": "Inner",
                                      "Parallel Aware": false,
                                      "Async Capable": false,
                                      "Startup Cost": 8566.85,
                                      "Total Cost": 8575.39,
                                      "Plan Rows": 3414,
                                      "Plan Width": 17,
                                      "Sort Key": [
                                        "item_1.i_item_id"
                                      ],
                                      "Plans": [
                                        {
                                          "Node Type": "Seq Scan",
                                          "Parent Relationship": "Outer",
                                          "Parallel Aware": false,
                                          "Async Capable": false,
                                          "Relation Name": "item",
                                          "Alias": "item_1",
                                          "Startup Cost": 0.0,
                                          "Total Cost": 8366.5,
                                          "Plan Rows": 3414,
                                          "Plan Width": 17,
                                          "Filter": "(i_color = ANY ('{frosted,red,olive}'::bpchar[]))",
                                          "parent": 19,
                                          "ID": 20
                                        }
                                      ],
                                      "parent": 7,
                                      "ID": 19,
                                      "left": 20
                                    }
                                  ],
                                  "parent": 6,
                                  "ID": 7,
                                  "left": 8,
                                  "right": 19
                                }
                              ],
                              "parent": 5,
                              "ID": 6,
                              "left": 7
                            }
                          ],
                          "parent": 4,
                          "ID": 5,
                          "left": 6
                        }
                      ],
                      "parent": 3,
                      "ID": 4,
                      "left": 5
                    },
                    {
                      "Node Type": "Aggregate",
                      "Strategy": "Sorted",
                      "Partial Mode": "Finalize",
                      "Parent Relationship": "Member",
                      "Parallel Aware": false,
                      "Async Capable": false,
                      "Startup Cost": 482522.75,
                      "Total Cost": 482562.79,
                      "Plan Rows": 150,
                      "Plan Width": 49,
                      "Group Key": [
                        "item_2.i_item_id"
                      ],
                      "Plans": [
                        {
                          "Node Type": "Gather Merge",
                          "Parent Relationship": "Outer",
                          "Parallel Aware": false,
                          "Async Capable": false,
                          "Startup Cost": 482522.75,
                          "Total Cost": 482559.98,
                          "Plan Rows": 124,
                          "Plan Width": 49,
                          "Workers Planned": 2,
                          "Plans": [
                            {
                              "Node Type": "Aggregate",
                              "Strategy": "Sorted",
                              "Partial Mode": "Partial",
                              "Parent Relationship": "Outer",
                              "Parallel Aware": false,
                              "Async Capable": false,
                              "Startup Cost": 481522.72,
                              "Total Cost": 481545.64,
                              "Plan Rows": 62,
                              "Plan Width": 49,
                              "Group Key": [
                                "item_2.i_item_id"
                              ],
                              "Plans": [
                                {
                                  "Node Type": "Merge Join",
                                  "Parent Relationship": "Outer",
                                  "Parallel Aware": false,
                                  "Async Capable": false,
                                  "Join Type": "Semi",
                                  "Startup Cost": 481522.72,
                                  "Total Cost": 481544.56,
                                  "Plan Rows": 62,
                                  "Plan Width": 23,
                                  "Inner Unique": false,
                                  "Merge Cond": "(item_2.i_item_id = item_3.i_item_id)",
                                  "Plans": [
                                    {
                                      "Node Type": "Sort",
                                      "Parent Relationship": "Outer",
                                      "Parallel Aware": false,
                                      "Async Capable": false,
                                      "Startup Cost": 472955.87,
                                      "Total Cost": 472957.94,
                                      "Plan Rows": 827,
                                      "Plan Width": 23,
                                      "Sort Key": [
                                        "item_2.i_item_id"
                                      ],
                                      "Plans": [
                                        {
                                          "Node Type": "Hash Join",
                                          "Parent Relationship": "Outer",
                                          "Parallel Aware": true,
                                          "Async Capable": false,
                                          "Join Type": "Inner",
                                          "Startup Cost": 465363.97,
                                          "Total Cost": 472915.79,
                                          "Plan Rows": 827,
                                          "Plan Width": 23,
                                          "Inner Unique": false,
                                          "Hash Cond": "(item_2.i_item_sk = catalog_sales.cs_item_sk)",
                                          "Plans": [
                                            {
                                              "Node Type": "Seq Scan",
                                              "Parent Relationship": "Outer",
                                              "Parallel Aware": true,
                                              "Async Capable": false,
                                              "Relation Name": "item",
                                              "Alias": "item_2",
                                              "Startup Cost": 0.0,
                                              "Total Cost": 7389.0,
                                              "Plan Rows": 42500,
                                              "Plan Width": 21,
                                              "parent": 26,
                                              "ID": 27
                                            },
                                            {
                                              "Node Type": "Hash",
                                              "Parent Relationship": "Inner",
                                              "Parallel Aware": true,
                                              "Async Capable": false,
                                              "Startup Cost": 465353.63,
                                              "Total Cost": 465353.63,
                                              "Plan Rows": 827,
                                              "Plan Width": 10,
                                              "Plans": [
                                                {
                                                  "Node Type": "Hash Join",
                                                  "Parent Relationship": "Outer",
                                                  "Parallel Aware": true,
                                                  "Async Capable": false,
                                                  "Join Type": "Inner",
                                                  "Startup Cost": 458281.63,
                                                  "Total Cost": 465353.63,
                                                  "Plan Rows": 827,
                                                  "Plan Width": 10,
                                                  "Inner Unique": false,
                                                  "Hash Cond": "(customer_address_1.ca_address_sk = catalog_sales.cs_bill_addr_sk)",
                                                  "Plans": [
                                                    {
                                                      "Node Type": "Seq Scan",
                                                      "Parent Relationship": "Outer",
                                                      "Parallel Aware": true,
                                                      "Async Capable": false,
                                                      "Relation Name": "customer_address",
                                                      "Alias": "customer_address_1",
                                                      "Startup Cost": 0.0,
                                                      "Total Cost": 6737.08,
                                                      "Plan Rows": 37882,
                                                      "Plan Width": 4,
                                                      "Filter": "(ca_gmt_offset = '-5'::numeric)",
                                                      "parent": 29,
                                                      "ID": 30
                                                    },
                                                    {
                                                      "Node Type": "Hash",
                                                      "Parent Relationship": "Inner",
                                                      "Parallel Aware": true,
                                                      "Async Capable": false,
                                                      "Startup Cost": 458253.04,
                                                      "Total Cost": 458253.04,
                                                      "Plan Rows": 2287,
                                                      "Plan Width": 14,
                                                      "Plans": [
                                                        {
                                                          "Node Type": "Hash Join",
                                                          "Parent Relationship": "Outer",
                                                          "Parallel Aware": true,
                                                          "Async Capable": false,
                                                          "Join Type": "Inner",
                                                          "Startup Cost": 2049.75,
                                                          "Total Cost": 458253.04,
                                                          "Plan Rows": 2287,
                                                          "Plan Width": 14,
                                                          "Inner Unique": false,
                                                          "Hash Cond": "(catalog_sales.cs_sold_date_sk = date_dim_1.d_date_sk)",
                                                          "Plans": [
                                                            {
                                                              "Node Type": "Seq Scan",
                                                              "Parent Relationship": "Outer",
                                                              "Parallel Aware": true,
                                                              "Async Capable": false,
                                                              "Relation Name": "catalog_sales",
                                                              "Alias": "catalog_sales",
                                                              "Startup Cost": 0.0,
                                                              "Total Cost": 433688.25,
                                                              "Plan Rows": 6000525,
                                                              "Plan Width": 18,
                                                              "parent": 32,
                                                              "ID": 33
                                                            },
                                                            {
                                                              "Node Type": "Hash",
                                                              "Parent Relationship": "Inner",
                                                              "Parallel Aware": true,
                                                              "Async Capable": false,
                                                              "Startup Cost": 2049.55,
                                                              "Total Cost": 2049.55,
                                                              "Plan Rows": 16,
                                                              "Plan Width": 4,
                                                              "Plans": [
                                                                {
                                                                  "Node Type": "Seq Scan",
                                                                  "Parent Relationship": "Outer",
                                                                  "Parallel Aware": true,
                                                                  "Async Capable": false,
                                                                  "Relation Name": "date_dim",
                                                                  "Alias": "date_dim_1",
                                                                  "Startup Cost": 0.0,
                                                                  "Total Cost": 2049.55,
                                                                  "Plan Rows": 16,
                                                                  "Plan Width": 4,
                                                                  "Filter": "((d_year = 1999) AND (d_moy = 2))",
                                                                  "parent": 34,
                                                                  "ID": 35
                                                                }
                                                              ],
                                                              "parent": 32,
                                                              "ID": 34,
                                                              "left": 35
                                                            }
                                                          ],
                                                          "parent": 31,
                                                          "ID": 32,
                                                          "left": 33,
                                                          "right": 34
                                                        }
                                                      ],
                                                      "parent": 29,
                                                      "ID": 31,
                                                      "left": 32
                                                    }
                                                  ],
                                                  "parent": 28,
                                                  "ID": 29,
                                                  "left": 30,
                                                  "right": 31
                                                }
                                              ],
                                              "parent": 26,
                                              "ID": 28,
                                              "left": 29
                                            }
                                          ],
                                          "parent": 25,
                                          "ID": 26,
                                          "left": 27,
                                          "right": 28
                                        }
                                      ],
                                      "parent": 24,
                                      "ID": 25,
                                      "left": 26
                                    },
                                    {
                                      "Node Type": "Sort",
                                      "Parent Relationship": "Inner",
                                      "Parallel Aware": false,
                                      "Async Capable": false,
                                      "Startup Cost": 8566.85,
                                      "Total Cost": 8575.39,
                                      "Plan Rows": 3414,
                                      "Plan Width": 17,
                                      "Sort Key": [
                                        "item_3.i_item_id"
                                      ],
                                      "Plans": [
                                        {
                                          "Node Type": "Seq Scan",
                                          "Parent Relationship": "Outer",
                                          "Parallel Aware": false,
                                          "Async Capable": false,
                                          "Relation Name": "item",
                                          "Alias": "item_3",
                                          "Startup Cost": 0.0,
                                          "Total Cost": 8366.5,
                                          "Plan Rows": 3414,
                                          "Plan Width": 17,
                                          "Filter": "(i_color = ANY ('{frosted,red,olive}'::bpchar[]))",
                                          "parent": 36,
                                          "ID": 37
                                        }
                                      ],
                                      "parent": 24,
                                      "ID": 36,
                                      "left": 37
                                    }
                                  ],
                                  "parent": 23,
                                  "ID": 24,
                                  "left": 25,
                                  "right": 36
                                }
                              ],
                              "parent": 22,
                              "ID": 23,
                              "left": 24
                            }
                          ],
                          "parent": 21,
                          "ID": 22,
                          "left": 23
                        }
                      ],
                      "parent": 3,
                      "ID": 21,
                      "left": 22
                    },
                    {
                      "Node Type": "Aggregate",
                      "Strategy": "Sorted",
                      "Partial Mode": "Simple",
                      "Parent Relationship": "Member",
                      "Parallel Aware": false,
                      "Async Capable": false,
                      "Startup Cost": 255195.79,
                      "Total Cost": 255197.31,
                      "Plan Rows": 76,
                      "Plan Width": 49,
                      "Group Key": [
                        "item_4.i_item_id"
                      ],
                      "Plans": [
                        {
                          "Node Type": "Sort",
                          "Parent Relationship": "Outer",
                          "Parallel Aware": false,
                          "Async Capable": false,
                          "Startup Cost": 255195.79,
                          "Total Cost": 255195.98,
                          "Plan Rows": 76,
                          "Plan Width": 23,
                          "Sort Key": [
                            "item_4.i_item_id"
                          ],
                          "Plans": [
                            {
                              "Node Type": "Hash Join",
                              "Parent Relationship": "Outer",
                              "Parallel Aware": false,
                              "Async Capable": false,
                              "Join Type": "Semi",
                              "Startup Cost": 247539.43,
                              "Total Cost": 255193.42,
                              "Plan Rows": 76,
                              "Plan Width": 23,
                              "Inner Unique": false,
                              "Hash Cond": "(item_4.i_item_id = item_5.i_item_id)",
                              "Plans": [
                                {
                                  "Node Type": "Gather",
                                  "Parent Relationship": "Outer",
                                  "Parallel Aware": false,
                                  "Async Capable": false,
                                  "Startup Cost": 239130.25,
                                  "Total Cost": 246780.67,
                                  "Plan Rows": 1003,
                                  "Plan Width": 23,
                                  "Workers Planned": 2,
                                  "Single Copy": false,
                                  "Plans": [
                                    {
                                      "Node Type": "Hash Join",
                                      "Parent Relationship": "Outer",
                                      "Parallel Aware": true,
                                      "Async Capable": false,
                                      "Join Type": "Inner",
                                      "Startup Cost": 238130.25,
                                      "Total Cost": 245680.37,
                                      "Plan Rows": 418,
                                      "Plan Width": 23,
                                      "Inner Unique": false,
                                      "Hash Cond": "(item_4.i_item_sk = web_sales.ws_item_sk)",
                                      "Plans": [
                                        {
                                          "Node Type": "Seq Scan",
                                          "Parent Relationship": "Outer",
                                          "Parallel Aware": true,
                                          "Async Capable": false,
                                          "Relation Name": "item",
                                          "Alias": "item_4",
                                          "Startup Cost": 0.0,
                                          "Total Cost": 7389.0,
                                          "Plan Rows": 42500,
                                          "Plan Width": 21,
                                          "parent": 42,
                                          "ID": 43
                                        },
                                        {
                                          "Node Type": "Hash",
                                          "Parent Relationship": "Inner",
                                          "Parallel Aware": true,
                                          "Async Capable": false,
                                          "Startup Cost": 238125.03,
                                          "Total Cost": 238125.03,
                                          "Plan Rows": 418,
                                          "Plan Width": 10,
                                          "Plans": [
                                            {
                                              "Node Type": "Hash Join",
                                              "Parent Relationship": "Outer",
                                              "Parallel Aware": true,
                                              "Async Capable": false,
                                              "Join Type": "Inner",
                                              "Startup Cost": 231054.74,
                                              "Total Cost": 238125.03,
                                              "Plan Rows": 418,
                                              "Plan Width": 10,
                                              "Inner Unique": false,
                                              "Hash Cond": "(customer_address_2.ca_address_sk = web_sales.ws_bill_addr_sk)",
                                              "Plans": [
                                                {
                                                  "Node Type": "Seq Scan",
                                                  "Parent Relationship": "Outer",
                                                  "Parallel Aware": true,
                                                  "Async Capable": false,
                                                  "Relation Name": "customer_address",
                                                  "Alias": "customer_address_2",
                                                  "Startup Cost": 0.0,
                                                  "Total Cost": 6737.08,
                                                  "Plan Rows": 37882,
                                                  "Plan Width": 4,
                                                  "Filter": "(ca_gmt_offset = '-5'::numeric)",
                                                  "parent": 45,
                                                  "ID": 46
                                                },
                                                {
                                                  "Node Type": "Hash",
                                                  "Parent Relationship": "Inner",
                                                  "Parallel Aware": true,
                                                  "Async Capable": false,
                                                  "Startup Cost": 231040.38,
                                                  "Total Cost": 231040.38,
                                                  "Plan Rows": 1149,
                                                  "Plan Width": 14,
                                                  "Plans": [
                                                    {
                                                      "Node Type": "Hash Join",
                                                      "Parent Relationship": "Outer",
                                                      "Parallel Aware": true,
                                                      "Async Capable": false,
                                                      "Join Type": "Inner",
                                                      "Startup Cost": 2049.75,
                                                      "Total Cost": 231040.38,
                                                      "Plan Rows": 1149,
                                                      "Plan Width": 14,
                                                      "Inner Unique": false,
                                                      "Hash Cond": "(web_sales.ws_sold_date_sk = date_dim_2.d_date_sk)",
                                                      "Plans": [
                                                        {
                                                          "Node Type": "Seq Scan",
                                                          "Parent Relationship": "Outer",
                                                          "Parallel Aware": true,
                                                          "Async Capable": false,
                                                          "Relation Name": "web_sales",
                                                          "Alias": "web_sales",
                                                          "Startup Cost": 0.0,
                                                          "Total Cost": 217737.86,
                                                          "Plan Rows": 2998986,
                                                          "Plan Width": 18,
                                                          "parent": 48,
                                                          "ID": 49
                                                        },
                                                        {
                                                          "Node Type": "Hash",
                                                          "Parent Relationship": "Inner",
                                                          "Parallel Aware": true,
                                                          "Async Capable": false,
                                                          "Startup Cost": 2049.55,
                                                          "Total Cost": 2049.55,
                                                          "Plan Rows": 16,
                                                          "Plan Width": 4,
                                                          "Plans": [
                                                            {
                                                              "Node Type": "Seq Scan",
                                                              "Parent Relationship": "Outer",
                                                              "Parallel Aware": true,
                                                              "Async Capable": false,
                                                              "Relation Name": "date_dim",
                                                              "Alias": "date_dim_2",
                                                              "Startup Cost": 0.0,
                                                              "Total Cost": 2049.55,
                                                              "Plan Rows": 16,
                                                              "Plan Width": 4,
                                                              "Filter": "((d_year = 1999) AND (d_moy = 2))",
                                                              "parent": 50,
                                                              "ID": 51
                                                            }
                                                          ],
                                                          "parent": 48,
                                                          "ID": 50,
                                                          "left": 51
                                                        }
                                                      ],
                                                      "parent": 47,
                                                      "ID": 48,
                                                      "left": 49,
                                                      "right": 50
                                                    }
                                                  ],
                                                  "parent": 45,
                                                  "ID": 47,
                                                  "left": 48
                                                }
                                              ],
                                              "parent": 44,
                                              "ID": 45,
                                              "left": 46,
                                              "right": 47
                                            }
                                          ],
                                          "parent": 42,
                                          "ID": 44,
                                          "left": 45
                                        }
                                      ],
                                      "parent": 41,
                                      "ID": 42,
                                      "left": 43,
                                      "right": 44
                                    }
                                  ],
                                  "parent": 40,
                                  "ID": 41,
                                  "left": 42
                                },
                                {
                                  "Node Type": "Hash",
                                  "Parent Relationship": "Inner",
                                  "Parallel Aware": false,
                                  "Async Capable": false,
                                  "Startup Cost": 8366.5,
                                  "Total Cost": 8366.5,
                                  "Plan Rows": 3414,
                                  "Plan Width": 17,
                                  "Plans": [
                                    {
                                      "Node Type": "Seq Scan",
                                      "Parent Relationship": "Outer",
                                      "Parallel Aware": false,
                                      "Async Capable": false,
                                      "Relation Name": "item",
                                      "Alias": "item_5",
                                      "Startup Cost": 0.0,
                                      "Total Cost": 8366.5,
                                      "Plan Rows": 3414,
                                      "Plan Width": 17,
                                      "Filter": "(i_color = ANY ('{frosted,red,olive}'::bpchar[]))",
                                      "parent": 52,
                                      "ID": 53
                                    }
                                  ],
                                  "parent": 40,
                                  "ID": 52,
                                  "left": 53
                                }
                              ],
                              "parent": 39,
                              "ID": 40,
                              "left": 41,
                              "right": 52
                            }
                          ],
                          "parent": 38,
                          "ID": 39,
                          "left": 40
                        }
                      ],
                      "parent": 3,
                      "ID": 38,
                      "left": 39
                    }
                  ],
                  "parent": 2,
                  "ID": 3,
                  "left": 4,
                  "right": 21
                }
              ],
              "parent": 1,
              "ID": 2,
              "left": 3
            }
          ],
          "parent": 0,
          "ID": 1,
          "left": 2
        }
      ],
      "parent": null,
      "ID": 0,
      "left": 1
    },
    "feat": {
      "utility": 0.017273696340844864,
      "query_shape": [
        [
          "Seq Scan",
          "Hash Join",
          "Sort",
          "Merge Join",
          "Aggregate",
          "Gather Merge",
          "Merge Append"
        ],
        [
          "Seq Scan",
          "Hash Join",
          "Hash",
          "Sort",
          "Merge Join",
          "Aggregate",
          "Gather Merge",
          "Merge Append"
        ],
        [
          "Seq Scan",
          "Hash Join",
          "Hash",
          "Sort",
          "Merge Join",
          "Aggregate",
          "Gather Merge",
          "Merge Append"
        ],
        [
          "Seq Scan",
          "Hash",
          "Hash Join",
          "Sort",
          "Merge Join",
          "Aggregate",
          "Gather Merge",
          "Merge Append"
        ],
        [
          "Seq Scan",
          "Sort",
          "Merge Join",
          "Aggregate",
          "Gather Merge",
          "Merge Append"
        ],
        [
          "Seq Scan",
          "Hash Join",
          "Sort",
          "Merge Join",
          "Aggregate",
          "Gather Merge",
          "Merge Append"
        ],
        [
          "Seq Scan",
          "Hash Join",
          "Hash",
          "Sort",
          "Merge Join",
          "Aggregate",
          "Gather Merge",
          "Merge Append"
        ],
        [
          "Seq Scan",
          "Hash Join",
          "Hash",
          "Sort",
          "Merge Join",
          "Aggregate",
          "Gather Merge",
          "Merge Append"
        ],
        [
          "Seq Scan",
          "Hash",
          "Hash Join",
          "Sort",
          "Merge Join",
          "Aggregate",
          "Gather Merge",
          "Merge Append"
        ],
        [
          "Seq Scan",
          "Sort",
          "Merge Join",
          "Aggregate",
          "Gather Merge",
          "Merge Append"
        ],
        [
          "Seq Scan",
          "Hash Join",
          "Gather",
          "Sort",
          "Aggregate",
          "Merge Append"
        ],
        [
          "Seq Scan",
          "Hash Join",
          "Hash",
          "Gather",
          "Sort",
          "Aggregate",
          "Merge Append"
        ],
        [
          "Seq Scan",
          "Hash Join",
          "Hash",
          "Gather",
          "Sort",
          "Aggregate",
          "Merge Append"
        ],
        [
          "Seq Scan",
          "Hash",
          "Hash Join",
          "Gather",
          "Sort",
          "Aggregate",
          "Merge Append"
        ],
        [
          "Seq Scan",
          "Hash",
          "Hash Join",
          "Sort",
          "Aggregate",
          "Merge Append"
        ]
      ],
      "index_shape": [
        "join"
      ],
      "physical_operator": {
        "Hash Join": [
          0.004781565608611895,
          0.004880659007125634,
          0.00489342350616012
        ]
      }
    }
  },
  {
    "query": "with ss as (\n select i_item_id,sum(ss_ext_sales_price) total_sales\n from\n \tstore_sales,\n \tdate_dim,\n         customer_address,\n         item\n where i_item_id in (select\n     i_item_id\nfrom item\nwhere i_color in ('frosted','red','olive'))\n and     ss_item_sk              = i_item_sk\n and     ss_sold_date_sk         = d_date_sk\n and     d_year                  = 1999\n and     d_moy                   = 2\n and     ss_addr_sk              = ca_address_sk\n and     ca_gmt_offset           = -5 \n group by i_item_id),\n cs as (\n select i_item_id,sum(cs_ext_sales_price) total_sales\n from\n \tcatalog_sales,\n \tdate_dim,\n         customer_address,\n         item\n where\n         i_item_id               in (select\n  i_item_id\nfrom item\nwhere i_color in ('frosted','red','olive'))\n and     cs_item_sk              = i_item_sk\n and     cs_sold_date_sk         = d_date_sk\n and     d_year                  = 1999\n and     d_moy                   = 2\n and     cs_bill_addr_sk         = ca_address_sk\n and     ca_gmt_offset           = -5 \n group by i_item_id),\n ws as (\n select i_item_id,sum(ws_ext_sales_price) total_sales\n from\n \tweb_sales,\n \tdate_dim,\n         customer_address,\n         item\n where\n         i_item_id               in (select\n  i_item_id\nfrom item\nwhere i_color in ('frosted','red','olive'))\n and     ws_item_sk              = i_item_sk\n and     ws_sold_date_sk         = d_date_sk\n and     d_year                  = 1999\n and     d_moy                   = 2\n and     ws_bill_addr_sk         = ca_address_sk\n and     ca_gmt_offset           = -5\n group by i_item_id)\n  select  i_item_id ,sum(total_sales) total_sales\n from  (select * from ss \n        union all\n        select * from cs \n        union all\n        select * from ws) tmp1\n group by i_item_id\n order by total_sales,\n          i_item_id\n limit 100;\n\n-- end query 40 in stream 3 using template query56.tpl\n",
    "indexes": "item.i_item_sk",
    "wo plan est": {
      "Node Type": "Limit",
      "Parallel Aware": false,
      "Async Capable": false,
      "Startup Cost": 1445997.16,
      "Total Cost": 1445997.41,
      "Plan Rows": 100,
      "Plan Width": 49,
      "Plans": [
        {
          "Node Type": "Sort",
          "Parent Relationship": "Outer",
          "Parallel Aware": false,
          "Async Capable": false,
          "Startup Cost": 1445997.16,
          "Total Cost": 1445997.66,
          "Plan Rows": 200,
          "Plan Width": 49,
          "Sort Key": [
            "(sum((sum(store_sales.ss_ext_sales_price))))",
            "item.i_item_id"
          ],
          "Plans": [
            {
              "Node Type": "Aggregate",
              "Strategy": "Sorted",
              "Partial Mode": "Simple",
              "Parent Relationship": "Outer",
              "Parallel Aware": false,
              "Async Capable": false,
              "Startup Cost": 1445871.82,
              "Total Cost": 1445989.52,
              "Plan Rows": 200,
              "Plan Width": 49,
              "Group Key": [
                "item.i_item_id"
              ],
              "Plans": [
                {
                  "Node Type": "Merge Append",
                  "Parent Relationship": "Outer",
                  "Parallel Aware": false,
                  "Async Capable": false,
                  "Startup Cost": 1445871.82,
                  "Total Cost": 1445984.5,
                  "Plan Rows": 503,
                  "Plan Width": 49,
                  "Sort Key": [
                    "item.i_item_id"
                  ],
                  "Subplans Removed": 0,
                  "Plans": [
                    {
                      "Node Type": "Aggregate",
                      "Strategy": "Sorted",
                      "Partial Mode": "Finalize",
                      "Parent Relationship": "Member",
                      "Parallel Aware": false,
                      "Async Capable": false,
                      "Startup Cost": 708153.26,
                      "Total Cost": 708212.85,
                      "Plan Rows": 277,
                      "Plan Width": 49,
                      "Group Key": [
                        "item.i_item_id"
                      ],
                      "Plans": [
                        {
                          "Node Type": "Gather Merge",
                          "Parent Relationship": "Outer",
                          "Parallel Aware": false,
                          "Async Capable": false,
                          "Startup Cost": 708153.26,
                          "Total Cost": 708207.66,
                          "Plan Rows": 230,
                          "Plan Width": 49,
                          "Workers Planned": 2,
                          "Plans": [
                            {
                              "Node Type": "Aggregate",
                              "Strategy": "Sorted",
                              "Partial Mode": "Partial",
                              "Parent Relationship": "Outer",
                              "Parallel Aware": false,
                              "Async Capable": false,
                              "Startup Cost": 707153.23,
                              "Total Cost": 707181.09,
                              "Plan Rows": 115,
                              "Plan Width": 49,
                              "Group Key": [
                                "item.i_item_id"
                              ],
                              "Plans": [
                                {
                                  "Node Type": "Merge Join",
                                  "Parent Relationship": "Outer",
                                  "Parallel Aware": false,
                                  "Async Capable": false,
                                  "Join Type": "Semi",
                                  "Startup Cost": 707153.23,
                                  "Total Cost": 707179.08,
                                  "Plan Rows": 115,
                                  "Plan Width": 23,
                                  "Inner Unique": false,
                                  "Merge Cond": "(item.i_item_id = item_1.i_item_id)",
                                  "Plans": [
                                    {
                                      "Node Type": "Sort",
                                      "Parent Relationship": "Outer",
                                      "Parallel Aware": false,
                                      "Async Capable": false,
                                      "Startup Cost": 698586.38,
                                      "Total Cost": 698590.19,
                                      "Plan Rows": 1525,
                                      "Plan Width": 23,
                                      "Sort Key": [
                                        "item.i_item_id"
                                      ],
                                      "Plans": [
                                        {
                                          "Node Type": "Hash Join",
                                          "Parent Relationship": "Outer",
                                          "Parallel Aware": true,
                                          "Async Capable": false,
                                          "Join Type": "Inner",
                                          "Startup Cost": 690951.02,
                                          "Total Cost": 698505.75,
                                          "Plan Rows": 1525,
                                          "Plan Width": 23,
                                          "Inner Unique": false,
                                          "Hash Cond": "(item.i_item_sk = store_sales.ss_item_sk)",
                                          "Plans": [
                                            {
                                              "Node Type": "Seq Scan",
                                              "Parent Relationship": "Outer",
                                              "Parallel Aware": true,
                                              "Async Capable": false,
                                              "Relation Name": "item",
                                              "Alias": "item",
                                              "Startup Cost": 0.0,
                                              "Total Cost": 7389.0,
                                              "Plan Rows": 42500,
                                              "Plan Width": 21,
                                              "parent": 9,
                                              "ID": 10
                                            },
                                            {
                                              "Node Type": "Hash",
                                              "Parent Relationship": "Inner",
                                              "Parallel Aware": true,
                                              "Async Capable": false,
                                              "Startup Cost": 690931.96,
                                              "Total Cost": 690931.96,
                                              "Plan Rows": 1525,
                                              "Plan Width": 10,
                                              "Plans": [
                                                {
                                                  "Node Type": "Hash Join",
                                                  "Parent Relationship": "Outer",
                                                  "Parallel Aware": true,
                                                  "Async Capable": false,
                                                  "Join Type": "Inner",
                                                  "Startup Cost": 684046.46,
                                                  "Total Cost": 690931.96,
                                                  "Plan Rows": 1525,
                                                  "Plan Width": 10,
                                                  "Inner Unique": false,
                                                  "Hash Cond": "(customer_address.ca_address_sk = store_sales.ss_addr_sk)",
                                                  "Plans": [
                                                    {
                                                      "Node Type": "Seq Scan",
                                                      "Parent Relationship": "Outer",
                                                      "Parallel Aware": true,
                                                      "Async Capable": false,
                                                      "Relation Name": "customer_address",
                                                      "Alias": "customer_address",
                                                      "Startup Cost": 0.0,
                                                      "Total Cost": 6737.08,
                                                      "Plan Rows": 37882,
                                                      "Plan Width": 4,
                                                      "Filter": "(ca_gmt_offset = '-5'::numeric)",
                                                      "parent": 12,
                                                      "ID": 13
                                                    },
                                                    {
                                                      "Node Type": "Hash",
                                                      "Parent Relationship": "Inner",
                                                      "Parallel Aware": true,
                                                      "Async Capable": false,
                                                      "Startup Cost": 683991.59,
                                                      "Total Cost": 683991.59,
                                                      "Plan Rows": 4390,
                                                      "Plan Width": 14,
                                                      "Plans": [
                                                        {
                                                          "Node Type": "Hash Join",
                                                          "Parent Relationship": "Outer",
                                                          "Parallel Aware": true,
                                                          "Async Capable": false,
                                                          "Join Type": "Inner",
                                                          "Startup Cost": 2049.75,
                                                          "Total Cost": 683991.59,
                                                          "Plan Rows": 4390,
                                                          "Plan Width": 14,
                                                          "Inner Unique": false,
                                                          "Hash Cond": "(store_sales.ss_sold_date_sk = date_dim.d_date_sk)",
                                                          "Plans": [
                                                            {
                                                              "Node Type": "Seq Scan",
                                                              "Parent Relationship": "Outer",
                                                              "Parallel Aware": true,
                                                              "Async Capable": false,
                                                              "Relation Name": "store_sales",
                                                              "Alias": "store_sales",
                                                              "Startup Cost": 0.0,
                                                              "Total Cost": 636914.37,
                                                              "Plan Rows": 12000637,
                                                              "Plan Width": 18,
                                                              "parent": 15,
                                                              "ID": 16
                                                            },
                                                            {
                                                              "Node Type": "Hash",
                                                              "Parent Relationship": "Inner",
                                                              "Parallel Aware": true,
                                                              "Async Capable": false,
                                                              "Startup Cost": 2049.55,
                                                              "Total Cost": 2049.55,
                                                              "Plan Rows": 16,
                                                              "Plan Width": 4,
                                                              "Plans": [
                                                                {
                                                                  "Node Type": "Seq Scan",
                                                                  "Parent Relationship": "Outer",
                                                                  "Parallel Aware": true,
                                                                  "Async Capable": false,
                                                                  "Relation Name": "date_dim",
                                                                  "Alias": "date_dim",
                                                                  "Startup Cost": 0.0,
                                                                  "Total Cost": 2049.55,
                                                                  "Plan Rows": 16,
                                                                  "Plan Width": 4,
                                                                  "Filter": "((d_year = 1999) AND (d_moy = 2))",
                                                                  "parent": 17,
                                                                  "ID": 18
                                                                }
                                                              ],
                                                              "parent": 15,
                                                              "ID": 17,
                                                              "left": 18
                                                            }
                                                          ],
                                                          "parent": 14,
                                                          "ID": 15,
                                                          "left": 16,
                                                          "right": 17
                                                        }
                                                      ],
                                                      "parent": 12,
                                                      "ID": 14,
                                                      "left": 15
                                                    }
                                                  ],
                                                  "parent": 11,
                                                  "ID": 12,
                                                  "left": 13,
                                                  "right": 14
                                                }
                                              ],
                                              "parent": 9,
                                              "ID": 11,
                                              "left": 12
                                            }
                                          ],
                                          "parent": 8,
                                          "ID": 9,
                                          "left": 10,
                                          "right": 11
                                        }
                                      ],
                                      "parent": 7,
                                      "ID": 8,
                                      "left": 9
                                    },
                                    {
                                      "Node Type": "Sort",
                                      "Parent Relationship": "Inner",
                                      "Parallel Aware": false,
                                      "Async Capable": false,
                                      "Startup Cost": 8566.85,
                                      "Total Cost": 8575.39,
                                      "Plan Rows": 3414,
                                      "Plan Width": 17,
                                      "Sort Key": [
                                        "item_1.i_item_id"
                                      ],
                                      "Plans": [
                                        {
                                          "Node Type": "Seq Scan",
                                          "Parent Relationship": "Outer",
                                          "Parallel Aware": false,
                                          "Async Capable": false,
                                          "Relation Name": "item",
                                          "Alias": "item_1",
                                          "Startup Cost": 0.0,
                                          "Total Cost": 8366.5,
                                          "Plan Rows": 3414,
                                          "Plan Width": 17,
                                          "Filter": "(i_color = ANY ('{frosted,red,olive}'::bpchar[]))",
                                          "parent": 19,
                                          "ID": 20
                                        }
                                      ],
                                      "parent": 7,
                                      "ID": 19,
                                      "left": 20
                                    }
                                  ],
                                  "parent": 6,
                                  "ID": 7,
                                  "left": 8,
                                  "right": 19
                                }
                              ],
                              "parent": 5,
                              "ID": 6,
                              "left": 7
                            }
                          ],
                          "parent": 4,
                          "ID": 5,
                          "left": 6
                        }
                      ],
                      "parent": 3,
                      "ID": 4,
                      "left": 5
                    },
                    {
                      "Node Type": "Aggregate",
                      "Strategy": "Sorted",
                      "Partial Mode": "Finalize",
                      "Parent Relationship": "Member",
                      "Parallel Aware": false,
                      "Async Capable": false,
                      "Startup Cost": 482522.75,
                      "Total Cost": 482562.79,
                      "Plan Rows": 150,
                      "Plan Width": 49,
                      "Group Key": [
                        "item_2.i_item_id"
                      ],
                      "Plans": [
                        {
                          "Node Type": "Gather Merge",
                          "Parent Relationship": "Outer",
                          "Parallel Aware": false,
                          "Async Capable": false,
                          "Startup Cost": 482522.75,
                          "Total Cost": 482559.98,
                          "Plan Rows": 124,
                          "Plan Width": 49,
                          "Workers Planned": 2,
                          "Plans": [
                            {
                              "Node Type": "Aggregate",
                              "Strategy": "Sorted",
                              "Partial Mode": "Partial",
                              "Parent Relationship": "Outer",
                              "Parallel Aware": false,
                              "Async Capable": false,
                              "Startup Cost": 481522.72,
                              "Total Cost": 481545.64,
                              "Plan Rows": 62,
                              "Plan Width": 49,
                              "Group Key": [
                                "item_2.i_item_id"
                              ],
                              "Plans": [
                                {
                                  "Node Type": "Merge Join",
                                  "Parent Relationship": "Outer",
                                  "Parallel Aware": false,
                                  "Async Capable": false,
                                  "Join Type": "Semi",
                                  "Startup Cost": 481522.72,
                                  "Total Cost": 481544.56,
                                  "Plan Rows": 62,
                                  "Plan Width": 23,
                                  "Inner Unique": false,
                                  "Merge Cond": "(item_2.i_item_id = item_3.i_item_id)",
                                  "Plans": [
                                    {
                                      "Node Type": "Sort",
                                      "Parent Relationship": "Outer",
                                      "Parallel Aware": false,
                                      "Async Capable": false,
                                      "Startup Cost": 472955.87,
                                      "Total Cost": 472957.94,
                                      "Plan Rows": 827,
                                      "Plan Width": 23,
                                      "Sort Key": [
                                        "item_2.i_item_id"
                                      ],
                                      "Plans": [
                                        {
                                          "Node Type": "Hash Join",
                                          "Parent Relationship": "Outer",
                                          "Parallel Aware": true,
                                          "Async Capable": false,
                                          "Join Type": "Inner",
                                          "Startup Cost": 465363.97,
                                          "Total Cost": 472915.79,
                                          "Plan Rows": 827,
                                          "Plan Width": 23,
                                          "Inner Unique": false,
                                          "Hash Cond": "(item_2.i_item_sk = catalog_sales.cs_item_sk)",
                                          "Plans": [
                                            {
                                              "Node Type": "Seq Scan",
                                              "Parent Relationship": "Outer",
                                              "Parallel Aware": true,
                                              "Async Capable": false,
                                              "Relation Name": "item",
                                              "Alias": "item_2",
                                              "Startup Cost": 0.0,
                                              "Total Cost": 7389.0,
                                              "Plan Rows": 42500,
                                              "Plan Width": 21,
                                              "parent": 26,
                                              "ID": 27
                                            },
                                            {
                                              "Node Type": "Hash",
                                              "Parent Relationship": "Inner",
                                              "Parallel Aware": true,
                                              "Async Capable": false,
                                              "Startup Cost": 465353.63,
                                              "Total Cost": 465353.63,
                                              "Plan Rows": 827,
                                              "Plan Width": 10,
                                              "Plans": [
                                                {
                                                  "Node Type": "Hash Join",
                                                  "Parent Relationship": "Outer",
                                                  "Parallel Aware": true,
                                                  "Async Capable": false,
                                                  "Join Type": "Inner",
                                                  "Startup Cost": 458281.63,
                                                  "Total Cost": 465353.63,
                                                  "Plan Rows": 827,
                                                  "Plan Width": 10,
                                                  "Inner Unique": false,
                                                  "Hash Cond": "(customer_address_1.ca_address_sk = catalog_sales.cs_bill_addr_sk)",
                                                  "Plans": [
                                                    {
                                                      "Node Type": "Seq Scan",
                                                      "Parent Relationship": "Outer",
                                                      "Parallel Aware": true,
                                                      "Async Capable": false,
                                                      "Relation Name": "customer_address",
                                                      "Alias": "customer_address_1",
                                                      "Startup Cost": 0.0,
                                                      "Total Cost": 6737.08,
                                                      "Plan Rows": 37882,
                                                      "Plan Width": 4,
                                                      "Filter": "(ca_gmt_offset = '-5'::numeric)",
                                                      "parent": 29,
                                                      "ID": 30
                                                    },
                                                    {
                                                      "Node Type": "Hash",
                                                      "Parent Relationship": "Inner",
                                                      "Parallel Aware": true,
                                                      "Async Capable": false,
                                                      "Startup Cost": 458253.04,
                                                      "Total Cost": 458253.04,
                                                      "Plan Rows": 2287,
                                                      "Plan Width": 14,
                                                      "Plans": [
                                                        {
                                                          "Node Type": "Hash Join",
                                                          "Parent Relationship": "Outer",
                                                          "Parallel Aware": true,
                                                          "Async Capable": false,
                                                          "Join Type": "Inner",
                                                          "Startup Cost": 2049.75,
                                                          "Total Cost": 458253.04,
                                                          "Plan Rows": 2287,
                                                          "Plan Width": 14,
                                                          "Inner Unique": false,
                                                          "Hash Cond": "(catalog_sales.cs_sold_date_sk = date_dim_1.d_date_sk)",
                                                          "Plans": [
                                                            {
                                                              "Node Type": "Seq Scan",
                                                              "Parent Relationship": "Outer",
                                                              "Parallel Aware": true,
                                                              "Async Capable": false,
                                                              "Relation Name": "catalog_sales",
                                                              "Alias": "catalog_sales",
                                                              "Startup Cost": 0.0,
                                                              "Total Cost": 433688.25,
                                                              "Plan Rows": 6000525,
                                                              "Plan Width": 18,
                                                              "parent": 32,
                                                              "ID": 33
                                                            },
                                                            {
                                                              "Node Type": "Hash",
                                                              "Parent Relationship": "Inner",
                                                              "Parallel Aware": true,
                                                              "Async Capable": false,
                                                              "Startup Cost": 2049.55,
                                                              "Total Cost": 2049.55,
                                                              "Plan Rows": 16,
                                                              "Plan Width": 4,
                                                              "Plans": [
                                                                {
                                                                  "Node Type": "Seq Scan",
                                                                  "Parent Relationship": "Outer",
                                                                  "Parallel Aware": true,
                                                                  "Async Capable": false,
                                                                  "Relation Name": "date_dim",
                                                                  "Alias": "date_dim_1",
                                                                  "Startup Cost": 0.0,
                                                                  "Total Cost": 2049.55,
                                                                  "Plan Rows": 16,
                                                                  "Plan Width": 4,
                                                                  "Filter": "((d_year = 1999) AND (d_moy = 2))",
                                                                  "parent": 34,
                                                                  "ID": 35
                                                                }
                                                              ],
                                                              "parent": 32,
                                                              "ID": 34,
                                                              "left": 35
                                                            }
                                                          ],
                                                          "parent": 31,
                                                          "ID": 32,
                                                          "left": 33,
                                                          "right": 34
                                                        }
                                                      ],
                                                      "parent": 29,
                                                      "ID": 31,
                                                      "left": 32
                                                    }
                                                  ],
                                                  "parent": 28,
                                                  "ID": 29,
                                                  "left": 30,
                                                  "right": 31
                                                }
                                              ],
                                              "parent": 26,
                                              "ID": 28,
                                              "left": 29
                                            }
                                          ],
                                          "parent": 25,
                                          "ID": 26,
                                          "left": 27,
                                          "right": 28
                                        }
                                      ],
                                      "parent": 24,
                                      "ID": 25,
                                      "left": 26
                                    },
                                    {
                                      "Node Type": "Sort",
                                      "Parent Relationship": "Inner",
                                      "Parallel Aware": false,
                                      "Async Capable": false,
                                      "Startup Cost": 8566.85,
                                      "Total Cost": 8575.39,
                                      "Plan Rows": 3414,
                                      "Plan Width": 17,
                                      "Sort Key": [
                                        "item_3.i_item_id"
                                      ],
                                      "Plans": [
                                        {
                                          "Node Type": "Seq Scan",
                                          "Parent Relationship": "Outer",
                                          "Parallel Aware": false,
                                          "Async Capable": false,
                                          "Relation Name": "item",
                                          "Alias": "item_3",
                                          "Startup Cost": 0.0,
                                          "Total Cost": 8366.5,
                                          "Plan Rows": 3414,
                                          "Plan Width": 17,
                                          "Filter": "(i_color = ANY ('{frosted,red,olive}'::bpchar[]))",
                                          "parent": 36,
                                          "ID": 37
                                        }
                                      ],
                                      "parent": 24,
                                      "ID": 36,
                                      "left": 37
                                    }
                                  ],
                                  "parent": 23,
                                  "ID": 24,
                                  "left": 25,
                                  "right": 36
                                }
                              ],
                              "parent": 22,
                              "ID": 23,
                              "left": 24
                            }
                          ],
                          "parent": 21,
                          "ID": 22,
                          "left": 23
                        }
                      ],
                      "parent": 3,
                      "ID": 21,
                      "left": 22
                    },
                    {
                      "Node Type": "Aggregate",
                      "Strategy": "Sorted",
                      "Partial Mode": "Simple",
                      "Parent Relationship": "Member",
                      "Parallel Aware": false,
                      "Async Capable": false,
                      "Startup Cost": 255195.79,
                      "Total Cost": 255197.31,
                      "Plan Rows": 76,
                      "Plan Width": 49,
                      "Group Key": [
                        "item_4.i_item_id"
                      ],
                      "Plans": [
                        {
                          "Node Type": "Sort",
                          "Parent Relationship": "Outer",
                          "Parallel Aware": false,
                          "Async Capable": false,
                          "Startup Cost": 255195.79,
                          "Total Cost": 255195.98,
                          "Plan Rows": 76,
                          "Plan Width": 23,
                          "Sort Key": [
                            "item_4.i_item_id"
                          ],
                          "Plans": [
                            {
                              "Node Type": "Hash Join",
                              "Parent Relationship": "Outer",
                              "Parallel Aware": false,
                              "Async Capable": false,
                              "Join Type": "Semi",
                              "Startup Cost": 247539.43,
                              "Total Cost": 255193.42,
                              "Plan Rows": 76,
                              "Plan Width": 23,
                              "Inner Unique": false,
                              "Hash Cond": "(item_4.i_item_id = item_5.i_item_id)",
                              "Plans": [
                                {
                                  "Node Type": "Gather",
                                  "Parent Relationship": "Outer",
                                  "Parallel Aware": false,
                                  "Async Capable": false,
                                  "Startup Cost": 239130.25,
                                  "Total Cost": 246780.67,
                                  "Plan Rows": 1003,
                                  "Plan Width": 23,
                                  "Workers Planned": 2,
                                  "Single Copy": false,
                                  "Plans": [
                                    {
                                      "Node Type": "Hash Join",
                                      "Parent Relationship": "Outer",
                                      "Parallel Aware": true,
                                      "Async Capable": false,
                                      "Join Type": "Inner",
                                      "Startup Cost": 238130.25,
                                      "Total Cost": 245680.37,
                                      "Plan Rows": 418,
                                      "Plan Width": 23,
                                      "Inner Unique": false,
                                      "Hash Cond": "(item_4.i_item_sk = web_sales.ws_item_sk)",
                                      "Plans": [
                                        {
                                          "Node Type": "Seq Scan",
                                          "Parent Relationship": "Outer",
                                          "Parallel Aware": true,
                                          "Async Capable": false,
                                          "Relation Name": "item",
                                          "Alias": "item_4",
                                          "Startup Cost": 0.0,
                                          "Total Cost": 7389.0,
                                          "Plan Rows": 42500,
                                          "Plan Width": 21,
                                          "parent": 42,
                                          "ID": 43
                                        },
                                        {
                                          "Node Type": "Hash",
                                          "Parent Relationship": "Inner",
                                          "Parallel Aware": true,
                                          "Async Capable": false,
                                          "Startup Cost": 238125.03,
                                          "Total Cost": 238125.03,
                                          "Plan Rows": 418,
                                          "Plan Width": 10,
                                          "Plans": [
                                            {
                                              "Node Type": "Hash Join",
                                              "Parent Relationship": "Outer",
                                              "Parallel Aware": true,
                                              "Async Capable": false,
                                              "Join Type": "Inner",
                                              "Startup Cost": 231054.74,
                                              "Total Cost": 238125.03,
                                              "Plan Rows": 418,
                                              "Plan Width": 10,
                                              "Inner Unique": false,
                                              "Hash Cond": "(customer_address_2.ca_address_sk = web_sales.ws_bill_addr_sk)",
                                              "Plans": [
                                                {
                                                  "Node Type": "Seq Scan",
                                                  "Parent Relationship": "Outer",
                                                  "Parallel Aware": true,
                                                  "Async Capable": false,
                                                  "Relation Name": "customer_address",
                                                  "Alias": "customer_address_2",
                                                  "Startup Cost": 0.0,
                                                  "Total Cost": 6737.08,
                                                  "Plan Rows": 37882,
                                                  "Plan Width": 4,
                                                  "Filter": "(ca_gmt_offset = '-5'::numeric)",
                                                  "parent": 45,
                                                  "ID": 46
                                                },
                                                {
                                                  "Node Type": "Hash",
                                                  "Parent Relationship": "Inner",
                                                  "Parallel Aware": true,
                                                  "Async Capable": false,
                                                  "Startup Cost": 231040.38,
                                                  "Total Cost": 231040.38,
                                                  "Plan Rows": 1149,
                                                  "Plan Width": 14,
                                                  "Plans": [
                                                    {
                                                      "Node Type": "Hash Join",
                                                      "Parent Relationship": "Outer",
                                                      "Parallel Aware": true,
                                                      "Async Capable": false,
                                                      "Join Type": "Inner",
                                                      "Startup Cost": 2049.75,
                                                      "Total Cost": 231040.38,
                                                      "Plan Rows": 1149,
                                                      "Plan Width": 14,
                                                      "Inner Unique": false,
                                                      "Hash Cond": "(web_sales.ws_sold_date_sk = date_dim_2.d_date_sk)",
                                                      "Plans": [
                                                        {
                                                          "Node Type": "Seq Scan",
                                                          "Parent Relationship": "Outer",
                                                          "Parallel Aware": true,
                                                          "Async Capable": false,
                                                          "Relation Name": "web_sales",
                                                          "Alias": "web_sales",
                                                          "Startup Cost": 0.0,
                                                          "Total Cost": 217737.86,
                                                          "Plan Rows": 2998986,
                                                          "Plan Width": 18,
                                                          "parent": 48,
                                                          "ID": 49
                                                        },
                                                        {
                                                          "Node Type": "Hash",
                                                          "Parent Relationship": "Inner",
                                                          "Parallel Aware": true,
                                                          "Async Capable": false,
                                                          "Startup Cost": 2049.55,
                                                          "Total Cost": 2049.55,
                                                          "Plan Rows": 16,
                                                          "Plan Width": 4,
                                                          "Plans": [
                                                            {
                                                              "Node Type": "Seq Scan",
                                                              "Parent Relationship": "Outer",
                                                              "Parallel Aware": true,
                                                              "Async Capable": false,
                                                              "Relation Name": "date_dim",
                                                              "Alias": "date_dim_2",
                                                              "Startup Cost": 0.0,
                                                              "Total Cost": 2049.55,
                                                              "Plan Rows": 16,
                                                              "Plan Width": 4,
                                                              "Filter": "((d_year = 1999) AND (d_moy = 2))",
                                                              "parent": 50,
                                                              "ID": 51
                                                            }
                                                          ],
                                                          "parent": 48,
                                                          "ID": 50,
                                                          "left": 51
                                                        }
                                                      ],
                                                      "parent": 47,
                                                      "ID": 48,
                                                      "left": 49,
                                                      "right": 50
                                                    }
                                                  ],
                                                  "parent": 45,
                                                  "ID": 47,
                                                  "left": 48
                                                }
                                              ],
                                              "parent": 44,
                                              "ID": 45,
                                              "left": 46,
                                              "right": 47
                                            }
                                          ],
                                          "parent": 42,
                                          "ID": 44,
                                          "left": 45
                                        }
                                      ],
                                      "parent": 41,
                                      "ID": 42,
                                      "left": 43,
                                      "right": 44
                                    }
                                  ],
                                  "parent": 40,
                                  "ID": 41,
                                  "left": 42
                                },
                                {
                                  "Node Type": "Hash",
                                  "Parent Relationship": "Inner",
                                  "Parallel Aware": false,
                                  "Async Capable": false,
                                  "Startup Cost": 8366.5,
                                  "Total Cost": 8366.5,
                                  "Plan Rows": 3414,
                                  "Plan Width": 17,
                                  "Plans": [
                                    {
                                      "Node Type": "Seq Scan",
                                      "Parent Relationship": "Outer",
                                      "Parallel Aware": false,
                                      "Async Capable": false,
                                      "Relation Name": "item",
                                      "Alias": "item_5",
                                      "Startup Cost": 0.0,
                                      "Total Cost": 8366.5,
                                      "Plan Rows": 3414,
                                      "Plan Width": 17,
                                      "Filter": "(i_color = ANY ('{frosted,red,olive}'::bpchar[]))",
                                      "parent": 52,
                                      "ID": 53
                                    }
                                  ],
                                  "parent": 40,
                                  "ID": 52,
                                  "left": 53
                                }
                              ],
                              "parent": 39,
                              "ID": 40,
                              "left": 41,
                              "right": 52
                            }
                          ],
                          "parent": 38,
                          "ID": 39,
                          "left": 40
                        }
                      ],
                      "parent": 3,
                      "ID": 38,
                      "left": 39
                    }
                  ],
                  "parent": 2,
                  "ID": 3,
                  "left": 4,
                  "right": 21
                }
              ],
              "parent": 1,
              "ID": 2,
              "left": 3
            }
          ],
          "parent": 0,
          "ID": 1,
          "left": 2
        }
      ],
      "parent": null,
      "ID": 0,
      "left": 1
    },
    "feat": {
      "utility": 0.01727371665319097,
      "query_shape": [
        [
          "Seq Scan",
          "Hash Join",
          "Sort",
          "Merge Join",
          "Aggregate",
          "Gather Merge",
          "Merge Append"
        ],
        [
          "Seq Scan",
          "Hash Join",
          "Hash",
          "Sort",
          "Merge Join",
          "Aggregate",
          "Gather Merge",
          "Merge Append"
        ],
        [
          "Seq Scan",
          "Hash Join",
          "Hash",
          "Sort",
          "Merge Join",
          "Aggregate",
          "Gather Merge",
          "Merge Append"
        ],
        [
          "Seq Scan",
          "Hash",
          "Hash Join",
          "Sort",
          "Merge Join",
          "Aggregate",
          "Gather Merge",
          "Merge Append"
        ],
        [
          "Seq Scan",
          "Sort",
          "Merge Join",
          "Aggregate",
          "Gather Merge",
          "Merge Append"
        ],
        [
          "Seq Scan",
          "Hash Join",
          "Sort",
          "Merge Join",
          "Aggregate",
          "Gather Merge",
          "Merge Append"
        ],
        [
          "Seq Scan",
          "Hash Join",
          "Hash",
          "Sort",
          "Merge Join",
          "Aggregate",
          "Gather Merge",
          "Merge Append"
        ],
        [
          "Seq Scan",
          "Hash Join",
          "Hash",
          "Sort",
          "Merge Join",
          "Aggregate",
          "Gather Merge",
          "Merge Append"
        ],
        [
          "Seq Scan",
          "Hash",
          "Hash Join",
          "Sort",
          "Merge Join",
          "Aggregate",
          "Gather Merge",
          "Merge Append"
        ],
        [
          "Seq Scan",
          "Sort",
          "Merge Join",
          "Aggregate",
          "Gather Merge",
          "Merge Append"
        ],
        [
          "Seq Scan",
          "Hash Join",
          "Gather",
          "Sort",
          "Aggregate",
          "Merge Append"
        ],
        [
          "Seq Scan",
          "Hash Join",
          "Hash",
          "Gather",
          "Sort",
          "Aggregate",
          "Merge Append"
        ],
        [
          "Seq Scan",
          "Hash Join",
          "Hash",
          "Gather",
          "Sort",
          "Aggregate",
          "Merge Append"
        ],
        [
          "Seq Scan",
          "Hash",
          "Hash Join",
          "Gather",
          "Sort",
          "Aggregate",
          "Merge Append"
        ],
        [
          "Seq Scan",
          "Hash",
          "Hash Join",
          "Sort",
          "Aggregate",
          "Merge Append"
        ]
      ],
      "index_shape": [
        "join"
      ],
      "physical_operator": {
        "Hash Join": [
          0.00485071250072666,
          0.00485071250072666,
          0.00485071250072666
        ]
      }
    }
  },
  {
    "query": "with ss as (\n select i_item_id,sum(ss_ext_sales_price) total_sales\n from\n \tstore_sales,\n \tdate_dim,\n         customer_address,\n         item\n where i_item_id in (select\n     i_item_id\nfrom item\nwhere i_color in ('frosted','red','olive'))\n and     ss_item_sk              = i_item_sk\n and     ss_sold_date_sk         = d_date_sk\n and     d_year                  = 1999\n and     d_moy                   = 2\n and     ss_addr_sk              = ca_address_sk\n and     ca_gmt_offset           = -5 \n group by i_item_id),\n cs as (\n select i_item_id,sum(cs_ext_sales_price) total_sales\n from\n \tcatalog_sales,\n \tdate_dim,\n         customer_address,\n         item\n where\n         i_item_id               in (select\n  i_item_id\nfrom item\nwhere i_color in ('frosted','red','olive'))\n and     cs_item_sk              = i_item_sk\n and     cs_sold_date_sk         = d_date_sk\n and     d_year                  = 1999\n and     d_moy                   = 2\n and     cs_bill_addr_sk         = ca_address_sk\n and     ca_gmt_offset           = -5 \n group by i_item_id),\n ws as (\n select i_item_id,sum(ws_ext_sales_price) total_sales\n from\n \tweb_sales,\n \tdate_dim,\n         customer_address,\n         item\n where\n         i_item_id               in (select\n  i_item_id\nfrom item\nwhere i_color in ('frosted','red','olive'))\n and     ws_item_sk              = i_item_sk\n and     ws_sold_date_sk         = d_date_sk\n and     d_year                  = 1999\n and     d_moy                   = 2\n and     ws_bill_addr_sk         = ca_address_sk\n and     ca_gmt_offset           = -5\n group by i_item_id)\n  select  i_item_id ,sum(total_sales) total_sales\n from  (select * from ss \n        union all\n        select * from cs \n        union all\n        select * from ws) tmp1\n group by i_item_id\n order by total_sales,\n          i_item_id\n limit 100;\n\n-- end query 40 in stream 3 using template query56.tpl\n",
    "indexes": "item.i_item_id",
    "wo plan est": {
      "Node Type": "Limit",
      "Parallel Aware": false,
      "Async Capable": false,
      "Startup Cost": 1445997.16,
      "Total Cost": 1445997.41,
      "Plan Rows": 100,
      "Plan Width": 49,
      "Plans": [
        {
          "Node Type": "Sort",
          "Parent Relationship": "Outer",
          "Parallel Aware": false,
          "Async Capable": false,
          "Startup Cost": 1445997.16,
          "Total Cost": 1445997.66,
          "Plan Rows": 200,
          "Plan Width": 49,
          "Sort Key": [
            "(sum((sum(store_sales.ss_ext_sales_price))))",
            "item.i_item_id"
          ],
          "Plans": [
            {
              "Node Type": "Aggregate",
              "Strategy": "Sorted",
              "Partial Mode": "Simple",
              "Parent Relationship": "Outer",
              "Parallel Aware": false,
              "Async Capable": false,
              "Startup Cost": 1445871.82,
              "Total Cost": 1445989.52,
              "Plan Rows": 200,
              "Plan Width": 49,
              "Group Key": [
                "item.i_item_id"
              ],
              "Plans": [
                {
                  "Node Type": "Merge Append",
                  "Parent Relationship": "Outer",
                  "Parallel Aware": false,
                  "Async Capable": false,
                  "Startup Cost": 1445871.82,
                  "Total Cost": 1445984.5,
                  "Plan Rows": 503,
                  "Plan Width": 49,
                  "Sort Key": [
                    "item.i_item_id"
                  ],
                  "Subplans Removed": 0,
                  "Plans": [
                    {
                      "Node Type": "Aggregate",
                      "Strategy": "Sorted",
                      "Partial Mode": "Finalize",
                      "Parent Relationship": "Member",
                      "Parallel Aware": false,
                      "Async Capable": false,
                      "Startup Cost": 708153.26,
                      "Total Cost": 708212.85,
                      "Plan Rows": 277,
                      "Plan Width": 49,
                      "Group Key": [
                        "item.i_item_id"
                      ],
                      "Plans": [
                        {
                          "Node Type": "Gather Merge",
                          "Parent Relationship": "Outer",
                          "Parallel Aware": false,
                          "Async Capable": false,
                          "Startup Cost": 708153.26,
                          "Total Cost": 708207.66,
                          "Plan Rows": 230,
                          "Plan Width": 49,
                          "Workers Planned": 2,
                          "Plans": [
                            {
                              "Node Type": "Aggregate",
                              "Strategy": "Sorted",
                              "Partial Mode": "Partial",
                              "Parent Relationship": "Outer",
                              "Parallel Aware": false,
                              "Async Capable": false,
                              "Startup Cost": 707153.23,
                              "Total Cost": 707181.09,
                              "Plan Rows": 115,
                              "Plan Width": 49,
                              "Group Key": [
                                "item.i_item_id"
                              ],
                              "Plans": [
                                {
                                  "Node Type": "Merge Join",
                                  "Parent Relationship": "Outer",
                                  "Parallel Aware": false,
                                  "Async Capable": false,
                                  "Join Type": "Semi",
                                  "Startup Cost": 707153.23,
                                  "Total Cost": 707179.08,
                                  "Plan Rows": 115,
                                  "Plan Width": 23,
                                  "Inner Unique": false,
                                  "Merge Cond": "(item.i_item_id = item_1.i_item_id)",
                                  "Plans": [
                                    {
                                      "Node Type": "Sort",
                                      "Parent Relationship": "Outer",
                                      "Parallel Aware": false,
                                      "Async Capable": false,
                                      "Startup Cost": 698586.38,
                                      "Total Cost": 698590.19,
                                      "Plan Rows": 1525,
                                      "Plan Width": 23,
                                      "Sort Key": [
                                        "item.i_item_id"
                                      ],
                                      "Plans": [
                                        {
                                          "Node Type": "Hash Join",
                                          "Parent Relationship": "Outer",
                                          "Parallel Aware": true,
                                          "Async Capable": false,
                                          "Join Type": "Inner",
                                          "Startup Cost": 690951.02,
                                          "Total Cost": 698505.75,
                                          "Plan Rows": 1525,
                                          "Plan Width": 23,
                                          "Inner Unique": false,
                                          "Hash Cond": "(item.i_item_sk = store_sales.ss_item_sk)",
                                          "Plans": [
                                            {
                                              "Node Type": "Seq Scan",
                                              "Parent Relationship": "Outer",
                                              "Parallel Aware": true,
                                              "Async Capable": false,
                                              "Relation Name": "item",
                                              "Alias": "item",
                                              "Startup Cost": 0.0,
                                              "Total Cost": 7389.0,
                                              "Plan Rows": 42500,
                                              "Plan Width": 21,
                                              "parent": 9,
                                              "ID": 10
                                            },
                                            {
                                              "Node Type": "Hash",
                                              "Parent Relationship": "Inner",
                                              "Parallel Aware": true,
                                              "Async Capable": false,
                                              "Startup Cost": 690931.96,
                                              "Total Cost": 690931.96,
                                              "Plan Rows": 1525,
                                              "Plan Width": 10,
                                              "Plans": [
                                                {
                                                  "Node Type": "Hash Join",
                                                  "Parent Relationship": "Outer",
                                                  "Parallel Aware": true,
                                                  "Async Capable": false,
                                                  "Join Type": "Inner",
                                                  "Startup Cost": 684046.46,
                                                  "Total Cost": 690931.96,
                                                  "Plan Rows": 1525,
                                                  "Plan Width": 10,
                                                  "Inner Unique": false,
                                                  "Hash Cond": "(customer_address.ca_address_sk = store_sales.ss_addr_sk)",
                                                  "Plans": [
                                                    {
                                                      "Node Type": "Seq Scan",
                                                      "Parent Relationship": "Outer",
                                                      "Parallel Aware": true,
                                                      "Async Capable": false,
                                                      "Relation Name": "customer_address",
                                                      "Alias": "customer_address",
                                                      "Startup Cost": 0.0,
                                                      "Total Cost": 6737.08,
                                                      "Plan Rows": 37882,
                                                      "Plan Width": 4,
                                                      "Filter": "(ca_gmt_offset = '-5'::numeric)",
                                                      "parent": 12,
                                                      "ID": 13
                                                    },
                                                    {
                                                      "Node Type": "Hash",
                                                      "Parent Relationship": "Inner",
                                                      "Parallel Aware": true,
                                                      "Async Capable": false,
                                                      "Startup Cost": 683991.59,
                                                      "Total Cost": 683991.59,
                                                      "Plan Rows": 4390,
                                                      "Plan Width": 14,
                                                      "Plans": [
                                                        {
                                                          "Node Type": "Hash Join",
                                                          "Parent Relationship": "Outer",
                                                          "Parallel Aware": true,
                                                          "Async Capable": false,
                                                          "Join Type": "Inner",
                                                          "Startup Cost": 2049.75,
                                                          "Total Cost": 683991.59,
                                                          "Plan Rows": 4390,
                                                          "Plan Width": 14,
                                                          "Inner Unique": false,
                                                          "Hash Cond": "(store_sales.ss_sold_date_sk = date_dim.d_date_sk)",
                                                          "Plans": [
                                                            {
                                                              "Node Type": "Seq Scan",
                                                              "Parent Relationship": "Outer",
                                                              "Parallel Aware": true,
                                                              "Async Capable": false,
                                                              "Relation Name": "store_sales",
                                                              "Alias": "store_sales",
                                                              "Startup Cost": 0.0,
                                                              "Total Cost": 636914.37,
                                                              "Plan Rows": 12000637,
                                                              "Plan Width": 18,
                                                              "parent": 15,
                                                              "ID": 16
                                                            },
                                                            {
                                                              "Node Type": "Hash",
                                                              "Parent Relationship": "Inner",
                                                              "Parallel Aware": true,
                                                              "Async Capable": false,
                                                              "Startup Cost": 2049.55,
                                                              "Total Cost": 2049.55,
                                                              "Plan Rows": 16,
                                                              "Plan Width": 4,
                                                              "Plans": [
                                                                {
                                                                  "Node Type": "Seq Scan",
                                                                  "Parent Relationship": "Outer",
                                                                  "Parallel Aware": true,
                                                                  "Async Capable": false,
                                                                  "Relation Name": "date_dim",
                                                                  "Alias": "date_dim",
                                                                  "Startup Cost": 0.0,
                                                                  "Total Cost": 2049.55,
                                                                  "Plan Rows": 16,
                                                                  "Plan Width": 4,
                                                                  "Filter": "((d_year = 1999) AND (d_moy = 2))",
                                                                  "parent": 17,
                                                                  "ID": 18
                                                                }
                                                              ],
                                                              "parent": 15,
                                                              "ID": 17,
                                                              "left": 18
                                                            }
                                                          ],
                                                          "parent": 14,
                                                          "ID": 15,
                                                          "left": 16,
                                                          "right": 17
                                                        }
                                                      ],
                                                      "parent": 12,
                                                      "ID": 14,
                                                      "left": 15
                                                    }
                                                  ],
                                                  "parent": 11,
                                                  "ID": 12,
                                                  "left": 13,
                                                  "right": 14
                                                }
                                              ],
                                              "parent": 9,
                                              "ID": 11,
                                              "left": 12
                                            }
                                          ],
                                          "parent": 8,
                                          "ID": 9,
                                          "left": 10,
                                          "right": 11
                                        }
                                      ],
                                      "parent": 7,
                                      "ID": 8,
                                      "left": 9
                                    },
                                    {
                                      "Node Type": "Sort",
                                      "Parent Relationship": "Inner",
                                      "Parallel Aware": false,
                                      "Async Capable": false,
                                      "Startup Cost": 8566.85,
                                      "Total Cost": 8575.39,
                                      "Plan Rows": 3414,
                                      "Plan Width": 17,
                                      "Sort Key": [
                                        "item_1.i_item_id"
                                      ],
                                      "Plans": [
                                        {
                                          "Node Type": "Seq Scan",
                                          "Parent Relationship": "Outer",
                                          "Parallel Aware": false,
                                          "Async Capable": false,
                                          "Relation Name": "item",
                                          "Alias": "item_1",
                                          "Startup Cost": 0.0,
                                          "Total Cost": 8366.5,
                                          "Plan Rows": 3414,
                                          "Plan Width": 17,
                                          "Filter": "(i_color = ANY ('{frosted,red,olive}'::bpchar[]))",
                                          "parent": 19,
                                          "ID": 20
                                        }
                                      ],
                                      "parent": 7,
                                      "ID": 19,
                                      "left": 20
                                    }
                                  ],
                                  "parent": 6,
                                  "ID": 7,
                                  "left": 8,
                                  "right": 19
                                }
                              ],
                              "parent": 5,
                              "ID": 6,
                              "left": 7
                            }
                          ],
                          "parent": 4,
                          "ID": 5,
                          "left": 6
                        }
                      ],
                      "parent": 3,
                      "ID": 4,
                      "left": 5
                    },
                    {
                      "Node Type": "Aggregate",
                      "Strategy": "Sorted",
                      "Partial Mode": "Finalize",
                      "Parent Relationship": "Member",
                      "Parallel Aware": false,
                      "Async Capable": false,
                      "Startup Cost": 482522.75,
                      "Total Cost": 482562.79,
                      "Plan Rows": 150,
                      "Plan Width": 49,
                      "Group Key": [
                        "item_2.i_item_id"
                      ],
                      "Plans": [
                        {
                          "Node Type": "Gather Merge",
                          "Parent Relationship": "Outer",
                          "Parallel Aware": false,
                          "Async Capable": false,
                          "Startup Cost": 482522.75,
                          "Total Cost": 482559.98,
                          "Plan Rows": 124,
                          "Plan Width": 49,
                          "Workers Planned": 2,
                          "Plans": [
                            {
                              "Node Type": "Aggregate",
                              "Strategy": "Sorted",
                              "Partial Mode": "Partial",
                              "Parent Relationship": "Outer",
                              "Parallel Aware": false,
                              "Async Capable": false,
                              "Startup Cost": 481522.72,
                              "Total Cost": 481545.64,
                              "Plan Rows": 62,
                              "Plan Width": 49,
                              "Group Key": [
                                "item_2.i_item_id"
                              ],
                              "Plans": [
                                {
                                  "Node Type": "Merge Join",
                                  "Parent Relationship": "Outer",
                                  "Parallel Aware": false,
                                  "Async Capable": false,
                                  "Join Type": "Semi",
                                  "Startup Cost": 481522.72,
                                  "Total Cost": 481544.56,
                                  "Plan Rows": 62,
                                  "Plan Width": 23,
                                  "Inner Unique": false,
                                  "Merge Cond": "(item_2.i_item_id = item_3.i_item_id)",
                                  "Plans": [
                                    {
                                      "Node Type": "Sort",
                                      "Parent Relationship": "Outer",
                                      "Parallel Aware": false,
                                      "Async Capable": false,
                                      "Startup Cost": 472955.87,
                                      "Total Cost": 472957.94,
                                      "Plan Rows": 827,
                                      "Plan Width": 23,
                                      "Sort Key": [
                                        "item_2.i_item_id"
                                      ],
                                      "Plans": [
                                        {
                                          "Node Type": "Hash Join",
                                          "Parent Relationship": "Outer",
                                          "Parallel Aware": true,
                                          "Async Capable": false,
                                          "Join Type": "Inner",
                                          "Startup Cost": 465363.97,
                                          "Total Cost": 472915.79,
                                          "Plan Rows": 827,
                                          "Plan Width": 23,
                                          "Inner Unique": false,
                                          "Hash Cond": "(item_2.i_item_sk = catalog_sales.cs_item_sk)",
                                          "Plans": [
                                            {
                                              "Node Type": "Seq Scan",
                                              "Parent Relationship": "Outer",
                                              "Parallel Aware": true,
                                              "Async Capable": false,
                                              "Relation Name": "item",
                                              "Alias": "item_2",
                                              "Startup Cost": 0.0,
                                              "Total Cost": 7389.0,
                                              "Plan Rows": 42500,
                                              "Plan Width": 21,
                                              "parent": 26,
                                              "ID": 27
                                            },
                                            {
                                              "Node Type": "Hash",
                                              "Parent Relationship": "Inner",
                                              "Parallel Aware": true,
                                              "Async Capable": false,
                                              "Startup Cost": 465353.63,
                                              "Total Cost": 465353.63,
                                              "Plan Rows": 827,
                                              "Plan Width": 10,
                                              "Plans": [
                                                {
                                                  "Node Type": "Hash Join",
                                                  "Parent Relationship": "Outer",
                                                  "Parallel Aware": true,
                                                  "Async Capable": false,
                                                  "Join Type": "Inner",
                                                  "Startup Cost": 458281.63,
                                                  "Total Cost": 465353.63,
                                                  "Plan Rows": 827,
                                                  "Plan Width": 10,
                                                  "Inner Unique": false,
                                                  "Hash Cond": "(customer_address_1.ca_address_sk = catalog_sales.cs_bill_addr_sk)",
                                                  "Plans": [
                                                    {
                                                      "Node Type": "Seq Scan",
                                                      "Parent Relationship": "Outer",
                                                      "Parallel Aware": true,
                                                      "Async Capable": false,
                                                      "Relation Name": "customer_address",
                                                      "Alias": "customer_address_1",
                                                      "Startup Cost": 0.0,
                                                      "Total Cost": 6737.08,
                                                      "Plan Rows": 37882,
                                                      "Plan Width": 4,
                                                      "Filter": "(ca_gmt_offset = '-5'::numeric)",
                                                      "parent": 29,
                                                      "ID": 30
                                                    },
                                                    {
                                                      "Node Type": "Hash",
                                                      "Parent Relationship": "Inner",
                                                      "Parallel Aware": true,
                                                      "Async Capable": false,
                                                      "Startup Cost": 458253.04,
                                                      "Total Cost": 458253.04,
                                                      "Plan Rows": 2287,
                                                      "Plan Width": 14,
                                                      "Plans": [
                                                        {
                                                          "Node Type": "Hash Join",
                                                          "Parent Relationship": "Outer",
                                                          "Parallel Aware": true,
                                                          "Async Capable": false,
                                                          "Join Type": "Inner",
                                                          "Startup Cost": 2049.75,
                                                          "Total Cost": 458253.04,
                                                          "Plan Rows": 2287,
                                                          "Plan Width": 14,
                                                          "Inner Unique": false,
                                                          "Hash Cond": "(catalog_sales.cs_sold_date_sk = date_dim_1.d_date_sk)",
                                                          "Plans": [
                                                            {
                                                              "Node Type": "Seq Scan",
                                                              "Parent Relationship": "Outer",
                                                              "Parallel Aware": true,
                                                              "Async Capable": false,
                                                              "Relation Name": "catalog_sales",
                                                              "Alias": "catalog_sales",
                                                              "Startup Cost": 0.0,
                                                              "Total Cost": 433688.25,
                                                              "Plan Rows": 6000525,
                                                              "Plan Width": 18,
                                                              "parent": 32,
                                                              "ID": 33
                                                            },
                                                            {
                                                              "Node Type": "Hash",
                                                              "Parent Relationship": "Inner",
                                                              "Parallel Aware": true,
                                                              "Async Capable": false,
                                                              "Startup Cost": 2049.55,
                                                              "Total Cost": 2049.55,
                                                              "Plan Rows": 16,
                                                              "Plan Width": 4,
                                                              "Plans": [
                                                                {
                                                                  "Node Type": "Seq Scan",
                                                                  "Parent Relationship": "Outer",
                                                                  "Parallel Aware": true,
                                                                  "Async Capable": false,
                                                                  "Relation Name": "date_dim",
                                                                  "Alias": "date_dim_1",
                                                                  "Startup Cost": 0.0,
                                                                  "Total Cost": 2049.55,
                                                                  "Plan Rows": 16,
                                                                  "Plan Width": 4,
                                                                  "Filter": "((d_year = 1999) AND (d_moy = 2))",
                                                                  "parent": 34,
                                                                  "ID": 35
                                                                }
                                                              ],
                                                              "parent": 32,
                                                              "ID": 34,
                                                              "left": 35
                                                            }
                                                          ],
                                                          "parent": 31,
                                                          "ID": 32,
                                                          "left": 33,
                                                          "right": 34
                                                        }
                                                      ],
                                                      "parent": 29,
                                                      "ID": 31,
                                                      "left": 32
                                                    }
                                                  ],
                                                  "parent": 28,
                                                  "ID": 29,
                                                  "left": 30,
                                                  "right": 31
                                                }
                                              ],
                                              "parent": 26,
                                              "ID": 28,
                                              "left": 29
                                            }
                                          ],
                                          "parent": 25,
                                          "ID": 26,
                                          "left": 27,
                                          "right": 28
                                        }
                                      ],
                                      "parent": 24,
                                      "ID": 25,
                                      "left": 26
                                    },
                                    {
                                      "Node Type": "Sort",
                                      "Parent Relationship": "Inner",
                                      "Parallel Aware": false,
                                      "Async Capable": false,
                                      "Startup Cost": 8566.85,
                                      "Total Cost": 8575.39,
                                      "Plan Rows": 3414,
                                      "Plan Width": 17,
                                      "Sort Key": [
                                        "item_3.i_item_id"
                                      ],
                                      "Plans": [
                                        {
                                          "Node Type": "Seq Scan",
                                          "Parent Relationship": "Outer",
                                          "Parallel Aware": false,
                                          "Async Capable": false,
                                          "Relation Name": "item",
                                          "Alias": "item_3",
                                          "Startup Cost": 0.0,
                                          "Total Cost": 8366.5,
                                          "Plan Rows": 3414,
                                          "Plan Width": 17,
                                          "Filter": "(i_color = ANY ('{frosted,red,olive}'::bpchar[]))",
                                          "parent": 36,
                                          "ID": 37
                                        }
                                      ],
                                      "parent": 24,
                                      "ID": 36,
                                      "left": 37
                                    }
                                  ],
                                  "parent": 23,
                                  "ID": 24,
                                  "left": 25,
                                  "right": 36
                                }
                              ],
                              "parent": 22,
                              "ID": 23,
                              "left": 24
                            }
                          ],
                          "parent": 21,
                          "ID": 22,
                          "left": 23
                        }
                      ],
                      "parent": 3,
                      "ID": 21,
                      "left": 22
                    },
                    {
                      "Node Type": "Aggregate",
                      "Strategy": "Sorted",
                      "Partial Mode": "Simple",
                      "Parent Relationship": "Member",
                      "Parallel Aware": false,
                      "Async Capable": false,
                      "Startup Cost": 255195.79,
                      "Total Cost": 255197.31,
                      "Plan Rows": 76,
                      "Plan Width": 49,
                      "Group Key": [
                        "item_4.i_item_id"
                      ],
                      "Plans": [
                        {
                          "Node Type": "Sort",
                          "Parent Relationship": "Outer",
                          "Parallel Aware": false,
                          "Async Capable": false,
                          "Startup Cost": 255195.79,
                          "Total Cost": 255195.98,
                          "Plan Rows": 76,
                          "Plan Width": 23,
                          "Sort Key": [
                            "item_4.i_item_id"
                          ],
                          "Plans": [
                            {
                              "Node Type": "Hash Join",
                              "Parent Relationship": "Outer",
                              "Parallel Aware": false,
                              "Async Capable": false,
                              "Join Type": "Semi",
                              "Startup Cost": 247539.43,
                              "Total Cost": 255193.42,
                              "Plan Rows": 76,
                              "Plan Width": 23,
                              "Inner Unique": false,
                              "Hash Cond": "(item_4.i_item_id = item_5.i_item_id)",
                              "Plans": [
                                {
                                  "Node Type": "Gather",
                                  "Parent Relationship": "Outer",
                                  "Parallel Aware": false,
                                  "Async Capable": false,
                                  "Startup Cost": 239130.25,
                                  "Total Cost": 246780.67,
                                  "Plan Rows": 1003,
                                  "Plan Width": 23,
                                  "Workers Planned": 2,
                                  "Single Copy": false,
                                  "Plans": [
                                    {
                                      "Node Type": "Hash Join",
                                      "Parent Relationship": "Outer",
                                      "Parallel Aware": true,
                                      "Async Capable": false,
                                      "Join Type": "Inner",
                                      "Startup Cost": 238130.25,
                                      "Total Cost": 245680.37,
                                      "Plan Rows": 418,
                                      "Plan Width": 23,
                                      "Inner Unique": false,
                                      "Hash Cond": "(item_4.i_item_sk = web_sales.ws_item_sk)",
                                      "Plans": [
                                        {
                                          "Node Type": "Seq Scan",
                                          "Parent Relationship": "Outer",
                                          "Parallel Aware": true,
                                          "Async Capable": false,
                                          "Relation Name": "item",
                                          "Alias": "item_4",
                                          "Startup Cost": 0.0,
                                          "Total Cost": 7389.0,
                                          "Plan Rows": 42500,
                                          "Plan Width": 21,
                                          "parent": 42,
                                          "ID": 43
                                        },
                                        {
                                          "Node Type": "Hash",
                                          "Parent Relationship": "Inner",
                                          "Parallel Aware": true,
                                          "Async Capable": false,
                                          "Startup Cost": 238125.03,
                                          "Total Cost": 238125.03,
                                          "Plan Rows": 418,
                                          "Plan Width": 10,
                                          "Plans": [
                                            {
                                              "Node Type": "Hash Join",
                                              "Parent Relationship": "Outer",
                                              "Parallel Aware": true,
                                              "Async Capable": false,
                                              "Join Type": "Inner",
                                              "Startup Cost": 231054.74,
                                              "Total Cost": 238125.03,
                                              "Plan Rows": 418,
                                              "Plan Width": 10,
                                              "Inner Unique": false,
                                              "Hash Cond": "(customer_address_2.ca_address_sk = web_sales.ws_bill_addr_sk)",
                                              "Plans": [
                                                {
                                                  "Node Type": "Seq Scan",
                                                  "Parent Relationship": "Outer",
                                                  "Parallel Aware": true,
                                                  "Async Capable": false,
                                                  "Relation Name": "customer_address",
                                                  "Alias": "customer_address_2",
                                                  "Startup Cost": 0.0,
                                                  "Total Cost": 6737.08,
                                                  "Plan Rows": 37882,
                                                  "Plan Width": 4,
                                                  "Filter": "(ca_gmt_offset = '-5'::numeric)",
                                                  "parent": 45,
                                                  "ID": 46
                                                },
                                                {
                                                  "Node Type": "Hash",
                                                  "Parent Relationship": "Inner",
                                                  "Parallel Aware": true,
                                                  "Async Capable": false,
                                                  "Startup Cost": 231040.38,
                                                  "Total Cost": 231040.38,
                                                  "Plan Rows": 1149,
                                                  "Plan Width": 14,
                                                  "Plans": [
                                                    {
                                                      "Node Type": "Hash Join",
                                                      "Parent Relationship": "Outer",
                                                      "Parallel Aware": true,
                                                      "Async Capable": false,
                                                      "Join Type": "Inner",
                                                      "Startup Cost": 2049.75,
                                                      "Total Cost": 231040.38,
                                                      "Plan Rows": 1149,
                                                      "Plan Width": 14,
                                                      "Inner Unique": false,
                                                      "Hash Cond": "(web_sales.ws_sold_date_sk = date_dim_2.d_date_sk)",
                                                      "Plans": [
                                                        {
                                                          "Node Type": "Seq Scan",
                                                          "Parent Relationship": "Outer",
                                                          "Parallel Aware": true,
                                                          "Async Capable": false,
                                                          "Relation Name": "web_sales",
                                                          "Alias": "web_sales",
                                                          "Startup Cost": 0.0,
                                                          "Total Cost": 217737.86,
                                                          "Plan Rows": 2998986,
                                                          "Plan Width": 18,
                                                          "parent": 48,
                                                          "ID": 49
                                                        },
                                                        {
                                                          "Node Type": "Hash",
                                                          "Parent Relationship": "Inner",
                                                          "Parallel Aware": true,
                                                          "Async Capable": false,
                                                          "Startup Cost": 2049.55,
                                                          "Total Cost": 2049.55,
                                                          "Plan Rows": 16,
                                                          "Plan Width": 4,
                                                          "Plans": [
                                                            {
                                                              "Node Type": "Seq Scan",
                                                              "Parent Relationship": "Outer",
                                                              "Parallel Aware": true,
                                                              "Async Capable": false,
                                                              "Relation Name": "date_dim",
                                                              "Alias": "date_dim_2",
                                                              "Startup Cost": 0.0,
                                                              "Total Cost": 2049.55,
                                                              "Plan Rows": 16,
                                                              "Plan Width": 4,
                                                              "Filter": "((d_year = 1999) AND (d_moy = 2))",
                                                              "parent": 50,
                                                              "ID": 51
                                                            }
                                                          ],
                                                          "parent": 48,
                                                          "ID": 50,
                                                          "left": 51
                                                        }
                                                      ],
                                                      "parent": 47,
                                                      "ID": 48,
                                                      "left": 49,
                                                      "right": 50
                                                    }
                                                  ],
                                                  "parent": 45,
                                                  "ID": 47,
                                                  "left": 48
                                                }
                                              ],
                                              "parent": 44,
                                              "ID": 45,
                                              "left": 46,
                                              "right": 47
                                            }
                                          ],
                                          "parent": 42,
                                          "ID": 44,
                                          "left": 45
                                        }
                                      ],
                                      "parent": 41,
                                      "ID": 42,
                                      "left": 43,
                                      "right": 44
                                    }
                                  ],
                                  "parent": 40,
                                  "ID": 41,
                                  "left": 42
                                },
                                {
                                  "Node Type": "Hash",
                                  "Parent Relationship": "Inner",
                                  "Parallel Aware": false,
                                  "Async Capable": false,
                                  "Startup Cost": 8366.5,
                                  "Total Cost": 8366.5,
                                  "Plan Rows": 3414,
                                  "Plan Width": 17,
                                  "Plans": [
                                    {
                                      "Node Type": "Seq Scan",
                                      "Parent Relationship": "Outer",
                                      "Parallel Aware": false,
                                      "Async Capable": false,
                                      "Relation Name": "item",
                                      "Alias": "item_5",
                                      "Startup Cost": 0.0,
                                      "Total Cost": 8366.5,
                                      "Plan Rows": 3414,
                                      "Plan Width": 17,
                                      "Filter": "(i_color = ANY ('{frosted,red,olive}'::bpchar[]))",
                                      "parent": 52,
                                      "ID": 53
                                    }
                                  ],
                                  "parent": 40,
                                  "ID": 52,
                                  "left": 53
                                }
                              ],
                              "parent": 39,
                              "ID": 40,
                              "left": 41,
                              "right": 52
                            }
                          ],
                          "parent": 38,
                          "ID": 39,
                          "left": 40
                        }
                      ],
                      "parent": 3,
                      "ID": 38,
                      "left": 39
                    }
                  ],
                  "parent": 2,
                  "ID": 3,
                  "left": 4,
                  "right": 21
                }
              ],
              "parent": 1,
              "ID": 2,
              "left": 3
            }
          ],
          "parent": 0,
          "ID": 1,
          "left": 2
        }
      ],
      "parent": null,
      "ID": 0,
      "left": 1
    },
    "feat": {
      "utility": 0.017276349759250964,
      "query_shape": [
        [
          "Seq Scan",
          "Hash Join",
          "Sort",
          "Merge Join",
          "Aggregate",
          "Gather Merge",
          "Merge Append"
        ],
        [
          "Seq Scan",
          "Hash Join",
          "Hash",
          "Sort",
          "Merge Join",
          "Aggregate",
          "Gather Merge",
          "Merge Append"
        ],
        [
          "Seq Scan",
          "Hash Join",
          "Hash",
          "Sort",
          "Merge Join",
          "Aggregate",
          "Gather Merge",
          "Merge Append"
        ],
        [
          "Seq Scan",
          "Hash",
          "Hash Join",
          "Sort",
          "Merge Join",
          "Aggregate",
          "Gather Merge",
          "Merge Append"
        ],
        [
          "Seq Scan",
          "Sort",
          "Merge Join",
          "Aggregate",
          "Gather Merge",
          "Merge Append"
        ],
        [
          "Seq Scan",
          "Hash Join",
          "Sort",
          "Merge Join",
          "Aggregate",
          "Gather Merge",
          "Merge Append"
        ],
        [
          "Seq Scan",
          "Hash Join",
          "Hash",
          "Sort",
          "Merge Join",
          "Aggregate",
          "Gather Merge",
          "Merge Append"
        ],
        [
          "Seq Scan",
          "Hash Join",
          "Hash",
          "Sort",
          "Merge Join",
          "Aggregate",
          "Gather Merge",
          "Merge Append"
        ],
        [
          "Seq Scan",
          "Hash",
          "Hash Join",
          "Sort",
          "Merge Join",
          "Aggregate",
          "Gather Merge",
          "Merge Append"
        ],
        [
          "Seq Scan",
          "Sort",
          "Merge Join",
          "Aggregate",
          "Gather Merge",
          "Merge Append"
        ],
        [
          "Seq Scan",
          "Hash Join",
          "Gather",
          "Sort",
          "Aggregate",
          "Merge Append"
        ],
        [
          "Seq Scan",
          "Hash Join",
          "Hash",
          "Gather",
          "Sort",
          "Aggregate",
          "Merge Append"
        ],
        [
          "Seq Scan",
          "Hash Join",
          "Hash",
          "Gather",
          "Sort",
          "Aggregate",
          "Merge Append"
        ],
        [
          "Seq Scan",
          "Hash",
          "Hash Join",
          "Gather",
          "Sort",
          "Aggregate",
          "Merge Append"
        ],
        [
          "Seq Scan",
          "Hash",
          "Hash Join",
          "Sort",
          "Aggregate",
          "Merge Append"
        ]
      ],
      "index_shape": [
        "join"
      ],
      "physical_operator": {
        "Merge Join": [
          0.004699830982813156,
          0.004686097620846795
        ],
        "Hash Join": [
          0.004711124389704829
        ],
        "Sort": [
          "[0. 0. 0. 0. 0. 0. 0. 0. 0. 0. 0. 0. 0. 0. 0. 0. 0. 0. 0. 0. 0. 0. 0. 0.\n 0. 0. 0. 0. 0. 0. 0. 0. 0. 0. 0. 0. 0. 0. 0. 0. 0. 0. 0. 0. 0. 0. 0. 0.\n 0. 0. 0.]",
          "[0. 0. 0. 0. 0. 0. 0. 0. 0. 0. 0. 0. 0. 0. 0. 0. 0. 0. 0. 0. 0. 0. 0. 0.\n 0. 0. 0. 0. 0. 0. 0. 0. 0. 0. 0. 0. 0. 0. 0. 0. 0. 0. 0. 0. 0. 0. 0. 0.\n 0. 0. 0.]",
          "[0. 0. 0. 0. 0. 0. 0. 0. 0. 0. 0. 0. 0. 0. 0. 0. 0. 0. 0. 0. 0. 0. 0. 0.\n 0. 0. 0. 0. 0. 0. 0. 0. 0. 0. 0. 0. 0. 0. 0. 0. 0. 0. 0. 0. 0. 0. 0. 0.\n 0. 0. 0.]",
          "[0. 0. 0. 0. 0. 0. 0. 0. 0. 0. 0. 0. 0. 0. 0. 0. 0. 0. 0. 0. 0. 0. 0. 0.\n 0. 0. 0. 0. 0. 0. 0. 0. 0. 0. 0. 0. 0. 0. 0. 0. 0. 0. 0. 0. 0. 0. 0. 0.\n 0. 0. 0.]",
          "[0. 0. 0. 0. 0. 0. 0. 0. 0. 0. 0. 0. 0. 0. 0. 0. 0. 0. 0. 0. 0. 0. 0. 0.\n 0. 0. 0. 0. 0. 0. 0. 0. 0. 0. 0. 0. 0. 0. 0. 0. 0. 0. 0. 0. 0. 0. 0. 0.\n 0. 0. 0.]",
          "[0. 0. 0. 0. 0. 0. 0. 0. 0. 0. 0. 0. 0. 0. 0. 0. 0. 0. 0. 0. 0. 0. 0. 0.\n 0. 0. 0. 0. 0. 0. 0. 0. 0. 0. 0. 0. 0. 0. 0. 0. 0. 0. 0. 0. 0. 0. 0. 0.\n 0. 0. 0.]"
        ],
        "Aggregate": [
          "[0. 0. 0. 0. 0. 0. 0. 0. 0. 0. 0. 0. 0. 0. 0. 0. 0. 0. 0. 0. 0. 0. 0. 0.\n 0. 0. 0. 0. 0. 0. 0. 0. 0. 0. 0. 0. 0. 0. 0. 0. 0. 0. 0. 0. 0. 0. 0. 0.\n 0. 0. 0.]",
          "[0. 0. 0. 0. 0. 0. 0. 0. 0. 0. 0. 0. 0. 0. 0. 0. 0. 0. 0. 0. 0. 0. 0. 0.\n 0. 0. 0. 0. 0. 0. 0. 0. 0. 0. 0. 0. 0. 0. 0. 0. 0. 0. 0. 0. 0. 0. 0. 0.\n 0. 0. 0.]",
          "[0. 0. 0. 0. 0. 0. 0. 0. 0. 0. 0. 0. 0. 0. 0. 0. 0. 0. 0. 0. 0. 0. 0. 0.\n 0. 0. 0. 0. 0. 0. 0. 0. 0. 0. 0. 0. 0. 0. 0. 0. 0. 0. 0. 0. 0. 0. 0. 0.\n 0. 0. 0.]",
          "[0. 0. 0. 0. 0. 0. 0. 0. 0. 0. 0. 0. 0. 0. 0. 0. 0. 0. 0. 0. 0. 0. 0. 0.\n 0. 0. 0. 0. 0. 0. 0. 0. 0. 0. 0. 0. 0. 0. 0. 0. 0. 0. 0. 0. 0. 0. 0. 0.\n 0. 0. 0.]",
          "[0. 0. 0. 0. 0. 0. 0. 0. 0. 0. 0. 0. 0. 0. 0. 0. 0. 0. 0. 0. 0. 0. 0. 0.\n 0. 0. 0. 0. 0. 0. 0. 0. 0. 0. 0. 0. 0. 0. 0. 0. 0. 0. 0. 0. 0. 0. 0. 0.\n 0. 0. 0.]",
          "[0. 0. 0. 0. 0. 0. 0. 0. 0. 0. 0. 0. 0. 0. 0. 0. 0. 0. 0. 0. 0. 0. 0. 0.\n 0. 0. 0. 0. 0. 0. 0. 0. 0. 0. 0. 0. 0. 0. 0. 0. 0. 0. 0. 0. 0. 0. 0. 0.\n 0. 0. 0.]"
        ]
      }
    }
  },
  {
    "query": "with ss as (\n select i_item_id,sum(ss_ext_sales_price) total_sales\n from\n \tstore_sales,\n \tdate_dim,\n         customer_address,\n         item\n where i_item_id in (select\n     i_item_id\nfrom item\nwhere i_color in ('frosted','red','olive'))\n and     ss_item_sk              = i_item_sk\n and     ss_sold_date_sk         = d_date_sk\n and     d_year                  = 1999\n and     d_moy                   = 2\n and     ss_addr_sk              = ca_address_sk\n and     ca_gmt_offset           = -5 \n group by i_item_id),\n cs as (\n select i_item_id,sum(cs_ext_sales_price) total_sales\n from\n \tcatalog_sales,\n \tdate_dim,\n         customer_address,\n         item\n where\n         i_item_id               in (select\n  i_item_id\nfrom item\nwhere i_color in ('frosted','red','olive'))\n and     cs_item_sk              = i_item_sk\n and     cs_sold_date_sk         = d_date_sk\n and     d_year                  = 1999\n and     d_moy                   = 2\n and     cs_bill_addr_sk         = ca_address_sk\n and     ca_gmt_offset           = -5 \n group by i_item_id),\n ws as (\n select i_item_id,sum(ws_ext_sales_price) total_sales\n from\n \tweb_sales,\n \tdate_dim,\n         customer_address,\n         item\n where\n         i_item_id               in (select\n  i_item_id\nfrom item\nwhere i_color in ('frosted','red','olive'))\n and     ws_item_sk              = i_item_sk\n and     ws_sold_date_sk         = d_date_sk\n and     d_year                  = 1999\n and     d_moy                   = 2\n and     ws_bill_addr_sk         = ca_address_sk\n and     ca_gmt_offset           = -5\n group by i_item_id)\n  select  i_item_id ,sum(total_sales) total_sales\n from  (select * from ss \n        union all\n        select * from cs \n        union all\n        select * from ws) tmp1\n group by i_item_id\n order by total_sales,\n          i_item_id\n limit 100;\n\n-- end query 40 in stream 3 using template query56.tpl\n",
    "indexes": "item.i_color",
    "wo plan est": {
      "Node Type": "Limit",
      "Parallel Aware": false,
      "Async Capable": false,
      "Startup Cost": 1445997.16,
      "Total Cost": 1445997.41,
      "Plan Rows": 100,
      "Plan Width": 49,
      "Plans": [
        {
          "Node Type": "Sort",
          "Parent Relationship": "Outer",
          "Parallel Aware": false,
          "Async Capable": false,
          "Startup Cost": 1445997.16,
          "Total Cost": 1445997.66,
          "Plan Rows": 200,
          "Plan Width": 49,
          "Sort Key": [
            "(sum((sum(store_sales.ss_ext_sales_price))))",
            "item.i_item_id"
          ],
          "Plans": [
            {
              "Node Type": "Aggregate",
              "Strategy": "Sorted",
              "Partial Mode": "Simple",
              "Parent Relationship": "Outer",
              "Parallel Aware": false,
              "Async Capable": false,
              "Startup Cost": 1445871.82,
              "Total Cost": 1445989.52,
              "Plan Rows": 200,
              "Plan Width": 49,
              "Group Key": [
                "item.i_item_id"
              ],
              "Plans": [
                {
                  "Node Type": "Merge Append",
                  "Parent Relationship": "Outer",
                  "Parallel Aware": false,
                  "Async Capable": false,
                  "Startup Cost": 1445871.82,
                  "Total Cost": 1445984.5,
                  "Plan Rows": 503,
                  "Plan Width": 49,
                  "Sort Key": [
                    "item.i_item_id"
                  ],
                  "Subplans Removed": 0,
                  "Plans": [
                    {
                      "Node Type": "Aggregate",
                      "Strategy": "Sorted",
                      "Partial Mode": "Finalize",
                      "Parent Relationship": "Member",
                      "Parallel Aware": false,
                      "Async Capable": false,
                      "Startup Cost": 708153.26,
                      "Total Cost": 708212.85,
                      "Plan Rows": 277,
                      "Plan Width": 49,
                      "Group Key": [
                        "item.i_item_id"
                      ],
                      "Plans": [
                        {
                          "Node Type": "Gather Merge",
                          "Parent Relationship": "Outer",
                          "Parallel Aware": false,
                          "Async Capable": false,
                          "Startup Cost": 708153.26,
                          "Total Cost": 708207.66,
                          "Plan Rows": 230,
                          "Plan Width": 49,
                          "Workers Planned": 2,
                          "Plans": [
                            {
                              "Node Type": "Aggregate",
                              "Strategy": "Sorted",
                              "Partial Mode": "Partial",
                              "Parent Relationship": "Outer",
                              "Parallel Aware": false,
                              "Async Capable": false,
                              "Startup Cost": 707153.23,
                              "Total Cost": 707181.09,
                              "Plan Rows": 115,
                              "Plan Width": 49,
                              "Group Key": [
                                "item.i_item_id"
                              ],
                              "Plans": [
                                {
                                  "Node Type": "Merge Join",
                                  "Parent Relationship": "Outer",
                                  "Parallel Aware": false,
                                  "Async Capable": false,
                                  "Join Type": "Semi",
                                  "Startup Cost": 707153.23,
                                  "Total Cost": 707179.08,
                                  "Plan Rows": 115,
                                  "Plan Width": 23,
                                  "Inner Unique": false,
                                  "Merge Cond": "(item.i_item_id = item_1.i_item_id)",
                                  "Plans": [
                                    {
                                      "Node Type": "Sort",
                                      "Parent Relationship": "Outer",
                                      "Parallel Aware": false,
                                      "Async Capable": false,
                                      "Startup Cost": 698586.38,
                                      "Total Cost": 698590.19,
                                      "Plan Rows": 1525,
                                      "Plan Width": 23,
                                      "Sort Key": [
                                        "item.i_item_id"
                                      ],
                                      "Plans": [
                                        {
                                          "Node Type": "Hash Join",
                                          "Parent Relationship": "Outer",
                                          "Parallel Aware": true,
                                          "Async Capable": false,
                                          "Join Type": "Inner",
                                          "Startup Cost": 690951.02,
                                          "Total Cost": 698505.75,
                                          "Plan Rows": 1525,
                                          "Plan Width": 23,
                                          "Inner Unique": false,
                                          "Hash Cond": "(item.i_item_sk = store_sales.ss_item_sk)",
                                          "Plans": [
                                            {
                                              "Node Type": "Seq Scan",
                                              "Parent Relationship": "Outer",
                                              "Parallel Aware": true,
                                              "Async Capable": false,
                                              "Relation Name": "item",
                                              "Alias": "item",
                                              "Startup Cost": 0.0,
                                              "Total Cost": 7389.0,
                                              "Plan Rows": 42500,
                                              "Plan Width": 21,
                                              "parent": 9,
                                              "ID": 10
                                            },
                                            {
                                              "Node Type": "Hash",
                                              "Parent Relationship": "Inner",
                                              "Parallel Aware": true,
                                              "Async Capable": false,
                                              "Startup Cost": 690931.96,
                                              "Total Cost": 690931.96,
                                              "Plan Rows": 1525,
                                              "Plan Width": 10,
                                              "Plans": [
                                                {
                                                  "Node Type": "Hash Join",
                                                  "Parent Relationship": "Outer",
                                                  "Parallel Aware": true,
                                                  "Async Capable": false,
                                                  "Join Type": "Inner",
                                                  "Startup Cost": 684046.46,
                                                  "Total Cost": 690931.96,
                                                  "Plan Rows": 1525,
                                                  "Plan Width": 10,
                                                  "Inner Unique": false,
                                                  "Hash Cond": "(customer_address.ca_address_sk = store_sales.ss_addr_sk)",
                                                  "Plans": [
                                                    {
                                                      "Node Type": "Seq Scan",
                                                      "Parent Relationship": "Outer",
                                                      "Parallel Aware": true,
                                                      "Async Capable": false,
                                                      "Relation Name": "customer_address",
                                                      "Alias": "customer_address",
                                                      "Startup Cost": 0.0,
                                                      "Total Cost": 6737.08,
                                                      "Plan Rows": 37882,
                                                      "Plan Width": 4,
                                                      "Filter": "(ca_gmt_offset = '-5'::numeric)",
                                                      "parent": 12,
                                                      "ID": 13
                                                    },
                                                    {
                                                      "Node Type": "Hash",
                                                      "Parent Relationship": "Inner",
                                                      "Parallel Aware": true,
                                                      "Async Capable": false,
                                                      "Startup Cost": 683991.59,
                                                      "Total Cost": 683991.59,
                                                      "Plan Rows": 4390,
                                                      "Plan Width": 14,
                                                      "Plans": [
                                                        {
                                                          "Node Type": "Hash Join",
                                                          "Parent Relationship": "Outer",
                                                          "Parallel Aware": true,
                                                          "Async Capable": false,
                                                          "Join Type": "Inner",
                                                          "Startup Cost": 2049.75,
                                                          "Total Cost": 683991.59,
                                                          "Plan Rows": 4390,
                                                          "Plan Width": 14,
                                                          "Inner Unique": false,
                                                          "Hash Cond": "(store_sales.ss_sold_date_sk = date_dim.d_date_sk)",
                                                          "Plans": [
                                                            {
                                                              "Node Type": "Seq Scan",
                                                              "Parent Relationship": "Outer",
                                                              "Parallel Aware": true,
                                                              "Async Capable": false,
                                                              "Relation Name": "store_sales",
                                                              "Alias": "store_sales",
                                                              "Startup Cost": 0.0,
                                                              "Total Cost": 636914.37,
                                                              "Plan Rows": 12000637,
                                                              "Plan Width": 18,
                                                              "parent": 15,
                                                              "ID": 16
                                                            },
                                                            {
                                                              "Node Type": "Hash",
                                                              "Parent Relationship": "Inner",
                                                              "Parallel Aware": true,
                                                              "Async Capable": false,
                                                              "Startup Cost": 2049.55,
                                                              "Total Cost": 2049.55,
                                                              "Plan Rows": 16,
                                                              "Plan Width": 4,
                                                              "Plans": [
                                                                {
                                                                  "Node Type": "Seq Scan",
                                                                  "Parent Relationship": "Outer",
                                                                  "Parallel Aware": true,
                                                                  "Async Capable": false,
                                                                  "Relation Name": "date_dim",
                                                                  "Alias": "date_dim",
                                                                  "Startup Cost": 0.0,
                                                                  "Total Cost": 2049.55,
                                                                  "Plan Rows": 16,
                                                                  "Plan Width": 4,
                                                                  "Filter": "((d_year = 1999) AND (d_moy = 2))",
                                                                  "parent": 17,
                                                                  "ID": 18
                                                                }
                                                              ],
                                                              "parent": 15,
                                                              "ID": 17,
                                                              "left": 18
                                                            }
                                                          ],
                                                          "parent": 14,
                                                          "ID": 15,
                                                          "left": 16,
                                                          "right": 17
                                                        }
                                                      ],
                                                      "parent": 12,
                                                      "ID": 14,
                                                      "left": 15
                                                    }
                                                  ],
                                                  "parent": 11,
                                                  "ID": 12,
                                                  "left": 13,
                                                  "right": 14
                                                }
                                              ],
                                              "parent": 9,
                                              "ID": 11,
                                              "left": 12
                                            }
                                          ],
                                          "parent": 8,
                                          "ID": 9,
                                          "left": 10,
                                          "right": 11
                                        }
                                      ],
                                      "parent": 7,
                                      "ID": 8,
                                      "left": 9
                                    },
                                    {
                                      "Node Type": "Sort",
                                      "Parent Relationship": "Inner",
                                      "Parallel Aware": false,
                                      "Async Capable": false,
                                      "Startup Cost": 8566.85,
                                      "Total Cost": 8575.39,
                                      "Plan Rows": 3414,
                                      "Plan Width": 17,
                                      "Sort Key": [
                                        "item_1.i_item_id"
                                      ],
                                      "Plans": [
                                        {
                                          "Node Type": "Seq Scan",
                                          "Parent Relationship": "Outer",
                                          "Parallel Aware": false,
                                          "Async Capable": false,
                                          "Relation Name": "item",
                                          "Alias": "item_1",
                                          "Startup Cost": 0.0,
                                          "Total Cost": 8366.5,
                                          "Plan Rows": 3414,
                                          "Plan Width": 17,
                                          "Filter": "(i_color = ANY ('{frosted,red,olive}'::bpchar[]))",
                                          "parent": 19,
                                          "ID": 20
                                        }
                                      ],
                                      "parent": 7,
                                      "ID": 19,
                                      "left": 20
                                    }
                                  ],
                                  "parent": 6,
                                  "ID": 7,
                                  "left": 8,
                                  "right": 19
                                }
                              ],
                              "parent": 5,
                              "ID": 6,
                              "left": 7
                            }
                          ],
                          "parent": 4,
                          "ID": 5,
                          "left": 6
                        }
                      ],
                      "parent": 3,
                      "ID": 4,
                      "left": 5
                    },
                    {
                      "Node Type": "Aggregate",
                      "Strategy": "Sorted",
                      "Partial Mode": "Finalize",
                      "Parent Relationship": "Member",
                      "Parallel Aware": false,
                      "Async Capable": false,
                      "Startup Cost": 482522.75,
                      "Total Cost": 482562.79,
                      "Plan Rows": 150,
                      "Plan Width": 49,
                      "Group Key": [
                        "item_2.i_item_id"
                      ],
                      "Plans": [
                        {
                          "Node Type": "Gather Merge",
                          "Parent Relationship": "Outer",
                          "Parallel Aware": false,
                          "Async Capable": false,
                          "Startup Cost": 482522.75,
                          "Total Cost": 482559.98,
                          "Plan Rows": 124,
                          "Plan Width": 49,
                          "Workers Planned": 2,
                          "Plans": [
                            {
                              "Node Type": "Aggregate",
                              "Strategy": "Sorted",
                              "Partial Mode": "Partial",
                              "Parent Relationship": "Outer",
                              "Parallel Aware": false,
                              "Async Capable": false,
                              "Startup Cost": 481522.72,
                              "Total Cost": 481545.64,
                              "Plan Rows": 62,
                              "Plan Width": 49,
                              "Group Key": [
                                "item_2.i_item_id"
                              ],
                              "Plans": [
                                {
                                  "Node Type": "Merge Join",
                                  "Parent Relationship": "Outer",
                                  "Parallel Aware": false,
                                  "Async Capable": false,
                                  "Join Type": "Semi",
                                  "Startup Cost": 481522.72,
                                  "Total Cost": 481544.56,
                                  "Plan Rows": 62,
                                  "Plan Width": 23,
                                  "Inner Unique": false,
                                  "Merge Cond": "(item_2.i_item_id = item_3.i_item_id)",
                                  "Plans": [
                                    {
                                      "Node Type": "Sort",
                                      "Parent Relationship": "Outer",
                                      "Parallel Aware": false,
                                      "Async Capable": false,
                                      "Startup Cost": 472955.87,
                                      "Total Cost": 472957.94,
                                      "Plan Rows": 827,
                                      "Plan Width": 23,
                                      "Sort Key": [
                                        "item_2.i_item_id"
                                      ],
                                      "Plans": [
                                        {
                                          "Node Type": "Hash Join",
                                          "Parent Relationship": "Outer",
                                          "Parallel Aware": true,
                                          "Async Capable": false,
                                          "Join Type": "Inner",
                                          "Startup Cost": 465363.97,
                                          "Total Cost": 472915.79,
                                          "Plan Rows": 827,
                                          "Plan Width": 23,
                                          "Inner Unique": false,
                                          "Hash Cond": "(item_2.i_item_sk = catalog_sales.cs_item_sk)",
                                          "Plans": [
                                            {
                                              "Node Type": "Seq Scan",
                                              "Parent Relationship": "Outer",
                                              "Parallel Aware": true,
                                              "Async Capable": false,
                                              "Relation Name": "item",
                                              "Alias": "item_2",
                                              "Startup Cost": 0.0,
                                              "Total Cost": 7389.0,
                                              "Plan Rows": 42500,
                                              "Plan Width": 21,
                                              "parent": 26,
                                              "ID": 27
                                            },
                                            {
                                              "Node Type": "Hash",
                                              "Parent Relationship": "Inner",
                                              "Parallel Aware": true,
                                              "Async Capable": false,
                                              "Startup Cost": 465353.63,
                                              "Total Cost": 465353.63,
                                              "Plan Rows": 827,
                                              "Plan Width": 10,
                                              "Plans": [
                                                {
                                                  "Node Type": "Hash Join",
                                                  "Parent Relationship": "Outer",
                                                  "Parallel Aware": true,
                                                  "Async Capable": false,
                                                  "Join Type": "Inner",
                                                  "Startup Cost": 458281.63,
                                                  "Total Cost": 465353.63,
                                                  "Plan Rows": 827,
                                                  "Plan Width": 10,
                                                  "Inner Unique": false,
                                                  "Hash Cond": "(customer_address_1.ca_address_sk = catalog_sales.cs_bill_addr_sk)",
                                                  "Plans": [
                                                    {
                                                      "Node Type": "Seq Scan",
                                                      "Parent Relationship": "Outer",
                                                      "Parallel Aware": true,
                                                      "Async Capable": false,
                                                      "Relation Name": "customer_address",
                                                      "Alias": "customer_address_1",
                                                      "Startup Cost": 0.0,
                                                      "Total Cost": 6737.08,
                                                      "Plan Rows": 37882,
                                                      "Plan Width": 4,
                                                      "Filter": "(ca_gmt_offset = '-5'::numeric)",
                                                      "parent": 29,
                                                      "ID": 30
                                                    },
                                                    {
                                                      "Node Type": "Hash",
                                                      "Parent Relationship": "Inner",
                                                      "Parallel Aware": true,
                                                      "Async Capable": false,
                                                      "Startup Cost": 458253.04,
                                                      "Total Cost": 458253.04,
                                                      "Plan Rows": 2287,
                                                      "Plan Width": 14,
                                                      "Plans": [
                                                        {
                                                          "Node Type": "Hash Join",
                                                          "Parent Relationship": "Outer",
                                                          "Parallel Aware": true,
                                                          "Async Capable": false,
                                                          "Join Type": "Inner",
                                                          "Startup Cost": 2049.75,
                                                          "Total Cost": 458253.04,
                                                          "Plan Rows": 2287,
                                                          "Plan Width": 14,
                                                          "Inner Unique": false,
                                                          "Hash Cond": "(catalog_sales.cs_sold_date_sk = date_dim_1.d_date_sk)",
                                                          "Plans": [
                                                            {
                                                              "Node Type": "Seq Scan",
                                                              "Parent Relationship": "Outer",
                                                              "Parallel Aware": true,
                                                              "Async Capable": false,
                                                              "Relation Name": "catalog_sales",
                                                              "Alias": "catalog_sales",
                                                              "Startup Cost": 0.0,
                                                              "Total Cost": 433688.25,
                                                              "Plan Rows": 6000525,
                                                              "Plan Width": 18,
                                                              "parent": 32,
                                                              "ID": 33
                                                            },
                                                            {
                                                              "Node Type": "Hash",
                                                              "Parent Relationship": "Inner",
                                                              "Parallel Aware": true,
                                                              "Async Capable": false,
                                                              "Startup Cost": 2049.55,
                                                              "Total Cost": 2049.55,
                                                              "Plan Rows": 16,
                                                              "Plan Width": 4,
                                                              "Plans": [
                                                                {
                                                                  "Node Type": "Seq Scan",
                                                                  "Parent Relationship": "Outer",
                                                                  "Parallel Aware": true,
                                                                  "Async Capable": false,
                                                                  "Relation Name": "date_dim",
                                                                  "Alias": "date_dim_1",
                                                                  "Startup Cost": 0.0,
                                                                  "Total Cost": 2049.55,
                                                                  "Plan Rows": 16,
                                                                  "Plan Width": 4,
                                                                  "Filter": "((d_year = 1999) AND (d_moy = 2))",
                                                                  "parent": 34,
                                                                  "ID": 35
                                                                }
                                                              ],
                                                              "parent": 32,
                                                              "ID": 34,
                                                              "left": 35
                                                            }
                                                          ],
                                                          "parent": 31,
                                                          "ID": 32,
                                                          "left": 33,
                                                          "right": 34
                                                        }
                                                      ],
                                                      "parent": 29,
                                                      "ID": 31,
                                                      "left": 32
                                                    }
                                                  ],
                                                  "parent": 28,
                                                  "ID": 29,
                                                  "left": 30,
                                                  "right": 31
                                                }
                                              ],
                                              "parent": 26,
                                              "ID": 28,
                                              "left": 29
                                            }
                                          ],
                                          "parent": 25,
                                          "ID": 26,
                                          "left": 27,
                                          "right": 28
                                        }
                                      ],
                                      "parent": 24,
                                      "ID": 25,
                                      "left": 26
                                    },
                                    {
                                      "Node Type": "Sort",
                                      "Parent Relationship": "Inner",
                                      "Parallel Aware": false,
                                      "Async Capable": false,
                                      "Startup Cost": 8566.85,
                                      "Total Cost": 8575.39,
                                      "Plan Rows": 3414,
                                      "Plan Width": 17,
                                      "Sort Key": [
                                        "item_3.i_item_id"
                                      ],
                                      "Plans": [
                                        {
                                          "Node Type": "Seq Scan",
                                          "Parent Relationship": "Outer",
                                          "Parallel Aware": false,
                                          "Async Capable": false,
                                          "Relation Name": "item",
                                          "Alias": "item_3",
                                          "Startup Cost": 0.0,
                                          "Total Cost": 8366.5,
                                          "Plan Rows": 3414,
                                          "Plan Width": 17,
                                          "Filter": "(i_color = ANY ('{frosted,red,olive}'::bpchar[]))",
                                          "parent": 36,
                                          "ID": 37
                                        }
                                      ],
                                      "parent": 24,
                                      "ID": 36,
                                      "left": 37
                                    }
                                  ],
                                  "parent": 23,
                                  "ID": 24,
                                  "left": 25,
                                  "right": 36
                                }
                              ],
                              "parent": 22,
                              "ID": 23,
                              "left": 24
                            }
                          ],
                          "parent": 21,
                          "ID": 22,
                          "left": 23
                        }
                      ],
                      "parent": 3,
                      "ID": 21,
                      "left": 22
                    },
                    {
                      "Node Type": "Aggregate",
                      "Strategy": "Sorted",
                      "Partial Mode": "Simple",
                      "Parent Relationship": "Member",
                      "Parallel Aware": false,
                      "Async Capable": false,
                      "Startup Cost": 255195.79,
                      "Total Cost": 255197.31,
                      "Plan Rows": 76,
                      "Plan Width": 49,
                      "Group Key": [
                        "item_4.i_item_id"
                      ],
                      "Plans": [
                        {
                          "Node Type": "Sort",
                          "Parent Relationship": "Outer",
                          "Parallel Aware": false,
                          "Async Capable": false,
                          "Startup Cost": 255195.79,
                          "Total Cost": 255195.98,
                          "Plan Rows": 76,
                          "Plan Width": 23,
                          "Sort Key": [
                            "item_4.i_item_id"
                          ],
                          "Plans": [
                            {
                              "Node Type": "Hash Join",
                              "Parent Relationship": "Outer",
                              "Parallel Aware": false,
                              "Async Capable": false,
                              "Join Type": "Semi",
                              "Startup Cost": 247539.43,
                              "Total Cost": 255193.42,
                              "Plan Rows": 76,
                              "Plan Width": 23,
                              "Inner Unique": false,
                              "Hash Cond": "(item_4.i_item_id = item_5.i_item_id)",
                              "Plans": [
                                {
                                  "Node Type": "Gather",
                                  "Parent Relationship": "Outer",
                                  "Parallel Aware": false,
                                  "Async Capable": false,
                                  "Startup Cost": 239130.25,
                                  "Total Cost": 246780.67,
                                  "Plan Rows": 1003,
                                  "Plan Width": 23,
                                  "Workers Planned": 2,
                                  "Single Copy": false,
                                  "Plans": [
                                    {
                                      "Node Type": "Hash Join",
                                      "Parent Relationship": "Outer",
                                      "Parallel Aware": true,
                                      "Async Capable": false,
                                      "Join Type": "Inner",
                                      "Startup Cost": 238130.25,
                                      "Total Cost": 245680.37,
                                      "Plan Rows": 418,
                                      "Plan Width": 23,
                                      "Inner Unique": false,
                                      "Hash Cond": "(item_4.i_item_sk = web_sales.ws_item_sk)",
                                      "Plans": [
                                        {
                                          "Node Type": "Seq Scan",
                                          "Parent Relationship": "Outer",
                                          "Parallel Aware": true,
                                          "Async Capable": false,
                                          "Relation Name": "item",
                                          "Alias": "item_4",
                                          "Startup Cost": 0.0,
                                          "Total Cost": 7389.0,
                                          "Plan Rows": 42500,
                                          "Plan Width": 21,
                                          "parent": 42,
                                          "ID": 43
                                        },
                                        {
                                          "Node Type": "Hash",
                                          "Parent Relationship": "Inner",
                                          "Parallel Aware": true,
                                          "Async Capable": false,
                                          "Startup Cost": 238125.03,
                                          "Total Cost": 238125.03,
                                          "Plan Rows": 418,
                                          "Plan Width": 10,
                                          "Plans": [
                                            {
                                              "Node Type": "Hash Join",
                                              "Parent Relationship": "Outer",
                                              "Parallel Aware": true,
                                              "Async Capable": false,
                                              "Join Type": "Inner",
                                              "Startup Cost": 231054.74,
                                              "Total Cost": 238125.03,
                                              "Plan Rows": 418,
                                              "Plan Width": 10,
                                              "Inner Unique": false,
                                              "Hash Cond": "(customer_address_2.ca_address_sk = web_sales.ws_bill_addr_sk)",
                                              "Plans": [
                                                {
                                                  "Node Type": "Seq Scan",
                                                  "Parent Relationship": "Outer",
                                                  "Parallel Aware": true,
                                                  "Async Capable": false,
                                                  "Relation Name": "customer_address",
                                                  "Alias": "customer_address_2",
                                                  "Startup Cost": 0.0,
                                                  "Total Cost": 6737.08,
                                                  "Plan Rows": 37882,
                                                  "Plan Width": 4,
                                                  "Filter": "(ca_gmt_offset = '-5'::numeric)",
                                                  "parent": 45,
                                                  "ID": 46
                                                },
                                                {
                                                  "Node Type": "Hash",
                                                  "Parent Relationship": "Inner",
                                                  "Parallel Aware": true,
                                                  "Async Capable": false,
                                                  "Startup Cost": 231040.38,
                                                  "Total Cost": 231040.38,
                                                  "Plan Rows": 1149,
                                                  "Plan Width": 14,
                                                  "Plans": [
                                                    {
                                                      "Node Type": "Hash Join",
                                                      "Parent Relationship": "Outer",
                                                      "Parallel Aware": true,
                                                      "Async Capable": false,
                                                      "Join Type": "Inner",
                                                      "Startup Cost": 2049.75,
                                                      "Total Cost": 231040.38,
                                                      "Plan Rows": 1149,
                                                      "Plan Width": 14,
                                                      "Inner Unique": false,
                                                      "Hash Cond": "(web_sales.ws_sold_date_sk = date_dim_2.d_date_sk)",
                                                      "Plans": [
                                                        {
                                                          "Node Type": "Seq Scan",
                                                          "Parent Relationship": "Outer",
                                                          "Parallel Aware": true,
                                                          "Async Capable": false,
                                                          "Relation Name": "web_sales",
                                                          "Alias": "web_sales",
                                                          "Startup Cost": 0.0,
                                                          "Total Cost": 217737.86,
                                                          "Plan Rows": 2998986,
                                                          "Plan Width": 18,
                                                          "parent": 48,
                                                          "ID": 49
                                                        },
                                                        {
                                                          "Node Type": "Hash",
                                                          "Parent Relationship": "Inner",
                                                          "Parallel Aware": true,
                                                          "Async Capable": false,
                                                          "Startup Cost": 2049.55,
                                                          "Total Cost": 2049.55,
                                                          "Plan Rows": 16,
                                                          "Plan Width": 4,
                                                          "Plans": [
                                                            {
                                                              "Node Type": "Seq Scan",
                                                              "Parent Relationship": "Outer",
                                                              "Parallel Aware": true,
                                                              "Async Capable": false,
                                                              "Relation Name": "date_dim",
                                                              "Alias": "date_dim_2",
                                                              "Startup Cost": 0.0,
                                                              "Total Cost": 2049.55,
                                                              "Plan Rows": 16,
                                                              "Plan Width": 4,
                                                              "Filter": "((d_year = 1999) AND (d_moy = 2))",
                                                              "parent": 50,
                                                              "ID": 51
                                                            }
                                                          ],
                                                          "parent": 48,
                                                          "ID": 50,
                                                          "left": 51
                                                        }
                                                      ],
                                                      "parent": 47,
                                                      "ID": 48,
                                                      "left": 49,
                                                      "right": 50
                                                    }
                                                  ],
                                                  "parent": 45,
                                                  "ID": 47,
                                                  "left": 48
                                                }
                                              ],
                                              "parent": 44,
                                              "ID": 45,
                                              "left": 46,
                                              "right": 47
                                            }
                                          ],
                                          "parent": 42,
                                          "ID": 44,
                                          "left": 45
                                        }
                                      ],
                                      "parent": 41,
                                      "ID": 42,
                                      "left": 43,
                                      "right": 44
                                    }
                                  ],
                                  "parent": 40,
                                  "ID": 41,
                                  "left": 42
                                },
                                {
                                  "Node Type": "Hash",
                                  "Parent Relationship": "Inner",
                                  "Parallel Aware": false,
                                  "Async Capable": false,
                                  "Startup Cost": 8366.5,
                                  "Total Cost": 8366.5,
                                  "Plan Rows": 3414,
                                  "Plan Width": 17,
                                  "Plans": [
                                    {
                                      "Node Type": "Seq Scan",
                                      "Parent Relationship": "Outer",
                                      "Parallel Aware": false,
                                      "Async Capable": false,
                                      "Relation Name": "item",
                                      "Alias": "item_5",
                                      "Startup Cost": 0.0,
                                      "Total Cost": 8366.5,
                                      "Plan Rows": 3414,
                                      "Plan Width": 17,
                                      "Filter": "(i_color = ANY ('{frosted,red,olive}'::bpchar[]))",
                                      "parent": 52,
                                      "ID": 53
                                    }
                                  ],
                                  "parent": 40,
                                  "ID": 52,
                                  "left": 53
                                }
                              ],
                              "parent": 39,
                              "ID": 40,
                              "left": 41,
                              "right": 52
                            }
                          ],
                          "parent": 38,
                          "ID": 39,
                          "left": 40
                        }
                      ],
                      "parent": 3,
                      "ID": 38,
                      "left": 39
                    }
                  ],
                  "parent": 2,
                  "ID": 3,
                  "left": 4,
                  "right": 21
                }
              ],
              "parent": 1,
              "ID": 2,
              "left": 3
            }
          ],
          "parent": 0,
          "ID": 1,
          "left": 2
        }
      ],
      "parent": null,
      "ID": 0,
      "left": 1
    },
    "feat": {
      "utility": 0.01677693528551219,
      "query_shape": [
        [
          "Seq Scan",
          "Hash Join",
          "Sort",
          "Merge Join",
          "Aggregate",
          "Gather Merge",
          "Merge Append"
        ],
        [
          "Seq Scan",
          "Hash Join",
          "Hash",
          "Sort",
          "Merge Join",
          "Aggregate",
          "Gather Merge",
          "Merge Append"
        ],
        [
          "Seq Scan",
          "Hash Join",
          "Hash",
          "Sort",
          "Merge Join",
          "Aggregate",
          "Gather Merge",
          "Merge Append"
        ],
        [
          "Seq Scan",
          "Hash",
          "Hash Join",
          "Sort",
          "Merge Join",
          "Aggregate",
          "Gather Merge",
          "Merge Append"
        ],
        [
          "Seq Scan",
          "Sort",
          "Merge Join",
          "Aggregate",
          "Gather Merge",
          "Merge Append"
        ],
        [
          "Seq Scan",
          "Hash Join",
          "Sort",
          "Merge Join",
          "Aggregate",
          "Gather Merge",
          "Merge Append"
        ],
        [
          "Seq Scan",
          "Hash Join",
          "Hash",
          "Sort",
          "Merge Join",
          "Aggregate",
          "Gather Merge",
          "Merge Append"
        ],
        [
          "Seq Scan",
          "Hash Join",
          "Hash",
          "Sort",
          "Merge Join",
          "Aggregate",
          "Gather Merge",
          "Merge Append"
        ],
        [
          "Seq Scan",
          "Hash",
          "Hash Join",
          "Sort",
          "Merge Join",
          "Aggregate",
          "Gather Merge",
          "Merge Append"
        ],
        [
          "Seq Scan",
          "Sort",
          "Merge Join",
          "Aggregate",
          "Gather Merge",
          "Merge Append"
        ],
        [
          "Seq Scan",
          "Hash Join",
          "Gather",
          "Sort",
          "Aggregate",
          "Merge Append"
        ],
        [
          "Seq Scan",
          "Hash Join",
          "Hash",
          "Gather",
          "Sort",
          "Aggregate",
          "Merge Append"
        ],
        [
          "Seq Scan",
          "Hash Join",
          "Hash",
          "Gather",
          "Sort",
          "Aggregate",
          "Merge Append"
        ],
        [
          "Seq Scan",
          "Hash",
          "Hash Join",
          "Gather",
          "Sort",
          "Aggregate",
          "Merge Append"
        ],
        [
          "Seq Scan",
          "Hash",
          "Hash Join",
          "Sort",
          "Aggregate",
          "Merge Append"
        ]
      ],
      "index_shape": [
        "selection"
      ],
      "physical_operator": {
        "Seq Scan": [
          0.03347058823529414,
          0.03347058823529414,
          0.03347058823529414
        ]
      }
    }
  },
  {
    "query": "with ss as (\n select i_item_id,sum(ss_ext_sales_price) total_sales\n from\n \tstore_sales,\n \tdate_dim,\n         customer_address,\n         item\n where i_item_id in (select\n     i_item_id\nfrom item\nwhere i_color in ('frosted','red','olive'))\n and     ss_item_sk              = i_item_sk\n and     ss_sold_date_sk         = d_date_sk\n and     d_year                  = 1999\n and     d_moy                   = 2\n and     ss_addr_sk              = ca_address_sk\n and     ca_gmt_offset           = -5 \n group by i_item_id),\n cs as (\n select i_item_id,sum(cs_ext_sales_price) total_sales\n from\n \tcatalog_sales,\n \tdate_dim,\n         customer_address,\n         item\n where\n         i_item_id               in (select\n  i_item_id\nfrom item\nwhere i_color in ('frosted','red','olive'))\n and     cs_item_sk              = i_item_sk\n and     cs_sold_date_sk         = d_date_sk\n and     d_year                  = 1999\n and     d_moy                   = 2\n and     cs_bill_addr_sk         = ca_address_sk\n and     ca_gmt_offset           = -5 \n group by i_item_id),\n ws as (\n select i_item_id,sum(ws_ext_sales_price) total_sales\n from\n \tweb_sales,\n \tdate_dim,\n         customer_address,\n         item\n where\n         i_item_id               in (select\n  i_item_id\nfrom item\nwhere i_color in ('frosted','red','olive'))\n and     ws_item_sk              = i_item_sk\n and     ws_sold_date_sk         = d_date_sk\n and     d_year                  = 1999\n and     d_moy                   = 2\n and     ws_bill_addr_sk         = ca_address_sk\n and     ca_gmt_offset           = -5\n group by i_item_id)\n  select  i_item_id ,sum(total_sales) total_sales\n from  (select * from ss \n        union all\n        select * from cs \n        union all\n        select * from ws) tmp1\n group by i_item_id\n order by total_sales,\n          i_item_id\n limit 100;\n\n-- end query 40 in stream 3 using template query56.tpl\n",
    "indexes": "catalog_sales.cs_sold_date_sk",
    "wo plan est": {
      "Node Type": "Limit",
      "Parallel Aware": false,
      "Async Capable": false,
      "Startup Cost": 1445997.16,
      "Total Cost": 1445997.41,
      "Plan Rows": 100,
      "Plan Width": 49,
      "Plans": [
        {
          "Node Type": "Sort",
          "Parent Relationship": "Outer",
          "Parallel Aware": false,
          "Async Capable": false,
          "Startup Cost": 1445997.16,
          "Total Cost": 1445997.66,
          "Plan Rows": 200,
          "Plan Width": 49,
          "Sort Key": [
            "(sum((sum(store_sales.ss_ext_sales_price))))",
            "item.i_item_id"
          ],
          "Plans": [
            {
              "Node Type": "Aggregate",
              "Strategy": "Sorted",
              "Partial Mode": "Simple",
              "Parent Relationship": "Outer",
              "Parallel Aware": false,
              "Async Capable": false,
              "Startup Cost": 1445871.82,
              "Total Cost": 1445989.52,
              "Plan Rows": 200,
              "Plan Width": 49,
              "Group Key": [
                "item.i_item_id"
              ],
              "Plans": [
                {
                  "Node Type": "Merge Append",
                  "Parent Relationship": "Outer",
                  "Parallel Aware": false,
                  "Async Capable": false,
                  "Startup Cost": 1445871.82,
                  "Total Cost": 1445984.5,
                  "Plan Rows": 503,
                  "Plan Width": 49,
                  "Sort Key": [
                    "item.i_item_id"
                  ],
                  "Subplans Removed": 0,
                  "Plans": [
                    {
                      "Node Type": "Aggregate",
                      "Strategy": "Sorted",
                      "Partial Mode": "Finalize",
                      "Parent Relationship": "Member",
                      "Parallel Aware": false,
                      "Async Capable": false,
                      "Startup Cost": 708153.26,
                      "Total Cost": 708212.85,
                      "Plan Rows": 277,
                      "Plan Width": 49,
                      "Group Key": [
                        "item.i_item_id"
                      ],
                      "Plans": [
                        {
                          "Node Type": "Gather Merge",
                          "Parent Relationship": "Outer",
                          "Parallel Aware": false,
                          "Async Capable": false,
                          "Startup Cost": 708153.26,
                          "Total Cost": 708207.66,
                          "Plan Rows": 230,
                          "Plan Width": 49,
                          "Workers Planned": 2,
                          "Plans": [
                            {
                              "Node Type": "Aggregate",
                              "Strategy": "Sorted",
                              "Partial Mode": "Partial",
                              "Parent Relationship": "Outer",
                              "Parallel Aware": false,
                              "Async Capable": false,
                              "Startup Cost": 707153.23,
                              "Total Cost": 707181.09,
                              "Plan Rows": 115,
                              "Plan Width": 49,
                              "Group Key": [
                                "item.i_item_id"
                              ],
                              "Plans": [
                                {
                                  "Node Type": "Merge Join",
                                  "Parent Relationship": "Outer",
                                  "Parallel Aware": false,
                                  "Async Capable": false,
                                  "Join Type": "Semi",
                                  "Startup Cost": 707153.23,
                                  "Total Cost": 707179.08,
                                  "Plan Rows": 115,
                                  "Plan Width": 23,
                                  "Inner Unique": false,
                                  "Merge Cond": "(item.i_item_id = item_1.i_item_id)",
                                  "Plans": [
                                    {
                                      "Node Type": "Sort",
                                      "Parent Relationship": "Outer",
                                      "Parallel Aware": false,
                                      "Async Capable": false,
                                      "Startup Cost": 698586.38,
                                      "Total Cost": 698590.19,
                                      "Plan Rows": 1525,
                                      "Plan Width": 23,
                                      "Sort Key": [
                                        "item.i_item_id"
                                      ],
                                      "Plans": [
                                        {
                                          "Node Type": "Hash Join",
                                          "Parent Relationship": "Outer",
                                          "Parallel Aware": true,
                                          "Async Capable": false,
                                          "Join Type": "Inner",
                                          "Startup Cost": 690951.02,
                                          "Total Cost": 698505.75,
                                          "Plan Rows": 1525,
                                          "Plan Width": 23,
                                          "Inner Unique": false,
                                          "Hash Cond": "(item.i_item_sk = store_sales.ss_item_sk)",
                                          "Plans": [
                                            {
                                              "Node Type": "Seq Scan",
                                              "Parent Relationship": "Outer",
                                              "Parallel Aware": true,
                                              "Async Capable": false,
                                              "Relation Name": "item",
                                              "Alias": "item",
                                              "Startup Cost": 0.0,
                                              "Total Cost": 7389.0,
                                              "Plan Rows": 42500,
                                              "Plan Width": 21,
                                              "parent": 9,
                                              "ID": 10
                                            },
                                            {
                                              "Node Type": "Hash",
                                              "Parent Relationship": "Inner",
                                              "Parallel Aware": true,
                                              "Async Capable": false,
                                              "Startup Cost": 690931.96,
                                              "Total Cost": 690931.96,
                                              "Plan Rows": 1525,
                                              "Plan Width": 10,
                                              "Plans": [
                                                {
                                                  "Node Type": "Hash Join",
                                                  "Parent Relationship": "Outer",
                                                  "Parallel Aware": true,
                                                  "Async Capable": false,
                                                  "Join Type": "Inner",
                                                  "Startup Cost": 684046.46,
                                                  "Total Cost": 690931.96,
                                                  "Plan Rows": 1525,
                                                  "Plan Width": 10,
                                                  "Inner Unique": false,
                                                  "Hash Cond": "(customer_address.ca_address_sk = store_sales.ss_addr_sk)",
                                                  "Plans": [
                                                    {
                                                      "Node Type": "Seq Scan",
                                                      "Parent Relationship": "Outer",
                                                      "Parallel Aware": true,
                                                      "Async Capable": false,
                                                      "Relation Name": "customer_address",
                                                      "Alias": "customer_address",
                                                      "Startup Cost": 0.0,
                                                      "Total Cost": 6737.08,
                                                      "Plan Rows": 37882,
                                                      "Plan Width": 4,
                                                      "Filter": "(ca_gmt_offset = '-5'::numeric)",
                                                      "parent": 12,
                                                      "ID": 13
                                                    },
                                                    {
                                                      "Node Type": "Hash",
                                                      "Parent Relationship": "Inner",
                                                      "Parallel Aware": true,
                                                      "Async Capable": false,
                                                      "Startup Cost": 683991.59,
                                                      "Total Cost": 683991.59,
                                                      "Plan Rows": 4390,
                                                      "Plan Width": 14,
                                                      "Plans": [
                                                        {
                                                          "Node Type": "Hash Join",
                                                          "Parent Relationship": "Outer",
                                                          "Parallel Aware": true,
                                                          "Async Capable": false,
                                                          "Join Type": "Inner",
                                                          "Startup Cost": 2049.75,
                                                          "Total Cost": 683991.59,
                                                          "Plan Rows": 4390,
                                                          "Plan Width": 14,
                                                          "Inner Unique": false,
                                                          "Hash Cond": "(store_sales.ss_sold_date_sk = date_dim.d_date_sk)",
                                                          "Plans": [
                                                            {
                                                              "Node Type": "Seq Scan",
                                                              "Parent Relationship": "Outer",
                                                              "Parallel Aware": true,
                                                              "Async Capable": false,
                                                              "Relation Name": "store_sales",
                                                              "Alias": "store_sales",
                                                              "Startup Cost": 0.0,
                                                              "Total Cost": 636914.37,
                                                              "Plan Rows": 12000637,
                                                              "Plan Width": 18,
                                                              "parent": 15,
                                                              "ID": 16
                                                            },
                                                            {
                                                              "Node Type": "Hash",
                                                              "Parent Relationship": "Inner",
                                                              "Parallel Aware": true,
                                                              "Async Capable": false,
                                                              "Startup Cost": 2049.55,
                                                              "Total Cost": 2049.55,
                                                              "Plan Rows": 16,
                                                              "Plan Width": 4,
                                                              "Plans": [
                                                                {
                                                                  "Node Type": "Seq Scan",
                                                                  "Parent Relationship": "Outer",
                                                                  "Parallel Aware": true,
                                                                  "Async Capable": false,
                                                                  "Relation Name": "date_dim",
                                                                  "Alias": "date_dim",
                                                                  "Startup Cost": 0.0,
                                                                  "Total Cost": 2049.55,
                                                                  "Plan Rows": 16,
                                                                  "Plan Width": 4,
                                                                  "Filter": "((d_year = 1999) AND (d_moy = 2))",
                                                                  "parent": 17,
                                                                  "ID": 18
                                                                }
                                                              ],
                                                              "parent": 15,
                                                              "ID": 17,
                                                              "left": 18
                                                            }
                                                          ],
                                                          "parent": 14,
                                                          "ID": 15,
                                                          "left": 16,
                                                          "right": 17
                                                        }
                                                      ],
                                                      "parent": 12,
                                                      "ID": 14,
                                                      "left": 15
                                                    }
                                                  ],
                                                  "parent": 11,
                                                  "ID": 12,
                                                  "left": 13,
                                                  "right": 14
                                                }
                                              ],
                                              "parent": 9,
                                              "ID": 11,
                                              "left": 12
                                            }
                                          ],
                                          "parent": 8,
                                          "ID": 9,
                                          "left": 10,
                                          "right": 11
                                        }
                                      ],
                                      "parent": 7,
                                      "ID": 8,
                                      "left": 9
                                    },
                                    {
                                      "Node Type": "Sort",
                                      "Parent Relationship": "Inner",
                                      "Parallel Aware": false,
                                      "Async Capable": false,
                                      "Startup Cost": 8566.85,
                                      "Total Cost": 8575.39,
                                      "Plan Rows": 3414,
                                      "Plan Width": 17,
                                      "Sort Key": [
                                        "item_1.i_item_id"
                                      ],
                                      "Plans": [
                                        {
                                          "Node Type": "Seq Scan",
                                          "Parent Relationship": "Outer",
                                          "Parallel Aware": false,
                                          "Async Capable": false,
                                          "Relation Name": "item",
                                          "Alias": "item_1",
                                          "Startup Cost": 0.0,
                                          "Total Cost": 8366.5,
                                          "Plan Rows": 3414,
                                          "Plan Width": 17,
                                          "Filter": "(i_color = ANY ('{frosted,red,olive}'::bpchar[]))",
                                          "parent": 19,
                                          "ID": 20
                                        }
                                      ],
                                      "parent": 7,
                                      "ID": 19,
                                      "left": 20
                                    }
                                  ],
                                  "parent": 6,
                                  "ID": 7,
                                  "left": 8,
                                  "right": 19
                                }
                              ],
                              "parent": 5,
                              "ID": 6,
                              "left": 7
                            }
                          ],
                          "parent": 4,
                          "ID": 5,
                          "left": 6
                        }
                      ],
                      "parent": 3,
                      "ID": 4,
                      "left": 5
                    },
                    {
                      "Node Type": "Aggregate",
                      "Strategy": "Sorted",
                      "Partial Mode": "Finalize",
                      "Parent Relationship": "Member",
                      "Parallel Aware": false,
                      "Async Capable": false,
                      "Startup Cost": 482522.75,
                      "Total Cost": 482562.79,
                      "Plan Rows": 150,
                      "Plan Width": 49,
                      "Group Key": [
                        "item_2.i_item_id"
                      ],
                      "Plans": [
                        {
                          "Node Type": "Gather Merge",
                          "Parent Relationship": "Outer",
                          "Parallel Aware": false,
                          "Async Capable": false,
                          "Startup Cost": 482522.75,
                          "Total Cost": 482559.98,
                          "Plan Rows": 124,
                          "Plan Width": 49,
                          "Workers Planned": 2,
                          "Plans": [
                            {
                              "Node Type": "Aggregate",
                              "Strategy": "Sorted",
                              "Partial Mode": "Partial",
                              "Parent Relationship": "Outer",
                              "Parallel Aware": false,
                              "Async Capable": false,
                              "Startup Cost": 481522.72,
                              "Total Cost": 481545.64,
                              "Plan Rows": 62,
                              "Plan Width": 49,
                              "Group Key": [
                                "item_2.i_item_id"
                              ],
                              "Plans": [
                                {
                                  "Node Type": "Merge Join",
                                  "Parent Relationship": "Outer",
                                  "Parallel Aware": false,
                                  "Async Capable": false,
                                  "Join Type": "Semi",
                                  "Startup Cost": 481522.72,
                                  "Total Cost": 481544.56,
                                  "Plan Rows": 62,
                                  "Plan Width": 23,
                                  "Inner Unique": false,
                                  "Merge Cond": "(item_2.i_item_id = item_3.i_item_id)",
                                  "Plans": [
                                    {
                                      "Node Type": "Sort",
                                      "Parent Relationship": "Outer",
                                      "Parallel Aware": false,
                                      "Async Capable": false,
                                      "Startup Cost": 472955.87,
                                      "Total Cost": 472957.94,
                                      "Plan Rows": 827,
                                      "Plan Width": 23,
                                      "Sort Key": [
                                        "item_2.i_item_id"
                                      ],
                                      "Plans": [
                                        {
                                          "Node Type": "Hash Join",
                                          "Parent Relationship": "Outer",
                                          "Parallel Aware": true,
                                          "Async Capable": false,
                                          "Join Type": "Inner",
                                          "Startup Cost": 465363.97,
                                          "Total Cost": 472915.79,
                                          "Plan Rows": 827,
                                          "Plan Width": 23,
                                          "Inner Unique": false,
                                          "Hash Cond": "(item_2.i_item_sk = catalog_sales.cs_item_sk)",
                                          "Plans": [
                                            {
                                              "Node Type": "Seq Scan",
                                              "Parent Relationship": "Outer",
                                              "Parallel Aware": true,
                                              "Async Capable": false,
                                              "Relation Name": "item",
                                              "Alias": "item_2",
                                              "Startup Cost": 0.0,
                                              "Total Cost": 7389.0,
                                              "Plan Rows": 42500,
                                              "Plan Width": 21,
                                              "parent": 26,
                                              "ID": 27
                                            },
                                            {
                                              "Node Type": "Hash",
                                              "Parent Relationship": "Inner",
                                              "Parallel Aware": true,
                                              "Async Capable": false,
                                              "Startup Cost": 465353.63,
                                              "Total Cost": 465353.63,
                                              "Plan Rows": 827,
                                              "Plan Width": 10,
                                              "Plans": [
                                                {
                                                  "Node Type": "Hash Join",
                                                  "Parent Relationship": "Outer",
                                                  "Parallel Aware": true,
                                                  "Async Capable": false,
                                                  "Join Type": "Inner",
                                                  "Startup Cost": 458281.63,
                                                  "Total Cost": 465353.63,
                                                  "Plan Rows": 827,
                                                  "Plan Width": 10,
                                                  "Inner Unique": false,
                                                  "Hash Cond": "(customer_address_1.ca_address_sk = catalog_sales.cs_bill_addr_sk)",
                                                  "Plans": [
                                                    {
                                                      "Node Type": "Seq Scan",
                                                      "Parent Relationship": "Outer",
                                                      "Parallel Aware": true,
                                                      "Async Capable": false,
                                                      "Relation Name": "customer_address",
                                                      "Alias": "customer_address_1",
                                                      "Startup Cost": 0.0,
                                                      "Total Cost": 6737.08,
                                                      "Plan Rows": 37882,
                                                      "Plan Width": 4,
                                                      "Filter": "(ca_gmt_offset = '-5'::numeric)",
                                                      "parent": 29,
                                                      "ID": 30
                                                    },
                                                    {
                                                      "Node Type": "Hash",
                                                      "Parent Relationship": "Inner",
                                                      "Parallel Aware": true,
                                                      "Async Capable": false,
                                                      "Startup Cost": 458253.04,
                                                      "Total Cost": 458253.04,
                                                      "Plan Rows": 2287,
                                                      "Plan Width": 14,
                                                      "Plans": [
                                                        {
                                                          "Node Type": "Hash Join",
                                                          "Parent Relationship": "Outer",
                                                          "Parallel Aware": true,
                                                          "Async Capable": false,
                                                          "Join Type": "Inner",
                                                          "Startup Cost": 2049.75,
                                                          "Total Cost": 458253.04,
                                                          "Plan Rows": 2287,
                                                          "Plan Width": 14,
                                                          "Inner Unique": false,
                                                          "Hash Cond": "(catalog_sales.cs_sold_date_sk = date_dim_1.d_date_sk)",
                                                          "Plans": [
                                                            {
                                                              "Node Type": "Seq Scan",
                                                              "Parent Relationship": "Outer",
                                                              "Parallel Aware": true,
                                                              "Async Capable": false,
                                                              "Relation Name": "catalog_sales",
                                                              "Alias": "catalog_sales",
                                                              "Startup Cost": 0.0,
                                                              "Total Cost": 433688.25,
                                                              "Plan Rows": 6000525,
                                                              "Plan Width": 18,
                                                              "parent": 32,
                                                              "ID": 33
                                                            },
                                                            {
                                                              "Node Type": "Hash",
                                                              "Parent Relationship": "Inner",
                                                              "Parallel Aware": true,
                                                              "Async Capable": false,
                                                              "Startup Cost": 2049.55,
                                                              "Total Cost": 2049.55,
                                                              "Plan Rows": 16,
                                                              "Plan Width": 4,
                                                              "Plans": [
                                                                {
                                                                  "Node Type": "Seq Scan",
                                                                  "Parent Relationship": "Outer",
                                                                  "Parallel Aware": true,
                                                                  "Async Capable": false,
                                                                  "Relation Name": "date_dim",
                                                                  "Alias": "date_dim_1",
                                                                  "Startup Cost": 0.0,
                                                                  "Total Cost": 2049.55,
                                                                  "Plan Rows": 16,
                                                                  "Plan Width": 4,
                                                                  "Filter": "((d_year = 1999) AND (d_moy = 2))",
                                                                  "parent": 34,
                                                                  "ID": 35
                                                                }
                                                              ],
                                                              "parent": 32,
                                                              "ID": 34,
                                                              "left": 35
                                                            }
                                                          ],
                                                          "parent": 31,
                                                          "ID": 32,
                                                          "left": 33,
                                                          "right": 34
                                                        }
                                                      ],
                                                      "parent": 29,
                                                      "ID": 31,
                                                      "left": 32
                                                    }
                                                  ],
                                                  "parent": 28,
                                                  "ID": 29,
                                                  "left": 30,
                                                  "right": 31
                                                }
                                              ],
                                              "parent": 26,
                                              "ID": 28,
                                              "left": 29
                                            }
                                          ],
                                          "parent": 25,
                                          "ID": 26,
                                          "left": 27,
                                          "right": 28
                                        }
                                      ],
                                      "parent": 24,
                                      "ID": 25,
                                      "left": 26
                                    },
                                    {
                                      "Node Type": "Sort",
                                      "Parent Relationship": "Inner",
                                      "Parallel Aware": false,
                                      "Async Capable": false,
                                      "Startup Cost": 8566.85,
                                      "Total Cost": 8575.39,
                                      "Plan Rows": 3414,
                                      "Plan Width": 17,
                                      "Sort Key": [
                                        "item_3.i_item_id"
                                      ],
                                      "Plans": [
                                        {
                                          "Node Type": "Seq Scan",
                                          "Parent Relationship": "Outer",
                                          "Parallel Aware": false,
                                          "Async Capable": false,
                                          "Relation Name": "item",
                                          "Alias": "item_3",
                                          "Startup Cost": 0.0,
                                          "Total Cost": 8366.5,
                                          "Plan Rows": 3414,
                                          "Plan Width": 17,
                                          "Filter": "(i_color = ANY ('{frosted,red,olive}'::bpchar[]))",
                                          "parent": 36,
                                          "ID": 37
                                        }
                                      ],
                                      "parent": 24,
                                      "ID": 36,
                                      "left": 37
                                    }
                                  ],
                                  "parent": 23,
                                  "ID": 24,
                                  "left": 25,
                                  "right": 36
                                }
                              ],
                              "parent": 22,
                              "ID": 23,
                              "left": 24
                            }
                          ],
                          "parent": 21,
                          "ID": 22,
                          "left": 23
                        }
                      ],
                      "parent": 3,
                      "ID": 21,
                      "left": 22
                    },
                    {
                      "Node Type": "Aggregate",
                      "Strategy": "Sorted",
                      "Partial Mode": "Simple",
                      "Parent Relationship": "Member",
                      "Parallel Aware": false,
                      "Async Capable": false,
                      "Startup Cost": 255195.79,
                      "Total Cost": 255197.31,
                      "Plan Rows": 76,
                      "Plan Width": 49,
                      "Group Key": [
                        "item_4.i_item_id"
                      ],
                      "Plans": [
                        {
                          "Node Type": "Sort",
                          "Parent Relationship": "Outer",
                          "Parallel Aware": false,
                          "Async Capable": false,
                          "Startup Cost": 255195.79,
                          "Total Cost": 255195.98,
                          "Plan Rows": 76,
                          "Plan Width": 23,
                          "Sort Key": [
                            "item_4.i_item_id"
                          ],
                          "Plans": [
                            {
                              "Node Type": "Hash Join",
                              "Parent Relationship": "Outer",
                              "Parallel Aware": false,
                              "Async Capable": false,
                              "Join Type": "Semi",
                              "Startup Cost": 247539.43,
                              "Total Cost": 255193.42,
                              "Plan Rows": 76,
                              "Plan Width": 23,
                              "Inner Unique": false,
                              "Hash Cond": "(item_4.i_item_id = item_5.i_item_id)",
                              "Plans": [
                                {
                                  "Node Type": "Gather",
                                  "Parent Relationship": "Outer",
                                  "Parallel Aware": false,
                                  "Async Capable": false,
                                  "Startup Cost": 239130.25,
                                  "Total Cost": 246780.67,
                                  "Plan Rows": 1003,
                                  "Plan Width": 23,
                                  "Workers Planned": 2,
                                  "Single Copy": false,
                                  "Plans": [
                                    {
                                      "Node Type": "Hash Join",
                                      "Parent Relationship": "Outer",
                                      "Parallel Aware": true,
                                      "Async Capable": false,
                                      "Join Type": "Inner",
                                      "Startup Cost": 238130.25,
                                      "Total Cost": 245680.37,
                                      "Plan Rows": 418,
                                      "Plan Width": 23,
                                      "Inner Unique": false,
                                      "Hash Cond": "(item_4.i_item_sk = web_sales.ws_item_sk)",
                                      "Plans": [
                                        {
                                          "Node Type": "Seq Scan",
                                          "Parent Relationship": "Outer",
                                          "Parallel Aware": true,
                                          "Async Capable": false,
                                          "Relation Name": "item",
                                          "Alias": "item_4",
                                          "Startup Cost": 0.0,
                                          "Total Cost": 7389.0,
                                          "Plan Rows": 42500,
                                          "Plan Width": 21,
                                          "parent": 42,
                                          "ID": 43
                                        },
                                        {
                                          "Node Type": "Hash",
                                          "Parent Relationship": "Inner",
                                          "Parallel Aware": true,
                                          "Async Capable": false,
                                          "Startup Cost": 238125.03,
                                          "Total Cost": 238125.03,
                                          "Plan Rows": 418,
                                          "Plan Width": 10,
                                          "Plans": [
                                            {
                                              "Node Type": "Hash Join",
                                              "Parent Relationship": "Outer",
                                              "Parallel Aware": true,
                                              "Async Capable": false,
                                              "Join Type": "Inner",
                                              "Startup Cost": 231054.74,
                                              "Total Cost": 238125.03,
                                              "Plan Rows": 418,
                                              "Plan Width": 10,
                                              "Inner Unique": false,
                                              "Hash Cond": "(customer_address_2.ca_address_sk = web_sales.ws_bill_addr_sk)",
                                              "Plans": [
                                                {
                                                  "Node Type": "Seq Scan",
                                                  "Parent Relationship": "Outer",
                                                  "Parallel Aware": true,
                                                  "Async Capable": false,
                                                  "Relation Name": "customer_address",
                                                  "Alias": "customer_address_2",
                                                  "Startup Cost": 0.0,
                                                  "Total Cost": 6737.08,
                                                  "Plan Rows": 37882,
                                                  "Plan Width": 4,
                                                  "Filter": "(ca_gmt_offset = '-5'::numeric)",
                                                  "parent": 45,
                                                  "ID": 46
                                                },
                                                {
                                                  "Node Type": "Hash",
                                                  "Parent Relationship": "Inner",
                                                  "Parallel Aware": true,
                                                  "Async Capable": false,
                                                  "Startup Cost": 231040.38,
                                                  "Total Cost": 231040.38,
                                                  "Plan Rows": 1149,
                                                  "Plan Width": 14,
                                                  "Plans": [
                                                    {
                                                      "Node Type": "Hash Join",
                                                      "Parent Relationship": "Outer",
                                                      "Parallel Aware": true,
                                                      "Async Capable": false,
                                                      "Join Type": "Inner",
                                                      "Startup Cost": 2049.75,
                                                      "Total Cost": 231040.38,
                                                      "Plan Rows": 1149,
                                                      "Plan Width": 14,
                                                      "Inner Unique": false,
                                                      "Hash Cond": "(web_sales.ws_sold_date_sk = date_dim_2.d_date_sk)",
                                                      "Plans": [
                                                        {
                                                          "Node Type": "Seq Scan",
                                                          "Parent Relationship": "Outer",
                                                          "Parallel Aware": true,
                                                          "Async Capable": false,
                                                          "Relation Name": "web_sales",
                                                          "Alias": "web_sales",
                                                          "Startup Cost": 0.0,
                                                          "Total Cost": 217737.86,
                                                          "Plan Rows": 2998986,
                                                          "Plan Width": 18,
                                                          "parent": 48,
                                                          "ID": 49
                                                        },
                                                        {
                                                          "Node Type": "Hash",
                                                          "Parent Relationship": "Inner",
                                                          "Parallel Aware": true,
                                                          "Async Capable": false,
                                                          "Startup Cost": 2049.55,
                                                          "Total Cost": 2049.55,
                                                          "Plan Rows": 16,
                                                          "Plan Width": 4,
                                                          "Plans": [
                                                            {
                                                              "Node Type": "Seq Scan",
                                                              "Parent Relationship": "Outer",
                                                              "Parallel Aware": true,
                                                              "Async Capable": false,
                                                              "Relation Name": "date_dim",
                                                              "Alias": "date_dim_2",
                                                              "Startup Cost": 0.0,
                                                              "Total Cost": 2049.55,
                                                              "Plan Rows": 16,
                                                              "Plan Width": 4,
                                                              "Filter": "((d_year = 1999) AND (d_moy = 2))",
                                                              "parent": 50,
                                                              "ID": 51
                                                            }
                                                          ],
                                                          "parent": 48,
                                                          "ID": 50,
                                                          "left": 51
                                                        }
                                                      ],
                                                      "parent": 47,
                                                      "ID": 48,
                                                      "left": 49,
                                                      "right": 50
                                                    }
                                                  ],
                                                  "parent": 45,
                                                  "ID": 47,
                                                  "left": 48
                                                }
                                              ],
                                              "parent": 44,
                                              "ID": 45,
                                              "left": 46,
                                              "right": 47
                                            }
                                          ],
                                          "parent": 42,
                                          "ID": 44,
                                          "left": 45
                                        }
                                      ],
                                      "parent": 41,
                                      "ID": 42,
                                      "left": 43,
                                      "right": 44
                                    }
                                  ],
                                  "parent": 40,
                                  "ID": 41,
                                  "left": 42
                                },
                                {
                                  "Node Type": "Hash",
                                  "Parent Relationship": "Inner",
                                  "Parallel Aware": false,
                                  "Async Capable": false,
                                  "Startup Cost": 8366.5,
                                  "Total Cost": 8366.5,
                                  "Plan Rows": 3414,
                                  "Plan Width": 17,
                                  "Plans": [
                                    {
                                      "Node Type": "Seq Scan",
                                      "Parent Relationship": "Outer",
                                      "Parallel Aware": false,
                                      "Async Capable": false,
                                      "Relation Name": "item",
                                      "Alias": "item_5",
                                      "Startup Cost": 0.0,
                                      "Total Cost": 8366.5,
                                      "Plan Rows": 3414,
                                      "Plan Width": 17,
                                      "Filter": "(i_color = ANY ('{frosted,red,olive}'::bpchar[]))",
                                      "parent": 52,
                                      "ID": 53
                                    }
                                  ],
                                  "parent": 40,
                                  "ID": 52,
                                  "left": 53
                                }
                              ],
                              "parent": 39,
                              "ID": 40,
                              "left": 41,
                              "right": 52
                            }
                          ],
                          "parent": 38,
                          "ID": 39,
                          "left": 40
                        }
                      ],
                      "parent": 3,
                      "ID": 38,
                      "left": 39
                    }
                  ],
                  "parent": 2,
                  "ID": 3,
                  "left": 4,
                  "right": 21
                }
              ],
              "parent": 1,
              "ID": 2,
              "left": 3
            }
          ],
          "parent": 0,
          "ID": 1,
          "left": 2
        }
      ],
      "parent": null,
      "ID": 0,
      "left": 1
    },
    "feat": {
      "utility": 0.005757732281427035,
      "query_shape": [
        [
          "Seq Scan",
          "Hash Join",
          "Sort",
          "Merge Join",
          "Aggregate",
          "Gather Merge",
          "Merge Append"
        ],
        [
          "Seq Scan",
          "Hash Join",
          "Hash",
          "Sort",
          "Merge Join",
          "Aggregate",
          "Gather Merge",
          "Merge Append"
        ],
        [
          "Seq Scan",
          "Hash Join",
          "Hash",
          "Sort",
          "Merge Join",
          "Aggregate",
          "Gather Merge",
          "Merge Append"
        ],
        [
          "Seq Scan",
          "Hash",
          "Hash Join",
          "Sort",
          "Merge Join",
          "Aggregate",
          "Gather Merge",
          "Merge Append"
        ],
        [
          "Seq Scan",
          "Sort",
          "Merge Join",
          "Aggregate",
          "Gather Merge",
          "Merge Append"
        ],
        [
          "Seq Scan",
          "Hash Join",
          "Sort",
          "Merge Join",
          "Aggregate",
          "Gather Merge",
          "Merge Append"
        ],
        [
          "Seq Scan",
          "Hash Join",
          "Hash",
          "Sort",
          "Merge Join",
          "Aggregate",
          "Gather Merge",
          "Merge Append"
        ],
        [
          "Seq Scan",
          "Hash Join",
          "Hash",
          "Sort",
          "Merge Join",
          "Aggregate",
          "Gather Merge",
          "Merge Append"
        ],
        [
          "Seq Scan",
          "Hash",
          "Hash Join",
          "Sort",
          "Merge Join",
          "Aggregate",
          "Gather Merge",
          "Merge Append"
        ],
        [
          "Seq Scan",
          "Sort",
          "Merge Join",
          "Aggregate",
          "Gather Merge",
          "Merge Append"
        ],
        [
          "Seq Scan",
          "Hash Join",
          "Gather",
          "Sort",
          "Aggregate",
          "Merge Append"
        ],
        [
          "Seq Scan",
          "Hash Join",
          "Hash",
          "Gather",
          "Sort",
          "Aggregate",
          "Merge Append"
        ],
        [
          "Seq Scan",
          "Hash Join",
          "Hash",
          "Gather",
          "Sort",
          "Aggregate",
          "Merge Append"
        ],
        [
          "Seq Scan",
          "Hash",
          "Hash Join",
          "Gather",
          "Sort",
          "Aggregate",
          "Merge Append"
        ],
        [
          "Seq Scan",
          "Hash",
          "Hash Join",
          "Sort",
          "Aggregate",
          "Merge Append"
        ]
      ],
      "index_shape": [
        "join"
      ],
      "physical_operator": {
        "Hash Join": [
          0.004880659007125634
        ]
      }
    }
  },
  {
    "query": "with ss as (\n select i_item_id,sum(ss_ext_sales_price) total_sales\n from\n \tstore_sales,\n \tdate_dim,\n         customer_address,\n         item\n where i_item_id in (select\n     i_item_id\nfrom item\nwhere i_color in ('frosted','red','olive'))\n and     ss_item_sk              = i_item_sk\n and     ss_sold_date_sk         = d_date_sk\n and     d_year                  = 1999\n and     d_moy                   = 2\n and     ss_addr_sk              = ca_address_sk\n and     ca_gmt_offset           = -5 \n group by i_item_id),\n cs as (\n select i_item_id,sum(cs_ext_sales_price) total_sales\n from\n \tcatalog_sales,\n \tdate_dim,\n         customer_address,\n         item\n where\n         i_item_id               in (select\n  i_item_id\nfrom item\nwhere i_color in ('frosted','red','olive'))\n and     cs_item_sk              = i_item_sk\n and     cs_sold_date_sk         = d_date_sk\n and     d_year                  = 1999\n and     d_moy                   = 2\n and     cs_bill_addr_sk         = ca_address_sk\n and     ca_gmt_offset           = -5 \n group by i_item_id),\n ws as (\n select i_item_id,sum(ws_ext_sales_price) total_sales\n from\n \tweb_sales,\n \tdate_dim,\n         customer_address,\n         item\n where\n         i_item_id               in (select\n  i_item_id\nfrom item\nwhere i_color in ('frosted','red','olive'))\n and     ws_item_sk              = i_item_sk\n and     ws_sold_date_sk         = d_date_sk\n and     d_year                  = 1999\n and     d_moy                   = 2\n and     ws_bill_addr_sk         = ca_address_sk\n and     ca_gmt_offset           = -5\n group by i_item_id)\n  select  i_item_id ,sum(total_sales) total_sales\n from  (select * from ss \n        union all\n        select * from cs \n        union all\n        select * from ws) tmp1\n group by i_item_id\n order by total_sales,\n          i_item_id\n limit 100;\n\n-- end query 40 in stream 3 using template query56.tpl\n",
    "indexes": "catalog_sales.cs_bill_addr_sk",
    "wo plan est": {
      "Node Type": "Limit",
      "Parallel Aware": false,
      "Async Capable": false,
      "Startup Cost": 1445997.16,
      "Total Cost": 1445997.41,
      "Plan Rows": 100,
      "Plan Width": 49,
      "Plans": [
        {
          "Node Type": "Sort",
          "Parent Relationship": "Outer",
          "Parallel Aware": false,
          "Async Capable": false,
          "Startup Cost": 1445997.16,
          "Total Cost": 1445997.66,
          "Plan Rows": 200,
          "Plan Width": 49,
          "Sort Key": [
            "(sum((sum(store_sales.ss_ext_sales_price))))",
            "item.i_item_id"
          ],
          "Plans": [
            {
              "Node Type": "Aggregate",
              "Strategy": "Sorted",
              "Partial Mode": "Simple",
              "Parent Relationship": "Outer",
              "Parallel Aware": false,
              "Async Capable": false,
              "Startup Cost": 1445871.82,
              "Total Cost": 1445989.52,
              "Plan Rows": 200,
              "Plan Width": 49,
              "Group Key": [
                "item.i_item_id"
              ],
              "Plans": [
                {
                  "Node Type": "Merge Append",
                  "Parent Relationship": "Outer",
                  "Parallel Aware": false,
                  "Async Capable": false,
                  "Startup Cost": 1445871.82,
                  "Total Cost": 1445984.5,
                  "Plan Rows": 503,
                  "Plan Width": 49,
                  "Sort Key": [
                    "item.i_item_id"
                  ],
                  "Subplans Removed": 0,
                  "Plans": [
                    {
                      "Node Type": "Aggregate",
                      "Strategy": "Sorted",
                      "Partial Mode": "Finalize",
                      "Parent Relationship": "Member",
                      "Parallel Aware": false,
                      "Async Capable": false,
                      "Startup Cost": 708153.26,
                      "Total Cost": 708212.85,
                      "Plan Rows": 277,
                      "Plan Width": 49,
                      "Group Key": [
                        "item.i_item_id"
                      ],
                      "Plans": [
                        {
                          "Node Type": "Gather Merge",
                          "Parent Relationship": "Outer",
                          "Parallel Aware": false,
                          "Async Capable": false,
                          "Startup Cost": 708153.26,
                          "Total Cost": 708207.66,
                          "Plan Rows": 230,
                          "Plan Width": 49,
                          "Workers Planned": 2,
                          "Plans": [
                            {
                              "Node Type": "Aggregate",
                              "Strategy": "Sorted",
                              "Partial Mode": "Partial",
                              "Parent Relationship": "Outer",
                              "Parallel Aware": false,
                              "Async Capable": false,
                              "Startup Cost": 707153.23,
                              "Total Cost": 707181.09,
                              "Plan Rows": 115,
                              "Plan Width": 49,
                              "Group Key": [
                                "item.i_item_id"
                              ],
                              "Plans": [
                                {
                                  "Node Type": "Merge Join",
                                  "Parent Relationship": "Outer",
                                  "Parallel Aware": false,
                                  "Async Capable": false,
                                  "Join Type": "Semi",
                                  "Startup Cost": 707153.23,
                                  "Total Cost": 707179.08,
                                  "Plan Rows": 115,
                                  "Plan Width": 23,
                                  "Inner Unique": false,
                                  "Merge Cond": "(item.i_item_id = item_1.i_item_id)",
                                  "Plans": [
                                    {
                                      "Node Type": "Sort",
                                      "Parent Relationship": "Outer",
                                      "Parallel Aware": false,
                                      "Async Capable": false,
                                      "Startup Cost": 698586.38,
                                      "Total Cost": 698590.19,
                                      "Plan Rows": 1525,
                                      "Plan Width": 23,
                                      "Sort Key": [
                                        "item.i_item_id"
                                      ],
                                      "Plans": [
                                        {
                                          "Node Type": "Hash Join",
                                          "Parent Relationship": "Outer",
                                          "Parallel Aware": true,
                                          "Async Capable": false,
                                          "Join Type": "Inner",
                                          "Startup Cost": 690951.02,
                                          "Total Cost": 698505.75,
                                          "Plan Rows": 1525,
                                          "Plan Width": 23,
                                          "Inner Unique": false,
                                          "Hash Cond": "(item.i_item_sk = store_sales.ss_item_sk)",
                                          "Plans": [
                                            {
                                              "Node Type": "Seq Scan",
                                              "Parent Relationship": "Outer",
                                              "Parallel Aware": true,
                                              "Async Capable": false,
                                              "Relation Name": "item",
                                              "Alias": "item",
                                              "Startup Cost": 0.0,
                                              "Total Cost": 7389.0,
                                              "Plan Rows": 42500,
                                              "Plan Width": 21,
                                              "parent": 9,
                                              "ID": 10
                                            },
                                            {
                                              "Node Type": "Hash",
                                              "Parent Relationship": "Inner",
                                              "Parallel Aware": true,
                                              "Async Capable": false,
                                              "Startup Cost": 690931.96,
                                              "Total Cost": 690931.96,
                                              "Plan Rows": 1525,
                                              "Plan Width": 10,
                                              "Plans": [
                                                {
                                                  "Node Type": "Hash Join",
                                                  "Parent Relationship": "Outer",
                                                  "Parallel Aware": true,
                                                  "Async Capable": false,
                                                  "Join Type": "Inner",
                                                  "Startup Cost": 684046.46,
                                                  "Total Cost": 690931.96,
                                                  "Plan Rows": 1525,
                                                  "Plan Width": 10,
                                                  "Inner Unique": false,
                                                  "Hash Cond": "(customer_address.ca_address_sk = store_sales.ss_addr_sk)",
                                                  "Plans": [
                                                    {
                                                      "Node Type": "Seq Scan",
                                                      "Parent Relationship": "Outer",
                                                      "Parallel Aware": true,
                                                      "Async Capable": false,
                                                      "Relation Name": "customer_address",
                                                      "Alias": "customer_address",
                                                      "Startup Cost": 0.0,
                                                      "Total Cost": 6737.08,
                                                      "Plan Rows": 37882,
                                                      "Plan Width": 4,
                                                      "Filter": "(ca_gmt_offset = '-5'::numeric)",
                                                      "parent": 12,
                                                      "ID": 13
                                                    },
                                                    {
                                                      "Node Type": "Hash",
                                                      "Parent Relationship": "Inner",
                                                      "Parallel Aware": true,
                                                      "Async Capable": false,
                                                      "Startup Cost": 683991.59,
                                                      "Total Cost": 683991.59,
                                                      "Plan Rows": 4390,
                                                      "Plan Width": 14,
                                                      "Plans": [
                                                        {
                                                          "Node Type": "Hash Join",
                                                          "Parent Relationship": "Outer",
                                                          "Parallel Aware": true,
                                                          "Async Capable": false,
                                                          "Join Type": "Inner",
                                                          "Startup Cost": 2049.75,
                                                          "Total Cost": 683991.59,
                                                          "Plan Rows": 4390,
                                                          "Plan Width": 14,
                                                          "Inner Unique": false,
                                                          "Hash Cond": "(store_sales.ss_sold_date_sk = date_dim.d_date_sk)",
                                                          "Plans": [
                                                            {
                                                              "Node Type": "Seq Scan",
                                                              "Parent Relationship": "Outer",
                                                              "Parallel Aware": true,
                                                              "Async Capable": false,
                                                              "Relation Name": "store_sales",
                                                              "Alias": "store_sales",
                                                              "Startup Cost": 0.0,
                                                              "Total Cost": 636914.37,
                                                              "Plan Rows": 12000637,
                                                              "Plan Width": 18,
                                                              "parent": 15,
                                                              "ID": 16
                                                            },
                                                            {
                                                              "Node Type": "Hash",
                                                              "Parent Relationship": "Inner",
                                                              "Parallel Aware": true,
                                                              "Async Capable": false,
                                                              "Startup Cost": 2049.55,
                                                              "Total Cost": 2049.55,
                                                              "Plan Rows": 16,
                                                              "Plan Width": 4,
                                                              "Plans": [
                                                                {
                                                                  "Node Type": "Seq Scan",
                                                                  "Parent Relationship": "Outer",
                                                                  "Parallel Aware": true,
                                                                  "Async Capable": false,
                                                                  "Relation Name": "date_dim",
                                                                  "Alias": "date_dim",
                                                                  "Startup Cost": 0.0,
                                                                  "Total Cost": 2049.55,
                                                                  "Plan Rows": 16,
                                                                  "Plan Width": 4,
                                                                  "Filter": "((d_year = 1999) AND (d_moy = 2))",
                                                                  "parent": 17,
                                                                  "ID": 18
                                                                }
                                                              ],
                                                              "parent": 15,
                                                              "ID": 17,
                                                              "left": 18
                                                            }
                                                          ],
                                                          "parent": 14,
                                                          "ID": 15,
                                                          "left": 16,
                                                          "right": 17
                                                        }
                                                      ],
                                                      "parent": 12,
                                                      "ID": 14,
                                                      "left": 15
                                                    }
                                                  ],
                                                  "parent": 11,
                                                  "ID": 12,
                                                  "left": 13,
                                                  "right": 14
                                                }
                                              ],
                                              "parent": 9,
                                              "ID": 11,
                                              "left": 12
                                            }
                                          ],
                                          "parent": 8,
                                          "ID": 9,
                                          "left": 10,
                                          "right": 11
                                        }
                                      ],
                                      "parent": 7,
                                      "ID": 8,
                                      "left": 9
                                    },
                                    {
                                      "Node Type": "Sort",
                                      "Parent Relationship": "Inner",
                                      "Parallel Aware": false,
                                      "Async Capable": false,
                                      "Startup Cost": 8566.85,
                                      "Total Cost": 8575.39,
                                      "Plan Rows": 3414,
                                      "Plan Width": 17,
                                      "Sort Key": [
                                        "item_1.i_item_id"
                                      ],
                                      "Plans": [
                                        {
                                          "Node Type": "Seq Scan",
                                          "Parent Relationship": "Outer",
                                          "Parallel Aware": false,
                                          "Async Capable": false,
                                          "Relation Name": "item",
                                          "Alias": "item_1",
                                          "Startup Cost": 0.0,
                                          "Total Cost": 8366.5,
                                          "Plan Rows": 3414,
                                          "Plan Width": 17,
                                          "Filter": "(i_color = ANY ('{frosted,red,olive}'::bpchar[]))",
                                          "parent": 19,
                                          "ID": 20
                                        }
                                      ],
                                      "parent": 7,
                                      "ID": 19,
                                      "left": 20
                                    }
                                  ],
                                  "parent": 6,
                                  "ID": 7,
                                  "left": 8,
                                  "right": 19
                                }
                              ],
                              "parent": 5,
                              "ID": 6,
                              "left": 7
                            }
                          ],
                          "parent": 4,
                          "ID": 5,
                          "left": 6
                        }
                      ],
                      "parent": 3,
                      "ID": 4,
                      "left": 5
                    },
                    {
                      "Node Type": "Aggregate",
                      "Strategy": "Sorted",
                      "Partial Mode": "Finalize",
                      "Parent Relationship": "Member",
                      "Parallel Aware": false,
                      "Async Capable": false,
                      "Startup Cost": 482522.75,
                      "Total Cost": 482562.79,
                      "Plan Rows": 150,
                      "Plan Width": 49,
                      "Group Key": [
                        "item_2.i_item_id"
                      ],
                      "Plans": [
                        {
                          "Node Type": "Gather Merge",
                          "Parent Relationship": "Outer",
                          "Parallel Aware": false,
                          "Async Capable": false,
                          "Startup Cost": 482522.75,
                          "Total Cost": 482559.98,
                          "Plan Rows": 124,
                          "Plan Width": 49,
                          "Workers Planned": 2,
                          "Plans": [
                            {
                              "Node Type": "Aggregate",
                              "Strategy": "Sorted",
                              "Partial Mode": "Partial",
                              "Parent Relationship": "Outer",
                              "Parallel Aware": false,
                              "Async Capable": false,
                              "Startup Cost": 481522.72,
                              "Total Cost": 481545.64,
                              "Plan Rows": 62,
                              "Plan Width": 49,
                              "Group Key": [
                                "item_2.i_item_id"
                              ],
                              "Plans": [
                                {
                                  "Node Type": "Merge Join",
                                  "Parent Relationship": "Outer",
                                  "Parallel Aware": false,
                                  "Async Capable": false,
                                  "Join Type": "Semi",
                                  "Startup Cost": 481522.72,
                                  "Total Cost": 481544.56,
                                  "Plan Rows": 62,
                                  "Plan Width": 23,
                                  "Inner Unique": false,
                                  "Merge Cond": "(item_2.i_item_id = item_3.i_item_id)",
                                  "Plans": [
                                    {
                                      "Node Type": "Sort",
                                      "Parent Relationship": "Outer",
                                      "Parallel Aware": false,
                                      "Async Capable": false,
                                      "Startup Cost": 472955.87,
                                      "Total Cost": 472957.94,
                                      "Plan Rows": 827,
                                      "Plan Width": 23,
                                      "Sort Key": [
                                        "item_2.i_item_id"
                                      ],
                                      "Plans": [
                                        {
                                          "Node Type": "Hash Join",
                                          "Parent Relationship": "Outer",
                                          "Parallel Aware": true,
                                          "Async Capable": false,
                                          "Join Type": "Inner",
                                          "Startup Cost": 465363.97,
                                          "Total Cost": 472915.79,
                                          "Plan Rows": 827,
                                          "Plan Width": 23,
                                          "Inner Unique": false,
                                          "Hash Cond": "(item_2.i_item_sk = catalog_sales.cs_item_sk)",
                                          "Plans": [
                                            {
                                              "Node Type": "Seq Scan",
                                              "Parent Relationship": "Outer",
                                              "Parallel Aware": true,
                                              "Async Capable": false,
                                              "Relation Name": "item",
                                              "Alias": "item_2",
                                              "Startup Cost": 0.0,
                                              "Total Cost": 7389.0,
                                              "Plan Rows": 42500,
                                              "Plan Width": 21,
                                              "parent": 26,
                                              "ID": 27
                                            },
                                            {
                                              "Node Type": "Hash",
                                              "Parent Relationship": "Inner",
                                              "Parallel Aware": true,
                                              "Async Capable": false,
                                              "Startup Cost": 465353.63,
                                              "Total Cost": 465353.63,
                                              "Plan Rows": 827,
                                              "Plan Width": 10,
                                              "Plans": [
                                                {
                                                  "Node Type": "Hash Join",
                                                  "Parent Relationship": "Outer",
                                                  "Parallel Aware": true,
                                                  "Async Capable": false,
                                                  "Join Type": "Inner",
                                                  "Startup Cost": 458281.63,
                                                  "Total Cost": 465353.63,
                                                  "Plan Rows": 827,
                                                  "Plan Width": 10,
                                                  "Inner Unique": false,
                                                  "Hash Cond": "(customer_address_1.ca_address_sk = catalog_sales.cs_bill_addr_sk)",
                                                  "Plans": [
                                                    {
                                                      "Node Type": "Seq Scan",
                                                      "Parent Relationship": "Outer",
                                                      "Parallel Aware": true,
                                                      "Async Capable": false,
                                                      "Relation Name": "customer_address",
                                                      "Alias": "customer_address_1",
                                                      "Startup Cost": 0.0,
                                                      "Total Cost": 6737.08,
                                                      "Plan Rows": 37882,
                                                      "Plan Width": 4,
                                                      "Filter": "(ca_gmt_offset = '-5'::numeric)",
                                                      "parent": 29,
                                                      "ID": 30
                                                    },
                                                    {
                                                      "Node Type": "Hash",
                                                      "Parent Relationship": "Inner",
                                                      "Parallel Aware": true,
                                                      "Async Capable": false,
                                                      "Startup Cost": 458253.04,
                                                      "Total Cost": 458253.04,
                                                      "Plan Rows": 2287,
                                                      "Plan Width": 14,
                                                      "Plans": [
                                                        {
                                                          "Node Type": "Hash Join",
                                                          "Parent Relationship": "Outer",
                                                          "Parallel Aware": true,
                                                          "Async Capable": false,
                                                          "Join Type": "Inner",
                                                          "Startup Cost": 2049.75,
                                                          "Total Cost": 458253.04,
                                                          "Plan Rows": 2287,
                                                          "Plan Width": 14,
                                                          "Inner Unique": false,
                                                          "Hash Cond": "(catalog_sales.cs_sold_date_sk = date_dim_1.d_date_sk)",
                                                          "Plans": [
                                                            {
                                                              "Node Type": "Seq Scan",
                                                              "Parent Relationship": "Outer",
                                                              "Parallel Aware": true,
                                                              "Async Capable": false,
                                                              "Relation Name": "catalog_sales",
                                                              "Alias": "catalog_sales",
                                                              "Startup Cost": 0.0,
                                                              "Total Cost": 433688.25,
                                                              "Plan Rows": 6000525,
                                                              "Plan Width": 18,
                                                              "parent": 32,
                                                              "ID": 33
                                                            },
                                                            {
                                                              "Node Type": "Hash",
                                                              "Parent Relationship": "Inner",
                                                              "Parallel Aware": true,
                                                              "Async Capable": false,
                                                              "Startup Cost": 2049.55,
                                                              "Total Cost": 2049.55,
                                                              "Plan Rows": 16,
                                                              "Plan Width": 4,
                                                              "Plans": [
                                                                {
                                                                  "Node Type": "Seq Scan",
                                                                  "Parent Relationship": "Outer",
                                                                  "Parallel Aware": true,
                                                                  "Async Capable": false,
                                                                  "Relation Name": "date_dim",
                                                                  "Alias": "date_dim_1",
                                                                  "Startup Cost": 0.0,
                                                                  "Total Cost": 2049.55,
                                                                  "Plan Rows": 16,
                                                                  "Plan Width": 4,
                                                                  "Filter": "((d_year = 1999) AND (d_moy = 2))",
                                                                  "parent": 34,
                                                                  "ID": 35
                                                                }
                                                              ],
                                                              "parent": 32,
                                                              "ID": 34,
                                                              "left": 35
                                                            }
                                                          ],
                                                          "parent": 31,
                                                          "ID": 32,
                                                          "left": 33,
                                                          "right": 34
                                                        }
                                                      ],
                                                      "parent": 29,
                                                      "ID": 31,
                                                      "left": 32
                                                    }
                                                  ],
                                                  "parent": 28,
                                                  "ID": 29,
                                                  "left": 30,
                                                  "right": 31
                                                }
                                              ],
                                              "parent": 26,
                                              "ID": 28,
                                              "left": 29
                                            }
                                          ],
                                          "parent": 25,
                                          "ID": 26,
                                          "left": 27,
                                          "right": 28
                                        }
                                      ],
                                      "parent": 24,
                                      "ID": 25,
                                      "left": 26
                                    },
                                    {
                                      "Node Type": "Sort",
                                      "Parent Relationship": "Inner",
                                      "Parallel Aware": false,
                                      "Async Capable": false,
                                      "Startup Cost": 8566.85,
                                      "Total Cost": 8575.39,
                                      "Plan Rows": 3414,
                                      "Plan Width": 17,
                                      "Sort Key": [
                                        "item_3.i_item_id"
                                      ],
                                      "Plans": [
                                        {
                                          "Node Type": "Seq Scan",
                                          "Parent Relationship": "Outer",
                                          "Parallel Aware": false,
                                          "Async Capable": false,
                                          "Relation Name": "item",
                                          "Alias": "item_3",
                                          "Startup Cost": 0.0,
                                          "Total Cost": 8366.5,
                                          "Plan Rows": 3414,
                                          "Plan Width": 17,
                                          "Filter": "(i_color = ANY ('{frosted,red,olive}'::bpchar[]))",
                                          "parent": 36,
                                          "ID": 37
                                        }
                                      ],
                                      "parent": 24,
                                      "ID": 36,
                                      "left": 37
                                    }
                                  ],
                                  "parent": 23,
                                  "ID": 24,
                                  "left": 25,
                                  "right": 36
                                }
                              ],
                              "parent": 22,
                              "ID": 23,
                              "left": 24
                            }
                          ],
                          "parent": 21,
                          "ID": 22,
                          "left": 23
                        }
                      ],
                      "parent": 3,
                      "ID": 21,
                      "left": 22
                    },
                    {
                      "Node Type": "Aggregate",
                      "Strategy": "Sorted",
                      "Partial Mode": "Simple",
                      "Parent Relationship": "Member",
                      "Parallel Aware": false,
                      "Async Capable": false,
                      "Startup Cost": 255195.79,
                      "Total Cost": 255197.31,
                      "Plan Rows": 76,
                      "Plan Width": 49,
                      "Group Key": [
                        "item_4.i_item_id"
                      ],
                      "Plans": [
                        {
                          "Node Type": "Sort",
                          "Parent Relationship": "Outer",
                          "Parallel Aware": false,
                          "Async Capable": false,
                          "Startup Cost": 255195.79,
                          "Total Cost": 255195.98,
                          "Plan Rows": 76,
                          "Plan Width": 23,
                          "Sort Key": [
                            "item_4.i_item_id"
                          ],
                          "Plans": [
                            {
                              "Node Type": "Hash Join",
                              "Parent Relationship": "Outer",
                              "Parallel Aware": false,
                              "Async Capable": false,
                              "Join Type": "Semi",
                              "Startup Cost": 247539.43,
                              "Total Cost": 255193.42,
                              "Plan Rows": 76,
                              "Plan Width": 23,
                              "Inner Unique": false,
                              "Hash Cond": "(item_4.i_item_id = item_5.i_item_id)",
                              "Plans": [
                                {
                                  "Node Type": "Gather",
                                  "Parent Relationship": "Outer",
                                  "Parallel Aware": false,
                                  "Async Capable": false,
                                  "Startup Cost": 239130.25,
                                  "Total Cost": 246780.67,
                                  "Plan Rows": 1003,
                                  "Plan Width": 23,
                                  "Workers Planned": 2,
                                  "Single Copy": false,
                                  "Plans": [
                                    {
                                      "Node Type": "Hash Join",
                                      "Parent Relationship": "Outer",
                                      "Parallel Aware": true,
                                      "Async Capable": false,
                                      "Join Type": "Inner",
                                      "Startup Cost": 238130.25,
                                      "Total Cost": 245680.37,
                                      "Plan Rows": 418,
                                      "Plan Width": 23,
                                      "Inner Unique": false,
                                      "Hash Cond": "(item_4.i_item_sk = web_sales.ws_item_sk)",
                                      "Plans": [
                                        {
                                          "Node Type": "Seq Scan",
                                          "Parent Relationship": "Outer",
                                          "Parallel Aware": true,
                                          "Async Capable": false,
                                          "Relation Name": "item",
                                          "Alias": "item_4",
                                          "Startup Cost": 0.0,
                                          "Total Cost": 7389.0,
                                          "Plan Rows": 42500,
                                          "Plan Width": 21,
                                          "parent": 42,
                                          "ID": 43
                                        },
                                        {
                                          "Node Type": "Hash",
                                          "Parent Relationship": "Inner",
                                          "Parallel Aware": true,
                                          "Async Capable": false,
                                          "Startup Cost": 238125.03,
                                          "Total Cost": 238125.03,
                                          "Plan Rows": 418,
                                          "Plan Width": 10,
                                          "Plans": [
                                            {
                                              "Node Type": "Hash Join",
                                              "Parent Relationship": "Outer",
                                              "Parallel Aware": true,
                                              "Async Capable": false,
                                              "Join Type": "Inner",
                                              "Startup Cost": 231054.74,
                                              "Total Cost": 238125.03,
                                              "Plan Rows": 418,
                                              "Plan Width": 10,
                                              "Inner Unique": false,
                                              "Hash Cond": "(customer_address_2.ca_address_sk = web_sales.ws_bill_addr_sk)",
                                              "Plans": [
                                                {
                                                  "Node Type": "Seq Scan",
                                                  "Parent Relationship": "Outer",
                                                  "Parallel Aware": true,
                                                  "Async Capable": false,
                                                  "Relation Name": "customer_address",
                                                  "Alias": "customer_address_2",
                                                  "Startup Cost": 0.0,
                                                  "Total Cost": 6737.08,
                                                  "Plan Rows": 37882,
                                                  "Plan Width": 4,
                                                  "Filter": "(ca_gmt_offset = '-5'::numeric)",
                                                  "parent": 45,
                                                  "ID": 46
                                                },
                                                {
                                                  "Node Type": "Hash",
                                                  "Parent Relationship": "Inner",
                                                  "Parallel Aware": true,
                                                  "Async Capable": false,
                                                  "Startup Cost": 231040.38,
                                                  "Total Cost": 231040.38,
                                                  "Plan Rows": 1149,
                                                  "Plan Width": 14,
                                                  "Plans": [
                                                    {
                                                      "Node Type": "Hash Join",
                                                      "Parent Relationship": "Outer",
                                                      "Parallel Aware": true,
                                                      "Async Capable": false,
                                                      "Join Type": "Inner",
                                                      "Startup Cost": 2049.75,
                                                      "Total Cost": 231040.38,
                                                      "Plan Rows": 1149,
                                                      "Plan Width": 14,
                                                      "Inner Unique": false,
                                                      "Hash Cond": "(web_sales.ws_sold_date_sk = date_dim_2.d_date_sk)",
                                                      "Plans": [
                                                        {
                                                          "Node Type": "Seq Scan",
                                                          "Parent Relationship": "Outer",
                                                          "Parallel Aware": true,
                                                          "Async Capable": false,
                                                          "Relation Name": "web_sales",
                                                          "Alias": "web_sales",
                                                          "Startup Cost": 0.0,
                                                          "Total Cost": 217737.86,
                                                          "Plan Rows": 2998986,
                                                          "Plan Width": 18,
                                                          "parent": 48,
                                                          "ID": 49
                                                        },
                                                        {
                                                          "Node Type": "Hash",
                                                          "Parent Relationship": "Inner",
                                                          "Parallel Aware": true,
                                                          "Async Capable": false,
                                                          "Startup Cost": 2049.55,
                                                          "Total Cost": 2049.55,
                                                          "Plan Rows": 16,
                                                          "Plan Width": 4,
                                                          "Plans": [
                                                            {
                                                              "Node Type": "Seq Scan",
                                                              "Parent Relationship": "Outer",
                                                              "Parallel Aware": true,
                                                              "Async Capable": false,
                                                              "Relation Name": "date_dim",
                                                              "Alias": "date_dim_2",
                                                              "Startup Cost": 0.0,
                                                              "Total Cost": 2049.55,
                                                              "Plan Rows": 16,
                                                              "Plan Width": 4,
                                                              "Filter": "((d_year = 1999) AND (d_moy = 2))",
                                                              "parent": 50,
                                                              "ID": 51
                                                            }
                                                          ],
                                                          "parent": 48,
                                                          "ID": 50,
                                                          "left": 51
                                                        }
                                                      ],
                                                      "parent": 47,
                                                      "ID": 48,
                                                      "left": 49,
                                                      "right": 50
                                                    }
                                                  ],
                                                  "parent": 45,
                                                  "ID": 47,
                                                  "left": 48
                                                }
                                              ],
                                              "parent": 44,
                                              "ID": 45,
                                              "left": 46,
                                              "right": 47
                                            }
                                          ],
                                          "parent": 42,
                                          "ID": 44,
                                          "left": 45
                                        }
                                      ],
                                      "parent": 41,
                                      "ID": 42,
                                      "left": 43,
                                      "right": 44
                                    }
                                  ],
                                  "parent": 40,
                                  "ID": 41,
                                  "left": 42
                                },
                                {
                                  "Node Type": "Hash",
                                  "Parent Relationship": "Inner",
                                  "Parallel Aware": false,
                                  "Async Capable": false,
                                  "Startup Cost": 8366.5,
                                  "Total Cost": 8366.5,
                                  "Plan Rows": 3414,
                                  "Plan Width": 17,
                                  "Plans": [
                                    {
                                      "Node Type": "Seq Scan",
                                      "Parent Relationship": "Outer",
                                      "Parallel Aware": false,
                                      "Async Capable": false,
                                      "Relation Name": "item",
                                      "Alias": "item_5",
                                      "Startup Cost": 0.0,
                                      "Total Cost": 8366.5,
                                      "Plan Rows": 3414,
                                      "Plan Width": 17,
                                      "Filter": "(i_color = ANY ('{frosted,red,olive}'::bpchar[]))",
                                      "parent": 52,
                                      "ID": 53
                                    }
                                  ],
                                  "parent": 40,
                                  "ID": 52,
                                  "left": 53
                                }
                              ],
                              "parent": 39,
                              "ID": 40,
                              "left": 41,
                              "right": 52
                            }
                          ],
                          "parent": 38,
                          "ID": 39,
                          "left": 40
                        }
                      ],
                      "parent": 3,
                      "ID": 38,
                      "left": 39
                    }
                  ],
                  "parent": 2,
                  "ID": 3,
                  "left": 4,
                  "right": 21
                }
              ],
              "parent": 1,
              "ID": 2,
              "left": 3
            }
          ],
          "parent": 0,
          "ID": 1,
          "left": 2
        }
      ],
      "parent": null,
      "ID": 0,
      "left": 1
    },
    "feat": {
      "utility": 0.005768095258271466,
      "query_shape": [
        [
          "Seq Scan",
          "Hash Join",
          "Sort",
          "Merge Join",
          "Aggregate",
          "Gather Merge",
          "Merge Append"
        ],
        [
          "Seq Scan",
          "Hash Join",
          "Hash",
          "Sort",
          "Merge Join",
          "Aggregate",
          "Gather Merge",
          "Merge Append"
        ],
        [
          "Seq Scan",
          "Hash Join",
          "Hash",
          "Sort",
          "Merge Join",
          "Aggregate",
          "Gather Merge",
          "Merge Append"
        ],
        [
          "Seq Scan",
          "Hash",
          "Hash Join",
          "Sort",
          "Merge Join",
          "Aggregate",
          "Gather Merge",
          "Merge Append"
        ],
        [
          "Seq Scan",
          "Sort",
          "Merge Join",
          "Aggregate",
          "Gather Merge",
          "Merge Append"
        ],
        [
          "Seq Scan",
          "Hash Join",
          "Sort",
          "Merge Join",
          "Aggregate",
          "Gather Merge",
          "Merge Append"
        ],
        [
          "Seq Scan",
          "Hash Join",
          "Hash",
          "Sort",
          "Merge Join",
          "Aggregate",
          "Gather Merge",
          "Merge Append"
        ],
        [
          "Seq Scan",
          "Hash Join",
          "Hash",
          "Sort",
          "Merge Join",
          "Aggregate",
          "Gather Merge",
          "Merge Append"
        ],
        [
          "Seq Scan",
          "Hash",
          "Hash Join",
          "Sort",
          "Merge Join",
          "Aggregate",
          "Gather Merge",
          "Merge Append"
        ],
        [
          "Seq Scan",
          "Sort",
          "Merge Join",
          "Aggregate",
          "Gather Merge",
          "Merge Append"
        ],
        [
          "Seq Scan",
          "Hash Join",
          "Gather",
          "Sort",
          "Aggregate",
          "Merge Append"
        ],
        [
          "Seq Scan",
          "Hash Join",
          "Hash",
          "Gather",
          "Sort",
          "Aggregate",
          "Merge Append"
        ],
        [
          "Seq Scan",
          "Hash Join",
          "Hash",
          "Gather",
          "Sort",
          "Aggregate",
          "Merge Append"
        ],
        [
          "Seq Scan",
          "Hash",
          "Hash Join",
          "Gather",
          "Sort",
          "Aggregate",
          "Merge Append"
        ],
        [
          "Seq Scan",
          "Hash",
          "Hash Join",
          "Sort",
          "Aggregate",
          "Merge Append"
        ]
      ],
      "index_shape": [
        "join"
      ],
      "physical_operator": {
        "Hash Join": [
          0.003089606873385572
        ]
      }
    }
  },
  {
    "query": "with ss as (\n select i_item_id,sum(ss_ext_sales_price) total_sales\n from\n \tstore_sales,\n \tdate_dim,\n         customer_address,\n         item\n where i_item_id in (select\n     i_item_id\nfrom item\nwhere i_color in ('frosted','red','olive'))\n and     ss_item_sk              = i_item_sk\n and     ss_sold_date_sk         = d_date_sk\n and     d_year                  = 1999\n and     d_moy                   = 2\n and     ss_addr_sk              = ca_address_sk\n and     ca_gmt_offset           = -5 \n group by i_item_id),\n cs as (\n select i_item_id,sum(cs_ext_sales_price) total_sales\n from\n \tcatalog_sales,\n \tdate_dim,\n         customer_address,\n         item\n where\n         i_item_id               in (select\n  i_item_id\nfrom item\nwhere i_color in ('frosted','red','olive'))\n and     cs_item_sk              = i_item_sk\n and     cs_sold_date_sk         = d_date_sk\n and     d_year                  = 1999\n and     d_moy                   = 2\n and     cs_bill_addr_sk         = ca_address_sk\n and     ca_gmt_offset           = -5 \n group by i_item_id),\n ws as (\n select i_item_id,sum(ws_ext_sales_price) total_sales\n from\n \tweb_sales,\n \tdate_dim,\n         customer_address,\n         item\n where\n         i_item_id               in (select\n  i_item_id\nfrom item\nwhere i_color in ('frosted','red','olive'))\n and     ws_item_sk              = i_item_sk\n and     ws_sold_date_sk         = d_date_sk\n and     d_year                  = 1999\n and     d_moy                   = 2\n and     ws_bill_addr_sk         = ca_address_sk\n and     ca_gmt_offset           = -5\n group by i_item_id)\n  select  i_item_id ,sum(total_sales) total_sales\n from  (select * from ss \n        union all\n        select * from cs \n        union all\n        select * from ws) tmp1\n group by i_item_id\n order by total_sales,\n          i_item_id\n limit 100;\n\n-- end query 40 in stream 3 using template query56.tpl\n",
    "indexes": "catalog_sales.cs_item_sk",
    "wo plan est": {
      "Node Type": "Limit",
      "Parallel Aware": false,
      "Async Capable": false,
      "Startup Cost": 1445997.16,
      "Total Cost": 1445997.41,
      "Plan Rows": 100,
      "Plan Width": 49,
      "Plans": [
        {
          "Node Type": "Sort",
          "Parent Relationship": "Outer",
          "Parallel Aware": false,
          "Async Capable": false,
          "Startup Cost": 1445997.16,
          "Total Cost": 1445997.66,
          "Plan Rows": 200,
          "Plan Width": 49,
          "Sort Key": [
            "(sum((sum(store_sales.ss_ext_sales_price))))",
            "item.i_item_id"
          ],
          "Plans": [
            {
              "Node Type": "Aggregate",
              "Strategy": "Sorted",
              "Partial Mode": "Simple",
              "Parent Relationship": "Outer",
              "Parallel Aware": false,
              "Async Capable": false,
              "Startup Cost": 1445871.82,
              "Total Cost": 1445989.52,
              "Plan Rows": 200,
              "Plan Width": 49,
              "Group Key": [
                "item.i_item_id"
              ],
              "Plans": [
                {
                  "Node Type": "Merge Append",
                  "Parent Relationship": "Outer",
                  "Parallel Aware": false,
                  "Async Capable": false,
                  "Startup Cost": 1445871.82,
                  "Total Cost": 1445984.5,
                  "Plan Rows": 503,
                  "Plan Width": 49,
                  "Sort Key": [
                    "item.i_item_id"
                  ],
                  "Subplans Removed": 0,
                  "Plans": [
                    {
                      "Node Type": "Aggregate",
                      "Strategy": "Sorted",
                      "Partial Mode": "Finalize",
                      "Parent Relationship": "Member",
                      "Parallel Aware": false,
                      "Async Capable": false,
                      "Startup Cost": 708153.26,
                      "Total Cost": 708212.85,
                      "Plan Rows": 277,
                      "Plan Width": 49,
                      "Group Key": [
                        "item.i_item_id"
                      ],
                      "Plans": [
                        {
                          "Node Type": "Gather Merge",
                          "Parent Relationship": "Outer",
                          "Parallel Aware": false,
                          "Async Capable": false,
                          "Startup Cost": 708153.26,
                          "Total Cost": 708207.66,
                          "Plan Rows": 230,
                          "Plan Width": 49,
                          "Workers Planned": 2,
                          "Plans": [
                            {
                              "Node Type": "Aggregate",
                              "Strategy": "Sorted",
                              "Partial Mode": "Partial",
                              "Parent Relationship": "Outer",
                              "Parallel Aware": false,
                              "Async Capable": false,
                              "Startup Cost": 707153.23,
                              "Total Cost": 707181.09,
                              "Plan Rows": 115,
                              "Plan Width": 49,
                              "Group Key": [
                                "item.i_item_id"
                              ],
                              "Plans": [
                                {
                                  "Node Type": "Merge Join",
                                  "Parent Relationship": "Outer",
                                  "Parallel Aware": false,
                                  "Async Capable": false,
                                  "Join Type": "Semi",
                                  "Startup Cost": 707153.23,
                                  "Total Cost": 707179.08,
                                  "Plan Rows": 115,
                                  "Plan Width": 23,
                                  "Inner Unique": false,
                                  "Merge Cond": "(item.i_item_id = item_1.i_item_id)",
                                  "Plans": [
                                    {
                                      "Node Type": "Sort",
                                      "Parent Relationship": "Outer",
                                      "Parallel Aware": false,
                                      "Async Capable": false,
                                      "Startup Cost": 698586.38,
                                      "Total Cost": 698590.19,
                                      "Plan Rows": 1525,
                                      "Plan Width": 23,
                                      "Sort Key": [
                                        "item.i_item_id"
                                      ],
                                      "Plans": [
                                        {
                                          "Node Type": "Hash Join",
                                          "Parent Relationship": "Outer",
                                          "Parallel Aware": true,
                                          "Async Capable": false,
                                          "Join Type": "Inner",
                                          "Startup Cost": 690951.02,
                                          "Total Cost": 698505.75,
                                          "Plan Rows": 1525,
                                          "Plan Width": 23,
                                          "Inner Unique": false,
                                          "Hash Cond": "(item.i_item_sk = store_sales.ss_item_sk)",
                                          "Plans": [
                                            {
                                              "Node Type": "Seq Scan",
                                              "Parent Relationship": "Outer",
                                              "Parallel Aware": true,
                                              "Async Capable": false,
                                              "Relation Name": "item",
                                              "Alias": "item",
                                              "Startup Cost": 0.0,
                                              "Total Cost": 7389.0,
                                              "Plan Rows": 42500,
                                              "Plan Width": 21,
                                              "parent": 9,
                                              "ID": 10
                                            },
                                            {
                                              "Node Type": "Hash",
                                              "Parent Relationship": "Inner",
                                              "Parallel Aware": true,
                                              "Async Capable": false,
                                              "Startup Cost": 690931.96,
                                              "Total Cost": 690931.96,
                                              "Plan Rows": 1525,
                                              "Plan Width": 10,
                                              "Plans": [
                                                {
                                                  "Node Type": "Hash Join",
                                                  "Parent Relationship": "Outer",
                                                  "Parallel Aware": true,
                                                  "Async Capable": false,
                                                  "Join Type": "Inner",
                                                  "Startup Cost": 684046.46,
                                                  "Total Cost": 690931.96,
                                                  "Plan Rows": 1525,
                                                  "Plan Width": 10,
                                                  "Inner Unique": false,
                                                  "Hash Cond": "(customer_address.ca_address_sk = store_sales.ss_addr_sk)",
                                                  "Plans": [
                                                    {
                                                      "Node Type": "Seq Scan",
                                                      "Parent Relationship": "Outer",
                                                      "Parallel Aware": true,
                                                      "Async Capable": false,
                                                      "Relation Name": "customer_address",
                                                      "Alias": "customer_address",
                                                      "Startup Cost": 0.0,
                                                      "Total Cost": 6737.08,
                                                      "Plan Rows": 37882,
                                                      "Plan Width": 4,
                                                      "Filter": "(ca_gmt_offset = '-5'::numeric)",
                                                      "parent": 12,
                                                      "ID": 13
                                                    },
                                                    {
                                                      "Node Type": "Hash",
                                                      "Parent Relationship": "Inner",
                                                      "Parallel Aware": true,
                                                      "Async Capable": false,
                                                      "Startup Cost": 683991.59,
                                                      "Total Cost": 683991.59,
                                                      "Plan Rows": 4390,
                                                      "Plan Width": 14,
                                                      "Plans": [
                                                        {
                                                          "Node Type": "Hash Join",
                                                          "Parent Relationship": "Outer",
                                                          "Parallel Aware": true,
                                                          "Async Capable": false,
                                                          "Join Type": "Inner",
                                                          "Startup Cost": 2049.75,
                                                          "Total Cost": 683991.59,
                                                          "Plan Rows": 4390,
                                                          "Plan Width": 14,
                                                          "Inner Unique": false,
                                                          "Hash Cond": "(store_sales.ss_sold_date_sk = date_dim.d_date_sk)",
                                                          "Plans": [
                                                            {
                                                              "Node Type": "Seq Scan",
                                                              "Parent Relationship": "Outer",
                                                              "Parallel Aware": true,
                                                              "Async Capable": false,
                                                              "Relation Name": "store_sales",
                                                              "Alias": "store_sales",
                                                              "Startup Cost": 0.0,
                                                              "Total Cost": 636914.37,
                                                              "Plan Rows": 12000637,
                                                              "Plan Width": 18,
                                                              "parent": 15,
                                                              "ID": 16
                                                            },
                                                            {
                                                              "Node Type": "Hash",
                                                              "Parent Relationship": "Inner",
                                                              "Parallel Aware": true,
                                                              "Async Capable": false,
                                                              "Startup Cost": 2049.55,
                                                              "Total Cost": 2049.55,
                                                              "Plan Rows": 16,
                                                              "Plan Width": 4,
                                                              "Plans": [
                                                                {
                                                                  "Node Type": "Seq Scan",
                                                                  "Parent Relationship": "Outer",
                                                                  "Parallel Aware": true,
                                                                  "Async Capable": false,
                                                                  "Relation Name": "date_dim",
                                                                  "Alias": "date_dim",
                                                                  "Startup Cost": 0.0,
                                                                  "Total Cost": 2049.55,
                                                                  "Plan Rows": 16,
                                                                  "Plan Width": 4,
                                                                  "Filter": "((d_year = 1999) AND (d_moy = 2))",
                                                                  "parent": 17,
                                                                  "ID": 18
                                                                }
                                                              ],
                                                              "parent": 15,
                                                              "ID": 17,
                                                              "left": 18
                                                            }
                                                          ],
                                                          "parent": 14,
                                                          "ID": 15,
                                                          "left": 16,
                                                          "right": 17
                                                        }
                                                      ],
                                                      "parent": 12,
                                                      "ID": 14,
                                                      "left": 15
                                                    }
                                                  ],
                                                  "parent": 11,
                                                  "ID": 12,
                                                  "left": 13,
                                                  "right": 14
                                                }
                                              ],
                                              "parent": 9,
                                              "ID": 11,
                                              "left": 12
                                            }
                                          ],
                                          "parent": 8,
                                          "ID": 9,
                                          "left": 10,
                                          "right": 11
                                        }
                                      ],
                                      "parent": 7,
                                      "ID": 8,
                                      "left": 9
                                    },
                                    {
                                      "Node Type": "Sort",
                                      "Parent Relationship": "Inner",
                                      "Parallel Aware": false,
                                      "Async Capable": false,
                                      "Startup Cost": 8566.85,
                                      "Total Cost": 8575.39,
                                      "Plan Rows": 3414,
                                      "Plan Width": 17,
                                      "Sort Key": [
                                        "item_1.i_item_id"
                                      ],
                                      "Plans": [
                                        {
                                          "Node Type": "Seq Scan",
                                          "Parent Relationship": "Outer",
                                          "Parallel Aware": false,
                                          "Async Capable": false,
                                          "Relation Name": "item",
                                          "Alias": "item_1",
                                          "Startup Cost": 0.0,
                                          "Total Cost": 8366.5,
                                          "Plan Rows": 3414,
                                          "Plan Width": 17,
                                          "Filter": "(i_color = ANY ('{frosted,red,olive}'::bpchar[]))",
                                          "parent": 19,
                                          "ID": 20
                                        }
                                      ],
                                      "parent": 7,
                                      "ID": 19,
                                      "left": 20
                                    }
                                  ],
                                  "parent": 6,
                                  "ID": 7,
                                  "left": 8,
                                  "right": 19
                                }
                              ],
                              "parent": 5,
                              "ID": 6,
                              "left": 7
                            }
                          ],
                          "parent": 4,
                          "ID": 5,
                          "left": 6
                        }
                      ],
                      "parent": 3,
                      "ID": 4,
                      "left": 5
                    },
                    {
                      "Node Type": "Aggregate",
                      "Strategy": "Sorted",
                      "Partial Mode": "Finalize",
                      "Parent Relationship": "Member",
                      "Parallel Aware": false,
                      "Async Capable": false,
                      "Startup Cost": 482522.75,
                      "Total Cost": 482562.79,
                      "Plan Rows": 150,
                      "Plan Width": 49,
                      "Group Key": [
                        "item_2.i_item_id"
                      ],
                      "Plans": [
                        {
                          "Node Type": "Gather Merge",
                          "Parent Relationship": "Outer",
                          "Parallel Aware": false,
                          "Async Capable": false,
                          "Startup Cost": 482522.75,
                          "Total Cost": 482559.98,
                          "Plan Rows": 124,
                          "Plan Width": 49,
                          "Workers Planned": 2,
                          "Plans": [
                            {
                              "Node Type": "Aggregate",
                              "Strategy": "Sorted",
                              "Partial Mode": "Partial",
                              "Parent Relationship": "Outer",
                              "Parallel Aware": false,
                              "Async Capable": false,
                              "Startup Cost": 481522.72,
                              "Total Cost": 481545.64,
                              "Plan Rows": 62,
                              "Plan Width": 49,
                              "Group Key": [
                                "item_2.i_item_id"
                              ],
                              "Plans": [
                                {
                                  "Node Type": "Merge Join",
                                  "Parent Relationship": "Outer",
                                  "Parallel Aware": false,
                                  "Async Capable": false,
                                  "Join Type": "Semi",
                                  "Startup Cost": 481522.72,
                                  "Total Cost": 481544.56,
                                  "Plan Rows": 62,
                                  "Plan Width": 23,
                                  "Inner Unique": false,
                                  "Merge Cond": "(item_2.i_item_id = item_3.i_item_id)",
                                  "Plans": [
                                    {
                                      "Node Type": "Sort",
                                      "Parent Relationship": "Outer",
                                      "Parallel Aware": false,
                                      "Async Capable": false,
                                      "Startup Cost": 472955.87,
                                      "Total Cost": 472957.94,
                                      "Plan Rows": 827,
                                      "Plan Width": 23,
                                      "Sort Key": [
                                        "item_2.i_item_id"
                                      ],
                                      "Plans": [
                                        {
                                          "Node Type": "Hash Join",
                                          "Parent Relationship": "Outer",
                                          "Parallel Aware": true,
                                          "Async Capable": false,
                                          "Join Type": "Inner",
                                          "Startup Cost": 465363.97,
                                          "Total Cost": 472915.79,
                                          "Plan Rows": 827,
                                          "Plan Width": 23,
                                          "Inner Unique": false,
                                          "Hash Cond": "(item_2.i_item_sk = catalog_sales.cs_item_sk)",
                                          "Plans": [
                                            {
                                              "Node Type": "Seq Scan",
                                              "Parent Relationship": "Outer",
                                              "Parallel Aware": true,
                                              "Async Capable": false,
                                              "Relation Name": "item",
                                              "Alias": "item_2",
                                              "Startup Cost": 0.0,
                                              "Total Cost": 7389.0,
                                              "Plan Rows": 42500,
                                              "Plan Width": 21,
                                              "parent": 26,
                                              "ID": 27
                                            },
                                            {
                                              "Node Type": "Hash",
                                              "Parent Relationship": "Inner",
                                              "Parallel Aware": true,
                                              "Async Capable": false,
                                              "Startup Cost": 465353.63,
                                              "Total Cost": 465353.63,
                                              "Plan Rows": 827,
                                              "Plan Width": 10,
                                              "Plans": [
                                                {
                                                  "Node Type": "Hash Join",
                                                  "Parent Relationship": "Outer",
                                                  "Parallel Aware": true,
                                                  "Async Capable": false,
                                                  "Join Type": "Inner",
                                                  "Startup Cost": 458281.63,
                                                  "Total Cost": 465353.63,
                                                  "Plan Rows": 827,
                                                  "Plan Width": 10,
                                                  "Inner Unique": false,
                                                  "Hash Cond": "(customer_address_1.ca_address_sk = catalog_sales.cs_bill_addr_sk)",
                                                  "Plans": [
                                                    {
                                                      "Node Type": "Seq Scan",
                                                      "Parent Relationship": "Outer",
                                                      "Parallel Aware": true,
                                                      "Async Capable": false,
                                                      "Relation Name": "customer_address",
                                                      "Alias": "customer_address_1",
                                                      "Startup Cost": 0.0,
                                                      "Total Cost": 6737.08,
                                                      "Plan Rows": 37882,
                                                      "Plan Width": 4,
                                                      "Filter": "(ca_gmt_offset = '-5'::numeric)",
                                                      "parent": 29,
                                                      "ID": 30
                                                    },
                                                    {
                                                      "Node Type": "Hash",
                                                      "Parent Relationship": "Inner",
                                                      "Parallel Aware": true,
                                                      "Async Capable": false,
                                                      "Startup Cost": 458253.04,
                                                      "Total Cost": 458253.04,
                                                      "Plan Rows": 2287,
                                                      "Plan Width": 14,
                                                      "Plans": [
                                                        {
                                                          "Node Type": "Hash Join",
                                                          "Parent Relationship": "Outer",
                                                          "Parallel Aware": true,
                                                          "Async Capable": false,
                                                          "Join Type": "Inner",
                                                          "Startup Cost": 2049.75,
                                                          "Total Cost": 458253.04,
                                                          "Plan Rows": 2287,
                                                          "Plan Width": 14,
                                                          "Inner Unique": false,
                                                          "Hash Cond": "(catalog_sales.cs_sold_date_sk = date_dim_1.d_date_sk)",
                                                          "Plans": [
                                                            {
                                                              "Node Type": "Seq Scan",
                                                              "Parent Relationship": "Outer",
                                                              "Parallel Aware": true,
                                                              "Async Capable": false,
                                                              "Relation Name": "catalog_sales",
                                                              "Alias": "catalog_sales",
                                                              "Startup Cost": 0.0,
                                                              "Total Cost": 433688.25,
                                                              "Plan Rows": 6000525,
                                                              "Plan Width": 18,
                                                              "parent": 32,
                                                              "ID": 33
                                                            },
                                                            {
                                                              "Node Type": "Hash",
                                                              "Parent Relationship": "Inner",
                                                              "Parallel Aware": true,
                                                              "Async Capable": false,
                                                              "Startup Cost": 2049.55,
                                                              "Total Cost": 2049.55,
                                                              "Plan Rows": 16,
                                                              "Plan Width": 4,
                                                              "Plans": [
                                                                {
                                                                  "Node Type": "Seq Scan",
                                                                  "Parent Relationship": "Outer",
                                                                  "Parallel Aware": true,
                                                                  "Async Capable": false,
                                                                  "Relation Name": "date_dim",
                                                                  "Alias": "date_dim_1",
                                                                  "Startup Cost": 0.0,
                                                                  "Total Cost": 2049.55,
                                                                  "Plan Rows": 16,
                                                                  "Plan Width": 4,
                                                                  "Filter": "((d_year = 1999) AND (d_moy = 2))",
                                                                  "parent": 34,
                                                                  "ID": 35
                                                                }
                                                              ],
                                                              "parent": 32,
                                                              "ID": 34,
                                                              "left": 35
                                                            }
                                                          ],
                                                          "parent": 31,
                                                          "ID": 32,
                                                          "left": 33,
                                                          "right": 34
                                                        }
                                                      ],
                                                      "parent": 29,
                                                      "ID": 31,
                                                      "left": 32
                                                    }
                                                  ],
                                                  "parent": 28,
                                                  "ID": 29,
                                                  "left": 30,
                                                  "right": 31
                                                }
                                              ],
                                              "parent": 26,
                                              "ID": 28,
                                              "left": 29
                                            }
                                          ],
                                          "parent": 25,
                                          "ID": 26,
                                          "left": 27,
                                          "right": 28
                                        }
                                      ],
                                      "parent": 24,
                                      "ID": 25,
                                      "left": 26
                                    },
                                    {
                                      "Node Type": "Sort",
                                      "Parent Relationship": "Inner",
                                      "Parallel Aware": false,
                                      "Async Capable": false,
                                      "Startup Cost": 8566.85,
                                      "Total Cost": 8575.39,
                                      "Plan Rows": 3414,
                                      "Plan Width": 17,
                                      "Sort Key": [
                                        "item_3.i_item_id"
                                      ],
                                      "Plans": [
                                        {
                                          "Node Type": "Seq Scan",
                                          "Parent Relationship": "Outer",
                                          "Parallel Aware": false,
                                          "Async Capable": false,
                                          "Relation Name": "item",
                                          "Alias": "item_3",
                                          "Startup Cost": 0.0,
                                          "Total Cost": 8366.5,
                                          "Plan Rows": 3414,
                                          "Plan Width": 17,
                                          "Filter": "(i_color = ANY ('{frosted,red,olive}'::bpchar[]))",
                                          "parent": 36,
                                          "ID": 37
                                        }
                                      ],
                                      "parent": 24,
                                      "ID": 36,
                                      "left": 37
                                    }
                                  ],
                                  "parent": 23,
                                  "ID": 24,
                                  "left": 25,
                                  "right": 36
                                }
                              ],
                              "parent": 22,
                              "ID": 23,
                              "left": 24
                            }
                          ],
                          "parent": 21,
                          "ID": 22,
                          "left": 23
                        }
                      ],
                      "parent": 3,
                      "ID": 21,
                      "left": 22
                    },
                    {
                      "Node Type": "Aggregate",
                      "Strategy": "Sorted",
                      "Partial Mode": "Simple",
                      "Parent Relationship": "Member",
                      "Parallel Aware": false,
                      "Async Capable": false,
                      "Startup Cost": 255195.79,
                      "Total Cost": 255197.31,
                      "Plan Rows": 76,
                      "Plan Width": 49,
                      "Group Key": [
                        "item_4.i_item_id"
                      ],
                      "Plans": [
                        {
                          "Node Type": "Sort",
                          "Parent Relationship": "Outer",
                          "Parallel Aware": false,
                          "Async Capable": false,
                          "Startup Cost": 255195.79,
                          "Total Cost": 255195.98,
                          "Plan Rows": 76,
                          "Plan Width": 23,
                          "Sort Key": [
                            "item_4.i_item_id"
                          ],
                          "Plans": [
                            {
                              "Node Type": "Hash Join",
                              "Parent Relationship": "Outer",
                              "Parallel Aware": false,
                              "Async Capable": false,
                              "Join Type": "Semi",
                              "Startup Cost": 247539.43,
                              "Total Cost": 255193.42,
                              "Plan Rows": 76,
                              "Plan Width": 23,
                              "Inner Unique": false,
                              "Hash Cond": "(item_4.i_item_id = item_5.i_item_id)",
                              "Plans": [
                                {
                                  "Node Type": "Gather",
                                  "Parent Relationship": "Outer",
                                  "Parallel Aware": false,
                                  "Async Capable": false,
                                  "Startup Cost": 239130.25,
                                  "Total Cost": 246780.67,
                                  "Plan Rows": 1003,
                                  "Plan Width": 23,
                                  "Workers Planned": 2,
                                  "Single Copy": false,
                                  "Plans": [
                                    {
                                      "Node Type": "Hash Join",
                                      "Parent Relationship": "Outer",
                                      "Parallel Aware": true,
                                      "Async Capable": false,
                                      "Join Type": "Inner",
                                      "Startup Cost": 238130.25,
                                      "Total Cost": 245680.37,
                                      "Plan Rows": 418,
                                      "Plan Width": 23,
                                      "Inner Unique": false,
                                      "Hash Cond": "(item_4.i_item_sk = web_sales.ws_item_sk)",
                                      "Plans": [
                                        {
                                          "Node Type": "Seq Scan",
                                          "Parent Relationship": "Outer",
                                          "Parallel Aware": true,
                                          "Async Capable": false,
                                          "Relation Name": "item",
                                          "Alias": "item_4",
                                          "Startup Cost": 0.0,
                                          "Total Cost": 7389.0,
                                          "Plan Rows": 42500,
                                          "Plan Width": 21,
                                          "parent": 42,
                                          "ID": 43
                                        },
                                        {
                                          "Node Type": "Hash",
                                          "Parent Relationship": "Inner",
                                          "Parallel Aware": true,
                                          "Async Capable": false,
                                          "Startup Cost": 238125.03,
                                          "Total Cost": 238125.03,
                                          "Plan Rows": 418,
                                          "Plan Width": 10,
                                          "Plans": [
                                            {
                                              "Node Type": "Hash Join",
                                              "Parent Relationship": "Outer",
                                              "Parallel Aware": true,
                                              "Async Capable": false,
                                              "Join Type": "Inner",
                                              "Startup Cost": 231054.74,
                                              "Total Cost": 238125.03,
                                              "Plan Rows": 418,
                                              "Plan Width": 10,
                                              "Inner Unique": false,
                                              "Hash Cond": "(customer_address_2.ca_address_sk = web_sales.ws_bill_addr_sk)",
                                              "Plans": [
                                                {
                                                  "Node Type": "Seq Scan",
                                                  "Parent Relationship": "Outer",
                                                  "Parallel Aware": true,
                                                  "Async Capable": false,
                                                  "Relation Name": "customer_address",
                                                  "Alias": "customer_address_2",
                                                  "Startup Cost": 0.0,
                                                  "Total Cost": 6737.08,
                                                  "Plan Rows": 37882,
                                                  "Plan Width": 4,
                                                  "Filter": "(ca_gmt_offset = '-5'::numeric)",
                                                  "parent": 45,
                                                  "ID": 46
                                                },
                                                {
                                                  "Node Type": "Hash",
                                                  "Parent Relationship": "Inner",
                                                  "Parallel Aware": true,
                                                  "Async Capable": false,
                                                  "Startup Cost": 231040.38,
                                                  "Total Cost": 231040.38,
                                                  "Plan Rows": 1149,
                                                  "Plan Width": 14,
                                                  "Plans": [
                                                    {
                                                      "Node Type": "Hash Join",
                                                      "Parent Relationship": "Outer",
                                                      "Parallel Aware": true,
                                                      "Async Capable": false,
                                                      "Join Type": "Inner",
                                                      "Startup Cost": 2049.75,
                                                      "Total Cost": 231040.38,
                                                      "Plan Rows": 1149,
                                                      "Plan Width": 14,
                                                      "Inner Unique": false,
                                                      "Hash Cond": "(web_sales.ws_sold_date_sk = date_dim_2.d_date_sk)",
                                                      "Plans": [
                                                        {
                                                          "Node Type": "Seq Scan",
                                                          "Parent Relationship": "Outer",
                                                          "Parallel Aware": true,
                                                          "Async Capable": false,
                                                          "Relation Name": "web_sales",
                                                          "Alias": "web_sales",
                                                          "Startup Cost": 0.0,
                                                          "Total Cost": 217737.86,
                                                          "Plan Rows": 2998986,
                                                          "Plan Width": 18,
                                                          "parent": 48,
                                                          "ID": 49
                                                        },
                                                        {
                                                          "Node Type": "Hash",
                                                          "Parent Relationship": "Inner",
                                                          "Parallel Aware": true,
                                                          "Async Capable": false,
                                                          "Startup Cost": 2049.55,
                                                          "Total Cost": 2049.55,
                                                          "Plan Rows": 16,
                                                          "Plan Width": 4,
                                                          "Plans": [
                                                            {
                                                              "Node Type": "Seq Scan",
                                                              "Parent Relationship": "Outer",
                                                              "Parallel Aware": true,
                                                              "Async Capable": false,
                                                              "Relation Name": "date_dim",
                                                              "Alias": "date_dim_2",
                                                              "Startup Cost": 0.0,
                                                              "Total Cost": 2049.55,
                                                              "Plan Rows": 16,
                                                              "Plan Width": 4,
                                                              "Filter": "((d_year = 1999) AND (d_moy = 2))",
                                                              "parent": 50,
                                                              "ID": 51
                                                            }
                                                          ],
                                                          "parent": 48,
                                                          "ID": 50,
                                                          "left": 51
                                                        }
                                                      ],
                                                      "parent": 47,
                                                      "ID": 48,
                                                      "left": 49,
                                                      "right": 50
                                                    }
                                                  ],
                                                  "parent": 45,
                                                  "ID": 47,
                                                  "left": 48
                                                }
                                              ],
                                              "parent": 44,
                                              "ID": 45,
                                              "left": 46,
                                              "right": 47
                                            }
                                          ],
                                          "parent": 42,
                                          "ID": 44,
                                          "left": 45
                                        }
                                      ],
                                      "parent": 41,
                                      "ID": 42,
                                      "left": 43,
                                      "right": 44
                                    }
                                  ],
                                  "parent": 40,
                                  "ID": 41,
                                  "left": 42
                                },
                                {
                                  "Node Type": "Hash",
                                  "Parent Relationship": "Inner",
                                  "Parallel Aware": false,
                                  "Async Capable": false,
                                  "Startup Cost": 8366.5,
                                  "Total Cost": 8366.5,
                                  "Plan Rows": 3414,
                                  "Plan Width": 17,
                                  "Plans": [
                                    {
                                      "Node Type": "Seq Scan",
                                      "Parent Relationship": "Outer",
                                      "Parallel Aware": false,
                                      "Async Capable": false,
                                      "Relation Name": "item",
                                      "Alias": "item_5",
                                      "Startup Cost": 0.0,
                                      "Total Cost": 8366.5,
                                      "Plan Rows": 3414,
                                      "Plan Width": 17,
                                      "Filter": "(i_color = ANY ('{frosted,red,olive}'::bpchar[]))",
                                      "parent": 52,
                                      "ID": 53
                                    }
                                  ],
                                  "parent": 40,
                                  "ID": 52,
                                  "left": 53
                                }
                              ],
                              "parent": 39,
                              "ID": 40,
                              "left": 41,
                              "right": 52
                            }
                          ],
                          "parent": 38,
                          "ID": 39,
                          "left": 40
                        }
                      ],
                      "parent": 3,
                      "ID": 38,
                      "left": 39
                    }
                  ],
                  "parent": 2,
                  "ID": 3,
                  "left": 4,
                  "right": 21
                }
              ],
              "parent": 1,
              "ID": 2,
              "left": 3
            }
          ],
          "parent": 0,
          "ID": 1,
          "left": 2
        }
      ],
      "parent": null,
      "ID": 0,
      "left": 1
    },
    "feat": {
      "utility": 0.005757905551063657,
      "query_shape": [
        [
          "Seq Scan",
          "Hash Join",
          "Sort",
          "Merge Join",
          "Aggregate",
          "Gather Merge",
          "Merge Append"
        ],
        [
          "Seq Scan",
          "Hash Join",
          "Hash",
          "Sort",
          "Merge Join",
          "Aggregate",
          "Gather Merge",
          "Merge Append"
        ],
        [
          "Seq Scan",
          "Hash Join",
          "Hash",
          "Sort",
          "Merge Join",
          "Aggregate",
          "Gather Merge",
          "Merge Append"
        ],
        [
          "Seq Scan",
          "Hash",
          "Hash Join",
          "Sort",
          "Merge Join",
          "Aggregate",
          "Gather Merge",
          "Merge Append"
        ],
        [
          "Seq Scan",
          "Sort",
          "Merge Join",
          "Aggregate",
          "Gather Merge",
          "Merge Append"
        ],
        [
          "Seq Scan",
          "Hash Join",
          "Sort",
          "Merge Join",
          "Aggregate",
          "Gather Merge",
          "Merge Append"
        ],
        [
          "Seq Scan",
          "Hash Join",
          "Hash",
          "Sort",
          "Merge Join",
          "Aggregate",
          "Gather Merge",
          "Merge Append"
        ],
        [
          "Seq Scan",
          "Hash Join",
          "Hash",
          "Sort",
          "Merge Join",
          "Aggregate",
          "Gather Merge",
          "Merge Append"
        ],
        [
          "Seq Scan",
          "Hash",
          "Hash Join",
          "Sort",
          "Merge Join",
          "Aggregate",
          "Gather Merge",
          "Merge Append"
        ],
        [
          "Seq Scan",
          "Sort",
          "Merge Join",
          "Aggregate",
          "Gather Merge",
          "Merge Append"
        ],
        [
          "Seq Scan",
          "Hash Join",
          "Gather",
          "Sort",
          "Aggregate",
          "Merge Append"
        ],
        [
          "Seq Scan",
          "Hash Join",
          "Hash",
          "Gather",
          "Sort",
          "Aggregate",
          "Merge Append"
        ],
        [
          "Seq Scan",
          "Hash Join",
          "Hash",
          "Gather",
          "Sort",
          "Aggregate",
          "Merge Append"
        ],
        [
          "Seq Scan",
          "Hash",
          "Hash Join",
          "Gather",
          "Sort",
          "Aggregate",
          "Merge Append"
        ],
        [
          "Seq Scan",
          "Hash",
          "Hash Join",
          "Sort",
          "Aggregate",
          "Merge Append"
        ]
      ],
      "index_shape": [
        "join"
      ],
      "physical_operator": {
        "Hash Join": [
          0.00485071250072666
        ]
      }
    }
  },
  {
    "query": "with ss as (\n select i_item_id,sum(ss_ext_sales_price) total_sales\n from\n \tstore_sales,\n \tdate_dim,\n         customer_address,\n         item\n where i_item_id in (select\n     i_item_id\nfrom item\nwhere i_color in ('frosted','red','olive'))\n and     ss_item_sk              = i_item_sk\n and     ss_sold_date_sk         = d_date_sk\n and     d_year                  = 1999\n and     d_moy                   = 2\n and     ss_addr_sk              = ca_address_sk\n and     ca_gmt_offset           = -5 \n group by i_item_id),\n cs as (\n select i_item_id,sum(cs_ext_sales_price) total_sales\n from\n \tcatalog_sales,\n \tdate_dim,\n         customer_address,\n         item\n where\n         i_item_id               in (select\n  i_item_id\nfrom item\nwhere i_color in ('frosted','red','olive'))\n and     cs_item_sk              = i_item_sk\n and     cs_sold_date_sk         = d_date_sk\n and     d_year                  = 1999\n and     d_moy                   = 2\n and     cs_bill_addr_sk         = ca_address_sk\n and     ca_gmt_offset           = -5 \n group by i_item_id),\n ws as (\n select i_item_id,sum(ws_ext_sales_price) total_sales\n from\n \tweb_sales,\n \tdate_dim,\n         customer_address,\n         item\n where\n         i_item_id               in (select\n  i_item_id\nfrom item\nwhere i_color in ('frosted','red','olive'))\n and     ws_item_sk              = i_item_sk\n and     ws_sold_date_sk         = d_date_sk\n and     d_year                  = 1999\n and     d_moy                   = 2\n and     ws_bill_addr_sk         = ca_address_sk\n and     ca_gmt_offset           = -5\n group by i_item_id)\n  select  i_item_id ,sum(total_sales) total_sales\n from  (select * from ss \n        union all\n        select * from cs \n        union all\n        select * from ws) tmp1\n group by i_item_id\n order by total_sales,\n          i_item_id\n limit 100;\n\n-- end query 40 in stream 3 using template query56.tpl\n",
    "indexes": "catalog_sales.cs_ext_sales_price",
    "wo plan est": {
      "Node Type": "Limit",
      "Parallel Aware": false,
      "Async Capable": false,
      "Startup Cost": 1445997.16,
      "Total Cost": 1445997.41,
      "Plan Rows": 100,
      "Plan Width": 49,
      "Plans": [
        {
          "Node Type": "Sort",
          "Parent Relationship": "Outer",
          "Parallel Aware": false,
          "Async Capable": false,
          "Startup Cost": 1445997.16,
          "Total Cost": 1445997.66,
          "Plan Rows": 200,
          "Plan Width": 49,
          "Sort Key": [
            "(sum((sum(store_sales.ss_ext_sales_price))))",
            "item.i_item_id"
          ],
          "Plans": [
            {
              "Node Type": "Aggregate",
              "Strategy": "Sorted",
              "Partial Mode": "Simple",
              "Parent Relationship": "Outer",
              "Parallel Aware": false,
              "Async Capable": false,
              "Startup Cost": 1445871.82,
              "Total Cost": 1445989.52,
              "Plan Rows": 200,
              "Plan Width": 49,
              "Group Key": [
                "item.i_item_id"
              ],
              "Plans": [
                {
                  "Node Type": "Merge Append",
                  "Parent Relationship": "Outer",
                  "Parallel Aware": false,
                  "Async Capable": false,
                  "Startup Cost": 1445871.82,
                  "Total Cost": 1445984.5,
                  "Plan Rows": 503,
                  "Plan Width": 49,
                  "Sort Key": [
                    "item.i_item_id"
                  ],
                  "Subplans Removed": 0,
                  "Plans": [
                    {
                      "Node Type": "Aggregate",
                      "Strategy": "Sorted",
                      "Partial Mode": "Finalize",
                      "Parent Relationship": "Member",
                      "Parallel Aware": false,
                      "Async Capable": false,
                      "Startup Cost": 708153.26,
                      "Total Cost": 708212.85,
                      "Plan Rows": 277,
                      "Plan Width": 49,
                      "Group Key": [
                        "item.i_item_id"
                      ],
                      "Plans": [
                        {
                          "Node Type": "Gather Merge",
                          "Parent Relationship": "Outer",
                          "Parallel Aware": false,
                          "Async Capable": false,
                          "Startup Cost": 708153.26,
                          "Total Cost": 708207.66,
                          "Plan Rows": 230,
                          "Plan Width": 49,
                          "Workers Planned": 2,
                          "Plans": [
                            {
                              "Node Type": "Aggregate",
                              "Strategy": "Sorted",
                              "Partial Mode": "Partial",
                              "Parent Relationship": "Outer",
                              "Parallel Aware": false,
                              "Async Capable": false,
                              "Startup Cost": 707153.23,
                              "Total Cost": 707181.09,
                              "Plan Rows": 115,
                              "Plan Width": 49,
                              "Group Key": [
                                "item.i_item_id"
                              ],
                              "Plans": [
                                {
                                  "Node Type": "Merge Join",
                                  "Parent Relationship": "Outer",
                                  "Parallel Aware": false,
                                  "Async Capable": false,
                                  "Join Type": "Semi",
                                  "Startup Cost": 707153.23,
                                  "Total Cost": 707179.08,
                                  "Plan Rows": 115,
                                  "Plan Width": 23,
                                  "Inner Unique": false,
                                  "Merge Cond": "(item.i_item_id = item_1.i_item_id)",
                                  "Plans": [
                                    {
                                      "Node Type": "Sort",
                                      "Parent Relationship": "Outer",
                                      "Parallel Aware": false,
                                      "Async Capable": false,
                                      "Startup Cost": 698586.38,
                                      "Total Cost": 698590.19,
                                      "Plan Rows": 1525,
                                      "Plan Width": 23,
                                      "Sort Key": [
                                        "item.i_item_id"
                                      ],
                                      "Plans": [
                                        {
                                          "Node Type": "Hash Join",
                                          "Parent Relationship": "Outer",
                                          "Parallel Aware": true,
                                          "Async Capable": false,
                                          "Join Type": "Inner",
                                          "Startup Cost": 690951.02,
                                          "Total Cost": 698505.75,
                                          "Plan Rows": 1525,
                                          "Plan Width": 23,
                                          "Inner Unique": false,
                                          "Hash Cond": "(item.i_item_sk = store_sales.ss_item_sk)",
                                          "Plans": [
                                            {
                                              "Node Type": "Seq Scan",
                                              "Parent Relationship": "Outer",
                                              "Parallel Aware": true,
                                              "Async Capable": false,
                                              "Relation Name": "item",
                                              "Alias": "item",
                                              "Startup Cost": 0.0,
                                              "Total Cost": 7389.0,
                                              "Plan Rows": 42500,
                                              "Plan Width": 21,
                                              "parent": 9,
                                              "ID": 10
                                            },
                                            {
                                              "Node Type": "Hash",
                                              "Parent Relationship": "Inner",
                                              "Parallel Aware": true,
                                              "Async Capable": false,
                                              "Startup Cost": 690931.96,
                                              "Total Cost": 690931.96,
                                              "Plan Rows": 1525,
                                              "Plan Width": 10,
                                              "Plans": [
                                                {
                                                  "Node Type": "Hash Join",
                                                  "Parent Relationship": "Outer",
                                                  "Parallel Aware": true,
                                                  "Async Capable": false,
                                                  "Join Type": "Inner",
                                                  "Startup Cost": 684046.46,
                                                  "Total Cost": 690931.96,
                                                  "Plan Rows": 1525,
                                                  "Plan Width": 10,
                                                  "Inner Unique": false,
                                                  "Hash Cond": "(customer_address.ca_address_sk = store_sales.ss_addr_sk)",
                                                  "Plans": [
                                                    {
                                                      "Node Type": "Seq Scan",
                                                      "Parent Relationship": "Outer",
                                                      "Parallel Aware": true,
                                                      "Async Capable": false,
                                                      "Relation Name": "customer_address",
                                                      "Alias": "customer_address",
                                                      "Startup Cost": 0.0,
                                                      "Total Cost": 6737.08,
                                                      "Plan Rows": 37882,
                                                      "Plan Width": 4,
                                                      "Filter": "(ca_gmt_offset = '-5'::numeric)",
                                                      "parent": 12,
                                                      "ID": 13
                                                    },
                                                    {
                                                      "Node Type": "Hash",
                                                      "Parent Relationship": "Inner",
                                                      "Parallel Aware": true,
                                                      "Async Capable": false,
                                                      "Startup Cost": 683991.59,
                                                      "Total Cost": 683991.59,
                                                      "Plan Rows": 4390,
                                                      "Plan Width": 14,
                                                      "Plans": [
                                                        {
                                                          "Node Type": "Hash Join",
                                                          "Parent Relationship": "Outer",
                                                          "Parallel Aware": true,
                                                          "Async Capable": false,
                                                          "Join Type": "Inner",
                                                          "Startup Cost": 2049.75,
                                                          "Total Cost": 683991.59,
                                                          "Plan Rows": 4390,
                                                          "Plan Width": 14,
                                                          "Inner Unique": false,
                                                          "Hash Cond": "(store_sales.ss_sold_date_sk = date_dim.d_date_sk)",
                                                          "Plans": [
                                                            {
                                                              "Node Type": "Seq Scan",
                                                              "Parent Relationship": "Outer",
                                                              "Parallel Aware": true,
                                                              "Async Capable": false,
                                                              "Relation Name": "store_sales",
                                                              "Alias": "store_sales",
                                                              "Startup Cost": 0.0,
                                                              "Total Cost": 636914.37,
                                                              "Plan Rows": 12000637,
                                                              "Plan Width": 18,
                                                              "parent": 15,
                                                              "ID": 16
                                                            },
                                                            {
                                                              "Node Type": "Hash",
                                                              "Parent Relationship": "Inner",
                                                              "Parallel Aware": true,
                                                              "Async Capable": false,
                                                              "Startup Cost": 2049.55,
                                                              "Total Cost": 2049.55,
                                                              "Plan Rows": 16,
                                                              "Plan Width": 4,
                                                              "Plans": [
                                                                {
                                                                  "Node Type": "Seq Scan",
                                                                  "Parent Relationship": "Outer",
                                                                  "Parallel Aware": true,
                                                                  "Async Capable": false,
                                                                  "Relation Name": "date_dim",
                                                                  "Alias": "date_dim",
                                                                  "Startup Cost": 0.0,
                                                                  "Total Cost": 2049.55,
                                                                  "Plan Rows": 16,
                                                                  "Plan Width": 4,
                                                                  "Filter": "((d_year = 1999) AND (d_moy = 2))",
                                                                  "parent": 17,
                                                                  "ID": 18
                                                                }
                                                              ],
                                                              "parent": 15,
                                                              "ID": 17,
                                                              "left": 18
                                                            }
                                                          ],
                                                          "parent": 14,
                                                          "ID": 15,
                                                          "left": 16,
                                                          "right": 17
                                                        }
                                                      ],
                                                      "parent": 12,
                                                      "ID": 14,
                                                      "left": 15
                                                    }
                                                  ],
                                                  "parent": 11,
                                                  "ID": 12,
                                                  "left": 13,
                                                  "right": 14
                                                }
                                              ],
                                              "parent": 9,
                                              "ID": 11,
                                              "left": 12
                                            }
                                          ],
                                          "parent": 8,
                                          "ID": 9,
                                          "left": 10,
                                          "right": 11
                                        }
                                      ],
                                      "parent": 7,
                                      "ID": 8,
                                      "left": 9
                                    },
                                    {
                                      "Node Type": "Sort",
                                      "Parent Relationship": "Inner",
                                      "Parallel Aware": false,
                                      "Async Capable": false,
                                      "Startup Cost": 8566.85,
                                      "Total Cost": 8575.39,
                                      "Plan Rows": 3414,
                                      "Plan Width": 17,
                                      "Sort Key": [
                                        "item_1.i_item_id"
                                      ],
                                      "Plans": [
                                        {
                                          "Node Type": "Seq Scan",
                                          "Parent Relationship": "Outer",
                                          "Parallel Aware": false,
                                          "Async Capable": false,
                                          "Relation Name": "item",
                                          "Alias": "item_1",
                                          "Startup Cost": 0.0,
                                          "Total Cost": 8366.5,
                                          "Plan Rows": 3414,
                                          "Plan Width": 17,
                                          "Filter": "(i_color = ANY ('{frosted,red,olive}'::bpchar[]))",
                                          "parent": 19,
                                          "ID": 20
                                        }
                                      ],
                                      "parent": 7,
                                      "ID": 19,
                                      "left": 20
                                    }
                                  ],
                                  "parent": 6,
                                  "ID": 7,
                                  "left": 8,
                                  "right": 19
                                }
                              ],
                              "parent": 5,
                              "ID": 6,
                              "left": 7
                            }
                          ],
                          "parent": 4,
                          "ID": 5,
                          "left": 6
                        }
                      ],
                      "parent": 3,
                      "ID": 4,
                      "left": 5
                    },
                    {
                      "Node Type": "Aggregate",
                      "Strategy": "Sorted",
                      "Partial Mode": "Finalize",
                      "Parent Relationship": "Member",
                      "Parallel Aware": false,
                      "Async Capable": false,
                      "Startup Cost": 482522.75,
                      "Total Cost": 482562.79,
                      "Plan Rows": 150,
                      "Plan Width": 49,
                      "Group Key": [
                        "item_2.i_item_id"
                      ],
                      "Plans": [
                        {
                          "Node Type": "Gather Merge",
                          "Parent Relationship": "Outer",
                          "Parallel Aware": false,
                          "Async Capable": false,
                          "Startup Cost": 482522.75,
                          "Total Cost": 482559.98,
                          "Plan Rows": 124,
                          "Plan Width": 49,
                          "Workers Planned": 2,
                          "Plans": [
                            {
                              "Node Type": "Aggregate",
                              "Strategy": "Sorted",
                              "Partial Mode": "Partial",
                              "Parent Relationship": "Outer",
                              "Parallel Aware": false,
                              "Async Capable": false,
                              "Startup Cost": 481522.72,
                              "Total Cost": 481545.64,
                              "Plan Rows": 62,
                              "Plan Width": 49,
                              "Group Key": [
                                "item_2.i_item_id"
                              ],
                              "Plans": [
                                {
                                  "Node Type": "Merge Join",
                                  "Parent Relationship": "Outer",
                                  "Parallel Aware": false,
                                  "Async Capable": false,
                                  "Join Type": "Semi",
                                  "Startup Cost": 481522.72,
                                  "Total Cost": 481544.56,
                                  "Plan Rows": 62,
                                  "Plan Width": 23,
                                  "Inner Unique": false,
                                  "Merge Cond": "(item_2.i_item_id = item_3.i_item_id)",
                                  "Plans": [
                                    {
                                      "Node Type": "Sort",
                                      "Parent Relationship": "Outer",
                                      "Parallel Aware": false,
                                      "Async Capable": false,
                                      "Startup Cost": 472955.87,
                                      "Total Cost": 472957.94,
                                      "Plan Rows": 827,
                                      "Plan Width": 23,
                                      "Sort Key": [
                                        "item_2.i_item_id"
                                      ],
                                      "Plans": [
                                        {
                                          "Node Type": "Hash Join",
                                          "Parent Relationship": "Outer",
                                          "Parallel Aware": true,
                                          "Async Capable": false,
                                          "Join Type": "Inner",
                                          "Startup Cost": 465363.97,
                                          "Total Cost": 472915.79,
                                          "Plan Rows": 827,
                                          "Plan Width": 23,
                                          "Inner Unique": false,
                                          "Hash Cond": "(item_2.i_item_sk = catalog_sales.cs_item_sk)",
                                          "Plans": [
                                            {
                                              "Node Type": "Seq Scan",
                                              "Parent Relationship": "Outer",
                                              "Parallel Aware": true,
                                              "Async Capable": false,
                                              "Relation Name": "item",
                                              "Alias": "item_2",
                                              "Startup Cost": 0.0,
                                              "Total Cost": 7389.0,
                                              "Plan Rows": 42500,
                                              "Plan Width": 21,
                                              "parent": 26,
                                              "ID": 27
                                            },
                                            {
                                              "Node Type": "Hash",
                                              "Parent Relationship": "Inner",
                                              "Parallel Aware": true,
                                              "Async Capable": false,
                                              "Startup Cost": 465353.63,
                                              "Total Cost": 465353.63,
                                              "Plan Rows": 827,
                                              "Plan Width": 10,
                                              "Plans": [
                                                {
                                                  "Node Type": "Hash Join",
                                                  "Parent Relationship": "Outer",
                                                  "Parallel Aware": true,
                                                  "Async Capable": false,
                                                  "Join Type": "Inner",
                                                  "Startup Cost": 458281.63,
                                                  "Total Cost": 465353.63,
                                                  "Plan Rows": 827,
                                                  "Plan Width": 10,
                                                  "Inner Unique": false,
                                                  "Hash Cond": "(customer_address_1.ca_address_sk = catalog_sales.cs_bill_addr_sk)",
                                                  "Plans": [
                                                    {
                                                      "Node Type": "Seq Scan",
                                                      "Parent Relationship": "Outer",
                                                      "Parallel Aware": true,
                                                      "Async Capable": false,
                                                      "Relation Name": "customer_address",
                                                      "Alias": "customer_address_1",
                                                      "Startup Cost": 0.0,
                                                      "Total Cost": 6737.08,
                                                      "Plan Rows": 37882,
                                                      "Plan Width": 4,
                                                      "Filter": "(ca_gmt_offset = '-5'::numeric)",
                                                      "parent": 29,
                                                      "ID": 30
                                                    },
                                                    {
                                                      "Node Type": "Hash",
                                                      "Parent Relationship": "Inner",
                                                      "Parallel Aware": true,
                                                      "Async Capable": false,
                                                      "Startup Cost": 458253.04,
                                                      "Total Cost": 458253.04,
                                                      "Plan Rows": 2287,
                                                      "Plan Width": 14,
                                                      "Plans": [
                                                        {
                                                          "Node Type": "Hash Join",
                                                          "Parent Relationship": "Outer",
                                                          "Parallel Aware": true,
                                                          "Async Capable": false,
                                                          "Join Type": "Inner",
                                                          "Startup Cost": 2049.75,
                                                          "Total Cost": 458253.04,
                                                          "Plan Rows": 2287,
                                                          "Plan Width": 14,
                                                          "Inner Unique": false,
                                                          "Hash Cond": "(catalog_sales.cs_sold_date_sk = date_dim_1.d_date_sk)",
                                                          "Plans": [
                                                            {
                                                              "Node Type": "Seq Scan",
                                                              "Parent Relationship": "Outer",
                                                              "Parallel Aware": true,
                                                              "Async Capable": false,
                                                              "Relation Name": "catalog_sales",
                                                              "Alias": "catalog_sales",
                                                              "Startup Cost": 0.0,
                                                              "Total Cost": 433688.25,
                                                              "Plan Rows": 6000525,
                                                              "Plan Width": 18,
                                                              "parent": 32,
                                                              "ID": 33
                                                            },
                                                            {
                                                              "Node Type": "Hash",
                                                              "Parent Relationship": "Inner",
                                                              "Parallel Aware": true,
                                                              "Async Capable": false,
                                                              "Startup Cost": 2049.55,
                                                              "Total Cost": 2049.55,
                                                              "Plan Rows": 16,
                                                              "Plan Width": 4,
                                                              "Plans": [
                                                                {
                                                                  "Node Type": "Seq Scan",
                                                                  "Parent Relationship": "Outer",
                                                                  "Parallel Aware": true,
                                                                  "Async Capable": false,
                                                                  "Relation Name": "date_dim",
                                                                  "Alias": "date_dim_1",
                                                                  "Startup Cost": 0.0,
                                                                  "Total Cost": 2049.55,
                                                                  "Plan Rows": 16,
                                                                  "Plan Width": 4,
                                                                  "Filter": "((d_year = 1999) AND (d_moy = 2))",
                                                                  "parent": 34,
                                                                  "ID": 35
                                                                }
                                                              ],
                                                              "parent": 32,
                                                              "ID": 34,
                                                              "left": 35
                                                            }
                                                          ],
                                                          "parent": 31,
                                                          "ID": 32,
                                                          "left": 33,
                                                          "right": 34
                                                        }
                                                      ],
                                                      "parent": 29,
                                                      "ID": 31,
                                                      "left": 32
                                                    }
                                                  ],
                                                  "parent": 28,
                                                  "ID": 29,
                                                  "left": 30,
                                                  "right": 31
                                                }
                                              ],
                                              "parent": 26,
                                              "ID": 28,
                                              "left": 29
                                            }
                                          ],
                                          "parent": 25,
                                          "ID": 26,
                                          "left": 27,
                                          "right": 28
                                        }
                                      ],
                                      "parent": 24,
                                      "ID": 25,
                                      "left": 26
                                    },
                                    {
                                      "Node Type": "Sort",
                                      "Parent Relationship": "Inner",
                                      "Parallel Aware": false,
                                      "Async Capable": false,
                                      "Startup Cost": 8566.85,
                                      "Total Cost": 8575.39,
                                      "Plan Rows": 3414,
                                      "Plan Width": 17,
                                      "Sort Key": [
                                        "item_3.i_item_id"
                                      ],
                                      "Plans": [
                                        {
                                          "Node Type": "Seq Scan",
                                          "Parent Relationship": "Outer",
                                          "Parallel Aware": false,
                                          "Async Capable": false,
                                          "Relation Name": "item",
                                          "Alias": "item_3",
                                          "Startup Cost": 0.0,
                                          "Total Cost": 8366.5,
                                          "Plan Rows": 3414,
                                          "Plan Width": 17,
                                          "Filter": "(i_color = ANY ('{frosted,red,olive}'::bpchar[]))",
                                          "parent": 36,
                                          "ID": 37
                                        }
                                      ],
                                      "parent": 24,
                                      "ID": 36,
                                      "left": 37
                                    }
                                  ],
                                  "parent": 23,
                                  "ID": 24,
                                  "left": 25,
                                  "right": 36
                                }
                              ],
                              "parent": 22,
                              "ID": 23,
                              "left": 24
                            }
                          ],
                          "parent": 21,
                          "ID": 22,
                          "left": 23
                        }
                      ],
                      "parent": 3,
                      "ID": 21,
                      "left": 22
                    },
                    {
                      "Node Type": "Aggregate",
                      "Strategy": "Sorted",
                      "Partial Mode": "Simple",
                      "Parent Relationship": "Member",
                      "Parallel Aware": false,
                      "Async Capable": false,
                      "Startup Cost": 255195.79,
                      "Total Cost": 255197.31,
                      "Plan Rows": 76,
                      "Plan Width": 49,
                      "Group Key": [
                        "item_4.i_item_id"
                      ],
                      "Plans": [
                        {
                          "Node Type": "Sort",
                          "Parent Relationship": "Outer",
                          "Parallel Aware": false,
                          "Async Capable": false,
                          "Startup Cost": 255195.79,
                          "Total Cost": 255195.98,
                          "Plan Rows": 76,
                          "Plan Width": 23,
                          "Sort Key": [
                            "item_4.i_item_id"
                          ],
                          "Plans": [
                            {
                              "Node Type": "Hash Join",
                              "Parent Relationship": "Outer",
                              "Parallel Aware": false,
                              "Async Capable": false,
                              "Join Type": "Semi",
                              "Startup Cost": 247539.43,
                              "Total Cost": 255193.42,
                              "Plan Rows": 76,
                              "Plan Width": 23,
                              "Inner Unique": false,
                              "Hash Cond": "(item_4.i_item_id = item_5.i_item_id)",
                              "Plans": [
                                {
                                  "Node Type": "Gather",
                                  "Parent Relationship": "Outer",
                                  "Parallel Aware": false,
                                  "Async Capable": false,
                                  "Startup Cost": 239130.25,
                                  "Total Cost": 246780.67,
                                  "Plan Rows": 1003,
                                  "Plan Width": 23,
                                  "Workers Planned": 2,
                                  "Single Copy": false,
                                  "Plans": [
                                    {
                                      "Node Type": "Hash Join",
                                      "Parent Relationship": "Outer",
                                      "Parallel Aware": true,
                                      "Async Capable": false,
                                      "Join Type": "Inner",
                                      "Startup Cost": 238130.25,
                                      "Total Cost": 245680.37,
                                      "Plan Rows": 418,
                                      "Plan Width": 23,
                                      "Inner Unique": false,
                                      "Hash Cond": "(item_4.i_item_sk = web_sales.ws_item_sk)",
                                      "Plans": [
                                        {
                                          "Node Type": "Seq Scan",
                                          "Parent Relationship": "Outer",
                                          "Parallel Aware": true,
                                          "Async Capable": false,
                                          "Relation Name": "item",
                                          "Alias": "item_4",
                                          "Startup Cost": 0.0,
                                          "Total Cost": 7389.0,
                                          "Plan Rows": 42500,
                                          "Plan Width": 21,
                                          "parent": 42,
                                          "ID": 43
                                        },
                                        {
                                          "Node Type": "Hash",
                                          "Parent Relationship": "Inner",
                                          "Parallel Aware": true,
                                          "Async Capable": false,
                                          "Startup Cost": 238125.03,
                                          "Total Cost": 238125.03,
                                          "Plan Rows": 418,
                                          "Plan Width": 10,
                                          "Plans": [
                                            {
                                              "Node Type": "Hash Join",
                                              "Parent Relationship": "Outer",
                                              "Parallel Aware": true,
                                              "Async Capable": false,
                                              "Join Type": "Inner",
                                              "Startup Cost": 231054.74,
                                              "Total Cost": 238125.03,
                                              "Plan Rows": 418,
                                              "Plan Width": 10,
                                              "Inner Unique": false,
                                              "Hash Cond": "(customer_address_2.ca_address_sk = web_sales.ws_bill_addr_sk)",
                                              "Plans": [
                                                {
                                                  "Node Type": "Seq Scan",
                                                  "Parent Relationship": "Outer",
                                                  "Parallel Aware": true,
                                                  "Async Capable": false,
                                                  "Relation Name": "customer_address",
                                                  "Alias": "customer_address_2",
                                                  "Startup Cost": 0.0,
                                                  "Total Cost": 6737.08,
                                                  "Plan Rows": 37882,
                                                  "Plan Width": 4,
                                                  "Filter": "(ca_gmt_offset = '-5'::numeric)",
                                                  "parent": 45,
                                                  "ID": 46
                                                },
                                                {
                                                  "Node Type": "Hash",
                                                  "Parent Relationship": "Inner",
                                                  "Parallel Aware": true,
                                                  "Async Capable": false,
                                                  "Startup Cost": 231040.38,
                                                  "Total Cost": 231040.38,
                                                  "Plan Rows": 1149,
                                                  "Plan Width": 14,
                                                  "Plans": [
                                                    {
                                                      "Node Type": "Hash Join",
                                                      "Parent Relationship": "Outer",
                                                      "Parallel Aware": true,
                                                      "Async Capable": false,
                                                      "Join Type": "Inner",
                                                      "Startup Cost": 2049.75,
                                                      "Total Cost": 231040.38,
                                                      "Plan Rows": 1149,
                                                      "Plan Width": 14,
                                                      "Inner Unique": false,
                                                      "Hash Cond": "(web_sales.ws_sold_date_sk = date_dim_2.d_date_sk)",
                                                      "Plans": [
                                                        {
                                                          "Node Type": "Seq Scan",
                                                          "Parent Relationship": "Outer",
                                                          "Parallel Aware": true,
                                                          "Async Capable": false,
                                                          "Relation Name": "web_sales",
                                                          "Alias": "web_sales",
                                                          "Startup Cost": 0.0,
                                                          "Total Cost": 217737.86,
                                                          "Plan Rows": 2998986,
                                                          "Plan Width": 18,
                                                          "parent": 48,
                                                          "ID": 49
                                                        },
                                                        {
                                                          "Node Type": "Hash",
                                                          "Parent Relationship": "Inner",
                                                          "Parallel Aware": true,
                                                          "Async Capable": false,
                                                          "Startup Cost": 2049.55,
                                                          "Total Cost": 2049.55,
                                                          "Plan Rows": 16,
                                                          "Plan Width": 4,
                                                          "Plans": [
                                                            {
                                                              "Node Type": "Seq Scan",
                                                              "Parent Relationship": "Outer",
                                                              "Parallel Aware": true,
                                                              "Async Capable": false,
                                                              "Relation Name": "date_dim",
                                                              "Alias": "date_dim_2",
                                                              "Startup Cost": 0.0,
                                                              "Total Cost": 2049.55,
                                                              "Plan Rows": 16,
                                                              "Plan Width": 4,
                                                              "Filter": "((d_year = 1999) AND (d_moy = 2))",
                                                              "parent": 50,
                                                              "ID": 51
                                                            }
                                                          ],
                                                          "parent": 48,
                                                          "ID": 50,
                                                          "left": 51
                                                        }
                                                      ],
                                                      "parent": 47,
                                                      "ID": 48,
                                                      "left": 49,
                                                      "right": 50
                                                    }
                                                  ],
                                                  "parent": 45,
                                                  "ID": 47,
                                                  "left": 48
                                                }
                                              ],
                                              "parent": 44,
                                              "ID": 45,
                                              "left": 46,
                                              "right": 47
                                            }
                                          ],
                                          "parent": 42,
                                          "ID": 44,
                                          "left": 45
                                        }
                                      ],
                                      "parent": 41,
                                      "ID": 42,
                                      "left": 43,
                                      "right": 44
                                    }
                                  ],
                                  "parent": 40,
                                  "ID": 41,
                                  "left": 42
                                },
                                {
                                  "Node Type": "Hash",
                                  "Parent Relationship": "Inner",
                                  "Parallel Aware": false,
                                  "Async Capable": false,
                                  "Startup Cost": 8366.5,
                                  "Total Cost": 8366.5,
                                  "Plan Rows": 3414,
                                  "Plan Width": 17,
                                  "Plans": [
                                    {
                                      "Node Type": "Seq Scan",
                                      "Parent Relationship": "Outer",
                                      "Parallel Aware": false,
                                      "Async Capable": false,
                                      "Relation Name": "item",
                                      "Alias": "item_5",
                                      "Startup Cost": 0.0,
                                      "Total Cost": 8366.5,
                                      "Plan Rows": 3414,
                                      "Plan Width": 17,
                                      "Filter": "(i_color = ANY ('{frosted,red,olive}'::bpchar[]))",
                                      "parent": 52,
                                      "ID": 53
                                    }
                                  ],
                                  "parent": 40,
                                  "ID": 52,
                                  "left": 53
                                }
                              ],
                              "parent": 39,
                              "ID": 40,
                              "left": 41,
                              "right": 52
                            }
                          ],
                          "parent": 38,
                          "ID": 39,
                          "left": 40
                        }
                      ],
                      "parent": 3,
                      "ID": 38,
                      "left": 39
                    }
                  ],
                  "parent": 2,
                  "ID": 3,
                  "left": 4,
                  "right": 21
                }
              ],
              "parent": 1,
              "ID": 2,
              "left": 3
            }
          ],
          "parent": 0,
          "ID": 1,
          "left": 2
        }
      ],
      "parent": null,
      "ID": 0,
      "left": 1
    },
    "feat": {
      "utility": 0.0,
      "query_shape": [
        [
          "Seq Scan",
          "Hash Join",
          "Sort",
          "Merge Join",
          "Aggregate",
          "Gather Merge",
          "Merge Append"
        ],
        [
          "Seq Scan",
          "Hash Join",
          "Hash",
          "Sort",
          "Merge Join",
          "Aggregate",
          "Gather Merge",
          "Merge Append"
        ],
        [
          "Seq Scan",
          "Hash Join",
          "Hash",
          "Sort",
          "Merge Join",
          "Aggregate",
          "Gather Merge",
          "Merge Append"
        ],
        [
          "Seq Scan",
          "Hash",
          "Hash Join",
          "Sort",
          "Merge Join",
          "Aggregate",
          "Gather Merge",
          "Merge Append"
        ],
        [
          "Seq Scan",
          "Sort",
          "Merge Join",
          "Aggregate",
          "Gather Merge",
          "Merge Append"
        ],
        [
          "Seq Scan",
          "Hash Join",
          "Sort",
          "Merge Join",
          "Aggregate",
          "Gather Merge",
          "Merge Append"
        ],
        [
          "Seq Scan",
          "Hash Join",
          "Hash",
          "Sort",
          "Merge Join",
          "Aggregate",
          "Gather Merge",
          "Merge Append"
        ],
        [
          "Seq Scan",
          "Hash Join",
          "Hash",
          "Sort",
          "Merge Join",
          "Aggregate",
          "Gather Merge",
          "Merge Append"
        ],
        [
          "Seq Scan",
          "Hash",
          "Hash Join",
          "Sort",
          "Merge Join",
          "Aggregate",
          "Gather Merge",
          "Merge Append"
        ],
        [
          "Seq Scan",
          "Sort",
          "Merge Join",
          "Aggregate",
          "Gather Merge",
          "Merge Append"
        ],
        [
          "Seq Scan",
          "Hash Join",
          "Gather",
          "Sort",
          "Aggregate",
          "Merge Append"
        ],
        [
          "Seq Scan",
          "Hash Join",
          "Hash",
          "Gather",
          "Sort",
          "Aggregate",
          "Merge Append"
        ],
        [
          "Seq Scan",
          "Hash Join",
          "Hash",
          "Gather",
          "Sort",
          "Aggregate",
          "Merge Append"
        ],
        [
          "Seq Scan",
          "Hash",
          "Hash Join",
          "Gather",
          "Sort",
          "Aggregate",
          "Merge Append"
        ],
        [
          "Seq Scan",
          "Hash",
          "Hash Join",
          "Sort",
          "Aggregate",
          "Merge Append"
        ]
      ],
      "index_shape": [],
      "physical_operator": {}
    }
  },
  {
    "query": "with ss as (\n select i_item_id,sum(ss_ext_sales_price) total_sales\n from\n \tstore_sales,\n \tdate_dim,\n         customer_address,\n         item\n where i_item_id in (select\n     i_item_id\nfrom item\nwhere i_color in ('frosted','red','olive'))\n and     ss_item_sk              = i_item_sk\n and     ss_sold_date_sk         = d_date_sk\n and     d_year                  = 1999\n and     d_moy                   = 2\n and     ss_addr_sk              = ca_address_sk\n and     ca_gmt_offset           = -5 \n group by i_item_id),\n cs as (\n select i_item_id,sum(cs_ext_sales_price) total_sales\n from\n \tcatalog_sales,\n \tdate_dim,\n         customer_address,\n         item\n where\n         i_item_id               in (select\n  i_item_id\nfrom item\nwhere i_color in ('frosted','red','olive'))\n and     cs_item_sk              = i_item_sk\n and     cs_sold_date_sk         = d_date_sk\n and     d_year                  = 1999\n and     d_moy                   = 2\n and     cs_bill_addr_sk         = ca_address_sk\n and     ca_gmt_offset           = -5 \n group by i_item_id),\n ws as (\n select i_item_id,sum(ws_ext_sales_price) total_sales\n from\n \tweb_sales,\n \tdate_dim,\n         customer_address,\n         item\n where\n         i_item_id               in (select\n  i_item_id\nfrom item\nwhere i_color in ('frosted','red','olive'))\n and     ws_item_sk              = i_item_sk\n and     ws_sold_date_sk         = d_date_sk\n and     d_year                  = 1999\n and     d_moy                   = 2\n and     ws_bill_addr_sk         = ca_address_sk\n and     ca_gmt_offset           = -5\n group by i_item_id)\n  select  i_item_id ,sum(total_sales) total_sales\n from  (select * from ss \n        union all\n        select * from cs \n        union all\n        select * from ws) tmp1\n group by i_item_id\n order by total_sales,\n          i_item_id\n limit 100;\n\n-- end query 40 in stream 3 using template query56.tpl\n",
    "indexes": "store_sales.ss_sold_date_sk",
    "wo plan est": {
      "Node Type": "Limit",
      "Parallel Aware": false,
      "Async Capable": false,
      "Startup Cost": 1445997.16,
      "Total Cost": 1445997.41,
      "Plan Rows": 100,
      "Plan Width": 49,
      "Plans": [
        {
          "Node Type": "Sort",
          "Parent Relationship": "Outer",
          "Parallel Aware": false,
          "Async Capable": false,
          "Startup Cost": 1445997.16,
          "Total Cost": 1445997.66,
          "Plan Rows": 200,
          "Plan Width": 49,
          "Sort Key": [
            "(sum((sum(store_sales.ss_ext_sales_price))))",
            "item.i_item_id"
          ],
          "Plans": [
            {
              "Node Type": "Aggregate",
              "Strategy": "Sorted",
              "Partial Mode": "Simple",
              "Parent Relationship": "Outer",
              "Parallel Aware": false,
              "Async Capable": false,
              "Startup Cost": 1445871.82,
              "Total Cost": 1445989.52,
              "Plan Rows": 200,
              "Plan Width": 49,
              "Group Key": [
                "item.i_item_id"
              ],
              "Plans": [
                {
                  "Node Type": "Merge Append",
                  "Parent Relationship": "Outer",
                  "Parallel Aware": false,
                  "Async Capable": false,
                  "Startup Cost": 1445871.82,
                  "Total Cost": 1445984.5,
                  "Plan Rows": 503,
                  "Plan Width": 49,
                  "Sort Key": [
                    "item.i_item_id"
                  ],
                  "Subplans Removed": 0,
                  "Plans": [
                    {
                      "Node Type": "Aggregate",
                      "Strategy": "Sorted",
                      "Partial Mode": "Finalize",
                      "Parent Relationship": "Member",
                      "Parallel Aware": false,
                      "Async Capable": false,
                      "Startup Cost": 708153.26,
                      "Total Cost": 708212.85,
                      "Plan Rows": 277,
                      "Plan Width": 49,
                      "Group Key": [
                        "item.i_item_id"
                      ],
                      "Plans": [
                        {
                          "Node Type": "Gather Merge",
                          "Parent Relationship": "Outer",
                          "Parallel Aware": false,
                          "Async Capable": false,
                          "Startup Cost": 708153.26,
                          "Total Cost": 708207.66,
                          "Plan Rows": 230,
                          "Plan Width": 49,
                          "Workers Planned": 2,
                          "Plans": [
                            {
                              "Node Type": "Aggregate",
                              "Strategy": "Sorted",
                              "Partial Mode": "Partial",
                              "Parent Relationship": "Outer",
                              "Parallel Aware": false,
                              "Async Capable": false,
                              "Startup Cost": 707153.23,
                              "Total Cost": 707181.09,
                              "Plan Rows": 115,
                              "Plan Width": 49,
                              "Group Key": [
                                "item.i_item_id"
                              ],
                              "Plans": [
                                {
                                  "Node Type": "Merge Join",
                                  "Parent Relationship": "Outer",
                                  "Parallel Aware": false,
                                  "Async Capable": false,
                                  "Join Type": "Semi",
                                  "Startup Cost": 707153.23,
                                  "Total Cost": 707179.08,
                                  "Plan Rows": 115,
                                  "Plan Width": 23,
                                  "Inner Unique": false,
                                  "Merge Cond": "(item.i_item_id = item_1.i_item_id)",
                                  "Plans": [
                                    {
                                      "Node Type": "Sort",
                                      "Parent Relationship": "Outer",
                                      "Parallel Aware": false,
                                      "Async Capable": false,
                                      "Startup Cost": 698586.38,
                                      "Total Cost": 698590.19,
                                      "Plan Rows": 1525,
                                      "Plan Width": 23,
                                      "Sort Key": [
                                        "item.i_item_id"
                                      ],
                                      "Plans": [
                                        {
                                          "Node Type": "Hash Join",
                                          "Parent Relationship": "Outer",
                                          "Parallel Aware": true,
                                          "Async Capable": false,
                                          "Join Type": "Inner",
                                          "Startup Cost": 690951.02,
                                          "Total Cost": 698505.75,
                                          "Plan Rows": 1525,
                                          "Plan Width": 23,
                                          "Inner Unique": false,
                                          "Hash Cond": "(item.i_item_sk = store_sales.ss_item_sk)",
                                          "Plans": [
                                            {
                                              "Node Type": "Seq Scan",
                                              "Parent Relationship": "Outer",
                                              "Parallel Aware": true,
                                              "Async Capable": false,
                                              "Relation Name": "item",
                                              "Alias": "item",
                                              "Startup Cost": 0.0,
                                              "Total Cost": 7389.0,
                                              "Plan Rows": 42500,
                                              "Plan Width": 21,
                                              "parent": 9,
                                              "ID": 10
                                            },
                                            {
                                              "Node Type": "Hash",
                                              "Parent Relationship": "Inner",
                                              "Parallel Aware": true,
                                              "Async Capable": false,
                                              "Startup Cost": 690931.96,
                                              "Total Cost": 690931.96,
                                              "Plan Rows": 1525,
                                              "Plan Width": 10,
                                              "Plans": [
                                                {
                                                  "Node Type": "Hash Join",
                                                  "Parent Relationship": "Outer",
                                                  "Parallel Aware": true,
                                                  "Async Capable": false,
                                                  "Join Type": "Inner",
                                                  "Startup Cost": 684046.46,
                                                  "Total Cost": 690931.96,
                                                  "Plan Rows": 1525,
                                                  "Plan Width": 10,
                                                  "Inner Unique": false,
                                                  "Hash Cond": "(customer_address.ca_address_sk = store_sales.ss_addr_sk)",
                                                  "Plans": [
                                                    {
                                                      "Node Type": "Seq Scan",
                                                      "Parent Relationship": "Outer",
                                                      "Parallel Aware": true,
                                                      "Async Capable": false,
                                                      "Relation Name": "customer_address",
                                                      "Alias": "customer_address",
                                                      "Startup Cost": 0.0,
                                                      "Total Cost": 6737.08,
                                                      "Plan Rows": 37882,
                                                      "Plan Width": 4,
                                                      "Filter": "(ca_gmt_offset = '-5'::numeric)",
                                                      "parent": 12,
                                                      "ID": 13
                                                    },
                                                    {
                                                      "Node Type": "Hash",
                                                      "Parent Relationship": "Inner",
                                                      "Parallel Aware": true,
                                                      "Async Capable": false,
                                                      "Startup Cost": 683991.59,
                                                      "Total Cost": 683991.59,
                                                      "Plan Rows": 4390,
                                                      "Plan Width": 14,
                                                      "Plans": [
                                                        {
                                                          "Node Type": "Hash Join",
                                                          "Parent Relationship": "Outer",
                                                          "Parallel Aware": true,
                                                          "Async Capable": false,
                                                          "Join Type": "Inner",
                                                          "Startup Cost": 2049.75,
                                                          "Total Cost": 683991.59,
                                                          "Plan Rows": 4390,
                                                          "Plan Width": 14,
                                                          "Inner Unique": false,
                                                          "Hash Cond": "(store_sales.ss_sold_date_sk = date_dim.d_date_sk)",
                                                          "Plans": [
                                                            {
                                                              "Node Type": "Seq Scan",
                                                              "Parent Relationship": "Outer",
                                                              "Parallel Aware": true,
                                                              "Async Capable": false,
                                                              "Relation Name": "store_sales",
                                                              "Alias": "store_sales",
                                                              "Startup Cost": 0.0,
                                                              "Total Cost": 636914.37,
                                                              "Plan Rows": 12000637,
                                                              "Plan Width": 18,
                                                              "parent": 15,
                                                              "ID": 16
                                                            },
                                                            {
                                                              "Node Type": "Hash",
                                                              "Parent Relationship": "Inner",
                                                              "Parallel Aware": true,
                                                              "Async Capable": false,
                                                              "Startup Cost": 2049.55,
                                                              "Total Cost": 2049.55,
                                                              "Plan Rows": 16,
                                                              "Plan Width": 4,
                                                              "Plans": [
                                                                {
                                                                  "Node Type": "Seq Scan",
                                                                  "Parent Relationship": "Outer",
                                                                  "Parallel Aware": true,
                                                                  "Async Capable": false,
                                                                  "Relation Name": "date_dim",
                                                                  "Alias": "date_dim",
                                                                  "Startup Cost": 0.0,
                                                                  "Total Cost": 2049.55,
                                                                  "Plan Rows": 16,
                                                                  "Plan Width": 4,
                                                                  "Filter": "((d_year = 1999) AND (d_moy = 2))",
                                                                  "parent": 17,
                                                                  "ID": 18
                                                                }
                                                              ],
                                                              "parent": 15,
                                                              "ID": 17,
                                                              "left": 18
                                                            }
                                                          ],
                                                          "parent": 14,
                                                          "ID": 15,
                                                          "left": 16,
                                                          "right": 17
                                                        }
                                                      ],
                                                      "parent": 12,
                                                      "ID": 14,
                                                      "left": 15
                                                    }
                                                  ],
                                                  "parent": 11,
                                                  "ID": 12,
                                                  "left": 13,
                                                  "right": 14
                                                }
                                              ],
                                              "parent": 9,
                                              "ID": 11,
                                              "left": 12
                                            }
                                          ],
                                          "parent": 8,
                                          "ID": 9,
                                          "left": 10,
                                          "right": 11
                                        }
                                      ],
                                      "parent": 7,
                                      "ID": 8,
                                      "left": 9
                                    },
                                    {
                                      "Node Type": "Sort",
                                      "Parent Relationship": "Inner",
                                      "Parallel Aware": false,
                                      "Async Capable": false,
                                      "Startup Cost": 8566.85,
                                      "Total Cost": 8575.39,
                                      "Plan Rows": 3414,
                                      "Plan Width": 17,
                                      "Sort Key": [
                                        "item_1.i_item_id"
                                      ],
                                      "Plans": [
                                        {
                                          "Node Type": "Seq Scan",
                                          "Parent Relationship": "Outer",
                                          "Parallel Aware": false,
                                          "Async Capable": false,
                                          "Relation Name": "item",
                                          "Alias": "item_1",
                                          "Startup Cost": 0.0,
                                          "Total Cost": 8366.5,
                                          "Plan Rows": 3414,
                                          "Plan Width": 17,
                                          "Filter": "(i_color = ANY ('{frosted,red,olive}'::bpchar[]))",
                                          "parent": 19,
                                          "ID": 20
                                        }
                                      ],
                                      "parent": 7,
                                      "ID": 19,
                                      "left": 20
                                    }
                                  ],
                                  "parent": 6,
                                  "ID": 7,
                                  "left": 8,
                                  "right": 19
                                }
                              ],
                              "parent": 5,
                              "ID": 6,
                              "left": 7
                            }
                          ],
                          "parent": 4,
                          "ID": 5,
                          "left": 6
                        }
                      ],
                      "parent": 3,
                      "ID": 4,
                      "left": 5
                    },
                    {
                      "Node Type": "Aggregate",
                      "Strategy": "Sorted",
                      "Partial Mode": "Finalize",
                      "Parent Relationship": "Member",
                      "Parallel Aware": false,
                      "Async Capable": false,
                      "Startup Cost": 482522.75,
                      "Total Cost": 482562.79,
                      "Plan Rows": 150,
                      "Plan Width": 49,
                      "Group Key": [
                        "item_2.i_item_id"
                      ],
                      "Plans": [
                        {
                          "Node Type": "Gather Merge",
                          "Parent Relationship": "Outer",
                          "Parallel Aware": false,
                          "Async Capable": false,
                          "Startup Cost": 482522.75,
                          "Total Cost": 482559.98,
                          "Plan Rows": 124,
                          "Plan Width": 49,
                          "Workers Planned": 2,
                          "Plans": [
                            {
                              "Node Type": "Aggregate",
                              "Strategy": "Sorted",
                              "Partial Mode": "Partial",
                              "Parent Relationship": "Outer",
                              "Parallel Aware": false,
                              "Async Capable": false,
                              "Startup Cost": 481522.72,
                              "Total Cost": 481545.64,
                              "Plan Rows": 62,
                              "Plan Width": 49,
                              "Group Key": [
                                "item_2.i_item_id"
                              ],
                              "Plans": [
                                {
                                  "Node Type": "Merge Join",
                                  "Parent Relationship": "Outer",
                                  "Parallel Aware": false,
                                  "Async Capable": false,
                                  "Join Type": "Semi",
                                  "Startup Cost": 481522.72,
                                  "Total Cost": 481544.56,
                                  "Plan Rows": 62,
                                  "Plan Width": 23,
                                  "Inner Unique": false,
                                  "Merge Cond": "(item_2.i_item_id = item_3.i_item_id)",
                                  "Plans": [
                                    {
                                      "Node Type": "Sort",
                                      "Parent Relationship": "Outer",
                                      "Parallel Aware": false,
                                      "Async Capable": false,
                                      "Startup Cost": 472955.87,
                                      "Total Cost": 472957.94,
                                      "Plan Rows": 827,
                                      "Plan Width": 23,
                                      "Sort Key": [
                                        "item_2.i_item_id"
                                      ],
                                      "Plans": [
                                        {
                                          "Node Type": "Hash Join",
                                          "Parent Relationship": "Outer",
                                          "Parallel Aware": true,
                                          "Async Capable": false,
                                          "Join Type": "Inner",
                                          "Startup Cost": 465363.97,
                                          "Total Cost": 472915.79,
                                          "Plan Rows": 827,
                                          "Plan Width": 23,
                                          "Inner Unique": false,
                                          "Hash Cond": "(item_2.i_item_sk = catalog_sales.cs_item_sk)",
                                          "Plans": [
                                            {
                                              "Node Type": "Seq Scan",
                                              "Parent Relationship": "Outer",
                                              "Parallel Aware": true,
                                              "Async Capable": false,
                                              "Relation Name": "item",
                                              "Alias": "item_2",
                                              "Startup Cost": 0.0,
                                              "Total Cost": 7389.0,
                                              "Plan Rows": 42500,
                                              "Plan Width": 21,
                                              "parent": 26,
                                              "ID": 27
                                            },
                                            {
                                              "Node Type": "Hash",
                                              "Parent Relationship": "Inner",
                                              "Parallel Aware": true,
                                              "Async Capable": false,
                                              "Startup Cost": 465353.63,
                                              "Total Cost": 465353.63,
                                              "Plan Rows": 827,
                                              "Plan Width": 10,
                                              "Plans": [
                                                {
                                                  "Node Type": "Hash Join",
                                                  "Parent Relationship": "Outer",
                                                  "Parallel Aware": true,
                                                  "Async Capable": false,
                                                  "Join Type": "Inner",
                                                  "Startup Cost": 458281.63,
                                                  "Total Cost": 465353.63,
                                                  "Plan Rows": 827,
                                                  "Plan Width": 10,
                                                  "Inner Unique": false,
                                                  "Hash Cond": "(customer_address_1.ca_address_sk = catalog_sales.cs_bill_addr_sk)",
                                                  "Plans": [
                                                    {
                                                      "Node Type": "Seq Scan",
                                                      "Parent Relationship": "Outer",
                                                      "Parallel Aware": true,
                                                      "Async Capable": false,
                                                      "Relation Name": "customer_address",
                                                      "Alias": "customer_address_1",
                                                      "Startup Cost": 0.0,
                                                      "Total Cost": 6737.08,
                                                      "Plan Rows": 37882,
                                                      "Plan Width": 4,
                                                      "Filter": "(ca_gmt_offset = '-5'::numeric)",
                                                      "parent": 29,
                                                      "ID": 30
                                                    },
                                                    {
                                                      "Node Type": "Hash",
                                                      "Parent Relationship": "Inner",
                                                      "Parallel Aware": true,
                                                      "Async Capable": false,
                                                      "Startup Cost": 458253.04,
                                                      "Total Cost": 458253.04,
                                                      "Plan Rows": 2287,
                                                      "Plan Width": 14,
                                                      "Plans": [
                                                        {
                                                          "Node Type": "Hash Join",
                                                          "Parent Relationship": "Outer",
                                                          "Parallel Aware": true,
                                                          "Async Capable": false,
                                                          "Join Type": "Inner",
                                                          "Startup Cost": 2049.75,
                                                          "Total Cost": 458253.04,
                                                          "Plan Rows": 2287,
                                                          "Plan Width": 14,
                                                          "Inner Unique": false,
                                                          "Hash Cond": "(catalog_sales.cs_sold_date_sk = date_dim_1.d_date_sk)",
                                                          "Plans": [
                                                            {
                                                              "Node Type": "Seq Scan",
                                                              "Parent Relationship": "Outer",
                                                              "Parallel Aware": true,
                                                              "Async Capable": false,
                                                              "Relation Name": "catalog_sales",
                                                              "Alias": "catalog_sales",
                                                              "Startup Cost": 0.0,
                                                              "Total Cost": 433688.25,
                                                              "Plan Rows": 6000525,
                                                              "Plan Width": 18,
                                                              "parent": 32,
                                                              "ID": 33
                                                            },
                                                            {
                                                              "Node Type": "Hash",
                                                              "Parent Relationship": "Inner",
                                                              "Parallel Aware": true,
                                                              "Async Capable": false,
                                                              "Startup Cost": 2049.55,
                                                              "Total Cost": 2049.55,
                                                              "Plan Rows": 16,
                                                              "Plan Width": 4,
                                                              "Plans": [
                                                                {
                                                                  "Node Type": "Seq Scan",
                                                                  "Parent Relationship": "Outer",
                                                                  "Parallel Aware": true,
                                                                  "Async Capable": false,
                                                                  "Relation Name": "date_dim",
                                                                  "Alias": "date_dim_1",
                                                                  "Startup Cost": 0.0,
                                                                  "Total Cost": 2049.55,
                                                                  "Plan Rows": 16,
                                                                  "Plan Width": 4,
                                                                  "Filter": "((d_year = 1999) AND (d_moy = 2))",
                                                                  "parent": 34,
                                                                  "ID": 35
                                                                }
                                                              ],
                                                              "parent": 32,
                                                              "ID": 34,
                                                              "left": 35
                                                            }
                                                          ],
                                                          "parent": 31,
                                                          "ID": 32,
                                                          "left": 33,
                                                          "right": 34
                                                        }
                                                      ],
                                                      "parent": 29,
                                                      "ID": 31,
                                                      "left": 32
                                                    }
                                                  ],
                                                  "parent": 28,
                                                  "ID": 29,
                                                  "left": 30,
                                                  "right": 31
                                                }
                                              ],
                                              "parent": 26,
                                              "ID": 28,
                                              "left": 29
                                            }
                                          ],
                                          "parent": 25,
                                          "ID": 26,
                                          "left": 27,
                                          "right": 28
                                        }
                                      ],
                                      "parent": 24,
                                      "ID": 25,
                                      "left": 26
                                    },
                                    {
                                      "Node Type": "Sort",
                                      "Parent Relationship": "Inner",
                                      "Parallel Aware": false,
                                      "Async Capable": false,
                                      "Startup Cost": 8566.85,
                                      "Total Cost": 8575.39,
                                      "Plan Rows": 3414,
                                      "Plan Width": 17,
                                      "Sort Key": [
                                        "item_3.i_item_id"
                                      ],
                                      "Plans": [
                                        {
                                          "Node Type": "Seq Scan",
                                          "Parent Relationship": "Outer",
                                          "Parallel Aware": false,
                                          "Async Capable": false,
                                          "Relation Name": "item",
                                          "Alias": "item_3",
                                          "Startup Cost": 0.0,
                                          "Total Cost": 8366.5,
                                          "Plan Rows": 3414,
                                          "Plan Width": 17,
                                          "Filter": "(i_color = ANY ('{frosted,red,olive}'::bpchar[]))",
                                          "parent": 36,
                                          "ID": 37
                                        }
                                      ],
                                      "parent": 24,
                                      "ID": 36,
                                      "left": 37
                                    }
                                  ],
                                  "parent": 23,
                                  "ID": 24,
                                  "left": 25,
                                  "right": 36
                                }
                              ],
                              "parent": 22,
                              "ID": 23,
                              "left": 24
                            }
                          ],
                          "parent": 21,
                          "ID": 22,
                          "left": 23
                        }
                      ],
                      "parent": 3,
                      "ID": 21,
                      "left": 22
                    },
                    {
                      "Node Type": "Aggregate",
                      "Strategy": "Sorted",
                      "Partial Mode": "Simple",
                      "Parent Relationship": "Member",
                      "Parallel Aware": false,
                      "Async Capable": false,
                      "Startup Cost": 255195.79,
                      "Total Cost": 255197.31,
                      "Plan Rows": 76,
                      "Plan Width": 49,
                      "Group Key": [
                        "item_4.i_item_id"
                      ],
                      "Plans": [
                        {
                          "Node Type": "Sort",
                          "Parent Relationship": "Outer",
                          "Parallel Aware": false,
                          "Async Capable": false,
                          "Startup Cost": 255195.79,
                          "Total Cost": 255195.98,
                          "Plan Rows": 76,
                          "Plan Width": 23,
                          "Sort Key": [
                            "item_4.i_item_id"
                          ],
                          "Plans": [
                            {
                              "Node Type": "Hash Join",
                              "Parent Relationship": "Outer",
                              "Parallel Aware": false,
                              "Async Capable": false,
                              "Join Type": "Semi",
                              "Startup Cost": 247539.43,
                              "Total Cost": 255193.42,
                              "Plan Rows": 76,
                              "Plan Width": 23,
                              "Inner Unique": false,
                              "Hash Cond": "(item_4.i_item_id = item_5.i_item_id)",
                              "Plans": [
                                {
                                  "Node Type": "Gather",
                                  "Parent Relationship": "Outer",
                                  "Parallel Aware": false,
                                  "Async Capable": false,
                                  "Startup Cost": 239130.25,
                                  "Total Cost": 246780.67,
                                  "Plan Rows": 1003,
                                  "Plan Width": 23,
                                  "Workers Planned": 2,
                                  "Single Copy": false,
                                  "Plans": [
                                    {
                                      "Node Type": "Hash Join",
                                      "Parent Relationship": "Outer",
                                      "Parallel Aware": true,
                                      "Async Capable": false,
                                      "Join Type": "Inner",
                                      "Startup Cost": 238130.25,
                                      "Total Cost": 245680.37,
                                      "Plan Rows": 418,
                                      "Plan Width": 23,
                                      "Inner Unique": false,
                                      "Hash Cond": "(item_4.i_item_sk = web_sales.ws_item_sk)",
                                      "Plans": [
                                        {
                                          "Node Type": "Seq Scan",
                                          "Parent Relationship": "Outer",
                                          "Parallel Aware": true,
                                          "Async Capable": false,
                                          "Relation Name": "item",
                                          "Alias": "item_4",
                                          "Startup Cost": 0.0,
                                          "Total Cost": 7389.0,
                                          "Plan Rows": 42500,
                                          "Plan Width": 21,
                                          "parent": 42,
                                          "ID": 43
                                        },
                                        {
                                          "Node Type": "Hash",
                                          "Parent Relationship": "Inner",
                                          "Parallel Aware": true,
                                          "Async Capable": false,
                                          "Startup Cost": 238125.03,
                                          "Total Cost": 238125.03,
                                          "Plan Rows": 418,
                                          "Plan Width": 10,
                                          "Plans": [
                                            {
                                              "Node Type": "Hash Join",
                                              "Parent Relationship": "Outer",
                                              "Parallel Aware": true,
                                              "Async Capable": false,
                                              "Join Type": "Inner",
                                              "Startup Cost": 231054.74,
                                              "Total Cost": 238125.03,
                                              "Plan Rows": 418,
                                              "Plan Width": 10,
                                              "Inner Unique": false,
                                              "Hash Cond": "(customer_address_2.ca_address_sk = web_sales.ws_bill_addr_sk)",
                                              "Plans": [
                                                {
                                                  "Node Type": "Seq Scan",
                                                  "Parent Relationship": "Outer",
                                                  "Parallel Aware": true,
                                                  "Async Capable": false,
                                                  "Relation Name": "customer_address",
                                                  "Alias": "customer_address_2",
                                                  "Startup Cost": 0.0,
                                                  "Total Cost": 6737.08,
                                                  "Plan Rows": 37882,
                                                  "Plan Width": 4,
                                                  "Filter": "(ca_gmt_offset = '-5'::numeric)",
                                                  "parent": 45,
                                                  "ID": 46
                                                },
                                                {
                                                  "Node Type": "Hash",
                                                  "Parent Relationship": "Inner",
                                                  "Parallel Aware": true,
                                                  "Async Capable": false,
                                                  "Startup Cost": 231040.38,
                                                  "Total Cost": 231040.38,
                                                  "Plan Rows": 1149,
                                                  "Plan Width": 14,
                                                  "Plans": [
                                                    {
                                                      "Node Type": "Hash Join",
                                                      "Parent Relationship": "Outer",
                                                      "Parallel Aware": true,
                                                      "Async Capable": false,
                                                      "Join Type": "Inner",
                                                      "Startup Cost": 2049.75,
                                                      "Total Cost": 231040.38,
                                                      "Plan Rows": 1149,
                                                      "Plan Width": 14,
                                                      "Inner Unique": false,
                                                      "Hash Cond": "(web_sales.ws_sold_date_sk = date_dim_2.d_date_sk)",
                                                      "Plans": [
                                                        {
                                                          "Node Type": "Seq Scan",
                                                          "Parent Relationship": "Outer",
                                                          "Parallel Aware": true,
                                                          "Async Capable": false,
                                                          "Relation Name": "web_sales",
                                                          "Alias": "web_sales",
                                                          "Startup Cost": 0.0,
                                                          "Total Cost": 217737.86,
                                                          "Plan Rows": 2998986,
                                                          "Plan Width": 18,
                                                          "parent": 48,
                                                          "ID": 49
                                                        },
                                                        {
                                                          "Node Type": "Hash",
                                                          "Parent Relationship": "Inner",
                                                          "Parallel Aware": true,
                                                          "Async Capable": false,
                                                          "Startup Cost": 2049.55,
                                                          "Total Cost": 2049.55,
                                                          "Plan Rows": 16,
                                                          "Plan Width": 4,
                                                          "Plans": [
                                                            {
                                                              "Node Type": "Seq Scan",
                                                              "Parent Relationship": "Outer",
                                                              "Parallel Aware": true,
                                                              "Async Capable": false,
                                                              "Relation Name": "date_dim",
                                                              "Alias": "date_dim_2",
                                                              "Startup Cost": 0.0,
                                                              "Total Cost": 2049.55,
                                                              "Plan Rows": 16,
                                                              "Plan Width": 4,
                                                              "Filter": "((d_year = 1999) AND (d_moy = 2))",
                                                              "parent": 50,
                                                              "ID": 51
                                                            }
                                                          ],
                                                          "parent": 48,
                                                          "ID": 50,
                                                          "left": 51
                                                        }
                                                      ],
                                                      "parent": 47,
                                                      "ID": 48,
                                                      "left": 49,
                                                      "right": 50
                                                    }
                                                  ],
                                                  "parent": 45,
                                                  "ID": 47,
                                                  "left": 48
                                                }
                                              ],
                                              "parent": 44,
                                              "ID": 45,
                                              "left": 46,
                                              "right": 47
                                            }
                                          ],
                                          "parent": 42,
                                          "ID": 44,
                                          "left": 45
                                        }
                                      ],
                                      "parent": 41,
                                      "ID": 42,
                                      "left": 43,
                                      "right": 44
                                    }
                                  ],
                                  "parent": 40,
                                  "ID": 41,
                                  "left": 42
                                },
                                {
                                  "Node Type": "Hash",
                                  "Parent Relationship": "Inner",
                                  "Parallel Aware": false,
                                  "Async Capable": false,
                                  "Startup Cost": 8366.5,
                                  "Total Cost": 8366.5,
                                  "Plan Rows": 3414,
                                  "Plan Width": 17,
                                  "Plans": [
                                    {
                                      "Node Type": "Seq Scan",
                                      "Parent Relationship": "Outer",
                                      "Parallel Aware": false,
                                      "Async Capable": false,
                                      "Relation Name": "item",
                                      "Alias": "item_5",
                                      "Startup Cost": 0.0,
                                      "Total Cost": 8366.5,
                                      "Plan Rows": 3414,
                                      "Plan Width": 17,
                                      "Filter": "(i_color = ANY ('{frosted,red,olive}'::bpchar[]))",
                                      "parent": 52,
                                      "ID": 53
                                    }
                                  ],
                                  "parent": 40,
                                  "ID": 52,
                                  "left": 53
                                }
                              ],
                              "parent": 39,
                              "ID": 40,
                              "left": 41,
                              "right": 52
                            }
                          ],
                          "parent": 38,
                          "ID": 39,
                          "left": 40
                        }
                      ],
                      "parent": 3,
                      "ID": 38,
                      "left": 39
                    }
                  ],
                  "parent": 2,
                  "ID": 3,
                  "left": 4,
                  "right": 21
                }
              ],
              "parent": 1,
              "ID": 2,
              "left": 3
            }
          ],
          "parent": 0,
          "ID": 1,
          "left": 2
        }
      ],
      "parent": null,
      "ID": 0,
      "left": 1
    },
    "feat": {
      "utility": 0.005758305633020152,
      "query_shape": [
        [
          "Seq Scan",
          "Hash Join",
          "Sort",
          "Merge Join",
          "Aggregate",
          "Gather Merge",
          "Merge Append"
        ],
        [
          "Seq Scan",
          "Hash Join",
          "Hash",
          "Sort",
          "Merge Join",
          "Aggregate",
          "Gather Merge",
          "Merge Append"
        ],
        [
          "Seq Scan",
          "Hash Join",
          "Hash",
          "Sort",
          "Merge Join",
          "Aggregate",
          "Gather Merge",
          "Merge Append"
        ],
        [
          "Seq Scan",
          "Hash",
          "Hash Join",
          "Sort",
          "Merge Join",
          "Aggregate",
          "Gather Merge",
          "Merge Append"
        ],
        [
          "Seq Scan",
          "Sort",
          "Merge Join",
          "Aggregate",
          "Gather Merge",
          "Merge Append"
        ],
        [
          "Seq Scan",
          "Hash Join",
          "Sort",
          "Merge Join",
          "Aggregate",
          "Gather Merge",
          "Merge Append"
        ],
        [
          "Seq Scan",
          "Hash Join",
          "Hash",
          "Sort",
          "Merge Join",
          "Aggregate",
          "Gather Merge",
          "Merge Append"
        ],
        [
          "Seq Scan",
          "Hash Join",
          "Hash",
          "Sort",
          "Merge Join",
          "Aggregate",
          "Gather Merge",
          "Merge Append"
        ],
        [
          "Seq Scan",
          "Hash",
          "Hash Join",
          "Sort",
          "Merge Join",
          "Aggregate",
          "Gather Merge",
          "Merge Append"
        ],
        [
          "Seq Scan",
          "Sort",
          "Merge Join",
          "Aggregate",
          "Gather Merge",
          "Merge Append"
        ],
        [
          "Seq Scan",
          "Hash Join",
          "Gather",
          "Sort",
          "Aggregate",
          "Merge Append"
        ],
        [
          "Seq Scan",
          "Hash Join",
          "Hash",
          "Gather",
          "Sort",
          "Aggregate",
          "Merge Append"
        ],
        [
          "Seq Scan",
          "Hash Join",
          "Hash",
          "Gather",
          "Sort",
          "Aggregate",
          "Merge Append"
        ],
        [
          "Seq Scan",
          "Hash",
          "Hash Join",
          "Gather",
          "Sort",
          "Aggregate",
          "Merge Append"
        ],
        [
          "Seq Scan",
          "Hash",
          "Hash Join",
          "Sort",
          "Aggregate",
          "Merge Append"
        ]
      ],
      "index_shape": [
        "join"
      ],
      "physical_operator": {
        "Hash Join": [
          0.004781565608611895
        ]
      }
    }
  },
  {
    "query": "with ss as (\n select i_item_id,sum(ss_ext_sales_price) total_sales\n from\n \tstore_sales,\n \tdate_dim,\n         customer_address,\n         item\n where i_item_id in (select\n     i_item_id\nfrom item\nwhere i_color in ('frosted','red','olive'))\n and     ss_item_sk              = i_item_sk\n and     ss_sold_date_sk         = d_date_sk\n and     d_year                  = 1999\n and     d_moy                   = 2\n and     ss_addr_sk              = ca_address_sk\n and     ca_gmt_offset           = -5 \n group by i_item_id),\n cs as (\n select i_item_id,sum(cs_ext_sales_price) total_sales\n from\n \tcatalog_sales,\n \tdate_dim,\n         customer_address,\n         item\n where\n         i_item_id               in (select\n  i_item_id\nfrom item\nwhere i_color in ('frosted','red','olive'))\n and     cs_item_sk              = i_item_sk\n and     cs_sold_date_sk         = d_date_sk\n and     d_year                  = 1999\n and     d_moy                   = 2\n and     cs_bill_addr_sk         = ca_address_sk\n and     ca_gmt_offset           = -5 \n group by i_item_id),\n ws as (\n select i_item_id,sum(ws_ext_sales_price) total_sales\n from\n \tweb_sales,\n \tdate_dim,\n         customer_address,\n         item\n where\n         i_item_id               in (select\n  i_item_id\nfrom item\nwhere i_color in ('frosted','red','olive'))\n and     ws_item_sk              = i_item_sk\n and     ws_sold_date_sk         = d_date_sk\n and     d_year                  = 1999\n and     d_moy                   = 2\n and     ws_bill_addr_sk         = ca_address_sk\n and     ca_gmt_offset           = -5\n group by i_item_id)\n  select  i_item_id ,sum(total_sales) total_sales\n from  (select * from ss \n        union all\n        select * from cs \n        union all\n        select * from ws) tmp1\n group by i_item_id\n order by total_sales,\n          i_item_id\n limit 100;\n\n-- end query 40 in stream 3 using template query56.tpl\n",
    "indexes": "store_sales.ss_item_sk",
    "wo plan est": {
      "Node Type": "Limit",
      "Parallel Aware": false,
      "Async Capable": false,
      "Startup Cost": 1445997.16,
      "Total Cost": 1445997.41,
      "Plan Rows": 100,
      "Plan Width": 49,
      "Plans": [
        {
          "Node Type": "Sort",
          "Parent Relationship": "Outer",
          "Parallel Aware": false,
          "Async Capable": false,
          "Startup Cost": 1445997.16,
          "Total Cost": 1445997.66,
          "Plan Rows": 200,
          "Plan Width": 49,
          "Sort Key": [
            "(sum((sum(store_sales.ss_ext_sales_price))))",
            "item.i_item_id"
          ],
          "Plans": [
            {
              "Node Type": "Aggregate",
              "Strategy": "Sorted",
              "Partial Mode": "Simple",
              "Parent Relationship": "Outer",
              "Parallel Aware": false,
              "Async Capable": false,
              "Startup Cost": 1445871.82,
              "Total Cost": 1445989.52,
              "Plan Rows": 200,
              "Plan Width": 49,
              "Group Key": [
                "item.i_item_id"
              ],
              "Plans": [
                {
                  "Node Type": "Merge Append",
                  "Parent Relationship": "Outer",
                  "Parallel Aware": false,
                  "Async Capable": false,
                  "Startup Cost": 1445871.82,
                  "Total Cost": 1445984.5,
                  "Plan Rows": 503,
                  "Plan Width": 49,
                  "Sort Key": [
                    "item.i_item_id"
                  ],
                  "Subplans Removed": 0,
                  "Plans": [
                    {
                      "Node Type": "Aggregate",
                      "Strategy": "Sorted",
                      "Partial Mode": "Finalize",
                      "Parent Relationship": "Member",
                      "Parallel Aware": false,
                      "Async Capable": false,
                      "Startup Cost": 708153.26,
                      "Total Cost": 708212.85,
                      "Plan Rows": 277,
                      "Plan Width": 49,
                      "Group Key": [
                        "item.i_item_id"
                      ],
                      "Plans": [
                        {
                          "Node Type": "Gather Merge",
                          "Parent Relationship": "Outer",
                          "Parallel Aware": false,
                          "Async Capable": false,
                          "Startup Cost": 708153.26,
                          "Total Cost": 708207.66,
                          "Plan Rows": 230,
                          "Plan Width": 49,
                          "Workers Planned": 2,
                          "Plans": [
                            {
                              "Node Type": "Aggregate",
                              "Strategy": "Sorted",
                              "Partial Mode": "Partial",
                              "Parent Relationship": "Outer",
                              "Parallel Aware": false,
                              "Async Capable": false,
                              "Startup Cost": 707153.23,
                              "Total Cost": 707181.09,
                              "Plan Rows": 115,
                              "Plan Width": 49,
                              "Group Key": [
                                "item.i_item_id"
                              ],
                              "Plans": [
                                {
                                  "Node Type": "Merge Join",
                                  "Parent Relationship": "Outer",
                                  "Parallel Aware": false,
                                  "Async Capable": false,
                                  "Join Type": "Semi",
                                  "Startup Cost": 707153.23,
                                  "Total Cost": 707179.08,
                                  "Plan Rows": 115,
                                  "Plan Width": 23,
                                  "Inner Unique": false,
                                  "Merge Cond": "(item.i_item_id = item_1.i_item_id)",
                                  "Plans": [
                                    {
                                      "Node Type": "Sort",
                                      "Parent Relationship": "Outer",
                                      "Parallel Aware": false,
                                      "Async Capable": false,
                                      "Startup Cost": 698586.38,
                                      "Total Cost": 698590.19,
                                      "Plan Rows": 1525,
                                      "Plan Width": 23,
                                      "Sort Key": [
                                        "item.i_item_id"
                                      ],
                                      "Plans": [
                                        {
                                          "Node Type": "Hash Join",
                                          "Parent Relationship": "Outer",
                                          "Parallel Aware": true,
                                          "Async Capable": false,
                                          "Join Type": "Inner",
                                          "Startup Cost": 690951.02,
                                          "Total Cost": 698505.75,
                                          "Plan Rows": 1525,
                                          "Plan Width": 23,
                                          "Inner Unique": false,
                                          "Hash Cond": "(item.i_item_sk = store_sales.ss_item_sk)",
                                          "Plans": [
                                            {
                                              "Node Type": "Seq Scan",
                                              "Parent Relationship": "Outer",
                                              "Parallel Aware": true,
                                              "Async Capable": false,
                                              "Relation Name": "item",
                                              "Alias": "item",
                                              "Startup Cost": 0.0,
                                              "Total Cost": 7389.0,
                                              "Plan Rows": 42500,
                                              "Plan Width": 21,
                                              "parent": 9,
                                              "ID": 10
                                            },
                                            {
                                              "Node Type": "Hash",
                                              "Parent Relationship": "Inner",
                                              "Parallel Aware": true,
                                              "Async Capable": false,
                                              "Startup Cost": 690931.96,
                                              "Total Cost": 690931.96,
                                              "Plan Rows": 1525,
                                              "Plan Width": 10,
                                              "Plans": [
                                                {
                                                  "Node Type": "Hash Join",
                                                  "Parent Relationship": "Outer",
                                                  "Parallel Aware": true,
                                                  "Async Capable": false,
                                                  "Join Type": "Inner",
                                                  "Startup Cost": 684046.46,
                                                  "Total Cost": 690931.96,
                                                  "Plan Rows": 1525,
                                                  "Plan Width": 10,
                                                  "Inner Unique": false,
                                                  "Hash Cond": "(customer_address.ca_address_sk = store_sales.ss_addr_sk)",
                                                  "Plans": [
                                                    {
                                                      "Node Type": "Seq Scan",
                                                      "Parent Relationship": "Outer",
                                                      "Parallel Aware": true,
                                                      "Async Capable": false,
                                                      "Relation Name": "customer_address",
                                                      "Alias": "customer_address",
                                                      "Startup Cost": 0.0,
                                                      "Total Cost": 6737.08,
                                                      "Plan Rows": 37882,
                                                      "Plan Width": 4,
                                                      "Filter": "(ca_gmt_offset = '-5'::numeric)",
                                                      "parent": 12,
                                                      "ID": 13
                                                    },
                                                    {
                                                      "Node Type": "Hash",
                                                      "Parent Relationship": "Inner",
                                                      "Parallel Aware": true,
                                                      "Async Capable": false,
                                                      "Startup Cost": 683991.59,
                                                      "Total Cost": 683991.59,
                                                      "Plan Rows": 4390,
                                                      "Plan Width": 14,
                                                      "Plans": [
                                                        {
                                                          "Node Type": "Hash Join",
                                                          "Parent Relationship": "Outer",
                                                          "Parallel Aware": true,
                                                          "Async Capable": false,
                                                          "Join Type": "Inner",
                                                          "Startup Cost": 2049.75,
                                                          "Total Cost": 683991.59,
                                                          "Plan Rows": 4390,
                                                          "Plan Width": 14,
                                                          "Inner Unique": false,
                                                          "Hash Cond": "(store_sales.ss_sold_date_sk = date_dim.d_date_sk)",
                                                          "Plans": [
                                                            {
                                                              "Node Type": "Seq Scan",
                                                              "Parent Relationship": "Outer",
                                                              "Parallel Aware": true,
                                                              "Async Capable": false,
                                                              "Relation Name": "store_sales",
                                                              "Alias": "store_sales",
                                                              "Startup Cost": 0.0,
                                                              "Total Cost": 636914.37,
                                                              "Plan Rows": 12000637,
                                                              "Plan Width": 18,
                                                              "parent": 15,
                                                              "ID": 16
                                                            },
                                                            {
                                                              "Node Type": "Hash",
                                                              "Parent Relationship": "Inner",
                                                              "Parallel Aware": true,
                                                              "Async Capable": false,
                                                              "Startup Cost": 2049.55,
                                                              "Total Cost": 2049.55,
                                                              "Plan Rows": 16,
                                                              "Plan Width": 4,
                                                              "Plans": [
                                                                {
                                                                  "Node Type": "Seq Scan",
                                                                  "Parent Relationship": "Outer",
                                                                  "Parallel Aware": true,
                                                                  "Async Capable": false,
                                                                  "Relation Name": "date_dim",
                                                                  "Alias": "date_dim",
                                                                  "Startup Cost": 0.0,
                                                                  "Total Cost": 2049.55,
                                                                  "Plan Rows": 16,
                                                                  "Plan Width": 4,
                                                                  "Filter": "((d_year = 1999) AND (d_moy = 2))",
                                                                  "parent": 17,
                                                                  "ID": 18
                                                                }
                                                              ],
                                                              "parent": 15,
                                                              "ID": 17,
                                                              "left": 18
                                                            }
                                                          ],
                                                          "parent": 14,
                                                          "ID": 15,
                                                          "left": 16,
                                                          "right": 17
                                                        }
                                                      ],
                                                      "parent": 12,
                                                      "ID": 14,
                                                      "left": 15
                                                    }
                                                  ],
                                                  "parent": 11,
                                                  "ID": 12,
                                                  "left": 13,
                                                  "right": 14
                                                }
                                              ],
                                              "parent": 9,
                                              "ID": 11,
                                              "left": 12
                                            }
                                          ],
                                          "parent": 8,
                                          "ID": 9,
                                          "left": 10,
                                          "right": 11
                                        }
                                      ],
                                      "parent": 7,
                                      "ID": 8,
                                      "left": 9
                                    },
                                    {
                                      "Node Type": "Sort",
                                      "Parent Relationship": "Inner",
                                      "Parallel Aware": false,
                                      "Async Capable": false,
                                      "Startup Cost": 8566.85,
                                      "Total Cost": 8575.39,
                                      "Plan Rows": 3414,
                                      "Plan Width": 17,
                                      "Sort Key": [
                                        "item_1.i_item_id"
                                      ],
                                      "Plans": [
                                        {
                                          "Node Type": "Seq Scan",
                                          "Parent Relationship": "Outer",
                                          "Parallel Aware": false,
                                          "Async Capable": false,
                                          "Relation Name": "item",
                                          "Alias": "item_1",
                                          "Startup Cost": 0.0,
                                          "Total Cost": 8366.5,
                                          "Plan Rows": 3414,
                                          "Plan Width": 17,
                                          "Filter": "(i_color = ANY ('{frosted,red,olive}'::bpchar[]))",
                                          "parent": 19,
                                          "ID": 20
                                        }
                                      ],
                                      "parent": 7,
                                      "ID": 19,
                                      "left": 20
                                    }
                                  ],
                                  "parent": 6,
                                  "ID": 7,
                                  "left": 8,
                                  "right": 19
                                }
                              ],
                              "parent": 5,
                              "ID": 6,
                              "left": 7
                            }
                          ],
                          "parent": 4,
                          "ID": 5,
                          "left": 6
                        }
                      ],
                      "parent": 3,
                      "ID": 4,
                      "left": 5
                    },
                    {
                      "Node Type": "Aggregate",
                      "Strategy": "Sorted",
                      "Partial Mode": "Finalize",
                      "Parent Relationship": "Member",
                      "Parallel Aware": false,
                      "Async Capable": false,
                      "Startup Cost": 482522.75,
                      "Total Cost": 482562.79,
                      "Plan Rows": 150,
                      "Plan Width": 49,
                      "Group Key": [
                        "item_2.i_item_id"
                      ],
                      "Plans": [
                        {
                          "Node Type": "Gather Merge",
                          "Parent Relationship": "Outer",
                          "Parallel Aware": false,
                          "Async Capable": false,
                          "Startup Cost": 482522.75,
                          "Total Cost": 482559.98,
                          "Plan Rows": 124,
                          "Plan Width": 49,
                          "Workers Planned": 2,
                          "Plans": [
                            {
                              "Node Type": "Aggregate",
                              "Strategy": "Sorted",
                              "Partial Mode": "Partial",
                              "Parent Relationship": "Outer",
                              "Parallel Aware": false,
                              "Async Capable": false,
                              "Startup Cost": 481522.72,
                              "Total Cost": 481545.64,
                              "Plan Rows": 62,
                              "Plan Width": 49,
                              "Group Key": [
                                "item_2.i_item_id"
                              ],
                              "Plans": [
                                {
                                  "Node Type": "Merge Join",
                                  "Parent Relationship": "Outer",
                                  "Parallel Aware": false,
                                  "Async Capable": false,
                                  "Join Type": "Semi",
                                  "Startup Cost": 481522.72,
                                  "Total Cost": 481544.56,
                                  "Plan Rows": 62,
                                  "Plan Width": 23,
                                  "Inner Unique": false,
                                  "Merge Cond": "(item_2.i_item_id = item_3.i_item_id)",
                                  "Plans": [
                                    {
                                      "Node Type": "Sort",
                                      "Parent Relationship": "Outer",
                                      "Parallel Aware": false,
                                      "Async Capable": false,
                                      "Startup Cost": 472955.87,
                                      "Total Cost": 472957.94,
                                      "Plan Rows": 827,
                                      "Plan Width": 23,
                                      "Sort Key": [
                                        "item_2.i_item_id"
                                      ],
                                      "Plans": [
                                        {
                                          "Node Type": "Hash Join",
                                          "Parent Relationship": "Outer",
                                          "Parallel Aware": true,
                                          "Async Capable": false,
                                          "Join Type": "Inner",
                                          "Startup Cost": 465363.97,
                                          "Total Cost": 472915.79,
                                          "Plan Rows": 827,
                                          "Plan Width": 23,
                                          "Inner Unique": false,
                                          "Hash Cond": "(item_2.i_item_sk = catalog_sales.cs_item_sk)",
                                          "Plans": [
                                            {
                                              "Node Type": "Seq Scan",
                                              "Parent Relationship": "Outer",
                                              "Parallel Aware": true,
                                              "Async Capable": false,
                                              "Relation Name": "item",
                                              "Alias": "item_2",
                                              "Startup Cost": 0.0,
                                              "Total Cost": 7389.0,
                                              "Plan Rows": 42500,
                                              "Plan Width": 21,
                                              "parent": 26,
                                              "ID": 27
                                            },
                                            {
                                              "Node Type": "Hash",
                                              "Parent Relationship": "Inner",
                                              "Parallel Aware": true,
                                              "Async Capable": false,
                                              "Startup Cost": 465353.63,
                                              "Total Cost": 465353.63,
                                              "Plan Rows": 827,
                                              "Plan Width": 10,
                                              "Plans": [
                                                {
                                                  "Node Type": "Hash Join",
                                                  "Parent Relationship": "Outer",
                                                  "Parallel Aware": true,
                                                  "Async Capable": false,
                                                  "Join Type": "Inner",
                                                  "Startup Cost": 458281.63,
                                                  "Total Cost": 465353.63,
                                                  "Plan Rows": 827,
                                                  "Plan Width": 10,
                                                  "Inner Unique": false,
                                                  "Hash Cond": "(customer_address_1.ca_address_sk = catalog_sales.cs_bill_addr_sk)",
                                                  "Plans": [
                                                    {
                                                      "Node Type": "Seq Scan",
                                                      "Parent Relationship": "Outer",
                                                      "Parallel Aware": true,
                                                      "Async Capable": false,
                                                      "Relation Name": "customer_address",
                                                      "Alias": "customer_address_1",
                                                      "Startup Cost": 0.0,
                                                      "Total Cost": 6737.08,
                                                      "Plan Rows": 37882,
                                                      "Plan Width": 4,
                                                      "Filter": "(ca_gmt_offset = '-5'::numeric)",
                                                      "parent": 29,
                                                      "ID": 30
                                                    },
                                                    {
                                                      "Node Type": "Hash",
                                                      "Parent Relationship": "Inner",
                                                      "Parallel Aware": true,
                                                      "Async Capable": false,
                                                      "Startup Cost": 458253.04,
                                                      "Total Cost": 458253.04,
                                                      "Plan Rows": 2287,
                                                      "Plan Width": 14,
                                                      "Plans": [
                                                        {
                                                          "Node Type": "Hash Join",
                                                          "Parent Relationship": "Outer",
                                                          "Parallel Aware": true,
                                                          "Async Capable": false,
                                                          "Join Type": "Inner",
                                                          "Startup Cost": 2049.75,
                                                          "Total Cost": 458253.04,
                                                          "Plan Rows": 2287,
                                                          "Plan Width": 14,
                                                          "Inner Unique": false,
                                                          "Hash Cond": "(catalog_sales.cs_sold_date_sk = date_dim_1.d_date_sk)",
                                                          "Plans": [
                                                            {
                                                              "Node Type": "Seq Scan",
                                                              "Parent Relationship": "Outer",
                                                              "Parallel Aware": true,
                                                              "Async Capable": false,
                                                              "Relation Name": "catalog_sales",
                                                              "Alias": "catalog_sales",
                                                              "Startup Cost": 0.0,
                                                              "Total Cost": 433688.25,
                                                              "Plan Rows": 6000525,
                                                              "Plan Width": 18,
                                                              "parent": 32,
                                                              "ID": 33
                                                            },
                                                            {
                                                              "Node Type": "Hash",
                                                              "Parent Relationship": "Inner",
                                                              "Parallel Aware": true,
                                                              "Async Capable": false,
                                                              "Startup Cost": 2049.55,
                                                              "Total Cost": 2049.55,
                                                              "Plan Rows": 16,
                                                              "Plan Width": 4,
                                                              "Plans": [
                                                                {
                                                                  "Node Type": "Seq Scan",
                                                                  "Parent Relationship": "Outer",
                                                                  "Parallel Aware": true,
                                                                  "Async Capable": false,
                                                                  "Relation Name": "date_dim",
                                                                  "Alias": "date_dim_1",
                                                                  "Startup Cost": 0.0,
                                                                  "Total Cost": 2049.55,
                                                                  "Plan Rows": 16,
                                                                  "Plan Width": 4,
                                                                  "Filter": "((d_year = 1999) AND (d_moy = 2))",
                                                                  "parent": 34,
                                                                  "ID": 35
                                                                }
                                                              ],
                                                              "parent": 32,
                                                              "ID": 34,
                                                              "left": 35
                                                            }
                                                          ],
                                                          "parent": 31,
                                                          "ID": 32,
                                                          "left": 33,
                                                          "right": 34
                                                        }
                                                      ],
                                                      "parent": 29,
                                                      "ID": 31,
                                                      "left": 32
                                                    }
                                                  ],
                                                  "parent": 28,
                                                  "ID": 29,
                                                  "left": 30,
                                                  "right": 31
                                                }
                                              ],
                                              "parent": 26,
                                              "ID": 28,
                                              "left": 29
                                            }
                                          ],
                                          "parent": 25,
                                          "ID": 26,
                                          "left": 27,
                                          "right": 28
                                        }
                                      ],
                                      "parent": 24,
                                      "ID": 25,
                                      "left": 26
                                    },
                                    {
                                      "Node Type": "Sort",
                                      "Parent Relationship": "Inner",
                                      "Parallel Aware": false,
                                      "Async Capable": false,
                                      "Startup Cost": 8566.85,
                                      "Total Cost": 8575.39,
                                      "Plan Rows": 3414,
                                      "Plan Width": 17,
                                      "Sort Key": [
                                        "item_3.i_item_id"
                                      ],
                                      "Plans": [
                                        {
                                          "Node Type": "Seq Scan",
                                          "Parent Relationship": "Outer",
                                          "Parallel Aware": false,
                                          "Async Capable": false,
                                          "Relation Name": "item",
                                          "Alias": "item_3",
                                          "Startup Cost": 0.0,
                                          "Total Cost": 8366.5,
                                          "Plan Rows": 3414,
                                          "Plan Width": 17,
                                          "Filter": "(i_color = ANY ('{frosted,red,olive}'::bpchar[]))",
                                          "parent": 36,
                                          "ID": 37
                                        }
                                      ],
                                      "parent": 24,
                                      "ID": 36,
                                      "left": 37
                                    }
                                  ],
                                  "parent": 23,
                                  "ID": 24,
                                  "left": 25,
                                  "right": 36
                                }
                              ],
                              "parent": 22,
                              "ID": 23,
                              "left": 24
                            }
                          ],
                          "parent": 21,
                          "ID": 22,
                          "left": 23
                        }
                      ],
                      "parent": 3,
                      "ID": 21,
                      "left": 22
                    },
                    {
                      "Node Type": "Aggregate",
                      "Strategy": "Sorted",
                      "Partial Mode": "Simple",
                      "Parent Relationship": "Member",
                      "Parallel Aware": false,
                      "Async Capable": false,
                      "Startup Cost": 255195.79,
                      "Total Cost": 255197.31,
                      "Plan Rows": 76,
                      "Plan Width": 49,
                      "Group Key": [
                        "item_4.i_item_id"
                      ],
                      "Plans": [
                        {
                          "Node Type": "Sort",
                          "Parent Relationship": "Outer",
                          "Parallel Aware": false,
                          "Async Capable": false,
                          "Startup Cost": 255195.79,
                          "Total Cost": 255195.98,
                          "Plan Rows": 76,
                          "Plan Width": 23,
                          "Sort Key": [
                            "item_4.i_item_id"
                          ],
                          "Plans": [
                            {
                              "Node Type": "Hash Join",
                              "Parent Relationship": "Outer",
                              "Parallel Aware": false,
                              "Async Capable": false,
                              "Join Type": "Semi",
                              "Startup Cost": 247539.43,
                              "Total Cost": 255193.42,
                              "Plan Rows": 76,
                              "Plan Width": 23,
                              "Inner Unique": false,
                              "Hash Cond": "(item_4.i_item_id = item_5.i_item_id)",
                              "Plans": [
                                {
                                  "Node Type": "Gather",
                                  "Parent Relationship": "Outer",
                                  "Parallel Aware": false,
                                  "Async Capable": false,
                                  "Startup Cost": 239130.25,
                                  "Total Cost": 246780.67,
                                  "Plan Rows": 1003,
                                  "Plan Width": 23,
                                  "Workers Planned": 2,
                                  "Single Copy": false,
                                  "Plans": [
                                    {
                                      "Node Type": "Hash Join",
                                      "Parent Relationship": "Outer",
                                      "Parallel Aware": true,
                                      "Async Capable": false,
                                      "Join Type": "Inner",
                                      "Startup Cost": 238130.25,
                                      "Total Cost": 245680.37,
                                      "Plan Rows": 418,
                                      "Plan Width": 23,
                                      "Inner Unique": false,
                                      "Hash Cond": "(item_4.i_item_sk = web_sales.ws_item_sk)",
                                      "Plans": [
                                        {
                                          "Node Type": "Seq Scan",
                                          "Parent Relationship": "Outer",
                                          "Parallel Aware": true,
                                          "Async Capable": false,
                                          "Relation Name": "item",
                                          "Alias": "item_4",
                                          "Startup Cost": 0.0,
                                          "Total Cost": 7389.0,
                                          "Plan Rows": 42500,
                                          "Plan Width": 21,
                                          "parent": 42,
                                          "ID": 43
                                        },
                                        {
                                          "Node Type": "Hash",
                                          "Parent Relationship": "Inner",
                                          "Parallel Aware": true,
                                          "Async Capable": false,
                                          "Startup Cost": 238125.03,
                                          "Total Cost": 238125.03,
                                          "Plan Rows": 418,
                                          "Plan Width": 10,
                                          "Plans": [
                                            {
                                              "Node Type": "Hash Join",
                                              "Parent Relationship": "Outer",
                                              "Parallel Aware": true,
                                              "Async Capable": false,
                                              "Join Type": "Inner",
                                              "Startup Cost": 231054.74,
                                              "Total Cost": 238125.03,
                                              "Plan Rows": 418,
                                              "Plan Width": 10,
                                              "Inner Unique": false,
                                              "Hash Cond": "(customer_address_2.ca_address_sk = web_sales.ws_bill_addr_sk)",
                                              "Plans": [
                                                {
                                                  "Node Type": "Seq Scan",
                                                  "Parent Relationship": "Outer",
                                                  "Parallel Aware": true,
                                                  "Async Capable": false,
                                                  "Relation Name": "customer_address",
                                                  "Alias": "customer_address_2",
                                                  "Startup Cost": 0.0,
                                                  "Total Cost": 6737.08,
                                                  "Plan Rows": 37882,
                                                  "Plan Width": 4,
                                                  "Filter": "(ca_gmt_offset = '-5'::numeric)",
                                                  "parent": 45,
                                                  "ID": 46
                                                },
                                                {
                                                  "Node Type": "Hash",
                                                  "Parent Relationship": "Inner",
                                                  "Parallel Aware": true,
                                                  "Async Capable": false,
                                                  "Startup Cost": 231040.38,
                                                  "Total Cost": 231040.38,
                                                  "Plan Rows": 1149,
                                                  "Plan Width": 14,
                                                  "Plans": [
                                                    {
                                                      "Node Type": "Hash Join",
                                                      "Parent Relationship": "Outer",
                                                      "Parallel Aware": true,
                                                      "Async Capable": false,
                                                      "Join Type": "Inner",
                                                      "Startup Cost": 2049.75,
                                                      "Total Cost": 231040.38,
                                                      "Plan Rows": 1149,
                                                      "Plan Width": 14,
                                                      "Inner Unique": false,
                                                      "Hash Cond": "(web_sales.ws_sold_date_sk = date_dim_2.d_date_sk)",
                                                      "Plans": [
                                                        {
                                                          "Node Type": "Seq Scan",
                                                          "Parent Relationship": "Outer",
                                                          "Parallel Aware": true,
                                                          "Async Capable": false,
                                                          "Relation Name": "web_sales",
                                                          "Alias": "web_sales",
                                                          "Startup Cost": 0.0,
                                                          "Total Cost": 217737.86,
                                                          "Plan Rows": 2998986,
                                                          "Plan Width": 18,
                                                          "parent": 48,
                                                          "ID": 49
                                                        },
                                                        {
                                                          "Node Type": "Hash",
                                                          "Parent Relationship": "Inner",
                                                          "Parallel Aware": true,
                                                          "Async Capable": false,
                                                          "Startup Cost": 2049.55,
                                                          "Total Cost": 2049.55,
                                                          "Plan Rows": 16,
                                                          "Plan Width": 4,
                                                          "Plans": [
                                                            {
                                                              "Node Type": "Seq Scan",
                                                              "Parent Relationship": "Outer",
                                                              "Parallel Aware": true,
                                                              "Async Capable": false,
                                                              "Relation Name": "date_dim",
                                                              "Alias": "date_dim_2",
                                                              "Startup Cost": 0.0,
                                                              "Total Cost": 2049.55,
                                                              "Plan Rows": 16,
                                                              "Plan Width": 4,
                                                              "Filter": "((d_year = 1999) AND (d_moy = 2))",
                                                              "parent": 50,
                                                              "ID": 51
                                                            }
                                                          ],
                                                          "parent": 48,
                                                          "ID": 50,
                                                          "left": 51
                                                        }
                                                      ],
                                                      "parent": 47,
                                                      "ID": 48,
                                                      "left": 49,
                                                      "right": 50
                                                    }
                                                  ],
                                                  "parent": 45,
                                                  "ID": 47,
                                                  "left": 48
                                                }
                                              ],
                                              "parent": 44,
                                              "ID": 45,
                                              "left": 46,
                                              "right": 47
                                            }
                                          ],
                                          "parent": 42,
                                          "ID": 44,
                                          "left": 45
                                        }
                                      ],
                                      "parent": 41,
                                      "ID": 42,
                                      "left": 43,
                                      "right": 44
                                    }
                                  ],
                                  "parent": 40,
                                  "ID": 41,
                                  "left": 42
                                },
                                {
                                  "Node Type": "Hash",
                                  "Parent Relationship": "Inner",
                                  "Parallel Aware": false,
                                  "Async Capable": false,
                                  "Startup Cost": 8366.5,
                                  "Total Cost": 8366.5,
                                  "Plan Rows": 3414,
                                  "Plan Width": 17,
                                  "Plans": [
                                    {
                                      "Node Type": "Seq Scan",
                                      "Parent Relationship": "Outer",
                                      "Parallel Aware": false,
                                      "Async Capable": false,
                                      "Relation Name": "item",
                                      "Alias": "item_5",
                                      "Startup Cost": 0.0,
                                      "Total Cost": 8366.5,
                                      "Plan Rows": 3414,
                                      "Plan Width": 17,
                                      "Filter": "(i_color = ANY ('{frosted,red,olive}'::bpchar[]))",
                                      "parent": 52,
                                      "ID": 53
                                    }
                                  ],
                                  "parent": 40,
                                  "ID": 52,
                                  "left": 53
                                }
                              ],
                              "parent": 39,
                              "ID": 40,
                              "left": 41,
                              "right": 52
                            }
                          ],
                          "parent": 38,
                          "ID": 39,
                          "left": 40
                        }
                      ],
                      "parent": 3,
                      "ID": 38,
                      "left": 39
                    }
                  ],
                  "parent": 2,
                  "ID": 3,
                  "left": 4,
                  "right": 21
                }
              ],
              "parent": 1,
              "ID": 2,
              "left": 3
            }
          ],
          "parent": 0,
          "ID": 1,
          "left": 2
        }
      ],
      "parent": null,
      "ID": 0,
      "left": 1
    },
    "feat": {
      "utility": 0.005757905551063657,
      "query_shape": [
        [
          "Seq Scan",
          "Hash Join",
          "Sort",
          "Merge Join",
          "Aggregate",
          "Gather Merge",
          "Merge Append"
        ],
        [
          "Seq Scan",
          "Hash Join",
          "Hash",
          "Sort",
          "Merge Join",
          "Aggregate",
          "Gather Merge",
          "Merge Append"
        ],
        [
          "Seq Scan",
          "Hash Join",
          "Hash",
          "Sort",
          "Merge Join",
          "Aggregate",
          "Gather Merge",
          "Merge Append"
        ],
        [
          "Seq Scan",
          "Hash",
          "Hash Join",
          "Sort",
          "Merge Join",
          "Aggregate",
          "Gather Merge",
          "Merge Append"
        ],
        [
          "Seq Scan",
          "Sort",
          "Merge Join",
          "Aggregate",
          "Gather Merge",
          "Merge Append"
        ],
        [
          "Seq Scan",
          "Hash Join",
          "Sort",
          "Merge Join",
          "Aggregate",
          "Gather Merge",
          "Merge Append"
        ],
        [
          "Seq Scan",
          "Hash Join",
          "Hash",
          "Sort",
          "Merge Join",
          "Aggregate",
          "Gather Merge",
          "Merge Append"
        ],
        [
          "Seq Scan",
          "Hash Join",
          "Hash",
          "Sort",
          "Merge Join",
          "Aggregate",
          "Gather Merge",
          "Merge Append"
        ],
        [
          "Seq Scan",
          "Hash",
          "Hash Join",
          "Sort",
          "Merge Join",
          "Aggregate",
          "Gather Merge",
          "Merge Append"
        ],
        [
          "Seq Scan",
          "Sort",
          "Merge Join",
          "Aggregate",
          "Gather Merge",
          "Merge Append"
        ],
        [
          "Seq Scan",
          "Hash Join",
          "Gather",
          "Sort",
          "Aggregate",
          "Merge Append"
        ],
        [
          "Seq Scan",
          "Hash Join",
          "Hash",
          "Gather",
          "Sort",
          "Aggregate",
          "Merge Append"
        ],
        [
          "Seq Scan",
          "Hash Join",
          "Hash",
          "Gather",
          "Sort",
          "Aggregate",
          "Merge Append"
        ],
        [
          "Seq Scan",
          "Hash",
          "Hash Join",
          "Gather",
          "Sort",
          "Aggregate",
          "Merge Append"
        ],
        [
          "Seq Scan",
          "Hash",
          "Hash Join",
          "Sort",
          "Aggregate",
          "Merge Append"
        ]
      ],
      "index_shape": [
        "join"
      ],
      "physical_operator": {
        "Hash Join": [
          0.00485071250072666
        ]
      }
    }
  },
  {
    "query": "with ss as (\n select i_item_id,sum(ss_ext_sales_price) total_sales\n from\n \tstore_sales,\n \tdate_dim,\n         customer_address,\n         item\n where i_item_id in (select\n     i_item_id\nfrom item\nwhere i_color in ('frosted','red','olive'))\n and     ss_item_sk              = i_item_sk\n and     ss_sold_date_sk         = d_date_sk\n and     d_year                  = 1999\n and     d_moy                   = 2\n and     ss_addr_sk              = ca_address_sk\n and     ca_gmt_offset           = -5 \n group by i_item_id),\n cs as (\n select i_item_id,sum(cs_ext_sales_price) total_sales\n from\n \tcatalog_sales,\n \tdate_dim,\n         customer_address,\n         item\n where\n         i_item_id               in (select\n  i_item_id\nfrom item\nwhere i_color in ('frosted','red','olive'))\n and     cs_item_sk              = i_item_sk\n and     cs_sold_date_sk         = d_date_sk\n and     d_year                  = 1999\n and     d_moy                   = 2\n and     cs_bill_addr_sk         = ca_address_sk\n and     ca_gmt_offset           = -5 \n group by i_item_id),\n ws as (\n select i_item_id,sum(ws_ext_sales_price) total_sales\n from\n \tweb_sales,\n \tdate_dim,\n         customer_address,\n         item\n where\n         i_item_id               in (select\n  i_item_id\nfrom item\nwhere i_color in ('frosted','red','olive'))\n and     ws_item_sk              = i_item_sk\n and     ws_sold_date_sk         = d_date_sk\n and     d_year                  = 1999\n and     d_moy                   = 2\n and     ws_bill_addr_sk         = ca_address_sk\n and     ca_gmt_offset           = -5\n group by i_item_id)\n  select  i_item_id ,sum(total_sales) total_sales\n from  (select * from ss \n        union all\n        select * from cs \n        union all\n        select * from ws) tmp1\n group by i_item_id\n order by total_sales,\n          i_item_id\n limit 100;\n\n-- end query 40 in stream 3 using template query56.tpl\n",
    "indexes": "store_sales.ss_addr_sk",
    "wo plan est": {
      "Node Type": "Limit",
      "Parallel Aware": false,
      "Async Capable": false,
      "Startup Cost": 1445997.16,
      "Total Cost": 1445997.41,
      "Plan Rows": 100,
      "Plan Width": 49,
      "Plans": [
        {
          "Node Type": "Sort",
          "Parent Relationship": "Outer",
          "Parallel Aware": false,
          "Async Capable": false,
          "Startup Cost": 1445997.16,
          "Total Cost": 1445997.66,
          "Plan Rows": 200,
          "Plan Width": 49,
          "Sort Key": [
            "(sum((sum(store_sales.ss_ext_sales_price))))",
            "item.i_item_id"
          ],
          "Plans": [
            {
              "Node Type": "Aggregate",
              "Strategy": "Sorted",
              "Partial Mode": "Simple",
              "Parent Relationship": "Outer",
              "Parallel Aware": false,
              "Async Capable": false,
              "Startup Cost": 1445871.82,
              "Total Cost": 1445989.52,
              "Plan Rows": 200,
              "Plan Width": 49,
              "Group Key": [
                "item.i_item_id"
              ],
              "Plans": [
                {
                  "Node Type": "Merge Append",
                  "Parent Relationship": "Outer",
                  "Parallel Aware": false,
                  "Async Capable": false,
                  "Startup Cost": 1445871.82,
                  "Total Cost": 1445984.5,
                  "Plan Rows": 503,
                  "Plan Width": 49,
                  "Sort Key": [
                    "item.i_item_id"
                  ],
                  "Subplans Removed": 0,
                  "Plans": [
                    {
                      "Node Type": "Aggregate",
                      "Strategy": "Sorted",
                      "Partial Mode": "Finalize",
                      "Parent Relationship": "Member",
                      "Parallel Aware": false,
                      "Async Capable": false,
                      "Startup Cost": 708153.26,
                      "Total Cost": 708212.85,
                      "Plan Rows": 277,
                      "Plan Width": 49,
                      "Group Key": [
                        "item.i_item_id"
                      ],
                      "Plans": [
                        {
                          "Node Type": "Gather Merge",
                          "Parent Relationship": "Outer",
                          "Parallel Aware": false,
                          "Async Capable": false,
                          "Startup Cost": 708153.26,
                          "Total Cost": 708207.66,
                          "Plan Rows": 230,
                          "Plan Width": 49,
                          "Workers Planned": 2,
                          "Plans": [
                            {
                              "Node Type": "Aggregate",
                              "Strategy": "Sorted",
                              "Partial Mode": "Partial",
                              "Parent Relationship": "Outer",
                              "Parallel Aware": false,
                              "Async Capable": false,
                              "Startup Cost": 707153.23,
                              "Total Cost": 707181.09,
                              "Plan Rows": 115,
                              "Plan Width": 49,
                              "Group Key": [
                                "item.i_item_id"
                              ],
                              "Plans": [
                                {
                                  "Node Type": "Merge Join",
                                  "Parent Relationship": "Outer",
                                  "Parallel Aware": false,
                                  "Async Capable": false,
                                  "Join Type": "Semi",
                                  "Startup Cost": 707153.23,
                                  "Total Cost": 707179.08,
                                  "Plan Rows": 115,
                                  "Plan Width": 23,
                                  "Inner Unique": false,
                                  "Merge Cond": "(item.i_item_id = item_1.i_item_id)",
                                  "Plans": [
                                    {
                                      "Node Type": "Sort",
                                      "Parent Relationship": "Outer",
                                      "Parallel Aware": false,
                                      "Async Capable": false,
                                      "Startup Cost": 698586.38,
                                      "Total Cost": 698590.19,
                                      "Plan Rows": 1525,
                                      "Plan Width": 23,
                                      "Sort Key": [
                                        "item.i_item_id"
                                      ],
                                      "Plans": [
                                        {
                                          "Node Type": "Hash Join",
                                          "Parent Relationship": "Outer",
                                          "Parallel Aware": true,
                                          "Async Capable": false,
                                          "Join Type": "Inner",
                                          "Startup Cost": 690951.02,
                                          "Total Cost": 698505.75,
                                          "Plan Rows": 1525,
                                          "Plan Width": 23,
                                          "Inner Unique": false,
                                          "Hash Cond": "(item.i_item_sk = store_sales.ss_item_sk)",
                                          "Plans": [
                                            {
                                              "Node Type": "Seq Scan",
                                              "Parent Relationship": "Outer",
                                              "Parallel Aware": true,
                                              "Async Capable": false,
                                              "Relation Name": "item",
                                              "Alias": "item",
                                              "Startup Cost": 0.0,
                                              "Total Cost": 7389.0,
                                              "Plan Rows": 42500,
                                              "Plan Width": 21,
                                              "parent": 9,
                                              "ID": 10
                                            },
                                            {
                                              "Node Type": "Hash",
                                              "Parent Relationship": "Inner",
                                              "Parallel Aware": true,
                                              "Async Capable": false,
                                              "Startup Cost": 690931.96,
                                              "Total Cost": 690931.96,
                                              "Plan Rows": 1525,
                                              "Plan Width": 10,
                                              "Plans": [
                                                {
                                                  "Node Type": "Hash Join",
                                                  "Parent Relationship": "Outer",
                                                  "Parallel Aware": true,
                                                  "Async Capable": false,
                                                  "Join Type": "Inner",
                                                  "Startup Cost": 684046.46,
                                                  "Total Cost": 690931.96,
                                                  "Plan Rows": 1525,
                                                  "Plan Width": 10,
                                                  "Inner Unique": false,
                                                  "Hash Cond": "(customer_address.ca_address_sk = store_sales.ss_addr_sk)",
                                                  "Plans": [
                                                    {
                                                      "Node Type": "Seq Scan",
                                                      "Parent Relationship": "Outer",
                                                      "Parallel Aware": true,
                                                      "Async Capable": false,
                                                      "Relation Name": "customer_address",
                                                      "Alias": "customer_address",
                                                      "Startup Cost": 0.0,
                                                      "Total Cost": 6737.08,
                                                      "Plan Rows": 37882,
                                                      "Plan Width": 4,
                                                      "Filter": "(ca_gmt_offset = '-5'::numeric)",
                                                      "parent": 12,
                                                      "ID": 13
                                                    },
                                                    {
                                                      "Node Type": "Hash",
                                                      "Parent Relationship": "Inner",
                                                      "Parallel Aware": true,
                                                      "Async Capable": false,
                                                      "Startup Cost": 683991.59,
                                                      "Total Cost": 683991.59,
                                                      "Plan Rows": 4390,
                                                      "Plan Width": 14,
                                                      "Plans": [
                                                        {
                                                          "Node Type": "Hash Join",
                                                          "Parent Relationship": "Outer",
                                                          "Parallel Aware": true,
                                                          "Async Capable": false,
                                                          "Join Type": "Inner",
                                                          "Startup Cost": 2049.75,
                                                          "Total Cost": 683991.59,
                                                          "Plan Rows": 4390,
                                                          "Plan Width": 14,
                                                          "Inner Unique": false,
                                                          "Hash Cond": "(store_sales.ss_sold_date_sk = date_dim.d_date_sk)",
                                                          "Plans": [
                                                            {
                                                              "Node Type": "Seq Scan",
                                                              "Parent Relationship": "Outer",
                                                              "Parallel Aware": true,
                                                              "Async Capable": false,
                                                              "Relation Name": "store_sales",
                                                              "Alias": "store_sales",
                                                              "Startup Cost": 0.0,
                                                              "Total Cost": 636914.37,
                                                              "Plan Rows": 12000637,
                                                              "Plan Width": 18,
                                                              "parent": 15,
                                                              "ID": 16
                                                            },
                                                            {
                                                              "Node Type": "Hash",
                                                              "Parent Relationship": "Inner",
                                                              "Parallel Aware": true,
                                                              "Async Capable": false,
                                                              "Startup Cost": 2049.55,
                                                              "Total Cost": 2049.55,
                                                              "Plan Rows": 16,
                                                              "Plan Width": 4,
                                                              "Plans": [
                                                                {
                                                                  "Node Type": "Seq Scan",
                                                                  "Parent Relationship": "Outer",
                                                                  "Parallel Aware": true,
                                                                  "Async Capable": false,
                                                                  "Relation Name": "date_dim",
                                                                  "Alias": "date_dim",
                                                                  "Startup Cost": 0.0,
                                                                  "Total Cost": 2049.55,
                                                                  "Plan Rows": 16,
                                                                  "Plan Width": 4,
                                                                  "Filter": "((d_year = 1999) AND (d_moy = 2))",
                                                                  "parent": 17,
                                                                  "ID": 18
                                                                }
                                                              ],
                                                              "parent": 15,
                                                              "ID": 17,
                                                              "left": 18
                                                            }
                                                          ],
                                                          "parent": 14,
                                                          "ID": 15,
                                                          "left": 16,
                                                          "right": 17
                                                        }
                                                      ],
                                                      "parent": 12,
                                                      "ID": 14,
                                                      "left": 15
                                                    }
                                                  ],
                                                  "parent": 11,
                                                  "ID": 12,
                                                  "left": 13,
                                                  "right": 14
                                                }
                                              ],
                                              "parent": 9,
                                              "ID": 11,
                                              "left": 12
                                            }
                                          ],
                                          "parent": 8,
                                          "ID": 9,
                                          "left": 10,
                                          "right": 11
                                        }
                                      ],
                                      "parent": 7,
                                      "ID": 8,
                                      "left": 9
                                    },
                                    {
                                      "Node Type": "Sort",
                                      "Parent Relationship": "Inner",
                                      "Parallel Aware": false,
                                      "Async Capable": false,
                                      "Startup Cost": 8566.85,
                                      "Total Cost": 8575.39,
                                      "Plan Rows": 3414,
                                      "Plan Width": 17,
                                      "Sort Key": [
                                        "item_1.i_item_id"
                                      ],
                                      "Plans": [
                                        {
                                          "Node Type": "Seq Scan",
                                          "Parent Relationship": "Outer",
                                          "Parallel Aware": false,
                                          "Async Capable": false,
                                          "Relation Name": "item",
                                          "Alias": "item_1",
                                          "Startup Cost": 0.0,
                                          "Total Cost": 8366.5,
                                          "Plan Rows": 3414,
                                          "Plan Width": 17,
                                          "Filter": "(i_color = ANY ('{frosted,red,olive}'::bpchar[]))",
                                          "parent": 19,
                                          "ID": 20
                                        }
                                      ],
                                      "parent": 7,
                                      "ID": 19,
                                      "left": 20
                                    }
                                  ],
                                  "parent": 6,
                                  "ID": 7,
                                  "left": 8,
                                  "right": 19
                                }
                              ],
                              "parent": 5,
                              "ID": 6,
                              "left": 7
                            }
                          ],
                          "parent": 4,
                          "ID": 5,
                          "left": 6
                        }
                      ],
                      "parent": 3,
                      "ID": 4,
                      "left": 5
                    },
                    {
                      "Node Type": "Aggregate",
                      "Strategy": "Sorted",
                      "Partial Mode": "Finalize",
                      "Parent Relationship": "Member",
                      "Parallel Aware": false,
                      "Async Capable": false,
                      "Startup Cost": 482522.75,
                      "Total Cost": 482562.79,
                      "Plan Rows": 150,
                      "Plan Width": 49,
                      "Group Key": [
                        "item_2.i_item_id"
                      ],
                      "Plans": [
                        {
                          "Node Type": "Gather Merge",
                          "Parent Relationship": "Outer",
                          "Parallel Aware": false,
                          "Async Capable": false,
                          "Startup Cost": 482522.75,
                          "Total Cost": 482559.98,
                          "Plan Rows": 124,
                          "Plan Width": 49,
                          "Workers Planned": 2,
                          "Plans": [
                            {
                              "Node Type": "Aggregate",
                              "Strategy": "Sorted",
                              "Partial Mode": "Partial",
                              "Parent Relationship": "Outer",
                              "Parallel Aware": false,
                              "Async Capable": false,
                              "Startup Cost": 481522.72,
                              "Total Cost": 481545.64,
                              "Plan Rows": 62,
                              "Plan Width": 49,
                              "Group Key": [
                                "item_2.i_item_id"
                              ],
                              "Plans": [
                                {
                                  "Node Type": "Merge Join",
                                  "Parent Relationship": "Outer",
                                  "Parallel Aware": false,
                                  "Async Capable": false,
                                  "Join Type": "Semi",
                                  "Startup Cost": 481522.72,
                                  "Total Cost": 481544.56,
                                  "Plan Rows": 62,
                                  "Plan Width": 23,
                                  "Inner Unique": false,
                                  "Merge Cond": "(item_2.i_item_id = item_3.i_item_id)",
                                  "Plans": [
                                    {
                                      "Node Type": "Sort",
                                      "Parent Relationship": "Outer",
                                      "Parallel Aware": false,
                                      "Async Capable": false,
                                      "Startup Cost": 472955.87,
                                      "Total Cost": 472957.94,
                                      "Plan Rows": 827,
                                      "Plan Width": 23,
                                      "Sort Key": [
                                        "item_2.i_item_id"
                                      ],
                                      "Plans": [
                                        {
                                          "Node Type": "Hash Join",
                                          "Parent Relationship": "Outer",
                                          "Parallel Aware": true,
                                          "Async Capable": false,
                                          "Join Type": "Inner",
                                          "Startup Cost": 465363.97,
                                          "Total Cost": 472915.79,
                                          "Plan Rows": 827,
                                          "Plan Width": 23,
                                          "Inner Unique": false,
                                          "Hash Cond": "(item_2.i_item_sk = catalog_sales.cs_item_sk)",
                                          "Plans": [
                                            {
                                              "Node Type": "Seq Scan",
                                              "Parent Relationship": "Outer",
                                              "Parallel Aware": true,
                                              "Async Capable": false,
                                              "Relation Name": "item",
                                              "Alias": "item_2",
                                              "Startup Cost": 0.0,
                                              "Total Cost": 7389.0,
                                              "Plan Rows": 42500,
                                              "Plan Width": 21,
                                              "parent": 26,
                                              "ID": 27
                                            },
                                            {
                                              "Node Type": "Hash",
                                              "Parent Relationship": "Inner",
                                              "Parallel Aware": true,
                                              "Async Capable": false,
                                              "Startup Cost": 465353.63,
                                              "Total Cost": 465353.63,
                                              "Plan Rows": 827,
                                              "Plan Width": 10,
                                              "Plans": [
                                                {
                                                  "Node Type": "Hash Join",
                                                  "Parent Relationship": "Outer",
                                                  "Parallel Aware": true,
                                                  "Async Capable": false,
                                                  "Join Type": "Inner",
                                                  "Startup Cost": 458281.63,
                                                  "Total Cost": 465353.63,
                                                  "Plan Rows": 827,
                                                  "Plan Width": 10,
                                                  "Inner Unique": false,
                                                  "Hash Cond": "(customer_address_1.ca_address_sk = catalog_sales.cs_bill_addr_sk)",
                                                  "Plans": [
                                                    {
                                                      "Node Type": "Seq Scan",
                                                      "Parent Relationship": "Outer",
                                                      "Parallel Aware": true,
                                                      "Async Capable": false,
                                                      "Relation Name": "customer_address",
                                                      "Alias": "customer_address_1",
                                                      "Startup Cost": 0.0,
                                                      "Total Cost": 6737.08,
                                                      "Plan Rows": 37882,
                                                      "Plan Width": 4,
                                                      "Filter": "(ca_gmt_offset = '-5'::numeric)",
                                                      "parent": 29,
                                                      "ID": 30
                                                    },
                                                    {
                                                      "Node Type": "Hash",
                                                      "Parent Relationship": "Inner",
                                                      "Parallel Aware": true,
                                                      "Async Capable": false,
                                                      "Startup Cost": 458253.04,
                                                      "Total Cost": 458253.04,
                                                      "Plan Rows": 2287,
                                                      "Plan Width": 14,
                                                      "Plans": [
                                                        {
                                                          "Node Type": "Hash Join",
                                                          "Parent Relationship": "Outer",
                                                          "Parallel Aware": true,
                                                          "Async Capable": false,
                                                          "Join Type": "Inner",
                                                          "Startup Cost": 2049.75,
                                                          "Total Cost": 458253.04,
                                                          "Plan Rows": 2287,
                                                          "Plan Width": 14,
                                                          "Inner Unique": false,
                                                          "Hash Cond": "(catalog_sales.cs_sold_date_sk = date_dim_1.d_date_sk)",
                                                          "Plans": [
                                                            {
                                                              "Node Type": "Seq Scan",
                                                              "Parent Relationship": "Outer",
                                                              "Parallel Aware": true,
                                                              "Async Capable": false,
                                                              "Relation Name": "catalog_sales",
                                                              "Alias": "catalog_sales",
                                                              "Startup Cost": 0.0,
                                                              "Total Cost": 433688.25,
                                                              "Plan Rows": 6000525,
                                                              "Plan Width": 18,
                                                              "parent": 32,
                                                              "ID": 33
                                                            },
                                                            {
                                                              "Node Type": "Hash",
                                                              "Parent Relationship": "Inner",
                                                              "Parallel Aware": true,
                                                              "Async Capable": false,
                                                              "Startup Cost": 2049.55,
                                                              "Total Cost": 2049.55,
                                                              "Plan Rows": 16,
                                                              "Plan Width": 4,
                                                              "Plans": [
                                                                {
                                                                  "Node Type": "Seq Scan",
                                                                  "Parent Relationship": "Outer",
                                                                  "Parallel Aware": true,
                                                                  "Async Capable": false,
                                                                  "Relation Name": "date_dim",
                                                                  "Alias": "date_dim_1",
                                                                  "Startup Cost": 0.0,
                                                                  "Total Cost": 2049.55,
                                                                  "Plan Rows": 16,
                                                                  "Plan Width": 4,
                                                                  "Filter": "((d_year = 1999) AND (d_moy = 2))",
                                                                  "parent": 34,
                                                                  "ID": 35
                                                                }
                                                              ],
                                                              "parent": 32,
                                                              "ID": 34,
                                                              "left": 35
                                                            }
                                                          ],
                                                          "parent": 31,
                                                          "ID": 32,
                                                          "left": 33,
                                                          "right": 34
                                                        }
                                                      ],
                                                      "parent": 29,
                                                      "ID": 31,
                                                      "left": 32
                                                    }
                                                  ],
                                                  "parent": 28,
                                                  "ID": 29,
                                                  "left": 30,
                                                  "right": 31
                                                }
                                              ],
                                              "parent": 26,
                                              "ID": 28,
                                              "left": 29
                                            }
                                          ],
                                          "parent": 25,
                                          "ID": 26,
                                          "left": 27,
                                          "right": 28
                                        }
                                      ],
                                      "parent": 24,
                                      "ID": 25,
                                      "left": 26
                                    },
                                    {
                                      "Node Type": "Sort",
                                      "Parent Relationship": "Inner",
                                      "Parallel Aware": false,
                                      "Async Capable": false,
                                      "Startup Cost": 8566.85,
                                      "Total Cost": 8575.39,
                                      "Plan Rows": 3414,
                                      "Plan Width": 17,
                                      "Sort Key": [
                                        "item_3.i_item_id"
                                      ],
                                      "Plans": [
                                        {
                                          "Node Type": "Seq Scan",
                                          "Parent Relationship": "Outer",
                                          "Parallel Aware": false,
                                          "Async Capable": false,
                                          "Relation Name": "item",
                                          "Alias": "item_3",
                                          "Startup Cost": 0.0,
                                          "Total Cost": 8366.5,
                                          "Plan Rows": 3414,
                                          "Plan Width": 17,
                                          "Filter": "(i_color = ANY ('{frosted,red,olive}'::bpchar[]))",
                                          "parent": 36,
                                          "ID": 37
                                        }
                                      ],
                                      "parent": 24,
                                      "ID": 36,
                                      "left": 37
                                    }
                                  ],
                                  "parent": 23,
                                  "ID": 24,
                                  "left": 25,
                                  "right": 36
                                }
                              ],
                              "parent": 22,
                              "ID": 23,
                              "left": 24
                            }
                          ],
                          "parent": 21,
                          "ID": 22,
                          "left": 23
                        }
                      ],
                      "parent": 3,
                      "ID": 21,
                      "left": 22
                    },
                    {
                      "Node Type": "Aggregate",
                      "Strategy": "Sorted",
                      "Partial Mode": "Simple",
                      "Parent Relationship": "Member",
                      "Parallel Aware": false,
                      "Async Capable": false,
                      "Startup Cost": 255195.79,
                      "Total Cost": 255197.31,
                      "Plan Rows": 76,
                      "Plan Width": 49,
                      "Group Key": [
                        "item_4.i_item_id"
                      ],
                      "Plans": [
                        {
                          "Node Type": "Sort",
                          "Parent Relationship": "Outer",
                          "Parallel Aware": false,
                          "Async Capable": false,
                          "Startup Cost": 255195.79,
                          "Total Cost": 255195.98,
                          "Plan Rows": 76,
                          "Plan Width": 23,
                          "Sort Key": [
                            "item_4.i_item_id"
                          ],
                          "Plans": [
                            {
                              "Node Type": "Hash Join",
                              "Parent Relationship": "Outer",
                              "Parallel Aware": false,
                              "Async Capable": false,
                              "Join Type": "Semi",
                              "Startup Cost": 247539.43,
                              "Total Cost": 255193.42,
                              "Plan Rows": 76,
                              "Plan Width": 23,
                              "Inner Unique": false,
                              "Hash Cond": "(item_4.i_item_id = item_5.i_item_id)",
                              "Plans": [
                                {
                                  "Node Type": "Gather",
                                  "Parent Relationship": "Outer",
                                  "Parallel Aware": false,
                                  "Async Capable": false,
                                  "Startup Cost": 239130.25,
                                  "Total Cost": 246780.67,
                                  "Plan Rows": 1003,
                                  "Plan Width": 23,
                                  "Workers Planned": 2,
                                  "Single Copy": false,
                                  "Plans": [
                                    {
                                      "Node Type": "Hash Join",
                                      "Parent Relationship": "Outer",
                                      "Parallel Aware": true,
                                      "Async Capable": false,
                                      "Join Type": "Inner",
                                      "Startup Cost": 238130.25,
                                      "Total Cost": 245680.37,
                                      "Plan Rows": 418,
                                      "Plan Width": 23,
                                      "Inner Unique": false,
                                      "Hash Cond": "(item_4.i_item_sk = web_sales.ws_item_sk)",
                                      "Plans": [
                                        {
                                          "Node Type": "Seq Scan",
                                          "Parent Relationship": "Outer",
                                          "Parallel Aware": true,
                                          "Async Capable": false,
                                          "Relation Name": "item",
                                          "Alias": "item_4",
                                          "Startup Cost": 0.0,
                                          "Total Cost": 7389.0,
                                          "Plan Rows": 42500,
                                          "Plan Width": 21,
                                          "parent": 42,
                                          "ID": 43
                                        },
                                        {
                                          "Node Type": "Hash",
                                          "Parent Relationship": "Inner",
                                          "Parallel Aware": true,
                                          "Async Capable": false,
                                          "Startup Cost": 238125.03,
                                          "Total Cost": 238125.03,
                                          "Plan Rows": 418,
                                          "Plan Width": 10,
                                          "Plans": [
                                            {
                                              "Node Type": "Hash Join",
                                              "Parent Relationship": "Outer",
                                              "Parallel Aware": true,
                                              "Async Capable": false,
                                              "Join Type": "Inner",
                                              "Startup Cost": 231054.74,
                                              "Total Cost": 238125.03,
                                              "Plan Rows": 418,
                                              "Plan Width": 10,
                                              "Inner Unique": false,
                                              "Hash Cond": "(customer_address_2.ca_address_sk = web_sales.ws_bill_addr_sk)",
                                              "Plans": [
                                                {
                                                  "Node Type": "Seq Scan",
                                                  "Parent Relationship": "Outer",
                                                  "Parallel Aware": true,
                                                  "Async Capable": false,
                                                  "Relation Name": "customer_address",
                                                  "Alias": "customer_address_2",
                                                  "Startup Cost": 0.0,
                                                  "Total Cost": 6737.08,
                                                  "Plan Rows": 37882,
                                                  "Plan Width": 4,
                                                  "Filter": "(ca_gmt_offset = '-5'::numeric)",
                                                  "parent": 45,
                                                  "ID": 46
                                                },
                                                {
                                                  "Node Type": "Hash",
                                                  "Parent Relationship": "Inner",
                                                  "Parallel Aware": true,
                                                  "Async Capable": false,
                                                  "Startup Cost": 231040.38,
                                                  "Total Cost": 231040.38,
                                                  "Plan Rows": 1149,
                                                  "Plan Width": 14,
                                                  "Plans": [
                                                    {
                                                      "Node Type": "Hash Join",
                                                      "Parent Relationship": "Outer",
                                                      "Parallel Aware": true,
                                                      "Async Capable": false,
                                                      "Join Type": "Inner",
                                                      "Startup Cost": 2049.75,
                                                      "Total Cost": 231040.38,
                                                      "Plan Rows": 1149,
                                                      "Plan Width": 14,
                                                      "Inner Unique": false,
                                                      "Hash Cond": "(web_sales.ws_sold_date_sk = date_dim_2.d_date_sk)",
                                                      "Plans": [
                                                        {
                                                          "Node Type": "Seq Scan",
                                                          "Parent Relationship": "Outer",
                                                          "Parallel Aware": true,
                                                          "Async Capable": false,
                                                          "Relation Name": "web_sales",
                                                          "Alias": "web_sales",
                                                          "Startup Cost": 0.0,
                                                          "Total Cost": 217737.86,
                                                          "Plan Rows": 2998986,
                                                          "Plan Width": 18,
                                                          "parent": 48,
                                                          "ID": 49
                                                        },
                                                        {
                                                          "Node Type": "Hash",
                                                          "Parent Relationship": "Inner",
                                                          "Parallel Aware": true,
                                                          "Async Capable": false,
                                                          "Startup Cost": 2049.55,
                                                          "Total Cost": 2049.55,
                                                          "Plan Rows": 16,
                                                          "Plan Width": 4,
                                                          "Plans": [
                                                            {
                                                              "Node Type": "Seq Scan",
                                                              "Parent Relationship": "Outer",
                                                              "Parallel Aware": true,
                                                              "Async Capable": false,
                                                              "Relation Name": "date_dim",
                                                              "Alias": "date_dim_2",
                                                              "Startup Cost": 0.0,
                                                              "Total Cost": 2049.55,
                                                              "Plan Rows": 16,
                                                              "Plan Width": 4,
                                                              "Filter": "((d_year = 1999) AND (d_moy = 2))",
                                                              "parent": 50,
                                                              "ID": 51
                                                            }
                                                          ],
                                                          "parent": 48,
                                                          "ID": 50,
                                                          "left": 51
                                                        }
                                                      ],
                                                      "parent": 47,
                                                      "ID": 48,
                                                      "left": 49,
                                                      "right": 50
                                                    }
                                                  ],
                                                  "parent": 45,
                                                  "ID": 47,
                                                  "left": 48
                                                }
                                              ],
                                              "parent": 44,
                                              "ID": 45,
                                              "left": 46,
                                              "right": 47
                                            }
                                          ],
                                          "parent": 42,
                                          "ID": 44,
                                          "left": 45
                                        }
                                      ],
                                      "parent": 41,
                                      "ID": 42,
                                      "left": 43,
                                      "right": 44
                                    }
                                  ],
                                  "parent": 40,
                                  "ID": 41,
                                  "left": 42
                                },
                                {
                                  "Node Type": "Hash",
                                  "Parent Relationship": "Inner",
                                  "Parallel Aware": false,
                                  "Async Capable": false,
                                  "Startup Cost": 8366.5,
                                  "Total Cost": 8366.5,
                                  "Plan Rows": 3414,
                                  "Plan Width": 17,
                                  "Plans": [
                                    {
                                      "Node Type": "Seq Scan",
                                      "Parent Relationship": "Outer",
                                      "Parallel Aware": false,
                                      "Async Capable": false,
                                      "Relation Name": "item",
                                      "Alias": "item_5",
                                      "Startup Cost": 0.0,
                                      "Total Cost": 8366.5,
                                      "Plan Rows": 3414,
                                      "Plan Width": 17,
                                      "Filter": "(i_color = ANY ('{frosted,red,olive}'::bpchar[]))",
                                      "parent": 52,
                                      "ID": 53
                                    }
                                  ],
                                  "parent": 40,
                                  "ID": 52,
                                  "left": 53
                                }
                              ],
                              "parent": 39,
                              "ID": 40,
                              "left": 41,
                              "right": 52
                            }
                          ],
                          "parent": 38,
                          "ID": 39,
                          "left": 40
                        }
                      ],
                      "parent": 3,
                      "ID": 38,
                      "left": 39
                    }
                  ],
                  "parent": 2,
                  "ID": 3,
                  "left": 4,
                  "right": 21
                }
              ],
              "parent": 1,
              "ID": 2,
              "left": 3
            }
          ],
          "parent": 0,
          "ID": 1,
          "left": 2
        }
      ],
      "parent": null,
      "ID": 0,
      "left": 1
    },
    "feat": {
      "utility": 0.005768450489860154,
      "query_shape": [
        [
          "Seq Scan",
          "Hash Join",
          "Sort",
          "Merge Join",
          "Aggregate",
          "Gather Merge",
          "Merge Append"
        ],
        [
          "Seq Scan",
          "Hash Join",
          "Hash",
          "Sort",
          "Merge Join",
          "Aggregate",
          "Gather Merge",
          "Merge Append"
        ],
        [
          "Seq Scan",
          "Hash Join",
          "Hash",
          "Sort",
          "Merge Join",
          "Aggregate",
          "Gather Merge",
          "Merge Append"
        ],
        [
          "Seq Scan",
          "Hash",
          "Hash Join",
          "Sort",
          "Merge Join",
          "Aggregate",
          "Gather Merge",
          "Merge Append"
        ],
        [
          "Seq Scan",
          "Sort",
          "Merge Join",
          "Aggregate",
          "Gather Merge",
          "Merge Append"
        ],
        [
          "Seq Scan",
          "Hash Join",
          "Sort",
          "Merge Join",
          "Aggregate",
          "Gather Merge",
          "Merge Append"
        ],
        [
          "Seq Scan",
          "Hash Join",
          "Hash",
          "Sort",
          "Merge Join",
          "Aggregate",
          "Gather Merge",
          "Merge Append"
        ],
        [
          "Seq Scan",
          "Hash Join",
          "Hash",
          "Sort",
          "Merge Join",
          "Aggregate",
          "Gather Merge",
          "Merge Append"
        ],
        [
          "Seq Scan",
          "Hash",
          "Hash Join",
          "Sort",
          "Merge Join",
          "Aggregate",
          "Gather Merge",
          "Merge Append"
        ],
        [
          "Seq Scan",
          "Sort",
          "Merge Join",
          "Aggregate",
          "Gather Merge",
          "Merge Append"
        ],
        [
          "Seq Scan",
          "Hash Join",
          "Gather",
          "Sort",
          "Aggregate",
          "Merge Append"
        ],
        [
          "Seq Scan",
          "Hash Join",
          "Hash",
          "Gather",
          "Sort",
          "Aggregate",
          "Merge Append"
        ],
        [
          "Seq Scan",
          "Hash Join",
          "Hash",
          "Gather",
          "Sort",
          "Aggregate",
          "Merge Append"
        ],
        [
          "Seq Scan",
          "Hash",
          "Hash Join",
          "Gather",
          "Sort",
          "Aggregate",
          "Merge Append"
        ],
        [
          "Seq Scan",
          "Hash",
          "Hash Join",
          "Sort",
          "Aggregate",
          "Merge Append"
        ]
      ],
      "index_shape": [
        "join"
      ],
      "physical_operator": {
        "Hash Join": [
          0.0030282115519019055
        ]
      }
    }
  },
  {
    "query": "with ss as (\n select i_item_id,sum(ss_ext_sales_price) total_sales\n from\n \tstore_sales,\n \tdate_dim,\n         customer_address,\n         item\n where i_item_id in (select\n     i_item_id\nfrom item\nwhere i_color in ('frosted','red','olive'))\n and     ss_item_sk              = i_item_sk\n and     ss_sold_date_sk         = d_date_sk\n and     d_year                  = 1999\n and     d_moy                   = 2\n and     ss_addr_sk              = ca_address_sk\n and     ca_gmt_offset           = -5 \n group by i_item_id),\n cs as (\n select i_item_id,sum(cs_ext_sales_price) total_sales\n from\n \tcatalog_sales,\n \tdate_dim,\n         customer_address,\n         item\n where\n         i_item_id               in (select\n  i_item_id\nfrom item\nwhere i_color in ('frosted','red','olive'))\n and     cs_item_sk              = i_item_sk\n and     cs_sold_date_sk         = d_date_sk\n and     d_year                  = 1999\n and     d_moy                   = 2\n and     cs_bill_addr_sk         = ca_address_sk\n and     ca_gmt_offset           = -5 \n group by i_item_id),\n ws as (\n select i_item_id,sum(ws_ext_sales_price) total_sales\n from\n \tweb_sales,\n \tdate_dim,\n         customer_address,\n         item\n where\n         i_item_id               in (select\n  i_item_id\nfrom item\nwhere i_color in ('frosted','red','olive'))\n and     ws_item_sk              = i_item_sk\n and     ws_sold_date_sk         = d_date_sk\n and     d_year                  = 1999\n and     d_moy                   = 2\n and     ws_bill_addr_sk         = ca_address_sk\n and     ca_gmt_offset           = -5\n group by i_item_id)\n  select  i_item_id ,sum(total_sales) total_sales\n from  (select * from ss \n        union all\n        select * from cs \n        union all\n        select * from ws) tmp1\n group by i_item_id\n order by total_sales,\n          i_item_id\n limit 100;\n\n-- end query 40 in stream 3 using template query56.tpl\n",
    "indexes": "store_sales.ss_ext_sales_price",
    "wo plan est": {
      "Node Type": "Limit",
      "Parallel Aware": false,
      "Async Capable": false,
      "Startup Cost": 1445997.16,
      "Total Cost": 1445997.41,
      "Plan Rows": 100,
      "Plan Width": 49,
      "Plans": [
        {
          "Node Type": "Sort",
          "Parent Relationship": "Outer",
          "Parallel Aware": false,
          "Async Capable": false,
          "Startup Cost": 1445997.16,
          "Total Cost": 1445997.66,
          "Plan Rows": 200,
          "Plan Width": 49,
          "Sort Key": [
            "(sum((sum(store_sales.ss_ext_sales_price))))",
            "item.i_item_id"
          ],
          "Plans": [
            {
              "Node Type": "Aggregate",
              "Strategy": "Sorted",
              "Partial Mode": "Simple",
              "Parent Relationship": "Outer",
              "Parallel Aware": false,
              "Async Capable": false,
              "Startup Cost": 1445871.82,
              "Total Cost": 1445989.52,
              "Plan Rows": 200,
              "Plan Width": 49,
              "Group Key": [
                "item.i_item_id"
              ],
              "Plans": [
                {
                  "Node Type": "Merge Append",
                  "Parent Relationship": "Outer",
                  "Parallel Aware": false,
                  "Async Capable": false,
                  "Startup Cost": 1445871.82,
                  "Total Cost": 1445984.5,
                  "Plan Rows": 503,
                  "Plan Width": 49,
                  "Sort Key": [
                    "item.i_item_id"
                  ],
                  "Subplans Removed": 0,
                  "Plans": [
                    {
                      "Node Type": "Aggregate",
                      "Strategy": "Sorted",
                      "Partial Mode": "Finalize",
                      "Parent Relationship": "Member",
                      "Parallel Aware": false,
                      "Async Capable": false,
                      "Startup Cost": 708153.26,
                      "Total Cost": 708212.85,
                      "Plan Rows": 277,
                      "Plan Width": 49,
                      "Group Key": [
                        "item.i_item_id"
                      ],
                      "Plans": [
                        {
                          "Node Type": "Gather Merge",
                          "Parent Relationship": "Outer",
                          "Parallel Aware": false,
                          "Async Capable": false,
                          "Startup Cost": 708153.26,
                          "Total Cost": 708207.66,
                          "Plan Rows": 230,
                          "Plan Width": 49,
                          "Workers Planned": 2,
                          "Plans": [
                            {
                              "Node Type": "Aggregate",
                              "Strategy": "Sorted",
                              "Partial Mode": "Partial",
                              "Parent Relationship": "Outer",
                              "Parallel Aware": false,
                              "Async Capable": false,
                              "Startup Cost": 707153.23,
                              "Total Cost": 707181.09,
                              "Plan Rows": 115,
                              "Plan Width": 49,
                              "Group Key": [
                                "item.i_item_id"
                              ],
                              "Plans": [
                                {
                                  "Node Type": "Merge Join",
                                  "Parent Relationship": "Outer",
                                  "Parallel Aware": false,
                                  "Async Capable": false,
                                  "Join Type": "Semi",
                                  "Startup Cost": 707153.23,
                                  "Total Cost": 707179.08,
                                  "Plan Rows": 115,
                                  "Plan Width": 23,
                                  "Inner Unique": false,
                                  "Merge Cond": "(item.i_item_id = item_1.i_item_id)",
                                  "Plans": [
                                    {
                                      "Node Type": "Sort",
                                      "Parent Relationship": "Outer",
                                      "Parallel Aware": false,
                                      "Async Capable": false,
                                      "Startup Cost": 698586.38,
                                      "Total Cost": 698590.19,
                                      "Plan Rows": 1525,
                                      "Plan Width": 23,
                                      "Sort Key": [
                                        "item.i_item_id"
                                      ],
                                      "Plans": [
                                        {
                                          "Node Type": "Hash Join",
                                          "Parent Relationship": "Outer",
                                          "Parallel Aware": true,
                                          "Async Capable": false,
                                          "Join Type": "Inner",
                                          "Startup Cost": 690951.02,
                                          "Total Cost": 698505.75,
                                          "Plan Rows": 1525,
                                          "Plan Width": 23,
                                          "Inner Unique": false,
                                          "Hash Cond": "(item.i_item_sk = store_sales.ss_item_sk)",
                                          "Plans": [
                                            {
                                              "Node Type": "Seq Scan",
                                              "Parent Relationship": "Outer",
                                              "Parallel Aware": true,
                                              "Async Capable": false,
                                              "Relation Name": "item",
                                              "Alias": "item",
                                              "Startup Cost": 0.0,
                                              "Total Cost": 7389.0,
                                              "Plan Rows": 42500,
                                              "Plan Width": 21,
                                              "parent": 9,
                                              "ID": 10
                                            },
                                            {
                                              "Node Type": "Hash",
                                              "Parent Relationship": "Inner",
                                              "Parallel Aware": true,
                                              "Async Capable": false,
                                              "Startup Cost": 690931.96,
                                              "Total Cost": 690931.96,
                                              "Plan Rows": 1525,
                                              "Plan Width": 10,
                                              "Plans": [
                                                {
                                                  "Node Type": "Hash Join",
                                                  "Parent Relationship": "Outer",
                                                  "Parallel Aware": true,
                                                  "Async Capable": false,
                                                  "Join Type": "Inner",
                                                  "Startup Cost": 684046.46,
                                                  "Total Cost": 690931.96,
                                                  "Plan Rows": 1525,
                                                  "Plan Width": 10,
                                                  "Inner Unique": false,
                                                  "Hash Cond": "(customer_address.ca_address_sk = store_sales.ss_addr_sk)",
                                                  "Plans": [
                                                    {
                                                      "Node Type": "Seq Scan",
                                                      "Parent Relationship": "Outer",
                                                      "Parallel Aware": true,
                                                      "Async Capable": false,
                                                      "Relation Name": "customer_address",
                                                      "Alias": "customer_address",
                                                      "Startup Cost": 0.0,
                                                      "Total Cost": 6737.08,
                                                      "Plan Rows": 37882,
                                                      "Plan Width": 4,
                                                      "Filter": "(ca_gmt_offset = '-5'::numeric)",
                                                      "parent": 12,
                                                      "ID": 13
                                                    },
                                                    {
                                                      "Node Type": "Hash",
                                                      "Parent Relationship": "Inner",
                                                      "Parallel Aware": true,
                                                      "Async Capable": false,
                                                      "Startup Cost": 683991.59,
                                                      "Total Cost": 683991.59,
                                                      "Plan Rows": 4390,
                                                      "Plan Width": 14,
                                                      "Plans": [
                                                        {
                                                          "Node Type": "Hash Join",
                                                          "Parent Relationship": "Outer",
                                                          "Parallel Aware": true,
                                                          "Async Capable": false,
                                                          "Join Type": "Inner",
                                                          "Startup Cost": 2049.75,
                                                          "Total Cost": 683991.59,
                                                          "Plan Rows": 4390,
                                                          "Plan Width": 14,
                                                          "Inner Unique": false,
                                                          "Hash Cond": "(store_sales.ss_sold_date_sk = date_dim.d_date_sk)",
                                                          "Plans": [
                                                            {
                                                              "Node Type": "Seq Scan",
                                                              "Parent Relationship": "Outer",
                                                              "Parallel Aware": true,
                                                              "Async Capable": false,
                                                              "Relation Name": "store_sales",
                                                              "Alias": "store_sales",
                                                              "Startup Cost": 0.0,
                                                              "Total Cost": 636914.37,
                                                              "Plan Rows": 12000637,
                                                              "Plan Width": 18,
                                                              "parent": 15,
                                                              "ID": 16
                                                            },
                                                            {
                                                              "Node Type": "Hash",
                                                              "Parent Relationship": "Inner",
                                                              "Parallel Aware": true,
                                                              "Async Capable": false,
                                                              "Startup Cost": 2049.55,
                                                              "Total Cost": 2049.55,
                                                              "Plan Rows": 16,
                                                              "Plan Width": 4,
                                                              "Plans": [
                                                                {
                                                                  "Node Type": "Seq Scan",
                                                                  "Parent Relationship": "Outer",
                                                                  "Parallel Aware": true,
                                                                  "Async Capable": false,
                                                                  "Relation Name": "date_dim",
                                                                  "Alias": "date_dim",
                                                                  "Startup Cost": 0.0,
                                                                  "Total Cost": 2049.55,
                                                                  "Plan Rows": 16,
                                                                  "Plan Width": 4,
                                                                  "Filter": "((d_year = 1999) AND (d_moy = 2))",
                                                                  "parent": 17,
                                                                  "ID": 18
                                                                }
                                                              ],
                                                              "parent": 15,
                                                              "ID": 17,
                                                              "left": 18
                                                            }
                                                          ],
                                                          "parent": 14,
                                                          "ID": 15,
                                                          "left": 16,
                                                          "right": 17
                                                        }
                                                      ],
                                                      "parent": 12,
                                                      "ID": 14,
                                                      "left": 15
                                                    }
                                                  ],
                                                  "parent": 11,
                                                  "ID": 12,
                                                  "left": 13,
                                                  "right": 14
                                                }
                                              ],
                                              "parent": 9,
                                              "ID": 11,
                                              "left": 12
                                            }
                                          ],
                                          "parent": 8,
                                          "ID": 9,
                                          "left": 10,
                                          "right": 11
                                        }
                                      ],
                                      "parent": 7,
                                      "ID": 8,
                                      "left": 9
                                    },
                                    {
                                      "Node Type": "Sort",
                                      "Parent Relationship": "Inner",
                                      "Parallel Aware": false,
                                      "Async Capable": false,
                                      "Startup Cost": 8566.85,
                                      "Total Cost": 8575.39,
                                      "Plan Rows": 3414,
                                      "Plan Width": 17,
                                      "Sort Key": [
                                        "item_1.i_item_id"
                                      ],
                                      "Plans": [
                                        {
                                          "Node Type": "Seq Scan",
                                          "Parent Relationship": "Outer",
                                          "Parallel Aware": false,
                                          "Async Capable": false,
                                          "Relation Name": "item",
                                          "Alias": "item_1",
                                          "Startup Cost": 0.0,
                                          "Total Cost": 8366.5,
                                          "Plan Rows": 3414,
                                          "Plan Width": 17,
                                          "Filter": "(i_color = ANY ('{frosted,red,olive}'::bpchar[]))",
                                          "parent": 19,
                                          "ID": 20
                                        }
                                      ],
                                      "parent": 7,
                                      "ID": 19,
                                      "left": 20
                                    }
                                  ],
                                  "parent": 6,
                                  "ID": 7,
                                  "left": 8,
                                  "right": 19
                                }
                              ],
                              "parent": 5,
                              "ID": 6,
                              "left": 7
                            }
                          ],
                          "parent": 4,
                          "ID": 5,
                          "left": 6
                        }
                      ],
                      "parent": 3,
                      "ID": 4,
                      "left": 5
                    },
                    {
                      "Node Type": "Aggregate",
                      "Strategy": "Sorted",
                      "Partial Mode": "Finalize",
                      "Parent Relationship": "Member",
                      "Parallel Aware": false,
                      "Async Capable": false,
                      "Startup Cost": 482522.75,
                      "Total Cost": 482562.79,
                      "Plan Rows": 150,
                      "Plan Width": 49,
                      "Group Key": [
                        "item_2.i_item_id"
                      ],
                      "Plans": [
                        {
                          "Node Type": "Gather Merge",
                          "Parent Relationship": "Outer",
                          "Parallel Aware": false,
                          "Async Capable": false,
                          "Startup Cost": 482522.75,
                          "Total Cost": 482559.98,
                          "Plan Rows": 124,
                          "Plan Width": 49,
                          "Workers Planned": 2,
                          "Plans": [
                            {
                              "Node Type": "Aggregate",
                              "Strategy": "Sorted",
                              "Partial Mode": "Partial",
                              "Parent Relationship": "Outer",
                              "Parallel Aware": false,
                              "Async Capable": false,
                              "Startup Cost": 481522.72,
                              "Total Cost": 481545.64,
                              "Plan Rows": 62,
                              "Plan Width": 49,
                              "Group Key": [
                                "item_2.i_item_id"
                              ],
                              "Plans": [
                                {
                                  "Node Type": "Merge Join",
                                  "Parent Relationship": "Outer",
                                  "Parallel Aware": false,
                                  "Async Capable": false,
                                  "Join Type": "Semi",
                                  "Startup Cost": 481522.72,
                                  "Total Cost": 481544.56,
                                  "Plan Rows": 62,
                                  "Plan Width": 23,
                                  "Inner Unique": false,
                                  "Merge Cond": "(item_2.i_item_id = item_3.i_item_id)",
                                  "Plans": [
                                    {
                                      "Node Type": "Sort",
                                      "Parent Relationship": "Outer",
                                      "Parallel Aware": false,
                                      "Async Capable": false,
                                      "Startup Cost": 472955.87,
                                      "Total Cost": 472957.94,
                                      "Plan Rows": 827,
                                      "Plan Width": 23,
                                      "Sort Key": [
                                        "item_2.i_item_id"
                                      ],
                                      "Plans": [
                                        {
                                          "Node Type": "Hash Join",
                                          "Parent Relationship": "Outer",
                                          "Parallel Aware": true,
                                          "Async Capable": false,
                                          "Join Type": "Inner",
                                          "Startup Cost": 465363.97,
                                          "Total Cost": 472915.79,
                                          "Plan Rows": 827,
                                          "Plan Width": 23,
                                          "Inner Unique": false,
                                          "Hash Cond": "(item_2.i_item_sk = catalog_sales.cs_item_sk)",
                                          "Plans": [
                                            {
                                              "Node Type": "Seq Scan",
                                              "Parent Relationship": "Outer",
                                              "Parallel Aware": true,
                                              "Async Capable": false,
                                              "Relation Name": "item",
                                              "Alias": "item_2",
                                              "Startup Cost": 0.0,
                                              "Total Cost": 7389.0,
                                              "Plan Rows": 42500,
                                              "Plan Width": 21,
                                              "parent": 26,
                                              "ID": 27
                                            },
                                            {
                                              "Node Type": "Hash",
                                              "Parent Relationship": "Inner",
                                              "Parallel Aware": true,
                                              "Async Capable": false,
                                              "Startup Cost": 465353.63,
                                              "Total Cost": 465353.63,
                                              "Plan Rows": 827,
                                              "Plan Width": 10,
                                              "Plans": [
                                                {
                                                  "Node Type": "Hash Join",
                                                  "Parent Relationship": "Outer",
                                                  "Parallel Aware": true,
                                                  "Async Capable": false,
                                                  "Join Type": "Inner",
                                                  "Startup Cost": 458281.63,
                                                  "Total Cost": 465353.63,
                                                  "Plan Rows": 827,
                                                  "Plan Width": 10,
                                                  "Inner Unique": false,
                                                  "Hash Cond": "(customer_address_1.ca_address_sk = catalog_sales.cs_bill_addr_sk)",
                                                  "Plans": [
                                                    {
                                                      "Node Type": "Seq Scan",
                                                      "Parent Relationship": "Outer",
                                                      "Parallel Aware": true,
                                                      "Async Capable": false,
                                                      "Relation Name": "customer_address",
                                                      "Alias": "customer_address_1",
                                                      "Startup Cost": 0.0,
                                                      "Total Cost": 6737.08,
                                                      "Plan Rows": 37882,
                                                      "Plan Width": 4,
                                                      "Filter": "(ca_gmt_offset = '-5'::numeric)",
                                                      "parent": 29,
                                                      "ID": 30
                                                    },
                                                    {
                                                      "Node Type": "Hash",
                                                      "Parent Relationship": "Inner",
                                                      "Parallel Aware": true,
                                                      "Async Capable": false,
                                                      "Startup Cost": 458253.04,
                                                      "Total Cost": 458253.04,
                                                      "Plan Rows": 2287,
                                                      "Plan Width": 14,
                                                      "Plans": [
                                                        {
                                                          "Node Type": "Hash Join",
                                                          "Parent Relationship": "Outer",
                                                          "Parallel Aware": true,
                                                          "Async Capable": false,
                                                          "Join Type": "Inner",
                                                          "Startup Cost": 2049.75,
                                                          "Total Cost": 458253.04,
                                                          "Plan Rows": 2287,
                                                          "Plan Width": 14,
                                                          "Inner Unique": false,
                                                          "Hash Cond": "(catalog_sales.cs_sold_date_sk = date_dim_1.d_date_sk)",
                                                          "Plans": [
                                                            {
                                                              "Node Type": "Seq Scan",
                                                              "Parent Relationship": "Outer",
                                                              "Parallel Aware": true,
                                                              "Async Capable": false,
                                                              "Relation Name": "catalog_sales",
                                                              "Alias": "catalog_sales",
                                                              "Startup Cost": 0.0,
                                                              "Total Cost": 433688.25,
                                                              "Plan Rows": 6000525,
                                                              "Plan Width": 18,
                                                              "parent": 32,
                                                              "ID": 33
                                                            },
                                                            {
                                                              "Node Type": "Hash",
                                                              "Parent Relationship": "Inner",
                                                              "Parallel Aware": true,
                                                              "Async Capable": false,
                                                              "Startup Cost": 2049.55,
                                                              "Total Cost": 2049.55,
                                                              "Plan Rows": 16,
                                                              "Plan Width": 4,
                                                              "Plans": [
                                                                {
                                                                  "Node Type": "Seq Scan",
                                                                  "Parent Relationship": "Outer",
                                                                  "Parallel Aware": true,
                                                                  "Async Capable": false,
                                                                  "Relation Name": "date_dim",
                                                                  "Alias": "date_dim_1",
                                                                  "Startup Cost": 0.0,
                                                                  "Total Cost": 2049.55,
                                                                  "Plan Rows": 16,
                                                                  "Plan Width": 4,
                                                                  "Filter": "((d_year = 1999) AND (d_moy = 2))",
                                                                  "parent": 34,
                                                                  "ID": 35
                                                                }
                                                              ],
                                                              "parent": 32,
                                                              "ID": 34,
                                                              "left": 35
                                                            }
                                                          ],
                                                          "parent": 31,
                                                          "ID": 32,
                                                          "left": 33,
                                                          "right": 34
                                                        }
                                                      ],
                                                      "parent": 29,
                                                      "ID": 31,
                                                      "left": 32
                                                    }
                                                  ],
                                                  "parent": 28,
                                                  "ID": 29,
                                                  "left": 30,
                                                  "right": 31
                                                }
                                              ],
                                              "parent": 26,
                                              "ID": 28,
                                              "left": 29
                                            }
                                          ],
                                          "parent": 25,
                                          "ID": 26,
                                          "left": 27,
                                          "right": 28
                                        }
                                      ],
                                      "parent": 24,
                                      "ID": 25,
                                      "left": 26
                                    },
                                    {
                                      "Node Type": "Sort",
                                      "Parent Relationship": "Inner",
                                      "Parallel Aware": false,
                                      "Async Capable": false,
                                      "Startup Cost": 8566.85,
                                      "Total Cost": 8575.39,
                                      "Plan Rows": 3414,
                                      "Plan Width": 17,
                                      "Sort Key": [
                                        "item_3.i_item_id"
                                      ],
                                      "Plans": [
                                        {
                                          "Node Type": "Seq Scan",
                                          "Parent Relationship": "Outer",
                                          "Parallel Aware": false,
                                          "Async Capable": false,
                                          "Relation Name": "item",
                                          "Alias": "item_3",
                                          "Startup Cost": 0.0,
                                          "Total Cost": 8366.5,
                                          "Plan Rows": 3414,
                                          "Plan Width": 17,
                                          "Filter": "(i_color = ANY ('{frosted,red,olive}'::bpchar[]))",
                                          "parent": 36,
                                          "ID": 37
                                        }
                                      ],
                                      "parent": 24,
                                      "ID": 36,
                                      "left": 37
                                    }
                                  ],
                                  "parent": 23,
                                  "ID": 24,
                                  "left": 25,
                                  "right": 36
                                }
                              ],
                              "parent": 22,
                              "ID": 23,
                              "left": 24
                            }
                          ],
                          "parent": 21,
                          "ID": 22,
                          "left": 23
                        }
                      ],
                      "parent": 3,
                      "ID": 21,
                      "left": 22
                    },
                    {
                      "Node Type": "Aggregate",
                      "Strategy": "Sorted",
                      "Partial Mode": "Simple",
                      "Parent Relationship": "Member",
                      "Parallel Aware": false,
                      "Async Capable": false,
                      "Startup Cost": 255195.79,
                      "Total Cost": 255197.31,
                      "Plan Rows": 76,
                      "Plan Width": 49,
                      "Group Key": [
                        "item_4.i_item_id"
                      ],
                      "Plans": [
                        {
                          "Node Type": "Sort",
                          "Parent Relationship": "Outer",
                          "Parallel Aware": false,
                          "Async Capable": false,
                          "Startup Cost": 255195.79,
                          "Total Cost": 255195.98,
                          "Plan Rows": 76,
                          "Plan Width": 23,
                          "Sort Key": [
                            "item_4.i_item_id"
                          ],
                          "Plans": [
                            {
                              "Node Type": "Hash Join",
                              "Parent Relationship": "Outer",
                              "Parallel Aware": false,
                              "Async Capable": false,
                              "Join Type": "Semi",
                              "Startup Cost": 247539.43,
                              "Total Cost": 255193.42,
                              "Plan Rows": 76,
                              "Plan Width": 23,
                              "Inner Unique": false,
                              "Hash Cond": "(item_4.i_item_id = item_5.i_item_id)",
                              "Plans": [
                                {
                                  "Node Type": "Gather",
                                  "Parent Relationship": "Outer",
                                  "Parallel Aware": false,
                                  "Async Capable": false,
                                  "Startup Cost": 239130.25,
                                  "Total Cost": 246780.67,
                                  "Plan Rows": 1003,
                                  "Plan Width": 23,
                                  "Workers Planned": 2,
                                  "Single Copy": false,
                                  "Plans": [
                                    {
                                      "Node Type": "Hash Join",
                                      "Parent Relationship": "Outer",
                                      "Parallel Aware": true,
                                      "Async Capable": false,
                                      "Join Type": "Inner",
                                      "Startup Cost": 238130.25,
                                      "Total Cost": 245680.37,
                                      "Plan Rows": 418,
                                      "Plan Width": 23,
                                      "Inner Unique": false,
                                      "Hash Cond": "(item_4.i_item_sk = web_sales.ws_item_sk)",
                                      "Plans": [
                                        {
                                          "Node Type": "Seq Scan",
                                          "Parent Relationship": "Outer",
                                          "Parallel Aware": true,
                                          "Async Capable": false,
                                          "Relation Name": "item",
                                          "Alias": "item_4",
                                          "Startup Cost": 0.0,
                                          "Total Cost": 7389.0,
                                          "Plan Rows": 42500,
                                          "Plan Width": 21,
                                          "parent": 42,
                                          "ID": 43
                                        },
                                        {
                                          "Node Type": "Hash",
                                          "Parent Relationship": "Inner",
                                          "Parallel Aware": true,
                                          "Async Capable": false,
                                          "Startup Cost": 238125.03,
                                          "Total Cost": 238125.03,
                                          "Plan Rows": 418,
                                          "Plan Width": 10,
                                          "Plans": [
                                            {
                                              "Node Type": "Hash Join",
                                              "Parent Relationship": "Outer",
                                              "Parallel Aware": true,
                                              "Async Capable": false,
                                              "Join Type": "Inner",
                                              "Startup Cost": 231054.74,
                                              "Total Cost": 238125.03,
                                              "Plan Rows": 418,
                                              "Plan Width": 10,
                                              "Inner Unique": false,
                                              "Hash Cond": "(customer_address_2.ca_address_sk = web_sales.ws_bill_addr_sk)",
                                              "Plans": [
                                                {
                                                  "Node Type": "Seq Scan",
                                                  "Parent Relationship": "Outer",
                                                  "Parallel Aware": true,
                                                  "Async Capable": false,
                                                  "Relation Name": "customer_address",
                                                  "Alias": "customer_address_2",
                                                  "Startup Cost": 0.0,
                                                  "Total Cost": 6737.08,
                                                  "Plan Rows": 37882,
                                                  "Plan Width": 4,
                                                  "Filter": "(ca_gmt_offset = '-5'::numeric)",
                                                  "parent": 45,
                                                  "ID": 46
                                                },
                                                {
                                                  "Node Type": "Hash",
                                                  "Parent Relationship": "Inner",
                                                  "Parallel Aware": true,
                                                  "Async Capable": false,
                                                  "Startup Cost": 231040.38,
                                                  "Total Cost": 231040.38,
                                                  "Plan Rows": 1149,
                                                  "Plan Width": 14,
                                                  "Plans": [
                                                    {
                                                      "Node Type": "Hash Join",
                                                      "Parent Relationship": "Outer",
                                                      "Parallel Aware": true,
                                                      "Async Capable": false,
                                                      "Join Type": "Inner",
                                                      "Startup Cost": 2049.75,
                                                      "Total Cost": 231040.38,
                                                      "Plan Rows": 1149,
                                                      "Plan Width": 14,
                                                      "Inner Unique": false,
                                                      "Hash Cond": "(web_sales.ws_sold_date_sk = date_dim_2.d_date_sk)",
                                                      "Plans": [
                                                        {
                                                          "Node Type": "Seq Scan",
                                                          "Parent Relationship": "Outer",
                                                          "Parallel Aware": true,
                                                          "Async Capable": false,
                                                          "Relation Name": "web_sales",
                                                          "Alias": "web_sales",
                                                          "Startup Cost": 0.0,
                                                          "Total Cost": 217737.86,
                                                          "Plan Rows": 2998986,
                                                          "Plan Width": 18,
                                                          "parent": 48,
                                                          "ID": 49
                                                        },
                                                        {
                                                          "Node Type": "Hash",
                                                          "Parent Relationship": "Inner",
                                                          "Parallel Aware": true,
                                                          "Async Capable": false,
                                                          "Startup Cost": 2049.55,
                                                          "Total Cost": 2049.55,
                                                          "Plan Rows": 16,
                                                          "Plan Width": 4,
                                                          "Plans": [
                                                            {
                                                              "Node Type": "Seq Scan",
                                                              "Parent Relationship": "Outer",
                                                              "Parallel Aware": true,
                                                              "Async Capable": false,
                                                              "Relation Name": "date_dim",
                                                              "Alias": "date_dim_2",
                                                              "Startup Cost": 0.0,
                                                              "Total Cost": 2049.55,
                                                              "Plan Rows": 16,
                                                              "Plan Width": 4,
                                                              "Filter": "((d_year = 1999) AND (d_moy = 2))",
                                                              "parent": 50,
                                                              "ID": 51
                                                            }
                                                          ],
                                                          "parent": 48,
                                                          "ID": 50,
                                                          "left": 51
                                                        }
                                                      ],
                                                      "parent": 47,
                                                      "ID": 48,
                                                      "left": 49,
                                                      "right": 50
                                                    }
                                                  ],
                                                  "parent": 45,
                                                  "ID": 47,
                                                  "left": 48
                                                }
                                              ],
                                              "parent": 44,
                                              "ID": 45,
                                              "left": 46,
                                              "right": 47
                                            }
                                          ],
                                          "parent": 42,
                                          "ID": 44,
                                          "left": 45
                                        }
                                      ],
                                      "parent": 41,
                                      "ID": 42,
                                      "left": 43,
                                      "right": 44
                                    }
                                  ],
                                  "parent": 40,
                                  "ID": 41,
                                  "left": 42
                                },
                                {
                                  "Node Type": "Hash",
                                  "Parent Relationship": "Inner",
                                  "Parallel Aware": false,
                                  "Async Capable": false,
                                  "Startup Cost": 8366.5,
                                  "Total Cost": 8366.5,
                                  "Plan Rows": 3414,
                                  "Plan Width": 17,
                                  "Plans": [
                                    {
                                      "Node Type": "Seq Scan",
                                      "Parent Relationship": "Outer",
                                      "Parallel Aware": false,
                                      "Async Capable": false,
                                      "Relation Name": "item",
                                      "Alias": "item_5",
                                      "Startup Cost": 0.0,
                                      "Total Cost": 8366.5,
                                      "Plan Rows": 3414,
                                      "Plan Width": 17,
                                      "Filter": "(i_color = ANY ('{frosted,red,olive}'::bpchar[]))",
                                      "parent": 52,
                                      "ID": 53
                                    }
                                  ],
                                  "parent": 40,
                                  "ID": 52,
                                  "left": 53
                                }
                              ],
                              "parent": 39,
                              "ID": 40,
                              "left": 41,
                              "right": 52
                            }
                          ],
                          "parent": 38,
                          "ID": 39,
                          "left": 40
                        }
                      ],
                      "parent": 3,
                      "ID": 38,
                      "left": 39
                    }
                  ],
                  "parent": 2,
                  "ID": 3,
                  "left": 4,
                  "right": 21
                }
              ],
              "parent": 1,
              "ID": 2,
              "left": 3
            }
          ],
          "parent": 0,
          "ID": 1,
          "left": 2
        }
      ],
      "parent": null,
      "ID": 0,
      "left": 1
    },
    "feat": {
      "utility": 0.0,
      "query_shape": [
        [
          "Seq Scan",
          "Hash Join",
          "Sort",
          "Merge Join",
          "Aggregate",
          "Gather Merge",
          "Merge Append"
        ],
        [
          "Seq Scan",
          "Hash Join",
          "Hash",
          "Sort",
          "Merge Join",
          "Aggregate",
          "Gather Merge",
          "Merge Append"
        ],
        [
          "Seq Scan",
          "Hash Join",
          "Hash",
          "Sort",
          "Merge Join",
          "Aggregate",
          "Gather Merge",
          "Merge Append"
        ],
        [
          "Seq Scan",
          "Hash",
          "Hash Join",
          "Sort",
          "Merge Join",
          "Aggregate",
          "Gather Merge",
          "Merge Append"
        ],
        [
          "Seq Scan",
          "Sort",
          "Merge Join",
          "Aggregate",
          "Gather Merge",
          "Merge Append"
        ],
        [
          "Seq Scan",
          "Hash Join",
          "Sort",
          "Merge Join",
          "Aggregate",
          "Gather Merge",
          "Merge Append"
        ],
        [
          "Seq Scan",
          "Hash Join",
          "Hash",
          "Sort",
          "Merge Join",
          "Aggregate",
          "Gather Merge",
          "Merge Append"
        ],
        [
          "Seq Scan",
          "Hash Join",
          "Hash",
          "Sort",
          "Merge Join",
          "Aggregate",
          "Gather Merge",
          "Merge Append"
        ],
        [
          "Seq Scan",
          "Hash",
          "Hash Join",
          "Sort",
          "Merge Join",
          "Aggregate",
          "Gather Merge",
          "Merge Append"
        ],
        [
          "Seq Scan",
          "Sort",
          "Merge Join",
          "Aggregate",
          "Gather Merge",
          "Merge Append"
        ],
        [
          "Seq Scan",
          "Hash Join",
          "Gather",
          "Sort",
          "Aggregate",
          "Merge Append"
        ],
        [
          "Seq Scan",
          "Hash Join",
          "Hash",
          "Gather",
          "Sort",
          "Aggregate",
          "Merge Append"
        ],
        [
          "Seq Scan",
          "Hash Join",
          "Hash",
          "Gather",
          "Sort",
          "Aggregate",
          "Merge Append"
        ],
        [
          "Seq Scan",
          "Hash",
          "Hash Join",
          "Gather",
          "Sort",
          "Aggregate",
          "Merge Append"
        ],
        [
          "Seq Scan",
          "Hash",
          "Hash Join",
          "Sort",
          "Aggregate",
          "Merge Append"
        ]
      ],
      "index_shape": [
        "order-by"
      ],
      "physical_operator": {
        "Sort": [
          "[0.0000000e+00 8.4400000e+00 2.4240000e+01 4.1420000e+01 6.0240000e+01\n 8.0840000e+01 1.0340000e+02 1.2826000e+02 1.5540000e+02 1.8480000e+02\n 2.1648000e+02 2.5050000e+02 2.8692000e+02 3.2589000e+02 3.6750000e+02\n 4.1178000e+02 4.5907000e+02 5.0928000e+02 5.6253000e+02 6.1920000e+02\n 6.7925000e+02 7.4292000e+02 8.1069000e+02 8.8260000e+02 9.5897000e+02\n 1.0400000e+03 1.1262500e+03 1.2175800e+03 1.3154400e+03 1.4196000e+03\n 1.5306600e+03 1.6495800e+03 1.7771100e+03 1.9142200e+03 2.0608500e+03\n 2.2194200e+03 2.3910800e+03 2.5773300e+03 2.7802400e+03 3.0025600e+03\n 3.2476800e+03 3.5208900e+03 3.8278800e+03 4.1760500e+03 4.5770000e+03\n 5.0488000e+03 5.6174592e+03 6.3379500e+03 7.3200000e+03 8.8974900e+03\n 1.9562400e+04]"
        ]
      }
    }
  },
  {
    "query": "with ss as (\n select i_item_id,sum(ss_ext_sales_price) total_sales\n from\n \tstore_sales,\n \tdate_dim,\n         customer_address,\n         item\n where i_item_id in (select\n     i_item_id\nfrom item\nwhere i_color in ('frosted','red','olive'))\n and     ss_item_sk              = i_item_sk\n and     ss_sold_date_sk         = d_date_sk\n and     d_year                  = 1999\n and     d_moy                   = 2\n and     ss_addr_sk              = ca_address_sk\n and     ca_gmt_offset           = -5 \n group by i_item_id),\n cs as (\n select i_item_id,sum(cs_ext_sales_price) total_sales\n from\n \tcatalog_sales,\n \tdate_dim,\n         customer_address,\n         item\n where\n         i_item_id               in (select\n  i_item_id\nfrom item\nwhere i_color in ('frosted','red','olive'))\n and     cs_item_sk              = i_item_sk\n and     cs_sold_date_sk         = d_date_sk\n and     d_year                  = 1999\n and     d_moy                   = 2\n and     cs_bill_addr_sk         = ca_address_sk\n and     ca_gmt_offset           = -5 \n group by i_item_id),\n ws as (\n select i_item_id,sum(ws_ext_sales_price) total_sales\n from\n \tweb_sales,\n \tdate_dim,\n         customer_address,\n         item\n where\n         i_item_id               in (select\n  i_item_id\nfrom item\nwhere i_color in ('frosted','red','olive'))\n and     ws_item_sk              = i_item_sk\n and     ws_sold_date_sk         = d_date_sk\n and     d_year                  = 1999\n and     d_moy                   = 2\n and     ws_bill_addr_sk         = ca_address_sk\n and     ca_gmt_offset           = -5\n group by i_item_id)\n  select  i_item_id ,sum(total_sales) total_sales\n from  (select * from ss \n        union all\n        select * from cs \n        union all\n        select * from ws) tmp1\n group by i_item_id\n order by total_sales,\n          i_item_id\n limit 100;\n\n-- end query 40 in stream 3 using template query56.tpl\n",
    "indexes": "web_sales.ws_sold_date_sk",
    "wo plan est": {
      "Node Type": "Limit",
      "Parallel Aware": false,
      "Async Capable": false,
      "Startup Cost": 1445997.16,
      "Total Cost": 1445997.41,
      "Plan Rows": 100,
      "Plan Width": 49,
      "Plans": [
        {
          "Node Type": "Sort",
          "Parent Relationship": "Outer",
          "Parallel Aware": false,
          "Async Capable": false,
          "Startup Cost": 1445997.16,
          "Total Cost": 1445997.66,
          "Plan Rows": 200,
          "Plan Width": 49,
          "Sort Key": [
            "(sum((sum(store_sales.ss_ext_sales_price))))",
            "item.i_item_id"
          ],
          "Plans": [
            {
              "Node Type": "Aggregate",
              "Strategy": "Sorted",
              "Partial Mode": "Simple",
              "Parent Relationship": "Outer",
              "Parallel Aware": false,
              "Async Capable": false,
              "Startup Cost": 1445871.82,
              "Total Cost": 1445989.52,
              "Plan Rows": 200,
              "Plan Width": 49,
              "Group Key": [
                "item.i_item_id"
              ],
              "Plans": [
                {
                  "Node Type": "Merge Append",
                  "Parent Relationship": "Outer",
                  "Parallel Aware": false,
                  "Async Capable": false,
                  "Startup Cost": 1445871.82,
                  "Total Cost": 1445984.5,
                  "Plan Rows": 503,
                  "Plan Width": 49,
                  "Sort Key": [
                    "item.i_item_id"
                  ],
                  "Subplans Removed": 0,
                  "Plans": [
                    {
                      "Node Type": "Aggregate",
                      "Strategy": "Sorted",
                      "Partial Mode": "Finalize",
                      "Parent Relationship": "Member",
                      "Parallel Aware": false,
                      "Async Capable": false,
                      "Startup Cost": 708153.26,
                      "Total Cost": 708212.85,
                      "Plan Rows": 277,
                      "Plan Width": 49,
                      "Group Key": [
                        "item.i_item_id"
                      ],
                      "Plans": [
                        {
                          "Node Type": "Gather Merge",
                          "Parent Relationship": "Outer",
                          "Parallel Aware": false,
                          "Async Capable": false,
                          "Startup Cost": 708153.26,
                          "Total Cost": 708207.66,
                          "Plan Rows": 230,
                          "Plan Width": 49,
                          "Workers Planned": 2,
                          "Plans": [
                            {
                              "Node Type": "Aggregate",
                              "Strategy": "Sorted",
                              "Partial Mode": "Partial",
                              "Parent Relationship": "Outer",
                              "Parallel Aware": false,
                              "Async Capable": false,
                              "Startup Cost": 707153.23,
                              "Total Cost": 707181.09,
                              "Plan Rows": 115,
                              "Plan Width": 49,
                              "Group Key": [
                                "item.i_item_id"
                              ],
                              "Plans": [
                                {
                                  "Node Type": "Merge Join",
                                  "Parent Relationship": "Outer",
                                  "Parallel Aware": false,
                                  "Async Capable": false,
                                  "Join Type": "Semi",
                                  "Startup Cost": 707153.23,
                                  "Total Cost": 707179.08,
                                  "Plan Rows": 115,
                                  "Plan Width": 23,
                                  "Inner Unique": false,
                                  "Merge Cond": "(item.i_item_id = item_1.i_item_id)",
                                  "Plans": [
                                    {
                                      "Node Type": "Sort",
                                      "Parent Relationship": "Outer",
                                      "Parallel Aware": false,
                                      "Async Capable": false,
                                      "Startup Cost": 698586.38,
                                      "Total Cost": 698590.19,
                                      "Plan Rows": 1525,
                                      "Plan Width": 23,
                                      "Sort Key": [
                                        "item.i_item_id"
                                      ],
                                      "Plans": [
                                        {
                                          "Node Type": "Hash Join",
                                          "Parent Relationship": "Outer",
                                          "Parallel Aware": true,
                                          "Async Capable": false,
                                          "Join Type": "Inner",
                                          "Startup Cost": 690951.02,
                                          "Total Cost": 698505.75,
                                          "Plan Rows": 1525,
                                          "Plan Width": 23,
                                          "Inner Unique": false,
                                          "Hash Cond": "(item.i_item_sk = store_sales.ss_item_sk)",
                                          "Plans": [
                                            {
                                              "Node Type": "Seq Scan",
                                              "Parent Relationship": "Outer",
                                              "Parallel Aware": true,
                                              "Async Capable": false,
                                              "Relation Name": "item",
                                              "Alias": "item",
                                              "Startup Cost": 0.0,
                                              "Total Cost": 7389.0,
                                              "Plan Rows": 42500,
                                              "Plan Width": 21,
                                              "parent": 9,
                                              "ID": 10
                                            },
                                            {
                                              "Node Type": "Hash",
                                              "Parent Relationship": "Inner",
                                              "Parallel Aware": true,
                                              "Async Capable": false,
                                              "Startup Cost": 690931.96,
                                              "Total Cost": 690931.96,
                                              "Plan Rows": 1525,
                                              "Plan Width": 10,
                                              "Plans": [
                                                {
                                                  "Node Type": "Hash Join",
                                                  "Parent Relationship": "Outer",
                                                  "Parallel Aware": true,
                                                  "Async Capable": false,
                                                  "Join Type": "Inner",
                                                  "Startup Cost": 684046.46,
                                                  "Total Cost": 690931.96,
                                                  "Plan Rows": 1525,
                                                  "Plan Width": 10,
                                                  "Inner Unique": false,
                                                  "Hash Cond": "(customer_address.ca_address_sk = store_sales.ss_addr_sk)",
                                                  "Plans": [
                                                    {
                                                      "Node Type": "Seq Scan",
                                                      "Parent Relationship": "Outer",
                                                      "Parallel Aware": true,
                                                      "Async Capable": false,
                                                      "Relation Name": "customer_address",
                                                      "Alias": "customer_address",
                                                      "Startup Cost": 0.0,
                                                      "Total Cost": 6737.08,
                                                      "Plan Rows": 37882,
                                                      "Plan Width": 4,
                                                      "Filter": "(ca_gmt_offset = '-5'::numeric)",
                                                      "parent": 12,
                                                      "ID": 13
                                                    },
                                                    {
                                                      "Node Type": "Hash",
                                                      "Parent Relationship": "Inner",
                                                      "Parallel Aware": true,
                                                      "Async Capable": false,
                                                      "Startup Cost": 683991.59,
                                                      "Total Cost": 683991.59,
                                                      "Plan Rows": 4390,
                                                      "Plan Width": 14,
                                                      "Plans": [
                                                        {
                                                          "Node Type": "Hash Join",
                                                          "Parent Relationship": "Outer",
                                                          "Parallel Aware": true,
                                                          "Async Capable": false,
                                                          "Join Type": "Inner",
                                                          "Startup Cost": 2049.75,
                                                          "Total Cost": 683991.59,
                                                          "Plan Rows": 4390,
                                                          "Plan Width": 14,
                                                          "Inner Unique": false,
                                                          "Hash Cond": "(store_sales.ss_sold_date_sk = date_dim.d_date_sk)",
                                                          "Plans": [
                                                            {
                                                              "Node Type": "Seq Scan",
                                                              "Parent Relationship": "Outer",
                                                              "Parallel Aware": true,
                                                              "Async Capable": false,
                                                              "Relation Name": "store_sales",
                                                              "Alias": "store_sales",
                                                              "Startup Cost": 0.0,
                                                              "Total Cost": 636914.37,
                                                              "Plan Rows": 12000637,
                                                              "Plan Width": 18,
                                                              "parent": 15,
                                                              "ID": 16
                                                            },
                                                            {
                                                              "Node Type": "Hash",
                                                              "Parent Relationship": "Inner",
                                                              "Parallel Aware": true,
                                                              "Async Capable": false,
                                                              "Startup Cost": 2049.55,
                                                              "Total Cost": 2049.55,
                                                              "Plan Rows": 16,
                                                              "Plan Width": 4,
                                                              "Plans": [
                                                                {
                                                                  "Node Type": "Seq Scan",
                                                                  "Parent Relationship": "Outer",
                                                                  "Parallel Aware": true,
                                                                  "Async Capable": false,
                                                                  "Relation Name": "date_dim",
                                                                  "Alias": "date_dim",
                                                                  "Startup Cost": 0.0,
                                                                  "Total Cost": 2049.55,
                                                                  "Plan Rows": 16,
                                                                  "Plan Width": 4,
                                                                  "Filter": "((d_year = 1999) AND (d_moy = 2))",
                                                                  "parent": 17,
                                                                  "ID": 18
                                                                }
                                                              ],
                                                              "parent": 15,
                                                              "ID": 17,
                                                              "left": 18
                                                            }
                                                          ],
                                                          "parent": 14,
                                                          "ID": 15,
                                                          "left": 16,
                                                          "right": 17
                                                        }
                                                      ],
                                                      "parent": 12,
                                                      "ID": 14,
                                                      "left": 15
                                                    }
                                                  ],
                                                  "parent": 11,
                                                  "ID": 12,
                                                  "left": 13,
                                                  "right": 14
                                                }
                                              ],
                                              "parent": 9,
                                              "ID": 11,
                                              "left": 12
                                            }
                                          ],
                                          "parent": 8,
                                          "ID": 9,
                                          "left": 10,
                                          "right": 11
                                        }
                                      ],
                                      "parent": 7,
                                      "ID": 8,
                                      "left": 9
                                    },
                                    {
                                      "Node Type": "Sort",
                                      "Parent Relationship": "Inner",
                                      "Parallel Aware": false,
                                      "Async Capable": false,
                                      "Startup Cost": 8566.85,
                                      "Total Cost": 8575.39,
                                      "Plan Rows": 3414,
                                      "Plan Width": 17,
                                      "Sort Key": [
                                        "item_1.i_item_id"
                                      ],
                                      "Plans": [
                                        {
                                          "Node Type": "Seq Scan",
                                          "Parent Relationship": "Outer",
                                          "Parallel Aware": false,
                                          "Async Capable": false,
                                          "Relation Name": "item",
                                          "Alias": "item_1",
                                          "Startup Cost": 0.0,
                                          "Total Cost": 8366.5,
                                          "Plan Rows": 3414,
                                          "Plan Width": 17,
                                          "Filter": "(i_color = ANY ('{frosted,red,olive}'::bpchar[]))",
                                          "parent": 19,
                                          "ID": 20
                                        }
                                      ],
                                      "parent": 7,
                                      "ID": 19,
                                      "left": 20
                                    }
                                  ],
                                  "parent": 6,
                                  "ID": 7,
                                  "left": 8,
                                  "right": 19
                                }
                              ],
                              "parent": 5,
                              "ID": 6,
                              "left": 7
                            }
                          ],
                          "parent": 4,
                          "ID": 5,
                          "left": 6
                        }
                      ],
                      "parent": 3,
                      "ID": 4,
                      "left": 5
                    },
                    {
                      "Node Type": "Aggregate",
                      "Strategy": "Sorted",
                      "Partial Mode": "Finalize",
                      "Parent Relationship": "Member",
                      "Parallel Aware": false,
                      "Async Capable": false,
                      "Startup Cost": 482522.75,
                      "Total Cost": 482562.79,
                      "Plan Rows": 150,
                      "Plan Width": 49,
                      "Group Key": [
                        "item_2.i_item_id"
                      ],
                      "Plans": [
                        {
                          "Node Type": "Gather Merge",
                          "Parent Relationship": "Outer",
                          "Parallel Aware": false,
                          "Async Capable": false,
                          "Startup Cost": 482522.75,
                          "Total Cost": 482559.98,
                          "Plan Rows": 124,
                          "Plan Width": 49,
                          "Workers Planned": 2,
                          "Plans": [
                            {
                              "Node Type": "Aggregate",
                              "Strategy": "Sorted",
                              "Partial Mode": "Partial",
                              "Parent Relationship": "Outer",
                              "Parallel Aware": false,
                              "Async Capable": false,
                              "Startup Cost": 481522.72,
                              "Total Cost": 481545.64,
                              "Plan Rows": 62,
                              "Plan Width": 49,
                              "Group Key": [
                                "item_2.i_item_id"
                              ],
                              "Plans": [
                                {
                                  "Node Type": "Merge Join",
                                  "Parent Relationship": "Outer",
                                  "Parallel Aware": false,
                                  "Async Capable": false,
                                  "Join Type": "Semi",
                                  "Startup Cost": 481522.72,
                                  "Total Cost": 481544.56,
                                  "Plan Rows": 62,
                                  "Plan Width": 23,
                                  "Inner Unique": false,
                                  "Merge Cond": "(item_2.i_item_id = item_3.i_item_id)",
                                  "Plans": [
                                    {
                                      "Node Type": "Sort",
                                      "Parent Relationship": "Outer",
                                      "Parallel Aware": false,
                                      "Async Capable": false,
                                      "Startup Cost": 472955.87,
                                      "Total Cost": 472957.94,
                                      "Plan Rows": 827,
                                      "Plan Width": 23,
                                      "Sort Key": [
                                        "item_2.i_item_id"
                                      ],
                                      "Plans": [
                                        {
                                          "Node Type": "Hash Join",
                                          "Parent Relationship": "Outer",
                                          "Parallel Aware": true,
                                          "Async Capable": false,
                                          "Join Type": "Inner",
                                          "Startup Cost": 465363.97,
                                          "Total Cost": 472915.79,
                                          "Plan Rows": 827,
                                          "Plan Width": 23,
                                          "Inner Unique": false,
                                          "Hash Cond": "(item_2.i_item_sk = catalog_sales.cs_item_sk)",
                                          "Plans": [
                                            {
                                              "Node Type": "Seq Scan",
                                              "Parent Relationship": "Outer",
                                              "Parallel Aware": true,
                                              "Async Capable": false,
                                              "Relation Name": "item",
                                              "Alias": "item_2",
                                              "Startup Cost": 0.0,
                                              "Total Cost": 7389.0,
                                              "Plan Rows": 42500,
                                              "Plan Width": 21,
                                              "parent": 26,
                                              "ID": 27
                                            },
                                            {
                                              "Node Type": "Hash",
                                              "Parent Relationship": "Inner",
                                              "Parallel Aware": true,
                                              "Async Capable": false,
                                              "Startup Cost": 465353.63,
                                              "Total Cost": 465353.63,
                                              "Plan Rows": 827,
                                              "Plan Width": 10,
                                              "Plans": [
                                                {
                                                  "Node Type": "Hash Join",
                                                  "Parent Relationship": "Outer",
                                                  "Parallel Aware": true,
                                                  "Async Capable": false,
                                                  "Join Type": "Inner",
                                                  "Startup Cost": 458281.63,
                                                  "Total Cost": 465353.63,
                                                  "Plan Rows": 827,
                                                  "Plan Width": 10,
                                                  "Inner Unique": false,
                                                  "Hash Cond": "(customer_address_1.ca_address_sk = catalog_sales.cs_bill_addr_sk)",
                                                  "Plans": [
                                                    {
                                                      "Node Type": "Seq Scan",
                                                      "Parent Relationship": "Outer",
                                                      "Parallel Aware": true,
                                                      "Async Capable": false,
                                                      "Relation Name": "customer_address",
                                                      "Alias": "customer_address_1",
                                                      "Startup Cost": 0.0,
                                                      "Total Cost": 6737.08,
                                                      "Plan Rows": 37882,
                                                      "Plan Width": 4,
                                                      "Filter": "(ca_gmt_offset = '-5'::numeric)",
                                                      "parent": 29,
                                                      "ID": 30
                                                    },
                                                    {
                                                      "Node Type": "Hash",
                                                      "Parent Relationship": "Inner",
                                                      "Parallel Aware": true,
                                                      "Async Capable": false,
                                                      "Startup Cost": 458253.04,
                                                      "Total Cost": 458253.04,
                                                      "Plan Rows": 2287,
                                                      "Plan Width": 14,
                                                      "Plans": [
                                                        {
                                                          "Node Type": "Hash Join",
                                                          "Parent Relationship": "Outer",
                                                          "Parallel Aware": true,
                                                          "Async Capable": false,
                                                          "Join Type": "Inner",
                                                          "Startup Cost": 2049.75,
                                                          "Total Cost": 458253.04,
                                                          "Plan Rows": 2287,
                                                          "Plan Width": 14,
                                                          "Inner Unique": false,
                                                          "Hash Cond": "(catalog_sales.cs_sold_date_sk = date_dim_1.d_date_sk)",
                                                          "Plans": [
                                                            {
                                                              "Node Type": "Seq Scan",
                                                              "Parent Relationship": "Outer",
                                                              "Parallel Aware": true,
                                                              "Async Capable": false,
                                                              "Relation Name": "catalog_sales",
                                                              "Alias": "catalog_sales",
                                                              "Startup Cost": 0.0,
                                                              "Total Cost": 433688.25,
                                                              "Plan Rows": 6000525,
                                                              "Plan Width": 18,
                                                              "parent": 32,
                                                              "ID": 33
                                                            },
                                                            {
                                                              "Node Type": "Hash",
                                                              "Parent Relationship": "Inner",
                                                              "Parallel Aware": true,
                                                              "Async Capable": false,
                                                              "Startup Cost": 2049.55,
                                                              "Total Cost": 2049.55,
                                                              "Plan Rows": 16,
                                                              "Plan Width": 4,
                                                              "Plans": [
                                                                {
                                                                  "Node Type": "Seq Scan",
                                                                  "Parent Relationship": "Outer",
                                                                  "Parallel Aware": true,
                                                                  "Async Capable": false,
                                                                  "Relation Name": "date_dim",
                                                                  "Alias": "date_dim_1",
                                                                  "Startup Cost": 0.0,
                                                                  "Total Cost": 2049.55,
                                                                  "Plan Rows": 16,
                                                                  "Plan Width": 4,
                                                                  "Filter": "((d_year = 1999) AND (d_moy = 2))",
                                                                  "parent": 34,
                                                                  "ID": 35
                                                                }
                                                              ],
                                                              "parent": 32,
                                                              "ID": 34,
                                                              "left": 35
                                                            }
                                                          ],
                                                          "parent": 31,
                                                          "ID": 32,
                                                          "left": 33,
                                                          "right": 34
                                                        }
                                                      ],
                                                      "parent": 29,
                                                      "ID": 31,
                                                      "left": 32
                                                    }
                                                  ],
                                                  "parent": 28,
                                                  "ID": 29,
                                                  "left": 30,
                                                  "right": 31
                                                }
                                              ],
                                              "parent": 26,
                                              "ID": 28,
                                              "left": 29
                                            }
                                          ],
                                          "parent": 25,
                                          "ID": 26,
                                          "left": 27,
                                          "right": 28
                                        }
                                      ],
                                      "parent": 24,
                                      "ID": 25,
                                      "left": 26
                                    },
                                    {
                                      "Node Type": "Sort",
                                      "Parent Relationship": "Inner",
                                      "Parallel Aware": false,
                                      "Async Capable": false,
                                      "Startup Cost": 8566.85,
                                      "Total Cost": 8575.39,
                                      "Plan Rows": 3414,
                                      "Plan Width": 17,
                                      "Sort Key": [
                                        "item_3.i_item_id"
                                      ],
                                      "Plans": [
                                        {
                                          "Node Type": "Seq Scan",
                                          "Parent Relationship": "Outer",
                                          "Parallel Aware": false,
                                          "Async Capable": false,
                                          "Relation Name": "item",
                                          "Alias": "item_3",
                                          "Startup Cost": 0.0,
                                          "Total Cost": 8366.5,
                                          "Plan Rows": 3414,
                                          "Plan Width": 17,
                                          "Filter": "(i_color = ANY ('{frosted,red,olive}'::bpchar[]))",
                                          "parent": 36,
                                          "ID": 37
                                        }
                                      ],
                                      "parent": 24,
                                      "ID": 36,
                                      "left": 37
                                    }
                                  ],
                                  "parent": 23,
                                  "ID": 24,
                                  "left": 25,
                                  "right": 36
                                }
                              ],
                              "parent": 22,
                              "ID": 23,
                              "left": 24
                            }
                          ],
                          "parent": 21,
                          "ID": 22,
                          "left": 23
                        }
                      ],
                      "parent": 3,
                      "ID": 21,
                      "left": 22
                    },
                    {
                      "Node Type": "Aggregate",
                      "Strategy": "Sorted",
                      "Partial Mode": "Simple",
                      "Parent Relationship": "Member",
                      "Parallel Aware": false,
                      "Async Capable": false,
                      "Startup Cost": 255195.79,
                      "Total Cost": 255197.31,
                      "Plan Rows": 76,
                      "Plan Width": 49,
                      "Group Key": [
                        "item_4.i_item_id"
                      ],
                      "Plans": [
                        {
                          "Node Type": "Sort",
                          "Parent Relationship": "Outer",
                          "Parallel Aware": false,
                          "Async Capable": false,
                          "Startup Cost": 255195.79,
                          "Total Cost": 255195.98,
                          "Plan Rows": 76,
                          "Plan Width": 23,
                          "Sort Key": [
                            "item_4.i_item_id"
                          ],
                          "Plans": [
                            {
                              "Node Type": "Hash Join",
                              "Parent Relationship": "Outer",
                              "Parallel Aware": false,
                              "Async Capable": false,
                              "Join Type": "Semi",
                              "Startup Cost": 247539.43,
                              "Total Cost": 255193.42,
                              "Plan Rows": 76,
                              "Plan Width": 23,
                              "Inner Unique": false,
                              "Hash Cond": "(item_4.i_item_id = item_5.i_item_id)",
                              "Plans": [
                                {
                                  "Node Type": "Gather",
                                  "Parent Relationship": "Outer",
                                  "Parallel Aware": false,
                                  "Async Capable": false,
                                  "Startup Cost": 239130.25,
                                  "Total Cost": 246780.67,
                                  "Plan Rows": 1003,
                                  "Plan Width": 23,
                                  "Workers Planned": 2,
                                  "Single Copy": false,
                                  "Plans": [
                                    {
                                      "Node Type": "Hash Join",
                                      "Parent Relationship": "Outer",
                                      "Parallel Aware": true,
                                      "Async Capable": false,
                                      "Join Type": "Inner",
                                      "Startup Cost": 238130.25,
                                      "Total Cost": 245680.37,
                                      "Plan Rows": 418,
                                      "Plan Width": 23,
                                      "Inner Unique": false,
                                      "Hash Cond": "(item_4.i_item_sk = web_sales.ws_item_sk)",
                                      "Plans": [
                                        {
                                          "Node Type": "Seq Scan",
                                          "Parent Relationship": "Outer",
                                          "Parallel Aware": true,
                                          "Async Capable": false,
                                          "Relation Name": "item",
                                          "Alias": "item_4",
                                          "Startup Cost": 0.0,
                                          "Total Cost": 7389.0,
                                          "Plan Rows": 42500,
                                          "Plan Width": 21,
                                          "parent": 42,
                                          "ID": 43
                                        },
                                        {
                                          "Node Type": "Hash",
                                          "Parent Relationship": "Inner",
                                          "Parallel Aware": true,
                                          "Async Capable": false,
                                          "Startup Cost": 238125.03,
                                          "Total Cost": 238125.03,
                                          "Plan Rows": 418,
                                          "Plan Width": 10,
                                          "Plans": [
                                            {
                                              "Node Type": "Hash Join",
                                              "Parent Relationship": "Outer",
                                              "Parallel Aware": true,
                                              "Async Capable": false,
                                              "Join Type": "Inner",
                                              "Startup Cost": 231054.74,
                                              "Total Cost": 238125.03,
                                              "Plan Rows": 418,
                                              "Plan Width": 10,
                                              "Inner Unique": false,
                                              "Hash Cond": "(customer_address_2.ca_address_sk = web_sales.ws_bill_addr_sk)",
                                              "Plans": [
                                                {
                                                  "Node Type": "Seq Scan",
                                                  "Parent Relationship": "Outer",
                                                  "Parallel Aware": true,
                                                  "Async Capable": false,
                                                  "Relation Name": "customer_address",
                                                  "Alias": "customer_address_2",
                                                  "Startup Cost": 0.0,
                                                  "Total Cost": 6737.08,
                                                  "Plan Rows": 37882,
                                                  "Plan Width": 4,
                                                  "Filter": "(ca_gmt_offset = '-5'::numeric)",
                                                  "parent": 45,
                                                  "ID": 46
                                                },
                                                {
                                                  "Node Type": "Hash",
                                                  "Parent Relationship": "Inner",
                                                  "Parallel Aware": true,
                                                  "Async Capable": false,
                                                  "Startup Cost": 231040.38,
                                                  "Total Cost": 231040.38,
                                                  "Plan Rows": 1149,
                                                  "Plan Width": 14,
                                                  "Plans": [
                                                    {
                                                      "Node Type": "Hash Join",
                                                      "Parent Relationship": "Outer",
                                                      "Parallel Aware": true,
                                                      "Async Capable": false,
                                                      "Join Type": "Inner",
                                                      "Startup Cost": 2049.75,
                                                      "Total Cost": 231040.38,
                                                      "Plan Rows": 1149,
                                                      "Plan Width": 14,
                                                      "Inner Unique": false,
                                                      "Hash Cond": "(web_sales.ws_sold_date_sk = date_dim_2.d_date_sk)",
                                                      "Plans": [
                                                        {
                                                          "Node Type": "Seq Scan",
                                                          "Parent Relationship": "Outer",
                                                          "Parallel Aware": true,
                                                          "Async Capable": false,
                                                          "Relation Name": "web_sales",
                                                          "Alias": "web_sales",
                                                          "Startup Cost": 0.0,
                                                          "Total Cost": 217737.86,
                                                          "Plan Rows": 2998986,
                                                          "Plan Width": 18,
                                                          "parent": 48,
                                                          "ID": 49
                                                        },
                                                        {
                                                          "Node Type": "Hash",
                                                          "Parent Relationship": "Inner",
                                                          "Parallel Aware": true,
                                                          "Async Capable": false,
                                                          "Startup Cost": 2049.55,
                                                          "Total Cost": 2049.55,
                                                          "Plan Rows": 16,
                                                          "Plan Width": 4,
                                                          "Plans": [
                                                            {
                                                              "Node Type": "Seq Scan",
                                                              "Parent Relationship": "Outer",
                                                              "Parallel Aware": true,
                                                              "Async Capable": false,
                                                              "Relation Name": "date_dim",
                                                              "Alias": "date_dim_2",
                                                              "Startup Cost": 0.0,
                                                              "Total Cost": 2049.55,
                                                              "Plan Rows": 16,
                                                              "Plan Width": 4,
                                                              "Filter": "((d_year = 1999) AND (d_moy = 2))",
                                                              "parent": 50,
                                                              "ID": 51
                                                            }
                                                          ],
                                                          "parent": 48,
                                                          "ID": 50,
                                                          "left": 51
                                                        }
                                                      ],
                                                      "parent": 47,
                                                      "ID": 48,
                                                      "left": 49,
                                                      "right": 50
                                                    }
                                                  ],
                                                  "parent": 45,
                                                  "ID": 47,
                                                  "left": 48
                                                }
                                              ],
                                              "parent": 44,
                                              "ID": 45,
                                              "left": 46,
                                              "right": 47
                                            }
                                          ],
                                          "parent": 42,
                                          "ID": 44,
                                          "left": 45
                                        }
                                      ],
                                      "parent": 41,
                                      "ID": 42,
                                      "left": 43,
                                      "right": 44
                                    }
                                  ],
                                  "parent": 40,
                                  "ID": 41,
                                  "left": 42
                                },
                                {
                                  "Node Type": "Hash",
                                  "Parent Relationship": "Inner",
                                  "Parallel Aware": false,
                                  "Async Capable": false,
                                  "Startup Cost": 8366.5,
                                  "Total Cost": 8366.5,
                                  "Plan Rows": 3414,
                                  "Plan Width": 17,
                                  "Plans": [
                                    {
                                      "Node Type": "Seq Scan",
                                      "Parent Relationship": "Outer",
                                      "Parallel Aware": false,
                                      "Async Capable": false,
                                      "Relation Name": "item",
                                      "Alias": "item_5",
                                      "Startup Cost": 0.0,
                                      "Total Cost": 8366.5,
                                      "Plan Rows": 3414,
                                      "Plan Width": 17,
                                      "Filter": "(i_color = ANY ('{frosted,red,olive}'::bpchar[]))",
                                      "parent": 52,
                                      "ID": 53
                                    }
                                  ],
                                  "parent": 40,
                                  "ID": 52,
                                  "left": 53
                                }
                              ],
                              "parent": 39,
                              "ID": 40,
                              "left": 41,
                              "right": 52
                            }
                          ],
                          "parent": 38,
                          "ID": 39,
                          "left": 40
                        }
                      ],
                      "parent": 3,
                      "ID": 38,
                      "left": 39
                    }
                  ],
                  "parent": 2,
                  "ID": 3,
                  "left": 4,
                  "right": 21
                }
              ],
              "parent": 1,
              "ID": 2,
              "left": 3
            }
          ],
          "parent": 0,
          "ID": 1,
          "left": 2
        }
      ],
      "parent": null,
      "ID": 0,
      "left": 1
    },
    "feat": {
      "utility": 0.005757658426397674,
      "query_shape": [
        [
          "Seq Scan",
          "Hash Join",
          "Sort",
          "Merge Join",
          "Aggregate",
          "Gather Merge",
          "Merge Append"
        ],
        [
          "Seq Scan",
          "Hash Join",
          "Hash",
          "Sort",
          "Merge Join",
          "Aggregate",
          "Gather Merge",
          "Merge Append"
        ],
        [
          "Seq Scan",
          "Hash Join",
          "Hash",
          "Sort",
          "Merge Join",
          "Aggregate",
          "Gather Merge",
          "Merge Append"
        ],
        [
          "Seq Scan",
          "Hash",
          "Hash Join",
          "Sort",
          "Merge Join",
          "Aggregate",
          "Gather Merge",
          "Merge Append"
        ],
        [
          "Seq Scan",
          "Sort",
          "Merge Join",
          "Aggregate",
          "Gather Merge",
          "Merge Append"
        ],
        [
          "Seq Scan",
          "Hash Join",
          "Sort",
          "Merge Join",
          "Aggregate",
          "Gather Merge",
          "Merge Append"
        ],
        [
          "Seq Scan",
          "Hash Join",
          "Hash",
          "Sort",
          "Merge Join",
          "Aggregate",
          "Gather Merge",
          "Merge Append"
        ],
        [
          "Seq Scan",
          "Hash Join",
          "Hash",
          "Sort",
          "Merge Join",
          "Aggregate",
          "Gather Merge",
          "Merge Append"
        ],
        [
          "Seq Scan",
          "Hash",
          "Hash Join",
          "Sort",
          "Merge Join",
          "Aggregate",
          "Gather Merge",
          "Merge Append"
        ],
        [
          "Seq Scan",
          "Sort",
          "Merge Join",
          "Aggregate",
          "Gather Merge",
          "Merge Append"
        ],
        [
          "Seq Scan",
          "Hash Join",
          "Gather",
          "Sort",
          "Aggregate",
          "Merge Append"
        ],
        [
          "Seq Scan",
          "Hash Join",
          "Hash",
          "Gather",
          "Sort",
          "Aggregate",
          "Merge Append"
        ],
        [
          "Seq Scan",
          "Hash Join",
          "Hash",
          "Gather",
          "Sort",
          "Aggregate",
          "Merge Append"
        ],
        [
          "Seq Scan",
          "Hash",
          "Hash Join",
          "Gather",
          "Sort",
          "Aggregate",
          "Merge Append"
        ],
        [
          "Seq Scan",
          "Hash",
          "Hash Join",
          "Sort",
          "Aggregate",
          "Merge Append"
        ]
      ],
      "index_shape": [
        "join"
      ],
      "physical_operator": {
        "Hash Join": [
          0.00489342350616012
        ]
      }
    }
  },
  {
    "query": "with ss as (\n select i_item_id,sum(ss_ext_sales_price) total_sales\n from\n \tstore_sales,\n \tdate_dim,\n         customer_address,\n         item\n where i_item_id in (select\n     i_item_id\nfrom item\nwhere i_color in ('frosted','red','olive'))\n and     ss_item_sk              = i_item_sk\n and     ss_sold_date_sk         = d_date_sk\n and     d_year                  = 1999\n and     d_moy                   = 2\n and     ss_addr_sk              = ca_address_sk\n and     ca_gmt_offset           = -5 \n group by i_item_id),\n cs as (\n select i_item_id,sum(cs_ext_sales_price) total_sales\n from\n \tcatalog_sales,\n \tdate_dim,\n         customer_address,\n         item\n where\n         i_item_id               in (select\n  i_item_id\nfrom item\nwhere i_color in ('frosted','red','olive'))\n and     cs_item_sk              = i_item_sk\n and     cs_sold_date_sk         = d_date_sk\n and     d_year                  = 1999\n and     d_moy                   = 2\n and     cs_bill_addr_sk         = ca_address_sk\n and     ca_gmt_offset           = -5 \n group by i_item_id),\n ws as (\n select i_item_id,sum(ws_ext_sales_price) total_sales\n from\n \tweb_sales,\n \tdate_dim,\n         customer_address,\n         item\n where\n         i_item_id               in (select\n  i_item_id\nfrom item\nwhere i_color in ('frosted','red','olive'))\n and     ws_item_sk              = i_item_sk\n and     ws_sold_date_sk         = d_date_sk\n and     d_year                  = 1999\n and     d_moy                   = 2\n and     ws_bill_addr_sk         = ca_address_sk\n and     ca_gmt_offset           = -5\n group by i_item_id)\n  select  i_item_id ,sum(total_sales) total_sales\n from  (select * from ss \n        union all\n        select * from cs \n        union all\n        select * from ws) tmp1\n group by i_item_id\n order by total_sales,\n          i_item_id\n limit 100;\n\n-- end query 40 in stream 3 using template query56.tpl\n",
    "indexes": "web_sales.ws_item_sk",
    "wo plan est": {
      "Node Type": "Limit",
      "Parallel Aware": false,
      "Async Capable": false,
      "Startup Cost": 1445997.16,
      "Total Cost": 1445997.41,
      "Plan Rows": 100,
      "Plan Width": 49,
      "Plans": [
        {
          "Node Type": "Sort",
          "Parent Relationship": "Outer",
          "Parallel Aware": false,
          "Async Capable": false,
          "Startup Cost": 1445997.16,
          "Total Cost": 1445997.66,
          "Plan Rows": 200,
          "Plan Width": 49,
          "Sort Key": [
            "(sum((sum(store_sales.ss_ext_sales_price))))",
            "item.i_item_id"
          ],
          "Plans": [
            {
              "Node Type": "Aggregate",
              "Strategy": "Sorted",
              "Partial Mode": "Simple",
              "Parent Relationship": "Outer",
              "Parallel Aware": false,
              "Async Capable": false,
              "Startup Cost": 1445871.82,
              "Total Cost": 1445989.52,
              "Plan Rows": 200,
              "Plan Width": 49,
              "Group Key": [
                "item.i_item_id"
              ],
              "Plans": [
                {
                  "Node Type": "Merge Append",
                  "Parent Relationship": "Outer",
                  "Parallel Aware": false,
                  "Async Capable": false,
                  "Startup Cost": 1445871.82,
                  "Total Cost": 1445984.5,
                  "Plan Rows": 503,
                  "Plan Width": 49,
                  "Sort Key": [
                    "item.i_item_id"
                  ],
                  "Subplans Removed": 0,
                  "Plans": [
                    {
                      "Node Type": "Aggregate",
                      "Strategy": "Sorted",
                      "Partial Mode": "Finalize",
                      "Parent Relationship": "Member",
                      "Parallel Aware": false,
                      "Async Capable": false,
                      "Startup Cost": 708153.26,
                      "Total Cost": 708212.85,
                      "Plan Rows": 277,
                      "Plan Width": 49,
                      "Group Key": [
                        "item.i_item_id"
                      ],
                      "Plans": [
                        {
                          "Node Type": "Gather Merge",
                          "Parent Relationship": "Outer",
                          "Parallel Aware": false,
                          "Async Capable": false,
                          "Startup Cost": 708153.26,
                          "Total Cost": 708207.66,
                          "Plan Rows": 230,
                          "Plan Width": 49,
                          "Workers Planned": 2,
                          "Plans": [
                            {
                              "Node Type": "Aggregate",
                              "Strategy": "Sorted",
                              "Partial Mode": "Partial",
                              "Parent Relationship": "Outer",
                              "Parallel Aware": false,
                              "Async Capable": false,
                              "Startup Cost": 707153.23,
                              "Total Cost": 707181.09,
                              "Plan Rows": 115,
                              "Plan Width": 49,
                              "Group Key": [
                                "item.i_item_id"
                              ],
                              "Plans": [
                                {
                                  "Node Type": "Merge Join",
                                  "Parent Relationship": "Outer",
                                  "Parallel Aware": false,
                                  "Async Capable": false,
                                  "Join Type": "Semi",
                                  "Startup Cost": 707153.23,
                                  "Total Cost": 707179.08,
                                  "Plan Rows": 115,
                                  "Plan Width": 23,
                                  "Inner Unique": false,
                                  "Merge Cond": "(item.i_item_id = item_1.i_item_id)",
                                  "Plans": [
                                    {
                                      "Node Type": "Sort",
                                      "Parent Relationship": "Outer",
                                      "Parallel Aware": false,
                                      "Async Capable": false,
                                      "Startup Cost": 698586.38,
                                      "Total Cost": 698590.19,
                                      "Plan Rows": 1525,
                                      "Plan Width": 23,
                                      "Sort Key": [
                                        "item.i_item_id"
                                      ],
                                      "Plans": [
                                        {
                                          "Node Type": "Hash Join",
                                          "Parent Relationship": "Outer",
                                          "Parallel Aware": true,
                                          "Async Capable": false,
                                          "Join Type": "Inner",
                                          "Startup Cost": 690951.02,
                                          "Total Cost": 698505.75,
                                          "Plan Rows": 1525,
                                          "Plan Width": 23,
                                          "Inner Unique": false,
                                          "Hash Cond": "(item.i_item_sk = store_sales.ss_item_sk)",
                                          "Plans": [
                                            {
                                              "Node Type": "Seq Scan",
                                              "Parent Relationship": "Outer",
                                              "Parallel Aware": true,
                                              "Async Capable": false,
                                              "Relation Name": "item",
                                              "Alias": "item",
                                              "Startup Cost": 0.0,
                                              "Total Cost": 7389.0,
                                              "Plan Rows": 42500,
                                              "Plan Width": 21,
                                              "parent": 9,
                                              "ID": 10
                                            },
                                            {
                                              "Node Type": "Hash",
                                              "Parent Relationship": "Inner",
                                              "Parallel Aware": true,
                                              "Async Capable": false,
                                              "Startup Cost": 690931.96,
                                              "Total Cost": 690931.96,
                                              "Plan Rows": 1525,
                                              "Plan Width": 10,
                                              "Plans": [
                                                {
                                                  "Node Type": "Hash Join",
                                                  "Parent Relationship": "Outer",
                                                  "Parallel Aware": true,
                                                  "Async Capable": false,
                                                  "Join Type": "Inner",
                                                  "Startup Cost": 684046.46,
                                                  "Total Cost": 690931.96,
                                                  "Plan Rows": 1525,
                                                  "Plan Width": 10,
                                                  "Inner Unique": false,
                                                  "Hash Cond": "(customer_address.ca_address_sk = store_sales.ss_addr_sk)",
                                                  "Plans": [
                                                    {
                                                      "Node Type": "Seq Scan",
                                                      "Parent Relationship": "Outer",
                                                      "Parallel Aware": true,
                                                      "Async Capable": false,
                                                      "Relation Name": "customer_address",
                                                      "Alias": "customer_address",
                                                      "Startup Cost": 0.0,
                                                      "Total Cost": 6737.08,
                                                      "Plan Rows": 37882,
                                                      "Plan Width": 4,
                                                      "Filter": "(ca_gmt_offset = '-5'::numeric)",
                                                      "parent": 12,
                                                      "ID": 13
                                                    },
                                                    {
                                                      "Node Type": "Hash",
                                                      "Parent Relationship": "Inner",
                                                      "Parallel Aware": true,
                                                      "Async Capable": false,
                                                      "Startup Cost": 683991.59,
                                                      "Total Cost": 683991.59,
                                                      "Plan Rows": 4390,
                                                      "Plan Width": 14,
                                                      "Plans": [
                                                        {
                                                          "Node Type": "Hash Join",
                                                          "Parent Relationship": "Outer",
                                                          "Parallel Aware": true,
                                                          "Async Capable": false,
                                                          "Join Type": "Inner",
                                                          "Startup Cost": 2049.75,
                                                          "Total Cost": 683991.59,
                                                          "Plan Rows": 4390,
                                                          "Plan Width": 14,
                                                          "Inner Unique": false,
                                                          "Hash Cond": "(store_sales.ss_sold_date_sk = date_dim.d_date_sk)",
                                                          "Plans": [
                                                            {
                                                              "Node Type": "Seq Scan",
                                                              "Parent Relationship": "Outer",
                                                              "Parallel Aware": true,
                                                              "Async Capable": false,
                                                              "Relation Name": "store_sales",
                                                              "Alias": "store_sales",
                                                              "Startup Cost": 0.0,
                                                              "Total Cost": 636914.37,
                                                              "Plan Rows": 12000637,
                                                              "Plan Width": 18,
                                                              "parent": 15,
                                                              "ID": 16
                                                            },
                                                            {
                                                              "Node Type": "Hash",
                                                              "Parent Relationship": "Inner",
                                                              "Parallel Aware": true,
                                                              "Async Capable": false,
                                                              "Startup Cost": 2049.55,
                                                              "Total Cost": 2049.55,
                                                              "Plan Rows": 16,
                                                              "Plan Width": 4,
                                                              "Plans": [
                                                                {
                                                                  "Node Type": "Seq Scan",
                                                                  "Parent Relationship": "Outer",
                                                                  "Parallel Aware": true,
                                                                  "Async Capable": false,
                                                                  "Relation Name": "date_dim",
                                                                  "Alias": "date_dim",
                                                                  "Startup Cost": 0.0,
                                                                  "Total Cost": 2049.55,
                                                                  "Plan Rows": 16,
                                                                  "Plan Width": 4,
                                                                  "Filter": "((d_year = 1999) AND (d_moy = 2))",
                                                                  "parent": 17,
                                                                  "ID": 18
                                                                }
                                                              ],
                                                              "parent": 15,
                                                              "ID": 17,
                                                              "left": 18
                                                            }
                                                          ],
                                                          "parent": 14,
                                                          "ID": 15,
                                                          "left": 16,
                                                          "right": 17
                                                        }
                                                      ],
                                                      "parent": 12,
                                                      "ID": 14,
                                                      "left": 15
                                                    }
                                                  ],
                                                  "parent": 11,
                                                  "ID": 12,
                                                  "left": 13,
                                                  "right": 14
                                                }
                                              ],
                                              "parent": 9,
                                              "ID": 11,
                                              "left": 12
                                            }
                                          ],
                                          "parent": 8,
                                          "ID": 9,
                                          "left": 10,
                                          "right": 11
                                        }
                                      ],
                                      "parent": 7,
                                      "ID": 8,
                                      "left": 9
                                    },
                                    {
                                      "Node Type": "Sort",
                                      "Parent Relationship": "Inner",
                                      "Parallel Aware": false,
                                      "Async Capable": false,
                                      "Startup Cost": 8566.85,
                                      "Total Cost": 8575.39,
                                      "Plan Rows": 3414,
                                      "Plan Width": 17,
                                      "Sort Key": [
                                        "item_1.i_item_id"
                                      ],
                                      "Plans": [
                                        {
                                          "Node Type": "Seq Scan",
                                          "Parent Relationship": "Outer",
                                          "Parallel Aware": false,
                                          "Async Capable": false,
                                          "Relation Name": "item",
                                          "Alias": "item_1",
                                          "Startup Cost": 0.0,
                                          "Total Cost": 8366.5,
                                          "Plan Rows": 3414,
                                          "Plan Width": 17,
                                          "Filter": "(i_color = ANY ('{frosted,red,olive}'::bpchar[]))",
                                          "parent": 19,
                                          "ID": 20
                                        }
                                      ],
                                      "parent": 7,
                                      "ID": 19,
                                      "left": 20
                                    }
                                  ],
                                  "parent": 6,
                                  "ID": 7,
                                  "left": 8,
                                  "right": 19
                                }
                              ],
                              "parent": 5,
                              "ID": 6,
                              "left": 7
                            }
                          ],
                          "parent": 4,
                          "ID": 5,
                          "left": 6
                        }
                      ],
                      "parent": 3,
                      "ID": 4,
                      "left": 5
                    },
                    {
                      "Node Type": "Aggregate",
                      "Strategy": "Sorted",
                      "Partial Mode": "Finalize",
                      "Parent Relationship": "Member",
                      "Parallel Aware": false,
                      "Async Capable": false,
                      "Startup Cost": 482522.75,
                      "Total Cost": 482562.79,
                      "Plan Rows": 150,
                      "Plan Width": 49,
                      "Group Key": [
                        "item_2.i_item_id"
                      ],
                      "Plans": [
                        {
                          "Node Type": "Gather Merge",
                          "Parent Relationship": "Outer",
                          "Parallel Aware": false,
                          "Async Capable": false,
                          "Startup Cost": 482522.75,
                          "Total Cost": 482559.98,
                          "Plan Rows": 124,
                          "Plan Width": 49,
                          "Workers Planned": 2,
                          "Plans": [
                            {
                              "Node Type": "Aggregate",
                              "Strategy": "Sorted",
                              "Partial Mode": "Partial",
                              "Parent Relationship": "Outer",
                              "Parallel Aware": false,
                              "Async Capable": false,
                              "Startup Cost": 481522.72,
                              "Total Cost": 481545.64,
                              "Plan Rows": 62,
                              "Plan Width": 49,
                              "Group Key": [
                                "item_2.i_item_id"
                              ],
                              "Plans": [
                                {
                                  "Node Type": "Merge Join",
                                  "Parent Relationship": "Outer",
                                  "Parallel Aware": false,
                                  "Async Capable": false,
                                  "Join Type": "Semi",
                                  "Startup Cost": 481522.72,
                                  "Total Cost": 481544.56,
                                  "Plan Rows": 62,
                                  "Plan Width": 23,
                                  "Inner Unique": false,
                                  "Merge Cond": "(item_2.i_item_id = item_3.i_item_id)",
                                  "Plans": [
                                    {
                                      "Node Type": "Sort",
                                      "Parent Relationship": "Outer",
                                      "Parallel Aware": false,
                                      "Async Capable": false,
                                      "Startup Cost": 472955.87,
                                      "Total Cost": 472957.94,
                                      "Plan Rows": 827,
                                      "Plan Width": 23,
                                      "Sort Key": [
                                        "item_2.i_item_id"
                                      ],
                                      "Plans": [
                                        {
                                          "Node Type": "Hash Join",
                                          "Parent Relationship": "Outer",
                                          "Parallel Aware": true,
                                          "Async Capable": false,
                                          "Join Type": "Inner",
                                          "Startup Cost": 465363.97,
                                          "Total Cost": 472915.79,
                                          "Plan Rows": 827,
                                          "Plan Width": 23,
                                          "Inner Unique": false,
                                          "Hash Cond": "(item_2.i_item_sk = catalog_sales.cs_item_sk)",
                                          "Plans": [
                                            {
                                              "Node Type": "Seq Scan",
                                              "Parent Relationship": "Outer",
                                              "Parallel Aware": true,
                                              "Async Capable": false,
                                              "Relation Name": "item",
                                              "Alias": "item_2",
                                              "Startup Cost": 0.0,
                                              "Total Cost": 7389.0,
                                              "Plan Rows": 42500,
                                              "Plan Width": 21,
                                              "parent": 26,
                                              "ID": 27
                                            },
                                            {
                                              "Node Type": "Hash",
                                              "Parent Relationship": "Inner",
                                              "Parallel Aware": true,
                                              "Async Capable": false,
                                              "Startup Cost": 465353.63,
                                              "Total Cost": 465353.63,
                                              "Plan Rows": 827,
                                              "Plan Width": 10,
                                              "Plans": [
                                                {
                                                  "Node Type": "Hash Join",
                                                  "Parent Relationship": "Outer",
                                                  "Parallel Aware": true,
                                                  "Async Capable": false,
                                                  "Join Type": "Inner",
                                                  "Startup Cost": 458281.63,
                                                  "Total Cost": 465353.63,
                                                  "Plan Rows": 827,
                                                  "Plan Width": 10,
                                                  "Inner Unique": false,
                                                  "Hash Cond": "(customer_address_1.ca_address_sk = catalog_sales.cs_bill_addr_sk)",
                                                  "Plans": [
                                                    {
                                                      "Node Type": "Seq Scan",
                                                      "Parent Relationship": "Outer",
                                                      "Parallel Aware": true,
                                                      "Async Capable": false,
                                                      "Relation Name": "customer_address",
                                                      "Alias": "customer_address_1",
                                                      "Startup Cost": 0.0,
                                                      "Total Cost": 6737.08,
                                                      "Plan Rows": 37882,
                                                      "Plan Width": 4,
                                                      "Filter": "(ca_gmt_offset = '-5'::numeric)",
                                                      "parent": 29,
                                                      "ID": 30
                                                    },
                                                    {
                                                      "Node Type": "Hash",
                                                      "Parent Relationship": "Inner",
                                                      "Parallel Aware": true,
                                                      "Async Capable": false,
                                                      "Startup Cost": 458253.04,
                                                      "Total Cost": 458253.04,
                                                      "Plan Rows": 2287,
                                                      "Plan Width": 14,
                                                      "Plans": [
                                                        {
                                                          "Node Type": "Hash Join",
                                                          "Parent Relationship": "Outer",
                                                          "Parallel Aware": true,
                                                          "Async Capable": false,
                                                          "Join Type": "Inner",
                                                          "Startup Cost": 2049.75,
                                                          "Total Cost": 458253.04,
                                                          "Plan Rows": 2287,
                                                          "Plan Width": 14,
                                                          "Inner Unique": false,
                                                          "Hash Cond": "(catalog_sales.cs_sold_date_sk = date_dim_1.d_date_sk)",
                                                          "Plans": [
                                                            {
                                                              "Node Type": "Seq Scan",
                                                              "Parent Relationship": "Outer",
                                                              "Parallel Aware": true,
                                                              "Async Capable": false,
                                                              "Relation Name": "catalog_sales",
                                                              "Alias": "catalog_sales",
                                                              "Startup Cost": 0.0,
                                                              "Total Cost": 433688.25,
                                                              "Plan Rows": 6000525,
                                                              "Plan Width": 18,
                                                              "parent": 32,
                                                              "ID": 33
                                                            },
                                                            {
                                                              "Node Type": "Hash",
                                                              "Parent Relationship": "Inner",
                                                              "Parallel Aware": true,
                                                              "Async Capable": false,
                                                              "Startup Cost": 2049.55,
                                                              "Total Cost": 2049.55,
                                                              "Plan Rows": 16,
                                                              "Plan Width": 4,
                                                              "Plans": [
                                                                {
                                                                  "Node Type": "Seq Scan",
                                                                  "Parent Relationship": "Outer",
                                                                  "Parallel Aware": true,
                                                                  "Async Capable": false,
                                                                  "Relation Name": "date_dim",
                                                                  "Alias": "date_dim_1",
                                                                  "Startup Cost": 0.0,
                                                                  "Total Cost": 2049.55,
                                                                  "Plan Rows": 16,
                                                                  "Plan Width": 4,
                                                                  "Filter": "((d_year = 1999) AND (d_moy = 2))",
                                                                  "parent": 34,
                                                                  "ID": 35
                                                                }
                                                              ],
                                                              "parent": 32,
                                                              "ID": 34,
                                                              "left": 35
                                                            }
                                                          ],
                                                          "parent": 31,
                                                          "ID": 32,
                                                          "left": 33,
                                                          "right": 34
                                                        }
                                                      ],
                                                      "parent": 29,
                                                      "ID": 31,
                                                      "left": 32
                                                    }
                                                  ],
                                                  "parent": 28,
                                                  "ID": 29,
                                                  "left": 30,
                                                  "right": 31
                                                }
                                              ],
                                              "parent": 26,
                                              "ID": 28,
                                              "left": 29
                                            }
                                          ],
                                          "parent": 25,
                                          "ID": 26,
                                          "left": 27,
                                          "right": 28
                                        }
                                      ],
                                      "parent": 24,
                                      "ID": 25,
                                      "left": 26
                                    },
                                    {
                                      "Node Type": "Sort",
                                      "Parent Relationship": "Inner",
                                      "Parallel Aware": false,
                                      "Async Capable": false,
                                      "Startup Cost": 8566.85,
                                      "Total Cost": 8575.39,
                                      "Plan Rows": 3414,
                                      "Plan Width": 17,
                                      "Sort Key": [
                                        "item_3.i_item_id"
                                      ],
                                      "Plans": [
                                        {
                                          "Node Type": "Seq Scan",
                                          "Parent Relationship": "Outer",
                                          "Parallel Aware": false,
                                          "Async Capable": false,
                                          "Relation Name": "item",
                                          "Alias": "item_3",
                                          "Startup Cost": 0.0,
                                          "Total Cost": 8366.5,
                                          "Plan Rows": 3414,
                                          "Plan Width": 17,
                                          "Filter": "(i_color = ANY ('{frosted,red,olive}'::bpchar[]))",
                                          "parent": 36,
                                          "ID": 37
                                        }
                                      ],
                                      "parent": 24,
                                      "ID": 36,
                                      "left": 37
                                    }
                                  ],
                                  "parent": 23,
                                  "ID": 24,
                                  "left": 25,
                                  "right": 36
                                }
                              ],
                              "parent": 22,
                              "ID": 23,
                              "left": 24
                            }
                          ],
                          "parent": 21,
                          "ID": 22,
                          "left": 23
                        }
                      ],
                      "parent": 3,
                      "ID": 21,
                      "left": 22
                    },
                    {
                      "Node Type": "Aggregate",
                      "Strategy": "Sorted",
                      "Partial Mode": "Simple",
                      "Parent Relationship": "Member",
                      "Parallel Aware": false,
                      "Async Capable": false,
                      "Startup Cost": 255195.79,
                      "Total Cost": 255197.31,
                      "Plan Rows": 76,
                      "Plan Width": 49,
                      "Group Key": [
                        "item_4.i_item_id"
                      ],
                      "Plans": [
                        {
                          "Node Type": "Sort",
                          "Parent Relationship": "Outer",
                          "Parallel Aware": false,
                          "Async Capable": false,
                          "Startup Cost": 255195.79,
                          "Total Cost": 255195.98,
                          "Plan Rows": 76,
                          "Plan Width": 23,
                          "Sort Key": [
                            "item_4.i_item_id"
                          ],
                          "Plans": [
                            {
                              "Node Type": "Hash Join",
                              "Parent Relationship": "Outer",
                              "Parallel Aware": false,
                              "Async Capable": false,
                              "Join Type": "Semi",
                              "Startup Cost": 247539.43,
                              "Total Cost": 255193.42,
                              "Plan Rows": 76,
                              "Plan Width": 23,
                              "Inner Unique": false,
                              "Hash Cond": "(item_4.i_item_id = item_5.i_item_id)",
                              "Plans": [
                                {
                                  "Node Type": "Gather",
                                  "Parent Relationship": "Outer",
                                  "Parallel Aware": false,
                                  "Async Capable": false,
                                  "Startup Cost": 239130.25,
                                  "Total Cost": 246780.67,
                                  "Plan Rows": 1003,
                                  "Plan Width": 23,
                                  "Workers Planned": 2,
                                  "Single Copy": false,
                                  "Plans": [
                                    {
                                      "Node Type": "Hash Join",
                                      "Parent Relationship": "Outer",
                                      "Parallel Aware": true,
                                      "Async Capable": false,
                                      "Join Type": "Inner",
                                      "Startup Cost": 238130.25,
                                      "Total Cost": 245680.37,
                                      "Plan Rows": 418,
                                      "Plan Width": 23,
                                      "Inner Unique": false,
                                      "Hash Cond": "(item_4.i_item_sk = web_sales.ws_item_sk)",
                                      "Plans": [
                                        {
                                          "Node Type": "Seq Scan",
                                          "Parent Relationship": "Outer",
                                          "Parallel Aware": true,
                                          "Async Capable": false,
                                          "Relation Name": "item",
                                          "Alias": "item_4",
                                          "Startup Cost": 0.0,
                                          "Total Cost": 7389.0,
                                          "Plan Rows": 42500,
                                          "Plan Width": 21,
                                          "parent": 42,
                                          "ID": 43
                                        },
                                        {
                                          "Node Type": "Hash",
                                          "Parent Relationship": "Inner",
                                          "Parallel Aware": true,
                                          "Async Capable": false,
                                          "Startup Cost": 238125.03,
                                          "Total Cost": 238125.03,
                                          "Plan Rows": 418,
                                          "Plan Width": 10,
                                          "Plans": [
                                            {
                                              "Node Type": "Hash Join",
                                              "Parent Relationship": "Outer",
                                              "Parallel Aware": true,
                                              "Async Capable": false,
                                              "Join Type": "Inner",
                                              "Startup Cost": 231054.74,
                                              "Total Cost": 238125.03,
                                              "Plan Rows": 418,
                                              "Plan Width": 10,
                                              "Inner Unique": false,
                                              "Hash Cond": "(customer_address_2.ca_address_sk = web_sales.ws_bill_addr_sk)",
                                              "Plans": [
                                                {
                                                  "Node Type": "Seq Scan",
                                                  "Parent Relationship": "Outer",
                                                  "Parallel Aware": true,
                                                  "Async Capable": false,
                                                  "Relation Name": "customer_address",
                                                  "Alias": "customer_address_2",
                                                  "Startup Cost": 0.0,
                                                  "Total Cost": 6737.08,
                                                  "Plan Rows": 37882,
                                                  "Plan Width": 4,
                                                  "Filter": "(ca_gmt_offset = '-5'::numeric)",
                                                  "parent": 45,
                                                  "ID": 46
                                                },
                                                {
                                                  "Node Type": "Hash",
                                                  "Parent Relationship": "Inner",
                                                  "Parallel Aware": true,
                                                  "Async Capable": false,
                                                  "Startup Cost": 231040.38,
                                                  "Total Cost": 231040.38,
                                                  "Plan Rows": 1149,
                                                  "Plan Width": 14,
                                                  "Plans": [
                                                    {
                                                      "Node Type": "Hash Join",
                                                      "Parent Relationship": "Outer",
                                                      "Parallel Aware": true,
                                                      "Async Capable": false,
                                                      "Join Type": "Inner",
                                                      "Startup Cost": 2049.75,
                                                      "Total Cost": 231040.38,
                                                      "Plan Rows": 1149,
                                                      "Plan Width": 14,
                                                      "Inner Unique": false,
                                                      "Hash Cond": "(web_sales.ws_sold_date_sk = date_dim_2.d_date_sk)",
                                                      "Plans": [
                                                        {
                                                          "Node Type": "Seq Scan",
                                                          "Parent Relationship": "Outer",
                                                          "Parallel Aware": true,
                                                          "Async Capable": false,
                                                          "Relation Name": "web_sales",
                                                          "Alias": "web_sales",
                                                          "Startup Cost": 0.0,
                                                          "Total Cost": 217737.86,
                                                          "Plan Rows": 2998986,
                                                          "Plan Width": 18,
                                                          "parent": 48,
                                                          "ID": 49
                                                        },
                                                        {
                                                          "Node Type": "Hash",
                                                          "Parent Relationship": "Inner",
                                                          "Parallel Aware": true,
                                                          "Async Capable": false,
                                                          "Startup Cost": 2049.55,
                                                          "Total Cost": 2049.55,
                                                          "Plan Rows": 16,
                                                          "Plan Width": 4,
                                                          "Plans": [
                                                            {
                                                              "Node Type": "Seq Scan",
                                                              "Parent Relationship": "Outer",
                                                              "Parallel Aware": true,
                                                              "Async Capable": false,
                                                              "Relation Name": "date_dim",
                                                              "Alias": "date_dim_2",
                                                              "Startup Cost": 0.0,
                                                              "Total Cost": 2049.55,
                                                              "Plan Rows": 16,
                                                              "Plan Width": 4,
                                                              "Filter": "((d_year = 1999) AND (d_moy = 2))",
                                                              "parent": 50,
                                                              "ID": 51
                                                            }
                                                          ],
                                                          "parent": 48,
                                                          "ID": 50,
                                                          "left": 51
                                                        }
                                                      ],
                                                      "parent": 47,
                                                      "ID": 48,
                                                      "left": 49,
                                                      "right": 50
                                                    }
                                                  ],
                                                  "parent": 45,
                                                  "ID": 47,
                                                  "left": 48
                                                }
                                              ],
                                              "parent": 44,
                                              "ID": 45,
                                              "left": 46,
                                              "right": 47
                                            }
                                          ],
                                          "parent": 42,
                                          "ID": 44,
                                          "left": 45
                                        }
                                      ],
                                      "parent": 41,
                                      "ID": 42,
                                      "left": 43,
                                      "right": 44
                                    }
                                  ],
                                  "parent": 40,
                                  "ID": 41,
                                  "left": 42
                                },
                                {
                                  "Node Type": "Hash",
                                  "Parent Relationship": "Inner",
                                  "Parallel Aware": false,
                                  "Async Capable": false,
                                  "Startup Cost": 8366.5,
                                  "Total Cost": 8366.5,
                                  "Plan Rows": 3414,
                                  "Plan Width": 17,
                                  "Plans": [
                                    {
                                      "Node Type": "Seq Scan",
                                      "Parent Relationship": "Outer",
                                      "Parallel Aware": false,
                                      "Async Capable": false,
                                      "Relation Name": "item",
                                      "Alias": "item_5",
                                      "Startup Cost": 0.0,
                                      "Total Cost": 8366.5,
                                      "Plan Rows": 3414,
                                      "Plan Width": 17,
                                      "Filter": "(i_color = ANY ('{frosted,red,olive}'::bpchar[]))",
                                      "parent": 52,
                                      "ID": 53
                                    }
                                  ],
                                  "parent": 40,
                                  "ID": 52,
                                  "left": 53
                                }
                              ],
                              "parent": 39,
                              "ID": 40,
                              "left": 41,
                              "right": 52
                            }
                          ],
                          "parent": 38,
                          "ID": 39,
                          "left": 40
                        }
                      ],
                      "parent": 3,
                      "ID": 38,
                      "left": 39
                    }
                  ],
                  "parent": 2,
                  "ID": 3,
                  "left": 4,
                  "right": 21
                }
              ],
              "parent": 1,
              "ID": 2,
              "left": 3
            }
          ],
          "parent": 0,
          "ID": 1,
          "left": 2
        }
      ],
      "parent": null,
      "ID": 0,
      "left": 1
    },
    "feat": {
      "utility": 0.005757905551063657,
      "query_shape": [
        [
          "Seq Scan",
          "Hash Join",
          "Sort",
          "Merge Join",
          "Aggregate",
          "Gather Merge",
          "Merge Append"
        ],
        [
          "Seq Scan",
          "Hash Join",
          "Hash",
          "Sort",
          "Merge Join",
          "Aggregate",
          "Gather Merge",
          "Merge Append"
        ],
        [
          "Seq Scan",
          "Hash Join",
          "Hash",
          "Sort",
          "Merge Join",
          "Aggregate",
          "Gather Merge",
          "Merge Append"
        ],
        [
          "Seq Scan",
          "Hash",
          "Hash Join",
          "Sort",
          "Merge Join",
          "Aggregate",
          "Gather Merge",
          "Merge Append"
        ],
        [
          "Seq Scan",
          "Sort",
          "Merge Join",
          "Aggregate",
          "Gather Merge",
          "Merge Append"
        ],
        [
          "Seq Scan",
          "Hash Join",
          "Sort",
          "Merge Join",
          "Aggregate",
          "Gather Merge",
          "Merge Append"
        ],
        [
          "Seq Scan",
          "Hash Join",
          "Hash",
          "Sort",
          "Merge Join",
          "Aggregate",
          "Gather Merge",
          "Merge Append"
        ],
        [
          "Seq Scan",
          "Hash Join",
          "Hash",
          "Sort",
          "Merge Join",
          "Aggregate",
          "Gather Merge",
          "Merge Append"
        ],
        [
          "Seq Scan",
          "Hash",
          "Hash Join",
          "Sort",
          "Merge Join",
          "Aggregate",
          "Gather Merge",
          "Merge Append"
        ],
        [
          "Seq Scan",
          "Sort",
          "Merge Join",
          "Aggregate",
          "Gather Merge",
          "Merge Append"
        ],
        [
          "Seq Scan",
          "Hash Join",
          "Gather",
          "Sort",
          "Aggregate",
          "Merge Append"
        ],
        [
          "Seq Scan",
          "Hash Join",
          "Hash",
          "Gather",
          "Sort",
          "Aggregate",
          "Merge Append"
        ],
        [
          "Seq Scan",
          "Hash Join",
          "Hash",
          "Gather",
          "Sort",
          "Aggregate",
          "Merge Append"
        ],
        [
          "Seq Scan",
          "Hash",
          "Hash Join",
          "Gather",
          "Sort",
          "Aggregate",
          "Merge Append"
        ],
        [
          "Seq Scan",
          "Hash",
          "Hash Join",
          "Sort",
          "Aggregate",
          "Merge Append"
        ]
      ],
      "index_shape": [
        "join"
      ],
      "physical_operator": {
        "Hash Join": [
          0.00485071250072666
        ]
      }
    }
  },
  {
    "query": "with ss as (\n select i_item_id,sum(ss_ext_sales_price) total_sales\n from\n \tstore_sales,\n \tdate_dim,\n         customer_address,\n         item\n where i_item_id in (select\n     i_item_id\nfrom item\nwhere i_color in ('frosted','red','olive'))\n and     ss_item_sk              = i_item_sk\n and     ss_sold_date_sk         = d_date_sk\n and     d_year                  = 1999\n and     d_moy                   = 2\n and     ss_addr_sk              = ca_address_sk\n and     ca_gmt_offset           = -5 \n group by i_item_id),\n cs as (\n select i_item_id,sum(cs_ext_sales_price) total_sales\n from\n \tcatalog_sales,\n \tdate_dim,\n         customer_address,\n         item\n where\n         i_item_id               in (select\n  i_item_id\nfrom item\nwhere i_color in ('frosted','red','olive'))\n and     cs_item_sk              = i_item_sk\n and     cs_sold_date_sk         = d_date_sk\n and     d_year                  = 1999\n and     d_moy                   = 2\n and     cs_bill_addr_sk         = ca_address_sk\n and     ca_gmt_offset           = -5 \n group by i_item_id),\n ws as (\n select i_item_id,sum(ws_ext_sales_price) total_sales\n from\n \tweb_sales,\n \tdate_dim,\n         customer_address,\n         item\n where\n         i_item_id               in (select\n  i_item_id\nfrom item\nwhere i_color in ('frosted','red','olive'))\n and     ws_item_sk              = i_item_sk\n and     ws_sold_date_sk         = d_date_sk\n and     d_year                  = 1999\n and     d_moy                   = 2\n and     ws_bill_addr_sk         = ca_address_sk\n and     ca_gmt_offset           = -5\n group by i_item_id)\n  select  i_item_id ,sum(total_sales) total_sales\n from  (select * from ss \n        union all\n        select * from cs \n        union all\n        select * from ws) tmp1\n group by i_item_id\n order by total_sales,\n          i_item_id\n limit 100;\n\n-- end query 40 in stream 3 using template query56.tpl\n",
    "indexes": "web_sales.ws_bill_addr_sk",
    "wo plan est": {
      "Node Type": "Limit",
      "Parallel Aware": false,
      "Async Capable": false,
      "Startup Cost": 1445997.16,
      "Total Cost": 1445997.41,
      "Plan Rows": 100,
      "Plan Width": 49,
      "Plans": [
        {
          "Node Type": "Sort",
          "Parent Relationship": "Outer",
          "Parallel Aware": false,
          "Async Capable": false,
          "Startup Cost": 1445997.16,
          "Total Cost": 1445997.66,
          "Plan Rows": 200,
          "Plan Width": 49,
          "Sort Key": [
            "(sum((sum(store_sales.ss_ext_sales_price))))",
            "item.i_item_id"
          ],
          "Plans": [
            {
              "Node Type": "Aggregate",
              "Strategy": "Sorted",
              "Partial Mode": "Simple",
              "Parent Relationship": "Outer",
              "Parallel Aware": false,
              "Async Capable": false,
              "Startup Cost": 1445871.82,
              "Total Cost": 1445989.52,
              "Plan Rows": 200,
              "Plan Width": 49,
              "Group Key": [
                "item.i_item_id"
              ],
              "Plans": [
                {
                  "Node Type": "Merge Append",
                  "Parent Relationship": "Outer",
                  "Parallel Aware": false,
                  "Async Capable": false,
                  "Startup Cost": 1445871.82,
                  "Total Cost": 1445984.5,
                  "Plan Rows": 503,
                  "Plan Width": 49,
                  "Sort Key": [
                    "item.i_item_id"
                  ],
                  "Subplans Removed": 0,
                  "Plans": [
                    {
                      "Node Type": "Aggregate",
                      "Strategy": "Sorted",
                      "Partial Mode": "Finalize",
                      "Parent Relationship": "Member",
                      "Parallel Aware": false,
                      "Async Capable": false,
                      "Startup Cost": 708153.26,
                      "Total Cost": 708212.85,
                      "Plan Rows": 277,
                      "Plan Width": 49,
                      "Group Key": [
                        "item.i_item_id"
                      ],
                      "Plans": [
                        {
                          "Node Type": "Gather Merge",
                          "Parent Relationship": "Outer",
                          "Parallel Aware": false,
                          "Async Capable": false,
                          "Startup Cost": 708153.26,
                          "Total Cost": 708207.66,
                          "Plan Rows": 230,
                          "Plan Width": 49,
                          "Workers Planned": 2,
                          "Plans": [
                            {
                              "Node Type": "Aggregate",
                              "Strategy": "Sorted",
                              "Partial Mode": "Partial",
                              "Parent Relationship": "Outer",
                              "Parallel Aware": false,
                              "Async Capable": false,
                              "Startup Cost": 707153.23,
                              "Total Cost": 707181.09,
                              "Plan Rows": 115,
                              "Plan Width": 49,
                              "Group Key": [
                                "item.i_item_id"
                              ],
                              "Plans": [
                                {
                                  "Node Type": "Merge Join",
                                  "Parent Relationship": "Outer",
                                  "Parallel Aware": false,
                                  "Async Capable": false,
                                  "Join Type": "Semi",
                                  "Startup Cost": 707153.23,
                                  "Total Cost": 707179.08,
                                  "Plan Rows": 115,
                                  "Plan Width": 23,
                                  "Inner Unique": false,
                                  "Merge Cond": "(item.i_item_id = item_1.i_item_id)",
                                  "Plans": [
                                    {
                                      "Node Type": "Sort",
                                      "Parent Relationship": "Outer",
                                      "Parallel Aware": false,
                                      "Async Capable": false,
                                      "Startup Cost": 698586.38,
                                      "Total Cost": 698590.19,
                                      "Plan Rows": 1525,
                                      "Plan Width": 23,
                                      "Sort Key": [
                                        "item.i_item_id"
                                      ],
                                      "Plans": [
                                        {
                                          "Node Type": "Hash Join",
                                          "Parent Relationship": "Outer",
                                          "Parallel Aware": true,
                                          "Async Capable": false,
                                          "Join Type": "Inner",
                                          "Startup Cost": 690951.02,
                                          "Total Cost": 698505.75,
                                          "Plan Rows": 1525,
                                          "Plan Width": 23,
                                          "Inner Unique": false,
                                          "Hash Cond": "(item.i_item_sk = store_sales.ss_item_sk)",
                                          "Plans": [
                                            {
                                              "Node Type": "Seq Scan",
                                              "Parent Relationship": "Outer",
                                              "Parallel Aware": true,
                                              "Async Capable": false,
                                              "Relation Name": "item",
                                              "Alias": "item",
                                              "Startup Cost": 0.0,
                                              "Total Cost": 7389.0,
                                              "Plan Rows": 42500,
                                              "Plan Width": 21,
                                              "parent": 9,
                                              "ID": 10
                                            },
                                            {
                                              "Node Type": "Hash",
                                              "Parent Relationship": "Inner",
                                              "Parallel Aware": true,
                                              "Async Capable": false,
                                              "Startup Cost": 690931.96,
                                              "Total Cost": 690931.96,
                                              "Plan Rows": 1525,
                                              "Plan Width": 10,
                                              "Plans": [
                                                {
                                                  "Node Type": "Hash Join",
                                                  "Parent Relationship": "Outer",
                                                  "Parallel Aware": true,
                                                  "Async Capable": false,
                                                  "Join Type": "Inner",
                                                  "Startup Cost": 684046.46,
                                                  "Total Cost": 690931.96,
                                                  "Plan Rows": 1525,
                                                  "Plan Width": 10,
                                                  "Inner Unique": false,
                                                  "Hash Cond": "(customer_address.ca_address_sk = store_sales.ss_addr_sk)",
                                                  "Plans": [
                                                    {
                                                      "Node Type": "Seq Scan",
                                                      "Parent Relationship": "Outer",
                                                      "Parallel Aware": true,
                                                      "Async Capable": false,
                                                      "Relation Name": "customer_address",
                                                      "Alias": "customer_address",
                                                      "Startup Cost": 0.0,
                                                      "Total Cost": 6737.08,
                                                      "Plan Rows": 37882,
                                                      "Plan Width": 4,
                                                      "Filter": "(ca_gmt_offset = '-5'::numeric)",
                                                      "parent": 12,
                                                      "ID": 13
                                                    },
                                                    {
                                                      "Node Type": "Hash",
                                                      "Parent Relationship": "Inner",
                                                      "Parallel Aware": true,
                                                      "Async Capable": false,
                                                      "Startup Cost": 683991.59,
                                                      "Total Cost": 683991.59,
                                                      "Plan Rows": 4390,
                                                      "Plan Width": 14,
                                                      "Plans": [
                                                        {
                                                          "Node Type": "Hash Join",
                                                          "Parent Relationship": "Outer",
                                                          "Parallel Aware": true,
                                                          "Async Capable": false,
                                                          "Join Type": "Inner",
                                                          "Startup Cost": 2049.75,
                                                          "Total Cost": 683991.59,
                                                          "Plan Rows": 4390,
                                                          "Plan Width": 14,
                                                          "Inner Unique": false,
                                                          "Hash Cond": "(store_sales.ss_sold_date_sk = date_dim.d_date_sk)",
                                                          "Plans": [
                                                            {
                                                              "Node Type": "Seq Scan",
                                                              "Parent Relationship": "Outer",
                                                              "Parallel Aware": true,
                                                              "Async Capable": false,
                                                              "Relation Name": "store_sales",
                                                              "Alias": "store_sales",
                                                              "Startup Cost": 0.0,
                                                              "Total Cost": 636914.37,
                                                              "Plan Rows": 12000637,
                                                              "Plan Width": 18,
                                                              "parent": 15,
                                                              "ID": 16
                                                            },
                                                            {
                                                              "Node Type": "Hash",
                                                              "Parent Relationship": "Inner",
                                                              "Parallel Aware": true,
                                                              "Async Capable": false,
                                                              "Startup Cost": 2049.55,
                                                              "Total Cost": 2049.55,
                                                              "Plan Rows": 16,
                                                              "Plan Width": 4,
                                                              "Plans": [
                                                                {
                                                                  "Node Type": "Seq Scan",
                                                                  "Parent Relationship": "Outer",
                                                                  "Parallel Aware": true,
                                                                  "Async Capable": false,
                                                                  "Relation Name": "date_dim",
                                                                  "Alias": "date_dim",
                                                                  "Startup Cost": 0.0,
                                                                  "Total Cost": 2049.55,
                                                                  "Plan Rows": 16,
                                                                  "Plan Width": 4,
                                                                  "Filter": "((d_year = 1999) AND (d_moy = 2))",
                                                                  "parent": 17,
                                                                  "ID": 18
                                                                }
                                                              ],
                                                              "parent": 15,
                                                              "ID": 17,
                                                              "left": 18
                                                            }
                                                          ],
                                                          "parent": 14,
                                                          "ID": 15,
                                                          "left": 16,
                                                          "right": 17
                                                        }
                                                      ],
                                                      "parent": 12,
                                                      "ID": 14,
                                                      "left": 15
                                                    }
                                                  ],
                                                  "parent": 11,
                                                  "ID": 12,
                                                  "left": 13,
                                                  "right": 14
                                                }
                                              ],
                                              "parent": 9,
                                              "ID": 11,
                                              "left": 12
                                            }
                                          ],
                                          "parent": 8,
                                          "ID": 9,
                                          "left": 10,
                                          "right": 11
                                        }
                                      ],
                                      "parent": 7,
                                      "ID": 8,
                                      "left": 9
                                    },
                                    {
                                      "Node Type": "Sort",
                                      "Parent Relationship": "Inner",
                                      "Parallel Aware": false,
                                      "Async Capable": false,
                                      "Startup Cost": 8566.85,
                                      "Total Cost": 8575.39,
                                      "Plan Rows": 3414,
                                      "Plan Width": 17,
                                      "Sort Key": [
                                        "item_1.i_item_id"
                                      ],
                                      "Plans": [
                                        {
                                          "Node Type": "Seq Scan",
                                          "Parent Relationship": "Outer",
                                          "Parallel Aware": false,
                                          "Async Capable": false,
                                          "Relation Name": "item",
                                          "Alias": "item_1",
                                          "Startup Cost": 0.0,
                                          "Total Cost": 8366.5,
                                          "Plan Rows": 3414,
                                          "Plan Width": 17,
                                          "Filter": "(i_color = ANY ('{frosted,red,olive}'::bpchar[]))",
                                          "parent": 19,
                                          "ID": 20
                                        }
                                      ],
                                      "parent": 7,
                                      "ID": 19,
                                      "left": 20
                                    }
                                  ],
                                  "parent": 6,
                                  "ID": 7,
                                  "left": 8,
                                  "right": 19
                                }
                              ],
                              "parent": 5,
                              "ID": 6,
                              "left": 7
                            }
                          ],
                          "parent": 4,
                          "ID": 5,
                          "left": 6
                        }
                      ],
                      "parent": 3,
                      "ID": 4,
                      "left": 5
                    },
                    {
                      "Node Type": "Aggregate",
                      "Strategy": "Sorted",
                      "Partial Mode": "Finalize",
                      "Parent Relationship": "Member",
                      "Parallel Aware": false,
                      "Async Capable": false,
                      "Startup Cost": 482522.75,
                      "Total Cost": 482562.79,
                      "Plan Rows": 150,
                      "Plan Width": 49,
                      "Group Key": [
                        "item_2.i_item_id"
                      ],
                      "Plans": [
                        {
                          "Node Type": "Gather Merge",
                          "Parent Relationship": "Outer",
                          "Parallel Aware": false,
                          "Async Capable": false,
                          "Startup Cost": 482522.75,
                          "Total Cost": 482559.98,
                          "Plan Rows": 124,
                          "Plan Width": 49,
                          "Workers Planned": 2,
                          "Plans": [
                            {
                              "Node Type": "Aggregate",
                              "Strategy": "Sorted",
                              "Partial Mode": "Partial",
                              "Parent Relationship": "Outer",
                              "Parallel Aware": false,
                              "Async Capable": false,
                              "Startup Cost": 481522.72,
                              "Total Cost": 481545.64,
                              "Plan Rows": 62,
                              "Plan Width": 49,
                              "Group Key": [
                                "item_2.i_item_id"
                              ],
                              "Plans": [
                                {
                                  "Node Type": "Merge Join",
                                  "Parent Relationship": "Outer",
                                  "Parallel Aware": false,
                                  "Async Capable": false,
                                  "Join Type": "Semi",
                                  "Startup Cost": 481522.72,
                                  "Total Cost": 481544.56,
                                  "Plan Rows": 62,
                                  "Plan Width": 23,
                                  "Inner Unique": false,
                                  "Merge Cond": "(item_2.i_item_id = item_3.i_item_id)",
                                  "Plans": [
                                    {
                                      "Node Type": "Sort",
                                      "Parent Relationship": "Outer",
                                      "Parallel Aware": false,
                                      "Async Capable": false,
                                      "Startup Cost": 472955.87,
                                      "Total Cost": 472957.94,
                                      "Plan Rows": 827,
                                      "Plan Width": 23,
                                      "Sort Key": [
                                        "item_2.i_item_id"
                                      ],
                                      "Plans": [
                                        {
                                          "Node Type": "Hash Join",
                                          "Parent Relationship": "Outer",
                                          "Parallel Aware": true,
                                          "Async Capable": false,
                                          "Join Type": "Inner",
                                          "Startup Cost": 465363.97,
                                          "Total Cost": 472915.79,
                                          "Plan Rows": 827,
                                          "Plan Width": 23,
                                          "Inner Unique": false,
                                          "Hash Cond": "(item_2.i_item_sk = catalog_sales.cs_item_sk)",
                                          "Plans": [
                                            {
                                              "Node Type": "Seq Scan",
                                              "Parent Relationship": "Outer",
                                              "Parallel Aware": true,
                                              "Async Capable": false,
                                              "Relation Name": "item",
                                              "Alias": "item_2",
                                              "Startup Cost": 0.0,
                                              "Total Cost": 7389.0,
                                              "Plan Rows": 42500,
                                              "Plan Width": 21,
                                              "parent": 26,
                                              "ID": 27
                                            },
                                            {
                                              "Node Type": "Hash",
                                              "Parent Relationship": "Inner",
                                              "Parallel Aware": true,
                                              "Async Capable": false,
                                              "Startup Cost": 465353.63,
                                              "Total Cost": 465353.63,
                                              "Plan Rows": 827,
                                              "Plan Width": 10,
                                              "Plans": [
                                                {
                                                  "Node Type": "Hash Join",
                                                  "Parent Relationship": "Outer",
                                                  "Parallel Aware": true,
                                                  "Async Capable": false,
                                                  "Join Type": "Inner",
                                                  "Startup Cost": 458281.63,
                                                  "Total Cost": 465353.63,
                                                  "Plan Rows": 827,
                                                  "Plan Width": 10,
                                                  "Inner Unique": false,
                                                  "Hash Cond": "(customer_address_1.ca_address_sk = catalog_sales.cs_bill_addr_sk)",
                                                  "Plans": [
                                                    {
                                                      "Node Type": "Seq Scan",
                                                      "Parent Relationship": "Outer",
                                                      "Parallel Aware": true,
                                                      "Async Capable": false,
                                                      "Relation Name": "customer_address",
                                                      "Alias": "customer_address_1",
                                                      "Startup Cost": 0.0,
                                                      "Total Cost": 6737.08,
                                                      "Plan Rows": 37882,
                                                      "Plan Width": 4,
                                                      "Filter": "(ca_gmt_offset = '-5'::numeric)",
                                                      "parent": 29,
                                                      "ID": 30
                                                    },
                                                    {
                                                      "Node Type": "Hash",
                                                      "Parent Relationship": "Inner",
                                                      "Parallel Aware": true,
                                                      "Async Capable": false,
                                                      "Startup Cost": 458253.04,
                                                      "Total Cost": 458253.04,
                                                      "Plan Rows": 2287,
                                                      "Plan Width": 14,
                                                      "Plans": [
                                                        {
                                                          "Node Type": "Hash Join",
                                                          "Parent Relationship": "Outer",
                                                          "Parallel Aware": true,
                                                          "Async Capable": false,
                                                          "Join Type": "Inner",
                                                          "Startup Cost": 2049.75,
                                                          "Total Cost": 458253.04,
                                                          "Plan Rows": 2287,
                                                          "Plan Width": 14,
                                                          "Inner Unique": false,
                                                          "Hash Cond": "(catalog_sales.cs_sold_date_sk = date_dim_1.d_date_sk)",
                                                          "Plans": [
                                                            {
                                                              "Node Type": "Seq Scan",
                                                              "Parent Relationship": "Outer",
                                                              "Parallel Aware": true,
                                                              "Async Capable": false,
                                                              "Relation Name": "catalog_sales",
                                                              "Alias": "catalog_sales",
                                                              "Startup Cost": 0.0,
                                                              "Total Cost": 433688.25,
                                                              "Plan Rows": 6000525,
                                                              "Plan Width": 18,
                                                              "parent": 32,
                                                              "ID": 33
                                                            },
                                                            {
                                                              "Node Type": "Hash",
                                                              "Parent Relationship": "Inner",
                                                              "Parallel Aware": true,
                                                              "Async Capable": false,
                                                              "Startup Cost": 2049.55,
                                                              "Total Cost": 2049.55,
                                                              "Plan Rows": 16,
                                                              "Plan Width": 4,
                                                              "Plans": [
                                                                {
                                                                  "Node Type": "Seq Scan",
                                                                  "Parent Relationship": "Outer",
                                                                  "Parallel Aware": true,
                                                                  "Async Capable": false,
                                                                  "Relation Name": "date_dim",
                                                                  "Alias": "date_dim_1",
                                                                  "Startup Cost": 0.0,
                                                                  "Total Cost": 2049.55,
                                                                  "Plan Rows": 16,
                                                                  "Plan Width": 4,
                                                                  "Filter": "((d_year = 1999) AND (d_moy = 2))",
                                                                  "parent": 34,
                                                                  "ID": 35
                                                                }
                                                              ],
                                                              "parent": 32,
                                                              "ID": 34,
                                                              "left": 35
                                                            }
                                                          ],
                                                          "parent": 31,
                                                          "ID": 32,
                                                          "left": 33,
                                                          "right": 34
                                                        }
                                                      ],
                                                      "parent": 29,
                                                      "ID": 31,
                                                      "left": 32
                                                    }
                                                  ],
                                                  "parent": 28,
                                                  "ID": 29,
                                                  "left": 30,
                                                  "right": 31
                                                }
                                              ],
                                              "parent": 26,
                                              "ID": 28,
                                              "left": 29
                                            }
                                          ],
                                          "parent": 25,
                                          "ID": 26,
                                          "left": 27,
                                          "right": 28
                                        }
                                      ],
                                      "parent": 24,
                                      "ID": 25,
                                      "left": 26
                                    },
                                    {
                                      "Node Type": "Sort",
                                      "Parent Relationship": "Inner",
                                      "Parallel Aware": false,
                                      "Async Capable": false,
                                      "Startup Cost": 8566.85,
                                      "Total Cost": 8575.39,
                                      "Plan Rows": 3414,
                                      "Plan Width": 17,
                                      "Sort Key": [
                                        "item_3.i_item_id"
                                      ],
                                      "Plans": [
                                        {
                                          "Node Type": "Seq Scan",
                                          "Parent Relationship": "Outer",
                                          "Parallel Aware": false,
                                          "Async Capable": false,
                                          "Relation Name": "item",
                                          "Alias": "item_3",
                                          "Startup Cost": 0.0,
                                          "Total Cost": 8366.5,
                                          "Plan Rows": 3414,
                                          "Plan Width": 17,
                                          "Filter": "(i_color = ANY ('{frosted,red,olive}'::bpchar[]))",
                                          "parent": 36,
                                          "ID": 37
                                        }
                                      ],
                                      "parent": 24,
                                      "ID": 36,
                                      "left": 37
                                    }
                                  ],
                                  "parent": 23,
                                  "ID": 24,
                                  "left": 25,
                                  "right": 36
                                }
                              ],
                              "parent": 22,
                              "ID": 23,
                              "left": 24
                            }
                          ],
                          "parent": 21,
                          "ID": 22,
                          "left": 23
                        }
                      ],
                      "parent": 3,
                      "ID": 21,
                      "left": 22
                    },
                    {
                      "Node Type": "Aggregate",
                      "Strategy": "Sorted",
                      "Partial Mode": "Simple",
                      "Parent Relationship": "Member",
                      "Parallel Aware": false,
                      "Async Capable": false,
                      "Startup Cost": 255195.79,
                      "Total Cost": 255197.31,
                      "Plan Rows": 76,
                      "Plan Width": 49,
                      "Group Key": [
                        "item_4.i_item_id"
                      ],
                      "Plans": [
                        {
                          "Node Type": "Sort",
                          "Parent Relationship": "Outer",
                          "Parallel Aware": false,
                          "Async Capable": false,
                          "Startup Cost": 255195.79,
                          "Total Cost": 255195.98,
                          "Plan Rows": 76,
                          "Plan Width": 23,
                          "Sort Key": [
                            "item_4.i_item_id"
                          ],
                          "Plans": [
                            {
                              "Node Type": "Hash Join",
                              "Parent Relationship": "Outer",
                              "Parallel Aware": false,
                              "Async Capable": false,
                              "Join Type": "Semi",
                              "Startup Cost": 247539.43,
                              "Total Cost": 255193.42,
                              "Plan Rows": 76,
                              "Plan Width": 23,
                              "Inner Unique": false,
                              "Hash Cond": "(item_4.i_item_id = item_5.i_item_id)",
                              "Plans": [
                                {
                                  "Node Type": "Gather",
                                  "Parent Relationship": "Outer",
                                  "Parallel Aware": false,
                                  "Async Capable": false,
                                  "Startup Cost": 239130.25,
                                  "Total Cost": 246780.67,
                                  "Plan Rows": 1003,
                                  "Plan Width": 23,
                                  "Workers Planned": 2,
                                  "Single Copy": false,
                                  "Plans": [
                                    {
                                      "Node Type": "Hash Join",
                                      "Parent Relationship": "Outer",
                                      "Parallel Aware": true,
                                      "Async Capable": false,
                                      "Join Type": "Inner",
                                      "Startup Cost": 238130.25,
                                      "Total Cost": 245680.37,
                                      "Plan Rows": 418,
                                      "Plan Width": 23,
                                      "Inner Unique": false,
                                      "Hash Cond": "(item_4.i_item_sk = web_sales.ws_item_sk)",
                                      "Plans": [
                                        {
                                          "Node Type": "Seq Scan",
                                          "Parent Relationship": "Outer",
                                          "Parallel Aware": true,
                                          "Async Capable": false,
                                          "Relation Name": "item",
                                          "Alias": "item_4",
                                          "Startup Cost": 0.0,
                                          "Total Cost": 7389.0,
                                          "Plan Rows": 42500,
                                          "Plan Width": 21,
                                          "parent": 42,
                                          "ID": 43
                                        },
                                        {
                                          "Node Type": "Hash",
                                          "Parent Relationship": "Inner",
                                          "Parallel Aware": true,
                                          "Async Capable": false,
                                          "Startup Cost": 238125.03,
                                          "Total Cost": 238125.03,
                                          "Plan Rows": 418,
                                          "Plan Width": 10,
                                          "Plans": [
                                            {
                                              "Node Type": "Hash Join",
                                              "Parent Relationship": "Outer",
                                              "Parallel Aware": true,
                                              "Async Capable": false,
                                              "Join Type": "Inner",
                                              "Startup Cost": 231054.74,
                                              "Total Cost": 238125.03,
                                              "Plan Rows": 418,
                                              "Plan Width": 10,
                                              "Inner Unique": false,
                                              "Hash Cond": "(customer_address_2.ca_address_sk = web_sales.ws_bill_addr_sk)",
                                              "Plans": [
                                                {
                                                  "Node Type": "Seq Scan",
                                                  "Parent Relationship": "Outer",
                                                  "Parallel Aware": true,
                                                  "Async Capable": false,
                                                  "Relation Name": "customer_address",
                                                  "Alias": "customer_address_2",
                                                  "Startup Cost": 0.0,
                                                  "Total Cost": 6737.08,
                                                  "Plan Rows": 37882,
                                                  "Plan Width": 4,
                                                  "Filter": "(ca_gmt_offset = '-5'::numeric)",
                                                  "parent": 45,
                                                  "ID": 46
                                                },
                                                {
                                                  "Node Type": "Hash",
                                                  "Parent Relationship": "Inner",
                                                  "Parallel Aware": true,
                                                  "Async Capable": false,
                                                  "Startup Cost": 231040.38,
                                                  "Total Cost": 231040.38,
                                                  "Plan Rows": 1149,
                                                  "Plan Width": 14,
                                                  "Plans": [
                                                    {
                                                      "Node Type": "Hash Join",
                                                      "Parent Relationship": "Outer",
                                                      "Parallel Aware": true,
                                                      "Async Capable": false,
                                                      "Join Type": "Inner",
                                                      "Startup Cost": 2049.75,
                                                      "Total Cost": 231040.38,
                                                      "Plan Rows": 1149,
                                                      "Plan Width": 14,
                                                      "Inner Unique": false,
                                                      "Hash Cond": "(web_sales.ws_sold_date_sk = date_dim_2.d_date_sk)",
                                                      "Plans": [
                                                        {
                                                          "Node Type": "Seq Scan",
                                                          "Parent Relationship": "Outer",
                                                          "Parallel Aware": true,
                                                          "Async Capable": false,
                                                          "Relation Name": "web_sales",
                                                          "Alias": "web_sales",
                                                          "Startup Cost": 0.0,
                                                          "Total Cost": 217737.86,
                                                          "Plan Rows": 2998986,
                                                          "Plan Width": 18,
                                                          "parent": 48,
                                                          "ID": 49
                                                        },
                                                        {
                                                          "Node Type": "Hash",
                                                          "Parent Relationship": "Inner",
                                                          "Parallel Aware": true,
                                                          "Async Capable": false,
                                                          "Startup Cost": 2049.55,
                                                          "Total Cost": 2049.55,
                                                          "Plan Rows": 16,
                                                          "Plan Width": 4,
                                                          "Plans": [
                                                            {
                                                              "Node Type": "Seq Scan",
                                                              "Parent Relationship": "Outer",
                                                              "Parallel Aware": true,
                                                              "Async Capable": false,
                                                              "Relation Name": "date_dim",
                                                              "Alias": "date_dim_2",
                                                              "Startup Cost": 0.0,
                                                              "Total Cost": 2049.55,
                                                              "Plan Rows": 16,
                                                              "Plan Width": 4,
                                                              "Filter": "((d_year = 1999) AND (d_moy = 2))",
                                                              "parent": 50,
                                                              "ID": 51
                                                            }
                                                          ],
                                                          "parent": 48,
                                                          "ID": 50,
                                                          "left": 51
                                                        }
                                                      ],
                                                      "parent": 47,
                                                      "ID": 48,
                                                      "left": 49,
                                                      "right": 50
                                                    }
                                                  ],
                                                  "parent": 45,
                                                  "ID": 47,
                                                  "left": 48
                                                }
                                              ],
                                              "parent": 44,
                                              "ID": 45,
                                              "left": 46,
                                              "right": 47
                                            }
                                          ],
                                          "parent": 42,
                                          "ID": 44,
                                          "left": 45
                                        }
                                      ],
                                      "parent": 41,
                                      "ID": 42,
                                      "left": 43,
                                      "right": 44
                                    }
                                  ],
                                  "parent": 40,
                                  "ID": 41,
                                  "left": 42
                                },
                                {
                                  "Node Type": "Hash",
                                  "Parent Relationship": "Inner",
                                  "Parallel Aware": false,
                                  "Async Capable": false,
                                  "Startup Cost": 8366.5,
                                  "Total Cost": 8366.5,
                                  "Plan Rows": 3414,
                                  "Plan Width": 17,
                                  "Plans": [
                                    {
                                      "Node Type": "Seq Scan",
                                      "Parent Relationship": "Outer",
                                      "Parallel Aware": false,
                                      "Async Capable": false,
                                      "Relation Name": "item",
                                      "Alias": "item_5",
                                      "Startup Cost": 0.0,
                                      "Total Cost": 8366.5,
                                      "Plan Rows": 3414,
                                      "Plan Width": 17,
                                      "Filter": "(i_color = ANY ('{frosted,red,olive}'::bpchar[]))",
                                      "parent": 52,
                                      "ID": 53
                                    }
                                  ],
                                  "parent": 40,
                                  "ID": 52,
                                  "left": 53
                                }
                              ],
                              "parent": 39,
                              "ID": 40,
                              "left": 41,
                              "right": 52
                            }
                          ],
                          "parent": 38,
                          "ID": 39,
                          "left": 40
                        }
                      ],
                      "parent": 3,
                      "ID": 38,
                      "left": 39
                    }
                  ],
                  "parent": 2,
                  "ID": 3,
                  "left": 4,
                  "right": 21
                }
              ],
              "parent": 1,
              "ID": 2,
              "left": 3
            }
          ],
          "parent": 0,
          "ID": 1,
          "left": 2
        }
      ],
      "parent": null,
      "ID": 0,
      "left": 1
    },
    "feat": {
      "utility": 0.0057680413186262615,
      "query_shape": [
        [
          "Seq Scan",
          "Hash Join",
          "Sort",
          "Merge Join",
          "Aggregate",
          "Gather Merge",
          "Merge Append"
        ],
        [
          "Seq Scan",
          "Hash Join",
          "Hash",
          "Sort",
          "Merge Join",
          "Aggregate",
          "Gather Merge",
          "Merge Append"
        ],
        [
          "Seq Scan",
          "Hash Join",
          "Hash",
          "Sort",
          "Merge Join",
          "Aggregate",
          "Gather Merge",
          "Merge Append"
        ],
        [
          "Seq Scan",
          "Hash",
          "Hash Join",
          "Sort",
          "Merge Join",
          "Aggregate",
          "Gather Merge",
          "Merge Append"
        ],
        [
          "Seq Scan",
          "Sort",
          "Merge Join",
          "Aggregate",
          "Gather Merge",
          "Merge Append"
        ],
        [
          "Seq Scan",
          "Hash Join",
          "Sort",
          "Merge Join",
          "Aggregate",
          "Gather Merge",
          "Merge Append"
        ],
        [
          "Seq Scan",
          "Hash Join",
          "Hash",
          "Sort",
          "Merge Join",
          "Aggregate",
          "Gather Merge",
          "Merge Append"
        ],
        [
          "Seq Scan",
          "Hash Join",
          "Hash",
          "Sort",
          "Merge Join",
          "Aggregate",
          "Gather Merge",
          "Merge Append"
        ],
        [
          "Seq Scan",
          "Hash",
          "Hash Join",
          "Sort",
          "Merge Join",
          "Aggregate",
          "Gather Merge",
          "Merge Append"
        ],
        [
          "Seq Scan",
          "Sort",
          "Merge Join",
          "Aggregate",
          "Gather Merge",
          "Merge Append"
        ],
        [
          "Seq Scan",
          "Hash Join",
          "Gather",
          "Sort",
          "Aggregate",
          "Merge Append"
        ],
        [
          "Seq Scan",
          "Hash Join",
          "Hash",
          "Gather",
          "Sort",
          "Aggregate",
          "Merge Append"
        ],
        [
          "Seq Scan",
          "Hash Join",
          "Hash",
          "Gather",
          "Sort",
          "Aggregate",
          "Merge Append"
        ],
        [
          "Seq Scan",
          "Hash",
          "Hash Join",
          "Gather",
          "Sort",
          "Aggregate",
          "Merge Append"
        ],
        [
          "Seq Scan",
          "Hash",
          "Hash Join",
          "Sort",
          "Aggregate",
          "Merge Append"
        ]
      ],
      "index_shape": [
        "join"
      ],
      "physical_operator": {
        "Hash Join": [
          0.0030989293603588645
        ]
      }
    }
  },
  {
    "query": "with ss as (\n select i_item_id,sum(ss_ext_sales_price) total_sales\n from\n \tstore_sales,\n \tdate_dim,\n         customer_address,\n         item\n where i_item_id in (select\n     i_item_id\nfrom item\nwhere i_color in ('frosted','red','olive'))\n and     ss_item_sk              = i_item_sk\n and     ss_sold_date_sk         = d_date_sk\n and     d_year                  = 1999\n and     d_moy                   = 2\n and     ss_addr_sk              = ca_address_sk\n and     ca_gmt_offset           = -5 \n group by i_item_id),\n cs as (\n select i_item_id,sum(cs_ext_sales_price) total_sales\n from\n \tcatalog_sales,\n \tdate_dim,\n         customer_address,\n         item\n where\n         i_item_id               in (select\n  i_item_id\nfrom item\nwhere i_color in ('frosted','red','olive'))\n and     cs_item_sk              = i_item_sk\n and     cs_sold_date_sk         = d_date_sk\n and     d_year                  = 1999\n and     d_moy                   = 2\n and     cs_bill_addr_sk         = ca_address_sk\n and     ca_gmt_offset           = -5 \n group by i_item_id),\n ws as (\n select i_item_id,sum(ws_ext_sales_price) total_sales\n from\n \tweb_sales,\n \tdate_dim,\n         customer_address,\n         item\n where\n         i_item_id               in (select\n  i_item_id\nfrom item\nwhere i_color in ('frosted','red','olive'))\n and     ws_item_sk              = i_item_sk\n and     ws_sold_date_sk         = d_date_sk\n and     d_year                  = 1999\n and     d_moy                   = 2\n and     ws_bill_addr_sk         = ca_address_sk\n and     ca_gmt_offset           = -5\n group by i_item_id)\n  select  i_item_id ,sum(total_sales) total_sales\n from  (select * from ss \n        union all\n        select * from cs \n        union all\n        select * from ws) tmp1\n group by i_item_id\n order by total_sales,\n          i_item_id\n limit 100;\n\n-- end query 40 in stream 3 using template query56.tpl\n",
    "indexes": "web_sales.ws_ext_sales_price",
    "wo plan est": {
      "Node Type": "Limit",
      "Parallel Aware": false,
      "Async Capable": false,
      "Startup Cost": 1445997.16,
      "Total Cost": 1445997.41,
      "Plan Rows": 100,
      "Plan Width": 49,
      "Plans": [
        {
          "Node Type": "Sort",
          "Parent Relationship": "Outer",
          "Parallel Aware": false,
          "Async Capable": false,
          "Startup Cost": 1445997.16,
          "Total Cost": 1445997.66,
          "Plan Rows": 200,
          "Plan Width": 49,
          "Sort Key": [
            "(sum((sum(store_sales.ss_ext_sales_price))))",
            "item.i_item_id"
          ],
          "Plans": [
            {
              "Node Type": "Aggregate",
              "Strategy": "Sorted",
              "Partial Mode": "Simple",
              "Parent Relationship": "Outer",
              "Parallel Aware": false,
              "Async Capable": false,
              "Startup Cost": 1445871.82,
              "Total Cost": 1445989.52,
              "Plan Rows": 200,
              "Plan Width": 49,
              "Group Key": [
                "item.i_item_id"
              ],
              "Plans": [
                {
                  "Node Type": "Merge Append",
                  "Parent Relationship": "Outer",
                  "Parallel Aware": false,
                  "Async Capable": false,
                  "Startup Cost": 1445871.82,
                  "Total Cost": 1445984.5,
                  "Plan Rows": 503,
                  "Plan Width": 49,
                  "Sort Key": [
                    "item.i_item_id"
                  ],
                  "Subplans Removed": 0,
                  "Plans": [
                    {
                      "Node Type": "Aggregate",
                      "Strategy": "Sorted",
                      "Partial Mode": "Finalize",
                      "Parent Relationship": "Member",
                      "Parallel Aware": false,
                      "Async Capable": false,
                      "Startup Cost": 708153.26,
                      "Total Cost": 708212.85,
                      "Plan Rows": 277,
                      "Plan Width": 49,
                      "Group Key": [
                        "item.i_item_id"
                      ],
                      "Plans": [
                        {
                          "Node Type": "Gather Merge",
                          "Parent Relationship": "Outer",
                          "Parallel Aware": false,
                          "Async Capable": false,
                          "Startup Cost": 708153.26,
                          "Total Cost": 708207.66,
                          "Plan Rows": 230,
                          "Plan Width": 49,
                          "Workers Planned": 2,
                          "Plans": [
                            {
                              "Node Type": "Aggregate",
                              "Strategy": "Sorted",
                              "Partial Mode": "Partial",
                              "Parent Relationship": "Outer",
                              "Parallel Aware": false,
                              "Async Capable": false,
                              "Startup Cost": 707153.23,
                              "Total Cost": 707181.09,
                              "Plan Rows": 115,
                              "Plan Width": 49,
                              "Group Key": [
                                "item.i_item_id"
                              ],
                              "Plans": [
                                {
                                  "Node Type": "Merge Join",
                                  "Parent Relationship": "Outer",
                                  "Parallel Aware": false,
                                  "Async Capable": false,
                                  "Join Type": "Semi",
                                  "Startup Cost": 707153.23,
                                  "Total Cost": 707179.08,
                                  "Plan Rows": 115,
                                  "Plan Width": 23,
                                  "Inner Unique": false,
                                  "Merge Cond": "(item.i_item_id = item_1.i_item_id)",
                                  "Plans": [
                                    {
                                      "Node Type": "Sort",
                                      "Parent Relationship": "Outer",
                                      "Parallel Aware": false,
                                      "Async Capable": false,
                                      "Startup Cost": 698586.38,
                                      "Total Cost": 698590.19,
                                      "Plan Rows": 1525,
                                      "Plan Width": 23,
                                      "Sort Key": [
                                        "item.i_item_id"
                                      ],
                                      "Plans": [
                                        {
                                          "Node Type": "Hash Join",
                                          "Parent Relationship": "Outer",
                                          "Parallel Aware": true,
                                          "Async Capable": false,
                                          "Join Type": "Inner",
                                          "Startup Cost": 690951.02,
                                          "Total Cost": 698505.75,
                                          "Plan Rows": 1525,
                                          "Plan Width": 23,
                                          "Inner Unique": false,
                                          "Hash Cond": "(item.i_item_sk = store_sales.ss_item_sk)",
                                          "Plans": [
                                            {
                                              "Node Type": "Seq Scan",
                                              "Parent Relationship": "Outer",
                                              "Parallel Aware": true,
                                              "Async Capable": false,
                                              "Relation Name": "item",
                                              "Alias": "item",
                                              "Startup Cost": 0.0,
                                              "Total Cost": 7389.0,
                                              "Plan Rows": 42500,
                                              "Plan Width": 21,
                                              "parent": 9,
                                              "ID": 10
                                            },
                                            {
                                              "Node Type": "Hash",
                                              "Parent Relationship": "Inner",
                                              "Parallel Aware": true,
                                              "Async Capable": false,
                                              "Startup Cost": 690931.96,
                                              "Total Cost": 690931.96,
                                              "Plan Rows": 1525,
                                              "Plan Width": 10,
                                              "Plans": [
                                                {
                                                  "Node Type": "Hash Join",
                                                  "Parent Relationship": "Outer",
                                                  "Parallel Aware": true,
                                                  "Async Capable": false,
                                                  "Join Type": "Inner",
                                                  "Startup Cost": 684046.46,
                                                  "Total Cost": 690931.96,
                                                  "Plan Rows": 1525,
                                                  "Plan Width": 10,
                                                  "Inner Unique": false,
                                                  "Hash Cond": "(customer_address.ca_address_sk = store_sales.ss_addr_sk)",
                                                  "Plans": [
                                                    {
                                                      "Node Type": "Seq Scan",
                                                      "Parent Relationship": "Outer",
                                                      "Parallel Aware": true,
                                                      "Async Capable": false,
                                                      "Relation Name": "customer_address",
                                                      "Alias": "customer_address",
                                                      "Startup Cost": 0.0,
                                                      "Total Cost": 6737.08,
                                                      "Plan Rows": 37882,
                                                      "Plan Width": 4,
                                                      "Filter": "(ca_gmt_offset = '-5'::numeric)",
                                                      "parent": 12,
                                                      "ID": 13
                                                    },
                                                    {
                                                      "Node Type": "Hash",
                                                      "Parent Relationship": "Inner",
                                                      "Parallel Aware": true,
                                                      "Async Capable": false,
                                                      "Startup Cost": 683991.59,
                                                      "Total Cost": 683991.59,
                                                      "Plan Rows": 4390,
                                                      "Plan Width": 14,
                                                      "Plans": [
                                                        {
                                                          "Node Type": "Hash Join",
                                                          "Parent Relationship": "Outer",
                                                          "Parallel Aware": true,
                                                          "Async Capable": false,
                                                          "Join Type": "Inner",
                                                          "Startup Cost": 2049.75,
                                                          "Total Cost": 683991.59,
                                                          "Plan Rows": 4390,
                                                          "Plan Width": 14,
                                                          "Inner Unique": false,
                                                          "Hash Cond": "(store_sales.ss_sold_date_sk = date_dim.d_date_sk)",
                                                          "Plans": [
                                                            {
                                                              "Node Type": "Seq Scan",
                                                              "Parent Relationship": "Outer",
                                                              "Parallel Aware": true,
                                                              "Async Capable": false,
                                                              "Relation Name": "store_sales",
                                                              "Alias": "store_sales",
                                                              "Startup Cost": 0.0,
                                                              "Total Cost": 636914.37,
                                                              "Plan Rows": 12000637,
                                                              "Plan Width": 18,
                                                              "parent": 15,
                                                              "ID": 16
                                                            },
                                                            {
                                                              "Node Type": "Hash",
                                                              "Parent Relationship": "Inner",
                                                              "Parallel Aware": true,
                                                              "Async Capable": false,
                                                              "Startup Cost": 2049.55,
                                                              "Total Cost": 2049.55,
                                                              "Plan Rows": 16,
                                                              "Plan Width": 4,
                                                              "Plans": [
                                                                {
                                                                  "Node Type": "Seq Scan",
                                                                  "Parent Relationship": "Outer",
                                                                  "Parallel Aware": true,
                                                                  "Async Capable": false,
                                                                  "Relation Name": "date_dim",
                                                                  "Alias": "date_dim",
                                                                  "Startup Cost": 0.0,
                                                                  "Total Cost": 2049.55,
                                                                  "Plan Rows": 16,
                                                                  "Plan Width": 4,
                                                                  "Filter": "((d_year = 1999) AND (d_moy = 2))",
                                                                  "parent": 17,
                                                                  "ID": 18
                                                                }
                                                              ],
                                                              "parent": 15,
                                                              "ID": 17,
                                                              "left": 18
                                                            }
                                                          ],
                                                          "parent": 14,
                                                          "ID": 15,
                                                          "left": 16,
                                                          "right": 17
                                                        }
                                                      ],
                                                      "parent": 12,
                                                      "ID": 14,
                                                      "left": 15
                                                    }
                                                  ],
                                                  "parent": 11,
                                                  "ID": 12,
                                                  "left": 13,
                                                  "right": 14
                                                }
                                              ],
                                              "parent": 9,
                                              "ID": 11,
                                              "left": 12
                                            }
                                          ],
                                          "parent": 8,
                                          "ID": 9,
                                          "left": 10,
                                          "right": 11
                                        }
                                      ],
                                      "parent": 7,
                                      "ID": 8,
                                      "left": 9
                                    },
                                    {
                                      "Node Type": "Sort",
                                      "Parent Relationship": "Inner",
                                      "Parallel Aware": false,
                                      "Async Capable": false,
                                      "Startup Cost": 8566.85,
                                      "Total Cost": 8575.39,
                                      "Plan Rows": 3414,
                                      "Plan Width": 17,
                                      "Sort Key": [
                                        "item_1.i_item_id"
                                      ],
                                      "Plans": [
                                        {
                                          "Node Type": "Seq Scan",
                                          "Parent Relationship": "Outer",
                                          "Parallel Aware": false,
                                          "Async Capable": false,
                                          "Relation Name": "item",
                                          "Alias": "item_1",
                                          "Startup Cost": 0.0,
                                          "Total Cost": 8366.5,
                                          "Plan Rows": 3414,
                                          "Plan Width": 17,
                                          "Filter": "(i_color = ANY ('{frosted,red,olive}'::bpchar[]))",
                                          "parent": 19,
                                          "ID": 20
                                        }
                                      ],
                                      "parent": 7,
                                      "ID": 19,
                                      "left": 20
                                    }
                                  ],
                                  "parent": 6,
                                  "ID": 7,
                                  "left": 8,
                                  "right": 19
                                }
                              ],
                              "parent": 5,
                              "ID": 6,
                              "left": 7
                            }
                          ],
                          "parent": 4,
                          "ID": 5,
                          "left": 6
                        }
                      ],
                      "parent": 3,
                      "ID": 4,
                      "left": 5
                    },
                    {
                      "Node Type": "Aggregate",
                      "Strategy": "Sorted",
                      "Partial Mode": "Finalize",
                      "Parent Relationship": "Member",
                      "Parallel Aware": false,
                      "Async Capable": false,
                      "Startup Cost": 482522.75,
                      "Total Cost": 482562.79,
                      "Plan Rows": 150,
                      "Plan Width": 49,
                      "Group Key": [
                        "item_2.i_item_id"
                      ],
                      "Plans": [
                        {
                          "Node Type": "Gather Merge",
                          "Parent Relationship": "Outer",
                          "Parallel Aware": false,
                          "Async Capable": false,
                          "Startup Cost": 482522.75,
                          "Total Cost": 482559.98,
                          "Plan Rows": 124,
                          "Plan Width": 49,
                          "Workers Planned": 2,
                          "Plans": [
                            {
                              "Node Type": "Aggregate",
                              "Strategy": "Sorted",
                              "Partial Mode": "Partial",
                              "Parent Relationship": "Outer",
                              "Parallel Aware": false,
                              "Async Capable": false,
                              "Startup Cost": 481522.72,
                              "Total Cost": 481545.64,
                              "Plan Rows": 62,
                              "Plan Width": 49,
                              "Group Key": [
                                "item_2.i_item_id"
                              ],
                              "Plans": [
                                {
                                  "Node Type": "Merge Join",
                                  "Parent Relationship": "Outer",
                                  "Parallel Aware": false,
                                  "Async Capable": false,
                                  "Join Type": "Semi",
                                  "Startup Cost": 481522.72,
                                  "Total Cost": 481544.56,
                                  "Plan Rows": 62,
                                  "Plan Width": 23,
                                  "Inner Unique": false,
                                  "Merge Cond": "(item_2.i_item_id = item_3.i_item_id)",
                                  "Plans": [
                                    {
                                      "Node Type": "Sort",
                                      "Parent Relationship": "Outer",
                                      "Parallel Aware": false,
                                      "Async Capable": false,
                                      "Startup Cost": 472955.87,
                                      "Total Cost": 472957.94,
                                      "Plan Rows": 827,
                                      "Plan Width": 23,
                                      "Sort Key": [
                                        "item_2.i_item_id"
                                      ],
                                      "Plans": [
                                        {
                                          "Node Type": "Hash Join",
                                          "Parent Relationship": "Outer",
                                          "Parallel Aware": true,
                                          "Async Capable": false,
                                          "Join Type": "Inner",
                                          "Startup Cost": 465363.97,
                                          "Total Cost": 472915.79,
                                          "Plan Rows": 827,
                                          "Plan Width": 23,
                                          "Inner Unique": false,
                                          "Hash Cond": "(item_2.i_item_sk = catalog_sales.cs_item_sk)",
                                          "Plans": [
                                            {
                                              "Node Type": "Seq Scan",
                                              "Parent Relationship": "Outer",
                                              "Parallel Aware": true,
                                              "Async Capable": false,
                                              "Relation Name": "item",
                                              "Alias": "item_2",
                                              "Startup Cost": 0.0,
                                              "Total Cost": 7389.0,
                                              "Plan Rows": 42500,
                                              "Plan Width": 21,
                                              "parent": 26,
                                              "ID": 27
                                            },
                                            {
                                              "Node Type": "Hash",
                                              "Parent Relationship": "Inner",
                                              "Parallel Aware": true,
                                              "Async Capable": false,
                                              "Startup Cost": 465353.63,
                                              "Total Cost": 465353.63,
                                              "Plan Rows": 827,
                                              "Plan Width": 10,
                                              "Plans": [
                                                {
                                                  "Node Type": "Hash Join",
                                                  "Parent Relationship": "Outer",
                                                  "Parallel Aware": true,
                                                  "Async Capable": false,
                                                  "Join Type": "Inner",
                                                  "Startup Cost": 458281.63,
                                                  "Total Cost": 465353.63,
                                                  "Plan Rows": 827,
                                                  "Plan Width": 10,
                                                  "Inner Unique": false,
                                                  "Hash Cond": "(customer_address_1.ca_address_sk = catalog_sales.cs_bill_addr_sk)",
                                                  "Plans": [
                                                    {
                                                      "Node Type": "Seq Scan",
                                                      "Parent Relationship": "Outer",
                                                      "Parallel Aware": true,
                                                      "Async Capable": false,
                                                      "Relation Name": "customer_address",
                                                      "Alias": "customer_address_1",
                                                      "Startup Cost": 0.0,
                                                      "Total Cost": 6737.08,
                                                      "Plan Rows": 37882,
                                                      "Plan Width": 4,
                                                      "Filter": "(ca_gmt_offset = '-5'::numeric)",
                                                      "parent": 29,
                                                      "ID": 30
                                                    },
                                                    {
                                                      "Node Type": "Hash",
                                                      "Parent Relationship": "Inner",
                                                      "Parallel Aware": true,
                                                      "Async Capable": false,
                                                      "Startup Cost": 458253.04,
                                                      "Total Cost": 458253.04,
                                                      "Plan Rows": 2287,
                                                      "Plan Width": 14,
                                                      "Plans": [
                                                        {
                                                          "Node Type": "Hash Join",
                                                          "Parent Relationship": "Outer",
                                                          "Parallel Aware": true,
                                                          "Async Capable": false,
                                                          "Join Type": "Inner",
                                                          "Startup Cost": 2049.75,
                                                          "Total Cost": 458253.04,
                                                          "Plan Rows": 2287,
                                                          "Plan Width": 14,
                                                          "Inner Unique": false,
                                                          "Hash Cond": "(catalog_sales.cs_sold_date_sk = date_dim_1.d_date_sk)",
                                                          "Plans": [
                                                            {
                                                              "Node Type": "Seq Scan",
                                                              "Parent Relationship": "Outer",
                                                              "Parallel Aware": true,
                                                              "Async Capable": false,
                                                              "Relation Name": "catalog_sales",
                                                              "Alias": "catalog_sales",
                                                              "Startup Cost": 0.0,
                                                              "Total Cost": 433688.25,
                                                              "Plan Rows": 6000525,
                                                              "Plan Width": 18,
                                                              "parent": 32,
                                                              "ID": 33
                                                            },
                                                            {
                                                              "Node Type": "Hash",
                                                              "Parent Relationship": "Inner",
                                                              "Parallel Aware": true,
                                                              "Async Capable": false,
                                                              "Startup Cost": 2049.55,
                                                              "Total Cost": 2049.55,
                                                              "Plan Rows": 16,
                                                              "Plan Width": 4,
                                                              "Plans": [
                                                                {
                                                                  "Node Type": "Seq Scan",
                                                                  "Parent Relationship": "Outer",
                                                                  "Parallel Aware": true,
                                                                  "Async Capable": false,
                                                                  "Relation Name": "date_dim",
                                                                  "Alias": "date_dim_1",
                                                                  "Startup Cost": 0.0,
                                                                  "Total Cost": 2049.55,
                                                                  "Plan Rows": 16,
                                                                  "Plan Width": 4,
                                                                  "Filter": "((d_year = 1999) AND (d_moy = 2))",
                                                                  "parent": 34,
                                                                  "ID": 35
                                                                }
                                                              ],
                                                              "parent": 32,
                                                              "ID": 34,
                                                              "left": 35
                                                            }
                                                          ],
                                                          "parent": 31,
                                                          "ID": 32,
                                                          "left": 33,
                                                          "right": 34
                                                        }
                                                      ],
                                                      "parent": 29,
                                                      "ID": 31,
                                                      "left": 32
                                                    }
                                                  ],
                                                  "parent": 28,
                                                  "ID": 29,
                                                  "left": 30,
                                                  "right": 31
                                                }
                                              ],
                                              "parent": 26,
                                              "ID": 28,
                                              "left": 29
                                            }
                                          ],
                                          "parent": 25,
                                          "ID": 26,
                                          "left": 27,
                                          "right": 28
                                        }
                                      ],
                                      "parent": 24,
                                      "ID": 25,
                                      "left": 26
                                    },
                                    {
                                      "Node Type": "Sort",
                                      "Parent Relationship": "Inner",
                                      "Parallel Aware": false,
                                      "Async Capable": false,
                                      "Startup Cost": 8566.85,
                                      "Total Cost": 8575.39,
                                      "Plan Rows": 3414,
                                      "Plan Width": 17,
                                      "Sort Key": [
                                        "item_3.i_item_id"
                                      ],
                                      "Plans": [
                                        {
                                          "Node Type": "Seq Scan",
                                          "Parent Relationship": "Outer",
                                          "Parallel Aware": false,
                                          "Async Capable": false,
                                          "Relation Name": "item",
                                          "Alias": "item_3",
                                          "Startup Cost": 0.0,
                                          "Total Cost": 8366.5,
                                          "Plan Rows": 3414,
                                          "Plan Width": 17,
                                          "Filter": "(i_color = ANY ('{frosted,red,olive}'::bpchar[]))",
                                          "parent": 36,
                                          "ID": 37
                                        }
                                      ],
                                      "parent": 24,
                                      "ID": 36,
                                      "left": 37
                                    }
                                  ],
                                  "parent": 23,
                                  "ID": 24,
                                  "left": 25,
                                  "right": 36
                                }
                              ],
                              "parent": 22,
                              "ID": 23,
                              "left": 24
                            }
                          ],
                          "parent": 21,
                          "ID": 22,
                          "left": 23
                        }
                      ],
                      "parent": 3,
                      "ID": 21,
                      "left": 22
                    },
                    {
                      "Node Type": "Aggregate",
                      "Strategy": "Sorted",
                      "Partial Mode": "Simple",
                      "Parent Relationship": "Member",
                      "Parallel Aware": false,
                      "Async Capable": false,
                      "Startup Cost": 255195.79,
                      "Total Cost": 255197.31,
                      "Plan Rows": 76,
                      "Plan Width": 49,
                      "Group Key": [
                        "item_4.i_item_id"
                      ],
                      "Plans": [
                        {
                          "Node Type": "Sort",
                          "Parent Relationship": "Outer",
                          "Parallel Aware": false,
                          "Async Capable": false,
                          "Startup Cost": 255195.79,
                          "Total Cost": 255195.98,
                          "Plan Rows": 76,
                          "Plan Width": 23,
                          "Sort Key": [
                            "item_4.i_item_id"
                          ],
                          "Plans": [
                            {
                              "Node Type": "Hash Join",
                              "Parent Relationship": "Outer",
                              "Parallel Aware": false,
                              "Async Capable": false,
                              "Join Type": "Semi",
                              "Startup Cost": 247539.43,
                              "Total Cost": 255193.42,
                              "Plan Rows": 76,
                              "Plan Width": 23,
                              "Inner Unique": false,
                              "Hash Cond": "(item_4.i_item_id = item_5.i_item_id)",
                              "Plans": [
                                {
                                  "Node Type": "Gather",
                                  "Parent Relationship": "Outer",
                                  "Parallel Aware": false,
                                  "Async Capable": false,
                                  "Startup Cost": 239130.25,
                                  "Total Cost": 246780.67,
                                  "Plan Rows": 1003,
                                  "Plan Width": 23,
                                  "Workers Planned": 2,
                                  "Single Copy": false,
                                  "Plans": [
                                    {
                                      "Node Type": "Hash Join",
                                      "Parent Relationship": "Outer",
                                      "Parallel Aware": true,
                                      "Async Capable": false,
                                      "Join Type": "Inner",
                                      "Startup Cost": 238130.25,
                                      "Total Cost": 245680.37,
                                      "Plan Rows": 418,
                                      "Plan Width": 23,
                                      "Inner Unique": false,
                                      "Hash Cond": "(item_4.i_item_sk = web_sales.ws_item_sk)",
                                      "Plans": [
                                        {
                                          "Node Type": "Seq Scan",
                                          "Parent Relationship": "Outer",
                                          "Parallel Aware": true,
                                          "Async Capable": false,
                                          "Relation Name": "item",
                                          "Alias": "item_4",
                                          "Startup Cost": 0.0,
                                          "Total Cost": 7389.0,
                                          "Plan Rows": 42500,
                                          "Plan Width": 21,
                                          "parent": 42,
                                          "ID": 43
                                        },
                                        {
                                          "Node Type": "Hash",
                                          "Parent Relationship": "Inner",
                                          "Parallel Aware": true,
                                          "Async Capable": false,
                                          "Startup Cost": 238125.03,
                                          "Total Cost": 238125.03,
                                          "Plan Rows": 418,
                                          "Plan Width": 10,
                                          "Plans": [
                                            {
                                              "Node Type": "Hash Join",
                                              "Parent Relationship": "Outer",
                                              "Parallel Aware": true,
                                              "Async Capable": false,
                                              "Join Type": "Inner",
                                              "Startup Cost": 231054.74,
                                              "Total Cost": 238125.03,
                                              "Plan Rows": 418,
                                              "Plan Width": 10,
                                              "Inner Unique": false,
                                              "Hash Cond": "(customer_address_2.ca_address_sk = web_sales.ws_bill_addr_sk)",
                                              "Plans": [
                                                {
                                                  "Node Type": "Seq Scan",
                                                  "Parent Relationship": "Outer",
                                                  "Parallel Aware": true,
                                                  "Async Capable": false,
                                                  "Relation Name": "customer_address",
                                                  "Alias": "customer_address_2",
                                                  "Startup Cost": 0.0,
                                                  "Total Cost": 6737.08,
                                                  "Plan Rows": 37882,
                                                  "Plan Width": 4,
                                                  "Filter": "(ca_gmt_offset = '-5'::numeric)",
                                                  "parent": 45,
                                                  "ID": 46
                                                },
                                                {
                                                  "Node Type": "Hash",
                                                  "Parent Relationship": "Inner",
                                                  "Parallel Aware": true,
                                                  "Async Capable": false,
                                                  "Startup Cost": 231040.38,
                                                  "Total Cost": 231040.38,
                                                  "Plan Rows": 1149,
                                                  "Plan Width": 14,
                                                  "Plans": [
                                                    {
                                                      "Node Type": "Hash Join",
                                                      "Parent Relationship": "Outer",
                                                      "Parallel Aware": true,
                                                      "Async Capable": false,
                                                      "Join Type": "Inner",
                                                      "Startup Cost": 2049.75,
                                                      "Total Cost": 231040.38,
                                                      "Plan Rows": 1149,
                                                      "Plan Width": 14,
                                                      "Inner Unique": false,
                                                      "Hash Cond": "(web_sales.ws_sold_date_sk = date_dim_2.d_date_sk)",
                                                      "Plans": [
                                                        {
                                                          "Node Type": "Seq Scan",
                                                          "Parent Relationship": "Outer",
                                                          "Parallel Aware": true,
                                                          "Async Capable": false,
                                                          "Relation Name": "web_sales",
                                                          "Alias": "web_sales",
                                                          "Startup Cost": 0.0,
                                                          "Total Cost": 217737.86,
                                                          "Plan Rows": 2998986,
                                                          "Plan Width": 18,
                                                          "parent": 48,
                                                          "ID": 49
                                                        },
                                                        {
                                                          "Node Type": "Hash",
                                                          "Parent Relationship": "Inner",
                                                          "Parallel Aware": true,
                                                          "Async Capable": false,
                                                          "Startup Cost": 2049.55,
                                                          "Total Cost": 2049.55,
                                                          "Plan Rows": 16,
                                                          "Plan Width": 4,
                                                          "Plans": [
                                                            {
                                                              "Node Type": "Seq Scan",
                                                              "Parent Relationship": "Outer",
                                                              "Parallel Aware": true,
                                                              "Async Capable": false,
                                                              "Relation Name": "date_dim",
                                                              "Alias": "date_dim_2",
                                                              "Startup Cost": 0.0,
                                                              "Total Cost": 2049.55,
                                                              "Plan Rows": 16,
                                                              "Plan Width": 4,
                                                              "Filter": "((d_year = 1999) AND (d_moy = 2))",
                                                              "parent": 50,
                                                              "ID": 51
                                                            }
                                                          ],
                                                          "parent": 48,
                                                          "ID": 50,
                                                          "left": 51
                                                        }
                                                      ],
                                                      "parent": 47,
                                                      "ID": 48,
                                                      "left": 49,
                                                      "right": 50
                                                    }
                                                  ],
                                                  "parent": 45,
                                                  "ID": 47,
                                                  "left": 48
                                                }
                                              ],
                                              "parent": 44,
                                              "ID": 45,
                                              "left": 46,
                                              "right": 47
                                            }
                                          ],
                                          "parent": 42,
                                          "ID": 44,
                                          "left": 45
                                        }
                                      ],
                                      "parent": 41,
                                      "ID": 42,
                                      "left": 43,
                                      "right": 44
                                    }
                                  ],
                                  "parent": 40,
                                  "ID": 41,
                                  "left": 42
                                },
                                {
                                  "Node Type": "Hash",
                                  "Parent Relationship": "Inner",
                                  "Parallel Aware": false,
                                  "Async Capable": false,
                                  "Startup Cost": 8366.5,
                                  "Total Cost": 8366.5,
                                  "Plan Rows": 3414,
                                  "Plan Width": 17,
                                  "Plans": [
                                    {
                                      "Node Type": "Seq Scan",
                                      "Parent Relationship": "Outer",
                                      "Parallel Aware": false,
                                      "Async Capable": false,
                                      "Relation Name": "item",
                                      "Alias": "item_5",
                                      "Startup Cost": 0.0,
                                      "Total Cost": 8366.5,
                                      "Plan Rows": 3414,
                                      "Plan Width": 17,
                                      "Filter": "(i_color = ANY ('{frosted,red,olive}'::bpchar[]))",
                                      "parent": 52,
                                      "ID": 53
                                    }
                                  ],
                                  "parent": 40,
                                  "ID": 52,
                                  "left": 53
                                }
                              ],
                              "parent": 39,
                              "ID": 40,
                              "left": 41,
                              "right": 52
                            }
                          ],
                          "parent": 38,
                          "ID": 39,
                          "left": 40
                        }
                      ],
                      "parent": 3,
                      "ID": 38,
                      "left": 39
                    }
                  ],
                  "parent": 2,
                  "ID": 3,
                  "left": 4,
                  "right": 21
                }
              ],
              "parent": 1,
              "ID": 2,
              "left": 3
            }
          ],
          "parent": 0,
          "ID": 1,
          "left": 2
        }
      ],
      "parent": null,
      "ID": 0,
      "left": 1
    },
    "feat": {
      "utility": 0.0,
      "query_shape": [
        [
          "Seq Scan",
          "Hash Join",
          "Sort",
          "Merge Join",
          "Aggregate",
          "Gather Merge",
          "Merge Append"
        ],
        [
          "Seq Scan",
          "Hash Join",
          "Hash",
          "Sort",
          "Merge Join",
          "Aggregate",
          "Gather Merge",
          "Merge Append"
        ],
        [
          "Seq Scan",
          "Hash Join",
          "Hash",
          "Sort",
          "Merge Join",
          "Aggregate",
          "Gather Merge",
          "Merge Append"
        ],
        [
          "Seq Scan",
          "Hash",
          "Hash Join",
          "Sort",
          "Merge Join",
          "Aggregate",
          "Gather Merge",
          "Merge Append"
        ],
        [
          "Seq Scan",
          "Sort",
          "Merge Join",
          "Aggregate",
          "Gather Merge",
          "Merge Append"
        ],
        [
          "Seq Scan",
          "Hash Join",
          "Sort",
          "Merge Join",
          "Aggregate",
          "Gather Merge",
          "Merge Append"
        ],
        [
          "Seq Scan",
          "Hash Join",
          "Hash",
          "Sort",
          "Merge Join",
          "Aggregate",
          "Gather Merge",
          "Merge Append"
        ],
        [
          "Seq Scan",
          "Hash Join",
          "Hash",
          "Sort",
          "Merge Join",
          "Aggregate",
          "Gather Merge",
          "Merge Append"
        ],
        [
          "Seq Scan",
          "Hash",
          "Hash Join",
          "Sort",
          "Merge Join",
          "Aggregate",
          "Gather Merge",
          "Merge Append"
        ],
        [
          "Seq Scan",
          "Sort",
          "Merge Join",
          "Aggregate",
          "Gather Merge",
          "Merge Append"
        ],
        [
          "Seq Scan",
          "Hash Join",
          "Gather",
          "Sort",
          "Aggregate",
          "Merge Append"
        ],
        [
          "Seq Scan",
          "Hash Join",
          "Hash",
          "Gather",
          "Sort",
          "Aggregate",
          "Merge Append"
        ],
        [
          "Seq Scan",
          "Hash Join",
          "Hash",
          "Gather",
          "Sort",
          "Aggregate",
          "Merge Append"
        ],
        [
          "Seq Scan",
          "Hash",
          "Hash Join",
          "Gather",
          "Sort",
          "Aggregate",
          "Merge Append"
        ],
        [
          "Seq Scan",
          "Hash",
          "Hash Join",
          "Sort",
          "Aggregate",
          "Merge Append"
        ]
      ],
      "index_shape": [],
      "physical_operator": {}
    }
  },
  {
    "query": "select  promotions,total,cast(promotions as decimal(15,4))/cast(total as decimal(15,4))*100\nfrom\n  (select sum(ss_ext_sales_price) promotions\n   from  store_sales\n        ,store\n        ,promotion\n        ,date_dim\n        ,customer\n        ,customer_address \n        ,item\n   where ss_sold_date_sk = d_date_sk\n   and   ss_store_sk = s_store_sk\n   and   ss_promo_sk = p_promo_sk\n   and   ss_customer_sk= c_customer_sk\n   and   ca_address_sk = c_current_addr_sk\n   and   ss_item_sk = i_item_sk \n   and   ca_gmt_offset = -7\n   and   i_category = 'Books'\n   and   (p_channel_dmail = 'Y' or p_channel_email = 'Y' or p_channel_tv = 'Y')\n   and   s_gmt_offset = -7\n   and   d_year = 1999\n   and   d_moy  = 11) promotional_sales,\n  (select sum(ss_ext_sales_price) total\n   from  store_sales\n        ,store\n        ,date_dim\n        ,customer\n        ,customer_address\n        ,item\n   where ss_sold_date_sk = d_date_sk\n   and   ss_store_sk = s_store_sk\n   and   ss_customer_sk= c_customer_sk\n   and   ca_address_sk = c_current_addr_sk\n   and   ss_item_sk = i_item_sk\n   and   ca_gmt_offset = -7\n   and   i_category = 'Books'\n   and   s_gmt_offset = -7\n   and   d_year = 1999\n   and   d_moy  = 11) all_sales\norder by promotions, total\nlimit 100;\n\n-- end query 45 in stream 3 using template query61.tpl\n",
    "indexes": "promotion.p_promo_sk",
    "wo plan est": {
      "Node Type": "Limit",
      "Parallel Aware": false,
      "Async Capable": false,
      "Startup Cost": 1432044.94,
      "Total Cost": 1432044.95,
      "Plan Rows": 1,
      "Plan Width": 96,
      "Plans": [
        {
          "Node Type": "Sort",
          "Parent Relationship": "Outer",
          "Parallel Aware": false,
          "Async Capable": false,
          "Startup Cost": 1432044.94,
          "Total Cost": 1432044.95,
          "Plan Rows": 1,
          "Plan Width": 96,
          "Sort Key": [
            "(sum(store_sales.ss_ext_sales_price))",
            "(sum(store_sales_1.ss_ext_sales_price))"
          ],
          "Plans": [
            {
              "Node Type": "Nested Loop",
              "Parent Relationship": "Outer",
              "Parallel Aware": false,
              "Async Capable": false,
              "Join Type": "Inner",
              "Startup Cost": 1432044.87,
              "Total Cost": 1432044.93,
              "Plan Rows": 1,
              "Plan Width": 96,
              "Inner Unique": false,
              "Plans": [
                {
                  "Node Type": "Aggregate",
                  "Strategy": "Plain",
                  "Partial Mode": "Simple",
                  "Parent Relationship": "Outer",
                  "Parallel Aware": false,
                  "Async Capable": false,
                  "Startup Cost": 716034.87,
                  "Total Cost": 716034.88,
                  "Plan Rows": 1,
                  "Plan Width": 32,
                  "Plans": [
                    {
                      "Node Type": "Gather",
                      "Parent Relationship": "Outer",
                      "Parallel Aware": false,
                      "Async Capable": false,
                      "Startup Cost": 709254.95,
                      "Total Cost": 716034.86,
                      "Plan Rows": 1,
                      "Plan Width": 6,
                      "Workers Planned": 2,
                      "Single Copy": false,
                      "Plans": [
                        {
                          "Node Type": "Hash Join",
                          "Parent Relationship": "Outer",
                          "Parallel Aware": true,
                          "Async Capable": false,
                          "Join Type": "Inner",
                          "Startup Cost": 708254.95,
                          "Total Cost": 715034.76,
                          "Plan Rows": 1,
                          "Plan Width": 6,
                          "Inner Unique": false,
                          "Hash Cond": "(customer_address.ca_address_sk = customer.c_current_addr_sk)",
                          "Plans": [
                            {
                              "Node Type": "Seq Scan",
                              "Parent Relationship": "Outer",
                              "Parallel Aware": true,
                              "Async Capable": false,
                              "Relation Name": "customer_address",
                              "Alias": "customer_address",
                              "Startup Cost": 0.0,
                              "Total Cost": 6737.08,
                              "Plan Rows": 11392,
                              "Plan Width": 4,
                              "Filter": "(ca_gmt_offset = '-7'::numeric)",
                              "parent": 5,
                              "ID": 6
                            },
                            {
                              "Node Type": "Hash",
                              "Parent Relationship": "Inner",
                              "Parallel Aware": true,
                              "Async Capable": false,
                              "Startup Cost": 708254.92,
                              "Total Cost": 708254.92,
                              "Plan Rows": 2,
                              "Plan Width": 10,
                              "Plans": [
                                {
                                  "Node Type": "Hash Join",
                                  "Parent Relationship": "Outer",
                                  "Parallel Aware": true,
                                  "Async Capable": false,
                                  "Join Type": "Inner",
                                  "Startup Cost": 691555.33,
                                  "Total Cost": 708254.92,
                                  "Plan Rows": 2,
                                  "Plan Width": 10,
                                  "Inner Unique": false,
                                  "Hash Cond": "(customer.c_customer_sk = store_sales.ss_customer_sk)",
                                  "Plans": [
                                    {
                                      "Node Type": "Seq Scan",
                                      "Parent Relationship": "Outer",
                                      "Parallel Aware": true,
                                      "Async Capable": false,
                                      "Relation Name": "customer",
                                      "Alias": "customer",
                                      "Startup Cost": 0.0,
                                      "Total Cost": 15918.33,
                                      "Plan Rows": 208333,
                                      "Plan Width": 8,
                                      "parent": 8,
                                      "ID": 9
                                    },
                                    {
                                      "Node Type": "Hash",
                                      "Parent Relationship": "Inner",
                                      "Parallel Aware": true,
                                      "Async Capable": false,
                                      "Startup Cost": 691555.31,
                                      "Total Cost": 691555.31,
                                      "Plan Rows": 2,
                                      "Plan Width": 10,
                                      "Plans": [
                                        {
                                          "Node Type": "Hash Join",
                                          "Parent Relationship": "Outer",
                                          "Parallel Aware": false,
                                          "Async Capable": false,
                                          "Join Type": "Inner",
                                          "Startup Cost": 684044.55,
                                          "Total Cost": 691555.31,
                                          "Plan Rows": 2,
                                          "Plan Width": 10,
                                          "Inner Unique": false,
                                          "Hash Cond": "(store_sales.ss_promo_sk = promotion.p_promo_sk)",
                                          "Plans": [
                                            {
                                              "Node Type": "Hash Join",
                                              "Parent Relationship": "Outer",
                                              "Parallel Aware": true,
                                              "Async Capable": false,
                                              "Join Type": "Inner",
                                              "Startup Cost": 684019.66,
                                              "Total Cost": 691530.38,
                                              "Plan Rows": 4,
                                              "Plan Width": 14,
                                              "Inner Unique": false,
                                              "Hash Cond": "(item.i_item_sk = store_sales.ss_item_sk)",
                                              "Plans": [
                                                {
                                                  "Node Type": "Seq Scan",
                                                  "Parent Relationship": "Outer",
                                                  "Parallel Aware": true,
                                                  "Async Capable": false,
                                                  "Relation Name": "item",
                                                  "Alias": "item",
                                                  "Startup Cost": 0.0,
                                                  "Total Cost": 7495.25,
                                                  "Plan Rows": 4120,
                                                  "Plan Width": 4,
                                                  "Filter": "(i_category = 'Books'::bpchar)",
                                                  "parent": 12,
                                                  "ID": 13
                                                },
                                                {
                                                  "Node Type": "Hash",
                                                  "Parent Relationship": "Inner",
                                                  "Parallel Aware": true,
                                                  "Async Capable": false,
                                                  "Startup Cost": 684019.11,
                                                  "Total Cost": 684019.11,
                                                  "Plan Rows": 44,
                                                  "Plan Width": 18,
                                                  "Plans": [
                                                    {
                                                      "Node Type": "Hash Join",
                                                      "Parent Relationship": "Outer",
                                                      "Parallel Aware": false,
                                                      "Async Capable": false,
                                                      "Join Type": "Inner",
                                                      "Startup Cost": 2056.06,
                                                      "Total Cost": 684019.11,
                                                      "Plan Rows": 44,
                                                      "Plan Width": 18,
                                                      "Inner Unique": false,
                                                      "Hash Cond": "(store_sales.ss_store_sk = store.s_store_sk)",
                                                      "Plans": [
                                                        {
                                                          "Node Type": "Hash Join",
                                                          "Parent Relationship": "Outer",
                                                          "Parallel Aware": true,
                                                          "Async Capable": false,
                                                          "Join Type": "Inner",
                                                          "Startup Cost": 2049.78,
                                                          "Total Cost": 683994.75,
                                                          "Plan Rows": 4703,
                                                          "Plan Width": 22,
                                                          "Inner Unique": false,
                                                          "Hash Cond": "(store_sales.ss_sold_date_sk = date_dim.d_date_sk)",
                                                          "Plans": [
                                                            {
                                                              "Node Type": "Seq Scan",
                                                              "Parent Relationship": "Outer",
                                                              "Parallel Aware": true,
                                                              "Async Capable": false,
                                                              "Relation Name": "store_sales",
                                                              "Alias": "store_sales",
                                                              "Startup Cost": 0.0,
                                                              "Total Cost": 636914.37,
                                                              "Plan Rows": 12000637,
                                                              "Plan Width": 26,
                                                              "parent": 16,
                                                              "ID": 17
                                                            },
                                                            {
                                                              "Node Type": "Hash",
                                                              "Parent Relationship": "Inner",
                                                              "Parallel Aware": true,
                                                              "Async Capable": false,
                                                              "Startup Cost": 2049.55,
                                                              "Total Cost": 2049.55,
                                                              "Plan Rows": 18,
                                                              "Plan Width": 4,
                                                              "Plans": [
                                                                {
                                                                  "Node Type": "Seq Scan",
                                                                  "Parent Relationship": "Outer",
                                                                  "Parallel Aware": true,
                                                                  "Async Capable": false,
                                                                  "Relation Name": "date_dim",
                                                                  "Alias": "date_dim",
                                                                  "Startup Cost": 0.0,
                                                                  "Total Cost": 2049.55,
                                                                  "Plan Rows": 18,
                                                                  "Plan Width": 4,
                                                                  "Filter": "((d_year = 1999) AND (d_moy = 11))",
                                                                  "parent": 18,
                                                                  "ID": 19
                                                                }
                                                              ],
                                                              "parent": 16,
                                                              "ID": 18,
                                                              "left": 19
                                                            }
                                                          ],
                                                          "parent": 15,
                                                          "ID": 16,
                                                          "left": 17,
                                                          "right": 18
                                                        },
                                                        {
                                                          "Node Type": "Hash",
                                                          "Parent Relationship": "Inner",
                                                          "Parallel Aware": false,
                                                          "Async Capable": false,
                                                          "Startup Cost": 6.28,
                                                          "Total Cost": 6.28,
                                                          "Plan Rows": 1,
                                                          "Plan Width": 4,
                                                          "Plans": [
                                                            {
                                                              "Node Type": "Seq Scan",
                                                              "Parent Relationship": "Outer",
                                                              "Parallel Aware": false,
                                                              "Async Capable": false,
                                                              "Relation Name": "store",
                                                              "Alias": "store",
                                                              "Startup Cost": 0.0,
                                                              "Total Cost": 6.28,
                                                              "Plan Rows": 1,
                                                              "Plan Width": 4,
                                                              "Filter": "(s_gmt_offset = '-7'::numeric)",
                                                              "parent": 20,
                                                              "ID": 21
                                                            }
                                                          ],
                                                          "parent": 15,
                                                          "ID": 20,
                                                          "left": 21
                                                        }
                                                      ],
                                                      "parent": 14,
                                                      "ID": 15,
                                                      "left": 16,
                                                      "right": 20
                                                    }
                                                  ],
                                                  "parent": 12,
                                                  "ID": 14,
                                                  "left": 15
                                                }
                                              ],
                                              "parent": 11,
                                              "ID": 12,
                                              "left": 13,
                                              "right": 14
                                            },
                                            {
                                              "Node Type": "Hash",
                                              "Parent Relationship": "Inner",
                                              "Parallel Aware": false,
                                              "Async Capable": false,
                                              "Startup Cost": 21.75,
                                              "Total Cost": 21.75,
                                              "Plan Rows": 251,
                                              "Plan Width": 4,
                                              "Plans": [
                                                {
                                                  "Node Type": "Seq Scan",
                                                  "Parent Relationship": "Outer",
                                                  "Parallel Aware": false,
                                                  "Async Capable": false,
                                                  "Relation Name": "promotion",
                                                  "Alias": "promotion",
                                                  "Startup Cost": 0.0,
                                                  "Total Cost": 21.75,
                                                  "Plan Rows": 251,
                                                  "Plan Width": 4,
                                                  "Filter": "((p_channel_dmail = 'Y'::bpchar) OR (p_channel_email = 'Y'::bpchar) OR (p_channel_tv = 'Y'::bpchar))",
                                                  "parent": 22,
                                                  "ID": 23
                                                }
                                              ],
                                              "parent": 11,
                                              "ID": 22,
                                              "left": 23
                                            }
                                          ],
                                          "parent": 10,
                                          "ID": 11,
                                          "left": 12,
                                          "right": 22
                                        }
                                      ],
                                      "parent": 8,
                                      "ID": 10,
                                      "left": 11
                                    }
                                  ],
                                  "parent": 7,
                                  "ID": 8,
                                  "left": 9,
                                  "right": 10
                                }
                              ],
                              "parent": 5,
                              "ID": 7,
                              "left": 8
                            }
                          ],
                          "parent": 4,
                          "ID": 5,
                          "left": 6,
                          "right": 7
                        }
                      ],
                      "parent": 3,
                      "ID": 4,
                      "left": 5
                    }
                  ],
                  "parent": 2,
                  "ID": 3,
                  "left": 4
                },
                {
                  "Node Type": "Aggregate",
                  "Strategy": "Plain",
                  "Partial Mode": "Simple",
                  "Parent Relationship": "Inner",
                  "Parallel Aware": false,
                  "Async Capable": false,
                  "Startup Cost": 716010.0,
                  "Total Cost": 716010.01,
                  "Plan Rows": 1,
                  "Plan Width": 32,
                  "Plans": [
                    {
                      "Node Type": "Gather",
                      "Parent Relationship": "Outer",
                      "Parallel Aware": false,
                      "Async Capable": false,
                      "Startup Cost": 709230.09,
                      "Total Cost": 716010.0,
                      "Plan Rows": 1,
                      "Plan Width": 6,
                      "Workers Planned": 2,
                      "Single Copy": false,
                      "Plans": [
                        {
                          "Node Type": "Hash Join",
                          "Parent Relationship": "Outer",
                          "Parallel Aware": true,
                          "Async Capable": false,
                          "Join Type": "Inner",
                          "Startup Cost": 708230.09,
                          "Total Cost": 715009.9,
                          "Plan Rows": 1,
                          "Plan Width": 6,
                          "Inner Unique": false,
                          "Hash Cond": "(customer_address_1.ca_address_sk = customer_1.c_current_addr_sk)",
                          "Plans": [
                            {
                              "Node Type": "Seq Scan",
                              "Parent Relationship": "Outer",
                              "Parallel Aware": true,
                              "Async Capable": false,
                              "Relation Name": "customer_address",
                              "Alias": "customer_address_1",
                              "Startup Cost": 0.0,
                              "Total Cost": 6737.08,
                              "Plan Rows": 11392,
                              "Plan Width": 4,
                              "Filter": "(ca_gmt_offset = '-7'::numeric)",
                              "parent": 26,
                              "ID": 27
                            },
                            {
                              "Node Type": "Hash",
                              "Parent Relationship": "Inner",
                              "Parallel Aware": true,
                              "Async Capable": false,
                              "Startup Cost": 708230.04,
                              "Total Cost": 708230.04,
                              "Plan Rows": 4,
                              "Plan Width": 10,
                              "Plans": [
                                {
                                  "Node Type": "Hash Join",
                                  "Parent Relationship": "Outer",
                                  "Parallel Aware": true,
                                  "Async Capable": false,
                                  "Join Type": "Inner",
                                  "Startup Cost": 691530.43,
                                  "Total Cost": 708230.04,
                                  "Plan Rows": 4,
                                  "Plan Width": 10,
                                  "Inner Unique": false,
                                  "Hash Cond": "(customer_1.c_customer_sk = store_sales_1.ss_customer_sk)",
                                  "Plans": [
                                    {
                                      "Node Type": "Seq Scan",
                                      "Parent Relationship": "Outer",
                                      "Parallel Aware": true,
                                      "Async Capable": false,
                                      "Relation Name": "customer",
                                      "Alias": "customer_1",
                                      "Startup Cost": 0.0,
                                      "Total Cost": 15918.33,
                                      "Plan Rows": 208333,
                                      "Plan Width": 8,
                                      "parent": 29,
                                      "ID": 30
                                    },
                                    {
                                      "Node Type": "Hash",
                                      "Parent Relationship": "Inner",
                                      "Parallel Aware": true,
                                      "Async Capable": false,
                                      "Startup Cost": 691530.38,
                                      "Total Cost": 691530.38,
                                      "Plan Rows": 4,
                                      "Plan Width": 10,
                                      "Plans": [
                                        {
                                          "Node Type": "Hash Join",
                                          "Parent Relationship": "Outer",
                                          "Parallel Aware": true,
                                          "Async Capable": false,
                                          "Join Type": "Inner",
                                          "Startup Cost": 684019.66,
                                          "Total Cost": 691530.38,
                                          "Plan Rows": 4,
                                          "Plan Width": 10,
                                          "Inner Unique": false,
                                          "Hash Cond": "(item_1.i_item_sk = store_sales_1.ss_item_sk)",
                                          "Plans": [
                                            {
                                              "Node Type": "Seq Scan",
                                              "Parent Relationship": "Outer",
                                              "Parallel Aware": true,
                                              "Async Capable": false,
                                              "Relation Name": "item",
                                              "Alias": "item_1",
                                              "Startup Cost": 0.0,
                                              "Total Cost": 7495.25,
                                              "Plan Rows": 4120,
                                              "Plan Width": 4,
                                              "Filter": "(i_category = 'Books'::bpchar)",
                                              "parent": 32,
                                              "ID": 33
                                            },
                                            {
                                              "Node Type": "Hash",
                                              "Parent Relationship": "Inner",
                                              "Parallel Aware": true,
                                              "Async Capable": false,
                                              "Startup Cost": 684019.11,
                                              "Total Cost": 684019.11,
                                              "Plan Rows": 44,
                                              "Plan Width": 14,
                                              "Plans": [
                                                {
                                                  "Node Type": "Hash Join",
                                                  "Parent Relationship": "Outer",
                                                  "Parallel Aware": false,
                                                  "Async Capable": false,
                                                  "Join Type": "Inner",
                                                  "Startup Cost": 2056.06,
                                                  "Total Cost": 684019.11,
                                                  "Plan Rows": 44,
                                                  "Plan Width": 14,
                                                  "Inner Unique": false,
                                                  "Hash Cond": "(store_sales_1.ss_store_sk = store_1.s_store_sk)",
                                                  "Plans": [
                                                    {
                                                      "Node Type": "Hash Join",
                                                      "Parent Relationship": "Outer",
                                                      "Parallel Aware": true,
                                                      "Async Capable": false,
                                                      "Join Type": "Inner",
                                                      "Startup Cost": 2049.78,
                                                      "Total Cost": 683994.75,
                                                      "Plan Rows": 4703,
                                                      "Plan Width": 18,
                                                      "Inner Unique": false,
                                                      "Hash Cond": "(store_sales_1.ss_sold_date_sk = date_dim_1.d_date_sk)",
                                                      "Plans": [
                                                        {
                                                          "Node Type": "Seq Scan",
                                                          "Parent Relationship": "Outer",
                                                          "Parallel Aware": true,
                                                          "Async Capable": false,
                                                          "Relation Name": "store_sales",
                                                          "Alias": "store_sales_1",
                                                          "Startup Cost": 0.0,
                                                          "Total Cost": 636914.37,
                                                          "Plan Rows": 12000637,
                                                          "Plan Width": 22,
                                                          "parent": 36,
                                                          "ID": 37
                                                        },
                                                        {
                                                          "Node Type": "Hash",
                                                          "Parent Relationship": "Inner",
                                                          "Parallel Aware": true,
                                                          "Async Capable": false,
                                                          "Startup Cost": 2049.55,
                                                          "Total Cost": 2049.55,
                                                          "Plan Rows": 18,
                                                          "Plan Width": 4,
                                                          "Plans": [
                                                            {
                                                              "Node Type": "Seq Scan",
                                                              "Parent Relationship": "Outer",
                                                              "Parallel Aware": true,
                                                              "Async Capable": false,
                                                              "Relation Name": "date_dim",
                                                              "Alias": "date_dim_1",
                                                              "Startup Cost": 0.0,
                                                              "Total Cost": 2049.55,
                                                              "Plan Rows": 18,
                                                              "Plan Width": 4,
                                                              "Filter": "((d_year = 1999) AND (d_moy = 11))",
                                                              "parent": 38,
                                                              "ID": 39
                                                            }
                                                          ],
                                                          "parent": 36,
                                                          "ID": 38,
                                                          "left": 39
                                                        }
                                                      ],
                                                      "parent": 35,
                                                      "ID": 36,
                                                      "left": 37,
                                                      "right": 38
                                                    },
                                                    {
                                                      "Node Type": "Hash",
                                                      "Parent Relationship": "Inner",
                                                      "Parallel Aware": false,
                                                      "Async Capable": false,
                                                      "Startup Cost": 6.28,
                                                      "Total Cost": 6.28,
                                                      "Plan Rows": 1,
                                                      "Plan Width": 4,
                                                      "Plans": [
                                                        {
                                                          "Node Type": "Seq Scan",
                                                          "Parent Relationship": "Outer",
                                                          "Parallel Aware": false,
                                                          "Async Capable": false,
                                                          "Relation Name": "store",
                                                          "Alias": "store_1",
                                                          "Startup Cost": 0.0,
                                                          "Total Cost": 6.28,
                                                          "Plan Rows": 1,
                                                          "Plan Width": 4,
                                                          "Filter": "(s_gmt_offset = '-7'::numeric)",
                                                          "parent": 40,
                                                          "ID": 41
                                                        }
                                                      ],
                                                      "parent": 35,
                                                      "ID": 40,
                                                      "left": 41
                                                    }
                                                  ],
                                                  "parent": 34,
                                                  "ID": 35,
                                                  "left": 36,
                                                  "right": 40
                                                }
                                              ],
                                              "parent": 32,
                                              "ID": 34,
                                              "left": 35
                                            }
                                          ],
                                          "parent": 31,
                                          "ID": 32,
                                          "left": 33,
                                          "right": 34
                                        }
                                      ],
                                      "parent": 29,
                                      "ID": 31,
                                      "left": 32
                                    }
                                  ],
                                  "parent": 28,
                                  "ID": 29,
                                  "left": 30,
                                  "right": 31
                                }
                              ],
                              "parent": 26,
                              "ID": 28,
                              "left": 29
                            }
                          ],
                          "parent": 25,
                          "ID": 26,
                          "left": 27,
                          "right": 28
                        }
                      ],
                      "parent": 24,
                      "ID": 25,
                      "left": 26
                    }
                  ],
                  "parent": 2,
                  "ID": 24,
                  "left": 25
                }
              ],
              "parent": 1,
              "ID": 2,
              "left": 3,
              "right": 24
            }
          ],
          "parent": 0,
          "ID": 1,
          "left": 2
        }
      ],
      "parent": null,
      "ID": 0,
      "left": 1
    },
    "feat": {
      "utility": 4.189610027812717e-06,
      "query_shape": [
        [
          "Seq Scan",
          "Hash Join",
          "Gather",
          "Aggregate",
          "Nested Loop",
          "Sort"
        ],
        [
          "Seq Scan",
          "Hash Join",
          "Hash",
          "Gather",
          "Aggregate",
          "Nested Loop",
          "Sort"
        ],
        [
          "Seq Scan",
          "Hash Join",
          "Hash",
          "Gather",
          "Aggregate",
          "Nested Loop",
          "Sort"
        ],
        [
          "Seq Scan",
          "Hash Join",
          "Hash",
          "Gather",
          "Aggregate",
          "Nested Loop",
          "Sort"
        ],
        [
          "Seq Scan",
          "Hash",
          "Hash Join",
          "Gather",
          "Aggregate",
          "Nested Loop",
          "Sort"
        ],
        [
          "Seq Scan",
          "Hash",
          "Hash Join",
          "Gather",
          "Aggregate",
          "Nested Loop",
          "Sort"
        ],
        [
          "Seq Scan",
          "Hash",
          "Hash Join",
          "Gather",
          "Aggregate",
          "Nested Loop",
          "Sort"
        ],
        [
          "Seq Scan",
          "Hash Join",
          "Gather",
          "Aggregate",
          "Nested Loop",
          "Sort"
        ],
        [
          "Seq Scan",
          "Hash Join",
          "Hash",
          "Gather",
          "Aggregate",
          "Nested Loop",
          "Sort"
        ],
        [
          "Seq Scan",
          "Hash Join",
          "Hash",
          "Gather",
          "Aggregate",
          "Nested Loop",
          "Sort"
        ],
        [
          "Seq Scan",
          "Hash Join",
          "Hash",
          "Gather",
          "Aggregate",
          "Nested Loop",
          "Sort"
        ],
        [
          "Seq Scan",
          "Hash",
          "Hash Join",
          "Gather",
          "Aggregate",
          "Nested Loop",
          "Sort"
        ],
        [
          "Seq Scan",
          "Hash",
          "Hash Join",
          "Gather",
          "Aggregate",
          "Nested Loop",
          "Sort"
        ]
      ],
      "index_shape": [
        "join"
      ],
      "physical_operator": {
        "Hash Join": [
          0.04463218426774518
        ]
      }
    }
  },
  {
    "query": "select  promotions,total,cast(promotions as decimal(15,4))/cast(total as decimal(15,4))*100\nfrom\n  (select sum(ss_ext_sales_price) promotions\n   from  store_sales\n        ,store\n        ,promotion\n        ,date_dim\n        ,customer\n        ,customer_address \n        ,item\n   where ss_sold_date_sk = d_date_sk\n   and   ss_store_sk = s_store_sk\n   and   ss_promo_sk = p_promo_sk\n   and   ss_customer_sk= c_customer_sk\n   and   ca_address_sk = c_current_addr_sk\n   and   ss_item_sk = i_item_sk \n   and   ca_gmt_offset = -7\n   and   i_category = 'Books'\n   and   (p_channel_dmail = 'Y' or p_channel_email = 'Y' or p_channel_tv = 'Y')\n   and   s_gmt_offset = -7\n   and   d_year = 1999\n   and   d_moy  = 11) promotional_sales,\n  (select sum(ss_ext_sales_price) total\n   from  store_sales\n        ,store\n        ,date_dim\n        ,customer\n        ,customer_address\n        ,item\n   where ss_sold_date_sk = d_date_sk\n   and   ss_store_sk = s_store_sk\n   and   ss_customer_sk= c_customer_sk\n   and   ca_address_sk = c_current_addr_sk\n   and   ss_item_sk = i_item_sk\n   and   ca_gmt_offset = -7\n   and   i_category = 'Books'\n   and   s_gmt_offset = -7\n   and   d_year = 1999\n   and   d_moy  = 11) all_sales\norder by promotions, total\nlimit 100;\n\n-- end query 45 in stream 3 using template query61.tpl\n",
    "indexes": "promotion.p_channel_tv",
    "wo plan est": {
      "Node Type": "Limit",
      "Parallel Aware": false,
      "Async Capable": false,
      "Startup Cost": 1432044.94,
      "Total Cost": 1432044.95,
      "Plan Rows": 1,
      "Plan Width": 96,
      "Plans": [
        {
          "Node Type": "Sort",
          "Parent Relationship": "Outer",
          "Parallel Aware": false,
          "Async Capable": false,
          "Startup Cost": 1432044.94,
          "Total Cost": 1432044.95,
          "Plan Rows": 1,
          "Plan Width": 96,
          "Sort Key": [
            "(sum(store_sales.ss_ext_sales_price))",
            "(sum(store_sales_1.ss_ext_sales_price))"
          ],
          "Plans": [
            {
              "Node Type": "Nested Loop",
              "Parent Relationship": "Outer",
              "Parallel Aware": false,
              "Async Capable": false,
              "Join Type": "Inner",
              "Startup Cost": 1432044.87,
              "Total Cost": 1432044.93,
              "Plan Rows": 1,
              "Plan Width": 96,
              "Inner Unique": false,
              "Plans": [
                {
                  "Node Type": "Aggregate",
                  "Strategy": "Plain",
                  "Partial Mode": "Simple",
                  "Parent Relationship": "Outer",
                  "Parallel Aware": false,
                  "Async Capable": false,
                  "Startup Cost": 716034.87,
                  "Total Cost": 716034.88,
                  "Plan Rows": 1,
                  "Plan Width": 32,
                  "Plans": [
                    {
                      "Node Type": "Gather",
                      "Parent Relationship": "Outer",
                      "Parallel Aware": false,
                      "Async Capable": false,
                      "Startup Cost": 709254.95,
                      "Total Cost": 716034.86,
                      "Plan Rows": 1,
                      "Plan Width": 6,
                      "Workers Planned": 2,
                      "Single Copy": false,
                      "Plans": [
                        {
                          "Node Type": "Hash Join",
                          "Parent Relationship": "Outer",
                          "Parallel Aware": true,
                          "Async Capable": false,
                          "Join Type": "Inner",
                          "Startup Cost": 708254.95,
                          "Total Cost": 715034.76,
                          "Plan Rows": 1,
                          "Plan Width": 6,
                          "Inner Unique": false,
                          "Hash Cond": "(customer_address.ca_address_sk = customer.c_current_addr_sk)",
                          "Plans": [
                            {
                              "Node Type": "Seq Scan",
                              "Parent Relationship": "Outer",
                              "Parallel Aware": true,
                              "Async Capable": false,
                              "Relation Name": "customer_address",
                              "Alias": "customer_address",
                              "Startup Cost": 0.0,
                              "Total Cost": 6737.08,
                              "Plan Rows": 11392,
                              "Plan Width": 4,
                              "Filter": "(ca_gmt_offset = '-7'::numeric)",
                              "parent": 5,
                              "ID": 6
                            },
                            {
                              "Node Type": "Hash",
                              "Parent Relationship": "Inner",
                              "Parallel Aware": true,
                              "Async Capable": false,
                              "Startup Cost": 708254.92,
                              "Total Cost": 708254.92,
                              "Plan Rows": 2,
                              "Plan Width": 10,
                              "Plans": [
                                {
                                  "Node Type": "Hash Join",
                                  "Parent Relationship": "Outer",
                                  "Parallel Aware": true,
                                  "Async Capable": false,
                                  "Join Type": "Inner",
                                  "Startup Cost": 691555.33,
                                  "Total Cost": 708254.92,
                                  "Plan Rows": 2,
                                  "Plan Width": 10,
                                  "Inner Unique": false,
                                  "Hash Cond": "(customer.c_customer_sk = store_sales.ss_customer_sk)",
                                  "Plans": [
                                    {
                                      "Node Type": "Seq Scan",
                                      "Parent Relationship": "Outer",
                                      "Parallel Aware": true,
                                      "Async Capable": false,
                                      "Relation Name": "customer",
                                      "Alias": "customer",
                                      "Startup Cost": 0.0,
                                      "Total Cost": 15918.33,
                                      "Plan Rows": 208333,
                                      "Plan Width": 8,
                                      "parent": 8,
                                      "ID": 9
                                    },
                                    {
                                      "Node Type": "Hash",
                                      "Parent Relationship": "Inner",
                                      "Parallel Aware": true,
                                      "Async Capable": false,
                                      "Startup Cost": 691555.31,
                                      "Total Cost": 691555.31,
                                      "Plan Rows": 2,
                                      "Plan Width": 10,
                                      "Plans": [
                                        {
                                          "Node Type": "Hash Join",
                                          "Parent Relationship": "Outer",
                                          "Parallel Aware": false,
                                          "Async Capable": false,
                                          "Join Type": "Inner",
                                          "Startup Cost": 684044.55,
                                          "Total Cost": 691555.31,
                                          "Plan Rows": 2,
                                          "Plan Width": 10,
                                          "Inner Unique": false,
                                          "Hash Cond": "(store_sales.ss_promo_sk = promotion.p_promo_sk)",
                                          "Plans": [
                                            {
                                              "Node Type": "Hash Join",
                                              "Parent Relationship": "Outer",
                                              "Parallel Aware": true,
                                              "Async Capable": false,
                                              "Join Type": "Inner",
                                              "Startup Cost": 684019.66,
                                              "Total Cost": 691530.38,
                                              "Plan Rows": 4,
                                              "Plan Width": 14,
                                              "Inner Unique": false,
                                              "Hash Cond": "(item.i_item_sk = store_sales.ss_item_sk)",
                                              "Plans": [
                                                {
                                                  "Node Type": "Seq Scan",
                                                  "Parent Relationship": "Outer",
                                                  "Parallel Aware": true,
                                                  "Async Capable": false,
                                                  "Relation Name": "item",
                                                  "Alias": "item",
                                                  "Startup Cost": 0.0,
                                                  "Total Cost": 7495.25,
                                                  "Plan Rows": 4120,
                                                  "Plan Width": 4,
                                                  "Filter": "(i_category = 'Books'::bpchar)",
                                                  "parent": 12,
                                                  "ID": 13
                                                },
                                                {
                                                  "Node Type": "Hash",
                                                  "Parent Relationship": "Inner",
                                                  "Parallel Aware": true,
                                                  "Async Capable": false,
                                                  "Startup Cost": 684019.11,
                                                  "Total Cost": 684019.11,
                                                  "Plan Rows": 44,
                                                  "Plan Width": 18,
                                                  "Plans": [
                                                    {
                                                      "Node Type": "Hash Join",
                                                      "Parent Relationship": "Outer",
                                                      "Parallel Aware": false,
                                                      "Async Capable": false,
                                                      "Join Type": "Inner",
                                                      "Startup Cost": 2056.06,
                                                      "Total Cost": 684019.11,
                                                      "Plan Rows": 44,
                                                      "Plan Width": 18,
                                                      "Inner Unique": false,
                                                      "Hash Cond": "(store_sales.ss_store_sk = store.s_store_sk)",
                                                      "Plans": [
                                                        {
                                                          "Node Type": "Hash Join",
                                                          "Parent Relationship": "Outer",
                                                          "Parallel Aware": true,
                                                          "Async Capable": false,
                                                          "Join Type": "Inner",
                                                          "Startup Cost": 2049.78,
                                                          "Total Cost": 683994.75,
                                                          "Plan Rows": 4703,
                                                          "Plan Width": 22,
                                                          "Inner Unique": false,
                                                          "Hash Cond": "(store_sales.ss_sold_date_sk = date_dim.d_date_sk)",
                                                          "Plans": [
                                                            {
                                                              "Node Type": "Seq Scan",
                                                              "Parent Relationship": "Outer",
                                                              "Parallel Aware": true,
                                                              "Async Capable": false,
                                                              "Relation Name": "store_sales",
                                                              "Alias": "store_sales",
                                                              "Startup Cost": 0.0,
                                                              "Total Cost": 636914.37,
                                                              "Plan Rows": 12000637,
                                                              "Plan Width": 26,
                                                              "parent": 16,
                                                              "ID": 17
                                                            },
                                                            {
                                                              "Node Type": "Hash",
                                                              "Parent Relationship": "Inner",
                                                              "Parallel Aware": true,
                                                              "Async Capable": false,
                                                              "Startup Cost": 2049.55,
                                                              "Total Cost": 2049.55,
                                                              "Plan Rows": 18,
                                                              "Plan Width": 4,
                                                              "Plans": [
                                                                {
                                                                  "Node Type": "Seq Scan",
                                                                  "Parent Relationship": "Outer",
                                                                  "Parallel Aware": true,
                                                                  "Async Capable": false,
                                                                  "Relation Name": "date_dim",
                                                                  "Alias": "date_dim",
                                                                  "Startup Cost": 0.0,
                                                                  "Total Cost": 2049.55,
                                                                  "Plan Rows": 18,
                                                                  "Plan Width": 4,
                                                                  "Filter": "((d_year = 1999) AND (d_moy = 11))",
                                                                  "parent": 18,
                                                                  "ID": 19
                                                                }
                                                              ],
                                                              "parent": 16,
                                                              "ID": 18,
                                                              "left": 19
                                                            }
                                                          ],
                                                          "parent": 15,
                                                          "ID": 16,
                                                          "left": 17,
                                                          "right": 18
                                                        },
                                                        {
                                                          "Node Type": "Hash",
                                                          "Parent Relationship": "Inner",
                                                          "Parallel Aware": false,
                                                          "Async Capable": false,
                                                          "Startup Cost": 6.28,
                                                          "Total Cost": 6.28,
                                                          "Plan Rows": 1,
                                                          "Plan Width": 4,
                                                          "Plans": [
                                                            {
                                                              "Node Type": "Seq Scan",
                                                              "Parent Relationship": "Outer",
                                                              "Parallel Aware": false,
                                                              "Async Capable": false,
                                                              "Relation Name": "store",
                                                              "Alias": "store",
                                                              "Startup Cost": 0.0,
                                                              "Total Cost": 6.28,
                                                              "Plan Rows": 1,
                                                              "Plan Width": 4,
                                                              "Filter": "(s_gmt_offset = '-7'::numeric)",
                                                              "parent": 20,
                                                              "ID": 21
                                                            }
                                                          ],
                                                          "parent": 15,
                                                          "ID": 20,
                                                          "left": 21
                                                        }
                                                      ],
                                                      "parent": 14,
                                                      "ID": 15,
                                                      "left": 16,
                                                      "right": 20
                                                    }
                                                  ],
                                                  "parent": 12,
                                                  "ID": 14,
                                                  "left": 15
                                                }
                                              ],
                                              "parent": 11,
                                              "ID": 12,
                                              "left": 13,
                                              "right": 14
                                            },
                                            {
                                              "Node Type": "Hash",
                                              "Parent Relationship": "Inner",
                                              "Parallel Aware": false,
                                              "Async Capable": false,
                                              "Startup Cost": 21.75,
                                              "Total Cost": 21.75,
                                              "Plan Rows": 251,
                                              "Plan Width": 4,
                                              "Plans": [
                                                {
                                                  "Node Type": "Seq Scan",
                                                  "Parent Relationship": "Outer",
                                                  "Parallel Aware": false,
                                                  "Async Capable": false,
                                                  "Relation Name": "promotion",
                                                  "Alias": "promotion",
                                                  "Startup Cost": 0.0,
                                                  "Total Cost": 21.75,
                                                  "Plan Rows": 251,
                                                  "Plan Width": 4,
                                                  "Filter": "((p_channel_dmail = 'Y'::bpchar) OR (p_channel_email = 'Y'::bpchar) OR (p_channel_tv = 'Y'::bpchar))",
                                                  "parent": 22,
                                                  "ID": 23
                                                }
                                              ],
                                              "parent": 11,
                                              "ID": 22,
                                              "left": 23
                                            }
                                          ],
                                          "parent": 10,
                                          "ID": 11,
                                          "left": 12,
                                          "right": 22
                                        }
                                      ],
                                      "parent": 8,
                                      "ID": 10,
                                      "left": 11
                                    }
                                  ],
                                  "parent": 7,
                                  "ID": 8,
                                  "left": 9,
                                  "right": 10
                                }
                              ],
                              "parent": 5,
                              "ID": 7,
                              "left": 8
                            }
                          ],
                          "parent": 4,
                          "ID": 5,
                          "left": 6,
                          "right": 7
                        }
                      ],
                      "parent": 3,
                      "ID": 4,
                      "left": 5
                    }
                  ],
                  "parent": 2,
                  "ID": 3,
                  "left": 4
                },
                {
                  "Node Type": "Aggregate",
                  "Strategy": "Plain",
                  "Partial Mode": "Simple",
                  "Parent Relationship": "Inner",
                  "Parallel Aware": false,
                  "Async Capable": false,
                  "Startup Cost": 716010.0,
                  "Total Cost": 716010.01,
                  "Plan Rows": 1,
                  "Plan Width": 32,
                  "Plans": [
                    {
                      "Node Type": "Gather",
                      "Parent Relationship": "Outer",
                      "Parallel Aware": false,
                      "Async Capable": false,
                      "Startup Cost": 709230.09,
                      "Total Cost": 716010.0,
                      "Plan Rows": 1,
                      "Plan Width": 6,
                      "Workers Planned": 2,
                      "Single Copy": false,
                      "Plans": [
                        {
                          "Node Type": "Hash Join",
                          "Parent Relationship": "Outer",
                          "Parallel Aware": true,
                          "Async Capable": false,
                          "Join Type": "Inner",
                          "Startup Cost": 708230.09,
                          "Total Cost": 715009.9,
                          "Plan Rows": 1,
                          "Plan Width": 6,
                          "Inner Unique": false,
                          "Hash Cond": "(customer_address_1.ca_address_sk = customer_1.c_current_addr_sk)",
                          "Plans": [
                            {
                              "Node Type": "Seq Scan",
                              "Parent Relationship": "Outer",
                              "Parallel Aware": true,
                              "Async Capable": false,
                              "Relation Name": "customer_address",
                              "Alias": "customer_address_1",
                              "Startup Cost": 0.0,
                              "Total Cost": 6737.08,
                              "Plan Rows": 11392,
                              "Plan Width": 4,
                              "Filter": "(ca_gmt_offset = '-7'::numeric)",
                              "parent": 26,
                              "ID": 27
                            },
                            {
                              "Node Type": "Hash",
                              "Parent Relationship": "Inner",
                              "Parallel Aware": true,
                              "Async Capable": false,
                              "Startup Cost": 708230.04,
                              "Total Cost": 708230.04,
                              "Plan Rows": 4,
                              "Plan Width": 10,
                              "Plans": [
                                {
                                  "Node Type": "Hash Join",
                                  "Parent Relationship": "Outer",
                                  "Parallel Aware": true,
                                  "Async Capable": false,
                                  "Join Type": "Inner",
                                  "Startup Cost": 691530.43,
                                  "Total Cost": 708230.04,
                                  "Plan Rows": 4,
                                  "Plan Width": 10,
                                  "Inner Unique": false,
                                  "Hash Cond": "(customer_1.c_customer_sk = store_sales_1.ss_customer_sk)",
                                  "Plans": [
                                    {
                                      "Node Type": "Seq Scan",
                                      "Parent Relationship": "Outer",
                                      "Parallel Aware": true,
                                      "Async Capable": false,
                                      "Relation Name": "customer",
                                      "Alias": "customer_1",
                                      "Startup Cost": 0.0,
                                      "Total Cost": 15918.33,
                                      "Plan Rows": 208333,
                                      "Plan Width": 8,
                                      "parent": 29,
                                      "ID": 30
                                    },
                                    {
                                      "Node Type": "Hash",
                                      "Parent Relationship": "Inner",
                                      "Parallel Aware": true,
                                      "Async Capable": false,
                                      "Startup Cost": 691530.38,
                                      "Total Cost": 691530.38,
                                      "Plan Rows": 4,
                                      "Plan Width": 10,
                                      "Plans": [
                                        {
                                          "Node Type": "Hash Join",
                                          "Parent Relationship": "Outer",
                                          "Parallel Aware": true,
                                          "Async Capable": false,
                                          "Join Type": "Inner",
                                          "Startup Cost": 684019.66,
                                          "Total Cost": 691530.38,
                                          "Plan Rows": 4,
                                          "Plan Width": 10,
                                          "Inner Unique": false,
                                          "Hash Cond": "(item_1.i_item_sk = store_sales_1.ss_item_sk)",
                                          "Plans": [
                                            {
                                              "Node Type": "Seq Scan",
                                              "Parent Relationship": "Outer",
                                              "Parallel Aware": true,
                                              "Async Capable": false,
                                              "Relation Name": "item",
                                              "Alias": "item_1",
                                              "Startup Cost": 0.0,
                                              "Total Cost": 7495.25,
                                              "Plan Rows": 4120,
                                              "Plan Width": 4,
                                              "Filter": "(i_category = 'Books'::bpchar)",
                                              "parent": 32,
                                              "ID": 33
                                            },
                                            {
                                              "Node Type": "Hash",
                                              "Parent Relationship": "Inner",
                                              "Parallel Aware": true,
                                              "Async Capable": false,
                                              "Startup Cost": 684019.11,
                                              "Total Cost": 684019.11,
                                              "Plan Rows": 44,
                                              "Plan Width": 14,
                                              "Plans": [
                                                {
                                                  "Node Type": "Hash Join",
                                                  "Parent Relationship": "Outer",
                                                  "Parallel Aware": false,
                                                  "Async Capable": false,
                                                  "Join Type": "Inner",
                                                  "Startup Cost": 2056.06,
                                                  "Total Cost": 684019.11,
                                                  "Plan Rows": 44,
                                                  "Plan Width": 14,
                                                  "Inner Unique": false,
                                                  "Hash Cond": "(store_sales_1.ss_store_sk = store_1.s_store_sk)",
                                                  "Plans": [
                                                    {
                                                      "Node Type": "Hash Join",
                                                      "Parent Relationship": "Outer",
                                                      "Parallel Aware": true,
                                                      "Async Capable": false,
                                                      "Join Type": "Inner",
                                                      "Startup Cost": 2049.78,
                                                      "Total Cost": 683994.75,
                                                      "Plan Rows": 4703,
                                                      "Plan Width": 18,
                                                      "Inner Unique": false,
                                                      "Hash Cond": "(store_sales_1.ss_sold_date_sk = date_dim_1.d_date_sk)",
                                                      "Plans": [
                                                        {
                                                          "Node Type": "Seq Scan",
                                                          "Parent Relationship": "Outer",
                                                          "Parallel Aware": true,
                                                          "Async Capable": false,
                                                          "Relation Name": "store_sales",
                                                          "Alias": "store_sales_1",
                                                          "Startup Cost": 0.0,
                                                          "Total Cost": 636914.37,
                                                          "Plan Rows": 12000637,
                                                          "Plan Width": 22,
                                                          "parent": 36,
                                                          "ID": 37
                                                        },
                                                        {
                                                          "Node Type": "Hash",
                                                          "Parent Relationship": "Inner",
                                                          "Parallel Aware": true,
                                                          "Async Capable": false,
                                                          "Startup Cost": 2049.55,
                                                          "Total Cost": 2049.55,
                                                          "Plan Rows": 18,
                                                          "Plan Width": 4,
                                                          "Plans": [
                                                            {
                                                              "Node Type": "Seq Scan",
                                                              "Parent Relationship": "Outer",
                                                              "Parallel Aware": true,
                                                              "Async Capable": false,
                                                              "Relation Name": "date_dim",
                                                              "Alias": "date_dim_1",
                                                              "Startup Cost": 0.0,
                                                              "Total Cost": 2049.55,
                                                              "Plan Rows": 18,
                                                              "Plan Width": 4,
                                                              "Filter": "((d_year = 1999) AND (d_moy = 11))",
                                                              "parent": 38,
                                                              "ID": 39
                                                            }
                                                          ],
                                                          "parent": 36,
                                                          "ID": 38,
                                                          "left": 39
                                                        }
                                                      ],
                                                      "parent": 35,
                                                      "ID": 36,
                                                      "left": 37,
                                                      "right": 38
                                                    },
                                                    {
                                                      "Node Type": "Hash",
                                                      "Parent Relationship": "Inner",
                                                      "Parallel Aware": false,
                                                      "Async Capable": false,
                                                      "Startup Cost": 6.28,
                                                      "Total Cost": 6.28,
                                                      "Plan Rows": 1,
                                                      "Plan Width": 4,
                                                      "Plans": [
                                                        {
                                                          "Node Type": "Seq Scan",
                                                          "Parent Relationship": "Outer",
                                                          "Parallel Aware": false,
                                                          "Async Capable": false,
                                                          "Relation Name": "store",
                                                          "Alias": "store_1",
                                                          "Startup Cost": 0.0,
                                                          "Total Cost": 6.28,
                                                          "Plan Rows": 1,
                                                          "Plan Width": 4,
                                                          "Filter": "(s_gmt_offset = '-7'::numeric)",
                                                          "parent": 40,
                                                          "ID": 41
                                                        }
                                                      ],
                                                      "parent": 35,
                                                      "ID": 40,
                                                      "left": 41
                                                    }
                                                  ],
                                                  "parent": 34,
                                                  "ID": 35,
                                                  "left": 36,
                                                  "right": 40
                                                }
                                              ],
                                              "parent": 32,
                                              "ID": 34,
                                              "left": 35
                                            }
                                          ],
                                          "parent": 31,
                                          "ID": 32,
                                          "left": 33,
                                          "right": 34
                                        }
                                      ],
                                      "parent": 29,
                                      "ID": 31,
                                      "left": 32
                                    }
                                  ],
                                  "parent": 28,
                                  "ID": 29,
                                  "left": 30,
                                  "right": 31
                                }
                              ],
                              "parent": 26,
                              "ID": 28,
                              "left": 29
                            }
                          ],
                          "parent": 25,
                          "ID": 26,
                          "left": 27,
                          "right": 28
                        }
                      ],
                      "parent": 24,
                      "ID": 25,
                      "left": 26
                    }
                  ],
                  "parent": 2,
                  "ID": 24,
                  "left": 25
                }
              ],
              "parent": 1,
              "ID": 2,
              "left": 3,
              "right": 24
            }
          ],
          "parent": 0,
          "ID": 1,
          "left": 2
        }
      ],
      "parent": null,
      "ID": 0,
      "left": 1
    },
    "feat": {
      "utility": 7.563659227316853e-06,
      "query_shape": [
        [
          "Seq Scan",
          "Hash Join",
          "Gather",
          "Aggregate",
          "Nested Loop",
          "Sort"
        ],
        [
          "Seq Scan",
          "Hash Join",
          "Hash",
          "Gather",
          "Aggregate",
          "Nested Loop",
          "Sort"
        ],
        [
          "Seq Scan",
          "Hash Join",
          "Hash",
          "Gather",
          "Aggregate",
          "Nested Loop",
          "Sort"
        ],
        [
          "Seq Scan",
          "Hash Join",
          "Hash",
          "Gather",
          "Aggregate",
          "Nested Loop",
          "Sort"
        ],
        [
          "Seq Scan",
          "Hash",
          "Hash Join",
          "Gather",
          "Aggregate",
          "Nested Loop",
          "Sort"
        ],
        [
          "Seq Scan",
          "Hash",
          "Hash Join",
          "Gather",
          "Aggregate",
          "Nested Loop",
          "Sort"
        ],
        [
          "Seq Scan",
          "Hash",
          "Hash Join",
          "Gather",
          "Aggregate",
          "Nested Loop",
          "Sort"
        ],
        [
          "Seq Scan",
          "Hash Join",
          "Gather",
          "Aggregate",
          "Nested Loop",
          "Sort"
        ],
        [
          "Seq Scan",
          "Hash Join",
          "Hash",
          "Gather",
          "Aggregate",
          "Nested Loop",
          "Sort"
        ],
        [
          "Seq Scan",
          "Hash Join",
          "Hash",
          "Gather",
          "Aggregate",
          "Nested Loop",
          "Sort"
        ],
        [
          "Seq Scan",
          "Hash Join",
          "Hash",
          "Gather",
          "Aggregate",
          "Nested Loop",
          "Sort"
        ],
        [
          "Seq Scan",
          "Hash",
          "Hash Join",
          "Gather",
          "Aggregate",
          "Nested Loop",
          "Sort"
        ],
        [
          "Seq Scan",
          "Hash",
          "Hash Join",
          "Gather",
          "Aggregate",
          "Nested Loop",
          "Sort"
        ]
      ],
      "index_shape": [
        "selection"
      ],
      "physical_operator": {
        "Seq Scan": [
          0.502
        ]
      }
    }
  },
  {
    "query": "select  promotions,total,cast(promotions as decimal(15,4))/cast(total as decimal(15,4))*100\nfrom\n  (select sum(ss_ext_sales_price) promotions\n   from  store_sales\n        ,store\n        ,promotion\n        ,date_dim\n        ,customer\n        ,customer_address \n        ,item\n   where ss_sold_date_sk = d_date_sk\n   and   ss_store_sk = s_store_sk\n   and   ss_promo_sk = p_promo_sk\n   and   ss_customer_sk= c_customer_sk\n   and   ca_address_sk = c_current_addr_sk\n   and   ss_item_sk = i_item_sk \n   and   ca_gmt_offset = -7\n   and   i_category = 'Books'\n   and   (p_channel_dmail = 'Y' or p_channel_email = 'Y' or p_channel_tv = 'Y')\n   and   s_gmt_offset = -7\n   and   d_year = 1999\n   and   d_moy  = 11) promotional_sales,\n  (select sum(ss_ext_sales_price) total\n   from  store_sales\n        ,store\n        ,date_dim\n        ,customer\n        ,customer_address\n        ,item\n   where ss_sold_date_sk = d_date_sk\n   and   ss_store_sk = s_store_sk\n   and   ss_customer_sk= c_customer_sk\n   and   ca_address_sk = c_current_addr_sk\n   and   ss_item_sk = i_item_sk\n   and   ca_gmt_offset = -7\n   and   i_category = 'Books'\n   and   s_gmt_offset = -7\n   and   d_year = 1999\n   and   d_moy  = 11) all_sales\norder by promotions, total\nlimit 100;\n\n-- end query 45 in stream 3 using template query61.tpl\n",
    "indexes": "promotion.p_channel_dmail",
    "wo plan est": {
      "Node Type": "Limit",
      "Parallel Aware": false,
      "Async Capable": false,
      "Startup Cost": 1432044.94,
      "Total Cost": 1432044.95,
      "Plan Rows": 1,
      "Plan Width": 96,
      "Plans": [
        {
          "Node Type": "Sort",
          "Parent Relationship": "Outer",
          "Parallel Aware": false,
          "Async Capable": false,
          "Startup Cost": 1432044.94,
          "Total Cost": 1432044.95,
          "Plan Rows": 1,
          "Plan Width": 96,
          "Sort Key": [
            "(sum(store_sales.ss_ext_sales_price))",
            "(sum(store_sales_1.ss_ext_sales_price))"
          ],
          "Plans": [
            {
              "Node Type": "Nested Loop",
              "Parent Relationship": "Outer",
              "Parallel Aware": false,
              "Async Capable": false,
              "Join Type": "Inner",
              "Startup Cost": 1432044.87,
              "Total Cost": 1432044.93,
              "Plan Rows": 1,
              "Plan Width": 96,
              "Inner Unique": false,
              "Plans": [
                {
                  "Node Type": "Aggregate",
                  "Strategy": "Plain",
                  "Partial Mode": "Simple",
                  "Parent Relationship": "Outer",
                  "Parallel Aware": false,
                  "Async Capable": false,
                  "Startup Cost": 716034.87,
                  "Total Cost": 716034.88,
                  "Plan Rows": 1,
                  "Plan Width": 32,
                  "Plans": [
                    {
                      "Node Type": "Gather",
                      "Parent Relationship": "Outer",
                      "Parallel Aware": false,
                      "Async Capable": false,
                      "Startup Cost": 709254.95,
                      "Total Cost": 716034.86,
                      "Plan Rows": 1,
                      "Plan Width": 6,
                      "Workers Planned": 2,
                      "Single Copy": false,
                      "Plans": [
                        {
                          "Node Type": "Hash Join",
                          "Parent Relationship": "Outer",
                          "Parallel Aware": true,
                          "Async Capable": false,
                          "Join Type": "Inner",
                          "Startup Cost": 708254.95,
                          "Total Cost": 715034.76,
                          "Plan Rows": 1,
                          "Plan Width": 6,
                          "Inner Unique": false,
                          "Hash Cond": "(customer_address.ca_address_sk = customer.c_current_addr_sk)",
                          "Plans": [
                            {
                              "Node Type": "Seq Scan",
                              "Parent Relationship": "Outer",
                              "Parallel Aware": true,
                              "Async Capable": false,
                              "Relation Name": "customer_address",
                              "Alias": "customer_address",
                              "Startup Cost": 0.0,
                              "Total Cost": 6737.08,
                              "Plan Rows": 11392,
                              "Plan Width": 4,
                              "Filter": "(ca_gmt_offset = '-7'::numeric)",
                              "parent": 5,
                              "ID": 6
                            },
                            {
                              "Node Type": "Hash",
                              "Parent Relationship": "Inner",
                              "Parallel Aware": true,
                              "Async Capable": false,
                              "Startup Cost": 708254.92,
                              "Total Cost": 708254.92,
                              "Plan Rows": 2,
                              "Plan Width": 10,
                              "Plans": [
                                {
                                  "Node Type": "Hash Join",
                                  "Parent Relationship": "Outer",
                                  "Parallel Aware": true,
                                  "Async Capable": false,
                                  "Join Type": "Inner",
                                  "Startup Cost": 691555.33,
                                  "Total Cost": 708254.92,
                                  "Plan Rows": 2,
                                  "Plan Width": 10,
                                  "Inner Unique": false,
                                  "Hash Cond": "(customer.c_customer_sk = store_sales.ss_customer_sk)",
                                  "Plans": [
                                    {
                                      "Node Type": "Seq Scan",
                                      "Parent Relationship": "Outer",
                                      "Parallel Aware": true,
                                      "Async Capable": false,
                                      "Relation Name": "customer",
                                      "Alias": "customer",
                                      "Startup Cost": 0.0,
                                      "Total Cost": 15918.33,
                                      "Plan Rows": 208333,
                                      "Plan Width": 8,
                                      "parent": 8,
                                      "ID": 9
                                    },
                                    {
                                      "Node Type": "Hash",
                                      "Parent Relationship": "Inner",
                                      "Parallel Aware": true,
                                      "Async Capable": false,
                                      "Startup Cost": 691555.31,
                                      "Total Cost": 691555.31,
                                      "Plan Rows": 2,
                                      "Plan Width": 10,
                                      "Plans": [
                                        {
                                          "Node Type": "Hash Join",
                                          "Parent Relationship": "Outer",
                                          "Parallel Aware": false,
                                          "Async Capable": false,
                                          "Join Type": "Inner",
                                          "Startup Cost": 684044.55,
                                          "Total Cost": 691555.31,
                                          "Plan Rows": 2,
                                          "Plan Width": 10,
                                          "Inner Unique": false,
                                          "Hash Cond": "(store_sales.ss_promo_sk = promotion.p_promo_sk)",
                                          "Plans": [
                                            {
                                              "Node Type": "Hash Join",
                                              "Parent Relationship": "Outer",
                                              "Parallel Aware": true,
                                              "Async Capable": false,
                                              "Join Type": "Inner",
                                              "Startup Cost": 684019.66,
                                              "Total Cost": 691530.38,
                                              "Plan Rows": 4,
                                              "Plan Width": 14,
                                              "Inner Unique": false,
                                              "Hash Cond": "(item.i_item_sk = store_sales.ss_item_sk)",
                                              "Plans": [
                                                {
                                                  "Node Type": "Seq Scan",
                                                  "Parent Relationship": "Outer",
                                                  "Parallel Aware": true,
                                                  "Async Capable": false,
                                                  "Relation Name": "item",
                                                  "Alias": "item",
                                                  "Startup Cost": 0.0,
                                                  "Total Cost": 7495.25,
                                                  "Plan Rows": 4120,
                                                  "Plan Width": 4,
                                                  "Filter": "(i_category = 'Books'::bpchar)",
                                                  "parent": 12,
                                                  "ID": 13
                                                },
                                                {
                                                  "Node Type": "Hash",
                                                  "Parent Relationship": "Inner",
                                                  "Parallel Aware": true,
                                                  "Async Capable": false,
                                                  "Startup Cost": 684019.11,
                                                  "Total Cost": 684019.11,
                                                  "Plan Rows": 44,
                                                  "Plan Width": 18,
                                                  "Plans": [
                                                    {
                                                      "Node Type": "Hash Join",
                                                      "Parent Relationship": "Outer",
                                                      "Parallel Aware": false,
                                                      "Async Capable": false,
                                                      "Join Type": "Inner",
                                                      "Startup Cost": 2056.06,
                                                      "Total Cost": 684019.11,
                                                      "Plan Rows": 44,
                                                      "Plan Width": 18,
                                                      "Inner Unique": false,
                                                      "Hash Cond": "(store_sales.ss_store_sk = store.s_store_sk)",
                                                      "Plans": [
                                                        {
                                                          "Node Type": "Hash Join",
                                                          "Parent Relationship": "Outer",
                                                          "Parallel Aware": true,
                                                          "Async Capable": false,
                                                          "Join Type": "Inner",
                                                          "Startup Cost": 2049.78,
                                                          "Total Cost": 683994.75,
                                                          "Plan Rows": 4703,
                                                          "Plan Width": 22,
                                                          "Inner Unique": false,
                                                          "Hash Cond": "(store_sales.ss_sold_date_sk = date_dim.d_date_sk)",
                                                          "Plans": [
                                                            {
                                                              "Node Type": "Seq Scan",
                                                              "Parent Relationship": "Outer",
                                                              "Parallel Aware": true,
                                                              "Async Capable": false,
                                                              "Relation Name": "store_sales",
                                                              "Alias": "store_sales",
                                                              "Startup Cost": 0.0,
                                                              "Total Cost": 636914.37,
                                                              "Plan Rows": 12000637,
                                                              "Plan Width": 26,
                                                              "parent": 16,
                                                              "ID": 17
                                                            },
                                                            {
                                                              "Node Type": "Hash",
                                                              "Parent Relationship": "Inner",
                                                              "Parallel Aware": true,
                                                              "Async Capable": false,
                                                              "Startup Cost": 2049.55,
                                                              "Total Cost": 2049.55,
                                                              "Plan Rows": 18,
                                                              "Plan Width": 4,
                                                              "Plans": [
                                                                {
                                                                  "Node Type": "Seq Scan",
                                                                  "Parent Relationship": "Outer",
                                                                  "Parallel Aware": true,
                                                                  "Async Capable": false,
                                                                  "Relation Name": "date_dim",
                                                                  "Alias": "date_dim",
                                                                  "Startup Cost": 0.0,
                                                                  "Total Cost": 2049.55,
                                                                  "Plan Rows": 18,
                                                                  "Plan Width": 4,
                                                                  "Filter": "((d_year = 1999) AND (d_moy = 11))",
                                                                  "parent": 18,
                                                                  "ID": 19
                                                                }
                                                              ],
                                                              "parent": 16,
                                                              "ID": 18,
                                                              "left": 19
                                                            }
                                                          ],
                                                          "parent": 15,
                                                          "ID": 16,
                                                          "left": 17,
                                                          "right": 18
                                                        },
                                                        {
                                                          "Node Type": "Hash",
                                                          "Parent Relationship": "Inner",
                                                          "Parallel Aware": false,
                                                          "Async Capable": false,
                                                          "Startup Cost": 6.28,
                                                          "Total Cost": 6.28,
                                                          "Plan Rows": 1,
                                                          "Plan Width": 4,
                                                          "Plans": [
                                                            {
                                                              "Node Type": "Seq Scan",
                                                              "Parent Relationship": "Outer",
                                                              "Parallel Aware": false,
                                                              "Async Capable": false,
                                                              "Relation Name": "store",
                                                              "Alias": "store",
                                                              "Startup Cost": 0.0,
                                                              "Total Cost": 6.28,
                                                              "Plan Rows": 1,
                                                              "Plan Width": 4,
                                                              "Filter": "(s_gmt_offset = '-7'::numeric)",
                                                              "parent": 20,
                                                              "ID": 21
                                                            }
                                                          ],
                                                          "parent": 15,
                                                          "ID": 20,
                                                          "left": 21
                                                        }
                                                      ],
                                                      "parent": 14,
                                                      "ID": 15,
                                                      "left": 16,
                                                      "right": 20
                                                    }
                                                  ],
                                                  "parent": 12,
                                                  "ID": 14,
                                                  "left": 15
                                                }
                                              ],
                                              "parent": 11,
                                              "ID": 12,
                                              "left": 13,
                                              "right": 14
                                            },
                                            {
                                              "Node Type": "Hash",
                                              "Parent Relationship": "Inner",
                                              "Parallel Aware": false,
                                              "Async Capable": false,
                                              "Startup Cost": 21.75,
                                              "Total Cost": 21.75,
                                              "Plan Rows": 251,
                                              "Plan Width": 4,
                                              "Plans": [
                                                {
                                                  "Node Type": "Seq Scan",
                                                  "Parent Relationship": "Outer",
                                                  "Parallel Aware": false,
                                                  "Async Capable": false,
                                                  "Relation Name": "promotion",
                                                  "Alias": "promotion",
                                                  "Startup Cost": 0.0,
                                                  "Total Cost": 21.75,
                                                  "Plan Rows": 251,
                                                  "Plan Width": 4,
                                                  "Filter": "((p_channel_dmail = 'Y'::bpchar) OR (p_channel_email = 'Y'::bpchar) OR (p_channel_tv = 'Y'::bpchar))",
                                                  "parent": 22,
                                                  "ID": 23
                                                }
                                              ],
                                              "parent": 11,
                                              "ID": 22,
                                              "left": 23
                                            }
                                          ],
                                          "parent": 10,
                                          "ID": 11,
                                          "left": 12,
                                          "right": 22
                                        }
                                      ],
                                      "parent": 8,
                                      "ID": 10,
                                      "left": 11
                                    }
                                  ],
                                  "parent": 7,
                                  "ID": 8,
                                  "left": 9,
                                  "right": 10
                                }
                              ],
                              "parent": 5,
                              "ID": 7,
                              "left": 8
                            }
                          ],
                          "parent": 4,
                          "ID": 5,
                          "left": 6,
                          "right": 7
                        }
                      ],
                      "parent": 3,
                      "ID": 4,
                      "left": 5
                    }
                  ],
                  "parent": 2,
                  "ID": 3,
                  "left": 4
                },
                {
                  "Node Type": "Aggregate",
                  "Strategy": "Plain",
                  "Partial Mode": "Simple",
                  "Parent Relationship": "Inner",
                  "Parallel Aware": false,
                  "Async Capable": false,
                  "Startup Cost": 716010.0,
                  "Total Cost": 716010.01,
                  "Plan Rows": 1,
                  "Plan Width": 32,
                  "Plans": [
                    {
                      "Node Type": "Gather",
                      "Parent Relationship": "Outer",
                      "Parallel Aware": false,
                      "Async Capable": false,
                      "Startup Cost": 709230.09,
                      "Total Cost": 716010.0,
                      "Plan Rows": 1,
                      "Plan Width": 6,
                      "Workers Planned": 2,
                      "Single Copy": false,
                      "Plans": [
                        {
                          "Node Type": "Hash Join",
                          "Parent Relationship": "Outer",
                          "Parallel Aware": true,
                          "Async Capable": false,
                          "Join Type": "Inner",
                          "Startup Cost": 708230.09,
                          "Total Cost": 715009.9,
                          "Plan Rows": 1,
                          "Plan Width": 6,
                          "Inner Unique": false,
                          "Hash Cond": "(customer_address_1.ca_address_sk = customer_1.c_current_addr_sk)",
                          "Plans": [
                            {
                              "Node Type": "Seq Scan",
                              "Parent Relationship": "Outer",
                              "Parallel Aware": true,
                              "Async Capable": false,
                              "Relation Name": "customer_address",
                              "Alias": "customer_address_1",
                              "Startup Cost": 0.0,
                              "Total Cost": 6737.08,
                              "Plan Rows": 11392,
                              "Plan Width": 4,
                              "Filter": "(ca_gmt_offset = '-7'::numeric)",
                              "parent": 26,
                              "ID": 27
                            },
                            {
                              "Node Type": "Hash",
                              "Parent Relationship": "Inner",
                              "Parallel Aware": true,
                              "Async Capable": false,
                              "Startup Cost": 708230.04,
                              "Total Cost": 708230.04,
                              "Plan Rows": 4,
                              "Plan Width": 10,
                              "Plans": [
                                {
                                  "Node Type": "Hash Join",
                                  "Parent Relationship": "Outer",
                                  "Parallel Aware": true,
                                  "Async Capable": false,
                                  "Join Type": "Inner",
                                  "Startup Cost": 691530.43,
                                  "Total Cost": 708230.04,
                                  "Plan Rows": 4,
                                  "Plan Width": 10,
                                  "Inner Unique": false,
                                  "Hash Cond": "(customer_1.c_customer_sk = store_sales_1.ss_customer_sk)",
                                  "Plans": [
                                    {
                                      "Node Type": "Seq Scan",
                                      "Parent Relationship": "Outer",
                                      "Parallel Aware": true,
                                      "Async Capable": false,
                                      "Relation Name": "customer",
                                      "Alias": "customer_1",
                                      "Startup Cost": 0.0,
                                      "Total Cost": 15918.33,
                                      "Plan Rows": 208333,
                                      "Plan Width": 8,
                                      "parent": 29,
                                      "ID": 30
                                    },
                                    {
                                      "Node Type": "Hash",
                                      "Parent Relationship": "Inner",
                                      "Parallel Aware": true,
                                      "Async Capable": false,
                                      "Startup Cost": 691530.38,
                                      "Total Cost": 691530.38,
                                      "Plan Rows": 4,
                                      "Plan Width": 10,
                                      "Plans": [
                                        {
                                          "Node Type": "Hash Join",
                                          "Parent Relationship": "Outer",
                                          "Parallel Aware": true,
                                          "Async Capable": false,
                                          "Join Type": "Inner",
                                          "Startup Cost": 684019.66,
                                          "Total Cost": 691530.38,
                                          "Plan Rows": 4,
                                          "Plan Width": 10,
                                          "Inner Unique": false,
                                          "Hash Cond": "(item_1.i_item_sk = store_sales_1.ss_item_sk)",
                                          "Plans": [
                                            {
                                              "Node Type": "Seq Scan",
                                              "Parent Relationship": "Outer",
                                              "Parallel Aware": true,
                                              "Async Capable": false,
                                              "Relation Name": "item",
                                              "Alias": "item_1",
                                              "Startup Cost": 0.0,
                                              "Total Cost": 7495.25,
                                              "Plan Rows": 4120,
                                              "Plan Width": 4,
                                              "Filter": "(i_category = 'Books'::bpchar)",
                                              "parent": 32,
                                              "ID": 33
                                            },
                                            {
                                              "Node Type": "Hash",
                                              "Parent Relationship": "Inner",
                                              "Parallel Aware": true,
                                              "Async Capable": false,
                                              "Startup Cost": 684019.11,
                                              "Total Cost": 684019.11,
                                              "Plan Rows": 44,
                                              "Plan Width": 14,
                                              "Plans": [
                                                {
                                                  "Node Type": "Hash Join",
                                                  "Parent Relationship": "Outer",
                                                  "Parallel Aware": false,
                                                  "Async Capable": false,
                                                  "Join Type": "Inner",
                                                  "Startup Cost": 2056.06,
                                                  "Total Cost": 684019.11,
                                                  "Plan Rows": 44,
                                                  "Plan Width": 14,
                                                  "Inner Unique": false,
                                                  "Hash Cond": "(store_sales_1.ss_store_sk = store_1.s_store_sk)",
                                                  "Plans": [
                                                    {
                                                      "Node Type": "Hash Join",
                                                      "Parent Relationship": "Outer",
                                                      "Parallel Aware": true,
                                                      "Async Capable": false,
                                                      "Join Type": "Inner",
                                                      "Startup Cost": 2049.78,
                                                      "Total Cost": 683994.75,
                                                      "Plan Rows": 4703,
                                                      "Plan Width": 18,
                                                      "Inner Unique": false,
                                                      "Hash Cond": "(store_sales_1.ss_sold_date_sk = date_dim_1.d_date_sk)",
                                                      "Plans": [
                                                        {
                                                          "Node Type": "Seq Scan",
                                                          "Parent Relationship": "Outer",
                                                          "Parallel Aware": true,
                                                          "Async Capable": false,
                                                          "Relation Name": "store_sales",
                                                          "Alias": "store_sales_1",
                                                          "Startup Cost": 0.0,
                                                          "Total Cost": 636914.37,
                                                          "Plan Rows": 12000637,
                                                          "Plan Width": 22,
                                                          "parent": 36,
                                                          "ID": 37
                                                        },
                                                        {
                                                          "Node Type": "Hash",
                                                          "Parent Relationship": "Inner",
                                                          "Parallel Aware": true,
                                                          "Async Capable": false,
                                                          "Startup Cost": 2049.55,
                                                          "Total Cost": 2049.55,
                                                          "Plan Rows": 18,
                                                          "Plan Width": 4,
                                                          "Plans": [
                                                            {
                                                              "Node Type": "Seq Scan",
                                                              "Parent Relationship": "Outer",
                                                              "Parallel Aware": true,
                                                              "Async Capable": false,
                                                              "Relation Name": "date_dim",
                                                              "Alias": "date_dim_1",
                                                              "Startup Cost": 0.0,
                                                              "Total Cost": 2049.55,
                                                              "Plan Rows": 18,
                                                              "Plan Width": 4,
                                                              "Filter": "((d_year = 1999) AND (d_moy = 11))",
                                                              "parent": 38,
                                                              "ID": 39
                                                            }
                                                          ],
                                                          "parent": 36,
                                                          "ID": 38,
                                                          "left": 39
                                                        }
                                                      ],
                                                      "parent": 35,
                                                      "ID": 36,
                                                      "left": 37,
                                                      "right": 38
                                                    },
                                                    {
                                                      "Node Type": "Hash",
                                                      "Parent Relationship": "Inner",
                                                      "Parallel Aware": false,
                                                      "Async Capable": false,
                                                      "Startup Cost": 6.28,
                                                      "Total Cost": 6.28,
                                                      "Plan Rows": 1,
                                                      "Plan Width": 4,
                                                      "Plans": [
                                                        {
                                                          "Node Type": "Seq Scan",
                                                          "Parent Relationship": "Outer",
                                                          "Parallel Aware": false,
                                                          "Async Capable": false,
                                                          "Relation Name": "store",
                                                          "Alias": "store_1",
                                                          "Startup Cost": 0.0,
                                                          "Total Cost": 6.28,
                                                          "Plan Rows": 1,
                                                          "Plan Width": 4,
                                                          "Filter": "(s_gmt_offset = '-7'::numeric)",
                                                          "parent": 40,
                                                          "ID": 41
                                                        }
                                                      ],
                                                      "parent": 35,
                                                      "ID": 40,
                                                      "left": 41
                                                    }
                                                  ],
                                                  "parent": 34,
                                                  "ID": 35,
                                                  "left": 36,
                                                  "right": 40
                                                }
                                              ],
                                              "parent": 32,
                                              "ID": 34,
                                              "left": 35
                                            }
                                          ],
                                          "parent": 31,
                                          "ID": 32,
                                          "left": 33,
                                          "right": 34
                                        }
                                      ],
                                      "parent": 29,
                                      "ID": 31,
                                      "left": 32
                                    }
                                  ],
                                  "parent": 28,
                                  "ID": 29,
                                  "left": 30,
                                  "right": 31
                                }
                              ],
                              "parent": 26,
                              "ID": 28,
                              "left": 29
                            }
                          ],
                          "parent": 25,
                          "ID": 26,
                          "left": 27,
                          "right": 28
                        }
                      ],
                      "parent": 24,
                      "ID": 25,
                      "left": 26
                    }
                  ],
                  "parent": 2,
                  "ID": 24,
                  "left": 25
                }
              ],
              "parent": 1,
              "ID": 2,
              "left": 3,
              "right": 24
            }
          ],
          "parent": 0,
          "ID": 1,
          "left": 2
        }
      ],
      "parent": null,
      "ID": 0,
      "left": 1
    },
    "feat": {
      "utility": 7.563659227316853e-06,
      "query_shape": [
        [
          "Seq Scan",
          "Hash Join",
          "Gather",
          "Aggregate",
          "Nested Loop",
          "Sort"
        ],
        [
          "Seq Scan",
          "Hash Join",
          "Hash",
          "Gather",
          "Aggregate",
          "Nested Loop",
          "Sort"
        ],
        [
          "Seq Scan",
          "Hash Join",
          "Hash",
          "Gather",
          "Aggregate",
          "Nested Loop",
          "Sort"
        ],
        [
          "Seq Scan",
          "Hash Join",
          "Hash",
          "Gather",
          "Aggregate",
          "Nested Loop",
          "Sort"
        ],
        [
          "Seq Scan",
          "Hash",
          "Hash Join",
          "Gather",
          "Aggregate",
          "Nested Loop",
          "Sort"
        ],
        [
          "Seq Scan",
          "Hash",
          "Hash Join",
          "Gather",
          "Aggregate",
          "Nested Loop",
          "Sort"
        ],
        [
          "Seq Scan",
          "Hash",
          "Hash Join",
          "Gather",
          "Aggregate",
          "Nested Loop",
          "Sort"
        ],
        [
          "Seq Scan",
          "Hash Join",
          "Gather",
          "Aggregate",
          "Nested Loop",
          "Sort"
        ],
        [
          "Seq Scan",
          "Hash Join",
          "Hash",
          "Gather",
          "Aggregate",
          "Nested Loop",
          "Sort"
        ],
        [
          "Seq Scan",
          "Hash Join",
          "Hash",
          "Gather",
          "Aggregate",
          "Nested Loop",
          "Sort"
        ],
        [
          "Seq Scan",
          "Hash Join",
          "Hash",
          "Gather",
          "Aggregate",
          "Nested Loop",
          "Sort"
        ],
        [
          "Seq Scan",
          "Hash",
          "Hash Join",
          "Gather",
          "Aggregate",
          "Nested Loop",
          "Sort"
        ],
        [
          "Seq Scan",
          "Hash",
          "Hash Join",
          "Gather",
          "Aggregate",
          "Nested Loop",
          "Sort"
        ]
      ],
      "index_shape": [
        "selection"
      ],
      "physical_operator": {
        "Seq Scan": [
          0.502
        ]
      }
    }
  },
  {
    "query": "select  promotions,total,cast(promotions as decimal(15,4))/cast(total as decimal(15,4))*100\nfrom\n  (select sum(ss_ext_sales_price) promotions\n   from  store_sales\n        ,store\n        ,promotion\n        ,date_dim\n        ,customer\n        ,customer_address \n        ,item\n   where ss_sold_date_sk = d_date_sk\n   and   ss_store_sk = s_store_sk\n   and   ss_promo_sk = p_promo_sk\n   and   ss_customer_sk= c_customer_sk\n   and   ca_address_sk = c_current_addr_sk\n   and   ss_item_sk = i_item_sk \n   and   ca_gmt_offset = -7\n   and   i_category = 'Books'\n   and   (p_channel_dmail = 'Y' or p_channel_email = 'Y' or p_channel_tv = 'Y')\n   and   s_gmt_offset = -7\n   and   d_year = 1999\n   and   d_moy  = 11) promotional_sales,\n  (select sum(ss_ext_sales_price) total\n   from  store_sales\n        ,store\n        ,date_dim\n        ,customer\n        ,customer_address\n        ,item\n   where ss_sold_date_sk = d_date_sk\n   and   ss_store_sk = s_store_sk\n   and   ss_customer_sk= c_customer_sk\n   and   ca_address_sk = c_current_addr_sk\n   and   ss_item_sk = i_item_sk\n   and   ca_gmt_offset = -7\n   and   i_category = 'Books'\n   and   s_gmt_offset = -7\n   and   d_year = 1999\n   and   d_moy  = 11) all_sales\norder by promotions, total\nlimit 100;\n\n-- end query 45 in stream 3 using template query61.tpl\n",
    "indexes": "promotion.p_channel_email",
    "wo plan est": {
      "Node Type": "Limit",
      "Parallel Aware": false,
      "Async Capable": false,
      "Startup Cost": 1432044.94,
      "Total Cost": 1432044.95,
      "Plan Rows": 1,
      "Plan Width": 96,
      "Plans": [
        {
          "Node Type": "Sort",
          "Parent Relationship": "Outer",
          "Parallel Aware": false,
          "Async Capable": false,
          "Startup Cost": 1432044.94,
          "Total Cost": 1432044.95,
          "Plan Rows": 1,
          "Plan Width": 96,
          "Sort Key": [
            "(sum(store_sales.ss_ext_sales_price))",
            "(sum(store_sales_1.ss_ext_sales_price))"
          ],
          "Plans": [
            {
              "Node Type": "Nested Loop",
              "Parent Relationship": "Outer",
              "Parallel Aware": false,
              "Async Capable": false,
              "Join Type": "Inner",
              "Startup Cost": 1432044.87,
              "Total Cost": 1432044.93,
              "Plan Rows": 1,
              "Plan Width": 96,
              "Inner Unique": false,
              "Plans": [
                {
                  "Node Type": "Aggregate",
                  "Strategy": "Plain",
                  "Partial Mode": "Simple",
                  "Parent Relationship": "Outer",
                  "Parallel Aware": false,
                  "Async Capable": false,
                  "Startup Cost": 716034.87,
                  "Total Cost": 716034.88,
                  "Plan Rows": 1,
                  "Plan Width": 32,
                  "Plans": [
                    {
                      "Node Type": "Gather",
                      "Parent Relationship": "Outer",
                      "Parallel Aware": false,
                      "Async Capable": false,
                      "Startup Cost": 709254.95,
                      "Total Cost": 716034.86,
                      "Plan Rows": 1,
                      "Plan Width": 6,
                      "Workers Planned": 2,
                      "Single Copy": false,
                      "Plans": [
                        {
                          "Node Type": "Hash Join",
                          "Parent Relationship": "Outer",
                          "Parallel Aware": true,
                          "Async Capable": false,
                          "Join Type": "Inner",
                          "Startup Cost": 708254.95,
                          "Total Cost": 715034.76,
                          "Plan Rows": 1,
                          "Plan Width": 6,
                          "Inner Unique": false,
                          "Hash Cond": "(customer_address.ca_address_sk = customer.c_current_addr_sk)",
                          "Plans": [
                            {
                              "Node Type": "Seq Scan",
                              "Parent Relationship": "Outer",
                              "Parallel Aware": true,
                              "Async Capable": false,
                              "Relation Name": "customer_address",
                              "Alias": "customer_address",
                              "Startup Cost": 0.0,
                              "Total Cost": 6737.08,
                              "Plan Rows": 11392,
                              "Plan Width": 4,
                              "Filter": "(ca_gmt_offset = '-7'::numeric)",
                              "parent": 5,
                              "ID": 6
                            },
                            {
                              "Node Type": "Hash",
                              "Parent Relationship": "Inner",
                              "Parallel Aware": true,
                              "Async Capable": false,
                              "Startup Cost": 708254.92,
                              "Total Cost": 708254.92,
                              "Plan Rows": 2,
                              "Plan Width": 10,
                              "Plans": [
                                {
                                  "Node Type": "Hash Join",
                                  "Parent Relationship": "Outer",
                                  "Parallel Aware": true,
                                  "Async Capable": false,
                                  "Join Type": "Inner",
                                  "Startup Cost": 691555.33,
                                  "Total Cost": 708254.92,
                                  "Plan Rows": 2,
                                  "Plan Width": 10,
                                  "Inner Unique": false,
                                  "Hash Cond": "(customer.c_customer_sk = store_sales.ss_customer_sk)",
                                  "Plans": [
                                    {
                                      "Node Type": "Seq Scan",
                                      "Parent Relationship": "Outer",
                                      "Parallel Aware": true,
                                      "Async Capable": false,
                                      "Relation Name": "customer",
                                      "Alias": "customer",
                                      "Startup Cost": 0.0,
                                      "Total Cost": 15918.33,
                                      "Plan Rows": 208333,
                                      "Plan Width": 8,
                                      "parent": 8,
                                      "ID": 9
                                    },
                                    {
                                      "Node Type": "Hash",
                                      "Parent Relationship": "Inner",
                                      "Parallel Aware": true,
                                      "Async Capable": false,
                                      "Startup Cost": 691555.31,
                                      "Total Cost": 691555.31,
                                      "Plan Rows": 2,
                                      "Plan Width": 10,
                                      "Plans": [
                                        {
                                          "Node Type": "Hash Join",
                                          "Parent Relationship": "Outer",
                                          "Parallel Aware": false,
                                          "Async Capable": false,
                                          "Join Type": "Inner",
                                          "Startup Cost": 684044.55,
                                          "Total Cost": 691555.31,
                                          "Plan Rows": 2,
                                          "Plan Width": 10,
                                          "Inner Unique": false,
                                          "Hash Cond": "(store_sales.ss_promo_sk = promotion.p_promo_sk)",
                                          "Plans": [
                                            {
                                              "Node Type": "Hash Join",
                                              "Parent Relationship": "Outer",
                                              "Parallel Aware": true,
                                              "Async Capable": false,
                                              "Join Type": "Inner",
                                              "Startup Cost": 684019.66,
                                              "Total Cost": 691530.38,
                                              "Plan Rows": 4,
                                              "Plan Width": 14,
                                              "Inner Unique": false,
                                              "Hash Cond": "(item.i_item_sk = store_sales.ss_item_sk)",
                                              "Plans": [
                                                {
                                                  "Node Type": "Seq Scan",
                                                  "Parent Relationship": "Outer",
                                                  "Parallel Aware": true,
                                                  "Async Capable": false,
                                                  "Relation Name": "item",
                                                  "Alias": "item",
                                                  "Startup Cost": 0.0,
                                                  "Total Cost": 7495.25,
                                                  "Plan Rows": 4120,
                                                  "Plan Width": 4,
                                                  "Filter": "(i_category = 'Books'::bpchar)",
                                                  "parent": 12,
                                                  "ID": 13
                                                },
                                                {
                                                  "Node Type": "Hash",
                                                  "Parent Relationship": "Inner",
                                                  "Parallel Aware": true,
                                                  "Async Capable": false,
                                                  "Startup Cost": 684019.11,
                                                  "Total Cost": 684019.11,
                                                  "Plan Rows": 44,
                                                  "Plan Width": 18,
                                                  "Plans": [
                                                    {
                                                      "Node Type": "Hash Join",
                                                      "Parent Relationship": "Outer",
                                                      "Parallel Aware": false,
                                                      "Async Capable": false,
                                                      "Join Type": "Inner",
                                                      "Startup Cost": 2056.06,
                                                      "Total Cost": 684019.11,
                                                      "Plan Rows": 44,
                                                      "Plan Width": 18,
                                                      "Inner Unique": false,
                                                      "Hash Cond": "(store_sales.ss_store_sk = store.s_store_sk)",
                                                      "Plans": [
                                                        {
                                                          "Node Type": "Hash Join",
                                                          "Parent Relationship": "Outer",
                                                          "Parallel Aware": true,
                                                          "Async Capable": false,
                                                          "Join Type": "Inner",
                                                          "Startup Cost": 2049.78,
                                                          "Total Cost": 683994.75,
                                                          "Plan Rows": 4703,
                                                          "Plan Width": 22,
                                                          "Inner Unique": false,
                                                          "Hash Cond": "(store_sales.ss_sold_date_sk = date_dim.d_date_sk)",
                                                          "Plans": [
                                                            {
                                                              "Node Type": "Seq Scan",
                                                              "Parent Relationship": "Outer",
                                                              "Parallel Aware": true,
                                                              "Async Capable": false,
                                                              "Relation Name": "store_sales",
                                                              "Alias": "store_sales",
                                                              "Startup Cost": 0.0,
                                                              "Total Cost": 636914.37,
                                                              "Plan Rows": 12000637,
                                                              "Plan Width": 26,
                                                              "parent": 16,
                                                              "ID": 17
                                                            },
                                                            {
                                                              "Node Type": "Hash",
                                                              "Parent Relationship": "Inner",
                                                              "Parallel Aware": true,
                                                              "Async Capable": false,
                                                              "Startup Cost": 2049.55,
                                                              "Total Cost": 2049.55,
                                                              "Plan Rows": 18,
                                                              "Plan Width": 4,
                                                              "Plans": [
                                                                {
                                                                  "Node Type": "Seq Scan",
                                                                  "Parent Relationship": "Outer",
                                                                  "Parallel Aware": true,
                                                                  "Async Capable": false,
                                                                  "Relation Name": "date_dim",
                                                                  "Alias": "date_dim",
                                                                  "Startup Cost": 0.0,
                                                                  "Total Cost": 2049.55,
                                                                  "Plan Rows": 18,
                                                                  "Plan Width": 4,
                                                                  "Filter": "((d_year = 1999) AND (d_moy = 11))",
                                                                  "parent": 18,
                                                                  "ID": 19
                                                                }
                                                              ],
                                                              "parent": 16,
                                                              "ID": 18,
                                                              "left": 19
                                                            }
                                                          ],
                                                          "parent": 15,
                                                          "ID": 16,
                                                          "left": 17,
                                                          "right": 18
                                                        },
                                                        {
                                                          "Node Type": "Hash",
                                                          "Parent Relationship": "Inner",
                                                          "Parallel Aware": false,
                                                          "Async Capable": false,
                                                          "Startup Cost": 6.28,
                                                          "Total Cost": 6.28,
                                                          "Plan Rows": 1,
                                                          "Plan Width": 4,
                                                          "Plans": [
                                                            {
                                                              "Node Type": "Seq Scan",
                                                              "Parent Relationship": "Outer",
                                                              "Parallel Aware": false,
                                                              "Async Capable": false,
                                                              "Relation Name": "store",
                                                              "Alias": "store",
                                                              "Startup Cost": 0.0,
                                                              "Total Cost": 6.28,
                                                              "Plan Rows": 1,
                                                              "Plan Width": 4,
                                                              "Filter": "(s_gmt_offset = '-7'::numeric)",
                                                              "parent": 20,
                                                              "ID": 21
                                                            }
                                                          ],
                                                          "parent": 15,
                                                          "ID": 20,
                                                          "left": 21
                                                        }
                                                      ],
                                                      "parent": 14,
                                                      "ID": 15,
                                                      "left": 16,
                                                      "right": 20
                                                    }
                                                  ],
                                                  "parent": 12,
                                                  "ID": 14,
                                                  "left": 15
                                                }
                                              ],
                                              "parent": 11,
                                              "ID": 12,
                                              "left": 13,
                                              "right": 14
                                            },
                                            {
                                              "Node Type": "Hash",
                                              "Parent Relationship": "Inner",
                                              "Parallel Aware": false,
                                              "Async Capable": false,
                                              "Startup Cost": 21.75,
                                              "Total Cost": 21.75,
                                              "Plan Rows": 251,
                                              "Plan Width": 4,
                                              "Plans": [
                                                {
                                                  "Node Type": "Seq Scan",
                                                  "Parent Relationship": "Outer",
                                                  "Parallel Aware": false,
                                                  "Async Capable": false,
                                                  "Relation Name": "promotion",
                                                  "Alias": "promotion",
                                                  "Startup Cost": 0.0,
                                                  "Total Cost": 21.75,
                                                  "Plan Rows": 251,
                                                  "Plan Width": 4,
                                                  "Filter": "((p_channel_dmail = 'Y'::bpchar) OR (p_channel_email = 'Y'::bpchar) OR (p_channel_tv = 'Y'::bpchar))",
                                                  "parent": 22,
                                                  "ID": 23
                                                }
                                              ],
                                              "parent": 11,
                                              "ID": 22,
                                              "left": 23
                                            }
                                          ],
                                          "parent": 10,
                                          "ID": 11,
                                          "left": 12,
                                          "right": 22
                                        }
                                      ],
                                      "parent": 8,
                                      "ID": 10,
                                      "left": 11
                                    }
                                  ],
                                  "parent": 7,
                                  "ID": 8,
                                  "left": 9,
                                  "right": 10
                                }
                              ],
                              "parent": 5,
                              "ID": 7,
                              "left": 8
                            }
                          ],
                          "parent": 4,
                          "ID": 5,
                          "left": 6,
                          "right": 7
                        }
                      ],
                      "parent": 3,
                      "ID": 4,
                      "left": 5
                    }
                  ],
                  "parent": 2,
                  "ID": 3,
                  "left": 4
                },
                {
                  "Node Type": "Aggregate",
                  "Strategy": "Plain",
                  "Partial Mode": "Simple",
                  "Parent Relationship": "Inner",
                  "Parallel Aware": false,
                  "Async Capable": false,
                  "Startup Cost": 716010.0,
                  "Total Cost": 716010.01,
                  "Plan Rows": 1,
                  "Plan Width": 32,
                  "Plans": [
                    {
                      "Node Type": "Gather",
                      "Parent Relationship": "Outer",
                      "Parallel Aware": false,
                      "Async Capable": false,
                      "Startup Cost": 709230.09,
                      "Total Cost": 716010.0,
                      "Plan Rows": 1,
                      "Plan Width": 6,
                      "Workers Planned": 2,
                      "Single Copy": false,
                      "Plans": [
                        {
                          "Node Type": "Hash Join",
                          "Parent Relationship": "Outer",
                          "Parallel Aware": true,
                          "Async Capable": false,
                          "Join Type": "Inner",
                          "Startup Cost": 708230.09,
                          "Total Cost": 715009.9,
                          "Plan Rows": 1,
                          "Plan Width": 6,
                          "Inner Unique": false,
                          "Hash Cond": "(customer_address_1.ca_address_sk = customer_1.c_current_addr_sk)",
                          "Plans": [
                            {
                              "Node Type": "Seq Scan",
                              "Parent Relationship": "Outer",
                              "Parallel Aware": true,
                              "Async Capable": false,
                              "Relation Name": "customer_address",
                              "Alias": "customer_address_1",
                              "Startup Cost": 0.0,
                              "Total Cost": 6737.08,
                              "Plan Rows": 11392,
                              "Plan Width": 4,
                              "Filter": "(ca_gmt_offset = '-7'::numeric)",
                              "parent": 26,
                              "ID": 27
                            },
                            {
                              "Node Type": "Hash",
                              "Parent Relationship": "Inner",
                              "Parallel Aware": true,
                              "Async Capable": false,
                              "Startup Cost": 708230.04,
                              "Total Cost": 708230.04,
                              "Plan Rows": 4,
                              "Plan Width": 10,
                              "Plans": [
                                {
                                  "Node Type": "Hash Join",
                                  "Parent Relationship": "Outer",
                                  "Parallel Aware": true,
                                  "Async Capable": false,
                                  "Join Type": "Inner",
                                  "Startup Cost": 691530.43,
                                  "Total Cost": 708230.04,
                                  "Plan Rows": 4,
                                  "Plan Width": 10,
                                  "Inner Unique": false,
                                  "Hash Cond": "(customer_1.c_customer_sk = store_sales_1.ss_customer_sk)",
                                  "Plans": [
                                    {
                                      "Node Type": "Seq Scan",
                                      "Parent Relationship": "Outer",
                                      "Parallel Aware": true,
                                      "Async Capable": false,
                                      "Relation Name": "customer",
                                      "Alias": "customer_1",
                                      "Startup Cost": 0.0,
                                      "Total Cost": 15918.33,
                                      "Plan Rows": 208333,
                                      "Plan Width": 8,
                                      "parent": 29,
                                      "ID": 30
                                    },
                                    {
                                      "Node Type": "Hash",
                                      "Parent Relationship": "Inner",
                                      "Parallel Aware": true,
                                      "Async Capable": false,
                                      "Startup Cost": 691530.38,
                                      "Total Cost": 691530.38,
                                      "Plan Rows": 4,
                                      "Plan Width": 10,
                                      "Plans": [
                                        {
                                          "Node Type": "Hash Join",
                                          "Parent Relationship": "Outer",
                                          "Parallel Aware": true,
                                          "Async Capable": false,
                                          "Join Type": "Inner",
                                          "Startup Cost": 684019.66,
                                          "Total Cost": 691530.38,
                                          "Plan Rows": 4,
                                          "Plan Width": 10,
                                          "Inner Unique": false,
                                          "Hash Cond": "(item_1.i_item_sk = store_sales_1.ss_item_sk)",
                                          "Plans": [
                                            {
                                              "Node Type": "Seq Scan",
                                              "Parent Relationship": "Outer",
                                              "Parallel Aware": true,
                                              "Async Capable": false,
                                              "Relation Name": "item",
                                              "Alias": "item_1",
                                              "Startup Cost": 0.0,
                                              "Total Cost": 7495.25,
                                              "Plan Rows": 4120,
                                              "Plan Width": 4,
                                              "Filter": "(i_category = 'Books'::bpchar)",
                                              "parent": 32,
                                              "ID": 33
                                            },
                                            {
                                              "Node Type": "Hash",
                                              "Parent Relationship": "Inner",
                                              "Parallel Aware": true,
                                              "Async Capable": false,
                                              "Startup Cost": 684019.11,
                                              "Total Cost": 684019.11,
                                              "Plan Rows": 44,
                                              "Plan Width": 14,
                                              "Plans": [
                                                {
                                                  "Node Type": "Hash Join",
                                                  "Parent Relationship": "Outer",
                                                  "Parallel Aware": false,
                                                  "Async Capable": false,
                                                  "Join Type": "Inner",
                                                  "Startup Cost": 2056.06,
                                                  "Total Cost": 684019.11,
                                                  "Plan Rows": 44,
                                                  "Plan Width": 14,
                                                  "Inner Unique": false,
                                                  "Hash Cond": "(store_sales_1.ss_store_sk = store_1.s_store_sk)",
                                                  "Plans": [
                                                    {
                                                      "Node Type": "Hash Join",
                                                      "Parent Relationship": "Outer",
                                                      "Parallel Aware": true,
                                                      "Async Capable": false,
                                                      "Join Type": "Inner",
                                                      "Startup Cost": 2049.78,
                                                      "Total Cost": 683994.75,
                                                      "Plan Rows": 4703,
                                                      "Plan Width": 18,
                                                      "Inner Unique": false,
                                                      "Hash Cond": "(store_sales_1.ss_sold_date_sk = date_dim_1.d_date_sk)",
                                                      "Plans": [
                                                        {
                                                          "Node Type": "Seq Scan",
                                                          "Parent Relationship": "Outer",
                                                          "Parallel Aware": true,
                                                          "Async Capable": false,
                                                          "Relation Name": "store_sales",
                                                          "Alias": "store_sales_1",
                                                          "Startup Cost": 0.0,
                                                          "Total Cost": 636914.37,
                                                          "Plan Rows": 12000637,
                                                          "Plan Width": 22,
                                                          "parent": 36,
                                                          "ID": 37
                                                        },
                                                        {
                                                          "Node Type": "Hash",
                                                          "Parent Relationship": "Inner",
                                                          "Parallel Aware": true,
                                                          "Async Capable": false,
                                                          "Startup Cost": 2049.55,
                                                          "Total Cost": 2049.55,
                                                          "Plan Rows": 18,
                                                          "Plan Width": 4,
                                                          "Plans": [
                                                            {
                                                              "Node Type": "Seq Scan",
                                                              "Parent Relationship": "Outer",
                                                              "Parallel Aware": true,
                                                              "Async Capable": false,
                                                              "Relation Name": "date_dim",
                                                              "Alias": "date_dim_1",
                                                              "Startup Cost": 0.0,
                                                              "Total Cost": 2049.55,
                                                              "Plan Rows": 18,
                                                              "Plan Width": 4,
                                                              "Filter": "((d_year = 1999) AND (d_moy = 11))",
                                                              "parent": 38,
                                                              "ID": 39
                                                            }
                                                          ],
                                                          "parent": 36,
                                                          "ID": 38,
                                                          "left": 39
                                                        }
                                                      ],
                                                      "parent": 35,
                                                      "ID": 36,
                                                      "left": 37,
                                                      "right": 38
                                                    },
                                                    {
                                                      "Node Type": "Hash",
                                                      "Parent Relationship": "Inner",
                                                      "Parallel Aware": false,
                                                      "Async Capable": false,
                                                      "Startup Cost": 6.28,
                                                      "Total Cost": 6.28,
                                                      "Plan Rows": 1,
                                                      "Plan Width": 4,
                                                      "Plans": [
                                                        {
                                                          "Node Type": "Seq Scan",
                                                          "Parent Relationship": "Outer",
                                                          "Parallel Aware": false,
                                                          "Async Capable": false,
                                                          "Relation Name": "store",
                                                          "Alias": "store_1",
                                                          "Startup Cost": 0.0,
                                                          "Total Cost": 6.28,
                                                          "Plan Rows": 1,
                                                          "Plan Width": 4,
                                                          "Filter": "(s_gmt_offset = '-7'::numeric)",
                                                          "parent": 40,
                                                          "ID": 41
                                                        }
                                                      ],
                                                      "parent": 35,
                                                      "ID": 40,
                                                      "left": 41
                                                    }
                                                  ],
                                                  "parent": 34,
                                                  "ID": 35,
                                                  "left": 36,
                                                  "right": 40
                                                }
                                              ],
                                              "parent": 32,
                                              "ID": 34,
                                              "left": 35
                                            }
                                          ],
                                          "parent": 31,
                                          "ID": 32,
                                          "left": 33,
                                          "right": 34
                                        }
                                      ],
                                      "parent": 29,
                                      "ID": 31,
                                      "left": 32
                                    }
                                  ],
                                  "parent": 28,
                                  "ID": 29,
                                  "left": 30,
                                  "right": 31
                                }
                              ],
                              "parent": 26,
                              "ID": 28,
                              "left": 29
                            }
                          ],
                          "parent": 25,
                          "ID": 26,
                          "left": 27,
                          "right": 28
                        }
                      ],
                      "parent": 24,
                      "ID": 25,
                      "left": 26
                    }
                  ],
                  "parent": 2,
                  "ID": 24,
                  "left": 25
                }
              ],
              "parent": 1,
              "ID": 2,
              "left": 3,
              "right": 24
            }
          ],
          "parent": 0,
          "ID": 1,
          "left": 2
        }
      ],
      "parent": null,
      "ID": 0,
      "left": 1
    },
    "feat": {
      "utility": 7.563659227316853e-06,
      "query_shape": [
        [
          "Seq Scan",
          "Hash Join",
          "Gather",
          "Aggregate",
          "Nested Loop",
          "Sort"
        ],
        [
          "Seq Scan",
          "Hash Join",
          "Hash",
          "Gather",
          "Aggregate",
          "Nested Loop",
          "Sort"
        ],
        [
          "Seq Scan",
          "Hash Join",
          "Hash",
          "Gather",
          "Aggregate",
          "Nested Loop",
          "Sort"
        ],
        [
          "Seq Scan",
          "Hash Join",
          "Hash",
          "Gather",
          "Aggregate",
          "Nested Loop",
          "Sort"
        ],
        [
          "Seq Scan",
          "Hash",
          "Hash Join",
          "Gather",
          "Aggregate",
          "Nested Loop",
          "Sort"
        ],
        [
          "Seq Scan",
          "Hash",
          "Hash Join",
          "Gather",
          "Aggregate",
          "Nested Loop",
          "Sort"
        ],
        [
          "Seq Scan",
          "Hash",
          "Hash Join",
          "Gather",
          "Aggregate",
          "Nested Loop",
          "Sort"
        ],
        [
          "Seq Scan",
          "Hash Join",
          "Gather",
          "Aggregate",
          "Nested Loop",
          "Sort"
        ],
        [
          "Seq Scan",
          "Hash Join",
          "Hash",
          "Gather",
          "Aggregate",
          "Nested Loop",
          "Sort"
        ],
        [
          "Seq Scan",
          "Hash Join",
          "Hash",
          "Gather",
          "Aggregate",
          "Nested Loop",
          "Sort"
        ],
        [
          "Seq Scan",
          "Hash Join",
          "Hash",
          "Gather",
          "Aggregate",
          "Nested Loop",
          "Sort"
        ],
        [
          "Seq Scan",
          "Hash",
          "Hash Join",
          "Gather",
          "Aggregate",
          "Nested Loop",
          "Sort"
        ],
        [
          "Seq Scan",
          "Hash",
          "Hash Join",
          "Gather",
          "Aggregate",
          "Nested Loop",
          "Sort"
        ]
      ],
      "index_shape": [
        "selection"
      ],
      "physical_operator": {
        "Seq Scan": [
          0.502
        ]
      }
    }
  },
  {
    "query": "select  promotions,total,cast(promotions as decimal(15,4))/cast(total as decimal(15,4))*100\nfrom\n  (select sum(ss_ext_sales_price) promotions\n   from  store_sales\n        ,store\n        ,promotion\n        ,date_dim\n        ,customer\n        ,customer_address \n        ,item\n   where ss_sold_date_sk = d_date_sk\n   and   ss_store_sk = s_store_sk\n   and   ss_promo_sk = p_promo_sk\n   and   ss_customer_sk= c_customer_sk\n   and   ca_address_sk = c_current_addr_sk\n   and   ss_item_sk = i_item_sk \n   and   ca_gmt_offset = -7\n   and   i_category = 'Books'\n   and   (p_channel_dmail = 'Y' or p_channel_email = 'Y' or p_channel_tv = 'Y')\n   and   s_gmt_offset = -7\n   and   d_year = 1999\n   and   d_moy  = 11) promotional_sales,\n  (select sum(ss_ext_sales_price) total\n   from  store_sales\n        ,store\n        ,date_dim\n        ,customer\n        ,customer_address\n        ,item\n   where ss_sold_date_sk = d_date_sk\n   and   ss_store_sk = s_store_sk\n   and   ss_customer_sk= c_customer_sk\n   and   ca_address_sk = c_current_addr_sk\n   and   ss_item_sk = i_item_sk\n   and   ca_gmt_offset = -7\n   and   i_category = 'Books'\n   and   s_gmt_offset = -7\n   and   d_year = 1999\n   and   d_moy  = 11) all_sales\norder by promotions, total\nlimit 100;\n\n-- end query 45 in stream 3 using template query61.tpl\n",
    "indexes": "customer.c_customer_sk",
    "wo plan est": {
      "Node Type": "Limit",
      "Parallel Aware": false,
      "Async Capable": false,
      "Startup Cost": 1432044.94,
      "Total Cost": 1432044.95,
      "Plan Rows": 1,
      "Plan Width": 96,
      "Plans": [
        {
          "Node Type": "Sort",
          "Parent Relationship": "Outer",
          "Parallel Aware": false,
          "Async Capable": false,
          "Startup Cost": 1432044.94,
          "Total Cost": 1432044.95,
          "Plan Rows": 1,
          "Plan Width": 96,
          "Sort Key": [
            "(sum(store_sales.ss_ext_sales_price))",
            "(sum(store_sales_1.ss_ext_sales_price))"
          ],
          "Plans": [
            {
              "Node Type": "Nested Loop",
              "Parent Relationship": "Outer",
              "Parallel Aware": false,
              "Async Capable": false,
              "Join Type": "Inner",
              "Startup Cost": 1432044.87,
              "Total Cost": 1432044.93,
              "Plan Rows": 1,
              "Plan Width": 96,
              "Inner Unique": false,
              "Plans": [
                {
                  "Node Type": "Aggregate",
                  "Strategy": "Plain",
                  "Partial Mode": "Simple",
                  "Parent Relationship": "Outer",
                  "Parallel Aware": false,
                  "Async Capable": false,
                  "Startup Cost": 716034.87,
                  "Total Cost": 716034.88,
                  "Plan Rows": 1,
                  "Plan Width": 32,
                  "Plans": [
                    {
                      "Node Type": "Gather",
                      "Parent Relationship": "Outer",
                      "Parallel Aware": false,
                      "Async Capable": false,
                      "Startup Cost": 709254.95,
                      "Total Cost": 716034.86,
                      "Plan Rows": 1,
                      "Plan Width": 6,
                      "Workers Planned": 2,
                      "Single Copy": false,
                      "Plans": [
                        {
                          "Node Type": "Hash Join",
                          "Parent Relationship": "Outer",
                          "Parallel Aware": true,
                          "Async Capable": false,
                          "Join Type": "Inner",
                          "Startup Cost": 708254.95,
                          "Total Cost": 715034.76,
                          "Plan Rows": 1,
                          "Plan Width": 6,
                          "Inner Unique": false,
                          "Hash Cond": "(customer_address.ca_address_sk = customer.c_current_addr_sk)",
                          "Plans": [
                            {
                              "Node Type": "Seq Scan",
                              "Parent Relationship": "Outer",
                              "Parallel Aware": true,
                              "Async Capable": false,
                              "Relation Name": "customer_address",
                              "Alias": "customer_address",
                              "Startup Cost": 0.0,
                              "Total Cost": 6737.08,
                              "Plan Rows": 11392,
                              "Plan Width": 4,
                              "Filter": "(ca_gmt_offset = '-7'::numeric)",
                              "parent": 5,
                              "ID": 6
                            },
                            {
                              "Node Type": "Hash",
                              "Parent Relationship": "Inner",
                              "Parallel Aware": true,
                              "Async Capable": false,
                              "Startup Cost": 708254.92,
                              "Total Cost": 708254.92,
                              "Plan Rows": 2,
                              "Plan Width": 10,
                              "Plans": [
                                {
                                  "Node Type": "Hash Join",
                                  "Parent Relationship": "Outer",
                                  "Parallel Aware": true,
                                  "Async Capable": false,
                                  "Join Type": "Inner",
                                  "Startup Cost": 691555.33,
                                  "Total Cost": 708254.92,
                                  "Plan Rows": 2,
                                  "Plan Width": 10,
                                  "Inner Unique": false,
                                  "Hash Cond": "(customer.c_customer_sk = store_sales.ss_customer_sk)",
                                  "Plans": [
                                    {
                                      "Node Type": "Seq Scan",
                                      "Parent Relationship": "Outer",
                                      "Parallel Aware": true,
                                      "Async Capable": false,
                                      "Relation Name": "customer",
                                      "Alias": "customer",
                                      "Startup Cost": 0.0,
                                      "Total Cost": 15918.33,
                                      "Plan Rows": 208333,
                                      "Plan Width": 8,
                                      "parent": 8,
                                      "ID": 9
                                    },
                                    {
                                      "Node Type": "Hash",
                                      "Parent Relationship": "Inner",
                                      "Parallel Aware": true,
                                      "Async Capable": false,
                                      "Startup Cost": 691555.31,
                                      "Total Cost": 691555.31,
                                      "Plan Rows": 2,
                                      "Plan Width": 10,
                                      "Plans": [
                                        {
                                          "Node Type": "Hash Join",
                                          "Parent Relationship": "Outer",
                                          "Parallel Aware": false,
                                          "Async Capable": false,
                                          "Join Type": "Inner",
                                          "Startup Cost": 684044.55,
                                          "Total Cost": 691555.31,
                                          "Plan Rows": 2,
                                          "Plan Width": 10,
                                          "Inner Unique": false,
                                          "Hash Cond": "(store_sales.ss_promo_sk = promotion.p_promo_sk)",
                                          "Plans": [
                                            {
                                              "Node Type": "Hash Join",
                                              "Parent Relationship": "Outer",
                                              "Parallel Aware": true,
                                              "Async Capable": false,
                                              "Join Type": "Inner",
                                              "Startup Cost": 684019.66,
                                              "Total Cost": 691530.38,
                                              "Plan Rows": 4,
                                              "Plan Width": 14,
                                              "Inner Unique": false,
                                              "Hash Cond": "(item.i_item_sk = store_sales.ss_item_sk)",
                                              "Plans": [
                                                {
                                                  "Node Type": "Seq Scan",
                                                  "Parent Relationship": "Outer",
                                                  "Parallel Aware": true,
                                                  "Async Capable": false,
                                                  "Relation Name": "item",
                                                  "Alias": "item",
                                                  "Startup Cost": 0.0,
                                                  "Total Cost": 7495.25,
                                                  "Plan Rows": 4120,
                                                  "Plan Width": 4,
                                                  "Filter": "(i_category = 'Books'::bpchar)",
                                                  "parent": 12,
                                                  "ID": 13
                                                },
                                                {
                                                  "Node Type": "Hash",
                                                  "Parent Relationship": "Inner",
                                                  "Parallel Aware": true,
                                                  "Async Capable": false,
                                                  "Startup Cost": 684019.11,
                                                  "Total Cost": 684019.11,
                                                  "Plan Rows": 44,
                                                  "Plan Width": 18,
                                                  "Plans": [
                                                    {
                                                      "Node Type": "Hash Join",
                                                      "Parent Relationship": "Outer",
                                                      "Parallel Aware": false,
                                                      "Async Capable": false,
                                                      "Join Type": "Inner",
                                                      "Startup Cost": 2056.06,
                                                      "Total Cost": 684019.11,
                                                      "Plan Rows": 44,
                                                      "Plan Width": 18,
                                                      "Inner Unique": false,
                                                      "Hash Cond": "(store_sales.ss_store_sk = store.s_store_sk)",
                                                      "Plans": [
                                                        {
                                                          "Node Type": "Hash Join",
                                                          "Parent Relationship": "Outer",
                                                          "Parallel Aware": true,
                                                          "Async Capable": false,
                                                          "Join Type": "Inner",
                                                          "Startup Cost": 2049.78,
                                                          "Total Cost": 683994.75,
                                                          "Plan Rows": 4703,
                                                          "Plan Width": 22,
                                                          "Inner Unique": false,
                                                          "Hash Cond": "(store_sales.ss_sold_date_sk = date_dim.d_date_sk)",
                                                          "Plans": [
                                                            {
                                                              "Node Type": "Seq Scan",
                                                              "Parent Relationship": "Outer",
                                                              "Parallel Aware": true,
                                                              "Async Capable": false,
                                                              "Relation Name": "store_sales",
                                                              "Alias": "store_sales",
                                                              "Startup Cost": 0.0,
                                                              "Total Cost": 636914.37,
                                                              "Plan Rows": 12000637,
                                                              "Plan Width": 26,
                                                              "parent": 16,
                                                              "ID": 17
                                                            },
                                                            {
                                                              "Node Type": "Hash",
                                                              "Parent Relationship": "Inner",
                                                              "Parallel Aware": true,
                                                              "Async Capable": false,
                                                              "Startup Cost": 2049.55,
                                                              "Total Cost": 2049.55,
                                                              "Plan Rows": 18,
                                                              "Plan Width": 4,
                                                              "Plans": [
                                                                {
                                                                  "Node Type": "Seq Scan",
                                                                  "Parent Relationship": "Outer",
                                                                  "Parallel Aware": true,
                                                                  "Async Capable": false,
                                                                  "Relation Name": "date_dim",
                                                                  "Alias": "date_dim",
                                                                  "Startup Cost": 0.0,
                                                                  "Total Cost": 2049.55,
                                                                  "Plan Rows": 18,
                                                                  "Plan Width": 4,
                                                                  "Filter": "((d_year = 1999) AND (d_moy = 11))",
                                                                  "parent": 18,
                                                                  "ID": 19
                                                                }
                                                              ],
                                                              "parent": 16,
                                                              "ID": 18,
                                                              "left": 19
                                                            }
                                                          ],
                                                          "parent": 15,
                                                          "ID": 16,
                                                          "left": 17,
                                                          "right": 18
                                                        },
                                                        {
                                                          "Node Type": "Hash",
                                                          "Parent Relationship": "Inner",
                                                          "Parallel Aware": false,
                                                          "Async Capable": false,
                                                          "Startup Cost": 6.28,
                                                          "Total Cost": 6.28,
                                                          "Plan Rows": 1,
                                                          "Plan Width": 4,
                                                          "Plans": [
                                                            {
                                                              "Node Type": "Seq Scan",
                                                              "Parent Relationship": "Outer",
                                                              "Parallel Aware": false,
                                                              "Async Capable": false,
                                                              "Relation Name": "store",
                                                              "Alias": "store",
                                                              "Startup Cost": 0.0,
                                                              "Total Cost": 6.28,
                                                              "Plan Rows": 1,
                                                              "Plan Width": 4,
                                                              "Filter": "(s_gmt_offset = '-7'::numeric)",
                                                              "parent": 20,
                                                              "ID": 21
                                                            }
                                                          ],
                                                          "parent": 15,
                                                          "ID": 20,
                                                          "left": 21
                                                        }
                                                      ],
                                                      "parent": 14,
                                                      "ID": 15,
                                                      "left": 16,
                                                      "right": 20
                                                    }
                                                  ],
                                                  "parent": 12,
                                                  "ID": 14,
                                                  "left": 15
                                                }
                                              ],
                                              "parent": 11,
                                              "ID": 12,
                                              "left": 13,
                                              "right": 14
                                            },
                                            {
                                              "Node Type": "Hash",
                                              "Parent Relationship": "Inner",
                                              "Parallel Aware": false,
                                              "Async Capable": false,
                                              "Startup Cost": 21.75,
                                              "Total Cost": 21.75,
                                              "Plan Rows": 251,
                                              "Plan Width": 4,
                                              "Plans": [
                                                {
                                                  "Node Type": "Seq Scan",
                                                  "Parent Relationship": "Outer",
                                                  "Parallel Aware": false,
                                                  "Async Capable": false,
                                                  "Relation Name": "promotion",
                                                  "Alias": "promotion",
                                                  "Startup Cost": 0.0,
                                                  "Total Cost": 21.75,
                                                  "Plan Rows": 251,
                                                  "Plan Width": 4,
                                                  "Filter": "((p_channel_dmail = 'Y'::bpchar) OR (p_channel_email = 'Y'::bpchar) OR (p_channel_tv = 'Y'::bpchar))",
                                                  "parent": 22,
                                                  "ID": 23
                                                }
                                              ],
                                              "parent": 11,
                                              "ID": 22,
                                              "left": 23
                                            }
                                          ],
                                          "parent": 10,
                                          "ID": 11,
                                          "left": 12,
                                          "right": 22
                                        }
                                      ],
                                      "parent": 8,
                                      "ID": 10,
                                      "left": 11
                                    }
                                  ],
                                  "parent": 7,
                                  "ID": 8,
                                  "left": 9,
                                  "right": 10
                                }
                              ],
                              "parent": 5,
                              "ID": 7,
                              "left": 8
                            }
                          ],
                          "parent": 4,
                          "ID": 5,
                          "left": 6,
                          "right": 7
                        }
                      ],
                      "parent": 3,
                      "ID": 4,
                      "left": 5
                    }
                  ],
                  "parent": 2,
                  "ID": 3,
                  "left": 4
                },
                {
                  "Node Type": "Aggregate",
                  "Strategy": "Plain",
                  "Partial Mode": "Simple",
                  "Parent Relationship": "Inner",
                  "Parallel Aware": false,
                  "Async Capable": false,
                  "Startup Cost": 716010.0,
                  "Total Cost": 716010.01,
                  "Plan Rows": 1,
                  "Plan Width": 32,
                  "Plans": [
                    {
                      "Node Type": "Gather",
                      "Parent Relationship": "Outer",
                      "Parallel Aware": false,
                      "Async Capable": false,
                      "Startup Cost": 709230.09,
                      "Total Cost": 716010.0,
                      "Plan Rows": 1,
                      "Plan Width": 6,
                      "Workers Planned": 2,
                      "Single Copy": false,
                      "Plans": [
                        {
                          "Node Type": "Hash Join",
                          "Parent Relationship": "Outer",
                          "Parallel Aware": true,
                          "Async Capable": false,
                          "Join Type": "Inner",
                          "Startup Cost": 708230.09,
                          "Total Cost": 715009.9,
                          "Plan Rows": 1,
                          "Plan Width": 6,
                          "Inner Unique": false,
                          "Hash Cond": "(customer_address_1.ca_address_sk = customer_1.c_current_addr_sk)",
                          "Plans": [
                            {
                              "Node Type": "Seq Scan",
                              "Parent Relationship": "Outer",
                              "Parallel Aware": true,
                              "Async Capable": false,
                              "Relation Name": "customer_address",
                              "Alias": "customer_address_1",
                              "Startup Cost": 0.0,
                              "Total Cost": 6737.08,
                              "Plan Rows": 11392,
                              "Plan Width": 4,
                              "Filter": "(ca_gmt_offset = '-7'::numeric)",
                              "parent": 26,
                              "ID": 27
                            },
                            {
                              "Node Type": "Hash",
                              "Parent Relationship": "Inner",
                              "Parallel Aware": true,
                              "Async Capable": false,
                              "Startup Cost": 708230.04,
                              "Total Cost": 708230.04,
                              "Plan Rows": 4,
                              "Plan Width": 10,
                              "Plans": [
                                {
                                  "Node Type": "Hash Join",
                                  "Parent Relationship": "Outer",
                                  "Parallel Aware": true,
                                  "Async Capable": false,
                                  "Join Type": "Inner",
                                  "Startup Cost": 691530.43,
                                  "Total Cost": 708230.04,
                                  "Plan Rows": 4,
                                  "Plan Width": 10,
                                  "Inner Unique": false,
                                  "Hash Cond": "(customer_1.c_customer_sk = store_sales_1.ss_customer_sk)",
                                  "Plans": [
                                    {
                                      "Node Type": "Seq Scan",
                                      "Parent Relationship": "Outer",
                                      "Parallel Aware": true,
                                      "Async Capable": false,
                                      "Relation Name": "customer",
                                      "Alias": "customer_1",
                                      "Startup Cost": 0.0,
                                      "Total Cost": 15918.33,
                                      "Plan Rows": 208333,
                                      "Plan Width": 8,
                                      "parent": 29,
                                      "ID": 30
                                    },
                                    {
                                      "Node Type": "Hash",
                                      "Parent Relationship": "Inner",
                                      "Parallel Aware": true,
                                      "Async Capable": false,
                                      "Startup Cost": 691530.38,
                                      "Total Cost": 691530.38,
                                      "Plan Rows": 4,
                                      "Plan Width": 10,
                                      "Plans": [
                                        {
                                          "Node Type": "Hash Join",
                                          "Parent Relationship": "Outer",
                                          "Parallel Aware": true,
                                          "Async Capable": false,
                                          "Join Type": "Inner",
                                          "Startup Cost": 684019.66,
                                          "Total Cost": 691530.38,
                                          "Plan Rows": 4,
                                          "Plan Width": 10,
                                          "Inner Unique": false,
                                          "Hash Cond": "(item_1.i_item_sk = store_sales_1.ss_item_sk)",
                                          "Plans": [
                                            {
                                              "Node Type": "Seq Scan",
                                              "Parent Relationship": "Outer",
                                              "Parallel Aware": true,
                                              "Async Capable": false,
                                              "Relation Name": "item",
                                              "Alias": "item_1",
                                              "Startup Cost": 0.0,
                                              "Total Cost": 7495.25,
                                              "Plan Rows": 4120,
                                              "Plan Width": 4,
                                              "Filter": "(i_category = 'Books'::bpchar)",
                                              "parent": 32,
                                              "ID": 33
                                            },
                                            {
                                              "Node Type": "Hash",
                                              "Parent Relationship": "Inner",
                                              "Parallel Aware": true,
                                              "Async Capable": false,
                                              "Startup Cost": 684019.11,
                                              "Total Cost": 684019.11,
                                              "Plan Rows": 44,
                                              "Plan Width": 14,
                                              "Plans": [
                                                {
                                                  "Node Type": "Hash Join",
                                                  "Parent Relationship": "Outer",
                                                  "Parallel Aware": false,
                                                  "Async Capable": false,
                                                  "Join Type": "Inner",
                                                  "Startup Cost": 2056.06,
                                                  "Total Cost": 684019.11,
                                                  "Plan Rows": 44,
                                                  "Plan Width": 14,
                                                  "Inner Unique": false,
                                                  "Hash Cond": "(store_sales_1.ss_store_sk = store_1.s_store_sk)",
                                                  "Plans": [
                                                    {
                                                      "Node Type": "Hash Join",
                                                      "Parent Relationship": "Outer",
                                                      "Parallel Aware": true,
                                                      "Async Capable": false,
                                                      "Join Type": "Inner",
                                                      "Startup Cost": 2049.78,
                                                      "Total Cost": 683994.75,
                                                      "Plan Rows": 4703,
                                                      "Plan Width": 18,
                                                      "Inner Unique": false,
                                                      "Hash Cond": "(store_sales_1.ss_sold_date_sk = date_dim_1.d_date_sk)",
                                                      "Plans": [
                                                        {
                                                          "Node Type": "Seq Scan",
                                                          "Parent Relationship": "Outer",
                                                          "Parallel Aware": true,
                                                          "Async Capable": false,
                                                          "Relation Name": "store_sales",
                                                          "Alias": "store_sales_1",
                                                          "Startup Cost": 0.0,
                                                          "Total Cost": 636914.37,
                                                          "Plan Rows": 12000637,
                                                          "Plan Width": 22,
                                                          "parent": 36,
                                                          "ID": 37
                                                        },
                                                        {
                                                          "Node Type": "Hash",
                                                          "Parent Relationship": "Inner",
                                                          "Parallel Aware": true,
                                                          "Async Capable": false,
                                                          "Startup Cost": 2049.55,
                                                          "Total Cost": 2049.55,
                                                          "Plan Rows": 18,
                                                          "Plan Width": 4,
                                                          "Plans": [
                                                            {
                                                              "Node Type": "Seq Scan",
                                                              "Parent Relationship": "Outer",
                                                              "Parallel Aware": true,
                                                              "Async Capable": false,
                                                              "Relation Name": "date_dim",
                                                              "Alias": "date_dim_1",
                                                              "Startup Cost": 0.0,
                                                              "Total Cost": 2049.55,
                                                              "Plan Rows": 18,
                                                              "Plan Width": 4,
                                                              "Filter": "((d_year = 1999) AND (d_moy = 11))",
                                                              "parent": 38,
                                                              "ID": 39
                                                            }
                                                          ],
                                                          "parent": 36,
                                                          "ID": 38,
                                                          "left": 39
                                                        }
                                                      ],
                                                      "parent": 35,
                                                      "ID": 36,
                                                      "left": 37,
                                                      "right": 38
                                                    },
                                                    {
                                                      "Node Type": "Hash",
                                                      "Parent Relationship": "Inner",
                                                      "Parallel Aware": false,
                                                      "Async Capable": false,
                                                      "Startup Cost": 6.28,
                                                      "Total Cost": 6.28,
                                                      "Plan Rows": 1,
                                                      "Plan Width": 4,
                                                      "Plans": [
                                                        {
                                                          "Node Type": "Seq Scan",
                                                          "Parent Relationship": "Outer",
                                                          "Parallel Aware": false,
                                                          "Async Capable": false,
                                                          "Relation Name": "store",
                                                          "Alias": "store_1",
                                                          "Startup Cost": 0.0,
                                                          "Total Cost": 6.28,
                                                          "Plan Rows": 1,
                                                          "Plan Width": 4,
                                                          "Filter": "(s_gmt_offset = '-7'::numeric)",
                                                          "parent": 40,
                                                          "ID": 41
                                                        }
                                                      ],
                                                      "parent": 35,
                                                      "ID": 40,
                                                      "left": 41
                                                    }
                                                  ],
                                                  "parent": 34,
                                                  "ID": 35,
                                                  "left": 36,
                                                  "right": 40
                                                }
                                              ],
                                              "parent": 32,
                                              "ID": 34,
                                              "left": 35
                                            }
                                          ],
                                          "parent": 31,
                                          "ID": 32,
                                          "left": 33,
                                          "right": 34
                                        }
                                      ],
                                      "parent": 29,
                                      "ID": 31,
                                      "left": 32
                                    }
                                  ],
                                  "parent": 28,
                                  "ID": 29,
                                  "left": 30,
                                  "right": 31
                                }
                              ],
                              "parent": 26,
                              "ID": 28,
                              "left": 29
                            }
                          ],
                          "parent": 25,
                          "ID": 26,
                          "left": 27,
                          "right": 28
                        }
                      ],
                      "parent": 24,
                      "ID": 25,
                      "left": 26
                    }
                  ],
                  "parent": 2,
                  "ID": 24,
                  "left": 25
                }
              ],
              "parent": 1,
              "ID": 2,
              "left": 3,
              "right": 24
            }
          ],
          "parent": 0,
          "ID": 1,
          "left": 2
        }
      ],
      "parent": null,
      "ID": 0,
      "left": 1
    },
    "feat": {
      "utility": 8.751458811887749e-06,
      "query_shape": [
        [
          "Seq Scan",
          "Hash Join",
          "Gather",
          "Aggregate",
          "Nested Loop",
          "Sort"
        ],
        [
          "Seq Scan",
          "Hash Join",
          "Hash",
          "Gather",
          "Aggregate",
          "Nested Loop",
          "Sort"
        ],
        [
          "Seq Scan",
          "Hash Join",
          "Hash",
          "Gather",
          "Aggregate",
          "Nested Loop",
          "Sort"
        ],
        [
          "Seq Scan",
          "Hash Join",
          "Hash",
          "Gather",
          "Aggregate",
          "Nested Loop",
          "Sort"
        ],
        [
          "Seq Scan",
          "Hash",
          "Hash Join",
          "Gather",
          "Aggregate",
          "Nested Loop",
          "Sort"
        ],
        [
          "Seq Scan",
          "Hash",
          "Hash Join",
          "Gather",
          "Aggregate",
          "Nested Loop",
          "Sort"
        ],
        [
          "Seq Scan",
          "Hash",
          "Hash Join",
          "Gather",
          "Aggregate",
          "Nested Loop",
          "Sort"
        ],
        [
          "Seq Scan",
          "Hash Join",
          "Gather",
          "Aggregate",
          "Nested Loop",
          "Sort"
        ],
        [
          "Seq Scan",
          "Hash Join",
          "Hash",
          "Gather",
          "Aggregate",
          "Nested Loop",
          "Sort"
        ],
        [
          "Seq Scan",
          "Hash Join",
          "Hash",
          "Gather",
          "Aggregate",
          "Nested Loop",
          "Sort"
        ],
        [
          "Seq Scan",
          "Hash Join",
          "Hash",
          "Gather",
          "Aggregate",
          "Nested Loop",
          "Sort"
        ],
        [
          "Seq Scan",
          "Hash",
          "Hash Join",
          "Gather",
          "Aggregate",
          "Nested Loop",
          "Sort"
        ],
        [
          "Seq Scan",
          "Hash",
          "Hash Join",
          "Gather",
          "Aggregate",
          "Nested Loop",
          "Sort"
        ]
      ],
      "index_shape": [
        "join"
      ],
      "physical_operator": {
        "Hash Join": [
          0.0021908919827349515,
          0.0021908919827349515
        ]
      }
    }
  },
  {
    "query": "select  promotions,total,cast(promotions as decimal(15,4))/cast(total as decimal(15,4))*100\nfrom\n  (select sum(ss_ext_sales_price) promotions\n   from  store_sales\n        ,store\n        ,promotion\n        ,date_dim\n        ,customer\n        ,customer_address \n        ,item\n   where ss_sold_date_sk = d_date_sk\n   and   ss_store_sk = s_store_sk\n   and   ss_promo_sk = p_promo_sk\n   and   ss_customer_sk= c_customer_sk\n   and   ca_address_sk = c_current_addr_sk\n   and   ss_item_sk = i_item_sk \n   and   ca_gmt_offset = -7\n   and   i_category = 'Books'\n   and   (p_channel_dmail = 'Y' or p_channel_email = 'Y' or p_channel_tv = 'Y')\n   and   s_gmt_offset = -7\n   and   d_year = 1999\n   and   d_moy  = 11) promotional_sales,\n  (select sum(ss_ext_sales_price) total\n   from  store_sales\n        ,store\n        ,date_dim\n        ,customer\n        ,customer_address\n        ,item\n   where ss_sold_date_sk = d_date_sk\n   and   ss_store_sk = s_store_sk\n   and   ss_customer_sk= c_customer_sk\n   and   ca_address_sk = c_current_addr_sk\n   and   ss_item_sk = i_item_sk\n   and   ca_gmt_offset = -7\n   and   i_category = 'Books'\n   and   s_gmt_offset = -7\n   and   d_year = 1999\n   and   d_moy  = 11) all_sales\norder by promotions, total\nlimit 100;\n\n-- end query 45 in stream 3 using template query61.tpl\n",
    "indexes": "customer.c_current_addr_sk",
    "wo plan est": {
      "Node Type": "Limit",
      "Parallel Aware": false,
      "Async Capable": false,
      "Startup Cost": 1432044.94,
      "Total Cost": 1432044.95,
      "Plan Rows": 1,
      "Plan Width": 96,
      "Plans": [
        {
          "Node Type": "Sort",
          "Parent Relationship": "Outer",
          "Parallel Aware": false,
          "Async Capable": false,
          "Startup Cost": 1432044.94,
          "Total Cost": 1432044.95,
          "Plan Rows": 1,
          "Plan Width": 96,
          "Sort Key": [
            "(sum(store_sales.ss_ext_sales_price))",
            "(sum(store_sales_1.ss_ext_sales_price))"
          ],
          "Plans": [
            {
              "Node Type": "Nested Loop",
              "Parent Relationship": "Outer",
              "Parallel Aware": false,
              "Async Capable": false,
              "Join Type": "Inner",
              "Startup Cost": 1432044.87,
              "Total Cost": 1432044.93,
              "Plan Rows": 1,
              "Plan Width": 96,
              "Inner Unique": false,
              "Plans": [
                {
                  "Node Type": "Aggregate",
                  "Strategy": "Plain",
                  "Partial Mode": "Simple",
                  "Parent Relationship": "Outer",
                  "Parallel Aware": false,
                  "Async Capable": false,
                  "Startup Cost": 716034.87,
                  "Total Cost": 716034.88,
                  "Plan Rows": 1,
                  "Plan Width": 32,
                  "Plans": [
                    {
                      "Node Type": "Gather",
                      "Parent Relationship": "Outer",
                      "Parallel Aware": false,
                      "Async Capable": false,
                      "Startup Cost": 709254.95,
                      "Total Cost": 716034.86,
                      "Plan Rows": 1,
                      "Plan Width": 6,
                      "Workers Planned": 2,
                      "Single Copy": false,
                      "Plans": [
                        {
                          "Node Type": "Hash Join",
                          "Parent Relationship": "Outer",
                          "Parallel Aware": true,
                          "Async Capable": false,
                          "Join Type": "Inner",
                          "Startup Cost": 708254.95,
                          "Total Cost": 715034.76,
                          "Plan Rows": 1,
                          "Plan Width": 6,
                          "Inner Unique": false,
                          "Hash Cond": "(customer_address.ca_address_sk = customer.c_current_addr_sk)",
                          "Plans": [
                            {
                              "Node Type": "Seq Scan",
                              "Parent Relationship": "Outer",
                              "Parallel Aware": true,
                              "Async Capable": false,
                              "Relation Name": "customer_address",
                              "Alias": "customer_address",
                              "Startup Cost": 0.0,
                              "Total Cost": 6737.08,
                              "Plan Rows": 11392,
                              "Plan Width": 4,
                              "Filter": "(ca_gmt_offset = '-7'::numeric)",
                              "parent": 5,
                              "ID": 6
                            },
                            {
                              "Node Type": "Hash",
                              "Parent Relationship": "Inner",
                              "Parallel Aware": true,
                              "Async Capable": false,
                              "Startup Cost": 708254.92,
                              "Total Cost": 708254.92,
                              "Plan Rows": 2,
                              "Plan Width": 10,
                              "Plans": [
                                {
                                  "Node Type": "Hash Join",
                                  "Parent Relationship": "Outer",
                                  "Parallel Aware": true,
                                  "Async Capable": false,
                                  "Join Type": "Inner",
                                  "Startup Cost": 691555.33,
                                  "Total Cost": 708254.92,
                                  "Plan Rows": 2,
                                  "Plan Width": 10,
                                  "Inner Unique": false,
                                  "Hash Cond": "(customer.c_customer_sk = store_sales.ss_customer_sk)",
                                  "Plans": [
                                    {
                                      "Node Type": "Seq Scan",
                                      "Parent Relationship": "Outer",
                                      "Parallel Aware": true,
                                      "Async Capable": false,
                                      "Relation Name": "customer",
                                      "Alias": "customer",
                                      "Startup Cost": 0.0,
                                      "Total Cost": 15918.33,
                                      "Plan Rows": 208333,
                                      "Plan Width": 8,
                                      "parent": 8,
                                      "ID": 9
                                    },
                                    {
                                      "Node Type": "Hash",
                                      "Parent Relationship": "Inner",
                                      "Parallel Aware": true,
                                      "Async Capable": false,
                                      "Startup Cost": 691555.31,
                                      "Total Cost": 691555.31,
                                      "Plan Rows": 2,
                                      "Plan Width": 10,
                                      "Plans": [
                                        {
                                          "Node Type": "Hash Join",
                                          "Parent Relationship": "Outer",
                                          "Parallel Aware": false,
                                          "Async Capable": false,
                                          "Join Type": "Inner",
                                          "Startup Cost": 684044.55,
                                          "Total Cost": 691555.31,
                                          "Plan Rows": 2,
                                          "Plan Width": 10,
                                          "Inner Unique": false,
                                          "Hash Cond": "(store_sales.ss_promo_sk = promotion.p_promo_sk)",
                                          "Plans": [
                                            {
                                              "Node Type": "Hash Join",
                                              "Parent Relationship": "Outer",
                                              "Parallel Aware": true,
                                              "Async Capable": false,
                                              "Join Type": "Inner",
                                              "Startup Cost": 684019.66,
                                              "Total Cost": 691530.38,
                                              "Plan Rows": 4,
                                              "Plan Width": 14,
                                              "Inner Unique": false,
                                              "Hash Cond": "(item.i_item_sk = store_sales.ss_item_sk)",
                                              "Plans": [
                                                {
                                                  "Node Type": "Seq Scan",
                                                  "Parent Relationship": "Outer",
                                                  "Parallel Aware": true,
                                                  "Async Capable": false,
                                                  "Relation Name": "item",
                                                  "Alias": "item",
                                                  "Startup Cost": 0.0,
                                                  "Total Cost": 7495.25,
                                                  "Plan Rows": 4120,
                                                  "Plan Width": 4,
                                                  "Filter": "(i_category = 'Books'::bpchar)",
                                                  "parent": 12,
                                                  "ID": 13
                                                },
                                                {
                                                  "Node Type": "Hash",
                                                  "Parent Relationship": "Inner",
                                                  "Parallel Aware": true,
                                                  "Async Capable": false,
                                                  "Startup Cost": 684019.11,
                                                  "Total Cost": 684019.11,
                                                  "Plan Rows": 44,
                                                  "Plan Width": 18,
                                                  "Plans": [
                                                    {
                                                      "Node Type": "Hash Join",
                                                      "Parent Relationship": "Outer",
                                                      "Parallel Aware": false,
                                                      "Async Capable": false,
                                                      "Join Type": "Inner",
                                                      "Startup Cost": 2056.06,
                                                      "Total Cost": 684019.11,
                                                      "Plan Rows": 44,
                                                      "Plan Width": 18,
                                                      "Inner Unique": false,
                                                      "Hash Cond": "(store_sales.ss_store_sk = store.s_store_sk)",
                                                      "Plans": [
                                                        {
                                                          "Node Type": "Hash Join",
                                                          "Parent Relationship": "Outer",
                                                          "Parallel Aware": true,
                                                          "Async Capable": false,
                                                          "Join Type": "Inner",
                                                          "Startup Cost": 2049.78,
                                                          "Total Cost": 683994.75,
                                                          "Plan Rows": 4703,
                                                          "Plan Width": 22,
                                                          "Inner Unique": false,
                                                          "Hash Cond": "(store_sales.ss_sold_date_sk = date_dim.d_date_sk)",
                                                          "Plans": [
                                                            {
                                                              "Node Type": "Seq Scan",
                                                              "Parent Relationship": "Outer",
                                                              "Parallel Aware": true,
                                                              "Async Capable": false,
                                                              "Relation Name": "store_sales",
                                                              "Alias": "store_sales",
                                                              "Startup Cost": 0.0,
                                                              "Total Cost": 636914.37,
                                                              "Plan Rows": 12000637,
                                                              "Plan Width": 26,
                                                              "parent": 16,
                                                              "ID": 17
                                                            },
                                                            {
                                                              "Node Type": "Hash",
                                                              "Parent Relationship": "Inner",
                                                              "Parallel Aware": true,
                                                              "Async Capable": false,
                                                              "Startup Cost": 2049.55,
                                                              "Total Cost": 2049.55,
                                                              "Plan Rows": 18,
                                                              "Plan Width": 4,
                                                              "Plans": [
                                                                {
                                                                  "Node Type": "Seq Scan",
                                                                  "Parent Relationship": "Outer",
                                                                  "Parallel Aware": true,
                                                                  "Async Capable": false,
                                                                  "Relation Name": "date_dim",
                                                                  "Alias": "date_dim",
                                                                  "Startup Cost": 0.0,
                                                                  "Total Cost": 2049.55,
                                                                  "Plan Rows": 18,
                                                                  "Plan Width": 4,
                                                                  "Filter": "((d_year = 1999) AND (d_moy = 11))",
                                                                  "parent": 18,
                                                                  "ID": 19
                                                                }
                                                              ],
                                                              "parent": 16,
                                                              "ID": 18,
                                                              "left": 19
                                                            }
                                                          ],
                                                          "parent": 15,
                                                          "ID": 16,
                                                          "left": 17,
                                                          "right": 18
                                                        },
                                                        {
                                                          "Node Type": "Hash",
                                                          "Parent Relationship": "Inner",
                                                          "Parallel Aware": false,
                                                          "Async Capable": false,
                                                          "Startup Cost": 6.28,
                                                          "Total Cost": 6.28,
                                                          "Plan Rows": 1,
                                                          "Plan Width": 4,
                                                          "Plans": [
                                                            {
                                                              "Node Type": "Seq Scan",
                                                              "Parent Relationship": "Outer",
                                                              "Parallel Aware": false,
                                                              "Async Capable": false,
                                                              "Relation Name": "store",
                                                              "Alias": "store",
                                                              "Startup Cost": 0.0,
                                                              "Total Cost": 6.28,
                                                              "Plan Rows": 1,
                                                              "Plan Width": 4,
                                                              "Filter": "(s_gmt_offset = '-7'::numeric)",
                                                              "parent": 20,
                                                              "ID": 21
                                                            }
                                                          ],
                                                          "parent": 15,
                                                          "ID": 20,
                                                          "left": 21
                                                        }
                                                      ],
                                                      "parent": 14,
                                                      "ID": 15,
                                                      "left": 16,
                                                      "right": 20
                                                    }
                                                  ],
                                                  "parent": 12,
                                                  "ID": 14,
                                                  "left": 15
                                                }
                                              ],
                                              "parent": 11,
                                              "ID": 12,
                                              "left": 13,
                                              "right": 14
                                            },
                                            {
                                              "Node Type": "Hash",
                                              "Parent Relationship": "Inner",
                                              "Parallel Aware": false,
                                              "Async Capable": false,
                                              "Startup Cost": 21.75,
                                              "Total Cost": 21.75,
                                              "Plan Rows": 251,
                                              "Plan Width": 4,
                                              "Plans": [
                                                {
                                                  "Node Type": "Seq Scan",
                                                  "Parent Relationship": "Outer",
                                                  "Parallel Aware": false,
                                                  "Async Capable": false,
                                                  "Relation Name": "promotion",
                                                  "Alias": "promotion",
                                                  "Startup Cost": 0.0,
                                                  "Total Cost": 21.75,
                                                  "Plan Rows": 251,
                                                  "Plan Width": 4,
                                                  "Filter": "((p_channel_dmail = 'Y'::bpchar) OR (p_channel_email = 'Y'::bpchar) OR (p_channel_tv = 'Y'::bpchar))",
                                                  "parent": 22,
                                                  "ID": 23
                                                }
                                              ],
                                              "parent": 11,
                                              "ID": 22,
                                              "left": 23
                                            }
                                          ],
                                          "parent": 10,
                                          "ID": 11,
                                          "left": 12,
                                          "right": 22
                                        }
                                      ],
                                      "parent": 8,
                                      "ID": 10,
                                      "left": 11
                                    }
                                  ],
                                  "parent": 7,
                                  "ID": 8,
                                  "left": 9,
                                  "right": 10
                                }
                              ],
                              "parent": 5,
                              "ID": 7,
                              "left": 8
                            }
                          ],
                          "parent": 4,
                          "ID": 5,
                          "left": 6,
                          "right": 7
                        }
                      ],
                      "parent": 3,
                      "ID": 4,
                      "left": 5
                    }
                  ],
                  "parent": 2,
                  "ID": 3,
                  "left": 4
                },
                {
                  "Node Type": "Aggregate",
                  "Strategy": "Plain",
                  "Partial Mode": "Simple",
                  "Parent Relationship": "Inner",
                  "Parallel Aware": false,
                  "Async Capable": false,
                  "Startup Cost": 716010.0,
                  "Total Cost": 716010.01,
                  "Plan Rows": 1,
                  "Plan Width": 32,
                  "Plans": [
                    {
                      "Node Type": "Gather",
                      "Parent Relationship": "Outer",
                      "Parallel Aware": false,
                      "Async Capable": false,
                      "Startup Cost": 709230.09,
                      "Total Cost": 716010.0,
                      "Plan Rows": 1,
                      "Plan Width": 6,
                      "Workers Planned": 2,
                      "Single Copy": false,
                      "Plans": [
                        {
                          "Node Type": "Hash Join",
                          "Parent Relationship": "Outer",
                          "Parallel Aware": true,
                          "Async Capable": false,
                          "Join Type": "Inner",
                          "Startup Cost": 708230.09,
                          "Total Cost": 715009.9,
                          "Plan Rows": 1,
                          "Plan Width": 6,
                          "Inner Unique": false,
                          "Hash Cond": "(customer_address_1.ca_address_sk = customer_1.c_current_addr_sk)",
                          "Plans": [
                            {
                              "Node Type": "Seq Scan",
                              "Parent Relationship": "Outer",
                              "Parallel Aware": true,
                              "Async Capable": false,
                              "Relation Name": "customer_address",
                              "Alias": "customer_address_1",
                              "Startup Cost": 0.0,
                              "Total Cost": 6737.08,
                              "Plan Rows": 11392,
                              "Plan Width": 4,
                              "Filter": "(ca_gmt_offset = '-7'::numeric)",
                              "parent": 26,
                              "ID": 27
                            },
                            {
                              "Node Type": "Hash",
                              "Parent Relationship": "Inner",
                              "Parallel Aware": true,
                              "Async Capable": false,
                              "Startup Cost": 708230.04,
                              "Total Cost": 708230.04,
                              "Plan Rows": 4,
                              "Plan Width": 10,
                              "Plans": [
                                {
                                  "Node Type": "Hash Join",
                                  "Parent Relationship": "Outer",
                                  "Parallel Aware": true,
                                  "Async Capable": false,
                                  "Join Type": "Inner",
                                  "Startup Cost": 691530.43,
                                  "Total Cost": 708230.04,
                                  "Plan Rows": 4,
                                  "Plan Width": 10,
                                  "Inner Unique": false,
                                  "Hash Cond": "(customer_1.c_customer_sk = store_sales_1.ss_customer_sk)",
                                  "Plans": [
                                    {
                                      "Node Type": "Seq Scan",
                                      "Parent Relationship": "Outer",
                                      "Parallel Aware": true,
                                      "Async Capable": false,
                                      "Relation Name": "customer",
                                      "Alias": "customer_1",
                                      "Startup Cost": 0.0,
                                      "Total Cost": 15918.33,
                                      "Plan Rows": 208333,
                                      "Plan Width": 8,
                                      "parent": 29,
                                      "ID": 30
                                    },
                                    {
                                      "Node Type": "Hash",
                                      "Parent Relationship": "Inner",
                                      "Parallel Aware": true,
                                      "Async Capable": false,
                                      "Startup Cost": 691530.38,
                                      "Total Cost": 691530.38,
                                      "Plan Rows": 4,
                                      "Plan Width": 10,
                                      "Plans": [
                                        {
                                          "Node Type": "Hash Join",
                                          "Parent Relationship": "Outer",
                                          "Parallel Aware": true,
                                          "Async Capable": false,
                                          "Join Type": "Inner",
                                          "Startup Cost": 684019.66,
                                          "Total Cost": 691530.38,
                                          "Plan Rows": 4,
                                          "Plan Width": 10,
                                          "Inner Unique": false,
                                          "Hash Cond": "(item_1.i_item_sk = store_sales_1.ss_item_sk)",
                                          "Plans": [
                                            {
                                              "Node Type": "Seq Scan",
                                              "Parent Relationship": "Outer",
                                              "Parallel Aware": true,
                                              "Async Capable": false,
                                              "Relation Name": "item",
                                              "Alias": "item_1",
                                              "Startup Cost": 0.0,
                                              "Total Cost": 7495.25,
                                              "Plan Rows": 4120,
                                              "Plan Width": 4,
                                              "Filter": "(i_category = 'Books'::bpchar)",
                                              "parent": 32,
                                              "ID": 33
                                            },
                                            {
                                              "Node Type": "Hash",
                                              "Parent Relationship": "Inner",
                                              "Parallel Aware": true,
                                              "Async Capable": false,
                                              "Startup Cost": 684019.11,
                                              "Total Cost": 684019.11,
                                              "Plan Rows": 44,
                                              "Plan Width": 14,
                                              "Plans": [
                                                {
                                                  "Node Type": "Hash Join",
                                                  "Parent Relationship": "Outer",
                                                  "Parallel Aware": false,
                                                  "Async Capable": false,
                                                  "Join Type": "Inner",
                                                  "Startup Cost": 2056.06,
                                                  "Total Cost": 684019.11,
                                                  "Plan Rows": 44,
                                                  "Plan Width": 14,
                                                  "Inner Unique": false,
                                                  "Hash Cond": "(store_sales_1.ss_store_sk = store_1.s_store_sk)",
                                                  "Plans": [
                                                    {
                                                      "Node Type": "Hash Join",
                                                      "Parent Relationship": "Outer",
                                                      "Parallel Aware": true,
                                                      "Async Capable": false,
                                                      "Join Type": "Inner",
                                                      "Startup Cost": 2049.78,
                                                      "Total Cost": 683994.75,
                                                      "Plan Rows": 4703,
                                                      "Plan Width": 18,
                                                      "Inner Unique": false,
                                                      "Hash Cond": "(store_sales_1.ss_sold_date_sk = date_dim_1.d_date_sk)",
                                                      "Plans": [
                                                        {
                                                          "Node Type": "Seq Scan",
                                                          "Parent Relationship": "Outer",
                                                          "Parallel Aware": true,
                                                          "Async Capable": false,
                                                          "Relation Name": "store_sales",
                                                          "Alias": "store_sales_1",
                                                          "Startup Cost": 0.0,
                                                          "Total Cost": 636914.37,
                                                          "Plan Rows": 12000637,
                                                          "Plan Width": 22,
                                                          "parent": 36,
                                                          "ID": 37
                                                        },
                                                        {
                                                          "Node Type": "Hash",
                                                          "Parent Relationship": "Inner",
                                                          "Parallel Aware": true,
                                                          "Async Capable": false,
                                                          "Startup Cost": 2049.55,
                                                          "Total Cost": 2049.55,
                                                          "Plan Rows": 18,
                                                          "Plan Width": 4,
                                                          "Plans": [
                                                            {
                                                              "Node Type": "Seq Scan",
                                                              "Parent Relationship": "Outer",
                                                              "Parallel Aware": true,
                                                              "Async Capable": false,
                                                              "Relation Name": "date_dim",
                                                              "Alias": "date_dim_1",
                                                              "Startup Cost": 0.0,
                                                              "Total Cost": 2049.55,
                                                              "Plan Rows": 18,
                                                              "Plan Width": 4,
                                                              "Filter": "((d_year = 1999) AND (d_moy = 11))",
                                                              "parent": 38,
                                                              "ID": 39
                                                            }
                                                          ],
                                                          "parent": 36,
                                                          "ID": 38,
                                                          "left": 39
                                                        }
                                                      ],
                                                      "parent": 35,
                                                      "ID": 36,
                                                      "left": 37,
                                                      "right": 38
                                                    },
                                                    {
                                                      "Node Type": "Hash",
                                                      "Parent Relationship": "Inner",
                                                      "Parallel Aware": false,
                                                      "Async Capable": false,
                                                      "Startup Cost": 6.28,
                                                      "Total Cost": 6.28,
                                                      "Plan Rows": 1,
                                                      "Plan Width": 4,
                                                      "Plans": [
                                                        {
                                                          "Node Type": "Seq Scan",
                                                          "Parent Relationship": "Outer",
                                                          "Parallel Aware": false,
                                                          "Async Capable": false,
                                                          "Relation Name": "store",
                                                          "Alias": "store_1",
                                                          "Startup Cost": 0.0,
                                                          "Total Cost": 6.28,
                                                          "Plan Rows": 1,
                                                          "Plan Width": 4,
                                                          "Filter": "(s_gmt_offset = '-7'::numeric)",
                                                          "parent": 40,
                                                          "ID": 41
                                                        }
                                                      ],
                                                      "parent": 35,
                                                      "ID": 40,
                                                      "left": 41
                                                    }
                                                  ],
                                                  "parent": 34,
                                                  "ID": 35,
                                                  "left": 36,
                                                  "right": 40
                                                }
                                              ],
                                              "parent": 32,
                                              "ID": 34,
                                              "left": 35
                                            }
                                          ],
                                          "parent": 31,
                                          "ID": 32,
                                          "left": 33,
                                          "right": 34
                                        }
                                      ],
                                      "parent": 29,
                                      "ID": 31,
                                      "left": 32
                                    }
                                  ],
                                  "parent": 28,
                                  "ID": 29,
                                  "left": 30,
                                  "right": 31
                                }
                              ],
                              "parent": 26,
                              "ID": 28,
                              "left": 29
                            }
                          ],
                          "parent": 25,
                          "ID": 26,
                          "left": 27,
                          "right": 28
                        }
                      ],
                      "parent": 24,
                      "ID": 25,
                      "left": 26
                    }
                  ],
                  "parent": 2,
                  "ID": 24,
                  "left": 25
                }
              ],
              "parent": 1,
              "ID": 2,
              "left": 3,
              "right": 24
            }
          ],
          "parent": 0,
          "ID": 1,
          "left": 2
        }
      ],
      "parent": null,
      "ID": 0,
      "left": 1
    },
    "feat": {
      "utility": 8.721078178737801e-06,
      "query_shape": [
        [
          "Seq Scan",
          "Hash Join",
          "Gather",
          "Aggregate",
          "Nested Loop",
          "Sort"
        ],
        [
          "Seq Scan",
          "Hash Join",
          "Hash",
          "Gather",
          "Aggregate",
          "Nested Loop",
          "Sort"
        ],
        [
          "Seq Scan",
          "Hash Join",
          "Hash",
          "Gather",
          "Aggregate",
          "Nested Loop",
          "Sort"
        ],
        [
          "Seq Scan",
          "Hash Join",
          "Hash",
          "Gather",
          "Aggregate",
          "Nested Loop",
          "Sort"
        ],
        [
          "Seq Scan",
          "Hash",
          "Hash Join",
          "Gather",
          "Aggregate",
          "Nested Loop",
          "Sort"
        ],
        [
          "Seq Scan",
          "Hash",
          "Hash Join",
          "Gather",
          "Aggregate",
          "Nested Loop",
          "Sort"
        ],
        [
          "Seq Scan",
          "Hash",
          "Hash Join",
          "Gather",
          "Aggregate",
          "Nested Loop",
          "Sort"
        ],
        [
          "Seq Scan",
          "Hash Join",
          "Gather",
          "Aggregate",
          "Nested Loop",
          "Sort"
        ],
        [
          "Seq Scan",
          "Hash Join",
          "Hash",
          "Gather",
          "Aggregate",
          "Nested Loop",
          "Sort"
        ],
        [
          "Seq Scan",
          "Hash Join",
          "Hash",
          "Gather",
          "Aggregate",
          "Nested Loop",
          "Sort"
        ],
        [
          "Seq Scan",
          "Hash Join",
          "Hash",
          "Gather",
          "Aggregate",
          "Nested Loop",
          "Sort"
        ],
        [
          "Seq Scan",
          "Hash",
          "Hash Join",
          "Gather",
          "Aggregate",
          "Nested Loop",
          "Sort"
        ],
        [
          "Seq Scan",
          "Hash",
          "Hash Join",
          "Gather",
          "Aggregate",
          "Nested Loop",
          "Sort"
        ]
      ],
      "index_shape": [
        "join"
      ],
      "physical_operator": {
        "Hash Join": [
          0.00662498675003975,
          0.004684573056224134
        ]
      }
    }
  },
  {
    "query": "select  promotions,total,cast(promotions as decimal(15,4))/cast(total as decimal(15,4))*100\nfrom\n  (select sum(ss_ext_sales_price) promotions\n   from  store_sales\n        ,store\n        ,promotion\n        ,date_dim\n        ,customer\n        ,customer_address \n        ,item\n   where ss_sold_date_sk = d_date_sk\n   and   ss_store_sk = s_store_sk\n   and   ss_promo_sk = p_promo_sk\n   and   ss_customer_sk= c_customer_sk\n   and   ca_address_sk = c_current_addr_sk\n   and   ss_item_sk = i_item_sk \n   and   ca_gmt_offset = -7\n   and   i_category = 'Books'\n   and   (p_channel_dmail = 'Y' or p_channel_email = 'Y' or p_channel_tv = 'Y')\n   and   s_gmt_offset = -7\n   and   d_year = 1999\n   and   d_moy  = 11) promotional_sales,\n  (select sum(ss_ext_sales_price) total\n   from  store_sales\n        ,store\n        ,date_dim\n        ,customer\n        ,customer_address\n        ,item\n   where ss_sold_date_sk = d_date_sk\n   and   ss_store_sk = s_store_sk\n   and   ss_customer_sk= c_customer_sk\n   and   ca_address_sk = c_current_addr_sk\n   and   ss_item_sk = i_item_sk\n   and   ca_gmt_offset = -7\n   and   i_category = 'Books'\n   and   s_gmt_offset = -7\n   and   d_year = 1999\n   and   d_moy  = 11) all_sales\norder by promotions, total\nlimit 100;\n\n-- end query 45 in stream 3 using template query61.tpl\n",
    "indexes": "customer_address.ca_gmt_offset",
    "wo plan est": {
      "Node Type": "Limit",
      "Parallel Aware": false,
      "Async Capable": false,
      "Startup Cost": 1432044.94,
      "Total Cost": 1432044.95,
      "Plan Rows": 1,
      "Plan Width": 96,
      "Plans": [
        {
          "Node Type": "Sort",
          "Parent Relationship": "Outer",
          "Parallel Aware": false,
          "Async Capable": false,
          "Startup Cost": 1432044.94,
          "Total Cost": 1432044.95,
          "Plan Rows": 1,
          "Plan Width": 96,
          "Sort Key": [
            "(sum(store_sales.ss_ext_sales_price))",
            "(sum(store_sales_1.ss_ext_sales_price))"
          ],
          "Plans": [
            {
              "Node Type": "Nested Loop",
              "Parent Relationship": "Outer",
              "Parallel Aware": false,
              "Async Capable": false,
              "Join Type": "Inner",
              "Startup Cost": 1432044.87,
              "Total Cost": 1432044.93,
              "Plan Rows": 1,
              "Plan Width": 96,
              "Inner Unique": false,
              "Plans": [
                {
                  "Node Type": "Aggregate",
                  "Strategy": "Plain",
                  "Partial Mode": "Simple",
                  "Parent Relationship": "Outer",
                  "Parallel Aware": false,
                  "Async Capable": false,
                  "Startup Cost": 716034.87,
                  "Total Cost": 716034.88,
                  "Plan Rows": 1,
                  "Plan Width": 32,
                  "Plans": [
                    {
                      "Node Type": "Gather",
                      "Parent Relationship": "Outer",
                      "Parallel Aware": false,
                      "Async Capable": false,
                      "Startup Cost": 709254.95,
                      "Total Cost": 716034.86,
                      "Plan Rows": 1,
                      "Plan Width": 6,
                      "Workers Planned": 2,
                      "Single Copy": false,
                      "Plans": [
                        {
                          "Node Type": "Hash Join",
                          "Parent Relationship": "Outer",
                          "Parallel Aware": true,
                          "Async Capable": false,
                          "Join Type": "Inner",
                          "Startup Cost": 708254.95,
                          "Total Cost": 715034.76,
                          "Plan Rows": 1,
                          "Plan Width": 6,
                          "Inner Unique": false,
                          "Hash Cond": "(customer_address.ca_address_sk = customer.c_current_addr_sk)",
                          "Plans": [
                            {
                              "Node Type": "Seq Scan",
                              "Parent Relationship": "Outer",
                              "Parallel Aware": true,
                              "Async Capable": false,
                              "Relation Name": "customer_address",
                              "Alias": "customer_address",
                              "Startup Cost": 0.0,
                              "Total Cost": 6737.08,
                              "Plan Rows": 11392,
                              "Plan Width": 4,
                              "Filter": "(ca_gmt_offset = '-7'::numeric)",
                              "parent": 5,
                              "ID": 6
                            },
                            {
                              "Node Type": "Hash",
                              "Parent Relationship": "Inner",
                              "Parallel Aware": true,
                              "Async Capable": false,
                              "Startup Cost": 708254.92,
                              "Total Cost": 708254.92,
                              "Plan Rows": 2,
                              "Plan Width": 10,
                              "Plans": [
                                {
                                  "Node Type": "Hash Join",
                                  "Parent Relationship": "Outer",
                                  "Parallel Aware": true,
                                  "Async Capable": false,
                                  "Join Type": "Inner",
                                  "Startup Cost": 691555.33,
                                  "Total Cost": 708254.92,
                                  "Plan Rows": 2,
                                  "Plan Width": 10,
                                  "Inner Unique": false,
                                  "Hash Cond": "(customer.c_customer_sk = store_sales.ss_customer_sk)",
                                  "Plans": [
                                    {
                                      "Node Type": "Seq Scan",
                                      "Parent Relationship": "Outer",
                                      "Parallel Aware": true,
                                      "Async Capable": false,
                                      "Relation Name": "customer",
                                      "Alias": "customer",
                                      "Startup Cost": 0.0,
                                      "Total Cost": 15918.33,
                                      "Plan Rows": 208333,
                                      "Plan Width": 8,
                                      "parent": 8,
                                      "ID": 9
                                    },
                                    {
                                      "Node Type": "Hash",
                                      "Parent Relationship": "Inner",
                                      "Parallel Aware": true,
                                      "Async Capable": false,
                                      "Startup Cost": 691555.31,
                                      "Total Cost": 691555.31,
                                      "Plan Rows": 2,
                                      "Plan Width": 10,
                                      "Plans": [
                                        {
                                          "Node Type": "Hash Join",
                                          "Parent Relationship": "Outer",
                                          "Parallel Aware": false,
                                          "Async Capable": false,
                                          "Join Type": "Inner",
                                          "Startup Cost": 684044.55,
                                          "Total Cost": 691555.31,
                                          "Plan Rows": 2,
                                          "Plan Width": 10,
                                          "Inner Unique": false,
                                          "Hash Cond": "(store_sales.ss_promo_sk = promotion.p_promo_sk)",
                                          "Plans": [
                                            {
                                              "Node Type": "Hash Join",
                                              "Parent Relationship": "Outer",
                                              "Parallel Aware": true,
                                              "Async Capable": false,
                                              "Join Type": "Inner",
                                              "Startup Cost": 684019.66,
                                              "Total Cost": 691530.38,
                                              "Plan Rows": 4,
                                              "Plan Width": 14,
                                              "Inner Unique": false,
                                              "Hash Cond": "(item.i_item_sk = store_sales.ss_item_sk)",
                                              "Plans": [
                                                {
                                                  "Node Type": "Seq Scan",
                                                  "Parent Relationship": "Outer",
                                                  "Parallel Aware": true,
                                                  "Async Capable": false,
                                                  "Relation Name": "item",
                                                  "Alias": "item",
                                                  "Startup Cost": 0.0,
                                                  "Total Cost": 7495.25,
                                                  "Plan Rows": 4120,
                                                  "Plan Width": 4,
                                                  "Filter": "(i_category = 'Books'::bpchar)",
                                                  "parent": 12,
                                                  "ID": 13
                                                },
                                                {
                                                  "Node Type": "Hash",
                                                  "Parent Relationship": "Inner",
                                                  "Parallel Aware": true,
                                                  "Async Capable": false,
                                                  "Startup Cost": 684019.11,
                                                  "Total Cost": 684019.11,
                                                  "Plan Rows": 44,
                                                  "Plan Width": 18,
                                                  "Plans": [
                                                    {
                                                      "Node Type": "Hash Join",
                                                      "Parent Relationship": "Outer",
                                                      "Parallel Aware": false,
                                                      "Async Capable": false,
                                                      "Join Type": "Inner",
                                                      "Startup Cost": 2056.06,
                                                      "Total Cost": 684019.11,
                                                      "Plan Rows": 44,
                                                      "Plan Width": 18,
                                                      "Inner Unique": false,
                                                      "Hash Cond": "(store_sales.ss_store_sk = store.s_store_sk)",
                                                      "Plans": [
                                                        {
                                                          "Node Type": "Hash Join",
                                                          "Parent Relationship": "Outer",
                                                          "Parallel Aware": true,
                                                          "Async Capable": false,
                                                          "Join Type": "Inner",
                                                          "Startup Cost": 2049.78,
                                                          "Total Cost": 683994.75,
                                                          "Plan Rows": 4703,
                                                          "Plan Width": 22,
                                                          "Inner Unique": false,
                                                          "Hash Cond": "(store_sales.ss_sold_date_sk = date_dim.d_date_sk)",
                                                          "Plans": [
                                                            {
                                                              "Node Type": "Seq Scan",
                                                              "Parent Relationship": "Outer",
                                                              "Parallel Aware": true,
                                                              "Async Capable": false,
                                                              "Relation Name": "store_sales",
                                                              "Alias": "store_sales",
                                                              "Startup Cost": 0.0,
                                                              "Total Cost": 636914.37,
                                                              "Plan Rows": 12000637,
                                                              "Plan Width": 26,
                                                              "parent": 16,
                                                              "ID": 17
                                                            },
                                                            {
                                                              "Node Type": "Hash",
                                                              "Parent Relationship": "Inner",
                                                              "Parallel Aware": true,
                                                              "Async Capable": false,
                                                              "Startup Cost": 2049.55,
                                                              "Total Cost": 2049.55,
                                                              "Plan Rows": 18,
                                                              "Plan Width": 4,
                                                              "Plans": [
                                                                {
                                                                  "Node Type": "Seq Scan",
                                                                  "Parent Relationship": "Outer",
                                                                  "Parallel Aware": true,
                                                                  "Async Capable": false,
                                                                  "Relation Name": "date_dim",
                                                                  "Alias": "date_dim",
                                                                  "Startup Cost": 0.0,
                                                                  "Total Cost": 2049.55,
                                                                  "Plan Rows": 18,
                                                                  "Plan Width": 4,
                                                                  "Filter": "((d_year = 1999) AND (d_moy = 11))",
                                                                  "parent": 18,
                                                                  "ID": 19
                                                                }
                                                              ],
                                                              "parent": 16,
                                                              "ID": 18,
                                                              "left": 19
                                                            }
                                                          ],
                                                          "parent": 15,
                                                          "ID": 16,
                                                          "left": 17,
                                                          "right": 18
                                                        },
                                                        {
                                                          "Node Type": "Hash",
                                                          "Parent Relationship": "Inner",
                                                          "Parallel Aware": false,
                                                          "Async Capable": false,
                                                          "Startup Cost": 6.28,
                                                          "Total Cost": 6.28,
                                                          "Plan Rows": 1,
                                                          "Plan Width": 4,
                                                          "Plans": [
                                                            {
                                                              "Node Type": "Seq Scan",
                                                              "Parent Relationship": "Outer",
                                                              "Parallel Aware": false,
                                                              "Async Capable": false,
                                                              "Relation Name": "store",
                                                              "Alias": "store",
                                                              "Startup Cost": 0.0,
                                                              "Total Cost": 6.28,
                                                              "Plan Rows": 1,
                                                              "Plan Width": 4,
                                                              "Filter": "(s_gmt_offset = '-7'::numeric)",
                                                              "parent": 20,
                                                              "ID": 21
                                                            }
                                                          ],
                                                          "parent": 15,
                                                          "ID": 20,
                                                          "left": 21
                                                        }
                                                      ],
                                                      "parent": 14,
                                                      "ID": 15,
                                                      "left": 16,
                                                      "right": 20
                                                    }
                                                  ],
                                                  "parent": 12,
                                                  "ID": 14,
                                                  "left": 15
                                                }
                                              ],
                                              "parent": 11,
                                              "ID": 12,
                                              "left": 13,
                                              "right": 14
                                            },
                                            {
                                              "Node Type": "Hash",
                                              "Parent Relationship": "Inner",
                                              "Parallel Aware": false,
                                              "Async Capable": false,
                                              "Startup Cost": 21.75,
                                              "Total Cost": 21.75,
                                              "Plan Rows": 251,
                                              "Plan Width": 4,
                                              "Plans": [
                                                {
                                                  "Node Type": "Seq Scan",
                                                  "Parent Relationship": "Outer",
                                                  "Parallel Aware": false,
                                                  "Async Capable": false,
                                                  "Relation Name": "promotion",
                                                  "Alias": "promotion",
                                                  "Startup Cost": 0.0,
                                                  "Total Cost": 21.75,
                                                  "Plan Rows": 251,
                                                  "Plan Width": 4,
                                                  "Filter": "((p_channel_dmail = 'Y'::bpchar) OR (p_channel_email = 'Y'::bpchar) OR (p_channel_tv = 'Y'::bpchar))",
                                                  "parent": 22,
                                                  "ID": 23
                                                }
                                              ],
                                              "parent": 11,
                                              "ID": 22,
                                              "left": 23
                                            }
                                          ],
                                          "parent": 10,
                                          "ID": 11,
                                          "left": 12,
                                          "right": 22
                                        }
                                      ],
                                      "parent": 8,
                                      "ID": 10,
                                      "left": 11
                                    }
                                  ],
                                  "parent": 7,
                                  "ID": 8,
                                  "left": 9,
                                  "right": 10
                                }
                              ],
                              "parent": 5,
                              "ID": 7,
                              "left": 8
                            }
                          ],
                          "parent": 4,
                          "ID": 5,
                          "left": 6,
                          "right": 7
                        }
                      ],
                      "parent": 3,
                      "ID": 4,
                      "left": 5
                    }
                  ],
                  "parent": 2,
                  "ID": 3,
                  "left": 4
                },
                {
                  "Node Type": "Aggregate",
                  "Strategy": "Plain",
                  "Partial Mode": "Simple",
                  "Parent Relationship": "Inner",
                  "Parallel Aware": false,
                  "Async Capable": false,
                  "Startup Cost": 716010.0,
                  "Total Cost": 716010.01,
                  "Plan Rows": 1,
                  "Plan Width": 32,
                  "Plans": [
                    {
                      "Node Type": "Gather",
                      "Parent Relationship": "Outer",
                      "Parallel Aware": false,
                      "Async Capable": false,
                      "Startup Cost": 709230.09,
                      "Total Cost": 716010.0,
                      "Plan Rows": 1,
                      "Plan Width": 6,
                      "Workers Planned": 2,
                      "Single Copy": false,
                      "Plans": [
                        {
                          "Node Type": "Hash Join",
                          "Parent Relationship": "Outer",
                          "Parallel Aware": true,
                          "Async Capable": false,
                          "Join Type": "Inner",
                          "Startup Cost": 708230.09,
                          "Total Cost": 715009.9,
                          "Plan Rows": 1,
                          "Plan Width": 6,
                          "Inner Unique": false,
                          "Hash Cond": "(customer_address_1.ca_address_sk = customer_1.c_current_addr_sk)",
                          "Plans": [
                            {
                              "Node Type": "Seq Scan",
                              "Parent Relationship": "Outer",
                              "Parallel Aware": true,
                              "Async Capable": false,
                              "Relation Name": "customer_address",
                              "Alias": "customer_address_1",
                              "Startup Cost": 0.0,
                              "Total Cost": 6737.08,
                              "Plan Rows": 11392,
                              "Plan Width": 4,
                              "Filter": "(ca_gmt_offset = '-7'::numeric)",
                              "parent": 26,
                              "ID": 27
                            },
                            {
                              "Node Type": "Hash",
                              "Parent Relationship": "Inner",
                              "Parallel Aware": true,
                              "Async Capable": false,
                              "Startup Cost": 708230.04,
                              "Total Cost": 708230.04,
                              "Plan Rows": 4,
                              "Plan Width": 10,
                              "Plans": [
                                {
                                  "Node Type": "Hash Join",
                                  "Parent Relationship": "Outer",
                                  "Parallel Aware": true,
                                  "Async Capable": false,
                                  "Join Type": "Inner",
                                  "Startup Cost": 691530.43,
                                  "Total Cost": 708230.04,
                                  "Plan Rows": 4,
                                  "Plan Width": 10,
                                  "Inner Unique": false,
                                  "Hash Cond": "(customer_1.c_customer_sk = store_sales_1.ss_customer_sk)",
                                  "Plans": [
                                    {
                                      "Node Type": "Seq Scan",
                                      "Parent Relationship": "Outer",
                                      "Parallel Aware": true,
                                      "Async Capable": false,
                                      "Relation Name": "customer",
                                      "Alias": "customer_1",
                                      "Startup Cost": 0.0,
                                      "Total Cost": 15918.33,
                                      "Plan Rows": 208333,
                                      "Plan Width": 8,
                                      "parent": 29,
                                      "ID": 30
                                    },
                                    {
                                      "Node Type": "Hash",
                                      "Parent Relationship": "Inner",
                                      "Parallel Aware": true,
                                      "Async Capable": false,
                                      "Startup Cost": 691530.38,
                                      "Total Cost": 691530.38,
                                      "Plan Rows": 4,
                                      "Plan Width": 10,
                                      "Plans": [
                                        {
                                          "Node Type": "Hash Join",
                                          "Parent Relationship": "Outer",
                                          "Parallel Aware": true,
                                          "Async Capable": false,
                                          "Join Type": "Inner",
                                          "Startup Cost": 684019.66,
                                          "Total Cost": 691530.38,
                                          "Plan Rows": 4,
                                          "Plan Width": 10,
                                          "Inner Unique": false,
                                          "Hash Cond": "(item_1.i_item_sk = store_sales_1.ss_item_sk)",
                                          "Plans": [
                                            {
                                              "Node Type": "Seq Scan",
                                              "Parent Relationship": "Outer",
                                              "Parallel Aware": true,
                                              "Async Capable": false,
                                              "Relation Name": "item",
                                              "Alias": "item_1",
                                              "Startup Cost": 0.0,
                                              "Total Cost": 7495.25,
                                              "Plan Rows": 4120,
                                              "Plan Width": 4,
                                              "Filter": "(i_category = 'Books'::bpchar)",
                                              "parent": 32,
                                              "ID": 33
                                            },
                                            {
                                              "Node Type": "Hash",
                                              "Parent Relationship": "Inner",
                                              "Parallel Aware": true,
                                              "Async Capable": false,
                                              "Startup Cost": 684019.11,
                                              "Total Cost": 684019.11,
                                              "Plan Rows": 44,
                                              "Plan Width": 14,
                                              "Plans": [
                                                {
                                                  "Node Type": "Hash Join",
                                                  "Parent Relationship": "Outer",
                                                  "Parallel Aware": false,
                                                  "Async Capable": false,
                                                  "Join Type": "Inner",
                                                  "Startup Cost": 2056.06,
                                                  "Total Cost": 684019.11,
                                                  "Plan Rows": 44,
                                                  "Plan Width": 14,
                                                  "Inner Unique": false,
                                                  "Hash Cond": "(store_sales_1.ss_store_sk = store_1.s_store_sk)",
                                                  "Plans": [
                                                    {
                                                      "Node Type": "Hash Join",
                                                      "Parent Relationship": "Outer",
                                                      "Parallel Aware": true,
                                                      "Async Capable": false,
                                                      "Join Type": "Inner",
                                                      "Startup Cost": 2049.78,
                                                      "Total Cost": 683994.75,
                                                      "Plan Rows": 4703,
                                                      "Plan Width": 18,
                                                      "Inner Unique": false,
                                                      "Hash Cond": "(store_sales_1.ss_sold_date_sk = date_dim_1.d_date_sk)",
                                                      "Plans": [
                                                        {
                                                          "Node Type": "Seq Scan",
                                                          "Parent Relationship": "Outer",
                                                          "Parallel Aware": true,
                                                          "Async Capable": false,
                                                          "Relation Name": "store_sales",
                                                          "Alias": "store_sales_1",
                                                          "Startup Cost": 0.0,
                                                          "Total Cost": 636914.37,
                                                          "Plan Rows": 12000637,
                                                          "Plan Width": 22,
                                                          "parent": 36,
                                                          "ID": 37
                                                        },
                                                        {
                                                          "Node Type": "Hash",
                                                          "Parent Relationship": "Inner",
                                                          "Parallel Aware": true,
                                                          "Async Capable": false,
                                                          "Startup Cost": 2049.55,
                                                          "Total Cost": 2049.55,
                                                          "Plan Rows": 18,
                                                          "Plan Width": 4,
                                                          "Plans": [
                                                            {
                                                              "Node Type": "Seq Scan",
                                                              "Parent Relationship": "Outer",
                                                              "Parallel Aware": true,
                                                              "Async Capable": false,
                                                              "Relation Name": "date_dim",
                                                              "Alias": "date_dim_1",
                                                              "Startup Cost": 0.0,
                                                              "Total Cost": 2049.55,
                                                              "Plan Rows": 18,
                                                              "Plan Width": 4,
                                                              "Filter": "((d_year = 1999) AND (d_moy = 11))",
                                                              "parent": 38,
                                                              "ID": 39
                                                            }
                                                          ],
                                                          "parent": 36,
                                                          "ID": 38,
                                                          "left": 39
                                                        }
                                                      ],
                                                      "parent": 35,
                                                      "ID": 36,
                                                      "left": 37,
                                                      "right": 38
                                                    },
                                                    {
                                                      "Node Type": "Hash",
                                                      "Parent Relationship": "Inner",
                                                      "Parallel Aware": false,
                                                      "Async Capable": false,
                                                      "Startup Cost": 6.28,
                                                      "Total Cost": 6.28,
                                                      "Plan Rows": 1,
                                                      "Plan Width": 4,
                                                      "Plans": [
                                                        {
                                                          "Node Type": "Seq Scan",
                                                          "Parent Relationship": "Outer",
                                                          "Parallel Aware": false,
                                                          "Async Capable": false,
                                                          "Relation Name": "store",
                                                          "Alias": "store_1",
                                                          "Startup Cost": 0.0,
                                                          "Total Cost": 6.28,
                                                          "Plan Rows": 1,
                                                          "Plan Width": 4,
                                                          "Filter": "(s_gmt_offset = '-7'::numeric)",
                                                          "parent": 40,
                                                          "ID": 41
                                                        }
                                                      ],
                                                      "parent": 35,
                                                      "ID": 40,
                                                      "left": 41
                                                    }
                                                  ],
                                                  "parent": 34,
                                                  "ID": 35,
                                                  "left": 36,
                                                  "right": 40
                                                }
                                              ],
                                              "parent": 32,
                                              "ID": 34,
                                              "left": 35
                                            }
                                          ],
                                          "parent": 31,
                                          "ID": 32,
                                          "left": 33,
                                          "right": 34
                                        }
                                      ],
                                      "parent": 29,
                                      "ID": 31,
                                      "left": 32
                                    }
                                  ],
                                  "parent": 28,
                                  "ID": 29,
                                  "left": 30,
                                  "right": 31
                                }
                              ],
                              "parent": 26,
                              "ID": 28,
                              "left": 29
                            }
                          ],
                          "parent": 25,
                          "ID": 26,
                          "left": 27,
                          "right": 28
                        }
                      ],
                      "parent": 24,
                      "ID": 25,
                      "left": 26
                    }
                  ],
                  "parent": 2,
                  "ID": 24,
                  "left": 25
                }
              ],
              "parent": 1,
              "ID": 2,
              "left": 3,
              "right": 24
            }
          ],
          "parent": 0,
          "ID": 1,
          "left": 2
        }
      ],
      "parent": null,
      "ID": 0,
      "left": 1
    },
    "feat": {
      "utility": 0.008980283389232999,
      "query_shape": [
        [
          "Seq Scan",
          "Hash Join",
          "Gather",
          "Aggregate",
          "Nested Loop",
          "Sort"
        ],
        [
          "Seq Scan",
          "Hash Join",
          "Hash",
          "Gather",
          "Aggregate",
          "Nested Loop",
          "Sort"
        ],
        [
          "Seq Scan",
          "Hash Join",
          "Hash",
          "Gather",
          "Aggregate",
          "Nested Loop",
          "Sort"
        ],
        [
          "Seq Scan",
          "Hash Join",
          "Hash",
          "Gather",
          "Aggregate",
          "Nested Loop",
          "Sort"
        ],
        [
          "Seq Scan",
          "Hash",
          "Hash Join",
          "Gather",
          "Aggregate",
          "Nested Loop",
          "Sort"
        ],
        [
          "Seq Scan",
          "Hash",
          "Hash Join",
          "Gather",
          "Aggregate",
          "Nested Loop",
          "Sort"
        ],
        [
          "Seq Scan",
          "Hash",
          "Hash Join",
          "Gather",
          "Aggregate",
          "Nested Loop",
          "Sort"
        ],
        [
          "Seq Scan",
          "Hash Join",
          "Gather",
          "Aggregate",
          "Nested Loop",
          "Sort"
        ],
        [
          "Seq Scan",
          "Hash Join",
          "Hash",
          "Gather",
          "Aggregate",
          "Nested Loop",
          "Sort"
        ],
        [
          "Seq Scan",
          "Hash Join",
          "Hash",
          "Gather",
          "Aggregate",
          "Nested Loop",
          "Sort"
        ],
        [
          "Seq Scan",
          "Hash Join",
          "Hash",
          "Gather",
          "Aggregate",
          "Nested Loop",
          "Sort"
        ],
        [
          "Seq Scan",
          "Hash",
          "Hash Join",
          "Gather",
          "Aggregate",
          "Nested Loop",
          "Sort"
        ],
        [
          "Seq Scan",
          "Hash",
          "Hash Join",
          "Gather",
          "Aggregate",
          "Nested Loop",
          "Sort"
        ]
      ],
      "index_shape": [
        "selection"
      ],
      "physical_operator": {
        "Seq Scan": [
          0.04556800000000005,
          0.04556800000000005
        ]
      }
    }
  },
  {
    "query": "select  promotions,total,cast(promotions as decimal(15,4))/cast(total as decimal(15,4))*100\nfrom\n  (select sum(ss_ext_sales_price) promotions\n   from  store_sales\n        ,store\n        ,promotion\n        ,date_dim\n        ,customer\n        ,customer_address \n        ,item\n   where ss_sold_date_sk = d_date_sk\n   and   ss_store_sk = s_store_sk\n   and   ss_promo_sk = p_promo_sk\n   and   ss_customer_sk= c_customer_sk\n   and   ca_address_sk = c_current_addr_sk\n   and   ss_item_sk = i_item_sk \n   and   ca_gmt_offset = -7\n   and   i_category = 'Books'\n   and   (p_channel_dmail = 'Y' or p_channel_email = 'Y' or p_channel_tv = 'Y')\n   and   s_gmt_offset = -7\n   and   d_year = 1999\n   and   d_moy  = 11) promotional_sales,\n  (select sum(ss_ext_sales_price) total\n   from  store_sales\n        ,store\n        ,date_dim\n        ,customer\n        ,customer_address\n        ,item\n   where ss_sold_date_sk = d_date_sk\n   and   ss_store_sk = s_store_sk\n   and   ss_customer_sk= c_customer_sk\n   and   ca_address_sk = c_current_addr_sk\n   and   ss_item_sk = i_item_sk\n   and   ca_gmt_offset = -7\n   and   i_category = 'Books'\n   and   s_gmt_offset = -7\n   and   d_year = 1999\n   and   d_moy  = 11) all_sales\norder by promotions, total\nlimit 100;\n\n-- end query 45 in stream 3 using template query61.tpl\n",
    "indexes": "customer_address.ca_address_sk",
    "wo plan est": {
      "Node Type": "Limit",
      "Parallel Aware": false,
      "Async Capable": false,
      "Startup Cost": 1432044.94,
      "Total Cost": 1432044.95,
      "Plan Rows": 1,
      "Plan Width": 96,
      "Plans": [
        {
          "Node Type": "Sort",
          "Parent Relationship": "Outer",
          "Parallel Aware": false,
          "Async Capable": false,
          "Startup Cost": 1432044.94,
          "Total Cost": 1432044.95,
          "Plan Rows": 1,
          "Plan Width": 96,
          "Sort Key": [
            "(sum(store_sales.ss_ext_sales_price))",
            "(sum(store_sales_1.ss_ext_sales_price))"
          ],
          "Plans": [
            {
              "Node Type": "Nested Loop",
              "Parent Relationship": "Outer",
              "Parallel Aware": false,
              "Async Capable": false,
              "Join Type": "Inner",
              "Startup Cost": 1432044.87,
              "Total Cost": 1432044.93,
              "Plan Rows": 1,
              "Plan Width": 96,
              "Inner Unique": false,
              "Plans": [
                {
                  "Node Type": "Aggregate",
                  "Strategy": "Plain",
                  "Partial Mode": "Simple",
                  "Parent Relationship": "Outer",
                  "Parallel Aware": false,
                  "Async Capable": false,
                  "Startup Cost": 716034.87,
                  "Total Cost": 716034.88,
                  "Plan Rows": 1,
                  "Plan Width": 32,
                  "Plans": [
                    {
                      "Node Type": "Gather",
                      "Parent Relationship": "Outer",
                      "Parallel Aware": false,
                      "Async Capable": false,
                      "Startup Cost": 709254.95,
                      "Total Cost": 716034.86,
                      "Plan Rows": 1,
                      "Plan Width": 6,
                      "Workers Planned": 2,
                      "Single Copy": false,
                      "Plans": [
                        {
                          "Node Type": "Hash Join",
                          "Parent Relationship": "Outer",
                          "Parallel Aware": true,
                          "Async Capable": false,
                          "Join Type": "Inner",
                          "Startup Cost": 708254.95,
                          "Total Cost": 715034.76,
                          "Plan Rows": 1,
                          "Plan Width": 6,
                          "Inner Unique": false,
                          "Hash Cond": "(customer_address.ca_address_sk = customer.c_current_addr_sk)",
                          "Plans": [
                            {
                              "Node Type": "Seq Scan",
                              "Parent Relationship": "Outer",
                              "Parallel Aware": true,
                              "Async Capable": false,
                              "Relation Name": "customer_address",
                              "Alias": "customer_address",
                              "Startup Cost": 0.0,
                              "Total Cost": 6737.08,
                              "Plan Rows": 11392,
                              "Plan Width": 4,
                              "Filter": "(ca_gmt_offset = '-7'::numeric)",
                              "parent": 5,
                              "ID": 6
                            },
                            {
                              "Node Type": "Hash",
                              "Parent Relationship": "Inner",
                              "Parallel Aware": true,
                              "Async Capable": false,
                              "Startup Cost": 708254.92,
                              "Total Cost": 708254.92,
                              "Plan Rows": 2,
                              "Plan Width": 10,
                              "Plans": [
                                {
                                  "Node Type": "Hash Join",
                                  "Parent Relationship": "Outer",
                                  "Parallel Aware": true,
                                  "Async Capable": false,
                                  "Join Type": "Inner",
                                  "Startup Cost": 691555.33,
                                  "Total Cost": 708254.92,
                                  "Plan Rows": 2,
                                  "Plan Width": 10,
                                  "Inner Unique": false,
                                  "Hash Cond": "(customer.c_customer_sk = store_sales.ss_customer_sk)",
                                  "Plans": [
                                    {
                                      "Node Type": "Seq Scan",
                                      "Parent Relationship": "Outer",
                                      "Parallel Aware": true,
                                      "Async Capable": false,
                                      "Relation Name": "customer",
                                      "Alias": "customer",
                                      "Startup Cost": 0.0,
                                      "Total Cost": 15918.33,
                                      "Plan Rows": 208333,
                                      "Plan Width": 8,
                                      "parent": 8,
                                      "ID": 9
                                    },
                                    {
                                      "Node Type": "Hash",
                                      "Parent Relationship": "Inner",
                                      "Parallel Aware": true,
                                      "Async Capable": false,
                                      "Startup Cost": 691555.31,
                                      "Total Cost": 691555.31,
                                      "Plan Rows": 2,
                                      "Plan Width": 10,
                                      "Plans": [
                                        {
                                          "Node Type": "Hash Join",
                                          "Parent Relationship": "Outer",
                                          "Parallel Aware": false,
                                          "Async Capable": false,
                                          "Join Type": "Inner",
                                          "Startup Cost": 684044.55,
                                          "Total Cost": 691555.31,
                                          "Plan Rows": 2,
                                          "Plan Width": 10,
                                          "Inner Unique": false,
                                          "Hash Cond": "(store_sales.ss_promo_sk = promotion.p_promo_sk)",
                                          "Plans": [
                                            {
                                              "Node Type": "Hash Join",
                                              "Parent Relationship": "Outer",
                                              "Parallel Aware": true,
                                              "Async Capable": false,
                                              "Join Type": "Inner",
                                              "Startup Cost": 684019.66,
                                              "Total Cost": 691530.38,
                                              "Plan Rows": 4,
                                              "Plan Width": 14,
                                              "Inner Unique": false,
                                              "Hash Cond": "(item.i_item_sk = store_sales.ss_item_sk)",
                                              "Plans": [
                                                {
                                                  "Node Type": "Seq Scan",
                                                  "Parent Relationship": "Outer",
                                                  "Parallel Aware": true,
                                                  "Async Capable": false,
                                                  "Relation Name": "item",
                                                  "Alias": "item",
                                                  "Startup Cost": 0.0,
                                                  "Total Cost": 7495.25,
                                                  "Plan Rows": 4120,
                                                  "Plan Width": 4,
                                                  "Filter": "(i_category = 'Books'::bpchar)",
                                                  "parent": 12,
                                                  "ID": 13
                                                },
                                                {
                                                  "Node Type": "Hash",
                                                  "Parent Relationship": "Inner",
                                                  "Parallel Aware": true,
                                                  "Async Capable": false,
                                                  "Startup Cost": 684019.11,
                                                  "Total Cost": 684019.11,
                                                  "Plan Rows": 44,
                                                  "Plan Width": 18,
                                                  "Plans": [
                                                    {
                                                      "Node Type": "Hash Join",
                                                      "Parent Relationship": "Outer",
                                                      "Parallel Aware": false,
                                                      "Async Capable": false,
                                                      "Join Type": "Inner",
                                                      "Startup Cost": 2056.06,
                                                      "Total Cost": 684019.11,
                                                      "Plan Rows": 44,
                                                      "Plan Width": 18,
                                                      "Inner Unique": false,
                                                      "Hash Cond": "(store_sales.ss_store_sk = store.s_store_sk)",
                                                      "Plans": [
                                                        {
                                                          "Node Type": "Hash Join",
                                                          "Parent Relationship": "Outer",
                                                          "Parallel Aware": true,
                                                          "Async Capable": false,
                                                          "Join Type": "Inner",
                                                          "Startup Cost": 2049.78,
                                                          "Total Cost": 683994.75,
                                                          "Plan Rows": 4703,
                                                          "Plan Width": 22,
                                                          "Inner Unique": false,
                                                          "Hash Cond": "(store_sales.ss_sold_date_sk = date_dim.d_date_sk)",
                                                          "Plans": [
                                                            {
                                                              "Node Type": "Seq Scan",
                                                              "Parent Relationship": "Outer",
                                                              "Parallel Aware": true,
                                                              "Async Capable": false,
                                                              "Relation Name": "store_sales",
                                                              "Alias": "store_sales",
                                                              "Startup Cost": 0.0,
                                                              "Total Cost": 636914.37,
                                                              "Plan Rows": 12000637,
                                                              "Plan Width": 26,
                                                              "parent": 16,
                                                              "ID": 17
                                                            },
                                                            {
                                                              "Node Type": "Hash",
                                                              "Parent Relationship": "Inner",
                                                              "Parallel Aware": true,
                                                              "Async Capable": false,
                                                              "Startup Cost": 2049.55,
                                                              "Total Cost": 2049.55,
                                                              "Plan Rows": 18,
                                                              "Plan Width": 4,
                                                              "Plans": [
                                                                {
                                                                  "Node Type": "Seq Scan",
                                                                  "Parent Relationship": "Outer",
                                                                  "Parallel Aware": true,
                                                                  "Async Capable": false,
                                                                  "Relation Name": "date_dim",
                                                                  "Alias": "date_dim",
                                                                  "Startup Cost": 0.0,
                                                                  "Total Cost": 2049.55,
                                                                  "Plan Rows": 18,
                                                                  "Plan Width": 4,
                                                                  "Filter": "((d_year = 1999) AND (d_moy = 11))",
                                                                  "parent": 18,
                                                                  "ID": 19
                                                                }
                                                              ],
                                                              "parent": 16,
                                                              "ID": 18,
                                                              "left": 19
                                                            }
                                                          ],
                                                          "parent": 15,
                                                          "ID": 16,
                                                          "left": 17,
                                                          "right": 18
                                                        },
                                                        {
                                                          "Node Type": "Hash",
                                                          "Parent Relationship": "Inner",
                                                          "Parallel Aware": false,
                                                          "Async Capable": false,
                                                          "Startup Cost": 6.28,
                                                          "Total Cost": 6.28,
                                                          "Plan Rows": 1,
                                                          "Plan Width": 4,
                                                          "Plans": [
                                                            {
                                                              "Node Type": "Seq Scan",
                                                              "Parent Relationship": "Outer",
                                                              "Parallel Aware": false,
                                                              "Async Capable": false,
                                                              "Relation Name": "store",
                                                              "Alias": "store",
                                                              "Startup Cost": 0.0,
                                                              "Total Cost": 6.28,
                                                              "Plan Rows": 1,
                                                              "Plan Width": 4,
                                                              "Filter": "(s_gmt_offset = '-7'::numeric)",
                                                              "parent": 20,
                                                              "ID": 21
                                                            }
                                                          ],
                                                          "parent": 15,
                                                          "ID": 20,
                                                          "left": 21
                                                        }
                                                      ],
                                                      "parent": 14,
                                                      "ID": 15,
                                                      "left": 16,
                                                      "right": 20
                                                    }
                                                  ],
                                                  "parent": 12,
                                                  "ID": 14,
                                                  "left": 15
                                                }
                                              ],
                                              "parent": 11,
                                              "ID": 12,
                                              "left": 13,
                                              "right": 14
                                            },
                                            {
                                              "Node Type": "Hash",
                                              "Parent Relationship": "Inner",
                                              "Parallel Aware": false,
                                              "Async Capable": false,
                                              "Startup Cost": 21.75,
                                              "Total Cost": 21.75,
                                              "Plan Rows": 251,
                                              "Plan Width": 4,
                                              "Plans": [
                                                {
                                                  "Node Type": "Seq Scan",
                                                  "Parent Relationship": "Outer",
                                                  "Parallel Aware": false,
                                                  "Async Capable": false,
                                                  "Relation Name": "promotion",
                                                  "Alias": "promotion",
                                                  "Startup Cost": 0.0,
                                                  "Total Cost": 21.75,
                                                  "Plan Rows": 251,
                                                  "Plan Width": 4,
                                                  "Filter": "((p_channel_dmail = 'Y'::bpchar) OR (p_channel_email = 'Y'::bpchar) OR (p_channel_tv = 'Y'::bpchar))",
                                                  "parent": 22,
                                                  "ID": 23
                                                }
                                              ],
                                              "parent": 11,
                                              "ID": 22,
                                              "left": 23
                                            }
                                          ],
                                          "parent": 10,
                                          "ID": 11,
                                          "left": 12,
                                          "right": 22
                                        }
                                      ],
                                      "parent": 8,
                                      "ID": 10,
                                      "left": 11
                                    }
                                  ],
                                  "parent": 7,
                                  "ID": 8,
                                  "left": 9,
                                  "right": 10
                                }
                              ],
                              "parent": 5,
                              "ID": 7,
                              "left": 8
                            }
                          ],
                          "parent": 4,
                          "ID": 5,
                          "left": 6,
                          "right": 7
                        }
                      ],
                      "parent": 3,
                      "ID": 4,
                      "left": 5
                    }
                  ],
                  "parent": 2,
                  "ID": 3,
                  "left": 4
                },
                {
                  "Node Type": "Aggregate",
                  "Strategy": "Plain",
                  "Partial Mode": "Simple",
                  "Parent Relationship": "Inner",
                  "Parallel Aware": false,
                  "Async Capable": false,
                  "Startup Cost": 716010.0,
                  "Total Cost": 716010.01,
                  "Plan Rows": 1,
                  "Plan Width": 32,
                  "Plans": [
                    {
                      "Node Type": "Gather",
                      "Parent Relationship": "Outer",
                      "Parallel Aware": false,
                      "Async Capable": false,
                      "Startup Cost": 709230.09,
                      "Total Cost": 716010.0,
                      "Plan Rows": 1,
                      "Plan Width": 6,
                      "Workers Planned": 2,
                      "Single Copy": false,
                      "Plans": [
                        {
                          "Node Type": "Hash Join",
                          "Parent Relationship": "Outer",
                          "Parallel Aware": true,
                          "Async Capable": false,
                          "Join Type": "Inner",
                          "Startup Cost": 708230.09,
                          "Total Cost": 715009.9,
                          "Plan Rows": 1,
                          "Plan Width": 6,
                          "Inner Unique": false,
                          "Hash Cond": "(customer_address_1.ca_address_sk = customer_1.c_current_addr_sk)",
                          "Plans": [
                            {
                              "Node Type": "Seq Scan",
                              "Parent Relationship": "Outer",
                              "Parallel Aware": true,
                              "Async Capable": false,
                              "Relation Name": "customer_address",
                              "Alias": "customer_address_1",
                              "Startup Cost": 0.0,
                              "Total Cost": 6737.08,
                              "Plan Rows": 11392,
                              "Plan Width": 4,
                              "Filter": "(ca_gmt_offset = '-7'::numeric)",
                              "parent": 26,
                              "ID": 27
                            },
                            {
                              "Node Type": "Hash",
                              "Parent Relationship": "Inner",
                              "Parallel Aware": true,
                              "Async Capable": false,
                              "Startup Cost": 708230.04,
                              "Total Cost": 708230.04,
                              "Plan Rows": 4,
                              "Plan Width": 10,
                              "Plans": [
                                {
                                  "Node Type": "Hash Join",
                                  "Parent Relationship": "Outer",
                                  "Parallel Aware": true,
                                  "Async Capable": false,
                                  "Join Type": "Inner",
                                  "Startup Cost": 691530.43,
                                  "Total Cost": 708230.04,
                                  "Plan Rows": 4,
                                  "Plan Width": 10,
                                  "Inner Unique": false,
                                  "Hash Cond": "(customer_1.c_customer_sk = store_sales_1.ss_customer_sk)",
                                  "Plans": [
                                    {
                                      "Node Type": "Seq Scan",
                                      "Parent Relationship": "Outer",
                                      "Parallel Aware": true,
                                      "Async Capable": false,
                                      "Relation Name": "customer",
                                      "Alias": "customer_1",
                                      "Startup Cost": 0.0,
                                      "Total Cost": 15918.33,
                                      "Plan Rows": 208333,
                                      "Plan Width": 8,
                                      "parent": 29,
                                      "ID": 30
                                    },
                                    {
                                      "Node Type": "Hash",
                                      "Parent Relationship": "Inner",
                                      "Parallel Aware": true,
                                      "Async Capable": false,
                                      "Startup Cost": 691530.38,
                                      "Total Cost": 691530.38,
                                      "Plan Rows": 4,
                                      "Plan Width": 10,
                                      "Plans": [
                                        {
                                          "Node Type": "Hash Join",
                                          "Parent Relationship": "Outer",
                                          "Parallel Aware": true,
                                          "Async Capable": false,
                                          "Join Type": "Inner",
                                          "Startup Cost": 684019.66,
                                          "Total Cost": 691530.38,
                                          "Plan Rows": 4,
                                          "Plan Width": 10,
                                          "Inner Unique": false,
                                          "Hash Cond": "(item_1.i_item_sk = store_sales_1.ss_item_sk)",
                                          "Plans": [
                                            {
                                              "Node Type": "Seq Scan",
                                              "Parent Relationship": "Outer",
                                              "Parallel Aware": true,
                                              "Async Capable": false,
                                              "Relation Name": "item",
                                              "Alias": "item_1",
                                              "Startup Cost": 0.0,
                                              "Total Cost": 7495.25,
                                              "Plan Rows": 4120,
                                              "Plan Width": 4,
                                              "Filter": "(i_category = 'Books'::bpchar)",
                                              "parent": 32,
                                              "ID": 33
                                            },
                                            {
                                              "Node Type": "Hash",
                                              "Parent Relationship": "Inner",
                                              "Parallel Aware": true,
                                              "Async Capable": false,
                                              "Startup Cost": 684019.11,
                                              "Total Cost": 684019.11,
                                              "Plan Rows": 44,
                                              "Plan Width": 14,
                                              "Plans": [
                                                {
                                                  "Node Type": "Hash Join",
                                                  "Parent Relationship": "Outer",
                                                  "Parallel Aware": false,
                                                  "Async Capable": false,
                                                  "Join Type": "Inner",
                                                  "Startup Cost": 2056.06,
                                                  "Total Cost": 684019.11,
                                                  "Plan Rows": 44,
                                                  "Plan Width": 14,
                                                  "Inner Unique": false,
                                                  "Hash Cond": "(store_sales_1.ss_store_sk = store_1.s_store_sk)",
                                                  "Plans": [
                                                    {
                                                      "Node Type": "Hash Join",
                                                      "Parent Relationship": "Outer",
                                                      "Parallel Aware": true,
                                                      "Async Capable": false,
                                                      "Join Type": "Inner",
                                                      "Startup Cost": 2049.78,
                                                      "Total Cost": 683994.75,
                                                      "Plan Rows": 4703,
                                                      "Plan Width": 18,
                                                      "Inner Unique": false,
                                                      "Hash Cond": "(store_sales_1.ss_sold_date_sk = date_dim_1.d_date_sk)",
                                                      "Plans": [
                                                        {
                                                          "Node Type": "Seq Scan",
                                                          "Parent Relationship": "Outer",
                                                          "Parallel Aware": true,
                                                          "Async Capable": false,
                                                          "Relation Name": "store_sales",
                                                          "Alias": "store_sales_1",
                                                          "Startup Cost": 0.0,
                                                          "Total Cost": 636914.37,
                                                          "Plan Rows": 12000637,
                                                          "Plan Width": 22,
                                                          "parent": 36,
                                                          "ID": 37
                                                        },
                                                        {
                                                          "Node Type": "Hash",
                                                          "Parent Relationship": "Inner",
                                                          "Parallel Aware": true,
                                                          "Async Capable": false,
                                                          "Startup Cost": 2049.55,
                                                          "Total Cost": 2049.55,
                                                          "Plan Rows": 18,
                                                          "Plan Width": 4,
                                                          "Plans": [
                                                            {
                                                              "Node Type": "Seq Scan",
                                                              "Parent Relationship": "Outer",
                                                              "Parallel Aware": true,
                                                              "Async Capable": false,
                                                              "Relation Name": "date_dim",
                                                              "Alias": "date_dim_1",
                                                              "Startup Cost": 0.0,
                                                              "Total Cost": 2049.55,
                                                              "Plan Rows": 18,
                                                              "Plan Width": 4,
                                                              "Filter": "((d_year = 1999) AND (d_moy = 11))",
                                                              "parent": 38,
                                                              "ID": 39
                                                            }
                                                          ],
                                                          "parent": 36,
                                                          "ID": 38,
                                                          "left": 39
                                                        }
                                                      ],
                                                      "parent": 35,
                                                      "ID": 36,
                                                      "left": 37,
                                                      "right": 38
                                                    },
                                                    {
                                                      "Node Type": "Hash",
                                                      "Parent Relationship": "Inner",
                                                      "Parallel Aware": false,
                                                      "Async Capable": false,
                                                      "Startup Cost": 6.28,
                                                      "Total Cost": 6.28,
                                                      "Plan Rows": 1,
                                                      "Plan Width": 4,
                                                      "Plans": [
                                                        {
                                                          "Node Type": "Seq Scan",
                                                          "Parent Relationship": "Outer",
                                                          "Parallel Aware": false,
                                                          "Async Capable": false,
                                                          "Relation Name": "store",
                                                          "Alias": "store_1",
                                                          "Startup Cost": 0.0,
                                                          "Total Cost": 6.28,
                                                          "Plan Rows": 1,
                                                          "Plan Width": 4,
                                                          "Filter": "(s_gmt_offset = '-7'::numeric)",
                                                          "parent": 40,
                                                          "ID": 41
                                                        }
                                                      ],
                                                      "parent": 35,
                                                      "ID": 40,
                                                      "left": 41
                                                    }
                                                  ],
                                                  "parent": 34,
                                                  "ID": 35,
                                                  "left": 36,
                                                  "right": 40
                                                }
                                              ],
                                              "parent": 32,
                                              "ID": 34,
                                              "left": 35
                                            }
                                          ],
                                          "parent": 31,
                                          "ID": 32,
                                          "left": 33,
                                          "right": 34
                                        }
                                      ],
                                      "parent": 29,
                                      "ID": 31,
                                      "left": 32
                                    }
                                  ],
                                  "parent": 28,
                                  "ID": 29,
                                  "left": 30,
                                  "right": 31
                                }
                              ],
                              "parent": 26,
                              "ID": 28,
                              "left": 29
                            }
                          ],
                          "parent": 25,
                          "ID": 26,
                          "left": 27,
                          "right": 28
                        }
                      ],
                      "parent": 24,
                      "ID": 25,
                      "left": 26
                    }
                  ],
                  "parent": 2,
                  "ID": 24,
                  "left": 25
                }
              ],
              "parent": 1,
              "ID": 2,
              "left": 3,
              "right": 24
            }
          ],
          "parent": 0,
          "ID": 1,
          "left": 2
        }
      ],
      "parent": null,
      "ID": 0,
      "left": 1
    },
    "feat": {
      "utility": 8.721078178737801e-06,
      "query_shape": [
        [
          "Seq Scan",
          "Hash Join",
          "Gather",
          "Aggregate",
          "Nested Loop",
          "Sort"
        ],
        [
          "Seq Scan",
          "Hash Join",
          "Hash",
          "Gather",
          "Aggregate",
          "Nested Loop",
          "Sort"
        ],
        [
          "Seq Scan",
          "Hash Join",
          "Hash",
          "Gather",
          "Aggregate",
          "Nested Loop",
          "Sort"
        ],
        [
          "Seq Scan",
          "Hash Join",
          "Hash",
          "Gather",
          "Aggregate",
          "Nested Loop",
          "Sort"
        ],
        [
          "Seq Scan",
          "Hash",
          "Hash Join",
          "Gather",
          "Aggregate",
          "Nested Loop",
          "Sort"
        ],
        [
          "Seq Scan",
          "Hash",
          "Hash Join",
          "Gather",
          "Aggregate",
          "Nested Loop",
          "Sort"
        ],
        [
          "Seq Scan",
          "Hash",
          "Hash Join",
          "Gather",
          "Aggregate",
          "Nested Loop",
          "Sort"
        ],
        [
          "Seq Scan",
          "Hash Join",
          "Gather",
          "Aggregate",
          "Nested Loop",
          "Sort"
        ],
        [
          "Seq Scan",
          "Hash Join",
          "Hash",
          "Gather",
          "Aggregate",
          "Nested Loop",
          "Sort"
        ],
        [
          "Seq Scan",
          "Hash Join",
          "Hash",
          "Gather",
          "Aggregate",
          "Nested Loop",
          "Sort"
        ],
        [
          "Seq Scan",
          "Hash Join",
          "Hash",
          "Gather",
          "Aggregate",
          "Nested Loop",
          "Sort"
        ],
        [
          "Seq Scan",
          "Hash",
          "Hash Join",
          "Gather",
          "Aggregate",
          "Nested Loop",
          "Sort"
        ],
        [
          "Seq Scan",
          "Hash",
          "Hash Join",
          "Gather",
          "Aggregate",
          "Nested Loop",
          "Sort"
        ]
      ],
      "index_shape": [
        "join"
      ],
      "physical_operator": {
        "Hash Join": [
          0.00662498675003975,
          0.004684573056224134
        ]
      }
    }
  },
  {
    "query": "select  promotions,total,cast(promotions as decimal(15,4))/cast(total as decimal(15,4))*100\nfrom\n  (select sum(ss_ext_sales_price) promotions\n   from  store_sales\n        ,store\n        ,promotion\n        ,date_dim\n        ,customer\n        ,customer_address \n        ,item\n   where ss_sold_date_sk = d_date_sk\n   and   ss_store_sk = s_store_sk\n   and   ss_promo_sk = p_promo_sk\n   and   ss_customer_sk= c_customer_sk\n   and   ca_address_sk = c_current_addr_sk\n   and   ss_item_sk = i_item_sk \n   and   ca_gmt_offset = -7\n   and   i_category = 'Books'\n   and   (p_channel_dmail = 'Y' or p_channel_email = 'Y' or p_channel_tv = 'Y')\n   and   s_gmt_offset = -7\n   and   d_year = 1999\n   and   d_moy  = 11) promotional_sales,\n  (select sum(ss_ext_sales_price) total\n   from  store_sales\n        ,store\n        ,date_dim\n        ,customer\n        ,customer_address\n        ,item\n   where ss_sold_date_sk = d_date_sk\n   and   ss_store_sk = s_store_sk\n   and   ss_customer_sk= c_customer_sk\n   and   ca_address_sk = c_current_addr_sk\n   and   ss_item_sk = i_item_sk\n   and   ca_gmt_offset = -7\n   and   i_category = 'Books'\n   and   s_gmt_offset = -7\n   and   d_year = 1999\n   and   d_moy  = 11) all_sales\norder by promotions, total\nlimit 100;\n\n-- end query 45 in stream 3 using template query61.tpl\n",
    "indexes": "date_dim.d_year",
    "wo plan est": {
      "Node Type": "Limit",
      "Parallel Aware": false,
      "Async Capable": false,
      "Startup Cost": 1432044.94,
      "Total Cost": 1432044.95,
      "Plan Rows": 1,
      "Plan Width": 96,
      "Plans": [
        {
          "Node Type": "Sort",
          "Parent Relationship": "Outer",
          "Parallel Aware": false,
          "Async Capable": false,
          "Startup Cost": 1432044.94,
          "Total Cost": 1432044.95,
          "Plan Rows": 1,
          "Plan Width": 96,
          "Sort Key": [
            "(sum(store_sales.ss_ext_sales_price))",
            "(sum(store_sales_1.ss_ext_sales_price))"
          ],
          "Plans": [
            {
              "Node Type": "Nested Loop",
              "Parent Relationship": "Outer",
              "Parallel Aware": false,
              "Async Capable": false,
              "Join Type": "Inner",
              "Startup Cost": 1432044.87,
              "Total Cost": 1432044.93,
              "Plan Rows": 1,
              "Plan Width": 96,
              "Inner Unique": false,
              "Plans": [
                {
                  "Node Type": "Aggregate",
                  "Strategy": "Plain",
                  "Partial Mode": "Simple",
                  "Parent Relationship": "Outer",
                  "Parallel Aware": false,
                  "Async Capable": false,
                  "Startup Cost": 716034.87,
                  "Total Cost": 716034.88,
                  "Plan Rows": 1,
                  "Plan Width": 32,
                  "Plans": [
                    {
                      "Node Type": "Gather",
                      "Parent Relationship": "Outer",
                      "Parallel Aware": false,
                      "Async Capable": false,
                      "Startup Cost": 709254.95,
                      "Total Cost": 716034.86,
                      "Plan Rows": 1,
                      "Plan Width": 6,
                      "Workers Planned": 2,
                      "Single Copy": false,
                      "Plans": [
                        {
                          "Node Type": "Hash Join",
                          "Parent Relationship": "Outer",
                          "Parallel Aware": true,
                          "Async Capable": false,
                          "Join Type": "Inner",
                          "Startup Cost": 708254.95,
                          "Total Cost": 715034.76,
                          "Plan Rows": 1,
                          "Plan Width": 6,
                          "Inner Unique": false,
                          "Hash Cond": "(customer_address.ca_address_sk = customer.c_current_addr_sk)",
                          "Plans": [
                            {
                              "Node Type": "Seq Scan",
                              "Parent Relationship": "Outer",
                              "Parallel Aware": true,
                              "Async Capable": false,
                              "Relation Name": "customer_address",
                              "Alias": "customer_address",
                              "Startup Cost": 0.0,
                              "Total Cost": 6737.08,
                              "Plan Rows": 11392,
                              "Plan Width": 4,
                              "Filter": "(ca_gmt_offset = '-7'::numeric)",
                              "parent": 5,
                              "ID": 6
                            },
                            {
                              "Node Type": "Hash",
                              "Parent Relationship": "Inner",
                              "Parallel Aware": true,
                              "Async Capable": false,
                              "Startup Cost": 708254.92,
                              "Total Cost": 708254.92,
                              "Plan Rows": 2,
                              "Plan Width": 10,
                              "Plans": [
                                {
                                  "Node Type": "Hash Join",
                                  "Parent Relationship": "Outer",
                                  "Parallel Aware": true,
                                  "Async Capable": false,
                                  "Join Type": "Inner",
                                  "Startup Cost": 691555.33,
                                  "Total Cost": 708254.92,
                                  "Plan Rows": 2,
                                  "Plan Width": 10,
                                  "Inner Unique": false,
                                  "Hash Cond": "(customer.c_customer_sk = store_sales.ss_customer_sk)",
                                  "Plans": [
                                    {
                                      "Node Type": "Seq Scan",
                                      "Parent Relationship": "Outer",
                                      "Parallel Aware": true,
                                      "Async Capable": false,
                                      "Relation Name": "customer",
                                      "Alias": "customer",
                                      "Startup Cost": 0.0,
                                      "Total Cost": 15918.33,
                                      "Plan Rows": 208333,
                                      "Plan Width": 8,
                                      "parent": 8,
                                      "ID": 9
                                    },
                                    {
                                      "Node Type": "Hash",
                                      "Parent Relationship": "Inner",
                                      "Parallel Aware": true,
                                      "Async Capable": false,
                                      "Startup Cost": 691555.31,
                                      "Total Cost": 691555.31,
                                      "Plan Rows": 2,
                                      "Plan Width": 10,
                                      "Plans": [
                                        {
                                          "Node Type": "Hash Join",
                                          "Parent Relationship": "Outer",
                                          "Parallel Aware": false,
                                          "Async Capable": false,
                                          "Join Type": "Inner",
                                          "Startup Cost": 684044.55,
                                          "Total Cost": 691555.31,
                                          "Plan Rows": 2,
                                          "Plan Width": 10,
                                          "Inner Unique": false,
                                          "Hash Cond": "(store_sales.ss_promo_sk = promotion.p_promo_sk)",
                                          "Plans": [
                                            {
                                              "Node Type": "Hash Join",
                                              "Parent Relationship": "Outer",
                                              "Parallel Aware": true,
                                              "Async Capable": false,
                                              "Join Type": "Inner",
                                              "Startup Cost": 684019.66,
                                              "Total Cost": 691530.38,
                                              "Plan Rows": 4,
                                              "Plan Width": 14,
                                              "Inner Unique": false,
                                              "Hash Cond": "(item.i_item_sk = store_sales.ss_item_sk)",
                                              "Plans": [
                                                {
                                                  "Node Type": "Seq Scan",
                                                  "Parent Relationship": "Outer",
                                                  "Parallel Aware": true,
                                                  "Async Capable": false,
                                                  "Relation Name": "item",
                                                  "Alias": "item",
                                                  "Startup Cost": 0.0,
                                                  "Total Cost": 7495.25,
                                                  "Plan Rows": 4120,
                                                  "Plan Width": 4,
                                                  "Filter": "(i_category = 'Books'::bpchar)",
                                                  "parent": 12,
                                                  "ID": 13
                                                },
                                                {
                                                  "Node Type": "Hash",
                                                  "Parent Relationship": "Inner",
                                                  "Parallel Aware": true,
                                                  "Async Capable": false,
                                                  "Startup Cost": 684019.11,
                                                  "Total Cost": 684019.11,
                                                  "Plan Rows": 44,
                                                  "Plan Width": 18,
                                                  "Plans": [
                                                    {
                                                      "Node Type": "Hash Join",
                                                      "Parent Relationship": "Outer",
                                                      "Parallel Aware": false,
                                                      "Async Capable": false,
                                                      "Join Type": "Inner",
                                                      "Startup Cost": 2056.06,
                                                      "Total Cost": 684019.11,
                                                      "Plan Rows": 44,
                                                      "Plan Width": 18,
                                                      "Inner Unique": false,
                                                      "Hash Cond": "(store_sales.ss_store_sk = store.s_store_sk)",
                                                      "Plans": [
                                                        {
                                                          "Node Type": "Hash Join",
                                                          "Parent Relationship": "Outer",
                                                          "Parallel Aware": true,
                                                          "Async Capable": false,
                                                          "Join Type": "Inner",
                                                          "Startup Cost": 2049.78,
                                                          "Total Cost": 683994.75,
                                                          "Plan Rows": 4703,
                                                          "Plan Width": 22,
                                                          "Inner Unique": false,
                                                          "Hash Cond": "(store_sales.ss_sold_date_sk = date_dim.d_date_sk)",
                                                          "Plans": [
                                                            {
                                                              "Node Type": "Seq Scan",
                                                              "Parent Relationship": "Outer",
                                                              "Parallel Aware": true,
                                                              "Async Capable": false,
                                                              "Relation Name": "store_sales",
                                                              "Alias": "store_sales",
                                                              "Startup Cost": 0.0,
                                                              "Total Cost": 636914.37,
                                                              "Plan Rows": 12000637,
                                                              "Plan Width": 26,
                                                              "parent": 16,
                                                              "ID": 17
                                                            },
                                                            {
                                                              "Node Type": "Hash",
                                                              "Parent Relationship": "Inner",
                                                              "Parallel Aware": true,
                                                              "Async Capable": false,
                                                              "Startup Cost": 2049.55,
                                                              "Total Cost": 2049.55,
                                                              "Plan Rows": 18,
                                                              "Plan Width": 4,
                                                              "Plans": [
                                                                {
                                                                  "Node Type": "Seq Scan",
                                                                  "Parent Relationship": "Outer",
                                                                  "Parallel Aware": true,
                                                                  "Async Capable": false,
                                                                  "Relation Name": "date_dim",
                                                                  "Alias": "date_dim",
                                                                  "Startup Cost": 0.0,
                                                                  "Total Cost": 2049.55,
                                                                  "Plan Rows": 18,
                                                                  "Plan Width": 4,
                                                                  "Filter": "((d_year = 1999) AND (d_moy = 11))",
                                                                  "parent": 18,
                                                                  "ID": 19
                                                                }
                                                              ],
                                                              "parent": 16,
                                                              "ID": 18,
                                                              "left": 19
                                                            }
                                                          ],
                                                          "parent": 15,
                                                          "ID": 16,
                                                          "left": 17,
                                                          "right": 18
                                                        },
                                                        {
                                                          "Node Type": "Hash",
                                                          "Parent Relationship": "Inner",
                                                          "Parallel Aware": false,
                                                          "Async Capable": false,
                                                          "Startup Cost": 6.28,
                                                          "Total Cost": 6.28,
                                                          "Plan Rows": 1,
                                                          "Plan Width": 4,
                                                          "Plans": [
                                                            {
                                                              "Node Type": "Seq Scan",
                                                              "Parent Relationship": "Outer",
                                                              "Parallel Aware": false,
                                                              "Async Capable": false,
                                                              "Relation Name": "store",
                                                              "Alias": "store",
                                                              "Startup Cost": 0.0,
                                                              "Total Cost": 6.28,
                                                              "Plan Rows": 1,
                                                              "Plan Width": 4,
                                                              "Filter": "(s_gmt_offset = '-7'::numeric)",
                                                              "parent": 20,
                                                              "ID": 21
                                                            }
                                                          ],
                                                          "parent": 15,
                                                          "ID": 20,
                                                          "left": 21
                                                        }
                                                      ],
                                                      "parent": 14,
                                                      "ID": 15,
                                                      "left": 16,
                                                      "right": 20
                                                    }
                                                  ],
                                                  "parent": 12,
                                                  "ID": 14,
                                                  "left": 15
                                                }
                                              ],
                                              "parent": 11,
                                              "ID": 12,
                                              "left": 13,
                                              "right": 14
                                            },
                                            {
                                              "Node Type": "Hash",
                                              "Parent Relationship": "Inner",
                                              "Parallel Aware": false,
                                              "Async Capable": false,
                                              "Startup Cost": 21.75,
                                              "Total Cost": 21.75,
                                              "Plan Rows": 251,
                                              "Plan Width": 4,
                                              "Plans": [
                                                {
                                                  "Node Type": "Seq Scan",
                                                  "Parent Relationship": "Outer",
                                                  "Parallel Aware": false,
                                                  "Async Capable": false,
                                                  "Relation Name": "promotion",
                                                  "Alias": "promotion",
                                                  "Startup Cost": 0.0,
                                                  "Total Cost": 21.75,
                                                  "Plan Rows": 251,
                                                  "Plan Width": 4,
                                                  "Filter": "((p_channel_dmail = 'Y'::bpchar) OR (p_channel_email = 'Y'::bpchar) OR (p_channel_tv = 'Y'::bpchar))",
                                                  "parent": 22,
                                                  "ID": 23
                                                }
                                              ],
                                              "parent": 11,
                                              "ID": 22,
                                              "left": 23
                                            }
                                          ],
                                          "parent": 10,
                                          "ID": 11,
                                          "left": 12,
                                          "right": 22
                                        }
                                      ],
                                      "parent": 8,
                                      "ID": 10,
                                      "left": 11
                                    }
                                  ],
                                  "parent": 7,
                                  "ID": 8,
                                  "left": 9,
                                  "right": 10
                                }
                              ],
                              "parent": 5,
                              "ID": 7,
                              "left": 8
                            }
                          ],
                          "parent": 4,
                          "ID": 5,
                          "left": 6,
                          "right": 7
                        }
                      ],
                      "parent": 3,
                      "ID": 4,
                      "left": 5
                    }
                  ],
                  "parent": 2,
                  "ID": 3,
                  "left": 4
                },
                {
                  "Node Type": "Aggregate",
                  "Strategy": "Plain",
                  "Partial Mode": "Simple",
                  "Parent Relationship": "Inner",
                  "Parallel Aware": false,
                  "Async Capable": false,
                  "Startup Cost": 716010.0,
                  "Total Cost": 716010.01,
                  "Plan Rows": 1,
                  "Plan Width": 32,
                  "Plans": [
                    {
                      "Node Type": "Gather",
                      "Parent Relationship": "Outer",
                      "Parallel Aware": false,
                      "Async Capable": false,
                      "Startup Cost": 709230.09,
                      "Total Cost": 716010.0,
                      "Plan Rows": 1,
                      "Plan Width": 6,
                      "Workers Planned": 2,
                      "Single Copy": false,
                      "Plans": [
                        {
                          "Node Type": "Hash Join",
                          "Parent Relationship": "Outer",
                          "Parallel Aware": true,
                          "Async Capable": false,
                          "Join Type": "Inner",
                          "Startup Cost": 708230.09,
                          "Total Cost": 715009.9,
                          "Plan Rows": 1,
                          "Plan Width": 6,
                          "Inner Unique": false,
                          "Hash Cond": "(customer_address_1.ca_address_sk = customer_1.c_current_addr_sk)",
                          "Plans": [
                            {
                              "Node Type": "Seq Scan",
                              "Parent Relationship": "Outer",
                              "Parallel Aware": true,
                              "Async Capable": false,
                              "Relation Name": "customer_address",
                              "Alias": "customer_address_1",
                              "Startup Cost": 0.0,
                              "Total Cost": 6737.08,
                              "Plan Rows": 11392,
                              "Plan Width": 4,
                              "Filter": "(ca_gmt_offset = '-7'::numeric)",
                              "parent": 26,
                              "ID": 27
                            },
                            {
                              "Node Type": "Hash",
                              "Parent Relationship": "Inner",
                              "Parallel Aware": true,
                              "Async Capable": false,
                              "Startup Cost": 708230.04,
                              "Total Cost": 708230.04,
                              "Plan Rows": 4,
                              "Plan Width": 10,
                              "Plans": [
                                {
                                  "Node Type": "Hash Join",
                                  "Parent Relationship": "Outer",
                                  "Parallel Aware": true,
                                  "Async Capable": false,
                                  "Join Type": "Inner",
                                  "Startup Cost": 691530.43,
                                  "Total Cost": 708230.04,
                                  "Plan Rows": 4,
                                  "Plan Width": 10,
                                  "Inner Unique": false,
                                  "Hash Cond": "(customer_1.c_customer_sk = store_sales_1.ss_customer_sk)",
                                  "Plans": [
                                    {
                                      "Node Type": "Seq Scan",
                                      "Parent Relationship": "Outer",
                                      "Parallel Aware": true,
                                      "Async Capable": false,
                                      "Relation Name": "customer",
                                      "Alias": "customer_1",
                                      "Startup Cost": 0.0,
                                      "Total Cost": 15918.33,
                                      "Plan Rows": 208333,
                                      "Plan Width": 8,
                                      "parent": 29,
                                      "ID": 30
                                    },
                                    {
                                      "Node Type": "Hash",
                                      "Parent Relationship": "Inner",
                                      "Parallel Aware": true,
                                      "Async Capable": false,
                                      "Startup Cost": 691530.38,
                                      "Total Cost": 691530.38,
                                      "Plan Rows": 4,
                                      "Plan Width": 10,
                                      "Plans": [
                                        {
                                          "Node Type": "Hash Join",
                                          "Parent Relationship": "Outer",
                                          "Parallel Aware": true,
                                          "Async Capable": false,
                                          "Join Type": "Inner",
                                          "Startup Cost": 684019.66,
                                          "Total Cost": 691530.38,
                                          "Plan Rows": 4,
                                          "Plan Width": 10,
                                          "Inner Unique": false,
                                          "Hash Cond": "(item_1.i_item_sk = store_sales_1.ss_item_sk)",
                                          "Plans": [
                                            {
                                              "Node Type": "Seq Scan",
                                              "Parent Relationship": "Outer",
                                              "Parallel Aware": true,
                                              "Async Capable": false,
                                              "Relation Name": "item",
                                              "Alias": "item_1",
                                              "Startup Cost": 0.0,
                                              "Total Cost": 7495.25,
                                              "Plan Rows": 4120,
                                              "Plan Width": 4,
                                              "Filter": "(i_category = 'Books'::bpchar)",
                                              "parent": 32,
                                              "ID": 33
                                            },
                                            {
                                              "Node Type": "Hash",
                                              "Parent Relationship": "Inner",
                                              "Parallel Aware": true,
                                              "Async Capable": false,
                                              "Startup Cost": 684019.11,
                                              "Total Cost": 684019.11,
                                              "Plan Rows": 44,
                                              "Plan Width": 14,
                                              "Plans": [
                                                {
                                                  "Node Type": "Hash Join",
                                                  "Parent Relationship": "Outer",
                                                  "Parallel Aware": false,
                                                  "Async Capable": false,
                                                  "Join Type": "Inner",
                                                  "Startup Cost": 2056.06,
                                                  "Total Cost": 684019.11,
                                                  "Plan Rows": 44,
                                                  "Plan Width": 14,
                                                  "Inner Unique": false,
                                                  "Hash Cond": "(store_sales_1.ss_store_sk = store_1.s_store_sk)",
                                                  "Plans": [
                                                    {
                                                      "Node Type": "Hash Join",
                                                      "Parent Relationship": "Outer",
                                                      "Parallel Aware": true,
                                                      "Async Capable": false,
                                                      "Join Type": "Inner",
                                                      "Startup Cost": 2049.78,
                                                      "Total Cost": 683994.75,
                                                      "Plan Rows": 4703,
                                                      "Plan Width": 18,
                                                      "Inner Unique": false,
                                                      "Hash Cond": "(store_sales_1.ss_sold_date_sk = date_dim_1.d_date_sk)",
                                                      "Plans": [
                                                        {
                                                          "Node Type": "Seq Scan",
                                                          "Parent Relationship": "Outer",
                                                          "Parallel Aware": true,
                                                          "Async Capable": false,
                                                          "Relation Name": "store_sales",
                                                          "Alias": "store_sales_1",
                                                          "Startup Cost": 0.0,
                                                          "Total Cost": 636914.37,
                                                          "Plan Rows": 12000637,
                                                          "Plan Width": 22,
                                                          "parent": 36,
                                                          "ID": 37
                                                        },
                                                        {
                                                          "Node Type": "Hash",
                                                          "Parent Relationship": "Inner",
                                                          "Parallel Aware": true,
                                                          "Async Capable": false,
                                                          "Startup Cost": 2049.55,
                                                          "Total Cost": 2049.55,
                                                          "Plan Rows": 18,
                                                          "Plan Width": 4,
                                                          "Plans": [
                                                            {
                                                              "Node Type": "Seq Scan",
                                                              "Parent Relationship": "Outer",
                                                              "Parallel Aware": true,
                                                              "Async Capable": false,
                                                              "Relation Name": "date_dim",
                                                              "Alias": "date_dim_1",
                                                              "Startup Cost": 0.0,
                                                              "Total Cost": 2049.55,
                                                              "Plan Rows": 18,
                                                              "Plan Width": 4,
                                                              "Filter": "((d_year = 1999) AND (d_moy = 11))",
                                                              "parent": 38,
                                                              "ID": 39
                                                            }
                                                          ],
                                                          "parent": 36,
                                                          "ID": 38,
                                                          "left": 39
                                                        }
                                                      ],
                                                      "parent": 35,
                                                      "ID": 36,
                                                      "left": 37,
                                                      "right": 38
                                                    },
                                                    {
                                                      "Node Type": "Hash",
                                                      "Parent Relationship": "Inner",
                                                      "Parallel Aware": false,
                                                      "Async Capable": false,
                                                      "Startup Cost": 6.28,
                                                      "Total Cost": 6.28,
                                                      "Plan Rows": 1,
                                                      "Plan Width": 4,
                                                      "Plans": [
                                                        {
                                                          "Node Type": "Seq Scan",
                                                          "Parent Relationship": "Outer",
                                                          "Parallel Aware": false,
                                                          "Async Capable": false,
                                                          "Relation Name": "store",
                                                          "Alias": "store_1",
                                                          "Startup Cost": 0.0,
                                                          "Total Cost": 6.28,
                                                          "Plan Rows": 1,
                                                          "Plan Width": 4,
                                                          "Filter": "(s_gmt_offset = '-7'::numeric)",
                                                          "parent": 40,
                                                          "ID": 41
                                                        }
                                                      ],
                                                      "parent": 35,
                                                      "ID": 40,
                                                      "left": 41
                                                    }
                                                  ],
                                                  "parent": 34,
                                                  "ID": 35,
                                                  "left": 36,
                                                  "right": 40
                                                }
                                              ],
                                              "parent": 32,
                                              "ID": 34,
                                              "left": 35
                                            }
                                          ],
                                          "parent": 31,
                                          "ID": 32,
                                          "left": 33,
                                          "right": 34
                                        }
                                      ],
                                      "parent": 29,
                                      "ID": 31,
                                      "left": 32
                                    }
                                  ],
                                  "parent": 28,
                                  "ID": 29,
                                  "left": 30,
                                  "right": 31
                                }
                              ],
                              "parent": 26,
                              "ID": 28,
                              "left": 29
                            }
                          ],
                          "parent": 25,
                          "ID": 26,
                          "left": 27,
                          "right": 28
                        }
                      ],
                      "parent": 24,
                      "ID": 25,
                      "left": 26
                    }
                  ],
                  "parent": 2,
                  "ID": 24,
                  "left": 25
                }
              ],
              "parent": 1,
              "ID": 2,
              "left": 3,
              "right": 24
            }
          ],
          "parent": 0,
          "ID": 1,
          "left": 2
        }
      ],
      "parent": null,
      "ID": 0,
      "left": 1
    },
    "feat": {
      "utility": 0.00286170482358009,
      "query_shape": [
        [
          "Seq Scan",
          "Hash Join",
          "Gather",
          "Aggregate",
          "Nested Loop",
          "Sort"
        ],
        [
          "Seq Scan",
          "Hash Join",
          "Hash",
          "Gather",
          "Aggregate",
          "Nested Loop",
          "Sort"
        ],
        [
          "Seq Scan",
          "Hash Join",
          "Hash",
          "Gather",
          "Aggregate",
          "Nested Loop",
          "Sort"
        ],
        [
          "Seq Scan",
          "Hash Join",
          "Hash",
          "Gather",
          "Aggregate",
          "Nested Loop",
          "Sort"
        ],
        [
          "Seq Scan",
          "Hash",
          "Hash Join",
          "Gather",
          "Aggregate",
          "Nested Loop",
          "Sort"
        ],
        [
          "Seq Scan",
          "Hash",
          "Hash Join",
          "Gather",
          "Aggregate",
          "Nested Loop",
          "Sort"
        ],
        [
          "Seq Scan",
          "Hash",
          "Hash Join",
          "Gather",
          "Aggregate",
          "Nested Loop",
          "Sort"
        ],
        [
          "Seq Scan",
          "Hash Join",
          "Gather",
          "Aggregate",
          "Nested Loop",
          "Sort"
        ],
        [
          "Seq Scan",
          "Hash Join",
          "Hash",
          "Gather",
          "Aggregate",
          "Nested Loop",
          "Sort"
        ],
        [
          "Seq Scan",
          "Hash Join",
          "Hash",
          "Gather",
          "Aggregate",
          "Nested Loop",
          "Sort"
        ],
        [
          "Seq Scan",
          "Hash Join",
          "Hash",
          "Gather",
          "Aggregate",
          "Nested Loop",
          "Sort"
        ],
        [
          "Seq Scan",
          "Hash",
          "Hash Join",
          "Gather",
          "Aggregate",
          "Nested Loop",
          "Sort"
        ],
        [
          "Seq Scan",
          "Hash",
          "Hash Join",
          "Gather",
          "Aggregate",
          "Nested Loop",
          "Sort"
        ]
      ],
      "index_shape": [
        "selection"
      ],
      "physical_operator": {
        "Seq Scan": [
          0.0002464099440101508,
          0.0002464099440101508
        ]
      }
    }
  },
  {
    "query": "select  promotions,total,cast(promotions as decimal(15,4))/cast(total as decimal(15,4))*100\nfrom\n  (select sum(ss_ext_sales_price) promotions\n   from  store_sales\n        ,store\n        ,promotion\n        ,date_dim\n        ,customer\n        ,customer_address \n        ,item\n   where ss_sold_date_sk = d_date_sk\n   and   ss_store_sk = s_store_sk\n   and   ss_promo_sk = p_promo_sk\n   and   ss_customer_sk= c_customer_sk\n   and   ca_address_sk = c_current_addr_sk\n   and   ss_item_sk = i_item_sk \n   and   ca_gmt_offset = -7\n   and   i_category = 'Books'\n   and   (p_channel_dmail = 'Y' or p_channel_email = 'Y' or p_channel_tv = 'Y')\n   and   s_gmt_offset = -7\n   and   d_year = 1999\n   and   d_moy  = 11) promotional_sales,\n  (select sum(ss_ext_sales_price) total\n   from  store_sales\n        ,store\n        ,date_dim\n        ,customer\n        ,customer_address\n        ,item\n   where ss_sold_date_sk = d_date_sk\n   and   ss_store_sk = s_store_sk\n   and   ss_customer_sk= c_customer_sk\n   and   ca_address_sk = c_current_addr_sk\n   and   ss_item_sk = i_item_sk\n   and   ca_gmt_offset = -7\n   and   i_category = 'Books'\n   and   s_gmt_offset = -7\n   and   d_year = 1999\n   and   d_moy  = 11) all_sales\norder by promotions, total\nlimit 100;\n\n-- end query 45 in stream 3 using template query61.tpl\n",
    "indexes": "date_dim.d_moy",
    "wo plan est": {
      "Node Type": "Limit",
      "Parallel Aware": false,
      "Async Capable": false,
      "Startup Cost": 1432044.94,
      "Total Cost": 1432044.95,
      "Plan Rows": 1,
      "Plan Width": 96,
      "Plans": [
        {
          "Node Type": "Sort",
          "Parent Relationship": "Outer",
          "Parallel Aware": false,
          "Async Capable": false,
          "Startup Cost": 1432044.94,
          "Total Cost": 1432044.95,
          "Plan Rows": 1,
          "Plan Width": 96,
          "Sort Key": [
            "(sum(store_sales.ss_ext_sales_price))",
            "(sum(store_sales_1.ss_ext_sales_price))"
          ],
          "Plans": [
            {
              "Node Type": "Nested Loop",
              "Parent Relationship": "Outer",
              "Parallel Aware": false,
              "Async Capable": false,
              "Join Type": "Inner",
              "Startup Cost": 1432044.87,
              "Total Cost": 1432044.93,
              "Plan Rows": 1,
              "Plan Width": 96,
              "Inner Unique": false,
              "Plans": [
                {
                  "Node Type": "Aggregate",
                  "Strategy": "Plain",
                  "Partial Mode": "Simple",
                  "Parent Relationship": "Outer",
                  "Parallel Aware": false,
                  "Async Capable": false,
                  "Startup Cost": 716034.87,
                  "Total Cost": 716034.88,
                  "Plan Rows": 1,
                  "Plan Width": 32,
                  "Plans": [
                    {
                      "Node Type": "Gather",
                      "Parent Relationship": "Outer",
                      "Parallel Aware": false,
                      "Async Capable": false,
                      "Startup Cost": 709254.95,
                      "Total Cost": 716034.86,
                      "Plan Rows": 1,
                      "Plan Width": 6,
                      "Workers Planned": 2,
                      "Single Copy": false,
                      "Plans": [
                        {
                          "Node Type": "Hash Join",
                          "Parent Relationship": "Outer",
                          "Parallel Aware": true,
                          "Async Capable": false,
                          "Join Type": "Inner",
                          "Startup Cost": 708254.95,
                          "Total Cost": 715034.76,
                          "Plan Rows": 1,
                          "Plan Width": 6,
                          "Inner Unique": false,
                          "Hash Cond": "(customer_address.ca_address_sk = customer.c_current_addr_sk)",
                          "Plans": [
                            {
                              "Node Type": "Seq Scan",
                              "Parent Relationship": "Outer",
                              "Parallel Aware": true,
                              "Async Capable": false,
                              "Relation Name": "customer_address",
                              "Alias": "customer_address",
                              "Startup Cost": 0.0,
                              "Total Cost": 6737.08,
                              "Plan Rows": 11392,
                              "Plan Width": 4,
                              "Filter": "(ca_gmt_offset = '-7'::numeric)",
                              "parent": 5,
                              "ID": 6
                            },
                            {
                              "Node Type": "Hash",
                              "Parent Relationship": "Inner",
                              "Parallel Aware": true,
                              "Async Capable": false,
                              "Startup Cost": 708254.92,
                              "Total Cost": 708254.92,
                              "Plan Rows": 2,
                              "Plan Width": 10,
                              "Plans": [
                                {
                                  "Node Type": "Hash Join",
                                  "Parent Relationship": "Outer",
                                  "Parallel Aware": true,
                                  "Async Capable": false,
                                  "Join Type": "Inner",
                                  "Startup Cost": 691555.33,
                                  "Total Cost": 708254.92,
                                  "Plan Rows": 2,
                                  "Plan Width": 10,
                                  "Inner Unique": false,
                                  "Hash Cond": "(customer.c_customer_sk = store_sales.ss_customer_sk)",
                                  "Plans": [
                                    {
                                      "Node Type": "Seq Scan",
                                      "Parent Relationship": "Outer",
                                      "Parallel Aware": true,
                                      "Async Capable": false,
                                      "Relation Name": "customer",
                                      "Alias": "customer",
                                      "Startup Cost": 0.0,
                                      "Total Cost": 15918.33,
                                      "Plan Rows": 208333,
                                      "Plan Width": 8,
                                      "parent": 8,
                                      "ID": 9
                                    },
                                    {
                                      "Node Type": "Hash",
                                      "Parent Relationship": "Inner",
                                      "Parallel Aware": true,
                                      "Async Capable": false,
                                      "Startup Cost": 691555.31,
                                      "Total Cost": 691555.31,
                                      "Plan Rows": 2,
                                      "Plan Width": 10,
                                      "Plans": [
                                        {
                                          "Node Type": "Hash Join",
                                          "Parent Relationship": "Outer",
                                          "Parallel Aware": false,
                                          "Async Capable": false,
                                          "Join Type": "Inner",
                                          "Startup Cost": 684044.55,
                                          "Total Cost": 691555.31,
                                          "Plan Rows": 2,
                                          "Plan Width": 10,
                                          "Inner Unique": false,
                                          "Hash Cond": "(store_sales.ss_promo_sk = promotion.p_promo_sk)",
                                          "Plans": [
                                            {
                                              "Node Type": "Hash Join",
                                              "Parent Relationship": "Outer",
                                              "Parallel Aware": true,
                                              "Async Capable": false,
                                              "Join Type": "Inner",
                                              "Startup Cost": 684019.66,
                                              "Total Cost": 691530.38,
                                              "Plan Rows": 4,
                                              "Plan Width": 14,
                                              "Inner Unique": false,
                                              "Hash Cond": "(item.i_item_sk = store_sales.ss_item_sk)",
                                              "Plans": [
                                                {
                                                  "Node Type": "Seq Scan",
                                                  "Parent Relationship": "Outer",
                                                  "Parallel Aware": true,
                                                  "Async Capable": false,
                                                  "Relation Name": "item",
                                                  "Alias": "item",
                                                  "Startup Cost": 0.0,
                                                  "Total Cost": 7495.25,
                                                  "Plan Rows": 4120,
                                                  "Plan Width": 4,
                                                  "Filter": "(i_category = 'Books'::bpchar)",
                                                  "parent": 12,
                                                  "ID": 13
                                                },
                                                {
                                                  "Node Type": "Hash",
                                                  "Parent Relationship": "Inner",
                                                  "Parallel Aware": true,
                                                  "Async Capable": false,
                                                  "Startup Cost": 684019.11,
                                                  "Total Cost": 684019.11,
                                                  "Plan Rows": 44,
                                                  "Plan Width": 18,
                                                  "Plans": [
                                                    {
                                                      "Node Type": "Hash Join",
                                                      "Parent Relationship": "Outer",
                                                      "Parallel Aware": false,
                                                      "Async Capable": false,
                                                      "Join Type": "Inner",
                                                      "Startup Cost": 2056.06,
                                                      "Total Cost": 684019.11,
                                                      "Plan Rows": 44,
                                                      "Plan Width": 18,
                                                      "Inner Unique": false,
                                                      "Hash Cond": "(store_sales.ss_store_sk = store.s_store_sk)",
                                                      "Plans": [
                                                        {
                                                          "Node Type": "Hash Join",
                                                          "Parent Relationship": "Outer",
                                                          "Parallel Aware": true,
                                                          "Async Capable": false,
                                                          "Join Type": "Inner",
                                                          "Startup Cost": 2049.78,
                                                          "Total Cost": 683994.75,
                                                          "Plan Rows": 4703,
                                                          "Plan Width": 22,
                                                          "Inner Unique": false,
                                                          "Hash Cond": "(store_sales.ss_sold_date_sk = date_dim.d_date_sk)",
                                                          "Plans": [
                                                            {
                                                              "Node Type": "Seq Scan",
                                                              "Parent Relationship": "Outer",
                                                              "Parallel Aware": true,
                                                              "Async Capable": false,
                                                              "Relation Name": "store_sales",
                                                              "Alias": "store_sales",
                                                              "Startup Cost": 0.0,
                                                              "Total Cost": 636914.37,
                                                              "Plan Rows": 12000637,
                                                              "Plan Width": 26,
                                                              "parent": 16,
                                                              "ID": 17
                                                            },
                                                            {
                                                              "Node Type": "Hash",
                                                              "Parent Relationship": "Inner",
                                                              "Parallel Aware": true,
                                                              "Async Capable": false,
                                                              "Startup Cost": 2049.55,
                                                              "Total Cost": 2049.55,
                                                              "Plan Rows": 18,
                                                              "Plan Width": 4,
                                                              "Plans": [
                                                                {
                                                                  "Node Type": "Seq Scan",
                                                                  "Parent Relationship": "Outer",
                                                                  "Parallel Aware": true,
                                                                  "Async Capable": false,
                                                                  "Relation Name": "date_dim",
                                                                  "Alias": "date_dim",
                                                                  "Startup Cost": 0.0,
                                                                  "Total Cost": 2049.55,
                                                                  "Plan Rows": 18,
                                                                  "Plan Width": 4,
                                                                  "Filter": "((d_year = 1999) AND (d_moy = 11))",
                                                                  "parent": 18,
                                                                  "ID": 19
                                                                }
                                                              ],
                                                              "parent": 16,
                                                              "ID": 18,
                                                              "left": 19
                                                            }
                                                          ],
                                                          "parent": 15,
                                                          "ID": 16,
                                                          "left": 17,
                                                          "right": 18
                                                        },
                                                        {
                                                          "Node Type": "Hash",
                                                          "Parent Relationship": "Inner",
                                                          "Parallel Aware": false,
                                                          "Async Capable": false,
                                                          "Startup Cost": 6.28,
                                                          "Total Cost": 6.28,
                                                          "Plan Rows": 1,
                                                          "Plan Width": 4,
                                                          "Plans": [
                                                            {
                                                              "Node Type": "Seq Scan",
                                                              "Parent Relationship": "Outer",
                                                              "Parallel Aware": false,
                                                              "Async Capable": false,
                                                              "Relation Name": "store",
                                                              "Alias": "store",
                                                              "Startup Cost": 0.0,
                                                              "Total Cost": 6.28,
                                                              "Plan Rows": 1,
                                                              "Plan Width": 4,
                                                              "Filter": "(s_gmt_offset = '-7'::numeric)",
                                                              "parent": 20,
                                                              "ID": 21
                                                            }
                                                          ],
                                                          "parent": 15,
                                                          "ID": 20,
                                                          "left": 21
                                                        }
                                                      ],
                                                      "parent": 14,
                                                      "ID": 15,
                                                      "left": 16,
                                                      "right": 20
                                                    }
                                                  ],
                                                  "parent": 12,
                                                  "ID": 14,
                                                  "left": 15
                                                }
                                              ],
                                              "parent": 11,
                                              "ID": 12,
                                              "left": 13,
                                              "right": 14
                                            },
                                            {
                                              "Node Type": "Hash",
                                              "Parent Relationship": "Inner",
                                              "Parallel Aware": false,
                                              "Async Capable": false,
                                              "Startup Cost": 21.75,
                                              "Total Cost": 21.75,
                                              "Plan Rows": 251,
                                              "Plan Width": 4,
                                              "Plans": [
                                                {
                                                  "Node Type": "Seq Scan",
                                                  "Parent Relationship": "Outer",
                                                  "Parallel Aware": false,
                                                  "Async Capable": false,
                                                  "Relation Name": "promotion",
                                                  "Alias": "promotion",
                                                  "Startup Cost": 0.0,
                                                  "Total Cost": 21.75,
                                                  "Plan Rows": 251,
                                                  "Plan Width": 4,
                                                  "Filter": "((p_channel_dmail = 'Y'::bpchar) OR (p_channel_email = 'Y'::bpchar) OR (p_channel_tv = 'Y'::bpchar))",
                                                  "parent": 22,
                                                  "ID": 23
                                                }
                                              ],
                                              "parent": 11,
                                              "ID": 22,
                                              "left": 23
                                            }
                                          ],
                                          "parent": 10,
                                          "ID": 11,
                                          "left": 12,
                                          "right": 22
                                        }
                                      ],
                                      "parent": 8,
                                      "ID": 10,
                                      "left": 11
                                    }
                                  ],
                                  "parent": 7,
                                  "ID": 8,
                                  "left": 9,
                                  "right": 10
                                }
                              ],
                              "parent": 5,
                              "ID": 7,
                              "left": 8
                            }
                          ],
                          "parent": 4,
                          "ID": 5,
                          "left": 6,
                          "right": 7
                        }
                      ],
                      "parent": 3,
                      "ID": 4,
                      "left": 5
                    }
                  ],
                  "parent": 2,
                  "ID": 3,
                  "left": 4
                },
                {
                  "Node Type": "Aggregate",
                  "Strategy": "Plain",
                  "Partial Mode": "Simple",
                  "Parent Relationship": "Inner",
                  "Parallel Aware": false,
                  "Async Capable": false,
                  "Startup Cost": 716010.0,
                  "Total Cost": 716010.01,
                  "Plan Rows": 1,
                  "Plan Width": 32,
                  "Plans": [
                    {
                      "Node Type": "Gather",
                      "Parent Relationship": "Outer",
                      "Parallel Aware": false,
                      "Async Capable": false,
                      "Startup Cost": 709230.09,
                      "Total Cost": 716010.0,
                      "Plan Rows": 1,
                      "Plan Width": 6,
                      "Workers Planned": 2,
                      "Single Copy": false,
                      "Plans": [
                        {
                          "Node Type": "Hash Join",
                          "Parent Relationship": "Outer",
                          "Parallel Aware": true,
                          "Async Capable": false,
                          "Join Type": "Inner",
                          "Startup Cost": 708230.09,
                          "Total Cost": 715009.9,
                          "Plan Rows": 1,
                          "Plan Width": 6,
                          "Inner Unique": false,
                          "Hash Cond": "(customer_address_1.ca_address_sk = customer_1.c_current_addr_sk)",
                          "Plans": [
                            {
                              "Node Type": "Seq Scan",
                              "Parent Relationship": "Outer",
                              "Parallel Aware": true,
                              "Async Capable": false,
                              "Relation Name": "customer_address",
                              "Alias": "customer_address_1",
                              "Startup Cost": 0.0,
                              "Total Cost": 6737.08,
                              "Plan Rows": 11392,
                              "Plan Width": 4,
                              "Filter": "(ca_gmt_offset = '-7'::numeric)",
                              "parent": 26,
                              "ID": 27
                            },
                            {
                              "Node Type": "Hash",
                              "Parent Relationship": "Inner",
                              "Parallel Aware": true,
                              "Async Capable": false,
                              "Startup Cost": 708230.04,
                              "Total Cost": 708230.04,
                              "Plan Rows": 4,
                              "Plan Width": 10,
                              "Plans": [
                                {
                                  "Node Type": "Hash Join",
                                  "Parent Relationship": "Outer",
                                  "Parallel Aware": true,
                                  "Async Capable": false,
                                  "Join Type": "Inner",
                                  "Startup Cost": 691530.43,
                                  "Total Cost": 708230.04,
                                  "Plan Rows": 4,
                                  "Plan Width": 10,
                                  "Inner Unique": false,
                                  "Hash Cond": "(customer_1.c_customer_sk = store_sales_1.ss_customer_sk)",
                                  "Plans": [
                                    {
                                      "Node Type": "Seq Scan",
                                      "Parent Relationship": "Outer",
                                      "Parallel Aware": true,
                                      "Async Capable": false,
                                      "Relation Name": "customer",
                                      "Alias": "customer_1",
                                      "Startup Cost": 0.0,
                                      "Total Cost": 15918.33,
                                      "Plan Rows": 208333,
                                      "Plan Width": 8,
                                      "parent": 29,
                                      "ID": 30
                                    },
                                    {
                                      "Node Type": "Hash",
                                      "Parent Relationship": "Inner",
                                      "Parallel Aware": true,
                                      "Async Capable": false,
                                      "Startup Cost": 691530.38,
                                      "Total Cost": 691530.38,
                                      "Plan Rows": 4,
                                      "Plan Width": 10,
                                      "Plans": [
                                        {
                                          "Node Type": "Hash Join",
                                          "Parent Relationship": "Outer",
                                          "Parallel Aware": true,
                                          "Async Capable": false,
                                          "Join Type": "Inner",
                                          "Startup Cost": 684019.66,
                                          "Total Cost": 691530.38,
                                          "Plan Rows": 4,
                                          "Plan Width": 10,
                                          "Inner Unique": false,
                                          "Hash Cond": "(item_1.i_item_sk = store_sales_1.ss_item_sk)",
                                          "Plans": [
                                            {
                                              "Node Type": "Seq Scan",
                                              "Parent Relationship": "Outer",
                                              "Parallel Aware": true,
                                              "Async Capable": false,
                                              "Relation Name": "item",
                                              "Alias": "item_1",
                                              "Startup Cost": 0.0,
                                              "Total Cost": 7495.25,
                                              "Plan Rows": 4120,
                                              "Plan Width": 4,
                                              "Filter": "(i_category = 'Books'::bpchar)",
                                              "parent": 32,
                                              "ID": 33
                                            },
                                            {
                                              "Node Type": "Hash",
                                              "Parent Relationship": "Inner",
                                              "Parallel Aware": true,
                                              "Async Capable": false,
                                              "Startup Cost": 684019.11,
                                              "Total Cost": 684019.11,
                                              "Plan Rows": 44,
                                              "Plan Width": 14,
                                              "Plans": [
                                                {
                                                  "Node Type": "Hash Join",
                                                  "Parent Relationship": "Outer",
                                                  "Parallel Aware": false,
                                                  "Async Capable": false,
                                                  "Join Type": "Inner",
                                                  "Startup Cost": 2056.06,
                                                  "Total Cost": 684019.11,
                                                  "Plan Rows": 44,
                                                  "Plan Width": 14,
                                                  "Inner Unique": false,
                                                  "Hash Cond": "(store_sales_1.ss_store_sk = store_1.s_store_sk)",
                                                  "Plans": [
                                                    {
                                                      "Node Type": "Hash Join",
                                                      "Parent Relationship": "Outer",
                                                      "Parallel Aware": true,
                                                      "Async Capable": false,
                                                      "Join Type": "Inner",
                                                      "Startup Cost": 2049.78,
                                                      "Total Cost": 683994.75,
                                                      "Plan Rows": 4703,
                                                      "Plan Width": 18,
                                                      "Inner Unique": false,
                                                      "Hash Cond": "(store_sales_1.ss_sold_date_sk = date_dim_1.d_date_sk)",
                                                      "Plans": [
                                                        {
                                                          "Node Type": "Seq Scan",
                                                          "Parent Relationship": "Outer",
                                                          "Parallel Aware": true,
                                                          "Async Capable": false,
                                                          "Relation Name": "store_sales",
                                                          "Alias": "store_sales_1",
                                                          "Startup Cost": 0.0,
                                                          "Total Cost": 636914.37,
                                                          "Plan Rows": 12000637,
                                                          "Plan Width": 22,
                                                          "parent": 36,
                                                          "ID": 37
                                                        },
                                                        {
                                                          "Node Type": "Hash",
                                                          "Parent Relationship": "Inner",
                                                          "Parallel Aware": true,
                                                          "Async Capable": false,
                                                          "Startup Cost": 2049.55,
                                                          "Total Cost": 2049.55,
                                                          "Plan Rows": 18,
                                                          "Plan Width": 4,
                                                          "Plans": [
                                                            {
                                                              "Node Type": "Seq Scan",
                                                              "Parent Relationship": "Outer",
                                                              "Parallel Aware": true,
                                                              "Async Capable": false,
                                                              "Relation Name": "date_dim",
                                                              "Alias": "date_dim_1",
                                                              "Startup Cost": 0.0,
                                                              "Total Cost": 2049.55,
                                                              "Plan Rows": 18,
                                                              "Plan Width": 4,
                                                              "Filter": "((d_year = 1999) AND (d_moy = 11))",
                                                              "parent": 38,
                                                              "ID": 39
                                                            }
                                                          ],
                                                          "parent": 36,
                                                          "ID": 38,
                                                          "left": 39
                                                        }
                                                      ],
                                                      "parent": 35,
                                                      "ID": 36,
                                                      "left": 37,
                                                      "right": 38
                                                    },
                                                    {
                                                      "Node Type": "Hash",
                                                      "Parent Relationship": "Inner",
                                                      "Parallel Aware": false,
                                                      "Async Capable": false,
                                                      "Startup Cost": 6.28,
                                                      "Total Cost": 6.28,
                                                      "Plan Rows": 1,
                                                      "Plan Width": 4,
                                                      "Plans": [
                                                        {
                                                          "Node Type": "Seq Scan",
                                                          "Parent Relationship": "Outer",
                                                          "Parallel Aware": false,
                                                          "Async Capable": false,
                                                          "Relation Name": "store",
                                                          "Alias": "store_1",
                                                          "Startup Cost": 0.0,
                                                          "Total Cost": 6.28,
                                                          "Plan Rows": 1,
                                                          "Plan Width": 4,
                                                          "Filter": "(s_gmt_offset = '-7'::numeric)",
                                                          "parent": 40,
                                                          "ID": 41
                                                        }
                                                      ],
                                                      "parent": 35,
                                                      "ID": 40,
                                                      "left": 41
                                                    }
                                                  ],
                                                  "parent": 34,
                                                  "ID": 35,
                                                  "left": 36,
                                                  "right": 40
                                                }
                                              ],
                                              "parent": 32,
                                              "ID": 34,
                                              "left": 35
                                            }
                                          ],
                                          "parent": 31,
                                          "ID": 32,
                                          "left": 33,
                                          "right": 34
                                        }
                                      ],
                                      "parent": 29,
                                      "ID": 31,
                                      "left": 32
                                    }
                                  ],
                                  "parent": 28,
                                  "ID": 29,
                                  "left": 30,
                                  "right": 31
                                }
                              ],
                              "parent": 26,
                              "ID": 28,
                              "left": 29
                            }
                          ],
                          "parent": 25,
                          "ID": 26,
                          "left": 27,
                          "right": 28
                        }
                      ],
                      "parent": 24,
                      "ID": 25,
                      "left": 26
                    }
                  ],
                  "parent": 2,
                  "ID": 24,
                  "left": 25
                }
              ],
              "parent": 1,
              "ID": 2,
              "left": 3,
              "right": 24
            }
          ],
          "parent": 0,
          "ID": 1,
          "left": 2
        }
      ],
      "parent": null,
      "ID": 0,
      "left": 1
    },
    "feat": {
      "utility": 0.00286170482358009,
      "query_shape": [
        [
          "Seq Scan",
          "Hash Join",
          "Gather",
          "Aggregate",
          "Nested Loop",
          "Sort"
        ],
        [
          "Seq Scan",
          "Hash Join",
          "Hash",
          "Gather",
          "Aggregate",
          "Nested Loop",
          "Sort"
        ],
        [
          "Seq Scan",
          "Hash Join",
          "Hash",
          "Gather",
          "Aggregate",
          "Nested Loop",
          "Sort"
        ],
        [
          "Seq Scan",
          "Hash Join",
          "Hash",
          "Gather",
          "Aggregate",
          "Nested Loop",
          "Sort"
        ],
        [
          "Seq Scan",
          "Hash",
          "Hash Join",
          "Gather",
          "Aggregate",
          "Nested Loop",
          "Sort"
        ],
        [
          "Seq Scan",
          "Hash",
          "Hash Join",
          "Gather",
          "Aggregate",
          "Nested Loop",
          "Sort"
        ],
        [
          "Seq Scan",
          "Hash",
          "Hash Join",
          "Gather",
          "Aggregate",
          "Nested Loop",
          "Sort"
        ],
        [
          "Seq Scan",
          "Hash Join",
          "Gather",
          "Aggregate",
          "Nested Loop",
          "Sort"
        ],
        [
          "Seq Scan",
          "Hash Join",
          "Hash",
          "Gather",
          "Aggregate",
          "Nested Loop",
          "Sort"
        ],
        [
          "Seq Scan",
          "Hash Join",
          "Hash",
          "Gather",
          "Aggregate",
          "Nested Loop",
          "Sort"
        ],
        [
          "Seq Scan",
          "Hash Join",
          "Hash",
          "Gather",
          "Aggregate",
          "Nested Loop",
          "Sort"
        ],
        [
          "Seq Scan",
          "Hash",
          "Hash Join",
          "Gather",
          "Aggregate",
          "Nested Loop",
          "Sort"
        ],
        [
          "Seq Scan",
          "Hash",
          "Hash Join",
          "Gather",
          "Aggregate",
          "Nested Loop",
          "Sort"
        ]
      ],
      "index_shape": [
        "selection"
      ],
      "physical_operator": {
        "Seq Scan": [
          0.0002464099440101508,
          0.0002464099440101508
        ]
      }
    }
  },
  {
    "query": "select  promotions,total,cast(promotions as decimal(15,4))/cast(total as decimal(15,4))*100\nfrom\n  (select sum(ss_ext_sales_price) promotions\n   from  store_sales\n        ,store\n        ,promotion\n        ,date_dim\n        ,customer\n        ,customer_address \n        ,item\n   where ss_sold_date_sk = d_date_sk\n   and   ss_store_sk = s_store_sk\n   and   ss_promo_sk = p_promo_sk\n   and   ss_customer_sk= c_customer_sk\n   and   ca_address_sk = c_current_addr_sk\n   and   ss_item_sk = i_item_sk \n   and   ca_gmt_offset = -7\n   and   i_category = 'Books'\n   and   (p_channel_dmail = 'Y' or p_channel_email = 'Y' or p_channel_tv = 'Y')\n   and   s_gmt_offset = -7\n   and   d_year = 1999\n   and   d_moy  = 11) promotional_sales,\n  (select sum(ss_ext_sales_price) total\n   from  store_sales\n        ,store\n        ,date_dim\n        ,customer\n        ,customer_address\n        ,item\n   where ss_sold_date_sk = d_date_sk\n   and   ss_store_sk = s_store_sk\n   and   ss_customer_sk= c_customer_sk\n   and   ca_address_sk = c_current_addr_sk\n   and   ss_item_sk = i_item_sk\n   and   ca_gmt_offset = -7\n   and   i_category = 'Books'\n   and   s_gmt_offset = -7\n   and   d_year = 1999\n   and   d_moy  = 11) all_sales\norder by promotions, total\nlimit 100;\n\n-- end query 45 in stream 3 using template query61.tpl\n",
    "indexes": "date_dim.d_date_sk",
    "wo plan est": {
      "Node Type": "Limit",
      "Parallel Aware": false,
      "Async Capable": false,
      "Startup Cost": 1432044.94,
      "Total Cost": 1432044.95,
      "Plan Rows": 1,
      "Plan Width": 96,
      "Plans": [
        {
          "Node Type": "Sort",
          "Parent Relationship": "Outer",
          "Parallel Aware": false,
          "Async Capable": false,
          "Startup Cost": 1432044.94,
          "Total Cost": 1432044.95,
          "Plan Rows": 1,
          "Plan Width": 96,
          "Sort Key": [
            "(sum(store_sales.ss_ext_sales_price))",
            "(sum(store_sales_1.ss_ext_sales_price))"
          ],
          "Plans": [
            {
              "Node Type": "Nested Loop",
              "Parent Relationship": "Outer",
              "Parallel Aware": false,
              "Async Capable": false,
              "Join Type": "Inner",
              "Startup Cost": 1432044.87,
              "Total Cost": 1432044.93,
              "Plan Rows": 1,
              "Plan Width": 96,
              "Inner Unique": false,
              "Plans": [
                {
                  "Node Type": "Aggregate",
                  "Strategy": "Plain",
                  "Partial Mode": "Simple",
                  "Parent Relationship": "Outer",
                  "Parallel Aware": false,
                  "Async Capable": false,
                  "Startup Cost": 716034.87,
                  "Total Cost": 716034.88,
                  "Plan Rows": 1,
                  "Plan Width": 32,
                  "Plans": [
                    {
                      "Node Type": "Gather",
                      "Parent Relationship": "Outer",
                      "Parallel Aware": false,
                      "Async Capable": false,
                      "Startup Cost": 709254.95,
                      "Total Cost": 716034.86,
                      "Plan Rows": 1,
                      "Plan Width": 6,
                      "Workers Planned": 2,
                      "Single Copy": false,
                      "Plans": [
                        {
                          "Node Type": "Hash Join",
                          "Parent Relationship": "Outer",
                          "Parallel Aware": true,
                          "Async Capable": false,
                          "Join Type": "Inner",
                          "Startup Cost": 708254.95,
                          "Total Cost": 715034.76,
                          "Plan Rows": 1,
                          "Plan Width": 6,
                          "Inner Unique": false,
                          "Hash Cond": "(customer_address.ca_address_sk = customer.c_current_addr_sk)",
                          "Plans": [
                            {
                              "Node Type": "Seq Scan",
                              "Parent Relationship": "Outer",
                              "Parallel Aware": true,
                              "Async Capable": false,
                              "Relation Name": "customer_address",
                              "Alias": "customer_address",
                              "Startup Cost": 0.0,
                              "Total Cost": 6737.08,
                              "Plan Rows": 11392,
                              "Plan Width": 4,
                              "Filter": "(ca_gmt_offset = '-7'::numeric)",
                              "parent": 5,
                              "ID": 6
                            },
                            {
                              "Node Type": "Hash",
                              "Parent Relationship": "Inner",
                              "Parallel Aware": true,
                              "Async Capable": false,
                              "Startup Cost": 708254.92,
                              "Total Cost": 708254.92,
                              "Plan Rows": 2,
                              "Plan Width": 10,
                              "Plans": [
                                {
                                  "Node Type": "Hash Join",
                                  "Parent Relationship": "Outer",
                                  "Parallel Aware": true,
                                  "Async Capable": false,
                                  "Join Type": "Inner",
                                  "Startup Cost": 691555.33,
                                  "Total Cost": 708254.92,
                                  "Plan Rows": 2,
                                  "Plan Width": 10,
                                  "Inner Unique": false,
                                  "Hash Cond": "(customer.c_customer_sk = store_sales.ss_customer_sk)",
                                  "Plans": [
                                    {
                                      "Node Type": "Seq Scan",
                                      "Parent Relationship": "Outer",
                                      "Parallel Aware": true,
                                      "Async Capable": false,
                                      "Relation Name": "customer",
                                      "Alias": "customer",
                                      "Startup Cost": 0.0,
                                      "Total Cost": 15918.33,
                                      "Plan Rows": 208333,
                                      "Plan Width": 8,
                                      "parent": 8,
                                      "ID": 9
                                    },
                                    {
                                      "Node Type": "Hash",
                                      "Parent Relationship": "Inner",
                                      "Parallel Aware": true,
                                      "Async Capable": false,
                                      "Startup Cost": 691555.31,
                                      "Total Cost": 691555.31,
                                      "Plan Rows": 2,
                                      "Plan Width": 10,
                                      "Plans": [
                                        {
                                          "Node Type": "Hash Join",
                                          "Parent Relationship": "Outer",
                                          "Parallel Aware": false,
                                          "Async Capable": false,
                                          "Join Type": "Inner",
                                          "Startup Cost": 684044.55,
                                          "Total Cost": 691555.31,
                                          "Plan Rows": 2,
                                          "Plan Width": 10,
                                          "Inner Unique": false,
                                          "Hash Cond": "(store_sales.ss_promo_sk = promotion.p_promo_sk)",
                                          "Plans": [
                                            {
                                              "Node Type": "Hash Join",
                                              "Parent Relationship": "Outer",
                                              "Parallel Aware": true,
                                              "Async Capable": false,
                                              "Join Type": "Inner",
                                              "Startup Cost": 684019.66,
                                              "Total Cost": 691530.38,
                                              "Plan Rows": 4,
                                              "Plan Width": 14,
                                              "Inner Unique": false,
                                              "Hash Cond": "(item.i_item_sk = store_sales.ss_item_sk)",
                                              "Plans": [
                                                {
                                                  "Node Type": "Seq Scan",
                                                  "Parent Relationship": "Outer",
                                                  "Parallel Aware": true,
                                                  "Async Capable": false,
                                                  "Relation Name": "item",
                                                  "Alias": "item",
                                                  "Startup Cost": 0.0,
                                                  "Total Cost": 7495.25,
                                                  "Plan Rows": 4120,
                                                  "Plan Width": 4,
                                                  "Filter": "(i_category = 'Books'::bpchar)",
                                                  "parent": 12,
                                                  "ID": 13
                                                },
                                                {
                                                  "Node Type": "Hash",
                                                  "Parent Relationship": "Inner",
                                                  "Parallel Aware": true,
                                                  "Async Capable": false,
                                                  "Startup Cost": 684019.11,
                                                  "Total Cost": 684019.11,
                                                  "Plan Rows": 44,
                                                  "Plan Width": 18,
                                                  "Plans": [
                                                    {
                                                      "Node Type": "Hash Join",
                                                      "Parent Relationship": "Outer",
                                                      "Parallel Aware": false,
                                                      "Async Capable": false,
                                                      "Join Type": "Inner",
                                                      "Startup Cost": 2056.06,
                                                      "Total Cost": 684019.11,
                                                      "Plan Rows": 44,
                                                      "Plan Width": 18,
                                                      "Inner Unique": false,
                                                      "Hash Cond": "(store_sales.ss_store_sk = store.s_store_sk)",
                                                      "Plans": [
                                                        {
                                                          "Node Type": "Hash Join",
                                                          "Parent Relationship": "Outer",
                                                          "Parallel Aware": true,
                                                          "Async Capable": false,
                                                          "Join Type": "Inner",
                                                          "Startup Cost": 2049.78,
                                                          "Total Cost": 683994.75,
                                                          "Plan Rows": 4703,
                                                          "Plan Width": 22,
                                                          "Inner Unique": false,
                                                          "Hash Cond": "(store_sales.ss_sold_date_sk = date_dim.d_date_sk)",
                                                          "Plans": [
                                                            {
                                                              "Node Type": "Seq Scan",
                                                              "Parent Relationship": "Outer",
                                                              "Parallel Aware": true,
                                                              "Async Capable": false,
                                                              "Relation Name": "store_sales",
                                                              "Alias": "store_sales",
                                                              "Startup Cost": 0.0,
                                                              "Total Cost": 636914.37,
                                                              "Plan Rows": 12000637,
                                                              "Plan Width": 26,
                                                              "parent": 16,
                                                              "ID": 17
                                                            },
                                                            {
                                                              "Node Type": "Hash",
                                                              "Parent Relationship": "Inner",
                                                              "Parallel Aware": true,
                                                              "Async Capable": false,
                                                              "Startup Cost": 2049.55,
                                                              "Total Cost": 2049.55,
                                                              "Plan Rows": 18,
                                                              "Plan Width": 4,
                                                              "Plans": [
                                                                {
                                                                  "Node Type": "Seq Scan",
                                                                  "Parent Relationship": "Outer",
                                                                  "Parallel Aware": true,
                                                                  "Async Capable": false,
                                                                  "Relation Name": "date_dim",
                                                                  "Alias": "date_dim",
                                                                  "Startup Cost": 0.0,
                                                                  "Total Cost": 2049.55,
                                                                  "Plan Rows": 18,
                                                                  "Plan Width": 4,
                                                                  "Filter": "((d_year = 1999) AND (d_moy = 11))",
                                                                  "parent": 18,
                                                                  "ID": 19
                                                                }
                                                              ],
                                                              "parent": 16,
                                                              "ID": 18,
                                                              "left": 19
                                                            }
                                                          ],
                                                          "parent": 15,
                                                          "ID": 16,
                                                          "left": 17,
                                                          "right": 18
                                                        },
                                                        {
                                                          "Node Type": "Hash",
                                                          "Parent Relationship": "Inner",
                                                          "Parallel Aware": false,
                                                          "Async Capable": false,
                                                          "Startup Cost": 6.28,
                                                          "Total Cost": 6.28,
                                                          "Plan Rows": 1,
                                                          "Plan Width": 4,
                                                          "Plans": [
                                                            {
                                                              "Node Type": "Seq Scan",
                                                              "Parent Relationship": "Outer",
                                                              "Parallel Aware": false,
                                                              "Async Capable": false,
                                                              "Relation Name": "store",
                                                              "Alias": "store",
                                                              "Startup Cost": 0.0,
                                                              "Total Cost": 6.28,
                                                              "Plan Rows": 1,
                                                              "Plan Width": 4,
                                                              "Filter": "(s_gmt_offset = '-7'::numeric)",
                                                              "parent": 20,
                                                              "ID": 21
                                                            }
                                                          ],
                                                          "parent": 15,
                                                          "ID": 20,
                                                          "left": 21
                                                        }
                                                      ],
                                                      "parent": 14,
                                                      "ID": 15,
                                                      "left": 16,
                                                      "right": 20
                                                    }
                                                  ],
                                                  "parent": 12,
                                                  "ID": 14,
                                                  "left": 15
                                                }
                                              ],
                                              "parent": 11,
                                              "ID": 12,
                                              "left": 13,
                                              "right": 14
                                            },
                                            {
                                              "Node Type": "Hash",
                                              "Parent Relationship": "Inner",
                                              "Parallel Aware": false,
                                              "Async Capable": false,
                                              "Startup Cost": 21.75,
                                              "Total Cost": 21.75,
                                              "Plan Rows": 251,
                                              "Plan Width": 4,
                                              "Plans": [
                                                {
                                                  "Node Type": "Seq Scan",
                                                  "Parent Relationship": "Outer",
                                                  "Parallel Aware": false,
                                                  "Async Capable": false,
                                                  "Relation Name": "promotion",
                                                  "Alias": "promotion",
                                                  "Startup Cost": 0.0,
                                                  "Total Cost": 21.75,
                                                  "Plan Rows": 251,
                                                  "Plan Width": 4,
                                                  "Filter": "((p_channel_dmail = 'Y'::bpchar) OR (p_channel_email = 'Y'::bpchar) OR (p_channel_tv = 'Y'::bpchar))",
                                                  "parent": 22,
                                                  "ID": 23
                                                }
                                              ],
                                              "parent": 11,
                                              "ID": 22,
                                              "left": 23
                                            }
                                          ],
                                          "parent": 10,
                                          "ID": 11,
                                          "left": 12,
                                          "right": 22
                                        }
                                      ],
                                      "parent": 8,
                                      "ID": 10,
                                      "left": 11
                                    }
                                  ],
                                  "parent": 7,
                                  "ID": 8,
                                  "left": 9,
                                  "right": 10
                                }
                              ],
                              "parent": 5,
                              "ID": 7,
                              "left": 8
                            }
                          ],
                          "parent": 4,
                          "ID": 5,
                          "left": 6,
                          "right": 7
                        }
                      ],
                      "parent": 3,
                      "ID": 4,
                      "left": 5
                    }
                  ],
                  "parent": 2,
                  "ID": 3,
                  "left": 4
                },
                {
                  "Node Type": "Aggregate",
                  "Strategy": "Plain",
                  "Partial Mode": "Simple",
                  "Parent Relationship": "Inner",
                  "Parallel Aware": false,
                  "Async Capable": false,
                  "Startup Cost": 716010.0,
                  "Total Cost": 716010.01,
                  "Plan Rows": 1,
                  "Plan Width": 32,
                  "Plans": [
                    {
                      "Node Type": "Gather",
                      "Parent Relationship": "Outer",
                      "Parallel Aware": false,
                      "Async Capable": false,
                      "Startup Cost": 709230.09,
                      "Total Cost": 716010.0,
                      "Plan Rows": 1,
                      "Plan Width": 6,
                      "Workers Planned": 2,
                      "Single Copy": false,
                      "Plans": [
                        {
                          "Node Type": "Hash Join",
                          "Parent Relationship": "Outer",
                          "Parallel Aware": true,
                          "Async Capable": false,
                          "Join Type": "Inner",
                          "Startup Cost": 708230.09,
                          "Total Cost": 715009.9,
                          "Plan Rows": 1,
                          "Plan Width": 6,
                          "Inner Unique": false,
                          "Hash Cond": "(customer_address_1.ca_address_sk = customer_1.c_current_addr_sk)",
                          "Plans": [
                            {
                              "Node Type": "Seq Scan",
                              "Parent Relationship": "Outer",
                              "Parallel Aware": true,
                              "Async Capable": false,
                              "Relation Name": "customer_address",
                              "Alias": "customer_address_1",
                              "Startup Cost": 0.0,
                              "Total Cost": 6737.08,
                              "Plan Rows": 11392,
                              "Plan Width": 4,
                              "Filter": "(ca_gmt_offset = '-7'::numeric)",
                              "parent": 26,
                              "ID": 27
                            },
                            {
                              "Node Type": "Hash",
                              "Parent Relationship": "Inner",
                              "Parallel Aware": true,
                              "Async Capable": false,
                              "Startup Cost": 708230.04,
                              "Total Cost": 708230.04,
                              "Plan Rows": 4,
                              "Plan Width": 10,
                              "Plans": [
                                {
                                  "Node Type": "Hash Join",
                                  "Parent Relationship": "Outer",
                                  "Parallel Aware": true,
                                  "Async Capable": false,
                                  "Join Type": "Inner",
                                  "Startup Cost": 691530.43,
                                  "Total Cost": 708230.04,
                                  "Plan Rows": 4,
                                  "Plan Width": 10,
                                  "Inner Unique": false,
                                  "Hash Cond": "(customer_1.c_customer_sk = store_sales_1.ss_customer_sk)",
                                  "Plans": [
                                    {
                                      "Node Type": "Seq Scan",
                                      "Parent Relationship": "Outer",
                                      "Parallel Aware": true,
                                      "Async Capable": false,
                                      "Relation Name": "customer",
                                      "Alias": "customer_1",
                                      "Startup Cost": 0.0,
                                      "Total Cost": 15918.33,
                                      "Plan Rows": 208333,
                                      "Plan Width": 8,
                                      "parent": 29,
                                      "ID": 30
                                    },
                                    {
                                      "Node Type": "Hash",
                                      "Parent Relationship": "Inner",
                                      "Parallel Aware": true,
                                      "Async Capable": false,
                                      "Startup Cost": 691530.38,
                                      "Total Cost": 691530.38,
                                      "Plan Rows": 4,
                                      "Plan Width": 10,
                                      "Plans": [
                                        {
                                          "Node Type": "Hash Join",
                                          "Parent Relationship": "Outer",
                                          "Parallel Aware": true,
                                          "Async Capable": false,
                                          "Join Type": "Inner",
                                          "Startup Cost": 684019.66,
                                          "Total Cost": 691530.38,
                                          "Plan Rows": 4,
                                          "Plan Width": 10,
                                          "Inner Unique": false,
                                          "Hash Cond": "(item_1.i_item_sk = store_sales_1.ss_item_sk)",
                                          "Plans": [
                                            {
                                              "Node Type": "Seq Scan",
                                              "Parent Relationship": "Outer",
                                              "Parallel Aware": true,
                                              "Async Capable": false,
                                              "Relation Name": "item",
                                              "Alias": "item_1",
                                              "Startup Cost": 0.0,
                                              "Total Cost": 7495.25,
                                              "Plan Rows": 4120,
                                              "Plan Width": 4,
                                              "Filter": "(i_category = 'Books'::bpchar)",
                                              "parent": 32,
                                              "ID": 33
                                            },
                                            {
                                              "Node Type": "Hash",
                                              "Parent Relationship": "Inner",
                                              "Parallel Aware": true,
                                              "Async Capable": false,
                                              "Startup Cost": 684019.11,
                                              "Total Cost": 684019.11,
                                              "Plan Rows": 44,
                                              "Plan Width": 14,
                                              "Plans": [
                                                {
                                                  "Node Type": "Hash Join",
                                                  "Parent Relationship": "Outer",
                                                  "Parallel Aware": false,
                                                  "Async Capable": false,
                                                  "Join Type": "Inner",
                                                  "Startup Cost": 2056.06,
                                                  "Total Cost": 684019.11,
                                                  "Plan Rows": 44,
                                                  "Plan Width": 14,
                                                  "Inner Unique": false,
                                                  "Hash Cond": "(store_sales_1.ss_store_sk = store_1.s_store_sk)",
                                                  "Plans": [
                                                    {
                                                      "Node Type": "Hash Join",
                                                      "Parent Relationship": "Outer",
                                                      "Parallel Aware": true,
                                                      "Async Capable": false,
                                                      "Join Type": "Inner",
                                                      "Startup Cost": 2049.78,
                                                      "Total Cost": 683994.75,
                                                      "Plan Rows": 4703,
                                                      "Plan Width": 18,
                                                      "Inner Unique": false,
                                                      "Hash Cond": "(store_sales_1.ss_sold_date_sk = date_dim_1.d_date_sk)",
                                                      "Plans": [
                                                        {
                                                          "Node Type": "Seq Scan",
                                                          "Parent Relationship": "Outer",
                                                          "Parallel Aware": true,
                                                          "Async Capable": false,
                                                          "Relation Name": "store_sales",
                                                          "Alias": "store_sales_1",
                                                          "Startup Cost": 0.0,
                                                          "Total Cost": 636914.37,
                                                          "Plan Rows": 12000637,
                                                          "Plan Width": 22,
                                                          "parent": 36,
                                                          "ID": 37
                                                        },
                                                        {
                                                          "Node Type": "Hash",
                                                          "Parent Relationship": "Inner",
                                                          "Parallel Aware": true,
                                                          "Async Capable": false,
                                                          "Startup Cost": 2049.55,
                                                          "Total Cost": 2049.55,
                                                          "Plan Rows": 18,
                                                          "Plan Width": 4,
                                                          "Plans": [
                                                            {
                                                              "Node Type": "Seq Scan",
                                                              "Parent Relationship": "Outer",
                                                              "Parallel Aware": true,
                                                              "Async Capable": false,
                                                              "Relation Name": "date_dim",
                                                              "Alias": "date_dim_1",
                                                              "Startup Cost": 0.0,
                                                              "Total Cost": 2049.55,
                                                              "Plan Rows": 18,
                                                              "Plan Width": 4,
                                                              "Filter": "((d_year = 1999) AND (d_moy = 11))",
                                                              "parent": 38,
                                                              "ID": 39
                                                            }
                                                          ],
                                                          "parent": 36,
                                                          "ID": 38,
                                                          "left": 39
                                                        }
                                                      ],
                                                      "parent": 35,
                                                      "ID": 36,
                                                      "left": 37,
                                                      "right": 38
                                                    },
                                                    {
                                                      "Node Type": "Hash",
                                                      "Parent Relationship": "Inner",
                                                      "Parallel Aware": false,
                                                      "Async Capable": false,
                                                      "Startup Cost": 6.28,
                                                      "Total Cost": 6.28,
                                                      "Plan Rows": 1,
                                                      "Plan Width": 4,
                                                      "Plans": [
                                                        {
                                                          "Node Type": "Seq Scan",
                                                          "Parent Relationship": "Outer",
                                                          "Parallel Aware": false,
                                                          "Async Capable": false,
                                                          "Relation Name": "store",
                                                          "Alias": "store_1",
                                                          "Startup Cost": 0.0,
                                                          "Total Cost": 6.28,
                                                          "Plan Rows": 1,
                                                          "Plan Width": 4,
                                                          "Filter": "(s_gmt_offset = '-7'::numeric)",
                                                          "parent": 40,
                                                          "ID": 41
                                                        }
                                                      ],
                                                      "parent": 35,
                                                      "ID": 40,
                                                      "left": 41
                                                    }
                                                  ],
                                                  "parent": 34,
                                                  "ID": 35,
                                                  "left": 36,
                                                  "right": 40
                                                }
                                              ],
                                              "parent": 32,
                                              "ID": 34,
                                              "left": 35
                                            }
                                          ],
                                          "parent": 31,
                                          "ID": 32,
                                          "left": 33,
                                          "right": 34
                                        }
                                      ],
                                      "parent": 29,
                                      "ID": 31,
                                      "left": 32
                                    }
                                  ],
                                  "parent": 28,
                                  "ID": 29,
                                  "left": 30,
                                  "right": 31
                                }
                              ],
                              "parent": 26,
                              "ID": 28,
                              "left": 29
                            }
                          ],
                          "parent": 25,
                          "ID": 26,
                          "left": 27,
                          "right": 28
                        }
                      ],
                      "parent": 24,
                      "ID": 25,
                      "left": 26
                    }
                  ],
                  "parent": 2,
                  "ID": 24,
                  "left": 25
                }
              ],
              "parent": 1,
              "ID": 2,
              "left": 3,
              "right": 24
            }
          ],
          "parent": 0,
          "ID": 1,
          "left": 2
        }
      ],
      "parent": null,
      "ID": 0,
      "left": 1
    },
    "feat": {
      "utility": 8.729750035168102e-06,
      "query_shape": [
        [
          "Seq Scan",
          "Hash Join",
          "Gather",
          "Aggregate",
          "Nested Loop",
          "Sort"
        ],
        [
          "Seq Scan",
          "Hash Join",
          "Hash",
          "Gather",
          "Aggregate",
          "Nested Loop",
          "Sort"
        ],
        [
          "Seq Scan",
          "Hash Join",
          "Hash",
          "Gather",
          "Aggregate",
          "Nested Loop",
          "Sort"
        ],
        [
          "Seq Scan",
          "Hash Join",
          "Hash",
          "Gather",
          "Aggregate",
          "Nested Loop",
          "Sort"
        ],
        [
          "Seq Scan",
          "Hash",
          "Hash Join",
          "Gather",
          "Aggregate",
          "Nested Loop",
          "Sort"
        ],
        [
          "Seq Scan",
          "Hash",
          "Hash Join",
          "Gather",
          "Aggregate",
          "Nested Loop",
          "Sort"
        ],
        [
          "Seq Scan",
          "Hash",
          "Hash Join",
          "Gather",
          "Aggregate",
          "Nested Loop",
          "Sort"
        ],
        [
          "Seq Scan",
          "Hash Join",
          "Gather",
          "Aggregate",
          "Nested Loop",
          "Sort"
        ],
        [
          "Seq Scan",
          "Hash Join",
          "Hash",
          "Gather",
          "Aggregate",
          "Nested Loop",
          "Sort"
        ],
        [
          "Seq Scan",
          "Hash Join",
          "Hash",
          "Gather",
          "Aggregate",
          "Nested Loop",
          "Sort"
        ],
        [
          "Seq Scan",
          "Hash Join",
          "Hash",
          "Gather",
          "Aggregate",
          "Nested Loop",
          "Sort"
        ],
        [
          "Seq Scan",
          "Hash",
          "Hash Join",
          "Gather",
          "Aggregate",
          "Nested Loop",
          "Sort"
        ],
        [
          "Seq Scan",
          "Hash",
          "Hash Join",
          "Gather",
          "Aggregate",
          "Nested Loop",
          "Sort"
        ]
      ],
      "index_shape": [
        "join"
      ],
      "physical_operator": {
        "Hash Join": [
          0.004666046765541177,
          0.004666046765541177
        ]
      }
    }
  },
  {
    "query": "select  promotions,total,cast(promotions as decimal(15,4))/cast(total as decimal(15,4))*100\nfrom\n  (select sum(ss_ext_sales_price) promotions\n   from  store_sales\n        ,store\n        ,promotion\n        ,date_dim\n        ,customer\n        ,customer_address \n        ,item\n   where ss_sold_date_sk = d_date_sk\n   and   ss_store_sk = s_store_sk\n   and   ss_promo_sk = p_promo_sk\n   and   ss_customer_sk= c_customer_sk\n   and   ca_address_sk = c_current_addr_sk\n   and   ss_item_sk = i_item_sk \n   and   ca_gmt_offset = -7\n   and   i_category = 'Books'\n   and   (p_channel_dmail = 'Y' or p_channel_email = 'Y' or p_channel_tv = 'Y')\n   and   s_gmt_offset = -7\n   and   d_year = 1999\n   and   d_moy  = 11) promotional_sales,\n  (select sum(ss_ext_sales_price) total\n   from  store_sales\n        ,store\n        ,date_dim\n        ,customer\n        ,customer_address\n        ,item\n   where ss_sold_date_sk = d_date_sk\n   and   ss_store_sk = s_store_sk\n   and   ss_customer_sk= c_customer_sk\n   and   ca_address_sk = c_current_addr_sk\n   and   ss_item_sk = i_item_sk\n   and   ca_gmt_offset = -7\n   and   i_category = 'Books'\n   and   s_gmt_offset = -7\n   and   d_year = 1999\n   and   d_moy  = 11) all_sales\norder by promotions, total\nlimit 100;\n\n-- end query 45 in stream 3 using template query61.tpl\n",
    "indexes": "date_dim.d_date",
    "wo plan est": {
      "Node Type": "Limit",
      "Parallel Aware": false,
      "Async Capable": false,
      "Startup Cost": 1432044.94,
      "Total Cost": 1432044.95,
      "Plan Rows": 1,
      "Plan Width": 96,
      "Plans": [
        {
          "Node Type": "Sort",
          "Parent Relationship": "Outer",
          "Parallel Aware": false,
          "Async Capable": false,
          "Startup Cost": 1432044.94,
          "Total Cost": 1432044.95,
          "Plan Rows": 1,
          "Plan Width": 96,
          "Sort Key": [
            "(sum(store_sales.ss_ext_sales_price))",
            "(sum(store_sales_1.ss_ext_sales_price))"
          ],
          "Plans": [
            {
              "Node Type": "Nested Loop",
              "Parent Relationship": "Outer",
              "Parallel Aware": false,
              "Async Capable": false,
              "Join Type": "Inner",
              "Startup Cost": 1432044.87,
              "Total Cost": 1432044.93,
              "Plan Rows": 1,
              "Plan Width": 96,
              "Inner Unique": false,
              "Plans": [
                {
                  "Node Type": "Aggregate",
                  "Strategy": "Plain",
                  "Partial Mode": "Simple",
                  "Parent Relationship": "Outer",
                  "Parallel Aware": false,
                  "Async Capable": false,
                  "Startup Cost": 716034.87,
                  "Total Cost": 716034.88,
                  "Plan Rows": 1,
                  "Plan Width": 32,
                  "Plans": [
                    {
                      "Node Type": "Gather",
                      "Parent Relationship": "Outer",
                      "Parallel Aware": false,
                      "Async Capable": false,
                      "Startup Cost": 709254.95,
                      "Total Cost": 716034.86,
                      "Plan Rows": 1,
                      "Plan Width": 6,
                      "Workers Planned": 2,
                      "Single Copy": false,
                      "Plans": [
                        {
                          "Node Type": "Hash Join",
                          "Parent Relationship": "Outer",
                          "Parallel Aware": true,
                          "Async Capable": false,
                          "Join Type": "Inner",
                          "Startup Cost": 708254.95,
                          "Total Cost": 715034.76,
                          "Plan Rows": 1,
                          "Plan Width": 6,
                          "Inner Unique": false,
                          "Hash Cond": "(customer_address.ca_address_sk = customer.c_current_addr_sk)",
                          "Plans": [
                            {
                              "Node Type": "Seq Scan",
                              "Parent Relationship": "Outer",
                              "Parallel Aware": true,
                              "Async Capable": false,
                              "Relation Name": "customer_address",
                              "Alias": "customer_address",
                              "Startup Cost": 0.0,
                              "Total Cost": 6737.08,
                              "Plan Rows": 11392,
                              "Plan Width": 4,
                              "Filter": "(ca_gmt_offset = '-7'::numeric)",
                              "parent": 5,
                              "ID": 6
                            },
                            {
                              "Node Type": "Hash",
                              "Parent Relationship": "Inner",
                              "Parallel Aware": true,
                              "Async Capable": false,
                              "Startup Cost": 708254.92,
                              "Total Cost": 708254.92,
                              "Plan Rows": 2,
                              "Plan Width": 10,
                              "Plans": [
                                {
                                  "Node Type": "Hash Join",
                                  "Parent Relationship": "Outer",
                                  "Parallel Aware": true,
                                  "Async Capable": false,
                                  "Join Type": "Inner",
                                  "Startup Cost": 691555.33,
                                  "Total Cost": 708254.92,
                                  "Plan Rows": 2,
                                  "Plan Width": 10,
                                  "Inner Unique": false,
                                  "Hash Cond": "(customer.c_customer_sk = store_sales.ss_customer_sk)",
                                  "Plans": [
                                    {
                                      "Node Type": "Seq Scan",
                                      "Parent Relationship": "Outer",
                                      "Parallel Aware": true,
                                      "Async Capable": false,
                                      "Relation Name": "customer",
                                      "Alias": "customer",
                                      "Startup Cost": 0.0,
                                      "Total Cost": 15918.33,
                                      "Plan Rows": 208333,
                                      "Plan Width": 8,
                                      "parent": 8,
                                      "ID": 9
                                    },
                                    {
                                      "Node Type": "Hash",
                                      "Parent Relationship": "Inner",
                                      "Parallel Aware": true,
                                      "Async Capable": false,
                                      "Startup Cost": 691555.31,
                                      "Total Cost": 691555.31,
                                      "Plan Rows": 2,
                                      "Plan Width": 10,
                                      "Plans": [
                                        {
                                          "Node Type": "Hash Join",
                                          "Parent Relationship": "Outer",
                                          "Parallel Aware": false,
                                          "Async Capable": false,
                                          "Join Type": "Inner",
                                          "Startup Cost": 684044.55,
                                          "Total Cost": 691555.31,
                                          "Plan Rows": 2,
                                          "Plan Width": 10,
                                          "Inner Unique": false,
                                          "Hash Cond": "(store_sales.ss_promo_sk = promotion.p_promo_sk)",
                                          "Plans": [
                                            {
                                              "Node Type": "Hash Join",
                                              "Parent Relationship": "Outer",
                                              "Parallel Aware": true,
                                              "Async Capable": false,
                                              "Join Type": "Inner",
                                              "Startup Cost": 684019.66,
                                              "Total Cost": 691530.38,
                                              "Plan Rows": 4,
                                              "Plan Width": 14,
                                              "Inner Unique": false,
                                              "Hash Cond": "(item.i_item_sk = store_sales.ss_item_sk)",
                                              "Plans": [
                                                {
                                                  "Node Type": "Seq Scan",
                                                  "Parent Relationship": "Outer",
                                                  "Parallel Aware": true,
                                                  "Async Capable": false,
                                                  "Relation Name": "item",
                                                  "Alias": "item",
                                                  "Startup Cost": 0.0,
                                                  "Total Cost": 7495.25,
                                                  "Plan Rows": 4120,
                                                  "Plan Width": 4,
                                                  "Filter": "(i_category = 'Books'::bpchar)",
                                                  "parent": 12,
                                                  "ID": 13
                                                },
                                                {
                                                  "Node Type": "Hash",
                                                  "Parent Relationship": "Inner",
                                                  "Parallel Aware": true,
                                                  "Async Capable": false,
                                                  "Startup Cost": 684019.11,
                                                  "Total Cost": 684019.11,
                                                  "Plan Rows": 44,
                                                  "Plan Width": 18,
                                                  "Plans": [
                                                    {
                                                      "Node Type": "Hash Join",
                                                      "Parent Relationship": "Outer",
                                                      "Parallel Aware": false,
                                                      "Async Capable": false,
                                                      "Join Type": "Inner",
                                                      "Startup Cost": 2056.06,
                                                      "Total Cost": 684019.11,
                                                      "Plan Rows": 44,
                                                      "Plan Width": 18,
                                                      "Inner Unique": false,
                                                      "Hash Cond": "(store_sales.ss_store_sk = store.s_store_sk)",
                                                      "Plans": [
                                                        {
                                                          "Node Type": "Hash Join",
                                                          "Parent Relationship": "Outer",
                                                          "Parallel Aware": true,
                                                          "Async Capable": false,
                                                          "Join Type": "Inner",
                                                          "Startup Cost": 2049.78,
                                                          "Total Cost": 683994.75,
                                                          "Plan Rows": 4703,
                                                          "Plan Width": 22,
                                                          "Inner Unique": false,
                                                          "Hash Cond": "(store_sales.ss_sold_date_sk = date_dim.d_date_sk)",
                                                          "Plans": [
                                                            {
                                                              "Node Type": "Seq Scan",
                                                              "Parent Relationship": "Outer",
                                                              "Parallel Aware": true,
                                                              "Async Capable": false,
                                                              "Relation Name": "store_sales",
                                                              "Alias": "store_sales",
                                                              "Startup Cost": 0.0,
                                                              "Total Cost": 636914.37,
                                                              "Plan Rows": 12000637,
                                                              "Plan Width": 26,
                                                              "parent": 16,
                                                              "ID": 17
                                                            },
                                                            {
                                                              "Node Type": "Hash",
                                                              "Parent Relationship": "Inner",
                                                              "Parallel Aware": true,
                                                              "Async Capable": false,
                                                              "Startup Cost": 2049.55,
                                                              "Total Cost": 2049.55,
                                                              "Plan Rows": 18,
                                                              "Plan Width": 4,
                                                              "Plans": [
                                                                {
                                                                  "Node Type": "Seq Scan",
                                                                  "Parent Relationship": "Outer",
                                                                  "Parallel Aware": true,
                                                                  "Async Capable": false,
                                                                  "Relation Name": "date_dim",
                                                                  "Alias": "date_dim",
                                                                  "Startup Cost": 0.0,
                                                                  "Total Cost": 2049.55,
                                                                  "Plan Rows": 18,
                                                                  "Plan Width": 4,
                                                                  "Filter": "((d_year = 1999) AND (d_moy = 11))",
                                                                  "parent": 18,
                                                                  "ID": 19
                                                                }
                                                              ],
                                                              "parent": 16,
                                                              "ID": 18,
                                                              "left": 19
                                                            }
                                                          ],
                                                          "parent": 15,
                                                          "ID": 16,
                                                          "left": 17,
                                                          "right": 18
                                                        },
                                                        {
                                                          "Node Type": "Hash",
                                                          "Parent Relationship": "Inner",
                                                          "Parallel Aware": false,
                                                          "Async Capable": false,
                                                          "Startup Cost": 6.28,
                                                          "Total Cost": 6.28,
                                                          "Plan Rows": 1,
                                                          "Plan Width": 4,
                                                          "Plans": [
                                                            {
                                                              "Node Type": "Seq Scan",
                                                              "Parent Relationship": "Outer",
                                                              "Parallel Aware": false,
                                                              "Async Capable": false,
                                                              "Relation Name": "store",
                                                              "Alias": "store",
                                                              "Startup Cost": 0.0,
                                                              "Total Cost": 6.28,
                                                              "Plan Rows": 1,
                                                              "Plan Width": 4,
                                                              "Filter": "(s_gmt_offset = '-7'::numeric)",
                                                              "parent": 20,
                                                              "ID": 21
                                                            }
                                                          ],
                                                          "parent": 15,
                                                          "ID": 20,
                                                          "left": 21
                                                        }
                                                      ],
                                                      "parent": 14,
                                                      "ID": 15,
                                                      "left": 16,
                                                      "right": 20
                                                    }
                                                  ],
                                                  "parent": 12,
                                                  "ID": 14,
                                                  "left": 15
                                                }
                                              ],
                                              "parent": 11,
                                              "ID": 12,
                                              "left": 13,
                                              "right": 14
                                            },
                                            {
                                              "Node Type": "Hash",
                                              "Parent Relationship": "Inner",
                                              "Parallel Aware": false,
                                              "Async Capable": false,
                                              "Startup Cost": 21.75,
                                              "Total Cost": 21.75,
                                              "Plan Rows": 251,
                                              "Plan Width": 4,
                                              "Plans": [
                                                {
                                                  "Node Type": "Seq Scan",
                                                  "Parent Relationship": "Outer",
                                                  "Parallel Aware": false,
                                                  "Async Capable": false,
                                                  "Relation Name": "promotion",
                                                  "Alias": "promotion",
                                                  "Startup Cost": 0.0,
                                                  "Total Cost": 21.75,
                                                  "Plan Rows": 251,
                                                  "Plan Width": 4,
                                                  "Filter": "((p_channel_dmail = 'Y'::bpchar) OR (p_channel_email = 'Y'::bpchar) OR (p_channel_tv = 'Y'::bpchar))",
                                                  "parent": 22,
                                                  "ID": 23
                                                }
                                              ],
                                              "parent": 11,
                                              "ID": 22,
                                              "left": 23
                                            }
                                          ],
                                          "parent": 10,
                                          "ID": 11,
                                          "left": 12,
                                          "right": 22
                                        }
                                      ],
                                      "parent": 8,
                                      "ID": 10,
                                      "left": 11
                                    }
                                  ],
                                  "parent": 7,
                                  "ID": 8,
                                  "left": 9,
                                  "right": 10
                                }
                              ],
                              "parent": 5,
                              "ID": 7,
                              "left": 8
                            }
                          ],
                          "parent": 4,
                          "ID": 5,
                          "left": 6,
                          "right": 7
                        }
                      ],
                      "parent": 3,
                      "ID": 4,
                      "left": 5
                    }
                  ],
                  "parent": 2,
                  "ID": 3,
                  "left": 4
                },
                {
                  "Node Type": "Aggregate",
                  "Strategy": "Plain",
                  "Partial Mode": "Simple",
                  "Parent Relationship": "Inner",
                  "Parallel Aware": false,
                  "Async Capable": false,
                  "Startup Cost": 716010.0,
                  "Total Cost": 716010.01,
                  "Plan Rows": 1,
                  "Plan Width": 32,
                  "Plans": [
                    {
                      "Node Type": "Gather",
                      "Parent Relationship": "Outer",
                      "Parallel Aware": false,
                      "Async Capable": false,
                      "Startup Cost": 709230.09,
                      "Total Cost": 716010.0,
                      "Plan Rows": 1,
                      "Plan Width": 6,
                      "Workers Planned": 2,
                      "Single Copy": false,
                      "Plans": [
                        {
                          "Node Type": "Hash Join",
                          "Parent Relationship": "Outer",
                          "Parallel Aware": true,
                          "Async Capable": false,
                          "Join Type": "Inner",
                          "Startup Cost": 708230.09,
                          "Total Cost": 715009.9,
                          "Plan Rows": 1,
                          "Plan Width": 6,
                          "Inner Unique": false,
                          "Hash Cond": "(customer_address_1.ca_address_sk = customer_1.c_current_addr_sk)",
                          "Plans": [
                            {
                              "Node Type": "Seq Scan",
                              "Parent Relationship": "Outer",
                              "Parallel Aware": true,
                              "Async Capable": false,
                              "Relation Name": "customer_address",
                              "Alias": "customer_address_1",
                              "Startup Cost": 0.0,
                              "Total Cost": 6737.08,
                              "Plan Rows": 11392,
                              "Plan Width": 4,
                              "Filter": "(ca_gmt_offset = '-7'::numeric)",
                              "parent": 26,
                              "ID": 27
                            },
                            {
                              "Node Type": "Hash",
                              "Parent Relationship": "Inner",
                              "Parallel Aware": true,
                              "Async Capable": false,
                              "Startup Cost": 708230.04,
                              "Total Cost": 708230.04,
                              "Plan Rows": 4,
                              "Plan Width": 10,
                              "Plans": [
                                {
                                  "Node Type": "Hash Join",
                                  "Parent Relationship": "Outer",
                                  "Parallel Aware": true,
                                  "Async Capable": false,
                                  "Join Type": "Inner",
                                  "Startup Cost": 691530.43,
                                  "Total Cost": 708230.04,
                                  "Plan Rows": 4,
                                  "Plan Width": 10,
                                  "Inner Unique": false,
                                  "Hash Cond": "(customer_1.c_customer_sk = store_sales_1.ss_customer_sk)",
                                  "Plans": [
                                    {
                                      "Node Type": "Seq Scan",
                                      "Parent Relationship": "Outer",
                                      "Parallel Aware": true,
                                      "Async Capable": false,
                                      "Relation Name": "customer",
                                      "Alias": "customer_1",
                                      "Startup Cost": 0.0,
                                      "Total Cost": 15918.33,
                                      "Plan Rows": 208333,
                                      "Plan Width": 8,
                                      "parent": 29,
                                      "ID": 30
                                    },
                                    {
                                      "Node Type": "Hash",
                                      "Parent Relationship": "Inner",
                                      "Parallel Aware": true,
                                      "Async Capable": false,
                                      "Startup Cost": 691530.38,
                                      "Total Cost": 691530.38,
                                      "Plan Rows": 4,
                                      "Plan Width": 10,
                                      "Plans": [
                                        {
                                          "Node Type": "Hash Join",
                                          "Parent Relationship": "Outer",
                                          "Parallel Aware": true,
                                          "Async Capable": false,
                                          "Join Type": "Inner",
                                          "Startup Cost": 684019.66,
                                          "Total Cost": 691530.38,
                                          "Plan Rows": 4,
                                          "Plan Width": 10,
                                          "Inner Unique": false,
                                          "Hash Cond": "(item_1.i_item_sk = store_sales_1.ss_item_sk)",
                                          "Plans": [
                                            {
                                              "Node Type": "Seq Scan",
                                              "Parent Relationship": "Outer",
                                              "Parallel Aware": true,
                                              "Async Capable": false,
                                              "Relation Name": "item",
                                              "Alias": "item_1",
                                              "Startup Cost": 0.0,
                                              "Total Cost": 7495.25,
                                              "Plan Rows": 4120,
                                              "Plan Width": 4,
                                              "Filter": "(i_category = 'Books'::bpchar)",
                                              "parent": 32,
                                              "ID": 33
                                            },
                                            {
                                              "Node Type": "Hash",
                                              "Parent Relationship": "Inner",
                                              "Parallel Aware": true,
                                              "Async Capable": false,
                                              "Startup Cost": 684019.11,
                                              "Total Cost": 684019.11,
                                              "Plan Rows": 44,
                                              "Plan Width": 14,
                                              "Plans": [
                                                {
                                                  "Node Type": "Hash Join",
                                                  "Parent Relationship": "Outer",
                                                  "Parallel Aware": false,
                                                  "Async Capable": false,
                                                  "Join Type": "Inner",
                                                  "Startup Cost": 2056.06,
                                                  "Total Cost": 684019.11,
                                                  "Plan Rows": 44,
                                                  "Plan Width": 14,
                                                  "Inner Unique": false,
                                                  "Hash Cond": "(store_sales_1.ss_store_sk = store_1.s_store_sk)",
                                                  "Plans": [
                                                    {
                                                      "Node Type": "Hash Join",
                                                      "Parent Relationship": "Outer",
                                                      "Parallel Aware": true,
                                                      "Async Capable": false,
                                                      "Join Type": "Inner",
                                                      "Startup Cost": 2049.78,
                                                      "Total Cost": 683994.75,
                                                      "Plan Rows": 4703,
                                                      "Plan Width": 18,
                                                      "Inner Unique": false,
                                                      "Hash Cond": "(store_sales_1.ss_sold_date_sk = date_dim_1.d_date_sk)",
                                                      "Plans": [
                                                        {
                                                          "Node Type": "Seq Scan",
                                                          "Parent Relationship": "Outer",
                                                          "Parallel Aware": true,
                                                          "Async Capable": false,
                                                          "Relation Name": "store_sales",
                                                          "Alias": "store_sales_1",
                                                          "Startup Cost": 0.0,
                                                          "Total Cost": 636914.37,
                                                          "Plan Rows": 12000637,
                                                          "Plan Width": 22,
                                                          "parent": 36,
                                                          "ID": 37
                                                        },
                                                        {
                                                          "Node Type": "Hash",
                                                          "Parent Relationship": "Inner",
                                                          "Parallel Aware": true,
                                                          "Async Capable": false,
                                                          "Startup Cost": 2049.55,
                                                          "Total Cost": 2049.55,
                                                          "Plan Rows": 18,
                                                          "Plan Width": 4,
                                                          "Plans": [
                                                            {
                                                              "Node Type": "Seq Scan",
                                                              "Parent Relationship": "Outer",
                                                              "Parallel Aware": true,
                                                              "Async Capable": false,
                                                              "Relation Name": "date_dim",
                                                              "Alias": "date_dim_1",
                                                              "Startup Cost": 0.0,
                                                              "Total Cost": 2049.55,
                                                              "Plan Rows": 18,
                                                              "Plan Width": 4,
                                                              "Filter": "((d_year = 1999) AND (d_moy = 11))",
                                                              "parent": 38,
                                                              "ID": 39
                                                            }
                                                          ],
                                                          "parent": 36,
                                                          "ID": 38,
                                                          "left": 39
                                                        }
                                                      ],
                                                      "parent": 35,
                                                      "ID": 36,
                                                      "left": 37,
                                                      "right": 38
                                                    },
                                                    {
                                                      "Node Type": "Hash",
                                                      "Parent Relationship": "Inner",
                                                      "Parallel Aware": false,
                                                      "Async Capable": false,
                                                      "Startup Cost": 6.28,
                                                      "Total Cost": 6.28,
                                                      "Plan Rows": 1,
                                                      "Plan Width": 4,
                                                      "Plans": [
                                                        {
                                                          "Node Type": "Seq Scan",
                                                          "Parent Relationship": "Outer",
                                                          "Parallel Aware": false,
                                                          "Async Capable": false,
                                                          "Relation Name": "store",
                                                          "Alias": "store_1",
                                                          "Startup Cost": 0.0,
                                                          "Total Cost": 6.28,
                                                          "Plan Rows": 1,
                                                          "Plan Width": 4,
                                                          "Filter": "(s_gmt_offset = '-7'::numeric)",
                                                          "parent": 40,
                                                          "ID": 41
                                                        }
                                                      ],
                                                      "parent": 35,
                                                      "ID": 40,
                                                      "left": 41
                                                    }
                                                  ],
                                                  "parent": 34,
                                                  "ID": 35,
                                                  "left": 36,
                                                  "right": 40
                                                }
                                              ],
                                              "parent": 32,
                                              "ID": 34,
                                              "left": 35
                                            }
                                          ],
                                          "parent": 31,
                                          "ID": 32,
                                          "left": 33,
                                          "right": 34
                                        }
                                      ],
                                      "parent": 29,
                                      "ID": 31,
                                      "left": 32
                                    }
                                  ],
                                  "parent": 28,
                                  "ID": 29,
                                  "left": 30,
                                  "right": 31
                                }
                              ],
                              "parent": 26,
                              "ID": 28,
                              "left": 29
                            }
                          ],
                          "parent": 25,
                          "ID": 26,
                          "left": 27,
                          "right": 28
                        }
                      ],
                      "parent": 24,
                      "ID": 25,
                      "left": 26
                    }
                  ],
                  "parent": 2,
                  "ID": 24,
                  "left": 25
                }
              ],
              "parent": 1,
              "ID": 2,
              "left": 3,
              "right": 24
            }
          ],
          "parent": 0,
          "ID": 1,
          "left": 2
        }
      ],
      "parent": null,
      "ID": 0,
      "left": 1
    },
    "feat": {
      "utility": 8.729750035168102e-06,
      "query_shape": [
        [
          "Seq Scan",
          "Hash Join",
          "Gather",
          "Aggregate",
          "Nested Loop",
          "Sort"
        ],
        [
          "Seq Scan",
          "Hash Join",
          "Hash",
          "Gather",
          "Aggregate",
          "Nested Loop",
          "Sort"
        ],
        [
          "Seq Scan",
          "Hash Join",
          "Hash",
          "Gather",
          "Aggregate",
          "Nested Loop",
          "Sort"
        ],
        [
          "Seq Scan",
          "Hash Join",
          "Hash",
          "Gather",
          "Aggregate",
          "Nested Loop",
          "Sort"
        ],
        [
          "Seq Scan",
          "Hash",
          "Hash Join",
          "Gather",
          "Aggregate",
          "Nested Loop",
          "Sort"
        ],
        [
          "Seq Scan",
          "Hash",
          "Hash Join",
          "Gather",
          "Aggregate",
          "Nested Loop",
          "Sort"
        ],
        [
          "Seq Scan",
          "Hash",
          "Hash Join",
          "Gather",
          "Aggregate",
          "Nested Loop",
          "Sort"
        ],
        [
          "Seq Scan",
          "Hash Join",
          "Gather",
          "Aggregate",
          "Nested Loop",
          "Sort"
        ],
        [
          "Seq Scan",
          "Hash Join",
          "Hash",
          "Gather",
          "Aggregate",
          "Nested Loop",
          "Sort"
        ],
        [
          "Seq Scan",
          "Hash Join",
          "Hash",
          "Gather",
          "Aggregate",
          "Nested Loop",
          "Sort"
        ],
        [
          "Seq Scan",
          "Hash Join",
          "Hash",
          "Gather",
          "Aggregate",
          "Nested Loop",
          "Sort"
        ],
        [
          "Seq Scan",
          "Hash",
          "Hash Join",
          "Gather",
          "Aggregate",
          "Nested Loop",
          "Sort"
        ],
        [
          "Seq Scan",
          "Hash",
          "Hash Join",
          "Gather",
          "Aggregate",
          "Nested Loop",
          "Sort"
        ]
      ],
      "index_shape": [
        "join"
      ],
      "physical_operator": {
        "Hash Join": [
          0.004666046765541177,
          0.004666046765541177
        ]
      }
    }
  },
  {
    "query": "select  promotions,total,cast(promotions as decimal(15,4))/cast(total as decimal(15,4))*100\nfrom\n  (select sum(ss_ext_sales_price) promotions\n   from  store_sales\n        ,store\n        ,promotion\n        ,date_dim\n        ,customer\n        ,customer_address \n        ,item\n   where ss_sold_date_sk = d_date_sk\n   and   ss_store_sk = s_store_sk\n   and   ss_promo_sk = p_promo_sk\n   and   ss_customer_sk= c_customer_sk\n   and   ca_address_sk = c_current_addr_sk\n   and   ss_item_sk = i_item_sk \n   and   ca_gmt_offset = -7\n   and   i_category = 'Books'\n   and   (p_channel_dmail = 'Y' or p_channel_email = 'Y' or p_channel_tv = 'Y')\n   and   s_gmt_offset = -7\n   and   d_year = 1999\n   and   d_moy  = 11) promotional_sales,\n  (select sum(ss_ext_sales_price) total\n   from  store_sales\n        ,store\n        ,date_dim\n        ,customer\n        ,customer_address\n        ,item\n   where ss_sold_date_sk = d_date_sk\n   and   ss_store_sk = s_store_sk\n   and   ss_customer_sk= c_customer_sk\n   and   ca_address_sk = c_current_addr_sk\n   and   ss_item_sk = i_item_sk\n   and   ca_gmt_offset = -7\n   and   i_category = 'Books'\n   and   s_gmt_offset = -7\n   and   d_year = 1999\n   and   d_moy  = 11) all_sales\norder by promotions, total\nlimit 100;\n\n-- end query 45 in stream 3 using template query61.tpl\n",
    "indexes": "item.i_item_sk",
    "wo plan est": {
      "Node Type": "Limit",
      "Parallel Aware": false,
      "Async Capable": false,
      "Startup Cost": 1432044.94,
      "Total Cost": 1432044.95,
      "Plan Rows": 1,
      "Plan Width": 96,
      "Plans": [
        {
          "Node Type": "Sort",
          "Parent Relationship": "Outer",
          "Parallel Aware": false,
          "Async Capable": false,
          "Startup Cost": 1432044.94,
          "Total Cost": 1432044.95,
          "Plan Rows": 1,
          "Plan Width": 96,
          "Sort Key": [
            "(sum(store_sales.ss_ext_sales_price))",
            "(sum(store_sales_1.ss_ext_sales_price))"
          ],
          "Plans": [
            {
              "Node Type": "Nested Loop",
              "Parent Relationship": "Outer",
              "Parallel Aware": false,
              "Async Capable": false,
              "Join Type": "Inner",
              "Startup Cost": 1432044.87,
              "Total Cost": 1432044.93,
              "Plan Rows": 1,
              "Plan Width": 96,
              "Inner Unique": false,
              "Plans": [
                {
                  "Node Type": "Aggregate",
                  "Strategy": "Plain",
                  "Partial Mode": "Simple",
                  "Parent Relationship": "Outer",
                  "Parallel Aware": false,
                  "Async Capable": false,
                  "Startup Cost": 716034.87,
                  "Total Cost": 716034.88,
                  "Plan Rows": 1,
                  "Plan Width": 32,
                  "Plans": [
                    {
                      "Node Type": "Gather",
                      "Parent Relationship": "Outer",
                      "Parallel Aware": false,
                      "Async Capable": false,
                      "Startup Cost": 709254.95,
                      "Total Cost": 716034.86,
                      "Plan Rows": 1,
                      "Plan Width": 6,
                      "Workers Planned": 2,
                      "Single Copy": false,
                      "Plans": [
                        {
                          "Node Type": "Hash Join",
                          "Parent Relationship": "Outer",
                          "Parallel Aware": true,
                          "Async Capable": false,
                          "Join Type": "Inner",
                          "Startup Cost": 708254.95,
                          "Total Cost": 715034.76,
                          "Plan Rows": 1,
                          "Plan Width": 6,
                          "Inner Unique": false,
                          "Hash Cond": "(customer_address.ca_address_sk = customer.c_current_addr_sk)",
                          "Plans": [
                            {
                              "Node Type": "Seq Scan",
                              "Parent Relationship": "Outer",
                              "Parallel Aware": true,
                              "Async Capable": false,
                              "Relation Name": "customer_address",
                              "Alias": "customer_address",
                              "Startup Cost": 0.0,
                              "Total Cost": 6737.08,
                              "Plan Rows": 11392,
                              "Plan Width": 4,
                              "Filter": "(ca_gmt_offset = '-7'::numeric)",
                              "parent": 5,
                              "ID": 6
                            },
                            {
                              "Node Type": "Hash",
                              "Parent Relationship": "Inner",
                              "Parallel Aware": true,
                              "Async Capable": false,
                              "Startup Cost": 708254.92,
                              "Total Cost": 708254.92,
                              "Plan Rows": 2,
                              "Plan Width": 10,
                              "Plans": [
                                {
                                  "Node Type": "Hash Join",
                                  "Parent Relationship": "Outer",
                                  "Parallel Aware": true,
                                  "Async Capable": false,
                                  "Join Type": "Inner",
                                  "Startup Cost": 691555.33,
                                  "Total Cost": 708254.92,
                                  "Plan Rows": 2,
                                  "Plan Width": 10,
                                  "Inner Unique": false,
                                  "Hash Cond": "(customer.c_customer_sk = store_sales.ss_customer_sk)",
                                  "Plans": [
                                    {
                                      "Node Type": "Seq Scan",
                                      "Parent Relationship": "Outer",
                                      "Parallel Aware": true,
                                      "Async Capable": false,
                                      "Relation Name": "customer",
                                      "Alias": "customer",
                                      "Startup Cost": 0.0,
                                      "Total Cost": 15918.33,
                                      "Plan Rows": 208333,
                                      "Plan Width": 8,
                                      "parent": 8,
                                      "ID": 9
                                    },
                                    {
                                      "Node Type": "Hash",
                                      "Parent Relationship": "Inner",
                                      "Parallel Aware": true,
                                      "Async Capable": false,
                                      "Startup Cost": 691555.31,
                                      "Total Cost": 691555.31,
                                      "Plan Rows": 2,
                                      "Plan Width": 10,
                                      "Plans": [
                                        {
                                          "Node Type": "Hash Join",
                                          "Parent Relationship": "Outer",
                                          "Parallel Aware": false,
                                          "Async Capable": false,
                                          "Join Type": "Inner",
                                          "Startup Cost": 684044.55,
                                          "Total Cost": 691555.31,
                                          "Plan Rows": 2,
                                          "Plan Width": 10,
                                          "Inner Unique": false,
                                          "Hash Cond": "(store_sales.ss_promo_sk = promotion.p_promo_sk)",
                                          "Plans": [
                                            {
                                              "Node Type": "Hash Join",
                                              "Parent Relationship": "Outer",
                                              "Parallel Aware": true,
                                              "Async Capable": false,
                                              "Join Type": "Inner",
                                              "Startup Cost": 684019.66,
                                              "Total Cost": 691530.38,
                                              "Plan Rows": 4,
                                              "Plan Width": 14,
                                              "Inner Unique": false,
                                              "Hash Cond": "(item.i_item_sk = store_sales.ss_item_sk)",
                                              "Plans": [
                                                {
                                                  "Node Type": "Seq Scan",
                                                  "Parent Relationship": "Outer",
                                                  "Parallel Aware": true,
                                                  "Async Capable": false,
                                                  "Relation Name": "item",
                                                  "Alias": "item",
                                                  "Startup Cost": 0.0,
                                                  "Total Cost": 7495.25,
                                                  "Plan Rows": 4120,
                                                  "Plan Width": 4,
                                                  "Filter": "(i_category = 'Books'::bpchar)",
                                                  "parent": 12,
                                                  "ID": 13
                                                },
                                                {
                                                  "Node Type": "Hash",
                                                  "Parent Relationship": "Inner",
                                                  "Parallel Aware": true,
                                                  "Async Capable": false,
                                                  "Startup Cost": 684019.11,
                                                  "Total Cost": 684019.11,
                                                  "Plan Rows": 44,
                                                  "Plan Width": 18,
                                                  "Plans": [
                                                    {
                                                      "Node Type": "Hash Join",
                                                      "Parent Relationship": "Outer",
                                                      "Parallel Aware": false,
                                                      "Async Capable": false,
                                                      "Join Type": "Inner",
                                                      "Startup Cost": 2056.06,
                                                      "Total Cost": 684019.11,
                                                      "Plan Rows": 44,
                                                      "Plan Width": 18,
                                                      "Inner Unique": false,
                                                      "Hash Cond": "(store_sales.ss_store_sk = store.s_store_sk)",
                                                      "Plans": [
                                                        {
                                                          "Node Type": "Hash Join",
                                                          "Parent Relationship": "Outer",
                                                          "Parallel Aware": true,
                                                          "Async Capable": false,
                                                          "Join Type": "Inner",
                                                          "Startup Cost": 2049.78,
                                                          "Total Cost": 683994.75,
                                                          "Plan Rows": 4703,
                                                          "Plan Width": 22,
                                                          "Inner Unique": false,
                                                          "Hash Cond": "(store_sales.ss_sold_date_sk = date_dim.d_date_sk)",
                                                          "Plans": [
                                                            {
                                                              "Node Type": "Seq Scan",
                                                              "Parent Relationship": "Outer",
                                                              "Parallel Aware": true,
                                                              "Async Capable": false,
                                                              "Relation Name": "store_sales",
                                                              "Alias": "store_sales",
                                                              "Startup Cost": 0.0,
                                                              "Total Cost": 636914.37,
                                                              "Plan Rows": 12000637,
                                                              "Plan Width": 26,
                                                              "parent": 16,
                                                              "ID": 17
                                                            },
                                                            {
                                                              "Node Type": "Hash",
                                                              "Parent Relationship": "Inner",
                                                              "Parallel Aware": true,
                                                              "Async Capable": false,
                                                              "Startup Cost": 2049.55,
                                                              "Total Cost": 2049.55,
                                                              "Plan Rows": 18,
                                                              "Plan Width": 4,
                                                              "Plans": [
                                                                {
                                                                  "Node Type": "Seq Scan",
                                                                  "Parent Relationship": "Outer",
                                                                  "Parallel Aware": true,
                                                                  "Async Capable": false,
                                                                  "Relation Name": "date_dim",
                                                                  "Alias": "date_dim",
                                                                  "Startup Cost": 0.0,
                                                                  "Total Cost": 2049.55,
                                                                  "Plan Rows": 18,
                                                                  "Plan Width": 4,
                                                                  "Filter": "((d_year = 1999) AND (d_moy = 11))",
                                                                  "parent": 18,
                                                                  "ID": 19
                                                                }
                                                              ],
                                                              "parent": 16,
                                                              "ID": 18,
                                                              "left": 19
                                                            }
                                                          ],
                                                          "parent": 15,
                                                          "ID": 16,
                                                          "left": 17,
                                                          "right": 18
                                                        },
                                                        {
                                                          "Node Type": "Hash",
                                                          "Parent Relationship": "Inner",
                                                          "Parallel Aware": false,
                                                          "Async Capable": false,
                                                          "Startup Cost": 6.28,
                                                          "Total Cost": 6.28,
                                                          "Plan Rows": 1,
                                                          "Plan Width": 4,
                                                          "Plans": [
                                                            {
                                                              "Node Type": "Seq Scan",
                                                              "Parent Relationship": "Outer",
                                                              "Parallel Aware": false,
                                                              "Async Capable": false,
                                                              "Relation Name": "store",
                                                              "Alias": "store",
                                                              "Startup Cost": 0.0,
                                                              "Total Cost": 6.28,
                                                              "Plan Rows": 1,
                                                              "Plan Width": 4,
                                                              "Filter": "(s_gmt_offset = '-7'::numeric)",
                                                              "parent": 20,
                                                              "ID": 21
                                                            }
                                                          ],
                                                          "parent": 15,
                                                          "ID": 20,
                                                          "left": 21
                                                        }
                                                      ],
                                                      "parent": 14,
                                                      "ID": 15,
                                                      "left": 16,
                                                      "right": 20
                                                    }
                                                  ],
                                                  "parent": 12,
                                                  "ID": 14,
                                                  "left": 15
                                                }
                                              ],
                                              "parent": 11,
                                              "ID": 12,
                                              "left": 13,
                                              "right": 14
                                            },
                                            {
                                              "Node Type": "Hash",
                                              "Parent Relationship": "Inner",
                                              "Parallel Aware": false,
                                              "Async Capable": false,
                                              "Startup Cost": 21.75,
                                              "Total Cost": 21.75,
                                              "Plan Rows": 251,
                                              "Plan Width": 4,
                                              "Plans": [
                                                {
                                                  "Node Type": "Seq Scan",
                                                  "Parent Relationship": "Outer",
                                                  "Parallel Aware": false,
                                                  "Async Capable": false,
                                                  "Relation Name": "promotion",
                                                  "Alias": "promotion",
                                                  "Startup Cost": 0.0,
                                                  "Total Cost": 21.75,
                                                  "Plan Rows": 251,
                                                  "Plan Width": 4,
                                                  "Filter": "((p_channel_dmail = 'Y'::bpchar) OR (p_channel_email = 'Y'::bpchar) OR (p_channel_tv = 'Y'::bpchar))",
                                                  "parent": 22,
                                                  "ID": 23
                                                }
                                              ],
                                              "parent": 11,
                                              "ID": 22,
                                              "left": 23
                                            }
                                          ],
                                          "parent": 10,
                                          "ID": 11,
                                          "left": 12,
                                          "right": 22
                                        }
                                      ],
                                      "parent": 8,
                                      "ID": 10,
                                      "left": 11
                                    }
                                  ],
                                  "parent": 7,
                                  "ID": 8,
                                  "left": 9,
                                  "right": 10
                                }
                              ],
                              "parent": 5,
                              "ID": 7,
                              "left": 8
                            }
                          ],
                          "parent": 4,
                          "ID": 5,
                          "left": 6,
                          "right": 7
                        }
                      ],
                      "parent": 3,
                      "ID": 4,
                      "left": 5
                    }
                  ],
                  "parent": 2,
                  "ID": 3,
                  "left": 4
                },
                {
                  "Node Type": "Aggregate",
                  "Strategy": "Plain",
                  "Partial Mode": "Simple",
                  "Parent Relationship": "Inner",
                  "Parallel Aware": false,
                  "Async Capable": false,
                  "Startup Cost": 716010.0,
                  "Total Cost": 716010.01,
                  "Plan Rows": 1,
                  "Plan Width": 32,
                  "Plans": [
                    {
                      "Node Type": "Gather",
                      "Parent Relationship": "Outer",
                      "Parallel Aware": false,
                      "Async Capable": false,
                      "Startup Cost": 709230.09,
                      "Total Cost": 716010.0,
                      "Plan Rows": 1,
                      "Plan Width": 6,
                      "Workers Planned": 2,
                      "Single Copy": false,
                      "Plans": [
                        {
                          "Node Type": "Hash Join",
                          "Parent Relationship": "Outer",
                          "Parallel Aware": true,
                          "Async Capable": false,
                          "Join Type": "Inner",
                          "Startup Cost": 708230.09,
                          "Total Cost": 715009.9,
                          "Plan Rows": 1,
                          "Plan Width": 6,
                          "Inner Unique": false,
                          "Hash Cond": "(customer_address_1.ca_address_sk = customer_1.c_current_addr_sk)",
                          "Plans": [
                            {
                              "Node Type": "Seq Scan",
                              "Parent Relationship": "Outer",
                              "Parallel Aware": true,
                              "Async Capable": false,
                              "Relation Name": "customer_address",
                              "Alias": "customer_address_1",
                              "Startup Cost": 0.0,
                              "Total Cost": 6737.08,
                              "Plan Rows": 11392,
                              "Plan Width": 4,
                              "Filter": "(ca_gmt_offset = '-7'::numeric)",
                              "parent": 26,
                              "ID": 27
                            },
                            {
                              "Node Type": "Hash",
                              "Parent Relationship": "Inner",
                              "Parallel Aware": true,
                              "Async Capable": false,
                              "Startup Cost": 708230.04,
                              "Total Cost": 708230.04,
                              "Plan Rows": 4,
                              "Plan Width": 10,
                              "Plans": [
                                {
                                  "Node Type": "Hash Join",
                                  "Parent Relationship": "Outer",
                                  "Parallel Aware": true,
                                  "Async Capable": false,
                                  "Join Type": "Inner",
                                  "Startup Cost": 691530.43,
                                  "Total Cost": 708230.04,
                                  "Plan Rows": 4,
                                  "Plan Width": 10,
                                  "Inner Unique": false,
                                  "Hash Cond": "(customer_1.c_customer_sk = store_sales_1.ss_customer_sk)",
                                  "Plans": [
                                    {
                                      "Node Type": "Seq Scan",
                                      "Parent Relationship": "Outer",
                                      "Parallel Aware": true,
                                      "Async Capable": false,
                                      "Relation Name": "customer",
                                      "Alias": "customer_1",
                                      "Startup Cost": 0.0,
                                      "Total Cost": 15918.33,
                                      "Plan Rows": 208333,
                                      "Plan Width": 8,
                                      "parent": 29,
                                      "ID": 30
                                    },
                                    {
                                      "Node Type": "Hash",
                                      "Parent Relationship": "Inner",
                                      "Parallel Aware": true,
                                      "Async Capable": false,
                                      "Startup Cost": 691530.38,
                                      "Total Cost": 691530.38,
                                      "Plan Rows": 4,
                                      "Plan Width": 10,
                                      "Plans": [
                                        {
                                          "Node Type": "Hash Join",
                                          "Parent Relationship": "Outer",
                                          "Parallel Aware": true,
                                          "Async Capable": false,
                                          "Join Type": "Inner",
                                          "Startup Cost": 684019.66,
                                          "Total Cost": 691530.38,
                                          "Plan Rows": 4,
                                          "Plan Width": 10,
                                          "Inner Unique": false,
                                          "Hash Cond": "(item_1.i_item_sk = store_sales_1.ss_item_sk)",
                                          "Plans": [
                                            {
                                              "Node Type": "Seq Scan",
                                              "Parent Relationship": "Outer",
                                              "Parallel Aware": true,
                                              "Async Capable": false,
                                              "Relation Name": "item",
                                              "Alias": "item_1",
                                              "Startup Cost": 0.0,
                                              "Total Cost": 7495.25,
                                              "Plan Rows": 4120,
                                              "Plan Width": 4,
                                              "Filter": "(i_category = 'Books'::bpchar)",
                                              "parent": 32,
                                              "ID": 33
                                            },
                                            {
                                              "Node Type": "Hash",
                                              "Parent Relationship": "Inner",
                                              "Parallel Aware": true,
                                              "Async Capable": false,
                                              "Startup Cost": 684019.11,
                                              "Total Cost": 684019.11,
                                              "Plan Rows": 44,
                                              "Plan Width": 14,
                                              "Plans": [
                                                {
                                                  "Node Type": "Hash Join",
                                                  "Parent Relationship": "Outer",
                                                  "Parallel Aware": false,
                                                  "Async Capable": false,
                                                  "Join Type": "Inner",
                                                  "Startup Cost": 2056.06,
                                                  "Total Cost": 684019.11,
                                                  "Plan Rows": 44,
                                                  "Plan Width": 14,
                                                  "Inner Unique": false,
                                                  "Hash Cond": "(store_sales_1.ss_store_sk = store_1.s_store_sk)",
                                                  "Plans": [
                                                    {
                                                      "Node Type": "Hash Join",
                                                      "Parent Relationship": "Outer",
                                                      "Parallel Aware": true,
                                                      "Async Capable": false,
                                                      "Join Type": "Inner",
                                                      "Startup Cost": 2049.78,
                                                      "Total Cost": 683994.75,
                                                      "Plan Rows": 4703,
                                                      "Plan Width": 18,
                                                      "Inner Unique": false,
                                                      "Hash Cond": "(store_sales_1.ss_sold_date_sk = date_dim_1.d_date_sk)",
                                                      "Plans": [
                                                        {
                                                          "Node Type": "Seq Scan",
                                                          "Parent Relationship": "Outer",
                                                          "Parallel Aware": true,
                                                          "Async Capable": false,
                                                          "Relation Name": "store_sales",
                                                          "Alias": "store_sales_1",
                                                          "Startup Cost": 0.0,
                                                          "Total Cost": 636914.37,
                                                          "Plan Rows": 12000637,
                                                          "Plan Width": 22,
                                                          "parent": 36,
                                                          "ID": 37
                                                        },
                                                        {
                                                          "Node Type": "Hash",
                                                          "Parent Relationship": "Inner",
                                                          "Parallel Aware": true,
                                                          "Async Capable": false,
                                                          "Startup Cost": 2049.55,
                                                          "Total Cost": 2049.55,
                                                          "Plan Rows": 18,
                                                          "Plan Width": 4,
                                                          "Plans": [
                                                            {
                                                              "Node Type": "Seq Scan",
                                                              "Parent Relationship": "Outer",
                                                              "Parallel Aware": true,
                                                              "Async Capable": false,
                                                              "Relation Name": "date_dim",
                                                              "Alias": "date_dim_1",
                                                              "Startup Cost": 0.0,
                                                              "Total Cost": 2049.55,
                                                              "Plan Rows": 18,
                                                              "Plan Width": 4,
                                                              "Filter": "((d_year = 1999) AND (d_moy = 11))",
                                                              "parent": 38,
                                                              "ID": 39
                                                            }
                                                          ],
                                                          "parent": 36,
                                                          "ID": 38,
                                                          "left": 39
                                                        }
                                                      ],
                                                      "parent": 35,
                                                      "ID": 36,
                                                      "left": 37,
                                                      "right": 38
                                                    },
                                                    {
                                                      "Node Type": "Hash",
                                                      "Parent Relationship": "Inner",
                                                      "Parallel Aware": false,
                                                      "Async Capable": false,
                                                      "Startup Cost": 6.28,
                                                      "Total Cost": 6.28,
                                                      "Plan Rows": 1,
                                                      "Plan Width": 4,
                                                      "Plans": [
                                                        {
                                                          "Node Type": "Seq Scan",
                                                          "Parent Relationship": "Outer",
                                                          "Parallel Aware": false,
                                                          "Async Capable": false,
                                                          "Relation Name": "store",
                                                          "Alias": "store_1",
                                                          "Startup Cost": 0.0,
                                                          "Total Cost": 6.28,
                                                          "Plan Rows": 1,
                                                          "Plan Width": 4,
                                                          "Filter": "(s_gmt_offset = '-7'::numeric)",
                                                          "parent": 40,
                                                          "ID": 41
                                                        }
                                                      ],
                                                      "parent": 35,
                                                      "ID": 40,
                                                      "left": 41
                                                    }
                                                  ],
                                                  "parent": 34,
                                                  "ID": 35,
                                                  "left": 36,
                                                  "right": 40
                                                }
                                              ],
                                              "parent": 32,
                                              "ID": 34,
                                              "left": 35
                                            }
                                          ],
                                          "parent": 31,
                                          "ID": 32,
                                          "left": 33,
                                          "right": 34
                                        }
                                      ],
                                      "parent": 29,
                                      "ID": 31,
                                      "left": 32
                                    }
                                  ],
                                  "parent": 28,
                                  "ID": 29,
                                  "left": 30,
                                  "right": 31
                                }
                              ],
                              "parent": 26,
                              "ID": 28,
                              "left": 29
                            }
                          ],
                          "parent": 25,
                          "ID": 26,
                          "left": 27,
                          "right": 28
                        }
                      ],
                      "parent": 24,
                      "ID": 25,
                      "left": 26
                    }
                  ],
                  "parent": 2,
                  "ID": 24,
                  "left": 25
                }
              ],
              "parent": 1,
              "ID": 2,
              "left": 3,
              "right": 24
            }
          ],
          "parent": 0,
          "ID": 1,
          "left": 2
        }
      ],
      "parent": null,
      "ID": 0,
      "left": 1
    },
    "feat": {
      "utility": 8.72947528275382e-06,
      "query_shape": [
        [
          "Seq Scan",
          "Hash Join",
          "Gather",
          "Aggregate",
          "Nested Loop",
          "Sort"
        ],
        [
          "Seq Scan",
          "Hash Join",
          "Hash",
          "Gather",
          "Aggregate",
          "Nested Loop",
          "Sort"
        ],
        [
          "Seq Scan",
          "Hash Join",
          "Hash",
          "Gather",
          "Aggregate",
          "Nested Loop",
          "Sort"
        ],
        [
          "Seq Scan",
          "Hash Join",
          "Hash",
          "Gather",
          "Aggregate",
          "Nested Loop",
          "Sort"
        ],
        [
          "Seq Scan",
          "Hash",
          "Hash Join",
          "Gather",
          "Aggregate",
          "Nested Loop",
          "Sort"
        ],
        [
          "Seq Scan",
          "Hash",
          "Hash Join",
          "Gather",
          "Aggregate",
          "Nested Loop",
          "Sort"
        ],
        [
          "Seq Scan",
          "Hash",
          "Hash Join",
          "Gather",
          "Aggregate",
          "Nested Loop",
          "Sort"
        ],
        [
          "Seq Scan",
          "Hash Join",
          "Gather",
          "Aggregate",
          "Nested Loop",
          "Sort"
        ],
        [
          "Seq Scan",
          "Hash Join",
          "Hash",
          "Gather",
          "Aggregate",
          "Nested Loop",
          "Sort"
        ],
        [
          "Seq Scan",
          "Hash Join",
          "Hash",
          "Gather",
          "Aggregate",
          "Nested Loop",
          "Sort"
        ],
        [
          "Seq Scan",
          "Hash Join",
          "Hash",
          "Gather",
          "Aggregate",
          "Nested Loop",
          "Sort"
        ],
        [
          "Seq Scan",
          "Hash",
          "Hash Join",
          "Gather",
          "Aggregate",
          "Nested Loop",
          "Sort"
        ],
        [
          "Seq Scan",
          "Hash",
          "Hash Join",
          "Gather",
          "Aggregate",
          "Nested Loop",
          "Sort"
        ]
      ],
      "index_shape": [
        "join"
      ],
      "physical_operator": {
        "Hash Join": [
          0.004697373024090087,
          0.004697373024090087
        ]
      }
    }
  },
  {
    "query": "select  promotions,total,cast(promotions as decimal(15,4))/cast(total as decimal(15,4))*100\nfrom\n  (select sum(ss_ext_sales_price) promotions\n   from  store_sales\n        ,store\n        ,promotion\n        ,date_dim\n        ,customer\n        ,customer_address \n        ,item\n   where ss_sold_date_sk = d_date_sk\n   and   ss_store_sk = s_store_sk\n   and   ss_promo_sk = p_promo_sk\n   and   ss_customer_sk= c_customer_sk\n   and   ca_address_sk = c_current_addr_sk\n   and   ss_item_sk = i_item_sk \n   and   ca_gmt_offset = -7\n   and   i_category = 'Books'\n   and   (p_channel_dmail = 'Y' or p_channel_email = 'Y' or p_channel_tv = 'Y')\n   and   s_gmt_offset = -7\n   and   d_year = 1999\n   and   d_moy  = 11) promotional_sales,\n  (select sum(ss_ext_sales_price) total\n   from  store_sales\n        ,store\n        ,date_dim\n        ,customer\n        ,customer_address\n        ,item\n   where ss_sold_date_sk = d_date_sk\n   and   ss_store_sk = s_store_sk\n   and   ss_customer_sk= c_customer_sk\n   and   ca_address_sk = c_current_addr_sk\n   and   ss_item_sk = i_item_sk\n   and   ca_gmt_offset = -7\n   and   i_category = 'Books'\n   and   s_gmt_offset = -7\n   and   d_year = 1999\n   and   d_moy  = 11) all_sales\norder by promotions, total\nlimit 100;\n\n-- end query 45 in stream 3 using template query61.tpl\n",
    "indexes": "item.i_category",
    "wo plan est": {
      "Node Type": "Limit",
      "Parallel Aware": false,
      "Async Capable": false,
      "Startup Cost": 1432044.94,
      "Total Cost": 1432044.95,
      "Plan Rows": 1,
      "Plan Width": 96,
      "Plans": [
        {
          "Node Type": "Sort",
          "Parent Relationship": "Outer",
          "Parallel Aware": false,
          "Async Capable": false,
          "Startup Cost": 1432044.94,
          "Total Cost": 1432044.95,
          "Plan Rows": 1,
          "Plan Width": 96,
          "Sort Key": [
            "(sum(store_sales.ss_ext_sales_price))",
            "(sum(store_sales_1.ss_ext_sales_price))"
          ],
          "Plans": [
            {
              "Node Type": "Nested Loop",
              "Parent Relationship": "Outer",
              "Parallel Aware": false,
              "Async Capable": false,
              "Join Type": "Inner",
              "Startup Cost": 1432044.87,
              "Total Cost": 1432044.93,
              "Plan Rows": 1,
              "Plan Width": 96,
              "Inner Unique": false,
              "Plans": [
                {
                  "Node Type": "Aggregate",
                  "Strategy": "Plain",
                  "Partial Mode": "Simple",
                  "Parent Relationship": "Outer",
                  "Parallel Aware": false,
                  "Async Capable": false,
                  "Startup Cost": 716034.87,
                  "Total Cost": 716034.88,
                  "Plan Rows": 1,
                  "Plan Width": 32,
                  "Plans": [
                    {
                      "Node Type": "Gather",
                      "Parent Relationship": "Outer",
                      "Parallel Aware": false,
                      "Async Capable": false,
                      "Startup Cost": 709254.95,
                      "Total Cost": 716034.86,
                      "Plan Rows": 1,
                      "Plan Width": 6,
                      "Workers Planned": 2,
                      "Single Copy": false,
                      "Plans": [
                        {
                          "Node Type": "Hash Join",
                          "Parent Relationship": "Outer",
                          "Parallel Aware": true,
                          "Async Capable": false,
                          "Join Type": "Inner",
                          "Startup Cost": 708254.95,
                          "Total Cost": 715034.76,
                          "Plan Rows": 1,
                          "Plan Width": 6,
                          "Inner Unique": false,
                          "Hash Cond": "(customer_address.ca_address_sk = customer.c_current_addr_sk)",
                          "Plans": [
                            {
                              "Node Type": "Seq Scan",
                              "Parent Relationship": "Outer",
                              "Parallel Aware": true,
                              "Async Capable": false,
                              "Relation Name": "customer_address",
                              "Alias": "customer_address",
                              "Startup Cost": 0.0,
                              "Total Cost": 6737.08,
                              "Plan Rows": 11392,
                              "Plan Width": 4,
                              "Filter": "(ca_gmt_offset = '-7'::numeric)",
                              "parent": 5,
                              "ID": 6
                            },
                            {
                              "Node Type": "Hash",
                              "Parent Relationship": "Inner",
                              "Parallel Aware": true,
                              "Async Capable": false,
                              "Startup Cost": 708254.92,
                              "Total Cost": 708254.92,
                              "Plan Rows": 2,
                              "Plan Width": 10,
                              "Plans": [
                                {
                                  "Node Type": "Hash Join",
                                  "Parent Relationship": "Outer",
                                  "Parallel Aware": true,
                                  "Async Capable": false,
                                  "Join Type": "Inner",
                                  "Startup Cost": 691555.33,
                                  "Total Cost": 708254.92,
                                  "Plan Rows": 2,
                                  "Plan Width": 10,
                                  "Inner Unique": false,
                                  "Hash Cond": "(customer.c_customer_sk = store_sales.ss_customer_sk)",
                                  "Plans": [
                                    {
                                      "Node Type": "Seq Scan",
                                      "Parent Relationship": "Outer",
                                      "Parallel Aware": true,
                                      "Async Capable": false,
                                      "Relation Name": "customer",
                                      "Alias": "customer",
                                      "Startup Cost": 0.0,
                                      "Total Cost": 15918.33,
                                      "Plan Rows": 208333,
                                      "Plan Width": 8,
                                      "parent": 8,
                                      "ID": 9
                                    },
                                    {
                                      "Node Type": "Hash",
                                      "Parent Relationship": "Inner",
                                      "Parallel Aware": true,
                                      "Async Capable": false,
                                      "Startup Cost": 691555.31,
                                      "Total Cost": 691555.31,
                                      "Plan Rows": 2,
                                      "Plan Width": 10,
                                      "Plans": [
                                        {
                                          "Node Type": "Hash Join",
                                          "Parent Relationship": "Outer",
                                          "Parallel Aware": false,
                                          "Async Capable": false,
                                          "Join Type": "Inner",
                                          "Startup Cost": 684044.55,
                                          "Total Cost": 691555.31,
                                          "Plan Rows": 2,
                                          "Plan Width": 10,
                                          "Inner Unique": false,
                                          "Hash Cond": "(store_sales.ss_promo_sk = promotion.p_promo_sk)",
                                          "Plans": [
                                            {
                                              "Node Type": "Hash Join",
                                              "Parent Relationship": "Outer",
                                              "Parallel Aware": true,
                                              "Async Capable": false,
                                              "Join Type": "Inner",
                                              "Startup Cost": 684019.66,
                                              "Total Cost": 691530.38,
                                              "Plan Rows": 4,
                                              "Plan Width": 14,
                                              "Inner Unique": false,
                                              "Hash Cond": "(item.i_item_sk = store_sales.ss_item_sk)",
                                              "Plans": [
                                                {
                                                  "Node Type": "Seq Scan",
                                                  "Parent Relationship": "Outer",
                                                  "Parallel Aware": true,
                                                  "Async Capable": false,
                                                  "Relation Name": "item",
                                                  "Alias": "item",
                                                  "Startup Cost": 0.0,
                                                  "Total Cost": 7495.25,
                                                  "Plan Rows": 4120,
                                                  "Plan Width": 4,
                                                  "Filter": "(i_category = 'Books'::bpchar)",
                                                  "parent": 12,
                                                  "ID": 13
                                                },
                                                {
                                                  "Node Type": "Hash",
                                                  "Parent Relationship": "Inner",
                                                  "Parallel Aware": true,
                                                  "Async Capable": false,
                                                  "Startup Cost": 684019.11,
                                                  "Total Cost": 684019.11,
                                                  "Plan Rows": 44,
                                                  "Plan Width": 18,
                                                  "Plans": [
                                                    {
                                                      "Node Type": "Hash Join",
                                                      "Parent Relationship": "Outer",
                                                      "Parallel Aware": false,
                                                      "Async Capable": false,
                                                      "Join Type": "Inner",
                                                      "Startup Cost": 2056.06,
                                                      "Total Cost": 684019.11,
                                                      "Plan Rows": 44,
                                                      "Plan Width": 18,
                                                      "Inner Unique": false,
                                                      "Hash Cond": "(store_sales.ss_store_sk = store.s_store_sk)",
                                                      "Plans": [
                                                        {
                                                          "Node Type": "Hash Join",
                                                          "Parent Relationship": "Outer",
                                                          "Parallel Aware": true,
                                                          "Async Capable": false,
                                                          "Join Type": "Inner",
                                                          "Startup Cost": 2049.78,
                                                          "Total Cost": 683994.75,
                                                          "Plan Rows": 4703,
                                                          "Plan Width": 22,
                                                          "Inner Unique": false,
                                                          "Hash Cond": "(store_sales.ss_sold_date_sk = date_dim.d_date_sk)",
                                                          "Plans": [
                                                            {
                                                              "Node Type": "Seq Scan",
                                                              "Parent Relationship": "Outer",
                                                              "Parallel Aware": true,
                                                              "Async Capable": false,
                                                              "Relation Name": "store_sales",
                                                              "Alias": "store_sales",
                                                              "Startup Cost": 0.0,
                                                              "Total Cost": 636914.37,
                                                              "Plan Rows": 12000637,
                                                              "Plan Width": 26,
                                                              "parent": 16,
                                                              "ID": 17
                                                            },
                                                            {
                                                              "Node Type": "Hash",
                                                              "Parent Relationship": "Inner",
                                                              "Parallel Aware": true,
                                                              "Async Capable": false,
                                                              "Startup Cost": 2049.55,
                                                              "Total Cost": 2049.55,
                                                              "Plan Rows": 18,
                                                              "Plan Width": 4,
                                                              "Plans": [
                                                                {
                                                                  "Node Type": "Seq Scan",
                                                                  "Parent Relationship": "Outer",
                                                                  "Parallel Aware": true,
                                                                  "Async Capable": false,
                                                                  "Relation Name": "date_dim",
                                                                  "Alias": "date_dim",
                                                                  "Startup Cost": 0.0,
                                                                  "Total Cost": 2049.55,
                                                                  "Plan Rows": 18,
                                                                  "Plan Width": 4,
                                                                  "Filter": "((d_year = 1999) AND (d_moy = 11))",
                                                                  "parent": 18,
                                                                  "ID": 19
                                                                }
                                                              ],
                                                              "parent": 16,
                                                              "ID": 18,
                                                              "left": 19
                                                            }
                                                          ],
                                                          "parent": 15,
                                                          "ID": 16,
                                                          "left": 17,
                                                          "right": 18
                                                        },
                                                        {
                                                          "Node Type": "Hash",
                                                          "Parent Relationship": "Inner",
                                                          "Parallel Aware": false,
                                                          "Async Capable": false,
                                                          "Startup Cost": 6.28,
                                                          "Total Cost": 6.28,
                                                          "Plan Rows": 1,
                                                          "Plan Width": 4,
                                                          "Plans": [
                                                            {
                                                              "Node Type": "Seq Scan",
                                                              "Parent Relationship": "Outer",
                                                              "Parallel Aware": false,
                                                              "Async Capable": false,
                                                              "Relation Name": "store",
                                                              "Alias": "store",
                                                              "Startup Cost": 0.0,
                                                              "Total Cost": 6.28,
                                                              "Plan Rows": 1,
                                                              "Plan Width": 4,
                                                              "Filter": "(s_gmt_offset = '-7'::numeric)",
                                                              "parent": 20,
                                                              "ID": 21
                                                            }
                                                          ],
                                                          "parent": 15,
                                                          "ID": 20,
                                                          "left": 21
                                                        }
                                                      ],
                                                      "parent": 14,
                                                      "ID": 15,
                                                      "left": 16,
                                                      "right": 20
                                                    }
                                                  ],
                                                  "parent": 12,
                                                  "ID": 14,
                                                  "left": 15
                                                }
                                              ],
                                              "parent": 11,
                                              "ID": 12,
                                              "left": 13,
                                              "right": 14
                                            },
                                            {
                                              "Node Type": "Hash",
                                              "Parent Relationship": "Inner",
                                              "Parallel Aware": false,
                                              "Async Capable": false,
                                              "Startup Cost": 21.75,
                                              "Total Cost": 21.75,
                                              "Plan Rows": 251,
                                              "Plan Width": 4,
                                              "Plans": [
                                                {
                                                  "Node Type": "Seq Scan",
                                                  "Parent Relationship": "Outer",
                                                  "Parallel Aware": false,
                                                  "Async Capable": false,
                                                  "Relation Name": "promotion",
                                                  "Alias": "promotion",
                                                  "Startup Cost": 0.0,
                                                  "Total Cost": 21.75,
                                                  "Plan Rows": 251,
                                                  "Plan Width": 4,
                                                  "Filter": "((p_channel_dmail = 'Y'::bpchar) OR (p_channel_email = 'Y'::bpchar) OR (p_channel_tv = 'Y'::bpchar))",
                                                  "parent": 22,
                                                  "ID": 23
                                                }
                                              ],
                                              "parent": 11,
                                              "ID": 22,
                                              "left": 23
                                            }
                                          ],
                                          "parent": 10,
                                          "ID": 11,
                                          "left": 12,
                                          "right": 22
                                        }
                                      ],
                                      "parent": 8,
                                      "ID": 10,
                                      "left": 11
                                    }
                                  ],
                                  "parent": 7,
                                  "ID": 8,
                                  "left": 9,
                                  "right": 10
                                }
                              ],
                              "parent": 5,
                              "ID": 7,
                              "left": 8
                            }
                          ],
                          "parent": 4,
                          "ID": 5,
                          "left": 6,
                          "right": 7
                        }
                      ],
                      "parent": 3,
                      "ID": 4,
                      "left": 5
                    }
                  ],
                  "parent": 2,
                  "ID": 3,
                  "left": 4
                },
                {
                  "Node Type": "Aggregate",
                  "Strategy": "Plain",
                  "Partial Mode": "Simple",
                  "Parent Relationship": "Inner",
                  "Parallel Aware": false,
                  "Async Capable": false,
                  "Startup Cost": 716010.0,
                  "Total Cost": 716010.01,
                  "Plan Rows": 1,
                  "Plan Width": 32,
                  "Plans": [
                    {
                      "Node Type": "Gather",
                      "Parent Relationship": "Outer",
                      "Parallel Aware": false,
                      "Async Capable": false,
                      "Startup Cost": 709230.09,
                      "Total Cost": 716010.0,
                      "Plan Rows": 1,
                      "Plan Width": 6,
                      "Workers Planned": 2,
                      "Single Copy": false,
                      "Plans": [
                        {
                          "Node Type": "Hash Join",
                          "Parent Relationship": "Outer",
                          "Parallel Aware": true,
                          "Async Capable": false,
                          "Join Type": "Inner",
                          "Startup Cost": 708230.09,
                          "Total Cost": 715009.9,
                          "Plan Rows": 1,
                          "Plan Width": 6,
                          "Inner Unique": false,
                          "Hash Cond": "(customer_address_1.ca_address_sk = customer_1.c_current_addr_sk)",
                          "Plans": [
                            {
                              "Node Type": "Seq Scan",
                              "Parent Relationship": "Outer",
                              "Parallel Aware": true,
                              "Async Capable": false,
                              "Relation Name": "customer_address",
                              "Alias": "customer_address_1",
                              "Startup Cost": 0.0,
                              "Total Cost": 6737.08,
                              "Plan Rows": 11392,
                              "Plan Width": 4,
                              "Filter": "(ca_gmt_offset = '-7'::numeric)",
                              "parent": 26,
                              "ID": 27
                            },
                            {
                              "Node Type": "Hash",
                              "Parent Relationship": "Inner",
                              "Parallel Aware": true,
                              "Async Capable": false,
                              "Startup Cost": 708230.04,
                              "Total Cost": 708230.04,
                              "Plan Rows": 4,
                              "Plan Width": 10,
                              "Plans": [
                                {
                                  "Node Type": "Hash Join",
                                  "Parent Relationship": "Outer",
                                  "Parallel Aware": true,
                                  "Async Capable": false,
                                  "Join Type": "Inner",
                                  "Startup Cost": 691530.43,
                                  "Total Cost": 708230.04,
                                  "Plan Rows": 4,
                                  "Plan Width": 10,
                                  "Inner Unique": false,
                                  "Hash Cond": "(customer_1.c_customer_sk = store_sales_1.ss_customer_sk)",
                                  "Plans": [
                                    {
                                      "Node Type": "Seq Scan",
                                      "Parent Relationship": "Outer",
                                      "Parallel Aware": true,
                                      "Async Capable": false,
                                      "Relation Name": "customer",
                                      "Alias": "customer_1",
                                      "Startup Cost": 0.0,
                                      "Total Cost": 15918.33,
                                      "Plan Rows": 208333,
                                      "Plan Width": 8,
                                      "parent": 29,
                                      "ID": 30
                                    },
                                    {
                                      "Node Type": "Hash",
                                      "Parent Relationship": "Inner",
                                      "Parallel Aware": true,
                                      "Async Capable": false,
                                      "Startup Cost": 691530.38,
                                      "Total Cost": 691530.38,
                                      "Plan Rows": 4,
                                      "Plan Width": 10,
                                      "Plans": [
                                        {
                                          "Node Type": "Hash Join",
                                          "Parent Relationship": "Outer",
                                          "Parallel Aware": true,
                                          "Async Capable": false,
                                          "Join Type": "Inner",
                                          "Startup Cost": 684019.66,
                                          "Total Cost": 691530.38,
                                          "Plan Rows": 4,
                                          "Plan Width": 10,
                                          "Inner Unique": false,
                                          "Hash Cond": "(item_1.i_item_sk = store_sales_1.ss_item_sk)",
                                          "Plans": [
                                            {
                                              "Node Type": "Seq Scan",
                                              "Parent Relationship": "Outer",
                                              "Parallel Aware": true,
                                              "Async Capable": false,
                                              "Relation Name": "item",
                                              "Alias": "item_1",
                                              "Startup Cost": 0.0,
                                              "Total Cost": 7495.25,
                                              "Plan Rows": 4120,
                                              "Plan Width": 4,
                                              "Filter": "(i_category = 'Books'::bpchar)",
                                              "parent": 32,
                                              "ID": 33
                                            },
                                            {
                                              "Node Type": "Hash",
                                              "Parent Relationship": "Inner",
                                              "Parallel Aware": true,
                                              "Async Capable": false,
                                              "Startup Cost": 684019.11,
                                              "Total Cost": 684019.11,
                                              "Plan Rows": 44,
                                              "Plan Width": 14,
                                              "Plans": [
                                                {
                                                  "Node Type": "Hash Join",
                                                  "Parent Relationship": "Outer",
                                                  "Parallel Aware": false,
                                                  "Async Capable": false,
                                                  "Join Type": "Inner",
                                                  "Startup Cost": 2056.06,
                                                  "Total Cost": 684019.11,
                                                  "Plan Rows": 44,
                                                  "Plan Width": 14,
                                                  "Inner Unique": false,
                                                  "Hash Cond": "(store_sales_1.ss_store_sk = store_1.s_store_sk)",
                                                  "Plans": [
                                                    {
                                                      "Node Type": "Hash Join",
                                                      "Parent Relationship": "Outer",
                                                      "Parallel Aware": true,
                                                      "Async Capable": false,
                                                      "Join Type": "Inner",
                                                      "Startup Cost": 2049.78,
                                                      "Total Cost": 683994.75,
                                                      "Plan Rows": 4703,
                                                      "Plan Width": 18,
                                                      "Inner Unique": false,
                                                      "Hash Cond": "(store_sales_1.ss_sold_date_sk = date_dim_1.d_date_sk)",
                                                      "Plans": [
                                                        {
                                                          "Node Type": "Seq Scan",
                                                          "Parent Relationship": "Outer",
                                                          "Parallel Aware": true,
                                                          "Async Capable": false,
                                                          "Relation Name": "store_sales",
                                                          "Alias": "store_sales_1",
                                                          "Startup Cost": 0.0,
                                                          "Total Cost": 636914.37,
                                                          "Plan Rows": 12000637,
                                                          "Plan Width": 22,
                                                          "parent": 36,
                                                          "ID": 37
                                                        },
                                                        {
                                                          "Node Type": "Hash",
                                                          "Parent Relationship": "Inner",
                                                          "Parallel Aware": true,
                                                          "Async Capable": false,
                                                          "Startup Cost": 2049.55,
                                                          "Total Cost": 2049.55,
                                                          "Plan Rows": 18,
                                                          "Plan Width": 4,
                                                          "Plans": [
                                                            {
                                                              "Node Type": "Seq Scan",
                                                              "Parent Relationship": "Outer",
                                                              "Parallel Aware": true,
                                                              "Async Capable": false,
                                                              "Relation Name": "date_dim",
                                                              "Alias": "date_dim_1",
                                                              "Startup Cost": 0.0,
                                                              "Total Cost": 2049.55,
                                                              "Plan Rows": 18,
                                                              "Plan Width": 4,
                                                              "Filter": "((d_year = 1999) AND (d_moy = 11))",
                                                              "parent": 38,
                                                              "ID": 39
                                                            }
                                                          ],
                                                          "parent": 36,
                                                          "ID": 38,
                                                          "left": 39
                                                        }
                                                      ],
                                                      "parent": 35,
                                                      "ID": 36,
                                                      "left": 37,
                                                      "right": 38
                                                    },
                                                    {
                                                      "Node Type": "Hash",
                                                      "Parent Relationship": "Inner",
                                                      "Parallel Aware": false,
                                                      "Async Capable": false,
                                                      "Startup Cost": 6.28,
                                                      "Total Cost": 6.28,
                                                      "Plan Rows": 1,
                                                      "Plan Width": 4,
                                                      "Plans": [
                                                        {
                                                          "Node Type": "Seq Scan",
                                                          "Parent Relationship": "Outer",
                                                          "Parallel Aware": false,
                                                          "Async Capable": false,
                                                          "Relation Name": "store",
                                                          "Alias": "store_1",
                                                          "Startup Cost": 0.0,
                                                          "Total Cost": 6.28,
                                                          "Plan Rows": 1,
                                                          "Plan Width": 4,
                                                          "Filter": "(s_gmt_offset = '-7'::numeric)",
                                                          "parent": 40,
                                                          "ID": 41
                                                        }
                                                      ],
                                                      "parent": 35,
                                                      "ID": 40,
                                                      "left": 41
                                                    }
                                                  ],
                                                  "parent": 34,
                                                  "ID": 35,
                                                  "left": 36,
                                                  "right": 40
                                                }
                                              ],
                                              "parent": 32,
                                              "ID": 34,
                                              "left": 35
                                            }
                                          ],
                                          "parent": 31,
                                          "ID": 32,
                                          "left": 33,
                                          "right": 34
                                        }
                                      ],
                                      "parent": 29,
                                      "ID": 31,
                                      "left": 32
                                    }
                                  ],
                                  "parent": 28,
                                  "ID": 29,
                                  "left": 30,
                                  "right": 31
                                }
                              ],
                              "parent": 26,
                              "ID": 28,
                              "left": 29
                            }
                          ],
                          "parent": 25,
                          "ID": 26,
                          "left": 27,
                          "right": 28
                        }
                      ],
                      "parent": 24,
                      "ID": 25,
                      "left": 26
                    }
                  ],
                  "parent": 2,
                  "ID": 24,
                  "left": 25
                }
              ],
              "parent": 1,
              "ID": 2,
              "left": 3,
              "right": 24
            }
          ],
          "parent": 0,
          "ID": 1,
          "left": 2
        }
      ],
      "parent": null,
      "ID": 0,
      "left": 1
    },
    "feat": {
      "utility": 0.010045076708345656,
      "query_shape": [
        [
          "Seq Scan",
          "Hash Join",
          "Gather",
          "Aggregate",
          "Nested Loop",
          "Sort"
        ],
        [
          "Seq Scan",
          "Hash Join",
          "Hash",
          "Gather",
          "Aggregate",
          "Nested Loop",
          "Sort"
        ],
        [
          "Seq Scan",
          "Hash Join",
          "Hash",
          "Gather",
          "Aggregate",
          "Nested Loop",
          "Sort"
        ],
        [
          "Seq Scan",
          "Hash Join",
          "Hash",
          "Gather",
          "Aggregate",
          "Nested Loop",
          "Sort"
        ],
        [
          "Seq Scan",
          "Hash",
          "Hash Join",
          "Gather",
          "Aggregate",
          "Nested Loop",
          "Sort"
        ],
        [
          "Seq Scan",
          "Hash",
          "Hash Join",
          "Gather",
          "Aggregate",
          "Nested Loop",
          "Sort"
        ],
        [
          "Seq Scan",
          "Hash",
          "Hash Join",
          "Gather",
          "Aggregate",
          "Nested Loop",
          "Sort"
        ],
        [
          "Seq Scan",
          "Hash Join",
          "Gather",
          "Aggregate",
          "Nested Loop",
          "Sort"
        ],
        [
          "Seq Scan",
          "Hash Join",
          "Hash",
          "Gather",
          "Aggregate",
          "Nested Loop",
          "Sort"
        ],
        [
          "Seq Scan",
          "Hash Join",
          "Hash",
          "Gather",
          "Aggregate",
          "Nested Loop",
          "Sort"
        ],
        [
          "Seq Scan",
          "Hash Join",
          "Hash",
          "Gather",
          "Aggregate",
          "Nested Loop",
          "Sort"
        ],
        [
          "Seq Scan",
          "Hash",
          "Hash Join",
          "Gather",
          "Aggregate",
          "Nested Loop",
          "Sort"
        ],
        [
          "Seq Scan",
          "Hash",
          "Hash Join",
          "Gather",
          "Aggregate",
          "Nested Loop",
          "Sort"
        ]
      ],
      "index_shape": [
        "selection"
      ],
      "physical_operator": {
        "Seq Scan": [
          0.04039215686274511,
          0.04039215686274511
        ]
      }
    }
  },
  {
    "query": "select  promotions,total,cast(promotions as decimal(15,4))/cast(total as decimal(15,4))*100\nfrom\n  (select sum(ss_ext_sales_price) promotions\n   from  store_sales\n        ,store\n        ,promotion\n        ,date_dim\n        ,customer\n        ,customer_address \n        ,item\n   where ss_sold_date_sk = d_date_sk\n   and   ss_store_sk = s_store_sk\n   and   ss_promo_sk = p_promo_sk\n   and   ss_customer_sk= c_customer_sk\n   and   ca_address_sk = c_current_addr_sk\n   and   ss_item_sk = i_item_sk \n   and   ca_gmt_offset = -7\n   and   i_category = 'Books'\n   and   (p_channel_dmail = 'Y' or p_channel_email = 'Y' or p_channel_tv = 'Y')\n   and   s_gmt_offset = -7\n   and   d_year = 1999\n   and   d_moy  = 11) promotional_sales,\n  (select sum(ss_ext_sales_price) total\n   from  store_sales\n        ,store\n        ,date_dim\n        ,customer\n        ,customer_address\n        ,item\n   where ss_sold_date_sk = d_date_sk\n   and   ss_store_sk = s_store_sk\n   and   ss_customer_sk= c_customer_sk\n   and   ca_address_sk = c_current_addr_sk\n   and   ss_item_sk = i_item_sk\n   and   ca_gmt_offset = -7\n   and   i_category = 'Books'\n   and   s_gmt_offset = -7\n   and   d_year = 1999\n   and   d_moy  = 11) all_sales\norder by promotions, total\nlimit 100;\n\n-- end query 45 in stream 3 using template query61.tpl\n",
    "indexes": "store.s_gmt_offset",
    "wo plan est": {
      "Node Type": "Limit",
      "Parallel Aware": false,
      "Async Capable": false,
      "Startup Cost": 1432044.94,
      "Total Cost": 1432044.95,
      "Plan Rows": 1,
      "Plan Width": 96,
      "Plans": [
        {
          "Node Type": "Sort",
          "Parent Relationship": "Outer",
          "Parallel Aware": false,
          "Async Capable": false,
          "Startup Cost": 1432044.94,
          "Total Cost": 1432044.95,
          "Plan Rows": 1,
          "Plan Width": 96,
          "Sort Key": [
            "(sum(store_sales.ss_ext_sales_price))",
            "(sum(store_sales_1.ss_ext_sales_price))"
          ],
          "Plans": [
            {
              "Node Type": "Nested Loop",
              "Parent Relationship": "Outer",
              "Parallel Aware": false,
              "Async Capable": false,
              "Join Type": "Inner",
              "Startup Cost": 1432044.87,
              "Total Cost": 1432044.93,
              "Plan Rows": 1,
              "Plan Width": 96,
              "Inner Unique": false,
              "Plans": [
                {
                  "Node Type": "Aggregate",
                  "Strategy": "Plain",
                  "Partial Mode": "Simple",
                  "Parent Relationship": "Outer",
                  "Parallel Aware": false,
                  "Async Capable": false,
                  "Startup Cost": 716034.87,
                  "Total Cost": 716034.88,
                  "Plan Rows": 1,
                  "Plan Width": 32,
                  "Plans": [
                    {
                      "Node Type": "Gather",
                      "Parent Relationship": "Outer",
                      "Parallel Aware": false,
                      "Async Capable": false,
                      "Startup Cost": 709254.95,
                      "Total Cost": 716034.86,
                      "Plan Rows": 1,
                      "Plan Width": 6,
                      "Workers Planned": 2,
                      "Single Copy": false,
                      "Plans": [
                        {
                          "Node Type": "Hash Join",
                          "Parent Relationship": "Outer",
                          "Parallel Aware": true,
                          "Async Capable": false,
                          "Join Type": "Inner",
                          "Startup Cost": 708254.95,
                          "Total Cost": 715034.76,
                          "Plan Rows": 1,
                          "Plan Width": 6,
                          "Inner Unique": false,
                          "Hash Cond": "(customer_address.ca_address_sk = customer.c_current_addr_sk)",
                          "Plans": [
                            {
                              "Node Type": "Seq Scan",
                              "Parent Relationship": "Outer",
                              "Parallel Aware": true,
                              "Async Capable": false,
                              "Relation Name": "customer_address",
                              "Alias": "customer_address",
                              "Startup Cost": 0.0,
                              "Total Cost": 6737.08,
                              "Plan Rows": 11392,
                              "Plan Width": 4,
                              "Filter": "(ca_gmt_offset = '-7'::numeric)",
                              "parent": 5,
                              "ID": 6
                            },
                            {
                              "Node Type": "Hash",
                              "Parent Relationship": "Inner",
                              "Parallel Aware": true,
                              "Async Capable": false,
                              "Startup Cost": 708254.92,
                              "Total Cost": 708254.92,
                              "Plan Rows": 2,
                              "Plan Width": 10,
                              "Plans": [
                                {
                                  "Node Type": "Hash Join",
                                  "Parent Relationship": "Outer",
                                  "Parallel Aware": true,
                                  "Async Capable": false,
                                  "Join Type": "Inner",
                                  "Startup Cost": 691555.33,
                                  "Total Cost": 708254.92,
                                  "Plan Rows": 2,
                                  "Plan Width": 10,
                                  "Inner Unique": false,
                                  "Hash Cond": "(customer.c_customer_sk = store_sales.ss_customer_sk)",
                                  "Plans": [
                                    {
                                      "Node Type": "Seq Scan",
                                      "Parent Relationship": "Outer",
                                      "Parallel Aware": true,
                                      "Async Capable": false,
                                      "Relation Name": "customer",
                                      "Alias": "customer",
                                      "Startup Cost": 0.0,
                                      "Total Cost": 15918.33,
                                      "Plan Rows": 208333,
                                      "Plan Width": 8,
                                      "parent": 8,
                                      "ID": 9
                                    },
                                    {
                                      "Node Type": "Hash",
                                      "Parent Relationship": "Inner",
                                      "Parallel Aware": true,
                                      "Async Capable": false,
                                      "Startup Cost": 691555.31,
                                      "Total Cost": 691555.31,
                                      "Plan Rows": 2,
                                      "Plan Width": 10,
                                      "Plans": [
                                        {
                                          "Node Type": "Hash Join",
                                          "Parent Relationship": "Outer",
                                          "Parallel Aware": false,
                                          "Async Capable": false,
                                          "Join Type": "Inner",
                                          "Startup Cost": 684044.55,
                                          "Total Cost": 691555.31,
                                          "Plan Rows": 2,
                                          "Plan Width": 10,
                                          "Inner Unique": false,
                                          "Hash Cond": "(store_sales.ss_promo_sk = promotion.p_promo_sk)",
                                          "Plans": [
                                            {
                                              "Node Type": "Hash Join",
                                              "Parent Relationship": "Outer",
                                              "Parallel Aware": true,
                                              "Async Capable": false,
                                              "Join Type": "Inner",
                                              "Startup Cost": 684019.66,
                                              "Total Cost": 691530.38,
                                              "Plan Rows": 4,
                                              "Plan Width": 14,
                                              "Inner Unique": false,
                                              "Hash Cond": "(item.i_item_sk = store_sales.ss_item_sk)",
                                              "Plans": [
                                                {
                                                  "Node Type": "Seq Scan",
                                                  "Parent Relationship": "Outer",
                                                  "Parallel Aware": true,
                                                  "Async Capable": false,
                                                  "Relation Name": "item",
                                                  "Alias": "item",
                                                  "Startup Cost": 0.0,
                                                  "Total Cost": 7495.25,
                                                  "Plan Rows": 4120,
                                                  "Plan Width": 4,
                                                  "Filter": "(i_category = 'Books'::bpchar)",
                                                  "parent": 12,
                                                  "ID": 13
                                                },
                                                {
                                                  "Node Type": "Hash",
                                                  "Parent Relationship": "Inner",
                                                  "Parallel Aware": true,
                                                  "Async Capable": false,
                                                  "Startup Cost": 684019.11,
                                                  "Total Cost": 684019.11,
                                                  "Plan Rows": 44,
                                                  "Plan Width": 18,
                                                  "Plans": [
                                                    {
                                                      "Node Type": "Hash Join",
                                                      "Parent Relationship": "Outer",
                                                      "Parallel Aware": false,
                                                      "Async Capable": false,
                                                      "Join Type": "Inner",
                                                      "Startup Cost": 2056.06,
                                                      "Total Cost": 684019.11,
                                                      "Plan Rows": 44,
                                                      "Plan Width": 18,
                                                      "Inner Unique": false,
                                                      "Hash Cond": "(store_sales.ss_store_sk = store.s_store_sk)",
                                                      "Plans": [
                                                        {
                                                          "Node Type": "Hash Join",
                                                          "Parent Relationship": "Outer",
                                                          "Parallel Aware": true,
                                                          "Async Capable": false,
                                                          "Join Type": "Inner",
                                                          "Startup Cost": 2049.78,
                                                          "Total Cost": 683994.75,
                                                          "Plan Rows": 4703,
                                                          "Plan Width": 22,
                                                          "Inner Unique": false,
                                                          "Hash Cond": "(store_sales.ss_sold_date_sk = date_dim.d_date_sk)",
                                                          "Plans": [
                                                            {
                                                              "Node Type": "Seq Scan",
                                                              "Parent Relationship": "Outer",
                                                              "Parallel Aware": true,
                                                              "Async Capable": false,
                                                              "Relation Name": "store_sales",
                                                              "Alias": "store_sales",
                                                              "Startup Cost": 0.0,
                                                              "Total Cost": 636914.37,
                                                              "Plan Rows": 12000637,
                                                              "Plan Width": 26,
                                                              "parent": 16,
                                                              "ID": 17
                                                            },
                                                            {
                                                              "Node Type": "Hash",
                                                              "Parent Relationship": "Inner",
                                                              "Parallel Aware": true,
                                                              "Async Capable": false,
                                                              "Startup Cost": 2049.55,
                                                              "Total Cost": 2049.55,
                                                              "Plan Rows": 18,
                                                              "Plan Width": 4,
                                                              "Plans": [
                                                                {
                                                                  "Node Type": "Seq Scan",
                                                                  "Parent Relationship": "Outer",
                                                                  "Parallel Aware": true,
                                                                  "Async Capable": false,
                                                                  "Relation Name": "date_dim",
                                                                  "Alias": "date_dim",
                                                                  "Startup Cost": 0.0,
                                                                  "Total Cost": 2049.55,
                                                                  "Plan Rows": 18,
                                                                  "Plan Width": 4,
                                                                  "Filter": "((d_year = 1999) AND (d_moy = 11))",
                                                                  "parent": 18,
                                                                  "ID": 19
                                                                }
                                                              ],
                                                              "parent": 16,
                                                              "ID": 18,
                                                              "left": 19
                                                            }
                                                          ],
                                                          "parent": 15,
                                                          "ID": 16,
                                                          "left": 17,
                                                          "right": 18
                                                        },
                                                        {
                                                          "Node Type": "Hash",
                                                          "Parent Relationship": "Inner",
                                                          "Parallel Aware": false,
                                                          "Async Capable": false,
                                                          "Startup Cost": 6.28,
                                                          "Total Cost": 6.28,
                                                          "Plan Rows": 1,
                                                          "Plan Width": 4,
                                                          "Plans": [
                                                            {
                                                              "Node Type": "Seq Scan",
                                                              "Parent Relationship": "Outer",
                                                              "Parallel Aware": false,
                                                              "Async Capable": false,
                                                              "Relation Name": "store",
                                                              "Alias": "store",
                                                              "Startup Cost": 0.0,
                                                              "Total Cost": 6.28,
                                                              "Plan Rows": 1,
                                                              "Plan Width": 4,
                                                              "Filter": "(s_gmt_offset = '-7'::numeric)",
                                                              "parent": 20,
                                                              "ID": 21
                                                            }
                                                          ],
                                                          "parent": 15,
                                                          "ID": 20,
                                                          "left": 21
                                                        }
                                                      ],
                                                      "parent": 14,
                                                      "ID": 15,
                                                      "left": 16,
                                                      "right": 20
                                                    }
                                                  ],
                                                  "parent": 12,
                                                  "ID": 14,
                                                  "left": 15
                                                }
                                              ],
                                              "parent": 11,
                                              "ID": 12,
                                              "left": 13,
                                              "right": 14
                                            },
                                            {
                                              "Node Type": "Hash",
                                              "Parent Relationship": "Inner",
                                              "Parallel Aware": false,
                                              "Async Capable": false,
                                              "Startup Cost": 21.75,
                                              "Total Cost": 21.75,
                                              "Plan Rows": 251,
                                              "Plan Width": 4,
                                              "Plans": [
                                                {
                                                  "Node Type": "Seq Scan",
                                                  "Parent Relationship": "Outer",
                                                  "Parallel Aware": false,
                                                  "Async Capable": false,
                                                  "Relation Name": "promotion",
                                                  "Alias": "promotion",
                                                  "Startup Cost": 0.0,
                                                  "Total Cost": 21.75,
                                                  "Plan Rows": 251,
                                                  "Plan Width": 4,
                                                  "Filter": "((p_channel_dmail = 'Y'::bpchar) OR (p_channel_email = 'Y'::bpchar) OR (p_channel_tv = 'Y'::bpchar))",
                                                  "parent": 22,
                                                  "ID": 23
                                                }
                                              ],
                                              "parent": 11,
                                              "ID": 22,
                                              "left": 23
                                            }
                                          ],
                                          "parent": 10,
                                          "ID": 11,
                                          "left": 12,
                                          "right": 22
                                        }
                                      ],
                                      "parent": 8,
                                      "ID": 10,
                                      "left": 11
                                    }
                                  ],
                                  "parent": 7,
                                  "ID": 8,
                                  "left": 9,
                                  "right": 10
                                }
                              ],
                              "parent": 5,
                              "ID": 7,
                              "left": 8
                            }
                          ],
                          "parent": 4,
                          "ID": 5,
                          "left": 6,
                          "right": 7
                        }
                      ],
                      "parent": 3,
                      "ID": 4,
                      "left": 5
                    }
                  ],
                  "parent": 2,
                  "ID": 3,
                  "left": 4
                },
                {
                  "Node Type": "Aggregate",
                  "Strategy": "Plain",
                  "Partial Mode": "Simple",
                  "Parent Relationship": "Inner",
                  "Parallel Aware": false,
                  "Async Capable": false,
                  "Startup Cost": 716010.0,
                  "Total Cost": 716010.01,
                  "Plan Rows": 1,
                  "Plan Width": 32,
                  "Plans": [
                    {
                      "Node Type": "Gather",
                      "Parent Relationship": "Outer",
                      "Parallel Aware": false,
                      "Async Capable": false,
                      "Startup Cost": 709230.09,
                      "Total Cost": 716010.0,
                      "Plan Rows": 1,
                      "Plan Width": 6,
                      "Workers Planned": 2,
                      "Single Copy": false,
                      "Plans": [
                        {
                          "Node Type": "Hash Join",
                          "Parent Relationship": "Outer",
                          "Parallel Aware": true,
                          "Async Capable": false,
                          "Join Type": "Inner",
                          "Startup Cost": 708230.09,
                          "Total Cost": 715009.9,
                          "Plan Rows": 1,
                          "Plan Width": 6,
                          "Inner Unique": false,
                          "Hash Cond": "(customer_address_1.ca_address_sk = customer_1.c_current_addr_sk)",
                          "Plans": [
                            {
                              "Node Type": "Seq Scan",
                              "Parent Relationship": "Outer",
                              "Parallel Aware": true,
                              "Async Capable": false,
                              "Relation Name": "customer_address",
                              "Alias": "customer_address_1",
                              "Startup Cost": 0.0,
                              "Total Cost": 6737.08,
                              "Plan Rows": 11392,
                              "Plan Width": 4,
                              "Filter": "(ca_gmt_offset = '-7'::numeric)",
                              "parent": 26,
                              "ID": 27
                            },
                            {
                              "Node Type": "Hash",
                              "Parent Relationship": "Inner",
                              "Parallel Aware": true,
                              "Async Capable": false,
                              "Startup Cost": 708230.04,
                              "Total Cost": 708230.04,
                              "Plan Rows": 4,
                              "Plan Width": 10,
                              "Plans": [
                                {
                                  "Node Type": "Hash Join",
                                  "Parent Relationship": "Outer",
                                  "Parallel Aware": true,
                                  "Async Capable": false,
                                  "Join Type": "Inner",
                                  "Startup Cost": 691530.43,
                                  "Total Cost": 708230.04,
                                  "Plan Rows": 4,
                                  "Plan Width": 10,
                                  "Inner Unique": false,
                                  "Hash Cond": "(customer_1.c_customer_sk = store_sales_1.ss_customer_sk)",
                                  "Plans": [
                                    {
                                      "Node Type": "Seq Scan",
                                      "Parent Relationship": "Outer",
                                      "Parallel Aware": true,
                                      "Async Capable": false,
                                      "Relation Name": "customer",
                                      "Alias": "customer_1",
                                      "Startup Cost": 0.0,
                                      "Total Cost": 15918.33,
                                      "Plan Rows": 208333,
                                      "Plan Width": 8,
                                      "parent": 29,
                                      "ID": 30
                                    },
                                    {
                                      "Node Type": "Hash",
                                      "Parent Relationship": "Inner",
                                      "Parallel Aware": true,
                                      "Async Capable": false,
                                      "Startup Cost": 691530.38,
                                      "Total Cost": 691530.38,
                                      "Plan Rows": 4,
                                      "Plan Width": 10,
                                      "Plans": [
                                        {
                                          "Node Type": "Hash Join",
                                          "Parent Relationship": "Outer",
                                          "Parallel Aware": true,
                                          "Async Capable": false,
                                          "Join Type": "Inner",
                                          "Startup Cost": 684019.66,
                                          "Total Cost": 691530.38,
                                          "Plan Rows": 4,
                                          "Plan Width": 10,
                                          "Inner Unique": false,
                                          "Hash Cond": "(item_1.i_item_sk = store_sales_1.ss_item_sk)",
                                          "Plans": [
                                            {
                                              "Node Type": "Seq Scan",
                                              "Parent Relationship": "Outer",
                                              "Parallel Aware": true,
                                              "Async Capable": false,
                                              "Relation Name": "item",
                                              "Alias": "item_1",
                                              "Startup Cost": 0.0,
                                              "Total Cost": 7495.25,
                                              "Plan Rows": 4120,
                                              "Plan Width": 4,
                                              "Filter": "(i_category = 'Books'::bpchar)",
                                              "parent": 32,
                                              "ID": 33
                                            },
                                            {
                                              "Node Type": "Hash",
                                              "Parent Relationship": "Inner",
                                              "Parallel Aware": true,
                                              "Async Capable": false,
                                              "Startup Cost": 684019.11,
                                              "Total Cost": 684019.11,
                                              "Plan Rows": 44,
                                              "Plan Width": 14,
                                              "Plans": [
                                                {
                                                  "Node Type": "Hash Join",
                                                  "Parent Relationship": "Outer",
                                                  "Parallel Aware": false,
                                                  "Async Capable": false,
                                                  "Join Type": "Inner",
                                                  "Startup Cost": 2056.06,
                                                  "Total Cost": 684019.11,
                                                  "Plan Rows": 44,
                                                  "Plan Width": 14,
                                                  "Inner Unique": false,
                                                  "Hash Cond": "(store_sales_1.ss_store_sk = store_1.s_store_sk)",
                                                  "Plans": [
                                                    {
                                                      "Node Type": "Hash Join",
                                                      "Parent Relationship": "Outer",
                                                      "Parallel Aware": true,
                                                      "Async Capable": false,
                                                      "Join Type": "Inner",
                                                      "Startup Cost": 2049.78,
                                                      "Total Cost": 683994.75,
                                                      "Plan Rows": 4703,
                                                      "Plan Width": 18,
                                                      "Inner Unique": false,
                                                      "Hash Cond": "(store_sales_1.ss_sold_date_sk = date_dim_1.d_date_sk)",
                                                      "Plans": [
                                                        {
                                                          "Node Type": "Seq Scan",
                                                          "Parent Relationship": "Outer",
                                                          "Parallel Aware": true,
                                                          "Async Capable": false,
                                                          "Relation Name": "store_sales",
                                                          "Alias": "store_sales_1",
                                                          "Startup Cost": 0.0,
                                                          "Total Cost": 636914.37,
                                                          "Plan Rows": 12000637,
                                                          "Plan Width": 22,
                                                          "parent": 36,
                                                          "ID": 37
                                                        },
                                                        {
                                                          "Node Type": "Hash",
                                                          "Parent Relationship": "Inner",
                                                          "Parallel Aware": true,
                                                          "Async Capable": false,
                                                          "Startup Cost": 2049.55,
                                                          "Total Cost": 2049.55,
                                                          "Plan Rows": 18,
                                                          "Plan Width": 4,
                                                          "Plans": [
                                                            {
                                                              "Node Type": "Seq Scan",
                                                              "Parent Relationship": "Outer",
                                                              "Parallel Aware": true,
                                                              "Async Capable": false,
                                                              "Relation Name": "date_dim",
                                                              "Alias": "date_dim_1",
                                                              "Startup Cost": 0.0,
                                                              "Total Cost": 2049.55,
                                                              "Plan Rows": 18,
                                                              "Plan Width": 4,
                                                              "Filter": "((d_year = 1999) AND (d_moy = 11))",
                                                              "parent": 38,
                                                              "ID": 39
                                                            }
                                                          ],
                                                          "parent": 36,
                                                          "ID": 38,
                                                          "left": 39
                                                        }
                                                      ],
                                                      "parent": 35,
                                                      "ID": 36,
                                                      "left": 37,
                                                      "right": 38
                                                    },
                                                    {
                                                      "Node Type": "Hash",
                                                      "Parent Relationship": "Inner",
                                                      "Parallel Aware": false,
                                                      "Async Capable": false,
                                                      "Startup Cost": 6.28,
                                                      "Total Cost": 6.28,
                                                      "Plan Rows": 1,
                                                      "Plan Width": 4,
                                                      "Plans": [
                                                        {
                                                          "Node Type": "Seq Scan",
                                                          "Parent Relationship": "Outer",
                                                          "Parallel Aware": false,
                                                          "Async Capable": false,
                                                          "Relation Name": "store",
                                                          "Alias": "store_1",
                                                          "Startup Cost": 0.0,
                                                          "Total Cost": 6.28,
                                                          "Plan Rows": 1,
                                                          "Plan Width": 4,
                                                          "Filter": "(s_gmt_offset = '-7'::numeric)",
                                                          "parent": 40,
                                                          "ID": 41
                                                        }
                                                      ],
                                                      "parent": 35,
                                                      "ID": 40,
                                                      "left": 41
                                                    }
                                                  ],
                                                  "parent": 34,
                                                  "ID": 35,
                                                  "left": 36,
                                                  "right": 40
                                                }
                                              ],
                                              "parent": 32,
                                              "ID": 34,
                                              "left": 35
                                            }
                                          ],
                                          "parent": 31,
                                          "ID": 32,
                                          "left": 33,
                                          "right": 34
                                        }
                                      ],
                                      "parent": 29,
                                      "ID": 31,
                                      "left": 32
                                    }
                                  ],
                                  "parent": 28,
                                  "ID": 29,
                                  "left": 30,
                                  "right": 31
                                }
                              ],
                              "parent": 26,
                              "ID": 28,
                              "left": 29
                            }
                          ],
                          "parent": 25,
                          "ID": 26,
                          "left": 27,
                          "right": 28
                        }
                      ],
                      "parent": 24,
                      "ID": 25,
                      "left": 26
                    }
                  ],
                  "parent": 2,
                  "ID": 24,
                  "left": 25
                }
              ],
              "parent": 1,
              "ID": 2,
              "left": 3,
              "right": 24
            }
          ],
          "parent": 0,
          "ID": 1,
          "left": 2
        }
      ],
      "parent": null,
      "ID": 0,
      "left": 1
    },
    "feat": {
      "utility": 8.684687408099892e-06,
      "query_shape": [
        [
          "Seq Scan",
          "Hash Join",
          "Gather",
          "Aggregate",
          "Nested Loop",
          "Sort"
        ],
        [
          "Seq Scan",
          "Hash Join",
          "Hash",
          "Gather",
          "Aggregate",
          "Nested Loop",
          "Sort"
        ],
        [
          "Seq Scan",
          "Hash Join",
          "Hash",
          "Gather",
          "Aggregate",
          "Nested Loop",
          "Sort"
        ],
        [
          "Seq Scan",
          "Hash Join",
          "Hash",
          "Gather",
          "Aggregate",
          "Nested Loop",
          "Sort"
        ],
        [
          "Seq Scan",
          "Hash",
          "Hash Join",
          "Gather",
          "Aggregate",
          "Nested Loop",
          "Sort"
        ],
        [
          "Seq Scan",
          "Hash",
          "Hash Join",
          "Gather",
          "Aggregate",
          "Nested Loop",
          "Sort"
        ],
        [
          "Seq Scan",
          "Hash",
          "Hash Join",
          "Gather",
          "Aggregate",
          "Nested Loop",
          "Sort"
        ],
        [
          "Seq Scan",
          "Hash Join",
          "Gather",
          "Aggregate",
          "Nested Loop",
          "Sort"
        ],
        [
          "Seq Scan",
          "Hash Join",
          "Hash",
          "Gather",
          "Aggregate",
          "Nested Loop",
          "Sort"
        ],
        [
          "Seq Scan",
          "Hash Join",
          "Hash",
          "Gather",
          "Aggregate",
          "Nested Loop",
          "Sort"
        ],
        [
          "Seq Scan",
          "Hash Join",
          "Hash",
          "Gather",
          "Aggregate",
          "Nested Loop",
          "Sort"
        ],
        [
          "Seq Scan",
          "Hash",
          "Hash Join",
          "Gather",
          "Aggregate",
          "Nested Loop",
          "Sort"
        ],
        [
          "Seq Scan",
          "Hash",
          "Hash Join",
          "Gather",
          "Aggregate",
          "Nested Loop",
          "Sort"
        ]
      ],
      "index_shape": [
        "selection"
      ],
      "physical_operator": {
        "Seq Scan": [
          0.009803921568627416,
          0.009803921568627416
        ]
      }
    }
  },
  {
    "query": "select  promotions,total,cast(promotions as decimal(15,4))/cast(total as decimal(15,4))*100\nfrom\n  (select sum(ss_ext_sales_price) promotions\n   from  store_sales\n        ,store\n        ,promotion\n        ,date_dim\n        ,customer\n        ,customer_address \n        ,item\n   where ss_sold_date_sk = d_date_sk\n   and   ss_store_sk = s_store_sk\n   and   ss_promo_sk = p_promo_sk\n   and   ss_customer_sk= c_customer_sk\n   and   ca_address_sk = c_current_addr_sk\n   and   ss_item_sk = i_item_sk \n   and   ca_gmt_offset = -7\n   and   i_category = 'Books'\n   and   (p_channel_dmail = 'Y' or p_channel_email = 'Y' or p_channel_tv = 'Y')\n   and   s_gmt_offset = -7\n   and   d_year = 1999\n   and   d_moy  = 11) promotional_sales,\n  (select sum(ss_ext_sales_price) total\n   from  store_sales\n        ,store\n        ,date_dim\n        ,customer\n        ,customer_address\n        ,item\n   where ss_sold_date_sk = d_date_sk\n   and   ss_store_sk = s_store_sk\n   and   ss_customer_sk= c_customer_sk\n   and   ca_address_sk = c_current_addr_sk\n   and   ss_item_sk = i_item_sk\n   and   ca_gmt_offset = -7\n   and   i_category = 'Books'\n   and   s_gmt_offset = -7\n   and   d_year = 1999\n   and   d_moy  = 11) all_sales\norder by promotions, total\nlimit 100;\n\n-- end query 45 in stream 3 using template query61.tpl\n",
    "indexes": "store.s_store_sk",
    "wo plan est": {
      "Node Type": "Limit",
      "Parallel Aware": false,
      "Async Capable": false,
      "Startup Cost": 1432044.94,
      "Total Cost": 1432044.95,
      "Plan Rows": 1,
      "Plan Width": 96,
      "Plans": [
        {
          "Node Type": "Sort",
          "Parent Relationship": "Outer",
          "Parallel Aware": false,
          "Async Capable": false,
          "Startup Cost": 1432044.94,
          "Total Cost": 1432044.95,
          "Plan Rows": 1,
          "Plan Width": 96,
          "Sort Key": [
            "(sum(store_sales.ss_ext_sales_price))",
            "(sum(store_sales_1.ss_ext_sales_price))"
          ],
          "Plans": [
            {
              "Node Type": "Nested Loop",
              "Parent Relationship": "Outer",
              "Parallel Aware": false,
              "Async Capable": false,
              "Join Type": "Inner",
              "Startup Cost": 1432044.87,
              "Total Cost": 1432044.93,
              "Plan Rows": 1,
              "Plan Width": 96,
              "Inner Unique": false,
              "Plans": [
                {
                  "Node Type": "Aggregate",
                  "Strategy": "Plain",
                  "Partial Mode": "Simple",
                  "Parent Relationship": "Outer",
                  "Parallel Aware": false,
                  "Async Capable": false,
                  "Startup Cost": 716034.87,
                  "Total Cost": 716034.88,
                  "Plan Rows": 1,
                  "Plan Width": 32,
                  "Plans": [
                    {
                      "Node Type": "Gather",
                      "Parent Relationship": "Outer",
                      "Parallel Aware": false,
                      "Async Capable": false,
                      "Startup Cost": 709254.95,
                      "Total Cost": 716034.86,
                      "Plan Rows": 1,
                      "Plan Width": 6,
                      "Workers Planned": 2,
                      "Single Copy": false,
                      "Plans": [
                        {
                          "Node Type": "Hash Join",
                          "Parent Relationship": "Outer",
                          "Parallel Aware": true,
                          "Async Capable": false,
                          "Join Type": "Inner",
                          "Startup Cost": 708254.95,
                          "Total Cost": 715034.76,
                          "Plan Rows": 1,
                          "Plan Width": 6,
                          "Inner Unique": false,
                          "Hash Cond": "(customer_address.ca_address_sk = customer.c_current_addr_sk)",
                          "Plans": [
                            {
                              "Node Type": "Seq Scan",
                              "Parent Relationship": "Outer",
                              "Parallel Aware": true,
                              "Async Capable": false,
                              "Relation Name": "customer_address",
                              "Alias": "customer_address",
                              "Startup Cost": 0.0,
                              "Total Cost": 6737.08,
                              "Plan Rows": 11392,
                              "Plan Width": 4,
                              "Filter": "(ca_gmt_offset = '-7'::numeric)",
                              "parent": 5,
                              "ID": 6
                            },
                            {
                              "Node Type": "Hash",
                              "Parent Relationship": "Inner",
                              "Parallel Aware": true,
                              "Async Capable": false,
                              "Startup Cost": 708254.92,
                              "Total Cost": 708254.92,
                              "Plan Rows": 2,
                              "Plan Width": 10,
                              "Plans": [
                                {
                                  "Node Type": "Hash Join",
                                  "Parent Relationship": "Outer",
                                  "Parallel Aware": true,
                                  "Async Capable": false,
                                  "Join Type": "Inner",
                                  "Startup Cost": 691555.33,
                                  "Total Cost": 708254.92,
                                  "Plan Rows": 2,
                                  "Plan Width": 10,
                                  "Inner Unique": false,
                                  "Hash Cond": "(customer.c_customer_sk = store_sales.ss_customer_sk)",
                                  "Plans": [
                                    {
                                      "Node Type": "Seq Scan",
                                      "Parent Relationship": "Outer",
                                      "Parallel Aware": true,
                                      "Async Capable": false,
                                      "Relation Name": "customer",
                                      "Alias": "customer",
                                      "Startup Cost": 0.0,
                                      "Total Cost": 15918.33,
                                      "Plan Rows": 208333,
                                      "Plan Width": 8,
                                      "parent": 8,
                                      "ID": 9
                                    },
                                    {
                                      "Node Type": "Hash",
                                      "Parent Relationship": "Inner",
                                      "Parallel Aware": true,
                                      "Async Capable": false,
                                      "Startup Cost": 691555.31,
                                      "Total Cost": 691555.31,
                                      "Plan Rows": 2,
                                      "Plan Width": 10,
                                      "Plans": [
                                        {
                                          "Node Type": "Hash Join",
                                          "Parent Relationship": "Outer",
                                          "Parallel Aware": false,
                                          "Async Capable": false,
                                          "Join Type": "Inner",
                                          "Startup Cost": 684044.55,
                                          "Total Cost": 691555.31,
                                          "Plan Rows": 2,
                                          "Plan Width": 10,
                                          "Inner Unique": false,
                                          "Hash Cond": "(store_sales.ss_promo_sk = promotion.p_promo_sk)",
                                          "Plans": [
                                            {
                                              "Node Type": "Hash Join",
                                              "Parent Relationship": "Outer",
                                              "Parallel Aware": true,
                                              "Async Capable": false,
                                              "Join Type": "Inner",
                                              "Startup Cost": 684019.66,
                                              "Total Cost": 691530.38,
                                              "Plan Rows": 4,
                                              "Plan Width": 14,
                                              "Inner Unique": false,
                                              "Hash Cond": "(item.i_item_sk = store_sales.ss_item_sk)",
                                              "Plans": [
                                                {
                                                  "Node Type": "Seq Scan",
                                                  "Parent Relationship": "Outer",
                                                  "Parallel Aware": true,
                                                  "Async Capable": false,
                                                  "Relation Name": "item",
                                                  "Alias": "item",
                                                  "Startup Cost": 0.0,
                                                  "Total Cost": 7495.25,
                                                  "Plan Rows": 4120,
                                                  "Plan Width": 4,
                                                  "Filter": "(i_category = 'Books'::bpchar)",
                                                  "parent": 12,
                                                  "ID": 13
                                                },
                                                {
                                                  "Node Type": "Hash",
                                                  "Parent Relationship": "Inner",
                                                  "Parallel Aware": true,
                                                  "Async Capable": false,
                                                  "Startup Cost": 684019.11,
                                                  "Total Cost": 684019.11,
                                                  "Plan Rows": 44,
                                                  "Plan Width": 18,
                                                  "Plans": [
                                                    {
                                                      "Node Type": "Hash Join",
                                                      "Parent Relationship": "Outer",
                                                      "Parallel Aware": false,
                                                      "Async Capable": false,
                                                      "Join Type": "Inner",
                                                      "Startup Cost": 2056.06,
                                                      "Total Cost": 684019.11,
                                                      "Plan Rows": 44,
                                                      "Plan Width": 18,
                                                      "Inner Unique": false,
                                                      "Hash Cond": "(store_sales.ss_store_sk = store.s_store_sk)",
                                                      "Plans": [
                                                        {
                                                          "Node Type": "Hash Join",
                                                          "Parent Relationship": "Outer",
                                                          "Parallel Aware": true,
                                                          "Async Capable": false,
                                                          "Join Type": "Inner",
                                                          "Startup Cost": 2049.78,
                                                          "Total Cost": 683994.75,
                                                          "Plan Rows": 4703,
                                                          "Plan Width": 22,
                                                          "Inner Unique": false,
                                                          "Hash Cond": "(store_sales.ss_sold_date_sk = date_dim.d_date_sk)",
                                                          "Plans": [
                                                            {
                                                              "Node Type": "Seq Scan",
                                                              "Parent Relationship": "Outer",
                                                              "Parallel Aware": true,
                                                              "Async Capable": false,
                                                              "Relation Name": "store_sales",
                                                              "Alias": "store_sales",
                                                              "Startup Cost": 0.0,
                                                              "Total Cost": 636914.37,
                                                              "Plan Rows": 12000637,
                                                              "Plan Width": 26,
                                                              "parent": 16,
                                                              "ID": 17
                                                            },
                                                            {
                                                              "Node Type": "Hash",
                                                              "Parent Relationship": "Inner",
                                                              "Parallel Aware": true,
                                                              "Async Capable": false,
                                                              "Startup Cost": 2049.55,
                                                              "Total Cost": 2049.55,
                                                              "Plan Rows": 18,
                                                              "Plan Width": 4,
                                                              "Plans": [
                                                                {
                                                                  "Node Type": "Seq Scan",
                                                                  "Parent Relationship": "Outer",
                                                                  "Parallel Aware": true,
                                                                  "Async Capable": false,
                                                                  "Relation Name": "date_dim",
                                                                  "Alias": "date_dim",
                                                                  "Startup Cost": 0.0,
                                                                  "Total Cost": 2049.55,
                                                                  "Plan Rows": 18,
                                                                  "Plan Width": 4,
                                                                  "Filter": "((d_year = 1999) AND (d_moy = 11))",
                                                                  "parent": 18,
                                                                  "ID": 19
                                                                }
                                                              ],
                                                              "parent": 16,
                                                              "ID": 18,
                                                              "left": 19
                                                            }
                                                          ],
                                                          "parent": 15,
                                                          "ID": 16,
                                                          "left": 17,
                                                          "right": 18
                                                        },
                                                        {
                                                          "Node Type": "Hash",
                                                          "Parent Relationship": "Inner",
                                                          "Parallel Aware": false,
                                                          "Async Capable": false,
                                                          "Startup Cost": 6.28,
                                                          "Total Cost": 6.28,
                                                          "Plan Rows": 1,
                                                          "Plan Width": 4,
                                                          "Plans": [
                                                            {
                                                              "Node Type": "Seq Scan",
                                                              "Parent Relationship": "Outer",
                                                              "Parallel Aware": false,
                                                              "Async Capable": false,
                                                              "Relation Name": "store",
                                                              "Alias": "store",
                                                              "Startup Cost": 0.0,
                                                              "Total Cost": 6.28,
                                                              "Plan Rows": 1,
                                                              "Plan Width": 4,
                                                              "Filter": "(s_gmt_offset = '-7'::numeric)",
                                                              "parent": 20,
                                                              "ID": 21
                                                            }
                                                          ],
                                                          "parent": 15,
                                                          "ID": 20,
                                                          "left": 21
                                                        }
                                                      ],
                                                      "parent": 14,
                                                      "ID": 15,
                                                      "left": 16,
                                                      "right": 20
                                                    }
                                                  ],
                                                  "parent": 12,
                                                  "ID": 14,
                                                  "left": 15
                                                }
                                              ],
                                              "parent": 11,
                                              "ID": 12,
                                              "left": 13,
                                              "right": 14
                                            },
                                            {
                                              "Node Type": "Hash",
                                              "Parent Relationship": "Inner",
                                              "Parallel Aware": false,
                                              "Async Capable": false,
                                              "Startup Cost": 21.75,
                                              "Total Cost": 21.75,
                                              "Plan Rows": 251,
                                              "Plan Width": 4,
                                              "Plans": [
                                                {
                                                  "Node Type": "Seq Scan",
                                                  "Parent Relationship": "Outer",
                                                  "Parallel Aware": false,
                                                  "Async Capable": false,
                                                  "Relation Name": "promotion",
                                                  "Alias": "promotion",
                                                  "Startup Cost": 0.0,
                                                  "Total Cost": 21.75,
                                                  "Plan Rows": 251,
                                                  "Plan Width": 4,
                                                  "Filter": "((p_channel_dmail = 'Y'::bpchar) OR (p_channel_email = 'Y'::bpchar) OR (p_channel_tv = 'Y'::bpchar))",
                                                  "parent": 22,
                                                  "ID": 23
                                                }
                                              ],
                                              "parent": 11,
                                              "ID": 22,
                                              "left": 23
                                            }
                                          ],
                                          "parent": 10,
                                          "ID": 11,
                                          "left": 12,
                                          "right": 22
                                        }
                                      ],
                                      "parent": 8,
                                      "ID": 10,
                                      "left": 11
                                    }
                                  ],
                                  "parent": 7,
                                  "ID": 8,
                                  "left": 9,
                                  "right": 10
                                }
                              ],
                              "parent": 5,
                              "ID": 7,
                              "left": 8
                            }
                          ],
                          "parent": 4,
                          "ID": 5,
                          "left": 6,
                          "right": 7
                        }
                      ],
                      "parent": 3,
                      "ID": 4,
                      "left": 5
                    }
                  ],
                  "parent": 2,
                  "ID": 3,
                  "left": 4
                },
                {
                  "Node Type": "Aggregate",
                  "Strategy": "Plain",
                  "Partial Mode": "Simple",
                  "Parent Relationship": "Inner",
                  "Parallel Aware": false,
                  "Async Capable": false,
                  "Startup Cost": 716010.0,
                  "Total Cost": 716010.01,
                  "Plan Rows": 1,
                  "Plan Width": 32,
                  "Plans": [
                    {
                      "Node Type": "Gather",
                      "Parent Relationship": "Outer",
                      "Parallel Aware": false,
                      "Async Capable": false,
                      "Startup Cost": 709230.09,
                      "Total Cost": 716010.0,
                      "Plan Rows": 1,
                      "Plan Width": 6,
                      "Workers Planned": 2,
                      "Single Copy": false,
                      "Plans": [
                        {
                          "Node Type": "Hash Join",
                          "Parent Relationship": "Outer",
                          "Parallel Aware": true,
                          "Async Capable": false,
                          "Join Type": "Inner",
                          "Startup Cost": 708230.09,
                          "Total Cost": 715009.9,
                          "Plan Rows": 1,
                          "Plan Width": 6,
                          "Inner Unique": false,
                          "Hash Cond": "(customer_address_1.ca_address_sk = customer_1.c_current_addr_sk)",
                          "Plans": [
                            {
                              "Node Type": "Seq Scan",
                              "Parent Relationship": "Outer",
                              "Parallel Aware": true,
                              "Async Capable": false,
                              "Relation Name": "customer_address",
                              "Alias": "customer_address_1",
                              "Startup Cost": 0.0,
                              "Total Cost": 6737.08,
                              "Plan Rows": 11392,
                              "Plan Width": 4,
                              "Filter": "(ca_gmt_offset = '-7'::numeric)",
                              "parent": 26,
                              "ID": 27
                            },
                            {
                              "Node Type": "Hash",
                              "Parent Relationship": "Inner",
                              "Parallel Aware": true,
                              "Async Capable": false,
                              "Startup Cost": 708230.04,
                              "Total Cost": 708230.04,
                              "Plan Rows": 4,
                              "Plan Width": 10,
                              "Plans": [
                                {
                                  "Node Type": "Hash Join",
                                  "Parent Relationship": "Outer",
                                  "Parallel Aware": true,
                                  "Async Capable": false,
                                  "Join Type": "Inner",
                                  "Startup Cost": 691530.43,
                                  "Total Cost": 708230.04,
                                  "Plan Rows": 4,
                                  "Plan Width": 10,
                                  "Inner Unique": false,
                                  "Hash Cond": "(customer_1.c_customer_sk = store_sales_1.ss_customer_sk)",
                                  "Plans": [
                                    {
                                      "Node Type": "Seq Scan",
                                      "Parent Relationship": "Outer",
                                      "Parallel Aware": true,
                                      "Async Capable": false,
                                      "Relation Name": "customer",
                                      "Alias": "customer_1",
                                      "Startup Cost": 0.0,
                                      "Total Cost": 15918.33,
                                      "Plan Rows": 208333,
                                      "Plan Width": 8,
                                      "parent": 29,
                                      "ID": 30
                                    },
                                    {
                                      "Node Type": "Hash",
                                      "Parent Relationship": "Inner",
                                      "Parallel Aware": true,
                                      "Async Capable": false,
                                      "Startup Cost": 691530.38,
                                      "Total Cost": 691530.38,
                                      "Plan Rows": 4,
                                      "Plan Width": 10,
                                      "Plans": [
                                        {
                                          "Node Type": "Hash Join",
                                          "Parent Relationship": "Outer",
                                          "Parallel Aware": true,
                                          "Async Capable": false,
                                          "Join Type": "Inner",
                                          "Startup Cost": 684019.66,
                                          "Total Cost": 691530.38,
                                          "Plan Rows": 4,
                                          "Plan Width": 10,
                                          "Inner Unique": false,
                                          "Hash Cond": "(item_1.i_item_sk = store_sales_1.ss_item_sk)",
                                          "Plans": [
                                            {
                                              "Node Type": "Seq Scan",
                                              "Parent Relationship": "Outer",
                                              "Parallel Aware": true,
                                              "Async Capable": false,
                                              "Relation Name": "item",
                                              "Alias": "item_1",
                                              "Startup Cost": 0.0,
                                              "Total Cost": 7495.25,
                                              "Plan Rows": 4120,
                                              "Plan Width": 4,
                                              "Filter": "(i_category = 'Books'::bpchar)",
                                              "parent": 32,
                                              "ID": 33
                                            },
                                            {
                                              "Node Type": "Hash",
                                              "Parent Relationship": "Inner",
                                              "Parallel Aware": true,
                                              "Async Capable": false,
                                              "Startup Cost": 684019.11,
                                              "Total Cost": 684019.11,
                                              "Plan Rows": 44,
                                              "Plan Width": 14,
                                              "Plans": [
                                                {
                                                  "Node Type": "Hash Join",
                                                  "Parent Relationship": "Outer",
                                                  "Parallel Aware": false,
                                                  "Async Capable": false,
                                                  "Join Type": "Inner",
                                                  "Startup Cost": 2056.06,
                                                  "Total Cost": 684019.11,
                                                  "Plan Rows": 44,
                                                  "Plan Width": 14,
                                                  "Inner Unique": false,
                                                  "Hash Cond": "(store_sales_1.ss_store_sk = store_1.s_store_sk)",
                                                  "Plans": [
                                                    {
                                                      "Node Type": "Hash Join",
                                                      "Parent Relationship": "Outer",
                                                      "Parallel Aware": true,
                                                      "Async Capable": false,
                                                      "Join Type": "Inner",
                                                      "Startup Cost": 2049.78,
                                                      "Total Cost": 683994.75,
                                                      "Plan Rows": 4703,
                                                      "Plan Width": 18,
                                                      "Inner Unique": false,
                                                      "Hash Cond": "(store_sales_1.ss_sold_date_sk = date_dim_1.d_date_sk)",
                                                      "Plans": [
                                                        {
                                                          "Node Type": "Seq Scan",
                                                          "Parent Relationship": "Outer",
                                                          "Parallel Aware": true,
                                                          "Async Capable": false,
                                                          "Relation Name": "store_sales",
                                                          "Alias": "store_sales_1",
                                                          "Startup Cost": 0.0,
                                                          "Total Cost": 636914.37,
                                                          "Plan Rows": 12000637,
                                                          "Plan Width": 22,
                                                          "parent": 36,
                                                          "ID": 37
                                                        },
                                                        {
                                                          "Node Type": "Hash",
                                                          "Parent Relationship": "Inner",
                                                          "Parallel Aware": true,
                                                          "Async Capable": false,
                                                          "Startup Cost": 2049.55,
                                                          "Total Cost": 2049.55,
                                                          "Plan Rows": 18,
                                                          "Plan Width": 4,
                                                          "Plans": [
                                                            {
                                                              "Node Type": "Seq Scan",
                                                              "Parent Relationship": "Outer",
                                                              "Parallel Aware": true,
                                                              "Async Capable": false,
                                                              "Relation Name": "date_dim",
                                                              "Alias": "date_dim_1",
                                                              "Startup Cost": 0.0,
                                                              "Total Cost": 2049.55,
                                                              "Plan Rows": 18,
                                                              "Plan Width": 4,
                                                              "Filter": "((d_year = 1999) AND (d_moy = 11))",
                                                              "parent": 38,
                                                              "ID": 39
                                                            }
                                                          ],
                                                          "parent": 36,
                                                          "ID": 38,
                                                          "left": 39
                                                        }
                                                      ],
                                                      "parent": 35,
                                                      "ID": 36,
                                                      "left": 37,
                                                      "right": 38
                                                    },
                                                    {
                                                      "Node Type": "Hash",
                                                      "Parent Relationship": "Inner",
                                                      "Parallel Aware": false,
                                                      "Async Capable": false,
                                                      "Startup Cost": 6.28,
                                                      "Total Cost": 6.28,
                                                      "Plan Rows": 1,
                                                      "Plan Width": 4,
                                                      "Plans": [
                                                        {
                                                          "Node Type": "Seq Scan",
                                                          "Parent Relationship": "Outer",
                                                          "Parallel Aware": false,
                                                          "Async Capable": false,
                                                          "Relation Name": "store",
                                                          "Alias": "store_1",
                                                          "Startup Cost": 0.0,
                                                          "Total Cost": 6.28,
                                                          "Plan Rows": 1,
                                                          "Plan Width": 4,
                                                          "Filter": "(s_gmt_offset = '-7'::numeric)",
                                                          "parent": 40,
                                                          "ID": 41
                                                        }
                                                      ],
                                                      "parent": 35,
                                                      "ID": 40,
                                                      "left": 41
                                                    }
                                                  ],
                                                  "parent": 34,
                                                  "ID": 35,
                                                  "left": 36,
                                                  "right": 40
                                                }
                                              ],
                                              "parent": 32,
                                              "ID": 34,
                                              "left": 35
                                            }
                                          ],
                                          "parent": 31,
                                          "ID": 32,
                                          "left": 33,
                                          "right": 34
                                        }
                                      ],
                                      "parent": 29,
                                      "ID": 31,
                                      "left": 32
                                    }
                                  ],
                                  "parent": 28,
                                  "ID": 29,
                                  "left": 30,
                                  "right": 31
                                }
                              ],
                              "parent": 26,
                              "ID": 28,
                              "left": 29
                            }
                          ],
                          "parent": 25,
                          "ID": 26,
                          "left": 27,
                          "right": 28
                        }
                      ],
                      "parent": 24,
                      "ID": 25,
                      "left": 26
                    }
                  ],
                  "parent": 2,
                  "ID": 24,
                  "left": 25
                }
              ],
              "parent": 1,
              "ID": 2,
              "left": 3,
              "right": 24
            }
          ],
          "parent": 0,
          "ID": 1,
          "left": 2
        }
      ],
      "parent": null,
      "ID": 0,
      "left": 1
    },
    "feat": {
      "utility": 7.922330713822716e-06,
      "query_shape": [
        [
          "Seq Scan",
          "Hash Join",
          "Gather",
          "Aggregate",
          "Nested Loop",
          "Sort"
        ],
        [
          "Seq Scan",
          "Hash Join",
          "Hash",
          "Gather",
          "Aggregate",
          "Nested Loop",
          "Sort"
        ],
        [
          "Seq Scan",
          "Hash Join",
          "Hash",
          "Gather",
          "Aggregate",
          "Nested Loop",
          "Sort"
        ],
        [
          "Seq Scan",
          "Hash Join",
          "Hash",
          "Gather",
          "Aggregate",
          "Nested Loop",
          "Sort"
        ],
        [
          "Seq Scan",
          "Hash",
          "Hash Join",
          "Gather",
          "Aggregate",
          "Nested Loop",
          "Sort"
        ],
        [
          "Seq Scan",
          "Hash",
          "Hash Join",
          "Gather",
          "Aggregate",
          "Nested Loop",
          "Sort"
        ],
        [
          "Seq Scan",
          "Hash",
          "Hash Join",
          "Gather",
          "Aggregate",
          "Nested Loop",
          "Sort"
        ],
        [
          "Seq Scan",
          "Hash Join",
          "Gather",
          "Aggregate",
          "Nested Loop",
          "Sort"
        ],
        [
          "Seq Scan",
          "Hash Join",
          "Hash",
          "Gather",
          "Aggregate",
          "Nested Loop",
          "Sort"
        ],
        [
          "Seq Scan",
          "Hash Join",
          "Hash",
          "Gather",
          "Aggregate",
          "Nested Loop",
          "Sort"
        ],
        [
          "Seq Scan",
          "Hash Join",
          "Hash",
          "Gather",
          "Aggregate",
          "Nested Loop",
          "Sort"
        ],
        [
          "Seq Scan",
          "Hash",
          "Hash Join",
          "Gather",
          "Aggregate",
          "Nested Loop",
          "Sort"
        ],
        [
          "Seq Scan",
          "Hash",
          "Hash Join",
          "Gather",
          "Aggregate",
          "Nested Loop",
          "Sort"
        ]
      ],
      "index_shape": [
        "join"
      ],
      "physical_operator": {
        "Hash Join": [
          0.09672502460511824,
          0.09672502460511824
        ]
      }
    }
  },
  {
    "query": "select  promotions,total,cast(promotions as decimal(15,4))/cast(total as decimal(15,4))*100\nfrom\n  (select sum(ss_ext_sales_price) promotions\n   from  store_sales\n        ,store\n        ,promotion\n        ,date_dim\n        ,customer\n        ,customer_address \n        ,item\n   where ss_sold_date_sk = d_date_sk\n   and   ss_store_sk = s_store_sk\n   and   ss_promo_sk = p_promo_sk\n   and   ss_customer_sk= c_customer_sk\n   and   ca_address_sk = c_current_addr_sk\n   and   ss_item_sk = i_item_sk \n   and   ca_gmt_offset = -7\n   and   i_category = 'Books'\n   and   (p_channel_dmail = 'Y' or p_channel_email = 'Y' or p_channel_tv = 'Y')\n   and   s_gmt_offset = -7\n   and   d_year = 1999\n   and   d_moy  = 11) promotional_sales,\n  (select sum(ss_ext_sales_price) total\n   from  store_sales\n        ,store\n        ,date_dim\n        ,customer\n        ,customer_address\n        ,item\n   where ss_sold_date_sk = d_date_sk\n   and   ss_store_sk = s_store_sk\n   and   ss_customer_sk= c_customer_sk\n   and   ca_address_sk = c_current_addr_sk\n   and   ss_item_sk = i_item_sk\n   and   ca_gmt_offset = -7\n   and   i_category = 'Books'\n   and   s_gmt_offset = -7\n   and   d_year = 1999\n   and   d_moy  = 11) all_sales\norder by promotions, total\nlimit 100;\n\n-- end query 45 in stream 3 using template query61.tpl\n",
    "indexes": "store_sales.ss_sold_date_sk",
    "wo plan est": {
      "Node Type": "Limit",
      "Parallel Aware": false,
      "Async Capable": false,
      "Startup Cost": 1432044.94,
      "Total Cost": 1432044.95,
      "Plan Rows": 1,
      "Plan Width": 96,
      "Plans": [
        {
          "Node Type": "Sort",
          "Parent Relationship": "Outer",
          "Parallel Aware": false,
          "Async Capable": false,
          "Startup Cost": 1432044.94,
          "Total Cost": 1432044.95,
          "Plan Rows": 1,
          "Plan Width": 96,
          "Sort Key": [
            "(sum(store_sales.ss_ext_sales_price))",
            "(sum(store_sales_1.ss_ext_sales_price))"
          ],
          "Plans": [
            {
              "Node Type": "Nested Loop",
              "Parent Relationship": "Outer",
              "Parallel Aware": false,
              "Async Capable": false,
              "Join Type": "Inner",
              "Startup Cost": 1432044.87,
              "Total Cost": 1432044.93,
              "Plan Rows": 1,
              "Plan Width": 96,
              "Inner Unique": false,
              "Plans": [
                {
                  "Node Type": "Aggregate",
                  "Strategy": "Plain",
                  "Partial Mode": "Simple",
                  "Parent Relationship": "Outer",
                  "Parallel Aware": false,
                  "Async Capable": false,
                  "Startup Cost": 716034.87,
                  "Total Cost": 716034.88,
                  "Plan Rows": 1,
                  "Plan Width": 32,
                  "Plans": [
                    {
                      "Node Type": "Gather",
                      "Parent Relationship": "Outer",
                      "Parallel Aware": false,
                      "Async Capable": false,
                      "Startup Cost": 709254.95,
                      "Total Cost": 716034.86,
                      "Plan Rows": 1,
                      "Plan Width": 6,
                      "Workers Planned": 2,
                      "Single Copy": false,
                      "Plans": [
                        {
                          "Node Type": "Hash Join",
                          "Parent Relationship": "Outer",
                          "Parallel Aware": true,
                          "Async Capable": false,
                          "Join Type": "Inner",
                          "Startup Cost": 708254.95,
                          "Total Cost": 715034.76,
                          "Plan Rows": 1,
                          "Plan Width": 6,
                          "Inner Unique": false,
                          "Hash Cond": "(customer_address.ca_address_sk = customer.c_current_addr_sk)",
                          "Plans": [
                            {
                              "Node Type": "Seq Scan",
                              "Parent Relationship": "Outer",
                              "Parallel Aware": true,
                              "Async Capable": false,
                              "Relation Name": "customer_address",
                              "Alias": "customer_address",
                              "Startup Cost": 0.0,
                              "Total Cost": 6737.08,
                              "Plan Rows": 11392,
                              "Plan Width": 4,
                              "Filter": "(ca_gmt_offset = '-7'::numeric)",
                              "parent": 5,
                              "ID": 6
                            },
                            {
                              "Node Type": "Hash",
                              "Parent Relationship": "Inner",
                              "Parallel Aware": true,
                              "Async Capable": false,
                              "Startup Cost": 708254.92,
                              "Total Cost": 708254.92,
                              "Plan Rows": 2,
                              "Plan Width": 10,
                              "Plans": [
                                {
                                  "Node Type": "Hash Join",
                                  "Parent Relationship": "Outer",
                                  "Parallel Aware": true,
                                  "Async Capable": false,
                                  "Join Type": "Inner",
                                  "Startup Cost": 691555.33,
                                  "Total Cost": 708254.92,
                                  "Plan Rows": 2,
                                  "Plan Width": 10,
                                  "Inner Unique": false,
                                  "Hash Cond": "(customer.c_customer_sk = store_sales.ss_customer_sk)",
                                  "Plans": [
                                    {
                                      "Node Type": "Seq Scan",
                                      "Parent Relationship": "Outer",
                                      "Parallel Aware": true,
                                      "Async Capable": false,
                                      "Relation Name": "customer",
                                      "Alias": "customer",
                                      "Startup Cost": 0.0,
                                      "Total Cost": 15918.33,
                                      "Plan Rows": 208333,
                                      "Plan Width": 8,
                                      "parent": 8,
                                      "ID": 9
                                    },
                                    {
                                      "Node Type": "Hash",
                                      "Parent Relationship": "Inner",
                                      "Parallel Aware": true,
                                      "Async Capable": false,
                                      "Startup Cost": 691555.31,
                                      "Total Cost": 691555.31,
                                      "Plan Rows": 2,
                                      "Plan Width": 10,
                                      "Plans": [
                                        {
                                          "Node Type": "Hash Join",
                                          "Parent Relationship": "Outer",
                                          "Parallel Aware": false,
                                          "Async Capable": false,
                                          "Join Type": "Inner",
                                          "Startup Cost": 684044.55,
                                          "Total Cost": 691555.31,
                                          "Plan Rows": 2,
                                          "Plan Width": 10,
                                          "Inner Unique": false,
                                          "Hash Cond": "(store_sales.ss_promo_sk = promotion.p_promo_sk)",
                                          "Plans": [
                                            {
                                              "Node Type": "Hash Join",
                                              "Parent Relationship": "Outer",
                                              "Parallel Aware": true,
                                              "Async Capable": false,
                                              "Join Type": "Inner",
                                              "Startup Cost": 684019.66,
                                              "Total Cost": 691530.38,
                                              "Plan Rows": 4,
                                              "Plan Width": 14,
                                              "Inner Unique": false,
                                              "Hash Cond": "(item.i_item_sk = store_sales.ss_item_sk)",
                                              "Plans": [
                                                {
                                                  "Node Type": "Seq Scan",
                                                  "Parent Relationship": "Outer",
                                                  "Parallel Aware": true,
                                                  "Async Capable": false,
                                                  "Relation Name": "item",
                                                  "Alias": "item",
                                                  "Startup Cost": 0.0,
                                                  "Total Cost": 7495.25,
                                                  "Plan Rows": 4120,
                                                  "Plan Width": 4,
                                                  "Filter": "(i_category = 'Books'::bpchar)",
                                                  "parent": 12,
                                                  "ID": 13
                                                },
                                                {
                                                  "Node Type": "Hash",
                                                  "Parent Relationship": "Inner",
                                                  "Parallel Aware": true,
                                                  "Async Capable": false,
                                                  "Startup Cost": 684019.11,
                                                  "Total Cost": 684019.11,
                                                  "Plan Rows": 44,
                                                  "Plan Width": 18,
                                                  "Plans": [
                                                    {
                                                      "Node Type": "Hash Join",
                                                      "Parent Relationship": "Outer",
                                                      "Parallel Aware": false,
                                                      "Async Capable": false,
                                                      "Join Type": "Inner",
                                                      "Startup Cost": 2056.06,
                                                      "Total Cost": 684019.11,
                                                      "Plan Rows": 44,
                                                      "Plan Width": 18,
                                                      "Inner Unique": false,
                                                      "Hash Cond": "(store_sales.ss_store_sk = store.s_store_sk)",
                                                      "Plans": [
                                                        {
                                                          "Node Type": "Hash Join",
                                                          "Parent Relationship": "Outer",
                                                          "Parallel Aware": true,
                                                          "Async Capable": false,
                                                          "Join Type": "Inner",
                                                          "Startup Cost": 2049.78,
                                                          "Total Cost": 683994.75,
                                                          "Plan Rows": 4703,
                                                          "Plan Width": 22,
                                                          "Inner Unique": false,
                                                          "Hash Cond": "(store_sales.ss_sold_date_sk = date_dim.d_date_sk)",
                                                          "Plans": [
                                                            {
                                                              "Node Type": "Seq Scan",
                                                              "Parent Relationship": "Outer",
                                                              "Parallel Aware": true,
                                                              "Async Capable": false,
                                                              "Relation Name": "store_sales",
                                                              "Alias": "store_sales",
                                                              "Startup Cost": 0.0,
                                                              "Total Cost": 636914.37,
                                                              "Plan Rows": 12000637,
                                                              "Plan Width": 26,
                                                              "parent": 16,
                                                              "ID": 17
                                                            },
                                                            {
                                                              "Node Type": "Hash",
                                                              "Parent Relationship": "Inner",
                                                              "Parallel Aware": true,
                                                              "Async Capable": false,
                                                              "Startup Cost": 2049.55,
                                                              "Total Cost": 2049.55,
                                                              "Plan Rows": 18,
                                                              "Plan Width": 4,
                                                              "Plans": [
                                                                {
                                                                  "Node Type": "Seq Scan",
                                                                  "Parent Relationship": "Outer",
                                                                  "Parallel Aware": true,
                                                                  "Async Capable": false,
                                                                  "Relation Name": "date_dim",
                                                                  "Alias": "date_dim",
                                                                  "Startup Cost": 0.0,
                                                                  "Total Cost": 2049.55,
                                                                  "Plan Rows": 18,
                                                                  "Plan Width": 4,
                                                                  "Filter": "((d_year = 1999) AND (d_moy = 11))",
                                                                  "parent": 18,
                                                                  "ID": 19
                                                                }
                                                              ],
                                                              "parent": 16,
                                                              "ID": 18,
                                                              "left": 19
                                                            }
                                                          ],
                                                          "parent": 15,
                                                          "ID": 16,
                                                          "left": 17,
                                                          "right": 18
                                                        },
                                                        {
                                                          "Node Type": "Hash",
                                                          "Parent Relationship": "Inner",
                                                          "Parallel Aware": false,
                                                          "Async Capable": false,
                                                          "Startup Cost": 6.28,
                                                          "Total Cost": 6.28,
                                                          "Plan Rows": 1,
                                                          "Plan Width": 4,
                                                          "Plans": [
                                                            {
                                                              "Node Type": "Seq Scan",
                                                              "Parent Relationship": "Outer",
                                                              "Parallel Aware": false,
                                                              "Async Capable": false,
                                                              "Relation Name": "store",
                                                              "Alias": "store",
                                                              "Startup Cost": 0.0,
                                                              "Total Cost": 6.28,
                                                              "Plan Rows": 1,
                                                              "Plan Width": 4,
                                                              "Filter": "(s_gmt_offset = '-7'::numeric)",
                                                              "parent": 20,
                                                              "ID": 21
                                                            }
                                                          ],
                                                          "parent": 15,
                                                          "ID": 20,
                                                          "left": 21
                                                        }
                                                      ],
                                                      "parent": 14,
                                                      "ID": 15,
                                                      "left": 16,
                                                      "right": 20
                                                    }
                                                  ],
                                                  "parent": 12,
                                                  "ID": 14,
                                                  "left": 15
                                                }
                                              ],
                                              "parent": 11,
                                              "ID": 12,
                                              "left": 13,
                                              "right": 14
                                            },
                                            {
                                              "Node Type": "Hash",
                                              "Parent Relationship": "Inner",
                                              "Parallel Aware": false,
                                              "Async Capable": false,
                                              "Startup Cost": 21.75,
                                              "Total Cost": 21.75,
                                              "Plan Rows": 251,
                                              "Plan Width": 4,
                                              "Plans": [
                                                {
                                                  "Node Type": "Seq Scan",
                                                  "Parent Relationship": "Outer",
                                                  "Parallel Aware": false,
                                                  "Async Capable": false,
                                                  "Relation Name": "promotion",
                                                  "Alias": "promotion",
                                                  "Startup Cost": 0.0,
                                                  "Total Cost": 21.75,
                                                  "Plan Rows": 251,
                                                  "Plan Width": 4,
                                                  "Filter": "((p_channel_dmail = 'Y'::bpchar) OR (p_channel_email = 'Y'::bpchar) OR (p_channel_tv = 'Y'::bpchar))",
                                                  "parent": 22,
                                                  "ID": 23
                                                }
                                              ],
                                              "parent": 11,
                                              "ID": 22,
                                              "left": 23
                                            }
                                          ],
                                          "parent": 10,
                                          "ID": 11,
                                          "left": 12,
                                          "right": 22
                                        }
                                      ],
                                      "parent": 8,
                                      "ID": 10,
                                      "left": 11
                                    }
                                  ],
                                  "parent": 7,
                                  "ID": 8,
                                  "left": 9,
                                  "right": 10
                                }
                              ],
                              "parent": 5,
                              "ID": 7,
                              "left": 8
                            }
                          ],
                          "parent": 4,
                          "ID": 5,
                          "left": 6,
                          "right": 7
                        }
                      ],
                      "parent": 3,
                      "ID": 4,
                      "left": 5
                    }
                  ],
                  "parent": 2,
                  "ID": 3,
                  "left": 4
                },
                {
                  "Node Type": "Aggregate",
                  "Strategy": "Plain",
                  "Partial Mode": "Simple",
                  "Parent Relationship": "Inner",
                  "Parallel Aware": false,
                  "Async Capable": false,
                  "Startup Cost": 716010.0,
                  "Total Cost": 716010.01,
                  "Plan Rows": 1,
                  "Plan Width": 32,
                  "Plans": [
                    {
                      "Node Type": "Gather",
                      "Parent Relationship": "Outer",
                      "Parallel Aware": false,
                      "Async Capable": false,
                      "Startup Cost": 709230.09,
                      "Total Cost": 716010.0,
                      "Plan Rows": 1,
                      "Plan Width": 6,
                      "Workers Planned": 2,
                      "Single Copy": false,
                      "Plans": [
                        {
                          "Node Type": "Hash Join",
                          "Parent Relationship": "Outer",
                          "Parallel Aware": true,
                          "Async Capable": false,
                          "Join Type": "Inner",
                          "Startup Cost": 708230.09,
                          "Total Cost": 715009.9,
                          "Plan Rows": 1,
                          "Plan Width": 6,
                          "Inner Unique": false,
                          "Hash Cond": "(customer_address_1.ca_address_sk = customer_1.c_current_addr_sk)",
                          "Plans": [
                            {
                              "Node Type": "Seq Scan",
                              "Parent Relationship": "Outer",
                              "Parallel Aware": true,
                              "Async Capable": false,
                              "Relation Name": "customer_address",
                              "Alias": "customer_address_1",
                              "Startup Cost": 0.0,
                              "Total Cost": 6737.08,
                              "Plan Rows": 11392,
                              "Plan Width": 4,
                              "Filter": "(ca_gmt_offset = '-7'::numeric)",
                              "parent": 26,
                              "ID": 27
                            },
                            {
                              "Node Type": "Hash",
                              "Parent Relationship": "Inner",
                              "Parallel Aware": true,
                              "Async Capable": false,
                              "Startup Cost": 708230.04,
                              "Total Cost": 708230.04,
                              "Plan Rows": 4,
                              "Plan Width": 10,
                              "Plans": [
                                {
                                  "Node Type": "Hash Join",
                                  "Parent Relationship": "Outer",
                                  "Parallel Aware": true,
                                  "Async Capable": false,
                                  "Join Type": "Inner",
                                  "Startup Cost": 691530.43,
                                  "Total Cost": 708230.04,
                                  "Plan Rows": 4,
                                  "Plan Width": 10,
                                  "Inner Unique": false,
                                  "Hash Cond": "(customer_1.c_customer_sk = store_sales_1.ss_customer_sk)",
                                  "Plans": [
                                    {
                                      "Node Type": "Seq Scan",
                                      "Parent Relationship": "Outer",
                                      "Parallel Aware": true,
                                      "Async Capable": false,
                                      "Relation Name": "customer",
                                      "Alias": "customer_1",
                                      "Startup Cost": 0.0,
                                      "Total Cost": 15918.33,
                                      "Plan Rows": 208333,
                                      "Plan Width": 8,
                                      "parent": 29,
                                      "ID": 30
                                    },
                                    {
                                      "Node Type": "Hash",
                                      "Parent Relationship": "Inner",
                                      "Parallel Aware": true,
                                      "Async Capable": false,
                                      "Startup Cost": 691530.38,
                                      "Total Cost": 691530.38,
                                      "Plan Rows": 4,
                                      "Plan Width": 10,
                                      "Plans": [
                                        {
                                          "Node Type": "Hash Join",
                                          "Parent Relationship": "Outer",
                                          "Parallel Aware": true,
                                          "Async Capable": false,
                                          "Join Type": "Inner",
                                          "Startup Cost": 684019.66,
                                          "Total Cost": 691530.38,
                                          "Plan Rows": 4,
                                          "Plan Width": 10,
                                          "Inner Unique": false,
                                          "Hash Cond": "(item_1.i_item_sk = store_sales_1.ss_item_sk)",
                                          "Plans": [
                                            {
                                              "Node Type": "Seq Scan",
                                              "Parent Relationship": "Outer",
                                              "Parallel Aware": true,
                                              "Async Capable": false,
                                              "Relation Name": "item",
                                              "Alias": "item_1",
                                              "Startup Cost": 0.0,
                                              "Total Cost": 7495.25,
                                              "Plan Rows": 4120,
                                              "Plan Width": 4,
                                              "Filter": "(i_category = 'Books'::bpchar)",
                                              "parent": 32,
                                              "ID": 33
                                            },
                                            {
                                              "Node Type": "Hash",
                                              "Parent Relationship": "Inner",
                                              "Parallel Aware": true,
                                              "Async Capable": false,
                                              "Startup Cost": 684019.11,
                                              "Total Cost": 684019.11,
                                              "Plan Rows": 44,
                                              "Plan Width": 14,
                                              "Plans": [
                                                {
                                                  "Node Type": "Hash Join",
                                                  "Parent Relationship": "Outer",
                                                  "Parallel Aware": false,
                                                  "Async Capable": false,
                                                  "Join Type": "Inner",
                                                  "Startup Cost": 2056.06,
                                                  "Total Cost": 684019.11,
                                                  "Plan Rows": 44,
                                                  "Plan Width": 14,
                                                  "Inner Unique": false,
                                                  "Hash Cond": "(store_sales_1.ss_store_sk = store_1.s_store_sk)",
                                                  "Plans": [
                                                    {
                                                      "Node Type": "Hash Join",
                                                      "Parent Relationship": "Outer",
                                                      "Parallel Aware": true,
                                                      "Async Capable": false,
                                                      "Join Type": "Inner",
                                                      "Startup Cost": 2049.78,
                                                      "Total Cost": 683994.75,
                                                      "Plan Rows": 4703,
                                                      "Plan Width": 18,
                                                      "Inner Unique": false,
                                                      "Hash Cond": "(store_sales_1.ss_sold_date_sk = date_dim_1.d_date_sk)",
                                                      "Plans": [
                                                        {
                                                          "Node Type": "Seq Scan",
                                                          "Parent Relationship": "Outer",
                                                          "Parallel Aware": true,
                                                          "Async Capable": false,
                                                          "Relation Name": "store_sales",
                                                          "Alias": "store_sales_1",
                                                          "Startup Cost": 0.0,
                                                          "Total Cost": 636914.37,
                                                          "Plan Rows": 12000637,
                                                          "Plan Width": 22,
                                                          "parent": 36,
                                                          "ID": 37
                                                        },
                                                        {
                                                          "Node Type": "Hash",
                                                          "Parent Relationship": "Inner",
                                                          "Parallel Aware": true,
                                                          "Async Capable": false,
                                                          "Startup Cost": 2049.55,
                                                          "Total Cost": 2049.55,
                                                          "Plan Rows": 18,
                                                          "Plan Width": 4,
                                                          "Plans": [
                                                            {
                                                              "Node Type": "Seq Scan",
                                                              "Parent Relationship": "Outer",
                                                              "Parallel Aware": true,
                                                              "Async Capable": false,
                                                              "Relation Name": "date_dim",
                                                              "Alias": "date_dim_1",
                                                              "Startup Cost": 0.0,
                                                              "Total Cost": 2049.55,
                                                              "Plan Rows": 18,
                                                              "Plan Width": 4,
                                                              "Filter": "((d_year = 1999) AND (d_moy = 11))",
                                                              "parent": 38,
                                                              "ID": 39
                                                            }
                                                          ],
                                                          "parent": 36,
                                                          "ID": 38,
                                                          "left": 39
                                                        }
                                                      ],
                                                      "parent": 35,
                                                      "ID": 36,
                                                      "left": 37,
                                                      "right": 38
                                                    },
                                                    {
                                                      "Node Type": "Hash",
                                                      "Parent Relationship": "Inner",
                                                      "Parallel Aware": false,
                                                      "Async Capable": false,
                                                      "Startup Cost": 6.28,
                                                      "Total Cost": 6.28,
                                                      "Plan Rows": 1,
                                                      "Plan Width": 4,
                                                      "Plans": [
                                                        {
                                                          "Node Type": "Seq Scan",
                                                          "Parent Relationship": "Outer",
                                                          "Parallel Aware": false,
                                                          "Async Capable": false,
                                                          "Relation Name": "store",
                                                          "Alias": "store_1",
                                                          "Startup Cost": 0.0,
                                                          "Total Cost": 6.28,
                                                          "Plan Rows": 1,
                                                          "Plan Width": 4,
                                                          "Filter": "(s_gmt_offset = '-7'::numeric)",
                                                          "parent": 40,
                                                          "ID": 41
                                                        }
                                                      ],
                                                      "parent": 35,
                                                      "ID": 40,
                                                      "left": 41
                                                    }
                                                  ],
                                                  "parent": 34,
                                                  "ID": 35,
                                                  "left": 36,
                                                  "right": 40
                                                }
                                              ],
                                              "parent": 32,
                                              "ID": 34,
                                              "left": 35
                                            }
                                          ],
                                          "parent": 31,
                                          "ID": 32,
                                          "left": 33,
                                          "right": 34
                                        }
                                      ],
                                      "parent": 29,
                                      "ID": 31,
                                      "left": 32
                                    }
                                  ],
                                  "parent": 28,
                                  "ID": 29,
                                  "left": 30,
                                  "right": 31
                                }
                              ],
                              "parent": 26,
                              "ID": 28,
                              "left": 29
                            }
                          ],
                          "parent": 25,
                          "ID": 26,
                          "left": 27,
                          "right": 28
                        }
                      ],
                      "parent": 24,
                      "ID": 25,
                      "left": 26
                    }
                  ],
                  "parent": 2,
                  "ID": 24,
                  "left": 25
                }
              ],
              "parent": 1,
              "ID": 2,
              "left": 3,
              "right": 24
            }
          ],
          "parent": 0,
          "ID": 1,
          "left": 2
        }
      ],
      "parent": null,
      "ID": 0,
      "left": 1
    },
    "feat": {
      "utility": 8.729750035168102e-06,
      "query_shape": [
        [
          "Seq Scan",
          "Hash Join",
          "Gather",
          "Aggregate",
          "Nested Loop",
          "Sort"
        ],
        [
          "Seq Scan",
          "Hash Join",
          "Hash",
          "Gather",
          "Aggregate",
          "Nested Loop",
          "Sort"
        ],
        [
          "Seq Scan",
          "Hash Join",
          "Hash",
          "Gather",
          "Aggregate",
          "Nested Loop",
          "Sort"
        ],
        [
          "Seq Scan",
          "Hash Join",
          "Hash",
          "Gather",
          "Aggregate",
          "Nested Loop",
          "Sort"
        ],
        [
          "Seq Scan",
          "Hash",
          "Hash Join",
          "Gather",
          "Aggregate",
          "Nested Loop",
          "Sort"
        ],
        [
          "Seq Scan",
          "Hash",
          "Hash Join",
          "Gather",
          "Aggregate",
          "Nested Loop",
          "Sort"
        ],
        [
          "Seq Scan",
          "Hash",
          "Hash Join",
          "Gather",
          "Aggregate",
          "Nested Loop",
          "Sort"
        ],
        [
          "Seq Scan",
          "Hash Join",
          "Gather",
          "Aggregate",
          "Nested Loop",
          "Sort"
        ],
        [
          "Seq Scan",
          "Hash Join",
          "Hash",
          "Gather",
          "Aggregate",
          "Nested Loop",
          "Sort"
        ],
        [
          "Seq Scan",
          "Hash Join",
          "Hash",
          "Gather",
          "Aggregate",
          "Nested Loop",
          "Sort"
        ],
        [
          "Seq Scan",
          "Hash Join",
          "Hash",
          "Gather",
          "Aggregate",
          "Nested Loop",
          "Sort"
        ],
        [
          "Seq Scan",
          "Hash",
          "Hash Join",
          "Gather",
          "Aggregate",
          "Nested Loop",
          "Sort"
        ],
        [
          "Seq Scan",
          "Hash",
          "Hash Join",
          "Gather",
          "Aggregate",
          "Nested Loop",
          "Sort"
        ]
      ],
      "index_shape": [
        "join"
      ],
      "physical_operator": {
        "Hash Join": [
          0.004666046765541177,
          0.004666046765541177
        ]
      }
    }
  },
  {
    "query": "select  promotions,total,cast(promotions as decimal(15,4))/cast(total as decimal(15,4))*100\nfrom\n  (select sum(ss_ext_sales_price) promotions\n   from  store_sales\n        ,store\n        ,promotion\n        ,date_dim\n        ,customer\n        ,customer_address \n        ,item\n   where ss_sold_date_sk = d_date_sk\n   and   ss_store_sk = s_store_sk\n   and   ss_promo_sk = p_promo_sk\n   and   ss_customer_sk= c_customer_sk\n   and   ca_address_sk = c_current_addr_sk\n   and   ss_item_sk = i_item_sk \n   and   ca_gmt_offset = -7\n   and   i_category = 'Books'\n   and   (p_channel_dmail = 'Y' or p_channel_email = 'Y' or p_channel_tv = 'Y')\n   and   s_gmt_offset = -7\n   and   d_year = 1999\n   and   d_moy  = 11) promotional_sales,\n  (select sum(ss_ext_sales_price) total\n   from  store_sales\n        ,store\n        ,date_dim\n        ,customer\n        ,customer_address\n        ,item\n   where ss_sold_date_sk = d_date_sk\n   and   ss_store_sk = s_store_sk\n   and   ss_customer_sk= c_customer_sk\n   and   ca_address_sk = c_current_addr_sk\n   and   ss_item_sk = i_item_sk\n   and   ca_gmt_offset = -7\n   and   i_category = 'Books'\n   and   s_gmt_offset = -7\n   and   d_year = 1999\n   and   d_moy  = 11) all_sales\norder by promotions, total\nlimit 100;\n\n-- end query 45 in stream 3 using template query61.tpl\n",
    "indexes": "store_sales.ss_item_sk",
    "wo plan est": {
      "Node Type": "Limit",
      "Parallel Aware": false,
      "Async Capable": false,
      "Startup Cost": 1432044.94,
      "Total Cost": 1432044.95,
      "Plan Rows": 1,
      "Plan Width": 96,
      "Plans": [
        {
          "Node Type": "Sort",
          "Parent Relationship": "Outer",
          "Parallel Aware": false,
          "Async Capable": false,
          "Startup Cost": 1432044.94,
          "Total Cost": 1432044.95,
          "Plan Rows": 1,
          "Plan Width": 96,
          "Sort Key": [
            "(sum(store_sales.ss_ext_sales_price))",
            "(sum(store_sales_1.ss_ext_sales_price))"
          ],
          "Plans": [
            {
              "Node Type": "Nested Loop",
              "Parent Relationship": "Outer",
              "Parallel Aware": false,
              "Async Capable": false,
              "Join Type": "Inner",
              "Startup Cost": 1432044.87,
              "Total Cost": 1432044.93,
              "Plan Rows": 1,
              "Plan Width": 96,
              "Inner Unique": false,
              "Plans": [
                {
                  "Node Type": "Aggregate",
                  "Strategy": "Plain",
                  "Partial Mode": "Simple",
                  "Parent Relationship": "Outer",
                  "Parallel Aware": false,
                  "Async Capable": false,
                  "Startup Cost": 716034.87,
                  "Total Cost": 716034.88,
                  "Plan Rows": 1,
                  "Plan Width": 32,
                  "Plans": [
                    {
                      "Node Type": "Gather",
                      "Parent Relationship": "Outer",
                      "Parallel Aware": false,
                      "Async Capable": false,
                      "Startup Cost": 709254.95,
                      "Total Cost": 716034.86,
                      "Plan Rows": 1,
                      "Plan Width": 6,
                      "Workers Planned": 2,
                      "Single Copy": false,
                      "Plans": [
                        {
                          "Node Type": "Hash Join",
                          "Parent Relationship": "Outer",
                          "Parallel Aware": true,
                          "Async Capable": false,
                          "Join Type": "Inner",
                          "Startup Cost": 708254.95,
                          "Total Cost": 715034.76,
                          "Plan Rows": 1,
                          "Plan Width": 6,
                          "Inner Unique": false,
                          "Hash Cond": "(customer_address.ca_address_sk = customer.c_current_addr_sk)",
                          "Plans": [
                            {
                              "Node Type": "Seq Scan",
                              "Parent Relationship": "Outer",
                              "Parallel Aware": true,
                              "Async Capable": false,
                              "Relation Name": "customer_address",
                              "Alias": "customer_address",
                              "Startup Cost": 0.0,
                              "Total Cost": 6737.08,
                              "Plan Rows": 11392,
                              "Plan Width": 4,
                              "Filter": "(ca_gmt_offset = '-7'::numeric)",
                              "parent": 5,
                              "ID": 6
                            },
                            {
                              "Node Type": "Hash",
                              "Parent Relationship": "Inner",
                              "Parallel Aware": true,
                              "Async Capable": false,
                              "Startup Cost": 708254.92,
                              "Total Cost": 708254.92,
                              "Plan Rows": 2,
                              "Plan Width": 10,
                              "Plans": [
                                {
                                  "Node Type": "Hash Join",
                                  "Parent Relationship": "Outer",
                                  "Parallel Aware": true,
                                  "Async Capable": false,
                                  "Join Type": "Inner",
                                  "Startup Cost": 691555.33,
                                  "Total Cost": 708254.92,
                                  "Plan Rows": 2,
                                  "Plan Width": 10,
                                  "Inner Unique": false,
                                  "Hash Cond": "(customer.c_customer_sk = store_sales.ss_customer_sk)",
                                  "Plans": [
                                    {
                                      "Node Type": "Seq Scan",
                                      "Parent Relationship": "Outer",
                                      "Parallel Aware": true,
                                      "Async Capable": false,
                                      "Relation Name": "customer",
                                      "Alias": "customer",
                                      "Startup Cost": 0.0,
                                      "Total Cost": 15918.33,
                                      "Plan Rows": 208333,
                                      "Plan Width": 8,
                                      "parent": 8,
                                      "ID": 9
                                    },
                                    {
                                      "Node Type": "Hash",
                                      "Parent Relationship": "Inner",
                                      "Parallel Aware": true,
                                      "Async Capable": false,
                                      "Startup Cost": 691555.31,
                                      "Total Cost": 691555.31,
                                      "Plan Rows": 2,
                                      "Plan Width": 10,
                                      "Plans": [
                                        {
                                          "Node Type": "Hash Join",
                                          "Parent Relationship": "Outer",
                                          "Parallel Aware": false,
                                          "Async Capable": false,
                                          "Join Type": "Inner",
                                          "Startup Cost": 684044.55,
                                          "Total Cost": 691555.31,
                                          "Plan Rows": 2,
                                          "Plan Width": 10,
                                          "Inner Unique": false,
                                          "Hash Cond": "(store_sales.ss_promo_sk = promotion.p_promo_sk)",
                                          "Plans": [
                                            {
                                              "Node Type": "Hash Join",
                                              "Parent Relationship": "Outer",
                                              "Parallel Aware": true,
                                              "Async Capable": false,
                                              "Join Type": "Inner",
                                              "Startup Cost": 684019.66,
                                              "Total Cost": 691530.38,
                                              "Plan Rows": 4,
                                              "Plan Width": 14,
                                              "Inner Unique": false,
                                              "Hash Cond": "(item.i_item_sk = store_sales.ss_item_sk)",
                                              "Plans": [
                                                {
                                                  "Node Type": "Seq Scan",
                                                  "Parent Relationship": "Outer",
                                                  "Parallel Aware": true,
                                                  "Async Capable": false,
                                                  "Relation Name": "item",
                                                  "Alias": "item",
                                                  "Startup Cost": 0.0,
                                                  "Total Cost": 7495.25,
                                                  "Plan Rows": 4120,
                                                  "Plan Width": 4,
                                                  "Filter": "(i_category = 'Books'::bpchar)",
                                                  "parent": 12,
                                                  "ID": 13
                                                },
                                                {
                                                  "Node Type": "Hash",
                                                  "Parent Relationship": "Inner",
                                                  "Parallel Aware": true,
                                                  "Async Capable": false,
                                                  "Startup Cost": 684019.11,
                                                  "Total Cost": 684019.11,
                                                  "Plan Rows": 44,
                                                  "Plan Width": 18,
                                                  "Plans": [
                                                    {
                                                      "Node Type": "Hash Join",
                                                      "Parent Relationship": "Outer",
                                                      "Parallel Aware": false,
                                                      "Async Capable": false,
                                                      "Join Type": "Inner",
                                                      "Startup Cost": 2056.06,
                                                      "Total Cost": 684019.11,
                                                      "Plan Rows": 44,
                                                      "Plan Width": 18,
                                                      "Inner Unique": false,
                                                      "Hash Cond": "(store_sales.ss_store_sk = store.s_store_sk)",
                                                      "Plans": [
                                                        {
                                                          "Node Type": "Hash Join",
                                                          "Parent Relationship": "Outer",
                                                          "Parallel Aware": true,
                                                          "Async Capable": false,
                                                          "Join Type": "Inner",
                                                          "Startup Cost": 2049.78,
                                                          "Total Cost": 683994.75,
                                                          "Plan Rows": 4703,
                                                          "Plan Width": 22,
                                                          "Inner Unique": false,
                                                          "Hash Cond": "(store_sales.ss_sold_date_sk = date_dim.d_date_sk)",
                                                          "Plans": [
                                                            {
                                                              "Node Type": "Seq Scan",
                                                              "Parent Relationship": "Outer",
                                                              "Parallel Aware": true,
                                                              "Async Capable": false,
                                                              "Relation Name": "store_sales",
                                                              "Alias": "store_sales",
                                                              "Startup Cost": 0.0,
                                                              "Total Cost": 636914.37,
                                                              "Plan Rows": 12000637,
                                                              "Plan Width": 26,
                                                              "parent": 16,
                                                              "ID": 17
                                                            },
                                                            {
                                                              "Node Type": "Hash",
                                                              "Parent Relationship": "Inner",
                                                              "Parallel Aware": true,
                                                              "Async Capable": false,
                                                              "Startup Cost": 2049.55,
                                                              "Total Cost": 2049.55,
                                                              "Plan Rows": 18,
                                                              "Plan Width": 4,
                                                              "Plans": [
                                                                {
                                                                  "Node Type": "Seq Scan",
                                                                  "Parent Relationship": "Outer",
                                                                  "Parallel Aware": true,
                                                                  "Async Capable": false,
                                                                  "Relation Name": "date_dim",
                                                                  "Alias": "date_dim",
                                                                  "Startup Cost": 0.0,
                                                                  "Total Cost": 2049.55,
                                                                  "Plan Rows": 18,
                                                                  "Plan Width": 4,
                                                                  "Filter": "((d_year = 1999) AND (d_moy = 11))",
                                                                  "parent": 18,
                                                                  "ID": 19
                                                                }
                                                              ],
                                                              "parent": 16,
                                                              "ID": 18,
                                                              "left": 19
                                                            }
                                                          ],
                                                          "parent": 15,
                                                          "ID": 16,
                                                          "left": 17,
                                                          "right": 18
                                                        },
                                                        {
                                                          "Node Type": "Hash",
                                                          "Parent Relationship": "Inner",
                                                          "Parallel Aware": false,
                                                          "Async Capable": false,
                                                          "Startup Cost": 6.28,
                                                          "Total Cost": 6.28,
                                                          "Plan Rows": 1,
                                                          "Plan Width": 4,
                                                          "Plans": [
                                                            {
                                                              "Node Type": "Seq Scan",
                                                              "Parent Relationship": "Outer",
                                                              "Parallel Aware": false,
                                                              "Async Capable": false,
                                                              "Relation Name": "store",
                                                              "Alias": "store",
                                                              "Startup Cost": 0.0,
                                                              "Total Cost": 6.28,
                                                              "Plan Rows": 1,
                                                              "Plan Width": 4,
                                                              "Filter": "(s_gmt_offset = '-7'::numeric)",
                                                              "parent": 20,
                                                              "ID": 21
                                                            }
                                                          ],
                                                          "parent": 15,
                                                          "ID": 20,
                                                          "left": 21
                                                        }
                                                      ],
                                                      "parent": 14,
                                                      "ID": 15,
                                                      "left": 16,
                                                      "right": 20
                                                    }
                                                  ],
                                                  "parent": 12,
                                                  "ID": 14,
                                                  "left": 15
                                                }
                                              ],
                                              "parent": 11,
                                              "ID": 12,
                                              "left": 13,
                                              "right": 14
                                            },
                                            {
                                              "Node Type": "Hash",
                                              "Parent Relationship": "Inner",
                                              "Parallel Aware": false,
                                              "Async Capable": false,
                                              "Startup Cost": 21.75,
                                              "Total Cost": 21.75,
                                              "Plan Rows": 251,
                                              "Plan Width": 4,
                                              "Plans": [
                                                {
                                                  "Node Type": "Seq Scan",
                                                  "Parent Relationship": "Outer",
                                                  "Parallel Aware": false,
                                                  "Async Capable": false,
                                                  "Relation Name": "promotion",
                                                  "Alias": "promotion",
                                                  "Startup Cost": 0.0,
                                                  "Total Cost": 21.75,
                                                  "Plan Rows": 251,
                                                  "Plan Width": 4,
                                                  "Filter": "((p_channel_dmail = 'Y'::bpchar) OR (p_channel_email = 'Y'::bpchar) OR (p_channel_tv = 'Y'::bpchar))",
                                                  "parent": 22,
                                                  "ID": 23
                                                }
                                              ],
                                              "parent": 11,
                                              "ID": 22,
                                              "left": 23
                                            }
                                          ],
                                          "parent": 10,
                                          "ID": 11,
                                          "left": 12,
                                          "right": 22
                                        }
                                      ],
                                      "parent": 8,
                                      "ID": 10,
                                      "left": 11
                                    }
                                  ],
                                  "parent": 7,
                                  "ID": 8,
                                  "left": 9,
                                  "right": 10
                                }
                              ],
                              "parent": 5,
                              "ID": 7,
                              "left": 8
                            }
                          ],
                          "parent": 4,
                          "ID": 5,
                          "left": 6,
                          "right": 7
                        }
                      ],
                      "parent": 3,
                      "ID": 4,
                      "left": 5
                    }
                  ],
                  "parent": 2,
                  "ID": 3,
                  "left": 4
                },
                {
                  "Node Type": "Aggregate",
                  "Strategy": "Plain",
                  "Partial Mode": "Simple",
                  "Parent Relationship": "Inner",
                  "Parallel Aware": false,
                  "Async Capable": false,
                  "Startup Cost": 716010.0,
                  "Total Cost": 716010.01,
                  "Plan Rows": 1,
                  "Plan Width": 32,
                  "Plans": [
                    {
                      "Node Type": "Gather",
                      "Parent Relationship": "Outer",
                      "Parallel Aware": false,
                      "Async Capable": false,
                      "Startup Cost": 709230.09,
                      "Total Cost": 716010.0,
                      "Plan Rows": 1,
                      "Plan Width": 6,
                      "Workers Planned": 2,
                      "Single Copy": false,
                      "Plans": [
                        {
                          "Node Type": "Hash Join",
                          "Parent Relationship": "Outer",
                          "Parallel Aware": true,
                          "Async Capable": false,
                          "Join Type": "Inner",
                          "Startup Cost": 708230.09,
                          "Total Cost": 715009.9,
                          "Plan Rows": 1,
                          "Plan Width": 6,
                          "Inner Unique": false,
                          "Hash Cond": "(customer_address_1.ca_address_sk = customer_1.c_current_addr_sk)",
                          "Plans": [
                            {
                              "Node Type": "Seq Scan",
                              "Parent Relationship": "Outer",
                              "Parallel Aware": true,
                              "Async Capable": false,
                              "Relation Name": "customer_address",
                              "Alias": "customer_address_1",
                              "Startup Cost": 0.0,
                              "Total Cost": 6737.08,
                              "Plan Rows": 11392,
                              "Plan Width": 4,
                              "Filter": "(ca_gmt_offset = '-7'::numeric)",
                              "parent": 26,
                              "ID": 27
                            },
                            {
                              "Node Type": "Hash",
                              "Parent Relationship": "Inner",
                              "Parallel Aware": true,
                              "Async Capable": false,
                              "Startup Cost": 708230.04,
                              "Total Cost": 708230.04,
                              "Plan Rows": 4,
                              "Plan Width": 10,
                              "Plans": [
                                {
                                  "Node Type": "Hash Join",
                                  "Parent Relationship": "Outer",
                                  "Parallel Aware": true,
                                  "Async Capable": false,
                                  "Join Type": "Inner",
                                  "Startup Cost": 691530.43,
                                  "Total Cost": 708230.04,
                                  "Plan Rows": 4,
                                  "Plan Width": 10,
                                  "Inner Unique": false,
                                  "Hash Cond": "(customer_1.c_customer_sk = store_sales_1.ss_customer_sk)",
                                  "Plans": [
                                    {
                                      "Node Type": "Seq Scan",
                                      "Parent Relationship": "Outer",
                                      "Parallel Aware": true,
                                      "Async Capable": false,
                                      "Relation Name": "customer",
                                      "Alias": "customer_1",
                                      "Startup Cost": 0.0,
                                      "Total Cost": 15918.33,
                                      "Plan Rows": 208333,
                                      "Plan Width": 8,
                                      "parent": 29,
                                      "ID": 30
                                    },
                                    {
                                      "Node Type": "Hash",
                                      "Parent Relationship": "Inner",
                                      "Parallel Aware": true,
                                      "Async Capable": false,
                                      "Startup Cost": 691530.38,
                                      "Total Cost": 691530.38,
                                      "Plan Rows": 4,
                                      "Plan Width": 10,
                                      "Plans": [
                                        {
                                          "Node Type": "Hash Join",
                                          "Parent Relationship": "Outer",
                                          "Parallel Aware": true,
                                          "Async Capable": false,
                                          "Join Type": "Inner",
                                          "Startup Cost": 684019.66,
                                          "Total Cost": 691530.38,
                                          "Plan Rows": 4,
                                          "Plan Width": 10,
                                          "Inner Unique": false,
                                          "Hash Cond": "(item_1.i_item_sk = store_sales_1.ss_item_sk)",
                                          "Plans": [
                                            {
                                              "Node Type": "Seq Scan",
                                              "Parent Relationship": "Outer",
                                              "Parallel Aware": true,
                                              "Async Capable": false,
                                              "Relation Name": "item",
                                              "Alias": "item_1",
                                              "Startup Cost": 0.0,
                                              "Total Cost": 7495.25,
                                              "Plan Rows": 4120,
                                              "Plan Width": 4,
                                              "Filter": "(i_category = 'Books'::bpchar)",
                                              "parent": 32,
                                              "ID": 33
                                            },
                                            {
                                              "Node Type": "Hash",
                                              "Parent Relationship": "Inner",
                                              "Parallel Aware": true,
                                              "Async Capable": false,
                                              "Startup Cost": 684019.11,
                                              "Total Cost": 684019.11,
                                              "Plan Rows": 44,
                                              "Plan Width": 14,
                                              "Plans": [
                                                {
                                                  "Node Type": "Hash Join",
                                                  "Parent Relationship": "Outer",
                                                  "Parallel Aware": false,
                                                  "Async Capable": false,
                                                  "Join Type": "Inner",
                                                  "Startup Cost": 2056.06,
                                                  "Total Cost": 684019.11,
                                                  "Plan Rows": 44,
                                                  "Plan Width": 14,
                                                  "Inner Unique": false,
                                                  "Hash Cond": "(store_sales_1.ss_store_sk = store_1.s_store_sk)",
                                                  "Plans": [
                                                    {
                                                      "Node Type": "Hash Join",
                                                      "Parent Relationship": "Outer",
                                                      "Parallel Aware": true,
                                                      "Async Capable": false,
                                                      "Join Type": "Inner",
                                                      "Startup Cost": 2049.78,
                                                      "Total Cost": 683994.75,
                                                      "Plan Rows": 4703,
                                                      "Plan Width": 18,
                                                      "Inner Unique": false,
                                                      "Hash Cond": "(store_sales_1.ss_sold_date_sk = date_dim_1.d_date_sk)",
                                                      "Plans": [
                                                        {
                                                          "Node Type": "Seq Scan",
                                                          "Parent Relationship": "Outer",
                                                          "Parallel Aware": true,
                                                          "Async Capable": false,
                                                          "Relation Name": "store_sales",
                                                          "Alias": "store_sales_1",
                                                          "Startup Cost": 0.0,
                                                          "Total Cost": 636914.37,
                                                          "Plan Rows": 12000637,
                                                          "Plan Width": 22,
                                                          "parent": 36,
                                                          "ID": 37
                                                        },
                                                        {
                                                          "Node Type": "Hash",
                                                          "Parent Relationship": "Inner",
                                                          "Parallel Aware": true,
                                                          "Async Capable": false,
                                                          "Startup Cost": 2049.55,
                                                          "Total Cost": 2049.55,
                                                          "Plan Rows": 18,
                                                          "Plan Width": 4,
                                                          "Plans": [
                                                            {
                                                              "Node Type": "Seq Scan",
                                                              "Parent Relationship": "Outer",
                                                              "Parallel Aware": true,
                                                              "Async Capable": false,
                                                              "Relation Name": "date_dim",
                                                              "Alias": "date_dim_1",
                                                              "Startup Cost": 0.0,
                                                              "Total Cost": 2049.55,
                                                              "Plan Rows": 18,
                                                              "Plan Width": 4,
                                                              "Filter": "((d_year = 1999) AND (d_moy = 11))",
                                                              "parent": 38,
                                                              "ID": 39
                                                            }
                                                          ],
                                                          "parent": 36,
                                                          "ID": 38,
                                                          "left": 39
                                                        }
                                                      ],
                                                      "parent": 35,
                                                      "ID": 36,
                                                      "left": 37,
                                                      "right": 38
                                                    },
                                                    {
                                                      "Node Type": "Hash",
                                                      "Parent Relationship": "Inner",
                                                      "Parallel Aware": false,
                                                      "Async Capable": false,
                                                      "Startup Cost": 6.28,
                                                      "Total Cost": 6.28,
                                                      "Plan Rows": 1,
                                                      "Plan Width": 4,
                                                      "Plans": [
                                                        {
                                                          "Node Type": "Seq Scan",
                                                          "Parent Relationship": "Outer",
                                                          "Parallel Aware": false,
                                                          "Async Capable": false,
                                                          "Relation Name": "store",
                                                          "Alias": "store_1",
                                                          "Startup Cost": 0.0,
                                                          "Total Cost": 6.28,
                                                          "Plan Rows": 1,
                                                          "Plan Width": 4,
                                                          "Filter": "(s_gmt_offset = '-7'::numeric)",
                                                          "parent": 40,
                                                          "ID": 41
                                                        }
                                                      ],
                                                      "parent": 35,
                                                      "ID": 40,
                                                      "left": 41
                                                    }
                                                  ],
                                                  "parent": 34,
                                                  "ID": 35,
                                                  "left": 36,
                                                  "right": 40
                                                }
                                              ],
                                              "parent": 32,
                                              "ID": 34,
                                              "left": 35
                                            }
                                          ],
                                          "parent": 31,
                                          "ID": 32,
                                          "left": 33,
                                          "right": 34
                                        }
                                      ],
                                      "parent": 29,
                                      "ID": 31,
                                      "left": 32
                                    }
                                  ],
                                  "parent": 28,
                                  "ID": 29,
                                  "left": 30,
                                  "right": 31
                                }
                              ],
                              "parent": 26,
                              "ID": 28,
                              "left": 29
                            }
                          ],
                          "parent": 25,
                          "ID": 26,
                          "left": 27,
                          "right": 28
                        }
                      ],
                      "parent": 24,
                      "ID": 25,
                      "left": 26
                    }
                  ],
                  "parent": 2,
                  "ID": 24,
                  "left": 25
                }
              ],
              "parent": 1,
              "ID": 2,
              "left": 3,
              "right": 24
            }
          ],
          "parent": 0,
          "ID": 1,
          "left": 2
        }
      ],
      "parent": null,
      "ID": 0,
      "left": 1
    },
    "feat": {
      "utility": 8.72947528275382e-06,
      "query_shape": [
        [
          "Seq Scan",
          "Hash Join",
          "Gather",
          "Aggregate",
          "Nested Loop",
          "Sort"
        ],
        [
          "Seq Scan",
          "Hash Join",
          "Hash",
          "Gather",
          "Aggregate",
          "Nested Loop",
          "Sort"
        ],
        [
          "Seq Scan",
          "Hash Join",
          "Hash",
          "Gather",
          "Aggregate",
          "Nested Loop",
          "Sort"
        ],
        [
          "Seq Scan",
          "Hash Join",
          "Hash",
          "Gather",
          "Aggregate",
          "Nested Loop",
          "Sort"
        ],
        [
          "Seq Scan",
          "Hash",
          "Hash Join",
          "Gather",
          "Aggregate",
          "Nested Loop",
          "Sort"
        ],
        [
          "Seq Scan",
          "Hash",
          "Hash Join",
          "Gather",
          "Aggregate",
          "Nested Loop",
          "Sort"
        ],
        [
          "Seq Scan",
          "Hash",
          "Hash Join",
          "Gather",
          "Aggregate",
          "Nested Loop",
          "Sort"
        ],
        [
          "Seq Scan",
          "Hash Join",
          "Gather",
          "Aggregate",
          "Nested Loop",
          "Sort"
        ],
        [
          "Seq Scan",
          "Hash Join",
          "Hash",
          "Gather",
          "Aggregate",
          "Nested Loop",
          "Sort"
        ],
        [
          "Seq Scan",
          "Hash Join",
          "Hash",
          "Gather",
          "Aggregate",
          "Nested Loop",
          "Sort"
        ],
        [
          "Seq Scan",
          "Hash Join",
          "Hash",
          "Gather",
          "Aggregate",
          "Nested Loop",
          "Sort"
        ],
        [
          "Seq Scan",
          "Hash",
          "Hash Join",
          "Gather",
          "Aggregate",
          "Nested Loop",
          "Sort"
        ],
        [
          "Seq Scan",
          "Hash",
          "Hash Join",
          "Gather",
          "Aggregate",
          "Nested Loop",
          "Sort"
        ]
      ],
      "index_shape": [
        "join"
      ],
      "physical_operator": {
        "Hash Join": [
          0.004697373024090087,
          0.004697373024090087
        ]
      }
    }
  },
  {
    "query": "select  promotions,total,cast(promotions as decimal(15,4))/cast(total as decimal(15,4))*100\nfrom\n  (select sum(ss_ext_sales_price) promotions\n   from  store_sales\n        ,store\n        ,promotion\n        ,date_dim\n        ,customer\n        ,customer_address \n        ,item\n   where ss_sold_date_sk = d_date_sk\n   and   ss_store_sk = s_store_sk\n   and   ss_promo_sk = p_promo_sk\n   and   ss_customer_sk= c_customer_sk\n   and   ca_address_sk = c_current_addr_sk\n   and   ss_item_sk = i_item_sk \n   and   ca_gmt_offset = -7\n   and   i_category = 'Books'\n   and   (p_channel_dmail = 'Y' or p_channel_email = 'Y' or p_channel_tv = 'Y')\n   and   s_gmt_offset = -7\n   and   d_year = 1999\n   and   d_moy  = 11) promotional_sales,\n  (select sum(ss_ext_sales_price) total\n   from  store_sales\n        ,store\n        ,date_dim\n        ,customer\n        ,customer_address\n        ,item\n   where ss_sold_date_sk = d_date_sk\n   and   ss_store_sk = s_store_sk\n   and   ss_customer_sk= c_customer_sk\n   and   ca_address_sk = c_current_addr_sk\n   and   ss_item_sk = i_item_sk\n   and   ca_gmt_offset = -7\n   and   i_category = 'Books'\n   and   s_gmt_offset = -7\n   and   d_year = 1999\n   and   d_moy  = 11) all_sales\norder by promotions, total\nlimit 100;\n\n-- end query 45 in stream 3 using template query61.tpl\n",
    "indexes": "store_sales.ss_customer_sk",
    "wo plan est": {
      "Node Type": "Limit",
      "Parallel Aware": false,
      "Async Capable": false,
      "Startup Cost": 1432044.94,
      "Total Cost": 1432044.95,
      "Plan Rows": 1,
      "Plan Width": 96,
      "Plans": [
        {
          "Node Type": "Sort",
          "Parent Relationship": "Outer",
          "Parallel Aware": false,
          "Async Capable": false,
          "Startup Cost": 1432044.94,
          "Total Cost": 1432044.95,
          "Plan Rows": 1,
          "Plan Width": 96,
          "Sort Key": [
            "(sum(store_sales.ss_ext_sales_price))",
            "(sum(store_sales_1.ss_ext_sales_price))"
          ],
          "Plans": [
            {
              "Node Type": "Nested Loop",
              "Parent Relationship": "Outer",
              "Parallel Aware": false,
              "Async Capable": false,
              "Join Type": "Inner",
              "Startup Cost": 1432044.87,
              "Total Cost": 1432044.93,
              "Plan Rows": 1,
              "Plan Width": 96,
              "Inner Unique": false,
              "Plans": [
                {
                  "Node Type": "Aggregate",
                  "Strategy": "Plain",
                  "Partial Mode": "Simple",
                  "Parent Relationship": "Outer",
                  "Parallel Aware": false,
                  "Async Capable": false,
                  "Startup Cost": 716034.87,
                  "Total Cost": 716034.88,
                  "Plan Rows": 1,
                  "Plan Width": 32,
                  "Plans": [
                    {
                      "Node Type": "Gather",
                      "Parent Relationship": "Outer",
                      "Parallel Aware": false,
                      "Async Capable": false,
                      "Startup Cost": 709254.95,
                      "Total Cost": 716034.86,
                      "Plan Rows": 1,
                      "Plan Width": 6,
                      "Workers Planned": 2,
                      "Single Copy": false,
                      "Plans": [
                        {
                          "Node Type": "Hash Join",
                          "Parent Relationship": "Outer",
                          "Parallel Aware": true,
                          "Async Capable": false,
                          "Join Type": "Inner",
                          "Startup Cost": 708254.95,
                          "Total Cost": 715034.76,
                          "Plan Rows": 1,
                          "Plan Width": 6,
                          "Inner Unique": false,
                          "Hash Cond": "(customer_address.ca_address_sk = customer.c_current_addr_sk)",
                          "Plans": [
                            {
                              "Node Type": "Seq Scan",
                              "Parent Relationship": "Outer",
                              "Parallel Aware": true,
                              "Async Capable": false,
                              "Relation Name": "customer_address",
                              "Alias": "customer_address",
                              "Startup Cost": 0.0,
                              "Total Cost": 6737.08,
                              "Plan Rows": 11392,
                              "Plan Width": 4,
                              "Filter": "(ca_gmt_offset = '-7'::numeric)",
                              "parent": 5,
                              "ID": 6
                            },
                            {
                              "Node Type": "Hash",
                              "Parent Relationship": "Inner",
                              "Parallel Aware": true,
                              "Async Capable": false,
                              "Startup Cost": 708254.92,
                              "Total Cost": 708254.92,
                              "Plan Rows": 2,
                              "Plan Width": 10,
                              "Plans": [
                                {
                                  "Node Type": "Hash Join",
                                  "Parent Relationship": "Outer",
                                  "Parallel Aware": true,
                                  "Async Capable": false,
                                  "Join Type": "Inner",
                                  "Startup Cost": 691555.33,
                                  "Total Cost": 708254.92,
                                  "Plan Rows": 2,
                                  "Plan Width": 10,
                                  "Inner Unique": false,
                                  "Hash Cond": "(customer.c_customer_sk = store_sales.ss_customer_sk)",
                                  "Plans": [
                                    {
                                      "Node Type": "Seq Scan",
                                      "Parent Relationship": "Outer",
                                      "Parallel Aware": true,
                                      "Async Capable": false,
                                      "Relation Name": "customer",
                                      "Alias": "customer",
                                      "Startup Cost": 0.0,
                                      "Total Cost": 15918.33,
                                      "Plan Rows": 208333,
                                      "Plan Width": 8,
                                      "parent": 8,
                                      "ID": 9
                                    },
                                    {
                                      "Node Type": "Hash",
                                      "Parent Relationship": "Inner",
                                      "Parallel Aware": true,
                                      "Async Capable": false,
                                      "Startup Cost": 691555.31,
                                      "Total Cost": 691555.31,
                                      "Plan Rows": 2,
                                      "Plan Width": 10,
                                      "Plans": [
                                        {
                                          "Node Type": "Hash Join",
                                          "Parent Relationship": "Outer",
                                          "Parallel Aware": false,
                                          "Async Capable": false,
                                          "Join Type": "Inner",
                                          "Startup Cost": 684044.55,
                                          "Total Cost": 691555.31,
                                          "Plan Rows": 2,
                                          "Plan Width": 10,
                                          "Inner Unique": false,
                                          "Hash Cond": "(store_sales.ss_promo_sk = promotion.p_promo_sk)",
                                          "Plans": [
                                            {
                                              "Node Type": "Hash Join",
                                              "Parent Relationship": "Outer",
                                              "Parallel Aware": true,
                                              "Async Capable": false,
                                              "Join Type": "Inner",
                                              "Startup Cost": 684019.66,
                                              "Total Cost": 691530.38,
                                              "Plan Rows": 4,
                                              "Plan Width": 14,
                                              "Inner Unique": false,
                                              "Hash Cond": "(item.i_item_sk = store_sales.ss_item_sk)",
                                              "Plans": [
                                                {
                                                  "Node Type": "Seq Scan",
                                                  "Parent Relationship": "Outer",
                                                  "Parallel Aware": true,
                                                  "Async Capable": false,
                                                  "Relation Name": "item",
                                                  "Alias": "item",
                                                  "Startup Cost": 0.0,
                                                  "Total Cost": 7495.25,
                                                  "Plan Rows": 4120,
                                                  "Plan Width": 4,
                                                  "Filter": "(i_category = 'Books'::bpchar)",
                                                  "parent": 12,
                                                  "ID": 13
                                                },
                                                {
                                                  "Node Type": "Hash",
                                                  "Parent Relationship": "Inner",
                                                  "Parallel Aware": true,
                                                  "Async Capable": false,
                                                  "Startup Cost": 684019.11,
                                                  "Total Cost": 684019.11,
                                                  "Plan Rows": 44,
                                                  "Plan Width": 18,
                                                  "Plans": [
                                                    {
                                                      "Node Type": "Hash Join",
                                                      "Parent Relationship": "Outer",
                                                      "Parallel Aware": false,
                                                      "Async Capable": false,
                                                      "Join Type": "Inner",
                                                      "Startup Cost": 2056.06,
                                                      "Total Cost": 684019.11,
                                                      "Plan Rows": 44,
                                                      "Plan Width": 18,
                                                      "Inner Unique": false,
                                                      "Hash Cond": "(store_sales.ss_store_sk = store.s_store_sk)",
                                                      "Plans": [
                                                        {
                                                          "Node Type": "Hash Join",
                                                          "Parent Relationship": "Outer",
                                                          "Parallel Aware": true,
                                                          "Async Capable": false,
                                                          "Join Type": "Inner",
                                                          "Startup Cost": 2049.78,
                                                          "Total Cost": 683994.75,
                                                          "Plan Rows": 4703,
                                                          "Plan Width": 22,
                                                          "Inner Unique": false,
                                                          "Hash Cond": "(store_sales.ss_sold_date_sk = date_dim.d_date_sk)",
                                                          "Plans": [
                                                            {
                                                              "Node Type": "Seq Scan",
                                                              "Parent Relationship": "Outer",
                                                              "Parallel Aware": true,
                                                              "Async Capable": false,
                                                              "Relation Name": "store_sales",
                                                              "Alias": "store_sales",
                                                              "Startup Cost": 0.0,
                                                              "Total Cost": 636914.37,
                                                              "Plan Rows": 12000637,
                                                              "Plan Width": 26,
                                                              "parent": 16,
                                                              "ID": 17
                                                            },
                                                            {
                                                              "Node Type": "Hash",
                                                              "Parent Relationship": "Inner",
                                                              "Parallel Aware": true,
                                                              "Async Capable": false,
                                                              "Startup Cost": 2049.55,
                                                              "Total Cost": 2049.55,
                                                              "Plan Rows": 18,
                                                              "Plan Width": 4,
                                                              "Plans": [
                                                                {
                                                                  "Node Type": "Seq Scan",
                                                                  "Parent Relationship": "Outer",
                                                                  "Parallel Aware": true,
                                                                  "Async Capable": false,
                                                                  "Relation Name": "date_dim",
                                                                  "Alias": "date_dim",
                                                                  "Startup Cost": 0.0,
                                                                  "Total Cost": 2049.55,
                                                                  "Plan Rows": 18,
                                                                  "Plan Width": 4,
                                                                  "Filter": "((d_year = 1999) AND (d_moy = 11))",
                                                                  "parent": 18,
                                                                  "ID": 19
                                                                }
                                                              ],
                                                              "parent": 16,
                                                              "ID": 18,
                                                              "left": 19
                                                            }
                                                          ],
                                                          "parent": 15,
                                                          "ID": 16,
                                                          "left": 17,
                                                          "right": 18
                                                        },
                                                        {
                                                          "Node Type": "Hash",
                                                          "Parent Relationship": "Inner",
                                                          "Parallel Aware": false,
                                                          "Async Capable": false,
                                                          "Startup Cost": 6.28,
                                                          "Total Cost": 6.28,
                                                          "Plan Rows": 1,
                                                          "Plan Width": 4,
                                                          "Plans": [
                                                            {
                                                              "Node Type": "Seq Scan",
                                                              "Parent Relationship": "Outer",
                                                              "Parallel Aware": false,
                                                              "Async Capable": false,
                                                              "Relation Name": "store",
                                                              "Alias": "store",
                                                              "Startup Cost": 0.0,
                                                              "Total Cost": 6.28,
                                                              "Plan Rows": 1,
                                                              "Plan Width": 4,
                                                              "Filter": "(s_gmt_offset = '-7'::numeric)",
                                                              "parent": 20,
                                                              "ID": 21
                                                            }
                                                          ],
                                                          "parent": 15,
                                                          "ID": 20,
                                                          "left": 21
                                                        }
                                                      ],
                                                      "parent": 14,
                                                      "ID": 15,
                                                      "left": 16,
                                                      "right": 20
                                                    }
                                                  ],
                                                  "parent": 12,
                                                  "ID": 14,
                                                  "left": 15
                                                }
                                              ],
                                              "parent": 11,
                                              "ID": 12,
                                              "left": 13,
                                              "right": 14
                                            },
                                            {
                                              "Node Type": "Hash",
                                              "Parent Relationship": "Inner",
                                              "Parallel Aware": false,
                                              "Async Capable": false,
                                              "Startup Cost": 21.75,
                                              "Total Cost": 21.75,
                                              "Plan Rows": 251,
                                              "Plan Width": 4,
                                              "Plans": [
                                                {
                                                  "Node Type": "Seq Scan",
                                                  "Parent Relationship": "Outer",
                                                  "Parallel Aware": false,
                                                  "Async Capable": false,
                                                  "Relation Name": "promotion",
                                                  "Alias": "promotion",
                                                  "Startup Cost": 0.0,
                                                  "Total Cost": 21.75,
                                                  "Plan Rows": 251,
                                                  "Plan Width": 4,
                                                  "Filter": "((p_channel_dmail = 'Y'::bpchar) OR (p_channel_email = 'Y'::bpchar) OR (p_channel_tv = 'Y'::bpchar))",
                                                  "parent": 22,
                                                  "ID": 23
                                                }
                                              ],
                                              "parent": 11,
                                              "ID": 22,
                                              "left": 23
                                            }
                                          ],
                                          "parent": 10,
                                          "ID": 11,
                                          "left": 12,
                                          "right": 22
                                        }
                                      ],
                                      "parent": 8,
                                      "ID": 10,
                                      "left": 11
                                    }
                                  ],
                                  "parent": 7,
                                  "ID": 8,
                                  "left": 9,
                                  "right": 10
                                }
                              ],
                              "parent": 5,
                              "ID": 7,
                              "left": 8
                            }
                          ],
                          "parent": 4,
                          "ID": 5,
                          "left": 6,
                          "right": 7
                        }
                      ],
                      "parent": 3,
                      "ID": 4,
                      "left": 5
                    }
                  ],
                  "parent": 2,
                  "ID": 3,
                  "left": 4
                },
                {
                  "Node Type": "Aggregate",
                  "Strategy": "Plain",
                  "Partial Mode": "Simple",
                  "Parent Relationship": "Inner",
                  "Parallel Aware": false,
                  "Async Capable": false,
                  "Startup Cost": 716010.0,
                  "Total Cost": 716010.01,
                  "Plan Rows": 1,
                  "Plan Width": 32,
                  "Plans": [
                    {
                      "Node Type": "Gather",
                      "Parent Relationship": "Outer",
                      "Parallel Aware": false,
                      "Async Capable": false,
                      "Startup Cost": 709230.09,
                      "Total Cost": 716010.0,
                      "Plan Rows": 1,
                      "Plan Width": 6,
                      "Workers Planned": 2,
                      "Single Copy": false,
                      "Plans": [
                        {
                          "Node Type": "Hash Join",
                          "Parent Relationship": "Outer",
                          "Parallel Aware": true,
                          "Async Capable": false,
                          "Join Type": "Inner",
                          "Startup Cost": 708230.09,
                          "Total Cost": 715009.9,
                          "Plan Rows": 1,
                          "Plan Width": 6,
                          "Inner Unique": false,
                          "Hash Cond": "(customer_address_1.ca_address_sk = customer_1.c_current_addr_sk)",
                          "Plans": [
                            {
                              "Node Type": "Seq Scan",
                              "Parent Relationship": "Outer",
                              "Parallel Aware": true,
                              "Async Capable": false,
                              "Relation Name": "customer_address",
                              "Alias": "customer_address_1",
                              "Startup Cost": 0.0,
                              "Total Cost": 6737.08,
                              "Plan Rows": 11392,
                              "Plan Width": 4,
                              "Filter": "(ca_gmt_offset = '-7'::numeric)",
                              "parent": 26,
                              "ID": 27
                            },
                            {
                              "Node Type": "Hash",
                              "Parent Relationship": "Inner",
                              "Parallel Aware": true,
                              "Async Capable": false,
                              "Startup Cost": 708230.04,
                              "Total Cost": 708230.04,
                              "Plan Rows": 4,
                              "Plan Width": 10,
                              "Plans": [
                                {
                                  "Node Type": "Hash Join",
                                  "Parent Relationship": "Outer",
                                  "Parallel Aware": true,
                                  "Async Capable": false,
                                  "Join Type": "Inner",
                                  "Startup Cost": 691530.43,
                                  "Total Cost": 708230.04,
                                  "Plan Rows": 4,
                                  "Plan Width": 10,
                                  "Inner Unique": false,
                                  "Hash Cond": "(customer_1.c_customer_sk = store_sales_1.ss_customer_sk)",
                                  "Plans": [
                                    {
                                      "Node Type": "Seq Scan",
                                      "Parent Relationship": "Outer",
                                      "Parallel Aware": true,
                                      "Async Capable": false,
                                      "Relation Name": "customer",
                                      "Alias": "customer_1",
                                      "Startup Cost": 0.0,
                                      "Total Cost": 15918.33,
                                      "Plan Rows": 208333,
                                      "Plan Width": 8,
                                      "parent": 29,
                                      "ID": 30
                                    },
                                    {
                                      "Node Type": "Hash",
                                      "Parent Relationship": "Inner",
                                      "Parallel Aware": true,
                                      "Async Capable": false,
                                      "Startup Cost": 691530.38,
                                      "Total Cost": 691530.38,
                                      "Plan Rows": 4,
                                      "Plan Width": 10,
                                      "Plans": [
                                        {
                                          "Node Type": "Hash Join",
                                          "Parent Relationship": "Outer",
                                          "Parallel Aware": true,
                                          "Async Capable": false,
                                          "Join Type": "Inner",
                                          "Startup Cost": 684019.66,
                                          "Total Cost": 691530.38,
                                          "Plan Rows": 4,
                                          "Plan Width": 10,
                                          "Inner Unique": false,
                                          "Hash Cond": "(item_1.i_item_sk = store_sales_1.ss_item_sk)",
                                          "Plans": [
                                            {
                                              "Node Type": "Seq Scan",
                                              "Parent Relationship": "Outer",
                                              "Parallel Aware": true,
                                              "Async Capable": false,
                                              "Relation Name": "item",
                                              "Alias": "item_1",
                                              "Startup Cost": 0.0,
                                              "Total Cost": 7495.25,
                                              "Plan Rows": 4120,
                                              "Plan Width": 4,
                                              "Filter": "(i_category = 'Books'::bpchar)",
                                              "parent": 32,
                                              "ID": 33
                                            },
                                            {
                                              "Node Type": "Hash",
                                              "Parent Relationship": "Inner",
                                              "Parallel Aware": true,
                                              "Async Capable": false,
                                              "Startup Cost": 684019.11,
                                              "Total Cost": 684019.11,
                                              "Plan Rows": 44,
                                              "Plan Width": 14,
                                              "Plans": [
                                                {
                                                  "Node Type": "Hash Join",
                                                  "Parent Relationship": "Outer",
                                                  "Parallel Aware": false,
                                                  "Async Capable": false,
                                                  "Join Type": "Inner",
                                                  "Startup Cost": 2056.06,
                                                  "Total Cost": 684019.11,
                                                  "Plan Rows": 44,
                                                  "Plan Width": 14,
                                                  "Inner Unique": false,
                                                  "Hash Cond": "(store_sales_1.ss_store_sk = store_1.s_store_sk)",
                                                  "Plans": [
                                                    {
                                                      "Node Type": "Hash Join",
                                                      "Parent Relationship": "Outer",
                                                      "Parallel Aware": true,
                                                      "Async Capable": false,
                                                      "Join Type": "Inner",
                                                      "Startup Cost": 2049.78,
                                                      "Total Cost": 683994.75,
                                                      "Plan Rows": 4703,
                                                      "Plan Width": 18,
                                                      "Inner Unique": false,
                                                      "Hash Cond": "(store_sales_1.ss_sold_date_sk = date_dim_1.d_date_sk)",
                                                      "Plans": [
                                                        {
                                                          "Node Type": "Seq Scan",
                                                          "Parent Relationship": "Outer",
                                                          "Parallel Aware": true,
                                                          "Async Capable": false,
                                                          "Relation Name": "store_sales",
                                                          "Alias": "store_sales_1",
                                                          "Startup Cost": 0.0,
                                                          "Total Cost": 636914.37,
                                                          "Plan Rows": 12000637,
                                                          "Plan Width": 22,
                                                          "parent": 36,
                                                          "ID": 37
                                                        },
                                                        {
                                                          "Node Type": "Hash",
                                                          "Parent Relationship": "Inner",
                                                          "Parallel Aware": true,
                                                          "Async Capable": false,
                                                          "Startup Cost": 2049.55,
                                                          "Total Cost": 2049.55,
                                                          "Plan Rows": 18,
                                                          "Plan Width": 4,
                                                          "Plans": [
                                                            {
                                                              "Node Type": "Seq Scan",
                                                              "Parent Relationship": "Outer",
                                                              "Parallel Aware": true,
                                                              "Async Capable": false,
                                                              "Relation Name": "date_dim",
                                                              "Alias": "date_dim_1",
                                                              "Startup Cost": 0.0,
                                                              "Total Cost": 2049.55,
                                                              "Plan Rows": 18,
                                                              "Plan Width": 4,
                                                              "Filter": "((d_year = 1999) AND (d_moy = 11))",
                                                              "parent": 38,
                                                              "ID": 39
                                                            }
                                                          ],
                                                          "parent": 36,
                                                          "ID": 38,
                                                          "left": 39
                                                        }
                                                      ],
                                                      "parent": 35,
                                                      "ID": 36,
                                                      "left": 37,
                                                      "right": 38
                                                    },
                                                    {
                                                      "Node Type": "Hash",
                                                      "Parent Relationship": "Inner",
                                                      "Parallel Aware": false,
                                                      "Async Capable": false,
                                                      "Startup Cost": 6.28,
                                                      "Total Cost": 6.28,
                                                      "Plan Rows": 1,
                                                      "Plan Width": 4,
                                                      "Plans": [
                                                        {
                                                          "Node Type": "Seq Scan",
                                                          "Parent Relationship": "Outer",
                                                          "Parallel Aware": false,
                                                          "Async Capable": false,
                                                          "Relation Name": "store",
                                                          "Alias": "store_1",
                                                          "Startup Cost": 0.0,
                                                          "Total Cost": 6.28,
                                                          "Plan Rows": 1,
                                                          "Plan Width": 4,
                                                          "Filter": "(s_gmt_offset = '-7'::numeric)",
                                                          "parent": 40,
                                                          "ID": 41
                                                        }
                                                      ],
                                                      "parent": 35,
                                                      "ID": 40,
                                                      "left": 41
                                                    }
                                                  ],
                                                  "parent": 34,
                                                  "ID": 35,
                                                  "left": 36,
                                                  "right": 40
                                                }
                                              ],
                                              "parent": 32,
                                              "ID": 34,
                                              "left": 35
                                            }
                                          ],
                                          "parent": 31,
                                          "ID": 32,
                                          "left": 33,
                                          "right": 34
                                        }
                                      ],
                                      "parent": 29,
                                      "ID": 31,
                                      "left": 32
                                    }
                                  ],
                                  "parent": 28,
                                  "ID": 29,
                                  "left": 30,
                                  "right": 31
                                }
                              ],
                              "parent": 26,
                              "ID": 28,
                              "left": 29
                            }
                          ],
                          "parent": 25,
                          "ID": 26,
                          "left": 27,
                          "right": 28
                        }
                      ],
                      "parent": 24,
                      "ID": 25,
                      "left": 26
                    }
                  ],
                  "parent": 2,
                  "ID": 24,
                  "left": 25
                }
              ],
              "parent": 1,
              "ID": 2,
              "left": 3,
              "right": 24
            }
          ],
          "parent": 0,
          "ID": 1,
          "left": 2
        }
      ],
      "parent": null,
      "ID": 0,
      "left": 1
    },
    "feat": {
      "utility": 8.751458811887749e-06,
      "query_shape": [
        [
          "Seq Scan",
          "Hash Join",
          "Gather",
          "Aggregate",
          "Nested Loop",
          "Sort"
        ],
        [
          "Seq Scan",
          "Hash Join",
          "Hash",
          "Gather",
          "Aggregate",
          "Nested Loop",
          "Sort"
        ],
        [
          "Seq Scan",
          "Hash Join",
          "Hash",
          "Gather",
          "Aggregate",
          "Nested Loop",
          "Sort"
        ],
        [
          "Seq Scan",
          "Hash Join",
          "Hash",
          "Gather",
          "Aggregate",
          "Nested Loop",
          "Sort"
        ],
        [
          "Seq Scan",
          "Hash",
          "Hash Join",
          "Gather",
          "Aggregate",
          "Nested Loop",
          "Sort"
        ],
        [
          "Seq Scan",
          "Hash",
          "Hash Join",
          "Gather",
          "Aggregate",
          "Nested Loop",
          "Sort"
        ],
        [
          "Seq Scan",
          "Hash",
          "Hash Join",
          "Gather",
          "Aggregate",
          "Nested Loop",
          "Sort"
        ],
        [
          "Seq Scan",
          "Hash Join",
          "Gather",
          "Aggregate",
          "Nested Loop",
          "Sort"
        ],
        [
          "Seq Scan",
          "Hash Join",
          "Hash",
          "Gather",
          "Aggregate",
          "Nested Loop",
          "Sort"
        ],
        [
          "Seq Scan",
          "Hash Join",
          "Hash",
          "Gather",
          "Aggregate",
          "Nested Loop",
          "Sort"
        ],
        [
          "Seq Scan",
          "Hash Join",
          "Hash",
          "Gather",
          "Aggregate",
          "Nested Loop",
          "Sort"
        ],
        [
          "Seq Scan",
          "Hash",
          "Hash Join",
          "Gather",
          "Aggregate",
          "Nested Loop",
          "Sort"
        ],
        [
          "Seq Scan",
          "Hash",
          "Hash Join",
          "Gather",
          "Aggregate",
          "Nested Loop",
          "Sort"
        ]
      ],
      "index_shape": [
        "join"
      ],
      "physical_operator": {
        "Hash Join": [
          0.0021908919827349515,
          0.0021908919827349515
        ]
      }
    }
  },
  {
    "query": "select  promotions,total,cast(promotions as decimal(15,4))/cast(total as decimal(15,4))*100\nfrom\n  (select sum(ss_ext_sales_price) promotions\n   from  store_sales\n        ,store\n        ,promotion\n        ,date_dim\n        ,customer\n        ,customer_address \n        ,item\n   where ss_sold_date_sk = d_date_sk\n   and   ss_store_sk = s_store_sk\n   and   ss_promo_sk = p_promo_sk\n   and   ss_customer_sk= c_customer_sk\n   and   ca_address_sk = c_current_addr_sk\n   and   ss_item_sk = i_item_sk \n   and   ca_gmt_offset = -7\n   and   i_category = 'Books'\n   and   (p_channel_dmail = 'Y' or p_channel_email = 'Y' or p_channel_tv = 'Y')\n   and   s_gmt_offset = -7\n   and   d_year = 1999\n   and   d_moy  = 11) promotional_sales,\n  (select sum(ss_ext_sales_price) total\n   from  store_sales\n        ,store\n        ,date_dim\n        ,customer\n        ,customer_address\n        ,item\n   where ss_sold_date_sk = d_date_sk\n   and   ss_store_sk = s_store_sk\n   and   ss_customer_sk= c_customer_sk\n   and   ca_address_sk = c_current_addr_sk\n   and   ss_item_sk = i_item_sk\n   and   ca_gmt_offset = -7\n   and   i_category = 'Books'\n   and   s_gmt_offset = -7\n   and   d_year = 1999\n   and   d_moy  = 11) all_sales\norder by promotions, total\nlimit 100;\n\n-- end query 45 in stream 3 using template query61.tpl\n",
    "indexes": "store_sales.ss_store_sk",
    "wo plan est": {
      "Node Type": "Limit",
      "Parallel Aware": false,
      "Async Capable": false,
      "Startup Cost": 1432044.94,
      "Total Cost": 1432044.95,
      "Plan Rows": 1,
      "Plan Width": 96,
      "Plans": [
        {
          "Node Type": "Sort",
          "Parent Relationship": "Outer",
          "Parallel Aware": false,
          "Async Capable": false,
          "Startup Cost": 1432044.94,
          "Total Cost": 1432044.95,
          "Plan Rows": 1,
          "Plan Width": 96,
          "Sort Key": [
            "(sum(store_sales.ss_ext_sales_price))",
            "(sum(store_sales_1.ss_ext_sales_price))"
          ],
          "Plans": [
            {
              "Node Type": "Nested Loop",
              "Parent Relationship": "Outer",
              "Parallel Aware": false,
              "Async Capable": false,
              "Join Type": "Inner",
              "Startup Cost": 1432044.87,
              "Total Cost": 1432044.93,
              "Plan Rows": 1,
              "Plan Width": 96,
              "Inner Unique": false,
              "Plans": [
                {
                  "Node Type": "Aggregate",
                  "Strategy": "Plain",
                  "Partial Mode": "Simple",
                  "Parent Relationship": "Outer",
                  "Parallel Aware": false,
                  "Async Capable": false,
                  "Startup Cost": 716034.87,
                  "Total Cost": 716034.88,
                  "Plan Rows": 1,
                  "Plan Width": 32,
                  "Plans": [
                    {
                      "Node Type": "Gather",
                      "Parent Relationship": "Outer",
                      "Parallel Aware": false,
                      "Async Capable": false,
                      "Startup Cost": 709254.95,
                      "Total Cost": 716034.86,
                      "Plan Rows": 1,
                      "Plan Width": 6,
                      "Workers Planned": 2,
                      "Single Copy": false,
                      "Plans": [
                        {
                          "Node Type": "Hash Join",
                          "Parent Relationship": "Outer",
                          "Parallel Aware": true,
                          "Async Capable": false,
                          "Join Type": "Inner",
                          "Startup Cost": 708254.95,
                          "Total Cost": 715034.76,
                          "Plan Rows": 1,
                          "Plan Width": 6,
                          "Inner Unique": false,
                          "Hash Cond": "(customer_address.ca_address_sk = customer.c_current_addr_sk)",
                          "Plans": [
                            {
                              "Node Type": "Seq Scan",
                              "Parent Relationship": "Outer",
                              "Parallel Aware": true,
                              "Async Capable": false,
                              "Relation Name": "customer_address",
                              "Alias": "customer_address",
                              "Startup Cost": 0.0,
                              "Total Cost": 6737.08,
                              "Plan Rows": 11392,
                              "Plan Width": 4,
                              "Filter": "(ca_gmt_offset = '-7'::numeric)",
                              "parent": 5,
                              "ID": 6
                            },
                            {
                              "Node Type": "Hash",
                              "Parent Relationship": "Inner",
                              "Parallel Aware": true,
                              "Async Capable": false,
                              "Startup Cost": 708254.92,
                              "Total Cost": 708254.92,
                              "Plan Rows": 2,
                              "Plan Width": 10,
                              "Plans": [
                                {
                                  "Node Type": "Hash Join",
                                  "Parent Relationship": "Outer",
                                  "Parallel Aware": true,
                                  "Async Capable": false,
                                  "Join Type": "Inner",
                                  "Startup Cost": 691555.33,
                                  "Total Cost": 708254.92,
                                  "Plan Rows": 2,
                                  "Plan Width": 10,
                                  "Inner Unique": false,
                                  "Hash Cond": "(customer.c_customer_sk = store_sales.ss_customer_sk)",
                                  "Plans": [
                                    {
                                      "Node Type": "Seq Scan",
                                      "Parent Relationship": "Outer",
                                      "Parallel Aware": true,
                                      "Async Capable": false,
                                      "Relation Name": "customer",
                                      "Alias": "customer",
                                      "Startup Cost": 0.0,
                                      "Total Cost": 15918.33,
                                      "Plan Rows": 208333,
                                      "Plan Width": 8,
                                      "parent": 8,
                                      "ID": 9
                                    },
                                    {
                                      "Node Type": "Hash",
                                      "Parent Relationship": "Inner",
                                      "Parallel Aware": true,
                                      "Async Capable": false,
                                      "Startup Cost": 691555.31,
                                      "Total Cost": 691555.31,
                                      "Plan Rows": 2,
                                      "Plan Width": 10,
                                      "Plans": [
                                        {
                                          "Node Type": "Hash Join",
                                          "Parent Relationship": "Outer",
                                          "Parallel Aware": false,
                                          "Async Capable": false,
                                          "Join Type": "Inner",
                                          "Startup Cost": 684044.55,
                                          "Total Cost": 691555.31,
                                          "Plan Rows": 2,
                                          "Plan Width": 10,
                                          "Inner Unique": false,
                                          "Hash Cond": "(store_sales.ss_promo_sk = promotion.p_promo_sk)",
                                          "Plans": [
                                            {
                                              "Node Type": "Hash Join",
                                              "Parent Relationship": "Outer",
                                              "Parallel Aware": true,
                                              "Async Capable": false,
                                              "Join Type": "Inner",
                                              "Startup Cost": 684019.66,
                                              "Total Cost": 691530.38,
                                              "Plan Rows": 4,
                                              "Plan Width": 14,
                                              "Inner Unique": false,
                                              "Hash Cond": "(item.i_item_sk = store_sales.ss_item_sk)",
                                              "Plans": [
                                                {
                                                  "Node Type": "Seq Scan",
                                                  "Parent Relationship": "Outer",
                                                  "Parallel Aware": true,
                                                  "Async Capable": false,
                                                  "Relation Name": "item",
                                                  "Alias": "item",
                                                  "Startup Cost": 0.0,
                                                  "Total Cost": 7495.25,
                                                  "Plan Rows": 4120,
                                                  "Plan Width": 4,
                                                  "Filter": "(i_category = 'Books'::bpchar)",
                                                  "parent": 12,
                                                  "ID": 13
                                                },
                                                {
                                                  "Node Type": "Hash",
                                                  "Parent Relationship": "Inner",
                                                  "Parallel Aware": true,
                                                  "Async Capable": false,
                                                  "Startup Cost": 684019.11,
                                                  "Total Cost": 684019.11,
                                                  "Plan Rows": 44,
                                                  "Plan Width": 18,
                                                  "Plans": [
                                                    {
                                                      "Node Type": "Hash Join",
                                                      "Parent Relationship": "Outer",
                                                      "Parallel Aware": false,
                                                      "Async Capable": false,
                                                      "Join Type": "Inner",
                                                      "Startup Cost": 2056.06,
                                                      "Total Cost": 684019.11,
                                                      "Plan Rows": 44,
                                                      "Plan Width": 18,
                                                      "Inner Unique": false,
                                                      "Hash Cond": "(store_sales.ss_store_sk = store.s_store_sk)",
                                                      "Plans": [
                                                        {
                                                          "Node Type": "Hash Join",
                                                          "Parent Relationship": "Outer",
                                                          "Parallel Aware": true,
                                                          "Async Capable": false,
                                                          "Join Type": "Inner",
                                                          "Startup Cost": 2049.78,
                                                          "Total Cost": 683994.75,
                                                          "Plan Rows": 4703,
                                                          "Plan Width": 22,
                                                          "Inner Unique": false,
                                                          "Hash Cond": "(store_sales.ss_sold_date_sk = date_dim.d_date_sk)",
                                                          "Plans": [
                                                            {
                                                              "Node Type": "Seq Scan",
                                                              "Parent Relationship": "Outer",
                                                              "Parallel Aware": true,
                                                              "Async Capable": false,
                                                              "Relation Name": "store_sales",
                                                              "Alias": "store_sales",
                                                              "Startup Cost": 0.0,
                                                              "Total Cost": 636914.37,
                                                              "Plan Rows": 12000637,
                                                              "Plan Width": 26,
                                                              "parent": 16,
                                                              "ID": 17
                                                            },
                                                            {
                                                              "Node Type": "Hash",
                                                              "Parent Relationship": "Inner",
                                                              "Parallel Aware": true,
                                                              "Async Capable": false,
                                                              "Startup Cost": 2049.55,
                                                              "Total Cost": 2049.55,
                                                              "Plan Rows": 18,
                                                              "Plan Width": 4,
                                                              "Plans": [
                                                                {
                                                                  "Node Type": "Seq Scan",
                                                                  "Parent Relationship": "Outer",
                                                                  "Parallel Aware": true,
                                                                  "Async Capable": false,
                                                                  "Relation Name": "date_dim",
                                                                  "Alias": "date_dim",
                                                                  "Startup Cost": 0.0,
                                                                  "Total Cost": 2049.55,
                                                                  "Plan Rows": 18,
                                                                  "Plan Width": 4,
                                                                  "Filter": "((d_year = 1999) AND (d_moy = 11))",
                                                                  "parent": 18,
                                                                  "ID": 19
                                                                }
                                                              ],
                                                              "parent": 16,
                                                              "ID": 18,
                                                              "left": 19
                                                            }
                                                          ],
                                                          "parent": 15,
                                                          "ID": 16,
                                                          "left": 17,
                                                          "right": 18
                                                        },
                                                        {
                                                          "Node Type": "Hash",
                                                          "Parent Relationship": "Inner",
                                                          "Parallel Aware": false,
                                                          "Async Capable": false,
                                                          "Startup Cost": 6.28,
                                                          "Total Cost": 6.28,
                                                          "Plan Rows": 1,
                                                          "Plan Width": 4,
                                                          "Plans": [
                                                            {
                                                              "Node Type": "Seq Scan",
                                                              "Parent Relationship": "Outer",
                                                              "Parallel Aware": false,
                                                              "Async Capable": false,
                                                              "Relation Name": "store",
                                                              "Alias": "store",
                                                              "Startup Cost": 0.0,
                                                              "Total Cost": 6.28,
                                                              "Plan Rows": 1,
                                                              "Plan Width": 4,
                                                              "Filter": "(s_gmt_offset = '-7'::numeric)",
                                                              "parent": 20,
                                                              "ID": 21
                                                            }
                                                          ],
                                                          "parent": 15,
                                                          "ID": 20,
                                                          "left": 21
                                                        }
                                                      ],
                                                      "parent": 14,
                                                      "ID": 15,
                                                      "left": 16,
                                                      "right": 20
                                                    }
                                                  ],
                                                  "parent": 12,
                                                  "ID": 14,
                                                  "left": 15
                                                }
                                              ],
                                              "parent": 11,
                                              "ID": 12,
                                              "left": 13,
                                              "right": 14
                                            },
                                            {
                                              "Node Type": "Hash",
                                              "Parent Relationship": "Inner",
                                              "Parallel Aware": false,
                                              "Async Capable": false,
                                              "Startup Cost": 21.75,
                                              "Total Cost": 21.75,
                                              "Plan Rows": 251,
                                              "Plan Width": 4,
                                              "Plans": [
                                                {
                                                  "Node Type": "Seq Scan",
                                                  "Parent Relationship": "Outer",
                                                  "Parallel Aware": false,
                                                  "Async Capable": false,
                                                  "Relation Name": "promotion",
                                                  "Alias": "promotion",
                                                  "Startup Cost": 0.0,
                                                  "Total Cost": 21.75,
                                                  "Plan Rows": 251,
                                                  "Plan Width": 4,
                                                  "Filter": "((p_channel_dmail = 'Y'::bpchar) OR (p_channel_email = 'Y'::bpchar) OR (p_channel_tv = 'Y'::bpchar))",
                                                  "parent": 22,
                                                  "ID": 23
                                                }
                                              ],
                                              "parent": 11,
                                              "ID": 22,
                                              "left": 23
                                            }
                                          ],
                                          "parent": 10,
                                          "ID": 11,
                                          "left": 12,
                                          "right": 22
                                        }
                                      ],
                                      "parent": 8,
                                      "ID": 10,
                                      "left": 11
                                    }
                                  ],
                                  "parent": 7,
                                  "ID": 8,
                                  "left": 9,
                                  "right": 10
                                }
                              ],
                              "parent": 5,
                              "ID": 7,
                              "left": 8
                            }
                          ],
                          "parent": 4,
                          "ID": 5,
                          "left": 6,
                          "right": 7
                        }
                      ],
                      "parent": 3,
                      "ID": 4,
                      "left": 5
                    }
                  ],
                  "parent": 2,
                  "ID": 3,
                  "left": 4
                },
                {
                  "Node Type": "Aggregate",
                  "Strategy": "Plain",
                  "Partial Mode": "Simple",
                  "Parent Relationship": "Inner",
                  "Parallel Aware": false,
                  "Async Capable": false,
                  "Startup Cost": 716010.0,
                  "Total Cost": 716010.01,
                  "Plan Rows": 1,
                  "Plan Width": 32,
                  "Plans": [
                    {
                      "Node Type": "Gather",
                      "Parent Relationship": "Outer",
                      "Parallel Aware": false,
                      "Async Capable": false,
                      "Startup Cost": 709230.09,
                      "Total Cost": 716010.0,
                      "Plan Rows": 1,
                      "Plan Width": 6,
                      "Workers Planned": 2,
                      "Single Copy": false,
                      "Plans": [
                        {
                          "Node Type": "Hash Join",
                          "Parent Relationship": "Outer",
                          "Parallel Aware": true,
                          "Async Capable": false,
                          "Join Type": "Inner",
                          "Startup Cost": 708230.09,
                          "Total Cost": 715009.9,
                          "Plan Rows": 1,
                          "Plan Width": 6,
                          "Inner Unique": false,
                          "Hash Cond": "(customer_address_1.ca_address_sk = customer_1.c_current_addr_sk)",
                          "Plans": [
                            {
                              "Node Type": "Seq Scan",
                              "Parent Relationship": "Outer",
                              "Parallel Aware": true,
                              "Async Capable": false,
                              "Relation Name": "customer_address",
                              "Alias": "customer_address_1",
                              "Startup Cost": 0.0,
                              "Total Cost": 6737.08,
                              "Plan Rows": 11392,
                              "Plan Width": 4,
                              "Filter": "(ca_gmt_offset = '-7'::numeric)",
                              "parent": 26,
                              "ID": 27
                            },
                            {
                              "Node Type": "Hash",
                              "Parent Relationship": "Inner",
                              "Parallel Aware": true,
                              "Async Capable": false,
                              "Startup Cost": 708230.04,
                              "Total Cost": 708230.04,
                              "Plan Rows": 4,
                              "Plan Width": 10,
                              "Plans": [
                                {
                                  "Node Type": "Hash Join",
                                  "Parent Relationship": "Outer",
                                  "Parallel Aware": true,
                                  "Async Capable": false,
                                  "Join Type": "Inner",
                                  "Startup Cost": 691530.43,
                                  "Total Cost": 708230.04,
                                  "Plan Rows": 4,
                                  "Plan Width": 10,
                                  "Inner Unique": false,
                                  "Hash Cond": "(customer_1.c_customer_sk = store_sales_1.ss_customer_sk)",
                                  "Plans": [
                                    {
                                      "Node Type": "Seq Scan",
                                      "Parent Relationship": "Outer",
                                      "Parallel Aware": true,
                                      "Async Capable": false,
                                      "Relation Name": "customer",
                                      "Alias": "customer_1",
                                      "Startup Cost": 0.0,
                                      "Total Cost": 15918.33,
                                      "Plan Rows": 208333,
                                      "Plan Width": 8,
                                      "parent": 29,
                                      "ID": 30
                                    },
                                    {
                                      "Node Type": "Hash",
                                      "Parent Relationship": "Inner",
                                      "Parallel Aware": true,
                                      "Async Capable": false,
                                      "Startup Cost": 691530.38,
                                      "Total Cost": 691530.38,
                                      "Plan Rows": 4,
                                      "Plan Width": 10,
                                      "Plans": [
                                        {
                                          "Node Type": "Hash Join",
                                          "Parent Relationship": "Outer",
                                          "Parallel Aware": true,
                                          "Async Capable": false,
                                          "Join Type": "Inner",
                                          "Startup Cost": 684019.66,
                                          "Total Cost": 691530.38,
                                          "Plan Rows": 4,
                                          "Plan Width": 10,
                                          "Inner Unique": false,
                                          "Hash Cond": "(item_1.i_item_sk = store_sales_1.ss_item_sk)",
                                          "Plans": [
                                            {
                                              "Node Type": "Seq Scan",
                                              "Parent Relationship": "Outer",
                                              "Parallel Aware": true,
                                              "Async Capable": false,
                                              "Relation Name": "item",
                                              "Alias": "item_1",
                                              "Startup Cost": 0.0,
                                              "Total Cost": 7495.25,
                                              "Plan Rows": 4120,
                                              "Plan Width": 4,
                                              "Filter": "(i_category = 'Books'::bpchar)",
                                              "parent": 32,
                                              "ID": 33
                                            },
                                            {
                                              "Node Type": "Hash",
                                              "Parent Relationship": "Inner",
                                              "Parallel Aware": true,
                                              "Async Capable": false,
                                              "Startup Cost": 684019.11,
                                              "Total Cost": 684019.11,
                                              "Plan Rows": 44,
                                              "Plan Width": 14,
                                              "Plans": [
                                                {
                                                  "Node Type": "Hash Join",
                                                  "Parent Relationship": "Outer",
                                                  "Parallel Aware": false,
                                                  "Async Capable": false,
                                                  "Join Type": "Inner",
                                                  "Startup Cost": 2056.06,
                                                  "Total Cost": 684019.11,
                                                  "Plan Rows": 44,
                                                  "Plan Width": 14,
                                                  "Inner Unique": false,
                                                  "Hash Cond": "(store_sales_1.ss_store_sk = store_1.s_store_sk)",
                                                  "Plans": [
                                                    {
                                                      "Node Type": "Hash Join",
                                                      "Parent Relationship": "Outer",
                                                      "Parallel Aware": true,
                                                      "Async Capable": false,
                                                      "Join Type": "Inner",
                                                      "Startup Cost": 2049.78,
                                                      "Total Cost": 683994.75,
                                                      "Plan Rows": 4703,
                                                      "Plan Width": 18,
                                                      "Inner Unique": false,
                                                      "Hash Cond": "(store_sales_1.ss_sold_date_sk = date_dim_1.d_date_sk)",
                                                      "Plans": [
                                                        {
                                                          "Node Type": "Seq Scan",
                                                          "Parent Relationship": "Outer",
                                                          "Parallel Aware": true,
                                                          "Async Capable": false,
                                                          "Relation Name": "store_sales",
                                                          "Alias": "store_sales_1",
                                                          "Startup Cost": 0.0,
                                                          "Total Cost": 636914.37,
                                                          "Plan Rows": 12000637,
                                                          "Plan Width": 22,
                                                          "parent": 36,
                                                          "ID": 37
                                                        },
                                                        {
                                                          "Node Type": "Hash",
                                                          "Parent Relationship": "Inner",
                                                          "Parallel Aware": true,
                                                          "Async Capable": false,
                                                          "Startup Cost": 2049.55,
                                                          "Total Cost": 2049.55,
                                                          "Plan Rows": 18,
                                                          "Plan Width": 4,
                                                          "Plans": [
                                                            {
                                                              "Node Type": "Seq Scan",
                                                              "Parent Relationship": "Outer",
                                                              "Parallel Aware": true,
                                                              "Async Capable": false,
                                                              "Relation Name": "date_dim",
                                                              "Alias": "date_dim_1",
                                                              "Startup Cost": 0.0,
                                                              "Total Cost": 2049.55,
                                                              "Plan Rows": 18,
                                                              "Plan Width": 4,
                                                              "Filter": "((d_year = 1999) AND (d_moy = 11))",
                                                              "parent": 38,
                                                              "ID": 39
                                                            }
                                                          ],
                                                          "parent": 36,
                                                          "ID": 38,
                                                          "left": 39
                                                        }
                                                      ],
                                                      "parent": 35,
                                                      "ID": 36,
                                                      "left": 37,
                                                      "right": 38
                                                    },
                                                    {
                                                      "Node Type": "Hash",
                                                      "Parent Relationship": "Inner",
                                                      "Parallel Aware": false,
                                                      "Async Capable": false,
                                                      "Startup Cost": 6.28,
                                                      "Total Cost": 6.28,
                                                      "Plan Rows": 1,
                                                      "Plan Width": 4,
                                                      "Plans": [
                                                        {
                                                          "Node Type": "Seq Scan",
                                                          "Parent Relationship": "Outer",
                                                          "Parallel Aware": false,
                                                          "Async Capable": false,
                                                          "Relation Name": "store",
                                                          "Alias": "store_1",
                                                          "Startup Cost": 0.0,
                                                          "Total Cost": 6.28,
                                                          "Plan Rows": 1,
                                                          "Plan Width": 4,
                                                          "Filter": "(s_gmt_offset = '-7'::numeric)",
                                                          "parent": 40,
                                                          "ID": 41
                                                        }
                                                      ],
                                                      "parent": 35,
                                                      "ID": 40,
                                                      "left": 41
                                                    }
                                                  ],
                                                  "parent": 34,
                                                  "ID": 35,
                                                  "left": 36,
                                                  "right": 40
                                                }
                                              ],
                                              "parent": 32,
                                              "ID": 34,
                                              "left": 35
                                            }
                                          ],
                                          "parent": 31,
                                          "ID": 32,
                                          "left": 33,
                                          "right": 34
                                        }
                                      ],
                                      "parent": 29,
                                      "ID": 31,
                                      "left": 32
                                    }
                                  ],
                                  "parent": 28,
                                  "ID": 29,
                                  "left": 30,
                                  "right": 31
                                }
                              ],
                              "parent": 26,
                              "ID": 28,
                              "left": 29
                            }
                          ],
                          "parent": 25,
                          "ID": 26,
                          "left": 27,
                          "right": 28
                        }
                      ],
                      "parent": 24,
                      "ID": 25,
                      "left": 26
                    }
                  ],
                  "parent": 2,
                  "ID": 24,
                  "left": 25
                }
              ],
              "parent": 1,
              "ID": 2,
              "left": 3,
              "right": 24
            }
          ],
          "parent": 0,
          "ID": 1,
          "left": 2
        }
      ],
      "parent": null,
      "ID": 0,
      "left": 1
    },
    "feat": {
      "utility": 7.922330713822716e-06,
      "query_shape": [
        [
          "Seq Scan",
          "Hash Join",
          "Gather",
          "Aggregate",
          "Nested Loop",
          "Sort"
        ],
        [
          "Seq Scan",
          "Hash Join",
          "Hash",
          "Gather",
          "Aggregate",
          "Nested Loop",
          "Sort"
        ],
        [
          "Seq Scan",
          "Hash Join",
          "Hash",
          "Gather",
          "Aggregate",
          "Nested Loop",
          "Sort"
        ],
        [
          "Seq Scan",
          "Hash Join",
          "Hash",
          "Gather",
          "Aggregate",
          "Nested Loop",
          "Sort"
        ],
        [
          "Seq Scan",
          "Hash",
          "Hash Join",
          "Gather",
          "Aggregate",
          "Nested Loop",
          "Sort"
        ],
        [
          "Seq Scan",
          "Hash",
          "Hash Join",
          "Gather",
          "Aggregate",
          "Nested Loop",
          "Sort"
        ],
        [
          "Seq Scan",
          "Hash",
          "Hash Join",
          "Gather",
          "Aggregate",
          "Nested Loop",
          "Sort"
        ],
        [
          "Seq Scan",
          "Hash Join",
          "Gather",
          "Aggregate",
          "Nested Loop",
          "Sort"
        ],
        [
          "Seq Scan",
          "Hash Join",
          "Hash",
          "Gather",
          "Aggregate",
          "Nested Loop",
          "Sort"
        ],
        [
          "Seq Scan",
          "Hash Join",
          "Hash",
          "Gather",
          "Aggregate",
          "Nested Loop",
          "Sort"
        ],
        [
          "Seq Scan",
          "Hash Join",
          "Hash",
          "Gather",
          "Aggregate",
          "Nested Loop",
          "Sort"
        ],
        [
          "Seq Scan",
          "Hash",
          "Hash Join",
          "Gather",
          "Aggregate",
          "Nested Loop",
          "Sort"
        ],
        [
          "Seq Scan",
          "Hash",
          "Hash Join",
          "Gather",
          "Aggregate",
          "Nested Loop",
          "Sort"
        ]
      ],
      "index_shape": [
        "join"
      ],
      "physical_operator": {
        "Hash Join": [
          0.09672502460511824,
          0.09672502460511824
        ]
      }
    }
  },
  {
    "query": "select  promotions,total,cast(promotions as decimal(15,4))/cast(total as decimal(15,4))*100\nfrom\n  (select sum(ss_ext_sales_price) promotions\n   from  store_sales\n        ,store\n        ,promotion\n        ,date_dim\n        ,customer\n        ,customer_address \n        ,item\n   where ss_sold_date_sk = d_date_sk\n   and   ss_store_sk = s_store_sk\n   and   ss_promo_sk = p_promo_sk\n   and   ss_customer_sk= c_customer_sk\n   and   ca_address_sk = c_current_addr_sk\n   and   ss_item_sk = i_item_sk \n   and   ca_gmt_offset = -7\n   and   i_category = 'Books'\n   and   (p_channel_dmail = 'Y' or p_channel_email = 'Y' or p_channel_tv = 'Y')\n   and   s_gmt_offset = -7\n   and   d_year = 1999\n   and   d_moy  = 11) promotional_sales,\n  (select sum(ss_ext_sales_price) total\n   from  store_sales\n        ,store\n        ,date_dim\n        ,customer\n        ,customer_address\n        ,item\n   where ss_sold_date_sk = d_date_sk\n   and   ss_store_sk = s_store_sk\n   and   ss_customer_sk= c_customer_sk\n   and   ca_address_sk = c_current_addr_sk\n   and   ss_item_sk = i_item_sk\n   and   ca_gmt_offset = -7\n   and   i_category = 'Books'\n   and   s_gmt_offset = -7\n   and   d_year = 1999\n   and   d_moy  = 11) all_sales\norder by promotions, total\nlimit 100;\n\n-- end query 45 in stream 3 using template query61.tpl\n",
    "indexes": "store_sales.ss_promo_sk",
    "wo plan est": {
      "Node Type": "Limit",
      "Parallel Aware": false,
      "Async Capable": false,
      "Startup Cost": 1432044.94,
      "Total Cost": 1432044.95,
      "Plan Rows": 1,
      "Plan Width": 96,
      "Plans": [
        {
          "Node Type": "Sort",
          "Parent Relationship": "Outer",
          "Parallel Aware": false,
          "Async Capable": false,
          "Startup Cost": 1432044.94,
          "Total Cost": 1432044.95,
          "Plan Rows": 1,
          "Plan Width": 96,
          "Sort Key": [
            "(sum(store_sales.ss_ext_sales_price))",
            "(sum(store_sales_1.ss_ext_sales_price))"
          ],
          "Plans": [
            {
              "Node Type": "Nested Loop",
              "Parent Relationship": "Outer",
              "Parallel Aware": false,
              "Async Capable": false,
              "Join Type": "Inner",
              "Startup Cost": 1432044.87,
              "Total Cost": 1432044.93,
              "Plan Rows": 1,
              "Plan Width": 96,
              "Inner Unique": false,
              "Plans": [
                {
                  "Node Type": "Aggregate",
                  "Strategy": "Plain",
                  "Partial Mode": "Simple",
                  "Parent Relationship": "Outer",
                  "Parallel Aware": false,
                  "Async Capable": false,
                  "Startup Cost": 716034.87,
                  "Total Cost": 716034.88,
                  "Plan Rows": 1,
                  "Plan Width": 32,
                  "Plans": [
                    {
                      "Node Type": "Gather",
                      "Parent Relationship": "Outer",
                      "Parallel Aware": false,
                      "Async Capable": false,
                      "Startup Cost": 709254.95,
                      "Total Cost": 716034.86,
                      "Plan Rows": 1,
                      "Plan Width": 6,
                      "Workers Planned": 2,
                      "Single Copy": false,
                      "Plans": [
                        {
                          "Node Type": "Hash Join",
                          "Parent Relationship": "Outer",
                          "Parallel Aware": true,
                          "Async Capable": false,
                          "Join Type": "Inner",
                          "Startup Cost": 708254.95,
                          "Total Cost": 715034.76,
                          "Plan Rows": 1,
                          "Plan Width": 6,
                          "Inner Unique": false,
                          "Hash Cond": "(customer_address.ca_address_sk = customer.c_current_addr_sk)",
                          "Plans": [
                            {
                              "Node Type": "Seq Scan",
                              "Parent Relationship": "Outer",
                              "Parallel Aware": true,
                              "Async Capable": false,
                              "Relation Name": "customer_address",
                              "Alias": "customer_address",
                              "Startup Cost": 0.0,
                              "Total Cost": 6737.08,
                              "Plan Rows": 11392,
                              "Plan Width": 4,
                              "Filter": "(ca_gmt_offset = '-7'::numeric)",
                              "parent": 5,
                              "ID": 6
                            },
                            {
                              "Node Type": "Hash",
                              "Parent Relationship": "Inner",
                              "Parallel Aware": true,
                              "Async Capable": false,
                              "Startup Cost": 708254.92,
                              "Total Cost": 708254.92,
                              "Plan Rows": 2,
                              "Plan Width": 10,
                              "Plans": [
                                {
                                  "Node Type": "Hash Join",
                                  "Parent Relationship": "Outer",
                                  "Parallel Aware": true,
                                  "Async Capable": false,
                                  "Join Type": "Inner",
                                  "Startup Cost": 691555.33,
                                  "Total Cost": 708254.92,
                                  "Plan Rows": 2,
                                  "Plan Width": 10,
                                  "Inner Unique": false,
                                  "Hash Cond": "(customer.c_customer_sk = store_sales.ss_customer_sk)",
                                  "Plans": [
                                    {
                                      "Node Type": "Seq Scan",
                                      "Parent Relationship": "Outer",
                                      "Parallel Aware": true,
                                      "Async Capable": false,
                                      "Relation Name": "customer",
                                      "Alias": "customer",
                                      "Startup Cost": 0.0,
                                      "Total Cost": 15918.33,
                                      "Plan Rows": 208333,
                                      "Plan Width": 8,
                                      "parent": 8,
                                      "ID": 9
                                    },
                                    {
                                      "Node Type": "Hash",
                                      "Parent Relationship": "Inner",
                                      "Parallel Aware": true,
                                      "Async Capable": false,
                                      "Startup Cost": 691555.31,
                                      "Total Cost": 691555.31,
                                      "Plan Rows": 2,
                                      "Plan Width": 10,
                                      "Plans": [
                                        {
                                          "Node Type": "Hash Join",
                                          "Parent Relationship": "Outer",
                                          "Parallel Aware": false,
                                          "Async Capable": false,
                                          "Join Type": "Inner",
                                          "Startup Cost": 684044.55,
                                          "Total Cost": 691555.31,
                                          "Plan Rows": 2,
                                          "Plan Width": 10,
                                          "Inner Unique": false,
                                          "Hash Cond": "(store_sales.ss_promo_sk = promotion.p_promo_sk)",
                                          "Plans": [
                                            {
                                              "Node Type": "Hash Join",
                                              "Parent Relationship": "Outer",
                                              "Parallel Aware": true,
                                              "Async Capable": false,
                                              "Join Type": "Inner",
                                              "Startup Cost": 684019.66,
                                              "Total Cost": 691530.38,
                                              "Plan Rows": 4,
                                              "Plan Width": 14,
                                              "Inner Unique": false,
                                              "Hash Cond": "(item.i_item_sk = store_sales.ss_item_sk)",
                                              "Plans": [
                                                {
                                                  "Node Type": "Seq Scan",
                                                  "Parent Relationship": "Outer",
                                                  "Parallel Aware": true,
                                                  "Async Capable": false,
                                                  "Relation Name": "item",
                                                  "Alias": "item",
                                                  "Startup Cost": 0.0,
                                                  "Total Cost": 7495.25,
                                                  "Plan Rows": 4120,
                                                  "Plan Width": 4,
                                                  "Filter": "(i_category = 'Books'::bpchar)",
                                                  "parent": 12,
                                                  "ID": 13
                                                },
                                                {
                                                  "Node Type": "Hash",
                                                  "Parent Relationship": "Inner",
                                                  "Parallel Aware": true,
                                                  "Async Capable": false,
                                                  "Startup Cost": 684019.11,
                                                  "Total Cost": 684019.11,
                                                  "Plan Rows": 44,
                                                  "Plan Width": 18,
                                                  "Plans": [
                                                    {
                                                      "Node Type": "Hash Join",
                                                      "Parent Relationship": "Outer",
                                                      "Parallel Aware": false,
                                                      "Async Capable": false,
                                                      "Join Type": "Inner",
                                                      "Startup Cost": 2056.06,
                                                      "Total Cost": 684019.11,
                                                      "Plan Rows": 44,
                                                      "Plan Width": 18,
                                                      "Inner Unique": false,
                                                      "Hash Cond": "(store_sales.ss_store_sk = store.s_store_sk)",
                                                      "Plans": [
                                                        {
                                                          "Node Type": "Hash Join",
                                                          "Parent Relationship": "Outer",
                                                          "Parallel Aware": true,
                                                          "Async Capable": false,
                                                          "Join Type": "Inner",
                                                          "Startup Cost": 2049.78,
                                                          "Total Cost": 683994.75,
                                                          "Plan Rows": 4703,
                                                          "Plan Width": 22,
                                                          "Inner Unique": false,
                                                          "Hash Cond": "(store_sales.ss_sold_date_sk = date_dim.d_date_sk)",
                                                          "Plans": [
                                                            {
                                                              "Node Type": "Seq Scan",
                                                              "Parent Relationship": "Outer",
                                                              "Parallel Aware": true,
                                                              "Async Capable": false,
                                                              "Relation Name": "store_sales",
                                                              "Alias": "store_sales",
                                                              "Startup Cost": 0.0,
                                                              "Total Cost": 636914.37,
                                                              "Plan Rows": 12000637,
                                                              "Plan Width": 26,
                                                              "parent": 16,
                                                              "ID": 17
                                                            },
                                                            {
                                                              "Node Type": "Hash",
                                                              "Parent Relationship": "Inner",
                                                              "Parallel Aware": true,
                                                              "Async Capable": false,
                                                              "Startup Cost": 2049.55,
                                                              "Total Cost": 2049.55,
                                                              "Plan Rows": 18,
                                                              "Plan Width": 4,
                                                              "Plans": [
                                                                {
                                                                  "Node Type": "Seq Scan",
                                                                  "Parent Relationship": "Outer",
                                                                  "Parallel Aware": true,
                                                                  "Async Capable": false,
                                                                  "Relation Name": "date_dim",
                                                                  "Alias": "date_dim",
                                                                  "Startup Cost": 0.0,
                                                                  "Total Cost": 2049.55,
                                                                  "Plan Rows": 18,
                                                                  "Plan Width": 4,
                                                                  "Filter": "((d_year = 1999) AND (d_moy = 11))",
                                                                  "parent": 18,
                                                                  "ID": 19
                                                                }
                                                              ],
                                                              "parent": 16,
                                                              "ID": 18,
                                                              "left": 19
                                                            }
                                                          ],
                                                          "parent": 15,
                                                          "ID": 16,
                                                          "left": 17,
                                                          "right": 18
                                                        },
                                                        {
                                                          "Node Type": "Hash",
                                                          "Parent Relationship": "Inner",
                                                          "Parallel Aware": false,
                                                          "Async Capable": false,
                                                          "Startup Cost": 6.28,
                                                          "Total Cost": 6.28,
                                                          "Plan Rows": 1,
                                                          "Plan Width": 4,
                                                          "Plans": [
                                                            {
                                                              "Node Type": "Seq Scan",
                                                              "Parent Relationship": "Outer",
                                                              "Parallel Aware": false,
                                                              "Async Capable": false,
                                                              "Relation Name": "store",
                                                              "Alias": "store",
                                                              "Startup Cost": 0.0,
                                                              "Total Cost": 6.28,
                                                              "Plan Rows": 1,
                                                              "Plan Width": 4,
                                                              "Filter": "(s_gmt_offset = '-7'::numeric)",
                                                              "parent": 20,
                                                              "ID": 21
                                                            }
                                                          ],
                                                          "parent": 15,
                                                          "ID": 20,
                                                          "left": 21
                                                        }
                                                      ],
                                                      "parent": 14,
                                                      "ID": 15,
                                                      "left": 16,
                                                      "right": 20
                                                    }
                                                  ],
                                                  "parent": 12,
                                                  "ID": 14,
                                                  "left": 15
                                                }
                                              ],
                                              "parent": 11,
                                              "ID": 12,
                                              "left": 13,
                                              "right": 14
                                            },
                                            {
                                              "Node Type": "Hash",
                                              "Parent Relationship": "Inner",
                                              "Parallel Aware": false,
                                              "Async Capable": false,
                                              "Startup Cost": 21.75,
                                              "Total Cost": 21.75,
                                              "Plan Rows": 251,
                                              "Plan Width": 4,
                                              "Plans": [
                                                {
                                                  "Node Type": "Seq Scan",
                                                  "Parent Relationship": "Outer",
                                                  "Parallel Aware": false,
                                                  "Async Capable": false,
                                                  "Relation Name": "promotion",
                                                  "Alias": "promotion",
                                                  "Startup Cost": 0.0,
                                                  "Total Cost": 21.75,
                                                  "Plan Rows": 251,
                                                  "Plan Width": 4,
                                                  "Filter": "((p_channel_dmail = 'Y'::bpchar) OR (p_channel_email = 'Y'::bpchar) OR (p_channel_tv = 'Y'::bpchar))",
                                                  "parent": 22,
                                                  "ID": 23
                                                }
                                              ],
                                              "parent": 11,
                                              "ID": 22,
                                              "left": 23
                                            }
                                          ],
                                          "parent": 10,
                                          "ID": 11,
                                          "left": 12,
                                          "right": 22
                                        }
                                      ],
                                      "parent": 8,
                                      "ID": 10,
                                      "left": 11
                                    }
                                  ],
                                  "parent": 7,
                                  "ID": 8,
                                  "left": 9,
                                  "right": 10
                                }
                              ],
                              "parent": 5,
                              "ID": 7,
                              "left": 8
                            }
                          ],
                          "parent": 4,
                          "ID": 5,
                          "left": 6,
                          "right": 7
                        }
                      ],
                      "parent": 3,
                      "ID": 4,
                      "left": 5
                    }
                  ],
                  "parent": 2,
                  "ID": 3,
                  "left": 4
                },
                {
                  "Node Type": "Aggregate",
                  "Strategy": "Plain",
                  "Partial Mode": "Simple",
                  "Parent Relationship": "Inner",
                  "Parallel Aware": false,
                  "Async Capable": false,
                  "Startup Cost": 716010.0,
                  "Total Cost": 716010.01,
                  "Plan Rows": 1,
                  "Plan Width": 32,
                  "Plans": [
                    {
                      "Node Type": "Gather",
                      "Parent Relationship": "Outer",
                      "Parallel Aware": false,
                      "Async Capable": false,
                      "Startup Cost": 709230.09,
                      "Total Cost": 716010.0,
                      "Plan Rows": 1,
                      "Plan Width": 6,
                      "Workers Planned": 2,
                      "Single Copy": false,
                      "Plans": [
                        {
                          "Node Type": "Hash Join",
                          "Parent Relationship": "Outer",
                          "Parallel Aware": true,
                          "Async Capable": false,
                          "Join Type": "Inner",
                          "Startup Cost": 708230.09,
                          "Total Cost": 715009.9,
                          "Plan Rows": 1,
                          "Plan Width": 6,
                          "Inner Unique": false,
                          "Hash Cond": "(customer_address_1.ca_address_sk = customer_1.c_current_addr_sk)",
                          "Plans": [
                            {
                              "Node Type": "Seq Scan",
                              "Parent Relationship": "Outer",
                              "Parallel Aware": true,
                              "Async Capable": false,
                              "Relation Name": "customer_address",
                              "Alias": "customer_address_1",
                              "Startup Cost": 0.0,
                              "Total Cost": 6737.08,
                              "Plan Rows": 11392,
                              "Plan Width": 4,
                              "Filter": "(ca_gmt_offset = '-7'::numeric)",
                              "parent": 26,
                              "ID": 27
                            },
                            {
                              "Node Type": "Hash",
                              "Parent Relationship": "Inner",
                              "Parallel Aware": true,
                              "Async Capable": false,
                              "Startup Cost": 708230.04,
                              "Total Cost": 708230.04,
                              "Plan Rows": 4,
                              "Plan Width": 10,
                              "Plans": [
                                {
                                  "Node Type": "Hash Join",
                                  "Parent Relationship": "Outer",
                                  "Parallel Aware": true,
                                  "Async Capable": false,
                                  "Join Type": "Inner",
                                  "Startup Cost": 691530.43,
                                  "Total Cost": 708230.04,
                                  "Plan Rows": 4,
                                  "Plan Width": 10,
                                  "Inner Unique": false,
                                  "Hash Cond": "(customer_1.c_customer_sk = store_sales_1.ss_customer_sk)",
                                  "Plans": [
                                    {
                                      "Node Type": "Seq Scan",
                                      "Parent Relationship": "Outer",
                                      "Parallel Aware": true,
                                      "Async Capable": false,
                                      "Relation Name": "customer",
                                      "Alias": "customer_1",
                                      "Startup Cost": 0.0,
                                      "Total Cost": 15918.33,
                                      "Plan Rows": 208333,
                                      "Plan Width": 8,
                                      "parent": 29,
                                      "ID": 30
                                    },
                                    {
                                      "Node Type": "Hash",
                                      "Parent Relationship": "Inner",
                                      "Parallel Aware": true,
                                      "Async Capable": false,
                                      "Startup Cost": 691530.38,
                                      "Total Cost": 691530.38,
                                      "Plan Rows": 4,
                                      "Plan Width": 10,
                                      "Plans": [
                                        {
                                          "Node Type": "Hash Join",
                                          "Parent Relationship": "Outer",
                                          "Parallel Aware": true,
                                          "Async Capable": false,
                                          "Join Type": "Inner",
                                          "Startup Cost": 684019.66,
                                          "Total Cost": 691530.38,
                                          "Plan Rows": 4,
                                          "Plan Width": 10,
                                          "Inner Unique": false,
                                          "Hash Cond": "(item_1.i_item_sk = store_sales_1.ss_item_sk)",
                                          "Plans": [
                                            {
                                              "Node Type": "Seq Scan",
                                              "Parent Relationship": "Outer",
                                              "Parallel Aware": true,
                                              "Async Capable": false,
                                              "Relation Name": "item",
                                              "Alias": "item_1",
                                              "Startup Cost": 0.0,
                                              "Total Cost": 7495.25,
                                              "Plan Rows": 4120,
                                              "Plan Width": 4,
                                              "Filter": "(i_category = 'Books'::bpchar)",
                                              "parent": 32,
                                              "ID": 33
                                            },
                                            {
                                              "Node Type": "Hash",
                                              "Parent Relationship": "Inner",
                                              "Parallel Aware": true,
                                              "Async Capable": false,
                                              "Startup Cost": 684019.11,
                                              "Total Cost": 684019.11,
                                              "Plan Rows": 44,
                                              "Plan Width": 14,
                                              "Plans": [
                                                {
                                                  "Node Type": "Hash Join",
                                                  "Parent Relationship": "Outer",
                                                  "Parallel Aware": false,
                                                  "Async Capable": false,
                                                  "Join Type": "Inner",
                                                  "Startup Cost": 2056.06,
                                                  "Total Cost": 684019.11,
                                                  "Plan Rows": 44,
                                                  "Plan Width": 14,
                                                  "Inner Unique": false,
                                                  "Hash Cond": "(store_sales_1.ss_store_sk = store_1.s_store_sk)",
                                                  "Plans": [
                                                    {
                                                      "Node Type": "Hash Join",
                                                      "Parent Relationship": "Outer",
                                                      "Parallel Aware": true,
                                                      "Async Capable": false,
                                                      "Join Type": "Inner",
                                                      "Startup Cost": 2049.78,
                                                      "Total Cost": 683994.75,
                                                      "Plan Rows": 4703,
                                                      "Plan Width": 18,
                                                      "Inner Unique": false,
                                                      "Hash Cond": "(store_sales_1.ss_sold_date_sk = date_dim_1.d_date_sk)",
                                                      "Plans": [
                                                        {
                                                          "Node Type": "Seq Scan",
                                                          "Parent Relationship": "Outer",
                                                          "Parallel Aware": true,
                                                          "Async Capable": false,
                                                          "Relation Name": "store_sales",
                                                          "Alias": "store_sales_1",
                                                          "Startup Cost": 0.0,
                                                          "Total Cost": 636914.37,
                                                          "Plan Rows": 12000637,
                                                          "Plan Width": 22,
                                                          "parent": 36,
                                                          "ID": 37
                                                        },
                                                        {
                                                          "Node Type": "Hash",
                                                          "Parent Relationship": "Inner",
                                                          "Parallel Aware": true,
                                                          "Async Capable": false,
                                                          "Startup Cost": 2049.55,
                                                          "Total Cost": 2049.55,
                                                          "Plan Rows": 18,
                                                          "Plan Width": 4,
                                                          "Plans": [
                                                            {
                                                              "Node Type": "Seq Scan",
                                                              "Parent Relationship": "Outer",
                                                              "Parallel Aware": true,
                                                              "Async Capable": false,
                                                              "Relation Name": "date_dim",
                                                              "Alias": "date_dim_1",
                                                              "Startup Cost": 0.0,
                                                              "Total Cost": 2049.55,
                                                              "Plan Rows": 18,
                                                              "Plan Width": 4,
                                                              "Filter": "((d_year = 1999) AND (d_moy = 11))",
                                                              "parent": 38,
                                                              "ID": 39
                                                            }
                                                          ],
                                                          "parent": 36,
                                                          "ID": 38,
                                                          "left": 39
                                                        }
                                                      ],
                                                      "parent": 35,
                                                      "ID": 36,
                                                      "left": 37,
                                                      "right": 38
                                                    },
                                                    {
                                                      "Node Type": "Hash",
                                                      "Parent Relationship": "Inner",
                                                      "Parallel Aware": false,
                                                      "Async Capable": false,
                                                      "Startup Cost": 6.28,
                                                      "Total Cost": 6.28,
                                                      "Plan Rows": 1,
                                                      "Plan Width": 4,
                                                      "Plans": [
                                                        {
                                                          "Node Type": "Seq Scan",
                                                          "Parent Relationship": "Outer",
                                                          "Parallel Aware": false,
                                                          "Async Capable": false,
                                                          "Relation Name": "store",
                                                          "Alias": "store_1",
                                                          "Startup Cost": 0.0,
                                                          "Total Cost": 6.28,
                                                          "Plan Rows": 1,
                                                          "Plan Width": 4,
                                                          "Filter": "(s_gmt_offset = '-7'::numeric)",
                                                          "parent": 40,
                                                          "ID": 41
                                                        }
                                                      ],
                                                      "parent": 35,
                                                      "ID": 40,
                                                      "left": 41
                                                    }
                                                  ],
                                                  "parent": 34,
                                                  "ID": 35,
                                                  "left": 36,
                                                  "right": 40
                                                }
                                              ],
                                              "parent": 32,
                                              "ID": 34,
                                              "left": 35
                                            }
                                          ],
                                          "parent": 31,
                                          "ID": 32,
                                          "left": 33,
                                          "right": 34
                                        }
                                      ],
                                      "parent": 29,
                                      "ID": 31,
                                      "left": 32
                                    }
                                  ],
                                  "parent": 28,
                                  "ID": 29,
                                  "left": 30,
                                  "right": 31
                                }
                              ],
                              "parent": 26,
                              "ID": 28,
                              "left": 29
                            }
                          ],
                          "parent": 25,
                          "ID": 26,
                          "left": 27,
                          "right": 28
                        }
                      ],
                      "parent": 24,
                      "ID": 25,
                      "left": 26
                    }
                  ],
                  "parent": 2,
                  "ID": 24,
                  "left": 25
                }
              ],
              "parent": 1,
              "ID": 2,
              "left": 3,
              "right": 24
            }
          ],
          "parent": 0,
          "ID": 1,
          "left": 2
        }
      ],
      "parent": null,
      "ID": 0,
      "left": 1
    },
    "feat": {
      "utility": 4.189610027812717e-06,
      "query_shape": [
        [
          "Seq Scan",
          "Hash Join",
          "Gather",
          "Aggregate",
          "Nested Loop",
          "Sort"
        ],
        [
          "Seq Scan",
          "Hash Join",
          "Hash",
          "Gather",
          "Aggregate",
          "Nested Loop",
          "Sort"
        ],
        [
          "Seq Scan",
          "Hash Join",
          "Hash",
          "Gather",
          "Aggregate",
          "Nested Loop",
          "Sort"
        ],
        [
          "Seq Scan",
          "Hash Join",
          "Hash",
          "Gather",
          "Aggregate",
          "Nested Loop",
          "Sort"
        ],
        [
          "Seq Scan",
          "Hash",
          "Hash Join",
          "Gather",
          "Aggregate",
          "Nested Loop",
          "Sort"
        ],
        [
          "Seq Scan",
          "Hash",
          "Hash Join",
          "Gather",
          "Aggregate",
          "Nested Loop",
          "Sort"
        ],
        [
          "Seq Scan",
          "Hash",
          "Hash Join",
          "Gather",
          "Aggregate",
          "Nested Loop",
          "Sort"
        ],
        [
          "Seq Scan",
          "Hash Join",
          "Gather",
          "Aggregate",
          "Nested Loop",
          "Sort"
        ],
        [
          "Seq Scan",
          "Hash Join",
          "Hash",
          "Gather",
          "Aggregate",
          "Nested Loop",
          "Sort"
        ],
        [
          "Seq Scan",
          "Hash Join",
          "Hash",
          "Gather",
          "Aggregate",
          "Nested Loop",
          "Sort"
        ],
        [
          "Seq Scan",
          "Hash Join",
          "Hash",
          "Gather",
          "Aggregate",
          "Nested Loop",
          "Sort"
        ],
        [
          "Seq Scan",
          "Hash",
          "Hash Join",
          "Gather",
          "Aggregate",
          "Nested Loop",
          "Sort"
        ],
        [
          "Seq Scan",
          "Hash",
          "Hash Join",
          "Gather",
          "Aggregate",
          "Nested Loop",
          "Sort"
        ]
      ],
      "index_shape": [
        "join"
      ],
      "physical_operator": {
        "Hash Join": [
          0.04463218426774518
        ]
      }
    }
  },
  {
    "query": "select  promotions,total,cast(promotions as decimal(15,4))/cast(total as decimal(15,4))*100\nfrom\n  (select sum(ss_ext_sales_price) promotions\n   from  store_sales\n        ,store\n        ,promotion\n        ,date_dim\n        ,customer\n        ,customer_address \n        ,item\n   where ss_sold_date_sk = d_date_sk\n   and   ss_store_sk = s_store_sk\n   and   ss_promo_sk = p_promo_sk\n   and   ss_customer_sk= c_customer_sk\n   and   ca_address_sk = c_current_addr_sk\n   and   ss_item_sk = i_item_sk \n   and   ca_gmt_offset = -7\n   and   i_category = 'Books'\n   and   (p_channel_dmail = 'Y' or p_channel_email = 'Y' or p_channel_tv = 'Y')\n   and   s_gmt_offset = -7\n   and   d_year = 1999\n   and   d_moy  = 11) promotional_sales,\n  (select sum(ss_ext_sales_price) total\n   from  store_sales\n        ,store\n        ,date_dim\n        ,customer\n        ,customer_address\n        ,item\n   where ss_sold_date_sk = d_date_sk\n   and   ss_store_sk = s_store_sk\n   and   ss_customer_sk= c_customer_sk\n   and   ca_address_sk = c_current_addr_sk\n   and   ss_item_sk = i_item_sk\n   and   ca_gmt_offset = -7\n   and   i_category = 'Books'\n   and   s_gmt_offset = -7\n   and   d_year = 1999\n   and   d_moy  = 11) all_sales\norder by promotions, total\nlimit 100;\n\n-- end query 45 in stream 3 using template query61.tpl\n",
    "indexes": "store_sales.ss_ext_sales_price",
    "wo plan est": {
      "Node Type": "Limit",
      "Parallel Aware": false,
      "Async Capable": false,
      "Startup Cost": 1432044.94,
      "Total Cost": 1432044.95,
      "Plan Rows": 1,
      "Plan Width": 96,
      "Plans": [
        {
          "Node Type": "Sort",
          "Parent Relationship": "Outer",
          "Parallel Aware": false,
          "Async Capable": false,
          "Startup Cost": 1432044.94,
          "Total Cost": 1432044.95,
          "Plan Rows": 1,
          "Plan Width": 96,
          "Sort Key": [
            "(sum(store_sales.ss_ext_sales_price))",
            "(sum(store_sales_1.ss_ext_sales_price))"
          ],
          "Plans": [
            {
              "Node Type": "Nested Loop",
              "Parent Relationship": "Outer",
              "Parallel Aware": false,
              "Async Capable": false,
              "Join Type": "Inner",
              "Startup Cost": 1432044.87,
              "Total Cost": 1432044.93,
              "Plan Rows": 1,
              "Plan Width": 96,
              "Inner Unique": false,
              "Plans": [
                {
                  "Node Type": "Aggregate",
                  "Strategy": "Plain",
                  "Partial Mode": "Simple",
                  "Parent Relationship": "Outer",
                  "Parallel Aware": false,
                  "Async Capable": false,
                  "Startup Cost": 716034.87,
                  "Total Cost": 716034.88,
                  "Plan Rows": 1,
                  "Plan Width": 32,
                  "Plans": [
                    {
                      "Node Type": "Gather",
                      "Parent Relationship": "Outer",
                      "Parallel Aware": false,
                      "Async Capable": false,
                      "Startup Cost": 709254.95,
                      "Total Cost": 716034.86,
                      "Plan Rows": 1,
                      "Plan Width": 6,
                      "Workers Planned": 2,
                      "Single Copy": false,
                      "Plans": [
                        {
                          "Node Type": "Hash Join",
                          "Parent Relationship": "Outer",
                          "Parallel Aware": true,
                          "Async Capable": false,
                          "Join Type": "Inner",
                          "Startup Cost": 708254.95,
                          "Total Cost": 715034.76,
                          "Plan Rows": 1,
                          "Plan Width": 6,
                          "Inner Unique": false,
                          "Hash Cond": "(customer_address.ca_address_sk = customer.c_current_addr_sk)",
                          "Plans": [
                            {
                              "Node Type": "Seq Scan",
                              "Parent Relationship": "Outer",
                              "Parallel Aware": true,
                              "Async Capable": false,
                              "Relation Name": "customer_address",
                              "Alias": "customer_address",
                              "Startup Cost": 0.0,
                              "Total Cost": 6737.08,
                              "Plan Rows": 11392,
                              "Plan Width": 4,
                              "Filter": "(ca_gmt_offset = '-7'::numeric)",
                              "parent": 5,
                              "ID": 6
                            },
                            {
                              "Node Type": "Hash",
                              "Parent Relationship": "Inner",
                              "Parallel Aware": true,
                              "Async Capable": false,
                              "Startup Cost": 708254.92,
                              "Total Cost": 708254.92,
                              "Plan Rows": 2,
                              "Plan Width": 10,
                              "Plans": [
                                {
                                  "Node Type": "Hash Join",
                                  "Parent Relationship": "Outer",
                                  "Parallel Aware": true,
                                  "Async Capable": false,
                                  "Join Type": "Inner",
                                  "Startup Cost": 691555.33,
                                  "Total Cost": 708254.92,
                                  "Plan Rows": 2,
                                  "Plan Width": 10,
                                  "Inner Unique": false,
                                  "Hash Cond": "(customer.c_customer_sk = store_sales.ss_customer_sk)",
                                  "Plans": [
                                    {
                                      "Node Type": "Seq Scan",
                                      "Parent Relationship": "Outer",
                                      "Parallel Aware": true,
                                      "Async Capable": false,
                                      "Relation Name": "customer",
                                      "Alias": "customer",
                                      "Startup Cost": 0.0,
                                      "Total Cost": 15918.33,
                                      "Plan Rows": 208333,
                                      "Plan Width": 8,
                                      "parent": 8,
                                      "ID": 9
                                    },
                                    {
                                      "Node Type": "Hash",
                                      "Parent Relationship": "Inner",
                                      "Parallel Aware": true,
                                      "Async Capable": false,
                                      "Startup Cost": 691555.31,
                                      "Total Cost": 691555.31,
                                      "Plan Rows": 2,
                                      "Plan Width": 10,
                                      "Plans": [
                                        {
                                          "Node Type": "Hash Join",
                                          "Parent Relationship": "Outer",
                                          "Parallel Aware": false,
                                          "Async Capable": false,
                                          "Join Type": "Inner",
                                          "Startup Cost": 684044.55,
                                          "Total Cost": 691555.31,
                                          "Plan Rows": 2,
                                          "Plan Width": 10,
                                          "Inner Unique": false,
                                          "Hash Cond": "(store_sales.ss_promo_sk = promotion.p_promo_sk)",
                                          "Plans": [
                                            {
                                              "Node Type": "Hash Join",
                                              "Parent Relationship": "Outer",
                                              "Parallel Aware": true,
                                              "Async Capable": false,
                                              "Join Type": "Inner",
                                              "Startup Cost": 684019.66,
                                              "Total Cost": 691530.38,
                                              "Plan Rows": 4,
                                              "Plan Width": 14,
                                              "Inner Unique": false,
                                              "Hash Cond": "(item.i_item_sk = store_sales.ss_item_sk)",
                                              "Plans": [
                                                {
                                                  "Node Type": "Seq Scan",
                                                  "Parent Relationship": "Outer",
                                                  "Parallel Aware": true,
                                                  "Async Capable": false,
                                                  "Relation Name": "item",
                                                  "Alias": "item",
                                                  "Startup Cost": 0.0,
                                                  "Total Cost": 7495.25,
                                                  "Plan Rows": 4120,
                                                  "Plan Width": 4,
                                                  "Filter": "(i_category = 'Books'::bpchar)",
                                                  "parent": 12,
                                                  "ID": 13
                                                },
                                                {
                                                  "Node Type": "Hash",
                                                  "Parent Relationship": "Inner",
                                                  "Parallel Aware": true,
                                                  "Async Capable": false,
                                                  "Startup Cost": 684019.11,
                                                  "Total Cost": 684019.11,
                                                  "Plan Rows": 44,
                                                  "Plan Width": 18,
                                                  "Plans": [
                                                    {
                                                      "Node Type": "Hash Join",
                                                      "Parent Relationship": "Outer",
                                                      "Parallel Aware": false,
                                                      "Async Capable": false,
                                                      "Join Type": "Inner",
                                                      "Startup Cost": 2056.06,
                                                      "Total Cost": 684019.11,
                                                      "Plan Rows": 44,
                                                      "Plan Width": 18,
                                                      "Inner Unique": false,
                                                      "Hash Cond": "(store_sales.ss_store_sk = store.s_store_sk)",
                                                      "Plans": [
                                                        {
                                                          "Node Type": "Hash Join",
                                                          "Parent Relationship": "Outer",
                                                          "Parallel Aware": true,
                                                          "Async Capable": false,
                                                          "Join Type": "Inner",
                                                          "Startup Cost": 2049.78,
                                                          "Total Cost": 683994.75,
                                                          "Plan Rows": 4703,
                                                          "Plan Width": 22,
                                                          "Inner Unique": false,
                                                          "Hash Cond": "(store_sales.ss_sold_date_sk = date_dim.d_date_sk)",
                                                          "Plans": [
                                                            {
                                                              "Node Type": "Seq Scan",
                                                              "Parent Relationship": "Outer",
                                                              "Parallel Aware": true,
                                                              "Async Capable": false,
                                                              "Relation Name": "store_sales",
                                                              "Alias": "store_sales",
                                                              "Startup Cost": 0.0,
                                                              "Total Cost": 636914.37,
                                                              "Plan Rows": 12000637,
                                                              "Plan Width": 26,
                                                              "parent": 16,
                                                              "ID": 17
                                                            },
                                                            {
                                                              "Node Type": "Hash",
                                                              "Parent Relationship": "Inner",
                                                              "Parallel Aware": true,
                                                              "Async Capable": false,
                                                              "Startup Cost": 2049.55,
                                                              "Total Cost": 2049.55,
                                                              "Plan Rows": 18,
                                                              "Plan Width": 4,
                                                              "Plans": [
                                                                {
                                                                  "Node Type": "Seq Scan",
                                                                  "Parent Relationship": "Outer",
                                                                  "Parallel Aware": true,
                                                                  "Async Capable": false,
                                                                  "Relation Name": "date_dim",
                                                                  "Alias": "date_dim",
                                                                  "Startup Cost": 0.0,
                                                                  "Total Cost": 2049.55,
                                                                  "Plan Rows": 18,
                                                                  "Plan Width": 4,
                                                                  "Filter": "((d_year = 1999) AND (d_moy = 11))",
                                                                  "parent": 18,
                                                                  "ID": 19
                                                                }
                                                              ],
                                                              "parent": 16,
                                                              "ID": 18,
                                                              "left": 19
                                                            }
                                                          ],
                                                          "parent": 15,
                                                          "ID": 16,
                                                          "left": 17,
                                                          "right": 18
                                                        },
                                                        {
                                                          "Node Type": "Hash",
                                                          "Parent Relationship": "Inner",
                                                          "Parallel Aware": false,
                                                          "Async Capable": false,
                                                          "Startup Cost": 6.28,
                                                          "Total Cost": 6.28,
                                                          "Plan Rows": 1,
                                                          "Plan Width": 4,
                                                          "Plans": [
                                                            {
                                                              "Node Type": "Seq Scan",
                                                              "Parent Relationship": "Outer",
                                                              "Parallel Aware": false,
                                                              "Async Capable": false,
                                                              "Relation Name": "store",
                                                              "Alias": "store",
                                                              "Startup Cost": 0.0,
                                                              "Total Cost": 6.28,
                                                              "Plan Rows": 1,
                                                              "Plan Width": 4,
                                                              "Filter": "(s_gmt_offset = '-7'::numeric)",
                                                              "parent": 20,
                                                              "ID": 21
                                                            }
                                                          ],
                                                          "parent": 15,
                                                          "ID": 20,
                                                          "left": 21
                                                        }
                                                      ],
                                                      "parent": 14,
                                                      "ID": 15,
                                                      "left": 16,
                                                      "right": 20
                                                    }
                                                  ],
                                                  "parent": 12,
                                                  "ID": 14,
                                                  "left": 15
                                                }
                                              ],
                                              "parent": 11,
                                              "ID": 12,
                                              "left": 13,
                                              "right": 14
                                            },
                                            {
                                              "Node Type": "Hash",
                                              "Parent Relationship": "Inner",
                                              "Parallel Aware": false,
                                              "Async Capable": false,
                                              "Startup Cost": 21.75,
                                              "Total Cost": 21.75,
                                              "Plan Rows": 251,
                                              "Plan Width": 4,
                                              "Plans": [
                                                {
                                                  "Node Type": "Seq Scan",
                                                  "Parent Relationship": "Outer",
                                                  "Parallel Aware": false,
                                                  "Async Capable": false,
                                                  "Relation Name": "promotion",
                                                  "Alias": "promotion",
                                                  "Startup Cost": 0.0,
                                                  "Total Cost": 21.75,
                                                  "Plan Rows": 251,
                                                  "Plan Width": 4,
                                                  "Filter": "((p_channel_dmail = 'Y'::bpchar) OR (p_channel_email = 'Y'::bpchar) OR (p_channel_tv = 'Y'::bpchar))",
                                                  "parent": 22,
                                                  "ID": 23
                                                }
                                              ],
                                              "parent": 11,
                                              "ID": 22,
                                              "left": 23
                                            }
                                          ],
                                          "parent": 10,
                                          "ID": 11,
                                          "left": 12,
                                          "right": 22
                                        }
                                      ],
                                      "parent": 8,
                                      "ID": 10,
                                      "left": 11
                                    }
                                  ],
                                  "parent": 7,
                                  "ID": 8,
                                  "left": 9,
                                  "right": 10
                                }
                              ],
                              "parent": 5,
                              "ID": 7,
                              "left": 8
                            }
                          ],
                          "parent": 4,
                          "ID": 5,
                          "left": 6,
                          "right": 7
                        }
                      ],
                      "parent": 3,
                      "ID": 4,
                      "left": 5
                    }
                  ],
                  "parent": 2,
                  "ID": 3,
                  "left": 4
                },
                {
                  "Node Type": "Aggregate",
                  "Strategy": "Plain",
                  "Partial Mode": "Simple",
                  "Parent Relationship": "Inner",
                  "Parallel Aware": false,
                  "Async Capable": false,
                  "Startup Cost": 716010.0,
                  "Total Cost": 716010.01,
                  "Plan Rows": 1,
                  "Plan Width": 32,
                  "Plans": [
                    {
                      "Node Type": "Gather",
                      "Parent Relationship": "Outer",
                      "Parallel Aware": false,
                      "Async Capable": false,
                      "Startup Cost": 709230.09,
                      "Total Cost": 716010.0,
                      "Plan Rows": 1,
                      "Plan Width": 6,
                      "Workers Planned": 2,
                      "Single Copy": false,
                      "Plans": [
                        {
                          "Node Type": "Hash Join",
                          "Parent Relationship": "Outer",
                          "Parallel Aware": true,
                          "Async Capable": false,
                          "Join Type": "Inner",
                          "Startup Cost": 708230.09,
                          "Total Cost": 715009.9,
                          "Plan Rows": 1,
                          "Plan Width": 6,
                          "Inner Unique": false,
                          "Hash Cond": "(customer_address_1.ca_address_sk = customer_1.c_current_addr_sk)",
                          "Plans": [
                            {
                              "Node Type": "Seq Scan",
                              "Parent Relationship": "Outer",
                              "Parallel Aware": true,
                              "Async Capable": false,
                              "Relation Name": "customer_address",
                              "Alias": "customer_address_1",
                              "Startup Cost": 0.0,
                              "Total Cost": 6737.08,
                              "Plan Rows": 11392,
                              "Plan Width": 4,
                              "Filter": "(ca_gmt_offset = '-7'::numeric)",
                              "parent": 26,
                              "ID": 27
                            },
                            {
                              "Node Type": "Hash",
                              "Parent Relationship": "Inner",
                              "Parallel Aware": true,
                              "Async Capable": false,
                              "Startup Cost": 708230.04,
                              "Total Cost": 708230.04,
                              "Plan Rows": 4,
                              "Plan Width": 10,
                              "Plans": [
                                {
                                  "Node Type": "Hash Join",
                                  "Parent Relationship": "Outer",
                                  "Parallel Aware": true,
                                  "Async Capable": false,
                                  "Join Type": "Inner",
                                  "Startup Cost": 691530.43,
                                  "Total Cost": 708230.04,
                                  "Plan Rows": 4,
                                  "Plan Width": 10,
                                  "Inner Unique": false,
                                  "Hash Cond": "(customer_1.c_customer_sk = store_sales_1.ss_customer_sk)",
                                  "Plans": [
                                    {
                                      "Node Type": "Seq Scan",
                                      "Parent Relationship": "Outer",
                                      "Parallel Aware": true,
                                      "Async Capable": false,
                                      "Relation Name": "customer",
                                      "Alias": "customer_1",
                                      "Startup Cost": 0.0,
                                      "Total Cost": 15918.33,
                                      "Plan Rows": 208333,
                                      "Plan Width": 8,
                                      "parent": 29,
                                      "ID": 30
                                    },
                                    {
                                      "Node Type": "Hash",
                                      "Parent Relationship": "Inner",
                                      "Parallel Aware": true,
                                      "Async Capable": false,
                                      "Startup Cost": 691530.38,
                                      "Total Cost": 691530.38,
                                      "Plan Rows": 4,
                                      "Plan Width": 10,
                                      "Plans": [
                                        {
                                          "Node Type": "Hash Join",
                                          "Parent Relationship": "Outer",
                                          "Parallel Aware": true,
                                          "Async Capable": false,
                                          "Join Type": "Inner",
                                          "Startup Cost": 684019.66,
                                          "Total Cost": 691530.38,
                                          "Plan Rows": 4,
                                          "Plan Width": 10,
                                          "Inner Unique": false,
                                          "Hash Cond": "(item_1.i_item_sk = store_sales_1.ss_item_sk)",
                                          "Plans": [
                                            {
                                              "Node Type": "Seq Scan",
                                              "Parent Relationship": "Outer",
                                              "Parallel Aware": true,
                                              "Async Capable": false,
                                              "Relation Name": "item",
                                              "Alias": "item_1",
                                              "Startup Cost": 0.0,
                                              "Total Cost": 7495.25,
                                              "Plan Rows": 4120,
                                              "Plan Width": 4,
                                              "Filter": "(i_category = 'Books'::bpchar)",
                                              "parent": 32,
                                              "ID": 33
                                            },
                                            {
                                              "Node Type": "Hash",
                                              "Parent Relationship": "Inner",
                                              "Parallel Aware": true,
                                              "Async Capable": false,
                                              "Startup Cost": 684019.11,
                                              "Total Cost": 684019.11,
                                              "Plan Rows": 44,
                                              "Plan Width": 14,
                                              "Plans": [
                                                {
                                                  "Node Type": "Hash Join",
                                                  "Parent Relationship": "Outer",
                                                  "Parallel Aware": false,
                                                  "Async Capable": false,
                                                  "Join Type": "Inner",
                                                  "Startup Cost": 2056.06,
                                                  "Total Cost": 684019.11,
                                                  "Plan Rows": 44,
                                                  "Plan Width": 14,
                                                  "Inner Unique": false,
                                                  "Hash Cond": "(store_sales_1.ss_store_sk = store_1.s_store_sk)",
                                                  "Plans": [
                                                    {
                                                      "Node Type": "Hash Join",
                                                      "Parent Relationship": "Outer",
                                                      "Parallel Aware": true,
                                                      "Async Capable": false,
                                                      "Join Type": "Inner",
                                                      "Startup Cost": 2049.78,
                                                      "Total Cost": 683994.75,
                                                      "Plan Rows": 4703,
                                                      "Plan Width": 18,
                                                      "Inner Unique": false,
                                                      "Hash Cond": "(store_sales_1.ss_sold_date_sk = date_dim_1.d_date_sk)",
                                                      "Plans": [
                                                        {
                                                          "Node Type": "Seq Scan",
                                                          "Parent Relationship": "Outer",
                                                          "Parallel Aware": true,
                                                          "Async Capable": false,
                                                          "Relation Name": "store_sales",
                                                          "Alias": "store_sales_1",
                                                          "Startup Cost": 0.0,
                                                          "Total Cost": 636914.37,
                                                          "Plan Rows": 12000637,
                                                          "Plan Width": 22,
                                                          "parent": 36,
                                                          "ID": 37
                                                        },
                                                        {
                                                          "Node Type": "Hash",
                                                          "Parent Relationship": "Inner",
                                                          "Parallel Aware": true,
                                                          "Async Capable": false,
                                                          "Startup Cost": 2049.55,
                                                          "Total Cost": 2049.55,
                                                          "Plan Rows": 18,
                                                          "Plan Width": 4,
                                                          "Plans": [
                                                            {
                                                              "Node Type": "Seq Scan",
                                                              "Parent Relationship": "Outer",
                                                              "Parallel Aware": true,
                                                              "Async Capable": false,
                                                              "Relation Name": "date_dim",
                                                              "Alias": "date_dim_1",
                                                              "Startup Cost": 0.0,
                                                              "Total Cost": 2049.55,
                                                              "Plan Rows": 18,
                                                              "Plan Width": 4,
                                                              "Filter": "((d_year = 1999) AND (d_moy = 11))",
                                                              "parent": 38,
                                                              "ID": 39
                                                            }
                                                          ],
                                                          "parent": 36,
                                                          "ID": 38,
                                                          "left": 39
                                                        }
                                                      ],
                                                      "parent": 35,
                                                      "ID": 36,
                                                      "left": 37,
                                                      "right": 38
                                                    },
                                                    {
                                                      "Node Type": "Hash",
                                                      "Parent Relationship": "Inner",
                                                      "Parallel Aware": false,
                                                      "Async Capable": false,
                                                      "Startup Cost": 6.28,
                                                      "Total Cost": 6.28,
                                                      "Plan Rows": 1,
                                                      "Plan Width": 4,
                                                      "Plans": [
                                                        {
                                                          "Node Type": "Seq Scan",
                                                          "Parent Relationship": "Outer",
                                                          "Parallel Aware": false,
                                                          "Async Capable": false,
                                                          "Relation Name": "store",
                                                          "Alias": "store_1",
                                                          "Startup Cost": 0.0,
                                                          "Total Cost": 6.28,
                                                          "Plan Rows": 1,
                                                          "Plan Width": 4,
                                                          "Filter": "(s_gmt_offset = '-7'::numeric)",
                                                          "parent": 40,
                                                          "ID": 41
                                                        }
                                                      ],
                                                      "parent": 35,
                                                      "ID": 40,
                                                      "left": 41
                                                    }
                                                  ],
                                                  "parent": 34,
                                                  "ID": 35,
                                                  "left": 36,
                                                  "right": 40
                                                }
                                              ],
                                              "parent": 32,
                                              "ID": 34,
                                              "left": 35
                                            }
                                          ],
                                          "parent": 31,
                                          "ID": 32,
                                          "left": 33,
                                          "right": 34
                                        }
                                      ],
                                      "parent": 29,
                                      "ID": 31,
                                      "left": 32
                                    }
                                  ],
                                  "parent": 28,
                                  "ID": 29,
                                  "left": 30,
                                  "right": 31
                                }
                              ],
                              "parent": 26,
                              "ID": 28,
                              "left": 29
                            }
                          ],
                          "parent": 25,
                          "ID": 26,
                          "left": 27,
                          "right": 28
                        }
                      ],
                      "parent": 24,
                      "ID": 25,
                      "left": 26
                    }
                  ],
                  "parent": 2,
                  "ID": 24,
                  "left": 25
                }
              ],
              "parent": 1,
              "ID": 2,
              "left": 3,
              "right": 24
            }
          ],
          "parent": 0,
          "ID": 1,
          "left": 2
        }
      ],
      "parent": null,
      "ID": 0,
      "left": 1
    },
    "feat": {
      "utility": 0.0,
      "query_shape": [
        [
          "Seq Scan",
          "Hash Join",
          "Gather",
          "Aggregate",
          "Nested Loop",
          "Sort"
        ],
        [
          "Seq Scan",
          "Hash Join",
          "Hash",
          "Gather",
          "Aggregate",
          "Nested Loop",
          "Sort"
        ],
        [
          "Seq Scan",
          "Hash Join",
          "Hash",
          "Gather",
          "Aggregate",
          "Nested Loop",
          "Sort"
        ],
        [
          "Seq Scan",
          "Hash Join",
          "Hash",
          "Gather",
          "Aggregate",
          "Nested Loop",
          "Sort"
        ],
        [
          "Seq Scan",
          "Hash",
          "Hash Join",
          "Gather",
          "Aggregate",
          "Nested Loop",
          "Sort"
        ],
        [
          "Seq Scan",
          "Hash",
          "Hash Join",
          "Gather",
          "Aggregate",
          "Nested Loop",
          "Sort"
        ],
        [
          "Seq Scan",
          "Hash",
          "Hash Join",
          "Gather",
          "Aggregate",
          "Nested Loop",
          "Sort"
        ],
        [
          "Seq Scan",
          "Hash Join",
          "Gather",
          "Aggregate",
          "Nested Loop",
          "Sort"
        ],
        [
          "Seq Scan",
          "Hash Join",
          "Hash",
          "Gather",
          "Aggregate",
          "Nested Loop",
          "Sort"
        ],
        [
          "Seq Scan",
          "Hash Join",
          "Hash",
          "Gather",
          "Aggregate",
          "Nested Loop",
          "Sort"
        ],
        [
          "Seq Scan",
          "Hash Join",
          "Hash",
          "Gather",
          "Aggregate",
          "Nested Loop",
          "Sort"
        ],
        [
          "Seq Scan",
          "Hash",
          "Hash Join",
          "Gather",
          "Aggregate",
          "Nested Loop",
          "Sort"
        ],
        [
          "Seq Scan",
          "Hash",
          "Hash Join",
          "Gather",
          "Aggregate",
          "Nested Loop",
          "Sort"
        ]
      ],
      "index_shape": [
        "order-by"
      ],
      "physical_operator": {
        "Sort": [
          "[0.0000000e+00 8.4400000e+00 2.4240000e+01 4.1420000e+01 6.0240000e+01\n 8.0840000e+01 1.0340000e+02 1.2826000e+02 1.5540000e+02 1.8480000e+02\n 2.1648000e+02 2.5050000e+02 2.8692000e+02 3.2589000e+02 3.6750000e+02\n 4.1178000e+02 4.5907000e+02 5.0928000e+02 5.6253000e+02 6.1920000e+02\n 6.7925000e+02 7.4292000e+02 8.1069000e+02 8.8260000e+02 9.5897000e+02\n 1.0400000e+03 1.1262500e+03 1.2175800e+03 1.3154400e+03 1.4196000e+03\n 1.5306600e+03 1.6495800e+03 1.7771100e+03 1.9142200e+03 2.0608500e+03\n 2.2194200e+03 2.3910800e+03 2.5773300e+03 2.7802400e+03 3.0025600e+03\n 3.2476800e+03 3.5208900e+03 3.8278800e+03 4.1760500e+03 4.5770000e+03\n 5.0488000e+03 5.6174592e+03 6.3379500e+03 7.3200000e+03 8.8974900e+03\n 1.9562400e+04]"
        ]
      }
    }
  }
]